t_num: 24 finish: 1473418050 452663481 start: 1473418047 643957650
t_num: 21 finish: 1473418050 857087399 start: 1473418047 646492524
t_num: 16 finish: 1473418050 977922212 start: 1473418047 645280159
t_num: 1 finish: 1473418052 119300289 start: 1473418048 407210164
t_num: 29 finish: 1473418052 209214837 start: 1473418048 938572670
t_num: 17 finish: 1473418052 719164322 start: 1473418047 626168635
t_num: 2 finish: 1473418052 883380326 start: 1473418047 628750918
t_num: 10 finish: 1473418053 236902658 start: 1473418047 614657277
t_num: 12 finish: 1473418053 769681570 start: 1473418047 614604951
t_num: 14 finish: 1473418053 820712159 start: 1473418047 634929474
t_num: 7 finish: 1473418053 820719471 start: 1473418047 628881737
t_num: 11 finish: 1473418054 541701988 start: 1473418049 229136151
t_num: 26 finish: 1473418055 692767668 start: 1473418047 644372132
t_num: 0 finish: 1473418055 878167553 start: 1473418048 280971553
t_num: 22 finish: 1473418055 878582870 start: 1473418051 182057266
t_num: 8 finish: 1473418055 973485749 start: 1473418054 99581212
t_num: 16 finish: 1473418055 973485749 start: 1473418051 867512210
t_num: 5 finish: 1473418056 15974719 start: 1473418047 620491532
t_num: 25 finish: 1473418056 213847141 start: 1473418050 124060824
t_num: 1 finish: 1473418056 387325867 start: 1473418052 119375855
t_num: 18 finish: 1473418056 387562980 start: 1473418053 354296349
t_num: 4 finish: 1473418056 387585594 start: 1473418050 452754785
t_num: 24 finish: 1473418056 543448217 start: 1473418050 452731170
t_num: 10 finish: 1473418056 717550750 start: 1473418053 236968625
t_num: 9 finish: 1473418057 608246280 start: 1473418050 452723937
t_num: 2 finish: 1473418057 702408555 start: 1473418052 883416022
t_num: 20 finish: 1473418057 702760287 start: 1473418050 856845044
t_num: 13 finish: 1473418058 262913387 start: 1473418051 644381926
t_num: 3 finish: 1473418058 263044719 start: 1473418047 625285272
t_num: 29 finish: 1473418058 263124688 start: 1473418052 209259346
t_num: 12 finish: 1473418059 280441396 start: 1473418053 769718176
t_num: 1 finish: 1473418059 280517061 start: 1473418056 387394323
t_num: 28 finish: 1473418060 106560452 start: 1473418052 719927276
t_num: 31 finish: 1473418060 696831853 start: 1473418054 254509323
t_num: 14 finish: 1473418060 696878190 start: 1473418053 820763615
t_num: 18 finish: 1473418061 321563238 start: 1473418056 387582848
t_num: 4 finish: 1473418061 392047476 start: 1473418056 387601376
t_num: 17 finish: 1473418062 61726122 start: 1473418058 422500948
t_num: 25 finish: 1473418062 203608957 start: 1473418056 213878647
t_num: 7 finish: 1473418062 262054297 start: 1473418053 820781088
t_num: 2 finish: 1473418062 380741066 start: 1473418057 702471324
t_num: 8 finish: 1473418062 397296217 start: 1473418055 973574751
t_num: 24 finish: 1473418062 588078240 start: 1473418057 952782225
t_num: 22 finish: 1473418063 123815300 start: 1473418058 86892694
t_num: 9 finish: 1473418063 377243083 start: 1473418059 115959265
t_num: 11 finish: 1473418063 378776514 start: 1473418060 399176754
t_num: 20 finish: 1473418063 480370023 start: 1473418057 702778795
t_num: 28 finish: 1473418063 539398536 start: 1473418060 106613036
t_num: 16 finish: 1473418063 571862105 start: 1473418057 292323983
t_num: 31 finish: 1473418063 615487853 start: 1473418060 696887380
t_num: 18 finish: 1473418063 785880646 start: 1473418061 474696151
t_num: 10 finish: 1473418065 17536527 start: 1473418058 262900213
t_num: 21 finish: 1473418066 59223101 start: 1473418060 108576570
t_num: 7 finish: 1473418066 59889029 start: 1473418062 262090254
t_num: 13 finish: 1473418066 545811555 start: 1473418060 696857341
t_num: 4 finish: 1473418067 201338764 start: 1473418062 104033140
t_num: 14 finish: 1473418067 202359691 start: 1473418062 104193559
t_num: 29 finish: 1473418067 565392894 start: 1473418063 478288488
t_num: 28 finish: 1473418068 50519676 start: 1473418064 43250957
t_num: 17 finish: 1473418068 140869570 start: 1473418063 30315642
t_num: 25 finish: 1473418068 607998622 start: 1473418062 492727707
t_num: 11 finish: 1473418068 840893880 start: 1473418063 378812893
t_num: 30 finish: 1473418069 172544675 start: 1473418066 462461373
t_num: 19 finish: 1473418069 180520860 start: 1473418063 381283484
t_num: 21 finish: 1473418069 203929897 start: 1473418066 59264816
t_num: 6 finish: 1473418069 299534051 start: 1473418063 147246872
t_num: 2 finish: 1473418069 450040752 start: 1473418062 380785571
t_num: 9 finish: 1473418069 509461527 start: 1473418064 170692981
t_num: 24 finish: 1473418069 590354549 start: 1473418064 309095777
t_num: 20 finish: 1473418070 80155424 start: 1473418064 333156161
t_num: 15 finish: 1473418070 80249319 start: 1473418068 381718114
t_num: 23 finish: 1473418071 618386674 start: 1473418065 950082064
t_num: 31 finish: 1473418071 619828729 start: 1473418063 615509551
t_num: 29 finish: 1473418072 420355976 start: 1473418068 771609943
t_num: 7 finish: 1473418072 498660813 start: 1473418068 604936605
t_num: 2 finish: 1473418073 405633592 start: 1473418069 450104219
t_num: 9 finish: 1473418073 563061616 start: 1473418070 604623476
t_num: 16 finish: 1473418073 632843948 start: 1473418071 290111504
t_num: 5 finish: 1473418073 632849141 start: 1473418071 114576370
t_num: 28 finish: 1473418073 687051762 start: 1473418068 50565253
t_num: 10 finish: 1473418073 687824081 start: 1473418065 620471273
t_num: 17 finish: 1473418073 689754071 start: 1473418068 666577209
t_num: 22 finish: 1473418073 693266301 start: 1473418070 155364939
t_num: 4 finish: 1473418074 77023435 start: 1473418067 565409339
t_num: 14 finish: 1473418074 158607507 start: 1473418071 113693920
t_num: 20 finish: 1473418074 330289609 start: 1473418070 80192908
t_num: 15 finish: 1473418074 330364186 start: 1473418070 242176459
t_num: 27 finish: 1473418074 404714759 start: 1473418069 655537686
t_num: 31 finish: 1473418074 417428458 start: 1473418071 619850572
t_num: 0 finish: 1473418074 665269829 start: 1473418072 113302376
t_num: 30 finish: 1473418075 98793827 start: 1473418070 28983982
t_num: 26 finish: 1473418075 391233702 start: 1473418071 606996388
t_num: 7 finish: 1473418076 351896502 start: 1473418072 498692424
t_num: 6 finish: 1473418076 351901123 start: 1473418069 299572609
t_num: 11 finish: 1473418076 501405606 start: 1473418068 840960979
t_num: 21 finish: 1473418076 870644119 start: 1473418071 247428953
t_num: 5 finish: 1473418076 970965936 start: 1473418075 557704239
t_num: 9 finish: 1473418077 465625719 start: 1473418073 563120993
t_num: 14 finish: 1473418078 718945632 start: 1473418075 213343934
t_num: 3 finish: 1473418078 719672019 start: 1473418073 224685026
t_num: 6 finish: 1473418078 720059673 start: 1473418076 351997910
t_num: 28 finish: 1473418078 720135770 start: 1473418073 687073956
t_num: 1 finish: 1473418079 369513897 start: 1473418076 338782324
t_num: 29 finish: 1473418079 369564430 start: 1473418075 391264880
t_num: 10 finish: 1473418079 369633016 start: 1473418073 687857202
t_num: 9 finish: 1473418079 655500012 start: 1473418077 465659266
t_num: 22 finish: 1473418079 655505171 start: 1473418076 662818168
t_num: 16 finish: 1473418079 655566802 start: 1473418076 317827772
t_num: 7 finish: 1473418079 655864551 start: 1473418076 351936843
t_num: 17 finish: 1473418079 850606353 start: 1473418074 604376464
t_num: 20 finish: 1473418079 850675079 start: 1473418076 501363130
t_num: 0 finish: 1473418079 850943237 start: 1473418076 662496705
t_num: 11 finish: 1473418081 215309924 start: 1473418076 501434955
t_num: 4 finish: 1473418081 215461178 start: 1473418074 77068297
t_num: 31 finish: 1473418081 857328664 start: 1473418077 650419990
t_num: 1 finish: 1473418081 857388151 start: 1473418079 369542678
t_num: 0 finish: 1473418082 42407695 start: 1473418079 850959336
t_num: 3 finish: 1473418082 87679537 start: 1473418078 806727924
t_num: 14 finish: 1473418082 87683967 start: 1473418078 718971303
t_num: 20 finish: 1473418083 342693446 start: 1473418079 850712823
t_num: 17 finish: 1473418083 443570894 start: 1473418079 850654863
t_num: 6 finish: 1473418083 443570880 start: 1473418078 720080409
t_num: 11 finish: 1473418084 304148730 start: 1473418081 215336590
t_num: 4 finish: 1473418085 166226988 start: 1473418082 42439516
t_num: 9 finish: 1473418085 166354533 start: 1473418079 655542193
t_num: 13 finish: 1473418085 166462375 start: 1473418083 882668341
t_num: 18 finish: 1473418085 167687309 start: 1473418081 492994212
t_num: 26 finish: 1473418085 293715992 start: 1473418082 185369930
t_num: 22 finish: 1473418085 696346631 start: 1473418079 655549529
t_num: 28 finish: 1473418085 989106059 start: 1473418079 369234697
t_num: 14 finish: 1473418085 989148684 start: 1473418082 87757056
t_num: 29 finish: 1473418086 110928738 start: 1473418083 342670919
t_num: 16 finish: 1473418086 565897496 start: 1473418081 232333768
t_num: 7 finish: 1473418086 697840748 start: 1473418081 215307628
t_num: 12 finish: 1473418087 438075513 start: 1473418085 625907395
t_num: 20 finish: 1473418088 136913900 start: 1473418083 342722268
t_num: 6 finish: 1473418088 240042689 start: 1473418084 232584405
t_num: 9 finish: 1473418088 240050013 start: 1473418085 166374130
t_num: 23 finish: 1473418088 240116816 start: 1473418085 166592650
t_num: 7 finish: 1473418088 858501491 start: 1473418086 697868493
t_num: 17 finish: 1473418088 858590857 start: 1473418084 232526645
t_num: 13 finish: 1473418088 998318748 start: 1473418085 166481939
t_num: 26 finish: 1473418089 144848162 start: 1473418085 293754534
t_num: 18 finish: 1473418089 549398315 start: 1473418085 817875910
t_num: 14 finish: 1473418090 695934909 start: 1473418085 989163900
t_num: 23 finish: 1473418090 911387834 start: 1473418088 240130166
t_num: 19 finish: 1473418090 962616436 start: 1473418086 697746691
t_num: 12 finish: 1473418092 292212523 start: 1473418087 438103873
t_num: 22 finish: 1473418092 659463751 start: 1473418087 437949051
t_num: 20 finish: 1473418093 41901059 start: 1473418089 486788118
t_num: 18 finish: 1473418093 253350287 start: 1473418089 549442772
t_num: 6 finish: 1473418093 318531073 start: 1473418088 240088556
t_num: 28 finish: 1473418094 695727068 start: 1473418090 537524238
t_num: 11 finish: 1473418094 798828678 start: 1473418089 994206106
t_num: 0 finish: 1473418095 32131033 start: 1473418088 18851594
t_num: 27 finish: 1473418095 894378500 start: 1473418091 808435509
t_num: 25 finish: 1473418095 895002646 start: 1473418093 408895558
t_num: 14 finish: 1473418095 895065661 start: 1473418090 695977798
t_num: 29 finish: 1473418096 308476032 start: 1473418090 601470600
t_num: 20 finish: 1473418096 372090914 start: 1473418093 41934759
t_num: 4 finish: 1473418096 408011845 start: 1473418089 627371139
t_num: 6 finish: 1473418096 642034043 start: 1473418093 318561791
t_num: 9 finish: 1473418096 758019200 start: 1473418093 147489110
t_num: 13 finish: 1473418097 183074767 start: 1473418095 518544842
t_num: 11 finish: 1473418097 183963305 start: 1473418094 798854442
t_num: 24 finish: 1473418097 840572317 start: 1473418094 689281192
t_num: 22 finish: 1473418097 840592524 start: 1473418092 659508443
t_num: 19 finish: 1473418098 669439473 start: 1473418091 800065382
t_num: 12 finish: 1473418099 222781580 start: 1473418092 292256491
t_num: 0 finish: 1473418099 224268091 start: 1473418096 9271740
t_num: 26 finish: 1473418100 169275409 start: 1473418095 203997501
t_num: 27 finish: 1473418100 417467721 start: 1473418096 758124612
t_num: 9 finish: 1473418100 763017101 start: 1473418096 758073399
t_num: 29 finish: 1473418101 198347007 start: 1473418097 839884674
t_num: 23 finish: 1473418101 233277294 start: 1473418095 513785946
t_num: 25 finish: 1473418101 549849088 start: 1473418095 895024133
t_num: 6 finish: 1473418101 871114399 start: 1473418097 696852428
t_num: 15 finish: 1473418101 971925537 start: 1473418098 674456845
t_num: 14 finish: 1473418101 971989652 start: 1473418098 252751099
t_num: 26 finish: 1473418102 101267429 start: 1473418100 169309698
t_num: 13 finish: 1473418102 213568037 start: 1473418097 183140219
t_num: 4 finish: 1473418102 490994583 start: 1473418096 408033955
t_num: 2 finish: 1473418102 931739737 start: 1473418096 638849023
t_num: 11 finish: 1473418103 482685035 start: 1473418098 204182327
t_num: 20 finish: 1473418103 955844683 start: 1473418098 184806945
t_num: 22 finish: 1473418103 967290719 start: 1473418098 696932784
t_num: 8 finish: 1473418104 12273129 start: 1473418100 413968691
t_num: 0 finish: 1473418105 348150937 start: 1473418099 224286348
t_num: 6 finish: 1473418105 545054990 start: 1473418101 871158705
t_num: 16 finish: 1473418105 658818527 start: 1473418103 881834277
t_num: 21 finish: 1473418106 394977811 start: 1473418099 786764685
t_num: 27 finish: 1473418106 395015718 start: 1473418101 870985837
t_num: 24 finish: 1473418106 394980679 start: 1473418101 651450749
t_num: 12 finish: 1473418106 395078123 start: 1473418099 222827253
t_num: 9 finish: 1473418106 396032000 start: 1473418101 871375149
t_num: 2 finish: 1473418106 798150997 start: 1473418103 483006148
t_num: 18 finish: 1473418106 798374586 start: 1473418105 348211505
t_num: 20 finish: 1473418106 825411528 start: 1473418104 925125648
t_num: 29 finish: 1473418106 992844922 start: 1473418102 935008852
t_num: 14 finish: 1473418107 381293011 start: 1473418101 972004748
t_num: 13 finish: 1473418107 381302601 start: 1473418102 213626439
t_num: 15 finish: 1473418107 909835329 start: 1473418101 971949836
t_num: 5 finish: 1473418108 500140470 start: 1473418103 965442989
t_num: 0 finish: 1473418108 786554866 start: 1473418105 348178916
t_num: 4 finish: 1473418108 786589640 start: 1473418104 807316190
t_num: 17 finish: 1473418108 786850653 start: 1473418106 900864370
t_num: 26 finish: 1473418108 786947786 start: 1473418102 101311869
t_num: 25 finish: 1473418108 907520308 start: 1473418105 348144685
t_num: 20 finish: 1473418110 579366787 start: 1473418106 825434229
t_num: 27 finish: 1473418111 136121077 start: 1473418106 395031544
t_num: 6 finish: 1473418111 604990173 start: 1473418105 545118731
t_num: 17 finish: 1473418111 718697186 start: 1473418108 786870000
t_num: 15 finish: 1473418111 790542949 start: 1473418107 909861843
t_num: 8 finish: 1473418111 830185480 start: 1473418107 481968375
t_num: 23 finish: 1473418112 671874788 start: 1473418108 284601310
t_num: 4 finish: 1473418112 671880168 start: 1473418108 786604911
t_num: 14 finish: 1473418112 838001090 start: 1473418107 381362081
t_num: 29 finish: 1473418113 138336761 start: 1473418107 774613885
t_num: 9 finish: 1473418114 141968697 start: 1473418107 833222100
t_num: 18 finish: 1473418114 142615674 start: 1473418109 514384827
t_num: 7 finish: 1473418114 142625698 start: 1473418107 741848047
t_num: 21 finish: 1473418114 255083606 start: 1473418110 657969019
t_num: 20 finish: 1473418114 325372231 start: 1473418110 579410730
t_num: 13 finish: 1473418114 660271151 start: 1473418107 381395178
t_num: 22 finish: 1473418114 843143656 start: 1473418108 304107611
t_num: 25 finish: 1473418114 843847254 start: 1473418108 907550405
t_num: 17 finish: 1473418115 599226843 start: 1473418111 718738224
t_num: 26 finish: 1473418115 756890015 start: 1473418111 374592290
t_num: 24 finish: 1473418116 606303809 start: 1473418111 374546400
t_num: 16 finish: 1473418117 109983387 start: 1473418109 14347060
t_num: 15 finish: 1473418117 256650469 start: 1473418112 415138807
t_num: 20 finish: 1473418117 455676633 start: 1473418114 325407549
t_num: 4 finish: 1473418117 602523222 start: 1473418113 920998625
t_num: 28 finish: 1473418117 659993926 start: 1473418115 199511831
t_num: 7 finish: 1473418117 660379491 start: 1473418114 142640484
t_num: 19 finish: 1473418118 126789081 start: 1473418114 95870978
t_num: 21 finish: 1473418119 98455349 start: 1473418115 199774658
t_num: 31 finish: 1473418119 99033566 start: 1473418112 488261542
t_num: 27 finish: 1473418119 315892268 start: 1473418113 623754191
t_num: 23 finish: 1473418119 398989317 start: 1473418114 642262429
t_num: 9 finish: 1473418119 555376480 start: 1473418114 142007939
t_num: 14 finish: 1473418119 870658815 start: 1473418114 586363064
t_num: 10 finish: 1473418120 38995121 start: 1473418115 199848098
t_num: 15 finish: 1473418120 107589448 start: 1473418117 256683385
t_num: 13 finish: 1473418120 770310580 start: 1473418114 660301964
t_num: 25 finish: 1473418121 175568531 start: 1473418116 431515141
t_num: 17 finish: 1473418121 771267119 start: 1473418117 405828230
t_num: 26 finish: 1473418122 346132730 start: 1473418115 756933557
t_num: 11 finish: 1473418122 348976937 start: 1473418118 133631716
t_num: 4 finish: 1473418122 349011301 start: 1473418117 602568113
t_num: 30 finish: 1473418122 472802917 start: 1473418119 314464181
t_num: 28 finish: 1473418122 824238044 start: 1473418119 98902033
t_num: 1 finish: 1473418122 829055225 start: 1473418119 99197169
t_num: 22 finish: 1473418123 501603946 start: 1473418116 430600123
t_num: 21 finish: 1473418123 529598773 start: 1473418119 98482944
t_num: 31 finish: 1473418123 592375287 start: 1473418119 99052728
t_num: 14 finish: 1473418124 76065627 start: 1473418119 870748393
t_num: 16 finish: 1473418124 344124582 start: 1473418119 97435414
t_num: 27 finish: 1473418124 470507690 start: 1473418120 732666116
t_num: 23 finish: 1473418124 680034491 start: 1473418120 732612208
t_num: 5 finish: 1473418125 166670281 start: 1473418119 992043370
t_num: 24 finish: 1473418125 166673037 start: 1473418120 734681788
t_num: 10 finish: 1473418125 248584589 start: 1473418120 39028248
t_num: 3 finish: 1473418125 248587056 start: 1473418118 350810285
t_num: 4 finish: 1473418125 996238711 start: 1473418122 349029552
t_num: 30 finish: 1473418126 425526469 start: 1473418122 472845521
t_num: 13 finish: 1473418126 425637371 start: 1473418121 309212873
t_num: 9 finish: 1473418126 527371392 start: 1473418123 500990970
t_num: 25 finish: 1473418126 527430901 start: 1473418121 175602280
t_num: 2 finish: 1473418127 676101399 start: 1473418123 144404999
t_num: 12 finish: 1473418128 247286017 start: 1473418124 703502745
t_num: 14 finish: 1473418128 414970167 start: 1473418124 76091444
t_num: 21 finish: 1473418128 764547562 start: 1473418123 529637006
t_num: 28 finish: 1473418128 794850041 start: 1473418124 130778567
t_num: 17 finish: 1473418128 795016256 start: 1473418124 70429433
t_num: 24 finish: 1473418129 44584976 start: 1473418125 166753361
t_num: 22 finish: 1473418129 871375510 start: 1473418124 703477746
t_num: 26 finish: 1473418130 356569266 start: 1473418124 124918750
t_num: 4 finish: 1473418130 861363820 start: 1473418125 996272451
t_num: 13 finish: 1473418130 895994738 start: 1473418126 425655698
t_num: 21 finish: 1473418131 234011421 start: 1473418128 764593752
t_num: 14 finish: 1473418131 460287047 start: 1473418128 415012021
t_num: 30 finish: 1473418131 602248500 start: 1473418126 425554041
t_num: 1 finish: 1473418131 768967949 start: 1473418125 499182825
t_num: 16 finish: 1473418131 896609459 start: 1473418126 425613738
t_num: 23 finish: 1473418131 909583854 start: 1473418128 586224811
t_num: 10 finish: 1473418132 432108792 start: 1473418126 288152867
t_num: 12 finish: 1473418132 572194743 start: 1473418129 695204546
t_num: 0 finish: 1473418132 572271047 start: 1473418127 649082116
t_num: 7 finish: 1473418133 428496743 start: 1473418129 384561
t_num: 31 finish: 1473418133 433893132 start: 1473418130 726798542
t_num: 17 finish: 1473418134 23073685 start: 1473418130 191191410
t_num: 29 finish: 1473418134 252865178 start: 1473418130 202560811
t_num: 27 finish: 1473418134 376414161 start: 1473418128 415762225
t_num: 28 finish: 1473418134 394310405 start: 1473418128 794873861
t_num: 24 finish: 1473418135 155440447 start: 1473418130 761222397
t_num: 6 finish: 1473418135 659883652 start: 1473418130 895994003
t_num: 18 finish: 1473418136 350197675 start: 1473418130 895878237
t_num: 23 finish: 1473418136 491672427 start: 1473418131 909623961
t_num: 21 finish: 1473418136 598110841 start: 1473418131 234064072
t_num: 31 finish: 1473418136 996182179 start: 1473418133 433926003
t_num: 14 finish: 1473418137 473452696 start: 1473418131 460340247
t_num: 13 finish: 1473418137 474604157 start: 1473418132 398583079
t_num: 0 finish: 1473418137 474883062 start: 1473418133 847152400
t_num: 8 finish: 1473418137 601433128 start: 1473418131 474437061
t_num: 30 finish: 1473418137 601656606 start: 1473418132 261840500
t_num: 29 finish: 1473418138 518114776 start: 1473418134 252915629
t_num: 10 finish: 1473418138 640568938 start: 1473418134 827917238
t_num: 11 finish: 1473418138 640934597 start: 1473418132 572325827
t_num: 4 finish: 1473418138 697565470 start: 1473418135 110699486
t_num: 28 finish: 1473418138 697572861 start: 1473418134 394336840
t_num: 2 finish: 1473418139 123901750 start: 1473418136 828820624
t_num: 19 finish: 1473418139 692498795 start: 1473418133 722241655
t_num: 27 finish: 1473418140 62149044 start: 1473418136 809697287
t_num: 16 finish: 1473418140 62720229 start: 1473418135 426522240
t_num: 18 finish: 1473418140 402955067 start: 1473418136 350232649
t_num: 11 finish: 1473418141 160762913 start: 1473418138 640954735
t_num: 21 finish: 1473418141 417608694 start: 1473418136 598138867
t_num: 31 finish: 1473418141 496698150 start: 1473418136 996209104
t_num: 8 finish: 1473418142 983476133 start: 1473418137 601491028
t_num: 14 finish: 1473418143 721269417 start: 1473418137 473503491
t_num: 15 finish: 1473418144 689617409 start: 1473418140 588856013
t_num: 2 finish: 1473418144 692016939 start: 1473418140 572077187
t_num: 3 finish: 1473418145 53920516 start: 1473418139 777015532
t_num: 18 finish: 1473418145 841342138 start: 1473418140 402979017
t_num: 28 finish: 1473418146 357388832 start: 1473418138 697633385
t_num: 19 finish: 1473418146 407974102 start: 1473418139 692542404
t_num: 20 finish: 1473418146 407978061 start: 1473418142 408888402
t_num: 4 finish: 1473418146 408069035 start: 1473418140 525211630
t_num: 17 finish: 1473418146 408287731 start: 1473418137 474656343
t_num: 27 finish: 1473418146 408369239 start: 1473418140 62178511
t_num: 21 finish: 1473418146 758561805 start: 1473418143 808151034
t_num: 5 finish: 1473418147 37114674 start: 1473418139 725874217
t_num: 25 finish: 1473418147 81923732 start: 1473418143 422842514
t_num: 10 finish: 1473418147 82716822 start: 1473418140 639853438
t_num: 30 finish: 1473418147 109917899 start: 1473418140 54134086
t_num: 14 finish: 1473418147 207853311 start: 1473418144 297318435
t_num: 11 finish: 1473418147 834501610 start: 1473418141 907997939
t_num: 29 finish: 1473418148 202549131 start: 1473418142 398907011
t_num: 8 finish: 1473418148 276169674 start: 1473418142 983518554
t_num: 12 finish: 1473418148 546267012 start: 1473418140 50677852
t_num: 15 finish: 1473418148 549481396 start: 1473418145 52128114
t_num: 31 finish: 1473418148 775310846 start: 1473418141 496733624
t_num: 23 finish: 1473418151 471634062 start: 1473418144 708444448
t_num: 22 finish: 1473418152 517065369 start: 1473418143 884689086
t_num: 27 finish: 1473418152 705129820 start: 1473418146 408390319
t_num: 9 finish: 1473418153 499759048 start: 1473418147 169429589
t_num: 3 finish: 1473418153 863279551 start: 1473418145 53943734
t_num: 31 finish: 1473418154 311982286 start: 1473418148 775340166
t_num: 28 finish: 1473418154 312104908 start: 1473418146 920921099
t_num: 21 finish: 1473418154 418569614 start: 1473418146 758600881
t_num: 8 finish: 1473418154 954367026 start: 1473418148 788859745
t_num: 19 finish: 1473418154 972485833 start: 1473418150 339014584
t_num: 30 finish: 1473418154 972490449 start: 1473418147 834535393
t_num: 10 finish: 1473418154 972503463 start: 1473418148 789004040
t_num: 20 finish: 1473418155 12432647 start: 1473418146 408038830
t_num: 29 finish: 1473418155 37632797 start: 1473418148 202583841
t_num: 14 finish: 1473418155 189685731 start: 1473418149 922189078
t_num: 15 finish: 1473418155 206458005 start: 1473418148 549506630
t_num: 1 finish: 1473418155 227812281 start: 1473418151 66315742
t_num: 17 finish: 1473418155 248174904 start: 1473418148 550718305
t_num: 25 finish: 1473418155 621327130 start: 1473418147 834596943
t_num: 26 finish: 1473418156 767000926 start: 1473418153 436671464
t_num: 11 finish: 1473418156 780291511 start: 1473418152 480560851
t_num: 3 finish: 1473418157 627685698 start: 1473418153 863313047
t_num: 29 finish: 1473418158 673772275 start: 1473418155 37650398
t_num: 24 finish: 1473418158 674771403 start: 1473418154 166196896
t_num: 9 finish: 1473418158 674830417 start: 1473418154 188355012
t_num: 20 finish: 1473418158 674984516 start: 1473418155 12455252
t_num: 10 finish: 1473418158 675199095 start: 1473418154 972581895
t_num: 7 finish: 1473418158 675363499 start: 1473418153 981310952
t_num: 22 finish: 1473418158 675454390 start: 1473418152 517102449
t_num: 8 finish: 1473418159 365271157 start: 1473418154 954394489
t_num: 0 finish: 1473418159 404113747 start: 1473418156 654047795
t_num: 28 finish: 1473418159 404176474 start: 1473418154 821933092
t_num: 21 finish: 1473418159 404359849 start: 1473418154 945730538
t_num: 25 finish: 1473418159 786370828 start: 1473418156 713718841
t_num: 31 finish: 1473418160 839579020 start: 1473418156 874667966
t_num: 30 finish: 1473418161 195235688 start: 1473418155 780510938
t_num: 9 finish: 1473418161 619775096 start: 1473418158 674845120
t_num: 26 finish: 1473418162 107827564 start: 1473418156 767044300
t_num: 24 finish: 1473418162 145546996 start: 1473418158 674791403
t_num: 14 finish: 1473418162 561789616 start: 1473418155 189735766
t_num: 6 finish: 1473418162 938332465 start: 1473418156 272240353
t_num: 3 finish: 1473418163 94122392 start: 1473418159 964500457
t_num: 17 finish: 1473418163 94122392 start: 1473418158 674222798
t_num: 22 finish: 1473418163 654731521 start: 1473418160 542345393
t_num: 7 finish: 1473418164 309276098 start: 1473418158 675382917
t_num: 8 finish: 1473418165 116177228 start: 1473418159 365317065
t_num: 31 finish: 1473418165 297604594 start: 1473418160 839616949
t_num: 13 finish: 1473418165 537042620 start: 1473418160 909052129
t_num: 16 finish: 1473418165 607818176 start: 1473418159 404454829
t_num: 11 finish: 1473418165 819758685 start: 1473418158 673784655
t_num: 2 finish: 1473418166 210170114 start: 1473418163 654761563
t_num: 0 finish: 1473418167 399756503 start: 1473418159 404155424
t_num: 19 finish: 1473418167 991188606 start: 1473418159 404516134
t_num: 17 finish: 1473418168 25965173 start: 1473418165 223790653
t_num: 14 finish: 1473418168 79887807 start: 1473418164 309317329
t_num: 20 finish: 1473418168 80534482 start: 1473418164 78920238
t_num: 6 finish: 1473418168 966236114 start: 1473418162 938372307
t_num: 22 finish: 1473418169 114591709 start: 1473418163 654774779
t_num: 30 finish: 1473418169 124772008 start: 1473418161 195278768
t_num: 31 finish: 1473418169 808199079 start: 1473418166 21620972
t_num: 9 finish: 1473418169 808528651 start: 1473418166 33821458
t_num: 26 finish: 1473418169 808528764 start: 1473418164 546965032
t_num: 12 finish: 1473418169 808576100 start: 1473418166 850702286
t_num: 18 finish: 1473418169 951425286 start: 1473418165 189157783
t_num: 19 finish: 1473418170 492761419 start: 1473418167 991233896
t_num: 11 finish: 1473418170 553708328 start: 1473418165 819809579
t_num: 4 finish: 1473418171 273848487 start: 1473418168 640755044
t_num: 17 finish: 1473418171 393810949 start: 1473418168 636953574
t_num: 3 finish: 1473418171 394086174 start: 1473418163 94170059
t_num: 8 finish: 1473418171 511037834 start: 1473418165 116205815
t_num: 0 finish: 1473418171 581614185 start: 1473418167 399815139
t_num: 5 finish: 1473418171 909928721 start: 1473418166 927130982
t_num: 14 finish: 1473418172 340002241 start: 1473418169 458023780
t_num: 20 finish: 1473418172 506335489 start: 1473418168 80555533
t_num: 27 finish: 1473418172 872755043 start: 1473418170 624877926
t_num: 15 finish: 1473418173 635426674 start: 1473418170 675199660
t_num: 18 finish: 1473418173 816727088 start: 1473418169 951467056
t_num: 19 finish: 1473418173 852080157 start: 1473418170 492801151
t_num: 22 finish: 1473418174 167648993 start: 1473418169 114641221
t_num: 16 finish: 1473418174 188902036 start: 1473418166 778306801
t_num: 30 finish: 1473418174 609965646 start: 1473418169 124809614
t_num: 4 finish: 1473418174 771667137 start: 1473418171 273896743
t_num: 20 finish: 1473418175 787753892 start: 1473418172 506377434
t_num: 9 finish: 1473418175 789036349 start: 1473418171 581666546
t_num: 15 finish: 1473418175 789055240 start: 1473418173 635462574
t_num: 17 finish: 1473418175 789288741 start: 1473418171 393839375
t_num: 31 finish: 1473418176 867459841 start: 1473418169 808247325
t_num: 23 finish: 1473418177 1287307 start: 1473418170 317393910
t_num: 0 finish: 1473418177 1378887 start: 1473418171 581636375
t_num: 5 finish: 1473418177 43945959 start: 1473418171 909957449
t_num: 1 finish: 1473418178 255616686 start: 1473418174 571110975
t_num: 2 finish: 1473418178 303666229 start: 1473418174 734005903
t_num: 3 finish: 1473418179 74405903 start: 1473418171 394106357
t_num: 19 finish: 1473418179 74536432 start: 1473418175 406914347
t_num: 29 finish: 1473418179 116728060 start: 1473418175 310854512
t_num: 23 finish: 1473418179 116761869 start: 1473418177 608275518
t_num: 6 finish: 1473418179 116832114 start: 1473418174 571556173
t_num: 4 finish: 1473418179 117565525 start: 1473418174 771689843
t_num: 25 finish: 1473418179 117996806 start: 1473418176 666599317
t_num: 18 finish: 1473418179 237736132 start: 1473418173 816765883
t_num: 21 finish: 1473418179 237745205 start: 1473418175 728044971
t_num: 16 finish: 1473418179 301277590 start: 1473418174 188929972
t_num: 30 finish: 1473418179 352062040 start: 1473418175 788450053
t_num: 14 finish: 1473418179 442672238 start: 1473418172 340037711
t_num: 11 finish: 1473418179 944989884 start: 1473418173 770536672
t_num: 20 finish: 1473418179 945032892 start: 1473418176 149633313
t_num: 0 finish: 1473418179 945055584 start: 1473418177 1393365
t_num: 5 finish: 1473418180 111421581 start: 1473418177 44007369
t_num: 22 finish: 1473418180 770229012 start: 1473418176 109752079
