t_num: 8 finish: 1473406827 409322158 start: 1473406827 84566862
t_num: 9 finish: 1473406827 410083154 start: 1473406827 84642289
t_num: 7 finish: 1473406828 241717724 start: 1473406827 84679912
t_num: 20 finish: 1473406828 484725341 start: 1473406827 168664324
t_num: 15 finish: 1473406828 519306573 start: 1473406827 425653616
t_num: 14 finish: 1473406828 647200362 start: 1473406827 158126272
t_num: 1 finish: 1473406828 723034657 start: 1473406827 119853354
t_num: 10 finish: 1473406828 830985876 start: 1473406827 85102598
t_num: 27 finish: 1473406828 998318223 start: 1473406827 169085802
t_num: 2 finish: 1473406829 76458462 start: 1473406827 147296381
t_num: 5 finish: 1473406829 102902126 start: 1473406827 628754250
t_num: 11 finish: 1473406829 117189878 start: 1473406827 160485434
t_num: 3 finish: 1473406829 117234158 start: 1473406827 191273706
t_num: 16 finish: 1473406829 208251291 start: 1473406827 165701797
t_num: 13 finish: 1473406829 208275437 start: 1473406827 177009004
t_num: 9 finish: 1473406829 351508473 start: 1473406827 410107389
t_num: 17 finish: 1473406829 505831178 start: 1473406827 240079518
t_num: 0 finish: 1473406829 543652111 start: 1473406827 118898062
t_num: 4 finish: 1473406829 648046117 start: 1473406827 412238343
t_num: 24 finish: 1473406829 715355141 start: 1473406827 479412022
t_num: 25 finish: 1473406829 749655858 start: 1473406827 412190310
t_num: 31 finish: 1473406829 750991211 start: 1473406827 175928493
t_num: 12 finish: 1473406829 865243591 start: 1473406827 680287609
t_num: 21 finish: 1473406829 890002760 start: 1473406827 708692826
t_num: 28 finish: 1473406829 917634047 start: 1473406827 708684958
t_num: 26 finish: 1473406830 14568896 start: 1473406828 453622490
t_num: 19 finish: 1473406830 344927302 start: 1473406828 639676782
t_num: 23 finish: 1473406830 549375059 start: 1473406827 255054199
t_num: 16 finish: 1473406830 903844498 start: 1473406829 208294336
t_num: 20 finish: 1473406830 911771864 start: 1473406828 484750391
t_num: 11 finish: 1473406831 345888746 start: 1473406829 117211650
t_num: 27 finish: 1473406831 466344841 start: 1473406829 750954198
t_num: 17 finish: 1473406831 508059721 start: 1473406829 505878924
t_num: 4 finish: 1473406831 590129542 start: 1473406829 648075525
t_num: 8 finish: 1473406831 632504807 start: 1473406828 484680877
t_num: 12 finish: 1473406831 779438687 start: 1473406829 865273930
t_num: 24 finish: 1473406831 968249270 start: 1473406830 414682876
t_num: 28 finish: 1473406832 360083450 start: 1473406829 917660650
t_num: 26 finish: 1473406832 360718085 start: 1473406830 14625043
t_num: 15 finish: 1473406832 522920380 start: 1473406829 506278568
t_num: 25 finish: 1473406832 526762167 start: 1473406829 749681029
t_num: 0 finish: 1473406832 664483077 start: 1473406829 543675976
t_num: 20 finish: 1473406833 87882317 start: 1473406830 911804423
t_num: 1 finish: 1473406833 125278991 start: 1473406830 757589236
t_num: 31 finish: 1473406833 155407072 start: 1473406830 492473299
t_num: 11 finish: 1473406833 240040584 start: 1473406831 531993902
t_num: 13 finish: 1473406833 247625646 start: 1473406830 174456276
t_num: 19 finish: 1473406833 373972810 start: 1473406831 555580977
t_num: 9 finish: 1473406833 412156453 start: 1473406829 351541484
t_num: 2 finish: 1473406834 366965950 start: 1473406832 562868442
t_num: 30 finish: 1473406834 709720971 start: 1473406830 14683935
t_num: 0 finish: 1473406834 827379667 start: 1473406832 664507526
t_num: 27 finish: 1473406834 914447736 start: 1473406831 946225722
t_num: 20 finish: 1473406834 942494333 start: 1473406833 87916339
t_num: 28 finish: 1473406835 83665435 start: 1473406832 749784570
t_num: 9 finish: 1473406835 163131696 start: 1473406833 412186089
t_num: 17 finish: 1473406835 207270189 start: 1473406832 295198092
t_num: 31 finish: 1473406835 207580765 start: 1473406833 155452543
t_num: 12 finish: 1473406835 257901969 start: 1473406831 779467114
t_num: 8 finish: 1473406835 415065624 start: 1473406833 155502001
t_num: 24 finish: 1473406835 477656401 start: 1473406831 968280024
t_num: 3 finish: 1473406835 574727962 start: 1473406831 399597750
t_num: 18 finish: 1473406835 761905772 start: 1473406832 826062324
t_num: 1 finish: 1473406835 883272669 start: 1473406833 125310123
t_num: 19 finish: 1473406836 384102434 start: 1473406833 374031171
t_num: 25 finish: 1473406836 812905303 start: 1473406832 526785614
t_num: 28 finish: 1473406837 37357430 start: 1473406835 83702557
t_num: 11 finish: 1473406837 268684650 start: 1473406833 240079461
t_num: 13 finish: 1473406837 270529394 start: 1473406835 185425096
t_num: 23 finish: 1473406837 408581681 start: 1473406832 650144603
t_num: 5 finish: 1473406837 574760355 start: 1473406835 207281355
t_num: 4 finish: 1473406838 237194057 start: 1473406833 872846969
t_num: 1 finish: 1473406838 253048860 start: 1473406836 496074426
t_num: 21 finish: 1473406838 554275958 start: 1473406835 810459356
t_num: 30 finish: 1473406838 692821734 start: 1473406835 575773514
t_num: 24 finish: 1473406838 930124351 start: 1473406835 477691487
t_num: 27 finish: 1473406838 945709419 start: 1473406834 914491381
t_num: 8 finish: 1473406838 945777535 start: 1473406835 415111658
t_num: 22 finish: 1473406839 106321471 start: 1473406835 303401477
t_num: 0 finish: 1473406839 133533507 start: 1473406835 647771530
t_num: 5 finish: 1473406839 187604434 start: 1473406837 574812017
t_num: 31 finish: 1473406839 474260256 start: 1473406836 384139112
t_num: 20 finish: 1473406839 624230615 start: 1473406836 290923734
t_num: 6 finish: 1473406839 626622350 start: 1473406837 696148825
t_num: 14 finish: 1473406839 626650753 start: 1473406838 568837192
t_num: 3 finish: 1473406839 857693374 start: 1473406837 48723426
t_num: 13 finish: 1473406840 263698179 start: 1473406838 836391418
t_num: 28 finish: 1473406840 360014555 start: 1473406837 37394537
t_num: 17 finish: 1473406840 651913509 start: 1473406837 35558648
t_num: 8 finish: 1473406840 958513001 start: 1473406838 945793661
t_num: 0 finish: 1473406840 989091566 start: 1473406839 133570266
t_num: 7 finish: 1473406840 989833471 start: 1473406836 588676486
t_num: 12 finish: 1473406840 989841899 start: 1473406837 859127131
t_num: 1 finish: 1473406841 387297836 start: 1473406838 253071265
t_num: 31 finish: 1473406841 688807074 start: 1473406839 474301688
t_num: 23 finish: 1473406842 155473072 start: 1473406838 503762929
t_num: 21 finish: 1473406842 530287873 start: 1473406838 554317510
t_num: 17 finish: 1473406842 743525372 start: 1473406840 651950132
t_num: 8 finish: 1473406842 762589417 start: 1473406840 958553532
t_num: 30 finish: 1473406842 806668865 start: 1473406838 692853299
t_num: 4 finish: 1473406842 813370707 start: 1473406838 930156158
t_num: 5 finish: 1473406842 814393835 start: 1473406840 197501430
t_num: 26 finish: 1473406842 848656445 start: 1473406840 558428509
t_num: 13 finish: 1473406842 999768354 start: 1473406840 263739554
t_num: 24 finish: 1473406843 244093806 start: 1473406841 144753363
t_num: 0 finish: 1473406843 345393683 start: 1473406841 689833264
t_num: 1 finish: 1473406843 754384222 start: 1473406841 387326915
t_num: 14 finish: 1473406843 775007981 start: 1473406839 626668255
t_num: 15 finish: 1473406844 43271779 start: 1473406840 559468659
t_num: 7 finish: 1473406844 82225111 start: 1473406841 690073206
t_num: 19 finish: 1473406844 477956267 start: 1473406841 769963141
t_num: 6 finish: 1473406844 479538082 start: 1473406840 559498115
t_num: 3 finish: 1473406844 905531830 start: 1473406841 535831554
t_num: 29 finish: 1473406845 12332002 start: 1473406842 539860660
t_num: 10 finish: 1473406845 101960470 start: 1473406840 330186055
t_num: 2 finish: 1473406845 153577344 start: 1473406842 814330382
t_num: 12 finish: 1473406845 176888120 start: 1473406840 989858806
t_num: 7 finish: 1473406845 263158509 start: 1473406844 82270358
t_num: 20 finish: 1473406845 549037878 start: 1473406841 490478041
t_num: 24 finish: 1473406845 623491809 start: 1473406843 244139008
t_num: 17 finish: 1473406845 808301325 start: 1473406843 1125613
t_num: 4 finish: 1473406845 982208771 start: 1473406844 477291268
t_num: 9 finish: 1473406846 271923100 start: 1473406842 412899263
t_num: 11 finish: 1473406846 485985784 start: 1473406843 782226038
t_num: 23 finish: 1473406846 513205157 start: 1473406843 422160571
t_num: 12 finish: 1473406846 884309125 start: 1473406845 176912021
t_num: 1 finish: 1473406846 904096939 start: 1473406845 78519569
t_num: 30 finish: 1473406847 261061641 start: 1473406843 297439210
t_num: 15 finish: 1473406847 273215807 start: 1473406844 583308841
t_num: 17 finish: 1473406847 322477702 start: 1473406845 808324549
t_num: 6 finish: 1473406847 466872614 start: 1473406845 76723187
t_num: 13 finish: 1473406847 467576549 start: 1473406844 661528556
t_num: 19 finish: 1473406847 643645079 start: 1473406844 477984433
t_num: 18 finish: 1473406847 644277039 start: 1473406844 660919053
t_num: 22 finish: 1473406848 159225493 start: 1473406846 87198289
t_num: 25 finish: 1473406848 160116819 start: 1473406845 822118208
t_num: 4 finish: 1473406848 265681337 start: 1473406846 754405072
t_num: 16 finish: 1473406848 267170975 start: 1473406845 697760905
t_num: 9 finish: 1473406848 267170992 start: 1473406846 271953374
t_num: 5 finish: 1473406848 370323501 start: 1473406845 524694711
t_num: 3 finish: 1473406848 370486886 start: 1473406845 340015604
t_num: 7 finish: 1473406848 855567274 start: 1473406845 263190489
t_num: 24 finish: 1473406848 878466940 start: 1473406846 176237738
t_num: 19 finish: 1473406849 661505074 start: 1473406847 643681321
t_num: 11 finish: 1473406849 662922202 start: 1473406847 565952559
t_num: 6 finish: 1473406849 663760905 start: 1473406847 466915813
t_num: 13 finish: 1473406849 664829332 start: 1473406847 467597964
t_num: 10 finish: 1473406850 257958512 start: 1473406846 774242880
t_num: 2 finish: 1473406850 260503846 start: 1473406846 705192852
t_num: 12 finish: 1473406850 264766023 start: 1473406846 884344154
t_num: 28 finish: 1473406850 650867087 start: 1473406847 755928767
t_num: 26 finish: 1473406850 915280409 start: 1473406848 463111897
t_num: 20 finish: 1473406850 974134679 start: 1473406847 278758009
t_num: 17 finish: 1473406850 974136470 start: 1473406847 322500409
t_num: 29 finish: 1473406851 302472870 start: 1473406848 188387180
t_num: 9 finish: 1473406851 344109846 start: 1473406848 267203296
t_num: 6 finish: 1473406851 538036823 start: 1473406849 663781002
t_num: 24 finish: 1473406851 760354148 start: 1473406848 878490703
t_num: 13 finish: 1473406851 853697646 start: 1473406849 664848796
t_num: 27 finish: 1473406851 854428998 start: 1473406848 96963711
t_num: 15 finish: 1473406852 5595221 start: 1473406847 947975843
t_num: 31 finish: 1473406852 129001663 start: 1473406849 707924916
t_num: 18 finish: 1473406852 404392480 start: 1473406848 75697901
t_num: 3 finish: 1473406852 468539397 start: 1473406848 855354089
t_num: 28 finish: 1473406853 268081226 start: 1473406850 650915300
t_num: 13 finish: 1473406853 349117466 start: 1473406851 853723020
t_num: 29 finish: 1473406853 353933842 start: 1473406851 302511111
t_num: 7 finish: 1473406853 387807081 start: 1473406851 195990356
t_num: 19 finish: 1473406853 457302531 start: 1473406849 661550174
t_num: 17 finish: 1473406853 666362069 start: 1473406850 974268059
t_num: 31 finish: 1473406853 740365727 start: 1473406852 129032931
t_num: 8 finish: 1473406854 24219003 start: 1473406849 760100635
t_num: 16 finish: 1473406854 180142210 start: 1473406850 556432750
t_num: 0 finish: 1473406854 180869762 start: 1473406850 259096169
t_num: 12 finish: 1473406854 181024720 start: 1473406850 264786373
t_num: 6 finish: 1473406854 607773000 start: 1473406852 86681113
t_num: 4 finish: 1473406854 779718721 start: 1473406850 649683025
t_num: 15 finish: 1473406854 824841533 start: 1473406853 436333430
t_num: 26 finish: 1473406854 958576098 start: 1473406851 573073013
t_num: 20 finish: 1473406855 52484432 start: 1473406851 677868572
t_num: 27 finish: 1473406855 163613802 start: 1473406851 854451144
t_num: 30 finish: 1473406855 164239854 start: 1473406853 293287446
t_num: 24 finish: 1473406855 164815607 start: 1473406852 574048407
t_num: 14 finish: 1473406855 307771629 start: 1473406852 220222871
t_num: 21 finish: 1473406855 922873641 start: 1473406851 851104374
t_num: 23 finish: 1473406856 111317939 start: 1473406853 265969666
t_num: 31 finish: 1473406856 282066980 start: 1473406853 740397297
t_num: 4 finish: 1473406856 576517569 start: 1473406854 779747422
t_num: 8 finish: 1473406856 759925811 start: 1473406854 24260006
t_num: 28 finish: 1473406856 811026737 start: 1473406853 268109127
t_num: 27 finish: 1473406856 841956929 start: 1473406855 163642420
t_num: 30 finish: 1473406857 121748717 start: 1473406855 164260000
t_num: 3 finish: 1473406857 122532287 start: 1473406852 468565623
t_num: 26 finish: 1473406857 223784196 start: 1473406855 209642698
t_num: 13 finish: 1473406857 386128885 start: 1473406853 806898340
t_num: 24 finish: 1473406857 427375735 start: 1473406855 937696785
t_num: 15 finish: 1473406857 577284001 start: 1473406855 936745396
t_num: 22 finish: 1473406858 45139091 start: 1473406854 819702068
t_num: 5 finish: 1473406858 241408753 start: 1473406856 400686745
t_num: 4 finish: 1473406858 411496792 start: 1473406856 576557488
t_num: 31 finish: 1473406858 802196968 start: 1473406857 199698067
t_num: 20 finish: 1473406858 848023850 start: 1473406855 52546052
t_num: 28 finish: 1473406858 854713976 start: 1473406856 811054471
t_num: 19 finish: 1473406858 854765609 start: 1473406856 394030702
t_num: 17 finish: 1473406859 12638133 start: 1473406855 148266606
t_num: 7 finish: 1473406859 641461915 start: 1473406855 937633681
t_num: 0 finish: 1473406859 752657238 start: 1473406855 261714638
t_num: 15 finish: 1473406859 756199573 start: 1473406857 577321492
t_num: 10 finish: 1473406860 201245631 start: 1473406857 120332376
t_num: 12 finish: 1473406860 204291866 start: 1473406856 673968116
t_num: 13 finish: 1473406860 293753292 start: 1473406857 386157432
t_num: 4 finish: 1473406860 355571370 start: 1473406858 411537406
t_num: 26 finish: 1473406860 532861512 start: 1473406858 628421483
t_num: 23 finish: 1473406860 546720009 start: 1473406857 29289548
t_num: 27 finish: 1473406860 601188521 start: 1473406858 579264355
t_num: 22 finish: 1473406861 93853862 start: 1473406859 12662599
t_num: 30 finish: 1473406861 94443849 start: 1473406857 207626069
t_num: 5 finish: 1473406861 380601873 start: 1473406858 241449969
t_num: 0 finish: 1473406861 466603191 start: 1473406859 752699722
t_num: 13 finish: 1473406861 498936541 start: 1473406860 293788374
t_num: 3 finish: 1473406861 699420741 start: 1473406857 868485821
t_num: 18 finish: 1473406861 926661868 start: 1473406859 801616422
t_num: 31 finish: 1473406862 224058488 start: 1473406860 471872620
t_num: 30 finish: 1473406862 224062634 start: 1473406861 94464524
t_num: 2 finish: 1473406862 224099654 start: 1473406859 317732614
t_num: 26 finish: 1473406862 224596825 start: 1473406861 16729767
t_num: 4 finish: 1473406862 271300982 start: 1473406860 355602949
t_num: 1 finish: 1473406862 539851908 start: 1473406858 628435381
t_num: 20 finish: 1473406862 547001465 start: 1473406860 162373259
t_num: 28 finish: 1473406862 547093785 start: 1473406859 580580429
t_num: 25 finish: 1473406862 608290922 start: 1473406859 126388889
t_num: 9 finish: 1473406862 609280345 start: 1473406860 672348637
t_num: 19 finish: 1473406862 896634100 start: 1473406860 7655603
t_num: 15 finish: 1473406863 317573576 start: 1473406860 471861781
t_num: 27 finish: 1473406863 783477980 start: 1473406860 601207773
t_num: 23 finish: 1473406864 69651333 start: 1473406861 566930096
t_num: 7 finish: 1473406864 236227247 start: 1473406860 931219088
t_num: 5 finish: 1473406864 405971389 start: 1473406861 380645702
t_num: 27 finish: 1473406864 406772359 start: 1473406863 783521810
t_num: 18 finish: 1473406864 698750957 start: 1473406861 926702421
t_num: 2 finish: 1473406864 854370310 start: 1473406862 224117953
t_num: 30 finish: 1473406864 872443598 start: 1473406862 621781859
t_num: 20 finish: 1473406865 3292474 start: 1473406862 547077053
t_num: 19 finish: 1473406865 3959107 start: 1473406862 896678062
t_num: 23 finish: 1473406865 32466721 start: 1473406864 69693586
t_num: 15 finish: 1473406865 97393818 start: 1473406864 165344434
t_num: 25 finish: 1473406865 201958253 start: 1473406862 608322943
t_num: 24 finish: 1473406865 306228747 start: 1473406862 962233254
t_num: 29 finish: 1473406865 306888918 start: 1473406862 344550529
t_num: 4 finish: 1473406865 306888936 start: 1473406862 689396808
t_num: 1 finish: 1473406865 357546757 start: 1473406862 539895532
t_num: 16 finish: 1473406865 536011180 start: 1473406864 380982671
t_num: 3 finish: 1473406865 549574857 start: 1473406862 547051973
t_num: 28 finish: 1473406865 960629803 start: 1473406862 547110002
t_num: 19 finish: 1473406865 961549309 start: 1473406865 3979237
t_num: 13 finish: 1473406866 144428410 start: 1473406864 896566554
t_num: 8 finish: 1473406866 205643196 start: 1473406864 238553579
t_num: 27 finish: 1473406866 207489368 start: 1473406864 406794776
t_num: 26 finish: 1473406866 340550382 start: 1473406864 482677865
t_num: 5 finish: 1473406866 656685826 start: 1473406864 406011593
t_num: 31 finish: 1473406866 747979351 start: 1473406864 715395795
t_num: 21 finish: 1473406866 868913794 start: 1473406865 164668535
t_num: 14 finish: 1473406867 156101715 start: 1473406864 169453308
t_num: 30 finish: 1473406867 445095086 start: 1473406864 872480948
t_num: 4 finish: 1473406867 494110439 start: 1473406865 306958980
t_num: 23 finish: 1473406867 775502804 start: 1473406865 32489204
t_num: 27 finish: 1473406867 776965846 start: 1473406866 207520232
t_num: 18 finish: 1473406867 833571236 start: 1473406864 698792843
t_num: 12 finish: 1473406867 870873223 start: 1473406865 875314260
t_num: 24 finish: 1473406868 524774735 start: 1473406866 234776577
t_num: 10 finish: 1473406868 723896174 start: 1473406867 155803324
t_num: 11 finish: 1473406869 36217174 start: 1473406865 712895342
t_num: 16 finish: 1473406869 404739041 start: 1473406867 104957072
t_num: 8 finish: 1473406869 411720945 start: 1473406866 871154677
t_num: 17 finish: 1473406869 415518474 start: 1473406867 834597662
t_num: 26 finish: 1473406869 415617450 start: 1473406866 340584476
t_num: 13 finish: 1473406869 415643842 start: 1473406866 144461955
t_num: 28 finish: 1473406869 416188713 start: 1473406866 573262603
t_num: 5 finish: 1473406869 543028820 start: 1473406868 262603492
t_num: 4 finish: 1473406869 669222297 start: 1473406867 494139284
t_num: 21 finish: 1473406869 734311163 start: 1473406866 868957646
t_num: 9 finish: 1473406869 739067969 start: 1473406867 478800574
t_num: 6 finish: 1473406869 848552220 start: 1473406866 686677346
t_num: 31 finish: 1473406869 957032947 start: 1473406868 289405113
t_num: 29 finish: 1473406870 290101067 start: 1473406866 159883235
t_num: 16 finish: 1473406870 400448072 start: 1473406869 404782757
t_num: 3 finish: 1473406870 435015849 start: 1473406866 235506283
t_num: 30 finish: 1473406870 435017389 start: 1473406867 445122722
t_num: 27 finish: 1473406870 577535358 start: 1473406869 161951924
t_num: 19 finish: 1473406870 808414711 start: 1473406869 36761089
t_num: 24 finish: 1473406870 847458438 start: 1473406868 524818449
t_num: 23 finish: 1473406871 654100001 start: 1473406867 775546996
t_num: 14 finish: 1473406871 736056802 start: 1473406868 835874482
t_num: 12 finish: 1473406871 740621879 start: 1473406868 705339168
t_num: 31 finish: 1473406871 740656296 start: 1473406869 957064913
t_num: 22 finish: 1473406872 741008781 start: 1473406869 414289379
t_num: 4 finish: 1473406872 741363813 start: 1473406869 669264675
t_num: 19 finish: 1473406872 741703882 start: 1473406871 646520812
t_num: 5 finish: 1473406872 966345116 start: 1473406869 543061626
t_num: 23 finish: 1473406873 170276383 start: 1473406871 654121088
t_num: 16 finish: 1473406873 215119175 start: 1473406870 400477151
t_num: 11 finish: 1473406873 242781609 start: 1473406870 286275728
t_num: 28 finish: 1473406873 242810724 start: 1473406870 222528294
t_num: 13 finish: 1473406873 405442591 start: 1473406870 536203125
t_num: 29 finish: 1473406873 538442093 start: 1473406870 577737614
t_num: 7 finish: 1473406873 600256923 start: 1473406869 890090867
t_num: 27 finish: 1473406873 600261511 start: 1473406870 577567181
t_num: 25 finish: 1473406873 600315954 start: 1473406872 157822234
t_num: 26 finish: 1473406873 730744899 start: 1473406870 339713013
t_num: 10 finish: 1473406873 783615934 start: 1473406870 448953584
t_num: 17 finish: 1473406873 787775403 start: 1473406871 740629537
t_num: 20 finish: 1473406873 832085626 start: 1473406872 322007468
t_num: 15 finish: 1473406874 497456627 start: 1473406871 497849676
t_num: 22 finish: 1473406874 498574127 start: 1473406872 741055999
t_num: 31 finish: 1473406874 767768940 start: 1473406871 740669522
t_num: 12 finish: 1473406874 938821783 start: 1473406871 740638811
t_num: 20 finish: 1473406875 46731539 start: 1473406873 832102980
t_num: 26 finish: 1473406875 50093418 start: 1473406873 730782991
t_num: 14 finish: 1473406875 52428092 start: 1473406871 736106611
t_num: 3 finish: 1473406875 492211790 start: 1473406871 863541761
t_num: 19 finish: 1473406875 967474389 start: 1473406872 741724639
t_num: 11 finish: 1473406876 274962875 start: 1473406873 914465098
t_num: 7 finish: 1473406876 323471894 start: 1473406873 600295822
t_num: 13 finish: 1473406876 366334125 start: 1473406873 405484496
t_num: 27 finish: 1473406876 454697960 start: 1473406873 600349413
t_num: 2 finish: 1473406876 664136771 start: 1473406873 215990392
t_num: 12 finish: 1473406877 313974520 start: 1473406874 938848491
t_num: 10 finish: 1473406877 900550621 start: 1473406873 783649358
t_num: 18 finish: 1473406877 901642830 start: 1473406874 672271411
t_num: 28 finish: 1473406877 901874486 start: 1473406874 534321841
t_num: 5 finish: 1473406877 984078097 start: 1473406874 731390758
t_num: 29 finish: 1473406877 989739029 start: 1473406874 295360497
t_num: 25 finish: 1473406878 167948206 start: 1473406874 357627113
t_num: 21 finish: 1473406878 197141292 start: 1473406874 153938222
t_num: 1 finish: 1473406878 203297133 start: 1473406874 587065769
t_num: 15 finish: 1473406878 306631290 start: 1473406874 497499878
t_num: 20 finish: 1473406878 307612531 start: 1473406876 388704045
t_num: 26 finish: 1473406878 428973070 start: 1473406876 238284723
t_num: 4 finish: 1473406878 626354044 start: 1473406876 610783348
t_num: 19 finish: 1473406878 894596997 start: 1473406875 967518140
t_num: 31 finish: 1473406879 131483985 start: 1473406876 301228224
t_num: 7 finish: 1473406879 132215141 start: 1473406876 323506233
t_num: 8 finish: 1473406879 147315626 start: 1473406876 534658208
t_num: 29 finish: 1473406879 294937275 start: 1473406877 989763314
t_num: 21 finish: 1473406879 434969985 start: 1473406878 197180464
t_num: 18 finish: 1473406879 796590837 start: 1473406877 901663492
t_num: 0 finish: 1473406879 842306890 start: 1473406878 410094758
t_num: 11 finish: 1473406879 842382915 start: 1473406878 224655991
t_num: 5 finish: 1473406880 12685718 start: 1473406878 379583347
t_num: 27 finish: 1473406880 14948337 start: 1473406878 696725530
t_num: 24 finish: 1473406880 386479854 start: 1473406878 315357776
t_num: 9 finish: 1473406880 433954880 start: 1473406878 315384030
t_num: 3 finish: 1473406880 645851133 start: 1473406876 328826647
t_num: 23 finish: 1473406880 675632342 start: 1473406878 817754397
t_num: 13 finish: 1473406880 675704324 start: 1473406877 730409562
t_num: 19 finish: 1473406880 678734574 start: 1473406878 894635667
t_num: 28 finish: 1473406880 691469742 start: 1473406879 113821423
t_num: 12 finish: 1473406880 741268263 start: 1473406877 314019029
t_num: 30 finish: 1473406880 972104826 start: 1473406877 900980938
t_num: 1 finish: 1473406881 582790152 start: 1473406879 144661854
t_num: 10 finish: 1473406881 776681990 start: 1473406878 379780475
t_num: 18 finish: 1473406881 964168227 start: 1473406879 796630442
t_num: 31 finish: 1473406882 62770550 start: 1473406879 131511205
t_num: 0 finish: 1473406882 130470107 start: 1473406879 842355812
t_num: 29 finish: 1473406882 323793863 start: 1473406879 843042083
t_num: 21 finish: 1473406882 486718614 start: 1473406879 435012996
t_num: 27 finish: 1473406882 859180317 start: 1473406880 14966780
t_num: 20 finish: 1473406882 861700948 start: 1473406880 814423580
t_num: 24 finish: 1473406883 112236883 start: 1473406880 386527966
t_num: 19 finish: 1473406883 124038587 start: 1473406880 678755623
t_num: 9 finish: 1473406883 362899664 start: 1473406881 361673233
t_num: 4 finish: 1473406883 362960157 start: 1473406880 196339641
t_num: 18 finish: 1473406883 362902934 start: 1473406881 964210579
t_num: 3 finish: 1473406883 409595168 start: 1473406880 645889406
t_num: 13 finish: 1473406883 411715001 start: 1473406881 664361556
t_num: 11 finish: 1473406883 649439280 start: 1473406880 72223848
t_num: 12 finish: 1473406883 649458566 start: 1473406881 399437323
t_num: 30 finish: 1473406883 843601895 start: 1473406881 780184703
t_num: 7 finish: 1473406884 75953986 start: 1473406881 739943042
t_num: 14 finish: 1473406884 127097691 start: 1473406881 235709115
t_num: 21 finish: 1473406884 397051087 start: 1473406882 486744535
t_num: 23 finish: 1473406884 767492769 start: 1473406880 675660708
t_num: 2 finish: 1473406884 768247802 start: 1473406882 569630519
t_num: 19 finish: 1473406885 135028496 start: 1473406883 124092145
t_num: 25 finish: 1473406885 313907522 start: 1473406883 285772820
t_num: 22 finish: 1473406885 321573301 start: 1473406882 93133405
t_num: 24 finish: 1473406885 349240064 start: 1473406883 112286595
t_num: 18 finish: 1473406885 778514309 start: 1473406883 363059779
t_num: 7 finish: 1473406885 784996143 start: 1473406884 75995920
t_num: 29 finish: 1473406885 795077499 start: 1473406882 323825404
t_num: 20 finish: 1473406885 839008513 start: 1473406883 649485448
t_num: 14 finish: 1473406886 220079097 start: 1473406884 127124391
t_num: 0 finish: 1473406886 260392978 start: 1473406882 936992336
t_num: 17 finish: 1473406886 274609578 start: 1473406884 176105856
t_num: 30 finish: 1473406886 281609096 start: 1473406883 843631895
t_num: 27 finish: 1473406886 286087429 start: 1473406884 176998774
t_num: 1 finish: 1473406886 294899856 start: 1473406883 606807058
t_num: 12 finish: 1473406886 352446578 start: 1473406883 649479134
t_num: 13 finish: 1473406886 408255303 start: 1473406885 133633824
t_num: 3 finish: 1473406886 495410680 start: 1473406884 577652093
t_num: 11 finish: 1473406886 512961734 start: 1473406885 135459455
t_num: 24 finish: 1473406886 512970324 start: 1473406885 349264531
t_num: 21 finish: 1473406886 587025738 start: 1473406884 678943923
t_num: 7 finish: 1473406887 987134903 start: 1473406885 785020237
t_num: 29 finish: 1473406888 177253834 start: 1473406886 280033165
t_num: 15 finish: 1473406888 193012459 start: 1473406884 796224934
t_num: 0 finish: 1473406888 225963997 start: 1473406886 260428509
t_num: 2 finish: 1473406888 277311966 start: 1473406884 768268776
t_num: 26 finish: 1473406888 522277911 start: 1473406885 204669599
t_num: 24 finish: 1473406888 523266025 start: 1473406886 513002738
t_num: 19 finish: 1473406888 527199233 start: 1473406886 943944393
t_num: 20 finish: 1473406888 543983455 start: 1473406886 294003064
t_num: 12 finish: 1473406888 544601523 start: 1473406886 352468560
t_num: 27 finish: 1473406888 572985856 start: 1473406886 286107799
t_num: 30 finish: 1473406888 751742771 start: 1473406886 281629650
t_num: 11 finish: 1473406888 832441801 start: 1473406886 512984951
t_num: 8 finish: 1473406888 921534320 start: 1473406885 797454936
t_num: 13 finish: 1473406888 988628346 start: 1473406886 408279387
t_num: 0 finish: 1473406890 301253729 start: 1473406888 225995781
t_num: 22 finish: 1473406890 407431029 start: 1473406886 369910644
t_num: 17 finish: 1473406890 408476800 start: 1473406886 908574044
t_num: 3 finish: 1473406890 521993858 start: 1473406886 495444221
t_num: 30 finish: 1473406890 720308549 start: 1473406888 751786403
t_num: 15 finish: 1473406890 788077053 start: 1473406888 193040993
t_num: 23 finish: 1473406890 809249157 start: 1473406888 226766162
t_num: 14 finish: 1473406890 859303807 start: 1473406889 385873845
t_num: 10 finish: 1473406890 933189432 start: 1473406886 943911506
t_num: 12 finish: 1473406891 317708868 start: 1473406889 674975600
t_num: 27 finish: 1473406891 318792135 start: 1473406889 565382866
t_num: 5 finish: 1473406891 354511945 start: 1473406889 165350780
t_num: 1 finish: 1473406891 358463726 start: 1473406888 455778598
t_num: 28 finish: 1473406892 112126456 start: 1473406888 386408863
t_num: 22 finish: 1473406892 112203928 start: 1473406890 407471090
t_num: 19 finish: 1473406892 705695619 start: 1473406889 224371202
t_num: 8 finish: 1473406892 706531242 start: 1473406890 507739370
t_num: 13 finish: 1473406892 707923490 start: 1473406888 988655516
t_num: 25 finish: 1473406892 899416853 start: 1473406891 238064521
t_num: 17 finish: 1473406892 905890401 start: 1473406890 408497408
t_num: 31 finish: 1473406892 905966563 start: 1473406889 917995830
t_num: 3 finish: 1473406893 86619846 start: 1473406891 356875369
t_num: 12 finish: 1473406893 190417898 start: 1473406891 317769296
t_num: 23 finish: 1473406893 248546540 start: 1473406891 355230332
t_num: 26 finish: 1473406893 249079369 start: 1473406890 144217019
t_num: 20 finish: 1473406893 326177194 start: 1473406888 544006293
t_num: 0 finish: 1473406893 338889990 start: 1473406891 318348095
t_num: 5 finish: 1473406893 710151269 start: 1473406892 111256967
t_num: 24 finish: 1473406893 712270879 start: 1473406891 318414515
t_num: 27 finish: 1473406893 802833262 start: 1473406892 339961160
t_num: 30 finish: 1473406893 812079893 start: 1473406891 346785874
t_num: 11 finish: 1473406894 361529795 start: 1473406891 318732564
t_num: 13 finish: 1473406894 753661440 start: 1473406892 707943173
t_num: 19 finish: 1473406894 755328444 start: 1473406892 705723753
t_num: 23 finish: 1473406894 766691357 start: 1473406893 248571911
t_num: 1 finish: 1473406894 777232715 start: 1473406892 668262481
t_num: 16 finish: 1473406894 783467943 start: 1473406892 109553037
t_num: 14 finish: 1473406894 796911582 start: 1473406891 674545584
t_num: 17 finish: 1473406894 898195299 start: 1473406892 905916505
t_num: 20 finish: 1473406895 41458316 start: 1473406893 326207020
t_num: 6 finish: 1473406895 136957544 start: 1473406891 507887489
t_num: 24 finish: 1473406895 137629292 start: 1473406893 712290566
t_num: 26 finish: 1473406896 9818688 start: 1473406893 778279913
t_num: 11 finish: 1473406896 180063787 start: 1473406894 782882350
t_num: 29 finish: 1473406896 246579789 start: 1473406894 323840075
t_num: 25 finish: 1473406896 374924315 start: 1473406893 525347379
t_num: 17 finish: 1473406896 376910388 start: 1473406894 898249545
t_num: 28 finish: 1473406896 715559124 start: 1473406893 359948244
t_num: 5 finish: 1473406896 724073322 start: 1473406893 710195461
t_num: 2 finish: 1473406896 816248250 start: 1473406894 982602261
t_num: 21 finish: 1473406896 846950301 start: 1473406894 776968215
t_num: 27 finish: 1473406896 959585312 start: 1473406894 536107781
t_num: 1 finish: 1473406897 509488769 start: 1473406894 777252477
t_num: 18 finish: 1473406897 510950071 start: 1473406892 306780125
t_num: 23 finish: 1473406897 825191164 start: 1473406894 766712156
t_num: 29 finish: 1473406897 825917619 start: 1473406896 246611695
t_num: 26 finish: 1473406898 445030619 start: 1473406896 9842187
t_num: 30 finish: 1473406898 445609007 start: 1473406895 977705739
t_num: 6 finish: 1473406898 460767267 start: 1473406895 136983535
t_num: 3 finish: 1473406898 469419569 start: 1473406894 500331450
t_num: 21 finish: 1473406898 648515421 start: 1473406896 846971406
t_num: 20 finish: 1473406898 694055603 start: 1473406895 41486644
t_num: 11 finish: 1473406899 315028272 start: 1473406896 180094340
t_num: 7 finish: 1473406899 340476663 start: 1473406895 513203199
t_num: 18 finish: 1473406899 425619242 start: 1473406897 510971196
t_num: 10 finish: 1473406899 425642203 start: 1473406896 911217087
t_num: 4 finish: 1473406899 699021625 start: 1473406897 115099297
t_num: 16 finish: 1473406899 875504053 start: 1473406896 513279862
t_num: 5 finish: 1473406899 970846830 start: 1473406897 652895240
t_num: 25 finish: 1473406899 971699999 start: 1473406896 374961636
t_num: 1 finish: 1473406900 829760671 start: 1473406897 509527247
t_num: 2 finish: 1473406900 912930961 start: 1473406896 816283312
t_num: 27 finish: 1473406900 914468603 start: 1473406898 71652510
t_num: 23 finish: 1473406901 38717534 start: 1473406897 825233959
t_num: 22 finish: 1473406901 64423711 start: 1473406896 675145279
t_num: 29 finish: 1473406901 184973475 start: 1473406897 825938076
t_num: 6 finish: 1473406901 497835166 start: 1473406898 460783558
t_num: 12 finish: 1473406901 572377165 start: 1473406897 636851267
t_num: 26 finish: 1473406901 573121752 start: 1473406898 445053680
t_num: 31 finish: 1473406901 740450092 start: 1473406899 284826463
t_num: 13 finish: 1473406901 750410778 start: 1473406899 295327493
t_num: 8 finish: 1473406902 48952880 start: 1473406900 527564811
t_num: 19 finish: 1473406902 48974713 start: 1473406900 630318450
t_num: 7 finish: 1473406902 413132876 start: 1473406899 340499048
t_num: 14 finish: 1473406902 644864549 start: 1473406897 656333039
t_num: 25 finish: 1473406902 645754492 start: 1473406901 148505948
t_num: 2 finish: 1473406902 905944944 start: 1473406901 145415631
t_num: 23 finish: 1473406902 926198418 start: 1473406901 38752706
t_num: 31 finish: 1473406902 996099755 start: 1473406901 740484071
t_num: 10 finish: 1473406902 996718992 start: 1473406899 425659163
t_num: 15 finish: 1473406903 63000208 start: 1473406898 443449780
t_num: 21 finish: 1473406903 332884712 start: 1473406900 586508606
t_num: 22 finish: 1473406903 572074939 start: 1473406901 64465129
t_num: 30 finish: 1473406903 740914712 start: 1473406899 676502423
t_num: 18 finish: 1473406903 870815677 start: 1473406900 547530099
t_num: 16 finish: 1473406903 972284098 start: 1473406899 875538101
t_num: 1 finish: 1473406904 582975114 start: 1473406901 462709287
t_num: 4 finish: 1473406904 635896371 start: 1473406900 801367580
t_num: 29 finish: 1473406904 680775904 start: 1473406901 184999443
t_num: 24 finish: 1473406904 681028196 start: 1473406902 205371416
t_num: 31 finish: 1473406904 829404788 start: 1473406902 996121119
t_num: 13 finish: 1473406905 164594193 start: 1473406901 750428287
t_num: 26 finish: 1473406905 177153925 start: 1473406901 573142844
t_num: 23 finish: 1473406905 215631203 start: 1473406903 443645649
t_num: 14 finish: 1473406905 594927783 start: 1473406902 644892609
t_num: 6 finish: 1473406905 766213383 start: 1473406903 252782752
t_num: 7 finish: 1473406905 766347106 start: 1473406902 896847085
t_num: 12 finish: 1473406905 777670693 start: 1473406902 436100697
t_num: 18 finish: 1473406905 800335037 start: 1473406903 870850155
t_num: 8 finish: 1473406905 804235917 start: 1473406902 525286226
t_num: 21 finish: 1473406906 119410358 start: 1473406903 332969369
t_num: 4 finish: 1473406906 265936089 start: 1473406904 635926984
t_num: 11 finish: 1473406906 571467406 start: 1473406902 995465870
t_num: 23 finish: 1473406906 985759886 start: 1473406905 215667061
t_num: 10 finish: 1473406906 986854856 start: 1473406903 731087158
t_num: 29 finish: 1473406907 437994939 start: 1473406904 680823560
t_num: 16 finish: 1473406907 454151345 start: 1473406903 972317255
t_num: 22 finish: 1473406908 247724188 start: 1473406904 883339799
t_num: 18 finish: 1473406908 850837840 start: 1473406905 800355976
t_num: 24 finish: 1473406908 851889090 start: 1473406904 681047843
t_num: 13 finish: 1473406908 852949346 start: 1473406905 839839774
t_num: 6 finish: 1473406908 853643991 start: 1473406906 767115093
t_num: 10 finish: 1473406909 174848275 start: 1473406907 529953960
t_num: 8 finish: 1473406909 177140675 start: 1473406906 570838244
t_num: 26 finish: 1473406909 384733769 start: 1473406905 177185016
t_num: 25 finish: 1473406909 616448102 start: 1473406905 782564702
t_num: 11 finish: 1473406909 618582904 start: 1473406906 571488853
t_num: 7 finish: 1473406909 618651071 start: 1473406905 766367412
t_num: 17 finish: 1473406909 720208362 start: 1473406906 189216091
t_num: 3 finish: 1473406910 422122410 start: 1473406907 298580963
t_num: 14 finish: 1473406910 432618614 start: 1473406905 594961687
t_num: 4 finish: 1473406910 453823237 start: 1473406906 265969587
t_num: 20 finish: 1473406910 597418528 start: 1473406905 925107004
t_num: 28 finish: 1473406910 630548730 start: 1473406908 537196206
t_num: 6 finish: 1473406910 630590569 start: 1473406908 853660635
t_num: 16 finish: 1473406910 685289647 start: 1473406907 454172991
t_num: 30 finish: 1473406910 785320354 start: 1473406907 451217200
t_num: 23 finish: 1473406910 853280119 start: 1473406906 985814756
t_num: 14 finish: 1473406910 929710813 start: 1473406910 432640860
t_num: 1 finish: 1473406911 97745684 start: 1473406906 416472567
t_num: 27 finish: 1473406911 99168389 start: 1473406908 537759222
t_num: 29 finish: 1473406911 99231938 start: 1473406908 133329155
t_num: 8 finish: 1473406911 197013438 start: 1473406909 177185667
t_num: 24 finish: 1473406911 654867635 start: 1473406909 225738548
t_num: 9 finish: 1473406911 671565067 start: 1473406910 444192100
t_num: 13 finish: 1473406911 853266181 start: 1473406908 852969955
t_num: 19 finish: 1473406912 396549204 start: 1473406908 535644282
t_num: 17 finish: 1473406912 686191769 start: 1473406909 720228729
t_num: 3 finish: 1473406912 941093781 start: 1473406910 422165325
t_num: 24 finish: 1473406912 945485694 start: 1473406911 654893911
t_num: 18 finish: 1473406913 14166052 start: 1473406909 362132718
t_num: 6 finish: 1473406913 65184994 start: 1473406911 99433321
t_num: 27 finish: 1473406913 663646842 start: 1473406911 99189032
t_num: 2 finish: 1473406913 681033887 start: 1473406909 509456176
t_num: 1 finish: 1473406913 867702563 start: 1473406911 97786100
t_num: 29 finish: 1473406913 876648295 start: 1473406911 99248830
t_num: 28 finish: 1473406913 876686216 start: 1473406910 630579460
t_num: 10 finish: 1473406913 970100577 start: 1473406910 839530025
t_num: 16 finish: 1473406914 179664431 start: 1473406911 608041508
t_num: 11 finish: 1473406914 202250506 start: 1473406910 824824570
t_num: 8 finish: 1473406914 414217122 start: 1473406911 197043225
t_num: 15 finish: 1473406914 820929657 start: 1473406912 598830062
t_num: 23 finish: 1473406914 884105688 start: 1473406910 853330702
t_num: 3 finish: 1473406914 930446875 start: 1473406912 941136198
t_num: 12 finish: 1473406914 983387888 start: 1473406912 514589071
t_num: 27 finish: 1473406914 983465777 start: 1473406913 663688784
t_num: 24 finish: 1473406915 631931383 start: 1473406914 84353399
t_num: 30 finish: 1473406915 880677957 start: 1473406912 514287079
t_num: 6 finish: 1473406915 957803536 start: 1473406914 149185448
t_num: 17 finish: 1473406916 115050333 start: 1473406913 738356854
t_num: 20 finish: 1473406916 611164939 start: 1473406913 681057249
t_num: 4 finish: 1473406916 808733633 start: 1473406912 229657472
t_num: 1 finish: 1473406916 808740798 start: 1473406913 867726015
t_num: 25 finish: 1473406917 69964350 start: 1473406912 521527311
t_num: 13 finish: 1473406917 70252928 start: 1473406913 933066923
t_num: 0 finish: 1473406917 160589053 start: 1473406915 334042862
t_num: 22 finish: 1473406917 160637191 start: 1473406914 930519744
t_num: 27 finish: 1473406917 848037289 start: 1473406914 983484301
t_num: 20 finish: 1473406918 251202703 start: 1473406916 611196245
t_num: 16 finish: 1473406918 251884926 start: 1473406914 179686912
t_num: 29 finish: 1473406918 251960398 start: 1473406914 547595954
t_num: 12 finish: 1473406918 672834101 start: 1473406914 983415031
t_num: 8 finish: 1473406918 822066483 start: 1473406914 414248058
t_num: 15 finish: 1473406918 836331042 start: 1473406915 682070782
t_num: 19 finish: 1473406919 196400242 start: 1473406915 563959862
t_num: 13 finish: 1473406919 566781223 start: 1473406917 70273726
t_num: 29 finish: 1473406919 901675327 start: 1473406918 251978162
t_num: 30 finish: 1473406920 219066211 start: 1473406915 880711203
t_num: 14 finish: 1473406920 219920596 start: 1473406915 915314224
t_num: 21 finish: 1473406920 321553183 start: 1473406917 64642993
t_num: 11 finish: 1473406920 322253404 start: 1473406917 849949549
t_num: 20 finish: 1473406920 322555340 start: 1473406918 251242466
t_num: 24 finish: 1473406920 371856700 start: 1473406916 716389091
t_num: 5 finish: 1473406920 371893703 start: 1473406916 637190186
t_num: 23 finish: 1473406920 372156440 start: 1473406916 225157012
t_num: 19 finish: 1473406920 500579167 start: 1473406919 196444825
t_num: 13 finish: 1473406921 134417332 start: 1473406919 566878571
t_num: 12 finish: 1473406921 153365584 start: 1473406918 672873291
t_num: 31 finish: 1473406921 154130666 start: 1473406918 280542330
t_num: 1 finish: 1473406921 298051001 start: 1473406916 808805500
t_num: 22 finish: 1473406921 298115245 start: 1473406918 209559353
t_num: 3 finish: 1473406921 559530607 start: 1473406918 267810193
t_num: 7 finish: 1473406921 761655355 start: 1473406917 569063264
t_num: 14 finish: 1473406921 762431419 start: 1473406920 219941268
t_num: 17 finish: 1473406921 951112334 start: 1473406919 368024190
t_num: 15 finish: 1473406921 953548426 start: 1473406918 836350713
t_num: 29 finish: 1473406922 173462137 start: 1473406919 901702415
t_num: 5 finish: 1473406922 808085220 start: 1473406920 371911183
t_num: 8 finish: 1473406922 808659320 start: 1473406918 822104359
t_num: 30 finish: 1473406923 480310494 start: 1473406920 219095624
t_num: 24 finish: 1473406923 615808233 start: 1473406921 360995532
t_num: 26 finish: 1473406923 645340482 start: 1473406921 219723746
t_num: 23 finish: 1473406924 261623831 start: 1473406920 372175460
t_num: 21 finish: 1473406924 263042301 start: 1473406921 146453556
t_num: 19 finish: 1473406924 296124640 start: 1473406920 500634398
t_num: 25 finish: 1473406924 459125854 start: 1473406922 619640872
t_num: 9 finish: 1473406924 629123146 start: 1473406920 287541252
t_num: 28 finish: 1473406924 690015644 start: 1473406921 411837167
t_num: 31 finish: 1473406924 989534374 start: 1473406921 154150580
t_num: 5 finish: 1473406925 14065044 start: 1473406923 430244465
t_num: 14 finish: 1473406925 41938315 start: 1473406921 762452105
t_num: 1 finish: 1473406925 189531989 start: 1473406921 298117315
t_num: 3 finish: 1473406925 424582286 start: 1473406922 820353417
t_num: 12 finish: 1473406925 721323590 start: 1473406921 153415384
t_num: 2 finish: 1473406925 819330050 start: 1473406922 790499941
t_num: 8 finish: 1473406925 823066809 start: 1473406922 808680056
t_num: 29 finish: 1473406925 966715483 start: 1473406922 173501229
t_num: 26 finish: 1473406925 969903595 start: 1473406923 645383114
t_num: 7 finish: 1473406926 24177761 start: 1473406921 761697712
t_num: 21 finish: 1473406926 24180409 start: 1473406924 263063873
t_num: 20 finish: 1473406926 75228717 start: 1473406924 799052024
t_num: 6 finish: 1473406926 131518529 start: 1473406921 764956066
t_num: 27 finish: 1473406926 209847084 start: 1473406924 217964078
t_num: 0 finish: 1473406926 238299270 start: 1473406924 906979368
t_num: 4 finish: 1473406926 443842961 start: 1473406924 626917047
t_num: 5 finish: 1473406926 572871538 start: 1473406925 14102431
t_num: 23 finish: 1473406926 703098052 start: 1473406924 261667121
t_num: 9 finish: 1473406926 917498722 start: 1473406924 629151085
t_num: 24 finish: 1473406927 31413492 start: 1473406923 615843549
t_num: 30 finish: 1473406927 69920923 start: 1473406924 268479602
t_num: 17 finish: 1473406927 70637424 start: 1473406922 720080619
t_num: 13 finish: 1473406927 366334964 start: 1473406923 791523433
t_num: 11 finish: 1473406927 389650392 start: 1473406922 249494369
t_num: 29 finish: 1473406927 651487883 start: 1473406925 966755514
t_num: 21 finish: 1473406927 723678973 start: 1473406926 24237020
t_num: 31 finish: 1473406928 292376816 start: 1473406925 548614010
t_num: 11 finish: 1473406929 72475572 start: 1473406927 389676737
t_num: 30 finish: 1473406929 384957425 start: 1473406927 69959066
t_num: 28 finish: 1473406929 385620434 start: 1473406927 574603031
t_num: 29 finish: 1473406929 385629420 start: 1473406927 651516224
t_num: 16 finish: 1473406929 385664274 start: 1473406925 817605215
t_num: 4 finish: 1473406929 459180108 start: 1473406926 443876760
t_num: 6 finish: 1473406929 698003824 start: 1473406926 131558092
t_num: 26 finish: 1473406929 715636705 start: 1473406925 969922516
t_num: 0 finish: 1473406929 853387864 start: 1473406926 238326052
t_num: 27 finish: 1473406930 439326404 start: 1473406926 613371547
t_num: 23 finish: 1473406930 440114448 start: 1473406927 725211967
t_num: 1 finish: 1473406930 461985482 start: 1473406927 223769816
t_num: 20 finish: 1473406930 547053040 start: 1473406927 946265536
t_num: 3 finish: 1473406930 547891172 start: 1473406927 573984670
t_num: 4 finish: 1473406930 576761718 start: 1473406929 459208176
t_num: 24 finish: 1473406930 629414903 start: 1473406929 70654048
t_num: 14 finish: 1473406930 629414911 start: 1473406927 572383252
t_num: 5 finish: 1473406930 732349178 start: 1473406926 572897759
t_num: 18 finish: 1473406931 232574710 start: 1473406927 725358104
t_num: 31 finish: 1473406931 390175592 start: 1473406929 227349843
t_num: 16 finish: 1473406931 565402500 start: 1473406929 792028300
t_num: 17 finish: 1473406931 565403223 start: 1473406928 921452076
t_num: 12 finish: 1473406931 603362045 start: 1473406929 531648086
t_num: 11 finish: 1473406932 17103424 start: 1473406929 72499613
t_num: 4 finish: 1473406932 54642364 start: 1473406930 576783057
t_num: 29 finish: 1473406932 86897738 start: 1473406929 810060314
t_num: 10 finish: 1473406932 148235388 start: 1473406928 455728430
t_num: 28 finish: 1473406932 212767162 start: 1473406929 385656701
t_num: 18 finish: 1473406932 310546341 start: 1473406931 232602465
t_num: 9 finish: 1473406932 480769582 start: 1473406930 148682715
t_num: 20 finish: 1473406932 536900436 start: 1473406930 547090848
t_num: 0 finish: 1473406932 602468536 start: 1473406929 853420672
t_num: 15 finish: 1473406933 66508631 start: 1473406930 22600666
t_num: 3 finish: 1473406933 611162568 start: 1473406930 547931813
t_num: 1 finish: 1473406933 745899013 start: 1473406931 328610416
t_num: 23 finish: 1473406933 993852030 start: 1473406930 440186857
t_num: 6 finish: 1473406934 78105133 start: 1473406932 83263307
t_num: 4 finish: 1473406934 130852390 start: 1473406932 54660532
t_num: 16 finish: 1473406934 233902073 start: 1473406931 565448983
t_num: 15 finish: 1473406935 213913205 start: 1473406933 66547085
t_num: 26 finish: 1473406935 379576706 start: 1473406932 20495669
t_num: 11 finish: 1473406935 567012789 start: 1473406932 17143064
t_num: 8 finish: 1473406935 626799766 start: 1473406934 205140073
t_num: 21 finish: 1473406935 641310393 start: 1473406934 159516865
t_num: 24 finish: 1473406935 838206278 start: 1473406931 479085337
t_num: 16 finish: 1473406935 839998149 start: 1473406934 233937961
t_num: 29 finish: 1473406936 136192697 start: 1473406934 817396695
t_num: 27 finish: 1473406936 157227814 start: 1473406933 861286069
t_num: 20 finish: 1473406936 186675948 start: 1473406932 536935786
t_num: 7 finish: 1473406936 192853981 start: 1473406934 35180303
t_num: 13 finish: 1473406936 257934609 start: 1473406933 898587006
t_num: 22 finish: 1473406936 554233937 start: 1473406935 37372170
t_num: 18 finish: 1473406936 556700902 start: 1473406934 206476109
t_num: 19 finish: 1473406936 661444578 start: 1473406933 256311653
t_num: 10 finish: 1473406936 714288602 start: 1473406935 288724972
t_num: 3 finish: 1473406936 714535334 start: 1473406933 611187734
t_num: 23 finish: 1473406936 714600029 start: 1473406933 993877006
t_num: 0 finish: 1473406936 759805997 start: 1473406935 102957321
t_num: 17 finish: 1473406936 814576307 start: 1473406931 565502001
t_num: 1 finish: 1473406936 885987928 start: 1473406933 745928466
t_num: 25 finish: 1473406937 99591820 start: 1473406935 24465301
t_num: 9 finish: 1473406937 313531212 start: 1473406934 695108550
t_num: 4 finish: 1473406937 813008276 start: 1473406934 361355380
t_num: 26 finish: 1473406938 159556984 start: 1473406935 379605920
t_num: 7 finish: 1473406938 340112011 start: 1473406936 192874936
t_num: 18 finish: 1473406938 493146918 start: 1473406936 556716350
t_num: 30 finish: 1473406938 526026580 start: 1473406935 718523559
t_num: 13 finish: 1473406938 607460752 start: 1473406936 257964028
t_num: 25 finish: 1473406938 709827575 start: 1473406937 99640688
t_num: 21 finish: 1473406939 111278867 start: 1473406935 641329748
t_num: 2 finish: 1473406939 231261372 start: 1473406937 453634770
t_num: 10 finish: 1473406939 408214516 start: 1473406936 714327016
t_num: 16 finish: 1473406939 973456861 start: 1473406937 359925450
t_num: 27 finish: 1473406940 155927642 start: 1473406937 522620903
t_num: 22 finish: 1473406940 200024859 start: 1473406936 554265922
t_num: 4 finish: 1473406940 431808186 start: 1473406938 800249832
t_num: 24 finish: 1473406940 456895300 start: 1473406937 87989643
t_num: 26 finish: 1473406940 460113532 start: 1473406938 159600845
t_num: 14 finish: 1473406940 471791557 start: 1473406938 908810590
t_num: 6 finish: 1473406940 486323657 start: 1473406938 679810691
t_num: 1 finish: 1473406940 938562521 start: 1473406938 185665783
t_num: 25 finish: 1473406941 300159028 start: 1473406940 58409383
t_num: 29 finish: 1473406941 302080971 start: 1473406936 714590479
t_num: 23 finish: 1473406941 523576823 start: 1473406939 230056208
t_num: 7 finish: 1473406941 524290801 start: 1473406939 607754414
t_num: 9 finish: 1473406941 854128352 start: 1473406938 300029414
t_num: 17 finish: 1473406941 858530817 start: 1473406937 782138408
t_num: 13 finish: 1473406941 896059881 start: 1473406939 774452348
t_num: 8 finish: 1473406942 111869781 start: 1473406937 611749329
t_num: 30 finish: 1473406942 198992874 start: 1473406938 526054262
t_num: 18 finish: 1473406942 290574374 start: 1473406940 810388276
t_num: 0 finish: 1473406942 942863896 start: 1473406938 805698956
t_num: 24 finish: 1473406942 942863917 start: 1473406940 456916676
t_num: 25 finish: 1473406942 942905741 start: 1473406941 300200598
t_num: 31 finish: 1473406942 969128063 start: 1473406939 981680839
t_num: 26 finish: 1473406942 969279467 start: 1473406941 674061081
t_num: 9 finish: 1473406943 554000271 start: 1473406941 854167180
t_num: 21 finish: 1473406943 554624388 start: 1473406940 200683529
t_num: 16 finish: 1473406943 656882049 start: 1473406940 404201342
t_num: 10 finish: 1473406944 21085086 start: 1473406939 408253189
t_num: 20 finish: 1473406944 44984291 start: 1473406940 519214591
t_num: 6 finish: 1473406944 102568225 start: 1473406940 486343847
t_num: 14 finish: 1473406944 347481448 start: 1473406940 471832386
t_num: 1 finish: 1473406944 418762523 start: 1473406940 938601879
t_num: 0 finish: 1473406944 471556810 start: 1473406942 942908359
t_num: 22 finish: 1473406944 472919719 start: 1473406940 200078786
t_num: 19 finish: 1473406944 978804202 start: 1473406941 913853475
t_num: 31 finish: 1473406945 110073406 start: 1473406942 969156085
t_num: 4 finish: 1473406945 124225087 start: 1473406941 535206253
t_num: 8 finish: 1473406945 432701429 start: 1473406942 111910762
t_num: 20 finish: 1473406945 533768477 start: 1473406944 45006109
t_num: 17 finish: 1473406945 534635305 start: 1473406942 764179838
t_num: 24 finish: 1473406945 560346512 start: 1473406942 942940222
t_num: 26 finish: 1473406945 570514932 start: 1473406944 19819776
t_num: 18 finish: 1473406945 688446000 start: 1473406942 290619341
t_num: 21 finish: 1473406945 758709606 start: 1473406943 554645637
t_num: 25 finish: 1473406945 783488870 start: 1473406942 942920092
t_num: 12 finish: 1473406946 257398461 start: 1473406944 417944253
t_num: 15 finish: 1473406946 304171446 start: 1473406944 381906256
t_num: 0 finish: 1473406946 656250154 start: 1473406944 471583782
t_num: 9 finish: 1473406946 697309494 start: 1473406944 222824841
t_num: 6 finish: 1473406946 713078787 start: 1473406944 102590334
t_num: 11 finish: 1473406946 713078787 start: 1473406944 617795087
t_num: 13 finish: 1473406946 940913587 start: 1473406945 124247495
t_num: 20 finish: 1473406946 966770654 start: 1473406945 533814059
t_num: 31 finish: 1473406947 124880655 start: 1473406945 470304388
t_num: 8 finish: 1473406947 196300748 start: 1473406945 432734937
t_num: 10 finish: 1473406947 287852797 start: 1473406945 370393105
t_num: 4 finish: 1473406947 600862138 start: 1473406945 124265265
t_num: 7 finish: 1473406947 642807487 start: 1473406945 204788187
t_num: 18 finish: 1473406947 709294242 start: 1473406945 688476218
t_num: 22 finish: 1473406948 235648205 start: 1473406945 283186503
t_num: 28 finish: 1473406948 236639213 start: 1473406944 847948134
t_num: 19 finish: 1473406948 246595689 start: 1473406944 978838705
t_num: 1 finish: 1473406948 430340292 start: 1473406946 713217392
t_num: 15 finish: 1473406948 462276862 start: 1473406947 303026031
t_num: 5 finish: 1473406948 479361525 start: 1473406947 283352788
t_num: 24 finish: 1473406949 917910138 start: 1473406946 557973530
t_num: 9 finish: 1473406949 919157616 start: 1473406947 320278788
t_num: 2 finish: 1473406949 929319395 start: 1473406947 320298758
t_num: 0 finish: 1473406950 186080203 start: 1473406946 656289565
t_num: 23 finish: 1473406950 371432642 start: 1473406947 148671484
t_num: 6 finish: 1473406950 411933666 start: 1473406947 709675360
t_num: 25 finish: 1473406950 411935284 start: 1473406947 462125934
t_num: 5 finish: 1473406950 602910230 start: 1473406948 479439808
t_num: 15 finish: 1473406950 603542772 start: 1473406948 462304268
t_num: 28 finish: 1473406951 172787949 start: 1473406948 236654533
t_num: 31 finish: 1473406951 236654607 start: 1473406949 574111702
t_num: 1 finish: 1473406951 299858928 start: 1473406949 345757765
t_num: 12 finish: 1473406951 564361127 start: 1473406948 30546476
t_num: 16 finish: 1473406951 576898350 start: 1473406949 545672672
t_num: 9 finish: 1473406951 721569662 start: 1473406949 919178208
t_num: 4 finish: 1473406952 19612395 start: 1473406947 600908202
t_num: 30 finish: 1473406952 20397247 start: 1473406948 10427487
t_num: 7 finish: 1473406952 82987779 start: 1473406949 678918389
t_num: 2 finish: 1473406952 119508397 start: 1473406950 746430978
t_num: 18 finish: 1473406952 224426769 start: 1473406948 768406575
t_num: 23 finish: 1473406952 398371164 start: 1473406950 371475504
t_num: 19 finish: 1473406952 908382426 start: 1473406948 246612811
t_num: 21 finish: 1473406952 910370989 start: 1473406948 869307053
t_num: 24 finish: 1473406952 916200142 start: 1473406949 917953758
t_num: 5 finish: 1473406952 943027806 start: 1473406950 602952207
t_num: 22 finish: 1473406952 944477093 start: 1473406948 235686489
t_num: 31 finish: 1473406953 301618821 start: 1473406951 425224039
t_num: 14 finish: 1473406953 333894330 start: 1473406950 202849256
t_num: 29 finish: 1473406954 80209753 start: 1473406950 881177336
t_num: 12 finish: 1473406954 83840443 start: 1473406951 564399513
t_num: 28 finish: 1473406954 84459384 start: 1473406951 172845001
t_num: 1 finish: 1473406954 233456063 start: 1473406951 299892443
t_num: 30 finish: 1473406954 243856296 start: 1473406952 20420288
t_num: 0 finish: 1473406954 244146357 start: 1473406951 259630709
t_num: 21 finish: 1473406954 315597917 start: 1473406952 910392854
t_num: 22 finish: 1473406954 709535515 start: 1473406953 500090118
t_num: 24 finish: 1473406954 742870804 start: 1473406952 916220240
t_num: 4 finish: 1473406954 797126973 start: 1473406952 395595615
t_num: 3 finish: 1473406954 876737614 start: 1473406952 579483357
t_num: 29 finish: 1473406955 42153944 start: 1473406954 80251363
t_num: 9 finish: 1473406955 105115385 start: 1473406951 721591720
t_num: 18 finish: 1473406955 105185244 start: 1473406952 224476728
t_num: 2 finish: 1473406955 185230802 start: 1473406952 119537425
t_num: 16 finish: 1473406955 270365800 start: 1473406952 346942275
t_num: 19 finish: 1473406955 603334788 start: 1473406953 113943451
t_num: 5 finish: 1473406955 662288665 start: 1473406952 943048599
t_num: 20 finish: 1473406955 662291265 start: 1473406954 412820029
t_num: 17 finish: 1473406955 804534724 start: 1473406952 480452626
t_num: 27 finish: 1473406956 252230028 start: 1473406953 227360800
t_num: 28 finish: 1473406956 252924781 start: 1473406954 595489238
t_num: 14 finish: 1473406956 252931865 start: 1473406953 981838692
t_num: 3 finish: 1473406956 354513363 start: 1473406955 2669747
t_num: 23 finish: 1473406956 643856333 start: 1473406952 911377932
t_num: 8 finish: 1473406956 849043289 start: 1473406953 716647594
t_num: 13 finish: 1473406957 811089983 start: 1473406954 696223487
t_num: 27 finish: 1473406957 972872543 start: 1473406956 252256154
t_num: 25 finish: 1473406958 1262021 start: 1473406956 642848063
t_num: 11 finish: 1473406958 151761064 start: 1473406956 674999394
t_num: 31 finish: 1473406958 153026035 start: 1473406954 343077031
t_num: 18 finish: 1473406958 153179053 start: 1473406955 105203653
t_num: 29 finish: 1473406958 264681956 start: 1473406955 42187694
t_num: 12 finish: 1473406958 335055261 start: 1473406954 853389552
t_num: 30 finish: 1473406958 642267433 start: 1473406957 477008989
t_num: 28 finish: 1473406958 673295323 start: 1473406957 15822145
t_num: 14 finish: 1473406958 673444721 start: 1473406956 252965538
t_num: 21 finish: 1473406958 677265515 start: 1473406956 326444861
t_num: 24 finish: 1473406958 729225540 start: 1473406955 370955526
t_num: 2 finish: 1473406959 400876265 start: 1473406956 506627701
t_num: 1 finish: 1473406959 405482649 start: 1473406957 455280071
t_num: 17 finish: 1473406959 638154214 start: 1473406955 804573509
t_num: 18 finish: 1473406960 197425108 start: 1473406958 153197876
t_num: 5 finish: 1473406960 223372484 start: 1473406956 712018494
t_num: 20 finish: 1473406960 224451342 start: 1473406955 662356992
t_num: 3 finish: 1473406960 226664916 start: 1473406956 354550466
t_num: 4 finish: 1473406960 229182731 start: 1473406956 10585447
t_num: 19 finish: 1473406960 508819663 start: 1473406955 603369677
t_num: 27 finish: 1473406961 159392610 start: 1473406957 972912542
t_num: 24 finish: 1473406961 185950374 start: 1473406958 729248513
t_num: 31 finish: 1473406961 283338627 start: 1473406958 408212247
t_num: 28 finish: 1473406961 383521230 start: 1473406959 666829525
t_num: 14 finish: 1473406961 974818507 start: 1473406959 872544057
t_num: 23 finish: 1473406961 977955430 start: 1473406957 619100715
t_num: 25 finish: 1473406962 344408706 start: 1473406959 370680211
t_num: 8 finish: 1473406962 427150780 start: 1473406959 370704005
t_num: 1 finish: 1473406962 622531378 start: 1473406959 405511039
t_num: 30 finish: 1473406962 622531337 start: 1473406958 642311550
t_num: 17 finish: 1473406962 826581879 start: 1473406960 807863076
t_num: 28 finish: 1473406962 827270326 start: 1473406961 383569205
t_num: 13 finish: 1473406962 937251279 start: 1473406959 370643292
t_num: 12 finish: 1473406963 232916542 start: 1473406960 944840963
t_num: 18 finish: 1473406963 294190024 start: 1473406961 86341194
t_num: 21 finish: 1473406963 354486492 start: 1473406958 677287107
t_num: 7 finish: 1473406963 355096251 start: 1473406959 369159949
t_num: 15 finish: 1473406963 410043986 start: 1473406960 911370037
t_num: 2 finish: 1473406963 529298539 start: 1473406960 736733201
t_num: 31 finish: 1473406963 598954950 start: 1473406961 283379424
t_num: 5 finish: 1473406963 659264310 start: 1473406960 559245441
t_num: 3 finish: 1473406963 932546385 start: 1473406961 385090889
t_num: 14 finish: 1473406964 45955003 start: 1473406961 974856242
t_num: 29 finish: 1473406964 46020350 start: 1473406962 10075802
t_num: 8 finish: 1473406964 172537010 start: 1473406962 427181661
t_num: 27 finish: 1473406964 173222147 start: 1473406961 159425667
t_num: 22 finish: 1473406964 613728711 start: 1473406960 365079648
t_num: 10 finish: 1473406964 752888594 start: 1473406962 155846253
t_num: 24 finish: 1473406964 774300126 start: 1473406962 264359925
t_num: 15 finish: 1473406965 508300233 start: 1473406963 410087395
t_num: 17 finish: 1473406965 947320874 start: 1473406962 826622363
t_num: 12 finish: 1473406966 181912955 start: 1473406963 232953434
t_num: 5 finish: 1473406966 467504321 start: 1473406963 659294782
t_num: 18 finish: 1473406966 490556514 start: 1473406964 209317154
t_num: 13 finish: 1473406966 490772097 start: 1473406962 937287479
t_num: 29 finish: 1473406966 490989328 start: 1473406964 46035440
t_num: 2 finish: 1473406966 700561345 start: 1473406963 529339958
t_num: 15 finish: 1473406966 982409456 start: 1473406965 508323863
t_num: 28 finish: 1473406966 983313739 start: 1473406963 357589320
t_num: 25 finish: 1473406966 984222230 start: 1473406964 774577246
t_num: 20 finish: 1473406967 175132323 start: 1473406964 45721266
t_num: 21 finish: 1473406967 203212255 start: 1473406964 626322223
t_num: 31 finish: 1473406967 463270726 start: 1473406964 789665283
t_num: 27 finish: 1473406967 487975722 start: 1473406965 895766204
t_num: 9 finish: 1473406967 888031889 start: 1473406963 598821105
t_num: 14 finish: 1473406968 141011057 start: 1473406964 623732469
t_num: 22 finish: 1473406968 729449321 start: 1473406964 613773251
t_num: 3 finish: 1473406968 982097845 start: 1473406963 932571004
t_num: 10 finish: 1473406969 61473575 start: 1473406964 752930046
t_num: 6 finish: 1473406969 75966809 start: 1473406964 926114562
t_num: 27 finish: 1473406969 104941692 start: 1473406967 487997155
t_num: 30 finish: 1473406969 131138621 start: 1473406966 181179340
t_num: 25 finish: 1473406969 180227704 start: 1473406966 984236461
t_num: 26 finish: 1473406969 717880550 start: 1473406966 422267056
t_num: 16 finish: 1473406969 720675050 start: 1473406965 578807069
t_num: 17 finish: 1473406969 735779024 start: 1473406966 942897078
t_num: 28 finish: 1473406969 959983738 start: 1473406966 983334605
t_num: 4 finish: 1473406969 987579007 start: 1473406967 375808167
t_num: 21 finish: 1473406970 62031789 start: 1473406967 203249945
t_num: 2 finish: 1473406970 92025063 start: 1473406967 418646729
t_num: 15 finish: 1473406970 118281609 start: 1473406966 982438556
t_num: 31 finish: 1473406970 118981663 start: 1473406967 463319173
t_num: 5 finish: 1473406970 119021720 start: 1473406967 375058791
t_num: 24 finish: 1473406970 197635117 start: 1473406968 661717206
t_num: 20 finish: 1473406970 243308767 start: 1473406967 424758339
t_num: 10 finish: 1473406970 991027403 start: 1473406969 61507713
t_num: 29 finish: 1473406971 684643134 start: 1473406967 948876226
t_num: 3 finish: 1473406971 684959796 start: 1473406968 982133508
t_num: 9 finish: 1473406971 799499268 start: 1473406968 850680113
t_num: 4 finish: 1473406971 929084915 start: 1473406969 987601147
t_num: 28 finish: 1473406971 994489805 start: 1473406969 960022624
t_num: 14 finish: 1473406971 997564154 start: 1473406969 584197763
t_num: 16 finish: 1473406971 997661326 start: 1473406969 720696061
t_num: 8 finish: 1473406972 209607871 start: 1473406970 285384620
t_num: 5 finish: 1473406973 396460261 start: 1473406970 119036422
t_num: 2 finish: 1473406973 396533511 start: 1473406970 92047205
t_num: 19 finish: 1473406973 400326478 start: 1473406969 718867248
t_num: 25 finish: 1473406973 403788618 start: 1473406969 993075758
t_num: 20 finish: 1473406973 405847683 start: 1473406971 82572233
t_num: 31 finish: 1473406973 407237923 start: 1473406971 81788050
t_num: 0 finish: 1473406973 465438560 start: 1473406969 469778539
t_num: 6 finish: 1473406973 507359156 start: 1473406969 76010104
t_num: 9 finish: 1473406973 524025355 start: 1473406971 799527729
t_num: 15 finish: 1473406973 524203669 start: 1473406970 118303651
t_num: 26 finish: 1473406973 645532540 start: 1473406971 29528086
t_num: 22 finish: 1473406973 807055136 start: 1473406972 705257467
t_num: 29 finish: 1473406974 74834672 start: 1473406971 684669261
t_num: 10 finish: 1473406974 161279752 start: 1473406972 315148846
t_num: 21 finish: 1473406974 161900973 start: 1473406971 684565824
t_num: 24 finish: 1473406974 161940263 start: 1473406971 82524338
t_num: 14 finish: 1473406974 308954978 start: 1473406971 997589374
t_num: 1 finish: 1473406974 677204776 start: 1473406971 866039449
t_num: 20 finish: 1473406974 697861989 start: 1473406973 405868788
t_num: 8 finish: 1473406975 40870146 start: 1473406973 629793081
t_num: 3 finish: 1473406975 42315917 start: 1473406971 684980073
t_num: 31 finish: 1473406975 42423839 start: 1473406973 407259055
t_num: 28 finish: 1473406975 214655149 start: 1473406971 994518411
t_num: 2 finish: 1473406975 416619256 start: 1473406973 662921942
t_num: 18 finish: 1473406975 510589502 start: 1473406972 57206257
t_num: 26 finish: 1473406975 615633275 start: 1473406973 645563426
t_num: 4 finish: 1473406976 231657924 start: 1473406973 424183012
t_num: 15 finish: 1473406976 962766283 start: 1473406974 593205293
t_num: 5 finish: 1473406977 254517135 start: 1473406973 396489912
t_num: 10 finish: 1473406977 350429811 start: 1473406975 82396182
t_num: 13 finish: 1473406977 482448081 start: 1473406974 706481666
t_num: 19 finish: 1473406977 485095131 start: 1473406973 400347353
t_num: 22 finish: 1473406977 486497667 start: 1473406973 807093192
t_num: 2 finish: 1473406977 490748299 start: 1473406975 416662164
t_num: 18 finish: 1473406977 991670702 start: 1473406975 510630760
t_num: 16 finish: 1473406978 718820453 start: 1473406975 228824354
t_num: 6 finish: 1473406978 719530590 start: 1473406975 39445647
t_num: 14 finish: 1473406978 719591608 start: 1473406977 34704191
t_num: 30 finish: 1473406979 433484229 start: 1473406976 649213721
t_num: 1 finish: 1473406979 510217803 start: 1473406974 677239661
t_num: 23 finish: 1473406979 533276207 start: 1473406977 23608131
t_num: 0 finish: 1473406979 603376609 start: 1473406974 165154693
t_num: 24 finish: 1473406979 710639222 start: 1473406974 161955833
t_num: 31 finish: 1473406979 826671402 start: 1473406975 282534514
t_num: 5 finish: 1473406979 943888957 start: 1473406977 254543277
t_num: 19 finish: 1473406980 319153651 start: 1473406977 485115818
t_num: 8 finish: 1473406980 362428118 start: 1473406977 989916383
t_num: 22 finish: 1473406980 466477703 start: 1473406977 486517524
t_num: 18 finish: 1473406980 524710724 start: 1473406977 991714406
t_num: 28 finish: 1473406980 702410143 start: 1473406975 214689403
t_num: 12 finish: 1473406980 965826340 start: 1473406976 411958966
t_num: 15 finish: 1473406981 54500679 start: 1473406977 991042041
t_num: 14 finish: 1473406981 153569080 start: 1473406978 719608644
t_num: 2 finish: 1473406981 444446147 start: 1473406977 490769658
t_num: 4 finish: 1473406981 703936353 start: 1473406977 437494480
t_num: 9 finish: 1473406981 704623224 start: 1473406979 211618600
t_num: 30 finish: 1473406981 830777832 start: 1473406979 433512973
t_num: 13 finish: 1473406982 52027029 start: 1473406977 647730753
t_num: 0 finish: 1473406982 169378515 start: 1473406980 490676976
t_num: 7 finish: 1473406982 321969230 start: 1473406980 818456900
t_num: 22 finish: 1473406982 411029134 start: 1473406981 279875552
t_num: 24 finish: 1473406982 485740092 start: 1473406979 710684505
t_num: 25 finish: 1473406982 736029732 start: 1473406980 272835238
t_num: 8 finish: 1473406982 823041131 start: 1473406980 362470151
t_num: 27 finish: 1473406982 823916145 start: 1473406978 142025231
t_num: 6 finish: 1473406982 823930467 start: 1473406978 719551884
t_num: 18 finish: 1473406983 378666248 start: 1473406980 524760990
t_num: 11 finish: 1473406983 414299220 start: 1473406979 149304526
t_num: 19 finish: 1473406983 675354643 start: 1473406980 319197203
t_num: 26 finish: 1473406983 865371626 start: 1473406981 872646500
t_num: 3 finish: 1473406983 867731902 start: 1473406981 437701477
t_num: 24 finish: 1473406983 867737172 start: 1473406982 485790152
t_num: 5 finish: 1473406983 867775881 start: 1473406979 943917359
t_num: 1 finish: 1473406983 902774496 start: 1473406980 213057965
t_num: 22 finish: 1473406984 91905515 start: 1473406982 687189373
t_num: 14 finish: 1473406984 148227529 start: 1473406981 589669373
t_num: 9 finish: 1473406984 186102966 start: 1473406981 704643876
t_num: 31 finish: 1473406984 186314445 start: 1473406981 974382856
t_num: 16 finish: 1473406984 400711123 start: 1473406980 512910606
t_num: 28 finish: 1473406984 437673278 start: 1473406980 702454970
t_num: 12 finish: 1473406984 918590859 start: 1473406981 872628609
t_num: 11 finish: 1473406985 399535001 start: 1473406983 414328782
t_num: 4 finish: 1473406985 399639404 start: 1473406982 394468906
t_num: 25 finish: 1473406985 489753530 start: 1473406982 736067381
t_num: 18 finish: 1473406985 609914090 start: 1473406984 186187327
t_num: 3 finish: 1473406985 657003927 start: 1473406983 867759173
t_num: 30 finish: 1473406986 11081546 start: 1473406982 669358039
t_num: 8 finish: 1473406986 244914002 start: 1473406982 823088420
t_num: 24 finish: 1473406986 886939274 start: 1473406983 867879818
t_num: 16 finish: 1473406987 6562742 start: 1473406984 400740711
t_num: 12 finish: 1473406987 503962543 start: 1473406986 214433723
t_num: 1 finish: 1473406987 503974486 start: 1473406985 494194956
t_num: 28 finish: 1473406987 504010919 start: 1473406984 437693126
t_num: 22 finish: 1473406987 504014632 start: 1473406984 91948350
t_num: 3 finish: 1473406987 893710171 start: 1473406985 657024585
t_num: 9 finish: 1473406987 894713937 start: 1473406984 186128226
t_num: 14 finish: 1473406988 784434850 start: 1473406984 148288169
t_num: 26 finish: 1473406988 831142577 start: 1473406987 342595349
t_num: 17 finish: 1473406988 831153081 start: 1473406985 440850566
t_num: 11 finish: 1473406989 101642571 start: 1473406985 399573640
t_num: 20 finish: 1473406989 194209421 start: 1473406987 514485242
t_num: 15 finish: 1473406989 296815674 start: 1473406986 312609885
t_num: 4 finish: 1473406989 330215387 start: 1473406986 405976060
t_num: 6 finish: 1473406989 331359166 start: 1473406986 408030978
t_num: 8 finish: 1473406989 361370319 start: 1473406986 244956861
t_num: 31 finish: 1473406989 362112484 start: 1473406986 10123063
t_num: 22 finish: 1473406989 536309144 start: 1473406987 504042297
t_num: 1 finish: 1473406989 607226024 start: 1473406987 504062107
t_num: 28 finish: 1473406990 59031070 start: 1473406987 504027817
t_num: 9 finish: 1473406990 77574540 start: 1473406987 894756777
t_num: 12 finish: 1473406990 77588533 start: 1473406987 503989080
t_num: 13 finish: 1473406990 182455101 start: 1473406986 359469956
t_num: 18 finish: 1473406990 472873851 start: 1473406987 343144836
t_num: 2 finish: 1473406990 929402231 start: 1473406987 901428611
t_num: 29 finish: 1473406991 9614198 start: 1473406988 731627499
t_num: 1 finish: 1473406991 41272474 start: 1473406989 607275458
t_num: 11 finish: 1473406991 460780840 start: 1473406989 692954798
t_num: 30 finish: 1473406991 461411301 start: 1473406990 22950027
t_num: 26 finish: 1473406991 495726530 start: 1473406988 831180630
t_num: 19 finish: 1473406992 2671210 start: 1473406989 362074788
t_num: 4 finish: 1473406992 153029002 start: 1473406990 317904598
t_num: 15 finish: 1473406992 232694952 start: 1473406989 296846450
t_num: 10 finish: 1473406992 359040605 start: 1473406989 85916035
t_num: 1 finish: 1473406992 455187314 start: 1473406991 41291541
t_num: 20 finish: 1473406992 733079313 start: 1473406989 194240276
t_num: 18 finish: 1473406992 734004309 start: 1473406990 472917194
t_num: 11 finish: 1473406992 744691225 start: 1473406991 460813043
t_num: 12 finish: 1473406992 745355366 start: 1473406991 10434913
t_num: 7 finish: 1473406992 912399757 start: 1473406991 300907893
t_num: 30 finish: 1473406992 995083746 start: 1473406991 461432467
t_num: 31 finish: 1473406993 477374862 start: 1473406990 318608992
t_num: 9 finish: 1473406993 478295358 start: 1473406990 77597784
t_num: 13 finish: 1473406993 733329376 start: 1473406990 182482414
t_num: 2 finish: 1473406993 733880126 start: 1473406990 929438648
t_num: 21 finish: 1473406993 901193700 start: 1473406990 766686064
t_num: 5 finish: 1473406994 441664956 start: 1473406992 567495481
t_num: 28 finish: 1473406994 442229333 start: 1473406991 272873329
t_num: 22 finish: 1473406994 465360030 start: 1473406992 225492276
t_num: 10 finish: 1473406994 466045146 start: 1473406992 359100514
t_num: 6 finish: 1473406994 565060225 start: 1473406991 488147469
t_num: 11 finish: 1473406994 702727966 start: 1473406993 308352380
t_num: 18 finish: 1473406994 802583035 start: 1473406992 734023708
t_num: 4 finish: 1473406994 820164650 start: 1473406992 153076386
t_num: 19 finish: 1473406994 835815342 start: 1473406992 2705826
t_num: 3 finish: 1473406995 245421743 start: 1473406993 245705859
t_num: 7 finish: 1473406995 246118214 start: 1473406993 760678280
t_num: 1 finish: 1473406995 355270932 start: 1473406993 110712104
t_num: 27 finish: 1473406995 393198824 start: 1473406992 277806489
t_num: 15 finish: 1473406996 292021652 start: 1473406992 610343311
t_num: 20 finish: 1473406996 326640802 start: 1473406993 935079652
t_num: 12 finish: 1473406996 428817650 start: 1473406993 247270704
t_num: 16 finish: 1473406996 605632365 start: 1473406993 609900547
t_num: 29 finish: 1473406996 897151877 start: 1473406992 733613637
t_num: 11 finish: 1473406996 897847073 start: 1473406994 702764642
t_num: 28 finish: 1473406997 245167957 start: 1473406995 64301160
t_num: 30 finish: 1473406997 455612535 start: 1473406994 820241279
t_num: 17 finish: 1473406997 462568646 start: 1473406993 881720224
t_num: 31 finish: 1473406997 462610693 start: 1473406993 477449721
t_num: 4 finish: 1473406997 551293222 start: 1473406994 820213614
t_num: 19 finish: 1473406997 552340901 start: 1473406995 688846926
t_num: 13 finish: 1473406997 831784769 start: 1473406996 107716050
t_num: 8 finish: 1473406998 162876712 start: 1473406994 835825569
t_num: 27 finish: 1473406998 192439704 start: 1473406995 393231958
t_num: 1 finish: 1473406998 347579668 start: 1473406995 355314491
t_num: 12 finish: 1473406998 416174152 start: 1473406996 428860143
t_num: 22 finish: 1473406998 484154669 start: 1473406994 465398887
t_num: 16 finish: 1473406998 783154280 start: 1473406996 605666088
t_num: 7 finish: 1473406998 784164155 start: 1473406996 659133103
t_num: 26 finish: 1473406998 848810073 start: 1473406994 820264047
t_num: 18 finish: 1473406999 300389293 start: 1473406994 802623438
t_num: 3 finish: 1473406999 305870327 start: 1473406996 761574768
t_num: 5 finish: 1473406999 346919061 start: 1473406996 830959196
t_num: 10 finish: 1473406999 579459554 start: 1473406996 773027678
t_num: 0 finish: 1473407000 409102719 start: 1473406997 14765224
t_num: 31 finish: 1473407001 2300573 start: 1473406997 462650010
t_num: 12 finish: 1473407001 52579425 start: 1473406998 416227255
t_num: 30 finish: 1473407001 52664770 start: 1473406997 455656950
t_num: 13 finish: 1473407001 165669575 start: 1473406997 831820473
t_num: 18 finish: 1473407001 220087449 start: 1473406999 300433997
t_num: 8 finish: 1473407001 272067595 start: 1473406999 47330921
t_num: 7 finish: 1473407001 272214429 start: 1473406999 700812615
t_num: 14 finish: 1473407001 272320218 start: 1473407000 38155515
t_num: 10 finish: 1473407001 273333790 start: 1473406999 579519487
t_num: 0 finish: 1473407001 357203433 start: 1473407000 409140563
t_num: 17 finish: 1473407001 374581238 start: 1473406998 69048510
t_num: 4 finish: 1473407001 419957871 start: 1473406997 551332924
t_num: 29 finish: 1473407001 460219540 start: 1473406999 304969744
t_num: 1 finish: 1473407001 519360076 start: 1473406998 347606706
t_num: 27 finish: 1473407001 584065419 start: 1473406998 306474363
t_num: 3 finish: 1473407001 640416164 start: 1473407000 85457718
t_num: 28 finish: 1473407001 967462054 start: 1473406998 289249380
t_num: 22 finish: 1473407002 494041738 start: 1473406998 484186039
t_num: 26 finish: 1473407002 499358542 start: 1473406998 848871231
t_num: 25 finish: 1473407002 579196813 start: 1473407000 783370584
t_num: 11 finish: 1473407002 779632897 start: 1473406999 309585592
t_num: 30 finish: 1473407002 869153766 start: 1473407001 52682987
t_num: 20 finish: 1473407002 975587709 start: 1473407000 357064393
t_num: 27 finish: 1473407003 173322625 start: 1473407001 584139686
t_num: 14 finish: 1473407003 177759426 start: 1473407001 272339653
t_num: 13 finish: 1473407003 552261569 start: 1473407001 165710422
t_num: 10 finish: 1473407003 611215325 start: 1473407001 273354373
t_num: 19 finish: 1473407003 612239622 start: 1473407000 83542605
t_num: 21 finish: 1473407003 700474785 start: 1473407001 328258155
t_num: 0 finish: 1473407004 308046470 start: 1473407001 357234191
t_num: 30 finish: 1473407004 422841934 start: 1473407002 869214764
t_num: 23 finish: 1473407004 537845506 start: 1473407000 546566720
t_num: 22 finish: 1473407004 696622797 start: 1473407002 494081714
t_num: 8 finish: 1473407004 842090514 start: 1473407003 698146406
t_num: 25 finish: 1473407004 843181330 start: 1473407002 579263271
t_num: 19 finish: 1473407004 943214648 start: 1473407003 612260113
t_num: 28 finish: 1473407004 944147889 start: 1473407001 967484704
t_num: 26 finish: 1473407005 373558930 start: 1473407002 499394969
t_num: 14 finish: 1473407005 696644303 start: 1473407003 177782082
t_num: 27 finish: 1473407005 719357901 start: 1473407003 173360021
t_num: 18 finish: 1473407005 744405340 start: 1473407004 421770072
t_num: 20 finish: 1473407006 102096405 start: 1473407002 975619904
t_num: 23 finish: 1473407006 176255232 start: 1473407004 537880861
t_num: 10 finish: 1473407006 348348071 start: 1473407003 611267035
t_num: 22 finish: 1473407006 348356866 start: 1473407004 696664922
t_num: 24 finish: 1473407006 348451292 start: 1473407003 401040276
t_num: 25 finish: 1473407006 348592489 start: 1473407004 843200915
t_num: 15 finish: 1473407006 373488928 start: 1473407004 588172806
t_num: 0 finish: 1473407006 414092822 start: 1473407004 308090058
t_num: 21 finish: 1473407006 441321660 start: 1473407004 52286663
t_num: 18 finish: 1473407006 467123892 start: 1473407005 744427668
t_num: 4 finish: 1473407007 545291740 start: 1473407003 750377284
t_num: 11 finish: 1473407007 562115597 start: 1473407005 358688204
t_num: 9 finish: 1473407008 37702103 start: 1473407005 28746903
t_num: 16 finish: 1473407008 45784686 start: 1473407004 841715351
t_num: 26 finish: 1473407008 266483875 start: 1473407006 99453642
t_num: 14 finish: 1473407008 267124362 start: 1473407005 696686976
t_num: 31 finish: 1473407008 363942939 start: 1473407005 845708382
t_num: 25 finish: 1473407008 389337544 start: 1473407006 348610394
t_num: 12 finish: 1473407008 416891248 start: 1473407004 748881088
t_num: 0 finish: 1473407008 416895911 start: 1473407006 414114458
t_num: 6 finish: 1473407008 527265521 start: 1473407007 127090605
t_num: 7 finish: 1473407008 962344780 start: 1473407006 224982146
t_num: 30 finish: 1473407009 15115654 start: 1473407007 711321068
t_num: 22 finish: 1473407009 208481931 start: 1473407006 348400280
t_num: 1 finish: 1473407009 290164555 start: 1473407007 44174163
t_num: 10 finish: 1473407009 490585188 start: 1473407006 348385873
t_num: 2 finish: 1473407009 795688183 start: 1473407007 40906831
t_num: 15 finish: 1473407009 873002454 start: 1473407008 45767195
t_num: 23 finish: 1473407009 915683448 start: 1473407006 176296041
t_num: 21 finish: 1473407009 990556931 start: 1473407007 398597119
t_num: 4 finish: 1473407010 557190384 start: 1473407007 545332211
t_num: 28 finish: 1473407010 559072922 start: 1473407008 668416210
t_num: 26 finish: 1473407010 582460863 start: 1473407008 266545652
t_num: 9 finish: 1473407010 725879111 start: 1473407008 321486288
t_num: 25 finish: 1473407010 813126116 start: 1473407008 389360009
t_num: 16 finish: 1473407011 211257920 start: 1473407008 326551903
t_num: 17 finish: 1473407011 304506213 start: 1473407009 136087908
t_num: 19 finish: 1473407011 305510213 start: 1473407009 787837430
t_num: 6 finish: 1473407011 306068204 start: 1473407009 317101828
t_num: 27 finish: 1473407011 325830774 start: 1473407007 88934457
t_num: 10 finish: 1473407011 416435083 start: 1473407009 490622942
t_num: 0 finish: 1473407011 776902318 start: 1473407008 416927449
t_num: 30 finish: 1473407011 890375837 start: 1473407009 15147804
t_num: 2 finish: 1473407012 97086711 start: 1473407010 809903901
t_num: 26 finish: 1473407012 168778875 start: 1473407010 582481283
t_num: 18 finish: 1473407012 350440747 start: 1473407008 196488393
t_num: 20 finish: 1473407012 350502511 start: 1473407008 319507396
t_num: 12 finish: 1473407012 362102895 start: 1473407008 416915745
t_num: 14 finish: 1473407012 406998049 start: 1473407010 529616206
t_num: 22 finish: 1473407012 631975900 start: 1473407009 208511453
t_num: 9 finish: 1473407012 632150999 start: 1473407010 725921762
t_num: 7 finish: 1473407012 978361446 start: 1473407009 369046098
t_num: 31 finish: 1473407013 664517554 start: 1473407009 437194676
t_num: 25 finish: 1473407013 709686359 start: 1473407010 813154405
t_num: 13 finish: 1473407013 733984894 start: 1473407010 486351543
t_num: 6 finish: 1473407013 748995095 start: 1473407011 306082152
t_num: 18 finish: 1473407013 949334240 start: 1473407012 350483370
t_num: 16 finish: 1473407014 339693635 start: 1473407011 211301319
t_num: 2 finish: 1473407014 342149994 start: 1473407013 9912787
t_num: 28 finish: 1473407014 343440715 start: 1473407011 755818075
t_num: 30 finish: 1473407014 550050412 start: 1473407013 326886281
t_num: 19 finish: 1473407014 551043025 start: 1473407011 305532254
t_num: 21 finish: 1473407014 553146641 start: 1473407012 168105816
t_num: 20 finish: 1473407014 559590117 start: 1473407012 350517994
t_num: 4 finish: 1473407014 639317850 start: 1473407012 152234666
t_num: 0 finish: 1473407014 946551170 start: 1473407011 776928746
t_num: 9 finish: 1473407015 691651309 start: 1473407012 632169245
t_num: 13 finish: 1473407015 749467258 start: 1473407013 734005985
t_num: 3 finish: 1473407015 817846818 start: 1473407012 440543326
t_num: 6 finish: 1473407015 840258548 start: 1473407014 306519660
t_num: 17 finish: 1473407015 840893143 start: 1473407013 155222891
t_num: 29 finish: 1473407016 414833797 start: 1473407012 853508904
t_num: 8 finish: 1473407016 533591094 start: 1473407013 9895630
t_num: 21 finish: 1473407016 534264849 start: 1473407014 553166430
t_num: 26 finish: 1473407016 900502574 start: 1473407012 168826137
t_num: 15 finish: 1473407017 269322521 start: 1473407013 770471834
t_num: 16 finish: 1473407017 386473850 start: 1473407014 339727751
t_num: 0 finish: 1473407017 416561864 start: 1473407015 328208443
t_num: 11 finish: 1473407017 421286051 start: 1473407013 411439402
t_num: 18 finish: 1473407017 421334748 start: 1473407014 254238281
t_num: 17 finish: 1473407017 422634612 start: 1473407015 840910193
t_num: 24 finish: 1473407017 424252060 start: 1473407013 701241456
t_num: 14 finish: 1473407017 429288410 start: 1473407015 258205581
t_num: 12 finish: 1473407017 565143672 start: 1473407013 919675691
t_num: 28 finish: 1473407017 565199970 start: 1473407015 182233090
t_num: 4 finish: 1473407017 891239639 start: 1473407014 639359727
t_num: 10 finish: 1473407017 985743496 start: 1473407016 30434487
t_num: 2 finish: 1473407018 35568673 start: 1473407015 225908565
t_num: 6 finish: 1473407018 244721165 start: 1473407015 840281466
t_num: 5 finish: 1473407018 656468514 start: 1473407015 437662293
t_num: 15 finish: 1473407019 273043384 start: 1473407017 269349937
t_num: 26 finish: 1473407019 276342865 start: 1473407016 900546502
t_num: 31 finish: 1473407019 276933421 start: 1473407014 518273231
t_num: 23 finish: 1473407019 393850690 start: 1473407017 194008260
t_num: 3 finish: 1473407019 394700426 start: 1473407016 155280169
t_num: 8 finish: 1473407019 395595300 start: 1473407016 533630840
t_num: 30 finish: 1473407020 588489927 start: 1473407017 488946354
t_num: 12 finish: 1473407020 626765578 start: 1473407017 565173611
t_num: 10 finish: 1473407020 713945665 start: 1473407017 985775379
t_num: 29 finish: 1473407020 714784975 start: 1473407017 654444295
t_num: 16 finish: 1473407021 174067785 start: 1473407017 988036578
t_num: 26 finish: 1473407021 236907019 start: 1473407019 276364828
t_num: 31 finish: 1473407021 237845490 start: 1473407019 276952663
t_num: 20 finish: 1473407021 762444047 start: 1473407017 790906825
t_num: 21 finish: 1473407021 765951943 start: 1473407017 624818286
t_num: 0 finish: 1473407021 787125390 start: 1473407017 416651497
t_num: 17 finish: 1473407021 787729958 start: 1473407017 625012576
t_num: 23 finish: 1473407022 57884899 start: 1473407019 830333021
t_num: 18 finish: 1473407022 97457036 start: 1473407019 70131300
t_num: 14 finish: 1473407022 273409050 start: 1473407020 226784328
t_num: 29 finish: 1473407022 275757975 start: 1473407020 714801398
t_num: 7 finish: 1473407022 582695325 start: 1473407020 666813460
t_num: 2 finish: 1473407022 604211944 start: 1473407018 684365235
t_num: 17 finish: 1473407022 877960749 start: 1473407021 787749897
t_num: 5 finish: 1473407022 905168771 start: 1473407020 174173691
t_num: 15 finish: 1473407022 905194346 start: 1473407019 801845018
t_num: 28 finish: 1473407022 905413708 start: 1473407018 948426434
t_num: 6 finish: 1473407022 905415746 start: 1473407019 182679551
t_num: 31 finish: 1473407022 905458086 start: 1473407021 237865107
t_num: 3 finish: 1473407022 953229615 start: 1473407019 394722232
t_num: 19 finish: 1473407023 198733528 start: 1473407021 82181761
t_num: 16 finish: 1473407023 264150577 start: 1473407021 944243211
t_num: 0 finish: 1473407023 787870193 start: 1473407021 787146708
t_num: 26 finish: 1473407023 788545226 start: 1473407022 70100190
t_num: 30 finish: 1473407023 854403437 start: 1473407022 851453010
t_num: 14 finish: 1473407023 880159653 start: 1473407022 273449823
t_num: 9 finish: 1473407024 645849 start: 1473407020 527068246
t_num: 18 finish: 1473407024 808410135 start: 1473407022 790849184
t_num: 13 finish: 1473407024 906210061 start: 1473407021 501491476
t_num: 6 finish: 1473407025 76885930 start: 1473407022 905475100
t_num: 5 finish: 1473407025 218719025 start: 1473407023 204311732
t_num: 20 finish: 1473407025 376560132 start: 1473407022 328992235
t_num: 29 finish: 1473407025 409381882 start: 1473407023 921416057
t_num: 15 finish: 1473407025 409407960 start: 1473407022 905226450
t_num: 17 finish: 1473407025 409445214 start: 1473407023 905949075
t_num: 21 finish: 1473407025 504480924 start: 1473407023 197854533
t_num: 0 finish: 1473407025 780280184 start: 1473407023 787913640
t_num: 12 finish: 1473407025 961490212 start: 1473407022 175724103
t_num: 7 finish: 1473407026 253959942 start: 1473407023 501875487
t_num: 19 finish: 1473407026 311688447 start: 1473407023 198757581
t_num: 10 finish: 1473407026 311734372 start: 1473407022 744667496
t_num: 26 finish: 1473407026 869391096 start: 1473407024 625199112
t_num: 15 finish: 1473407027 124916253 start: 1473407025 585165882
t_num: 14 finish: 1473407027 156495538 start: 1473407023 880200383
t_num: 20 finish: 1473407027 319611688 start: 1473407025 376602544
t_num: 16 finish: 1473407027 320884861 start: 1473407023 264191799
t_num: 18 finish: 1473407027 689177453 start: 1473407024 808475811
t_num: 12 finish: 1473407027 740064951 start: 1473407025 961533550
t_num: 6 finish: 1473407027 903003253 start: 1473407025 76924242
t_num: 2 finish: 1473407028 20025901 start: 1473407024 722917118
t_num: 3 finish: 1473407028 47730660 start: 1473407024 697819967
t_num: 10 finish: 1473407028 208976585 start: 1473407027 60312154
t_num: 24 finish: 1473407028 305496117 start: 1473407025 409481134
t_num: 21 finish: 1473407028 533718669 start: 1473407025 575626466
t_num: 29 finish: 1473407028 728966244 start: 1473407026 472700176
t_num: 13 finish: 1473407028 797441355 start: 1473407026 112426374
t_num: 4 finish: 1473407028 797442102 start: 1473407025 218789607
t_num: 22 finish: 1473407029 238688880 start: 1473407025 932923562
t_num: 19 finish: 1473407029 413660302 start: 1473407026 311716594
t_num: 11 finish: 1473407029 842437839 start: 1473407025 245631198
t_num: 8 finish: 1473407029 867059647 start: 1473407026 760516731
t_num: 14 finish: 1473407030 444204764 start: 1473407027 156535752
t_num: 0 finish: 1473407030 627794256 start: 1473407026 572533348
t_num: 16 finish: 1473407030 656944381 start: 1473407027 529825788
t_num: 13 finish: 1473407030 677337955 start: 1473407028 797474112
t_num: 21 finish: 1473407030 720153842 start: 1473407028 533758035
t_num: 15 finish: 1473407031 64577967 start: 1473407027 624241270
t_num: 1 finish: 1473407031 519266754 start: 1473407027 67003125
t_num: 5 finish: 1473407031 680553230 start: 1473407028 203564342
t_num: 2 finish: 1473407031 782824200 start: 1473407028 20066744
t_num: 20 finish: 1473407032 1594823 start: 1473407029 408727144
t_num: 25 finish: 1473407032 5038654 start: 1473407028 729117555
t_num: 10 finish: 1473407032 5822538 start: 1473407029 788451255
t_num: 29 finish: 1473407032 41246997 start: 1473407029 236671203
t_num: 19 finish: 1473407032 247557575 start: 1473407029 413688021
t_num: 4 finish: 1473407032 295752203 start: 1473407029 844440413
t_num: 14 finish: 1473407032 328348767 start: 1473407030 444238884
t_num: 31 finish: 1473407032 845334198 start: 1473407029 685643320
t_num: 24 finish: 1473407032 907459010 start: 1473407028 305529424
t_num: 8 finish: 1473407032 907469455 start: 1473407029 867086558
t_num: 23 finish: 1473407033 152268356 start: 1473407029 412446002
t_num: 9 finish: 1473407033 170344386 start: 1473407031 422340830
t_num: 13 finish: 1473407033 173829663 start: 1473407031 782214456
t_num: 18 finish: 1473407033 334088809 start: 1473407030 485785690
t_num: 6 finish: 1473407033 334093281 start: 1473407030 339473991
t_num: 21 finish: 1473407033 704392063 start: 1473407031 782673836
t_num: 0 finish: 1473407033 877672881 start: 1473407030 627821940
t_num: 4 finish: 1473407033 930769773 start: 1473407032 295779980
t_num: 31 finish: 1473407034 989337620 start: 1473407032 845374268
t_num: 30 finish: 1473407034 990161769 start: 1473407032 805441757
t_num: 28 finish: 1473407034 992335328 start: 1473407031 549551090
t_num: 9 finish: 1473407034 992393296 start: 1473407033 170365893
t_num: 20 finish: 1473407035 297065459 start: 1473407032 806277778
t_num: 2 finish: 1473407035 428668440 start: 1473407031 782850354
t_num: 10 finish: 1473407035 464893064 start: 1473407032 5843187
t_num: 18 finish: 1473407035 464986522 start: 1473407033 334135227
t_num: 19 finish: 1473407035 465028472 start: 1473407032 247590023
t_num: 27 finish: 1473407035 585990501 start: 1473407032 734357477
t_num: 17 finish: 1473407036 130828839 start: 1473407032 697923584
t_num: 25 finish: 1473407036 133761115 start: 1473407033 840345769
t_num: 4 finish: 1473407036 135710829 start: 1473407033 930794152
t_num: 5 finish: 1473407036 172447061 start: 1473407033 259395362
t_num: 13 finish: 1473407036 846086771 start: 1473407033 173848405
t_num: 29 finish: 1473407036 846829946 start: 1473407032 907538169
t_num: 14 finish: 1473407036 974049158 start: 1473407033 288711364
t_num: 7 finish: 1473407036 982838171 start: 1473407035 338314413
t_num: 31 finish: 1473407037 201074879 start: 1473407034 989395923
t_num: 28 finish: 1473407037 880143658 start: 1473407034 992355354
t_num: 4 finish: 1473407037 967122552 start: 1473407036 135731133
t_num: 21 finish: 1473407038 192730567 start: 1473407035 657694021
t_num: 24 finish: 1473407038 204543472 start: 1473407033 840947056
t_num: 0 finish: 1473407038 414963384 start: 1473407035 226267585
t_num: 27 finish: 1473407038 623214332 start: 1473407036 645714754
t_num: 10 finish: 1473407038 658738481 start: 1473407035 464945837
t_num: 9 finish: 1473407038 733024085 start: 1473407036 844274276
t_num: 1 finish: 1473407038 733636172 start: 1473407036 239266350
t_num: 3 finish: 1473407038 754824382 start: 1473407035 837559096
t_num: 30 finish: 1473407038 973223279 start: 1473407036 137059677
t_num: 23 finish: 1473407038 997566952 start: 1473407035 931324166
t_num: 17 finish: 1473407039 233905171 start: 1473407036 130878171
t_num: 5 finish: 1473407039 245689546 start: 1473407036 172483655
t_num: 20 finish: 1473407039 294368436 start: 1473407037 81718884
t_num: 4 finish: 1473407039 737055461 start: 1473407038 261450252
t_num: 28 finish: 1473407039 761907471 start: 1473407037 880183925
t_num: 19 finish: 1473407039 762144084 start: 1473407036 409015213
t_num: 2 finish: 1473407039 794587455 start: 1473407036 969224152
t_num: 29 finish: 1473407039 890056901 start: 1473407038 653521025
t_num: 13 finish: 1473407039 996811247 start: 1473407038 466222900
t_num: 7 finish: 1473407040 343510647 start: 1473407036 982855219
t_num: 1 finish: 1473407040 344596528 start: 1473407038 733650763
t_num: 25 finish: 1473407040 348407673 start: 1473407037 806539710
t_num: 9 finish: 1473407040 902494680 start: 1473407038 733061197
t_num: 21 finish: 1473407040 902638183 start: 1473407038 192764997
t_num: 10 finish: 1473407041 39385867 start: 1473407038 658758797
t_num: 17 finish: 1473407041 224473238 start: 1473407039 233936007
t_num: 11 finish: 1473407041 234104030 start: 1473407038 587801473
t_num: 23 finish: 1473407041 670206108 start: 1473407039 761983246
t_num: 29 finish: 1473407041 790353536 start: 1473407039 890082575
t_num: 20 finish: 1473407041 831595883 start: 1473407039 294398698
t_num: 28 finish: 1473407041 925446763 start: 1473407039 761932656
t_num: 7 finish: 1473407042 251190762 start: 1473407040 343551089
t_num: 10 finish: 1473407042 392887888 start: 1473407041 39412249
t_num: 19 finish: 1473407042 578289701 start: 1473407039 762162035
t_num: 5 finish: 1473407042 687225535 start: 1473407040 348370168
t_num: 9 finish: 1473407042 736924118 start: 1473407040 902586612
t_num: 6 finish: 1473407042 737620450 start: 1473407039 819703271
t_num: 4 finish: 1473407042 891079403 start: 1473407041 48285158
t_num: 25 finish: 1473407043 167047784 start: 1473407040 348427297
t_num: 12 finish: 1473407043 170034976 start: 1473407040 735322581
t_num: 8 finish: 1473407043 569860342 start: 1473407041 617675629
t_num: 17 finish: 1473407043 607798428 start: 1473407041 548541331
t_num: 27 finish: 1473407043 618003582 start: 1473407038 623243540
t_num: 2 finish: 1473407043 713109074 start: 1473407039 794612874
t_num: 14 finish: 1473407043 747155210 start: 1473407041 56072280
t_num: 0 finish: 1473407043 788663924 start: 1473407042 237381373
t_num: 13 finish: 1473407043 799398957 start: 1473407039 996857481
t_num: 21 finish: 1473407044 313291816 start: 1473407041 553060597
t_num: 26 finish: 1473407044 395600164 start: 1473407041 271853058
t_num: 10 finish: 1473407044 691594447 start: 1473407042 392928776
t_num: 22 finish: 1473407044 792816060 start: 1473407042 173498859
t_num: 5 finish: 1473407044 792819597 start: 1473407043 706791447
t_num: 7 finish: 1473407044 904758257 start: 1473407042 251232135
t_num: 4 finish: 1473407044 909860100 start: 1473407043 396113763
t_num: 9 finish: 1473407044 911897803 start: 1473407043 192132919
t_num: 12 finish: 1473407044 958755921 start: 1473407043 170056173
t_num: 17 finish: 1473407044 984723413 start: 1473407043 759642613
t_num: 28 finish: 1473407045 220011762 start: 1473407041 925484200
t_num: 29 finish: 1473407045 398289161 start: 1473407042 859618989
t_num: 26 finish: 1473407045 763078243 start: 1473407044 395642039
t_num: 20 finish: 1473407045 780286067 start: 1473407042 795615038
t_num: 14 finish: 1473407045 918223751 start: 1473407043 747178266
t_num: 23 finish: 1473407046 67225225 start: 1473407042 664315385
t_num: 2 finish: 1473407046 242916647 start: 1473407043 713135806
t_num: 11 finish: 1473407046 442560401 start: 1473407042 847416423
t_num: 13 finish: 1473407046 665753409 start: 1473407045 185910828
t_num: 9 finish: 1473407046 761514777 start: 1473407044 911918135
t_num: 29 finish: 1473407047 317415186 start: 1473407045 398336259
t_num: 21 finish: 1473407047 521930661 start: 1473407044 313362836
t_num: 27 finish: 1473407047 731085557 start: 1473407044 314125161
t_num: 0 finish: 1473407047 795276771 start: 1473407043 788686737
t_num: 12 finish: 1473407047 867324204 start: 1473407044 958799496
t_num: 2 finish: 1473407048 437671765 start: 1473407046 242945100
t_num: 16 finish: 1473407048 478577984 start: 1473407045 769216545
t_num: 10 finish: 1473407048 479733645 start: 1473407046 185111529
t_num: 3 finish: 1473407048 833785345 start: 1473407045 771614422
t_num: 12 finish: 1473407048 835390821 start: 1473407047 867366870
t_num: 15 finish: 1473407048 925430950 start: 1473407046 110469234
t_num: 23 finish: 1473407048 926287170 start: 1473407046 67253379
t_num: 5 finish: 1473407048 926550935 start: 1473407046 83365346
t_num: 20 finish: 1473407048 971265210 start: 1473407046 441630546
t_num: 11 finish: 1473407049 52064457 start: 1473407047 381769639
t_num: 22 finish: 1473407049 52277266 start: 1473407046 7306881
t_num: 24 finish: 1473407049 52475211 start: 1473407046 113715279
t_num: 14 finish: 1473407049 342102856 start: 1473407047 589051156
t_num: 18 finish: 1473407049 439475662 start: 1473407047 908962830
t_num: 2 finish: 1473407049 777634500 start: 1473407048 437709988
t_num: 7 finish: 1473407049 871105789 start: 1473407046 364526501
t_num: 31 finish: 1473407050 42699364 start: 1473407047 500004844
t_num: 26 finish: 1473407050 356736468 start: 1473407047 57787524
t_num: 25 finish: 1473407050 464486303 start: 1473407048 400039806
t_num: 27 finish: 1473407050 479761576 start: 1473407048 863486433
t_num: 29 finish: 1473407050 479968352 start: 1473407048 308270968
t_num: 16 finish: 1473407050 502472760 start: 1473407048 478613823
t_num: 15 finish: 1473407050 502552083 start: 1473407048 925464878
t_num: 30 finish: 1473407050 671582984 start: 1473407048 724082191
t_num: 12 finish: 1473407050 914056431 start: 1473407048 835412361
t_num: 13 finish: 1473407051 350513005 start: 1473407049 740191617
t_num: 23 finish: 1473407051 426684445 start: 1473407048 926309001
t_num: 11 finish: 1473407051 496967911 start: 1473407049 52090850
t_num: 22 finish: 1473407051 969137266 start: 1473407049 52296645
t_num: 18 finish: 1473407052 31565538 start: 1473407049 439508419
t_num: 8 finish: 1473407052 87165208 start: 1473407049 482906237
t_num: 20 finish: 1473407052 176690606 start: 1473407050 582223822
t_num: 1 finish: 1473407052 220865376 start: 1473407050 357802214
t_num: 24 finish: 1473407052 744518333 start: 1473407049 188157649
t_num: 16 finish: 1473407052 848283989 start: 1473407050 502515877
t_num: 3 finish: 1473407052 871282481 start: 1473407050 329081476
t_num: 5 finish: 1473407052 943962628 start: 1473407050 539132447
t_num: 31 finish: 1473407053 446520712 start: 1473407050 42740572
t_num: 23 finish: 1473407053 621926552 start: 1473407051 426728852
t_num: 29 finish: 1473407053 641495117 start: 1473407051 182848669
t_num: 12 finish: 1473407053 642059060 start: 1473407050 914091476
t_num: 13 finish: 1473407053 857005759 start: 1473407051 350554208
t_num: 27 finish: 1473407054 122618475 start: 1473407050 970105773
t_num: 2 finish: 1473407054 123619829 start: 1473407050 807826519
t_num: 8 finish: 1473407054 368605730 start: 1473407052 87249199
t_num: 25 finish: 1473407054 448603628 start: 1473407052 548137856
t_num: 6 finish: 1473407054 498658395 start: 1473407051 770584296
t_num: 24 finish: 1473407054 665494180 start: 1473407052 744580514
t_num: 12 finish: 1473407054 666077103 start: 1473407053 642079139
t_num: 1 finish: 1473407055 94178350 start: 1473407053 617828434
t_num: 9 finish: 1473407055 96642346 start: 1473407052 128375492
t_num: 18 finish: 1473407055 171240230 start: 1473407052 31597343
t_num: 16 finish: 1473407055 457946074 start: 1473407052 848323518
t_num: 31 finish: 1473407055 624265706 start: 1473407053 446555127
t_num: 5 finish: 1473407055 707881299 start: 1473407052 944042723
t_num: 17 finish: 1473407055 792550806 start: 1473407053 970066941
t_num: 27 finish: 1473407055 792606307 start: 1473407054 122646590
t_num: 13 finish: 1473407055 814343769 start: 1473407054 909114356
t_num: 21 finish: 1473407056 140949384 start: 1473407053 74678467
t_num: 3 finish: 1473407056 153532498 start: 1473407054 332550161
t_num: 4 finish: 1473407057 46199822 start: 1473407054 168038605
t_num: 7 finish: 1473407057 46836785 start: 1473407053 768419486
t_num: 9 finish: 1473407057 47485800 start: 1473407055 96662774
t_num: 30 finish: 1473407057 47493877 start: 1473407054 118211203
t_num: 8 finish: 1473407057 278343945 start: 1473407054 368644242
t_num: 6 finish: 1473407057 618233425 start: 1473407055 621355245
t_num: 15 finish: 1473407057 758100079 start: 1473407056 455959190
t_num: 5 finish: 1473407057 849643276 start: 1473407055 707917510
t_num: 21 finish: 1473407058 121092695 start: 1473407056 140982711
t_num: 19 finish: 1473407058 144595483 start: 1473407055 662263582
t_num: 24 finish: 1473407058 149623063 start: 1473407054 665535325
t_num: 23 finish: 1473407058 555703306 start: 1473407055 751457770
t_num: 11 finish: 1473407058 584919791 start: 1473407056 741938035
t_num: 7 finish: 1473407058 585036668 start: 1473407057 46857020
t_num: 1 finish: 1473407058 809682056 start: 1473407056 554764341
t_num: 17 finish: 1473407058 875872644 start: 1473407055 792581034
t_num: 31 finish: 1473407058 875887295 start: 1473407055 624294539
t_num: 2 finish: 1473407059 62882258 start: 1473407055 848036684
t_num: 18 finish: 1473407059 75426861 start: 1473407055 171275175
t_num: 4 finish: 1473407059 75612931 start: 1473407057 46237069
t_num: 26 finish: 1473407059 75688400 start: 1473407056 794236796
t_num: 9 finish: 1473407059 106612660 start: 1473407057 47507713
t_num: 24 finish: 1473407059 738527844 start: 1473407058 149641650
t_num: 19 finish: 1473407059 937378027 start: 1473407058 144619874
t_num: 25 finish: 1473407059 938048605 start: 1473407055 814328001
t_num: 15 finish: 1473407060 31858963 start: 1473407057 758140397
t_num: 17 finish: 1473407060 136988079 start: 1473407058 875930715
t_num: 10 finish: 1473407060 249448520 start: 1473407058 637889109
t_num: 21 finish: 1473407060 737672765 start: 1473407058 121116302
t_num: 3 finish: 1473407060 741096435 start: 1473407057 538152847
t_num: 20 finish: 1473407060 796724709 start: 1473407059 398581272
t_num: 28 finish: 1473407060 833405913 start: 1473407058 661910010
t_num: 4 finish: 1473407060 871313510 start: 1473407059 75637980
t_num: 13 finish: 1473407060 983361698 start: 1473407057 545755433
t_num: 25 finish: 1473407061 386000775 start: 1473407059 938068574
t_num: 11 finish: 1473407061 616468626 start: 1473407058 584944749
t_num: 8 finish: 1473407061 707071273 start: 1473407059 729570927
t_num: 7 finish: 1473407061 707741301 start: 1473407059 571418440
t_num: 1 finish: 1473407061 946564445 start: 1473407058 809722997
t_num: 6 finish: 1473407062 25809824 start: 1473407059 395354279
t_num: 22 finish: 1473407062 26405526 start: 1473407059 151787000
t_num: 2 finish: 1473407062 48453377 start: 1473407059 62926796
t_num: 26 finish: 1473407062 141974748 start: 1473407059 849397589
t_num: 14 finish: 1473407062 232433363 start: 1473407059 845953277
t_num: 17 finish: 1473407062 267824306 start: 1473407060 137023788
t_num: 19 finish: 1473407062 985759238 start: 1473407060 383331836
t_num: 1 finish: 1473407063 707281863 start: 1473407061 946598567
t_num: 20 finish: 1473407063 745267843 start: 1473407060 796750058
t_num: 21 finish: 1473407063 853970814 start: 1473407060 737738695
t_num: 13 finish: 1473407064 239811306 start: 1473407060 983406050
t_num: 16 finish: 1473407064 303640135 start: 1473407062 232220453
t_num: 31 finish: 1473407064 372589799 start: 1473407062 17418951
t_num: 28 finish: 1473407064 495624274 start: 1473407062 389282999
t_num: 26 finish: 1473407064 758229574 start: 1473407062 142010241
t_num: 30 finish: 1473407064 889990568 start: 1473407063 311847691
t_num: 15 finish: 1473407064 889997997 start: 1473407061 281613829
t_num: 22 finish: 1473407064 890052229 start: 1473407062 26420822
t_num: 25 finish: 1473407065 252964070 start: 1473407062 583532402
t_num: 29 finish: 1473407065 332693206 start: 1473407062 117365113
t_num: 9 finish: 1473407065 393681335 start: 1473407062 819960216
t_num: 6 finish: 1473407065 429264556 start: 1473407062 25837679
t_num: 8 finish: 1473407065 510855181 start: 1473407062 25485413
t_num: 2 finish: 1473407065 939838042 start: 1473407062 490300209
t_num: 17 finish: 1473407066 79625954 start: 1473407062 267848771
t_num: 19 finish: 1473407066 80538265 start: 1473407062 985796939
t_num: 12 finish: 1473407066 98427801 start: 1473407064 6270249
t_num: 4 finish: 1473407066 264059046 start: 1473407063 851636627
t_num: 20 finish: 1473407066 664666959 start: 1473407063 745305536
t_num: 15 finish: 1473407066 870647262 start: 1473407064 890056350
t_num: 29 finish: 1473407067 328387560 start: 1473407065 332726076
t_num: 23 finish: 1473407067 641824297 start: 1473407064 935663744
t_num: 22 finish: 1473407067 650356388 start: 1473407064 890065128
t_num: 1 finish: 1473407067 897812651 start: 1473407064 374802659
t_num: 25 finish: 1473407067 903148240 start: 1473407065 253015567
t_num: 30 finish: 1473407067 905059168 start: 1473407064 890035021
t_num: 31 finish: 1473407067 905477311 start: 1473407066 7103850
t_num: 6 finish: 1473407067 993563145 start: 1473407066 192847498
t_num: 2 finish: 1473407067 993635772 start: 1473407065 939883912
t_num: 28 finish: 1473407068 18599013 start: 1473407064 495646717
t_num: 26 finish: 1473407068 198503892 start: 1473407064 758272577
t_num: 27 finish: 1473407068 447933197 start: 1473407064 663545193
t_num: 17 finish: 1473407068 578448064 start: 1473407066 79667551
t_num: 18 finish: 1473407068 678311633 start: 1473407065 178485439
t_num: 15 finish: 1473407068 741840390 start: 1473407066 870708114
t_num: 9 finish: 1473407069 45038443 start: 1473407065 393709736
t_num: 29 finish: 1473407069 72968825 start: 1473407067 328432667
t_num: 5 finish: 1473407069 354012241 start: 1473407067 636946949
t_num: 16 finish: 1473407069 355900166 start: 1473407066 488201249
t_num: 4 finish: 1473407069 484940069 start: 1473407066 802266510
t_num: 22 finish: 1473407069 485536932 start: 1473407067 650379203
t_num: 1 finish: 1473407069 511955659 start: 1473407067 897850938
t_num: 23 finish: 1473407069 514445870 start: 1473407068 18458758
t_num: 19 finish: 1473407069 882212134 start: 1473407066 478416595
t_num: 20 finish: 1473407070 319881785 start: 1473407067 406914224
t_num: 30 finish: 1473407070 416736055 start: 1473407068 805344273
t_num: 8 finish: 1473407070 420897905 start: 1473407066 801568167
t_num: 6 finish: 1473407070 420955994 start: 1473407068 70908025
t_num: 26 finish: 1473407070 743366654 start: 1473407069 192078009
t_num: 10 finish: 1473407070 792871932 start: 1473407067 808617359
t_num: 23 finish: 1473407071 221562077 start: 1473407069 514466236
t_num: 27 finish: 1473407071 284023730 start: 1473407069 45836628
t_num: 2 finish: 1473407071 409402683 start: 1473407067 993656154
t_num: 28 finish: 1473407071 646138501 start: 1473407068 814326524
t_num: 15 finish: 1473407071 646141375 start: 1473407068 741861285
t_num: 19 finish: 1473407071 646191574 start: 1473407069 882240167
t_num: 3 finish: 1473407071 646485335 start: 1473407068 505155694
t_num: 5 finish: 1473407071 646490370 start: 1473407069 737079589
t_num: 6 finish: 1473407071 646527126 start: 1473407070 420970648
t_num: 9 finish: 1473407071 646583499 start: 1473407069 45079812
t_num: 14 finish: 1473407071 683191519 start: 1473407068 727304046
t_num: 18 finish: 1473407071 686302928 start: 1473407069 220162041
t_num: 20 finish: 1473407072 580357879 start: 1473407070 319919952
t_num: 26 finish: 1473407072 787075635 start: 1473407070 743409739
t_num: 11 finish: 1473407073 219186898 start: 1473407070 423612708
t_num: 27 finish: 1473407073 219956761 start: 1473407071 284052655
t_num: 23 finish: 1473407073 257165583 start: 1473407071 221596063
t_num: 4 finish: 1473407073 259283143 start: 1473407069 484980281
t_num: 16 finish: 1473407073 260255557 start: 1473407069 355921812
t_num: 9 finish: 1473407073 277681480 start: 1473407071 646598866
t_num: 2 finish: 1473407073 398596274 start: 1473407071 409432877
t_num: 17 finish: 1473407073 405944031 start: 1473407071 277204868
t_num: 3 finish: 1473407073 497635740 start: 1473407071 646506867
t_num: 24 finish: 1473407073 696118785 start: 1473407072 17122258
t_num: 5 finish: 1473407073 908031850 start: 1473407071 869210025
t_num: 27 finish: 1473407074 839234948 start: 1473407073 219974828
t_num: 1 finish: 1473407074 918090092 start: 1473407071 440378907
t_num: 6 finish: 1473407074 980360055 start: 1473407071 646542870
t_num: 30 finish: 1473407075 51373458 start: 1473407072 540115344
t_num: 14 finish: 1473407075 82691001 start: 1473407072 169244595
t_num: 20 finish: 1473407075 126361508 start: 1473407073 836803711
t_num: 13 finish: 1473407075 237473005 start: 1473407071 764144412
t_num: 8 finish: 1473407075 281333136 start: 1473407072 439568600
t_num: 24 finish: 1473407075 492030914 start: 1473407073 696152947
t_num: 16 finish: 1473407075 492779769 start: 1473407073 260294621
t_num: 11 finish: 1473407075 492855431 start: 1473407073 836776604
t_num: 26 finish: 1473407075 828112009 start: 1473407072 787116672
t_num: 19 finish: 1473407075 951658078 start: 1473407072 906293552
t_num: 3 finish: 1473407075 997754669 start: 1473407073 497666800
t_num: 17 finish: 1473407076 13600320 start: 1473407073 405971852
t_num: 18 finish: 1473407076 13726083 start: 1473407071 686321403
t_num: 4 finish: 1473407076 271152120 start: 1473407073 259305734
t_num: 28 finish: 1473407076 482488351 start: 1473407073 341924651
t_num: 7 finish: 1473407076 862904986 start: 1473407074 358112953
t_num: 21 finish: 1473407077 285946956 start: 1473407075 52333273
t_num: 26 finish: 1473407077 289880047 start: 1473407075 828137111
t_num: 0 finish: 1473407077 482409631 start: 1473407074 792299588
t_num: 23 finish: 1473407077 629353552 start: 1473407073 257189204
t_num: 20 finish: 1473407077 665972853 start: 1473407075 126398112
t_num: 29 finish: 1473407078 341645179 start: 1473407075 827205569
t_num: 30 finish: 1473407078 342568460 start: 1473407075 954737254
t_num: 11 finish: 1473407078 614458663 start: 1473407075 492871483
t_num: 6 finish: 1473407078 673771611 start: 1473407075 200134311
t_num: 24 finish: 1473407078 762125918 start: 1473407076 121940308
t_num: 16 finish: 1473407078 767083069 start: 1473407075 492815330
t_num: 3 finish: 1473407079 77092392 start: 1473407076 567357903
t_num: 18 finish: 1473407079 77727757 start: 1473407076 13747419
t_num: 9 finish: 1473407079 77788908 start: 1473407075 789285728
t_num: 1 finish: 1473407079 394522106 start: 1473407076 220176757
t_num: 27 finish: 1473407079 615823103 start: 1473407075 954693128
t_num: 20 finish: 1473407079 631593128 start: 1473407077 666001431
t_num: 22 finish: 1473407079 692665038 start: 1473407077 141326779
t_num: 0 finish: 1473407079 741029764 start: 1473407077 482450223
t_num: 13 finish: 1473407079 944113708 start: 1473407078 250179802
t_num: 21 finish: 1473407079 974553003 start: 1473407077 285974923
t_num: 14 finish: 1473407080 252477235 start: 1473407076 694155500
t_num: 30 finish: 1473407080 422742792 start: 1473407078 342587771
t_num: 31 finish: 1473407080 508794494 start: 1473407078 383477837
t_num: 26 finish: 1473407080 608977411 start: 1473407077 394558531
t_num: 9 finish: 1473407080 637544835 start: 1473407079 77807376
t_num: 15 finish: 1473407081 202826311 start: 1473407078 937259044
t_num: 11 finish: 1473407081 203550408 start: 1473407079 221663264
t_num: 4 finish: 1473407081 260020014 start: 1473407077 333477285
t_num: 13 finish: 1473407081 837541439 start: 1473407079 944158459
t_num: 7 finish: 1473407081 838332543 start: 1473407078 342702469
t_num: 12 finish: 1473407081 838367879 start: 1473407078 89079641
t_num: 29 finish: 1473407082 140746684 start: 1473407078 341687115
t_num: 22 finish: 1473407082 234821320 start: 1473407080 638196479
t_num: 1 finish: 1473407082 694322273 start: 1473407079 394556381
t_num: 27 finish: 1473407082 944780685 start: 1473407079 615860363
t_num: 30 finish: 1473407082 965963430 start: 1473407080 638684702
t_num: 24 finish: 1473407083 57217854 start: 1473407079 75740601
t_num: 21 finish: 1473407083 138511449 start: 1473407079 974583712
t_num: 17 finish: 1473407083 139690802 start: 1473407079 311090324
t_num: 13 finish: 1473407083 165423795 start: 1473407081 837565069
t_num: 6 finish: 1473407083 686305509 start: 1473407080 262863117
t_num: 12 finish: 1473407083 686393757 start: 1473407081 946242997
t_num: 4 finish: 1473407083 759687372 start: 1473407081 260063090
t_num: 31 finish: 1473407084 86786661 start: 1473407081 889480937
t_num: 14 finish: 1473407084 290674931 start: 1473407081 240065294
t_num: 18 finish: 1473407084 295558527 start: 1473407080 458645030
t_num: 25 finish: 1473407084 297366421 start: 1473407081 861388276
t_num: 24 finish: 1473407084 297785256 start: 1473407083 57242835
t_num: 5 finish: 1473407084 333513127 start: 1473407081 167889902
t_num: 15 finish: 1473407084 631574315 start: 1473407081 202852264
t_num: 2 finish: 1473407084 691403136 start: 1473407083 269248859
t_num: 23 finish: 1473407085 126384386 start: 1473407082 139785767
t_num: 27 finish: 1473407085 131662599 start: 1473407083 269284187
t_num: 11 finish: 1473407085 612664646 start: 1473407082 509259813
t_num: 29 finish: 1473407085 829893193 start: 1473407082 625643757
t_num: 6 finish: 1473407085 830584847 start: 1473407084 289378791
t_num: 22 finish: 1473407085 831348699 start: 1473407082 234857521
t_num: 8 finish: 1473407085 831491803 start: 1473407081 364827825
t_num: 17 finish: 1473407085 832081365 start: 1473407083 640396780
t_num: 28 finish: 1473407085 842938523 start: 1473407083 474646410
t_num: 12 finish: 1473407085 930284191 start: 1473407083 686425310
t_num: 19 finish: 1473407086 95251447 start: 1473407085 125193890
t_num: 13 finish: 1473407086 179428554 start: 1473407083 165445281
t_num: 21 finish: 1473407086 368056854 start: 1473407083 138547189
t_num: 4 finish: 1473407087 308516601 start: 1473407083 759713608
t_num: 18 finish: 1473407087 507399666 start: 1473407084 295580256
t_num: 31 finish: 1473407087 516744832 start: 1473407084 86818016
t_num: 15 finish: 1473407087 749678049 start: 1473407084 631616189
t_num: 5 finish: 1473407087 777538779 start: 1473407085 442156337
t_num: 16 finish: 1473407087 797688377 start: 1473407086 267746609
t_num: 27 finish: 1473407087 798692418 start: 1473407086 708842387
t_num: 2 finish: 1473407087 817842391 start: 1473407084 691439841
t_num: 28 finish: 1473407087 833290059 start: 1473407085 842958974
t_num: 3 finish: 1473407087 886379064 start: 1473407086 107233725
t_num: 4 finish: 1473407087 950905957 start: 1473407087 308559793
t_num: 25 finish: 1473407088 96324011 start: 1473407085 442175526
t_num: 29 finish: 1473407088 96536244 start: 1473407085 829937547
t_num: 10 finish: 1473407088 691526121 start: 1473407086 707772125
t_num: 30 finish: 1473407088 721611311 start: 1473407086 180014095
t_num: 23 finish: 1473407088 857278822 start: 1473407086 5319065
t_num: 22 finish: 1473407089 41849206 start: 1473407085 831369187
t_num: 14 finish: 1473407089 77413331 start: 1473407085 850044187
t_num: 0 finish: 1473407089 574045083 start: 1473407086 514185531
t_num: 21 finish: 1473407089 628510704 start: 1473407086 770862538
t_num: 6 finish: 1473407089 742588316 start: 1473407087 320922108
t_num: 19 finish: 1473407089 939800640 start: 1473407086 95292739
t_num: 11 finish: 1473407090 209457163 start: 1473407086 708826864
t_num: 29 finish: 1473407090 295112819 start: 1473407088 96553800
t_num: 3 finish: 1473407090 295721382 start: 1473407088 516850458
t_num: 4 finish: 1473407090 295730699 start: 1473407087 950947405
t_num: 25 finish: 1473407090 295761429 start: 1473407088 96364576
t_num: 5 finish: 1473407090 305286668 start: 1473407088 588754159
t_num: 27 finish: 1473407090 322149032 start: 1473407087 798712803
t_num: 18 finish: 1473407090 664428837 start: 1473407087 750472601
t_num: 10 finish: 1473407090 844351284 start: 1473407089 601612276
t_num: 30 finish: 1473407090 844354591 start: 1473407088 721633687
t_num: 24 finish: 1473407090 929190661 start: 1473407089 982656074
t_num: 2 finish: 1473407091 169081280 start: 1473407087 817864247
t_num: 28 finish: 1473407091 217608857 start: 1473407088 618060963
t_num: 9 finish: 1473407091 222223000 start: 1473407088 618591062
t_num: 22 finish: 1473407091 433972740 start: 1473407089 727107533
t_num: 31 finish: 1473407091 440254265 start: 1473407089 134953159
t_num: 21 finish: 1473407091 461246502 start: 1473407089 628552508
t_num: 12 finish: 1473407091 605826773 start: 1473407087 719163127
t_num: 5 finish: 1473407091 606032350 start: 1473407090 305302845
t_num: 26 finish: 1473407091 606032315 start: 1473407090 569730018
t_num: 23 finish: 1473407092 112371344 start: 1473407089 742701218
t_num: 15 finish: 1473407092 437484574 start: 1473407089 941423488
t_num: 7 finish: 1473407092 943392368 start: 1473407087 981894249
t_num: 0 finish: 1473407093 13903585 start: 1473407089 574079992
t_num: 25 finish: 1473407093 184649076 start: 1473407090 295774386
t_num: 24 finish: 1473407093 342622901 start: 1473407090 929232563
t_num: 5 finish: 1473407093 343374583 start: 1473407091 606072918
t_num: 9 finish: 1473407093 878972090 start: 1473407091 222243190
t_num: 10 finish: 1473407093 922702648 start: 1473407091 141199045
t_num: 1 finish: 1473407094 63479528 start: 1473407091 219834786
t_num: 15 finish: 1473407094 501436115 start: 1473407092 437521520
t_num: 30 finish: 1473407094 551468020 start: 1473407090 844414711
t_num: 31 finish: 1473407094 551707857 start: 1473407091 440274985
t_num: 19 finish: 1473407094 872463803 start: 1473407091 274620854
t_num: 25 finish: 1473407095 36891960 start: 1473407093 184688505
t_num: 6 finish: 1473407096 42047102 start: 1473407091 375061976
t_num: 4 finish: 1473407096 48492546 start: 1473407092 515061405
t_num: 26 finish: 1473407096 267243296 start: 1473407093 694219232
t_num: 0 finish: 1473407096 397902921 start: 1473407093 13927211
t_num: 24 finish: 1473407096 529549229 start: 1473407093 528583097
t_num: 2 finish: 1473407096 566369297 start: 1473407091 169110284
t_num: 13 finish: 1473407096 582284226 start: 1473407094 214870837
t_num: 30 finish: 1473407096 583323344 start: 1473407094 551507109
t_num: 22 finish: 1473407096 583984724 start: 1473407093 478818545
t_num: 21 finish: 1473407096 828398962 start: 1473407092 943943489
t_num: 10 finish: 1473407096 889317440 start: 1473407094 621721700
t_num: 3 finish: 1473407096 945546741 start: 1473407093 753586884
t_num: 11 finish: 1473407097 68937904 start: 1473407095 934017613
t_num: 26 finish: 1473407097 272044139 start: 1473407096 267281042
t_num: 1 finish: 1473407097 273921910 start: 1473407094 63511580
t_num: 14 finish: 1473407097 275189970 start: 1473407094 656547760
t_num: 19 finish: 1473407097 472360231 start: 1473407095 967852072
t_num: 9 finish: 1473407097 547121824 start: 1473407093 879009650
t_num: 31 finish: 1473407097 744684544 start: 1473407096 396660532
t_num: 7 finish: 1473407097 774806655 start: 1473407095 969013723
t_num: 30 finish: 1473407097 848682811 start: 1473407096 583344035
t_num: 2 finish: 1473407097 915483297 start: 1473407096 566407659
t_num: 20 finish: 1473407098 117948464 start: 1473407094 667999002
t_num: 17 finish: 1473407098 241990286 start: 1473407094 830694145
t_num: 5 finish: 1473407098 758038984 start: 1473407094 551708175
t_num: 0 finish: 1473407098 788717171 start: 1473407096 716751066
t_num: 3 finish: 1473407098 788767544 start: 1473407097 223948630
t_num: 6 finish: 1473407099 416130331 start: 1473407096 495609477
t_num: 15 finish: 1473407099 498867446 start: 1473407097 127717977
t_num: 14 finish: 1473407099 502736055 start: 1473407097 275211207
t_num: 24 finish: 1473407099 556744183 start: 1473407096 529581151
t_num: 11 finish: 1473407099 556782063 start: 1473407097 703104862
t_num: 28 finish: 1473407099 559772164 start: 1473407096 966746192
t_num: 22 finish: 1473407100 1835944 start: 1473407098 71923242
t_num: 10 finish: 1473407100 29145976 start: 1473407097 275867302
t_num: 30 finish: 1473407100 420880948 start: 1473407098 989263120
t_num: 7 finish: 1473407100 463486777 start: 1473407097 774848672
t_num: 4 finish: 1473407100 584981012 start: 1473407096 945614274
t_num: 21 finish: 1473407100 964601238 start: 1473407097 337519660
t_num: 16 finish: 1473407101 45019748 start: 1473407099 483706423
t_num: 26 finish: 1473407101 153735298 start: 1473407097 272074874
t_num: 0 finish: 1473407101 355711733 start: 1473407098 788752358
t_num: 17 finish: 1473407101 608742651 start: 1473407098 242017185
t_num: 31 finish: 1473407101 642851071 start: 1473407098 522884298
t_num: 11 finish: 1473407101 644324843 start: 1473407099 556815869
t_num: 25 finish: 1473407101 646436475 start: 1473407099 754833007
t_num: 22 finish: 1473407101 648897912 start: 1473407100 544914885
t_num: 20 finish: 1473407101 684248927 start: 1473407098 621533405
t_num: 2 finish: 1473407101 822866407 start: 1473407099 222862504
t_num: 1 finish: 1473407101 960547195 start: 1473407097 473010015
t_num: 7 finish: 1473407101 984188453 start: 1473407100 463519873
t_num: 3 finish: 1473407102 75243162 start: 1473407098 788787613
t_num: 6 finish: 1473407102 233355484 start: 1473407099 903089462
t_num: 23 finish: 1473407102 300899729 start: 1473407098 632355741
t_num: 14 finish: 1473407103 95747131 start: 1473407099 902520863
t_num: 9 finish: 1473407103 206499294 start: 1473407100 647088932
t_num: 29 finish: 1473407103 223129188 start: 1473407100 409555973
t_num: 0 finish: 1473407103 694844332 start: 1473407101 355745469
t_num: 24 finish: 1473407103 698290623 start: 1473407099 556781830
t_num: 4 finish: 1473407103 875567125 start: 1473407100 585034740
t_num: 30 finish: 1473407103 998598814 start: 1473407101 498245141
t_num: 6 finish: 1473407104 135128838 start: 1473407102 233384271
t_num: 22 finish: 1473407104 201065519 start: 1473407101 648919594
t_num: 17 finish: 1473407104 232514623 start: 1473407101 608777405
t_num: 26 finish: 1473407104 232586939 start: 1473407102 596899047
t_num: 1 finish: 1473407104 263044613 start: 1473407101 960590454
t_num: 9 finish: 1473407104 517641022 start: 1473407103 206542563
t_num: 20 finish: 1473407104 733949982 start: 1473407102 857171550
t_num: 3 finish: 1473407104 735263838 start: 1473407102 496747098
t_num: 11 finish: 1473407104 863310211 start: 1473407101 644346818
t_num: 31 finish: 1473407105 353507034 start: 1473407101 642893502
t_num: 27 finish: 1473407105 523525771 start: 1473407101 451051004
t_num: 14 finish: 1473407105 593637097 start: 1473407103 95781761
t_num: 21 finish: 1473407106 63918904 start: 1473407102 966017312
t_num: 23 finish: 1473407107 282038262 start: 1473407102 966283158
t_num: 19 finish: 1473407107 282842166 start: 1473407104 201161002
t_num: 10 finish: 1473407107 283725842 start: 1473407104 67295883
t_num: 22 finish: 1473407107 473674250 start: 1473407104 201109797
t_num: 24 finish: 1473407107 484674467 start: 1473407103 698318379
t_num: 28 finish: 1473407107 858060480 start: 1473407104 547915173
t_num: 6 finish: 1473407108 16262283 start: 1473407106 33073609
t_num: 26 finish: 1473407108 30481510 start: 1473407104 232607531
t_num: 7 finish: 1473407108 32015062 start: 1473407104 305835999
t_num: 4 finish: 1473407108 32080946 start: 1473407104 812836448
t_num: 9 finish: 1473407108 174919853 start: 1473407107 277024075
t_num: 30 finish: 1473407108 176243574 start: 1473407106 171788237
t_num: 1 finish: 1473407108 179463723 start: 1473407104 263065899
t_num: 14 finish: 1473407108 187340988 start: 1473407106 193696230
t_num: 2 finish: 1473407108 349428616 start: 1473407105 294726378
t_num: 13 finish: 1473407108 412455834 start: 1473407105 968823631
t_num: 5 finish: 1473407108 412463309 start: 1473407105 157069981
t_num: 31 finish: 1473407108 442065781 start: 1473407105 353526656
t_num: 11 finish: 1473407108 442072659 start: 1473407104 863331974
t_num: 27 finish: 1473407109 58445662 start: 1473407107 288354449
t_num: 3 finish: 1473407109 239714597 start: 1473407105 566152463
t_num: 23 finish: 1473407109 645210733 start: 1473407107 282071175
t_num: 22 finish: 1473407109 732178945 start: 1473407107 473716627
t_num: 19 finish: 1473407109 941650579 start: 1473407107 672832754
t_num: 2 finish: 1473407109 997499545 start: 1473407108 349465207
t_num: 11 finish: 1473407110 38914936 start: 1473407108 442124938
t_num: 20 finish: 1473407110 51298188 start: 1473407106 258948872
t_num: 16 finish: 1473407110 134052809 start: 1473407108 554832439
t_num: 24 finish: 1473407110 151970840 start: 1473407108 559734970
t_num: 21 finish: 1473407110 152312417 start: 1473407108 453675950
t_num: 5 finish: 1473407110 316908562 start: 1473407108 412526672
t_num: 26 finish: 1473407110 602988381 start: 1473407109 404504312
t_num: 1 finish: 1473407110 677447059 start: 1473407108 179483781
t_num: 15 finish: 1473407110 747637258 start: 1473407109 149585984
t_num: 14 finish: 1473407111 161651756 start: 1473407108 187357927
t_num: 6 finish: 1473407111 171489603 start: 1473407109 785016543
t_num: 9 finish: 1473407111 175410621 start: 1473407109 755477936
t_num: 13 finish: 1473407111 181956869 start: 1473407108 412494465
t_num: 26 finish: 1473407111 416940061 start: 1473407110 603024342
t_num: 7 finish: 1473407111 597762565 start: 1473407108 943096753
t_num: 11 finish: 1473407111 597768509 start: 1473407110 38939468
t_num: 21 finish: 1473407112 205847276 start: 1473407110 152331895
t_num: 18 finish: 1473407112 355840873 start: 1473407110 533862
t_num: 3 finish: 1473407112 535744221 start: 1473407109 239771796
t_num: 17 finish: 1473407112 555219019 start: 1473407109 731414659
t_num: 24 finish: 1473407112 565233339 start: 1473407110 152007145
t_num: 16 finish: 1473407112 566191264 start: 1473407110 134092247
t_num: 19 finish: 1473407112 631851687 start: 1473407109 941689114
t_num: 25 finish: 1473407112 632663620 start: 1473407110 377576
t_num: 5 finish: 1473407112 632683849 start: 1473407111 170042449
t_num: 15 finish: 1473407112 722109359 start: 1473407110 747661167
t_num: 6 finish: 1473407112 984540258 start: 1473407111 960038442
t_num: 2 finish: 1473407113 1487177 start: 1473407110 489314033
t_num: 23 finish: 1473407114 5989266 start: 1473407112 351727765
t_num: 13 finish: 1473407114 86748755 start: 1473407111 181978211
t_num: 25 finish: 1473407114 618414051 start: 1473407112 632683341
t_num: 27 finish: 1473407114 636662193 start: 1473407110 883314595
t_num: 21 finish: 1473407114 636816411 start: 1473407112 205880402
t_num: 17 finish: 1473407115 193535790 start: 1473407112 555249320
t_num: 14 finish: 1473407115 194267081 start: 1473407113 515101604
t_num: 18 finish: 1473407115 297508966 start: 1473407113 426101569
t_num: 6 finish: 1473407115 370771319 start: 1473407112 984573540
t_num: 28 finish: 1473407115 458447223 start: 1473407114 443193568
t_num: 0 finish: 1473407115 829194688 start: 1473407113 150827103
t_num: 24 finish: 1473407115 852233966 start: 1473407112 565255294
t_num: 28 finish: 1473407116 63343687 start: 1473407115 458481402
t_num: 1 finish: 1473407116 63343687 start: 1473407112 448722252
t_num: 5 finish: 1473407116 147743715 start: 1473407114 86724006
t_num: 9 finish: 1473407116 326900650 start: 1473407112 244450021
t_num: 19 finish: 1473407116 492255264 start: 1473407112 631884955
t_num: 15 finish: 1473407116 646687440 start: 1473407114 503378924
t_num: 23 finish: 1473407116 950979834 start: 1473407114 908901021
t_num: 10 finish: 1473407117 10954408 start: 1473407114 573521992
t_num: 16 finish: 1473407117 11611237 start: 1473407112 945300281
t_num: 25 finish: 1473407117 220600134 start: 1473407114 618454805
t_num: 24 finish: 1473407117 488685954 start: 1473407115 852263736
t_num: 26 finish: 1473407117 992307266 start: 1473407113 228334987
t_num: 19 finish: 1473407117 992350960 start: 1473407116 492297538
t_num: 0 finish: 1473407117 992889831 start: 1473407116 28874855
t_num: 11 finish: 1473407118 21238297 start: 1473407114 741769227
t_num: 18 finish: 1473407118 185274734 start: 1473407116 106985282
t_num: 4 finish: 1473407118 185424927 start: 1473407114 641413263
t_num: 17 finish: 1473407118 384316955 start: 1473407115 741695583
t_num: 27 finish: 1473407118 405447596 start: 1473407115 419242747
t_num: 30 finish: 1473407118 449891535 start: 1473407116 406687167
t_num: 23 finish: 1473407118 564732618 start: 1473407116 951003667
t_num: 14 finish: 1473407118 576652055 start: 1473407115 685464651
t_num: 31 finish: 1473407118 912878961 start: 1473407116 214956459
t_num: 1 finish: 1473407118 912934086 start: 1473407116 63507999
t_num: 12 finish: 1473407119 186112735 start: 1473407115 590285862
t_num: 16 finish: 1473407119 195032962 start: 1473407117 11627852
t_num: 6 finish: 1473407119 266179216 start: 1473407116 925143453
t_num: 5 finish: 1473407119 354671626 start: 1473407117 218224538
t_num: 18 finish: 1473407119 405153596 start: 1473407118 185299150
t_num: 30 finish: 1473407119 704716642 start: 1473407118 449948716
t_num: 17 finish: 1473407119 704835786 start: 1473407118 384346585
t_num: 4 finish: 1473407119 741781433 start: 1473407118 185443376
t_num: 22 finish: 1473407120 37105602 start: 1473407117 611927821
t_num: 25 finish: 1473407120 195828055 start: 1473407118 59995546
t_num: 0 finish: 1473407120 691274319 start: 1473407118 185225592
t_num: 19 finish: 1473407120 715725143 start: 1473407117 992368742
t_num: 14 finish: 1473407120 715735899 start: 1473407118 576679615
t_num: 2 finish: 1473407121 240842140 start: 1473407119 102132821
t_num: 15 finish: 1473407121 241651038 start: 1473407119 742090043
t_num: 20 finish: 1473407121 241702776 start: 1473407119 355240990
t_num: 27 finish: 1473407121 241712970 start: 1473407119 163834646
t_num: 28 finish: 1473407121 241782664 start: 1473407118 157544656
t_num: 16 finish: 1473407121 502459168 start: 1473407119 468340284
t_num: 6 finish: 1473407121 526431155 start: 1473407119 378472510
t_num: 25 finish: 1473407121 526481354 start: 1473407120 195887427
t_num: 18 finish: 1473407121 526904764 start: 1473407119 405176605
t_num: 1 finish: 1473407121 740624288 start: 1473407118 912948778
t_num: 12 finish: 1473407121 817310692 start: 1473407119 742044259
t_num: 5 finish: 1473407121 817397334 start: 1473407119 354758986
t_num: 4 finish: 1473407122 107686192 start: 1473407119 741839044
t_num: 7 finish: 1473407122 574311261 start: 1473407120 146116482
t_num: 30 finish: 1473407122 574664184 start: 1473407121 141518035
t_num: 16 finish: 1473407122 712722028 start: 1473407121 502501369
t_num: 15 finish: 1473407122 723881042 start: 1473407121 241671309
t_num: 11 finish: 1473407122 811477846 start: 1473407120 203347752
t_num: 20 finish: 1473407122 818573868 start: 1473407121 241721306
t_num: 19 finish: 1473407122 931824217 start: 1473407120 715748151
t_num: 13 finish: 1473407123 82012035 start: 1473407120 472180319
t_num: 28 finish: 1473407123 134254908 start: 1473407121 740476427
t_num: 22 finish: 1473407123 237101478 start: 1473407120 37138159
t_num: 14 finish: 1473407123 589229225 start: 1473407121 263320943
t_num: 3 finish: 1473407123 614279393 start: 1473407119 965072004
t_num: 30 finish: 1473407123 961315307 start: 1473407122 574683807
t_num: 4 finish: 1473407124 43048821 start: 1473407122 107729168
t_num: 5 finish: 1473407124 175593977 start: 1473407122 573297947
t_num: 2 finish: 1473407124 466261875 start: 1473407122 156506627
t_num: 1 finish: 1473407124 467030568 start: 1473407121 740651427
t_num: 21 finish: 1473407124 555329445 start: 1473407121 301813812
t_num: 7 finish: 1473407124 625342477 start: 1473407122 574336378
t_num: 8 finish: 1473407124 874067042 start: 1473407123 138137279
t_num: 20 finish: 1473407124 874412144 start: 1473407122 818597842
t_num: 15 finish: 1473407125 156786109 start: 1473407123 614486714
t_num: 31 finish: 1473407125 638130610 start: 1473407123 766294948
t_num: 18 finish: 1473407125 824720497 start: 1473407122 161676925
t_num: 23 finish: 1473407125 824739892 start: 1473407123 748494259
t_num: 16 finish: 1473407125 824843534 start: 1473407123 456589968
t_num: 27 finish: 1473407125 945533370 start: 1473407122 941835300
t_num: 13 finish: 1473407125 957911480 start: 1473407123 399953303
t_num: 5 finish: 1473407126 216449930 start: 1473407124 175647570
t_num: 29 finish: 1473407126 302754238 start: 1473407122 941307582
t_num: 10 finish: 1473407126 305618601 start: 1473407122 931895389
t_num: 26 finish: 1473407126 333323951 start: 1473407124 467998143
t_num: 12 finish: 1473407126 367707320 start: 1473407122 696301289
t_num: 4 finish: 1473407126 405998730 start: 1473407124 43085780
t_num: 28 finish: 1473407126 526734846 start: 1473407123 134291817
t_num: 3 finish: 1473407126 570146587 start: 1473407123 893598982
t_num: 16 finish: 1473407127 371330650 start: 1473407125 824857138
t_num: 9 finish: 1473407127 471242359 start: 1473407124 787414551
t_num: 8 finish: 1473407127 795089358 start: 1473407125 514714454
t_num: 22 finish: 1473407127 795093600 start: 1473407124 152384071
t_num: 31 finish: 1473407128 105626602 start: 1473407125 638173140
t_num: 21 finish: 1473407128 319348287 start: 1473407124 555350225
t_num: 7 finish: 1473407128 386079161 start: 1473407126 852988631
t_num: 14 finish: 1473407128 410654884 start: 1473407124 998395621
t_num: 4 finish: 1473407128 432517477 start: 1473407126 406038342
t_num: 29 finish: 1473407128 656584356 start: 1473407126 302836576
t_num: 15 finish: 1473407128 680508545 start: 1473407125 156861480
t_num: 0 finish: 1473407129 214551782 start: 1473407126 946147408
t_num: 20 finish: 1473407129 502291481 start: 1473407126 22179681
t_num: 27 finish: 1473407129 511434201 start: 1473407125 945574090
t_num: 3 finish: 1473407129 913423868 start: 1473407126 570167210
t_num: 26 finish: 1473407129 928729021 start: 1473407127 280960266
t_num: 7 finish: 1473407129 929161170 start: 1473407128 386109307
t_num: 18 finish: 1473407130 6043341 start: 1473407125 824788869
t_num: 17 finish: 1473407130 10067955 start: 1473407126 524311514
t_num: 28 finish: 1473407130 10070631 start: 1473407126 526763363
t_num: 21 finish: 1473407130 351242879 start: 1473407128 319386622
t_num: 16 finish: 1473407130 418554440 start: 1473407127 371370174
t_num: 8 finish: 1473407130 419222562 start: 1473407127 795139220
t_num: 24 finish: 1473407130 906131589 start: 1473407128 412261843
t_num: 23 finish: 1473407130 910085252 start: 1473407127 466810213
t_num: 20 finish: 1473407131 74537646 start: 1473407129 502344922
t_num: 14 finish: 1473407131 111620835 start: 1473407129 435843153
t_num: 16 finish: 1473407131 147272850 start: 1473407130 418598592
t_num: 9 finish: 1473407131 147314002 start: 1473407128 140650394
t_num: 4 finish: 1473407131 147461697 start: 1473407128 982592100
t_num: 29 finish: 1473407131 211642453 start: 1473407128 656632588
t_num: 31 finish: 1473407131 634994919 start: 1473407129 512125127
t_num: 15 finish: 1473407131 751705679 start: 1473407128 680532327
t_num: 10 finish: 1473407132 177394691 start: 1473407128 49097723
t_num: 6 finish: 1473407132 179268892 start: 1473407130 862772945
t_num: 7 finish: 1473407132 231581000 start: 1473407129 929181440
t_num: 20 finish: 1473407132 494922346 start: 1473407131 74566968
t_num: 9 finish: 1473407132 557164023 start: 1473407131 147326271
t_num: 3 finish: 1473407132 567395710 start: 1473407129 913488949
t_num: 12 finish: 1473407132 687818792 start: 1473407130 456706989
t_num: 25 finish: 1473407132 700671979 start: 1473407131 67106763
t_num: 16 finish: 1473407133 283729519 start: 1473407131 147294501
t_num: 18 finish: 1473407133 402601600 start: 1473407131 603366037
t_num: 8 finish: 1473407133 402928741 start: 1473407131 602845618
t_num: 23 finish: 1473407133 422877603 start: 1473407131 906205843
t_num: 31 finish: 1473407133 435871526 start: 1473407131 635013625
t_num: 11 finish: 1473407133 554585279 start: 1473407130 988094568
t_num: 30 finish: 1473407133 554626916 start: 1473407131 603420358
t_num: 24 finish: 1473407133 554641120 start: 1473407130 906154411
t_num: 26 finish: 1473407133 609720581 start: 1473407131 450357089
t_num: 7 finish: 1473407134 278913453 start: 1473407132 756279714
t_num: 0 finish: 1473407134 282067517 start: 1473407130 995455342
t_num: 10 finish: 1473407134 285705348 start: 1473407132 556417139
t_num: 12 finish: 1473407134 590092540 start: 1473407132 687848869
t_num: 15 finish: 1473407134 590094675 start: 1473407131 751747286
t_num: 23 finish: 1473407134 748359102 start: 1473407133 422899559
t_num: 2 finish: 1473407134 765721111 start: 1473407133 421555173
t_num: 4 finish: 1473407135 213136253 start: 1473407132 203434311
t_num: 13 finish: 1473407135 227689109 start: 1473407132 610947973
t_num: 24 finish: 1473407135 721109859 start: 1473407133 554653474
t_num: 7 finish: 1473407135 721665265 start: 1473407134 278942445
t_num: 20 finish: 1473407135 892085044 start: 1473407133 429161203
t_num: 12 finish: 1473407135 921870405 start: 1473407134 590134708
t_num: 30 finish: 1473407135 925216522 start: 1473407133 554645240
t_num: 23 finish: 1473407136 65285255 start: 1473407135 98274142
t_num: 25 finish: 1473407136 67503727 start: 1473407134 559460550
t_num: 15 finish: 1473407136 271497625 start: 1473407134 590153347
t_num: 2 finish: 1473407136 362752102 start: 1473407134 765751740
t_num: 14 finish: 1473407136 362870058 start: 1473407132 179069147
t_num: 8 finish: 1473407136 413490390 start: 1473407134 427886760
t_num: 5 finish: 1473407136 413544442 start: 1473407133 201668394
t_num: 11 finish: 1473407136 480652171 start: 1473407133 554619716
t_num: 4 finish: 1473407136 480662515 start: 1473407135 664733542
t_num: 16 finish: 1473407136 542481964 start: 1473407135 5852263
t_num: 1 finish: 1473407136 732597075 start: 1473407134 288762383
t_num: 10 finish: 1473407136 940009262 start: 1473407135 5281447
t_num: 7 finish: 1473407137 253824681 start: 1473407135 721685603
t_num: 28 finish: 1473407137 678079843 start: 1473407134 775500111
t_num: 27 finish: 1473407137 779223830 start: 1473407135 898250617
t_num: 29 finish: 1473407137 779255188 start: 1473407135 996943940
t_num: 12 finish: 1473407137 779225978 start: 1473407135 921901040
t_num: 22 finish: 1473407137 808365185 start: 1473407134 799850871
t_num: 30 finish: 1473407138 79767249 start: 1473407135 925232335
t_num: 8 finish: 1473407138 279378777 start: 1473407136 413506971
t_num: 25 finish: 1473407138 279385670 start: 1473407136 67519147
t_num: 18 finish: 1473407138 640404017 start: 1473407136 656923867
t_num: 5 finish: 1473407138 802422092 start: 1473407136 413561172
t_num: 1 finish: 1473407139 83623687 start: 1473407136 732629415
t_num: 26 finish: 1473407139 227229493 start: 1473407137 730175018
t_num: 2 finish: 1473407139 350198856 start: 1473407137 220228988
t_num: 16 finish: 1473407139 608143973 start: 1473407136 542513991
t_num: 24 finish: 1473407139 915873231 start: 1473407136 739817888
t_num: 28 finish: 1473407139 917328021 start: 1473407137 678120376
t_num: 29 finish: 1473407139 917336575 start: 1473407137 779272057
t_num: 14 finish: 1473407139 946060063 start: 1473407138 293302732
t_num: 13 finish: 1473407139 984972718 start: 1473407138 266550604
t_num: 19 finish: 1473407140 697858920 start: 1473407138 100342336
t_num: 3 finish: 1473407141 29462262 start: 1473407138 396852603
t_num: 12 finish: 1473407141 33212157 start: 1473407138 771321229
t_num: 1 finish: 1473407141 88013466 start: 1473407139 83666019
t_num: 25 finish: 1473407141 88528229 start: 1473407139 130299259
t_num: 27 finish: 1473407141 201315590 start: 1473407137 779256381
t_num: 24 finish: 1473407141 262712551 start: 1473407139 915908871
t_num: 6 finish: 1473407141 450127339 start: 1473407139 60615820
t_num: 5 finish: 1473407141 922279674 start: 1473407139 124577425
t_num: 8 finish: 1473407141 967840791 start: 1473407139 654449319
t_num: 16 finish: 1473407142 10044296 start: 1473407139 608179159
t_num: 9 finish: 1473407142 10044283 start: 1473407139 945426754
t_num: 21 finish: 1473407142 119181455 start: 1473407138 928698730
t_num: 11 finish: 1473407142 125307875 start: 1473407138 102228726
t_num: 13 finish: 1473407142 290314813 start: 1473407139 984995011
t_num: 15 finish: 1473407142 394838211 start: 1473407138 961632949
t_num: 2 finish: 1473407142 397369752 start: 1473407139 654980428
t_num: 10 finish: 1473407142 635480113 start: 1473407141 102597390
t_num: 27 finish: 1473407142 756605593 start: 1473407141 201341819
t_num: 14 finish: 1473407142 810594502 start: 1473407140 640537644
t_num: 25 finish: 1473407142 938461138 start: 1473407141 88547603
t_num: 18 finish: 1473407142 970242449 start: 1473407140 58372575
t_num: 0 finish: 1473407143 384620290 start: 1473407140 961198241
t_num: 19 finish: 1473407143 454938853 start: 1473407141 102025607
t_num: 12 finish: 1473407144 200402767 start: 1473407141 33240062
t_num: 16 finish: 1473407144 217522099 start: 1473407142 10104680
t_num: 30 finish: 1473407144 277268984 start: 1473407142 397458072
t_num: 6 finish: 1473407144 507731942 start: 1473407141 797972382
t_num: 15 finish: 1473407144 509105929 start: 1473407142 394879468
t_num: 10 finish: 1473407144 512048145 start: 1473407142 635513649
t_num: 5 finish: 1473407144 601626555 start: 1473407141 922344021
t_num: 24 finish: 1473407144 675537853 start: 1473407141 262740184
t_num: 9 finish: 1473407144 782594873 start: 1473407143 530204443
t_num: 29 finish: 1473407144 783371481 start: 1473407141 811490014
t_num: 21 finish: 1473407144 814574253 start: 1473407142 119209407
t_num: 17 finish: 1473407145 75753457 start: 1473407141 642526984
t_num: 27 finish: 1473407145 145479312 start: 1473407142 756644815
t_num: 8 finish: 1473407145 210321316 start: 1473407142 740107242
t_num: 11 finish: 1473407145 267092196 start: 1473407143 624620881
t_num: 1 finish: 1473407145 283430795 start: 1473407144 285220029
t_num: 10 finish: 1473407145 567205449 start: 1473407144 512064862
t_num: 18 finish: 1473407145 708400927 start: 1473407142 970271541
t_num: 29 finish: 1473407145 873697681 start: 1473407144 783412390
t_num: 12 finish: 1473407145 958535263 start: 1473407144 200447280
t_num: 23 finish: 1473407146 155523881 start: 1473407142 654932106
t_num: 30 finish: 1473407146 277544504 start: 1473407144 277311100
t_num: 6 finish: 1473407146 384326110 start: 1473407144 507765376
t_num: 0 finish: 1473407146 735225093 start: 1473407143 384654986
t_num: 19 finish: 1473407146 903271033 start: 1473407143 586215961
t_num: 21 finish: 1473407147 114054367 start: 1473407144 814609620
t_num: 31 finish: 1473407147 238333136 start: 1473407144 493199819
t_num: 16 finish: 1473407147 402609911 start: 1473407144 217543967
t_num: 23 finish: 1473407147 631652149 start: 1473407146 155555478
t_num: 12 finish: 1473407147 670330810 start: 1473407146 330522029
t_num: 24 finish: 1473407147 789214286 start: 1473407145 413408363
t_num: 26 finish: 1473407147 987422398 start: 1473407145 981856793
t_num: 18 finish: 1473407147 988077213 start: 1473407145 708428331
t_num: 10 finish: 1473407148 232711878 start: 1473407146 126788225
t_num: 19 finish: 1473407148 269426443 start: 1473407146 903311657
t_num: 7 finish: 1473407148 364643775 start: 1473407146 994650629
t_num: 1 finish: 1473407148 547952738 start: 1473407145 283454208
t_num: 15 finish: 1473407148 991314408 start: 1473407145 282349107
t_num: 30 finish: 1473407148 991344709 start: 1473407147 144046231
t_num: 11 finish: 1473407148 991364089 start: 1473407145 267135068
t_num: 25 finish: 1473407149 24457860 start: 1473407145 372027078
t_num: 5 finish: 1473407149 291464036 start: 1473407145 528980746
t_num: 10 finish: 1473407150 323824857 start: 1473407148 232750724
t_num: 16 finish: 1473407150 365121124 start: 1473407147 402650928
t_num: 26 finish: 1473407150 431673493 start: 1473407147 987456214
t_num: 18 finish: 1473407150 441325814 start: 1473407147 988093300
t_num: 13 finish: 1473407150 677368682 start: 1473407149 97531663
t_num: 3 finish: 1473407150 861668552 start: 1473407148 265663518
t_num: 1 finish: 1473407151 133244109 start: 1473407148 547988537
t_num: 21 finish: 1473407151 136701924 start: 1473407149 171775714
t_num: 24 finish: 1473407151 467094933 start: 1473407149 301175818
t_num: 15 finish: 1473407151 596597421 start: 1473407148 991344709
t_num: 12 finish: 1473407152 114947648 start: 1473407148 468723540
t_num: 0 finish: 1473407152 136239244 start: 1473407150 380432557
t_num: 2 finish: 1473407152 136247634 start: 1473407149 753614563
t_num: 17 finish: 1473407152 145090056 start: 1473407150 547740427
t_num: 18 finish: 1473407152 349356750 start: 1473407150 441348598
t_num: 28 finish: 1473407152 384456752 start: 1473407147 432885532
t_num: 30 finish: 1473407152 433015165 start: 1473407150 322987925
t_num: 31 finish: 1473407152 518319483 start: 1473407148 946185422
t_num: 11 finish: 1473407152 518345304 start: 1473407149 811660822
t_num: 19 finish: 1473407152 569828553 start: 1473407150 46675445
t_num: 5 finish: 1473407152 640506918 start: 1473407149 291489498
t_num: 20 finish: 1473407152 900671400 start: 1473407150 539150533
t_num: 21 finish: 1473407153 20587791 start: 1473407151 136733039
t_num: 26 finish: 1473407153 176887191 start: 1473407151 424982483
t_num: 28 finish: 1473407153 619743120 start: 1473407152 384480172
t_num: 1 finish: 1473407153 741946972 start: 1473407151 760270204
t_num: 16 finish: 1473407154 184452151 start: 1473407151 425003811
t_num: 14 finish: 1473407154 200046078 start: 1473407152 808868993
t_num: 25 finish: 1473407154 201147801 start: 1473407151 759554545
t_num: 11 finish: 1473407154 865656626 start: 1473407152 518380681
t_num: 18 finish: 1473407154 907453193 start: 1473407152 901345069
t_num: 17 finish: 1473407154 907598177 start: 1473407152 145109888
t_num: 10 finish: 1473407154 907685013 start: 1473407152 112779015
t_num: 2 finish: 1473407155 13656583 start: 1473407152 136298039
t_num: 30 finish: 1473407155 39803937 start: 1473407153 80974202
t_num: 29 finish: 1473407155 126755985 start: 1473407152 971148324
t_num: 21 finish: 1473407155 130881036 start: 1473407153 20618288
t_num: 9 finish: 1473407155 132244316 start: 1473407152 40856794
t_num: 0 finish: 1473407155 377434614 start: 1473407152 136262992
t_num: 27 finish: 1473407155 377443949 start: 1473407153 194649839
t_num: 6 finish: 1473407155 473767797 start: 1473407153 183159587
t_num: 31 finish: 1473407155 568153666 start: 1473407152 518367348
t_num: 16 finish: 1473407155 734477630 start: 1473407154 184495617
t_num: 5 finish: 1473407155 774734606 start: 1473407152 640543881
t_num: 12 finish: 1473407155 774757541 start: 1473407152 114975685
t_num: 25 finish: 1473407155 827314023 start: 1473407154 201167497
t_num: 1 finish: 1473407156 336091001 start: 1473407153 741975254
t_num: 14 finish: 1473407156 537038693 start: 1473407154 200074105
t_num: 18 finish: 1473407156 575292510 start: 1473407154 907476643
t_num: 20 finish: 1473407156 576544685 start: 1473407153 618049500
t_num: 8 finish: 1473407156 840962166 start: 1473407154 780924072
t_num: 7 finish: 1473407157 243677211 start: 1473407154 677404034
t_num: 4 finish: 1473407157 361981625 start: 1473407155 382882174
t_num: 23 finish: 1473407157 663414922 start: 1473407155 730513037
t_num: 9 finish: 1473407157 716336336 start: 1473407155 132265241
t_num: 18 finish: 1473407157 716388994 start: 1473407156 575324799
t_num: 2 finish: 1473407157 788930562 start: 1473407155 715628818
t_num: 1 finish: 1473407157 788943828 start: 1473407156 336133548
t_num: 0 finish: 1473407157 891232379 start: 1473407155 377486161
t_num: 26 finish: 1473407158 309408566 start: 1473407154 713759731
t_num: 21 finish: 1473407158 528942700 start: 1473407155 736796859
t_num: 17 finish: 1473407158 735339484 start: 1473407154 907617983
t_num: 11 finish: 1473407158 750665856 start: 1473407155 917170493
t_num: 19 finish: 1473407158 860673749 start: 1473407155 570554094
t_num: 12 finish: 1473407158 861151119 start: 1473407156 990394520
t_num: 5 finish: 1473407158 862072118 start: 1473407157 621307633
t_num: 23 finish: 1473407158 862420578 start: 1473407157 663448021
t_num: 16 finish: 1473407158 863011013 start: 1473407156 665592057
t_num: 27 finish: 1473407158 977659513 start: 1473407155 377498577
t_num: 7 finish: 1473407159 47128705 start: 1473407157 417533077
t_num: 14 finish: 1473407159 652658601 start: 1473407156 537070435
t_num: 22 finish: 1473407159 652736391 start: 1473407156 992000941
t_num: 31 finish: 1473407159 652659728 start: 1473407157 491258491
t_num: 25 finish: 1473407159 832481720 start: 1473407156 699483397
t_num: 29 finish: 1473407160 95210776 start: 1473407157 98769543
t_num: 1 finish: 1473407161 639656051 start: 1473407157 789015193
t_num: 12 finish: 1473407161 929679178 start: 1473407158 861170458
t_num: 23 finish: 1473407162 11285039 start: 1473407158 862439615
t_num: 2 finish: 1473407162 358082523 start: 1473407160 156705521
t_num: 19 finish: 1473407162 358671411 start: 1473407159 929114404
t_num: 21 finish: 1473407162 420022546 start: 1473407158 528998452
t_num: 0 finish: 1473407162 547741218 start: 1473407159 606584750
t_num: 26 finish: 1473407162 792754307 start: 1473407159 750275159
t_num: 29 finish: 1473407162 793625325 start: 1473407160 929336926
t_num: 11 finish: 1473407162 794643030 start: 1473407158 750698235
t_num: 7 finish: 1473407162 800581908 start: 1473407159 47173300
t_num: 3 finish: 1473407162 945224169 start: 1473407159 650526259
t_num: 20 finish: 1473407163 288562455 start: 1473407159 650769875
t_num: 13 finish: 1473407163 358454764 start: 1473407160 233593799
t_num: 15 finish: 1473407163 365364087 start: 1473407161 942486616
t_num: 27 finish: 1473407163 686885301 start: 1473407160 209415638
t_num: 17 finish: 1473407163 785304439 start: 1473407161 932993565
t_num: 14 finish: 1473407163 823661417 start: 1473407161 191964355
t_num: 24 finish: 1473407163 823664450 start: 1473407162 82756908
t_num: 5 finish: 1473407164 529203150 start: 1473407160 514380679
t_num: 22 finish: 1473407164 602817245 start: 1473407160 159578630
t_num: 0 finish: 1473407164 647245305 start: 1473407162 547776697
t_num: 26 finish: 1473407164 743809570 start: 1473407162 792782670
t_num: 3 finish: 1473407164 779463788 start: 1473407162 945286914
t_num: 6 finish: 1473407164 822068183 start: 1473407163 622965176
t_num: 12 finish: 1473407165 389274615 start: 1473407161 929724159
t_num: 10 finish: 1473407165 390332865 start: 1473407162 416513085
t_num: 7 finish: 1473407165 395018820 start: 1473407162 800602220
t_num: 23 finish: 1473407165 440751363 start: 1473407162 454946132
t_num: 20 finish: 1473407165 563769154 start: 1473407163 545639910
t_num: 19 finish: 1473407165 601430806 start: 1473407162 358692345
t_num: 29 finish: 1473407165 935472826 start: 1473407162 793647359
t_num: 30 finish: 1473407166 134221111 start: 1473407163 23957487
t_num: 11 finish: 1473407166 134289799 start: 1473407162 794663297
t_num: 5 finish: 1473407166 234986600 start: 1473407164 529226179
t_num: 9 finish: 1473407166 257762038 start: 1473407163 681112608
t_num: 18 finish: 1473407166 328601632 start: 1473407164 632382946
t_num: 15 finish: 1473407166 331506074 start: 1473407163 365380972
t_num: 26 finish: 1473407166 331909202 start: 1473407164 743837544
t_num: 17 finish: 1473407166 349821100 start: 1473407163 785359256
t_num: 2 finish: 1473407166 350056043 start: 1473407162 358126965
t_num: 21 finish: 1473407166 941584208 start: 1473407165 393410383
t_num: 14 finish: 1473407166 972371405 start: 1473407164 855080957
t_num: 1 finish: 1473407166 972684569 start: 1473407165 716280494
t_num: 16 finish: 1473407167 626577718 start: 1473407164 636275094
t_num: 8 finish: 1473407167 637528726 start: 1473407165 384311664
t_num: 19 finish: 1473407167 783308285 start: 1473407165 601473367
t_num: 0 finish: 1473407168 322396654 start: 1473407165 964441289
t_num: 31 finish: 1473407168 359793123 start: 1473407165 386332885
t_num: 12 finish: 1473407168 415321308 start: 1473407165 389303519
t_num: 26 finish: 1473407168 611768085 start: 1473407166 331928942
t_num: 14 finish: 1473407168 680752944 start: 1473407166 972400127
t_num: 2 finish: 1473407168 681942745 start: 1473407166 350076441
t_num: 10 finish: 1473407169 747473280 start: 1473407167 293964473
t_num: 29 finish: 1473407169 839125049 start: 1473407165 935497773
t_num: 22 finish: 1473407169 874428890 start: 1473407166 636450864
t_num: 23 finish: 1473407170 53058545 start: 1473407165 965180629
t_num: 7 finish: 1473407170 84332234 start: 1473407166 973891585
t_num: 11 finish: 1473407170 115748464 start: 1473407166 134305906
t_num: 25 finish: 1473407170 210688028 start: 1473407167 786326875
t_num: 28 finish: 1473407170 263157027 start: 1473407167 306048030
t_num: 30 finish: 1473407170 317439604 start: 1473407166 134266860
t_num: 15 finish: 1473407170 351358115 start: 1473407166 923917047
t_num: 13 finish: 1473407170 352617394 start: 1473407168 611799265
t_num: 8 finish: 1473407170 352647553 start: 1473407168 360067422
t_num: 31 finish: 1473407170 557010806 start: 1473407168 359843912
t_num: 1 finish: 1473407170 577710155 start: 1473407167 283286292
t_num: 12 finish: 1473407170 599610709 start: 1473407168 415363751
t_num: 9 finish: 1473407170 645931567 start: 1473407167 50068170
t_num: 18 finish: 1473407171 22224338 start: 1473407168 887454622
t_num: 5 finish: 1473407171 348244045 start: 1473407167 770269054
t_num: 27 finish: 1473407171 690614977 start: 1473407168 945466604
t_num: 26 finish: 1473407171 756423264 start: 1473407168 611825816
t_num: 3 finish: 1473407171 817076289 start: 1473407170 317493016
t_num: 2 finish: 1473407171 817108283 start: 1473407169 609136521
t_num: 25 finish: 1473407171 817133264 start: 1473407170 210727858
t_num: 21 finish: 1473407172 90864279 start: 1473407169 804375819
t_num: 12 finish: 1473407172 113281475 start: 1473407170 599628990
t_num: 0 finish: 1473407172 153127719 start: 1473407168 322440489
t_num: 10 finish: 1473407172 170778223 start: 1473407170 317463687
t_num: 31 finish: 1473407172 188109988 start: 1473407170 557033757
t_num: 20 finish: 1473407172 189230007 start: 1473407170 404863772
t_num: 29 finish: 1473407172 314176219 start: 1473407169 839154220
t_num: 18 finish: 1473407172 797111432 start: 1473407171 22262786
t_num: 7 finish: 1473407173 129269855 start: 1473407170 84354022
t_num: 15 finish: 1473407173 737653753 start: 1473407170 629229791
t_num: 30 finish: 1473407173 737653747 start: 1473407172 61764953
t_num: 22 finish: 1473407173 809669785 start: 1473407171 309543479
t_num: 10 finish: 1473407173 835903901 start: 1473407172 170829560
t_num: 25 finish: 1473407173 880988162 start: 1473407171 817159896
t_num: 9 finish: 1473407173 997014890 start: 1473407171 203241436
t_num: 23 finish: 1473407174 21705456 start: 1473407170 629838936
t_num: 21 finish: 1473407174 100316464 start: 1473407172 90896520
t_num: 2 finish: 1473407174 926493036 start: 1473407172 591745813
t_num: 18 finish: 1473407175 71291368 start: 1473407172 797160703
t_num: 22 finish: 1473407175 211299112 start: 1473407173 809699607
t_num: 3 finish: 1473407175 355458170 start: 1473407171 817144754
t_num: 28 finish: 1473407175 724897067 start: 1473407171 879847985
t_num: 12 finish: 1473407175 783620283 start: 1473407172 113307936
t_num: 8 finish: 1473407175 872130298 start: 1473407172 591863261
t_num: 5 finish: 1473407175 933287888 start: 1473407171 980095317
t_num: 11 finish: 1473407175 934011870 start: 1473407173 743753798
t_num: 19 finish: 1473407176 30083580 start: 1473407173 256658075
t_num: 6 finish: 1473407176 350112186 start: 1473407173 945755729
t_num: 29 finish: 1473407176 399702275 start: 1473407172 314222467
t_num: 31 finish: 1473407176 556393371 start: 1473407173 736768574
t_num: 27 finish: 1473407176 930502484 start: 1473407172 430454683
t_num: 28 finish: 1473407177 7244703 start: 1473407175 724937231
t_num: 10 finish: 1473407177 495678373 start: 1473407174 384856493
t_num: 4 finish: 1473407177 538274925 start: 1473407173 943008509
t_num: 7 finish: 1473407177 720589693 start: 1473407174 777793901
t_num: 9 finish: 1473407177 790247793 start: 1473407173 997051996
t_num: 2 finish: 1473407177 903664288 start: 1473407175 664145520
t_num: 25 finish: 1473407178 78413879 start: 1473407175 900040821
t_num: 8 finish: 1473407178 556530041 start: 1473407175 872163398
t_num: 21 finish: 1473407178 766496988 start: 1473407174 100346950
t_num: 17 finish: 1473407179 178194258 start: 1473407175 961586643
t_num: 5 finish: 1473407179 192290438 start: 1473407175 933329872
t_num: 18 finish: 1473407179 202198557 start: 1473407175 71330449
t_num: 2 finish: 1473407179 382158902 start: 1473407177 903703118
t_num: 19 finish: 1473407179 515963204 start: 1473407176 957431549
t_num: 12 finish: 1473407179 717201836 start: 1473407175 783649584
t_num: 9 finish: 1473407179 799238298 start: 1473407178 767140503
t_num: 29 finish: 1473407179 806129748 start: 1473407176 399729296
t_num: 3 finish: 1473407179 860994847 start: 1473407175 355508347
t_num: 10 finish: 1473407179 866019453 start: 1473407177 495715483
t_num: 27 finish: 1473407179 906236333 start: 1473407176 930563803
t_num: 20 finish: 1473407180 62118509 start: 1473407176 295388089
t_num: 7 finish: 1473407180 87148479 start: 1473407177 720623187
t_num: 1 finish: 1473407180 213831264 start: 1473407178 46873627
t_num: 25 finish: 1473407180 213851580 start: 1473407178 78449514
t_num: 31 finish: 1473407180 381866266 start: 1473407176 556437473
t_num: 0 finish: 1473407180 382086689 start: 1473407179 619970648
t_num: 3 finish: 1473407180 839289247 start: 1473407179 861027172
t_num: 13 finish: 1473407180 839955969 start: 1473407177 384648513
t_num: 28 finish: 1473407181 550042278 start: 1473407178 677810722
t_num: 27 finish: 1473407182 133759084 start: 1473407179 906258018
t_num: 15 finish: 1473407182 168170567 start: 1473407178 15419441
t_num: 12 finish: 1473407182 299554340 start: 1473407180 842180213
t_num: 5 finish: 1473407182 300591840 start: 1473407180 441106065
t_num: 7 finish: 1473407182 358760994 start: 1473407180 87175967
t_num: 6 finish: 1473407182 484399514 start: 1473407178 678981710
t_num: 10 finish: 1473407182 959155951 start: 1473407180 761421172
t_num: 25 finish: 1473407183 444724724 start: 1473407180 213967703
t_num: 20 finish: 1473407183 583182993 start: 1473407180 62143416
t_num: 16 finish: 1473407183 583183091 start: 1473407181 428658020
t_num: 29 finish: 1473407183 639979551 start: 1473407182 51510998
t_num: 22 finish: 1473407183 640850401 start: 1473407179 560577627
t_num: 8 finish: 1473407183 668167905 start: 1473407180 843009138
t_num: 30 finish: 1473407183 706011516 start: 1473407181 797346379
t_num: 7 finish: 1473407183 911752917 start: 1473407182 358780107
t_num: 1 finish: 1473407184 599346 start: 1473407180 213928663
t_num: 23 finish: 1473407184 136785999 start: 1473407182 205134956
t_num: 0 finish: 1473407184 225037244 start: 1473407180 382107487
t_num: 15 finish: 1473407184 399987623 start: 1473407182 583188723
t_num: 9 finish: 1473407184 449737681 start: 1473407180 768776125
t_num: 19 finish: 1473407184 449737673 start: 1473407181 238213385
t_num: 11 finish: 1473407184 449798736 start: 1473407182 354776049
t_num: 31 finish: 1473407184 567932017 start: 1473407180 841537515
t_num: 27 finish: 1473407184 739958529 start: 1473407182 133825790
t_num: 18 finish: 1473407184 740028892 start: 1473407181 971416310
t_num: 12 finish: 1473407185 100674242 start: 1473407182 299587701
t_num: 26 finish: 1473407185 384401483 start: 1473407181 771773121
t_num: 5 finish: 1473407185 743081394 start: 1473407182 300620224
t_num: 22 finish: 1473407186 360217969 start: 1473407183 640870765
t_num: 8 finish: 1473407186 427440155 start: 1473407183 668189827
t_num: 4 finish: 1473407186 427440131 start: 1473407184 606824329
t_num: 25 finish: 1473407186 666312577 start: 1473407185 185715859
t_num: 18 finish: 1473407186 667092495 start: 1473407184 740048698
t_num: 9 finish: 1473407187 2758839 start: 1473407184 449776646
t_num: 16 finish: 1473407187 87730273 start: 1473407184 339547466
t_num: 31 finish: 1473407187 258299971 start: 1473407184 567969148
t_num: 29 finish: 1473407187 288991848 start: 1473407185 24257367
t_num: 1 finish: 1473407187 288994987 start: 1473407184 641771
t_num: 27 finish: 1473407187 519292654 start: 1473407184 739986657
t_num: 15 finish: 1473407187 543022537 start: 1473407184 739679772
t_num: 17 finish: 1473407187 825997346 start: 1473407186 244031825
t_num: 6 finish: 1473407187 866826113 start: 1473407184 209932885
t_num: 20 finish: 1473407187 921348968 start: 1473407185 13338258
t_num: 26 finish: 1473407187 922171451 start: 1473407186 15304507
t_num: 11 finish: 1473407188 503562035 start: 1473407185 683784019
t_num: 0 finish: 1473407188 640732954 start: 1473407184 225084731
t_num: 4 finish: 1473407188 791051625 start: 1473407186 427501803
t_num: 23 finish: 1473407189 58014860 start: 1473407185 674502975
t_num: 0 finish: 1473407189 452436337 start: 1473407188 640762203
t_num: 8 finish: 1473407189 530433265 start: 1473407187 588791472
t_num: 13 finish: 1473407189 531116376 start: 1473407188 468519908
t_num: 25 finish: 1473407189 534855404 start: 1473407186 666354609
t_num: 29 finish: 1473407189 589235522 start: 1473407187 289033182
t_num: 18 finish: 1473407189 589237979 start: 1473407186 667148956
t_num: 22 finish: 1473407189 843680376 start: 1473407186 360257196
t_num: 17 finish: 1473407189 855023189 start: 1473407188 529758242
t_num: 6 finish: 1473407189 855793950 start: 1473407187 866864756
t_num: 27 finish: 1473407190 296057652 start: 1473407187 519326258
t_num: 2 finish: 1473407190 360365844 start: 1473407187 220388428
t_num: 9 finish: 1473407190 488966509 start: 1473407189 274615566
t_num: 15 finish: 1473407190 660786424 start: 1473407187 922103509
t_num: 16 finish: 1473407190 680460187 start: 1473407188 555950083
t_num: 3 finish: 1473407190 837960434 start: 1473407187 559755224
t_num: 14 finish: 1473407190 839113951 start: 1473407187 364090971
t_num: 13 finish: 1473407191 182725738 start: 1473407189 531137149
t_num: 7 finish: 1473407191 313701654 start: 1473407188 505061192
t_num: 1 finish: 1473407191 560376990 start: 1473407187 289051117
t_num: 6 finish: 1473407192 95969981 start: 1473407189 855829399
t_num: 9 finish: 1473407192 98330481 start: 1473407190 488997960
t_num: 20 finish: 1473407192 173264579 start: 1473407189 355582820
t_num: 26 finish: 1473407192 173871542 start: 1473407189 103211191
t_num: 29 finish: 1473407192 243722654 start: 1473407189 944662123
t_num: 14 finish: 1473407192 606803527 start: 1473407190 839138187
t_num: 16 finish: 1473407192 701716462 start: 1473407190 680492877
t_num: 3 finish: 1473407193 19245178 start: 1473407190 838000833
t_num: 19 finish: 1473407193 98841362 start: 1473407190 736085813
t_num: 10 finish: 1473407193 510048199 start: 1473407190 572057222
t_num: 18 finish: 1473407193 510875907 start: 1473407189 589313918
t_num: 1 finish: 1473407193 553518609 start: 1473407191 560417699
t_num: 23 finish: 1473407194 121499383 start: 1473407190 444852018
t_num: 31 finish: 1473407194 258301354 start: 1473407189 911884244
t_num: 27 finish: 1473407194 499754428 start: 1473407192 409825331
t_num: 11 finish: 1473407194 686429675 start: 1473407192 410423161
t_num: 20 finish: 1473407194 686993711 start: 1473407192 173300065
t_num: 7 finish: 1473407194 834477600 start: 1473407192 410443317
t_num: 19 finish: 1473407194 898518494 start: 1473407193 98869783
t_num: 17 finish: 1473407194 902481606 start: 1473407192 192468280
t_num: 24 finish: 1473407195 2851564 start: 1473407191 604017013
t_num: 18 finish: 1473407195 3545128 start: 1473407193 510923451
t_num: 6 finish: 1473407195 77556957 start: 1473407192 95997879
t_num: 13 finish: 1473407195 81431128 start: 1473407191 182750021
t_num: 29 finish: 1473407195 176050573 start: 1473407193 522328798
t_num: 0 finish: 1473407195 196965917 start: 1473407192 273645228
t_num: 3 finish: 1473407195 403752421 start: 1473407193 521809950
t_num: 12 finish: 1473407195 426062356 start: 1473407192 632834445
t_num: 9 finish: 1473407195 437835087 start: 1473407192 794728465
t_num: 8 finish: 1473407195 967178756 start: 1473407191 997980949
t_num: 15 finish: 1473407195 967868143 start: 1473407192 61456558
t_num: 23 finish: 1473407196 281563054 start: 1473407194 121541946
t_num: 16 finish: 1473407196 533348762 start: 1473407192 701745274
t_num: 11 finish: 1473407196 984922944 start: 1473407195 403735300
t_num: 13 finish: 1473407197 133795947 start: 1473407195 81451298
t_num: 1 finish: 1473407197 723035756 start: 1473407195 403708401
t_num: 18 finish: 1473407197 751847238 start: 1473407195 3566039
t_num: 15 finish: 1473407197 964375382 start: 1473407195 967897113
t_num: 6 finish: 1473407197 965200019 start: 1473407195 77590085
t_num: 24 finish: 1473407198 197003325 start: 1473407196 452419821
t_num: 23 finish: 1473407198 481594862 start: 1473407196 281606522
t_num: 31 finish: 1473407198 717100663 start: 1473407194 900233751
t_num: 17 finish: 1473407198 717100647 start: 1473407194 902501923
t_num: 27 finish: 1473407198 946074987 start: 1473407194 880004586
t_num: 28 finish: 1473407198 946738622 start: 1473407195 491282995
t_num: 21 finish: 1473407199 313238102 start: 1473407195 658995685
t_num: 12 finish: 1473407199 366989321 start: 1473407195 426083655
t_num: 30 finish: 1473407199 367037151 start: 1473407195 162991398
t_num: 18 finish: 1473407199 394920686 start: 1473407197 751868280
t_num: 29 finish: 1473407200 76330838 start: 1473407195 510134872
t_num: 19 finish: 1473407200 110078828 start: 1473407196 480316885
t_num: 16 finish: 1473407200 110111217 start: 1473407196 533382233
t_num: 15 finish: 1473407200 110121132 start: 1473407197 964418739
t_num: 14 finish: 1473407200 110177266 start: 1473407198 75372864
t_num: 8 finish: 1473407200 169756212 start: 1473407195 967240914
t_num: 0 finish: 1473407200 494572137 start: 1473407197 218131959
t_num: 23 finish: 1473407200 888123503 start: 1473407198 481624611
t_num: 6 finish: 1473407200 954513379 start: 1473407197 965219684
t_num: 2 finish: 1473407201 227230214 start: 1473407197 734533975
t_num: 25 finish: 1473407201 227925482 start: 1473407197 321282048
t_num: 4 finish: 1473407201 602513253 start: 1473407198 141904256
t_num: 24 finish: 1473407201 745184674 start: 1473407198 197048134
t_num: 30 finish: 1473407201 768789279 start: 1473407199 503658594
t_num: 27 finish: 1473407201 832630847 start: 1473407198 946113316
t_num: 28 finish: 1473407201 953449538 start: 1473407198 946755881
t_num: 13 finish: 1473407201 953662018 start: 1473407197 986310453
t_num: 23 finish: 1473407202 46010525 start: 1473407200 888168090
t_num: 7 finish: 1473407202 341955297 start: 1473407199 885835136
t_num: 17 finish: 1473407202 477180382 start: 1473407198 717134402
t_num: 0 finish: 1473407203 109711455 start: 1473407201 679116245
t_num: 31 finish: 1473407203 120674869 start: 1473407199 245469322
t_num: 16 finish: 1473407203 173571819 start: 1473407200 110133006
t_num: 12 finish: 1473407203 186603659 start: 1473407199 420658140
t_num: 8 finish: 1473407203 187832413 start: 1473407200 169779583
t_num: 4 finish: 1473407203 188460595 start: 1473407201 602538954
t_num: 6 finish: 1473407203 328747695 start: 1473407200 954535012
t_num: 22 finish: 1473407203 372583558 start: 1473407199 383293924
t_num: 25 finish: 1473407203 627912380 start: 1473407201 227946002
t_num: 18 finish: 1473407203 805743229 start: 1473407201 678905645
t_num: 5 finish: 1473407203 894352161 start: 1473407200 840595586
t_num: 29 finish: 1473407203 896512497 start: 1473407200 76371934
t_num: 2 finish: 1473407204 226247533 start: 1473407201 772430855
t_num: 6 finish: 1473407204 651044259 start: 1473407203 328783118
t_num: 11 finish: 1473407204 651049268 start: 1473407202 617127906
t_num: 28 finish: 1473407204 683535351 start: 1473407202 416578403
t_num: 19 finish: 1473407204 903159345 start: 1473407202 16798757
t_num: 29 finish: 1473407205 257145312 start: 1473407204 393054389
t_num: 27 finish: 1473407205 257232337 start: 1473407202 17361764
t_num: 17 finish: 1473407205 257272119 start: 1473407202 477209677
t_num: 15 finish: 1473407205 280568545 start: 1473407201 771681156
t_num: 31 finish: 1473407205 282060019 start: 1473407203 120698133
t_num: 22 finish: 1473407205 376700902 start: 1473407203 372626695
t_num: 12 finish: 1473407205 482220778 start: 1473407203 186623759
t_num: 9 finish: 1473407205 482225594 start: 1473407202 910936182
t_num: 13 finish: 1473407205 807989104 start: 1473407202 540300371
t_num: 8 finish: 1473407205 818321922 start: 1473407203 187852332
t_num: 26 finish: 1473407206 58608287 start: 1473407202 539321884
t_num: 23 finish: 1473407206 114146659 start: 1473407203 110278121
t_num: 25 finish: 1473407206 366502753 start: 1473407203 627949097
t_num: 6 finish: 1473407206 527772697 start: 1473407204 651087034
t_num: 2 finish: 1473407206 761619292 start: 1473407205 114081272
t_num: 28 finish: 1473407206 892830322 start: 1473407205 288427779
t_num: 31 finish: 1473407207 132637543 start: 1473407205 282079574
t_num: 16 finish: 1473407207 212393263 start: 1473407205 871084053
t_num: 1 finish: 1473407207 280783113 start: 1473407203 850418405
t_num: 29 finish: 1473407207 281098449 start: 1473407205 257188132
t_num: 3 finish: 1473407208 336004403 start: 1473407204 861466841
t_num: 14 finish: 1473407208 378630543 start: 1473407206 85535836
t_num: 9 finish: 1473407208 418150408 start: 1473407205 920439712
t_num: 12 finish: 1473407208 471493409 start: 1473407205 482256709
t_num: 26 finish: 1473407208 517911942 start: 1473407206 58649233
t_num: 28 finish: 1473407208 632265631 start: 1473407206 892860251
t_num: 11 finish: 1473407208 651420937 start: 1473407205 570487567
t_num: 8 finish: 1473407208 685197897 start: 1473407205 818339716
t_num: 1 finish: 1473407208 693649346 start: 1473407207 280844756
t_num: 25 finish: 1473407208 972125172 start: 1473407206 739364065
t_num: 15 finish: 1473407209 145043348 start: 1473407205 280593596
t_num: 21 finish: 1473407209 587256898 start: 1473407206 827080193
t_num: 17 finish: 1473407209 587346749 start: 1473407206 32346637
t_num: 13 finish: 1473407209 820829136 start: 1473407208 471545544
t_num: 27 finish: 1473407209 825153345 start: 1473407206 307254898
t_num: 29 finish: 1473407209 826042779 start: 1473407207 281118245
t_num: 26 finish: 1473407209 871061923 start: 1473407208 517940198
t_num: 11 finish: 1473407209 948906497 start: 1473407208 651443555
t_num: 9 finish: 1473407209 970372917 start: 1473407208 418173675
t_num: 2 finish: 1473407210 132677761 start: 1473407206 761646219
t_num: 10 finish: 1473407210 284793567 start: 1473407207 949921305
t_num: 8 finish: 1473407210 396079160 start: 1473407208 685219200
t_num: 6 finish: 1473407210 664418799 start: 1473407208 188263262
t_num: 17 finish: 1473407210 792034489 start: 1473407209 587362801
t_num: 16 finish: 1473407210 851760349 start: 1473407208 188994993
t_num: 3 finish: 1473407210 872919329 start: 1473407208 336048095
t_num: 8 finish: 1473407211 233238901 start: 1473407210 396120771
t_num: 1 finish: 1473407211 261997814 start: 1473407208 693670015
t_num: 4 finish: 1473407211 262513653 start: 1473407209 248270866
t_num: 11 finish: 1473407211 319401158 start: 1473407209 948938488
t_num: 31 finish: 1473407211 319691469 start: 1473407209 663319152
t_num: 12 finish: 1473407211 361045634 start: 1473407208 471568673
t_num: 23 finish: 1473407211 728640848 start: 1473407209 871056509
t_num: 27 finish: 1473407211 911821477 start: 1473407210 496680165
t_num: 14 finish: 1473407212 64646019 start: 1473407208 378662702
t_num: 10 finish: 1473407212 285094452 start: 1473407210 284812669
t_num: 21 finish: 1473407212 285683080 start: 1473407209 587301446
t_num: 7 finish: 1473407212 631645714 start: 1473407210 63629088
t_num: 2 finish: 1473407212 711008984 start: 1473407210 132697080
t_num: 15 finish: 1473407213 225469054 start: 1473407209 785252189
t_num: 17 finish: 1473407213 244533969 start: 1473407211 389483521
t_num: 9 finish: 1473407213 428756952 start: 1473407210 614968017
t_num: 12 finish: 1473407214 68790589 start: 1473407212 420856982
t_num: 1 finish: 1473407214 237783780 start: 1473407212 735692903
t_num: 22 finish: 1473407214 267484819 start: 1473407212 58386196
t_num: 16 finish: 1473407214 268742872 start: 1473407210 851871013
t_num: 19 finish: 1473407214 337977457 start: 1473407211 734635741
t_num: 11 finish: 1473407214 439918433 start: 1473407211 319474555
t_num: 14 finish: 1473407214 451710796 start: 1473407212 64668025
t_num: 29 finish: 1473407214 601906318 start: 1473407212 50282933
t_num: 24 finish: 1473407214 619263389 start: 1473407213 226272122
t_num: 0 finish: 1473407214 619272437 start: 1473407210 564858183
t_num: 27 finish: 1473407214 619293163 start: 1473407213 226165918
t_num: 7 finish: 1473407214 765055519 start: 1473407212 631686966
t_num: 20 finish: 1473407215 212480149 start: 1473407211 233635967
t_num: 5 finish: 1473407215 487413702 start: 1473407212 451775174
t_num: 6 finish: 1473407215 903520299 start: 1473407212 368498079
t_num: 12 finish: 1473407215 936091639 start: 1473407214 68849805
t_num: 22 finish: 1473407216 243604383 start: 1473407214 267541698
t_num: 14 finish: 1473407216 298317368 start: 1473407214 451728905
t_num: 15 finish: 1473407216 300718257 start: 1473407213 685098611
t_num: 0 finish: 1473407216 301471084 start: 1473407214 619328550
t_num: 19 finish: 1473407216 496835717 start: 1473407214 338002237
t_num: 10 finish: 1473407216 606302000 start: 1473407214 375059189
t_num: 20 finish: 1473407216 663091292 start: 1473407215 212517347
t_num: 3 finish: 1473407216 856498266 start: 1473407213 49407132
t_num: 18 finish: 1473407217 120312194 start: 1473407214 439892673
t_num: 1 finish: 1473407217 121241790 start: 1473407214 237822347
t_num: 8 finish: 1473407217 129070233 start: 1473407214 103338415
t_num: 7 finish: 1473407217 247357632 start: 1473407214 765077755
t_num: 11 finish: 1473407217 362658427 start: 1473407214 900331562
t_num: 31 finish: 1473407217 769642776 start: 1473407215 146952145
t_num: 27 finish: 1473407218 21182179 start: 1473407215 577098880
t_num: 9 finish: 1473407218 205584779 start: 1473407214 765063081
t_num: 14 finish: 1473407218 206841352 start: 1473407216 298346713
t_num: 3 finish: 1473407218 322815396 start: 1473407216 856525094
t_num: 30 finish: 1473407218 498875987 start: 1473407216 271892546
t_num: 6 finish: 1473407218 681915850 start: 1473407217 118622832
t_num: 12 finish: 1473407218 818253403 start: 1473407216 340978411
t_num: 27 finish: 1473407219 122723526 start: 1473407218 21207717
t_num: 5 finish: 1473407219 122909873 start: 1473407216 842664527
t_num: 28 finish: 1473407219 173317124 start: 1473407217 954337083
t_num: 19 finish: 1473407219 288992648 start: 1473407216 496873246
t_num: 24 finish: 1473407219 482429339 start: 1473407216 400494457
t_num: 8 finish: 1473407219 522826746 start: 1473407217 129092307
t_num: 10 finish: 1473407219 599414936 start: 1473407216 606362491
t_num: 7 finish: 1473407219 643309486 start: 1473407217 247399555
t_num: 6 finish: 1473407219 662401646 start: 1473407218 681938752
t_num: 25 finish: 1473407219 673678002 start: 1473407218 396206717
t_num: 22 finish: 1473407219 816599323 start: 1473407217 132062224
t_num: 13 finish: 1473407219 816601279 start: 1473407218 254512650
t_num: 14 finish: 1473407219 901128424 start: 1473407218 206858437
t_num: 28 finish: 1473407220 163247885 start: 1473407219 173364022
t_num: 8 finish: 1473407220 163815735 start: 1473407219 522867847
t_num: 20 finish: 1473407220 205974558 start: 1473407216 663137308
t_num: 1 finish: 1473407220 473164488 start: 1473407217 607863980
t_num: 21 finish: 1473407220 503832201 start: 1473407217 767561494
t_num: 4 finish: 1473407220 629951323 start: 1473407218 700436132
t_num: 27 finish: 1473407221 101611906 start: 1473407219 122750351
t_num: 30 finish: 1473407221 605902567 start: 1473407219 644927521
t_num: 31 finish: 1473407222 28995809 start: 1473407218 490865663
t_num: 19 finish: 1473407222 42710038 start: 1473407220 751318247
t_num: 20 finish: 1473407222 42948136 start: 1473407220 206007253
t_num: 9 finish: 1473407222 43497613 start: 1473407218 205612020
t_num: 6 finish: 1473407222 314777398 start: 1473407219 662422078
t_num: 12 finish: 1473407222 459632629 start: 1473407219 282359544
t_num: 13 finish: 1473407222 460172387 start: 1473407219 817847745
t_num: 2 finish: 1473407222 783871100 start: 1473407220 239315260
t_num: 14 finish: 1473407222 786214202 start: 1473407219 901162451
t_num: 24 finish: 1473407222 990904993 start: 1473407219 482464409
t_num: 17 finish: 1473407223 103389438 start: 1473407221 226747927
t_num: 5 finish: 1473407223 227098725 start: 1473407220 165489176
t_num: 4 finish: 1473407223 305043663 start: 1473407220 629990117
t_num: 8 finish: 1473407223 467557662 start: 1473407221 124119645
t_num: 1 finish: 1473407223 518251149 start: 1473407220 473207118
t_num: 29 finish: 1473407223 907714697 start: 1473407221 805658284
t_num: 10 finish: 1473407223 910711465 start: 1473407221 72274613
t_num: 27 finish: 1473407223 910903336 start: 1473407221 101640321
t_num: 30 finish: 1473407224 279780308 start: 1473407221 605933409
t_num: 7 finish: 1473407224 359562140 start: 1473407221 748618260
t_num: 13 finish: 1473407224 503874513 start: 1473407222 460187923
t_num: 15 finish: 1473407224 539599727 start: 1473407222 790589705
t_num: 16 finish: 1473407224 856843980 start: 1473407221 992541362
t_num: 20 finish: 1473407224 858649024 start: 1473407222 42965531
t_num: 10 finish: 1473407224 938234850 start: 1473407223 910745442
t_num: 12 finish: 1473407224 972338071 start: 1473407222 459683299
t_num: 28 finish: 1473407224 972340221 start: 1473407223 501426195
t_num: 23 finish: 1473407225 138977613 start: 1473407223 497879822
t_num: 9 finish: 1473407225 162324491 start: 1473407222 43517956
t_num: 24 finish: 1473407225 243778479 start: 1473407222 990929826
t_num: 19 finish: 1473407225 290624832 start: 1473407222 42733701
t_num: 26 finish: 1473407225 318195449 start: 1473407222 789307463
t_num: 17 finish: 1473407226 133636255 start: 1473407223 716294291
t_num: 2 finish: 1473407226 205830248 start: 1473407223 254011261
t_num: 7 finish: 1473407226 586568014 start: 1473407225 527712818
t_num: 10 finish: 1473407226 674622307 start: 1473407224 938271697
t_num: 8 finish: 1473407226 793527373 start: 1473407224 506302422
t_num: 30 finish: 1473407227 174984521 start: 1473407224 279826093
t_num: 13 finish: 1473407227 210841835 start: 1473407224 503909606
t_num: 3 finish: 1473407227 282988321 start: 1473407225 777548212
t_num: 15 finish: 1473407227 454848511 start: 1473407225 527704559
t_num: 18 finish: 1473407227 462842770 start: 1473407224 972384803
t_num: 29 finish: 1473407227 482660728 start: 1473407224 411724412
t_num: 23 finish: 1473407227 482665524 start: 1473407225 139006718
t_num: 11 finish: 1473407227 718713342 start: 1473407223 934104328
t_num: 5 finish: 1473407227 773995610 start: 1473407224 480821974
t_num: 0 finish: 1473407227 858791418 start: 1473407226 817685445
t_num: 25 finish: 1473407227 860057700 start: 1473407225 738162125
t_num: 19 finish: 1473407227 878306625 start: 1473407225 290656703
t_num: 6 finish: 1473407228 107886346 start: 1473407225 527124073
t_num: 4 finish: 1473407228 196663972 start: 1473407226 491371679
t_num: 12 finish: 1473407228 587998231 start: 1473407225 778404514
t_num: 16 finish: 1473407228 766913381 start: 1473407225 901979029
t_num: 18 finish: 1473407228 794126134 start: 1473407227 462864343
t_num: 14 finish: 1473407228 824546913 start: 1473407225 901984892
t_num: 26 finish: 1473407228 987304723 start: 1473407226 970841699
t_num: 28 finish: 1473407229 86427756 start: 1473407227 485093294
t_num: 7 finish: 1473407229 393217679 start: 1473407226 793293861
t_num: 19 finish: 1473407229 393226062 start: 1473407227 878326516
t_num: 8 finish: 1473407229 413149507 start: 1473407227 948331746
t_num: 25 finish: 1473407229 468562263 start: 1473407227 860079017
t_num: 10 finish: 1473407229 607892034 start: 1473407226 674666460
t_num: 16 finish: 1473407229 716273439 start: 1473407228 766941998
t_num: 0 finish: 1473407230 80220388 start: 1473407227 858836284
t_num: 1 finish: 1473407230 83796148 start: 1473407227 260520272
t_num: 23 finish: 1473407230 187071299 start: 1473407227 482685037
t_num: 12 finish: 1473407230 366325100 start: 1473407228 588026614
t_num: 11 finish: 1473407231 182957699 start: 1473407228 613623400
t_num: 24 finish: 1473407231 222332962 start: 1473407227 859603606
t_num: 22 finish: 1473407231 223508494 start: 1473407228 584885629
t_num: 31 finish: 1473407231 600704978 start: 1473407228 824635435
t_num: 15 finish: 1473407231 602983858 start: 1473407229 318202095
t_num: 16 finish: 1473407231 678236823 start: 1473407229 716298842
t_num: 6 finish: 1473407231 695400335 start: 1473407228 107927283
t_num: 13 finish: 1473407232 28455840 start: 1473407229 38287280
t_num: 30 finish: 1473407232 136691055 start: 1473407230 434290458
t_num: 21 finish: 1473407232 178257628 start: 1473407229 435020074
t_num: 5 finish: 1473407232 289673165 start: 1473407229 876327370
t_num: 26 finish: 1473407232 289680434 start: 1473407230 172345877
t_num: 0 finish: 1473407232 442337610 start: 1473407230 80261559
t_num: 28 finish: 1473407232 481866265 start: 1473407230 382888260
t_num: 19 finish: 1473407232 481872523 start: 1473407229 393260939
t_num: 8 finish: 1473407232 666198833 start: 1473407231 421155694
t_num: 10 finish: 1473407232 666374881 start: 1473407230 766551489
t_num: 31 finish: 1473407232 666436494 start: 1473407231 600747399
t_num: 7 finish: 1473407232 666521048 start: 1473407230 172929997
t_num: 15 finish: 1473407233 304676892 start: 1473407231 603004370
t_num: 14 finish: 1473407233 374787636 start: 1473407229 830005573
t_num: 3 finish: 1473407233 454361047 start: 1473407230 337306981
t_num: 6 finish: 1473407233 455246579 start: 1473407231 695420674
t_num: 12 finish: 1473407233 455315601 start: 1473407230 366362231
t_num: 22 finish: 1473407233 717857186 start: 1473407231 223536007
t_num: 11 finish: 1473407234 511428059 start: 1473407232 242892385
t_num: 3 finish: 1473407234 641964745 start: 1473407233 454404467
t_num: 13 finish: 1473407234 713355229 start: 1473407233 78221679
t_num: 10 finish: 1473407234 754473188 start: 1473407233 350411372
t_num: 19 finish: 1473407234 885304833 start: 1473407232 481932806
t_num: 6 finish: 1473407234 886117043 start: 1473407233 455271800
t_num: 30 finish: 1473407234 963566291 start: 1473407232 136733234
t_num: 0 finish: 1473407235 101843676 start: 1473407232 442366607
t_num: 17 finish: 1473407235 380611131 start: 1473407233 359602711
t_num: 15 finish: 1473407235 442697877 start: 1473407233 304709293
t_num: 8 finish: 1473407235 442697087 start: 1473407232 666233723
t_num: 22 finish: 1473407236 18165023 start: 1473407233 717886195
t_num: 26 finish: 1473407236 79523532 start: 1473407233 532811398
t_num: 1 finish: 1473407236 82313956 start: 1473407233 888643494
t_num: 14 finish: 1473407236 349429054 start: 1473407233 374825245
t_num: 27 finish: 1473407236 351275991 start: 1473407234 886203327
t_num: 12 finish: 1473407236 577420101 start: 1473407233 455335036
t_num: 25 finish: 1473407236 728307932 start: 1473407235 70335338
t_num: 15 finish: 1473407237 413118190 start: 1473407235 442741488
t_num: 11 finish: 1473407237 413763568 start: 1473407234 511463909
t_num: 9 finish: 1473407237 644749144 start: 1473407234 540271405
t_num: 3 finish: 1473407237 654022733 start: 1473407234 642006397
t_num: 29 finish: 1473407237 716295139 start: 1473407235 539019905
t_num: 1 finish: 1473407238 23617149 start: 1473407236 82329618
t_num: 30 finish: 1473407238 93970204 start: 1473407234 963607207
t_num: 0 finish: 1473407238 160094232 start: 1473407235 101877796
t_num: 28 finish: 1473407238 240553502 start: 1473407234 754574242
t_num: 26 finish: 1473407238 661122545 start: 1473407236 518058076
t_num: 27 finish: 1473407238 661736329 start: 1473407236 351298032
t_num: 19 finish: 1473407239 108105027 start: 1473407234 885351262
t_num: 31 finish: 1473407239 321604330 start: 1473407235 26386550
t_num: 15 finish: 1473407239 483453890 start: 1473407237 413150552
t_num: 23 finish: 1473407239 515317498 start: 1473407237 845888396
t_num: 25 finish: 1473407239 665901289 start: 1473407238 381491386
t_num: 14 finish: 1473407239 787516926 start: 1473407238 194934375
t_num: 9 finish: 1473407239 840302953 start: 1473407237 644780652
t_num: 18 finish: 1473407239 890630376 start: 1473407237 156663682
t_num: 22 finish: 1473407239 898873201 start: 1473407236 18198602
t_num: 20 finish: 1473407240 52179106 start: 1473407236 77016635
t_num: 27 finish: 1473407240 116496954 start: 1473407239 420346349
t_num: 8 finish: 1473407240 592483466 start: 1473407237 302005312
t_num: 6 finish: 1473407240 594287894 start: 1473407237 481245693
t_num: 25 finish: 1473407240 732160920 start: 1473407239 665942399
t_num: 12 finish: 1473407240 919449416 start: 1473407237 910712029
t_num: 1 finish: 1473407240 920480317 start: 1473407239 807158753
t_num: 3 finish: 1473407240 921210298 start: 1473407237 654044201
t_num: 28 finish: 1473407240 921215094 start: 1473407238 240588583
t_num: 19 finish: 1473407240 921273275 start: 1473407239 108136606
t_num: 11 finish: 1473407241 471740264 start: 1473407238 381519702
t_num: 29 finish: 1473407241 588105123 start: 1473407239 235269752
t_num: 0 finish: 1473407241 588739884 start: 1473407239 150587755
t_num: 4 finish: 1473407241 588823529 start: 1473407239 571539076
t_num: 8 finish: 1473407241 691424522 start: 1473407240 592526352
t_num: 18 finish: 1473407241 710552303 start: 1473407239 890668703
t_num: 9 finish: 1473407241 710559631 start: 1473407239 840332128
t_num: 15 finish: 1473407241 710600994 start: 1473407239 483480645
t_num: 22 finish: 1473407241 973597135 start: 1473407240 568803836
t_num: 20 finish: 1473407242 178215685 start: 1473407240 52214025
t_num: 31 finish: 1473407242 278780066 start: 1473407239 321648671
t_num: 25 finish: 1473407242 279574140 start: 1473407240 732205461
t_num: 27 finish: 1473407242 472227346 start: 1473407241 502567065
t_num: 3 finish: 1473407242 728687984 start: 1473407240 921232430
t_num: 13 finish: 1473407243 113947254 start: 1473407241 915934112
t_num: 14 finish: 1473407243 326027143 start: 1473407240 678904146
t_num: 5 finish: 1473407243 364387721 start: 1473407240 954276291
t_num: 28 finish: 1473407243 380058013 start: 1473407241 314640472
t_num: 11 finish: 1473407243 671676535 start: 1473407241 471777610
t_num: 1 finish: 1473407243 902325621 start: 1473407242 140887683
t_num: 0 finish: 1473407243 920440013 start: 1473407241 588761971
t_num: 4 finish: 1473407243 993868902 start: 1473407241 588841597
t_num: 8 finish: 1473407243 996013141 start: 1473407241 691468500
t_num: 6 finish: 1473407244 50966330 start: 1473407241 260454151
t_num: 15 finish: 1473407244 82962737 start: 1473407241 710620041
t_num: 20 finish: 1473407244 377552381 start: 1473407242 178240175
t_num: 3 finish: 1473407244 620724400 start: 1473407243 147614556
t_num: 21 finish: 1473407244 621515230 start: 1473407242 557221520
t_num: 31 finish: 1473407244 621583952 start: 1473407242 278831272
t_num: 24 finish: 1473407244 924915618 start: 1473407242 543732489
t_num: 28 finish: 1473407245 197464867 start: 1473407243 380081627
t_num: 27 finish: 1473407245 712535284 start: 1473407242 472286841
t_num: 5 finish: 1473407245 787579896 start: 1473407243 364420226
t_num: 26 finish: 1473407245 891958823 start: 1473407242 472257631
t_num: 14 finish: 1473407245 962538747 start: 1473407243 326061024
t_num: 9 finish: 1473407246 212745242 start: 1473407243 707745478
t_num: 8 finish: 1473407246 291134178 start: 1473407244 158769057
t_num: 13 finish: 1473407246 293413411 start: 1473407243 996088563
t_num: 29 finish: 1473407246 293476396 start: 1473407243 869100719
t_num: 1 finish: 1473407246 746366227 start: 1473407243 902365184
t_num: 3 finish: 1473407246 826327266 start: 1473407244 620752978
t_num: 4 finish: 1473407246 868736629 start: 1473407244 431063739
t_num: 23 finish: 1473407246 913394440 start: 1473407244 429579602
t_num: 22 finish: 1473407247 127820378 start: 1473407243 486937054
t_num: 5 finish: 1473407247 127874581 start: 1473407245 787634373
t_num: 15 finish: 1473407247 168956439 start: 1473407244 82993985
t_num: 21 finish: 1473407247 474528199 start: 1473407244 621536553
t_num: 25 finish: 1473407247 475203738 start: 1473407244 609313603
t_num: 27 finish: 1473407247 869714087 start: 1473407245 712594117
t_num: 30 finish: 1473407247 874710340 start: 1473407245 999427992
t_num: 0 finish: 1473407247 874721790 start: 1473407244 637966082
t_num: 19 finish: 1473407248 313265440 start: 1473407244 127067782
t_num: 7 finish: 1473407248 313857587 start: 1473407246 321816295
t_num: 31 finish: 1473407248 605089897 start: 1473407246 674082446
t_num: 6 finish: 1473407248 855537097 start: 1473407246 381675438
t_num: 28 finish: 1473407248 875698291 start: 1473407246 371870708
t_num: 9 finish: 1473407249 159688063 start: 1473407247 657187277
t_num: 8 finish: 1473407249 160587317 start: 1473407246 601384768
t_num: 23 finish: 1473407249 162129819 start: 1473407247 128322860
t_num: 24 finish: 1473407249 166416702 start: 1473407246 255889406
t_num: 13 finish: 1473407249 195932000 start: 1473407246 293434608
t_num: 25 finish: 1473407249 383632493 start: 1473407247 475245063
t_num: 22 finish: 1473407249 422670657 start: 1473407247 127858041
t_num: 4 finish: 1473407249 426167373 start: 1473407248 115250773
t_num: 16 finish: 1473407249 540238897 start: 1473407247 265796183
t_num: 3 finish: 1473407249 617623842 start: 1473407246 826366568
t_num: 27 finish: 1473407249 743400116 start: 1473407247 869753321
t_num: 14 finish: 1473407250 61843740 start: 1473407246 933401881
t_num: 20 finish: 1473407250 148475468 start: 1473407247 795253664
t_num: 12 finish: 1473407250 599375492 start: 1473407248 229060155
t_num: 8 finish: 1473407250 768141649 start: 1473407249 160607804
t_num: 13 finish: 1473407250 982177451 start: 1473407249 195952904
t_num: 29 finish: 1473407251 327768786 start: 1473407247 217026241
t_num: 28 finish: 1473407251 408528820 start: 1473407248 875733575
t_num: 31 finish: 1473407251 442674987 start: 1473407248 605122412
t_num: 30 finish: 1473407251 490186533 start: 1473407248 280000444
t_num: 7 finish: 1473407251 581621179 start: 1473407250 26333520
t_num: 22 finish: 1473407251 664770198 start: 1473407249 422705110
t_num: 23 finish: 1473407251 915360279 start: 1473407249 162150836
t_num: 19 finish: 1473407252 91285128 start: 1473407248 973074084
t_num: 20 finish: 1473407252 235036006 start: 1473407250 148507764
t_num: 11 finish: 1473407252 374949684 start: 1473407250 409978004
t_num: 3 finish: 1473407252 391385448 start: 1473407249 617657342
t_num: 12 finish: 1473407252 391397596 start: 1473407250 599403844
t_num: 25 finish: 1473407252 612325002 start: 1473407250 6173268
t_num: 6 finish: 1473407252 615069525 start: 1473407250 497113380
t_num: 18 finish: 1473407252 720359835 start: 1473407250 408757503
t_num: 17 finish: 1473407252 791600676 start: 1473407250 896208597
t_num: 4 finish: 1473407252 812849213 start: 1473407249 426183923
t_num: 27 finish: 1473407252 814280060 start: 1473407249 743472426
t_num: 10 finish: 1473407252 875550153 start: 1473407251 948947290
t_num: 22 finish: 1473407253 314073647 start: 1473407251 664825571
t_num: 29 finish: 1473407253 316111219 start: 1473407251 748638060
t_num: 13 finish: 1473407253 715668742 start: 1473407250 982219392
t_num: 23 finish: 1473407254 201768121 start: 1473407251 915383874
t_num: 14 finish: 1473407254 635530154 start: 1473407250 982235741
t_num: 5 finish: 1473407254 806007065 start: 1473407253 518583266
t_num: 21 finish: 1473407254 963681727 start: 1473407253 184252394
t_num: 3 finish: 1473407255 345661044 start: 1473407252 391414957
t_num: 20 finish: 1473407255 346064963 start: 1473407252 235077910
t_num: 17 finish: 1473407255 478154653 start: 1473407253 781316598
t_num: 31 finish: 1473407255 580220766 start: 1473407252 703175140
t_num: 26 finish: 1473407255 604248751 start: 1473407252 265267866
t_num: 19 finish: 1473407255 653623348 start: 1473407253 455118419
t_num: 10 finish: 1473407255 660272979 start: 1473407252 875580531
t_num: 29 finish: 1473407255 723619656 start: 1473407253 316131970
t_num: 8 finish: 1473407255 749213834 start: 1473407252 613604480
t_num: 22 finish: 1473407255 749471305 start: 1473407253 314112950
t_num: 30 finish: 1473407255 784338126 start: 1473407254 497151705
t_num: 12 finish: 1473407256 160455500 start: 1473407252 391431154
t_num: 4 finish: 1473407256 161094512 start: 1473407252 812873474
t_num: 7 finish: 1473407256 368857553 start: 1473407252 880971503
t_num: 25 finish: 1473407256 535996885 start: 1473407252 612367355
t_num: 14 finish: 1473407256 648047809 start: 1473407255 344750629
t_num: 18 finish: 1473407256 680131607 start: 1473407254 651921180
t_num: 27 finish: 1473407256 686420623 start: 1473407254 651930827
t_num: 21 finish: 1473407256 739116858 start: 1473407254 963725781
t_num: 5 finish: 1473407256 938094481 start: 1473407254 806045765
t_num: 26 finish: 1473407257 99943434 start: 1473407255 604269932
t_num: 6 finish: 1473407257 161846996 start: 1473407255 349831186
t_num: 30 finish: 1473407257 190973544 start: 1473407256 368825458
t_num: 3 finish: 1473407257 222097525 start: 1473407255 345688811
t_num: 17 finish: 1473407257 998879867 start: 1473407256 10195661
t_num: 8 finish: 1473407258 1562635 start: 1473407255 749244303
t_num: 12 finish: 1473407258 5404229 start: 1473407256 682235458
t_num: 25 finish: 1473407258 134774009 start: 1473407256 536026799
t_num: 31 finish: 1473407258 134783970 start: 1473407256 174430454
t_num: 20 finish: 1473407258 571483180 start: 1473407255 346085884
t_num: 19 finish: 1473407258 762115094 start: 1473407255 653650642
t_num: 0 finish: 1473407258 977993452 start: 1473407256 368771610
t_num: 1 finish: 1473407258 993684838 start: 1473407256 616815806
t_num: 23 finish: 1473407258 993687459 start: 1473407255 351397542
t_num: 7 finish: 1473407259 348927876 start: 1473407256 368904870
t_num: 15 finish: 1473407259 422580329 start: 1473407257 102114095
t_num: 3 finish: 1473407259 527053182 start: 1473407257 222119284
t_num: 18 finish: 1473407259 693305806 start: 1473407257 676077604
t_num: 5 finish: 1473407259 817427124 start: 1473407256 938138302
t_num: 22 finish: 1473407259 868587229 start: 1473407257 270637951
t_num: 28 finish: 1473407260 141916175 start: 1473407258 539767236
t_num: 13 finish: 1473407260 564205582 start: 1473407257 102315015
t_num: 11 finish: 1473407260 626661713 start: 1473407258 624688757
t_num: 3 finish: 1473407260 881264754 start: 1473407259 527081172
t_num: 12 finish: 1473407260 929267925 start: 1473407258 5425125
t_num: 15 finish: 1473407260 931613239 start: 1473407259 422607106
t_num: 9 finish: 1473407260 945737728 start: 1473407257 271260469
t_num: 31 finish: 1473407260 986116132 start: 1473407259 510239122
t_num: 4 finish: 1473407261 333365875 start: 1473407259 352380637
t_num: 30 finish: 1473407261 334155421 start: 1473407257 191001058
t_num: 25 finish: 1473407261 399346502 start: 1473407259 289022913
t_num: 26 finish: 1473407261 452419075 start: 1473407257 487646625
t_num: 8 finish: 1473407261 666885447 start: 1473407258 1586810
t_num: 0 finish: 1473407261 678013238 start: 1473407260 50122109
t_num: 19 finish: 1473407261 690142364 start: 1473407259 423231202
t_num: 7 finish: 1473407262 40600060 start: 1473407259 348963643
t_num: 14 finish: 1473407262 376346849 start: 1473407258 818778840
t_num: 18 finish: 1473407262 531189906 start: 1473407259 693349645
t_num: 28 finish: 1473407262 579120181 start: 1473407260 551248341
t_num: 25 finish: 1473407262 635160892 start: 1473407261 399370365
t_num: 24 finish: 1473407262 642961743 start: 1473407259 233606730
t_num: 11 finish: 1473407262 862908611 start: 1473407260 626704179
t_num: 27 finish: 1473407262 862921803 start: 1473407259 388335404
t_num: 5 finish: 1473407262 972817012 start: 1473407260 944069369
t_num: 31 finish: 1473407263 31230545 start: 1473407260 986143502
t_num: 17 finish: 1473407263 494445276 start: 1473407259 944111001
t_num: 9 finish: 1473407263 565047218 start: 1473407261 778014953
t_num: 2 finish: 1473407263 565054843 start: 1473407262 286034268
t_num: 15 finish: 1473407263 695558805 start: 1473407260 931634431
t_num: 29 finish: 1473407263 839145917 start: 1473407260 862063633
t_num: 22 finish: 1473407263 840277546 start: 1473407261 424476447
t_num: 30 finish: 1473407263 970924920 start: 1473407261 334176292
t_num: 16 finish: 1473407264 86245483 start: 1473407262 420105176
t_num: 0 finish: 1473407264 547015998 start: 1473407261 678046702
t_num: 6 finish: 1473407264 587325134 start: 1473407262 656606397
t_num: 27 finish: 1473407264 789390838 start: 1473407262 862955475
t_num: 7 finish: 1473407264 857517247 start: 1473407262 670330088
t_num: 11 finish: 1473407264 897056295 start: 1473407263 281183779
t_num: 4 finish: 1473407264 897454237 start: 1473407262 579075467
t_num: 8 finish: 1473407264 990429311 start: 1473407263 648940460
t_num: 24 finish: 1473407264 991936335 start: 1473407262 642982702
t_num: 12 finish: 1473407265 115148424 start: 1473407261 954244131
t_num: 18 finish: 1473407265 183345920 start: 1473407262 531231146
t_num: 28 finish: 1473407265 186433921 start: 1473407263 129033102
t_num: 15 finish: 1473407265 380755927 start: 1473407264 159797676
t_num: 2 finish: 1473407265 693741604 start: 1473407263 565103188
t_num: 21 finish: 1473407265 726551394 start: 1473407263 368855878
t_num: 25 finish: 1473407265 907515312 start: 1473407263 697753819
t_num: 22 finish: 1473407265 927271550 start: 1473407264 479217598
t_num: 31 finish: 1473407266 80788184 start: 1473407263 537190857
t_num: 6 finish: 1473407266 90119025 start: 1473407264 587356368
t_num: 16 finish: 1473407266 162473064 start: 1473407264 792959243
t_num: 7 finish: 1473407266 201894087 start: 1473407264 857554881
t_num: 20 finish: 1473407266 201932546 start: 1473407264 37099342
t_num: 27 finish: 1473407267 49591521 start: 1473407264 789439992
t_num: 3 finish: 1473407267 52089507 start: 1473407264 510955689
t_num: 29 finish: 1473407267 132790307 start: 1473407263 839176887
t_num: 14 finish: 1473407267 136191478 start: 1473407265 122680296
t_num: 1 finish: 1473407267 266977971 start: 1473407265 520432593
t_num: 4 finish: 1473407267 361919722 start: 1473407265 121660959
t_num: 22 finish: 1473407267 362742526 start: 1473407265 927292944
t_num: 30 finish: 1473407267 857359159 start: 1473407265 377554486
t_num: 10 finish: 1473407267 858015896 start: 1473407265 975964954
t_num: 5 finish: 1473407267 928267590 start: 1473407264 843851319
t_num: 21 finish: 1473407267 930923975 start: 1473407265 726576300
t_num: 8 finish: 1473407268 398280747 start: 1473407265 433729765
t_num: 7 finish: 1473407268 606715890 start: 1473407266 201918369
t_num: 25 finish: 1473407268 607327027 start: 1473407265 907538784
t_num: 31 finish: 1473407268 627629590 start: 1473407266 323309008
t_num: 13 finish: 1473407268 686084348 start: 1473407266 323334393
t_num: 23 finish: 1473407268 977872076 start: 1473407267 467850754
t_num: 19 finish: 1473407268 979291043 start: 1473407266 790539592
t_num: 26 finish: 1473407269 44291777 start: 1473407267 136261095
t_num: 28 finish: 1473407269 78768921 start: 1473407267 101784617
t_num: 15 finish: 1473407269 112012592 start: 1473407266 323127620
t_num: 12 finish: 1473407269 394750138 start: 1473407267 53848697
t_num: 4 finish: 1473407269 748611110 start: 1473407267 361943256
t_num: 30 finish: 1473407270 6854188 start: 1473407267 857404123
t_num: 9 finish: 1473407270 300217393 start: 1473407268 273809410
t_num: 5 finish: 1473407270 436445274 start: 1473407267 928313141
t_num: 6 finish: 1473407270 438468669 start: 1473407267 346429553
t_num: 23 finish: 1473407270 469436979 start: 1473407268 977913880
t_num: 3 finish: 1473407270 470230623 start: 1473407267 631572972
t_num: 10 finish: 1473407270 532225461 start: 1473407267 858037180
t_num: 26 finish: 1473407270 596901116 start: 1473407269 44319832
t_num: 31 finish: 1473407270 599903241 start: 1473407268 627650506
t_num: 11 finish: 1473407270 599954310 start: 1473407267 165643973
t_num: 14 finish: 1473407270 599968506 start: 1473407268 347303662
t_num: 2 finish: 1473407270 600021960 start: 1473407268 563640226
t_num: 13 finish: 1473407270 671806445 start: 1473407269 631258927
t_num: 7 finish: 1473407270 788011858 start: 1473407268 606743925
t_num: 12 finish: 1473407270 955043903 start: 1473407269 394790900
t_num: 8 finish: 1473407271 67854973 start: 1473407269 631889721
t_num: 19 finish: 1473407271 86575504 start: 1473407268 979313235
t_num: 21 finish: 1473407271 239844699 start: 1473407268 477696986
t_num: 4 finish: 1473407271 787713809 start: 1473407269 748649403
t_num: 31 finish: 1473407271 789586185 start: 1473407270 607326106
t_num: 3 finish: 1473407271 867135675 start: 1473407270 470250300
t_num: 6 finish: 1473407272 17834793 start: 1473407271 68531002
t_num: 5 finish: 1473407272 18401169 start: 1473407270 436475131
t_num: 1 finish: 1473407272 50305211 start: 1473407269 782091198
t_num: 28 finish: 1473407272 267503063 start: 1473407270 490567586
t_num: 17 finish: 1473407272 638609364 start: 1473407269 333130750
t_num: 3 finish: 1473407272 640344901 start: 1473407271 867179562
t_num: 18 finish: 1473407272 642034958 start: 1473407269 1314582
t_num: 21 finish: 1473407272 819929220 start: 1473407271 239867044
t_num: 20 finish: 1473407273 312494177 start: 1473407270 353849390
t_num: 8 finish: 1473407273 897748658 start: 1473407271 918869296
t_num: 10 finish: 1473407273 925492339 start: 1473407271 143178661
t_num: 11 finish: 1473407273 931256365 start: 1473407271 741860299
t_num: 5 finish: 1473407274 423775348 start: 1473407272 18422118
t_num: 7 finish: 1473407274 500123446 start: 1473407270 788042787
t_num: 4 finish: 1473407274 569956480 start: 1473407271 787737544
t_num: 17 finish: 1473407275 320762341 start: 1473407272 638654307
t_num: 14 finish: 1473407275 400176395 start: 1473407272 239294991
t_num: 1 finish: 1473407275 461241394 start: 1473407272 50349572
t_num: 31 finish: 1473407275 523521049 start: 1473407271 789606832
t_num: 13 finish: 1473407275 545341354 start: 1473407272 298789384
t_num: 28 finish: 1473407275 546728847 start: 1473407272 980384656
t_num: 26 finish: 1473407275 738060326 start: 1473407271 786690697
t_num: 6 finish: 1473407275 801438178 start: 1473407273 433820552
t_num: 5 finish: 1473407275 914279469 start: 1473407274 423828409
t_num: 7 finish: 1473407276 12219187 start: 1473407274 500156064
t_num: 3 finish: 1473407276 143108227 start: 1473407273 377879556
t_num: 8 finish: 1473407276 143113032 start: 1473407273 897776738
t_num: 18 finish: 1473407276 200871275 start: 1473407272 642056438
t_num: 19 finish: 1473407276 202523444 start: 1473407274 502951166
t_num: 20 finish: 1473407276 285207925 start: 1473407273 312530354
t_num: 15 finish: 1473407276 470537410 start: 1473407274 822409782
t_num: 17 finish: 1473407276 470603857 start: 1473407275 320794433
t_num: 28 finish: 1473407277 17184933 start: 1473407275 546747732
t_num: 3 finish: 1473407277 328988101 start: 1473407276 143151593
t_num: 14 finish: 1473407277 399302102 start: 1473407275 400217525
t_num: 29 finish: 1473407277 447206289 start: 1473407276 99705296
t_num: 16 finish: 1473407277 708041095 start: 1473407273 890937452
t_num: 10 finish: 1473407277 800742710 start: 1473407273 925525904
t_num: 13 finish: 1473407277 912305868 start: 1473407275 545365669
t_num: 4 finish: 1473407278 180131261 start: 1473407275 413311533
t_num: 6 finish: 1473407278 182101199 start: 1473407275 801468646
t_num: 28 finish: 1473407278 182825647 start: 1473407277 17211293
t_num: 18 finish: 1473407278 190417824 start: 1473407277 219243819
t_num: 31 finish: 1473407278 190950258 start: 1473407275 523562367
t_num: 1 finish: 1473407278 191001998 start: 1473407276 470607576
t_num: 8 finish: 1473407278 191634042 start: 1473407276 143163334
t_num: 7 finish: 1473407278 360916704 start: 1473407276 12251074
t_num: 5 finish: 1473407278 679809822 start: 1473407276 975473159
t_num: 11 finish: 1473407279 94203381 start: 1473407277 830099325
t_num: 31 finish: 1473407279 297346598 start: 1473407278 190974603
t_num: 3 finish: 1473407279 517772286 start: 1473407277 329019294
t_num: 16 finish: 1473407279 551034401 start: 1473407277 708078260
t_num: 4 finish: 1473407280 6840847 start: 1473407278 180176381
t_num: 21 finish: 1473407280 7424336 start: 1473407278 336133783
t_num: 6 finish: 1473407280 346457258 start: 1473407278 779311779
t_num: 26 finish: 1473407280 378925636 start: 1473407277 219937174
t_num: 18 finish: 1473407280 485377635 start: 1473407278 190436985
t_num: 10 finish: 1473407280 643878560 start: 1473407278 534299627
t_num: 14 finish: 1473407280 857034943 start: 1473407277 399358252
t_num: 20 finish: 1473407280 857107737 start: 1473407278 188249465
t_num: 0 finish: 1473407280 885729826 start: 1473407278 429777545
t_num: 9 finish: 1473407281 324375206 start: 1473407279 952611273
t_num: 12 finish: 1473407281 338222811 start: 1473407278 821705977
t_num: 31 finish: 1473407281 338909404 start: 1473407279 297375355
t_num: 15 finish: 1473407281 345548975 start: 1473407278 288366052
t_num: 23 finish: 1473407281 367255169 start: 1473407279 261646184
t_num: 11 finish: 1473407281 551554878 start: 1473407279 262291721
t_num: 16 finish: 1473407281 760579002 start: 1473407279 626307485
t_num: 1 finish: 1473407281 852017344 start: 1473407280 424283536
t_num: 27 finish: 1473407282 501355007 start: 1473407279 390282336
t_num: 0 finish: 1473407282 606646463 start: 1473407280 885761334
t_num: 2 finish: 1473407282 795021068 start: 1473407279 498302615
t_num: 5 finish: 1473407282 805352554 start: 1473407279 505581580
t_num: 23 finish: 1473407283 31043041 start: 1473407281 367275224
t_num: 8 finish: 1473407283 43010453 start: 1473407279 504889280
t_num: 14 finish: 1473407283 131357037 start: 1473407280 857066651
t_num: 10 finish: 1473407284 436237189 start: 1473407280 643917127
t_num: 18 finish: 1473407284 451806728 start: 1473407280 857100921
t_num: 30 finish: 1473407284 476039511 start: 1473407282 871125021
t_num: 9 finish: 1473407284 765855425 start: 1473407282 418948660
t_num: 12 finish: 1473407284 765879189 start: 1473407281 338245851
t_num: 28 finish: 1473407284 766022568 start: 1473407279 504736216
t_num: 3 finish: 1473407284 796005463 start: 1473407281 851974023
t_num: 0 finish: 1473407284 836970002 start: 1473407282 606678286
t_num: 26 finish: 1473407284 836994940 start: 1473407281 600489760
t_num: 4 finish: 1473407284 837013063 start: 1473407281 763997303
t_num: 31 finish: 1473407284 837053792 start: 1473407281 338929534
t_num: 17 finish: 1473407284 893358250 start: 1473407282 436675135
t_num: 15 finish: 1473407284 893477159 start: 1473407281 707173950
t_num: 5 finish: 1473407285 22986653 start: 1473407282 805369375
t_num: 2 finish: 1473407285 100739364 start: 1473407283 659646364
t_num: 25 finish: 1473407285 543519199 start: 1473407281 334673038
t_num: 11 finish: 1473407285 544138157 start: 1473407282 502719979
t_num: 8 finish: 1473407285 549621811 start: 1473407283 659658857
t_num: 19 finish: 1473407285 627353025 start: 1473407283 659605480
t_num: 20 finish: 1473407285 637843788 start: 1473407283 940881573
t_num: 1 finish: 1473407286 82713400 start: 1473407282 427422974
t_num: 11 finish: 1473407286 554361487 start: 1473407285 544158687
t_num: 5 finish: 1473407286 582944614 start: 1473407285 23022709
t_num: 26 finish: 1473407286 885472991 start: 1473407284 837011581
t_num: 3 finish: 1473407287 108349110 start: 1473407284 796047621
t_num: 0 finish: 1473407287 202531465 start: 1473407284 836993364
t_num: 14 finish: 1473407287 299758286 start: 1473407284 614131330
t_num: 21 finish: 1473407287 982267016 start: 1473407285 637842720
t_num: 19 finish: 1473407288 171800485 start: 1473407285 627394251
t_num: 15 finish: 1473407288 462095806 start: 1473407284 893497758
t_num: 5 finish: 1473407288 462099361 start: 1473407286 582978485
t_num: 18 finish: 1473407288 462173730 start: 1473407285 905693439
t_num: 22 finish: 1473407288 462768765 start: 1473407286 589125297
t_num: 31 finish: 1473407288 597117367 start: 1473407286 531999539
t_num: 1 finish: 1473407288 827542250 start: 1473407286 82776570
t_num: 8 finish: 1473407288 828350299 start: 1473407285 549643076
t_num: 6 finish: 1473407288 883146546 start: 1473407287 368530101
t_num: 17 finish: 1473407288 893238962 start: 1473407286 135946448
t_num: 12 finish: 1473407288 940743704 start: 1473407286 888577368
t_num: 7 finish: 1473407288 942046654 start: 1473407285 562250855
t_num: 24 finish: 1473407289 7188679 start: 1473407286 533295858
t_num: 16 finish: 1473407289 193853655 start: 1473407287 702305582
t_num: 9 finish: 1473407289 659057737 start: 1473407286 692831648
t_num: 25 finish: 1473407289 723449464 start: 1473407287 580835391
t_num: 26 finish: 1473407289 723500514 start: 1473407286 885502158
t_num: 14 finish: 1473407290 748552454 start: 1473407287 299818418
t_num: 28 finish: 1473407290 749209560 start: 1473407287 39651185
t_num: 5 finish: 1473407290 749223944 start: 1473407288 462155986
t_num: 30 finish: 1473407290 751641811 start: 1473407288 206315271
t_num: 21 finish: 1473407290 754169813 start: 1473407288 630755983
t_num: 19 finish: 1473407290 894224760 start: 1473407288 171832163
t_num: 31 finish: 1473407290 953931185 start: 1473407288 597152440
t_num: 22 finish: 1473407290 953994029 start: 1473407288 462787867
t_num: 0 finish: 1473407291 16152610 start: 1473407287 869780703
t_num: 4 finish: 1473407291 141530051 start: 1473407288 107842966
t_num: 25 finish: 1473407291 478489399 start: 1473407289 723505381
t_num: 15 finish: 1473407291 491114310 start: 1473407289 607265713
t_num: 23 finish: 1473407291 648277558 start: 1473407289 176764980
t_num: 1 finish: 1473407291 760679803 start: 1473407288 827585686
t_num: 12 finish: 1473407291 763741231 start: 1473407288 940786573
t_num: 16 finish: 1473407291 929204076 start: 1473407289 193880214
t_num: 31 finish: 1473407292 192738036 start: 1473407290 953953663
t_num: 26 finish: 1473407292 290873092 start: 1473407289 723534950
t_num: 28 finish: 1473407292 444977486 start: 1473407290 749249637
t_num: 21 finish: 1473407292 482564849 start: 1473407291 366785195
t_num: 19 finish: 1473407292 665521783 start: 1473407290 894259418
t_num: 30 finish: 1473407292 709278724 start: 1473407290 751662257
t_num: 6 finish: 1473407292 709280332 start: 1473407290 744397748
t_num: 22 finish: 1473407292 777038434 start: 1473407291 523658048
t_num: 5 finish: 1473407292 777077071 start: 1473407290 749312466
t_num: 29 finish: 1473407292 845736545 start: 1473407290 961004265
t_num: 18 finish: 1473407292 846671276 start: 1473407289 610791424
t_num: 0 finish: 1473407293 71652717 start: 1473407291 16179335
t_num: 20 finish: 1473407293 88870281 start: 1473407291 925856208
t_num: 15 finish: 1473407293 165496138 start: 1473407291 491157167
t_num: 10 finish: 1473407293 216531146 start: 1473407291 63709102
t_num: 13 finish: 1473407293 217377790 start: 1473407290 758539186
t_num: 4 finish: 1473407293 444761506 start: 1473407291 141552311
t_num: 22 finish: 1473407293 939930444 start: 1473407292 777066526
t_num: 19 finish: 1473407294 71243278 start: 1473407292 665567552
t_num: 28 finish: 1473407294 148231209 start: 1473407292 445021247
t_num: 0 finish: 1473407294 148264818 start: 1473407293 71697764
t_num: 29 finish: 1473407294 148296673 start: 1473407292 845771066
t_num: 6 finish: 1473407294 832569751 start: 1473407293 209469127
t_num: 5 finish: 1473407294 835317075 start: 1473407292 777095993
t_num: 9 finish: 1473407295 34843370 start: 1473407293 157480148
t_num: 16 finish: 1473407295 84887492 start: 1473407291 929229511
t_num: 12 finish: 1473407295 90082589 start: 1473407291 763763332
t_num: 14 finish: 1473407295 90300906 start: 1473407293 170105721
t_num: 31 finish: 1473407295 219071285 start: 1473407292 777274422
t_num: 26 finish: 1473407295 585331956 start: 1473407293 171140483
t_num: 27 finish: 1473407295 592960982 start: 1473407293 877231839
t_num: 18 finish: 1473407295 828957928 start: 1473407293 693170853
t_num: 30 finish: 1473407295 937759302 start: 1473407293 171748898
t_num: 13 finish: 1473407296 531246020 start: 1473407294 442893053
t_num: 10 finish: 1473407296 680839273 start: 1473407293 583381005
t_num: 6 finish: 1473407296 853209141 start: 1473407294 832613314
t_num: 20 finish: 1473407297 1106286 start: 1473407293 88889959
t_num: 21 finish: 1473407297 65905607 start: 1473407295 273710415
t_num: 22 finish: 1473407297 227465199 start: 1473407293 939963729
t_num: 0 finish: 1473407297 348628186 start: 1473407294 148281313
t_num: 29 finish: 1473407297 411005177 start: 1473407294 728158279
t_num: 2 finish: 1473407297 669870375 start: 1473407296 304708615
t_num: 31 finish: 1473407297 866993592 start: 1473407295 219108045
t_num: 17 finish: 1473407297 915419309 start: 1473407294 531510570
t_num: 5 finish: 1473407297 968164149 start: 1473407295 419472465
t_num: 9 finish: 1473407297 968893050 start: 1473407295 857941839
t_num: 28 finish: 1473407297 968894883 start: 1473407294 855165259
t_num: 19 finish: 1473407298 41030045 start: 1473407296 698733372
t_num: 12 finish: 1473407298 45627005 start: 1473407295 90125291
t_num: 7 finish: 1473407298 75602373 start: 1473407294 572352532
t_num: 8 finish: 1473407298 152090566 start: 1473407296 787867223
t_num: 16 finish: 1473407298 152965174 start: 1473407296 552318866
t_num: 27 finish: 1473407298 310892777 start: 1473407295 592984015
t_num: 10 finish: 1473407298 666387421 start: 1473407297 507913020
t_num: 0 finish: 1473407298 812841917 start: 1473407297 348663041
t_num: 11 finish: 1473407298 983907513 start: 1473407296 553042697
t_num: 21 finish: 1473407298 999464948 start: 1473407297 65930945
t_num: 2 finish: 1473407299 188870 start: 1473407297 669913958
t_num: 14 finish: 1473407299 77989992 start: 1473407296 698624241
t_num: 29 finish: 1473407299 81168717 start: 1473407297 411050496
t_num: 30 finish: 1473407299 298663545 start: 1473407295 937789971
t_num: 26 finish: 1473407299 360826991 start: 1473407296 599621258
t_num: 5 finish: 1473407299 650840900 start: 1473407297 968206864
t_num: 22 finish: 1473407300 134550390 start: 1473407297 227505388
t_num: 18 finish: 1473407300 283514514 start: 1473407296 526644050
t_num: 9 finish: 1473407300 284588568 start: 1473407297 968915927
t_num: 21 finish: 1473407300 429934298 start: 1473407298 999485864
t_num: 11 finish: 1473407300 430671696 start: 1473407298 983937449
t_num: 27 finish: 1473407300 555479982 start: 1473407298 310936135
t_num: 29 finish: 1473407300 835537327 start: 1473407299 81197606
t_num: 8 finish: 1473407301 112656631 start: 1473407298 863476459
t_num: 4 finish: 1473407301 112701157 start: 1473407298 902066022
t_num: 7 finish: 1473407301 112718805 start: 1473407298 904519486
t_num: 16 finish: 1473407301 120485595 start: 1473407298 777842952
t_num: 26 finish: 1473407301 386974631 start: 1473407299 360845584
t_num: 10 finish: 1473407301 412663020 start: 1473407298 666437114
t_num: 30 finish: 1473407301 818686410 start: 1473407299 298695671
t_num: 12 finish: 1473407302 267036541 start: 1473407299 990758078
t_num: 6 finish: 1473407302 368635234 start: 1473407299 10725718
t_num: 23 finish: 1473407303 63147930 start: 1473407300 555880360
t_num: 14 finish: 1473407303 66213651 start: 1473407300 755653280
t_num: 5 finish: 1473407303 120727735 start: 1473407299 650893441
t_num: 22 finish: 1473407303 283065502 start: 1473407301 422102215
t_num: 27 finish: 1473407303 283675531 start: 1473407300 555516234
t_num: 6 finish: 1473407303 295718815 start: 1473407302 368665645
t_num: 30 finish: 1473407303 334136930 start: 1473407302 239588998
t_num: 28 finish: 1473407303 352607919 start: 1473407301 944718395
t_num: 9 finish: 1473407303 422246519 start: 1473407300 284609239
t_num: 18 finish: 1473407303 685525970 start: 1473407302 171825056
t_num: 16 finish: 1473407303 687194321 start: 1473407301 120506691
t_num: 17 finish: 1473407303 789204212 start: 1473407301 773035514
t_num: 2 finish: 1473407303 919225585 start: 1473407300 402623040
t_num: 11 finish: 1473407303 983348395 start: 1473407300 430691617
t_num: 21 finish: 1473407303 984208672 start: 1473407301 569114216
t_num: 10 finish: 1473407304 243211836 start: 1473407301 412685843
t_num: 20 finish: 1473407304 340258453 start: 1473407301 988952486
t_num: 3 finish: 1473407304 395984610 start: 1473407302 494628353
t_num: 26 finish: 1473407304 815867112 start: 1473407301 569658416
t_num: 0 finish: 1473407305 143847791 start: 1473407301 410525340
t_num: 9 finish: 1473407305 395611170 start: 1473407303 422268616
t_num: 4 finish: 1473407305 397103742 start: 1473407301 774422489
t_num: 29 finish: 1473407305 551320164 start: 1473407302 688878435
t_num: 22 finish: 1473407306 21640916 start: 1473407303 283094086
t_num: 27 finish: 1473407306 26085622 start: 1473407303 758210008
t_num: 23 finish: 1473407306 26683802 start: 1473407303 63193221
t_num: 11 finish: 1473407306 26694985 start: 1473407303 983381259
t_num: 19 finish: 1473407306 355740261 start: 1473407304 903538273
t_num: 24 finish: 1473407306 420488099 start: 1473407304 396039832
t_num: 20 finish: 1473407306 576039180 start: 1473407304 340291321
t_num: 14 finish: 1473407306 720076896 start: 1473407303 279245867
t_num: 5 finish: 1473407306 722503951 start: 1473407303 120761333
t_num: 16 finish: 1473407306 811747694 start: 1473407305 368436155
t_num: 25 finish: 1473407306 924316940 start: 1473407305 182875409
t_num: 13 finish: 1473407306 975854553 start: 1473407305 157526594
t_num: 17 finish: 1473407307 57605213 start: 1473407305 902461912
t_num: 10 finish: 1473407307 75034109 start: 1473407304 243236552
t_num: 21 finish: 1473407307 196642207 start: 1473407304 867950733
t_num: 6 finish: 1473407307 198491526 start: 1473407304 611312766
t_num: 26 finish: 1473407307 298411089 start: 1473407304 815918244
t_num: 31 finish: 1473407307 314384536 start: 1473407304 469250113
t_num: 22 finish: 1473407307 394528101 start: 1473407306 21668675
t_num: 11 finish: 1473407307 400163638 start: 1473407306 26713284
t_num: 1 finish: 1473407307 740657025 start: 1473407305 156921255
t_num: 9 finish: 1473407307 772756153 start: 1473407305 904470557
t_num: 28 finish: 1473407307 773459179 start: 1473407305 157519653
t_num: 27 finish: 1473407308 214185526 start: 1473407306 26108413
t_num: 20 finish: 1473407308 236361370 start: 1473407306 576107987
t_num: 16 finish: 1473407308 614918039 start: 1473407306 811782509
t_num: 17 finish: 1473407308 803506222 start: 1473407307 57630766
t_num: 22 finish: 1473407308 896756708 start: 1473407307 394573607
t_num: 21 finish: 1473407308 971940187 start: 1473407307 196681124
t_num: 24 finish: 1473407309 123149449 start: 1473407307 445511210
t_num: 6 finish: 1473407309 124079766 start: 1473407307 198511725
t_num: 31 finish: 1473407309 215456890 start: 1473407307 314403175
t_num: 14 finish: 1473407309 229619734 start: 1473407306 720118531
t_num: 25 finish: 1473407309 595845564 start: 1473407308 458650625
t_num: 1 finish: 1473407309 596508880 start: 1473407308 598614925
t_num: 0 finish: 1473407309 596571747 start: 1473407307 821969631
t_num: 8 finish: 1473407310 87017506 start: 1473407308 359088482
t_num: 28 finish: 1473407310 494004083 start: 1473407307 773475170
t_num: 10 finish: 1473407310 597110228 start: 1473407307 75053938
t_num: 16 finish: 1473407310 615530135 start: 1473407308 614952486
t_num: 17 finish: 1473407310 717846238 start: 1473407309 201019513
t_num: 29 finish: 1473407310 724504794 start: 1473407308 762274753
t_num: 1 finish: 1473407310 724726452 start: 1473407309 596528526
t_num: 3 finish: 1473407311 617399086 start: 1473407307 738339332
t_num: 13 finish: 1473407311 618115257 start: 1473407307 834806197
t_num: 12 finish: 1473407311 618135281 start: 1473407309 24695418
t_num: 27 finish: 1473407311 650387315 start: 1473407309 24121467
t_num: 6 finish: 1473407311 900561740 start: 1473407309 124095648
t_num: 8 finish: 1473407311 981565620 start: 1473407310 87059882
t_num: 7 finish: 1473407312 305110237 start: 1473407309 299559926
t_num: 26 finish: 1473407313 116700411 start: 1473407307 298452588
t_num: 28 finish: 1473407313 293768244 start: 1473407310 494047617
t_num: 22 finish: 1473407313 295948575 start: 1473407310 296331402
t_num: 21 finish: 1473407313 307572446 start: 1473407309 916007577
t_num: 15 finish: 1473407313 364933162 start: 1473407309 392887950
t_num: 9 finish: 1473407313 377207345 start: 1473407310 278497350
t_num: 27 finish: 1473407313 394697178 start: 1473407311 650416488
t_num: 2 finish: 1473407313 627830849 start: 1473407311 271689086
t_num: 4 finish: 1473407313 794889928 start: 1473407310 345728279
t_num: 10 finish: 1473407314 70722042 start: 1473407311 900612589
t_num: 29 finish: 1473407314 133137647 start: 1473407310 724529612
t_num: 1 finish: 1473407314 204558368 start: 1473407310 724743256
t_num: 13 finish: 1473407314 207416696 start: 1473407311 618135990
t_num: 3 finish: 1473407314 393554173 start: 1473407312 718322062
t_num: 12 finish: 1473407314 541617216 start: 1473407311 618152434
t_num: 24 finish: 1473407314 542325277 start: 1473407310 510225715
t_num: 27 finish: 1473407314 613075131 start: 1473407313 394718442
t_num: 14 finish: 1473407314 627068644 start: 1473407312 692498985
t_num: 21 finish: 1473407314 747983949 start: 1473407313 307588433
t_num: 6 finish: 1473407314 754401353 start: 1473407311 900588764
t_num: 30 finish: 1473407314 767159921 start: 1473407313 330546767
t_num: 7 finish: 1473407314 799676104 start: 1473407312 440497218
t_num: 26 finish: 1473407314 905298818 start: 1473407313 116746788
t_num: 2 finish: 1473407314 905822502 start: 1473407313 627875624
t_num: 9 finish: 1473407314 963661810 start: 1473407313 377229519
t_num: 22 finish: 1473407314 965207759 start: 1473407313 295981820
t_num: 8 finish: 1473407315 10737448 start: 1473407312 373681198
t_num: 24 finish: 1473407315 515292169 start: 1473407314 542345038
t_num: 18 finish: 1473407315 605382429 start: 1473407313 667783488
t_num: 11 finish: 1473407315 691221605 start: 1473407314 155577230
t_num: 29 finish: 1473407315 734030152 start: 1473407314 133165722
t_num: 12 finish: 1473407315 734032935 start: 1473407314 541659737
t_num: 30 finish: 1473407315 903668390 start: 1473407314 767182095
t_num: 14 finish: 1473407315 933096527 start: 1473407314 627105976
t_num: 13 finish: 1473407316 9791743 start: 1473407314 756359522
t_num: 26 finish: 1473407316 260476103 start: 1473407314 905327012
t_num: 10 finish: 1473407316 262806116 start: 1473407314 960846820
t_num: 5 finish: 1473407316 712212004 start: 1473407314 854233060
t_num: 3 finish: 1473407316 954580018 start: 1473407314 393592865
t_num: 18 finish: 1473407317 77274793 start: 1473407315 605412459
t_num: 29 finish: 1473407317 164875904 start: 1473407315 734074946
t_num: 20 finish: 1473407317 236301727 start: 1473407314 204583950
t_num: 4 finish: 1473407317 560424673 start: 1473407314 963140374
t_num: 12 finish: 1473407317 568398975 start: 1473407315 734093025
t_num: 8 finish: 1473407317 571942312 start: 1473407315 10774029
t_num: 2 finish: 1473407317 572587703 start: 1473407316 262864966
t_num: 6 finish: 1473407317 582239864 start: 1473407314 754430187
t_num: 25 finish: 1473407317 722407300 start: 1473407315 834388678
t_num: 16 finish: 1473407317 759528145 start: 1473407316 412642429
t_num: 26 finish: 1473407318 48431516 start: 1473407316 260518527
t_num: 0 finish: 1473407318 52389338 start: 1473407316 586348348
t_num: 14 finish: 1473407318 486164261 start: 1473407316 774710888
t_num: 19 finish: 1473407318 561413932 start: 1473407316 956963816
t_num: 13 finish: 1473407318 613258256 start: 1473407316 9835117
t_num: 2 finish: 1473407319 323761812 start: 1473407317 572606978
t_num: 16 finish: 1473407319 477200230 start: 1473407317 759576906
t_num: 26 finish: 1473407319 477960355 start: 1473407318 48472987
t_num: 3 finish: 1473407319 477966551 start: 1473407318 714445526
t_num: 9 finish: 1473407319 576179690 start: 1473407317 90859204
t_num: 31 finish: 1473407319 616193260 start: 1473407317 647121200
t_num: 30 finish: 1473407319 662899376 start: 1473407317 48254897
t_num: 1 finish: 1473407319 706777829 start: 1473407316 690761927
t_num: 12 finish: 1473407319 864832172 start: 1473407317 568426674
t_num: 11 finish: 1473407319 994607142 start: 1473407316 691298256
t_num: 13 finish: 1473407320 73331340 start: 1473407318 613293285
t_num: 18 finish: 1473407320 581948594 start: 1473407317 719487060
t_num: 8 finish: 1473407320 582610252 start: 1473407318 515810863
t_num: 4 finish: 1473407320 582617617 start: 1473407318 597649414
t_num: 6 finish: 1473407320 666241134 start: 1473407317 739189149
t_num: 0 finish: 1473407320 713371495 start: 1473407318 857889130
t_num: 17 finish: 1473407320 910217457 start: 1473407317 569639655
t_num: 30 finish: 1473407321 123119719 start: 1473407319 662941308
t_num: 27 finish: 1473407321 493251790 start: 1473407320 163996363
t_num: 13 finish: 1473407321 495621191 start: 1473407320 73385708
t_num: 15 finish: 1473407321 496440795 start: 1473407319 356567207
t_num: 29 finish: 1473407321 752368130 start: 1473407317 164927607
t_num: 26 finish: 1473407321 850640279 start: 1473407319 477984889
t_num: 0 finish: 1473407321 850727076 start: 1473407320 713394116
t_num: 28 finish: 1473407321 893871886 start: 1473407319 954863649
t_num: 3 finish: 1473407321 958069770 start: 1473407320 859220354
t_num: 12 finish: 1473407321 991003058 start: 1473407319 864856048
t_num: 18 finish: 1473407322 35863689 start: 1473407320 581992750
t_num: 20 finish: 1473407322 35870483 start: 1473407319 864560323
t_num: 16 finish: 1473407322 184231782 start: 1473407319 477244138
t_num: 9 finish: 1473407322 346047801 start: 1473407320 325170308
t_num: 4 finish: 1473407322 346051962 start: 1473407321 80794887
t_num: 2 finish: 1473407322 876302993 start: 1473407320 684388451
t_num: 24 finish: 1473407323 18376165 start: 1473407319 971247405
t_num: 6 finish: 1473407323 220772693 start: 1473407321 242503032
t_num: 3 finish: 1473407323 916568883 start: 1473407321 958090661
t_num: 20 finish: 1473407324 99455122 start: 1473407322 37652806
t_num: 17 finish: 1473407324 185344119 start: 1473407322 721603745
t_num: 1 finish: 1473407324 234746036 start: 1473407321 435633406
t_num: 30 finish: 1473407324 284272009 start: 1473407322 569229175
t_num: 27 finish: 1473407324 546191792 start: 1473407321 951366558
t_num: 31 finish: 1473407324 556725966 start: 1473407322 464602252
t_num: 29 finish: 1473407324 556834090 start: 1473407323 219349840
t_num: 28 finish: 1473407324 664784699 start: 1473407321 893906456
t_num: 4 finish: 1473407324 825158177 start: 1473407322 346113611
t_num: 15 finish: 1473407324 827408623 start: 1473407322 702208533
t_num: 13 finish: 1473407324 849222738 start: 1473407323 220651216
t_num: 18 finish: 1473407325 16675230 start: 1473407323 942062232
t_num: 22 finish: 1473407325 16693563 start: 1473407323 657199225
t_num: 21 finish: 1473407325 17331319 start: 1473407322 74309501
t_num: 7 finish: 1473407325 130618895 start: 1473407321 959710784
t_num: 6 finish: 1473407325 612422503 start: 1473407324 315784559
t_num: 30 finish: 1473407325 648507974 start: 1473407324 284304917
t_num: 5 finish: 1473407325 749158572 start: 1473407324 284666667
t_num: 1 finish: 1473407326 665204702 start: 1473407324 234771721
t_num: 16 finish: 1473407326 726221021 start: 1473407322 184255445
t_num: 12 finish: 1473407326 934343718 start: 1473407324 889892974
t_num: 29 finish: 1473407326 934370317 start: 1473407324 556875124
t_num: 17 finish: 1473407326 934673624 start: 1473407324 185402508
t_num: 10 finish: 1473407327 394617938 start: 1473407325 364837731
t_num: 28 finish: 1473407327 529513208 start: 1473407324 889224334
t_num: 9 finish: 1473407327 566546381 start: 1473407323 536123984
t_num: 5 finish: 1473407327 610073405 start: 1473407326 628145257
t_num: 2 finish: 1473407327 687610615 start: 1473407324 818613633
t_num: 4 finish: 1473407327 693067251 start: 1473407324 825203141
t_num: 1 finish: 1473407327 758425105 start: 1473407326 665232419
t_num: 14 finish: 1473407327 758811289 start: 1473407325 336013019
t_num: 29 finish: 1473407327 801339266 start: 1473407326 934477148
t_num: 31 finish: 1473407327 801596531 start: 1473407325 16650876
t_num: 16 finish: 1473407327 801596682 start: 1473407326 726250124
t_num: 13 finish: 1473407327 859776115 start: 1473407325 502365506
t_num: 21 finish: 1473407328 388967885 start: 1473407325 17351609
t_num: 25 finish: 1473407328 866734996 start: 1473407325 16283194
t_num: 7 finish: 1473407329 349970987 start: 1473407325 857901615
t_num: 15 finish: 1473407329 593846562 start: 1473407325 647663872
t_num: 30 finish: 1473407329 783152143 start: 1473407326 689733256
t_num: 22 finish: 1473407329 848776413 start: 1473407325 922321606
t_num: 21 finish: 1473407330 29232869 start: 1473407328 388996041
t_num: 28 finish: 1473407330 29492831 start: 1473407328 468466129
t_num: 9 finish: 1473407330 29550295 start: 1473407327 566600957
t_num: 0 finish: 1473407330 120679788 start: 1473407328 932347923
t_num: 26 finish: 1473407330 134416095 start: 1473407327 758558864
t_num: 11 finish: 1473407330 251911683 start: 1473407329 166248992
t_num: 16 finish: 1473407330 252736183 start: 1473407327 801627483
t_num: 12 finish: 1473407330 407469442 start: 1473407329 396805096
t_num: 23 finish: 1473407330 484775776 start: 1473407328 824677215
t_num: 24 finish: 1473407330 634582388 start: 1473407328 521854706
t_num: 6 finish: 1473407330 634899256 start: 1473407328 310436134
t_num: 29 finish: 1473407330 634931979 start: 1473407329 166847824
t_num: 13 finish: 1473407330 690297727 start: 1473407329 92154947
t_num: 14 finish: 1473407330 690297933 start: 1473407328 793889523
t_num: 5 finish: 1473407330 732546000 start: 1473407328 756932534
t_num: 2 finish: 1473407330 732696948 start: 1473407327 687652046
t_num: 19 finish: 1473407330 795604382 start: 1473407327 980368802
t_num: 10 finish: 1473407331 333895475 start: 1473407327 394667988
t_num: 8 finish: 1473407331 908723421 start: 1473407328 756207137
t_num: 21 finish: 1473407331 909511282 start: 1473407330 29286684
t_num: 0 finish: 1473407331 909575129 start: 1473407330 120714324
t_num: 4 finish: 1473407331 935750151 start: 1473407328 672795308
t_num: 3 finish: 1473407332 528210440 start: 1473407331 52927005
t_num: 24 finish: 1473407332 529174705 start: 1473407330 634626382
t_num: 15 finish: 1473407332 529201775 start: 1473407329 845266347
t_num: 11 finish: 1473407332 971789632 start: 1473407331 255775932
t_num: 30 finish: 1473407333 24864669 start: 1473407330 371941390
t_num: 2 finish: 1473407333 170037443 start: 1473407330 732716082
t_num: 29 finish: 1473407333 170267853 start: 1473407330 634948062
t_num: 13 finish: 1473407333 275374123 start: 1473407330 870651864
t_num: 15 finish: 1473407334 78674394 start: 1473407332 529232155
t_num: 14 finish: 1473407334 193909950 start: 1473407330 690387766
t_num: 4 finish: 1473407334 195710804 start: 1473407332 748194083
t_num: 20 finish: 1473407334 196456219 start: 1473407331 52952554
t_num: 21 finish: 1473407334 433885654 start: 1473407331 909532952
t_num: 10 finish: 1473407334 625381690 start: 1473407332 494299035
t_num: 5 finish: 1473407334 626029736 start: 1473407330 808374916
t_num: 15 finish: 1473407334 867138805 start: 1473407334 78718504
t_num: 13 finish: 1473407334 869223799 start: 1473407333 275414479
t_num: 25 finish: 1473407334 872093644 start: 1473407333 217853728
t_num: 6 finish: 1473407334 876189885 start: 1473407332 635383199
t_num: 9 finish: 1473407334 931291220 start: 1473407332 661600731
t_num: 30 finish: 1473407334 931377676 start: 1473407333 24890035
t_num: 26 finish: 1473407335 72463770 start: 1473407332 309319733
t_num: 3 finish: 1473407335 73920895 start: 1473407332 528235124
t_num: 23 finish: 1473407335 341957062 start: 1473407332 218295881
t_num: 18 finish: 1473407335 734186220 start: 1473407334 247537695
t_num: 21 finish: 1473407335 875510906 start: 1473407334 433916546
t_num: 2 finish: 1473407336 164628211 start: 1473407333 170064507
t_num: 7 finish: 1473407336 469512281 start: 1473407334 931177948
t_num: 20 finish: 1473407336 815676791 start: 1473407334 196476006
t_num: 12 finish: 1473407336 861320831 start: 1473407333 631610357
t_num: 25 finish: 1473407336 861366357 start: 1473407334 872114865
t_num: 3 finish: 1473407336 861844305 start: 1473407335 73942383
t_num: 5 finish: 1473407336 976911404 start: 1473407334 626044384
t_num: 15 finish: 1473407337 258554878 start: 1473407335 341239359
t_num: 8 finish: 1473407337 259346564 start: 1473407335 517621418
t_num: 31 finish: 1473407337 267938656 start: 1473407335 71583797
t_num: 11 finish: 1473407337 269775910 start: 1473407335 516746751
t_num: 2 finish: 1473407337 715984222 start: 1473407336 164670337
t_num: 13 finish: 1473407337 716753227 start: 1473407334 869258917
t_num: 10 finish: 1473407337 862664894 start: 1473407334 625420927
t_num: 23 finish: 1473407338 111492787 start: 1473407335 341980963
t_num: 4 finish: 1473407338 288027010 start: 1473407335 73990788
t_num: 3 finish: 1473407338 288928737 start: 1473407336 861864154
t_num: 27 finish: 1473407338 390558100 start: 1473407336 931205817
t_num: 24 finish: 1473407338 399332511 start: 1473407336 228985462
t_num: 19 finish: 1473407338 592639864 start: 1473407336 300476894
t_num: 6 finish: 1473407338 593642790 start: 1473407335 516706132
t_num: 22 finish: 1473407338 908373153 start: 1473407335 877256367
t_num: 5 finish: 1473407339 76150504 start: 1473407336 976947917
t_num: 17 finish: 1473407339 93236118 start: 1473407335 68883493
t_num: 12 finish: 1473407339 380234624 start: 1473407337 236595357
t_num: 23 finish: 1473407339 390609403 start: 1473407338 111533638
t_num: 15 finish: 1473407339 444010649 start: 1473407337 699733319
t_num: 31 finish: 1473407339 503194680 start: 1473407337 267958955
t_num: 2 finish: 1473407339 621312221 start: 1473407337 716013327
t_num: 27 finish: 1473407339 680828478 start: 1473407338 390596043
t_num: 18 finish: 1473407339 799558739 start: 1473407337 815260847
t_num: 20 finish: 1473407340 357047537 start: 1473407338 226181862
t_num: 25 finish: 1473407340 378075337 start: 1473407337 698053628
t_num: 7 finish: 1473407340 378121891 start: 1473407337 603793944
t_num: 16 finish: 1473407340 813780232 start: 1473407337 695509193
t_num: 6 finish: 1473407340 871523789 start: 1473407338 593663227
t_num: 24 finish: 1473407340 962001401 start: 1473407338 399351870
t_num: 13 finish: 1473407341 21136639 start: 1473407337 716774530
t_num: 12 finish: 1473407341 21136628 start: 1473407339 380289479
t_num: 29 finish: 1473407341 494806980 start: 1473407339 501468698
t_num: 15 finish: 1473407341 500844365 start: 1473407339 444041915
t_num: 0 finish: 1473407341 500906958 start: 1473407339 201470206
t_num: 27 finish: 1473407341 637428242 start: 1473407339 680871198
t_num: 31 finish: 1473407342 48536848 start: 1473407339 503221901
t_num: 5 finish: 1473407342 264020693 start: 1473407339 76195016
t_num: 17 finish: 1473407342 469363574 start: 1473407340 56040978
t_num: 25 finish: 1473407342 529021850 start: 1473407340 378117819
t_num: 8 finish: 1473407343 20652578 start: 1473407339 727820342
t_num: 1 finish: 1473407343 20757859 start: 1473407341 17602987
t_num: 10 finish: 1473407343 20831216 start: 1473407339 548467185
t_num: 20 finish: 1473407343 64035285 start: 1473407340 357073777
t_num: 15 finish: 1473407343 109553472 start: 1473407341 500866775
t_num: 6 finish: 1473407343 142580327 start: 1473407340 871560516
t_num: 13 finish: 1473407343 609779786 start: 1473407341 21173867
t_num: 12 finish: 1473407343 663937948 start: 1473407341 21380223
t_num: 23 finish: 1473407343 796701487 start: 1473407340 961858417
t_num: 16 finish: 1473407343 796752290 start: 1473407340 813840119
t_num: 7 finish: 1473407344 18660430 start: 1473407341 261877762
t_num: 20 finish: 1473407344 56226401 start: 1473407343 64055676
t_num: 18 finish: 1473407344 208423419 start: 1473407342 47924741
t_num: 22 finish: 1473407344 218772220 start: 1473407342 263980184
t_num: 25 finish: 1473407344 218772125 start: 1473407342 529051908
t_num: 4 finish: 1473407344 357673438 start: 1473407341 369791277
t_num: 9 finish: 1473407344 540175194 start: 1473407341 838713910
t_num: 14 finish: 1473407345 479070461 start: 1473407343 372729509
t_num: 1 finish: 1473407345 496076811 start: 1473407343 20776061
t_num: 31 finish: 1473407345 873302107 start: 1473407343 699783149
t_num: 3 finish: 1473407346 225433975 start: 1473407342 729016820
t_num: 13 finish: 1473407346 301749143 start: 1473407343 609809046
t_num: 16 finish: 1473407346 726764312 start: 1473407343 796771662
t_num: 15 finish: 1473407346 815997690 start: 1473407344 504943427
t_num: 17 finish: 1473407347 48428441 start: 1473407342 975646882
t_num: 11 finish: 1473407347 48577389 start: 1473407345 863062810
t_num: 5 finish: 1473407347 162767024 start: 1473407343 728699936
t_num: 12 finish: 1473407347 503296199 start: 1473407343 663979081
t_num: 4 finish: 1473407347 505836129 start: 1473407345 132100813
t_num: 22 finish: 1473407347 526197638 start: 1473407344 218825617
t_num: 26 finish: 1473407347 527731015 start: 1473407343 979679655
t_num: 23 finish: 1473407347 569294428 start: 1473407344 354017079
t_num: 25 finish: 1473407347 610935292 start: 1473407344 218840810
t_num: 27 finish: 1473407347 614284847 start: 1473407344 433068674
t_num: 7 finish: 1473407347 618295806 start: 1473407344 18720022
t_num: 6 finish: 1473407347 919042247 start: 1473407344 354034438
t_num: 28 finish: 1473407347 944821317 start: 1473407346 275250456
t_num: 2 finish: 1473407347 946071267 start: 1473407344 350458732
t_num: 18 finish: 1473407347 971223295 start: 1473407344 208458443
t_num: 19 finish: 1473407348 119196667 start: 1473407346 471387482
t_num: 31 finish: 1473407348 274379658 start: 1473407346 752406134
t_num: 14 finish: 1473407348 445016621 start: 1473407346 293687105
t_num: 8 finish: 1473407348 501505926 start: 1473407344 353404521
t_num: 29 finish: 1473407348 713673838 start: 1473407345 903283782
t_num: 25 finish: 1473407349 63650271 start: 1473407347 988420207
t_num: 27 finish: 1473407349 134717957 start: 1473407347 614305906
t_num: 13 finish: 1473407349 414207387 start: 1473407346 301776734
t_num: 9 finish: 1473407349 532776431 start: 1473407346 14486861
t_num: 30 finish: 1473407349 700466313 start: 1473407348 141181355
t_num: 31 finish: 1473407349 739742064 start: 1473407348 274424119
t_num: 8 finish: 1473407349 744057897 start: 1473407348 501546156
t_num: 0 finish: 1473407349 755376871 start: 1473407347 800599057
t_num: 6 finish: 1473407349 768968691 start: 1473407347 919088158
t_num: 18 finish: 1473407349 813027629 start: 1473407347 971244560
t_num: 26 finish: 1473407349 878971208 start: 1473407347 527752512
t_num: 16 finish: 1473407350 68710445 start: 1473407346 726810805
t_num: 2 finish: 1473407350 69285662 start: 1473407347 946091946
t_num: 5 finish: 1473407350 407543201 start: 1473407348 939866409
t_num: 17 finish: 1473407350 493669244 start: 1473407347 917844569
t_num: 7 finish: 1473407350 493716768 start: 1473407348 647887348
t_num: 22 finish: 1473407350 495472100 start: 1473407349 1466632
t_num: 25 finish: 1473407350 593139398 start: 1473407349 63676711
t_num: 1 finish: 1473407351 433757881 start: 1473407347 760064778
t_num: 29 finish: 1473407351 433785941 start: 1473407348 713707104
t_num: 14 finish: 1473407351 433820609 start: 1473407348 445057854
t_num: 15 finish: 1473407351 433896023 start: 1473407350 277233636
t_num: 19 finish: 1473407351 489447745 start: 1473407349 424913873
t_num: 9 finish: 1473407351 506848137 start: 1473407349 532825371
t_num: 5 finish: 1473407351 985255768 start: 1473407350 407578615
t_num: 24 finish: 1473407352 373541820 start: 1473407350 320368310
t_num: 17 finish: 1473407352 556003460 start: 1473407350 935338203
t_num: 16 finish: 1473407352 591337088 start: 1473407350 68749282
t_num: 21 finish: 1473407352 630894653 start: 1473407350 773941203
t_num: 27 finish: 1473407352 719049286 start: 1473407349 844776584
t_num: 10 finish: 1473407352 730036197 start: 1473407350 463412315
t_num: 6 finish: 1473407353 60116309 start: 1473407349 768989095
t_num: 2 finish: 1473407353 230463664 start: 1473407350 470372617
t_num: 29 finish: 1473407353 231178306 start: 1473407351 433823021
t_num: 23 finish: 1473407353 231187482 start: 1473407350 699670163
t_num: 4 finish: 1473407353 340547411 start: 1473407350 81548921
t_num: 30 finish: 1473407353 341265332 start: 1473407349 755164963
t_num: 8 finish: 1473407353 478769548 start: 1473407351 64264159
t_num: 1 finish: 1473407353 597274809 start: 1473407352 22732567
t_num: 25 finish: 1473407353 795394110 start: 1473407351 835377694
t_num: 0 finish: 1473407353 806321029 start: 1473407350 937055677
t_num: 14 finish: 1473407354 632302307 start: 1473407351 433837242
t_num: 18 finish: 1473407354 643710397 start: 1473407352 606035302
t_num: 10 finish: 1473407354 644978968 start: 1473407352 730056660
t_num: 9 finish: 1473407354 684076653 start: 1473407351 506866650
t_num: 7 finish: 1473407354 695239446 start: 1473407352 525937984
t_num: 31 finish: 1473407354 713482859 start: 1473407351 907924112
t_num: 2 finish: 1473407355 32392288 start: 1473407353 483475085
t_num: 15 finish: 1473407355 67054094 start: 1473407351 986836325
t_num: 21 finish: 1473407355 67074985 start: 1473407353 384122962
t_num: 5 finish: 1473407355 67132503 start: 1473407353 279772023
t_num: 25 finish: 1473407355 273801045 start: 1473407353 795431939
t_num: 28 finish: 1473407355 394847612 start: 1473407352 591394650
t_num: 24 finish: 1473407355 395808710 start: 1473407352 373585134
t_num: 17 finish: 1473407356 460273199 start: 1473407354 48588960
t_num: 1 finish: 1473407356 469510207 start: 1473407354 271636331
t_num: 29 finish: 1473407356 573757953 start: 1473407353 231201565
t_num: 8 finish: 1473407356 639233805 start: 1473407354 795972870
t_num: 23 finish: 1473407356 657823693 start: 1473407353 946605130
t_num: 4 finish: 1473407356 724108742 start: 1473407354 308568680
t_num: 27 finish: 1473407357 83477234 start: 1473407352 719088770
t_num: 30 finish: 1473407357 136743023 start: 1473407354 333393396
t_num: 31 finish: 1473407357 136811965 start: 1473407354 980486998
t_num: 3 finish: 1473407357 397629772 start: 1473407354 682523940
t_num: 7 finish: 1473407357 791836332 start: 1473407354 695261372
t_num: 5 finish: 1473407357 921923118 start: 1473407355 67150728
t_num: 9 finish: 1473407358 28677929 start: 1473407355 125838937
t_num: 10 finish: 1473407358 28747387 start: 1473407354 645001048
t_num: 28 finish: 1473407358 559583084 start: 1473407355 394871576
t_num: 22 finish: 1473407358 720389346 start: 1473407354 986856939
t_num: 21 finish: 1473407358 854997958 start: 1473407355 67090940
t_num: 13 finish: 1473407359 78877237 start: 1473407356 785016170
t_num: 18 finish: 1473407359 79571863 start: 1473407357 334799417
t_num: 15 finish: 1473407359 79695746 start: 1473407357 673303890
t_num: 25 finish: 1473407359 125103964 start: 1473407355 273832109
t_num: 29 finish: 1473407359 298513981 start: 1473407356 785035137
t_num: 1 finish: 1473407359 330288610 start: 1473407356 469527676
t_num: 30 finish: 1473407359 333510698 start: 1473407358 40833018
t_num: 8 finish: 1473407359 377270665 start: 1473407356 639262208
t_num: 28 finish: 1473407359 514080490 start: 1473407358 559618629
t_num: 9 finish: 1473407359 537701114 start: 1473407358 28706085
t_num: 14 finish: 1473407360 439472341 start: 1473407356 638085939
t_num: 27 finish: 1473407360 445202515 start: 1473407357 83521199
t_num: 12 finish: 1473407360 445262792 start: 1473407355 579027175
t_num: 31 finish: 1473407360 445322946 start: 1473407357 136827992
t_num: 4 finish: 1473407360 723905769 start: 1473407357 136794288
t_num: 5 finish: 1473407360 755741074 start: 1473407357 921974369
t_num: 21 finish: 1473407360 794231763 start: 1473407358 855043563
t_num: 7 finish: 1473407361 132997297 start: 1473407357 791875664
t_num: 3 finish: 1473407361 348588426 start: 1473407357 397654324
t_num: 9 finish: 1473407361 373111458 start: 1473407359 537719204
t_num: 8 finish: 1473407361 645532480 start: 1473407359 677432672
t_num: 29 finish: 1473407361 748573107 start: 1473407359 298537290
t_num: 24 finish: 1473407361 774658313 start: 1473407359 175758127
t_num: 16 finish: 1473407361 774907408 start: 1473407360 833569475
t_num: 10 finish: 1473407361 774989950 start: 1473407359 41626528
t_num: 15 finish: 1473407361 774998045 start: 1473407360 569715502
t_num: 22 finish: 1473407361 797073680 start: 1473407359 271974847
t_num: 17 finish: 1473407361 824370033 start: 1473407360 599570915
t_num: 4 finish: 1473407361 945781854 start: 1473407360 723944583
t_num: 27 finish: 1473407361 988655109 start: 1473407360 445223825
t_num: 28 finish: 1473407362 300427471 start: 1473407359 514113418
t_num: 7 finish: 1473407362 737161448 start: 1473407361 387226007
t_num: 22 finish: 1473407362 737164002 start: 1473407361 797094065
t_num: 11 finish: 1473407362 807235643 start: 1473407360 454028690
t_num: 1 finish: 1473407363 506475180 start: 1473407360 412552524
t_num: 30 finish: 1473407363 517110260 start: 1473407360 444168881
t_num: 25 finish: 1473407363 545880491 start: 1473407360 626754946
t_num: 6 finish: 1473407363 707294542 start: 1473407362 7221416
t_num: 4 finish: 1473407364 68614243 start: 1473407361 945813876
t_num: 26 finish: 1473407364 85906352 start: 1473407362 822798276
t_num: 7 finish: 1473407364 202473796 start: 1473407362 737216524
t_num: 20 finish: 1473407364 244296012 start: 1473407360 982284374
t_num: 8 finish: 1473407364 244368260 start: 1473407361 645560043
t_num: 21 finish: 1473407364 246138302 start: 1473407363 360413739
t_num: 24 finish: 1473407364 274182009 start: 1473407361 774689027
t_num: 9 finish: 1473407364 413466582 start: 1473407361 635410019
t_num: 19 finish: 1473407364 414053746 start: 1473407361 153738058
t_num: 10 finish: 1473407364 592580541 start: 1473407361 775009842
t_num: 16 finish: 1473407364 698092219 start: 1473407361 774927819
t_num: 31 finish: 1473407364 698109679 start: 1473407362 44963161
t_num: 27 finish: 1473407364 810729828 start: 1473407361 988679696
t_num: 17 finish: 1473407364 829461458 start: 1473407361 824392670
t_num: 1 finish: 1473407365 357913129 start: 1473407363 506503488
t_num: 22 finish: 1473407365 358566292 start: 1473407363 568107257
t_num: 15 finish: 1473407365 511829348 start: 1473407362 44425385
t_num: 28 finish: 1473407365 642939832 start: 1473407363 504453828
t_num: 0 finish: 1473407365 909737836 start: 1473407364 54013125
t_num: 7 finish: 1473407366 117711888 start: 1473407364 202506800
t_num: 4 finish: 1473407366 168783099 start: 1473407364 68637333
t_num: 24 finish: 1473407366 170071328 start: 1473407364 500661481
t_num: 21 finish: 1473407366 494527348 start: 1473407365 371288692
t_num: 16 finish: 1473407366 497820918 start: 1473407365 204834018
t_num: 6 finish: 1473407367 381252227 start: 1473407364 356614411
t_num: 2 finish: 1473407367 381425190 start: 1473407365 804240803
t_num: 19 finish: 1473407367 454829208 start: 1473407364 414074330
t_num: 0 finish: 1473407367 477503714 start: 1473407365 909771829
t_num: 1 finish: 1473407367 562470649 start: 1473407365 357974272
t_num: 25 finish: 1473407367 683181220 start: 1473407364 357197659
t_num: 31 finish: 1473407367 702956775 start: 1473407364 698206153
t_num: 9 finish: 1473407367 872461223 start: 1473407365 499226550
t_num: 17 finish: 1473407368 179223769 start: 1473407364 829506071
t_num: 22 finish: 1473407368 390945819 start: 1473407365 358582270
t_num: 26 finish: 1473407368 453284032 start: 1473407365 152701765
t_num: 29 finish: 1473407368 453914634 start: 1473407366 247039712
t_num: 28 finish: 1473407368 621670206 start: 1473407366 926627263
t_num: 18 finish: 1473407368 674696990 start: 1473407366 720367875
t_num: 24 finish: 1473407369 8791058 start: 1473407366 170091309
t_num: 8 finish: 1473407369 9437777 start: 1473407366 925580225
t_num: 7 finish: 1473407369 76377261 start: 1473407367 522538829
t_num: 13 finish: 1473407369 153891720 start: 1473407366 249733297
t_num: 12 finish: 1473407369 153933956 start: 1473407366 279363310
t_num: 10 finish: 1473407369 208064637 start: 1473407367 382312993
t_num: 21 finish: 1473407369 783559747 start: 1473407366 494554869
t_num: 1 finish: 1473407369 946090055 start: 1473407367 562495155
t_num: 19 finish: 1473407369 946093137 start: 1473407368 501640371
t_num: 2 finish: 1473407370 2838943 start: 1473407367 489545387
t_num: 6 finish: 1473407370 72444993 start: 1473407368 118460262
t_num: 11 finish: 1473407370 73410360 start: 1473407369 208239424
t_num: 29 finish: 1473407370 116524393 start: 1473407368 453935079
t_num: 24 finish: 1473407370 116577047 start: 1473407369 8832960
t_num: 0 finish: 1473407370 216008867 start: 1473407368 404101721
t_num: 9 finish: 1473407370 312744011 start: 1473407367 872502614
t_num: 25 finish: 1473407370 606780685 start: 1473407367 683220631
t_num: 7 finish: 1473407370 652962158 start: 1473407369 76439952
t_num: 8 finish: 1473407371 205574376 start: 1473407369 119625696
t_num: 26 finish: 1473407371 412583214 start: 1473407368 957419986
t_num: 28 finish: 1473407371 521366352 start: 1473407369 442878972
t_num: 5 finish: 1473407371 524092845 start: 1473407369 153871942
t_num: 17 finish: 1473407371 539179556 start: 1473407369 565279369
t_num: 16 finish: 1473407371 758867139 start: 1473407370 215920534
t_num: 12 finish: 1473407371 759981956 start: 1473407369 153949591
t_num: 7 finish: 1473407372 177737153 start: 1473407370 652993229
t_num: 24 finish: 1473407372 177786039 start: 1473407370 689143480
t_num: 9 finish: 1473407372 280439735 start: 1473407370 312792881
t_num: 21 finish: 1473407372 489871354 start: 1473407369 783595631
t_num: 18 finish: 1473407372 669334142 start: 1473407369 959497463
t_num: 3 finish: 1473407372 817360301 start: 1473407369 963436148
t_num: 14 finish: 1473407372 849167334 start: 1473407370 312844905
t_num: 17 finish: 1473407372 965847826 start: 1473407371 539199407
t_num: 20 finish: 1473407373 628371844 start: 1473407370 312895763
t_num: 7 finish: 1473407373 685504251 start: 1473407372 177769627
t_num: 2 finish: 1473407374 93914874 start: 1473407371 807886457
t_num: 14 finish: 1473407374 96502862 start: 1473407372 849189072
t_num: 10 finish: 1473407374 99029473 start: 1473407370 73425445
t_num: 6 finish: 1473407374 260888693 start: 1473407370 965608899
t_num: 22 finish: 1473407374 260888698 start: 1473407370 749279136
t_num: 1 finish: 1473407374 434681549 start: 1473407370 758645656
t_num: 29 finish: 1473407374 498493946 start: 1473407371 711063242
t_num: 26 finish: 1473407374 735888986 start: 1473407371 412627837
t_num: 5 finish: 1473407374 756656341 start: 1473407372 849219104
t_num: 24 finish: 1473407374 756726995 start: 1473407372 177816360
t_num: 17 finish: 1473407374 801165493 start: 1473407372 965875865
t_num: 19 finish: 1473407374 857041405 start: 1473407370 970400567
t_num: 18 finish: 1473407375 169877076 start: 1473407372 669363350
t_num: 31 finish: 1473407375 332478264 start: 1473407373 230902819
t_num: 20 finish: 1473407375 369425108 start: 1473407374 450477669
t_num: 28 finish: 1473407375 370108756 start: 1473407373 900060915
t_num: 25 finish: 1473407375 406789980 start: 1473407372 140466766
t_num: 3 finish: 1473407375 649002934 start: 1473407372 817390764
t_num: 21 finish: 1473407375 683650043 start: 1473407373 900183885
t_num: 30 finish: 1473407376 397354970 start: 1473407372 667617817
t_num: 9 finish: 1473407376 740091078 start: 1473407373 624543315
t_num: 5 finish: 1473407376 741022747 start: 1473407374 756679427
t_num: 27 finish: 1473407376 845935657 start: 1473407373 631505135
t_num: 14 finish: 1473407376 846910451 start: 1473407374 96525276
t_num: 13 finish: 1473407376 876321513 start: 1473407373 128557259
t_num: 17 finish: 1473407376 877223363 start: 1473407374 801187244
t_num: 10 finish: 1473407377 25719518 start: 1473407374 99050462
t_num: 15 finish: 1473407377 54946117 start: 1473407374 370956892
t_num: 24 finish: 1473407377 54979930 start: 1473407374 845340566
t_num: 28 finish: 1473407377 54947143 start: 1473407375 370130039
t_num: 31 finish: 1473407377 401234046 start: 1473407375 332512125
t_num: 11 finish: 1473407377 439928488 start: 1473407376 319995458
t_num: 21 finish: 1473407377 439969192 start: 1473407375 683692614
t_num: 8 finish: 1473407377 440011671 start: 1473407374 316299278
t_num: 18 finish: 1473407377 441041640 start: 1473407375 980776416
t_num: 1 finish: 1473407377 762869199 start: 1473407375 912469792
t_num: 20 finish: 1473407377 934477415 start: 1473407376 356285329
t_num: 6 finish: 1473407377 934481539 start: 1473407375 206416006
t_num: 0 finish: 1473407378 43151295 start: 1473407375 768315206
t_num: 12 finish: 1473407378 92212430 start: 1473407377 55866009
t_num: 26 finish: 1473407378 116387072 start: 1473407375 979876887
t_num: 29 finish: 1473407378 154924277 start: 1473407375 370354394
t_num: 19 finish: 1473407378 365257979 start: 1473407375 982926085
t_num: 13 finish: 1473407378 365984524 start: 1473407377 336850488
t_num: 10 finish: 1473407378 522426048 start: 1473407377 25754375
t_num: 15 finish: 1473407378 653493882 start: 1473407377 54983466
t_num: 23 finish: 1473407378 932585525 start: 1473407377 869836474
t_num: 17 finish: 1473407378 944214201 start: 1473407376 877244067
t_num: 5 finish: 1473407378 944230940 start: 1473407376 741044219
t_num: 28 finish: 1473407379 247295120 start: 1473407377 55025643
t_num: 4 finish: 1473407379 730742456 start: 1473407377 910582231
t_num: 9 finish: 1473407379 776339208 start: 1473407376 740136704
t_num: 20 finish: 1473407379 802561289 start: 1473407378 397687694
t_num: 11 finish: 1473407380 17096166 start: 1473407378 654447384
t_num: 8 finish: 1473407380 31715151 start: 1473407377 440040946
t_num: 19 finish: 1473407380 127893797 start: 1473407378 365294437
t_num: 15 finish: 1473407380 258629926 start: 1473407378 653533719
t_num: 24 finish: 1473407380 258696871 start: 1473407377 870385936
t_num: 6 finish: 1473407380 290627064 start: 1473407377 934526867
t_num: 3 finish: 1473407380 481003703 start: 1473407379 216865896
t_num: 18 finish: 1473407380 505329565 start: 1473407378 692175809
t_num: 10 finish: 1473407380 505382668 start: 1473407378 976951987
t_num: 0 finish: 1473407380 747130637 start: 1473407378 43187691
t_num: 14 finish: 1473407381 55839898 start: 1473407378 267142562
t_num: 26 finish: 1473407381 95438359 start: 1473407378 116420453
t_num: 8 finish: 1473407381 385308385 start: 1473407380 31733546
t_num: 5 finish: 1473407381 513795384 start: 1473407379 408933866
t_num: 27 finish: 1473407381 532148747 start: 1473407378 599698215
t_num: 21 finish: 1473407381 532191760 start: 1473407378 825094860
t_num: 23 finish: 1473407381 569793151 start: 1473407378 932630977
t_num: 12 finish: 1473407381 638607015 start: 1473407379 336685337
t_num: 0 finish: 1473407381 787513874 start: 1473407380 747158742
t_num: 28 finish: 1473407381 841294519 start: 1473407380 316101148
t_num: 29 finish: 1473407381 891087524 start: 1473407380 258763919
t_num: 10 finish: 1473407382 54553743 start: 1473407380 505418508
t_num: 22 finish: 1473407382 597241988 start: 1473407381 639523152
t_num: 11 finish: 1473407382 625065119 start: 1473407380 17126667
t_num: 13 finish: 1473407382 625217228 start: 1473407380 505925672
t_num: 3 finish: 1473407383 17914413 start: 1473407380 481057225
t_num: 15 finish: 1473407383 17990723 start: 1473407380 774197177
t_num: 26 finish: 1473407383 144623250 start: 1473407381 95486255
t_num: 7 finish: 1473407383 205237512 start: 1473407381 397132668
t_num: 29 finish: 1473407383 644938283 start: 1473407381 891140428
t_num: 16 finish: 1473407383 645659167 start: 1473407382 485196290
t_num: 14 finish: 1473407383 913008931 start: 1473407381 55926518
t_num: 4 finish: 1473407383 917652385 start: 1473407381 642464756
t_num: 8 finish: 1473407384 22996304 start: 1473407381 385364431
t_num: 0 finish: 1473407384 23010189 start: 1473407382 302712944
t_num: 6 finish: 1473407384 309668526 start: 1473407381 134650997
t_num: 5 finish: 1473407384 331070937 start: 1473407381 513884989
t_num: 19 finish: 1473407384 478751816 start: 1473407382 889684483
t_num: 27 finish: 1473407384 505453354 start: 1473407382 505745209
t_num: 9 finish: 1473407384 511799758 start: 1473407381 724828384
t_num: 10 finish: 1473407384 511865574 start: 1473407382 989427502
t_num: 11 finish: 1473407384 520477821 start: 1473407383 330070793
t_num: 23 finish: 1473407384 572337351 start: 1473407383 773999587
t_num: 3 finish: 1473407385 206473122 start: 1473407383 17955935
t_num: 22 finish: 1473407385 301734256 start: 1473407382 597270383
t_num: 1 finish: 1473407385 328686762 start: 1473407382 666598191
t_num: 25 finish: 1473407385 398445293 start: 1473407383 798989912
t_num: 13 finish: 1473407385 549856928 start: 1473407383 914850450
t_num: 15 finish: 1473407385 565124939 start: 1473407383 18020145
t_num: 10 finish: 1473407385 963506580 start: 1473407384 511882623
t_num: 6 finish: 1473407386 467482098 start: 1473407385 35305363
t_num: 20 finish: 1473407386 518532730 start: 1473407384 502738283
t_num: 16 finish: 1473407386 518540333 start: 1473407383 645676051
t_num: 29 finish: 1473407386 547603562 start: 1473407383 644982628
t_num: 7 finish: 1473407386 657969585 start: 1473407384 537128708
t_num: 23 finish: 1473407386 658693206 start: 1473407384 572358335
t_num: 14 finish: 1473407386 806872962 start: 1473407384 953168896
t_num: 30 finish: 1473407386 892306134 start: 1473407383 845533293
t_num: 5 finish: 1473407386 892320071 start: 1473407384 331103901
t_num: 11 finish: 1473407386 901509993 start: 1473407385 474566109
t_num: 26 finish: 1473407386 941473669 start: 1473407384 944663741
t_num: 27 finish: 1473407387 425986566 start: 1473407385 907561897
t_num: 0 finish: 1473407387 426815942 start: 1473407385 660235199
t_num: 12 finish: 1473407387 799111970 start: 1473407384 478787766
t_num: 10 finish: 1473407387 945832043 start: 1473407386 169467921
t_num: 23 finish: 1473407388 313943441 start: 1473407386 658713265
t_num: 20 finish: 1473407388 338737988 start: 1473407386 518562577
t_num: 25 finish: 1473407388 379288680 start: 1473407385 398478241
t_num: 0 finish: 1473407388 456239379 start: 1473407387 426836220
t_num: 6 finish: 1473407388 457152033 start: 1473407386 467519544
t_num: 22 finish: 1473407388 457309985 start: 1473407385 963423192
t_num: 16 finish: 1473407388 475718744 start: 1473407387 371547691
t_num: 5 finish: 1473407388 477323719 start: 1473407387 308513122
t_num: 17 finish: 1473407388 689301372 start: 1473407387 146103915
t_num: 15 finish: 1473407388 850723800 start: 1473407385 565150394
t_num: 3 finish: 1473407388 867642786 start: 1473407387 609326668
t_num: 30 finish: 1473407388 958835413 start: 1473407386 892354733
t_num: 28 finish: 1473407389 212983610 start: 1473407386 676955717
t_num: 11 finish: 1473407389 398386393 start: 1473407387 174840787
t_num: 16 finish: 1473407389 903814978 start: 1473407388 475751715
t_num: 2 finish: 1473407389 941645422 start: 1473407387 541260342
t_num: 14 finish: 1473407390 99788393 start: 1473407386 806917925
t_num: 18 finish: 1473407390 147018546 start: 1473407388 868009538
t_num: 12 finish: 1473407390 147019612 start: 1473407388 338050165
t_num: 20 finish: 1473407390 198785319 start: 1473407388 659409250
t_num: 5 finish: 1473407390 199390251 start: 1473407388 477346133
t_num: 11 finish: 1473407390 212693000 start: 1473407389 398419469
t_num: 28 finish: 1473407390 330326427 start: 1473407389 213027870
t_num: 23 finish: 1473407390 408663509 start: 1473407389 498333537
t_num: 24 finish: 1473407390 470539645 start: 1473407387 266597173
t_num: 26 finish: 1473407390 621608401 start: 1473407388 178022485
t_num: 11 finish: 1473407390 658824093 start: 1473407390 212713095
t_num: 7 finish: 1473407390 658879934 start: 1473407387 766843627
t_num: 20 finish: 1473407390 730632380 start: 1473407390 198810086
t_num: 10 finish: 1473407390 758129510 start: 1473407387 945874736
t_num: 5 finish: 1473407391 359893789 start: 1473407390 199410006
t_num: 3 finish: 1473407391 359903455 start: 1473407388 867664008
t_num: 6 finish: 1473407391 494638337 start: 1473407388 606676247
t_num: 29 finish: 1473407391 494637868 start: 1473407388 868063633
t_num: 8 finish: 1473407392 598519417 start: 1473407390 408668779
t_num: 21 finish: 1473407392 598543165 start: 1473407390 676608653
t_num: 20 finish: 1473407393 191678674 start: 1473407390 730663070
t_num: 22 finish: 1473407393 200587633 start: 1473407390 658611465
t_num: 26 finish: 1473407393 291713260 start: 1473407391 585740942
t_num: 3 finish: 1473407393 292397772 start: 1473407391 359935794
t_num: 2 finish: 1473407393 435922951 start: 1473407391 319606143
t_num: 13 finish: 1473407393 626474058 start: 1473407392 143977410
t_num: 4 finish: 1473407393 678745273 start: 1473407391 57678776
t_num: 17 finish: 1473407393 678779144 start: 1473407390 706499699
t_num: 6 finish: 1473407393 784404973 start: 1473407392 595496803
t_num: 7 finish: 1473407393 785047993 start: 1473407390 658898622
t_num: 12 finish: 1473407394 67243850 start: 1473407390 147086685
t_num: 15 finish: 1473407394 67957464 start: 1473407391 351652824
t_num: 29 finish: 1473407394 277376943 start: 1473407391 494728021
t_num: 16 finish: 1473407394 636615681 start: 1473407392 455769681
t_num: 28 finish: 1473407394 712249094 start: 1473407392 623347516
t_num: 5 finish: 1473407394 975078290 start: 1473407392 609650191
t_num: 21 finish: 1473407395 5482120 start: 1473407393 93041829
t_num: 3 finish: 1473407395 51197095 start: 1473407393 292414350
t_num: 0 finish: 1473407395 51931093 start: 1473407392 144115019
t_num: 14 finish: 1473407395 55018872 start: 1473407391 359319245
t_num: 22 finish: 1473407395 131099345 start: 1473407393 200608508
t_num: 9 finish: 1473407395 192853484 start: 1473407392 618184403
t_num: 24 finish: 1473407395 480181838 start: 1473407392 624894021
t_num: 2 finish: 1473407395 744149187 start: 1473407393 435946566
t_num: 26 finish: 1473407395 861055557 start: 1473407393 678822043
t_num: 20 finish: 1473407395 958031254 start: 1473407393 498878071
t_num: 12 finish: 1473407396 4786225 start: 1473407394 67287604
t_num: 25 finish: 1473407396 150412984 start: 1473407394 119878588
t_num: 28 finish: 1473407396 273090913 start: 1473407394 712288572
t_num: 23 finish: 1473407396 273883445 start: 1473407393 192654937
t_num: 24 finish: 1473407397 246496673 start: 1473407395 480200983
t_num: 9 finish: 1473407397 247444674 start: 1473407395 192878727
t_num: 21 finish: 1473407397 595065819 start: 1473407395 5506597
t_num: 2 finish: 1473407397 649244986 start: 1473407395 744212651
t_num: 16 finish: 1473407397 730709682 start: 1473407395 745689415
t_num: 7 finish: 1473407397 764468621 start: 1473407395 626478631
t_num: 1 finish: 1473407397 765126125 start: 1473407395 945549241
t_num: 3 finish: 1473407397 765952202 start: 1473407395 51224320
t_num: 18 finish: 1473407397 875127979 start: 1473407396 952278383
t_num: 5 finish: 1473407397 968995801 start: 1473407394 975113583
t_num: 12 finish: 1473407398 313360948 start: 1473407396 4830684
t_num: 25 finish: 1473407398 370240808 start: 1473407396 150447441
t_num: 29 finish: 1473407398 485771478 start: 1473407396 370813889
t_num: 14 finish: 1473407398 513528275 start: 1473407395 55040686
t_num: 0 finish: 1473407398 553852951 start: 1473407395 51951593
t_num: 23 finish: 1473407398 651606860 start: 1473407396 273920083
t_num: 11 finish: 1473407398 651610671 start: 1473407396 220682281
t_num: 9 finish: 1473407398 975507633 start: 1473407397 491418321
t_num: 17 finish: 1473407398 976105625 start: 1473407396 590093441
t_num: 3 finish: 1473407399 78910509 start: 1473407397 765971955
t_num: 26 finish: 1473407399 179716550 start: 1473407396 536755245
t_num: 2 finish: 1473407399 182556299 start: 1473407397 649268375
t_num: 16 finish: 1473407400 222027829 start: 1473407397 730750773
t_num: 1 finish: 1473407400 455552987 start: 1473407398 696800424
t_num: 20 finish: 1473407400 456048430 start: 1473407397 793746661
t_num: 5 finish: 1473407400 511315067 start: 1473407398 312078158
t_num: 13 finish: 1473407400 552170964 start: 1473407397 731311530
t_num: 15 finish: 1473407400 552252600 start: 1473407398 313178167
t_num: 21 finish: 1473407400 622957218 start: 1473407397 595094921
t_num: 11 finish: 1473407400 869550271 start: 1473407398 651703061
t_num: 27 finish: 1473407401 51346582 start: 1473407398 566774504
t_num: 18 finish: 1473407401 212318292 start: 1473407397 875163213
t_num: 9 finish: 1473407401 698653037 start: 1473407398 975550713
t_num: 29 finish: 1473407401 698678836 start: 1473407398 485825503
t_num: 26 finish: 1473407402 357818121 start: 1473407399 513533708
t_num: 23 finish: 1473407402 412964109 start: 1473407398 651643867
t_num: 2 finish: 1473407402 616600601 start: 1473407399 182572957
t_num: 29 finish: 1473407403 56043663 start: 1473407401 698789091
t_num: 3 finish: 1473407403 128163923 start: 1473407400 786262288
t_num: 16 finish: 1473407403 366351098 start: 1473407401 314232566
t_num: 5 finish: 1473407403 366360232 start: 1473407400 727505935
t_num: 13 finish: 1473407403 366391862 start: 1473407400 552196152
t_num: 15 finish: 1473407403 367106727 start: 1473407400 552271723
t_num: 27 finish: 1473407403 398243793 start: 1473407401 51387743
t_num: 28 finish: 1473407403 487304349 start: 1473407399 181680284
t_num: 17 finish: 1473407403 567312064 start: 1473407400 159572435
t_num: 8 finish: 1473407404 83827536 start: 1473407402 756751360
t_num: 14 finish: 1473407404 196528275 start: 1473407401 211185268
t_num: 23 finish: 1473407404 220564735 start: 1473407402 412999127
t_num: 1 finish: 1473407404 220692552 start: 1473407400 455598187
t_num: 21 finish: 1473407404 380180443 start: 1473407402 495827706
t_num: 31 finish: 1473407404 946650919 start: 1473407402 949677043
t_num: 17 finish: 1473407405 419462762 start: 1473407404 195293033
t_num: 12 finish: 1473407405 729382791 start: 1473407403 698353751
t_num: 5 finish: 1473407405 793788617 start: 1473407403 366434367
t_num: 10 finish: 1473407405 849994424 start: 1473407403 435390702
t_num: 22 finish: 1473407405 869856594 start: 1473407403 488248006
t_num: 11 finish: 1473407406 80499860 start: 1473407403 307241717
t_num: 8 finish: 1473407406 196438612 start: 1473407404 83871593
t_num: 13 finish: 1473407406 327448937 start: 1473407404 520037590
t_num: 16 finish: 1473407406 433555477 start: 1473407405 48401992
t_num: 9 finish: 1473407406 646375230 start: 1473407402 912978692
t_num: 23 finish: 1473407406 711950321 start: 1473407404 220595203
t_num: 15 finish: 1473407406 947079710 start: 1473407403 367126860
t_num: 6 finish: 1473407406 947693826 start: 1473407404 533590007
t_num: 1 finish: 1473407406 980526315 start: 1473407404 692506413
t_num: 28 finish: 1473407407 30952208 start: 1473407403 487339238
t_num: 21 finish: 1473407407 31597043 start: 1473407405 267584689
t_num: 24 finish: 1473407407 32447600 start: 1473407405 267627446
t_num: 29 finish: 1473407407 71637362 start: 1473407404 101468140
t_num: 4 finish: 1473407407 570320771 start: 1473407405 936180875
t_num: 2 finish: 1473407408 81842545 start: 1473407404 618742802
t_num: 19 finish: 1473407408 160556349 start: 1473407404 943223189
t_num: 10 finish: 1473407408 282850106 start: 1473407406 799312666
t_num: 28 finish: 1473407408 302063604 start: 1473407407 30976943
t_num: 4 finish: 1473407408 302189937 start: 1473407407 570364229
t_num: 13 finish: 1473407408 509473903 start: 1473407406 327497954
t_num: 8 finish: 1473407408 629459113 start: 1473407406 196467552
t_num: 5 finish: 1473407408 802402970 start: 1473407405 793824309
t_num: 7 finish: 1473407409 179984936 start: 1473407407 71923948
t_num: 17 finish: 1473407409 180558052 start: 1473407406 714284040
t_num: 12 finish: 1473407409 229517717 start: 1473407405 729426532
t_num: 29 finish: 1473407409 230074866 start: 1473407407 71670870
t_num: 28 finish: 1473407409 599739670 start: 1473407408 302108498
t_num: 15 finish: 1473407409 778866860 start: 1473407407 918753706
t_num: 19 finish: 1473407409 849898142 start: 1473407408 160580111
t_num: 0 finish: 1473407409 854197032 start: 1473407408 269830881
t_num: 18 finish: 1473407409 916056303 start: 1473407405 805514436
t_num: 16 finish: 1473407409 920144931 start: 1473407407 901755326
t_num: 23 finish: 1473407410 26318214 start: 1473407406 711991539
t_num: 21 finish: 1473407410 466886368 start: 1473407408 124307319
t_num: 27 finish: 1473407410 471789102 start: 1473407408 859017631
t_num: 30 finish: 1473407410 500319739 start: 1473407407 17133654
t_num: 28 finish: 1473407410 757230215 start: 1473407409 599834221
t_num: 11 finish: 1473407410 758403073 start: 1473407408 348803728
t_num: 13 finish: 1473407410 864140791 start: 1473407409 201418022
t_num: 7 finish: 1473407411 123647877 start: 1473407409 809947852
t_num: 1 finish: 1473407411 399576055 start: 1473407408 80419853
t_num: 12 finish: 1473407411 443439951 start: 1473407409 229541444
t_num: 8 finish: 1473407411 523436073 start: 1473407410 22022136
t_num: 24 finish: 1473407411 627725108 start: 1473407409 728439131
t_num: 4 finish: 1473407411 749526891 start: 1473407408 302221411
t_num: 19 finish: 1473407411 817169560 start: 1473407409 849940642
t_num: 16 finish: 1473407411 825335573 start: 1473407409 920167270
t_num: 5 finish: 1473407411 874449233 start: 1473407408 802519440
t_num: 21 finish: 1473407411 874503268 start: 1473407410 847626473
t_num: 6 finish: 1473407411 913429717 start: 1473407409 810901528
t_num: 26 finish: 1473407411 958412543 start: 1473407408 56569886
t_num: 3 finish: 1473407412 25210390 start: 1473407410 758466740
t_num: 29 finish: 1473407412 60745685 start: 1473407409 230095417
t_num: 23 finish: 1473407412 192533629 start: 1473407411 3280409
t_num: 11 finish: 1473407412 193879893 start: 1473407411 231010497
t_num: 20 finish: 1473407412 193891126 start: 1473407409 673126279
t_num: 0 finish: 1473407412 203393913 start: 1473407409 854213894
t_num: 18 finish: 1473407412 274677856 start: 1473407410 469600236
t_num: 30 finish: 1473407412 376733104 start: 1473407410 500342430
t_num: 7 finish: 1473407412 534710041 start: 1473407411 236255208
t_num: 15 finish: 1473407412 546072662 start: 1473407410 758489344
t_num: 27 finish: 1473407412 935533380 start: 1473407411 588182311
t_num: 5 finish: 1473407413 168718184 start: 1473407411 874501337
t_num: 24 finish: 1473407413 222904216 start: 1473407411 627766239
t_num: 4 finish: 1473407413 521753590 start: 1473407411 749571711
t_num: 16 finish: 1473407413 901651463 start: 1473407411 825389375
t_num: 18 finish: 1473407414 302146058 start: 1473407412 274700954
t_num: 12 finish: 1473407414 345876050 start: 1473407413 265287271
t_num: 9 finish: 1473407414 417632949 start: 1473407412 561866933
t_num: 11 finish: 1473407414 466657339 start: 1473407412 193902828
t_num: 13 finish: 1473407414 573262737 start: 1473407412 748064200
t_num: 31 finish: 1473407414 616115686 start: 1473407412 171324178
t_num: 7 finish: 1473407414 616200388 start: 1473407412 534752213
t_num: 1 finish: 1473407414 645135586 start: 1473407413 705346973
t_num: 8 finish: 1473407414 682821218 start: 1473407412 242655658
t_num: 4 finish: 1473407414 774066422 start: 1473407413 651467369
t_num: 23 finish: 1473407415 144593774 start: 1473407413 385754147
t_num: 15 finish: 1473407415 145370901 start: 1473407412 546094025
t_num: 30 finish: 1473407415 145381081 start: 1473407412 376779849
t_num: 0 finish: 1473407415 396021021 start: 1473407413 899330895
t_num: 27 finish: 1473407415 469238213 start: 1473407412 935586938
t_num: 24 finish: 1473407415 652941700 start: 1473407413 652613632
t_num: 2 finish: 1473407415 904241366 start: 1473407413 699138468
t_num: 12 finish: 1473407416 59764370 start: 1473407414 345910940
t_num: 22 finish: 1473407416 168790670 start: 1473407413 582382984
t_num: 28 finish: 1473407416 169404848 start: 1473407413 502459078
t_num: 13 finish: 1473407416 169469725 start: 1473407414 573294205
t_num: 16 finish: 1473407417 3058088 start: 1473407415 254476911
t_num: 24 finish: 1473407417 323669143 start: 1473407415 653030840
t_num: 17 finish: 1473407417 394765898 start: 1473407414 530571351
t_num: 5 finish: 1473407417 800028239 start: 1473407414 530913865
t_num: 23 finish: 1473407418 77535188 start: 1473407415 144638326
t_num: 9 finish: 1473407418 277528863 start: 1473407415 874427449
t_num: 4 finish: 1473407418 308935245 start: 1473407414 774101423
t_num: 29 finish: 1473407418 871179418 start: 1473407414 645178494
t_num: 7 finish: 1473407419 270715215 start: 1473407415 398000620
t_num: 31 finish: 1473407419 688649810 start: 1473407414 616151015
t_num: 16 finish: 1473407419 690696985 start: 1473407417 3096358
t_num: 10 finish: 1473407420 122194278 start: 1473407415 988902332
t_num: 11 finish: 1473407420 125194315 start: 1473407416 386910525
t_num: 12 finish: 1473407420 220635360 start: 1473407416 696183503
t_num: 4 finish: 1473407420 303772105 start: 1473407418 308975989
t_num: 13 finish: 1473407420 357418233 start: 1473407416 169487939
t_num: 20 finish: 1473407420 399227832 start: 1473407418 431488458
t_num: 27 finish: 1473407420 399343915 start: 1473407416 849121940
t_num: 30 finish: 1473407420 463561612 start: 1473407416 386349329
t_num: 2 finish: 1473407421 33237121 start: 1473407417 323659568
t_num: 23 finish: 1473407421 320604374 start: 1473407418 77585112
t_num: 22 finish: 1473407421 320619523 start: 1473407417 154465092
t_num: 29 finish: 1473407421 743225856 start: 1473407419 273546657
t_num: 21 finish: 1473407422 342140519 start: 1473407420 258776811
t_num: 5 finish: 1473407422 366062050 start: 1473407417 800063981
t_num: 9 finish: 1473407422 369571146 start: 1473407418 277562947
t_num: 31 finish: 1473407422 374070520 start: 1473407419 688696933
t_num: 0 finish: 1473407422 382708451 start: 1473407419 177649895
t_num: 17 finish: 1473407422 500769418 start: 1473407419 689928792
t_num: 30 finish: 1473407422 571187928 start: 1473407420 463583222
t_num: 11 finish: 1473407422 828630454 start: 1473407420 125215490
t_num: 2 finish: 1473407422 916696248 start: 1473407421 758601442
t_num: 29 finish: 1473407422 971423106 start: 1473407421 743268783
t_num: 7 finish: 1473407423 316419284 start: 1473407420 424409514
t_num: 0 finish: 1473407423 489148087 start: 1473407422 382723974
t_num: 10 finish: 1473407423 612991642 start: 1473407421 484348418
t_num: 16 finish: 1473407423 662090402 start: 1473407421 160169676
t_num: 31 finish: 1473407423 901236147 start: 1473407422 374091599
t_num: 13 finish: 1473407423 954834290 start: 1473407421 640961328
t_num: 4 finish: 1473407424 165017785 start: 1473407420 303883796
t_num: 18 finish: 1473407424 199104461 start: 1473407421 588946114
t_num: 8 finish: 1473407424 315694142 start: 1473407421 322769321
t_num: 23 finish: 1473407424 319209702 start: 1473407422 170880018
t_num: 3 finish: 1473407424 320301720 start: 1473407422 872725335
t_num: 26 finish: 1473407424 321406404 start: 1473407421 37846746
t_num: 28 finish: 1473407424 862389813 start: 1473407422 621481161
t_num: 20 finish: 1473407425 63104185 start: 1473407421 744439230
t_num: 19 finish: 1473407425 63659940 start: 1473407422 872073492
t_num: 9 finish: 1473407425 389298457 start: 1473407422 369599279
t_num: 2 finish: 1473407425 419145021 start: 1473407423 901250228
t_num: 7 finish: 1473407425 723917118 start: 1473407423 316461139
t_num: 29 finish: 1473407426 148145784 start: 1473407422 971451551
t_num: 15 finish: 1473407426 191827022 start: 1473407423 710483191
t_num: 26 finish: 1473407426 258730815 start: 1473407424 321426021
t_num: 30 finish: 1473407426 258730163 start: 1473407422 571209970
t_num: 11 finish: 1473407426 501145544 start: 1473407423 862772508
t_num: 1 finish: 1473407426 811278614 start: 1473407423 487364343
t_num: 17 finish: 1473407426 811353330 start: 1473407423 676907304
t_num: 25 finish: 1473407427 187946940 start: 1473407424 891541561
t_num: 31 finish: 1473407427 252295074 start: 1473407424 866221223
t_num: 23 finish: 1473407427 291774988 start: 1473407424 889811266
t_num: 13 finish: 1473407427 368095202 start: 1473407423 954864133
t_num: 18 finish: 1473407427 373736920 start: 1473407424 199190410
t_num: 22 finish: 1473407427 421055531 start: 1473407425 444808663
t_num: 15 finish: 1473407427 886892312 start: 1473407426 191848136
t_num: 19 finish: 1473407427 949119342 start: 1473407425 269945115
t_num: 10 finish: 1473407427 986701732 start: 1473407424 856850761
t_num: 2 finish: 1473407428 20206222 start: 1473407425 419189259
t_num: 3 finish: 1473407428 226486802 start: 1473407424 320321936
t_num: 4 finish: 1473407428 268608401 start: 1473407424 165072619
t_num: 30 finish: 1473407428 428192283 start: 1473407427 197753399
t_num: 27 finish: 1473407428 560833215 start: 1473407425 419201939
t_num: 29 finish: 1473407428 673460906 start: 1473407426 148169245
t_num: 11 finish: 1473407428 691976817 start: 1473407426 501195664
t_num: 20 finish: 1473407428 692282046 start: 1473407425 729511804
t_num: 6 finish: 1473407428 926513598 start: 1473407425 320613412
t_num: 24 finish: 1473407428 926674408 start: 1473407424 898074069
t_num: 19 finish: 1473407429 762977634 start: 1473407427 949137811
t_num: 8 finish: 1473407429 763619868 start: 1473407427 16687141
t_num: 12 finish: 1473407429 836111618 start: 1473407426 140886121
t_num: 27 finish: 1473407429 980998469 start: 1473407428 560876756
t_num: 15 finish: 1473407430 47313324 start: 1473407427 886935901
t_num: 20 finish: 1473407430 444719047 start: 1473407428 692301440
t_num: 17 finish: 1473407430 446018109 start: 1473407427 465239643
t_num: 26 finish: 1473407430 536689679 start: 1473407429 200225347
t_num: 22 finish: 1473407430 627070319 start: 1473407428 440282573
t_num: 12 finish: 1473407431 58557150 start: 1473407429 836132458
t_num: 10 finish: 1473407431 365354190 start: 1473407427 986720411
t_num: 7 finish: 1473407431 503017028 start: 1473407428 351196372
t_num: 14 finish: 1473407431 503102440 start: 1473407428 617360055
t_num: 11 finish: 1473407431 531415790 start: 1473407428 691997513
t_num: 31 finish: 1473407431 531457969 start: 1473407427 252329871
t_num: 23 finish: 1473407431 685615210 start: 1473407428 439612865
t_num: 15 finish: 1473407431 714272434 start: 1473407430 47352881
t_num: 29 finish: 1473407431 827506975 start: 1473407429 351882187
t_num: 30 finish: 1473407431 971515900 start: 1473407428 428222763
t_num: 17 finish: 1473407431 971928292 start: 1473407430 446038452
t_num: 21 finish: 1473407432 102299746 start: 1473407430 530798060
t_num: 2 finish: 1473407432 103330338 start: 1473407428 692492455
t_num: 27 finish: 1473407432 669127545 start: 1473407429 981041190
t_num: 6 finish: 1473407433 134476854 start: 1473407428 926556731
t_num: 7 finish: 1473407433 195149326 start: 1473407431 503058312
t_num: 11 finish: 1473407433 479384102 start: 1473407431 531437543
t_num: 15 finish: 1473407433 828572969 start: 1473407431 714298066
t_num: 31 finish: 1473407433 829420982 start: 1473407431 531472987
t_num: 24 finish: 1473407433 830073175 start: 1473407430 414014024
t_num: 12 finish: 1473407434 1408157 start: 1473407431 58601318
t_num: 26 finish: 1473407434 2600007 start: 1473407432 46602707
t_num: 21 finish: 1473407434 532593654 start: 1473407432 669199154
t_num: 23 finish: 1473407434 641235023 start: 1473407431 685645325
t_num: 28 finish: 1473407434 860586895 start: 1473407432 123259514
t_num: 3 finish: 1473407434 997624623 start: 1473407433 377029295
t_num: 6 finish: 1473407435 98953319 start: 1473407433 134521611
t_num: 25 finish: 1473407435 211709628 start: 1473407431 824928190
t_num: 15 finish: 1473407435 212040269 start: 1473407433 828613304
t_num: 27 finish: 1473407435 559608040 start: 1473407433 452514389
t_num: 20 finish: 1473407435 590937883 start: 1473407432 669127545
t_num: 2 finish: 1473407435 634577925 start: 1473407432 662087260
t_num: 30 finish: 1473407435 840122784 start: 1473407431 971551035
t_num: 0 finish: 1473407436 121411656 start: 1473407433 192734888
t_num: 11 finish: 1473407436 122151237 start: 1473407433 479412044
t_num: 21 finish: 1473407436 122175997 start: 1473407434 532630084
t_num: 17 finish: 1473407436 368864533 start: 1473407433 452347949
t_num: 12 finish: 1473407436 425212581 start: 1473407434 1453436
t_num: 8 finish: 1473407436 604046422 start: 1473407434 438313297
t_num: 26 finish: 1473407436 837529039 start: 1473407434 2617453
t_num: 23 finish: 1473407436 928872682 start: 1473407434 641253789
t_num: 24 finish: 1473407436 960034176 start: 1473407434 211477728
t_num: 3 finish: 1473407437 42904975 start: 1473407434 997667457
t_num: 1 finish: 1473407437 343005806 start: 1473407433 831620480
t_num: 29 finish: 1473407437 393007799 start: 1473407435 75839162
t_num: 21 finish: 1473407437 629792746 start: 1473407436 122194159
t_num: 31 finish: 1473407437 720583478 start: 1473407434 861297216
t_num: 18 finish: 1473407437 725067875 start: 1473407436 90539022
t_num: 22 finish: 1473407437 957841633 start: 1473407435 915041026
t_num: 6 finish: 1473407438 70776293 start: 1473407435 98976832
t_num: 15 finish: 1473407438 335690906 start: 1473407435 633768533
t_num: 7 finish: 1473407438 337076411 start: 1473407435 30132156
t_num: 30 finish: 1473407438 482854165 start: 1473407435 840162055
t_num: 0 finish: 1473407438 593172797 start: 1473407436 122006380
t_num: 27 finish: 1473407438 622016549 start: 1473407435 559643868
t_num: 10 finish: 1473407439 31524612 start: 1473407436 502859846
t_num: 11 finish: 1473407439 32929780 start: 1473407436 837680783
t_num: 25 finish: 1473407439 204853913 start: 1473407436 908402744
t_num: 29 finish: 1473407439 205404525 start: 1473407437 393050171
t_num: 1 finish: 1473407439 275625882 start: 1473407437 343048405
t_num: 26 finish: 1473407439 287276867 start: 1473407436 837570405
t_num: 5 finish: 1473407439 738702145 start: 1473407436 305346357
t_num: 23 finish: 1473407440 64052687 start: 1473407437 314862106
t_num: 4 finish: 1473407440 64380496 start: 1473407436 888013359
t_num: 7 finish: 1473407440 64421446 start: 1473407438 337093070
t_num: 21 finish: 1473407440 440281184 start: 1473407440 385591271
t_num: 6 finish: 1473407440 573059912 start: 1473407438 992225877
t_num: 24 finish: 1473407440 620560489 start: 1473407437 629012153
t_num: 16 finish: 1473407440 699454114 start: 1473407438 219095359
t_num: 22 finish: 1473407441 46568132 start: 1473407437 957901830
t_num: 18 finish: 1473407441 583782090 start: 1473407437 725096607
t_num: 15 finish: 1473407441 628414159 start: 1473407438 335724223
t_num: 0 finish: 1473407441 727642105 start: 1473407438 593235335
t_num: 30 finish: 1473407441 742267145 start: 1473407438 692248527
t_num: 25 finish: 1473407441 742599581 start: 1473407439 204894209
t_num: 13 finish: 1473407441 903345855 start: 1473407438 201992067
t_num: 3 finish: 1473407441 903916746 start: 1473407438 893884223
t_num: 31 finish: 1473407441 905400272 start: 1473407439 386205071
t_num: 11 finish: 1473407442 18434963 start: 1473407439 32951026
t_num: 29 finish: 1473407442 219715575 start: 1473407439 870241340
t_num: 7 finish: 1473407442 228829178 start: 1473407440 64439476
t_num: 15 finish: 1473407442 229652778 start: 1473407441 628443674
t_num: 1 finish: 1473407442 350502787 start: 1473407439 967982811
t_num: 10 finish: 1473407442 583634533 start: 1473407439 935664656
t_num: 22 finish: 1473407442 843760374 start: 1473407441 46611278
t_num: 25 finish: 1473407443 139001343 start: 1473407441 742619122
t_num: 16 finish: 1473407443 362869026 start: 1473407442 100329662
t_num: 23 finish: 1473407443 366490762 start: 1473407440 64098469
t_num: 18 finish: 1473407443 371761076 start: 1473407441 583817262
t_num: 4 finish: 1473407443 372773752 start: 1473407440 64401009
t_num: 19 finish: 1473407443 500471234 start: 1473407440 241089965
t_num: 28 finish: 1473407443 616238357 start: 1473407441 635033914
t_num: 24 finish: 1473407443 942426578 start: 1473407442 100310470
t_num: 15 finish: 1473407444 176848012 start: 1473407442 823067838
t_num: 11 finish: 1473407444 177659770 start: 1473407442 18473909
t_num: 3 finish: 1473407444 676858038 start: 1473407442 413256655
t_num: 30 finish: 1473407444 678013782 start: 1473407441 742299642
t_num: 20 finish: 1473407444 678077277 start: 1473407443 374166168
t_num: 29 finish: 1473407444 678387785 start: 1473407442 219741523
t_num: 9 finish: 1473407444 815012967 start: 1473407441 901357050
t_num: 14 finish: 1473407444 827258704 start: 1473407442 631488266
t_num: 8 finish: 1473407445 17418900 start: 1473407443 565030645
t_num: 2 finish: 1473407445 46777599 start: 1473407443 773153874
t_num: 31 finish: 1473407445 369838575 start: 1473407442 583664061
t_num: 18 finish: 1473407445 523023022 start: 1473407443 885162550
t_num: 11 finish: 1473407446 349397443 start: 1473407444 177680452
t_num: 12 finish: 1473407446 488892287 start: 1473407444 180033893
t_num: 7 finish: 1473407446 656743722 start: 1473407443 505061776
t_num: 30 finish: 1473407446 681896071 start: 1473407444 678034128
t_num: 25 finish: 1473407446 771515402 start: 1473407443 470287738
t_num: 16 finish: 1473407446 867286745 start: 1473407443 362916736
t_num: 23 finish: 1473407446 950875200 start: 1473407443 366511841
t_num: 29 finish: 1473407446 950991500 start: 1473407444 678406682
t_num: 26 finish: 1473407447 358581772 start: 1473407446 27625905
t_num: 18 finish: 1473407447 387435856 start: 1473407445 523065604
t_num: 4 finish: 1473407447 409766366 start: 1473407445 149632314
t_num: 31 finish: 1473407447 475398504 start: 1473407445 369881302
t_num: 9 finish: 1473407447 475447816 start: 1473407445 213272450
t_num: 5 finish: 1473407448 9356119 start: 1473407444 372311502
t_num: 14 finish: 1473407448 138979467 start: 1473407444 827293768
t_num: 7 finish: 1473407448 168117953 start: 1473407446 656786306
t_num: 12 finish: 1473407448 206372456 start: 1473407446 488931627
t_num: 21 finish: 1473407448 224300161 start: 1473407445 993674883
t_num: 3 finish: 1473407448 418956032 start: 1473407445 672399720
t_num: 15 finish: 1473407448 441066568 start: 1473407444 827449474
t_num: 13 finish: 1473407448 441860714 start: 1473407444 418584762
t_num: 20 finish: 1473407448 637426831 start: 1473407444 678095514
t_num: 24 finish: 1473407448 702698684 start: 1473407445 868938193
t_num: 18 finish: 1473407449 738869721 start: 1473407447 387458541
t_num: 27 finish: 1473407450 9113737 start: 1473407446 862972236
t_num: 9 finish: 1473407450 18254431 start: 1473407447 475463418
t_num: 3 finish: 1473407450 554991311 start: 1473407448 418985602
t_num: 10 finish: 1473407450 790396878 start: 1473407448 138150420
t_num: 7 finish: 1473407450 825456579 start: 1473407448 168135307
t_num: 14 finish: 1473407450 995750628 start: 1473407448 139005692
t_num: 30 finish: 1473407451 304194778 start: 1473407448 236954079
t_num: 21 finish: 1473407451 314867145 start: 1473407448 224322885
t_num: 22 finish: 1473407451 331105408 start: 1473407449 771382855
t_num: 4 finish: 1473407451 345586086 start: 1473407448 908975715
t_num: 27 finish: 1473407451 454875797 start: 1473407450 9157997
t_num: 31 finish: 1473407451 515966500 start: 1473407448 824384932
t_num: 26 finish: 1473407451 568984278 start: 1473407448 442310735
t_num: 20 finish: 1473407451 746099581 start: 1473407448 637470677
t_num: 28 finish: 1473407451 796612755 start: 1473407449 636012961
t_num: 24 finish: 1473407452 46449662 start: 1473407448 702732934
t_num: 5 finish: 1473407452 258043287 start: 1473407450 219055108
t_num: 9 finish: 1473407452 321604548 start: 1473407450 18278009
t_num: 14 finish: 1473407452 415256266 start: 1473407450 995797032
t_num: 10 finish: 1473407452 466548132 start: 1473407450 790441446
t_num: 23 finish: 1473407452 466575958 start: 1473407450 947325702
t_num: 6 finish: 1473407452 905935986 start: 1473407450 315691854
t_num: 31 finish: 1473407452 962766507 start: 1473407451 515986823
t_num: 13 finish: 1473407452 962767855 start: 1473407449 636057864
t_num: 29 finish: 1473407453 73002255 start: 1473407450 18334798
t_num: 30 finish: 1473407453 763567420 start: 1473407451 304224668
t_num: 28 finish: 1473407454 361653184 start: 1473407451 796648317
t_num: 22 finish: 1473407454 572888257 start: 1473407451 331127551
t_num: 20 finish: 1473407454 588877767 start: 1473407451 746126975
t_num: 5 finish: 1473407454 727686950 start: 1473407452 258086110
t_num: 0 finish: 1473407454 798956048 start: 1473407452 689039289
t_num: 7 finish: 1473407454 798963954 start: 1473407450 825475484
t_num: 15 finish: 1473407454 909371163 start: 1473407453 321089263
t_num: 23 finish: 1473407455 155789356 start: 1473407452 466595535
t_num: 4 finish: 1473407455 207875474 start: 1473407451 702053342
t_num: 31 finish: 1473407455 515331695 start: 1473407452 962806235
t_num: 26 finish: 1473407455 598077816 start: 1473407452 415236443
t_num: 19 finish: 1473407455 824042596 start: 1473407453 961011085
t_num: 8 finish: 1473407456 250458458 start: 1473407453 321095752
t_num: 1 finish: 1473407456 280466465 start: 1473407454 442379282
t_num: 3 finish: 1473407456 359904985 start: 1473407454 360243606
t_num: 14 finish: 1473407456 643373070 start: 1473407452 415276722
t_num: 0 finish: 1473407456 984491640 start: 1473407454 798990138
t_num: 27 finish: 1473407457 202061194 start: 1473407453 563059808
t_num: 16 finish: 1473407457 202911230 start: 1473407454 920670433
t_num: 13 finish: 1473407457 203040882 start: 1473407452 962826326
t_num: 24 finish: 1473407457 374608668 start: 1473407453 321114582
t_num: 3 finish: 1473407457 778269943 start: 1473407456 359937060
t_num: 6 finish: 1473407457 842833340 start: 1473407453 916842934
t_num: 29 finish: 1473407459 12655894 start: 1473407456 203871601
t_num: 28 finish: 1473407459 23932342 start: 1473407455 546151988
t_num: 12 finish: 1473407459 23997935 start: 1473407455 203792114
t_num: 14 finish: 1473407459 24069367 start: 1473407456 643491871
t_num: 5 finish: 1473407459 24284182 start: 1473407457 161698757
t_num: 9 finish: 1473407459 25203212 start: 1473407454 383776330
t_num: 8 finish: 1473407459 32047563 start: 1473407456 250486187
t_num: 1 finish: 1473407459 32357384 start: 1473407456 280491206
t_num: 2 finish: 1473407459 45500632 start: 1473407456 724737752
t_num: 17 finish: 1473407459 45500625 start: 1473407455 126657690
t_num: 0 finish: 1473407459 96828264 start: 1473407456 984547985
t_num: 31 finish: 1473407460 236480565 start: 1473407456 57103105
t_num: 19 finish: 1473407460 236712773 start: 1473407456 362337317
t_num: 4 finish: 1473407460 369966643 start: 1473407458 985236955
t_num: 21 finish: 1473407460 462682933 start: 1473407457 632507690
t_num: 20 finish: 1473407460 542464570 start: 1473407455 742148703
t_num: 12 finish: 1473407460 648318256 start: 1473407459 24015240
t_num: 8 finish: 1473407460 679201647 start: 1473407459 32067249
t_num: 25 finish: 1473407460 939766126 start: 1473407458 873266237
t_num: 24 finish: 1473407460 955791487 start: 1473407457 374645949
t_num: 2 finish: 1473407460 994834859 start: 1473407459 45522299
t_num: 28 finish: 1473407461 150934180 start: 1473407459 23952907
t_num: 13 finish: 1473407461 190244569 start: 1473407457 904300029
t_num: 29 finish: 1473407461 351488058 start: 1473407460 342829533
t_num: 16 finish: 1473407461 419233035 start: 1473407459 318275602
t_num: 6 finish: 1473407461 478732899 start: 1473407459 96891640
t_num: 9 finish: 1473407461 537218314 start: 1473407460 248583783
t_num: 18 finish: 1473407461 537278574 start: 1473407457 709857502
t_num: 10 finish: 1473407461 537847722 start: 1473407459 653772699
t_num: 1 finish: 1473407461 738602386 start: 1473407459 32377648
t_num: 14 finish: 1473407461 772544016 start: 1473407459 24085135
t_num: 31 finish: 1473407462 176936060 start: 1473407460 236505605
t_num: 27 finish: 1473407462 179734891 start: 1473407459 10576377
t_num: 21 finish: 1473407462 374853509 start: 1473407460 462707493
t_num: 19 finish: 1473407462 444867824 start: 1473407460 236731588
t_num: 0 finish: 1473407462 484332669 start: 1473407459 96857083
t_num: 8 finish: 1473407462 484384581 start: 1473407460 679229398
t_num: 11 finish: 1473407462 602683117 start: 1473407460 919332453
t_num: 4 finish: 1473407463 134979705 start: 1473407460 369997936
t_num: 10 finish: 1473407463 199332211 start: 1473407461 537866278
t_num: 31 finish: 1473407464 70902890 start: 1473407462 176975029
t_num: 20 finish: 1473407464 99615968 start: 1473407460 542492359
t_num: 18 finish: 1473407464 150702678 start: 1473407461 916382237
t_num: 13 finish: 1473407464 151326945 start: 1473407461 976198034
t_num: 28 finish: 1473407464 268856416 start: 1473407461 150971489
t_num: 15 finish: 1473407464 370117933 start: 1473407461 605483345
t_num: 11 finish: 1473407464 370188641 start: 1473407462 602714039
t_num: 24 finish: 1473407464 422675287 start: 1473407461 898410859
t_num: 4 finish: 1473407464 464147461 start: 1473407463 135002185
t_num: 26 finish: 1473407464 506210560 start: 1473407462 527125903
t_num: 29 finish: 1473407464 506242110 start: 1473407462 561791269
t_num: 1 finish: 1473407465 61537134 start: 1473407461 738645167
t_num: 27 finish: 1473407465 94781361 start: 1473407462 179755013
t_num: 9 finish: 1473407465 243128201 start: 1473407461 537258630
t_num: 25 finish: 1473407465 611938713 start: 1473407461 739889681
t_num: 10 finish: 1473407465 612296760 start: 1473407463 199366065
t_num: 8 finish: 1473407465 665099974 start: 1473407462 484404142
t_num: 14 finish: 1473407465 875635088 start: 1473407464 217355594
t_num: 20 finish: 1473407465 911166181 start: 1473407464 99653298
t_num: 2 finish: 1473407465 923004230 start: 1473407463 534342937
t_num: 11 finish: 1473407465 983643952 start: 1473407464 370206165
t_num: 21 finish: 1473407465 983656863 start: 1473407463 456789629
t_num: 4 finish: 1473407465 983676481 start: 1473407465 8293243
t_num: 28 finish: 1473407466 387069154 start: 1473407464 268892990
t_num: 19 finish: 1473407466 393495501 start: 1473407462 444898892
t_num: 18 finish: 1473407466 868462726 start: 1473407464 150737534
t_num: 23 finish: 1473407466 910275048 start: 1473407463 575203761
t_num: 27 finish: 1473407467 526337977 start: 1473407465 94835309
t_num: 31 finish: 1473407467 754781252 start: 1473407464 70954765
t_num: 1 finish: 1473407468 499937513 start: 1473407465 61575112
t_num: 24 finish: 1473407468 613707268 start: 1473407464 422703781
t_num: 11 finish: 1473407468 725075965 start: 1473407465 983692256
t_num: 28 finish: 1473407468 782520231 start: 1473407466 387135525
t_num: 29 finish: 1473407469 32523766 start: 1473407465 755915576
t_num: 2 finish: 1473407469 101706317 start: 1473407466 730061639
t_num: 10 finish: 1473407469 639042951 start: 1473407465 612332006
t_num: 25 finish: 1473407469 640043499 start: 1473407465 896568440
t_num: 3 finish: 1473407469 671773589 start: 1473407466 463138921
t_num: 8 finish: 1473407469 725412859 start: 1473407466 550364376
t_num: 17 finish: 1473407469 946312913 start: 1473407466 910308573
t_num: 13 finish: 1473407469 947089696 start: 1473407466 910333982
t_num: 30 finish: 1473407469 980539892 start: 1473407465 923080084
t_num: 18 finish: 1473407470 192354820 start: 1473407466 868503309
t_num: 0 finish: 1473407470 355904570 start: 1473407468 191475111
t_num: 7 finish: 1473407470 355923728 start: 1473407466 951421045
t_num: 14 finish: 1473407470 405367063 start: 1473407465 875667701
t_num: 27 finish: 1473407470 468437702 start: 1473407467 526377884
t_num: 12 finish: 1473407470 777511699 start: 1473407469 843530552
t_num: 26 finish: 1473407470 829163614 start: 1473407467 493212250
t_num: 1 finish: 1473407470 870572759 start: 1473407468 499973411
t_num: 11 finish: 1473407471 557162485 start: 1473407468 725118667
t_num: 5 finish: 1473407471 557184994 start: 1473407467 963807094
t_num: 6 finish: 1473407471 785060171 start: 1473407469 84990238
t_num: 7 finish: 1473407471 857168300 start: 1473407470 356034329
t_num: 19 finish: 1473407472 22608602 start: 1473407468 990298942
t_num: 13 finish: 1473407472 29809158 start: 1473407469 947110846
t_num: 28 finish: 1473407472 168579757 start: 1473407469 262954473
t_num: 10 finish: 1473407472 169992240 start: 1473407469 639087421
t_num: 2 finish: 1473407472 231390238 start: 1473407469 101725903
t_num: 25 finish: 1473407472 413733617 start: 1473407469 640061992
t_num: 26 finish: 1473407472 574116092 start: 1473407470 829208962
t_num: 0 finish: 1473407472 646611475 start: 1473407470 356052241
t_num: 12 finish: 1473407472 992522318 start: 1473407470 777547838
t_num: 17 finish: 1473407472 993081389 start: 1473407469 946356250
t_num: 6 finish: 1473407473 286584796 start: 1473407471 785106543
t_num: 29 finish: 1473407473 753141870 start: 1473407470 120250513
t_num: 1 finish: 1473407473 809559100 start: 1473407471 694816826
t_num: 15 finish: 1473407474 239016319 start: 1473407471 82382602
t_num: 23 finish: 1473407474 239664707 start: 1473407471 753775285
t_num: 30 finish: 1473407474 239667921 start: 1473407470 647887080
t_num: 28 finish: 1473407474 239833138 start: 1473407472 168621008
t_num: 5 finish: 1473407474 240302949 start: 1473407471 557258029
t_num: 9 finish: 1473407474 462475156 start: 1473407472 21237924
t_num: 18 finish: 1473407474 479816055 start: 1473407472 20392715
t_num: 19 finish: 1473407474 713338864 start: 1473407472 22635589
t_num: 3 finish: 1473407474 786303648 start: 1473407472 316663782
t_num: 10 finish: 1473407474 794391551 start: 1473407472 170012695
t_num: 12 finish: 1473407475 425420206 start: 1473407472 992562252
t_num: 0 finish: 1473407475 478132066 start: 1473407472 646633830
t_num: 4 finish: 1473407475 706882936 start: 1473407473 101290102
t_num: 23 finish: 1473407475 833578708 start: 1473407474 239686392
t_num: 8 finish: 1473407475 852441752 start: 1473407472 608571025
t_num: 28 finish: 1473407475 881888807 start: 1473407474 239849367
t_num: 26 finish: 1473407475 881907303 start: 1473407472 574170387
t_num: 15 finish: 1473407475 972641657 start: 1473407474 239058933
t_num: 1 finish: 1473407476 149520439 start: 1473407473 809592276
t_num: 6 finish: 1473407476 377741509 start: 1473407473 898925420
t_num: 5 finish: 1473407476 439954029 start: 1473407474 240323039
t_num: 29 finish: 1473407476 502774638 start: 1473407474 667592098
t_num: 31 finish: 1473407476 624779581 start: 1473407474 170080491
t_num: 7 finish: 1473407476 668609962 start: 1473407474 601181640
t_num: 0 finish: 1473407476 931257596 start: 1473407475 478158583
t_num: 10 finish: 1473407476 931316597 start: 1473407475 612855247
t_num: 3 finish: 1473407476 932151352 start: 1473407474 786363337
t_num: 19 finish: 1473407476 932356533 start: 1473407474 713369472
t_num: 21 finish: 1473407476 932649064 start: 1473407474 724860421
t_num: 28 finish: 1473407477 289269637 start: 1473407475 881935563
t_num: 14 finish: 1473407477 404201942 start: 1473407474 120056701
t_num: 11 finish: 1473407477 404256688 start: 1473407473 347554163
t_num: 18 finish: 1473407477 534010550 start: 1473407475 772433325
t_num: 7 finish: 1473407478 738957642 start: 1473407476 668652587
t_num: 21 finish: 1473407478 739958272 start: 1473407476 932667119
t_num: 22 finish: 1473407478 765987938 start: 1473407476 442480723
t_num: 16 finish: 1473407478 988979642 start: 1473407476 455919752
t_num: 26 finish: 1473407479 192714302 start: 1473407476 668692349
t_num: 23 finish: 1473407479 505260622 start: 1473407475 833607327
t_num: 1 finish: 1473407479 781714450 start: 1473407476 932516528
t_num: 6 finish: 1473407479 991710977 start: 1473407476 377775278
t_num: 11 finish: 1473407480 74907132 start: 1473407477 404270185
t_num: 5 finish: 1473407480 393994436 start: 1473407476 439994074
t_num: 0 finish: 1473407480 498857429 start: 1473407478 437268505
t_num: 29 finish: 1473407480 500284728 start: 1473407476 930512500
t_num: 12 finish: 1473407480 513754683 start: 1473407477 653760992
t_num: 14 finish: 1473407480 798735369 start: 1473407477 404234194
t_num: 10 finish: 1473407480 805985829 start: 1473407476 931337124
t_num: 21 finish: 1473407480 806035594 start: 1473407478 739972788
t_num: 9 finish: 1473407481 320373790 start: 1473407477 236905719
t_num: 18 finish: 1473407481 374969370 start: 1473407477 534036908
t_num: 16 finish: 1473407481 462151557 start: 1473407478 989016972
t_num: 28 finish: 1473407481 624700706 start: 1473407478 795782565
t_num: 20 finish: 1473407481 646211406 start: 1473407477 856154086
t_num: 24 finish: 1473407481 646211664 start: 1473407480 45581167
t_num: 26 finish: 1473407481 646254404 start: 1473407479 192748135
t_num: 6 finish: 1473407481 646302062 start: 1473407479 991744535
t_num: 22 finish: 1473407481 980056286 start: 1473407478 766021945
t_num: 2 finish: 1473407482 384948944 start: 1473407479 360763820
t_num: 7 finish: 1473407482 408616902 start: 1473407478 739001222
t_num: 31 finish: 1473407482 897085764 start: 1473407478 439981314
t_num: 1 finish: 1473407482 907616773 start: 1473407479 781743687
t_num: 12 finish: 1473407483 299134038 start: 1473407480 513797657
t_num: 20 finish: 1473407483 617628383 start: 1473407481 646234998
t_num: 11 finish: 1473407483 763674495 start: 1473407480 74938001
t_num: 30 finish: 1473407483 797883610 start: 1473407481 151963298
t_num: 28 finish: 1473407483 797943264 start: 1473407481 624742804
t_num: 17 finish: 1473407483 845245235 start: 1473407481 64969867
t_num: 29 finish: 1473407484 91320040 start: 1473407480 756583408
t_num: 5 finish: 1473407484 93445095 start: 1473407480 918607352
t_num: 22 finish: 1473407484 156026880 start: 1473407481 980099891
t_num: 7 finish: 1473407484 182287266 start: 1473407483 168091331
t_num: 6 finish: 1473407484 503662260 start: 1473407481 646319480
t_num: 16 finish: 1473407484 770943268 start: 1473407482 624277482
t_num: 27 finish: 1473407484 872883741 start: 1473407482 5539258
t_num: 1 finish: 1473407484 873069240 start: 1473407482 907640732
t_num: 14 finish: 1473407484 954329404 start: 1473407483 686424426
t_num: 8 finish: 1473407485 761209437 start: 1473407481 727970136
t_num: 26 finish: 1473407485 761845077 start: 1473407482 623589304
t_num: 25 finish: 1473407485 806606966 start: 1473407483 116687330
t_num: 11 finish: 1473407485 807414985 start: 1473407483 763712355
t_num: 31 finish: 1473407485 807474371 start: 1473407482 897129782
t_num: 4 finish: 1473407486 205626907 start: 1473407484 411422736
t_num: 29 finish: 1473407486 522782025 start: 1473407484 91362990
t_num: 27 finish: 1473407486 671668492 start: 1473407484 872938729
t_num: 21 finish: 1473407486 805876676 start: 1473407484 770950457
t_num: 18 finish: 1473407486 946078457 start: 1473407482 716234108
t_num: 28 finish: 1473407487 132173876 start: 1473407483 797963548
t_num: 30 finish: 1473407487 884692976 start: 1473407484 770982308
t_num: 1 finish: 1473407488 317056007 start: 1473407484 873089687
t_num: 13 finish: 1473407488 342124206 start: 1473407484 503079319
t_num: 29 finish: 1473407488 547723245 start: 1473407486 522816021
t_num: 18 finish: 1473407488 695080361 start: 1473407486 946115776
t_num: 7 finish: 1473407488 697168601 start: 1473407484 708921662
t_num: 6 finish: 1473407488 939450063 start: 1473407485 9688562
t_num: 4 finish: 1473407489 85809599 start: 1473407486 205761201
t_num: 8 finish: 1473407489 301848941 start: 1473407486 205687096
t_num: 23 finish: 1473407489 305769567 start: 1473407487 350899873
t_num: 15 finish: 1473407489 458081990 start: 1473407486 155898292
t_num: 26 finish: 1473407489 497079613 start: 1473407486 245114830
t_num: 30 finish: 1473407489 508327867 start: 1473407487 884729174
t_num: 25 finish: 1473407489 509429120 start: 1473407486 379546066
t_num: 16 finish: 1473407489 509473318 start: 1473407485 807330590
t_num: 19 finish: 1473407489 562750575 start: 1473407485 783226309
t_num: 21 finish: 1473407489 600533589 start: 1473407487 955279420
t_num: 5 finish: 1473407489 644728450 start: 1473407486 95497354
t_num: 14 finish: 1473407489 847228127 start: 1473407489 82764167
t_num: 27 finish: 1473407489 900853172 start: 1473407486 671713381
t_num: 18 finish: 1473407489 900872346 start: 1473407488 695118975
t_num: 10 finish: 1473407489 901537456 start: 1473407488 63837718
t_num: 12 finish: 1473407490 398992737 start: 1473407487 39984312
t_num: 4 finish: 1473407490 538698756 start: 1473407489 85832163
t_num: 7 finish: 1473407490 792250191 start: 1473407488 700968957
t_num: 31 finish: 1473407491 557437624 start: 1473407488 64957581
t_num: 13 finish: 1473407491 616803404 start: 1473407488 342147418
t_num: 8 finish: 1473407491 868562566 start: 1473407489 301894344
t_num: 29 finish: 1473407491 942966337 start: 1473407489 504384659
t_num: 26 finish: 1473407491 942968890 start: 1473407489 901701646
t_num: 5 finish: 1473407492 21193795 start: 1473407489 644754039
t_num: 25 finish: 1473407492 60170036 start: 1473407489 509449135
t_num: 24 finish: 1473407492 222735358 start: 1473407489 314857206
t_num: 30 finish: 1473407492 275960399 start: 1473407489 508371538
t_num: 21 finish: 1473407492 293227038 start: 1473407490 279436879
t_num: 19 finish: 1473407492 293383919 start: 1473407489 562777823
t_num: 12 finish: 1473407492 348531331 start: 1473407490 399026445
t_num: 16 finish: 1473407492 524832384 start: 1473407489 509492480
t_num: 1 finish: 1473407492 527088177 start: 1473407490 279388339
t_num: 20 finish: 1473407493 19773549 start: 1473407490 363598151
t_num: 6 finish: 1473407493 333526819 start: 1473407490 166998378
t_num: 22 finish: 1473407493 333894885 start: 1473407490 173852386
t_num: 0 finish: 1473407493 637244306 start: 1473407490 150527074
t_num: 4 finish: 1473407493 681613202 start: 1473407491 312091439
t_num: 24 finish: 1473407493 681649141 start: 1473407492 222894620
t_num: 18 finish: 1473407493 842609425 start: 1473407490 791864745
t_num: 14 finish: 1473407493 952487645 start: 1473407489 847269782
t_num: 26 finish: 1473407494 320302580 start: 1473407491 943027198
t_num: 15 finish: 1473407494 323041485 start: 1473407491 617243178
t_num: 29 finish: 1473407494 633595143 start: 1473407491 943008144
t_num: 13 finish: 1473407494 723349476 start: 1473407492 843656070
t_num: 31 finish: 1473407494 742846500 start: 1473407491 557471241
t_num: 4 finish: 1473407494 928445009 start: 1473407493 681662109
t_num: 25 finish: 1473407495 204303184 start: 1473407492 60207778
t_num: 24 finish: 1473407495 204334803 start: 1473407493 681695127
t_num: 19 finish: 1473407495 205001366 start: 1473407492 293403824
t_num: 6 finish: 1473407495 700138151 start: 1473407494 324027697
t_num: 28 finish: 1473407495 710492215 start: 1473407494 495627234
t_num: 16 finish: 1473407495 710493025 start: 1473407492 920730524
t_num: 21 finish: 1473407495 710556553 start: 1473407493 419544078
t_num: 27 finish: 1473407495 741660759 start: 1473407492 658039337
t_num: 30 finish: 1473407495 741660759 start: 1473407493 267515065
t_num: 26 finish: 1473407495 781028227 start: 1473407494 320346876
t_num: 1 finish: 1473407496 87271220 start: 1473407492 527120695
t_num: 5 finish: 1473407496 363873743 start: 1473407494 371138578
t_num: 15 finish: 1473407496 397249890 start: 1473407494 323061835
t_num: 18 finish: 1473407497 99226644 start: 1473407494 595206529
t_num: 14 finish: 1473407497 190027858 start: 1473407493 952509016
t_num: 6 finish: 1473407497 194602192 start: 1473407495 700179604
t_num: 19 finish: 1473407497 194736155 start: 1473407496 86595639
t_num: 13 finish: 1473407497 195038605 start: 1473407495 409276145
t_num: 4 finish: 1473407497 224439887 start: 1473407494 928473771
t_num: 23 finish: 1473407497 362712327 start: 1473407494 944439999
t_num: 25 finish: 1473407497 364063368 start: 1473407495 204331265
t_num: 10 finish: 1473407497 408700514 start: 1473407494 944425389
t_num: 30 finish: 1473407497 464587373 start: 1473407495 741713299
t_num: 29 finish: 1473407498 115230388 start: 1473407495 141771506
t_num: 31 finish: 1473407498 151258731 start: 1473407494 742868145
t_num: 16 finish: 1473407498 248413835 start: 1473407495 710535400
t_num: 2 finish: 1473407498 248564244 start: 1473407495 706661703
t_num: 26 finish: 1473407498 249145332 start: 1473407495 781052132
t_num: 21 finish: 1473407498 315204097 start: 1473407495 777620669
t_num: 11 finish: 1473407498 621973263 start: 1473407496 759779752
t_num: 6 finish: 1473407498 621975845 start: 1473407497 194645636
t_num: 22 finish: 1473407498 911592039 start: 1473407495 201947177
t_num: 23 finish: 1473407498 997732462 start: 1473407497 362739919
t_num: 14 finish: 1473407498 998423540 start: 1473407497 190065786
t_num: 19 finish: 1473407499 138279453 start: 1473407497 194773157
t_num: 15 finish: 1473407499 139811879 start: 1473407497 388637180
t_num: 10 finish: 1473407499 181109530 start: 1473407497 769574911
t_num: 13 finish: 1473407499 307342221 start: 1473407497 195055767
t_num: 1 finish: 1473407500 312149171 start: 1473407497 336187442
t_num: 8 finish: 1473407500 379393752 start: 1473407497 653220111
t_num: 6 finish: 1473407500 379545372 start: 1473407498 622020474
t_num: 16 finish: 1473407500 921311087 start: 1473407498 248443277
t_num: 14 finish: 1473407501 456830921 start: 1473407499 320818597
t_num: 18 finish: 1473407501 570758855 start: 1473407497 833054718
t_num: 25 finish: 1473407501 787117440 start: 1473407499 610385328
t_num: 11 finish: 1473407501 808625671 start: 1473407498 622007403
t_num: 13 finish: 1473407501 808907356 start: 1473407499 307370306
t_num: 7 finish: 1473407501 810938398 start: 1473407498 987478705
t_num: 2 finish: 1473407501 838495773 start: 1473407500 510469877
t_num: 17 finish: 1473407501 879860623 start: 1473407498 751503140
t_num: 15 finish: 1473407501 969948683 start: 1473407501 185396442
t_num: 22 finish: 1473407501 984014387 start: 1473407499 579448242
t_num: 5 finish: 1473407501 984641042 start: 1473407498 798427470
t_num: 10 finish: 1473407502 3606929 start: 1473407499 181136770
t_num: 23 finish: 1473407502 300652081 start: 1473407498 997763004
t_num: 9 finish: 1473407502 372207020 start: 1473407501 177306435
t_num: 1 finish: 1473407502 372274850 start: 1473407500 312190141
t_num: 3 finish: 1473407502 381662625 start: 1473407500 610608847
t_num: 21 finish: 1473407502 416035029 start: 1473407499 780159022
t_num: 26 finish: 1473407502 639717839 start: 1473407500 249119285
t_num: 8 finish: 1473407502 698864633 start: 1473407500 379432850
t_num: 2 finish: 1473407503 202167118 start: 1473407501 838516595
t_num: 23 finish: 1473407503 453228004 start: 1473407502 300684787
t_num: 14 finish: 1473407503 499739516 start: 1473407501 812606888
t_num: 6 finish: 1473407503 782184716 start: 1473407500 613382220
t_num: 26 finish: 1473407503 782184820 start: 1473407502 639760502
t_num: 25 finish: 1473407503 831458717 start: 1473407501 787159756
t_num: 13 finish: 1473407504 120953643 start: 1473407501 808927781
t_num: 20 finish: 1473407504 240320980 start: 1473407501 879871228
t_num: 16 finish: 1473407504 286432747 start: 1473407502 791197660
t_num: 11 finish: 1473407504 704192072 start: 1473407503 95392080
t_num: 6 finish: 1473407505 201776010 start: 1473407503 782228844
t_num: 15 finish: 1473407505 307932303 start: 1473407501 969971676
t_num: 18 finish: 1473407505 372489549 start: 1473407503 831543283
t_num: 9 finish: 1473407505 576341448 start: 1473407502 372233246
t_num: 3 finish: 1473407505 576343294 start: 1473407502 381683121
t_num: 28 finish: 1473407505 690300606 start: 1473407503 297896979
t_num: 10 finish: 1473407505 798204578 start: 1473407503 95504122
t_num: 21 finish: 1473407505 957561804 start: 1473407503 645411037
t_num: 5 finish: 1473407506 331013391 start: 1473407504 27412981
t_num: 8 finish: 1473407506 413122990 start: 1473407502 698890626
t_num: 17 finish: 1473407507 351101605 start: 1473407504 797656380
t_num: 8 finish: 1473407507 469243013 start: 1473407506 413151590
t_num: 2 finish: 1473407507 474893289 start: 1473407503 950012274
t_num: 24 finish: 1473407507 474902007 start: 1473407505 251571952
t_num: 25 finish: 1473407507 474941920 start: 1473407503 831486354
t_num: 29 finish: 1473407507 767430656 start: 1473407504 474244692
t_num: 21 finish: 1473407508 139336457 start: 1473407507 227633163
t_num: 26 finish: 1473407508 148627836 start: 1473407503 782288903
t_num: 30 finish: 1473407508 148947484 start: 1473407506 261716916
t_num: 15 finish: 1473407508 252809104 start: 1473407506 677486385
t_num: 28 finish: 1473407508 298888347 start: 1473407505 690344065
t_num: 11 finish: 1473407508 575881591 start: 1473407505 508366847
t_num: 10 finish: 1473407508 635935571 start: 1473407506 917651445
t_num: 27 finish: 1473407508 636669027 start: 1473407505 397823507
t_num: 9 finish: 1473407508 753342110 start: 1473407505 576382744
t_num: 6 finish: 1473407509 197075630 start: 1473407506 439929615
t_num: 1 finish: 1473407509 634929306 start: 1473407504 633860198
t_num: 20 finish: 1473407509 677074669 start: 1473407506 137168612
t_num: 12 finish: 1473407509 757341985 start: 1473407507 685441659
t_num: 4 finish: 1473407510 64885538 start: 1473407506 485648084
t_num: 2 finish: 1473407510 432377386 start: 1473407507 474922722
t_num: 18 finish: 1473407510 517679104 start: 1473407507 73955771
t_num: 28 finish: 1473407510 634006484 start: 1473407508 298907366
t_num: 17 finish: 1473407510 672587623 start: 1473407508 885580374
t_num: 9 finish: 1473407510 760612330 start: 1473407508 753379421
t_num: 3 finish: 1473407510 976451978 start: 1473407507 594070071
t_num: 8 finish: 1473407511 206975458 start: 1473407509 187408079
t_num: 20 finish: 1473407511 215800010 start: 1473407509 677116768
t_num: 21 finish: 1473407511 271807903 start: 1473407508 139382309
t_num: 1 finish: 1473407511 332650985 start: 1473407509 634981356
t_num: 6 finish: 1473407511 477049906 start: 1473407509 197100786
t_num: 19 finish: 1473407511 557706220 start: 1473407508 2015543
t_num: 27 finish: 1473407511 563153007 start: 1473407509 731337403
t_num: 25 finish: 1473407511 563397923 start: 1473407508 252832994
t_num: 26 finish: 1473407512 87218354 start: 1473407509 112341975
t_num: 31 finish: 1473407512 814607344 start: 1473407508 270798797
t_num: 12 finish: 1473407512 875460028 start: 1473407509 757374911
t_num: 28 finish: 1473407512 875520333 start: 1473407510 634050029
t_num: 21 finish: 1473407513 68075773 start: 1473407511 271830492
t_num: 25 finish: 1473407513 190883611 start: 1473407511 563416232
t_num: 18 finish: 1473407513 535235633 start: 1473407510 517706113
t_num: 23 finish: 1473407513 699100235 start: 1473407510 816663219
t_num: 10 finish: 1473407513 796072654 start: 1473407510 909977127
t_num: 5 finish: 1473407513 907200724 start: 1473407510 736383322
t_num: 1 finish: 1473407514 20987637 start: 1473407512 166670715
t_num: 24 finish: 1473407514 31162074 start: 1473407511 207612784
t_num: 8 finish: 1473407514 136788979 start: 1473407511 562905387
t_num: 19 finish: 1473407514 361869300 start: 1473407513 343592026
t_num: 20 finish: 1473407514 517209552 start: 1473407511 557794463
t_num: 9 finish: 1473407514 543187740 start: 1473407511 557773533
t_num: 2 finish: 1473407514 543190857 start: 1473407510 432428487
t_num: 26 finish: 1473407514 660727287 start: 1473407512 87256937
t_num: 22 finish: 1473407514 797408635 start: 1473407511 562972007
t_num: 14 finish: 1473407515 694662 start: 1473407512 108264055
t_num: 31 finish: 1473407515 155281540 start: 1473407513 585604560
t_num: 5 finish: 1473407515 282748575 start: 1473407513 907226825
t_num: 6 finish: 1473407515 282795029 start: 1473407513 375118383
t_num: 25 finish: 1473407515 282810975 start: 1473407513 190942838
t_num: 18 finish: 1473407515 388367357 start: 1473407513 694390696
t_num: 30 finish: 1473407515 393748227 start: 1473407512 717084386
t_num: 11 finish: 1473407515 421283481 start: 1473407513 795379271
t_num: 21 finish: 1473407515 638263251 start: 1473407513 422672381
t_num: 9 finish: 1473407516 13267432 start: 1473407514 543234569
t_num: 28 finish: 1473407516 160283908 start: 1473407513 722502710
t_num: 12 finish: 1473407516 228863857 start: 1473407512 875498203
t_num: 0 finish: 1473407516 268844701 start: 1473407514 94714031
t_num: 14 finish: 1473407516 350009793 start: 1473407515 729345
t_num: 16 finish: 1473407516 832393394 start: 1473407513 694441634
t_num: 23 finish: 1473407516 833871575 start: 1473407514 362889684
t_num: 15 finish: 1473407517 363868868 start: 1473407514 448941749
t_num: 22 finish: 1473407517 389001035 start: 1473407515 296632284
t_num: 25 finish: 1473407517 740063401 start: 1473407515 282827620
t_num: 2 finish: 1473407517 771828835 start: 1473407514 543252775
t_num: 18 finish: 1473407517 771856979 start: 1473407515 388400411
t_num: 26 finish: 1473407517 940990297 start: 1473407516 51034415
t_num: 21 finish: 1473407518 263445722 start: 1473407515 638325318
t_num: 14 finish: 1473407518 580932022 start: 1473407516 350045042
t_num: 5 finish: 1473407519 57901335 start: 1473407515 282850278
t_num: 13 finish: 1473407519 67864134 start: 1473407516 263521308
t_num: 24 finish: 1473407519 431921131 start: 1473407515 421410965
t_num: 1 finish: 1473407519 581585045 start: 1473407516 62014621
t_num: 29 finish: 1473407519 588007816 start: 1473407516 981901306
t_num: 6 finish: 1473407519 592235773 start: 1473407516 644812150
t_num: 17 finish: 1473407519 617263292 start: 1473407517 286454568
t_num: 30 finish: 1473407520 128490615 start: 1473407516 970281866
t_num: 22 finish: 1473407520 215999990 start: 1473407517 389030896
t_num: 16 finish: 1473407520 477121337 start: 1473407518 504135475
t_num: 21 finish: 1473407520 528776621 start: 1473407518 263472283
t_num: 23 finish: 1473407520 639476843 start: 1473407517 923757597
t_num: 14 finish: 1473407520 712756753 start: 1473407518 580963512
t_num: 31 finish: 1473407520 784456612 start: 1473407517 513740559
t_num: 12 finish: 1473407520 975938849 start: 1473407518 727469936
t_num: 20 finish: 1473407520 975941799 start: 1473407518 516960496
t_num: 2 finish: 1473407521 31522751 start: 1473407517 771866162
t_num: 0 finish: 1473407521 82888644 start: 1473407518 833509383
t_num: 26 finish: 1473407521 195447698 start: 1473407517 941018244
t_num: 6 finish: 1473407521 264018558 start: 1473407519 592268490
t_num: 27 finish: 1473407521 264898910 start: 1473407517 787213766
t_num: 28 finish: 1473407521 482119436 start: 1473407518 517892329
t_num: 15 finish: 1473407521 583665960 start: 1473407517 363902090
t_num: 20 finish: 1473407522 283628188 start: 1473407520 976003597
t_num: 16 finish: 1473407522 441540441 start: 1473407520 477154778
t_num: 27 finish: 1473407522 693353672 start: 1473407521 264932906
t_num: 24 finish: 1473407522 754879006 start: 1473407519 717033180
t_num: 3 finish: 1473407522 813265937 start: 1473407519 600592375
t_num: 5 finish: 1473407522 885462447 start: 1473407521 283500090
t_num: 1 finish: 1473407522 925939304 start: 1473407521 456155125
t_num: 19 finish: 1473407523 731209372 start: 1473407520 560248681
t_num: 13 finish: 1473407523 764036872 start: 1473407519 962639653
t_num: 31 finish: 1473407523 815977377 start: 1473407520 784499625
t_num: 6 finish: 1473407523 816939810 start: 1473407521 612224719
t_num: 21 finish: 1473407523 898141340 start: 1473407520 528818748
t_num: 14 finish: 1473407524 290644341 start: 1473407520 712790628
t_num: 4 finish: 1473407524 624144754 start: 1473407522 205635020
t_num: 15 finish: 1473407524 676456406 start: 1473407521 583698321
t_num: 28 finish: 1473407524 771381363 start: 1473407522 206078458
t_num: 0 finish: 1473407525 10641991 start: 1473407521 82924010
t_num: 8 finish: 1473407525 238639674 start: 1473407523 475488063
t_num: 2 finish: 1473407525 268207135 start: 1473407523 516906253
t_num: 13 finish: 1473407525 691883770 start: 1473407523 764072246
t_num: 23 finish: 1473407525 693470614 start: 1473407521 574916088
t_num: 3 finish: 1473407525 844662829 start: 1473407523 798309594
t_num: 22 finish: 1473407525 913769722 start: 1473407522 205013013
t_num: 30 finish: 1473407525 915199691 start: 1473407524 437129689
t_num: 1 finish: 1473407526 187215786 start: 1473407522 925990833
t_num: 21 finish: 1473407526 187223914 start: 1473407523 898169934
t_num: 11 finish: 1473407526 244864320 start: 1473407524 261298784
t_num: 28 finish: 1473407526 470094340 start: 1473407524 771408765
t_num: 20 finish: 1473407526 505417050 start: 1473407524 174016263
t_num: 24 finish: 1473407526 771349643 start: 1473407522 754916131
t_num: 25 finish: 1473407527 302726178 start: 1473407525 861190568
t_num: 5 finish: 1473407527 352090439 start: 1473407523 727260165
t_num: 29 finish: 1473407527 352549774 start: 1473407526 119204081
t_num: 10 finish: 1473407527 604654920 start: 1473407524 654131421
t_num: 12 finish: 1473407527 644261138 start: 1473407524 766876402
t_num: 11 finish: 1473407527 810519467 start: 1473407526 244904893
t_num: 1 finish: 1473407527 892342902 start: 1473407526 425027790
t_num: 6 finish: 1473407528 192727616 start: 1473407525 141746163
t_num: 20 finish: 1473407528 198601014 start: 1473407527 206400472
t_num: 23 finish: 1473407528 200745431 start: 1473407526 646018760
t_num: 4 finish: 1473407528 418876610 start: 1473407525 844691383
t_num: 27 finish: 1473407528 447750289 start: 1473407524 874095682
t_num: 0 finish: 1473407528 509174417 start: 1473407525 10671330
t_num: 24 finish: 1473407528 510583364 start: 1473407527 704245352
t_num: 22 finish: 1473407528 648790717 start: 1473407526 771673773
t_num: 18 finish: 1473407528 648905903 start: 1473407526 16095697
t_num: 10 finish: 1473407528 717146044 start: 1473407527 604716874
t_num: 17 finish: 1473407528 768458074 start: 1473407526 399499678
t_num: 7 finish: 1473407528 839567633 start: 1473407526 832366000
t_num: 25 finish: 1473407528 876833662 start: 1473407528 194188704
t_num: 21 finish: 1473407528 914153187 start: 1473407526 187294897
t_num: 29 finish: 1473407529 449709772 start: 1473407527 971008281
t_num: 5 finish: 1473407529 790599258 start: 1473407527 706587212
t_num: 12 finish: 1473407530 221416894 start: 1473407528 320397053
t_num: 2 finish: 1473407530 271308796 start: 1473407525 268253529
t_num: 0 finish: 1473407530 907084288 start: 1473407528 509201733
t_num: 30 finish: 1473407531 212723770 start: 1473407526 604971179
t_num: 19 finish: 1473407531 219654455 start: 1473407529 460724673
t_num: 11 finish: 1473407531 763578287 start: 1473407527 810549518
t_num: 25 finish: 1473407531 766722993 start: 1473407528 876872559
t_num: 4 finish: 1473407531 926823051 start: 1473407528 418916287
t_num: 26 finish: 1473407531 970157219 start: 1473407528 225079266
t_num: 9 finish: 1473407532 35932839 start: 1473407530 64815057
t_num: 6 finish: 1473407532 123040563 start: 1473407530 645998979
t_num: 28 finish: 1473407532 125462589 start: 1473407527 707258212
t_num: 17 finish: 1473407532 165263342 start: 1473407528 979966106
t_num: 27 finish: 1473407532 246499874 start: 1473407528 913842734
t_num: 24 finish: 1473407532 293199454 start: 1473407530 474186644
t_num: 14 finish: 1473407532 293367361 start: 1473407529 277586221
t_num: 5 finish: 1473407532 366316128 start: 1473407529 790629027
t_num: 20 finish: 1473407532 553363779 start: 1473407528 913956843
t_num: 15 finish: 1473407532 855880911 start: 1473407529 728020294
t_num: 2 finish: 1473407532 856578326 start: 1473407530 767087652
t_num: 4 finish: 1473407532 954228445 start: 1473407531 926864196
t_num: 19 finish: 1473407533 206850949 start: 1473407531 219675944
t_num: 29 finish: 1473407533 418863735 start: 1473407530 533708893
t_num: 30 finish: 1473407533 632659387 start: 1473407531 212771636
t_num: 6 finish: 1473407533 632760416 start: 1473407532 123079348
t_num: 3 finish: 1473407534 474189194 start: 1473407532 152450251
t_num: 9 finish: 1473407534 619077107 start: 1473407532 790817316
t_num: 28 finish: 1473407534 658239985 start: 1473407532 125483641
t_num: 25 finish: 1473407534 893599884 start: 1473407531 766744163
t_num: 21 finish: 1473407534 895134009 start: 1473407531 741389853
t_num: 17 finish: 1473407535 170359667 start: 1473407532 165281783
t_num: 26 finish: 1473407535 172986057 start: 1473407532 982001548
t_num: 24 finish: 1473407535 292372074 start: 1473407533 107767296
t_num: 11 finish: 1473407535 303080336 start: 1473407531 763609173
t_num: 19 finish: 1473407535 540095479 start: 1473407533 748280275
t_num: 13 finish: 1473407535 754318342 start: 1473407532 981974655
t_num: 29 finish: 1473407535 768749068 start: 1473407534 474138259
t_num: 27 finish: 1473407535 846920060 start: 1473407532 246531704
t_num: 15 finish: 1473407535 915185996 start: 1473407532 855924707
t_num: 14 finish: 1473407535 990190542 start: 1473407533 726313253
t_num: 4 finish: 1473407535 990707462 start: 1473407533 128657032
t_num: 30 finish: 1473407535 991360923 start: 1473407533 632705499
t_num: 16 finish: 1473407536 129737658 start: 1473407532 761556225
t_num: 23 finish: 1473407536 238608645 start: 1473407534 414034696
t_num: 20 finish: 1473407536 652869166 start: 1473407533 514479591
t_num: 9 finish: 1473407537 6347301 start: 1473407534 619138228
t_num: 13 finish: 1473407537 149498768 start: 1473407535 754360158
t_num: 1 finish: 1473407537 235940961 start: 1473407535 201579312
t_num: 12 finish: 1473407537 275742152 start: 1473407536 375138388
t_num: 3 finish: 1473407537 323886216 start: 1473407535 988730742
t_num: 5 finish: 1473407537 323930701 start: 1473407534 469275564
t_num: 10 finish: 1473407537 353636927 start: 1473407535 13172916
t_num: 8 finish: 1473407537 353647194 start: 1473407535 27400721
t_num: 6 finish: 1473407537 440205615 start: 1473407535 18306364
t_num: 24 finish: 1473407537 442266569 start: 1473407535 292410680
t_num: 26 finish: 1473407537 462881465 start: 1473407535 173008481
t_num: 27 finish: 1473407537 580092450 start: 1473407535 846962707
t_num: 17 finish: 1473407537 685298467 start: 1473407535 170404622
t_num: 28 finish: 1473407537 857990736 start: 1473407536 190187226
t_num: 23 finish: 1473407538 21324977 start: 1473407536 422792003
t_num: 11 finish: 1473407538 341889746 start: 1473407535 658607535
t_num: 25 finish: 1473407538 374278876 start: 1473407535 587205293
t_num: 5 finish: 1473407538 375407661 start: 1473407537 323949966
t_num: 19 finish: 1473407538 408514243 start: 1473407536 542283736
t_num: 13 finish: 1473407538 827063294 start: 1473407537 149541681
t_num: 24 finish: 1473407538 827949983 start: 1473407537 442284102
t_num: 16 finish: 1473407538 828686449 start: 1473407536 542317087
t_num: 14 finish: 1473407538 836820319 start: 1473407535 990219536
t_num: 23 finish: 1473407539 77293576 start: 1473407538 21363555
t_num: 18 finish: 1473407539 121314741 start: 1473407535 898420358
t_num: 20 finish: 1473407539 277342310 start: 1473407537 442131529
t_num: 2 finish: 1473407539 314105674 start: 1473407538 21425033
t_num: 10 finish: 1473407539 320978390 start: 1473407537 353669338
t_num: 15 finish: 1473407539 481789162 start: 1473407535 915211673
t_num: 26 finish: 1473407539 559357987 start: 1473407537 462903260
t_num: 5 finish: 1473407540 423416075 start: 1473407538 375426587
t_num: 25 finish: 1473407540 485118329 start: 1473407538 374305241
t_num: 7 finish: 1473407540 994083071 start: 1473407538 454647369
t_num: 6 finish: 1473407540 996015895 start: 1473407538 305006153
t_num: 24 finish: 1473407541 27248451 start: 1473407539 481769639
t_num: 3 finish: 1473407541 93276083 start: 1473407537 323912974
t_num: 31 finish: 1473407541 131372387 start: 1473407538 47018793
t_num: 4 finish: 1473407541 280183227 start: 1473407538 825646114
t_num: 11 finish: 1473407541 333195367 start: 1473407540 324772964
t_num: 14 finish: 1473407541 333600677 start: 1473407540 376228172
t_num: 1 finish: 1473407541 442210692 start: 1473407538 848931049
t_num: 8 finish: 1473407541 704445565 start: 1473407538 84846145
t_num: 23 finish: 1473407541 764466433 start: 1473407539 77323239
t_num: 18 finish: 1473407541 784166866 start: 1473407539 121336771
t_num: 5 finish: 1473407541 973275109 start: 1473407540 423442074
t_num: 12 finish: 1473407542 437831708 start: 1473407539 74980774
t_num: 19 finish: 1473407542 508583276 start: 1473407539 474920272
t_num: 20 finish: 1473407542 686497297 start: 1473407540 199199088
t_num: 22 finish: 1473407542 835938590 start: 1473407539 570921085
t_num: 2 finish: 1473407543 109226544 start: 1473407539 314130181
t_num: 24 finish: 1473407543 109982201 start: 1473407541 27270809
t_num: 10 finish: 1473407543 183876385 start: 1473407540 792671487
t_num: 25 finish: 1473407543 222907051 start: 1473407540 967649900
t_num: 13 finish: 1473407543 222915675 start: 1473407539 194989180
t_num: 28 finish: 1473407543 222960224 start: 1473407539 772553203
t_num: 15 finish: 1473407543 428722980 start: 1473407540 180953221
t_num: 31 finish: 1473407543 429762023 start: 1473407541 131399046
t_num: 18 finish: 1473407543 610776782 start: 1473407541 784187024
t_num: 14 finish: 1473407543 611483034 start: 1473407541 333621082
t_num: 9 finish: 1473407543 786618368 start: 1473407542 430053531
t_num: 5 finish: 1473407544 163470802 start: 1473407541 973309303
t_num: 23 finish: 1473407544 443014032 start: 1473407541 764506561
t_num: 11 finish: 1473407544 658409397 start: 1473407541 764421192
t_num: 17 finish: 1473407544 814758689 start: 1473407543 211195325
t_num: 28 finish: 1473407544 815487488 start: 1473407543 222978672
t_num: 6 finish: 1473407544 964268232 start: 1473407542 437879038
t_num: 10 finish: 1473407545 11270374 start: 1473407543 183904300
t_num: 13 finish: 1473407545 43839913 start: 1473407543 223003375
t_num: 15 finish: 1473407545 176636203 start: 1473407543 428765878
t_num: 3 finish: 1473407545 227577908 start: 1473407543 108604815
t_num: 0 finish: 1473407545 394965887 start: 1473407542 258057658
t_num: 14 finish: 1473407545 440187295 start: 1473407544 267757086
t_num: 20 finish: 1473407545 516902243 start: 1473407542 686548192
t_num: 5 finish: 1473407545 727848871 start: 1473407544 163505934
t_num: 4 finish: 1473407545 808318452 start: 1473407542 824450805
t_num: 18 finish: 1473407546 266788923 start: 1473407544 258846121
t_num: 24 finish: 1473407546 517525619 start: 1473407543 595356105
t_num: 25 finish: 1473407546 534180763 start: 1473407544 594215294
t_num: 9 finish: 1473407546 534180648 start: 1473407544 77809814
t_num: 12 finish: 1473407546 977986047 start: 1473407543 291749933
t_num: 6 finish: 1473407546 998954285 start: 1473407544 964310134
t_num: 2 finish: 1473407547 26510028 start: 1473407543 857937209
t_num: 0 finish: 1473407547 837434499 start: 1473407545 395020377
t_num: 13 finish: 1473407547 873680169 start: 1473407545 43862579
t_num: 29 finish: 1473407547 880697530 start: 1473407544 838259663
t_num: 1 finish: 1473407547 918153729 start: 1473407546 45724109
t_num: 8 finish: 1473407547 987534433 start: 1473407544 581870824
t_num: 23 finish: 1473407547 987726574 start: 1473407545 539876744
t_num: 30 finish: 1473407548 305184007 start: 1473407545 550288758
t_num: 10 finish: 1473407548 326047349 start: 1473407545 291227443
t_num: 18 finish: 1473407548 441251870 start: 1473407546 266848934
t_num: 14 finish: 1473407548 975681602 start: 1473407547 80561226
t_num: 5 finish: 1473407548 976395361 start: 1473407545 727872162
t_num: 26 finish: 1473407549 180138912 start: 1473407545 553219715
t_num: 25 finish: 1473407549 472427395 start: 1473407546 534209640
t_num: 0 finish: 1473407549 486222490 start: 1473407547 837476460
t_num: 17 finish: 1473407549 566093654 start: 1473407546 100781784
t_num: 6 finish: 1473407549 591680390 start: 1473407546 998971436
t_num: 23 finish: 1473407549 592380666 start: 1473407548 334623764
t_num: 1 finish: 1473407549 592390788 start: 1473407547 918199127
t_num: 20 finish: 1473407549 732652013 start: 1473407546 173047961
t_num: 4 finish: 1473407549 732851892 start: 1473407547 940601598
t_num: 28 finish: 1473407549 733207952 start: 1473407545 90047382
t_num: 2 finish: 1473407549 788430362 start: 1473407547 987551628
t_num: 9 finish: 1473407549 788915014 start: 1473407546 978040216
t_num: 7 finish: 1473407550 204127526 start: 1473407548 209136058
t_num: 13 finish: 1473407550 274587808 start: 1473407548 679814712
t_num: 15 finish: 1473407550 571163926 start: 1473407546 333238416
t_num: 8 finish: 1473407550 572592901 start: 1473407547 987866118
t_num: 14 finish: 1473407550 572782284 start: 1473407548 975723687
t_num: 0 finish: 1473407550 928478402 start: 1473407549 486277999
t_num: 27 finish: 1473407551 427218467 start: 1473407548 679828000
t_num: 25 finish: 1473407551 427218508 start: 1473407549 701752528
t_num: 18 finish: 1473407551 502203761 start: 1473407549 982815731
t_num: 22 finish: 1473407551 631768993 start: 1473407549 842534190
t_num: 30 finish: 1473407551 634563246 start: 1473407548 853718982
t_num: 28 finish: 1473407551 645438789 start: 1473407549 733228815
t_num: 10 finish: 1473407551 725349088 start: 1473407549 733258792
t_num: 2 finish: 1473407551 740397591 start: 1473407549 788455104
t_num: 8 finish: 1473407552 140457923 start: 1473407550 572627902
t_num: 19 finish: 1473407552 321072769 start: 1473407550 675188517
t_num: 13 finish: 1473407552 452167665 start: 1473407550 274630880
t_num: 23 finish: 1473407552 639290097 start: 1473407550 928429023
t_num: 1 finish: 1473407552 793019720 start: 1473407551 468413611
t_num: 14 finish: 1473407552 936699578 start: 1473407550 572817861
t_num: 7 finish: 1473407553 74358483 start: 1473407550 204169929
t_num: 22 finish: 1473407553 74394343 start: 1473407551 631849277
t_num: 6 finish: 1473407553 151229236 start: 1473407549 591705396
t_num: 10 finish: 1473407553 682200552 start: 1473407551 725371759
t_num: 4 finish: 1473407554 2431271 start: 1473407551 455444760
t_num: 17 finish: 1473407554 3111979 start: 1473407552 338652612
t_num: 25 finish: 1473407554 313789916 start: 1473407551 629198114
t_num: 30 finish: 1473407554 511839329 start: 1473407553 69533812
t_num: 28 finish: 1473407554 511846832 start: 1473407551 645459372
t_num: 8 finish: 1473407554 626694313 start: 1473407553 89129896
t_num: 23 finish: 1473407554 874183434 start: 1473407552 639329077
t_num: 14 finish: 1473407554 875807389 start: 1473407552 936743483
t_num: 31 finish: 1473407554 879770090 start: 1473407551 816538952
t_num: 18 finish: 1473407554 962500140 start: 1473407553 248608557
t_num: 9 finish: 1473407555 341450305 start: 1473407553 351768334
t_num: 1 finish: 1473407555 342327832 start: 1473407552 793059091
t_num: 20 finish: 1473407555 342613974 start: 1473407552 24969123
t_num: 16 finish: 1473407555 450040796 start: 1473407553 177311005
t_num: 6 finish: 1473407555 495352875 start: 1473407553 888653068
t_num: 11 finish: 1473407555 761337394 start: 1473407552 844183958
t_num: 10 finish: 1473407555 803891504 start: 1473407554 594588549
t_num: 29 finish: 1473407555 835932337 start: 1473407552 799744075
t_num: 2 finish: 1473407555 836008345 start: 1473407553 305697042
t_num: 21 finish: 1473407555 836389987 start: 1473407553 814695372
t_num: 22 finish: 1473407555 909529663 start: 1473407553 954351622
t_num: 19 finish: 1473407555 910892693 start: 1473407553 888029600
t_num: 25 finish: 1473407556 450914378 start: 1473407554 313834713
t_num: 12 finish: 1473407556 643149645 start: 1473407554 878693037
t_num: 17 finish: 1473407556 652599948 start: 1473407554 26551611
t_num: 16 finish: 1473407556 771433943 start: 1473407555 601521881
t_num: 23 finish: 1473407556 790067733 start: 1473407554 874222557
t_num: 30 finish: 1473407557 198909641 start: 1473407554 511869663
t_num: 6 finish: 1473407557 222287096 start: 1473407555 495380557
t_num: 14 finish: 1473407557 270048797 start: 1473407554 875829319
t_num: 8 finish: 1473407557 304631189 start: 1473407554 626712965
t_num: 9 finish: 1473407557 486800184 start: 1473407556 149391455
t_num: 13 finish: 1473407557 568750636 start: 1473407555 195834553
t_num: 2 finish: 1473407557 652850038 start: 1473407555 836027453
t_num: 1 finish: 1473407557 755598855 start: 1473407555 612492353
t_num: 29 finish: 1473407557 826458124 start: 1473407555 835960513
t_num: 19 finish: 1473407558 8276432 start: 1473407556 503412850
t_num: 5 finish: 1473407558 218026775 start: 1473407555 395034993
t_num: 26 finish: 1473407558 748540116 start: 1473407555 571354785
t_num: 31 finish: 1473407558 748603577 start: 1473407555 387502435
t_num: 18 finish: 1473407558 808148085 start: 1473407555 512405323
t_num: 30 finish: 1473407558 817226544 start: 1473407557 198942248
t_num: 2 finish: 1473407559 131203220 start: 1473407557 652883263
t_num: 16 finish: 1473407559 168872251 start: 1473407556 771475092
t_num: 10 finish: 1473407559 360157227 start: 1473407556 687017374
t_num: 29 finish: 1473407559 361295204 start: 1473407558 275524782
t_num: 23 finish: 1473407559 416422217 start: 1473407556 790088503
t_num: 28 finish: 1473407559 416491209 start: 1473407556 729710349
t_num: 22 finish: 1473407559 439902219 start: 1473407556 506994124
t_num: 19 finish: 1473407559 440478546 start: 1473407558 8321584
t_num: 13 finish: 1473407559 857618477 start: 1473407558 275264652
t_num: 30 finish: 1473407559 858546494 start: 1473407558 817247228
t_num: 21 finish: 1473407559 888564766 start: 1473407556 377415655
t_num: 3 finish: 1473407560 267387204 start: 1473407558 82533789
t_num: 1 finish: 1473407560 446898540 start: 1473407558 748554976
t_num: 25 finish: 1473407560 787498423 start: 1473407558 932798718
t_num: 31 finish: 1473407560 933978528 start: 1473407559 416473228
t_num: 8 finish: 1473407560 990557848 start: 1473407559 339040613
t_num: 18 finish: 1473407560 995703445 start: 1473407559 430283531
t_num: 14 finish: 1473407561 146719153 start: 1473407557 270069561
t_num: 29 finish: 1473407561 156135838 start: 1473407559 361316380
t_num: 17 finish: 1473407561 393819498 start: 1473407559 507400716
t_num: 23 finish: 1473407561 394449575 start: 1473407559 416442456
t_num: 2 finish: 1473407561 415157365 start: 1473407559 131237094
t_num: 16 finish: 1473407561 616922107 start: 1473407560 590235221
t_num: 21 finish: 1473407561 732078341 start: 1473407559 888607372
t_num: 4 finish: 1473407562 191204269 start: 1473407559 591133080
t_num: 19 finish: 1473407562 223247105 start: 1473407559 440498681
t_num: 16 finish: 1473407562 311380025 start: 1473407561 616952665
t_num: 14 finish: 1473407562 503368455 start: 1473407561 146760224
t_num: 28 finish: 1473407562 555953244 start: 1473407561 93310775
t_num: 20 finish: 1473407562 556013101 start: 1473407561 40156764
t_num: 25 finish: 1473407562 852390092 start: 1473407560 787536335
t_num: 27 finish: 1473407563 12427483 start: 1473407559 410057963
t_num: 31 finish: 1473407563 56940733 start: 1473407560 934026690
t_num: 1 finish: 1473407563 84807394 start: 1473407560 614376753
t_num: 6 finish: 1473407563 84819290 start: 1473407560 827471227
t_num: 13 finish: 1473407563 230085851 start: 1473407559 857684377
t_num: 30 finish: 1473407563 467536613 start: 1473407561 731415925
t_num: 0 finish: 1473407563 468813058 start: 1473407561 843326145
t_num: 7 finish: 1473407564 44571550 start: 1473407562 21113722
t_num: 15 finish: 1473407564 709878559 start: 1473407563 84058960
t_num: 23 finish: 1473407564 731966993 start: 1473407561 394470534
t_num: 19 finish: 1473407564 890144622 start: 1473407562 223272272
t_num: 4 finish: 1473407564 908748589 start: 1473407562 191250149
t_num: 29 finish: 1473407565 2757220 start: 1473407562 191961164
t_num: 14 finish: 1473407565 4347190 start: 1473407562 503412535
t_num: 21 finish: 1473407565 145872933 start: 1473407563 432789921
t_num: 1 finish: 1473407565 360498484 start: 1473407564 404323802
t_num: 2 finish: 1473407565 427222479 start: 1473407561 415179236
t_num: 31 finish: 1473407565 427230386 start: 1473407563 56976591
t_num: 30 finish: 1473407565 427285109 start: 1473407563 467565863
t_num: 24 finish: 1473407565 515849693 start: 1473407562 19218159
t_num: 16 finish: 1473407565 827084496 start: 1473407562 804147534
t_num: 27 finish: 1473407565 841693100 start: 1473407563 670408368
t_num: 6 finish: 1473407566 43279159 start: 1473407563 84834372
t_num: 15 finish: 1473407566 456795568 start: 1473407564 709916151
t_num: 18 finish: 1473407566 584963803 start: 1473407563 670962664
t_num: 19 finish: 1473407566 601252599 start: 1473407564 890178504
t_num: 28 finish: 1473407567 100989976 start: 1473407563 35462200
t_num: 29 finish: 1473407567 353374935 start: 1473407565 2779900
t_num: 26 finish: 1473407567 439073560 start: 1473407565 715747495
t_num: 13 finish: 1473407567 497694461 start: 1473407564 485809292
t_num: 23 finish: 1473407567 827178928 start: 1473407565 884634510
t_num: 2 finish: 1473407567 827698455 start: 1473407566 670694772
t_num: 21 finish: 1473407568 886339539 start: 1473407565 933660726
t_num: 25 finish: 1473407568 887001864 start: 1473407566 457750576
t_num: 1 finish: 1473407568 887006876 start: 1473407565 360537194
t_num: 24 finish: 1473407569 61276586 start: 1473407565 515899683
t_num: 22 finish: 1473407569 286246946 start: 1473407566 974233265
t_num: 12 finish: 1473407569 440315633 start: 1473407567 201600750
t_num: 30 finish: 1473407569 721048731 start: 1473407565 427299779
t_num: 29 finish: 1473407569 797496831 start: 1473407567 353405465
t_num: 27 finish: 1473407570 105664101 start: 1473407565 841747330
t_num: 19 finish: 1473407570 109216218 start: 1473407567 497748493
t_num: 9 finish: 1473407570 532209233 start: 1473407568 609567225
t_num: 18 finish: 1473407570 611713749 start: 1473407567 818290045
t_num: 10 finish: 1473407570 623845737 start: 1473407567 355139160
t_num: 26 finish: 1473407570 747445024 start: 1473407567 439112368
t_num: 14 finish: 1473407570 783251149 start: 1473407567 355113090
t_num: 3 finish: 1473407570 869695061 start: 1473407567 355493505
t_num: 21 finish: 1473407571 72979770 start: 1473407568 886402072
t_num: 4 finish: 1473407571 86247927 start: 1473407567 566489214
t_num: 13 finish: 1473407571 105911154 start: 1473407569 72317266
t_num: 8 finish: 1473407571 174567648 start: 1473407569 254965846
t_num: 6 finish: 1473407571 464270421 start: 1473407570 29493711
t_num: 28 finish: 1473407571 547168086 start: 1473407568 750462647
t_num: 25 finish: 1473407571 547179343 start: 1473407568 887024229
t_num: 30 finish: 1473407571 547237707 start: 1473407569 721077906
t_num: 22 finish: 1473407571 981845770 start: 1473407569 286271053
t_num: 29 finish: 1473407572 67101371 start: 1473407569 797529658
t_num: 27 finish: 1473407572 94237022 start: 1473407570 105699991
t_num: 19 finish: 1473407572 112615552 start: 1473407570 109232576
t_num: 2 finish: 1473407572 356457152 start: 1473407570 28936477
t_num: 26 finish: 1473407572 551502259 start: 1473407570 747486660
t_num: 4 finish: 1473407572 551563549 start: 1473407571 174653323
t_num: 0 finish: 1473407572 551566037 start: 1473407569 321479497
t_num: 14 finish: 1473407572 800638572 start: 1473407570 783275951
t_num: 21 finish: 1473407573 37799788 start: 1473407571 508243783
t_num: 9 finish: 1473407573 75903746 start: 1473407570 532243490
t_num: 31 finish: 1473407573 251390972 start: 1473407571 601024486
t_num: 5 finish: 1473407573 251398390 start: 1473407572 268103636
t_num: 8 finish: 1473407573 251422960 start: 1473407572 272461301
t_num: 20 finish: 1473407573 286279340 start: 1473407571 699418193
t_num: 13 finish: 1473407573 316514624 start: 1473407571 105940541
t_num: 12 finish: 1473407573 316606867 start: 1473407570 29503766
t_num: 22 finish: 1473407573 538746846 start: 1473407571 981876020
t_num: 23 finish: 1473407573 894050834 start: 1473407570 869886842
t_num: 30 finish: 1473407574 253295329 start: 1473407571 547254016
t_num: 24 finish: 1473407574 259215129 start: 1473407572 421343281
t_num: 6 finish: 1473407574 289434613 start: 1473407571 464314030
t_num: 4 finish: 1473407574 599996114 start: 1473407572 551585911
t_num: 28 finish: 1473407574 621644413 start: 1473407573 250480730
t_num: 29 finish: 1473407574 646712367 start: 1473407572 67145924
t_num: 12 finish: 1473407574 648850124 start: 1473407573 316624026
t_num: 15 finish: 1473407574 648899295 start: 1473407573 411963789
t_num: 13 finish: 1473407575 9768268 start: 1473407573 316535428
t_num: 2 finish: 1473407575 409876946 start: 1473407572 717382749
t_num: 9 finish: 1473407575 645180643 start: 1473407574 966495935
t_num: 14 finish: 1473407575 684557880 start: 1473407572 800672778
t_num: 8 finish: 1473407575 690608069 start: 1473407573 956308156
t_num: 22 finish: 1473407575 728364086 start: 1473407573 538791178
t_num: 0 finish: 1473407575 821102697 start: 1473407573 818302952
t_num: 29 finish: 1473407576 47180102 start: 1473407574 646734596
t_num: 31 finish: 1473407576 49904224 start: 1473407573 251423067
t_num: 5 finish: 1473407576 171244945 start: 1473407573 251455847
t_num: 6 finish: 1473407576 453646850 start: 1473407574 289460118
t_num: 1 finish: 1473407576 456175995 start: 1473407575 280891444
t_num: 28 finish: 1473407576 486487561 start: 1473407575 113417820
t_num: 19 finish: 1473407576 561336019 start: 1473407572 827781528
t_num: 26 finish: 1473407576 735897165 start: 1473407573 92366403
t_num: 15 finish: 1473407576 785603609 start: 1473407574 648919080
t_num: 8 finish: 1473407576 828172447 start: 1473407575 690629076
t_num: 30 finish: 1473407576 917378839 start: 1473407574 253336881
t_num: 9 finish: 1473407577 3533315 start: 1473407575 645243285
t_num: 20 finish: 1473407577 596588031 start: 1473407574 95158685
t_num: 13 finish: 1473407577 954341864 start: 1473407575 548004853
t_num: 22 finish: 1473407578 533434972 start: 1473407575 728405980
t_num: 5 finish: 1473407578 696142574 start: 1473407576 171275259
t_num: 2 finish: 1473407578 850365063 start: 1473407576 199886392
t_num: 11 finish: 1473407579 58866703 start: 1473407576 829414881
t_num: 30 finish: 1473407579 59085122 start: 1473407578 132236362
t_num: 4 finish: 1473407579 143966714 start: 1473407577 1260370
t_num: 29 finish: 1473407579 216939934 start: 1473407578 72752237
t_num: 19 finish: 1473407579 288821410 start: 1473407576 561373351
t_num: 18 finish: 1473407579 497072296 start: 1473407576 653098761
t_num: 3 finish: 1473407579 519034830 start: 1473407576 917464337
t_num: 9 finish: 1473407579 896773572 start: 1473407577 3555066
t_num: 17 finish: 1473407580 53678724 start: 1473407578 33149598
t_num: 31 finish: 1473407580 544202665 start: 1473407576 49929367
t_num: 1 finish: 1473407580 790829593 start: 1473407576 456211625
t_num: 15 finish: 1473407580 834100844 start: 1473407576 999527691
t_num: 20 finish: 1473407580 890287368 start: 1473407577 596625916
t_num: 11 finish: 1473407581 16449884 start: 1473407579 58895645
t_num: 5 finish: 1473407581 18071419 start: 1473407578 696179345
t_num: 21 finish: 1473407581 354948931 start: 1473407578 132858142
t_num: 24 finish: 1473407581 632172267 start: 1473407578 787851039
t_num: 25 finish: 1473407581 718223011 start: 1473407578 881858473
t_num: 16 finish: 1473407581 786317681 start: 1473407579 535986468
t_num: 6 finish: 1473407581 915150688 start: 1473407579 305157310
t_num: 27 finish: 1473407581 959450608 start: 1473407579 40161570
t_num: 15 finish: 1473407582 9042048 start: 1473407580 834135674
t_num: 4 finish: 1473407582 9059635 start: 1473407579 723801656
t_num: 23 finish: 1473407582 183665783 start: 1473407579 954711450
t_num: 29 finish: 1473407582 192040071 start: 1473407580 374148714
t_num: 22 finish: 1473407582 213268056 start: 1473407578 937649687
t_num: 3 finish: 1473407582 262863799 start: 1473407579 743270533
t_num: 19 finish: 1473407582 755274278 start: 1473407580 193555236
t_num: 26 finish: 1473407582 755329138 start: 1473407580 679953325
t_num: 8 finish: 1473407582 755741571 start: 1473407579 166628004
t_num: 18 finish: 1473407583 247357683 start: 1473407581 574270351
t_num: 17 finish: 1473407583 715358440 start: 1473407581 355579071
t_num: 15 finish: 1473407583 716151168 start: 1473407582 9086275
t_num: 1 finish: 1473407583 962844505 start: 1473407580 790863855
t_num: 5 finish: 1473407584 34091863 start: 1473407583 28365687
t_num: 23 finish: 1473407584 35220573 start: 1473407582 183707449
t_num: 12 finish: 1473407584 252321774 start: 1473407582 413873222
t_num: 24 finish: 1473407584 282638353 start: 1473407581 632201820
t_num: 3 finish: 1473407584 414017643 start: 1473407582 262887904
t_num: 21 finish: 1473407584 546886720 start: 1473407581 354988957
t_num: 11 finish: 1473407584 589565716 start: 1473407582 755309246
t_num: 27 finish: 1473407584 723298225 start: 1473407581 959492726
t_num: 16 finish: 1473407584 762711406 start: 1473407582 184051054
t_num: 17 finish: 1473407585 205806789 start: 1473407583 715391787
t_num: 15 finish: 1473407585 222404507 start: 1473407583 716170589
t_num: 8 finish: 1473407585 310694122 start: 1473407582 755762086
t_num: 4 finish: 1473407585 472035983 start: 1473407582 9113566
t_num: 25 finish: 1473407585 472806805 start: 1473407583 269682918
t_num: 6 finish: 1473407585 923881620 start: 1473407583 671886130
t_num: 19 finish: 1473407585 962704485 start: 1473407583 326363246
t_num: 23 finish: 1473407586 312163035 start: 1473407584 35241804
t_num: 27 finish: 1473407586 321168114 start: 1473407584 723337691
t_num: 20 finish: 1473407586 370390762 start: 1473407582 228875819
t_num: 1 finish: 1473407586 372477794 start: 1473407583 962877301
t_num: 5 finish: 1473407586 873515804 start: 1473407584 207861012
t_num: 25 finish: 1473407586 873521744 start: 1473407585 472823013
t_num: 22 finish: 1473407586 873552275 start: 1473407584 847374447
t_num: 16 finish: 1473407586 874207855 start: 1473407585 819061390
t_num: 12 finish: 1473407586 874471070 start: 1473407584 252362194
t_num: 2 finish: 1473407587 684124978 start: 1473407585 470463927
t_num: 30 finish: 1473407587 719337321 start: 1473407584 830001059
t_num: 7 finish: 1473407587 725831053 start: 1473407584 481436419
t_num: 6 finish: 1473407587 844164388 start: 1473407585 923911022
t_num: 15 finish: 1473407587 854578028 start: 1473407585 222427474
t_num: 0 finish: 1473407588 191569896 start: 1473407586 169645770
t_num: 1 finish: 1473407588 280918515 start: 1473407586 372499357
t_num: 3 finish: 1473407588 319200235 start: 1473407586 62191399
t_num: 25 finish: 1473407588 321123277 start: 1473407586 873579961
t_num: 8 finish: 1473407588 325014300 start: 1473407585 310726794
t_num: 16 finish: 1473407588 817364657 start: 1473407586 874226720
t_num: 4 finish: 1473407589 522741382 start: 1473407585 965946291
t_num: 24 finish: 1473407589 793857044 start: 1473407585 924890834
t_num: 2 finish: 1473407589 833040177 start: 1473407587 684148949
t_num: 18 finish: 1473407589 833104786 start: 1473407586 119661353
t_num: 9 finish: 1473407589 958881881 start: 1473407587 684833113
t_num: 0 finish: 1473407590 140935599 start: 1473407588 191607091
t_num: 23 finish: 1473407590 181930829 start: 1473407588 57222443
t_num: 14 finish: 1473407590 195531182 start: 1473407587 128551519
t_num: 3 finish: 1473407590 321515272 start: 1473407588 319241870
t_num: 12 finish: 1473407590 388537538 start: 1473407586 874488391
t_num: 29 finish: 1473407590 388582397 start: 1473407588 197239180
t_num: 25 finish: 1473407590 734613536 start: 1473407588 321145198
t_num: 20 finish: 1473407590 734634759 start: 1473407587 643541965
t_num: 21 finish: 1473407590 789198547 start: 1473407589 589168153
t_num: 8 finish: 1473407590 854183099 start: 1473407588 325035114
t_num: 15 finish: 1473407591 415263486 start: 1473407587 854606197
t_num: 18 finish: 1473407591 963267384 start: 1473407589 833117471
t_num: 23 finish: 1473407591 965848336 start: 1473407590 181960896
t_num: 31 finish: 1473407592 58872650 start: 1473407587 861571925
t_num: 4 finish: 1473407592 200611842 start: 1473407590 532944912
t_num: 2 finish: 1473407592 262042458 start: 1473407589 833084537
t_num: 14 finish: 1473407592 453624536 start: 1473407590 195548432
t_num: 19 finish: 1473407592 600659910 start: 1473407589 644044829
t_num: 1 finish: 1473407592 601220700 start: 1473407588 280951738
t_num: 26 finish: 1473407592 749376016 start: 1473407589 794810886
t_num: 20 finish: 1473407593 398550444 start: 1473407590 734735426
t_num: 30 finish: 1473407593 426694244 start: 1473407589 736747405
t_num: 16 finish: 1473407593 427410632 start: 1473407590 449152950
t_num: 23 finish: 1473407593 568452535 start: 1473407591 965870887
t_num: 18 finish: 1473407593 677067860 start: 1473407591 963309432
t_num: 29 finish: 1473407593 705343323 start: 1473407591 582279803
t_num: 9 finish: 1473407593 906604732 start: 1473407590 989190767
t_num: 11 finish: 1473407594 323827360 start: 1473407592 19735213
t_num: 28 finish: 1473407594 597975908 start: 1473407592 393327105
t_num: 5 finish: 1473407594 598811528 start: 1473407592 704308160
t_num: 6 finish: 1473407594 607619603 start: 1473407592 809782862
t_num: 25 finish: 1473407594 607622442 start: 1473407590 734692863
t_num: 26 finish: 1473407594 811787691 start: 1473407593 32554576
t_num: 15 finish: 1473407594 875193091 start: 1473407593 375824160
t_num: 4 finish: 1473407595 24243713 start: 1473407592 200652643
t_num: 0 finish: 1473407595 130584953 start: 1473407591 456369504
t_num: 13 finish: 1473407595 202221377 start: 1473407591 869028388
t_num: 10 finish: 1473407595 804975418 start: 1473407592 809047383
t_num: 29 finish: 1473407595 890147972 start: 1473407593 936716681
t_num: 2 finish: 1473407595 935200628 start: 1473407592 262073482
t_num: 17 finish: 1473407596 208488779 start: 1473407592 636440133
t_num: 30 finish: 1473407596 354137298 start: 1473407593 661136387
t_num: 31 finish: 1473407596 394811768 start: 1473407593 188455980
t_num: 6 finish: 1473407596 528402819 start: 1473407594 607646750
t_num: 3 finish: 1473407596 528418745 start: 1473407593 389598004
t_num: 14 finish: 1473407596 931344246 start: 1473407593 644629296
t_num: 29 finish: 1473407597 23006617 start: 1473407595 890183251
t_num: 28 finish: 1473407597 25234654 start: 1473407594 598021907
t_num: 20 finish: 1473407597 201948111 start: 1473407593 792419781
t_num: 11 finish: 1473407597 292295774 start: 1473407594 323865990
t_num: 27 finish: 1473407597 349307453 start: 1473407594 670700174
t_num: 5 finish: 1473407597 611634993 start: 1473407596 213438255
t_num: 16 finish: 1473407597 735475402 start: 1473407597 23540786
t_num: 18 finish: 1473407597 743501097 start: 1473407593 728671224
t_num: 1 finish: 1473407598 35259926 start: 1473407593 569722000
t_num: 7 finish: 1473407598 36078612 start: 1473407595 730822341
t_num: 15 finish: 1473407598 37055452 start: 1473407594 875225847
t_num: 10 finish: 1473407598 178951823 start: 1473407596 278372601
t_num: 4 finish: 1473407598 179647216 start: 1473407595 24307926
t_num: 30 finish: 1473407598 211963817 start: 1473407596 631700089
t_num: 26 finish: 1473407598 216249134 start: 1473407596 766725088
t_num: 17 finish: 1473407598 218955584 start: 1473407596 334211340
t_num: 23 finish: 1473407598 931657717 start: 1473407595 103202287
t_num: 13 finish: 1473407599 53413644 start: 1473407595 801828085
t_num: 28 finish: 1473407599 54350410 start: 1473407597 613608102
t_num: 2 finish: 1473407599 193379567 start: 1473407595 935252188
t_num: 5 finish: 1473407599 262491161 start: 1473407597 611677931
t_num: 3 finish: 1473407599 331107315 start: 1473407597 745858515
t_num: 14 finish: 1473407599 425212480 start: 1473407596 931387017
t_num: 12 finish: 1473407599 840026584 start: 1473407597 684361125
t_num: 27 finish: 1473407600 39645592 start: 1473407597 820594296
t_num: 17 finish: 1473407600 165009091 start: 1473407598 218975643
t_num: 4 finish: 1473407600 266334812 start: 1473407598 179666856
t_num: 26 finish: 1473407600 407443549 start: 1473407598 216272734
t_num: 8 finish: 1473407600 447163616 start: 1473407599 107159445
t_num: 16 finish: 1473407600 536558755 start: 1473407597 735505967
t_num: 10 finish: 1473407600 540559668 start: 1473407598 178994796
t_num: 5 finish: 1473407600 651816362 start: 1473407599 262533243
t_num: 18 finish: 1473407600 700553588 start: 1473407597 743533000
t_num: 2 finish: 1473407600 727139110 start: 1473407599 193417404
t_num: 30 finish: 1473407600 727139091 start: 1473407599 168403787
t_num: 27 finish: 1473407601 139000864 start: 1473407600 39666956
t_num: 19 finish: 1473407601 166953414 start: 1473407599 573336554
t_num: 1 finish: 1473407601 227561095 start: 1473407598 35302470
t_num: 28 finish: 1473407601 831332156 start: 1473407599 54387909
t_num: 7 finish: 1473407602 116488798 start: 1473407599 333175581
t_num: 29 finish: 1473407602 263496798 start: 1473407598 443755213
t_num: 9 finish: 1473407602 265477020 start: 1473407600 533988579
t_num: 25 finish: 1473407602 309301371 start: 1473407599 208831111
t_num: 30 finish: 1473407602 341369659 start: 1473407600 728101870
t_num: 14 finish: 1473407602 420452010 start: 1473407599 574877955
t_num: 2 finish: 1473407602 456922062 start: 1473407600 727171420
t_num: 8 finish: 1473407602 567101796 start: 1473407600 447186465
t_num: 21 finish: 1473407602 568149303 start: 1473407599 574286543
t_num: 18 finish: 1473407602 580906604 start: 1473407600 700595692
t_num: 16 finish: 1473407602 705493701 start: 1473407600 536587428
t_num: 26 finish: 1473407602 988183816 start: 1473407600 407473429
t_num: 25 finish: 1473407603 201602543 start: 1473407602 309327814
t_num: 0 finish: 1473407603 228700481 start: 1473407600 568728442
t_num: 17 finish: 1473407603 228706740 start: 1473407600 165054182
t_num: 27 finish: 1473407603 228743981 start: 1473407601 139040880
t_num: 30 finish: 1473407603 758673082 start: 1473407602 729628761
t_num: 8 finish: 1473407603 886443569 start: 1473407602 567137817
t_num: 1 finish: 1473407603 928700567 start: 1473407602 545974638
t_num: 7 finish: 1473407603 943409172 start: 1473407602 116531952
t_num: 14 finish: 1473407603 978767223 start: 1473407602 770154077
t_num: 26 finish: 1473407604 171900379 start: 1473407603 92894163
t_num: 29 finish: 1473407604 195751330 start: 1473407602 263536314
t_num: 5 finish: 1473407604 250407276 start: 1473407602 451963338
t_num: 19 finish: 1473407604 565319722 start: 1473407602 641790076
t_num: 21 finish: 1473407604 640717539 start: 1473407602 568170190
t_num: 2 finish: 1473407604 641430821 start: 1473407602 456945524
t_num: 17 finish: 1473407604 958154913 start: 1473407603 688765260
t_num: 28 finish: 1473407605 7247790 start: 1473407602 570260880
t_num: 18 finish: 1473407605 228991354 start: 1473407602 580927719
t_num: 16 finish: 1473407605 291380267 start: 1473407602 705533592
t_num: 8 finish: 1473407605 478648992 start: 1473407603 886485803
t_num: 1 finish: 1473407605 478703055 start: 1473407603 928729467
t_num: 11 finish: 1473407605 572617172 start: 1473407602 529812124
t_num: 9 finish: 1473407605 704247219 start: 1473407604 109810019
t_num: 27 finish: 1473407605 842336110 start: 1473407603 228760941
t_num: 31 finish: 1473407605 852324658 start: 1473407602 911280288
t_num: 23 finish: 1473407606 499037478 start: 1473407604 538856606
t_num: 30 finish: 1473407606 544485204 start: 1473407604 257799539
t_num: 25 finish: 1473407606 772205140 start: 1473407603 920979506
t_num: 26 finish: 1473407606 781425400 start: 1473407604 259471131
t_num: 3 finish: 1473407606 901230490 start: 1473407604 54189595
t_num: 0 finish: 1473407607 32395731 start: 1473407605 478675401
t_num: 29 finish: 1473407607 33884734 start: 1473407604 195782581
t_num: 27 finish: 1473407607 118500387 start: 1473407605 842360870
t_num: 2 finish: 1473407607 243264618 start: 1473407605 200311767
t_num: 16 finish: 1473407607 332824506 start: 1473407605 291405231
t_num: 19 finish: 1473407607 380626117 start: 1473407605 212942182
t_num: 15 finish: 1473407607 380626264 start: 1473407605 291436939
t_num: 9 finish: 1473407607 512263878 start: 1473407605 704275039
t_num: 8 finish: 1473407607 800687203 start: 1473407605 478743256
t_num: 24 finish: 1473407607 938160536 start: 1473407605 766282515
t_num: 28 finish: 1473407608 14985666 start: 1473407606 620655292
t_num: 27 finish: 1473407608 432359914 start: 1473407607 118523966
t_num: 7 finish: 1473407608 449915021 start: 1473407606 201162033
t_num: 18 finish: 1473407608 713722812 start: 1473407606 566302722
t_num: 19 finish: 1473407608 928015668 start: 1473407607 380678139
t_num: 26 finish: 1473407608 976596614 start: 1473407606 781447218
t_num: 11 finish: 1473407608 976682127 start: 1473407605 634171581
t_num: 20 finish: 1473407609 26353432 start: 1473407605 548071232
t_num: 1 finish: 1473407609 79886633 start: 1473407606 344257055
t_num: 25 finish: 1473407609 175903882 start: 1473407606 997638300
t_num: 15 finish: 1473407609 183086166 start: 1473407607 380694051
t_num: 29 finish: 1473407609 219288330 start: 1473407607 33906965
t_num: 0 finish: 1473407609 219885880 start: 1473407607 32427561
t_num: 2 finish: 1473407609 219891094 start: 1473407607 699557847
t_num: 31 finish: 1473407609 279837235 start: 1473407606 620102435
t_num: 10 finish: 1473407609 524059475 start: 1473407606 997657034
t_num: 8 finish: 1473407609 571837740 start: 1473407607 800716346
t_num: 6 finish: 1473407609 648068393 start: 1473407607 173088199
t_num: 16 finish: 1473407609 844329012 start: 1473407607 332865471
t_num: 26 finish: 1473407610 637561247 start: 1473407608 976632945
t_num: 22 finish: 1473407610 853408388 start: 1473407609 49825946
t_num: 0 finish: 1473407610 954927134 start: 1473407609 219905959
t_num: 14 finish: 1473407611 541996467 start: 1473407607 932687856
t_num: 20 finish: 1473407611 551403744 start: 1473407609 26376784
t_num: 29 finish: 1473407611 703148439 start: 1473407609 219310108
t_num: 18 finish: 1473407611 817015370 start: 1473407608 713748214
t_num: 2 finish: 1473407611 889926465 start: 1473407609 219924635
t_num: 31 finish: 1473407611 890022739 start: 1473407609 279854106
t_num: 27 finish: 1473407611 890454863 start: 1473407608 432387668
t_num: 1 finish: 1473407611 890571847 start: 1473407610 637496732
t_num: 6 finish: 1473407612 67325204 start: 1473407610 821673406
t_num: 8 finish: 1473407612 397251742 start: 1473407609 571870880
t_num: 10 finish: 1473407612 421230787 start: 1473407611 138441500
t_num: 22 finish: 1473407612 698644955 start: 1473407611 651624618
t_num: 11 finish: 1473407612 732986532 start: 1473407610 157533807
t_num: 5 finish: 1473407612 732989409 start: 1473407610 332037391
t_num: 26 finish: 1473407612 733958122 start: 1473407610 637587088
t_num: 27 finish: 1473407612 734066301 start: 1473407611 890473866
t_num: 9 finish: 1473407612 805647335 start: 1473407609 581850066
t_num: 2 finish: 1473407612 871598839 start: 1473407611 889970025
t_num: 0 finish: 1473407613 57750845 start: 1473407610 955020624
t_num: 13 finish: 1473407613 234087674 start: 1473407610 754342390
t_num: 20 finish: 1473407613 237313269 start: 1473407611 551425394
t_num: 15 finish: 1473407613 341761289 start: 1473407611 817040832
t_num: 21 finish: 1473407613 342757844 start: 1473407610 728824686
t_num: 14 finish: 1473407613 532283533 start: 1473407612 418352259
t_num: 10 finish: 1473407613 652844346 start: 1473407612 421251196
t_num: 1 finish: 1473407613 655343030 start: 1473407611 890591625
t_num: 31 finish: 1473407613 717088498 start: 1473407611 890041263
t_num: 28 finish: 1473407614 185828434 start: 1473407612 229830369
t_num: 6 finish: 1473407614 220266488 start: 1473407612 67360176
t_num: 7 finish: 1473407614 329461722 start: 1473407612 760598696
t_num: 27 finish: 1473407614 731091615 start: 1473407612 734087190
t_num: 0 finish: 1473407614 759955060 start: 1473407613 57788839
t_num: 5 finish: 1473407614 930507607 start: 1473407613 831719194
t_num: 11 finish: 1473407614 931738811 start: 1473407614 343006016
t_num: 15 finish: 1473407615 125429773 start: 1473407613 831731324
t_num: 21 finish: 1473407615 195606257 start: 1473407613 342778492
t_num: 29 finish: 1473407615 505958948 start: 1473407613 468248316
t_num: 8 finish: 1473407615 505983987 start: 1473407613 985430448
t_num: 25 finish: 1473407615 506042046 start: 1473407613 831857395
t_num: 10 finish: 1473407615 506110840 start: 1473407613 652888674
t_num: 2 finish: 1473407615 820131850 start: 1473407612 871623789
t_num: 31 finish: 1473407616 10978763 start: 1473407614 221124521
t_num: 4 finish: 1473407616 11829148 start: 1473407614 214571311
t_num: 7 finish: 1473407616 204258251 start: 1473407614 329501264
t_num: 3 finish: 1473407616 205409429 start: 1473407614 836722471
t_num: 6 finish: 1473407616 401571617 start: 1473407614 220289480
t_num: 28 finish: 1473407617 315426329 start: 1473407614 185854703
t_num: 14 finish: 1473407617 316347384 start: 1473407614 420046018
t_num: 11 finish: 1473407617 316473360 start: 1473407614 931768391
t_num: 1 finish: 1473407617 319316043 start: 1473407615 255006726
t_num: 0 finish: 1473407617 380023322 start: 1473407614 759994155
t_num: 5 finish: 1473407617 403283756 start: 1473407615 505964362
t_num: 16 finish: 1473407617 534853533 start: 1473407615 534420277
t_num: 8 finish: 1473407617 558025493 start: 1473407615 505997817
t_num: 29 finish: 1473407617 558030445 start: 1473407615 505985172
t_num: 4 finish: 1473407617 976691992 start: 1473407616 11849712
t_num: 15 finish: 1473407617 978368432 start: 1473407615 965481422
t_num: 26 finish: 1473407617 978483978 start: 1473407615 788385564
t_num: 25 finish: 1473407618 117718691 start: 1473407615 506059415
t_num: 20 finish: 1473407618 117740598 start: 1473407616 518303143
t_num: 6 finish: 1473407618 344716514 start: 1473407616 401613380
t_num: 23 finish: 1473407618 683901058 start: 1473407616 696835158
t_num: 14 finish: 1473407618 686692977 start: 1473407617 316368583
t_num: 28 finish: 1473407618 687376388 start: 1473407617 315455716
t_num: 12 finish: 1473407618 890311588 start: 1473407618 117884065
t_num: 7 finish: 1473407619 84594817 start: 1473407616 204301615
t_num: 0 finish: 1473407619 143989983 start: 1473407617 380061748
t_num: 31 finish: 1473407619 405169221 start: 1473407617 661635051
t_num: 3 finish: 1473407619 405852154 start: 1473407617 324028864
t_num: 24 finish: 1473407620 6222449 start: 1473407618 340690286
t_num: 5 finish: 1473407620 20259506 start: 1473407617 403305988
t_num: 4 finish: 1473407620 143485285 start: 1473407617 976719577
t_num: 15 finish: 1473407620 145102614 start: 1473407617 978389754
t_num: 16 finish: 1473407620 192507775 start: 1473407617 534883537
t_num: 30 finish: 1473407620 305259360 start: 1473407618 468462619
t_num: 18 finish: 1473407620 443937255 start: 1473407618 846261203
t_num: 23 finish: 1473407620 913431196 start: 1473407619 186024802
t_num: 12 finish: 1473407621 33656014 start: 1473407618 890335561
t_num: 11 finish: 1473407621 192776299 start: 1473407617 948739045
t_num: 3 finish: 1473407621 331290914 start: 1473407619 405872483
t_num: 2 finish: 1473407621 400351650 start: 1473407618 561232264
t_num: 20 finish: 1473407621 473271713 start: 1473407618 117930560
t_num: 19 finish: 1473407621 692451854 start: 1473407620 3620110
t_num: 14 finish: 1473407621 694173293 start: 1473407620 275673477
t_num: 16 finish: 1473407621 695046541 start: 1473407620 192545426
t_num: 5 finish: 1473407621 695267062 start: 1473407620 20284464
t_num: 6 finish: 1473407621 695965823 start: 1473407619 226752941
t_num: 26 finish: 1473407621 885711061 start: 1473407618 918324445
t_num: 28 finish: 1473407621 979482154 start: 1473407618 687398491
t_num: 7 finish: 1473407622 26857892 start: 1473407619 84640354
t_num: 18 finish: 1473407622 82502114 start: 1473407620 443981546
t_num: 23 finish: 1473407622 82511320 start: 1473407620 913462681
t_num: 24 finish: 1473407622 324883230 start: 1473407620 6276039
t_num: 15 finish: 1473407622 731040078 start: 1473407621 334473181
t_num: 2 finish: 1473407622 769266635 start: 1473407621 400379530
t_num: 25 finish: 1473407623 75317464 start: 1473407620 359405259
t_num: 3 finish: 1473407623 358948305 start: 1473407621 331335224
t_num: 30 finish: 1473407623 482349499 start: 1473407620 305288170
t_num: 19 finish: 1473407623 566756558 start: 1473407622 26814803
t_num: 13 finish: 1473407623 571764094 start: 1473407620 287271176
t_num: 17 finish: 1473407623 571784117 start: 1473407621 35297755
t_num: 20 finish: 1473407623 574412677 start: 1473407621 473311540
t_num: 10 finish: 1473407623 746821707 start: 1473407621 655720160
t_num: 27 finish: 1473407624 229785852 start: 1473407621 561069857
t_num: 28 finish: 1473407624 787272382 start: 1473407621 979511802
t_num: 15 finish: 1473407624 796908657 start: 1473407622 731075554
t_num: 1 finish: 1473407624 799834250 start: 1473407622 528706088
t_num: 26 finish: 1473407625 67961410 start: 1473407622 526050118
t_num: 19 finish: 1473407625 84806178 start: 1473407623 566788017
t_num: 16 finish: 1473407625 109381919 start: 1473407621 695067159
t_num: 7 finish: 1473407625 140940240 start: 1473407622 26877020
t_num: 4 finish: 1473407625 170232794 start: 1473407622 353038611
t_num: 5 finish: 1473407625 213252785 start: 1473407623 243124535
t_num: 20 finish: 1473407625 444239543 start: 1473407623 574432834
t_num: 23 finish: 1473407625 486679450 start: 1473407622 82561424
t_num: 13 finish: 1473407625 677870833 start: 1473407624 784164337
t_num: 21 finish: 1473407625 869082671 start: 1473407623 482309000
t_num: 22 finish: 1473407625 870182797 start: 1473407622 895630064
t_num: 2 finish: 1473407625 914343998 start: 1473407622 769288317
t_num: 29 finish: 1473407625 917867658 start: 1473407623 480856579
t_num: 14 finish: 1473407625 972022702 start: 1473407623 243185897
t_num: 17 finish: 1473407625 984500785 start: 1473407623 571880384
t_num: 26 finish: 1473407625 984530883 start: 1473407625 68004152
t_num: 7 finish: 1473407625 984768847 start: 1473407625 140977457
t_num: 18 finish: 1473407626 83421648 start: 1473407624 355095573
t_num: 9 finish: 1473407626 256705188 start: 1473407624 708833133
t_num: 22 finish: 1473407626 566819965 start: 1473407625 870202241
t_num: 29 finish: 1473407626 769220730 start: 1473407625 917888944
t_num: 10 finish: 1473407626 806426579 start: 1473407623 746865129
t_num: 3 finish: 1473407626 991557531 start: 1473407625 592589331
t_num: 16 finish: 1473407626 993897728 start: 1473407625 592536047
t_num: 28 finish: 1473407627 278054929 start: 1473407625 591858614
t_num: 15 finish: 1473407627 568921123 start: 1473407625 592810457
t_num: 18 finish: 1473407627 780222422 start: 1473407626 83465462
t_num: 25 finish: 1473407627 910235484 start: 1473407625 114368446
t_num: 1 finish: 1473407627 912413159 start: 1473407625 714446006
t_num: 17 finish: 1473407628 208182361 start: 1473407625 984548876
t_num: 7 finish: 1473407628 210703177 start: 1473407625 984850630
t_num: 5 finish: 1473407628 816540215 start: 1473407625 213293997
t_num: 13 finish: 1473407629 67638218 start: 1473407626 951202987
t_num: 27 finish: 1473407629 70321441 start: 1473407626 619146561
t_num: 2 finish: 1473407629 887421191 start: 1473407628 78828862
t_num: 9 finish: 1473407630 22573048 start: 1473407627 413327167
t_num: 26 finish: 1473407630 23529955 start: 1473407627 487153408
t_num: 10 finish: 1473407630 24526171 start: 1473407627 918643450
t_num: 1 finish: 1473407630 25153389 start: 1473407627 912438566
t_num: 12 finish: 1473407630 275440782 start: 1473407626 832217541
t_num: 6 finish: 1473407630 275687015 start: 1473407627 501217147
t_num: 21 finish: 1473407630 648134273 start: 1473407626 761908851
t_num: 3 finish: 1473407630 930906334 start: 1473407626 991609163
t_num: 23 finish: 1473407631 207213037 start: 1473407626 699209999
t_num: 16 finish: 1473407631 259459544 start: 1473407628 263594348
t_num: 11 finish: 1473407631 363250178 start: 1473407629 424382394
t_num: 4 finish: 1473407631 490413460 start: 1473407629 951924439
t_num: 22 finish: 1473407631 754627945 start: 1473407627 758833162
t_num: 31 finish: 1473407631 798529965 start: 1473407629 938398095
t_num: 25 finish: 1473407631 898598985 start: 1473407627 910324159
t_num: 12 finish: 1473407631 915291080 start: 1473407630 275482006
t_num: 18 finish: 1473407632 225928407 start: 1473407629 555111092
t_num: 10 finish: 1473407632 257173896 start: 1473407630 24545908
t_num: 1 finish: 1473407632 257675731 start: 1473407630 648673862
t_num: 2 finish: 1473407632 567983678 start: 1473407630 25302808
t_num: 17 finish: 1473407632 615878397 start: 1473407629 552122230
t_num: 9 finish: 1473407632 922126777 start: 1473407630 22609535
t_num: 21 finish: 1473407632 959348935 start: 1473407630 648162928
t_num: 8 finish: 1473407632 960891642 start: 1473407630 973930641
t_num: 5 finish: 1473407632 993464058 start: 1473407629 697577823
t_num: 7 finish: 1473407632 993464861 start: 1473407628 210722349
t_num: 14 finish: 1473407633 88041178 start: 1473407631 689165977
t_num: 4 finish: 1473407633 394795483 start: 1473407631 490439642
t_num: 23 finish: 1473407633 513389269 start: 1473407631 973183997
t_num: 11 finish: 1473407633 649863883 start: 1473407631 363281427
t_num: 3 finish: 1473407633 650147185 start: 1473407632 718889688
t_num: 25 finish: 1473407633 789186802 start: 1473407632 506488745
t_num: 27 finish: 1473407633 833848784 start: 1473407631 259667116
t_num: 12 finish: 1473407633 880533729 start: 1473407631 915320965
t_num: 31 finish: 1473407633 880533746 start: 1473407631 798578217
t_num: 14 finish: 1473407633 940114308 start: 1473407633 88066288
t_num: 19 finish: 1473407634 205756449 start: 1473407632 865172461
t_num: 22 finish: 1473407634 214568599 start: 1473407631 754670012
t_num: 15 finish: 1473407634 781098201 start: 1473407630 897596267
t_num: 21 finish: 1473407634 822432465 start: 1473407633 677324065
t_num: 25 finish: 1473407634 927365831 start: 1473407633 789223662
t_num: 6 finish: 1473407635 85262551 start: 1473407632 824770547
t_num: 3 finish: 1473407635 645188914 start: 1473407633 650166435
t_num: 1 finish: 1473407635 819819247 start: 1473407633 66727191
t_num: 2 finish: 1473407635 836580371 start: 1473407632 568022761
t_num: 18 finish: 1473407635 858229078 start: 1473407633 816061471
t_num: 5 finish: 1473407635 937005438 start: 1473407633 202748811
t_num: 30 finish: 1473407635 964487642 start: 1473407632 998780736
t_num: 29 finish: 1473407636 176564946 start: 1473407633 834540569
t_num: 4 finish: 1473407636 376397199 start: 1473407634 119514543
t_num: 9 finish: 1473407636 551130106 start: 1473407632 922171169
t_num: 16 finish: 1473407637 173627604 start: 1473407634 780478415
t_num: 11 finish: 1473407637 538003506 start: 1473407633 649930357
t_num: 3 finish: 1473407637 871383591 start: 1473407636 103266178
t_num: 4 finish: 1473407637 880711482 start: 1473407636 376430490
t_num: 14 finish: 1473407637 902365007 start: 1473407633 940146638
t_num: 26 finish: 1473407637 903103353 start: 1473407636 61379653
t_num: 30 finish: 1473407638 5520060 start: 1473407635 964514062
t_num: 8 finish: 1473407638 38371442 start: 1473407635 631097671
t_num: 21 finish: 1473407638 40854980 start: 1473407634 822464963
t_num: 7 finish: 1473407638 81318512 start: 1473407635 899090807
t_num: 29 finish: 1473407638 139751836 start: 1473407636 176609734
t_num: 27 finish: 1473407638 170241434 start: 1473407635 549811024
t_num: 0 finish: 1473407638 358202023 start: 1473407636 628393985
t_num: 15 finish: 1473407638 471553421 start: 1473407635 218790975
t_num: 25 finish: 1473407638 606867200 start: 1473407634 927403535
t_num: 9 finish: 1473407638 768825303 start: 1473407636 551174410
t_num: 2 finish: 1473407639 662318726 start: 1473407637 142842647
t_num: 27 finish: 1473407639 664826311 start: 1473407638 170271467
t_num: 7 finish: 1473407639 848285915 start: 1473407638 81352724
t_num: 13 finish: 1473407639 987372430 start: 1473407637 144147093
t_num: 6 finish: 1473407639 987414851 start: 1473407635 964274714
t_num: 8 finish: 1473407640 93387221 start: 1473407638 472175108
t_num: 11 finish: 1473407640 109488061 start: 1473407638 411334923
t_num: 28 finish: 1473407640 351573676 start: 1473407636 18863330
t_num: 4 finish: 1473407640 367436596 start: 1473407637 880733634
t_num: 3 finish: 1473407640 383552774 start: 1473407637 871427402
t_num: 22 finish: 1473407640 457740921 start: 1473407638 112055994
t_num: 10 finish: 1473407640 838987538 start: 1473407638 413131285
t_num: 25 finish: 1473407640 839659967 start: 1473407638 606903329
t_num: 21 finish: 1473407640 955635096 start: 1473407638 976660891
t_num: 14 finish: 1473407641 50058691 start: 1473407638 412414374
t_num: 5 finish: 1473407641 65661760 start: 1473407637 665597002
t_num: 29 finish: 1473407641 66776699 start: 1473407639 543301382
t_num: 26 finish: 1473407641 234064572 start: 1473407637 903124604
t_num: 16 finish: 1473407641 510847988 start: 1473407637 744028560
t_num: 8 finish: 1473407642 25239698 start: 1473407640 93428638
t_num: 10 finish: 1473407642 182385491 start: 1473407640 839018815
t_num: 3 finish: 1473407642 362335542 start: 1473407641 103333761
t_num: 17 finish: 1473407642 408864286 start: 1473407640 354010403
t_num: 27 finish: 1473407642 408868922 start: 1473407639 664846998
t_num: 6 finish: 1473407642 672482610 start: 1473407639 987430925
t_num: 25 finish: 1473407642 691635511 start: 1473407640 839680441
t_num: 9 finish: 1473407642 691643562 start: 1473407639 987631437
t_num: 28 finish: 1473407642 691657190 start: 1473407640 351640758
t_num: 1 finish: 1473407642 958057818 start: 1473407640 890278935
t_num: 4 finish: 1473407643 59056751 start: 1473407640 367461501
t_num: 13 finish: 1473407643 277749907 start: 1473407639 987419391
t_num: 5 finish: 1473407643 293722360 start: 1473407641 65680010
t_num: 12 finish: 1473407643 501848140 start: 1473407641 38447185
t_num: 21 finish: 1473407643 599562566 start: 1473407641 645093240
t_num: 16 finish: 1473407643 854921699 start: 1473407641 510892390
t_num: 22 finish: 1473407644 546328005 start: 1473407640 457765492
t_num: 1 finish: 1473407644 547427653 start: 1473407643 287844260
t_num: 20 finish: 1473407644 575021864 start: 1473407642 494628617
t_num: 7 finish: 1473407644 722248840 start: 1473407643 387248229
t_num: 29 finish: 1473407644 764676188 start: 1473407641 66793209
t_num: 10 finish: 1473407644 855068920 start: 1473407642 182428789
t_num: 3 finish: 1473407644 874621804 start: 1473407642 362377161
t_num: 2 finish: 1473407644 874669020 start: 1473407642 494604367
t_num: 27 finish: 1473407644 974004081 start: 1473407643 245209491
t_num: 6 finish: 1473407644 999957366 start: 1473407642 672544945
t_num: 9 finish: 1473407645 275186813 start: 1473407642 691686914
t_num: 31 finish: 1473407645 705029419 start: 1473407641 726744492
t_num: 17 finish: 1473407646 68262599 start: 1473407642 408892023
t_num: 14 finish: 1473407646 107947755 start: 1473407643 991053702
t_num: 12 finish: 1473407646 200056647 start: 1473407643 501877164
t_num: 28 finish: 1473407646 257474503 start: 1473407643 501382053
t_num: 24 finish: 1473407646 604219826 start: 1473407644 580009279
t_num: 21 finish: 1473407646 604952648 start: 1473407643 599594081
t_num: 16 finish: 1473407647 40738130 start: 1473407643 854963258
t_num: 13 finish: 1473407647 79894318 start: 1473407644 546285117
t_num: 20 finish: 1473407647 79898718 start: 1473407645 740262690
t_num: 26 finish: 1473407647 366231374 start: 1473407644 580712560
t_num: 6 finish: 1473407648 14945099 start: 1473407644 999992154
t_num: 18 finish: 1473407648 176159749 start: 1473407646 107614608
t_num: 0 finish: 1473407648 181525902 start: 1473407644 710732320
t_num: 15 finish: 1473407648 261189438 start: 1473407645 553909205
t_num: 29 finish: 1473407648 261373993 start: 1473407646 69246982
t_num: 3 finish: 1473407648 372597446 start: 1473407646 333778402
t_num: 30 finish: 1473407648 372597461 start: 1473407645 588731195
t_num: 7 finish: 1473407648 379829810 start: 1473407644 722275027
t_num: 9 finish: 1473407648 498036997 start: 1473407645 275230300
t_num: 27 finish: 1473407648 505119917 start: 1473407646 729273351
t_num: 31 finish: 1473407648 599588708 start: 1473407645 705051751
t_num: 22 finish: 1473407649 670817170 start: 1473407647 386766932
t_num: 11 finish: 1473407649 670997840 start: 1473407648 328815596
t_num: 10 finish: 1473407649 828604721 start: 1473407646 286697689
t_num: 13 finish: 1473407649 836045126 start: 1473407647 79919476
t_num: 24 finish: 1473407649 836052760 start: 1473407647 387240258
t_num: 28 finish: 1473407650 23029755 start: 1473407646 803806436
t_num: 21 finish: 1473407650 75324606 start: 1473407646 604973394
t_num: 31 finish: 1473407650 156486247 start: 1473407648 599615783
t_num: 19 finish: 1473407650 156490848 start: 1473407648 380031884
t_num: 16 finish: 1473407650 156568631 start: 1473407647 40820038
t_num: 26 finish: 1473407650 265291891 start: 1473407647 366275132
t_num: 8 finish: 1473407650 508909195 start: 1473407649 234328863
t_num: 15 finish: 1473407650 510198825 start: 1473407649 244271067
t_num: 20 finish: 1473407650 877016359 start: 1473407647 79970179
t_num: 1 finish: 1473407650 891503443 start: 1473407648 326207552
t_num: 29 finish: 1473407650 892123665 start: 1473407649 41906116
t_num: 17 finish: 1473407651 239285083 start: 1473407649 258541695
t_num: 13 finish: 1473407651 240986755 start: 1473407649 836068203
t_num: 18 finish: 1473407651 525799368 start: 1473407648 966686732
t_num: 3 finish: 1473407651 580784872 start: 1473407648 372644214
t_num: 7 finish: 1473407651 801315340 start: 1473407648 379850645
t_num: 11 finish: 1473407652 172745082 start: 1473407649 671016443
t_num: 4 finish: 1473407652 182976796 start: 1473407650 509963622
t_num: 16 finish: 1473407652 200837910 start: 1473407650 820464645
t_num: 20 finish: 1473407652 288054328 start: 1473407650 877047737
t_num: 9 finish: 1473407652 385026192 start: 1473407650 547600075
t_num: 18 finish: 1473407652 464557141 start: 1473407651 525833385
t_num: 31 finish: 1473407652 464650254 start: 1473407650 156523367
t_num: 13 finish: 1473407652 468909881 start: 1473407651 717500003
t_num: 28 finish: 1473407652 709856686 start: 1473407650 23061960
t_num: 22 finish: 1473407652 710411889 start: 1473407650 821216845
t_num: 17 finish: 1473407652 960377446 start: 1473407651 546681493
t_num: 19 finish: 1473407652 960749309 start: 1473407650 156548491
t_num: 24 finish: 1473407653 477046597 start: 1473407650 509365214
t_num: 26 finish: 1473407653 477632521 start: 1473407650 265328512
t_num: 4 finish: 1473407653 542608776 start: 1473407652 182993457
t_num: 14 finish: 1473407653 619351197 start: 1473407651 718092762
t_num: 29 finish: 1473407653 858531758 start: 1473407650 892138186
t_num: 15 finish: 1473407653 858563574 start: 1473407650 510219156
t_num: 18 finish: 1473407653 858534554 start: 1473407652 464602085
t_num: 10 finish: 1473407653 858624031 start: 1473407652 122116614
t_num: 25 finish: 1473407653 858857147 start: 1473407651 96850660
t_num: 31 finish: 1473407653 951165891 start: 1473407652 464670441
t_num: 19 finish: 1473407654 610054549 start: 1473407652 960782207
t_num: 2 finish: 1473407654 716451963 start: 1473407652 546862596
t_num: 28 finish: 1473407654 806699790 start: 1473407652 709895937
t_num: 31 finish: 1473407654 935098640 start: 1473407653 951188994
t_num: 21 finish: 1473407655 226052815 start: 1473407652 140049183
t_num: 16 finish: 1473407655 398181023 start: 1473407653 559474020
t_num: 18 finish: 1473407655 476453909 start: 1473407653 858590890
t_num: 26 finish: 1473407655 564028751 start: 1473407653 477653751
t_num: 13 finish: 1473407655 679773531 start: 1473407652 468931686
t_num: 23 finish: 1473407655 681745153 start: 1473407652 771435686
t_num: 14 finish: 1473407655 782388567 start: 1473407654 579844817
t_num: 7 finish: 1473407656 87038191 start: 1473407653 752033269
t_num: 24 finish: 1473407656 87038199 start: 1473407653 477091972
t_num: 31 finish: 1473407656 185375874 start: 1473407654 935121043
t_num: 3 finish: 1473407656 185637367 start: 1473407653 846479094
t_num: 29 finish: 1473407656 192071769 start: 1473407654 662361481
t_num: 25 finish: 1473407656 192087664 start: 1473407653 858875858
t_num: 20 finish: 1473407656 765950902 start: 1473407654 717137499
t_num: 10 finish: 1473407656 823856546 start: 1473407653 858641116
t_num: 19 finish: 1473407657 44359214 start: 1473407654 610080123
t_num: 30 finish: 1473407657 44784979 start: 1473407655 633441687
t_num: 17 finish: 1473407657 64917711 start: 1473407653 939992626
t_num: 2 finish: 1473407657 549817505 start: 1473407654 716485467
t_num: 24 finish: 1473407657 774375358 start: 1473407656 87091011
t_num: 11 finish: 1473407658 229181700 start: 1473407655 632916785
t_num: 25 finish: 1473407658 369954068 start: 1473407656 192197927
t_num: 28 finish: 1473407658 393378026 start: 1473407656 183639667
t_num: 13 finish: 1473407658 415946933 start: 1473407655 679827253
t_num: 1 finish: 1473407658 421799311 start: 1473407655 937461513
t_num: 14 finish: 1473407658 421885371 start: 1473407655 782419694
t_num: 4 finish: 1473407658 688196507 start: 1473407654 911634404
t_num: 26 finish: 1473407658 690648170 start: 1473407656 786658296
t_num: 29 finish: 1473407658 692311368 start: 1473407656 192126145
t_num: 16 finish: 1473407659 67462770 start: 1473407656 195706879
t_num: 17 finish: 1473407659 68104167 start: 1473407657 64938123
t_num: 27 finish: 1473407659 522463893 start: 1473407658 240306553
t_num: 24 finish: 1473407659 826407082 start: 1473407657 774423310
t_num: 5 finish: 1473407660 42533658 start: 1473407658 456888979
t_num: 26 finish: 1473407660 45466775 start: 1473407658 690669005
t_num: 31 finish: 1473407660 137515474 start: 1473407658 53344758
t_num: 14 finish: 1473407660 138277563 start: 1473407658 421920413
t_num: 8 finish: 1473407660 141152396 start: 1473407658 743819456
t_num: 19 finish: 1473407660 158825638 start: 1473407658 436947249
t_num: 28 finish: 1473407660 159381440 start: 1473407658 393407437
t_num: 20 finish: 1473407660 159385574 start: 1473407656 765989258
t_num: 7 finish: 1473407660 393558196 start: 1473407657 44366618
t_num: 17 finish: 1473407660 402436403 start: 1473407659 68119716
t_num: 15 finish: 1473407660 431042862 start: 1473407658 904902715
t_num: 23 finish: 1473407660 442216171 start: 1473407659 141560163
t_num: 27 finish: 1473407661 131950184 start: 1473407659 522507625
t_num: 24 finish: 1473407661 200022826 start: 1473407659 826472317
t_num: 5 finish: 1473407661 481802695 start: 1473407660 42575839
t_num: 4 finish: 1473407661 523947614 start: 1473407658 688233673
t_num: 25 finish: 1473407661 550416761 start: 1473407658 369997940
t_num: 2 finish: 1473407661 666776095 start: 1473407660 60754977
t_num: 17 finish: 1473407662 114815671 start: 1473407660 402455939
t_num: 24 finish: 1473407662 282995977 start: 1473407661 200072224
t_num: 29 finish: 1473407662 337279175 start: 1473407659 580927947
t_num: 18 finish: 1473407662 764050782 start: 1473407661 414363047
t_num: 28 finish: 1473407663 220366932 start: 1473407660 159421653
t_num: 3 finish: 1473407663 247031806 start: 1473407660 60523527
t_num: 14 finish: 1473407663 471623923 start: 1473407661 910355709
t_num: 16 finish: 1473407663 841746765 start: 1473407661 89225779
t_num: 27 finish: 1473407663 902122770 start: 1473407661 862184152
t_num: 6 finish: 1473407663 903808113 start: 1473407661 734049806
t_num: 23 finish: 1473407663 903945925 start: 1473407662 45611719
t_num: 12 finish: 1473407664 150649924 start: 1473407660 431064213
t_num: 25 finish: 1473407664 318259107 start: 1473407661 550451998
t_num: 5 finish: 1473407664 396154653 start: 1473407661 481836894
t_num: 4 finish: 1473407664 585881158 start: 1473407661 523989422
t_num: 8 finish: 1473407664 587444221 start: 1473407661 217286991
t_num: 22 finish: 1473407664 750592347 start: 1473407662 765105786
t_num: 30 finish: 1473407664 818171830 start: 1473407662 149690216
t_num: 9 finish: 1473407664 916669778 start: 1473407662 1220530
t_num: 7 finish: 1473407664 916671431 start: 1473407662 868029542
t_num: 21 finish: 1473407665 132948151 start: 1473407663 390774886
t_num: 15 finish: 1473407665 134806479 start: 1473407663 121953172
t_num: 3 finish: 1473407665 246596892 start: 1473407663 799220175
t_num: 17 finish: 1473407665 511992302 start: 1473407662 114846883
t_num: 31 finish: 1473407665 521470881 start: 1473407662 489900591
t_num: 6 finish: 1473407666 10482781 start: 1473407664 448335137
t_num: 27 finish: 1473407666 136455141 start: 1473407663 902156739
t_num: 5 finish: 1473407666 345199091 start: 1473407664 396212397
t_num: 13 finish: 1473407666 377787590 start: 1473407663 376580390
t_num: 3 finish: 1473407666 390873173 start: 1473407665 246645689
t_num: 24 finish: 1473407666 391703313 start: 1473407664 154050364
t_num: 25 finish: 1473407666 436197364 start: 1473407664 529225718
t_num: 16 finish: 1473407666 437626819 start: 1473407663 841776938
t_num: 14 finish: 1473407666 759614695 start: 1473407665 141749788
t_num: 1 finish: 1473407666 885747516 start: 1473407664 821982255
t_num: 7 finish: 1473407667 456110159 start: 1473407664 916737172
t_num: 29 finish: 1473407667 501965669 start: 1473407665 590210344
t_num: 23 finish: 1473407667 502786956 start: 1473407664 224078683
t_num: 8 finish: 1473407667 666440341 start: 1473407664 862662383
t_num: 0 finish: 1473407667 910771776 start: 1473407666 124654391
t_num: 30 finish: 1473407668 276299486 start: 1473407664 818243504
t_num: 25 finish: 1473407668 276393924 start: 1473407666 436227035
t_num: 21 finish: 1473407668 467997405 start: 1473407666 135730337
t_num: 9 finish: 1473407669 11324606 start: 1473407664 916719603
t_num: 17 finish: 1473407669 11324606 start: 1473407666 718653990
t_num: 22 finish: 1473407669 169649457 start: 1473407665 889463655
t_num: 14 finish: 1473407669 255245508 start: 1473407666 759666873
t_num: 13 finish: 1473407669 255295726 start: 1473407666 377849115
t_num: 15 finish: 1473407669 255323674 start: 1473407665 836716829
t_num: 19 finish: 1473407669 316843018 start: 1473407667 820074304
t_num: 24 finish: 1473407669 816993337 start: 1473407666 391725377
t_num: 23 finish: 1473407669 923860932 start: 1473407667 502822650
t_num: 30 finish: 1473407669 971361626 start: 1473407668 276328327
t_num: 31 finish: 1473407670 30110398 start: 1473407667 263480642
t_num: 20 finish: 1473407670 114510706 start: 1473407668 520263613
t_num: 11 finish: 1473407670 115258690 start: 1473407667 893325090
t_num: 2 finish: 1473407670 123274581 start: 1473407668 275409129
t_num: 8 finish: 1473407670 125662964 start: 1473407667 666479687
t_num: 26 finish: 1473407670 137299659 start: 1473407668 948585420
t_num: 14 finish: 1473407670 140748574 start: 1473407669 255281341
t_num: 3 finish: 1473407670 767690312 start: 1473407666 851354791
t_num: 25 finish: 1473407670 813078055 start: 1473407668 801118332
t_num: 1 finish: 1473407670 813171336 start: 1473407667 353914207
t_num: 29 finish: 1473407670 813545035 start: 1473407667 501992735
t_num: 7 finish: 1473407670 991236003 start: 1473407668 801102173
t_num: 16 finish: 1473407671 159381842 start: 1473407668 173893614
t_num: 11 finish: 1473407671 201209358 start: 1473407670 115279967
t_num: 17 finish: 1473407671 275168247 start: 1473407669 11390238
t_num: 2 finish: 1473407671 402784956 start: 1473407670 123309969
t_num: 8 finish: 1473407671 538946937 start: 1473407670 125683353
t_num: 31 finish: 1473407671 541637077 start: 1473407670 30169829
t_num: 15 finish: 1473407671 542939041 start: 1473407669 594591747
t_num: 21 finish: 1473407671 543520151 start: 1473407669 739179808
t_num: 0 finish: 1473407671 683857940 start: 1473407668 520281416
t_num: 22 finish: 1473407671 755568408 start: 1473407669 169692197
t_num: 14 finish: 1473407671 809290094 start: 1473407670 140769621
t_num: 12 finish: 1473407671 996137923 start: 1473407669 830146819
t_num: 19 finish: 1473407672 306624129 start: 1473407670 999620529
t_num: 7 finish: 1473407672 321657522 start: 1473407671 341074761
t_num: 4 finish: 1473407672 361045022 start: 1473407670 852968679
t_num: 24 finish: 1473407672 361321877 start: 1473407669 817046934
t_num: 26 finish: 1473407672 608415203 start: 1473407670 137315777
t_num: 5 finish: 1473407672 647576239 start: 1473407671 553370078
t_num: 22 finish: 1473407672 647672423 start: 1473407671 755605547
t_num: 6 finish: 1473407672 647819671 start: 1473407670 782474088
t_num: 31 finish: 1473407673 141946663 start: 1473407671 541658133
t_num: 2 finish: 1473407673 213582767 start: 1473407671 402830782
t_num: 23 finish: 1473407673 226029001 start: 1473407671 505748443
t_num: 1 finish: 1473407673 591699611 start: 1473407671 459073090
t_num: 21 finish: 1473407673 704787784 start: 1473407671 543537169
t_num: 26 finish: 1473407673 770086185 start: 1473407672 608457245
t_num: 0 finish: 1473407673 847305079 start: 1473407672 462568219
t_num: 14 finish: 1473407673 901665050 start: 1473407672 678117741
t_num: 4 finish: 1473407673 902235901 start: 1473407672 361075295
t_num: 3 finish: 1473407673 907157587 start: 1473407670 767724760
t_num: 9 finish: 1473407673 956987184 start: 1473407671 290693561
t_num: 12 finish: 1473407673 957626027 start: 1473407671 996182321
t_num: 29 finish: 1473407673 963915290 start: 1473407670 813565478
t_num: 16 finish: 1473407673 981237107 start: 1473407671 904378409
t_num: 8 finish: 1473407674 22282337 start: 1473407672 678070584
t_num: 19 finish: 1473407674 65540549 start: 1473407672 306682131
t_num: 24 finish: 1473407674 358252453 start: 1473407673 142706663
t_num: 30 finish: 1473407674 535852329 start: 1473407672 859235291
t_num: 17 finish: 1473407674 677096839 start: 1473407673 457723186
t_num: 26 finish: 1473407674 863449138 start: 1473407673 770115017
t_num: 11 finish: 1473407674 864491949 start: 1473407672 149709159
t_num: 6 finish: 1473407675 89060382 start: 1473407672 725694968
t_num: 22 finish: 1473407675 561839436 start: 1473407672 718344473
t_num: 8 finish: 1473407675 822798976 start: 1473407674 22300067
t_num: 3 finish: 1473407675 998496109 start: 1473407673 907180293
t_num: 31 finish: 1473407676 227281984 start: 1473407673 695295192
t_num: 9 finish: 1473407676 305601541 start: 1473407674 595656343
t_num: 24 finish: 1473407676 314348702 start: 1473407674 358284493
t_num: 12 finish: 1473407676 371424504 start: 1473407673 957646955
t_num: 28 finish: 1473407676 465949001 start: 1473407674 665003398
t_num: 14 finish: 1473407676 466415089 start: 1473407673 901702179
t_num: 27 finish: 1473407676 467105521 start: 1473407673 807710312
t_num: 19 finish: 1473407676 529474325 start: 1473407674 65570847
t_num: 29 finish: 1473407676 545552468 start: 1473407673 963936330
t_num: 26 finish: 1473407676 663011709 start: 1473407675 516936435
t_num: 6 finish: 1473407677 21364867 start: 1473407675 89094233
t_num: 13 finish: 1473407677 65399850 start: 1473407675 561782552
t_num: 3 finish: 1473407677 66557185 start: 1473407675 998538528
t_num: 2 finish: 1473407677 168179693 start: 1473407675 517634727
t_num: 0 finish: 1473407677 303942673 start: 1473407674 568677699
t_num: 16 finish: 1473407677 714820715 start: 1473407673 981254938
t_num: 20 finish: 1473407677 764683753 start: 1473407676 160002675
t_num: 22 finish: 1473407677 818716548 start: 1473407675 561884072
t_num: 9 finish: 1473407678 87691860 start: 1473407676 305661500
t_num: 21 finish: 1473407678 570986875 start: 1473407675 523850135
t_num: 25 finish: 1473407679 13386884 start: 1473407676 529486460
t_num: 23 finish: 1473407679 14107069 start: 1473407676 470647770
t_num: 14 finish: 1473407679 93300022 start: 1473407676 466435940
t_num: 12 finish: 1473407679 123169436 start: 1473407676 371448856
t_num: 27 finish: 1473407679 124743777 start: 1473407676 467124935
t_num: 29 finish: 1473407679 124987779 start: 1473407676 545590847
t_num: 17 finish: 1473407679 128500179 start: 1473407676 494953400
t_num: 13 finish: 1473407679 133241051 start: 1473407677 826892243
t_num: 30 finish: 1473407679 146954168 start: 1473407677 403691616
t_num: 24 finish: 1473407679 575195015 start: 1473407677 303819244
t_num: 8 finish: 1473407679 636705651 start: 1473407676 463906695
t_num: 3 finish: 1473407679 907019859 start: 1473407677 712285046
t_num: 9 finish: 1473407679 946593094 start: 1473407678 402146003
t_num: 16 finish: 1473407680 40039080 start: 1473407677 714849638
t_num: 6 finish: 1473407680 40809959 start: 1473407678 131127517
t_num: 10 finish: 1473407680 287186856 start: 1473407677 303875143
t_num: 23 finish: 1473407680 347453706 start: 1473407679 14123423
t_num: 14 finish: 1473407680 348835244 start: 1473407679 93332029
t_num: 22 finish: 1473407680 348835244 start: 1473407678 756740548
t_num: 27 finish: 1473407680 669454662 start: 1473407679 124764410
t_num: 28 finish: 1473407680 669521931 start: 1473407678 347369146
t_num: 30 finish: 1473407680 796842480 start: 1473407679 146974740
t_num: 25 finish: 1473407680 927606212 start: 1473407679 445224085
t_num: 12 finish: 1473407681 202410560 start: 1473407679 123195161
t_num: 17 finish: 1473407681 203976182 start: 1473407679 128520491
t_num: 10 finish: 1473407682 85837120 start: 1473407680 287207843
t_num: 24 finish: 1473407682 211621009 start: 1473407679 575240513
t_num: 6 finish: 1473407682 211688531 start: 1473407680 40843689
t_num: 8 finish: 1473407682 279605404 start: 1473407679 636738707
t_num: 13 finish: 1473407682 312788692 start: 1473407680 262872097
t_num: 21 finish: 1473407682 439692874 start: 1473407679 653187310
t_num: 12 finish: 1473407682 783286434 start: 1473407681 301883184
t_num: 14 finish: 1473407683 143035580 start: 1473407681 143080999
t_num: 7 finish: 1473407683 259849992 start: 1473407680 377300535
t_num: 20 finish: 1473407683 259875083 start: 1473407680 528664548
t_num: 31 finish: 1473407683 455840911 start: 1473407681 180894077
t_num: 29 finish: 1473407683 527159096 start: 1473407680 693484916
t_num: 18 finish: 1473407683 820590652 start: 1473407680 445502572
t_num: 3 finish: 1473407683 872020539 start: 1473407681 776037543
t_num: 25 finish: 1473407683 991986939 start: 1473407680 927638467
t_num: 9 finish: 1473407684 7448298 start: 1473407680 962319541
t_num: 4 finish: 1473407684 313456724 start: 1473407680 708249764
t_num: 24 finish: 1473407684 648240129 start: 1473407682 211644065
t_num: 0 finish: 1473407684 708693509 start: 1473407681 583462438
t_num: 21 finish: 1473407684 770485556 start: 1473407682 928386222
t_num: 11 finish: 1473407684 770486110 start: 1473407682 782277853
t_num: 13 finish: 1473407684 970907638 start: 1473407682 981163885
t_num: 18 finish: 1473407684 971523419 start: 1473407683 820614872
t_num: 8 finish: 1473407685 11402061 start: 1473407682 279631159
t_num: 23 finish: 1473407685 39964093 start: 1473407682 210877569
t_num: 9 finish: 1473407685 107654553 start: 1473407684 7467613
t_num: 12 finish: 1473407685 107656497 start: 1473407682 783309213
t_num: 2 finish: 1473407685 711408600 start: 1473407683 371580604
t_num: 7 finish: 1473407685 904728489 start: 1473407683 881877543
t_num: 20 finish: 1473407685 990172902 start: 1473407684 165730123
t_num: 31 finish: 1473407686 36586595 start: 1473407683 455874674
t_num: 13 finish: 1473407686 65703606 start: 1473407684 970944929
t_num: 29 finish: 1473407686 65709560 start: 1473407683 527205240
t_num: 24 finish: 1473407686 138457596 start: 1473407684 648275203
t_num: 4 finish: 1473407686 223985927 start: 1473407684 313489888
t_num: 15 finish: 1473407686 286925301 start: 1473407684 165749842
t_num: 19 finish: 1473407686 613700728 start: 1473407684 952931867
t_num: 5 finish: 1473407686 696363297 start: 1473407683 959860360
t_num: 0 finish: 1473407686 867754807 start: 1473407684 708717685
t_num: 1 finish: 1473407687 165845252 start: 1473407685 713946416
t_num: 22 finish: 1473407687 496228864 start: 1473407684 238141176
t_num: 18 finish: 1473407687 622578119 start: 1473407684 971539524
t_num: 23 finish: 1473407687 888172101 start: 1473407685 40007594
t_num: 10 finish: 1473407687 905249059 start: 1473407683 881749041
t_num: 17 finish: 1473407687 905367743 start: 1473407685 855069071
t_num: 6 finish: 1473407688 293940583 start: 1473407685 823146038
t_num: 13 finish: 1473407688 324206527 start: 1473407686 65734450
t_num: 0 finish: 1473407688 367050301 start: 1473407687 135230205
t_num: 8 finish: 1473407688 401994875 start: 1473407685 11432980
t_num: 3 finish: 1473407688 418183460 start: 1473407686 695508049
t_num: 24 finish: 1473407688 457302271 start: 1473407686 138481900
t_num: 15 finish: 1473407688 458145722 start: 1473407686 286953804
t_num: 7 finish: 1473407688 462994068 start: 1473407686 406280734
t_num: 4 finish: 1473407688 810234772 start: 1473407686 224015339
t_num: 20 finish: 1473407689 498247742 start: 1473407686 640094206
t_num: 2 finish: 1473407689 800723442 start: 1473407687 202344330
t_num: 29 finish: 1473407689 862117069 start: 1473407687 385381475
t_num: 1 finish: 1473407690 286321783 start: 1473407687 400948373
t_num: 18 finish: 1473407690 312361947 start: 1473407687 622616387
t_num: 5 finish: 1473407690 526717998 start: 1473407686 696391034
t_num: 23 finish: 1473407690 614319653 start: 1473407688 763762424
t_num: 12 finish: 1473407690 678327617 start: 1473407687 168250239
t_num: 0 finish: 1473407690 681613376 start: 1473407688 367071135
t_num: 9 finish: 1473407690 681718344 start: 1473407688 366873791
t_num: 29 finish: 1473407691 140622886 start: 1473407689 862156885
t_num: 2 finish: 1473407691 185134483 start: 1473407689 800767269
t_num: 3 finish: 1473407691 185134454 start: 1473407688 418200029
t_num: 24 finish: 1473407691 354559111 start: 1473407689 711777604
t_num: 8 finish: 1473407691 398476338 start: 1473407688 402038009
t_num: 26 finish: 1473407691 398488844 start: 1473407688 766283054
t_num: 5 finish: 1473407691 398523667 start: 1473407690 526761182
t_num: 15 finish: 1473407691 398550578 start: 1473407689 503279766
t_num: 1 finish: 1473407691 453159869 start: 1473407690 286368264
t_num: 6 finish: 1473407691 453185992 start: 1473407688 293989193
t_num: 13 finish: 1473407692 63005574 start: 1473407688 324232459
t_num: 4 finish: 1473407692 143976977 start: 1473407689 497469615
t_num: 14 finish: 1473407692 327782529 start: 1473407689 668209914
t_num: 12 finish: 1473407692 656102589 start: 1473407690 678355318
t_num: 16 finish: 1473407692 656120825 start: 1473407689 499960703
t_num: 17 finish: 1473407692 824203442 start: 1473407690 681651165
t_num: 20 finish: 1473407692 906142622 start: 1473407689 498276484
t_num: 23 finish: 1473407693 174595402 start: 1473407690 614376247
t_num: 18 finish: 1473407693 194392430 start: 1473407691 417099640
t_num: 8 finish: 1473407693 500244733 start: 1473407691 398504903
t_num: 14 finish: 1473407693 620085628 start: 1473407692 327837257
t_num: 27 finish: 1473407693 827967926 start: 1473407690 824355562
t_num: 12 finish: 1473407693 857015481 start: 1473407692 656149783
t_num: 6 finish: 1473407693 935702268 start: 1473407691 453202818
t_num: 1 finish: 1473407694 117154292 start: 1473407691 453187006
t_num: 0 finish: 1473407694 155404821 start: 1473407691 15911570
t_num: 15 finish: 1473407694 162618659 start: 1473407691 398563940
t_num: 24 finish: 1473407694 328044112 start: 1473407691 354596236
t_num: 31 finish: 1473407694 383712876 start: 1473407692 495260515
t_num: 28 finish: 1473407694 845227252 start: 1473407691 209143972
t_num: 17 finish: 1473407694 957992579 start: 1473407692 824248425
t_num: 19 finish: 1473407695 59423641 start: 1473407693 9148832
t_num: 26 finish: 1473407695 606883149 start: 1473407692 212560286
t_num: 8 finish: 1473407695 631680236 start: 1473407693 519693436
t_num: 6 finish: 1473407695 632837775 start: 1473407693 935734959
t_num: 27 finish: 1473407695 781902360 start: 1473407693 828020936
t_num: 13 finish: 1473407696 46202116 start: 1473407692 605632839
t_num: 12 finish: 1473407696 298331731 start: 1473407693 857057254
t_num: 9 finish: 1473407696 379384878 start: 1473407693 511964183
t_num: 25 finish: 1473407696 407544617 start: 1473407694 619143849
t_num: 30 finish: 1473407696 407553673 start: 1473407694 383723523
t_num: 31 finish: 1473407696 430774162 start: 1473407695 732017475
t_num: 17 finish: 1473407696 431040235 start: 1473407695 782921979
t_num: 10 finish: 1473407696 431100090 start: 1473407695 60308581
t_num: 15 finish: 1473407696 453504823 start: 1473407694 162654665
t_num: 29 finish: 1473407696 543634168 start: 1473407695 501491875
t_num: 24 finish: 1473407696 545773655 start: 1473407695 373983297
t_num: 4 finish: 1473407696 627591811 start: 1473407693 772852063
t_num: 6 finish: 1473407696 821066413 start: 1473407695 632857546
t_num: 1 finish: 1473407697 334835998 start: 1473407695 245532227
t_num: 19 finish: 1473407697 447284779 start: 1473407695 59453908
t_num: 8 finish: 1473407697 540104049 start: 1473407695 954947899
t_num: 18 finish: 1473407697 669373192 start: 1473407695 145966927
t_num: 14 finish: 1473407697 700775531 start: 1473407695 960160809
t_num: 10 finish: 1473407698 517736147 start: 1473407696 431114107
t_num: 7 finish: 1473407698 695632826 start: 1473407696 832078926
t_num: 17 finish: 1473407698 695683723 start: 1473407696 431061483
t_num: 0 finish: 1473407698 695692710 start: 1473407696 510029219
t_num: 26 finish: 1473407698 905877747 start: 1473407697 19025538
t_num: 25 finish: 1473407699 86067989 start: 1473407696 407570033
t_num: 22 finish: 1473407699 366438819 start: 1473407697 539272455
t_num: 24 finish: 1473407699 372273947 start: 1473407697 464288962
t_num: 30 finish: 1473407699 511995622 start: 1473407697 558006342
t_num: 13 finish: 1473407699 588470973 start: 1473407696 46246354
t_num: 29 finish: 1473407699 595012907 start: 1473407696 543685661
t_num: 31 finish: 1473407699 614852782 start: 1473407696 430812245
t_num: 1 finish: 1473407699 620174676 start: 1473407698 16361714
t_num: 5 finish: 1473407699 945312514 start: 1473407696 583418174
t_num: 11 finish: 1473407700 673596887 start: 1473407698 45084199
t_num: 28 finish: 1473407700 680636639 start: 1473407696 951865597
t_num: 22 finish: 1473407700 959997536 start: 1473407699 366461034
t_num: 8 finish: 1473407701 323732017 start: 1473407697 540144214
t_num: 30 finish: 1473407701 363287269 start: 1473407699 512042668
t_num: 19 finish: 1473407701 363293752 start: 1473407698 529192705
t_num: 25 finish: 1473407701 665709532 start: 1473407699 86118293
t_num: 18 finish: 1473407701 758850933 start: 1473407699 368594136
t_num: 1 finish: 1473407701 890219902 start: 1473407699 620193960
t_num: 31 finish: 1473407701 891224999 start: 1473407699 614888102
t_num: 7 finish: 1473407702 53028747 start: 1473407699 367042072
t_num: 10 finish: 1473407702 347863007 start: 1473407698 620349327
t_num: 17 finish: 1473407702 454122569 start: 1473407700 254633850
t_num: 11 finish: 1473407702 598568522 start: 1473407700 673657161
t_num: 21 finish: 1473407702 601256347 start: 1473407699 376055555
t_num: 29 finish: 1473407702 601265994 start: 1473407699 927594455
t_num: 3 finish: 1473407702 810169295 start: 1473407700 253380930
t_num: 24 finish: 1473407703 40846701 start: 1473407699 372297922
t_num: 6 finish: 1473407703 202419733 start: 1473407701 210198201
t_num: 14 finish: 1473407703 275945829 start: 1473407700 147376305
t_num: 0 finish: 1473407703 317007341 start: 1473407701 419905206
t_num: 18 finish: 1473407703 327517926 start: 1473407701 758887691
t_num: 19 finish: 1473407703 360012387 start: 1473407701 363383076
t_num: 4 finish: 1473407703 489530113 start: 1473407702 667808336
t_num: 5 finish: 1473407703 727709545 start: 1473407701 994941725
t_num: 30 finish: 1473407703 901963540 start: 1473407701 363329341
t_num: 8 finish: 1473407703 946703621 start: 1473407701 783989079
t_num: 16 finish: 1473407703 955243323 start: 1473407701 948062036
t_num: 17 finish: 1473407704 107233464 start: 1473407702 454164325
t_num: 13 finish: 1473407704 494018657 start: 1473407702 146573674
t_num: 2 finish: 1473407704 654177633 start: 1473407702 542595715
t_num: 18 finish: 1473407704 655513546 start: 1473407703 327539753
t_num: 10 finish: 1473407704 660817870 start: 1473407703 498210708
t_num: 22 finish: 1473407704 776398990 start: 1473407702 26756221
t_num: 7 finish: 1473407704 776415533 start: 1473407703 538474544
t_num: 4 finish: 1473407704 982712755 start: 1473407703 489565181
t_num: 24 finish: 1473407705 232396999 start: 1473407703 40883402
t_num: 5 finish: 1473407705 232511826 start: 1473407703 727740396
t_num: 12 finish: 1473407705 232644986 start: 1473407703 906311738
t_num: 1 finish: 1473407705 232683860 start: 1473407703 680016674
t_num: 21 finish: 1473407705 237232141 start: 1473407703 695697
t_num: 3 finish: 1473407705 485470103 start: 1473407702 810206447
t_num: 16 finish: 1473407705 527306292 start: 1473407703 955268031
t_num: 8 finish: 1473407705 687413439 start: 1473407704 479258212
t_num: 28 finish: 1473407705 697713193 start: 1473407702 510693670
t_num: 6 finish: 1473407706 101955290 start: 1473407703 202466089
t_num: 19 finish: 1473407706 308149358 start: 1473407703 360041454
t_num: 2 finish: 1473407706 393072900 start: 1473407704 654222654
t_num: 30 finish: 1473407706 670855984 start: 1473407703 902005586
t_num: 13 finish: 1473407706 957025007 start: 1473407704 807699773
t_num: 22 finish: 1473407707 94103574 start: 1473407704 776456230
t_num: 4 finish: 1473407707 153288021 start: 1473407704 982789180
t_num: 7 finish: 1473407707 386625531 start: 1473407704 776555210
t_num: 17 finish: 1473407707 406262442 start: 1473407706 665164892
t_num: 29 finish: 1473407707 570401687 start: 1473407705 649511444
t_num: 6 finish: 1473407707 693652682 start: 1473407706 690595198
t_num: 28 finish: 1473407707 719674662 start: 1473407705 697735429
t_num: 3 finish: 1473407707 777619244 start: 1473407705 485527984
t_num: 12 finish: 1473407707 937209584 start: 1473407705 232664131
t_num: 5 finish: 1473407708 34609326 start: 1473407706 649846966
t_num: 30 finish: 1473407708 35826720 start: 1473407706 670874790
t_num: 18 finish: 1473407708 103773105 start: 1473407705 896441764
t_num: 15 finish: 1473407708 285182988 start: 1473407706 418723443
t_num: 13 finish: 1473407708 474687064 start: 1473407706 957060250
t_num: 27 finish: 1473407708 476906426 start: 1473407705 752311426
t_num: 8 finish: 1473407708 478925497 start: 1473407706 119421823
t_num: 9 finish: 1473407708 481027715 start: 1473407707 210370595
t_num: 22 finish: 1473407708 567889259 start: 1473407707 94130752
t_num: 1 finish: 1473407708 686909887 start: 1473407705 379443073
t_num: 28 finish: 1473407708 686920279 start: 1473407707 719711598
t_num: 26 finish: 1473407708 688024500 start: 1473407707 442196325
t_num: 2 finish: 1473407708 688177444 start: 1473407707 403595067
t_num: 11 finish: 1473407709 393970568 start: 1473407707 829143764
t_num: 29 finish: 1473407709 416485103 start: 1473407708 140197702
t_num: 30 finish: 1473407709 418692807 start: 1473407708 35857161
t_num: 24 finish: 1473407709 418714389 start: 1473407705 232438667
t_num: 27 finish: 1473407709 980093795 start: 1473407708 476926025
t_num: 4 finish: 1473407709 980319075 start: 1473407708 103900481
t_num: 5 finish: 1473407710 96195209 start: 1473407708 34644663
t_num: 7 finish: 1473407710 106437429 start: 1473407707 386668044
t_num: 6 finish: 1473407710 474283942 start: 1473407708 140184376
t_num: 12 finish: 1473407710 607944755 start: 1473407708 568119276
t_num: 8 finish: 1473407710 666299959 start: 1473407708 478945351
t_num: 24 finish: 1473407710 707302960 start: 1473407709 418733041
t_num: 22 finish: 1473407710 836276795 start: 1473407708 567918065
t_num: 1 finish: 1473407711 303788672 start: 1473407708 686934221
t_num: 4 finish: 1473407711 304863544 start: 1473407709 980365989
t_num: 10 finish: 1473407711 304879459 start: 1473407708 734853875
t_num: 18 finish: 1473407711 305132874 start: 1473407709 742312041
t_num: 9 finish: 1473407711 327733115 start: 1473407708 481048626
t_num: 26 finish: 1473407711 494628268 start: 1473407708 688040813
t_num: 15 finish: 1473407711 838820693 start: 1473407709 603467234
t_num: 17 finish: 1473407712 290251604 start: 1473407710 136734471
t_num: 5 finish: 1473407712 686744090 start: 1473407710 96238609
t_num: 15 finish: 1473407712 926071082 start: 1473407711 838851908
t_num: 12 finish: 1473407713 43323288 start: 1473407710 607978982
t_num: 11 finish: 1473407713 91811825 start: 1473407711 304913674
t_num: 25 finish: 1473407713 520224903 start: 1473407709 418770365
t_num: 23 finish: 1473407713 556203825 start: 1473407710 182549031
t_num: 22 finish: 1473407714 186573558 start: 1473407710 836313493
t_num: 8 finish: 1473407714 284144637 start: 1473407710 666366450
t_num: 18 finish: 1473407714 365968378 start: 1473407711 305151733
t_num: 29 finish: 1473407714 539110143 start: 1473407711 332348182
t_num: 30 finish: 1473407714 601776569 start: 1473407712 186551519
t_num: 1 finish: 1473407714 857994251 start: 1473407711 303876696
t_num: 31 finish: 1473407714 916216320 start: 1473407710 206698056
t_num: 24 finish: 1473407715 270963023 start: 1473407712 218375924
t_num: 11 finish: 1473407715 808088495 start: 1473407714 209178333
t_num: 19 finish: 1473407715 809194205 start: 1473407713 155945161
t_num: 21 finish: 1473407716 239569015 start: 1473407712 611420827
t_num: 0 finish: 1473407716 251282032 start: 1473407712 288082621
t_num: 9 finish: 1473407716 254878181 start: 1473407713 452956277
t_num: 3 finish: 1473407716 313915427 start: 1473407714 982297950
t_num: 1 finish: 1473407716 313991354 start: 1473407714 858027997
t_num: 15 finish: 1473407716 363885534 start: 1473407712 926099402
t_num: 16 finish: 1473407716 396969105 start: 1473407713 591427611
t_num: 25 finish: 1473407716 397030899 start: 1473407713 520258815
t_num: 27 finish: 1473407716 442197484 start: 1473407712 923924557
t_num: 14 finish: 1473407716 445956312 start: 1473407713 19140173
t_num: 12 finish: 1473407717 164243599 start: 1473407713 43345302
t_num: 29 finish: 1473407717 277338235 start: 1473407714 539174742
t_num: 8 finish: 1473407717 331723716 start: 1473407714 284189458
t_num: 17 finish: 1473407717 561470396 start: 1473407715 219371032
t_num: 13 finish: 1473407717 612496549 start: 1473407715 71427882
t_num: 5 finish: 1473407718 66346097 start: 1473407712 686777674
t_num: 26 finish: 1473407718 106174019 start: 1473407714 893581678
t_num: 23 finish: 1473407718 397143038 start: 1473407715 858983604
t_num: 11 finish: 1473407718 538242166 start: 1473407716 363903202
t_num: 9 finish: 1473407718 575825050 start: 1473407716 254901213
t_num: 18 finish: 1473407718 867512013 start: 1473407715 858724070
t_num: 1 finish: 1473407718 894287716 start: 1473407716 493277035
t_num: 21 finish: 1473407718 971238833 start: 1473407717 165773596
t_num: 22 finish: 1473407719 713565 start: 1473407715 346986177
t_num: 28 finish: 1473407719 724975 start: 1473407716 363615731
t_num: 3 finish: 1473407719 322948162 start: 1473407717 169186558
t_num: 2 finish: 1473407719 326944989 start: 1473407717 198886390
t_num: 16 finish: 1473407719 327752537 start: 1473407718 52409408
t_num: 27 finish: 1473407719 355274923 start: 1473407717 78133314
t_num: 0 finish: 1473407719 378547448 start: 1473407716 858333930
t_num: 11 finish: 1473407719 780494956 start: 1473407718 538293836
t_num: 7 finish: 1473407719 781117604 start: 1473407717 77665727
t_num: 25 finish: 1473407719 886870180 start: 1473407716 397068703
t_num: 5 finish: 1473407720 163427981 start: 1473407718 66374871
t_num: 26 finish: 1473407720 196990280 start: 1473407718 106209723
t_num: 12 finish: 1473407720 511370096 start: 1473407717 616004882
t_num: 30 finish: 1473407720 539813381 start: 1473407717 450886772
t_num: 4 finish: 1473407720 718671019 start: 1473407718 810825706
t_num: 3 finish: 1473407720 749494071 start: 1473407719 477416806
t_num: 23 finish: 1473407721 98623198 start: 1473407719 836281
t_num: 1 finish: 1473407721 123912619 start: 1473407719 324999062
t_num: 31 finish: 1473407721 129216844 start: 1473407720 195113791
t_num: 29 finish: 1473407721 130068568 start: 1473407718 971437084
t_num: 16 finish: 1473407721 181749385 start: 1473407719 327769135
t_num: 6 finish: 1473407721 376808074 start: 1473407718 597703857
t_num: 9 finish: 1473407721 537709794 start: 1473407718 575849365
t_num: 21 finish: 1473407721 666615363 start: 1473407718 971276137
t_num: 10 finish: 1473407721 712699322 start: 1473407718 558214752
t_num: 7 finish: 1473407721 902137380 start: 1473407719 781132603
t_num: 22 finish: 1473407722 498386824 start: 1473407719 742127
t_num: 11 finish: 1473407722 543039149 start: 1473407719 780550772
t_num: 25 finish: 1473407722 587107739 start: 1473407719 886904382
t_num: 27 finish: 1473407722 587747276 start: 1473407720 389052950
t_num: 30 finish: 1473407722 603712363 start: 1473407720 539837153
t_num: 12 finish: 1473407722 628990017 start: 1473407720 511403591
t_num: 3 finish: 1473407723 97439801 start: 1473407720 749520361
t_num: 5 finish: 1473407723 890922346 start: 1473407721 565218651
t_num: 4 finish: 1473407723 939386782 start: 1473407721 566049645
t_num: 18 finish: 1473407724 118276889 start: 1473407722 278563779
t_num: 28 finish: 1473407724 180215181 start: 1473407720 434841189
t_num: 20 finish: 1473407724 217446039 start: 1473407722 229424313
t_num: 27 finish: 1473407724 239610229 start: 1473407722 587773582
t_num: 17 finish: 1473407724 293788507 start: 1473407721 789020352
t_num: 16 finish: 1473407724 318033150 start: 1473407721 181773235
t_num: 6 finish: 1473407724 377396512 start: 1473407722 201740564
t_num: 7 finish: 1473407724 615358923 start: 1473407721 902174908
t_num: 23 finish: 1473407724 629232240 start: 1473407721 591757274
t_num: 8 finish: 1473407724 704243796 start: 1473407722 634149008
t_num: 19 finish: 1473407725 94757014 start: 1473407721 596858768
t_num: 31 finish: 1473407725 228131544 start: 1473407721 789007778
t_num: 3 finish: 1473407725 801171627 start: 1473407723 97492368
t_num: 10 finish: 1473407725 829099225 start: 1473407723 97478947
t_num: 29 finish: 1473407725 829144103 start: 1473407723 97512725
t_num: 20 finish: 1473407725 982990660 start: 1473407724 217488696
t_num: 17 finish: 1473407726 42982855 start: 1473407724 293841650
t_num: 11 finish: 1473407726 256728694 start: 1473407724 995863265
t_num: 28 finish: 1473407726 609792239 start: 1473407724 180237987
t_num: 12 finish: 1473407726 625370493 start: 1473407724 293814238
t_num: 18 finish: 1473407726 648013092 start: 1473407724 674952169
t_num: 24 finish: 1473407726 881770912 start: 1473407725 189518667
t_num: 25 finish: 1473407727 50082343 start: 1473407723 336385375
t_num: 4 finish: 1473407727 52980305 start: 1473407725 302358865
t_num: 27 finish: 1473407727 53047293 start: 1473407724 239643693
t_num: 23 finish: 1473407727 58579450 start: 1473407725 389400922
t_num: 22 finish: 1473407727 58583984 start: 1473407724 293923652
t_num: 15 finish: 1473407727 298106117 start: 1473407725 42598692
t_num: 31 finish: 1473407727 375244886 start: 1473407725 981116987
t_num: 3 finish: 1473407727 375267805 start: 1473407725 801209653
t_num: 19 finish: 1473407727 481414225 start: 1473407725 695766851
t_num: 7 finish: 1473407727 544894660 start: 1473407725 578513764
t_num: 29 finish: 1473407727 687777349 start: 1473407725 829188675
t_num: 13 finish: 1473407727 826162733 start: 1473407724 180101133
t_num: 1 finish: 1473407728 171547590 start: 1473407725 90684942
t_num: 4 finish: 1473407728 487091142 start: 1473407727 53001263
t_num: 25 finish: 1473407729 387855525 start: 1473407727 50107639
t_num: 15 finish: 1473407729 387892608 start: 1473407727 298150131
t_num: 17 finish: 1473407729 387957816 start: 1473407726 43025352
t_num: 12 finish: 1473407729 481997687 start: 1473407726 625391169
t_num: 9 finish: 1473407729 482992570 start: 1473407727 43093828
t_num: 10 finish: 1473407729 483928107 start: 1473407726 992031002
t_num: 2 finish: 1473407729 494253906 start: 1473407726 270003782
t_num: 19 finish: 1473407729 516105918 start: 1473407727 481439707
t_num: 28 finish: 1473407729 545761446 start: 1473407726 609827982
t_num: 3 finish: 1473407730 338604164 start: 1473407727 375306303
t_num: 22 finish: 1473407730 358628349 start: 1473407727 827086269
t_num: 23 finish: 1473407730 378934034 start: 1473407729 178719766
t_num: 20 finish: 1473407730 399137457 start: 1473407727 217417849
t_num: 21 finish: 1473407730 536546021 start: 1473407728 97553804
t_num: 13 finish: 1473407730 597404363 start: 1473407728 252713288
t_num: 26 finish: 1473407730 597493539 start: 1473407727 413122520
t_num: 29 finish: 1473407730 914100866 start: 1473407727 687831429
t_num: 1 finish: 1473407731 60305423 start: 1473407729 387990652
t_num: 16 finish: 1473407731 96414030 start: 1473407729 562668625
t_num: 30 finish: 1473407731 149442896 start: 1473407729 562656521
t_num: 19 finish: 1473407731 388273289 start: 1473407729 516126319
t_num: 25 finish: 1473407731 388278866 start: 1473407729 387922868
t_num: 17 finish: 1473407732 402542226 start: 1473407729 388192279
t_num: 7 finish: 1473407732 415519274 start: 1473407728 563866589
t_num: 27 finish: 1473407732 416468808 start: 1473407727 690468810
t_num: 10 finish: 1473407732 416544776 start: 1473407729 483949005
t_num: 12 finish: 1473407732 626687536 start: 1473407729 589258409
t_num: 2 finish: 1473407732 630939871 start: 1473407729 494298920
t_num: 18 finish: 1473407732 631761435 start: 1473407729 476785954
t_num: 8 finish: 1473407732 754888311 start: 1473407729 578692128
t_num: 24 finish: 1473407733 403522904 start: 1473407731 678357910
t_num: 23 finish: 1473407733 469316962 start: 1473407730 989947567
t_num: 30 finish: 1473407733 491459316 start: 1473407731 149484579
t_num: 15 finish: 1473407733 646776061 start: 1473407729 661328829
t_num: 29 finish: 1473407733 649775022 start: 1473407731 778209355
t_num: 20 finish: 1473407733 809999813 start: 1473407730 399171867
t_num: 26 finish: 1473407733 912815688 start: 1473407731 495040723
t_num: 10 finish: 1473407734 166702598 start: 1473407732 416563361
t_num: 16 finish: 1473407734 254431214 start: 1473407731 96443815
t_num: 1 finish: 1473407734 382417801 start: 1473407731 741822672
t_num: 13 finish: 1473407734 405907269 start: 1473407732 148389468
t_num: 21 finish: 1473407734 422919861 start: 1473407731 849684128
t_num: 5 finish: 1473407734 422990913 start: 1473407732 753287329
t_num: 0 finish: 1473407734 452828127 start: 1473407732 403910515
t_num: 29 finish: 1473407734 572814162 start: 1473407733 649795740
t_num: 6 finish: 1473407734 628200670 start: 1473407732 646207506
t_num: 2 finish: 1473407734 837651295 start: 1473407732 924194722
t_num: 24 finish: 1473407734 996617412 start: 1473407733 403546476
t_num: 22 finish: 1473407735 21609326 start: 1473407730 989959564
t_num: 31 finish: 1473407735 225175135 start: 1473407733 599834378
t_num: 17 finish: 1473407735 241863074 start: 1473407733 965273201
t_num: 8 finish: 1473407735 401612690 start: 1473407733 391506171
t_num: 25 finish: 1473407735 401612277 start: 1473407731 388399285
t_num: 13 finish: 1473407735 563281074 start: 1473407734 405935106
t_num: 26 finish: 1473407735 564610050 start: 1473407734 452845080
t_num: 16 finish: 1473407735 745321719 start: 1473407734 254458473
t_num: 30 finish: 1473407735 915765416 start: 1473407734 271978994
t_num: 27 finish: 1473407736 29002134 start: 1473407732 416491867
t_num: 10 finish: 1473407736 50563015 start: 1473407734 166754131
t_num: 24 finish: 1473407736 140131507 start: 1473407734 996659622
t_num: 18 finish: 1473407736 182276759 start: 1473407732 631782280
t_num: 15 finish: 1473407736 428772089 start: 1473407734 356276223
t_num: 1 finish: 1473407736 650936738 start: 1473407734 382456854
t_num: 6 finish: 1473407736 763567893 start: 1473407734 628237803
t_num: 13 finish: 1473407736 868660455 start: 1473407735 563322895
t_num: 28 finish: 1473407736 983891733 start: 1473407734 683889834
t_num: 25 finish: 1473407737 313306395 start: 1473407735 401649002
t_num: 11 finish: 1473407737 407602176 start: 1473407735 345123654
t_num: 27 finish: 1473407737 554300992 start: 1473407736 29035018
t_num: 29 finish: 1473407737 556052849 start: 1473407735 746002242
t_num: 31 finish: 1473407737 948387654 start: 1473407735 225216763
t_num: 22 finish: 1473407738 168306697 start: 1473407735 832058880
t_num: 15 finish: 1473407738 205392606 start: 1473407736 428814832
t_num: 7 finish: 1473407738 530366762 start: 1473407735 21661181
t_num: 16 finish: 1473407738 530369010 start: 1473407735 745360823
t_num: 14 finish: 1473407738 619931483 start: 1473407736 832075506
t_num: 21 finish: 1473407738 640800124 start: 1473407736 140763030
t_num: 13 finish: 1473407739 156463866 start: 1473407737 526256850
t_num: 25 finish: 1473407739 157298673 start: 1473407737 313354724
t_num: 24 finish: 1473407739 197723474 start: 1473407736 140184398
t_num: 15 finish: 1473407739 307535424 start: 1473407738 205409741
t_num: 30 finish: 1473407739 451654442 start: 1473407737 37553689
t_num: 26 finish: 1473407739 452445311 start: 1473407737 136789297
t_num: 11 finish: 1473407739 456167209 start: 1473407737 407625318
t_num: 7 finish: 1473407739 468647258 start: 1473407738 530415858
t_num: 19 finish: 1473407739 538888256 start: 1473407737 568635962
t_num: 10 finish: 1473407739 638702127 start: 1473407738 77898279
t_num: 27 finish: 1473407739 977146581 start: 1473407737 554337951
t_num: 8 finish: 1473407739 989042752 start: 1473407738 195195648
t_num: 3 finish: 1473407740 29868440 start: 1473407738 204572787
t_num: 18 finish: 1473407740 97841303 start: 1473407737 379043689
t_num: 13 finish: 1473407740 272870063 start: 1473407739 156497331
t_num: 6 finish: 1473407740 622181781 start: 1473407738 612097048
t_num: 22 finish: 1473407741 376009431 start: 1473407738 168342487
t_num: 19 finish: 1473407741 377117770 start: 1473407739 538928379
t_num: 14 finish: 1473407741 377178814 start: 1473407739 578816508
t_num: 8 finish: 1473407741 377740536 start: 1473407739 989072373
t_num: 18 finish: 1473407741 389129679 start: 1473407740 97887844
t_num: 28 finish: 1473407741 569124562 start: 1473407739 455871127
t_num: 31 finish: 1473407742 57732227 start: 1473407740 259840735
t_num: 9 finish: 1473407742 399818447 start: 1473407740 565861206
t_num: 24 finish: 1473407742 399819801 start: 1473407739 197770143
t_num: 1 finish: 1473407742 539702842 start: 1473407740 296382689
t_num: 21 finish: 1473407742 655435971 start: 1473407739 689029522
t_num: 13 finish: 1473407742 778539107 start: 1473407740 272899429
t_num: 15 finish: 1473407742 862937387 start: 1473407739 307569952
t_num: 11 finish: 1473407742 864120431 start: 1473407740 736008186
t_num: 3 finish: 1473407742 864665808 start: 1473407740 29905396
t_num: 6 finish: 1473407742 990478518 start: 1473407740 622211599
t_num: 18 finish: 1473407743 224676351 start: 1473407741 389151097
t_num: 27 finish: 1473407743 466342034 start: 1473407741 282458729
t_num: 4 finish: 1473407743 644683088 start: 1473407741 62470390
t_num: 14 finish: 1473407743 933938637 start: 1473407742 46844710
t_num: 28 finish: 1473407743 956071481 start: 1473407741 569186697
t_num: 8 finish: 1473407744 51004293 start: 1473407742 862431256
t_num: 22 finish: 1473407744 72416499 start: 1473407741 378935590
t_num: 16 finish: 1473407744 105626537 start: 1473407740 565818071
t_num: 9 finish: 1473407744 278685799 start: 1473407742 399867137
t_num: 31 finish: 1473407744 279374527 start: 1473407743 59893752
t_num: 19 finish: 1473407744 323923088 start: 1473407741 377139532
t_num: 13 finish: 1473407744 699785514 start: 1473407742 778571301
t_num: 5 finish: 1473407744 889100903 start: 1473407741 931555300
t_num: 11 finish: 1473407745 64408329 start: 1473407742 864141513
t_num: 14 finish: 1473407745 86084673 start: 1473407743 933981701
t_num: 1 finish: 1473407745 86280549 start: 1473407742 539744655
t_num: 6 finish: 1473407745 88125786 start: 1473407742 990513083
t_num: 17 finish: 1473407745 523241008 start: 1473407742 336230501
t_num: 0 finish: 1473407745 651802200 start: 1473407744 51951807
t_num: 22 finish: 1473407745 809861650 start: 1473407744 72436800
t_num: 15 finish: 1473407745 813128970 start: 1473407743 525533910
t_num: 31 finish: 1473407745 941892489 start: 1473407744 279393861
t_num: 28 finish: 1473407745 946608175 start: 1473407744 278733614
t_num: 13 finish: 1473407746 85162517 start: 1473407744 699822598
t_num: 8 finish: 1473407746 198135089 start: 1473407744 51053753
t_num: 9 finish: 1473407746 299021097 start: 1473407744 278721560
t_num: 16 finish: 1473407746 538433696 start: 1473407745 490332708
t_num: 4 finish: 1473407746 538728924 start: 1473407743 644719160
t_num: 3 finish: 1473407746 719978962 start: 1473407744 279082500
t_num: 23 finish: 1473407746 752741773 start: 1473407744 52135709
t_num: 1 finish: 1473407747 98121278 start: 1473407745 86312417
t_num: 15 finish: 1473407747 116274213 start: 1473407745 813149565
t_num: 17 finish: 1473407747 116964466 start: 1473407745 523279555
t_num: 20 finish: 1473407747 166162018 start: 1473407744 965192713
t_num: 5 finish: 1473407747 382266518 start: 1473407745 660400070
t_num: 31 finish: 1473407747 382333624 start: 1473407745 941920313
t_num: 21 finish: 1473407747 382345433 start: 1473407743 973218445
t_num: 19 finish: 1473407747 382584630 start: 1473407745 558815674
t_num: 28 finish: 1473407747 451430535 start: 1473407745 946629539
t_num: 13 finish: 1473407747 843553836 start: 1473407746 85214394
t_num: 11 finish: 1473407747 997727101 start: 1473407746 235169852
t_num: 22 finish: 1473407748 95604067 start: 1473407746 388377932
t_num: 16 finish: 1473407748 322334795 start: 1473407746 538475624
t_num: 17 finish: 1473407748 546484965 start: 1473407747 116994770
t_num: 20 finish: 1473407748 549324286 start: 1473407747 166185972
t_num: 8 finish: 1473407748 601291197 start: 1473407746 198198587
t_num: 15 finish: 1473407749 441614548 start: 1473407747 116299177
t_num: 21 finish: 1473407749 450010526 start: 1473407747 382361565
t_num: 30 finish: 1473407749 451096625 start: 1473407747 276327641
t_num: 11 finish: 1473407750 77529456 start: 1473407747 997772978
t_num: 31 finish: 1473407750 252963955 start: 1473407747 382349172
t_num: 7 finish: 1473407750 328864371 start: 1473407748 439384608
t_num: 23 finish: 1473407750 328931023 start: 1473407748 836412478
t_num: 17 finish: 1473407750 515112600 start: 1473407749 442653932
t_num: 20 finish: 1473407750 593394475 start: 1473407748 549345090
t_num: 26 finish: 1473407750 651547557 start: 1473407747 520795711
t_num: 3 finish: 1473407750 712692255 start: 1473407747 894507081
t_num: 15 finish: 1473407750 724792415 start: 1473407749 441656720
t_num: 5 finish: 1473407750 777265289 start: 1473407747 382311282
t_num: 29 finish: 1473407750 800270637 start: 1473407747 626619178
t_num: 1 finish: 1473407751 80229771 start: 1473407749 442547811
t_num: 16 finish: 1473407751 149664310 start: 1473407748 322369243
t_num: 21 finish: 1473407751 192239521 start: 1473407749 450034257
t_num: 9 finish: 1473407751 219024197 start: 1473407748 547487327
t_num: 30 finish: 1473407751 219301512 start: 1473407750 34126923
t_num: 19 finish: 1473407751 300097399 start: 1473407748 410398856
t_num: 31 finish: 1473407751 471510810 start: 1473407750 253016975
t_num: 23 finish: 1473407751 473954936 start: 1473407750 328944731
t_num: 28 finish: 1473407751 585475294 start: 1473407750 6095608
t_num: 8 finish: 1473407751 585498308 start: 1473407748 601329684
t_num: 12 finish: 1473407751 920918340 start: 1473407750 90292530
t_num: 10 finish: 1473407752 418926504 start: 1473407748 947667051
t_num: 20 finish: 1473407752 419724068 start: 1473407750 593426521
t_num: 3 finish: 1473407753 268042090 start: 1473407751 357175939
t_num: 6 finish: 1473407753 268736281 start: 1473407750 855205339
t_num: 17 finish: 1473407753 268870426 start: 1473407750 515155121
t_num: 24 finish: 1473407753 590162209 start: 1473407751 113061792
t_num: 1 finish: 1473407753 727363955 start: 1473407751 988226676
t_num: 19 finish: 1473407753 885050566 start: 1473407751 300123005
t_num: 9 finish: 1473407753 885071937 start: 1473407751 219067277
t_num: 10 finish: 1473407754 92979700 start: 1473407752 418953329
t_num: 23 finish: 1473407754 94037316 start: 1473407751 473975972
t_num: 15 finish: 1473407754 131338554 start: 1473407750 724826423
t_num: 18 finish: 1473407754 132514586 start: 1473407752 236254825
t_num: 28 finish: 1473407754 132601428 start: 1473407751 585553112
t_num: 7 finish: 1473407754 580326866 start: 1473407751 219170835
t_num: 14 finish: 1473407754 717229713 start: 1473407752 277247631
t_num: 8 finish: 1473407754 892917627 start: 1473407751 585590515
t_num: 16 finish: 1473407754 895274062 start: 1473407752 883741296
t_num: 6 finish: 1473407754 898558315 start: 1473407753 268755937
t_num: 24 finish: 1473407754 900129072 start: 1473407753 590197662
t_num: 26 finish: 1473407754 989453968 start: 1473407751 841299429
t_num: 30 finish: 1473407755 313257436 start: 1473407753 959357249
t_num: 1 finish: 1473407755 358827700 start: 1473407753 727405259
t_num: 10 finish: 1473407756 139542958 start: 1473407754 93024575
t_num: 20 finish: 1473407756 345949811 start: 1473407753 960172074
t_num: 28 finish: 1473407756 349711581 start: 1473407754 132617868
t_num: 19 finish: 1473407756 350082016 start: 1473407755 140396672
t_num: 24 finish: 1473407756 406580042 start: 1473407754 900149209
t_num: 13 finish: 1473407756 407738193 start: 1473407753 357510011
t_num: 12 finish: 1473407756 409520370 start: 1473407754 463185986
t_num: 25 finish: 1473407756 628401854 start: 1473407754 606807322
t_num: 7 finish: 1473407756 639196075 start: 1473407754 580367979
t_num: 30 finish: 1473407756 728811397 start: 1473407755 313287092
t_num: 9 finish: 1473407756 784478695 start: 1473407753 886531919
t_num: 14 finish: 1473407756 820134508 start: 1473407755 735651298
t_num: 8 finish: 1473407756 820689294 start: 1473407755 782395858
t_num: 23 finish: 1473407756 859694678 start: 1473407754 717102570
t_num: 26 finish: 1473407757 581327263 start: 1473407755 559109998
t_num: 1 finish: 1473407757 765336678 start: 1473407755 358864108
t_num: 16 finish: 1473407757 785927405 start: 1473407756 367030077
t_num: 17 finish: 1473407757 964794170 start: 1473407755 745753593
t_num: 18 finish: 1473407758 3588669 start: 1473407754 896882665
t_num: 28 finish: 1473407758 170252294 start: 1473407756 349731838
t_num: 22 finish: 1473407758 185746392 start: 1473407755 397514139
t_num: 20 finish: 1473407758 232136103 start: 1473407756 346021408
t_num: 4 finish: 1473407758 232885355 start: 1473407755 458917676
t_num: 23 finish: 1473407758 369597880 start: 1473407756 859717503
t_num: 13 finish: 1473407758 474210820 start: 1473407757 548763673
t_num: 10 finish: 1473407758 474238628 start: 1473407756 367698195
t_num: 24 finish: 1473407758 474372134 start: 1473407756 406601640
t_num: 9 finish: 1473407758 511511277 start: 1473407756 784506576
t_num: 25 finish: 1473407758 524337505 start: 1473407756 628440972
t_num: 7 finish: 1473407759 578627161 start: 1473407756 688839389
t_num: 14 finish: 1473407759 578676312 start: 1473407758 37004675
t_num: 17 finish: 1473407759 578895751 start: 1473407757 964833040
t_num: 8 finish: 1473407759 893394715 start: 1473407756 820710519
t_num: 25 finish: 1473407760 436982824 start: 1473407758 524353641
t_num: 13 finish: 1473407760 492524877 start: 1473407758 474302286
t_num: 27 finish: 1473407760 672034772 start: 1473407757 531278110
t_num: 4 finish: 1473407760 884780190 start: 1473407758 232905890
t_num: 22 finish: 1473407760 923887991 start: 1473407758 185767889
t_num: 28 finish: 1473407760 923892446 start: 1473407758 170286060
t_num: 26 finish: 1473407760 962510525 start: 1473407758 721102745
t_num: 2 finish: 1473407760 979144037 start: 1473407758 376624724
t_num: 30 finish: 1473407761 71250930 start: 1473407759 457935408
t_num: 1 finish: 1473407761 388451470 start: 1473407759 365027908
t_num: 10 finish: 1473407761 573536848 start: 1473407759 217371898
t_num: 23 finish: 1473407761 591061371 start: 1473407758 369639989
t_num: 14 finish: 1473407761 740975241 start: 1473407760 423484060
t_num: 11 finish: 1473407761 971238797 start: 1473407759 696276419
t_num: 20 finish: 1473407761 994604476 start: 1473407758 532255344
t_num: 25 finish: 1473407762 143476171 start: 1473407760 437011131
t_num: 21 finish: 1473407762 350165181 start: 1473407759 872068045
t_num: 22 finish: 1473407762 524157560 start: 1473407760 923922375
t_num: 9 finish: 1473407762 584337629 start: 1473407759 449958349
t_num: 8 finish: 1473407763 152803853 start: 1473407761 603533449
t_num: 7 finish: 1473407763 194652111 start: 1473407759 578668918
t_num: 5 finish: 1473407763 194654457 start: 1473407758 890534534
t_num: 26 finish: 1473407763 194705632 start: 1473407760 962529018
t_num: 17 finish: 1473407763 308733416 start: 1473407759 578915616
t_num: 2 finish: 1473407763 482193207 start: 1473407760 979160868
t_num: 30 finish: 1473407763 499665790 start: 1473407761 71334694
t_num: 14 finish: 1473407763 522084609 start: 1473407761 741019306
t_num: 13 finish: 1473407763 599458546 start: 1473407760 672062959
t_num: 4 finish: 1473407763 691951669 start: 1473407762 29120122
t_num: 11 finish: 1473407764 30021270 start: 1473407761 971282574
t_num: 27 finish: 1473407764 425280466 start: 1473407763 496653351
t_num: 12 finish: 1473407764 447038952 start: 1473407763 25777521
t_num: 3 finish: 1473407764 482677539 start: 1473407763 268967409
t_num: 19 finish: 1473407764 535870938 start: 1473407763 493491792
t_num: 28 finish: 1473407764 658581431 start: 1473407761 766607203
t_num: 23 finish: 1473407765 124959612 start: 1473407761 591088108
t_num: 8 finish: 1473407765 423633042 start: 1473407763 152849338
t_num: 14 finish: 1473407765 568609083 start: 1473407764 212276957
t_num: 21 finish: 1473407765 637397788 start: 1473407763 196008738
t_num: 25 finish: 1473407765 638259200 start: 1473407762 695197236
t_num: 30 finish: 1473407765 731560748 start: 1473407763 499685664
t_num: 15 finish: 1473407765 823237503 start: 1473407763 469276107
t_num: 20 finish: 1473407765 889159303 start: 1473407761 994630853
t_num: 2 finish: 1473407765 894102750 start: 1473407763 482212429
t_num: 11 finish: 1473407765 998359508 start: 1473407764 30054463
t_num: 18 finish: 1473407766 24631061 start: 1473407764 428098719
t_num: 4 finish: 1473407766 75685604 start: 1473407764 670939447
t_num: 6 finish: 1473407766 116278218 start: 1473407764 671600411
t_num: 0 finish: 1473407766 140060575 start: 1473407763 334256596
t_num: 5 finish: 1473407766 397988792 start: 1473407763 873094975
t_num: 23 finish: 1473407766 399310166 start: 1473407765 125010085
t_num: 13 finish: 1473407766 468641590 start: 1473407764 402898545
t_num: 26 finish: 1473407766 692960146 start: 1473407764 84223288
t_num: 14 finish: 1473407767 368374508 start: 1473407765 568644083
t_num: 8 finish: 1473407767 473698465 start: 1473407765 423677139
t_num: 18 finish: 1473407767 533902468 start: 1473407766 24656104
t_num: 19 finish: 1473407767 612097083 start: 1473407764 535902231
t_num: 0 finish: 1473407767 768515351 start: 1473407766 140080955
t_num: 24 finish: 1473407768 100792706 start: 1473407765 889228668
t_num: 6 finish: 1473407768 142725312 start: 1473407766 116294459
t_num: 4 finish: 1473407768 297087126 start: 1473407766 75710238
t_num: 20 finish: 1473407768 517892395 start: 1473407765 889195025
t_num: 23 finish: 1473407768 552595560 start: 1473407766 399327061
t_num: 28 finish: 1473407768 725187267 start: 1473407766 821432354
t_num: 3 finish: 1473407769 35120318 start: 1473407767 712574035
t_num: 18 finish: 1473407769 123305615 start: 1473407767 533928987
t_num: 14 finish: 1473407769 495029384 start: 1473407767 368405248
t_num: 7 finish: 1473407769 497810202 start: 1473407766 354698793
t_num: 21 finish: 1473407769 603336119 start: 1473407767 717341653
t_num: 11 finish: 1473407769 604035597 start: 1473407765 998388486
t_num: 15 finish: 1473407769 833958134 start: 1473407766 115385279
t_num: 2 finish: 1473407769 926165739 start: 1473407767 67207069
t_num: 8 finish: 1473407769 947563790 start: 1473407767 942462211
t_num: 22 finish: 1473407770 162935851 start: 1473407768 587475286
t_num: 24 finish: 1473407770 177514335 start: 1473407768 100844990
t_num: 14 finish: 1473407770 516506616 start: 1473407769 495075529
t_num: 0 finish: 1473407770 577618215 start: 1473407767 768551535
t_num: 19 finish: 1473407770 612871311 start: 1473407767 612128976
t_num: 21 finish: 1473407770 772542752 start: 1473407769 603368263
t_num: 28 finish: 1473407771 277256785 start: 1473407768 725231713
t_num: 5 finish: 1473407771 390959408 start: 1473407768 640346707
t_num: 15 finish: 1473407771 429975743 start: 1473407769 834022670
t_num: 1 finish: 1473407771 493449299 start: 1473407770 333014623
t_num: 22 finish: 1473407771 493454896 start: 1473407770 587329108
t_num: 23 finish: 1473407771 809473743 start: 1473407768 552654380
t_num: 8 finish: 1473407771 853044270 start: 1473407770 223469865
t_num: 31 finish: 1473407771 873850218 start: 1473407768 727243766
t_num: 26 finish: 1473407772 358215633 start: 1473407769 892271100
t_num: 16 finish: 1473407772 403736740 start: 1473407769 635012491
t_num: 3 finish: 1473407772 497506561 start: 1473407769 35163623
t_num: 29 finish: 1473407772 517484145 start: 1473407769 745502703
t_num: 13 finish: 1473407772 521111740 start: 1473407770 219969554
t_num: 27 finish: 1473407772 566629711 start: 1473407770 668524904
t_num: 19 finish: 1473407772 674969805 start: 1473407770 612888529
t_num: 30 finish: 1473407772 860410461 start: 1473407771 493504693
t_num: 9 finish: 1473407772 861111523 start: 1473407771 637944960
t_num: 14 finish: 1473407772 861113420 start: 1473407771 282565243
t_num: 20 finish: 1473407773 161002512 start: 1473407770 333027041
t_num: 27 finish: 1473407773 529259111 start: 1473407772 566653071
t_num: 0 finish: 1473407773 597081822 start: 1473407771 976898206
t_num: 22 finish: 1473407773 631818602 start: 1473407771 493524326
t_num: 23 finish: 1473407773 726075276 start: 1473407771 809518322
t_num: 3 finish: 1473407773 773915191 start: 1473407772 497528082
t_num: 8 finish: 1473407773 815757051 start: 1473407771 853068487
t_num: 13 finish: 1473407774 22006899 start: 1473407772 521128475
t_num: 26 finish: 1473407774 290672660 start: 1473407773 107191189
t_num: 25 finish: 1473407774 304735295 start: 1473407771 874951362
t_num: 5 finish: 1473407774 305811941 start: 1473407771 994612155
t_num: 2 finish: 1473407774 307466672 start: 1473407770 557078702
t_num: 28 finish: 1473407774 371558952 start: 1473407771 996120777
t_num: 1 finish: 1473407774 372316957 start: 1473407772 186286582
t_num: 20 finish: 1473407774 372377212 start: 1473407773 161042411
t_num: 29 finish: 1473407774 373052264 start: 1473407772 517506132
t_num: 18 finish: 1473407774 808637650 start: 1473407772 358833502
t_num: 31 finish: 1473407774 938957650 start: 1473407773 107261297
t_num: 26 finish: 1473407775 913849158 start: 1473407774 290696660
t_num: 16 finish: 1473407775 929994691 start: 1473407772 403760481
t_num: 29 finish: 1473407776 121124194 start: 1473407774 373073940
t_num: 3 finish: 1473407776 163605362 start: 1473407773 773939219
t_num: 14 finish: 1473407776 164046867 start: 1473407773 836114547
t_num: 22 finish: 1473407776 264935733 start: 1473407773 859076298
t_num: 9 finish: 1473407776 286159046 start: 1473407774 632134889
t_num: 8 finish: 1473407776 545358145 start: 1473407773 815793058
t_num: 13 finish: 1473407776 546053862 start: 1473407774 843103134
t_num: 24 finish: 1473407776 690058822 start: 1473407773 677213847
t_num: 2 finish: 1473407776 690872601 start: 1473407775 225890887
t_num: 27 finish: 1473407777 77580188 start: 1473407773 529291566
t_num: 25 finish: 1473407777 199208318 start: 1473407774 304756789
t_num: 1 finish: 1473407777 199222534 start: 1473407775 269739991
t_num: 5 finish: 1473407777 728926878 start: 1473407775 17239112
t_num: 3 finish: 1473407777 728994841 start: 1473407776 163627777
t_num: 28 finish: 1473407777 729900647 start: 1473407774 371582406
t_num: 0 finish: 1473407777 730127792 start: 1473407773 597126541
t_num: 23 finish: 1473407777 880798966 start: 1473407774 966600919
t_num: 29 finish: 1473407778 55414948 start: 1473407776 121168385
t_num: 6 finish: 1473407778 58025757 start: 1473407776 844246065
t_num: 14 finish: 1473407778 564344950 start: 1473407776 164068044
t_num: 20 finish: 1473407778 564407071 start: 1473407776 164133717
t_num: 7 finish: 1473407778 564452862 start: 1473407776 164558767
t_num: 26 finish: 1473407778 691924029 start: 1473407775 913882973
t_num: 9 finish: 1473407778 796135180 start: 1473407776 286189213
t_num: 18 finish: 1473407778 945975896 start: 1473407776 759251776
t_num: 16 finish: 1473407779 223657875 start: 1473407775 930018812
t_num: 13 finish: 1473407779 224003474 start: 1473407777 121999116
t_num: 2 finish: 1473407779 663671457 start: 1473407776 690890924
t_num: 21 finish: 1473407779 664596623 start: 1473407777 283781086
t_num: 5 finish: 1473407779 897557380 start: 1473407778 192180966
t_num: 15 finish: 1473407780 378640089 start: 1473407777 730843433
t_num: 27 finish: 1473407780 388483260 start: 1473407777 728144863
t_num: 20 finish: 1473407780 388494411 start: 1473407778 564425271
t_num: 13 finish: 1473407780 616121199 start: 1473407779 224022295
t_num: 5 finish: 1473407780 757961780 start: 1473407779 897600344
t_num: 2 finish: 1473407780 758582120 start: 1473407779 663716420
t_num: 16 finish: 1473407780 811180015 start: 1473407779 223700999
t_num: 28 finish: 1473407780 850759643 start: 1473407777 729939831
t_num: 9 finish: 1473407780 980067761 start: 1473407778 796183309
t_num: 8 finish: 1473407781 133687884 start: 1473407779 71495763
t_num: 1 finish: 1473407781 133868387 start: 1473407778 433888653
t_num: 11 finish: 1473407781 293325483 start: 1473407778 57168886
t_num: 6 finish: 1473407781 483171318 start: 1473407778 58047160
t_num: 18 finish: 1473407781 951152890 start: 1473407780 345046808
t_num: 30 finish: 1473407782 98606606 start: 1473407779 845053744
t_num: 19 finish: 1473407782 99826241 start: 1473407780 568864994
t_num: 17 finish: 1473407782 99976073 start: 1473407780 329427796
t_num: 12 finish: 1473407782 255636258 start: 1473407780 664478404
t_num: 29 finish: 1473407782 315591648 start: 1473407779 229970978
t_num: 27 finish: 1473407782 577950282 start: 1473407780 388510503
t_num: 31 finish: 1473407782 759131143 start: 1473407781 605194716
t_num: 9 finish: 1473407782 759202266 start: 1473407780 980096350
t_num: 24 finish: 1473407782 759707029 start: 1473407780 665628191
t_num: 0 finish: 1473407782 923662829 start: 1473407780 344991572
t_num: 6 finish: 1473407782 923669531 start: 1473407781 483210626
t_num: 21 finish: 1473407783 29744546 start: 1473407781 133918218
t_num: 1 finish: 1473407783 384930298 start: 1473407781 133888326
t_num: 13 finish: 1473407783 384953228 start: 1473407781 762821863
t_num: 17 finish: 1473407783 503254393 start: 1473407782 100009418
t_num: 19 finish: 1473407783 565658740 start: 1473407782 99846514
t_num: 29 finish: 1473407783 599394387 start: 1473407782 315627959
t_num: 10 finish: 1473407783 959404019 start: 1473407782 455013959
t_num: 31 finish: 1473407784 80413396 start: 1473407782 759160325
t_num: 18 finish: 1473407784 238589864 start: 1473407781 951198886
t_num: 20 finish: 1473407784 417228401 start: 1473407782 155594199
t_num: 27 finish: 1473407784 627538515 start: 1473407782 577990839
t_num: 11 finish: 1473407784 670130899 start: 1473407782 103243702
t_num: 5 finish: 1473407784 784344446 start: 1473407782 209036015
t_num: 24 finish: 1473407785 571285871 start: 1473407782 818297910
t_num: 16 finish: 1473407785 774754692 start: 1473407783 384916560
t_num: 8 finish: 1473407785 842186758 start: 1473407783 728715272
t_num: 0 finish: 1473407786 195149948 start: 1473407782 923697250
t_num: 29 finish: 1473407786 217079401 start: 1473407783 599429926
t_num: 2 finish: 1473407786 581849457 start: 1473407784 214835327
t_num: 4 finish: 1473407786 582450732 start: 1473407783 728057304
t_num: 18 finish: 1473407786 600707505 start: 1473407784 238621013
t_num: 20 finish: 1473407786 601296956 start: 1473407784 417250369
t_num: 1 finish: 1473407786 793716466 start: 1473407785 408895724
t_num: 17 finish: 1473407786 875678890 start: 1473407783 959411299
t_num: 6 finish: 1473407787 38835293 start: 1473407784 752265216
t_num: 22 finish: 1473407787 132801297 start: 1473407783 599563094
t_num: 12 finish: 1473407787 250082503 start: 1473407786 162787493
t_num: 31 finish: 1473407787 405009219 start: 1473407784 80449443
t_num: 14 finish: 1473407787 415516146 start: 1473407786 111475834
t_num: 10 finish: 1473407787 460481080 start: 1473407784 445193368
t_num: 21 finish: 1473407787 460488699 start: 1473407785 338058212
t_num: 16 finish: 1473407787 647658345 start: 1473407785 774794079
t_num: 27 finish: 1473407787 873682910 start: 1473407785 728209641
t_num: 24 finish: 1473407788 385440156 start: 1473407786 149085344
t_num: 5 finish: 1473407788 386259843 start: 1473407784 784368907
t_num: 26 finish: 1473407788 441106803 start: 1473407786 147664149
t_num: 28 finish: 1473407789 119217340 start: 1473407786 468607346
t_num: 7 finish: 1473407789 297797494 start: 1473407787 501437869
t_num: 25 finish: 1473407789 298000203 start: 1473407787 152062423
t_num: 4 finish: 1473407789 463852805 start: 1473407786 582472019
t_num: 17 finish: 1473407789 700592224 start: 1473407786 875716152
t_num: 23 finish: 1473407789 794236385 start: 1473407786 72456868
t_num: 6 finish: 1473407789 815046322 start: 1473407788 348635090
t_num: 1 finish: 1473407789 866530110 start: 1473407787 81904144
t_num: 10 finish: 1473407790 391610798 start: 1473407788 382130378
t_num: 2 finish: 1473407790 475909575 start: 1473407787 309756722
t_num: 24 finish: 1473407790 508418863 start: 1473407788 385469080
t_num: 14 finish: 1473407790 620616067 start: 1473407787 415541810
t_num: 0 finish: 1473407790 626237812 start: 1473407787 107964519
t_num: 27 finish: 1473407790 626757046 start: 1473407787 873710076
t_num: 9 finish: 1473407790 679455604 start: 1473407789 118022715
t_num: 11 finish: 1473407791 15651688 start: 1473407789 377047443
t_num: 7 finish: 1473407791 222548662 start: 1473407789 297839215
t_num: 22 finish: 1473407791 229453943 start: 1473407789 815063154
t_num: 28 finish: 1473407791 230135731 start: 1473407789 119243278
t_num: 19 finish: 1473407791 281683926 start: 1473407790 328759996
t_num: 3 finish: 1473407791 311482520 start: 1473407789 120445056
t_num: 18 finish: 1473407791 397987407 start: 1473407788 395652442
t_num: 26 finish: 1473407791 400044318 start: 1473407790 223064414
t_num: 5 finish: 1473407791 430449119 start: 1473407788 386282266
t_num: 13 finish: 1473407791 515941233 start: 1473407790 498852952
t_num: 21 finish: 1473407791 593785886 start: 1473407787 460549708
t_num: 24 finish: 1473407791 633824287 start: 1473407790 508442932
t_num: 0 finish: 1473407791 760478844 start: 1473407790 626260126
t_num: 30 finish: 1473407791 760488979 start: 1473407789 458908006
t_num: 25 finish: 1473407792 96327443 start: 1473407789 298020122
t_num: 15 finish: 1473407792 548823972 start: 1473407789 419340857
t_num: 1 finish: 1473407793 146566942 start: 1473407789 866559032
t_num: 17 finish: 1473407793 238229958 start: 1473407790 499431536
t_num: 13 finish: 1473407793 247679395 start: 1473407791 516001191
t_num: 30 finish: 1473407793 500349001 start: 1473407791 760516698
t_num: 4 finish: 1473407793 593883232 start: 1473407790 543375891
t_num: 23 finish: 1473407793 594006417 start: 1473407790 225123119
t_num: 16 finish: 1473407794 8281719 start: 1473407791 465509209
t_num: 22 finish: 1473407794 173401656 start: 1473407791 229475280
t_num: 19 finish: 1473407794 273185303 start: 1473407791 281718025
t_num: 3 finish: 1473407794 286408326 start: 1473407791 311504954
t_num: 9 finish: 1473407794 312979804 start: 1473407792 74472342
t_num: 18 finish: 1473407794 380903001 start: 1473407792 194570974
t_num: 8 finish: 1473407794 715001090 start: 1473407791 961290683
t_num: 30 finish: 1473407794 715551681 start: 1473407793 500388292
t_num: 28 finish: 1473407795 130394467 start: 1473407791 977110368
t_num: 20 finish: 1473407795 130397571 start: 1473407793 405660
t_num: 11 finish: 1473407795 189473120 start: 1473407793 166096225
t_num: 0 finish: 1473407795 243126581 start: 1473407793 875047109
t_num: 21 finish: 1473407795 364699940 start: 1473407791 593842482
t_num: 15 finish: 1473407795 364755691 start: 1473407792 548858961
t_num: 16 finish: 1473407795 507753769 start: 1473407794 8323248
t_num: 23 finish: 1473407795 550557598 start: 1473407793 594024592
t_num: 1 finish: 1473407795 938756426 start: 1473407793 875130313
t_num: 8 finish: 1473407796 123511208 start: 1473407794 715040319
t_num: 22 finish: 1473407796 167875810 start: 1473407795 217082670
t_num: 19 finish: 1473407796 220751248 start: 1473407794 273212903
t_num: 20 finish: 1473407796 222181900 start: 1473407795 130485352
t_num: 10 finish: 1473407796 390890965 start: 1473407793 635857425
t_num: 13 finish: 1473407796 460434198 start: 1473407793 247696626
t_num: 29 finish: 1473407796 496834320 start: 1473407793 240076827
t_num: 30 finish: 1473407796 587444561 start: 1473407794 715565599
t_num: 0 finish: 1473407796 923090058 start: 1473407795 243152080
t_num: 11 finish: 1473407797 103840538 start: 1473407796 11254322
t_num: 4 finish: 1473407797 379253748 start: 1473407794 570959001
t_num: 13 finish: 1473407797 564109301 start: 1473407796 460466172
t_num: 17 finish: 1473407797 910669428 start: 1473407796 222446737
t_num: 1 finish: 1473407798 228266819 start: 1473407795 938790129
t_num: 16 finish: 1473407798 246151294 start: 1473407795 507812153
t_num: 21 finish: 1473407798 556780293 start: 1473407795 364742082
t_num: 5 finish: 1473407798 574422631 start: 1473407794 856913839
t_num: 7 finish: 1473407799 284315319 start: 1473407796 220489153
t_num: 31 finish: 1473407799 307610794 start: 1473407796 672430297
t_num: 20 finish: 1473407799 427542043 start: 1473407796 222202111
t_num: 29 finish: 1473407799 648562519 start: 1473407797 677085217
t_num: 22 finish: 1473407799 970777481 start: 1473407796 167935994
t_num: 18 finish: 1473407800 253635537 start: 1473407798 246219231
t_num: 9 finish: 1473407800 505555632 start: 1473407798 575535451
t_num: 14 finish: 1473407800 532851240 start: 1473407797 660583898
t_num: 11 finish: 1473407800 563594300 start: 1473407797 103895522
t_num: 5 finish: 1473407800 601829761 start: 1473407798 574456060
t_num: 0 finish: 1473407800 645311707 start: 1473407796 923126128
t_num: 2 finish: 1473407800 657193551 start: 1473407799 144669304
t_num: 13 finish: 1473407800 782584261 start: 1473407797 564153994
t_num: 21 finish: 1473407800 832580803 start: 1473407799 360409558
t_num: 10 finish: 1473407800 872826674 start: 1473407796 390984114
t_num: 24 finish: 1473407800 896258762 start: 1473407798 574894961
t_num: 23 finish: 1473407801 37093624 start: 1473407798 575488509
t_num: 17 finish: 1473407801 93457022 start: 1473407797 910720366
t_num: 1 finish: 1473407801 504583405 start: 1473407798 228310101
t_num: 15 finish: 1473407801 661346387 start: 1473407798 715940610
t_num: 22 finish: 1473407801 668082767 start: 1473407799 970833064
t_num: 16 finish: 1473407801 684822412 start: 1473407798 246177735
t_num: 20 finish: 1473407801 752002826 start: 1473407799 427582821
t_num: 29 finish: 1473407802 76875256 start: 1473407800 463967286
t_num: 25 finish: 1473407802 984230580 start: 1473407800 782564013
t_num: 14 finish: 1473407802 984504442 start: 1473407800 532878184
t_num: 21 finish: 1473407803 48732708 start: 1473407800 832601036
t_num: 19 finish: 1473407803 178326133 start: 1473407800 783183367
t_num: 18 finish: 1473407803 178392444 start: 1473407800 908607449
t_num: 2 finish: 1473407803 208851975 start: 1473407800 657232473
t_num: 31 finish: 1473407803 208933655 start: 1473407800 458887190
t_num: 26 finish: 1473407803 377191148 start: 1473407800 907220799
t_num: 16 finish: 1473407803 377198651 start: 1473407801 684843629
t_num: 6 finish: 1473407803 378361254 start: 1473407800 782616615
t_num: 1 finish: 1473407804 265282003 start: 1473407801 504619293
t_num: 27 finish: 1473407804 274374988 start: 1473407801 479301246
t_num: 20 finish: 1473407804 781346448 start: 1473407801 752039025
t_num: 11 finish: 1473407804 830870147 start: 1473407801 758818576
t_num: 0 finish: 1473407804 872130756 start: 1473407802 560308154
t_num: 5 finish: 1473407804 872658461 start: 1473407803 85852003
t_num: 29 finish: 1473407805 23432655 start: 1473407802 76919786
t_num: 15 finish: 1473407805 163796977 start: 1473407803 85870257
t_num: 17 finish: 1473407805 422195192 start: 1473407801 93513320
t_num: 18 finish: 1473407805 517879910 start: 1473407804 105473662
t_num: 24 finish: 1473407805 686606773 start: 1473407802 329161245
t_num: 21 finish: 1473407806 148711138 start: 1473407803 48764803
t_num: 0 finish: 1473407806 239169612 start: 1473407804 872151617
t_num: 30 finish: 1473407806 343153783 start: 1473407804 415408262
t_num: 6 finish: 1473407806 343182753 start: 1473407803 378381601
t_num: 14 finish: 1473407806 343542271 start: 1473407804 784394917
t_num: 2 finish: 1473407806 343550915 start: 1473407803 208917564
t_num: 25 finish: 1473407807 50672061 start: 1473407804 707407256
t_num: 16 finish: 1473407807 51328440 start: 1473407803 377246827
t_num: 1 finish: 1473407807 215494933 start: 1473407804 709588514
t_num: 3 finish: 1473407807 242257424 start: 1473407803 377293997
t_num: 26 finish: 1473407807 297595025 start: 1473407806 337533873
t_num: 19 finish: 1473407807 309240382 start: 1473407803 178370251
t_num: 29 finish: 1473407807 411737664 start: 1473407805 23470263
t_num: 30 finish: 1473407807 536681361 start: 1473407806 343199265
t_num: 5 finish: 1473407807 538655211 start: 1473407804 872678845
t_num: 4 finish: 1473407807 538714145 start: 1473407804 106047159
t_num: 6 finish: 1473407807 874689528 start: 1473407806 343212813
t_num: 24 finish: 1473407808 218998232 start: 1473407805 686647235
t_num: 18 finish: 1473407808 219315225 start: 1473407805 517918471
t_num: 21 finish: 1473407808 220122704 start: 1473407807 105217851
t_num: 30 finish: 1473407808 254231601 start: 1473407807 536722933
t_num: 9 finish: 1473407808 614990978 start: 1473407806 241610247
t_num: 0 finish: 1473407808 846161321 start: 1473407807 216367440
t_num: 7 finish: 1473407809 14396119 start: 1473407807 309220185
t_num: 25 finish: 1473407809 169619294 start: 1473407807 50735405
t_num: 16 finish: 1473407809 223513606 start: 1473407807 51348900
t_num: 17 finish: 1473407809 292516914 start: 1473407806 462002479
t_num: 4 finish: 1473407809 446930623 start: 1473407807 538734337
t_num: 18 finish: 1473407809 447582903 start: 1473407808 219335577
t_num: 3 finish: 1473407809 651900294 start: 1473407807 736070404
t_num: 29 finish: 1473407809 665919894 start: 1473407807 487737294
t_num: 14 finish: 1473407809 886781090 start: 1473407806 901618305
t_num: 19 finish: 1473407809 893379539 start: 1473407807 309257801
t_num: 9 finish: 1473407809 937132161 start: 1473407808 615033636
t_num: 12 finish: 1473407809 973620175 start: 1473407808 198816910
t_num: 8 finish: 1473407810 131145248 start: 1473407807 700611273
t_num: 26 finish: 1473407810 257742316 start: 1473407808 431239229
t_num: 31 finish: 1473407810 493759404 start: 1473407808 321997663
t_num: 25 finish: 1473407810 806955286 start: 1473407809 169664042
t_num: 30 finish: 1473407810 851418187 start: 1473407808 254279092
t_num: 5 finish: 1473407810 851749489 start: 1473407809 587167159
t_num: 15 finish: 1473407811 230437792 start: 1473407809 893360826
t_num: 2 finish: 1473407811 471356240 start: 1473407809 506482881
t_num: 24 finish: 1473407811 582372357 start: 1473407808 219022642
t_num: 17 finish: 1473407811 704019684 start: 1473407809 292553856
t_num: 16 finish: 1473407811 775232855 start: 1473407809 223553810
t_num: 29 finish: 1473407812 3676453 start: 1473407809 665955255
t_num: 27 finish: 1473407812 3714235 start: 1473407810 51134840
t_num: 6 finish: 1473407812 166594461 start: 1473407809 422104859
t_num: 9 finish: 1473407812 171033146 start: 1473407810 712569911
t_num: 7 finish: 1473407812 528840490 start: 1473407809 933960760
t_num: 8 finish: 1473407812 547217678 start: 1473407810 131178195
t_num: 19 finish: 1473407812 605620057 start: 1473407810 299768389
t_num: 30 finish: 1473407813 157934687 start: 1473407811 584877608
t_num: 31 finish: 1473407813 443169987 start: 1473407810 851462514
t_num: 26 finish: 1473407813 713610912 start: 1473407811 433457905
t_num: 15 finish: 1473407813 908269609 start: 1473407811 230481189
t_num: 14 finish: 1473407814 47402147 start: 1473407811 574568170
t_num: 25 finish: 1473407814 575889952 start: 1473407810 806985367
t_num: 22 finish: 1473407814 620488006 start: 1473407811 951081838
t_num: 0 finish: 1473407814 682557669 start: 1473407813 215431488
t_num: 7 finish: 1473407814 695403197 start: 1473407812 528918674
t_num: 19 finish: 1473407814 812067638 start: 1473407812 605658771
t_num: 9 finish: 1473407814 813702771 start: 1473407812 171054295
t_num: 11 finish: 1473407815 27948814 start: 1473407813 835776819
t_num: 2 finish: 1473407815 80998495 start: 1473407812 24117643
t_num: 24 finish: 1473407815 172581453 start: 1473407813 854378174
t_num: 26 finish: 1473407815 404334852 start: 1473407813 713653685
t_num: 5 finish: 1473407815 716316307 start: 1473407813 855110486
t_num: 6 finish: 1473407815 716709329 start: 1473407812 166640153
t_num: 31 finish: 1473407815 716714073 start: 1473407813 443243701
t_num: 29 finish: 1473407815 969863212 start: 1473407812 3696712
t_num: 13 finish: 1473407816 11000962 start: 1473407814 695382335
t_num: 7 finish: 1473407816 11058746 start: 1473407815 115971888
t_num: 16 finish: 1473407816 11078268 start: 1473407814 695413214
t_num: 17 finish: 1473407816 40430795 start: 1473407813 585732627
t_num: 30 finish: 1473407816 150813027 start: 1473407813 157980227
t_num: 8 finish: 1473407816 414579924 start: 1473407814 551968007
t_num: 19 finish: 1473407816 468277713 start: 1473407814 812098118
t_num: 10 finish: 1473407817 704904073 start: 1473407814 839586542
t_num: 28 finish: 1473407817 902914276 start: 1473407814 29472489
t_num: 26 finish: 1473407817 963437351 start: 1473407815 915195459
t_num: 6 finish: 1473407818 108915533 start: 1473407815 716728942
t_num: 18 finish: 1473407818 174758865 start: 1473407815 970150089
t_num: 24 finish: 1473407818 462366811 start: 1473407816 350335236
t_num: 7 finish: 1473407818 462373053 start: 1473407816 11099237
t_num: 14 finish: 1473407818 462414013 start: 1473407815 714716241
t_num: 0 finish: 1473407818 463171201 start: 1473407814 682601645
t_num: 1 finish: 1473407818 531613040 start: 1473407816 204900420
t_num: 5 finish: 1473407818 574385246 start: 1473407815 716342703
t_num: 17 finish: 1473407818 622080717 start: 1473407816 40455327
t_num: 25 finish: 1473407818 718069833 start: 1473407815 603098237
t_num: 20 finish: 1473407818 808892871 start: 1473407817 27728542
t_num: 10 finish: 1473407819 263377234 start: 1473407817 704938880
t_num: 29 finish: 1473407819 635480802 start: 1473407815 969901205
t_num: 16 finish: 1473407819 735522110 start: 1473407817 154438292
t_num: 26 finish: 1473407819 860303520 start: 1473407817 963488956
t_num: 1 finish: 1473407819 861010267 start: 1473407818 531655590
t_num: 8 finish: 1473407819 861226093 start: 1473407817 27117010
t_num: 11 finish: 1473407819 861285656 start: 1473407817 576318660
t_num: 3 finish: 1473407819 872897094 start: 1473407817 708058906
t_num: 13 finish: 1473407819 941613300 start: 1473407817 781771778
t_num: 5 finish: 1473407820 426889021 start: 1473407819 242656314
t_num: 0 finish: 1473407820 436214819 start: 1473407818 463191610
t_num: 6 finish: 1473407820 805986344 start: 1473407819 264460989
t_num: 28 finish: 1473407820 937360845 start: 1473407819 644615324
t_num: 17 finish: 1473407820 937886434 start: 1473407818 622112211
t_num: 19 finish: 1473407820 999201170 start: 1473407819 30170840
t_num: 11 finish: 1473407821 12142367 start: 1473407819 861301848
t_num: 16 finish: 1473407821 54524244 start: 1473407819 735557496
t_num: 14 finish: 1473407821 55400332 start: 1473407818 462433203
t_num: 21 finish: 1473407821 56041470 start: 1473407820 285162954
t_num: 1 finish: 1473407821 122330328 start: 1473407820 287984830
t_num: 7 finish: 1473407821 394593708 start: 1473407819 266394400
t_num: 4 finish: 1473407821 394606185 start: 1473407818 413973601
t_num: 25 finish: 1473407821 613851713 start: 1473407819 279647731
t_num: 0 finish: 1473407821 842087680 start: 1473407820 436236393
t_num: 31 finish: 1473407821 846089210 start: 1473407819 867123848
t_num: 15 finish: 1473407821 860819102 start: 1473407819 452866248
t_num: 8 finish: 1473407823 268623790 start: 1473407820 989359935
t_num: 9 finish: 1473407823 332504302 start: 1473407821 824479431
t_num: 20 finish: 1473407823 376307887 start: 1473407819 191445039
t_num: 17 finish: 1473407823 466706249 start: 1473407821 849708964
t_num: 6 finish: 1473407823 467134106 start: 1473407820 806028577
t_num: 19 finish: 1473407823 467357189 start: 1473407820 999219138
t_num: 7 finish: 1473407823 467421137 start: 1473407821 394626735
t_num: 1 finish: 1473407823 487244092 start: 1473407821 122356567
t_num: 16 finish: 1473407823 512004716 start: 1473407821 797460598
t_num: 14 finish: 1473407823 512010492 start: 1473407821 858556949
t_num: 3 finish: 1473407823 700917714 start: 1473407820 777611330
t_num: 28 finish: 1473407823 771975377 start: 1473407820 937402991
t_num: 25 finish: 1473407824 255588633 start: 1473407821 613915490
t_num: 29 finish: 1473407824 267648274 start: 1473407821 357318506
t_num: 5 finish: 1473407824 719495722 start: 1473407820 426935391
t_num: 18 finish: 1473407824 747938908 start: 1473407823 216163359
t_num: 13 finish: 1473407824 778020396 start: 1473407821 776398037
t_num: 31 finish: 1473407825 212225898 start: 1473407821 846111004
t_num: 26 finish: 1473407825 344840361 start: 1473407823 192426402
t_num: 2 finish: 1473407825 482717870 start: 1473407824 351384012
t_num: 16 finish: 1473407826 51955892 start: 1473407823 512033179
t_num: 28 finish: 1473407826 52046453 start: 1473407823 772007697
t_num: 3 finish: 1473407826 157333419 start: 1473407823 700957331
t_num: 7 finish: 1473407826 383535262 start: 1473407824 720254135
t_num: 9 finish: 1473407826 425291909 start: 1473407823 466761698
t_num: 23 finish: 1473407826 505541654 start: 1473407823 331200728
t_num: 19 finish: 1473407826 765895789 start: 1473407824 266588775
t_num: 22 finish: 1473407826 767019275 start: 1473407823 466799501
t_num: 6 finish: 1473407826 767083033 start: 1473407823 467153409
t_num: 1 finish: 1473407826 980089120 start: 1473407823 811781458
t_num: 25 finish: 1473407827 15387763 start: 1473407824 255616948
t_num: 26 finish: 1473407827 15394841 start: 1473407825 344881800
t_num: 15 finish: 1473407827 149631009 start: 1473407824 661604368
t_num: 14 finish: 1473407827 251816977 start: 1473407823 772230187
t_num: 30 finish: 1473407827 319362843 start: 1473407824 720320903
t_num: 13 finish: 1473407827 768150753 start: 1473407824 778042105
t_num: 22 finish: 1473407827 921790279 start: 1473407826 767039662
t_num: 10 finish: 1473407828 301985132 start: 1473407825 371499371
t_num: 18 finish: 1473407828 616694140 start: 1473407825 482772026
t_num: 5 finish: 1473407828 775814988 start: 1473407825 646825442
t_num: 23 finish: 1473407828 861629961 start: 1473407827 149663639
t_num: 31 finish: 1473407828 861642778 start: 1473407826 813641076
t_num: 19 finish: 1473407828 927692441 start: 1473407826 765939880
t_num: 24 finish: 1473407829 175966960 start: 1473407826 101108313
t_num: 8 finish: 1473407829 176018531 start: 1473407827 729133695
t_num: 15 finish: 1473407829 176176610 start: 1473407827 864595950
t_num: 10 finish: 1473407829 437628787 start: 1473407828 302020155
t_num: 14 finish: 1473407829 533147354 start: 1473407828 68090677
t_num: 13 finish: 1473407829 560535545 start: 1473407827 768171885
t_num: 9 finish: 1473407829 888139693 start: 1473407826 833036876
t_num: 3 finish: 1473407829 889099855 start: 1473407826 832407425
t_num: 7 finish: 1473407829 894410739 start: 1473407827 291337092
t_num: 28 finish: 1473407829 894963490 start: 1473407827 121023415
t_num: 1 finish: 1473407830 396904077 start: 1473407826 980133840
t_num: 8 finish: 1473407830 599486014 start: 1473407829 176037192
t_num: 4 finish: 1473407830 690307258 start: 1473407828 317885690
t_num: 29 finish: 1473407831 223257457 start: 1473407826 817348548
t_num: 2 finish: 1473407831 226737894 start: 1473407828 388094163
t_num: 19 finish: 1473407831 293507740 start: 1473407828 927717659
t_num: 12 finish: 1473407831 435246427 start: 1473407828 624668497
t_num: 30 finish: 1473407831 499618874 start: 1473407829 382270837
t_num: 23 finish: 1473407831 621551242 start: 1473407828 861751904
t_num: 25 finish: 1473407831 648823038 start: 1473407828 620576683
t_num: 24 finish: 1473407831 753830981 start: 1473407829 176002348
t_num: 20 finish: 1473407831 941440454 start: 1473407830 875034322
t_num: 31 finish: 1473407831 964115468 start: 1473407829 382229521
t_num: 14 finish: 1473407832 69184410 start: 1473407829 962604198
t_num: 8 finish: 1473407832 323887961 start: 1473407830 599526718
t_num: 0 finish: 1473407832 356455298 start: 1473407830 620902178
t_num: 10 finish: 1473407832 356457034 start: 1473407829 437664931
t_num: 3 finish: 1473407832 711775885 start: 1473407829 889120773
t_num: 7 finish: 1473407833 319606000 start: 1473407830 399333527
t_num: 12 finish: 1473407833 450404839 start: 1473407831 435288581
t_num: 9 finish: 1473407833 471116155 start: 1473407831 574124368
t_num: 17 finish: 1473407833 471354295 start: 1473407831 312675523
t_num: 28 finish: 1473407833 546806835 start: 1473407829 894983391
t_num: 4 finish: 1473407833 643683919 start: 1473407831 803817853
t_num: 24 finish: 1473407833 670122970 start: 1473407831 753866664
t_num: 31 finish: 1473407833 670820063 start: 1473407831 964139794
t_num: 1 finish: 1473407833 842877651 start: 1473407831 652635470
t_num: 3 finish: 1473407833 916077342 start: 1473407832 711831969
t_num: 19 finish: 1473407833 959055916 start: 1473407831 293558418
t_num: 15 finish: 1473407834 157726466 start: 1473407832 232220938
t_num: 27 finish: 1473407834 261057284 start: 1473407833 547527897
t_num: 2 finish: 1473407834 504836864 start: 1473407832 232338242
t_num: 20 finish: 1473407834 745967732 start: 1473407831 941473797
t_num: 16 finish: 1473407834 774230672 start: 1473407833 60300533
t_num: 9 finish: 1473407834 774978481 start: 1473407833 471143254
t_num: 21 finish: 1473407834 803527878 start: 1473407832 687066059
t_num: 10 finish: 1473407834 997097994 start: 1473407832 730532282
t_num: 14 finish: 1473407835 438647624 start: 1473407832 69217617
t_num: 6 finish: 1473407835 480700909 start: 1473407833 448036269
t_num: 25 finish: 1473407835 481476789 start: 1473407833 629316169
t_num: 26 finish: 1473407836 93161350 start: 1473407833 422777932
t_num: 11 finish: 1473407836 94113229 start: 1473407833 758508266
t_num: 19 finish: 1473407836 247205288 start: 1473407834 495375033
t_num: 9 finish: 1473407836 295533368 start: 1473407835 344593131
t_num: 3 finish: 1473407836 413074210 start: 1473407833 916111813
t_num: 28 finish: 1473407836 595527056 start: 1473407833 546850857
t_num: 15 finish: 1473407836 669028375 start: 1473407834 157769771
t_num: 4 finish: 1473407836 920079220 start: 1473407834 309530377
t_num: 16 finish: 1473407836 951829511 start: 1473407835 715161236
t_num: 6 finish: 1473407836 986998150 start: 1473407835 785060180
t_num: 27 finish: 1473407836 996689830 start: 1473407834 774037347
t_num: 20 finish: 1473407837 176567072 start: 1473407834 746011487
t_num: 0 finish: 1473407837 269630052 start: 1473407833 975148933
t_num: 22 finish: 1473407837 271651490 start: 1473407833 975281921
t_num: 18 finish: 1473407837 562316416 start: 1473407835 251494167
t_num: 21 finish: 1473407837 819305978 start: 1473407834 803549503
t_num: 1 finish: 1473407837 819312791 start: 1473407834 355213220
t_num: 5 finish: 1473407838 135700443 start: 1473407836 94180371
t_num: 17 finish: 1473407838 204657907 start: 1473407835 702452113
t_num: 2 finish: 1473407838 293452581 start: 1473407835 369984531
t_num: 15 finish: 1473407838 305090516 start: 1473407836 669072435
t_num: 27 finish: 1473407838 361091841 start: 1473407836 996732115
t_num: 29 finish: 1473407838 464599991 start: 1473407836 890420292
t_num: 26 finish: 1473407838 496495411 start: 1473407836 930389858
t_num: 7 finish: 1473407838 501290920 start: 1473407835 841405373
t_num: 9 finish: 1473407838 567997065 start: 1473407837 176825694
t_num: 11 finish: 1473407838 881582237 start: 1473407837 394111392
t_num: 1 finish: 1473407838 952843660 start: 1473407837 819344482
t_num: 6 finish: 1473407839 94686912 start: 1473407836 987018837
t_num: 0 finish: 1473407839 767747031 start: 1473407837 816390635
t_num: 18 finish: 1473407840 14142150 start: 1473407837 562347739
t_num: 20 finish: 1473407840 18976607 start: 1473407838 462656615
t_num: 17 finish: 1473407840 57571430 start: 1473407838 204681115
t_num: 21 finish: 1473407840 140221015 start: 1473407837 819336143
t_num: 16 finish: 1473407840 145459713 start: 1473407836 951853744
t_num: 6 finish: 1473407840 234466848 start: 1473407839 94725404
t_num: 22 finish: 1473407840 319126434 start: 1473407838 465928023
t_num: 13 finish: 1473407840 421960267 start: 1473407837 658907548
t_num: 29 finish: 1473407840 525772958 start: 1473407839 95330042
t_num: 19 finish: 1473407840 555764796 start: 1473407837 53483117
t_num: 31 finish: 1473407840 556268339 start: 1473407839 163949430
t_num: 5 finish: 1473407840 556338466 start: 1473407838 673240587
t_num: 7 finish: 1473407840 556577349 start: 1473407838 501313936
t_num: 8 finish: 1473407840 629451905 start: 1473407839 49075866
t_num: 15 finish: 1473407841 706636445 start: 1473407840 335164635
t_num: 12 finish: 1473407842 317483277 start: 1473407839 165945217
t_num: 26 finish: 1473407842 391291747 start: 1473407839 601193946
t_num: 9 finish: 1473407842 545882512 start: 1473407838 568035923
t_num: 28 finish: 1473407842 599232433 start: 1473407839 862469874
t_num: 18 finish: 1473407842 635850734 start: 1473407840 14182475
t_num: 5 finish: 1473407842 657882136 start: 1473407840 556356879
t_num: 11 finish: 1473407842 755584135 start: 1473407841 115219201
t_num: 14 finish: 1473407842 756283924 start: 1473407840 57040398
t_num: 22 finish: 1473407842 757136253 start: 1473407840 319152670
t_num: 13 finish: 1473407842 821924647 start: 1473407840 421997626
t_num: 0 finish: 1473407843 82662259 start: 1473407840 502007267
t_num: 1 finish: 1473407843 83307599 start: 1473407841 517366040
t_num: 10 finish: 1473407843 129333237 start: 1473407841 745152665
t_num: 21 finish: 1473407843 214188068 start: 1473407840 140265583
t_num: 31 finish: 1473407843 463442334 start: 1473407840 556289677
t_num: 8 finish: 1473407843 494123237 start: 1473407840 985199935
t_num: 5 finish: 1473407843 607117698 start: 1473407842 657918276
t_num: 17 finish: 1473407843 607258210 start: 1473407840 395033594
t_num: 15 finish: 1473407843 607323791 start: 1473407842 199894566
t_num: 29 finish: 1473407843 608111552 start: 1473407840 829335221
t_num: 19 finish: 1473407843 890005549 start: 1473407841 490019813
t_num: 12 finish: 1473407843 914210983 start: 1473407842 317526258
t_num: 3 finish: 1473407844 284156793 start: 1473407842 499733169
t_num: 28 finish: 1473407844 516824178 start: 1473407842 599271270
t_num: 20 finish: 1473407844 588093540 start: 1473407842 657905885
t_num: 11 finish: 1473407845 449759801 start: 1473407842 755607514
t_num: 9 finish: 1473407845 706262246 start: 1473407843 729556415
t_num: 24 finish: 1473407845 757503083 start: 1473407844 22149876
t_num: 14 finish: 1473407845 926958460 start: 1473407842 756303289
t_num: 1 finish: 1473407845 972168278 start: 1473407843 83328488
t_num: 29 finish: 1473407846 670196340 start: 1473407844 830117559
t_num: 25 finish: 1473407846 802393691 start: 1473407843 592247498
t_num: 13 finish: 1473407846 825602504 start: 1473407844 801920915
t_num: 12 finish: 1473407846 825651498 start: 1473407843 914228439
t_num: 26 finish: 1473407846 835394092 start: 1473407844 417361275
t_num: 10 finish: 1473407846 835682762 start: 1473407844 748615476
t_num: 30 finish: 1473407847 370121015 start: 1473407843 914171611
t_num: 19 finish: 1473407847 633891862 start: 1473407843 890064555
t_num: 31 finish: 1473407847 673321138 start: 1473407845 808658923
t_num: 11 finish: 1473407847 673329160 start: 1473407845 449784587
t_num: 1 finish: 1473407847 823939633 start: 1473407845 972195113
t_num: 4 finish: 1473407847 824243798 start: 1473407845 404598623
t_num: 5 finish: 1473407847 904237013 start: 1473407844 581489955
t_num: 17 finish: 1473407848 100882533 start: 1473407843 607279426
t_num: 24 finish: 1473407848 435140905 start: 1473407846 393980536
t_num: 12 finish: 1473407848 727474427 start: 1473407846 825671104
t_num: 16 finish: 1473407848 834074154 start: 1473407847 332498894
t_num: 13 finish: 1473407848 870533538 start: 1473407847 489154452
t_num: 0 finish: 1473407848 932552477 start: 1473407846 9532311
t_num: 20 finish: 1473407849 68227260 start: 1473407846 358098864
t_num: 9 finish: 1473407849 103362107 start: 1473407847 673409278
t_num: 5 finish: 1473407849 186065394 start: 1473407847 904258086
t_num: 23 finish: 1473407849 217564210 start: 1473407845 323033119
t_num: 25 finish: 1473407849 220500699 start: 1473407846 802439521
t_num: 15 finish: 1473407849 345191253 start: 1473407846 357501011
t_num: 28 finish: 1473407849 367209276 start: 1473407846 45328850
t_num: 22 finish: 1473407849 374041519 start: 1473407847 495434403
t_num: 7 finish: 1473407849 388466799 start: 1473407847 728739243
t_num: 17 finish: 1473407849 557687656 start: 1473407848 100930331
t_num: 26 finish: 1473407849 568540918 start: 1473407846 835416811
t_num: 10 finish: 1473407849 573687832 start: 1473407847 673732538
t_num: 30 finish: 1473407849 862602518 start: 1473407847 774540299
t_num: 4 finish: 1473407849 916335753 start: 1473407847 824265616
t_num: 31 finish: 1473407850 107137930 start: 1473407848 170743655
t_num: 6 finish: 1473407850 224782042 start: 1473407848 355498997
t_num: 24 finish: 1473407850 259302353 start: 1473407848 920496396
t_num: 5 finish: 1473407850 545391861 start: 1473407849 186097869
t_num: 16 finish: 1473407851 93925208 start: 1473407849 387746693
t_num: 27 finish: 1473407851 246414514 start: 1473407848 596385617
t_num: 4 finish: 1473407851 403603369 start: 1473407849 916372831
t_num: 23 finish: 1473407851 404166465 start: 1473407849 217599312
t_num: 12 finish: 1473407851 405173200 start: 1473407848 727537825
t_num: 1 finish: 1473407851 500397190 start: 1473407851 30173690
t_num: 10 finish: 1473407851 500994640 start: 1473407849 573708138
t_num: 13 finish: 1473407851 653287851 start: 1473407849 718033479
t_num: 15 finish: 1473407851 654675355 start: 1473407849 345229659
t_num: 7 finish: 1473407851 734548388 start: 1473407849 388499385
t_num: 22 finish: 1473407852 190548942 start: 1473407850 498302950
t_num: 21 finish: 1473407852 322055428 start: 1473407850 519852109
t_num: 24 finish: 1473407852 324147946 start: 1473407850 259338339
t_num: 18 finish: 1473407852 470875150 start: 1473407851 499981440
t_num: 0 finish: 1473407852 584219383 start: 1473407850 483975421
t_num: 16 finish: 1473407852 699463523 start: 1473407851 93966177
t_num: 31 finish: 1473407853 20135816 start: 1473407851 175193543
t_num: 13 finish: 1473407853 74364948 start: 1473407851 653332051
t_num: 28 finish: 1473407853 428872058 start: 1473407850 968802602
t_num: 3 finish: 1473407853 817919571 start: 1473407852 188633646
t_num: 6 finish: 1473407853 819440856 start: 1473407851 175217230
t_num: 27 finish: 1473407853 820886285 start: 1473407851 246446896
t_num: 1 finish: 1473407853 822386762 start: 1473407852 899751402
t_num: 26 finish: 1473407853 953626195 start: 1473407851 175172319
t_num: 9 finish: 1473407854 125525677 start: 1473407850 931103814
t_num: 23 finish: 1473407854 125574656 start: 1473407851 404200009
t_num: 0 finish: 1473407854 669953470 start: 1473407852 584257679
t_num: 15 finish: 1473407854 702413738 start: 1473407851 654696973
t_num: 4 finish: 1473407854 987103701 start: 1473407853 59180552
t_num: 7 finish: 1473407855 168829882 start: 1473407852 900426186
t_num: 9 finish: 1473407855 402255233 start: 1473407854 125568379
t_num: 27 finish: 1473407855 493489022 start: 1473407853 820906141
t_num: 16 finish: 1473407855 494895637 start: 1473407852 699508887
t_num: 10 finish: 1473407855 620347750 start: 1473407852 699631000
t_num: 13 finish: 1473407855 711602047 start: 1473407853 74388139
t_num: 22 finish: 1473407855 905436750 start: 1473407853 362413102
t_num: 0 finish: 1473407855 998237541 start: 1473407854 669989040
t_num: 8 finish: 1473407856 340943041 start: 1473407853 428890205
t_num: 6 finish: 1473407856 418551576 start: 1473407853 819467723
t_num: 26 finish: 1473407856 418830819 start: 1473407853 953682972
t_num: 3 finish: 1473407856 545961229 start: 1473407853 817966003
t_num: 16 finish: 1473407856 552110280 start: 1473407855 494916111
t_num: 15 finish: 1473407856 582495117 start: 1473407855 205829421
t_num: 28 finish: 1473407856 724667392 start: 1473407853 428895824
t_num: 18 finish: 1473407856 888955715 start: 1473407855 129710856
t_num: 4 finish: 1473407856 897245515 start: 1473407854 987137753
t_num: 29 finish: 1473407856 897309247 start: 1473407855 233786286
t_num: 7 finish: 1473407856 897473059 start: 1473407855 168858013
t_num: 23 finish: 1473407857 483326225 start: 1473407855 458062717
t_num: 1 finish: 1473407857 789360375 start: 1473407853 822407796
t_num: 8 finish: 1473407857 970961825 start: 1473407856 341000817
t_num: 21 finish: 1473407858 113946432 start: 1473407855 790997453
t_num: 2 finish: 1473407858 430315879 start: 1473407855 864231977
t_num: 27 finish: 1473407858 430456329 start: 1473407856 218440550
t_num: 7 finish: 1473407858 562772159 start: 1473407856 897491795
t_num: 15 finish: 1473407858 563404206 start: 1473407856 582518927
t_num: 0 finish: 1473407858 609700849 start: 1473407855 998281306
t_num: 10 finish: 1473407858 675106420 start: 1473407857 52041234
t_num: 3 finish: 1473407858 813725957 start: 1473407856 546020013
t_num: 20 finish: 1473407859 524011712 start: 1473407856 553909156
t_num: 28 finish: 1473407859 540813321 start: 1473407856 850063363
t_num: 14 finish: 1473407859 911827719 start: 1473407857 921523020
t_num: 29 finish: 1473407860 178082664 start: 1473407857 921505103
t_num: 31 finish: 1473407860 178769375 start: 1473407858 67435324
t_num: 7 finish: 1473407860 178786559 start: 1473407858 562819130
t_num: 6 finish: 1473407860 198738241 start: 1473407856 418598981
t_num: 21 finish: 1473407860 206323181 start: 1473407858 113973744
t_num: 26 finish: 1473407860 227127180 start: 1473407856 939214696
t_num: 8 finish: 1473407860 774619321 start: 1473407857 970986012
t_num: 10 finish: 1473407861 121321887 start: 1473407858 675146614
t_num: 15 finish: 1473407861 213771588 start: 1473407859 129256786
t_num: 14 finish: 1473407861 261269875 start: 1473407859 911867299
t_num: 29 finish: 1473407861 326531309 start: 1473407860 178120031
t_num: 2 finish: 1473407861 356584688 start: 1473407858 430347059
t_num: 30 finish: 1473407861 374036774 start: 1473407858 49965026
t_num: 11 finish: 1473407861 842237949 start: 1473407858 41510882
t_num: 1 finish: 1473407861 933793328 start: 1473407860 185332141
t_num: 3 finish: 1473407861 958656579 start: 1473407858 813769950
t_num: 18 finish: 1473407861 965208316 start: 1473407858 382037627
t_num: 21 finish: 1473407862 121231353 start: 1473407860 206339125
t_num: 20 finish: 1473407862 315439349 start: 1473407859 524054795
t_num: 27 finish: 1473407862 692580481 start: 1473407861 729937511
t_num: 0 finish: 1473407862 837322042 start: 1473407860 641967712
t_num: 5 finish: 1473407863 62388108 start: 1473407859 857316824
t_num: 28 finish: 1473407863 201191948 start: 1473407861 523380922
t_num: 23 finish: 1473407863 252912399 start: 1473407861 338466123
t_num: 19 finish: 1473407863 616228643 start: 1473407862 526356554
t_num: 14 finish: 1473407863 698810749 start: 1473407861 261301203
t_num: 2 finish: 1473407863 716001958 start: 1473407861 356620395
t_num: 13 finish: 1473407863 742314747 start: 1473407860 563219046
t_num: 1 finish: 1473407863 945470497 start: 1473407861 933851716
t_num: 8 finish: 1473407863 986429855 start: 1473407860 774661119
t_num: 6 finish: 1473407863 987239680 start: 1473407860 198759972
t_num: 27 finish: 1473407863 987448374 start: 1473407862 692609590
t_num: 31 finish: 1473407864 161228451 start: 1473407861 212167417
t_num: 20 finish: 1473407864 533198692 start: 1473407862 637985940
t_num: 5 finish: 1473407864 534293210 start: 1473407863 62425845
t_num: 30 finish: 1473407865 15659356 start: 1473407862 85690896
t_num: 0 finish: 1473407865 191679104 start: 1473407862 837351227
t_num: 18 finish: 1473407865 719681021 start: 1473407863 118418196
t_num: 12 finish: 1473407865 725561915 start: 1473407864 637771299
t_num: 1 finish: 1473407865 737852498 start: 1473407863 945498684
t_num: 14 finish: 1473407865 738483640 start: 1473407863 958133528
t_num: 25 finish: 1473407865 749452942 start: 1473407862 901932343
t_num: 9 finish: 1473407865 786608491 start: 1473407864 53690821
t_num: 20 finish: 1473407865 844392972 start: 1473407864 533227427
t_num: 8 finish: 1473407865 935150998 start: 1473407863 986455181
t_num: 28 finish: 1473407865 979362463 start: 1473407863 201236373
t_num: 13 finish: 1473407865 979439773 start: 1473407863 742337749
t_num: 29 finish: 1473407865 980155268 start: 1473407864 887937121
t_num: 3 finish: 1473407865 980750655 start: 1473407863 385565846
t_num: 30 finish: 1473407866 369076831 start: 1473407865 15708325
t_num: 6 finish: 1473407866 382176161 start: 1473407863 987259442
t_num: 27 finish: 1473407866 954783277 start: 1473407865 534520407
t_num: 23 finish: 1473407867 37336720 start: 1473407863 252936351
t_num: 4 finish: 1473407867 135992216 start: 1473407864 389279610
t_num: 9 finish: 1473407867 136053851 start: 1473407866 15416944
t_num: 26 finish: 1473407867 166906139 start: 1473407865 140243480
t_num: 22 finish: 1473407867 365480164 start: 1473407864 499377956
t_num: 19 finish: 1473407867 666116498 start: 1473407863 943299913
t_num: 2 finish: 1473407868 144709818 start: 1473407865 281367397
t_num: 27 finish: 1473407868 145333793 start: 1473407866 954836806
t_num: 11 finish: 1473407868 190179683 start: 1473407865 784643798
t_num: 30 finish: 1473407868 272720120 start: 1473407866 369158635
t_num: 4 finish: 1473407868 446513315 start: 1473407867 136039970
t_num: 14 finish: 1473407868 447696426 start: 1473407865 738498950
t_num: 17 finish: 1473407868 601103174 start: 1473407865 722599104
t_num: 18 finish: 1473407868 994507251 start: 1473407865 719744055
t_num: 25 finish: 1473407868 996756321 start: 1473407865 749474809
t_num: 24 finish: 1473407869 39623527 start: 1473407866 941847426
t_num: 22 finish: 1473407869 196138912 start: 1473407867 365517728
t_num: 1 finish: 1473407869 291996412 start: 1473407865 737877402
t_num: 29 finish: 1473407869 353151894 start: 1473407865 980176553
t_num: 9 finish: 1473407869 353789065 start: 1473407867 136072213
t_num: 28 finish: 1473407869 399926583 start: 1473407867 135632116
t_num: 23 finish: 1473407869 525270800 start: 1473407867 37367339
t_num: 20 finish: 1473407869 837762712 start: 1473407867 634188529
t_num: 14 finish: 1473407870 147015549 start: 1473407868 447716642
t_num: 24 finish: 1473407870 219874901 start: 1473407869 39658526
t_num: 12 finish: 1473407870 307743159 start: 1473407867 622329768
t_num: 25 finish: 1473407870 732412695 start: 1473407869 528326925
t_num: 26 finish: 1473407870 771394828 start: 1473407869 123183828
t_num: 15 finish: 1473407870 771610297 start: 1473407868 942780454
t_num: 10 finish: 1473407870 797438421 start: 1473407868 432928187
t_num: 30 finish: 1473407870 920317496 start: 1473407868 272760500
t_num: 2 finish: 1473407871 257147584 start: 1473407869 354447263
t_num: 19 finish: 1473407871 452132135 start: 1473407869 192123122
t_num: 1 finish: 1473407871 549118662 start: 1473407870 363073617
t_num: 11 finish: 1473407871 752607118 start: 1473407869 866042754
t_num: 31 finish: 1473407871 753359378 start: 1473407869 803505860
t_num: 21 finish: 1473407871 928635452 start: 1473407869 114175974
t_num: 28 finish: 1473407872 3083558 start: 1473407869 399950645
t_num: 4 finish: 1473407872 149607674 start: 1473407869 301336107
t_num: 14 finish: 1473407872 218439910 start: 1473407870 147057191
t_num: 20 finish: 1473407872 264904728 start: 1473407869 837794150
t_num: 24 finish: 1473407872 915734127 start: 1473407870 219920305
t_num: 0 finish: 1473407872 970128618 start: 1473407871 662447273
t_num: 2 finish: 1473407873 325026068 start: 1473407871 257179652
t_num: 10 finish: 1473407873 383743246 start: 1473407870 797490820
t_num: 19 finish: 1473407873 406712119 start: 1473407872 5892867
t_num: 15 finish: 1473407873 408769443 start: 1473407870 771629560
t_num: 29 finish: 1473407873 410220185 start: 1473407870 691771256
t_num: 28 finish: 1473407873 505392466 start: 1473407872 3121020
t_num: 3 finish: 1473407873 749238622 start: 1473407870 860933143
t_num: 30 finish: 1473407874 142077006 start: 1473407872 324263223
t_num: 31 finish: 1473407874 332872804 start: 1473407871 753379976
t_num: 1 finish: 1473407874 367017620 start: 1473407871 549169574
t_num: 26 finish: 1473407874 558657117 start: 1473407871 612074919
t_num: 23 finish: 1473407875 392587616 start: 1473407872 117239713
t_num: 28 finish: 1473407875 393920028 start: 1473407873 926978784
t_num: 11 finish: 1473407875 428410205 start: 1473407872 323280577
t_num: 5 finish: 1473407875 433255119 start: 1473407872 915548374
t_num: 21 finish: 1473407875 464955476 start: 1473407873 383524002
t_num: 18 finish: 1473407875 498539631 start: 1473407873 640503961
t_num: 13 finish: 1473407875 536834356 start: 1473407874 204534504
t_num: 10 finish: 1473407875 565947949 start: 1473407873 383759538
t_num: 20 finish: 1473407875 898867939 start: 1473407872 264931953
t_num: 16 finish: 1473407875 933256777 start: 1473407873 383693826
t_num: 19 finish: 1473407876 336674449 start: 1473407874 781201905
t_num: 14 finish: 1473407876 337380247 start: 1473407873 375444706
t_num: 2 finish: 1473407876 902256752 start: 1473407873 325063324
t_num: 0 finish: 1473407876 935299149 start: 1473407873 842809080
t_num: 13 finish: 1473407877 306430562 start: 1473407875 536867695
t_num: 1 finish: 1473407877 306485275 start: 1473407874 367045481
t_num: 30 finish: 1473407877 404171866 start: 1473407875 614003905
t_num: 3 finish: 1473407877 510683437 start: 1473407873 749271601
t_num: 8 finish: 1473407877 539984206 start: 1473407874 78713473
t_num: 20 finish: 1473407877 539995255 start: 1473407875 898903326
t_num: 10 finish: 1473407877 540041135 start: 1473407875 855159983
t_num: 27 finish: 1473407877 763110237 start: 1473407876 298322011
t_num: 29 finish: 1473407877 811160402 start: 1473407875 566772385
t_num: 26 finish: 1473407878 157768748 start: 1473407874 558696085
t_num: 14 finish: 1473407878 223570153 start: 1473407876 337400539
t_num: 11 finish: 1473407878 237683483 start: 1473407875 428452169
t_num: 4 finish: 1473407878 238002545 start: 1473407874 228776628
t_num: 23 finish: 1473407878 261955442 start: 1473407875 545703690
t_num: 18 finish: 1473407878 323013237 start: 1473407875 943820875
t_num: 28 finish: 1473407878 484187781 start: 1473407875 951574536
t_num: 21 finish: 1473407878 558376775 start: 1473407875 464984893
t_num: 5 finish: 1473407878 625959404 start: 1473407875 433280562
t_num: 13 finish: 1473407878 797825098 start: 1473407877 306457799
t_num: 7 finish: 1473407878 969500842 start: 1473407877 659266738
t_num: 1 finish: 1473407879 325117042 start: 1473407877 306504075
t_num: 12 finish: 1473407879 497484069 start: 1473407878 483969921
t_num: 19 finish: 1473407879 508550154 start: 1473407876 808779193
t_num: 27 finish: 1473407879 510326391 start: 1473407877 763166424
t_num: 0 finish: 1473407879 682480109 start: 1473407877 61238787
t_num: 3 finish: 1473407879 718407003 start: 1473407877 510718934
t_num: 30 finish: 1473407879 780463890 start: 1473407877 404196237
t_num: 9 finish: 1473407879 817145955 start: 1473407878 136469108
t_num: 2 finish: 1473407879 817317001 start: 1473407878 160499873
t_num: 21 finish: 1473407880 64010531 start: 1473407878 558421822
t_num: 10 finish: 1473407880 384839634 start: 1473407878 452893558
t_num: 22 finish: 1473407880 385038169 start: 1473407878 293897802
t_num: 11 finish: 1473407880 620635850 start: 1473407878 237700825
t_num: 8 finish: 1473407881 211508783 start: 1473407878 565353882
t_num: 26 finish: 1473407881 212696246 start: 1473407879 372262218
t_num: 4 finish: 1473407881 212699886 start: 1473407879 339295592
t_num: 13 finish: 1473407881 243514617 start: 1473407878 797868682
t_num: 5 finish: 1473407881 394081558 start: 1473407878 625985920
t_num: 9 finish: 1473407881 840014786 start: 1473407879 817175203
t_num: 2 finish: 1473407881 849756668 start: 1473407880 302779849
t_num: 21 finish: 1473407882 86852980 start: 1473407880 819024501
t_num: 20 finish: 1473407882 402070701 start: 1473407880 135682028
t_num: 30 finish: 1473407882 446543549 start: 1473407881 212797518
t_num: 12 finish: 1473407882 533537895 start: 1473407880 348867821
t_num: 23 finish: 1473407882 536189297 start: 1473407879 425854061
t_num: 10 finish: 1473407882 649330338 start: 1473407880 384867445
t_num: 3 finish: 1473407882 698212964 start: 1473407879 718432726
t_num: 19 finish: 1473407882 853511948 start: 1473407880 670629447
t_num: 31 finish: 1473407882 854077010 start: 1473407880 384247797
t_num: 16 finish: 1473407883 457396245 start: 1473407879 942231560
t_num: 1 finish: 1473407883 588639398 start: 1473407881 214003237
t_num: 22 finish: 1473407883 628820202 start: 1473407881 449011471
t_num: 2 finish: 1473407883 643482511 start: 1473407881 849806857
t_num: 0 finish: 1473407883 766295724 start: 1473407880 586647717
t_num: 5 finish: 1473407883 842279794 start: 1473407881 394123012
t_num: 26 finish: 1473407884 231025563 start: 1473407881 244741607
t_num: 21 finish: 1473407884 233861456 start: 1473407882 86905884
t_num: 12 finish: 1473407884 329486804 start: 1473407882 533577778
t_num: 20 finish: 1473407884 388873488 start: 1473407882 723053041
t_num: 13 finish: 1473407884 962854905 start: 1473407882 200599012
t_num: 2 finish: 1473407884 976589855 start: 1473407883 643498632
t_num: 25 finish: 1473407885 92311535 start: 1473407882 392487866
t_num: 26 finish: 1473407885 146162671 start: 1473407884 231054555
t_num: 6 finish: 1473407885 269026916 start: 1473407882 355091224
t_num: 24 finish: 1473407885 382592652 start: 1473407882 200817559
t_num: 4 finish: 1473407885 668714775 start: 1473407883 148279361
t_num: 10 finish: 1473407885 668864274 start: 1473407882 649371135
t_num: 28 finish: 1473407885 692041951 start: 1473407883 276419916
t_num: 2 finish: 1473407885 692082181 start: 1473407884 976609992
t_num: 22 finish: 1473407885 738105887 start: 1473407883 628845087
t_num: 5 finish: 1473407885 920245104 start: 1473407883 842321886
t_num: 19 finish: 1473407885 920317558 start: 1473407884 232425789
t_num: 13 finish: 1473407886 5851274 start: 1473407884 962898561
t_num: 31 finish: 1473407886 204701842 start: 1473407884 627444191
t_num: 9 finish: 1473407886 205887949 start: 1473407884 719261868
t_num: 3 finish: 1473407886 339529171 start: 1473407884 264086444
t_num: 24 finish: 1473407886 588026891 start: 1473407885 382624450
t_num: 0 finish: 1473407886 588026877 start: 1473407885 269785797
t_num: 1 finish: 1473407886 739195524 start: 1473407883 588665885
t_num: 28 finish: 1473407886 812442327 start: 1473407885 692063013
t_num: 16 finish: 1473407887 204864627 start: 1473407884 388972152
t_num: 10 finish: 1473407887 498869977 start: 1473407885 668883536
t_num: 30 finish: 1473407887 498876902 start: 1473407884 719646231
t_num: 13 finish: 1473407887 982790916 start: 1473407886 5884180
t_num: 22 finish: 1473407888 94639693 start: 1473407885 738130712
t_num: 6 finish: 1473407888 347547540 start: 1473407885 738268051
t_num: 26 finish: 1473407888 366717418 start: 1473407885 945518476
t_num: 27 finish: 1473407888 480289308 start: 1473407886 48370125
t_num: 16 finish: 1473407888 801514507 start: 1473407887 204893991
t_num: 5 finish: 1473407889 203852993 start: 1473407886 451089480
t_num: 0 finish: 1473407889 204453591 start: 1473407887 725329246
t_num: 2 finish: 1473407889 204492658 start: 1473407886 341461950
t_num: 4 finish: 1473407889 385046698 start: 1473407886 819604973
t_num: 24 finish: 1473407889 386520102 start: 1473407886 588073962
t_num: 12 finish: 1473407889 572217686 start: 1473407887 198392793
t_num: 31 finish: 1473407889 978865487 start: 1473407888 723869609
t_num: 28 finish: 1473407890 256245095 start: 1473407886 812475484
t_num: 30 finish: 1473407890 267448839 start: 1473407887 498937969
t_num: 3 finish: 1473407890 314062437 start: 1473407887 725347049
t_num: 17 finish: 1473407890 659692644 start: 1473407888 356418760
t_num: 27 finish: 1473407890 660295034 start: 1473407888 480322552
t_num: 13 finish: 1473407890 721385549 start: 1473407888 940961795
t_num: 22 finish: 1473407890 764381417 start: 1473407889 188886431
t_num: 7 finish: 1473407890 919741632 start: 1473407887 661523073
t_num: 0 finish: 1473407890 920419932 start: 1473407889 204473595
t_num: 6 finish: 1473407891 19989390 start: 1473407889 126169158
t_num: 4 finish: 1473407891 177619283 start: 1473407889 385084648
t_num: 11 finish: 1473407891 404482490 start: 1473407889 434960773
t_num: 2 finish: 1473407891 673003738 start: 1473407890 255529527
t_num: 24 finish: 1473407891 673048647 start: 1473407889 386536793
t_num: 18 finish: 1473407891 907379392 start: 1473407888 900039444
t_num: 27 finish: 1473407891 907933567 start: 1473407890 660309900
t_num: 9 finish: 1473407891 963000232 start: 1473407889 704159198
t_num: 28 finish: 1473407892 9862924 start: 1473407890 920517668
t_num: 16 finish: 1473407892 422169435 start: 1473407890 115720506
t_num: 31 finish: 1473407892 688982519 start: 1473407889 978898718
t_num: 5 finish: 1473407893 181830843 start: 1473407890 73777155
t_num: 30 finish: 1473407893 193593114 start: 1473407890 740512655
t_num: 15 finish: 1473407893 262611080 start: 1473407891 443951142
t_num: 6 finish: 1473407893 263559203 start: 1473407891 20017976
t_num: 17 finish: 1473407893 307930602 start: 1473407891 449226821
t_num: 7 finish: 1473407893 351837705 start: 1473407890 919775344
t_num: 0 finish: 1473407893 351848170 start: 1473407891 612941216
t_num: 12 finish: 1473407893 351895522 start: 1473407889 572344734
t_num: 19 finish: 1473407894 263111454 start: 1473407890 765024933
t_num: 11 finish: 1473407894 401330457 start: 1473407892 73101221
t_num: 23 finish: 1473407894 606303588 start: 1473407891 479273401
t_num: 29 finish: 1473407894 607021684 start: 1473407891 546569958
t_num: 31 finish: 1473407894 613901814 start: 1473407892 689013573
t_num: 28 finish: 1473407894 772876683 start: 1473407892 9907613
t_num: 9 finish: 1473407894 826926024 start: 1473407891 963056694
t_num: 30 finish: 1473407895 13047020 start: 1473407893 421778969
t_num: 12 finish: 1473407895 686210975 start: 1473407893 351912978
t_num: 2 finish: 1473407895 835306379 start: 1473407891 673058985
t_num: 20 finish: 1473407896 6333862 start: 1473407893 182637981
t_num: 19 finish: 1473407896 7130379 start: 1473407894 263147256
t_num: 16 finish: 1473407896 42041424 start: 1473407893 195069499
t_num: 17 finish: 1473407896 305982063 start: 1473407893 307981116
t_num: 24 finish: 1473407896 425671529 start: 1473407892 462540920
t_num: 4 finish: 1473407896 485695654 start: 1473407894 14081666
t_num: 30 finish: 1473407896 908536576 start: 1473407895 13094651
t_num: 7 finish: 1473407896 911607503 start: 1473407893 351871188
t_num: 22 finish: 1473407896 949555382 start: 1473407892 965262788
t_num: 11 finish: 1473407896 949562639 start: 1473407894 804257183
t_num: 3 finish: 1473407897 28904175 start: 1473407895 697522568
t_num: 5 finish: 1473407897 32769452 start: 1473407893 181875833
t_num: 29 finish: 1473407897 84379281 start: 1473407894 607042557
t_num: 28 finish: 1473407897 202278541 start: 1473407894 772921267
t_num: 10 finish: 1473407897 202300582 start: 1473407895 798601698
t_num: 9 finish: 1473407897 318078193 start: 1473407896 45361220
t_num: 14 finish: 1473407897 344145856 start: 1473407895 416502702
t_num: 8 finish: 1473407897 599593948 start: 1473407895 644378089
t_num: 12 finish: 1473407898 26633304 start: 1473407895 686256671
t_num: 18 finish: 1473407898 377480734 start: 1473407894 951876884
t_num: 6 finish: 1473407898 377577188 start: 1473407897 31509456
t_num: 24 finish: 1473407898 377722483 start: 1473407896 425709009
t_num: 26 finish: 1473407898 438018480 start: 1473407896 190019617
t_num: 13 finish: 1473407898 660315138 start: 1473407897 175412609
t_num: 29 finish: 1473407898 759697323 start: 1473407897 84401571
t_num: 20 finish: 1473407899 143942956 start: 1473407896 359323000
t_num: 21 finish: 1473407899 318229433 start: 1473407898 67627581
t_num: 25 finish: 1473407899 320435175 start: 1473407897 344239431
t_num: 7 finish: 1473407899 708887966 start: 1473407897 141466468
t_num: 9 finish: 1473407899 709888360 start: 1473407897 318133302
t_num: 5 finish: 1473407899 709968108 start: 1473407897 461772803
t_num: 23 finish: 1473407899 723555646 start: 1473407897 245545091
t_num: 22 finish: 1473407899 752566678 start: 1473407897 245792523
t_num: 30 finish: 1473407899 858640888 start: 1473407896 908566129
t_num: 28 finish: 1473407900 21363516 start: 1473407898 27239128
t_num: 11 finish: 1473407900 97853136 start: 1473407896 949583842
t_num: 26 finish: 1473407900 240763527 start: 1473407898 438043043
t_num: 8 finish: 1473407900 241347121 start: 1473407897 599625655
t_num: 13 finish: 1473407900 241395287 start: 1473407898 660357428
t_num: 27 finish: 1473407900 245098424 start: 1473407898 378473087
t_num: 6 finish: 1473407900 449761172 start: 1473407898 377596850
t_num: 1 finish: 1473407900 670610458 start: 1473407899 621330757
t_num: 3 finish: 1473407900 763289737 start: 1473407898 844446410
t_num: 21 finish: 1473407900 882957493 start: 1473407899 318273658
t_num: 24 finish: 1473407901 358301957 start: 1473407898 377741947
t_num: 22 finish: 1473407901 748174785 start: 1473407899 752589713
t_num: 29 finish: 1473407901 749013911 start: 1473407900 195638861
t_num: 12 finish: 1473407901 749014465 start: 1473407899 859479395
t_num: 21 finish: 1473407901 879959652 start: 1473407900 883020400
t_num: 28 finish: 1473407901 989181193 start: 1473407900 21406105
t_num: 6 finish: 1473407902 28757883 start: 1473407900 449788886
t_num: 8 finish: 1473407902 266748863 start: 1473407901 285650169
t_num: 16 finish: 1473407902 266899357 start: 1473407900 498716713
t_num: 5 finish: 1473407902 410597639 start: 1473407900 446820312
t_num: 26 finish: 1473407902 617584685 start: 1473407900 946031072
t_num: 3 finish: 1473407902 700051061 start: 1473407900 763339736
t_num: 29 finish: 1473407902 988640784 start: 1473407901 749045991
t_num: 9 finish: 1473407903 130383653 start: 1473407899 709923068
t_num: 0 finish: 1473407903 198296811 start: 1473407901 730965592
t_num: 23 finish: 1473407903 282926725 start: 1473407900 344446359
t_num: 15 finish: 1473407903 327779181 start: 1473407899 923136314
t_num: 17 finish: 1473407903 505071843 start: 1473407900 244505085
t_num: 11 finish: 1473407903 613666685 start: 1473407901 51672276
t_num: 5 finish: 1473407903 653713275 start: 1473407902 410624086
t_num: 6 finish: 1473407903 672581990 start: 1473407902 28784150
t_num: 3 finish: 1473407903 835832216 start: 1473407902 700087930
t_num: 4 finish: 1473407903 924918372 start: 1473407901 808381335
t_num: 22 finish: 1473407903 990186673 start: 1473407902 737861921
t_num: 16 finish: 1473407904 32056961 start: 1473407902 266919402
t_num: 1 finish: 1473407904 122702221 start: 1473407901 810600226
t_num: 21 finish: 1473407904 150349310 start: 1473407901 880029953
t_num: 15 finish: 1473407904 481138097 start: 1473407903 327802504
t_num: 19 finish: 1473407904 538076101 start: 1473407902 49258778
t_num: 0 finish: 1473407905 590695456 start: 1473407903 198325259
t_num: 10 finish: 1473407905 662433190 start: 1473407903 462999474
t_num: 7 finish: 1473407905 927046747 start: 1473407903 303368760
t_num: 22 finish: 1473407906 74154652 start: 1473407903 990231941
t_num: 29 finish: 1473407906 106353822 start: 1473407902 988674996
t_num: 31 finish: 1473407906 147251398 start: 1473407903 925830684
t_num: 19 finish: 1473407906 218618830 start: 1473407904 538099546
t_num: 9 finish: 1473407906 455597745 start: 1473407903 559058101
t_num: 1 finish: 1473407906 483940242 start: 1473407905 51275681
t_num: 8 finish: 1473407906 636260215 start: 1473407904 33884447
t_num: 14 finish: 1473407906 722598962 start: 1473407905 397825742
t_num: 11 finish: 1473407906 766516434 start: 1473407903 613702425
t_num: 2 finish: 1473407906 857968906 start: 1473407903 862448567
t_num: 28 finish: 1473407907 123008770 start: 1473407904 615613668
t_num: 26 finish: 1473407907 185934027 start: 1473407904 32138736
t_num: 23 finish: 1473407907 235293942 start: 1473407904 32133943
t_num: 12 finish: 1473407907 389572088 start: 1473407906 248552488
t_num: 6 finish: 1473407907 945856393 start: 1473407904 533590766
t_num: 8 finish: 1473407908 279832367 start: 1473407906 636310134
t_num: 15 finish: 1473407908 280613430 start: 1473407905 374365433
t_num: 19 finish: 1473407908 281445918 start: 1473407906 768510225
t_num: 0 finish: 1473407908 378549620 start: 1473407905 590732281
t_num: 2 finish: 1473407908 484675338 start: 1473407906 858015527
t_num: 20 finish: 1473407908 597887496 start: 1473407907 90365858
t_num: 21 finish: 1473407908 597910552 start: 1473407906 106576193
t_num: 18 finish: 1473407908 641031817 start: 1473407904 759447354
t_num: 27 finish: 1473407908 662082166 start: 1473407906 134460853
t_num: 23 finish: 1473407908 705664867 start: 1473407907 235328318
t_num: 9 finish: 1473407908 764569747 start: 1473407906 455627749
t_num: 6 finish: 1473407908 825881962 start: 1473407907 945888080
t_num: 28 finish: 1473407909 377030619 start: 1473407907 123041085
t_num: 31 finish: 1473407909 451515366 start: 1473407907 445718924
t_num: 22 finish: 1473407909 475028240 start: 1473407906 74192458
t_num: 0 finish: 1473407909 752697071 start: 1473407908 378581310
t_num: 14 finish: 1473407910 15456050 start: 1473407907 832025177
t_num: 25 finish: 1473407910 154591367 start: 1473407908 558639718
t_num: 20 finish: 1473407910 710887155 start: 1473407908 597932648
t_num: 21 finish: 1473407910 811650437 start: 1473407908 598063949
t_num: 11 finish: 1473407910 971221418 start: 1473407906 766555284
t_num: 3 finish: 1473407911 4218378 start: 1473407908 708396384
t_num: 13 finish: 1473407911 7980195 start: 1473407909 223278364
t_num: 22 finish: 1473407911 12624614 start: 1473407909 475049946
t_num: 1 finish: 1473407911 14359294 start: 1473407909 478994377
t_num: 12 finish: 1473407911 467072879 start: 1473407907 389609400
t_num: 2 finish: 1473407911 494988942 start: 1473407908 484702619
t_num: 8 finish: 1473407912 2719963 start: 1473407908 279871178
t_num: 31 finish: 1473407912 375977813 start: 1473407909 451564347
t_num: 18 finish: 1473407912 415356139 start: 1473407909 244685039
t_num: 19 finish: 1473407912 428679604 start: 1473407909 391068937
t_num: 23 finish: 1473407912 449334988 start: 1473407908 705709220
t_num: 28 finish: 1473407912 462656001 start: 1473407909 377072570
t_num: 29 finish: 1473407912 462750307 start: 1473407909 565350553
t_num: 6 finish: 1473407912 574408390 start: 1473407909 274840500
t_num: 16 finish: 1473407912 689443807 start: 1473407909 986084057
t_num: 3 finish: 1473407912 689716383 start: 1473407911 4253597
t_num: 4 finish: 1473407912 706396305 start: 1473407911 12678648
t_num: 9 finish: 1473407912 706670612 start: 1473407909 709315575
t_num: 22 finish: 1473407912 707035763 start: 1473407911 440360149
t_num: 12 finish: 1473407912 969874046 start: 1473407911 467103141
t_num: 0 finish: 1473407913 33348702 start: 1473407909 752741657
t_num: 31 finish: 1473407913 87098553 start: 1473407912 376021314
t_num: 2 finish: 1473407913 472527223 start: 1473407911 495031828
t_num: 14 finish: 1473407913 731175617 start: 1473407910 15501172
t_num: 11 finish: 1473407913 859637663 start: 1473407910 971245954
t_num: 13 finish: 1473407913 872049082 start: 1473407911 558178122
t_num: 5 finish: 1473407914 19151035 start: 1473407911 418544394
t_num: 6 finish: 1473407914 321882406 start: 1473407912 574448061
t_num: 19 finish: 1473407914 876784138 start: 1473407913 356659878
t_num: 17 finish: 1473407914 877132506 start: 1473407911 419442956
t_num: 3 finish: 1473407914 906534404 start: 1473407913 551216558
t_num: 8 finish: 1473407914 931752856 start: 1473407913 34758383
t_num: 22 finish: 1473407915 222219349 start: 1473407912 707050959
t_num: 31 finish: 1473407915 672586293 start: 1473407914 110778696
t_num: 0 finish: 1473407915 677389752 start: 1473407913 33384058
t_num: 23 finish: 1473407915 764693226 start: 1473407913 758406938
t_num: 9 finish: 1473407915 898434865 start: 1473407912 706689897
t_num: 29 finish: 1473407915 923193896 start: 1473407912 462771020
t_num: 28 finish: 1473407916 46313987 start: 1473407912 462677674
t_num: 20 finish: 1473407916 395338690 start: 1473407912 706423298
t_num: 26 finish: 1473407916 402425214 start: 1473407913 379186436
t_num: 15 finish: 1473407916 402433859 start: 1473407914 319477535
t_num: 18 finish: 1473407916 627154974 start: 1473407914 876742239
t_num: 5 finish: 1473407916 705290729 start: 1473407914 19195936
t_num: 13 finish: 1473407916 762783588 start: 1473407913 872070242
t_num: 0 finish: 1473407917 58789212 start: 1473407915 677410819
t_num: 3 finish: 1473407917 101580938 start: 1473407915 762982025
t_num: 8 finish: 1473407917 201094372 start: 1473407914 931773587
t_num: 6 finish: 1473407917 477564167 start: 1473407914 321908586
t_num: 23 finish: 1473407917 765393696 start: 1473407915 764716152
t_num: 10 finish: 1473407917 974045388 start: 1473407916 359869349
t_num: 22 finish: 1473407918 12517027 start: 1473407915 222264748
t_num: 19 finish: 1473407918 105154491 start: 1473407915 629030681
t_num: 11 finish: 1473407918 124072949 start: 1473407914 838030413
t_num: 29 finish: 1473407918 124080715 start: 1473407916 562579256
t_num: 26 finish: 1473407918 188874199 start: 1473407916 402444897
t_num: 14 finish: 1473407918 241622002 start: 1473407916 562530526
t_num: 0 finish: 1473407918 931455387 start: 1473407917 58843345
t_num: 7 finish: 1473407919 86238095 start: 1473407916 319834557
t_num: 13 finish: 1473407919 86887288 start: 1473407916 762805179
t_num: 28 finish: 1473407919 91849488 start: 1473407917 241206811
t_num: 6 finish: 1473407919 93182343 start: 1473407917 477610650
t_num: 24 finish: 1473407919 129017866 start: 1473407916 100762029
t_num: 3 finish: 1473407919 151770921 start: 1473407917 101606682
t_num: 29 finish: 1473407919 151812689 start: 1473407918 124142119
t_num: 27 finish: 1473407919 151872939 start: 1473407916 722038886
t_num: 30 finish: 1473407919 706068486 start: 1473407917 649284123
t_num: 17 finish: 1473407919 777606738 start: 1473407916 722024273
t_num: 15 finish: 1473407919 777970675 start: 1473407916 402468822
t_num: 19 finish: 1473407919 778609183 start: 1473407918 105212118
t_num: 26 finish: 1473407920 43192432 start: 1473407918 188917790
t_num: 10 finish: 1473407920 79836430 start: 1473407918 729417247
t_num: 28 finish: 1473407920 235944280 start: 1473407919 91870283
t_num: 18 finish: 1473407920 630331932 start: 1473407917 995858359
t_num: 25 finish: 1473407920 706644029 start: 1473407918 289441439
t_num: 11 finish: 1473407920 737744568 start: 1473407918 709643552
t_num: 5 finish: 1473407921 221171030 start: 1473407918 295597090
t_num: 1 finish: 1473407921 579319647 start: 1473407919 334622472
t_num: 17 finish: 1473407921 827333656 start: 1473407919 777630486
t_num: 14 finish: 1473407921 827427424 start: 1473407919 832879665
t_num: 18 finish: 1473407921 828574410 start: 1473407920 630366014
t_num: 7 finish: 1473407921 961849087 start: 1473407919 760890062
t_num: 28 finish: 1473407922 195363715 start: 1473407920 236047586
t_num: 27 finish: 1473407922 195367620 start: 1473407919 705564314
t_num: 2 finish: 1473407922 359476662 start: 1473407918 307254513
t_num: 16 finish: 1473407922 361522467 start: 1473407919 631124265
t_num: 26 finish: 1473407922 536845493 start: 1473407920 43221560
t_num: 8 finish: 1473407922 558086513 start: 1473407920 16167720
t_num: 10 finish: 1473407922 796379567 start: 1473407920 79863291
t_num: 4 finish: 1473407923 106605481 start: 1473407921 962296356
t_num: 3 finish: 1473407923 248787398 start: 1473407920 688661637
t_num: 1 finish: 1473407923 260565402 start: 1473407921 579362260
t_num: 19 finish: 1473407923 260737309 start: 1473407919 778629239
t_num: 11 finish: 1473407923 539860157 start: 1473407920 737768001
t_num: 14 finish: 1473407923 572875317 start: 1473407921 827445719
t_num: 20 finish: 1473407923 677758401 start: 1473407922 176613229
t_num: 10 finish: 1473407923 772005497 start: 1473407922 796403407
t_num: 2 finish: 1473407923 832920476 start: 1473407922 359540503
t_num: 24 finish: 1473407923 885081270 start: 1473407921 888550186
t_num: 30 finish: 1473407923 910474217 start: 1473407921 412596890
t_num: 8 finish: 1473407923 997550448 start: 1473407922 558113186
t_num: 4 finish: 1473407923 997555296 start: 1473407923 106634100
t_num: 7 finish: 1473407924 203244832 start: 1473407922 796473985
t_num: 18 finish: 1473407924 298926002 start: 1473407921 828595854
t_num: 11 finish: 1473407924 780009736 start: 1473407923 539904804
t_num: 16 finish: 1473407925 375944981 start: 1473407922 796337720
t_num: 9 finish: 1473407925 757294922 start: 1473407923 260668900
t_num: 5 finish: 1473407925 856887386 start: 1473407922 726748378
t_num: 29 finish: 1473407926 159735681 start: 1473407923 96038180
t_num: 12 finish: 1473407926 169179787 start: 1473407921 888468371
t_num: 24 finish: 1473407926 459778860 start: 1473407923 885108721
t_num: 3 finish: 1473407926 499105603 start: 1473407923 966744028
t_num: 1 finish: 1473407926 691637307 start: 1473407924 844298378
t_num: 31 finish: 1473407926 719474369 start: 1473407923 833382061
t_num: 7 finish: 1473407926 720621835 start: 1473407924 203280098
t_num: 2 finish: 1473407927 32965865 start: 1473407923 832963431
t_num: 26 finish: 1473407927 192551512 start: 1473407924 844498043
t_num: 9 finish: 1473407927 192907927 start: 1473407925 757334879
t_num: 10 finish: 1473407927 193641478 start: 1473407924 364865342
t_num: 20 finish: 1473407927 330404197 start: 1473407923 677792419
t_num: 14 finish: 1473407927 464949489 start: 1473407925 221822256
t_num: 25 finish: 1473407927 531530382 start: 1473407923 808844602
t_num: 11 finish: 1473407927 685703816 start: 1473407926 224649765
t_num: 30 finish: 1473407927 862584228 start: 1473407923 910497458
t_num: 5 finish: 1473407927 862584683 start: 1473407925 856927312
t_num: 17 finish: 1473407928 120994731 start: 1473407926 194405176
t_num: 29 finish: 1473407928 164097490 start: 1473407926 159777350
t_num: 13 finish: 1473407928 164103621 start: 1473407926 105401295
t_num: 19 finish: 1473407928 201675873 start: 1473407925 234247069
t_num: 1 finish: 1473407928 319710146 start: 1473407926 691669692
t_num: 16 finish: 1473407928 559213746 start: 1473407926 267570996
t_num: 18 finish: 1473407929 9269216 start: 1473407926 622571253
t_num: 24 finish: 1473407929 744622648 start: 1473407926 459837772
t_num: 12 finish: 1473407929 776831827 start: 1473407926 169202455
t_num: 20 finish: 1473407929 782992656 start: 1473407927 330436959
t_num: 26 finish: 1473407929 804612500 start: 1473407927 192597063
t_num: 2 finish: 1473407929 831382719 start: 1473407927 32987329
t_num: 1 finish: 1473407929 956978892 start: 1473407928 319732170
t_num: 7 finish: 1473407929 959855825 start: 1473407926 919433360
t_num: 14 finish: 1473407930 44502997 start: 1473407928 421098028
t_num: 3 finish: 1473407930 129647314 start: 1473407928 69990454
t_num: 5 finish: 1473407930 145108667 start: 1473407927 862644767
t_num: 19 finish: 1473407930 325992144 start: 1473407928 201700138
t_num: 28 finish: 1473407930 569159633 start: 1473407927 808815844
t_num: 11 finish: 1473407930 598585490 start: 1473407928 204856832
t_num: 30 finish: 1473407931 142620786 start: 1473407927 862636684
t_num: 20 finish: 1473407931 263863585 start: 1473407929 783013931
t_num: 31 finish: 1473407931 288394727 start: 1473407928 243488717
t_num: 27 finish: 1473407931 328364162 start: 1473407928 698025706
t_num: 6 finish: 1473407931 342995702 start: 1473407928 911583314
t_num: 16 finish: 1473407931 377180795 start: 1473407929 775454844
t_num: 23 finish: 1473407931 476213332 start: 1473407928 940741577
t_num: 1 finish: 1473407931 646666578 start: 1473407930 598875169
t_num: 24 finish: 1473407931 660916494 start: 1473407929 954156566
t_num: 17 finish: 1473407931 698790596 start: 1473407928 532654083
t_num: 26 finish: 1473407932 167281982 start: 1473407929 804637094
t_num: 19 finish: 1473407932 170882139 start: 1473407930 799459195
t_num: 25 finish: 1473407932 264459853 start: 1473407931 199031253
t_num: 3 finish: 1473407932 264516185 start: 1473407930 129683266
t_num: 12 finish: 1473407932 264729533 start: 1473407930 361743371
t_num: 7 finish: 1473407932 639038904 start: 1473407929 959876230
t_num: 11 finish: 1473407932 747483664 start: 1473407930 598633980
t_num: 31 finish: 1473407933 55183771 start: 1473407931 288424357
t_num: 1 finish: 1473407933 130550985 start: 1473407931 646706569
t_num: 14 finish: 1473407933 350830059 start: 1473407930 44535117
t_num: 4 finish: 1473407933 580018166 start: 1473407931 89451315
t_num: 2 finish: 1473407933 580663917 start: 1473407931 265761992
t_num: 23 finish: 1473407933 594375963 start: 1473407931 476254447
t_num: 8 finish: 1473407933 758256464 start: 1473407931 582156782
t_num: 16 finish: 1473407933 760667611 start: 1473407931 377205915
t_num: 17 finish: 1473407933 762543972 start: 1473407931 698817058
t_num: 13 finish: 1473407933 978856689 start: 1473407931 265709219
t_num: 20 finish: 1473407934 56759699 start: 1473407932 264476967
t_num: 5 finish: 1473407934 57356003 start: 1473407931 582174419
t_num: 11 finish: 1473407934 250377089 start: 1473407932 747520776
t_num: 3 finish: 1473407934 496115685 start: 1473407932 264533707
t_num: 0 finish: 1473407935 19636689 start: 1473407933 305121073
t_num: 12 finish: 1473407935 26339007 start: 1473407932 264747823
t_num: 2 finish: 1473407935 201300532 start: 1473407933 580680791
t_num: 23 finish: 1473407935 257023533 start: 1473407933 594395790
t_num: 6 finish: 1473407935 511676973 start: 1473407933 352074368
t_num: 20 finish: 1473407935 512430117 start: 1473407934 56788736
t_num: 25 finish: 1473407935 548197790 start: 1473407934 10291567
t_num: 15 finish: 1473407935 700438296 start: 1473407933 764685279
t_num: 8 finish: 1473407936 268163952 start: 1473407933 758286860
t_num: 26 finish: 1473407936 679280980 start: 1473407933 960035019
t_num: 1 finish: 1473407936 679453590 start: 1473407935 16130068
t_num: 14 finish: 1473407936 820177346 start: 1473407935 148581550
t_num: 2 finish: 1473407936 856053181 start: 1473407935 201324940
t_num: 17 finish: 1473407936 922158549 start: 1473407934 124535865
t_num: 12 finish: 1473407936 922238812 start: 1473407935 512383281
t_num: 7 finish: 1473407936 922306173 start: 1473407934 332534330
t_num: 13 finish: 1473407937 158012787 start: 1473407933 978898258
t_num: 16 finish: 1473407937 317301992 start: 1473407933 760688255
t_num: 29 finish: 1473407937 351158978 start: 1473407935 40140070
t_num: 24 finish: 1473407937 504346749 start: 1473407935 21567226
t_num: 31 finish: 1473407937 639532702 start: 1473407935 201250854
t_num: 4 finish: 1473407937 774096924 start: 1473407935 24823248
t_num: 11 finish: 1473407937 779285860 start: 1473407935 885211800
t_num: 22 finish: 1473407938 200264254 start: 1473407936 47903513
t_num: 3 finish: 1473407938 305027631 start: 1473407935 22929456
t_num: 8 finish: 1473407938 308163056 start: 1473407936 268195245
t_num: 4 finish: 1473407938 772039505 start: 1473407937 774146518
t_num: 29 finish: 1473407938 815354659 start: 1473407937 351190434
t_num: 16 finish: 1473407938 816340504 start: 1473407937 317345392
t_num: 19 finish: 1473407939 42521450 start: 1473407937 927350595
t_num: 6 finish: 1473407939 70255772 start: 1473407936 738735720
t_num: 1 finish: 1473407939 157534963 start: 1473407936 679473882
t_num: 10 finish: 1473407939 440283932 start: 1473407937 67889495
t_num: 23 finish: 1473407939 466733516 start: 1473407938 276091514
t_num: 0 finish: 1473407939 647585897 start: 1473407936 744531375
t_num: 12 finish: 1473407939 939183816 start: 1473407937 608833529
t_num: 2 finish: 1473407939 940044583 start: 1473407937 776377076
t_num: 25 finish: 1473407939 941422180 start: 1473407937 608871626
t_num: 15 finish: 1473407939 950444378 start: 1473407935 700481976
t_num: 28 finish: 1473407940 182420786 start: 1473407938 247852325
t_num: 31 finish: 1473407940 242730374 start: 1473407937 639562125
t_num: 14 finish: 1473407940 409231779 start: 1473407937 622832065
t_num: 6 finish: 1473407940 435088000 start: 1473407939 70307066
t_num: 11 finish: 1473407940 637358849 start: 1473407938 276699312
t_num: 24 finish: 1473407940 637358849 start: 1473407938 253094905
t_num: 29 finish: 1473407940 956262711 start: 1473407939 573255611
t_num: 3 finish: 1473407941 101484114 start: 1473407938 769452458
t_num: 12 finish: 1473407941 133737146 start: 1473407939 939215919
t_num: 16 finish: 1473407941 490516597 start: 1473407938 816361872
t_num: 20 finish: 1473407941 491189225 start: 1473407940 134134904
t_num: 4 finish: 1473407941 664829920 start: 1473407938 772068614
t_num: 8 finish: 1473407941 665882516 start: 1473407938 594328853
t_num: 25 finish: 1473407941 902355133 start: 1473407940 905699284
t_num: 31 finish: 1473407942 200461504 start: 1473407941 102345368
t_num: 29 finish: 1473407942 487452196 start: 1473407940 956296208
t_num: 24 finish: 1473407942 528668850 start: 1473407941 79278097
t_num: 14 finish: 1473407942 585537287 start: 1473407941 79384415
t_num: 1 finish: 1473407942 794917545 start: 1473407939 157568884
t_num: 10 finish: 1473407942 862583768 start: 1473407940 133203350
t_num: 5 finish: 1473407943 63763825 start: 1473407940 994389117
t_num: 23 finish: 1473407943 92570350 start: 1473407939 466766255
t_num: 0 finish: 1473407943 217358270 start: 1473407940 506739118
t_num: 15 finish: 1473407943 257623373 start: 1473407939 950461767
t_num: 19 finish: 1473407943 415006819 start: 1473407940 505340248
t_num: 11 finish: 1473407943 462120402 start: 1473407940 637410703
t_num: 6 finish: 1473407943 509466041 start: 1473407940 435110157
t_num: 14 finish: 1473407944 683567816 start: 1473407942 585605659
t_num: 12 finish: 1473407944 689203483 start: 1473407942 45549521
t_num: 28 finish: 1473407944 785896205 start: 1473407941 79326786
t_num: 16 finish: 1473407945 51694814 start: 1473407942 763332998
t_num: 5 finish: 1473407945 56312058 start: 1473407943 63795172
t_num: 29 finish: 1473407945 56317386 start: 1473407942 487481795
t_num: 15 finish: 1473407945 309928546 start: 1473407944 154239450
t_num: 7 finish: 1473407945 416664047 start: 1473407942 73141178
t_num: 10 finish: 1473407945 748779799 start: 1473407942 862638220
t_num: 9 finish: 1473407946 52680171 start: 1473407943 261557970
t_num: 26 finish: 1473407946 53487203 start: 1473407944 22449103
t_num: 25 finish: 1473407946 378552039 start: 1473407943 862750411
t_num: 1 finish: 1473407946 602883817 start: 1473407942 794956160
t_num: 28 finish: 1473407946 602883811 start: 1473407944 785952119
t_num: 21 finish: 1473407946 786528746 start: 1473407944 532566511
t_num: 0 finish: 1473407946 867986841 start: 1473407943 217398498
t_num: 24 finish: 1473407946 923691029 start: 1473407942 528692183
t_num: 16 finish: 1473407947 60342769 start: 1473407945 448777473
t_num: 19 finish: 1473407947 431136623 start: 1473407944 895850175
t_num: 25 finish: 1473407947 600779089 start: 1473407946 378608948
t_num: 6 finish: 1473407947 601573977 start: 1473407943 509493259
t_num: 23 finish: 1473407947 820693637 start: 1473407944 721208570
t_num: 17 finish: 1473407947 821551361 start: 1473407946 70462651
t_num: 20 finish: 1473407947 822399657 start: 1473407945 448684956
t_num: 26 finish: 1473407947 973593917 start: 1473407946 53529801
t_num: 15 finish: 1473407948 106435299 start: 1473407945 806830210
t_num: 9 finish: 1473407948 239723777 start: 1473407946 843719283
t_num: 22 finish: 1473407948 271194800 start: 1473407945 342458470
t_num: 8 finish: 1473407948 272069084 start: 1473407945 56366903
t_num: 21 finish: 1473407948 273248981 start: 1473407946 786563077
t_num: 5 finish: 1473407948 367683039 start: 1473407945 56336709
t_num: 12 finish: 1473407948 368460553 start: 1473407944 689220467
t_num: 29 finish: 1473407948 369449773 start: 1473407945 448723980
t_num: 0 finish: 1473407948 618833724 start: 1473407946 868017009
t_num: 13 finish: 1473407948 739487729 start: 1473407947 220414543
t_num: 28 finish: 1473407949 620124394 start: 1473407946 602948602
t_num: 19 finish: 1473407949 914756100 start: 1473407947 431177964
t_num: 15 finish: 1473407949 916415340 start: 1473407948 106468296
t_num: 18 finish: 1473407949 916453294 start: 1473407946 816149878
t_num: 16 finish: 1473407949 985985576 start: 1473407947 60386933
t_num: 7 finish: 1473407950 132510824 start: 1473407947 778930144
t_num: 13 finish: 1473407950 298541395 start: 1473407948 739514547
t_num: 22 finish: 1473407950 298588152 start: 1473407948 271238001
t_num: 23 finish: 1473407950 377403732 start: 1473407947 820736781
t_num: 20 finish: 1473407950 415484195 start: 1473407948 699392767
t_num: 2 finish: 1473407950 572807940 start: 1473407948 300712342
t_num: 5 finish: 1473407950 667991771 start: 1473407949 63918460
t_num: 9 finish: 1473407950 678216549 start: 1473407948 239770029
t_num: 0 finish: 1473407950 779235023 start: 1473407948 618864916
t_num: 21 finish: 1473407950 895475218 start: 1473407949 63278079
t_num: 29 finish: 1473407951 221165867 start: 1473407949 588013037
t_num: 10 finish: 1473407952 254029874 start: 1473407948 284653184
t_num: 1 finish: 1473407952 259773703 start: 1473407949 816248190
t_num: 19 finish: 1473407952 361938124 start: 1473407949 914783201
t_num: 22 finish: 1473407952 643935821 start: 1473407950 298606793
t_num: 30 finish: 1473407952 681270699 start: 1473407949 169539887
t_num: 28 finish: 1473407952 884545858 start: 1473407949 620148487
t_num: 12 finish: 1473407952 992889625 start: 1473407950 586769639
t_num: 8 finish: 1473407953 130856749 start: 1473407950 749431384
t_num: 16 finish: 1473407953 578981739 start: 1473407949 986020480
t_num: 7 finish: 1473407953 580762802 start: 1473407950 132544639
t_num: 2 finish: 1473407953 619083578 start: 1473407950 572841748
t_num: 13 finish: 1473407953 643688929 start: 1473407951 721316168
t_num: 23 finish: 1473407953 680472915 start: 1473407951 220711838
t_num: 21 finish: 1473407953 708004796 start: 1473407950 895511878
t_num: 11 finish: 1473407953 886768454 start: 1473407950 298569281
t_num: 12 finish: 1473407953 958291594 start: 1473407952 992957873
t_num: 8 finish: 1473407954 228189553 start: 1473407953 130882135
t_num: 14 finish: 1473407954 256311408 start: 1473407952 92342102
t_num: 20 finish: 1473407954 722518788 start: 1473407952 89912194
t_num: 27 finish: 1473407954 751880063 start: 1473407950 895737085
t_num: 10 finish: 1473407954 894110210 start: 1473407952 254070012
t_num: 22 finish: 1473407954 894648590 start: 1473407952 643979825
t_num: 1 finish: 1473407954 981705833 start: 1473407952 259788811
t_num: 19 finish: 1473407955 127553713 start: 1473407952 361979827
t_num: 4 finish: 1473407955 127606333 start: 1473407953 110590618
t_num: 31 finish: 1473407955 135157672 start: 1473407953 554157242
t_num: 8 finish: 1473407955 251645794 start: 1473407954 228217537
t_num: 21 finish: 1473407955 642778798 start: 1473407953 708025918
t_num: 30 finish: 1473407955 722825086 start: 1473407952 681293488
t_num: 13 finish: 1473407955 897807137 start: 1473407953 643712058
t_num: 28 finish: 1473407956 150007370 start: 1473407953 687477208
t_num: 12 finish: 1473407956 150699050 start: 1473407953 958318196
t_num: 14 finish: 1473407956 338410051 start: 1473407954 256336750
t_num: 24 finish: 1473407956 711890028 start: 1473407954 542770999
t_num: 3 finish: 1473407956 764747691 start: 1473407955 88134935
t_num: 23 finish: 1473407956 784153386 start: 1473407954 502190184
t_num: 9 finish: 1473407956 793910954 start: 1473407954 980932341
t_num: 10 finish: 1473407956 938751555 start: 1473407956 37653334
t_num: 2 finish: 1473407956 957432978 start: 1473407954 784673928
t_num: 8 finish: 1473407957 16258786 start: 1473407955 251689088
t_num: 1 finish: 1473407957 161771188 start: 1473407955 770044633
t_num: 20 finish: 1473407957 231496746 start: 1473407955 459041584
t_num: 12 finish: 1473407957 433527921 start: 1473407956 150719354
t_num: 30 finish: 1473407957 470322984 start: 1473407955 722849200
t_num: 19 finish: 1473407957 514429091 start: 1473407956 299961826
t_num: 31 finish: 1473407958 156108013 start: 1473407955 135174816
t_num: 14 finish: 1473407958 214235050 start: 1473407956 338452216
t_num: 21 finish: 1473407958 478164589 start: 1473407956 300001084
t_num: 11 finish: 1473407958 553140704 start: 1473407955 438354358
t_num: 18 finish: 1473407958 611788835 start: 1473407956 299924996
t_num: 4 finish: 1473407958 611797691 start: 1473407955 127625552
t_num: 5 finish: 1473407958 995503272 start: 1473407957 311265979
t_num: 1 finish: 1473407959 122939742 start: 1473407957 161806700
t_num: 17 finish: 1473407959 222179216 start: 1473407956 542926753
t_num: 16 finish: 1473407959 347809715 start: 1473407957 470409421
t_num: 6 finish: 1473407959 382451603 start: 1473407957 753596817
t_num: 30 finish: 1473407959 382497846 start: 1473407957 470345437
t_num: 20 finish: 1473407959 534700194 start: 1473407958 214259821
t_num: 31 finish: 1473407959 617642745 start: 1473407958 156151682
t_num: 0 finish: 1473407959 620274131 start: 1473407957 369488436
t_num: 23 finish: 1473407959 620982047 start: 1473407956 784177830
t_num: 25 finish: 1473407960 61132564 start: 1473407958 964035402
t_num: 28 finish: 1473407960 254295284 start: 1473407957 110848766
t_num: 21 finish: 1473407960 256061718 start: 1473407958 478203000
t_num: 26 finish: 1473407960 379252173 start: 1473407958 9369044
t_num: 9 finish: 1473407960 556803243 start: 1473407956 793933190
t_num: 18 finish: 1473407960 584447770 start: 1473407958 611834923
t_num: 11 finish: 1473407960 984903059 start: 1473407959 34337343
t_num: 17 finish: 1473407961 208949440 start: 1473407960 68420699
t_num: 4 finish: 1473407961 444020574 start: 1473407958 611853012
t_num: 25 finish: 1473407961 544224699 start: 1473407960 61171368
t_num: 12 finish: 1473407961 595857264 start: 1473407958 959169552
t_num: 24 finish: 1473407961 672137454 start: 1473407959 449584568
t_num: 22 finish: 1473407962 339988530 start: 1473407960 584546340
t_num: 30 finish: 1473407962 447960915 start: 1473407959 757556254
t_num: 16 finish: 1473407962 452607025 start: 1473407959 347856353
t_num: 10 finish: 1473407962 620092204 start: 1473407959 282548448
t_num: 20 finish: 1473407962 702193801 start: 1473407959 534737726
t_num: 23 finish: 1473407962 895566020 start: 1473407961 480114646
t_num: 18 finish: 1473407962 895657770 start: 1473407960 584489800
t_num: 0 finish: 1473407962 895716598 start: 1473407960 505642266
t_num: 1 finish: 1473407963 65589773 start: 1473407959 430380182
t_num: 21 finish: 1473407963 175130949 start: 1473407962 325362929
t_num: 6 finish: 1473407963 246942684 start: 1473407959 382474121
t_num: 7 finish: 1473407963 246957697 start: 1473407962 318580567
t_num: 11 finish: 1473407963 938787643 start: 1473407960 984945513
t_num: 25 finish: 1473407964 62846224 start: 1473407961 544253061
t_num: 27 finish: 1473407964 63729735 start: 1473407961 18432651
t_num: 29 finish: 1473407964 63735521 start: 1473407961 545058320
t_num: 8 finish: 1473407964 90308689 start: 1473407961 631509737
t_num: 4 finish: 1473407964 269592866 start: 1473407962 612506403
t_num: 30 finish: 1473407964 269592866 start: 1473407962 811309888
t_num: 10 finish: 1473407964 344768165 start: 1473407962 765736399
t_num: 17 finish: 1473407964 345577026 start: 1473407962 372418710
t_num: 20 finish: 1473407964 456085279 start: 1473407962 702220962
t_num: 1 finish: 1473407964 531778674 start: 1473407963 550566909
t_num: 16 finish: 1473407964 805319823 start: 1473407962 452625411
t_num: 15 finish: 1473407964 805320593 start: 1473407962 513524714
t_num: 21 finish: 1473407964 980765459 start: 1473407963 175176394
t_num: 0 finish: 1473407965 824610211 start: 1473407963 864175431
t_num: 28 finish: 1473407965 898216733 start: 1473407962 355905102
t_num: 8 finish: 1473407966 272777029 start: 1473407964 90329421
t_num: 9 finish: 1473407966 296125186 start: 1473407963 507524996
t_num: 18 finish: 1473407966 311295443 start: 1473407963 65271152
t_num: 4 finish: 1473407966 362797748 start: 1473407964 596330026
t_num: 15 finish: 1473407966 391888588 start: 1473407964 805382461
t_num: 6 finish: 1473407966 512188446 start: 1473407964 344015691
t_num: 27 finish: 1473407966 813230863 start: 1473407964 958120902
t_num: 24 finish: 1473407966 882640810 start: 1473407963 636312751
t_num: 20 finish: 1473407967 332388502 start: 1473407964 456123600
t_num: 23 finish: 1473407967 365560271 start: 1473407964 597227917
t_num: 0 finish: 1473407967 365635656 start: 1473407965 824654319
t_num: 13 finish: 1473407967 365694479 start: 1473407964 50615194
t_num: 6 finish: 1473407967 676053960 start: 1473407966 512213386
t_num: 29 finish: 1473407967 720470828 start: 1473407965 372443784
t_num: 30 finish: 1473407967 938555987 start: 1473407964 269660440
t_num: 28 finish: 1473407968 124904542 start: 1473407966 391157255
t_num: 1 finish: 1473407968 325173163 start: 1473407965 260417705
t_num: 24 finish: 1473407968 625864002 start: 1473407966 882662806
t_num: 2 finish: 1473407968 835172512 start: 1473407965 481774495
t_num: 8 finish: 1473407968 870292719 start: 1473407966 272811909
t_num: 21 finish: 1473407968 941747077 start: 1473407967 266966588
t_num: 26 finish: 1473407968 953719121 start: 1473407966 512423576
t_num: 31 finish: 1473407969 672353699 start: 1473407967 888145235
t_num: 16 finish: 1473407969 672357960 start: 1473407967 407264239
t_num: 4 finish: 1473407969 672623714 start: 1473407966 882620362
t_num: 13 finish: 1473407969 672873908 start: 1473407967 365711455
t_num: 0 finish: 1473407969 673192711 start: 1473407967 365652400
t_num: 1 finish: 1473407969 721503950 start: 1473407968 325215804
t_num: 30 finish: 1473407969 808806916 start: 1473407968 391139850
t_num: 2 finish: 1473407969 981553582 start: 1473407968 835270362
t_num: 7 finish: 1473407969 983946612 start: 1473407968 775981339
t_num: 20 finish: 1473407970 2285127 start: 1473407967 887982070
t_num: 18 finish: 1473407970 3020758 start: 1473407967 449591264
t_num: 23 finish: 1473407970 548919951 start: 1473407967 365590264
t_num: 27 finish: 1473407970 557944842 start: 1473407967 881440511
t_num: 6 finish: 1473407970 558589699 start: 1473407968 697889553
t_num: 25 finish: 1473407970 908221662 start: 1473407968 698530474
t_num: 16 finish: 1473407971 161011418 start: 1473407969 672410135
t_num: 18 finish: 1473407971 613523615 start: 1473407970 3047286
t_num: 27 finish: 1473407971 638719009 start: 1473407970 557966428
t_num: 20 finish: 1473407971 934976703 start: 1473407970 2325397
t_num: 8 finish: 1473407971 973618706 start: 1473407969 704371370
t_num: 28 finish: 1473407972 283295517 start: 1473407969 672686884
t_num: 0 finish: 1473407972 284651706 start: 1473407969 945688702
t_num: 10 finish: 1473407972 285235981 start: 1473407970 807711188
t_num: 4 finish: 1473407972 435162605 start: 1473407969 672643238
t_num: 1 finish: 1473407972 596163330 start: 1473407969 721523913
t_num: 3 finish: 1473407972 684855335 start: 1473407969 705036690
t_num: 23 finish: 1473407972 686487601 start: 1473407970 548951741
t_num: 22 finish: 1473407972 728911826 start: 1473407969 683042564
t_num: 12 finish: 1473407972 733133906 start: 1473407971 443396526
t_num: 7 finish: 1473407972 763350487 start: 1473407970 549185349
t_num: 26 finish: 1473407972 764287968 start: 1473407970 975204569
t_num: 21 finish: 1473407972 771374618 start: 1473407971 435814128
t_num: 17 finish: 1473407972 827464650 start: 1473407971 212661719
t_num: 19 finish: 1473407972 941528478 start: 1473407971 85137389
t_num: 16 finish: 1473407973 513522557 start: 1473407971 161043603
t_num: 6 finish: 1473407973 556029484 start: 1473407971 828732006
t_num: 2 finish: 1473407973 638405828 start: 1473407971 462057093
t_num: 31 finish: 1473407973 663684282 start: 1473407971 457826022
t_num: 9 finish: 1473407973 934018613 start: 1473407972 717921061
t_num: 27 finish: 1473407973 975951083 start: 1473407971 638749604
t_num: 20 finish: 1473407974 19400537 start: 1473407971 935005903
t_num: 23 finish: 1473407974 61752664 start: 1473407972 686524059
t_num: 4 finish: 1473407974 169232239 start: 1473407972 435211873
t_num: 11 finish: 1473407974 523895655 start: 1473407972 242873244
t_num: 19 finish: 1473407974 578180560 start: 1473407972 941566459
t_num: 21 finish: 1473407974 594253943 start: 1473407973 180361306
t_num: 10 finish: 1473407974 594258375 start: 1473407973 180336839
t_num: 7 finish: 1473407974 767142676 start: 1473407972 763379936
t_num: 31 finish: 1473407974 968511166 start: 1473407973 663700577
t_num: 12 finish: 1473407975 333770573 start: 1473407972 991576901
t_num: 4 finish: 1473407975 427129261 start: 1473407974 169268696
t_num: 17 finish: 1473407975 491122990 start: 1473407972 827492118
t_num: 0 finish: 1473407975 644474240 start: 1473407973 180391392
t_num: 18 finish: 1473407975 655103366 start: 1473407972 985315609
t_num: 8 finish: 1473407975 885839886 start: 1473407973 976026651
t_num: 26 finish: 1473407976 46128677 start: 1473407973 663486181
t_num: 21 finish: 1473407976 423164129 start: 1473407975 101400764
t_num: 16 finish: 1473407976 423669086 start: 1473407973 513566146
t_num: 29 finish: 1473407976 621199202 start: 1473407974 301290208
t_num: 9 finish: 1473407976 622790183 start: 1473407974 665175553
t_num: 11 finish: 1473407976 647852171 start: 1473407974 523941276
t_num: 20 finish: 1473407976 706048846 start: 1473407974 762509905
t_num: 2 finish: 1473407976 920074386 start: 1473407974 876878559
t_num: 27 finish: 1473407977 91672899 start: 1473407974 763192380
t_num: 12 finish: 1473407977 91680658 start: 1473407975 333810525
t_num: 28 finish: 1473407977 384901077 start: 1473407974 665132967
t_num: 7 finish: 1473407977 629580949 start: 1473407975 230342615
t_num: 8 finish: 1473407978 54470527 start: 1473407975 885891109
t_num: 30 finish: 1473407978 55224546 start: 1473407975 830297659
t_num: 16 finish: 1473407978 302305005 start: 1473407977 169939703
t_num: 21 finish: 1473407978 303014703 start: 1473407976 423192810
t_num: 31 finish: 1473407978 499327750 start: 1473407976 284147843
t_num: 3 finish: 1473407978 569433763 start: 1473407975 403692429
t_num: 9 finish: 1473407978 571225552 start: 1473407977 377438157
t_num: 10 finish: 1473407978 572379769 start: 1473407975 103258897
t_num: 0 finish: 1473407978 888079612 start: 1473407976 440307835
t_num: 23 finish: 1473407978 933684768 start: 1473407976 421883363
t_num: 26 finish: 1473407978 934389590 start: 1473407976 46170480
t_num: 4 finish: 1473407978 974089066 start: 1473407977 299370818
t_num: 11 finish: 1473407979 592534373 start: 1473407976 647896077
t_num: 21 finish: 1473407979 605374898 start: 1473407978 303035061
t_num: 29 finish: 1473407979 673167873 start: 1473407976 621244539
t_num: 31 finish: 1473407979 777634381 start: 1473407978 499372078
t_num: 14 finish: 1473407979 777634380 start: 1473407977 932239124
t_num: 9 finish: 1473407979 920932107 start: 1473407978 571244760
t_num: 5 finish: 1473407979 981096294 start: 1473407977 297962925
t_num: 19 finish: 1473407980 209790960 start: 1473407978 796538308
t_num: 10 finish: 1473407980 532705665 start: 1473407978 572400465
t_num: 2 finish: 1473407980 536211674 start: 1473407977 696215170
t_num: 31 finish: 1473407980 543757843 start: 1473407979 964586279
t_num: 7 finish: 1473407980 627556254 start: 1473407977 629609705
t_num: 27 finish: 1473407980 648866780 start: 1473407977 741889941
t_num: 8 finish: 1473407980 716645908 start: 1473407978 54513067
t_num: 4 finish: 1473407980 897671453 start: 1473407978 974109645
t_num: 24 finish: 1473407981 548044372 start: 1473407978 800036365
t_num: 0 finish: 1473407981 569647135 start: 1473407979 713221393
t_num: 3 finish: 1473407981 739589100 start: 1473407978 569474126
t_num: 28 finish: 1473407982 133200603 start: 1473407979 965404354
t_num: 9 finish: 1473407982 635880256 start: 1473407979 920985357
t_num: 11 finish: 1473407982 693998952 start: 1473407979 592563832
t_num: 2 finish: 1473407982 845506460 start: 1473407980 758928933
t_num: 14 finish: 1473407982 845506446 start: 1473407979 777685307
t_num: 17 finish: 1473407982 924759390 start: 1473407979 963920389
t_num: 25 finish: 1473407982 940327842 start: 1473407980 533753921
t_num: 21 finish: 1473407983 220212446 start: 1473407980 58389632
t_num: 29 finish: 1473407983 348218615 start: 1473407980 741831541
t_num: 22 finish: 1473407983 399581236 start: 1473407981 714631713
t_num: 10 finish: 1473407983 468661725 start: 1473407980 532748261
t_num: 23 finish: 1473407983 497585580 start: 1473407979 964580247
t_num: 13 finish: 1473407983 546689965 start: 1473407982 107984535
t_num: 0 finish: 1473407983 624320953 start: 1473407981 569670304
t_num: 3 finish: 1473407983 727552239 start: 1473407981 739617784
t_num: 27 finish: 1473407983 827734104 start: 1473407981 389641190
t_num: 8 finish: 1473407983 828409241 start: 1473407981 570342822
t_num: 15 finish: 1473407983 838463079 start: 1473407981 259381442
t_num: 9 finish: 1473407983 955860089 start: 1473407982 635913535
t_num: 18 finish: 1473407983 986044420 start: 1473407982 695846289
t_num: 31 finish: 1473407984 32137674 start: 1473407980 543778088
t_num: 4 finish: 1473407984 197081722 start: 1473407980 897700479
t_num: 30 finish: 1473407984 275942521 start: 1473407981 612884209
t_num: 29 finish: 1473407984 321758820 start: 1473407983 348271779
t_num: 2 finish: 1473407984 321887127 start: 1473407982 845556082
t_num: 17 finish: 1473407985 179071202 start: 1473407982 924814327
t_num: 6 finish: 1473407985 203282751 start: 1473407981 1287855
t_num: 21 finish: 1473407985 401458425 start: 1473407983 220256805
t_num: 9 finish: 1473407985 440144042 start: 1473407983 955895203
t_num: 3 finish: 1473407985 440155117 start: 1473407983 727600698
t_num: 10 finish: 1473407985 487102455 start: 1473407984 273001501
t_num: 0 finish: 1473407985 761295216 start: 1473407983 624368640
t_num: 13 finish: 1473407985 860435283 start: 1473407983 890614122
t_num: 7 finish: 1473407986 833936553 start: 1473407984 273036314
t_num: 23 finish: 1473407986 933828935 start: 1473407984 822370373
t_num: 17 finish: 1473407986 934858342 start: 1473407985 179107479
t_num: 30 finish: 1473407986 999578038 start: 1473407984 275991223
t_num: 31 finish: 1473407987 475539 start: 1473407984 32160891
t_num: 11 finish: 1473407987 359190862 start: 1473407984 272341240
t_num: 19 finish: 1473407987 414457172 start: 1473407985 697247981
t_num: 29 finish: 1473407987 417966008 start: 1473407986 152902095
t_num: 2 finish: 1473407987 418821879 start: 1473407984 321906379
t_num: 4 finish: 1473407987 419429634 start: 1473407985 521705260
t_num: 14 finish: 1473407987 970866324 start: 1473407985 484838880
t_num: 18 finish: 1473407987 972010358 start: 1473407985 52612783
t_num: 12 finish: 1473407988 61300088 start: 1473407985 58740712
t_num: 16 finish: 1473407988 77673275 start: 1473407985 332198304
t_num: 3 finish: 1473407988 84503630 start: 1473407986 823638683
t_num: 21 finish: 1473407988 85197081 start: 1473407986 154977993
t_num: 31 finish: 1473407988 267327732 start: 1473407987 495026
t_num: 1 finish: 1473407988 273860803 start: 1473407986 576786567
t_num: 0 finish: 1473407988 375869538 start: 1473407985 761337597
t_num: 25 finish: 1473407988 509280546 start: 1473407986 575483104
t_num: 15 finish: 1473407988 827886820 start: 1473407986 856333665
t_num: 9 finish: 1473407988 830137407 start: 1473407985 440212984
t_num: 17 finish: 1473407988 861098006 start: 1473407986 934878800
t_num: 12 finish: 1473407989 257817406 start: 1473407988 61324446
t_num: 26 finish: 1473407989 422918749 start: 1473407986 392668080
t_num: 7 finish: 1473407989 654559543 start: 1473407988 421479558
t_num: 30 finish: 1473407989 883732354 start: 1473407986 999601177
t_num: 17 finish: 1473407989 884987978 start: 1473407988 861129989
t_num: 0 finish: 1473407989 907579899 start: 1473407988 375909951
t_num: 16 finish: 1473407990 702165807 start: 1473407988 77707412
t_num: 21 finish: 1473407990 709290232 start: 1473407988 85215896
t_num: 29 finish: 1473407990 969934558 start: 1473407987 417986340
t_num: 14 finish: 1473407991 10551912 start: 1473407987 970910244
t_num: 1 finish: 1473407991 42208095 start: 1473407988 273883977
t_num: 12 finish: 1473407991 181377240 start: 1473407989 257863130
t_num: 11 finish: 1473407991 306431446 start: 1473407989 154293503
t_num: 25 finish: 1473407991 322105126 start: 1473407989 360337952
t_num: 2 finish: 1473407991 322139472 start: 1473407988 570615292
t_num: 9 finish: 1473407991 408898780 start: 1473407988 830162484
t_num: 0 finish: 1473407991 471862796 start: 1473407989 907599656
t_num: 30 finish: 1473407991 877413985 start: 1473407989 883753429
t_num: 15 finish: 1473407991 881099482 start: 1473407990 34407795
t_num: 20 finish: 1473407992 212261129 start: 1473407989 654653136
t_num: 17 finish: 1473407992 383840509 start: 1473407989 885007798
t_num: 28 finish: 1473407992 384773548 start: 1473407990 978210082
t_num: 3 finish: 1473407993 633855877 start: 1473407990 960229507
t_num: 4 finish: 1473407993 862433674 start: 1473407990 713234650
t_num: 12 finish: 1473407993 876184226 start: 1473407991 181417653
t_num: 17 finish: 1473407994 229770823 start: 1473407992 383884919
t_num: 1 finish: 1473407994 267767951 start: 1473407991 42234049
t_num: 21 finish: 1473407994 483711744 start: 1473407992 282931498
t_num: 23 finish: 1473407994 485012597 start: 1473407991 268494092
t_num: 2 finish: 1473407994 707672275 start: 1473407992 309583736
t_num: 8 finish: 1473407994 760947432 start: 1473407993 594581070
t_num: 11 finish: 1473407994 812327932 start: 1473407991 306452846
t_num: 25 finish: 1473407994 812424670 start: 1473407991 882286005
t_num: 20 finish: 1473407994 812496706 start: 1473407992 212295566
t_num: 9 finish: 1473407994 883811550 start: 1473407991 408957149
t_num: 22 finish: 1473407994 883889059 start: 1473407990 989052976
t_num: 15 finish: 1473407994 884916491 start: 1473407991 881121369
t_num: 10 finish: 1473407995 110286838 start: 1473407991 306458605
t_num: 27 finish: 1473407995 202010832 start: 1473407992 55785745
t_num: 16 finish: 1473407995 330399447 start: 1473407991 984762979
t_num: 26 finish: 1473407995 763809984 start: 1473407993 770233962
t_num: 29 finish: 1473407995 852498136 start: 1473407992 747725445
t_num: 17 finish: 1473407995 904590739 start: 1473407994 229813715
t_num: 1 finish: 1473407996 4119580 start: 1473407994 267800176
t_num: 8 finish: 1473407996 110250689 start: 1473407994 760993332
t_num: 9 finish: 1473407996 221825949 start: 1473407994 883867796
t_num: 2 finish: 1473407996 291727301 start: 1473407994 707713586
t_num: 27 finish: 1473407998 106111542 start: 1473407995 582848894
t_num: 22 finish: 1473407998 133847423 start: 1473407994 883918717
t_num: 4 finish: 1473407998 135251767 start: 1473407993 862471124
t_num: 8 finish: 1473407998 168771124 start: 1473407996 110281806
t_num: 30 finish: 1473407998 184569948 start: 1473407994 305004129
t_num: 29 finish: 1473407998 184899849 start: 1473407995 852537871
t_num: 12 finish: 1473407998 242000862 start: 1473407995 669462177
t_num: 6 finish: 1473407998 312904661 start: 1473407995 829453809
t_num: 31 finish: 1473407998 354519795 start: 1473407994 756039597
t_num: 14 finish: 1473407998 477848705 start: 1473407994 655704516
t_num: 2 finish: 1473407998 498854709 start: 1473407996 291760826
t_num: 17 finish: 1473407998 501977152 start: 1473407996 393261233
t_num: 25 finish: 1473407998 584310555 start: 1473407995 669956982
t_num: 24 finish: 1473407998 617690286 start: 1473407996 494897637
t_num: 15 finish: 1473407998 617747228 start: 1473407994 884936737
t_num: 9 finish: 1473407998 726438690 start: 1473407996 221858725
t_num: 12 finish: 1473407998 726753451 start: 1473407998 242035292
t_num: 16 finish: 1473407998 726861856 start: 1473407996 886518684
t_num: 10 finish: 1473407998 726928175 start: 1473407995 628389935
t_num: 28 finish: 1473407998 727725782 start: 1473407995 40163796
t_num: 7 finish: 1473407999 52164124 start: 1473407998 312832528
t_num: 30 finish: 1473407999 52170185 start: 1473407998 184616883
t_num: 31 finish: 1473407999 74925460 start: 1473407998 354562738
t_num: 14 finish: 1473408000 66445180 start: 1473407998 477882348
t_num: 17 finish: 1473408000 268732744 start: 1473407998 501995861
t_num: 20 finish: 1473408000 271719481 start: 1473407998 312791316
t_num: 4 finish: 1473408000 402488558 start: 1473407998 135272762
t_num: 13 finish: 1473408000 507085566 start: 1473407998 488306125
t_num: 24 finish: 1473408000 567555237 start: 1473407998 617728116
t_num: 28 finish: 1473408000 757961649 start: 1473407998 727745135
t_num: 19 finish: 1473408001 47167268 start: 1473407999 138648698
t_num: 27 finish: 1473408001 338420870 start: 1473407999 700424872
t_num: 5 finish: 1473408001 338452890 start: 1473407999 133326558
t_num: 31 finish: 1473408001 371401877 start: 1473407999 74944827
t_num: 6 finish: 1473408001 415506261 start: 1473408000 185113728
t_num: 3 finish: 1473408001 586028278 start: 1473408000 376031919
t_num: 15 finish: 1473408001 701672948 start: 1473407999 913256528
t_num: 30 finish: 1473408001 713532054 start: 1473407999 52898273
t_num: 12 finish: 1473408001 970399797 start: 1473407998 726773846
t_num: 20 finish: 1473408001 979934285 start: 1473408000 713343184
t_num: 0 finish: 1473408002 299352876 start: 1473408000 15602293
t_num: 24 finish: 1473408002 333579328 start: 1473408001 224635980
t_num: 26 finish: 1473408002 447662270 start: 1473408000 712472494
t_num: 16 finish: 1473408002 567223035 start: 1473407999 767091376
t_num: 4 finish: 1473408002 583881220 start: 1473408000 894657603
t_num: 18 finish: 1473408002 770640340 start: 1473408000 371280613
t_num: 14 finish: 1473408002 770640356 start: 1473408000 66489211
t_num: 10 finish: 1473408003 345595236 start: 1473408000 714112726
t_num: 13 finish: 1473408003 486545851 start: 1473408001 338212964
t_num: 31 finish: 1473408003 559016601 start: 1473408001 371437432
t_num: 27 finish: 1473408003 586504331 start: 1473408001 338447741
t_num: 11 finish: 1473408003 587205498 start: 1473408002 299028225
t_num: 25 finish: 1473408003 622590921 start: 1473408001 315688889
t_num: 7 finish: 1473408003 622774709 start: 1473408001 182201455
t_num: 3 finish: 1473408004 124607795 start: 1473408001 586071102
t_num: 9 finish: 1473408004 124607795 start: 1473408000 783890781
t_num: 6 finish: 1473408004 124699904 start: 1473408001 750879037
t_num: 17 finish: 1473408004 163661404 start: 1473408002 741251242
t_num: 15 finish: 1473408004 168658755 start: 1473408002 183198382
t_num: 8 finish: 1473408004 193338779 start: 1473408001 338247232
t_num: 5 finish: 1473408004 369164233 start: 1473408001 338470730
t_num: 1 finish: 1473408005 464128704 start: 1473408002 605942471
t_num: 10 finish: 1473408005 469577433 start: 1473408003 345620380
t_num: 24 finish: 1473408005 535405658 start: 1473408003 520420800
t_num: 18 finish: 1473408005 545301662 start: 1473408003 659565465
t_num: 16 finish: 1473408005 851308943 start: 1473408003 659591755
t_num: 14 finish: 1473408006 42230504 start: 1473408002 770704443
t_num: 11 finish: 1473408006 43377085 start: 1473408003 852245537
t_num: 8 finish: 1473408006 157968096 start: 1473408004 743228722
t_num: 29 finish: 1473408006 170148291 start: 1473408001 759408245
t_num: 7 finish: 1473408006 215968399 start: 1473408003 622809287
t_num: 25 finish: 1473408006 215978833 start: 1473408003 989444206
t_num: 0 finish: 1473408006 216014323 start: 1473408003 106292659
t_num: 31 finish: 1473408006 216055090 start: 1473408003 559054882
t_num: 18 finish: 1473408006 256437142 start: 1473408005 545322606
t_num: 20 finish: 1473408006 296255603 start: 1473408004 50235437
t_num: 1 finish: 1473408006 561731637 start: 1473408005 464172660
t_num: 3 finish: 1473408006 618929741 start: 1473408004 124638040
t_num: 11 finish: 1473408006 853873108 start: 1473408006 43398268
t_num: 23 finish: 1473408006 930649602 start: 1473408004 597414620
t_num: 22 finish: 1473408007 71226096 start: 1473408005 535433703
t_num: 26 finish: 1473408007 137129954 start: 1473408004 743835399
t_num: 6 finish: 1473408007 366777242 start: 1473408004 730782434
t_num: 5 finish: 1473408007 710303462 start: 1473408004 369209747
t_num: 19 finish: 1473408007 751091821 start: 1473408005 483570953
t_num: 17 finish: 1473408007 948651562 start: 1473408006 202687712
t_num: 23 finish: 1473408008 19325681 start: 1473408006 930695348
t_num: 20 finish: 1473408008 53064722 start: 1473408006 296292451
t_num: 10 finish: 1473408008 68906361 start: 1473408005 469604649
t_num: 24 finish: 1473408008 433977932 start: 1473408006 102391249
t_num: 21 finish: 1473408008 441955579 start: 1473408006 380729172
t_num: 8 finish: 1473408008 441962571 start: 1473408006 157997780
t_num: 7 finish: 1473408008 490737565 start: 1473408006 215994077
t_num: 1 finish: 1473408008 662858850 start: 1473408007 202089646
t_num: 28 finish: 1473408008 796053196 start: 1473408007 156189640
t_num: 10 finish: 1473408008 819166804 start: 1473408008 68930598
t_num: 3 finish: 1473408008 819511495 start: 1473408007 201075043
t_num: 26 finish: 1473408009 252415162 start: 1473408007 137177157
t_num: 22 finish: 1473408009 255501925 start: 1473408007 71250518
t_num: 0 finish: 1473408009 255515740 start: 1473408006 216030531
t_num: 13 finish: 1473408009 383850545 start: 1473408006 434610428
t_num: 25 finish: 1473408009 440945841 start: 1473408007 550909426
t_num: 23 finish: 1473408009 891291105 start: 1473408008 19360054
t_num: 7 finish: 1473408009 915759732 start: 1473408008 490760456
t_num: 31 finish: 1473408010 46157749 start: 1473408006 930759163
t_num: 11 finish: 1473408010 152740452 start: 1473408007 548782265
t_num: 4 finish: 1473408010 375770676 start: 1473408008 441642196
t_num: 20 finish: 1473408010 442634691 start: 1473408008 796013679
t_num: 6 finish: 1473408010 611305516 start: 1473408008 424327537
t_num: 21 finish: 1473408010 800370519 start: 1473408008 441977400
t_num: 28 finish: 1473408010 800636062 start: 1473408008 796080810
t_num: 8 finish: 1473408010 830728290 start: 1473408008 442199413
t_num: 19 finish: 1473408010 888250432 start: 1473408008 441717705
t_num: 12 finish: 1473408011 29296534 start: 1473408009 131716299
t_num: 17 finish: 1473408011 221014720 start: 1473408007 948681356
t_num: 25 finish: 1473408012 499547578 start: 1473408010 416886640
t_num: 5 finish: 1473408012 531696121 start: 1473408008 763427694
t_num: 3 finish: 1473408012 665209121 start: 1473408009 697730945
t_num: 22 finish: 1473408012 854350314 start: 1473408009 255560889
t_num: 1 finish: 1473408012 856616086 start: 1473408008 662893430
t_num: 23 finish: 1473408013 41943693 start: 1473408009 891336758
t_num: 28 finish: 1473408013 41953692 start: 1473408010 800669999
t_num: 20 finish: 1473408013 75571777 start: 1473408010 442657393
t_num: 19 finish: 1473408013 153608715 start: 1473408010 888268725
t_num: 26 finish: 1473408013 214859433 start: 1473408009 900556271
t_num: 0 finish: 1473408013 216792449 start: 1473408010 437462492
t_num: 25 finish: 1473408013 325055701 start: 1473408012 802107210
t_num: 8 finish: 1473408013 352751799 start: 1473408010 830746440
t_num: 17 finish: 1473408013 453256123 start: 1473408012 793037155
t_num: 11 finish: 1473408013 638615601 start: 1473408011 639304794
t_num: 13 finish: 1473408013 656495950 start: 1473408010 829884930
t_num: 1 finish: 1473408014 132240990 start: 1473408012 856639527
t_num: 12 finish: 1473408014 820898002 start: 1473408011 29357589
t_num: 4 finish: 1473408015 242449815 start: 1473408011 356030399
t_num: 3 finish: 1473408015 260392000 start: 1473408012 806470073
t_num: 18 finish: 1473408015 519690558 start: 1473408011 642875300
t_num: 28 finish: 1473408015 624186794 start: 1473408013 42017819
t_num: 22 finish: 1473408015 624210908 start: 1473408013 42152870
t_num: 30 finish: 1473408015 624272923 start: 1473408012 886897717
t_num: 13 finish: 1473408015 658831688 start: 1473408013 656513708
t_num: 14 finish: 1473408015 658890007 start: 1473408012 671951086
t_num: 27 finish: 1473408015 665887488 start: 1473408010 830478032
t_num: 0 finish: 1473408016 245247349 start: 1473408013 216808315
t_num: 6 finish: 1473408016 517435675 start: 1473408012 654080968
t_num: 1 finish: 1473408018 497312335 start: 1473408014 132284558
t_num: 12 finish: 1473408018 502626274 start: 1473408014 820942549
t_num: 2 finish: 1473408018 504418706 start: 1473408013 459524368
t_num: 25 finish: 1473408018 504480606 start: 1473408013 325094000
t_num: 9 finish: 1473408018 975408375 start: 1473408012 936579100
t_num: 6 finish: 1473408020 27010921 start: 1473408016 517478770
t_num: 17 finish: 1473408020 27042471 start: 1473408014 99154179
t_num: 19 finish: 1473408020 27190319 start: 1473408015 555316010
t_num: 20 finish: 1473408020 99061525 start: 1473408015 517140013
t_num: 8 finish: 1473408021 58825689 start: 1473408015 665925874
t_num: 1 finish: 1473408021 599619165 start: 1473408018 497357704
t_num: 11 finish: 1473408021 599763965 start: 1473408015 527566047
t_num: 4 finish: 1473408021 869762408 start: 1473408015 242496344
t_num: 22 finish: 1473408021 873246988 start: 1473408015 624244463
t_num: 14 finish: 1473408021 930896156 start: 1473408015 658910055
t_num: 0 finish: 1473408022 153247258 start: 1473408016 245282604
t_num: 13 finish: 1473408022 154197802 start: 1473408018 728066606
t_num: 16 finish: 1473408022 169145955 start: 1473408016 523260064
t_num: 28 finish: 1473408022 169217213 start: 1473408020 108198160
t_num: 9 finish: 1473408023 633715628 start: 1473408018 975453543
t_num: 2 finish: 1473408023 665847812 start: 1473408018 740770971
t_num: 19 finish: 1473408024 724442472 start: 1473408020 27209890
t_num: 27 finish: 1473408024 725499876 start: 1473408020 27101052
t_num: 25 finish: 1473408024 725546468 start: 1473408018 735586773
t_num: 30 finish: 1473408024 733330498 start: 1473408018 647670001
t_num: 8 finish: 1473408024 733370300 start: 1473408021 58875792
t_num: 28 finish: 1473408024 742042893 start: 1473408022 169234887
t_num: 0 finish: 1473408024 759287539 start: 1473408022 153288848
t_num: 1 finish: 1473408024 834844243 start: 1473408021 599681802
t_num: 13 finish: 1473408024 845757332 start: 1473408022 154221721
t_num: 7 finish: 1473408024 866645855 start: 1473408020 245498023
t_num: 29 finish: 1473408024 868896590 start: 1473408022 656154893
t_num: 22 finish: 1473408024 894092318 start: 1473408021 873268269
t_num: 2 finish: 1473408025 101575784 start: 1473408023 665871375
t_num: 17 finish: 1473408025 101968588 start: 1473408021 930769963
t_num: 26 finish: 1473408025 108029881 start: 1473408022 181338028
t_num: 11 finish: 1473408025 108089349 start: 1473408021 599784316
t_num: 21 finish: 1473408027 916345169 start: 1473408021 580407741
t_num: 16 finish: 1473408027 920052645 start: 1473408022 169166938
t_num: 19 finish: 1473408028 487123402 start: 1473408024 724564110
t_num: 0 finish: 1473408028 759094418 start: 1473408024 759309888
t_num: 14 finish: 1473408028 761530491 start: 1473408024 867821539
t_num: 24 finish: 1473408028 854271025 start: 1473408024 818857977
t_num: 25 finish: 1473408028 854272401 start: 1473408024 973650591
t_num: 1 finish: 1473408028 996659731 start: 1473408024 834870269
t_num: 11 finish: 1473408029 23749074 start: 1473408025 108106793
t_num: 9 finish: 1473408029 38661145 start: 1473408024 867536022
t_num: 3 finish: 1473408029 38684699 start: 1473408024 868049301
t_num: 30 finish: 1473408029 107946171 start: 1473408025 620882844
t_num: 28 finish: 1473408029 109286765 start: 1473408024 982944379
t_num: 10 finish: 1473408029 131910023 start: 1473408028 487082871
t_num: 5 finish: 1473408029 232303012 start: 1473408026 765087567
t_num: 7 finish: 1473408030 152884656 start: 1473408028 50877106
t_num: 26 finish: 1473408030 205647265 start: 1473408025 108050565
t_num: 20 finish: 1473408030 210642256 start: 1473408025 117174702
t_num: 8 finish: 1473408030 273461952 start: 1473408024 733384419
t_num: 29 finish: 1473408030 273461942 start: 1473408025 105788354
t_num: 19 finish: 1473408030 855319458 start: 1473408028 487148578
t_num: 31 finish: 1473408031 363225897 start: 1473408028 104323237
t_num: 18 finish: 1473408031 415343696 start: 1473408025 652539272
t_num: 14 finish: 1473408031 594886845 start: 1473408028 761550516
t_num: 24 finish: 1473408031 980462885 start: 1473408028 854311772
t_num: 17 finish: 1473408031 998085240 start: 1473408027 933873141
t_num: 25 finish: 1473408032 53478818 start: 1473408028 854330288
t_num: 22 finish: 1473408032 260985200 start: 1473408025 621198493
t_num: 20 finish: 1473408032 340667547 start: 1473408030 210663863
t_num: 19 finish: 1473408032 579201157 start: 1473408030 855347211
t_num: 29 finish: 1473408032 667527681 start: 1473408030 273531024
t_num: 3 finish: 1473408032 667593825 start: 1473408029 38706495
t_num: 7 finish: 1473408032 667690110 start: 1473408030 152929885
t_num: 11 finish: 1473408033 342149905 start: 1473408029 23822940
t_num: 5 finish: 1473408033 542994588 start: 1473408029 232343343
t_num: 20 finish: 1473408034 746288003 start: 1473408032 340701787
t_num: 14 finish: 1473408034 898716809 start: 1473408031 594919155
t_num: 16 finish: 1473408036 661886076 start: 1473408032 60358863
t_num: 24 finish: 1473408037 833852206 start: 1473408031 980493286
t_num: 4 finish: 1473408037 856276853 start: 1473408031 973489324
t_num: 23 finish: 1473408037 856342137 start: 1473408030 213648673
t_num: 30 finish: 1473408037 874790419 start: 1473408031 973512264
t_num: 25 finish: 1473408037 874999364 start: 1473408032 53504060
t_num: 28 finish: 1473408037 882096586 start: 1473408031 219656487
t_num: 17 finish: 1473408037 908395111 start: 1473408034 740684599
t_num: 20 finish: 1473408039 544583210 start: 1473408035 117228138
t_num: 8 finish: 1473408040 3655573 start: 1473408032 529714879
t_num: 9 finish: 1473408040 25224552 start: 1473408032 53319771
t_num: 31 finish: 1473408040 69778406 start: 1473408037 280904004
t_num: 5 finish: 1473408040 87622412 start: 1473408037 285879832
t_num: 6 finish: 1473408041 143560234 start: 1473408036 641642368
t_num: 7 finish: 1473408041 144442093 start: 1473408032 667707854
t_num: 14 finish: 1473408041 347275066 start: 1473408034 898751182
t_num: 22 finish: 1473408042 482514757 start: 1473408032 555405929
t_num: 3 finish: 1473408045 77839657 start: 1473408032 667613765
t_num: 15 finish: 1473408046 386312946 start: 1473408034 574029901
t_num: 30 finish: 1473408046 388117317 start: 1473408037 874812347
t_num: 2 finish: 1473408046 460114650 start: 1473408037 91071675
t_num: 4 finish: 1473408046 467595018 start: 1473408040 75153794
t_num: 28 finish: 1473408046 582520364 start: 1473408037 882117003
t_num: 20 finish: 1473408046 800543006 start: 1473408040 92057256
t_num: 19 finish: 1473408046 809345193 start: 1473408041 2755482
t_num: 13 finish: 1473408046 994422659 start: 1473408041 283381262
t_num: 1 finish: 1473408046 995103545 start: 1473408037 124560687
t_num: 17 finish: 1473408046 995103545 start: 1473408040 78833669
t_num: 9 finish: 1473408047 259150041 start: 1473408040 25267777
t_num: 3 finish: 1473408047 494667561 start: 1473408045 77876969
t_num: 26 finish: 1473408047 636708846 start: 1473408040 25854371
t_num: 16 finish: 1473408047 640235728 start: 1473408041 4665292
t_num: 4 finish: 1473408047 640792304 start: 1473408046 467612829
t_num: 10 finish: 1473408047 649176583 start: 1473408046 379575098
t_num: 27 finish: 1473408047 666890945 start: 1473408040 91952160
t_num: 31 finish: 1473408047 710428956 start: 1473408040 69836110
t_num: 9 finish: 1473408048 236412858 start: 1473408047 259191938
t_num: 14 finish: 1473408048 242734319 start: 1473408043 719543165
t_num: 6 finish: 1473408048 244366415 start: 1473408043 718942995
t_num: 20 finish: 1473408048 245441091 start: 1473408046 800585813
t_num: 5 finish: 1473408048 403136761 start: 1473408042 477591248
t_num: 13 finish: 1473408048 709370662 start: 1473408046 994447540
t_num: 7 finish: 1473408049 211400566 start: 1473408042 483389893
t_num: 12 finish: 1473408049 375992316 start: 1473408047 227378318
t_num: 16 finish: 1473408049 383821676 start: 1473408047 640256513
t_num: 0 finish: 1473408049 464776633 start: 1473408046 398562794
t_num: 30 finish: 1473408049 469619592 start: 1473408047 661846393
t_num: 19 finish: 1473408049 476057609 start: 1473408048 235935176
t_num: 27 finish: 1473408049 498761399 start: 1473408047 666920889
t_num: 15 finish: 1473408050 301450652 start: 1473408046 993109775
t_num: 12 finish: 1473408050 312569864 start: 1473408049 376041229
t_num: 6 finish: 1473408050 330847804 start: 1473408048 244388202
t_num: 1 finish: 1473408050 333686950 start: 1473408048 236569446
t_num: 16 finish: 1473408050 349404317 start: 1473408049 383845580
t_num: 4 finish: 1473408050 921170283 start: 1473408048 708492868
t_num: 23 finish: 1473408050 924202232 start: 1473408049 378751069
t_num: 10 finish: 1473408050 992103110 start: 1473408047 649196817
t_num: 19 finish: 1473408051 63066828 start: 1473408050 99171509
t_num: 7 finish: 1473408051 63072511 start: 1473408049 457769023
t_num: 5 finish: 1473408051 139658770 start: 1473408048 403178914
t_num: 27 finish: 1473408051 598492824 start: 1473408049 498783154
t_num: 2 finish: 1473408051 970416950 start: 1473408050 567743249
t_num: 6 finish: 1473408051 995458695 start: 1473408050 330869271
t_num: 20 finish: 1473408052 61369350 start: 1473408050 54835900
t_num: 10 finish: 1473408052 144594253 start: 1473408050 992146774
t_num: 1 finish: 1473408052 181234709 start: 1473408050 333706892
t_num: 23 finish: 1473408052 243046610 start: 1473408050 924223532
t_num: 11 finish: 1473408052 503517668 start: 1473408050 846226432
t_num: 0 finish: 1473408052 622060165 start: 1473408050 445046203
t_num: 31 finish: 1473408052 637566778 start: 1473408050 465845142
t_num: 16 finish: 1473408052 638323582 start: 1473408050 517104946
t_num: 14 finish: 1473408053 146044351 start: 1473408050 296668789
t_num: 29 finish: 1473408053 635103932 start: 1473408050 833981812
t_num: 7 finish: 1473408053 775024927 start: 1473408051 597823785
t_num: 13 finish: 1473408053 775858496 start: 1473408050 567769819
t_num: 18 finish: 1473408053 941029896 start: 1473408051 60652358
t_num: 4 finish: 1473408054 40887082 start: 1473408051 651564553
t_num: 9 finish: 1473408054 149314283 start: 1473408050 837435918
t_num: 15 finish: 1473408054 200989391 start: 1473408051 757716
t_num: 20 finish: 1473408054 347046786 start: 1473408052 61389613
t_num: 8 finish: 1473408054 352272426 start: 1473408051 954691989
t_num: 23 finish: 1473408054 356909770 start: 1473408052 243088693
t_num: 27 finish: 1473408054 517940604 start: 1473408053 147637763
t_num: 24 finish: 1473408055 594637167 start: 1473408052 855120563
t_num: 1 finish: 1473408055 632668672 start: 1473408052 621706217
t_num: 22 finish: 1473408055 648206287 start: 1473408053 854433789
t_num: 0 finish: 1473408055 726114199 start: 1473408052 622088381
t_num: 29 finish: 1473408055 726190216 start: 1473408053 635132156
t_num: 28 finish: 1473408055 726302968 start: 1473408053 148686691
t_num: 11 finish: 1473408055 726324159 start: 1473408052 503559411
t_num: 13 finish: 1473408056 89766934 start: 1473408053 775880443
t_num: 23 finish: 1473408056 266688069 start: 1473408054 549674635
t_num: 5 finish: 1473408056 266691722 start: 1473408053 775251180
t_num: 27 finish: 1473408056 736904815 start: 1473408054 517967473
t_num: 10 finish: 1473408056 797891796 start: 1473408053 667950776
t_num: 11 finish: 1473408056 839427206 start: 1473408055 726340689
t_num: 18 finish: 1473408057 20162466 start: 1473408055 356984559
t_num: 2 finish: 1473408057 88697814 start: 1473408053 938820487
t_num: 0 finish: 1473408057 88704240 start: 1473408055 726138059
t_num: 4 finish: 1473408057 88783053 start: 1473408054 40922054
t_num: 29 finish: 1473408057 383454779 start: 1473408055 726255762
t_num: 14 finish: 1473408057 463256853 start: 1473408054 353442952
t_num: 7 finish: 1473408057 589445668 start: 1473408054 535097034
t_num: 9 finish: 1473408057 672423651 start: 1473408054 416936819
t_num: 24 finish: 1473408057 757212754 start: 1473408055 594680724
t_num: 22 finish: 1473408057 858246670 start: 1473408055 648226429
t_num: 0 finish: 1473408058 313016961 start: 1473408057 88734285
t_num: 28 finish: 1473408058 729160872 start: 1473408056 708582882
t_num: 20 finish: 1473408058 730278008 start: 1473408055 685301145
t_num: 30 finish: 1473408059 415449892 start: 1473408056 476821167
t_num: 4 finish: 1473408059 601852594 start: 1473408057 88801743
t_num: 26 finish: 1473408059 662763853 start: 1473408055 835414036
t_num: 21 finish: 1473408059 666259127 start: 1473408057 206336070
t_num: 6 finish: 1473408059 798395546 start: 1473408054 945459294
t_num: 10 finish: 1473408059 828077043 start: 1473408057 541501798
t_num: 13 finish: 1473408060 99418239 start: 1473408057 477336846
t_num: 22 finish: 1473408060 188814293 start: 1473408057 858288812
t_num: 14 finish: 1473408060 271877394 start: 1473408057 463301617
t_num: 28 finish: 1473408060 355576979 start: 1473408058 729207884
t_num: 29 finish: 1473408060 364879108 start: 1473408059 798410303
t_num: 11 finish: 1473408060 559791973 start: 1473408057 995509641
t_num: 10 finish: 1473408060 799218325 start: 1473408059 828106252
t_num: 26 finish: 1473408060 799970201 start: 1473408059 662808395
t_num: 27 finish: 1473408060 842391186 start: 1473408057 758299177
t_num: 17 finish: 1473408061 179824784 start: 1473408059 843280555
t_num: 0 finish: 1473408061 180495693 start: 1473408058 313055372
t_num: 6 finish: 1473408062 106564947 start: 1473408060 204438938
t_num: 31 finish: 1473408062 123886224 start: 1473408060 204359561
t_num: 18 finish: 1473408062 141966020 start: 1473408060 99429259
t_num: 11 finish: 1473408062 249073451 start: 1473408060 559849974
t_num: 4 finish: 1473408062 272331866 start: 1473408060 32935814
t_num: 28 finish: 1473408062 429776031 start: 1473408060 355613313
t_num: 26 finish: 1473408062 566339173 start: 1473408060 799990584
t_num: 7 finish: 1473408062 614388608 start: 1473408060 99465000
t_num: 25 finish: 1473408062 756336148 start: 1473408061 544384242
t_num: 29 finish: 1473408062 792566270 start: 1473408060 364898539
t_num: 0 finish: 1473408062 842368091 start: 1473408061 180529588
t_num: 21 finish: 1473408062 872638082 start: 1473408060 161054893
t_num: 6 finish: 1473408062 874291562 start: 1473408062 106589931
t_num: 30 finish: 1473408063 421894391 start: 1473408061 951961357
t_num: 13 finish: 1473408063 423211395 start: 1473408062 248965011
t_num: 16 finish: 1473408063 423257545 start: 1473408062 214963244
t_num: 17 finish: 1473408063 475304931 start: 1473408062 123052716
t_num: 23 finish: 1473408063 528396821 start: 1473408060 590615505
t_num: 27 finish: 1473408064 244784929 start: 1473408060 842427089
t_num: 3 finish: 1473408064 246230991 start: 1473408060 801482151
t_num: 8 finish: 1473408064 257868479 start: 1473408060 188792566
t_num: 11 finish: 1473408064 337425542 start: 1473408062 249101115
t_num: 4 finish: 1473408064 337541088 start: 1473408062 906287749
t_num: 18 finish: 1473408064 363718710 start: 1473408063 619085
t_num: 14 finish: 1473408064 591911961 start: 1473408062 249123643
t_num: 5 finish: 1473408064 611099036 start: 1473408062 793154900
t_num: 31 finish: 1473408064 730638993 start: 1473408062 123910796
t_num: 13 finish: 1473408065 185866589 start: 1473408064 250361938
t_num: 25 finish: 1473408065 527172768 start: 1473408063 583633613
t_num: 26 finish: 1473408065 560792281 start: 1473408063 454667208
t_num: 16 finish: 1473408065 660133451 start: 1473408063 423277687
t_num: 30 finish: 1473408065 788879834 start: 1473408064 147761785
t_num: 7 finish: 1473408065 812207604 start: 1473408064 554154527
t_num: 27 finish: 1473408065 812212592 start: 1473408064 244831044
t_num: 23 finish: 1473408065 948899870 start: 1473408063 528425353
t_num: 17 finish: 1473408065 949017922 start: 1473408063 475333083
t_num: 4 finish: 1473408065 959224473 start: 1473408064 337560954
t_num: 15 finish: 1473408066 68336524 start: 1473408064 235369321
t_num: 11 finish: 1473408066 184979393 start: 1473408064 337454374
t_num: 5 finish: 1473408066 239620251 start: 1473408064 611122585
t_num: 22 finish: 1473408066 466852297 start: 1473408064 384879712
t_num: 14 finish: 1473408066 862290533 start: 1473408065 634724374
t_num: 18 finish: 1473408067 165018741 start: 1473408064 363745853
t_num: 0 finish: 1473408067 207845118 start: 1473408064 894654944
t_num: 27 finish: 1473408067 218838872 start: 1473408066 186670791
t_num: 4 finish: 1473408067 390852013 start: 1473408065 959244930
t_num: 13 finish: 1473408067 939674071 start: 1473408065 185899572
t_num: 17 finish: 1473408067 968294720 start: 1473408065 949037696
t_num: 16 finish: 1473408068 91084158 start: 1473408066 685367791
t_num: 5 finish: 1473408068 133716569 start: 1473408066 239646767
t_num: 26 finish: 1473408068 222825814 start: 1473408066 798531242
t_num: 3 finish: 1473408068 371677209 start: 1473408066 186081350
t_num: 25 finish: 1473408068 806472500 start: 1473408065 939842108
t_num: 24 finish: 1473408069 30750270 start: 1473408065 962514027
t_num: 14 finish: 1473408069 31725475 start: 1473408066 862330361
t_num: 8 finish: 1473408069 118926169 start: 1473408065 578931062
t_num: 20 finish: 1473408069 183364964 start: 1473408066 685131001
t_num: 11 finish: 1473408069 428781584 start: 1473408066 936598750
t_num: 31 finish: 1473408069 642463936 start: 1473408065 963064499
t_num: 30 finish: 1473408069 652607397 start: 1473408067 575108326
t_num: 13 finish: 1473408070 386780308 start: 1473408067 939738846
t_num: 5 finish: 1473408070 393439356 start: 1473408068 133748714
t_num: 4 finish: 1473408070 395400470 start: 1473408067 390895723
t_num: 26 finish: 1473408070 442946302 start: 1473408069 57416591
t_num: 11 finish: 1473408070 489930971 start: 1473408069 428847719
t_num: 1 finish: 1473408070 495179097 start: 1473408067 565014514
t_num: 9 finish: 1473408070 624347279 start: 1473408068 851028309
t_num: 25 finish: 1473408070 681470195 start: 1473408068 806499552
t_num: 0 finish: 1473408070 681483702 start: 1473408068 21598540
t_num: 12 finish: 1473408070 889505903 start: 1473408069 480988380
t_num: 19 finish: 1473408070 891679777 start: 1473408069 392962628
t_num: 28 finish: 1473408071 8321119 start: 1473408069 178063999
t_num: 30 finish: 1473408071 9260998 start: 1473408069 652625302
t_num: 20 finish: 1473408071 147687782 start: 1473408069 183392049
t_num: 18 finish: 1473408071 149514592 start: 1473408067 869426712
t_num: 16 finish: 1473408071 324221547 start: 1473408068 91128318
t_num: 17 finish: 1473408071 706918541 start: 1473408068 878979253
t_num: 24 finish: 1473408071 716198371 start: 1473408069 30810298
t_num: 8 finish: 1473408071 839611724 start: 1473408069 637746684
t_num: 0 finish: 1473408072 447695232 start: 1473408070 681631760
t_num: 1 finish: 1473408072 976237598 start: 1473408070 495232270
t_num: 5 finish: 1473408073 224270273 start: 1473408070 393463144
t_num: 4 finish: 1473408073 489964225 start: 1473408071 221934928
t_num: 16 finish: 1473408073 523489404 start: 1473408071 324246673
t_num: 25 finish: 1473408073 524186183 start: 1473408070 681596527
t_num: 6 finish: 1473408073 524266986 start: 1473408071 4980849
t_num: 20 finish: 1473408073 524267946 start: 1473408071 147731937
t_num: 9 finish: 1473408073 580745251 start: 1473408070 624379579
t_num: 19 finish: 1473408073 671129519 start: 1473408070 891695691
t_num: 26 finish: 1473408073 722788198 start: 1473408071 315359797
t_num: 18 finish: 1473408073 807217738 start: 1473408071 149582153
t_num: 28 finish: 1473408073 808044962 start: 1473408072 243941715
t_num: 11 finish: 1473408073 884417793 start: 1473408072 503228833
t_num: 27 finish: 1473408074 210030703 start: 1473408073 430558695
t_num: 12 finish: 1473408074 328372389 start: 1473408071 796460724
t_num: 21 finish: 1473408074 413986237 start: 1473408071 335236763
t_num: 13 finish: 1473408074 414038860 start: 1473408071 900073618
t_num: 4 finish: 1473408074 572857461 start: 1473408073 490003385
t_num: 10 finish: 1473408074 631321239 start: 1473408072 498642283
t_num: 8 finish: 1473408074 631508635 start: 1473408072 498676498
t_num: 23 finish: 1473408074 701361155 start: 1473408071 717479137
t_num: 5 finish: 1473408074 923639789 start: 1473408073 224292553
t_num: 24 finish: 1473408074 954864049 start: 1473408072 54037764
t_num: 0 finish: 1473408075 462982153 start: 1473408073 213352250
t_num: 27 finish: 1473408075 567882839 start: 1473408074 210059560
t_num: 19 finish: 1473408075 613885283 start: 1473408073 671172956
t_num: 28 finish: 1473408076 105649424 start: 1473408073 808065389
t_num: 3 finish: 1473408076 126108809 start: 1473408075 108951065
t_num: 9 finish: 1473408076 417919103 start: 1473408073 580786833
t_num: 25 finish: 1473408076 493014089 start: 1473408074 326111997
t_num: 2 finish: 1473408076 859196037 start: 1473408073 625558607
t_num: 19 finish: 1473408076 978379635 start: 1473408075 613912754
t_num: 13 finish: 1473408077 426003528 start: 1473408074 414057782
t_num: 15 finish: 1473408077 467993321 start: 1473408076 130218349
t_num: 6 finish: 1473408077 496105109 start: 1473408074 506340802
t_num: 18 finish: 1473408077 496149845 start: 1473408074 758433245
t_num: 10 finish: 1473408077 516646958 start: 1473408075 307268130
t_num: 27 finish: 1473408077 819020282 start: 1473408075 567924681
t_num: 24 finish: 1473408077 905084673 start: 1473408076 106395283
t_num: 26 finish: 1473408078 207346172 start: 1473408076 235563303
t_num: 4 finish: 1473408078 303337184 start: 1473408074 572912704
t_num: 0 finish: 1473408078 303984247 start: 1473408076 108379763
t_num: 8 finish: 1473408078 304206793 start: 1473408075 312894621
t_num: 1 finish: 1473408078 439447745 start: 1473408074 802807019
t_num: 14 finish: 1473408078 486088127 start: 1473408077 17061170
t_num: 28 finish: 1473408078 547378152 start: 1473408076 105699602
t_num: 25 finish: 1473408078 931725460 start: 1473408076 493048834
t_num: 3 finish: 1473408079 248451921 start: 1473408077 970082804
t_num: 22 finish: 1473408079 280822354 start: 1473408076 839791370
t_num: 2 finish: 1473408079 310941669 start: 1473408076 859229240
t_num: 19 finish: 1473408079 394542026 start: 1473408077 588405460
t_num: 21 finish: 1473408079 394554027 start: 1473408076 849750861
t_num: 12 finish: 1473408079 429488945 start: 1473408076 416345992
t_num: 30 finish: 1473408079 512215896 start: 1473408077 700380779
t_num: 24 finish: 1473408079 603394254 start: 1473408077 905142016
t_num: 7 finish: 1473408079 631003681 start: 1473408077 293479294
t_num: 27 finish: 1473408080 78198703 start: 1473408077 819064502
t_num: 26 finish: 1473408080 538154194 start: 1473408078 486157941
t_num: 13 finish: 1473408081 289395998 start: 1473408078 208973196
t_num: 22 finish: 1473408081 294376495 start: 1473408079 861593538
t_num: 28 finish: 1473408081 426140006 start: 1473408079 105907189
t_num: 25 finish: 1473408081 493461379 start: 1473408078 931761928
t_num: 8 finish: 1473408081 628482909 start: 1473408078 304227279
t_num: 6 finish: 1473408081 820889788 start: 1473408079 246529497
t_num: 19 finish: 1473408081 970846891 start: 1473408079 394564799
t_num: 3 finish: 1473408082 4204783 start: 1473408079 248479359
t_num: 24 finish: 1473408082 105037821 start: 1473408079 861567810
t_num: 29 finish: 1473408082 318952577 start: 1473408080 773701722
t_num: 17 finish: 1473408082 376080045 start: 1473408080 126568730
t_num: 5 finish: 1473408082 816758216 start: 1473408081 493340666
t_num: 30 finish: 1473408082 837988292 start: 1473408079 512239836
t_num: 7 finish: 1473408082 916414501 start: 1473408079 631025747
t_num: 15 finish: 1473408082 917869748 start: 1473408079 933493923
t_num: 31 finish: 1473408083 154951033 start: 1473408080 303775102
t_num: 4 finish: 1473408083 216664029 start: 1473408079 217363796
t_num: 1 finish: 1473408083 272674484 start: 1473408081 378821692
t_num: 28 finish: 1473408083 365406354 start: 1473408081 426181299
t_num: 22 finish: 1473408083 503518898 start: 1473408081 294399070
t_num: 0 finish: 1473408083 674745624 start: 1473408080 919763392
t_num: 2 finish: 1473408083 987103188 start: 1473408081 576077934
t_num: 11 finish: 1473408084 122013445 start: 1473408081 493421510
t_num: 26 finish: 1473408084 122716355 start: 1473408081 493367927
t_num: 16 finish: 1473408084 194309043 start: 1473408081 871043619
t_num: 6 finish: 1473408084 343839650 start: 1473408081 820916740
t_num: 23 finish: 1473408084 561709471 start: 1473408081 817402077
t_num: 24 finish: 1473408084 618106905 start: 1473408082 105078651
t_num: 12 finish: 1473408084 831371229 start: 1473408081 662955024
t_num: 8 finish: 1473408084 841943663 start: 1473408082 807902202
t_num: 4 finish: 1473408084 860644620 start: 1473408083 216689976
t_num: 31 finish: 1473408084 890904151 start: 1473408083 154991746
t_num: 0 finish: 1473408084 915979903 start: 1473408083 674781765
t_num: 29 finish: 1473408085 1273997 start: 1473408082 954006796
t_num: 5 finish: 1473408085 518612565 start: 1473408082 816782897
t_num: 10 finish: 1473408085 711092353 start: 1473408083 780436075
t_num: 22 finish: 1473408085 974868904 start: 1473408083 503566594
t_num: 7 finish: 1473408085 984029062 start: 1473408084 793459080
t_num: 28 finish: 1473408086 32335950 start: 1473408084 277581665
t_num: 15 finish: 1473408086 227951129 start: 1473408083 521316663
t_num: 19 finish: 1473408086 228493077 start: 1473408084 239528331
t_num: 4 finish: 1473408086 408073420 start: 1473408084 860661712
t_num: 20 finish: 1473408086 495033512 start: 1473408085 21390170
t_num: 17 finish: 1473408086 496009690 start: 1473408084 618867396
t_num: 16 finish: 1473408086 496668843 start: 1473408085 731171589
t_num: 11 finish: 1473408086 589126673 start: 1473408084 122055470
t_num: 3 finish: 1473408087 125336484 start: 1473408084 618995238
t_num: 31 finish: 1473408087 127084354 start: 1473408084 890927548
t_num: 14 finish: 1473408087 127916642 start: 1473408085 538907009
t_num: 26 finish: 1473408087 292714071 start: 1473408085 591672897
t_num: 18 finish: 1473408087 297085811 start: 1473408085 843230142
t_num: 25 finish: 1473408087 316001915 start: 1473408085 547208811
t_num: 9 finish: 1473408087 469918027 start: 1473408085 650438844
t_num: 2 finish: 1473408087 498617781 start: 1473408085 21372503
t_num: 21 finish: 1473408087 525042328 start: 1473408086 154670650
t_num: 15 finish: 1473408087 525159522 start: 1473408086 227985208
t_num: 7 finish: 1473408087 534778276 start: 1473408085 984091687
t_num: 5 finish: 1473408087 534839845 start: 1473408086 156666724
t_num: 29 finish: 1473408087 941975968 start: 1473408086 77017987
t_num: 26 finish: 1473408088 149263129 start: 1473408087 292758529
t_num: 28 finish: 1473408088 223564256 start: 1473408086 32368789
t_num: 22 finish: 1473408088 270953903 start: 1473408085 974897054
t_num: 16 finish: 1473408088 742339886 start: 1473408086 496688841
t_num: 5 finish: 1473408088 747315687 start: 1473408087 534858131
t_num: 31 finish: 1473408089 115119996 start: 1473408087 127105336
t_num: 4 finish: 1473408089 122465002 start: 1473408086 408112055
t_num: 20 finish: 1473408089 305111664 start: 1473408087 311617312
t_num: 12 finish: 1473408089 821626506 start: 1473408087 942602223
t_num: 28 finish: 1473408090 37929656 start: 1473408088 223606628
t_num: 14 finish: 1473408090 107588932 start: 1473408087 943242886
t_num: 13 finish: 1473408091 8829349 start: 1473408088 412953611
t_num: 3 finish: 1473408091 10974938 start: 1473408087 837393324
t_num: 7 finish: 1473408091 509161980 start: 1473408087 534815350
t_num: 26 finish: 1473408091 515549176 start: 1473408088 149302832
t_num: 25 finish: 1473408092 246983089 start: 1473408088 70623444
t_num: 31 finish: 1473408092 250738864 start: 1473408089 115143771
t_num: 9 finish: 1473408092 256185958 start: 1473408087 469963011
t_num: 17 finish: 1473408092 532742281 start: 1473408088 507118870
t_num: 19 finish: 1473408092 534414986 start: 1473408089 599439048
t_num: 4 finish: 1473408092 822996985 start: 1473408089 122482658
t_num: 27 finish: 1473408092 839764128 start: 1473408090 685352213
t_num: 7 finish: 1473408092 848622611 start: 1473408091 509196062
t_num: 18 finish: 1473408093 202401145 start: 1473408089 890673285
t_num: 21 finish: 1473408093 202441934 start: 1473408088 507714036
t_num: 5 finish: 1473408093 202668136 start: 1473408088 747342021
t_num: 20 finish: 1473408093 202726000 start: 1473408089 305146816
t_num: 3 finish: 1473408093 546592017 start: 1473408091 10994116
t_num: 22 finish: 1473408093 558573880 start: 1473408089 629818365
t_num: 23 finish: 1473408093 598246325 start: 1473408090 458294608
t_num: 14 finish: 1473408093 766604473 start: 1473408090 107620058
t_num: 12 finish: 1473408093 892832472 start: 1473408091 476774785
t_num: 13 finish: 1473408094 11486132 start: 1473408093 522327174
t_num: 2 finish: 1473408094 11486098 start: 1473408091 486990335
t_num: 19 finish: 1473408094 122490995 start: 1473408092 839952147
t_num: 22 finish: 1473408094 143394866 start: 1473408093 558597321
t_num: 28 finish: 1473408094 144704782 start: 1473408092 550406827
t_num: 17 finish: 1473408094 173434333 start: 1473408093 205203753
t_num: 14 finish: 1473408094 229318582 start: 1473408093 766627338
t_num: 7 finish: 1473408094 230060246 start: 1473408093 198702712
t_num: 21 finish: 1473408094 273884190 start: 1473408093 202461017
t_num: 4 finish: 1473408094 340264228 start: 1473408092 823040677
t_num: 25 finish: 1473408094 340564909 start: 1473408092 247029456
t_num: 18 finish: 1473408094 420540854 start: 1473408093 202431266
t_num: 5 finish: 1473408094 514118672 start: 1473408093 828286282
t_num: 11 finish: 1473408094 618693978 start: 1473408093 754703420
t_num: 29 finish: 1473408094 619671764 start: 1473408091 480154820
t_num: 26 finish: 1473408095 169965676 start: 1473408093 551957953
t_num: 3 finish: 1473408095 269704494 start: 1473408093 546632881
t_num: 10 finish: 1473408095 818377865 start: 1473408093 216940824
t_num: 9 finish: 1473408096 125996694 start: 1473408093 716072991
t_num: 17 finish: 1473408096 320504533 start: 1473408094 173455541
t_num: 14 finish: 1473408096 421033038 start: 1473408094 229342832
t_num: 4 finish: 1473408096 425383127 start: 1473408094 340300958
t_num: 13 finish: 1473408096 427546893 start: 1473408094 11533255
t_num: 21 finish: 1473408097 90543395 start: 1473408095 476178781
t_num: 3 finish: 1473408097 90696466 start: 1473408095 269742117
t_num: 29 finish: 1473408097 116250932 start: 1473408094 619690289
t_num: 26 finish: 1473408097 161118403 start: 1473408095 169989654
t_num: 18 finish: 1473408097 198387338 start: 1473408094 420563730
t_num: 6 finish: 1473408097 424097066 start: 1473408094 224691159
t_num: 0 finish: 1473408097 511214980 start: 1473408095 433407851
t_num: 22 finish: 1473408097 511833939 start: 1473408094 647088155
t_num: 24 finish: 1473408098 5958278 start: 1473408094 478099604
t_num: 2 finish: 1473408098 108638893 start: 1473408094 11551048
t_num: 7 finish: 1473408098 282927706 start: 1473408094 230081094
t_num: 11 finish: 1473408098 283164731 start: 1473408094 618732774
t_num: 25 finish: 1473408098 397966727 start: 1473408095 533937820
t_num: 8 finish: 1473408098 454954873 start: 1473408097 79739187
t_num: 5 finish: 1473408098 526119093 start: 1473408094 514159463
t_num: 20 finish: 1473408098 526161628 start: 1473408095 461236357
t_num: 29 finish: 1473408098 629541853 start: 1473408097 116275126
t_num: 4 finish: 1473408098 629941842 start: 1473408097 334568792
t_num: 14 finish: 1473408098 815046484 start: 1473408096 421073026
t_num: 19 finish: 1473408098 877431106 start: 1473408095 861347330
t_num: 10 finish: 1473408098 878964392 start: 1473408096 217402604
t_num: 18 finish: 1473408099 173096114 start: 1473408097 198416552
t_num: 3 finish: 1473408099 491726630 start: 1473408097 90717640
t_num: 13 finish: 1473408099 525767074 start: 1473408096 427567549
t_num: 0 finish: 1473408099 611247853 start: 1473408097 511258988
t_num: 25 finish: 1473408099 768935806 start: 1473408098 397989763
t_num: 28 finish: 1473408099 777274336 start: 1473408098 281258356
t_num: 30 finish: 1473408099 779748265 start: 1473408098 2389820
t_num: 2 finish: 1473408100 310162103 start: 1473408098 108682557
t_num: 7 finish: 1473408100 670429194 start: 1473408098 282957750
t_num: 4 finish: 1473408100 700458163 start: 1473408098 950446316
t_num: 11 finish: 1473408100 822706930 start: 1473408098 900848805
t_num: 8 finish: 1473408100 977925484 start: 1473408098 454995325
t_num: 9 finish: 1473408100 979276051 start: 1473408098 251070299
t_num: 29 finish: 1473408101 101963142 start: 1473408098 629566154
t_num: 24 finish: 1473408101 738366548 start: 1473408098 781379647
t_num: 23 finish: 1473408101 739149865 start: 1473408099 333058356
t_num: 1 finish: 1473408101 739220898 start: 1473408099 740481550
t_num: 13 finish: 1473408101 859280192 start: 1473408099 525789289
t_num: 3 finish: 1473408101 883313924 start: 1473408099 491766688
t_num: 25 finish: 1473408101 904065839 start: 1473408099 768970290
t_num: 15 finish: 1473408101 937330546 start: 1473408098 629495952
t_num: 21 finish: 1473408102 507211273 start: 1473408098 782149970
t_num: 6 finish: 1473408102 526067689 start: 1473408098 526529365
t_num: 14 finish: 1473408102 861964607 start: 1473408100 727759889
t_num: 27 finish: 1473408103 37279810 start: 1473408099 787280454
t_num: 18 finish: 1473408103 203465160 start: 1473408100 248628357
t_num: 13 finish: 1473408103 203876183 start: 1473408101 859316425
t_num: 10 finish: 1473408103 204073987 start: 1473408100 277980046
t_num: 1 finish: 1473408103 205828451 start: 1473408102 99852763
t_num: 28 finish: 1473408103 275082383 start: 1473408099 777297966
t_num: 9 finish: 1473408103 413750380 start: 1473408100 979296603
t_num: 15 finish: 1473408103 490734574 start: 1473408101 937351414
t_num: 25 finish: 1473408103 535804680 start: 1473408101 904088193
t_num: 7 finish: 1473408103 765813095 start: 1473408101 741161594
t_num: 17 finish: 1473408103 765815800 start: 1473408102 99875699
t_num: 4 finish: 1473408104 70224899 start: 1473408100 700482332
t_num: 29 finish: 1473408104 70980213 start: 1473408101 101998745
t_num: 2 finish: 1473408104 325717933 start: 1473408102 27638255
t_num: 3 finish: 1473408104 329664211 start: 1473408102 986963465
t_num: 18 finish: 1473408104 365765040 start: 1473408103 203504729
t_num: 30 finish: 1473408104 480295847 start: 1473408101 748824225
t_num: 27 finish: 1473408104 481039971 start: 1473408103 37309493
t_num: 11 finish: 1473408104 481928905 start: 1473408102 985442199
t_num: 14 finish: 1473408104 552648474 start: 1473408102 861997566
t_num: 13 finish: 1473408105 73466676 start: 1473408103 203893641
t_num: 7 finish: 1473408105 73511176 start: 1473408103 765862137
t_num: 10 finish: 1473408105 811547267 start: 1473408104 61953913
t_num: 24 finish: 1473408105 812138557 start: 1473408103 387200411
t_num: 19 finish: 1473408105 822351568 start: 1473408103 904032076
t_num: 17 finish: 1473408105 902559095 start: 1473408103 765879502
t_num: 15 finish: 1473408106 29240186 start: 1473408103 490778739
t_num: 1 finish: 1473408106 181342112 start: 1473408103 535908554
t_num: 29 finish: 1473408106 243183627 start: 1473408104 71000627
t_num: 6 finish: 1473408106 407987690 start: 1473408103 387261169
t_num: 21 finish: 1473408106 481499844 start: 1473408103 427784054
t_num: 30 finish: 1473408106 652076079 start: 1473408105 622207977
t_num: 28 finish: 1473408106 729670964 start: 1473408104 428785017
t_num: 22 finish: 1473408107 112260275 start: 1473408104 862287191
t_num: 13 finish: 1473408107 113494059 start: 1473408105 73514299
t_num: 4 finish: 1473408107 114672534 start: 1473408104 985374912
t_num: 3 finish: 1473408107 119715126 start: 1473408104 329688005
t_num: 17 finish: 1473408107 120425544 start: 1473408105 902578547
t_num: 24 finish: 1473408107 929043118 start: 1473408105 812155506
t_num: 14 finish: 1473408107 949851373 start: 1473408104 552675923
t_num: 6 finish: 1473408107 965216528 start: 1473408106 408017920
t_num: 22 finish: 1473408107 966324002 start: 1473408107 112297276
t_num: 26 finish: 1473408108 27780773 start: 1473408104 664553919
t_num: 19 finish: 1473408108 135981917 start: 1473408105 822373122
t_num: 21 finish: 1473408108 232615477 start: 1473408106 481529474
t_num: 31 finish: 1473408108 293585407 start: 1473408106 657250017
t_num: 7 finish: 1473408108 438240030 start: 1473408105 812090309
t_num: 8 finish: 1473408108 502605644 start: 1473408107 273578655
t_num: 15 finish: 1473408108 635558706 start: 1473408106 29268168
t_num: 25 finish: 1473408109 328177452 start: 1473408106 324846720
t_num: 4 finish: 1473408109 923918535 start: 1473408107 114694094
t_num: 17 finish: 1473408109 942687518 start: 1473408107 120459170
t_num: 27 finish: 1473408109 965361362 start: 1473408107 699996483
t_num: 10 finish: 1473408110 329606498 start: 1473408107 965703201
t_num: 30 finish: 1473408110 470474188 start: 1473408107 700669804
t_num: 14 finish: 1473408110 526003453 start: 1473408109 332171706
t_num: 28 finish: 1473408110 598784377 start: 1473408108 437949463
t_num: 22 finish: 1473408110 599491551 start: 1473408109 295259777
t_num: 26 finish: 1473408110 685375068 start: 1473408109 301989496
t_num: 6 finish: 1473408110 815428763 start: 1473408108 437204504
t_num: 3 finish: 1473408111 305341157 start: 1473408109 302775392
t_num: 31 finish: 1473408111 308418769 start: 1473408108 293613875
t_num: 2 finish: 1473408111 400141856 start: 1473408106 945169307
t_num: 5 finish: 1473408111 759868166 start: 1473408107 973646203
t_num: 21 finish: 1473408111 759917716 start: 1473408109 579711188
t_num: 29 finish: 1473408111 780471984 start: 1473408110 385249890
t_num: 24 finish: 1473408111 781220462 start: 1473408109 796195757
t_num: 11 finish: 1473408112 216947023 start: 1473408108 437181722
t_num: 19 finish: 1473408112 218032880 start: 1473408110 116872371
t_num: 14 finish: 1473408112 324940573 start: 1473408110 526026516
t_num: 17 finish: 1473408112 338528951 start: 1473408109 942710554
t_num: 0 finish: 1473408112 575530628 start: 1473408110 777371808
t_num: 30 finish: 1473408112 575581513 start: 1473408111 308455634
t_num: 15 finish: 1473408112 576866848 start: 1473408109 466516202
t_num: 26 finish: 1473408112 820554072 start: 1473408111 121022535
t_num: 20 finish: 1473408112 840440619 start: 1473408109 302044320
t_num: 10 finish: 1473408112 841100474 start: 1473408110 329650634
t_num: 16 finish: 1473408112 841109202 start: 1473408109 943160525
t_num: 28 finish: 1473408112 863323531 start: 1473408111 219724058
t_num: 23 finish: 1473408112 961964316 start: 1473408111 556108323
t_num: 29 finish: 1473408113 983258535 start: 1473408111 780498480
t_num: 24 finish: 1473408113 985038719 start: 1473408111 781241254
t_num: 17 finish: 1473408114 286108382 start: 1473408112 751316968
t_num: 3 finish: 1473408114 286849673 start: 1473408112 404938524
t_num: 10 finish: 1473408114 307500091 start: 1473408112 841121823
t_num: 2 finish: 1473408114 357851532 start: 1473408111 400180814
t_num: 4 finish: 1473408114 357908699 start: 1473408111 304215353
t_num: 26 finish: 1473408114 542265986 start: 1473408112 820605549
t_num: 11 finish: 1473408114 851350386 start: 1473408112 216991257
t_num: 6 finish: 1473408115 200113615 start: 1473408112 676172748
t_num: 15 finish: 1473408115 414253759 start: 1473408112 576886871
t_num: 23 finish: 1473408115 564469401 start: 1473408112 962013280
t_num: 28 finish: 1473408115 589305418 start: 1473408112 863381970
t_num: 29 finish: 1473408115 811832395 start: 1473408113 983321384
t_num: 30 finish: 1473408115 869173616 start: 1473408113 218075758
t_num: 16 finish: 1473408116 344420518 start: 1473408113 438368734
t_num: 20 finish: 1473408116 516943925 start: 1473408112 840464622
t_num: 13 finish: 1473408116 745586828 start: 1473408115 343363406
t_num: 15 finish: 1473408116 757929492 start: 1473408115 414289822
t_num: 14 finish: 1473408116 760371678 start: 1473408114 307535898
t_num: 5 finish: 1473408116 777660151 start: 1473408114 132182682
t_num: 0 finish: 1473408116 898741482 start: 1473408114 160489525
t_num: 11 finish: 1473408116 988319181 start: 1473408115 201097476
t_num: 10 finish: 1473408117 217779185 start: 1473408114 307550038
t_num: 26 finish: 1473408117 263419536 start: 1473408114 542301725
t_num: 27 finish: 1473408117 390938788 start: 1473408115 711656795
t_num: 3 finish: 1473408117 417635048 start: 1473408114 286870188
t_num: 6 finish: 1473408117 417710464 start: 1473408116 605989341
t_num: 17 finish: 1473408117 417949037 start: 1473408115 167536111
t_num: 9 finish: 1473408117 556945210 start: 1473408114 673033355
t_num: 4 finish: 1473408117 647379225 start: 1473408114 357928521
t_num: 20 finish: 1473408117 785122579 start: 1473408116 686429116
t_num: 18 finish: 1473408117 948338445 start: 1473408114 881564749
t_num: 14 finish: 1473408117 948419072 start: 1473408116 760390866
t_num: 28 finish: 1473408118 573220543 start: 1473408115 589337787
t_num: 25 finish: 1473408118 633058619 start: 1473408116 331738252
t_num: 10 finish: 1473408118 721635345 start: 1473408117 217833384
t_num: 8 finish: 1473408118 898076196 start: 1473408115 198483358
t_num: 15 finish: 1473408118 951397781 start: 1473408116 757952454
t_num: 27 finish: 1473408118 951639129 start: 1473408117 391001941
t_num: 29 finish: 1473408120 130151171 start: 1473408116 607046625
t_num: 21 finish: 1473408120 130897317 start: 1473408117 198669739
t_num: 30 finish: 1473408120 130956009 start: 1473408116 661604951
t_num: 7 finish: 1473408120 218485872 start: 1473408117 917571891
t_num: 9 finish: 1473408120 343544087 start: 1473408117 556968796
t_num: 0 finish: 1473408120 567653249 start: 1473408116 898774347
t_num: 19 finish: 1473408120 660678143 start: 1473408119 405000000
t_num: 8 finish: 1473408121 45753283 start: 1473408118 898106010
t_num: 23 finish: 1473408121 202033409 start: 1473408118 24801283
t_num: 1 finish: 1473408121 265291553 start: 1473408120 120674700
t_num: 22 finish: 1473408121 313489842 start: 1473408118 670596494
t_num: 17 finish: 1473408121 315739887 start: 1473408119 399546151
t_num: 10 finish: 1473408121 507131373 start: 1473408118 721658440
t_num: 20 finish: 1473408121 576480769 start: 1473408118 862399196
t_num: 18 finish: 1473408121 578054373 start: 1473408117 948375032
t_num: 29 finish: 1473408122 101886856 start: 1473408120 130185987
t_num: 27 finish: 1473408122 615313872 start: 1473408118 951659679
t_num: 25 finish: 1473408123 28768167 start: 1473408120 142336979
t_num: 19 finish: 1473408123 191889556 start: 1473408120 660713456
t_num: 21 finish: 1473408123 224537326 start: 1473408120 130918095
t_num: 28 finish: 1473408123 226986385 start: 1473408120 270004894
t_num: 4 finish: 1473408123 346211364 start: 1473408120 370421872
t_num: 6 finish: 1473408123 356195675 start: 1473408120 139253490
t_num: 15 finish: 1473408123 356195675 start: 1473408118 951419368
t_num: 7 finish: 1473408123 433475361 start: 1473408120 606230585
t_num: 30 finish: 1473408123 561883708 start: 1473408120 617809982
t_num: 9 finish: 1473408123 701963178 start: 1473408122 320970848
t_num: 0 finish: 1473408123 793662648 start: 1473408120 567680833
t_num: 2 finish: 1473408123 856526129 start: 1473408122 433134333
t_num: 16 finish: 1473408123 931661309 start: 1473408120 674916503
t_num: 26 finish: 1473408124 199164207 start: 1473408121 202143765
t_num: 29 finish: 1473408124 299685897 start: 1473408122 101927466
t_num: 21 finish: 1473408124 300748523 start: 1473408123 224576048
t_num: 6 finish: 1473408124 300900463 start: 1473408123 356221818
t_num: 18 finish: 1473408124 300938632 start: 1473408121 578074923
t_num: 1 finish: 1473408124 301053787 start: 1473408121 265332674
t_num: 28 finish: 1473408124 377167897 start: 1473408123 227024790
t_num: 23 finish: 1473408124 425842229 start: 1473408121 202076356
t_num: 5 finish: 1473408124 426513758 start: 1473408123 239296688
t_num: 27 finish: 1473408124 635576813 start: 1473408122 615492126
t_num: 20 finish: 1473408124 828909862 start: 1473408121 576508592
t_num: 17 finish: 1473408125 222050850 start: 1473408123 701937896
t_num: 13 finish: 1473408125 456555540 start: 1473408122 310359629
t_num: 12 finish: 1473408125 456973382 start: 1473408123 92941088
t_num: 18 finish: 1473408125 634547368 start: 1473408124 300956842
t_num: 2 finish: 1473408125 671191966 start: 1473408124 386637664
t_num: 16 finish: 1473408125 671410993 start: 1473408123 931689045
t_num: 11 finish: 1473408126 1130333 start: 1473408124 323823366
t_num: 7 finish: 1473408126 193603923 start: 1473408124 386955044
t_num: 25 finish: 1473408126 247652022 start: 1473408123 532597643
t_num: 31 finish: 1473408126 396620978 start: 1473408124 148985768
t_num: 20 finish: 1473408126 397056958 start: 1473408124 828948797
t_num: 4 finish: 1473408126 531561938 start: 1473408124 320536085
t_num: 21 finish: 1473408126 863364804 start: 1473408124 300771144
t_num: 28 finish: 1473408126 939680295 start: 1473408124 377197221
t_num: 14 finish: 1473408127 229838260 start: 1473408124 386666953
t_num: 27 finish: 1473408127 419551995 start: 1473408125 671484299
t_num: 0 finish: 1473408127 643314352 start: 1473408124 927813125
t_num: 10 finish: 1473408127 708343554 start: 1473408125 671367214
t_num: 2 finish: 1473408128 174697410 start: 1473408125 671242160
t_num: 7 finish: 1473408128 204525501 start: 1473408126 193640657
t_num: 15 finish: 1473408128 212422643 start: 1473408125 255551886
t_num: 1 finish: 1473408128 446019295 start: 1473408125 951711
t_num: 26 finish: 1473408128 497879337 start: 1473408125 440124913
t_num: 9 finish: 1473408128 497897501 start: 1473408125 524101427
t_num: 23 finish: 1473408128 652927098 start: 1473408124 948633037
t_num: 12 finish: 1473408128 829401222 start: 1473408127 779369898
t_num: 11 finish: 1473408128 867574268 start: 1473408126 862992807
t_num: 29 finish: 1473408128 868460594 start: 1473408126 167560075
t_num: 22 finish: 1473408129 84121809 start: 1473408127 257460505
t_num: 25 finish: 1473408129 84960516 start: 1473408126 939613713
t_num: 5 finish: 1473408129 84988128 start: 1473408127 549549059
t_num: 4 finish: 1473408129 85952866 start: 1473408126 939400410
t_num: 10 finish: 1473408129 106581580 start: 1473408127 708383854
t_num: 30 finish: 1473408129 368029578 start: 1473408127 298205880
t_num: 17 finish: 1473408129 382581747 start: 1473408127 297105628
t_num: 2 finish: 1473408129 597264982 start: 1473408128 174742425
t_num: 16 finish: 1473408129 723052635 start: 1473408126 863021159
t_num: 27 finish: 1473408129 729361837 start: 1473408128 336702428
t_num: 28 finish: 1473408129 937715347 start: 1473408126 939699549
t_num: 25 finish: 1473408130 183302663 start: 1473408129 84980556
t_num: 9 finish: 1473408130 335090540 start: 1473408129 72205370
t_num: 26 finish: 1473408130 335969442 start: 1473408128 497923092
t_num: 22 finish: 1473408130 643143847 start: 1473408129 84150793
t_num: 12 finish: 1473408130 725105026 start: 1473408128 829439558
t_num: 15 finish: 1473408131 157263050 start: 1473408129 509551442
t_num: 8 finish: 1473408131 236549154 start: 1473408128 653300871
t_num: 10 finish: 1473408131 237034044 start: 1473408129 106598329
t_num: 29 finish: 1473408131 624835184 start: 1473408128 868478050
t_num: 21 finish: 1473408131 849652425 start: 1473408129 573027439
t_num: 28 finish: 1473408132 13895006 start: 1473408129 937749893
t_num: 20 finish: 1473408132 15855246 start: 1473408129 210812303
t_num: 11 finish: 1473408132 18843522 start: 1473408128 867606861
t_num: 7 finish: 1473408132 145367258 start: 1473408129 159266128
t_num: 24 finish: 1473408132 146079140 start: 1473408129 82987052
t_num: 19 finish: 1473408132 147531930 start: 1473408130 42910152
t_num: 27 finish: 1473408132 313698858 start: 1473408129 729401373
t_num: 23 finish: 1473408132 339182051 start: 1473408129 193570912
t_num: 17 finish: 1473408132 390446820 start: 1473408130 704898585
t_num: 18 finish: 1473408132 401166701 start: 1473408131 159954378
t_num: 2 finish: 1473408132 424725700 start: 1473408130 644205342
t_num: 22 finish: 1473408132 599621899 start: 1473408130 643186435
t_num: 15 finish: 1473408132 658994865 start: 1473408131 157291445
t_num: 1 finish: 1473408133 193759342 start: 1473408131 430447483
t_num: 29 finish: 1473408133 199819466 start: 1473408132 143607426
t_num: 10 finish: 1473408133 435463442 start: 1473408131 237056594
t_num: 9 finish: 1473408133 446207261 start: 1473408130 335146682
t_num: 12 finish: 1473408133 452457055 start: 1473408131 596119502
t_num: 19 finish: 1473408134 102424836 start: 1473408132 362905472
t_num: 4 finish: 1473408134 121009247 start: 1473408131 511241228
t_num: 13 finish: 1473408134 156664214 start: 1473408132 593096757
t_num: 25 finish: 1473408134 177602173 start: 1473408131 166526866
t_num: 8 finish: 1473408134 177676318 start: 1473408131 553357854
t_num: 23 finish: 1473408134 221412892 start: 1473408133 361846514
t_num: 6 finish: 1473408134 864346143 start: 1473408133 200664733
t_num: 18 finish: 1473408135 610079390 start: 1473408133 449073507
t_num: 22 finish: 1473408135 610329176 start: 1473408133 583466704
t_num: 10 finish: 1473408135 631586775 start: 1473408133 435521113
t_num: 21 finish: 1473408135 631670942 start: 1473408133 195156147
t_num: 28 finish: 1473408135 631814126 start: 1473408133 449176706
t_num: 27 finish: 1473408136 91823047 start: 1473408134 83922649
t_num: 11 finish: 1473408136 120408548 start: 1473408132 18863156
t_num: 20 finish: 1473408136 122099353 start: 1473408132 15876023
t_num: 16 finish: 1473408136 122826824 start: 1473408131 624731039
t_num: 9 finish: 1473408136 207055501 start: 1473408133 446232753
t_num: 2 finish: 1473408136 421535950 start: 1473408134 124095218
t_num: 14 finish: 1473408136 673898838 start: 1473408133 524946141
t_num: 22 finish: 1473408136 683200977 start: 1473408135 610346468
t_num: 29 finish: 1473408136 683223687 start: 1473408134 86364298
t_num: 31 finish: 1473408136 772256234 start: 1473408135 719734286
t_num: 19 finish: 1473408136 882819005 start: 1473408136 120461684
t_num: 0 finish: 1473408137 150988227 start: 1473408134 882182307
t_num: 13 finish: 1473408137 439055593 start: 1473408134 156700463
t_num: 12 finish: 1473408137 484144772 start: 1473408133 452478134
t_num: 25 finish: 1473408137 551027003 start: 1473408134 177657073
t_num: 6 finish: 1473408137 551038696 start: 1473408135 610093914
t_num: 1 finish: 1473408137 712588130 start: 1473408134 121040072
t_num: 11 finish: 1473408137 857758966 start: 1473408136 120780592
t_num: 27 finish: 1473408137 858453933 start: 1473408136 91858978
t_num: 8 finish: 1473408138 20676945 start: 1473408134 177692811
t_num: 26 finish: 1473408138 32787479 start: 1473408135 586198950
t_num: 19 finish: 1473408138 177861176 start: 1473408136 882856915
t_num: 28 finish: 1473408138 432574820 start: 1473408135 631834961
t_num: 12 finish: 1473408138 494938070 start: 1473408137 484178180
t_num: 31 finish: 1473408138 534797393 start: 1473408136 772312259
t_num: 0 finish: 1473408138 535422342 start: 1473408137 151018862
t_num: 18 finish: 1473408138 535427295 start: 1473408135 610105974
t_num: 30 finish: 1473408138 813141882 start: 1473408135 793953734
t_num: 20 finish: 1473408138 943045532 start: 1473408136 985722884
t_num: 10 finish: 1473408139 27870084 start: 1473408136 573988396
t_num: 27 finish: 1473408139 585557268 start: 1473408137 858473904
t_num: 7 finish: 1473408139 956354545 start: 1473408136 882747983
t_num: 13 finish: 1473408140 47830865 start: 1473408138 811967040
t_num: 18 finish: 1473408140 276756759 start: 1473408138 535459981
t_num: 1 finish: 1473408140 325946505 start: 1473408137 712624813
t_num: 30 finish: 1473408140 377572372 start: 1473408138 813180980
t_num: 14 finish: 1473408140 677712314 start: 1473408137 917108257
t_num: 12 finish: 1473408141 56325080 start: 1473408138 494968807
t_num: 6 finish: 1473408141 57445070 start: 1473408137 551100471
t_num: 17 finish: 1473408141 57454866 start: 1473408138 158876448
t_num: 26 finish: 1473408141 57559755 start: 1473408138 32823731
t_num: 11 finish: 1473408141 57560558 start: 1473408139 585792301
t_num: 31 finish: 1473408141 88300147 start: 1473408138 534820749
t_num: 3 finish: 1473408141 989518880 start: 1473408138 659391660
t_num: 15 finish: 1473408141 991011816 start: 1473408138 717421986
t_num: 30 finish: 1473408142 300932606 start: 1473408140 377608003
t_num: 27 finish: 1473408142 452898617 start: 1473408140 707934156
t_num: 29 finish: 1473408142 511788513 start: 1473408140 47826363
t_num: 10 finish: 1473408142 588757664 start: 1473408139 957815269
t_num: 19 finish: 1473408142 589699978 start: 1473408139 295275505
t_num: 18 finish: 1473408142 627513576 start: 1473408140 276791798
t_num: 9 finish: 1473408142 684654118 start: 1473408139 585597034
t_num: 7 finish: 1473408142 684683945 start: 1473408139 956398607
t_num: 6 finish: 1473408142 771380544 start: 1473408141 57507348
t_num: 23 finish: 1473408143 228041207 start: 1473408140 325335155
t_num: 15 finish: 1473408143 647411486 start: 1473408141 991032607
t_num: 11 finish: 1473408144 149107158 start: 1473408141 273680246
t_num: 17 finish: 1473408144 468841789 start: 1473408141 560510498
t_num: 31 finish: 1473408144 679083797 start: 1473408141 88335018
t_num: 16 finish: 1473408144 886627461 start: 1473408142 346422051
t_num: 28 finish: 1473408144 908373665 start: 1473408141 20753592
t_num: 12 finish: 1473408144 908395558 start: 1473408142 586172019
t_num: 5 finish: 1473408144 908424831 start: 1473408142 349269872
t_num: 18 finish: 1473408144 913531142 start: 1473408143 145334551
t_num: 30 finish: 1473408144 913542538 start: 1473408142 300969185
t_num: 9 finish: 1473408144 973810028 start: 1473408142 684702052
t_num: 3 finish: 1473408145 69674547 start: 1473408141 989562929
t_num: 13 finish: 1473408145 139653153 start: 1473408140 47850983
t_num: 14 finish: 1473408145 249279345 start: 1473408144 505199479
t_num: 27 finish: 1473408145 364294211 start: 1473408142 452962014
t_num: 16 finish: 1473408145 445521605 start: 1473408144 886653491
t_num: 29 finish: 1473408145 445831626 start: 1473408143 648362416
t_num: 15 finish: 1473408145 609598364 start: 1473408143 647455825
t_num: 23 finish: 1473408145 633705175 start: 1473408144 656969286
t_num: 6 finish: 1473408146 415954703 start: 1473408144 862522341
t_num: 1 finish: 1473408146 428014361 start: 1473408142 898605572
t_num: 0 finish: 1473408146 467325365 start: 1473408144 869998910
t_num: 17 finish: 1473408147 153428206 start: 1473408144 468876401
t_num: 5 finish: 1473408147 153591120 start: 1473408144 908438542
t_num: 27 finish: 1473408147 159289103 start: 1473408145 364339060
t_num: 7 finish: 1473408148 22029934 start: 1473408143 192809070
t_num: 31 finish: 1473408148 32577241 start: 1473408145 82260295
t_num: 12 finish: 1473408148 33024248 start: 1473408144 908411117
t_num: 9 finish: 1473408148 409829120 start: 1473408146 415061575
t_num: 28 finish: 1473408148 416808608 start: 1473408144 908402570
t_num: 20 finish: 1473408148 827199731 start: 1473408146 458040686
t_num: 13 finish: 1473408148 835790007 start: 1473408145 139695491
t_num: 25 finish: 1473408149 122886494 start: 1473408146 416132438
t_num: 24 finish: 1473408149 223433984 start: 1473408148 13608258
t_num: 16 finish: 1473408149 227919250 start: 1473408145 445550773
t_num: 3 finish: 1473408149 256571713 start: 1473408145 609552604
t_num: 1 finish: 1473408149 256613326 start: 1473408146 428039479
t_num: 2 finish: 1473408149 299855116 start: 1473408145 445467770
t_num: 17 finish: 1473408149 327581521 start: 1473408147 153523236
t_num: 31 finish: 1473408149 327620817 start: 1473408148 32604343
t_num: 15 finish: 1473408149 438644995 start: 1473408145 609625036
t_num: 27 finish: 1473408149 457281905 start: 1473408148 824589246
t_num: 0 finish: 1473408149 600766718 start: 1473408149 8118616
t_num: 29 finish: 1473408149 696473540 start: 1473408149 256625836
t_num: 9 finish: 1473408149 712343302 start: 1473408148 409899753
t_num: 22 finish: 1473408149 736673769 start: 1473408149 87922090
t_num: 28 finish: 1473408149 736730440 start: 1473408149 3980430
t_num: 12 finish: 1473408149 815873396 start: 1473408148 33044264
t_num: 5 finish: 1473408149 895717749 start: 1473408149 7981502
t_num: 11 finish: 1473408149 924795842 start: 1473408149 945880
t_num: 7 finish: 1473408150 287187427 start: 1473408149 90822949
t_num: 24 finish: 1473408150 322387909 start: 1473408149 223463627
t_num: 20 finish: 1473408150 322433758 start: 1473408148 827244636
t_num: 31 finish: 1473408151 230074199 start: 1473408149 327650120
t_num: 1 finish: 1473408151 388219985 start: 1473408149 421795496
t_num: 29 finish: 1473408151 465307291 start: 1473408149 696505608
t_num: 10 finish: 1473408151 469314815 start: 1473408149 275889476
t_num: 0 finish: 1473408151 469356427 start: 1473408149 600789507
t_num: 22 finish: 1473408151 651403616 start: 1473408149 736714624
t_num: 12 finish: 1473408151 663598592 start: 1473408151 117114905
t_num: 2 finish: 1473408151 664072718 start: 1473408149 299916273
t_num: 7 finish: 1473408151 717026978 start: 1473408150 287226704
t_num: 25 finish: 1473408151 744556396 start: 1473408149 299875444
t_num: 27 finish: 1473408151 768059145 start: 1473408149 825511029
t_num: 13 finish: 1473408151 769015294 start: 1473408149 827742692
t_num: 9 finish: 1473408151 844297253 start: 1473408149 712365068
t_num: 23 finish: 1473408151 878169098 start: 1473408151 173040059
t_num: 17 finish: 1473408151 941641025 start: 1473408149 449150684
t_num: 4 finish: 1473408152 434456901 start: 1473408149 827973066
t_num: 26 finish: 1473408152 438334438 start: 1473408149 914361505
t_num: 1 finish: 1473408152 856893659 start: 1473408151 388248124
t_num: 29 finish: 1473408152 974264160 start: 1473408151 465342041
t_num: 30 finish: 1473408153 43960142 start: 1473408151 366471145
t_num: 20 finish: 1473408153 84387917 start: 1473408151 233173867
t_num: 3 finish: 1473408153 120503312 start: 1473408149 827752143
t_num: 28 finish: 1473408153 120641784 start: 1473408149 880360583
t_num: 10 finish: 1473408153 121213475 start: 1473408151 469336406
t_num: 21 finish: 1473408153 132914956 start: 1473408151 630120463
t_num: 25 finish: 1473408153 136465520 start: 1473408151 744593093
t_num: 11 finish: 1473408153 188313809 start: 1473408150 285738971
t_num: 27 finish: 1473408153 353758918 start: 1473408151 768088509
t_num: 7 finish: 1473408154 420852347 start: 1473408152 549076452
t_num: 0 finish: 1473408154 431574218 start: 1473408152 24643300
t_num: 13 finish: 1473408154 817592618 start: 1473408151 769044886
t_num: 24 finish: 1473408154 818089333 start: 1473408151 629745203
t_num: 12 finish: 1473408154 835033091 start: 1473408153 228390219
t_num: 21 finish: 1473408154 846243410 start: 1473408153 132934614
t_num: 19 finish: 1473408154 852746843 start: 1473408152 24256697
t_num: 5 finish: 1473408155 72138981 start: 1473408151 745189541
t_num: 9 finish: 1473408155 207907952 start: 1473408152 400056980
t_num: 3 finish: 1473408155 208581519 start: 1473408153 120533856
t_num: 26 finish: 1473408155 209185468 start: 1473408152 438362208
t_num: 14 finish: 1473408155 342505119 start: 1473408152 806271974
t_num: 24 finish: 1473408155 728516038 start: 1473408154 818107608
t_num: 10 finish: 1473408155 728720312 start: 1473408154 472882509
t_num: 23 finish: 1473408155 728740606 start: 1473408152 399272341
t_num: 12 finish: 1473408155 728969734 start: 1473408154 835070431
t_num: 22 finish: 1473408155 729047380 start: 1473408154 421016784
t_num: 27 finish: 1473408155 731245326 start: 1473408153 353794507
t_num: 20 finish: 1473408155 757447920 start: 1473408153 84422918
t_num: 26 finish: 1473408155 959367640 start: 1473408155 209214543
t_num: 13 finish: 1473408156 7731712 start: 1473408155 36015787
t_num: 17 finish: 1473408156 73440638 start: 1473408154 389590434
t_num: 5 finish: 1473408156 305752059 start: 1473408155 72167387
t_num: 16 finish: 1473408156 751456357 start: 1473408154 855374061
t_num: 0 finish: 1473408156 765377474 start: 1473408154 431619886
t_num: 7 finish: 1473408156 879643277 start: 1473408154 420881038
t_num: 9 finish: 1473408157 259891825 start: 1473408156 33976709
t_num: 29 finish: 1473408157 322244577 start: 1473408155 5015759
t_num: 15 finish: 1473408157 430578593 start: 1473408154 410484989
t_num: 20 finish: 1473408157 452542737 start: 1473408156 475226355
t_num: 30 finish: 1473408157 614891137 start: 1473408155 843952442
t_num: 19 finish: 1473408157 686336607 start: 1473408154 852768670
t_num: 10 finish: 1473408158 348477948 start: 1473408155 728740637
t_num: 12 finish: 1473408158 348477948 start: 1473408155 728988593
t_num: 2 finish: 1473408158 350027506 start: 1473408155 174021583
t_num: 18 finish: 1473408158 350041479 start: 1473408155 830472057
t_num: 8 finish: 1473408158 350086726 start: 1473408155 937409920
t_num: 7 finish: 1473408158 374287914 start: 1473408156 879668124
t_num: 25 finish: 1473408158 482215559 start: 1473408155 728232570
t_num: 22 finish: 1473408158 813766156 start: 1473408156 140543043
t_num: 23 finish: 1473408158 814605424 start: 1473408155 728757947
t_num: 26 finish: 1473408159 517768842 start: 1473408157 964263529
t_num: 24 finish: 1473408159 588873555 start: 1473408156 345908456
t_num: 29 finish: 1473408159 589707293 start: 1473408157 322272115
t_num: 13 finish: 1473408159 589867089 start: 1473408157 257891937
t_num: 16 finish: 1473408159 674784019 start: 1473408156 751482225
t_num: 17 finish: 1473408159 756989021 start: 1473408156 594757840
t_num: 14 finish: 1473408159 840717439 start: 1473408157 904406354
t_num: 15 finish: 1473408160 396985898 start: 1473408157 430603245
t_num: 25 finish: 1473408160 480506737 start: 1473408158 482245887
t_num: 20 finish: 1473408160 498839132 start: 1473408157 452565232
t_num: 2 finish: 1473408160 623120805 start: 1473408158 350063864
t_num: 30 finish: 1473408160 623747771 start: 1473408159 494627090
t_num: 23 finish: 1473408160 645128117 start: 1473408158 814625535
t_num: 9 finish: 1473408160 646227686 start: 1473408158 811503316
t_num: 8 finish: 1473408160 712424264 start: 1473408158 350105546
t_num: 19 finish: 1473408160 870299834 start: 1473408158 660588797
t_num: 12 finish: 1473408160 870394197 start: 1473408158 348538883
t_num: 28 finish: 1473408160 870447983 start: 1473408159 953302058
t_num: 4 finish: 1473408160 933239887 start: 1473408159 555267520
t_num: 11 finish: 1473408161 48968063 start: 1473408159 354242826
t_num: 27 finish: 1473408161 442382592 start: 1473408160 181686290
t_num: 16 finish: 1473408161 659266271 start: 1473408159 674831615
t_num: 17 finish: 1473408161 660208084 start: 1473408160 317589806
t_num: 18 finish: 1473408161 662680206 start: 1473408158 350129644
t_num: 15 finish: 1473408161 947755680 start: 1473408160 397029169
t_num: 13 finish: 1473408162 338138841 start: 1473408159 589887124
t_num: 6 finish: 1473408162 618061958 start: 1473408159 799640071
t_num: 29 finish: 1473408162 652732222 start: 1473408160 470631772
t_num: 22 finish: 1473408162 710440647 start: 1473408159 477713595
t_num: 20 finish: 1473408162 719234676 start: 1473408160 638400883
t_num: 26 finish: 1473408162 932855328 start: 1473408159 732169789
t_num: 25 finish: 1473408163 268998977 start: 1473408160 480529786
t_num: 10 finish: 1473408163 273221747 start: 1473408159 840742733
t_num: 19 finish: 1473408163 582651889 start: 1473408162 563558994
t_num: 17 finish: 1473408163 672071918 start: 1473408161 660229325
t_num: 23 finish: 1473408163 947323791 start: 1473408161 105096682
t_num: 28 finish: 1473408164 83497371 start: 1473408160 870467418
t_num: 18 finish: 1473408164 83547483 start: 1473408161 662697507
t_num: 14 finish: 1473408164 91835224 start: 1473408160 343881136
t_num: 4 finish: 1473408164 91894751 start: 1473408160 933270157
t_num: 20 finish: 1473408164 94343000 start: 1473408162 719255472
t_num: 9 finish: 1473408164 242042946 start: 1473408161 857829071
t_num: 16 finish: 1473408165 216108990 start: 1473408162 652802640
t_num: 30 finish: 1473408165 216129285 start: 1473408162 572066528
t_num: 8 finish: 1473408165 263181023 start: 1473408162 986307583
t_num: 2 finish: 1473408165 265388898 start: 1473408162 558840547
t_num: 26 finish: 1473408165 410891699 start: 1473408162 932889927
t_num: 1 finish: 1473408165 498268959 start: 1473408162 997927008
t_num: 11 finish: 1473408165 807401496 start: 1473408163 178109266
t_num: 23 finish: 1473408165 890396815 start: 1473408163 947361431
t_num: 18 finish: 1473408165 890476194 start: 1473408164 203584077
t_num: 21 finish: 1473408166 382319605 start: 1473408164 242099491
t_num: 3 finish: 1473408166 469332872 start: 1473408164 476550058
t_num: 6 finish: 1473408166 502305476 start: 1473408163 760600235
t_num: 31 finish: 1473408166 502844469 start: 1473408163 760354303
t_num: 22 finish: 1473408166 978541016 start: 1473408164 542386807
t_num: 4 finish: 1473408166 993436649 start: 1473408164 91915573
t_num: 17 finish: 1473408167 181754076 start: 1473408165 217659936
t_num: 26 finish: 1473408167 251766432 start: 1473408165 410934948
t_num: 25 finish: 1473408167 326896499 start: 1473408165 254674736
t_num: 2 finish: 1473408167 356890269 start: 1473408165 265410710
t_num: 23 finish: 1473408167 450857857 start: 1473408166 471680974
t_num: 19 finish: 1473408167 737059627 start: 1473408166 717475620
t_num: 0 finish: 1473408167 776947842 start: 1473408165 696220921
t_num: 9 finish: 1473408167 798344804 start: 1473408164 242067411
t_num: 28 finish: 1473408167 798382245 start: 1473408164 83528381
t_num: 16 finish: 1473408167 798395156 start: 1473408165 867320975
t_num: 10 finish: 1473408168 159100400 start: 1473408165 217606476
t_num: 1 finish: 1473408168 177174041 start: 1473408165 498310877
t_num: 21 finish: 1473408168 191112579 start: 1473408166 382343115
t_num: 5 finish: 1473408168 589943184 start: 1473408165 618508362
t_num: 7 finish: 1473408168 651004673 start: 1473408167 271409274
t_num: 8 finish: 1473408169 219435 start: 1473408165 743929789
t_num: 17 finish: 1473408169 4617094 start: 1473408167 181787781
t_num: 11 finish: 1473408169 308362902 start: 1473408166 576475916
t_num: 20 finish: 1473408169 309234924 start: 1473408166 369255795
t_num: 24 finish: 1473408169 383432810 start: 1473408166 370430883
t_num: 29 finish: 1473408169 592619767 start: 1473408167 833550597
t_num: 3 finish: 1473408169 615859246 start: 1473408167 7833756
t_num: 21 finish: 1473408169 892427679 start: 1473408168 191133547
t_num: 25 finish: 1473408170 86098282 start: 1473408167 326919258
t_num: 31 finish: 1473408170 107195240 start: 1473408167 735631342
t_num: 16 finish: 1473408170 182395308 start: 1473408167 798409929
t_num: 6 finish: 1473408170 183643214 start: 1473408168 164039991
t_num: 11 finish: 1473408170 292284605 start: 1473408169 308405754
t_num: 1 finish: 1473408170 298722873 start: 1473408168 177196025
t_num: 26 finish: 1473408170 304418340 start: 1473408168 164064720
t_num: 20 finish: 1473408170 519641516 start: 1473408169 309254313
t_num: 28 finish: 1473408170 624315476 start: 1473408167 798397945
t_num: 0 finish: 1473408170 631875058 start: 1473408167 776973124
t_num: 18 finish: 1473408170 698536609 start: 1473408168 164271799
t_num: 9 finish: 1473408170 698555406 start: 1473408168 997181663
t_num: 17 finish: 1473408171 364355930 start: 1473408169 4635568
t_num: 10 finish: 1473408171 579130717 start: 1473408169 313218688
t_num: 5 finish: 1473408171 579728566 start: 1473408169 490161189
t_num: 16 finish: 1473408171 704575507 start: 1473408170 182434333
t_num: 6 finish: 1473408171 705674739 start: 1473408170 183659970
t_num: 23 finish: 1473408171 847262097 start: 1473408169 309026571
t_num: 15 finish: 1473408171 984392384 start: 1473408169 770369615
t_num: 18 finish: 1473408172 15599353 start: 1473408170 698570546
t_num: 8 finish: 1473408172 56792188 start: 1473408169 527975832
t_num: 29 finish: 1473408172 202723159 start: 1473408169 592652990
t_num: 14 finish: 1473408172 275156558 start: 1473408169 884887223
t_num: 27 finish: 1473408172 533828661 start: 1473408170 221620970
t_num: 9 finish: 1473408172 648217853 start: 1473408172 11418904
t_num: 21 finish: 1473408172 721139877 start: 1473408171 283852440
t_num: 7 finish: 1473408173 58423839 start: 1473408170 814791358
t_num: 1 finish: 1473408173 317723488 start: 1473408170 298745741
t_num: 11 finish: 1473408173 469296232 start: 1473408171 414881836
t_num: 23 finish: 1473408173 675108648 start: 1473408172 12389531
t_num: 28 finish: 1473408173 675112853 start: 1473408170 624359993
t_num: 15 finish: 1473408173 675129437 start: 1473408171 984448587
t_num: 20 finish: 1473408173 742431054 start: 1473408171 392826417
t_num: 26 finish: 1473408173 962188818 start: 1473408170 304439286
t_num: 17 finish: 1473408173 999195441 start: 1473408171 364389442
t_num: 5 finish: 1473408174 228762977 start: 1473408171 579749137
t_num: 18 finish: 1473408174 286254802 start: 1473408172 15626623
t_num: 6 finish: 1473408174 286269587 start: 1473408172 11368452
t_num: 1 finish: 1473408174 286385630 start: 1473408173 317759173
t_num: 21 finish: 1473408174 425062738 start: 1473408172 721196994
t_num: 22 finish: 1473408175 491771089 start: 1473408173 884038085
t_num: 9 finish: 1473408175 492423347 start: 1473408172 648250710
t_num: 25 finish: 1473408175 555725789 start: 1473408172 978960220
t_num: 16 finish: 1473408175 603105893 start: 1473408172 842112157
t_num: 28 finish: 1473408175 906870608 start: 1473408173 973847189
t_num: 6 finish: 1473408176 505818045 start: 1473408175 102599730
t_num: 10 finish: 1473408176 576279350 start: 1473408174 86888986
t_num: 5 finish: 1473408176 579231424 start: 1473408174 228854611
t_num: 15 finish: 1473408176 581165156 start: 1473408173 960178893
t_num: 17 finish: 1473408176 581752542 start: 1473408173 999240238
t_num: 23 finish: 1473408176 668955613 start: 1473408173 675168267
t_num: 18 finish: 1473408177 42596120 start: 1473408174 286313879
t_num: 25 finish: 1473408177 131634268 start: 1473408175 555762459
t_num: 29 finish: 1473408177 194132369 start: 1473408174 906471231
t_num: 30 finish: 1473408177 456017640 start: 1473408174 916339915
t_num: 10 finish: 1473408177 531876994 start: 1473408176 576322898
t_num: 14 finish: 1473408177 709611886 start: 1473408174 335127836
t_num: 16 finish: 1473408177 747432791 start: 1473408175 603129411
t_num: 27 finish: 1473408178 31648458 start: 1473408175 351796962
t_num: 28 finish: 1473408178 193493844 start: 1473408176 411373286
t_num: 4 finish: 1473408178 262787295 start: 1473408176 350101884
t_num: 13 finish: 1473408178 262878173 start: 1473408174 910303950
t_num: 9 finish: 1473408178 331317791 start: 1473408175 492444945
t_num: 11 finish: 1473408178 339606627 start: 1473408176 580298434
t_num: 1 finish: 1473408178 371177030 start: 1473408175 627990591
t_num: 20 finish: 1473408178 471963924 start: 1473408176 627610061
t_num: 3 finish: 1473408178 519859287 start: 1473408177 43976176
t_num: 12 finish: 1473408178 538858291 start: 1473408177 261964233
t_num: 15 finish: 1473408178 795635727 start: 1473408176 581186623
t_num: 6 finish: 1473408179 166827476 start: 1473408176 505859629
t_num: 17 finish: 1473408179 175258639 start: 1473408177 350038079
t_num: 18 finish: 1473408179 845174329 start: 1473408177 747520106
t_num: 1 finish: 1473408179 890547200 start: 1473408178 371201219
t_num: 14 finish: 1473408179 941294321 start: 1473408177 709654958
t_num: 2 finish: 1473408179 942950516 start: 1473408177 350044256
t_num: 3 finish: 1473408180 135613612 start: 1473408178 677883397
t_num: 20 finish: 1473408180 433027197 start: 1473408178 472000608
t_num: 29 finish: 1473408180 434016819 start: 1473408178 214726936
t_num: 25 finish: 1473408180 434124820 start: 1473408177 131665376
t_num: 30 finish: 1473408180 434187252 start: 1473408178 608551955
t_num: 4 finish: 1473408180 437113003 start: 1473408178 262836827
t_num: 13 finish: 1473408181 125202066 start: 1473408178 262917019
t_num: 10 finish: 1473408181 309979739 start: 1473408177 531902530
t_num: 19 finish: 1473408181 381245587 start: 1473408178 273914573
t_num: 8 finish: 1473408181 457409897 start: 1473408180 178607302
t_num: 17 finish: 1473408181 511963470 start: 1473408180 230982518
t_num: 14 finish: 1473408181 711066549 start: 1473408179 941322567
t_num: 2 finish: 1473408181 772398631 start: 1473408179 943009177
t_num: 28 finish: 1473408181 773977446 start: 1473408179 908935543
t_num: 30 finish: 1473408181 774341423 start: 1473408180 983076355
t_num: 0 finish: 1473408181 834543583 start: 1473408180 813001931
t_num: 13 finish: 1473408181 954989835 start: 1473408181 125225055
t_num: 18 finish: 1473408182 130634947 start: 1473408179 845220296
t_num: 20 finish: 1473408182 131761321 start: 1473408180 433057414
t_num: 25 finish: 1473408182 133626078 start: 1473408180 434145696
t_num: 11 finish: 1473408182 136300377 start: 1473408178 563837757
t_num: 9 finish: 1473408182 166497798 start: 1473408180 423922131
t_num: 16 finish: 1473408182 275554084 start: 1473408178 913994986
t_num: 1 finish: 1473408182 352910859 start: 1473408179 890586616
t_num: 6 finish: 1473408182 383660632 start: 1473408179 528730407
t_num: 24 finish: 1473408182 386304911 start: 1473408180 813315339
t_num: 23 finish: 1473408182 388398821 start: 1473408181 453625612
t_num: 8 finish: 1473408183 326846457 start: 1473408181 457436437
t_num: 4 finish: 1473408183 398630766 start: 1473408181 144671551
t_num: 10 finish: 1473408183 644506320 start: 1473408181 310017774
t_num: 21 finish: 1473408183 714754393 start: 1473408181 773906293
t_num: 1 finish: 1473408183 835346756 start: 1473408182 352932969
t_num: 16 finish: 1473408184 245060057 start: 1473408182 275597105
t_num: 28 finish: 1473408184 528454520 start: 1473408181 773996222
t_num: 24 finish: 1473408184 566740690 start: 1473408182 386328026
t_num: 22 finish: 1473408184 723079625 start: 1473408181 502255441
t_num: 8 finish: 1473408185 48606039 start: 1473408183 326875977
t_num: 11 finish: 1473408185 60740466 start: 1473408182 136320602
t_num: 20 finish: 1473408185 300879484 start: 1473408182 131781380
t_num: 7 finish: 1473408185 495090796 start: 1473408183 201786040
t_num: 9 finish: 1473408185 503867146 start: 1473408182 166515207
t_num: 23 finish: 1473408185 504711423 start: 1473408183 320152657
t_num: 25 finish: 1473408185 506759608 start: 1473408183 633305291
t_num: 0 finish: 1473408185 607268902 start: 1473408182 430770415
t_num: 6 finish: 1473408186 188112446 start: 1473408184 182543167
t_num: 13 finish: 1473408186 201332178 start: 1473408183 648469770
t_num: 17 finish: 1473408186 232369901 start: 1473408183 645661667
t_num: 12 finish: 1473408186 291866304 start: 1473408184 994814192
t_num: 1 finish: 1473408186 292577317 start: 1473408183 835390412
t_num: 21 finish: 1473408186 322393257 start: 1473408185 104471973
t_num: 30 finish: 1473408186 332608890 start: 1473408183 922637224
t_num: 2 finish: 1473408186 342954057 start: 1473408184 68121434
t_num: 14 finish: 1473408186 553008116 start: 1473408183 210142414
t_num: 26 finish: 1473408187 113323358 start: 1473408182 409775953
t_num: 7 finish: 1473408187 217869167 start: 1473408185 495157000
t_num: 18 finish: 1473408187 220811597 start: 1473408185 570824786
t_num: 8 finish: 1473408187 823179319 start: 1473408185 569371579
t_num: 15 finish: 1473408187 844098166 start: 1473408185 504462367
t_num: 21 finish: 1473408187 848815860 start: 1473408186 322420917
t_num: 30 finish: 1473408188 98970727 start: 1473408186 332631769
t_num: 20 finish: 1473408188 98974523 start: 1473408186 503283900
t_num: 24 finish: 1473408188 201730871 start: 1473408184 566761444
t_num: 22 finish: 1473408188 259919449 start: 1473408184 723120553
t_num: 27 finish: 1473408188 311108583 start: 1473408186 733217212
t_num: 31 finish: 1473408188 369468892 start: 1473408187 196082603
t_num: 5 finish: 1473408188 415562209 start: 1473408186 885750678
t_num: 14 finish: 1473408188 650062321 start: 1473408186 553064066
t_num: 17 finish: 1473408188 934141548 start: 1473408186 232392059
t_num: 28 finish: 1473408189 219619948 start: 1473408186 292614713
t_num: 2 finish: 1473408189 220765857 start: 1473408187 156514703
t_num: 25 finish: 1473408189 220822272 start: 1473408186 328202260
t_num: 11 finish: 1473408189 220962210 start: 1473408186 47445114
t_num: 18 finish: 1473408189 222886641 start: 1473408187 220832908
t_num: 19 finish: 1473408189 697040370 start: 1473408187 455482723
t_num: 22 finish: 1473408190 392751878 start: 1473408188 259952549
t_num: 1 finish: 1473408190 393179941 start: 1473408188 99243240
t_num: 6 finish: 1473408190 397340107 start: 1473408187 866788589
t_num: 4 finish: 1473408190 710560787 start: 1473408187 944533049
t_num: 3 finish: 1473408190 764717382 start: 1473408188 173792435
t_num: 21 finish: 1473408190 834896924 start: 1473408188 575954454
t_num: 15 finish: 1473408190 837050014 start: 1473408188 69205088
t_num: 7 finish: 1473408190 838253928 start: 1473408188 99025779
t_num: 24 finish: 1473408191 14276906 start: 1473408189 297540760
t_num: 28 finish: 1473408191 137111057 start: 1473408189 219654274
t_num: 2 finish: 1473408191 137264994 start: 1473408189 568182567
t_num: 17 finish: 1473408191 264451877 start: 1473408188 934187079
t_num: 27 finish: 1473408191 269911470 start: 1473408189 557997290
t_num: 30 finish: 1473408191 372062687 start: 1473408188 117177177
t_num: 20 finish: 1473408191 388892960 start: 1473408189 135746242
t_num: 12 finish: 1473408191 472223413 start: 1473408188 960823414
t_num: 29 finish: 1473408191 653404333 start: 1473408190 389031076
t_num: 11 finish: 1473408191 705383125 start: 1473408190 632130116
t_num: 10 finish: 1473408191 900754361 start: 1473408189 693547664
t_num: 19 finish: 1473408191 957674956 start: 1473408189 697069576
t_num: 21 finish: 1473408192 100277822 start: 1473408190 834931534
t_num: 4 finish: 1473408192 235361555 start: 1473408190 710605583
t_num: 15 finish: 1473408192 248907669 start: 1473408190 947128630
t_num: 24 finish: 1473408192 336223167 start: 1473408191 270598184
t_num: 6 finish: 1473408192 626438246 start: 1473408190 844037307
t_num: 7 finish: 1473408192 688901734 start: 1473408190 838275373
t_num: 2 finish: 1473408192 794802721 start: 1473408191 137284171
t_num: 17 finish: 1473408192 990518900 start: 1473408191 264495723
t_num: 22 finish: 1473408192 993226381 start: 1473408190 723221087
t_num: 19 finish: 1473408193 103038489 start: 1473408191 957703739
t_num: 11 finish: 1473408193 219802799 start: 1473408191 705408419
t_num: 12 finish: 1473408193 238257899 start: 1473408191 472256902
t_num: 4 finish: 1473408193 416380074 start: 1473408192 235404643
t_num: 27 finish: 1473408193 552677057 start: 1473408191 269937651
t_num: 16 finish: 1473408193 552704060 start: 1473408191 898732690
t_num: 20 finish: 1473408194 121609788 start: 1473408192 93434225
t_num: 8 finish: 1473408194 122137143 start: 1473408193 15749573
t_num: 18 finish: 1473408194 329671757 start: 1473408191 942549850
t_num: 24 finish: 1473408194 363012503 start: 1473408192 336262383
t_num: 29 finish: 1473408194 546134793 start: 1473408192 433878302
t_num: 1 finish: 1473408194 801002269 start: 1473408191 660584091
t_num: 15 finish: 1473408194 963509206 start: 1473408193 495475124
t_num: 17 finish: 1473408195 553508025 start: 1473408192 990562013
t_num: 22 finish: 1473408195 567875211 start: 1473408193 579872338
t_num: 10 finish: 1473408195 567907931 start: 1473408192 553901009
t_num: 28 finish: 1473408195 658800820 start: 1473408193 299246586
t_num: 20 finish: 1473408195 908901110 start: 1473408194 121647919
t_num: 27 finish: 1473408195 937744719 start: 1473408193 552722345
t_num: 9 finish: 1473408196 218690979 start: 1473408193 449741025
t_num: 7 finish: 1473408196 232061133 start: 1473408193 447579649
t_num: 20 finish: 1473408196 594592811 start: 1473408195 908961226
t_num: 11 finish: 1473408196 689041530 start: 1473408194 144599282
t_num: 31 finish: 1473408196 862350775 start: 1473408193 385111302
t_num: 2 finish: 1473408196 956805857 start: 1473408194 41091806
t_num: 3 finish: 1473408197 64257764 start: 1473408195 470494572
t_num: 24 finish: 1473408197 268229023 start: 1473408194 363037777
t_num: 18 finish: 1473408197 395524936 start: 1473408195 329120702
t_num: 4 finish: 1473408197 503783923 start: 1473408194 831259923
t_num: 22 finish: 1473408197 604553813 start: 1473408196 267658677
t_num: 16 finish: 1473408197 609310841 start: 1473408194 494096532
t_num: 10 finish: 1473408197 795210495 start: 1473408195 938877473
t_num: 7 finish: 1473408198 434283029 start: 1473408196 232152038
t_num: 0 finish: 1473408198 503447664 start: 1473408195 222187655
t_num: 29 finish: 1473408198 547144493 start: 1473408195 339222403
t_num: 15 finish: 1473408198 991768514 start: 1473408194 963558955
t_num: 5 finish: 1473408198 993103619 start: 1473408197 268972137
t_num: 26 finish: 1473408199 154045129 start: 1473408195 595234100
t_num: 18 finish: 1473408199 195861960 start: 1473408197 395568364
t_num: 24 finish: 1473408199 335002042 start: 1473408197 268271577
t_num: 8 finish: 1473408199 340640954 start: 1473408195 377599973
t_num: 3 finish: 1473408199 765780249 start: 1473408197 64296066
t_num: 1 finish: 1473408199 836745375 start: 1473408196 835651519
t_num: 22 finish: 1473408199 836754544 start: 1473408197 604590919
t_num: 28 finish: 1473408199 930153203 start: 1473408197 794367012
t_num: 17 finish: 1473408199 932592221 start: 1473408197 652146924
t_num: 9 finish: 1473408200 1902027 start: 1473408198 547234808
t_num: 2 finish: 1473408200 594815916 start: 1473408196 956831812
t_num: 14 finish: 1473408200 860071711 start: 1473408198 39514436
t_num: 5 finish: 1473408201 170431956 start: 1473408199 84460693
t_num: 30 finish: 1473408201 170557258 start: 1473408199 11105981
t_num: 20 finish: 1473408201 170780712 start: 1473408198 757265240
t_num: 31 finish: 1473408201 175892756 start: 1473408197 794605743
t_num: 16 finish: 1473408201 479358976 start: 1473408198 547259594
t_num: 13 finish: 1473408201 514073107 start: 1473408197 776327874
t_num: 0 finish: 1473408201 734695694 start: 1473408199 391707720
t_num: 21 finish: 1473408201 734742723 start: 1473408198 428847331
t_num: 1 finish: 1473408201 752883176 start: 1473408199 836799006
t_num: 15 finish: 1473408201 752945418 start: 1473408200 603762270
t_num: 17 finish: 1473408201 757240819 start: 1473408199 932613584
t_num: 9 finish: 1473408202 294155883 start: 1473408200 1958779
t_num: 26 finish: 1473408202 295034038 start: 1473408199 703902490
t_num: 30 finish: 1473408202 375751128 start: 1473408201 170579663
t_num: 4 finish: 1473408202 701351757 start: 1473408199 510452194
t_num: 12 finish: 1473408202 842855147 start: 1473408201 517417860
t_num: 14 finish: 1473408202 913881719 start: 1473408200 860119508
t_num: 13 finish: 1473408203 117579319 start: 1473408201 752867066
t_num: 22 finish: 1473408203 394045671 start: 1473408199 836826841
t_num: 9 finish: 1473408203 396117801 start: 1473408202 294199495
t_num: 29 finish: 1473408203 420563611 start: 1473408200 378576080
t_num: 5 finish: 1473408203 540909890 start: 1473408201 668425752
t_num: 20 finish: 1473408203 540974821 start: 1473408201 170816198
t_num: 15 finish: 1473408203 615133882 start: 1473408201 752961031
t_num: 2 finish: 1473408203 899656250 start: 1473408201 621319095
t_num: 17 finish: 1473408203 922161304 start: 1473408201 757277885
t_num: 7 finish: 1473408204 61880838 start: 1473408201 531878947
t_num: 18 finish: 1473408204 665732948 start: 1473408203 462451167
t_num: 19 finish: 1473408204 665732948 start: 1473408201 554621235
t_num: 1 finish: 1473408204 733080624 start: 1473408202 322786981
t_num: 30 finish: 1473408204 819757811 start: 1473408202 375777492
t_num: 4 finish: 1473408204 819891606 start: 1473408202 701426672
t_num: 8 finish: 1473408204 920255627 start: 1473408201 757252797
t_num: 14 finish: 1473408204 921020667 start: 1473408202 913925264
t_num: 31 finish: 1473408205 103527466 start: 1473408202 322202381
t_num: 11 finish: 1473408205 326422465 start: 1473408203 357127196
t_num: 12 finish: 1473408205 345618907 start: 1473408203 892888514
t_num: 10 finish: 1473408205 490381172 start: 1473408203 428292149
t_num: 27 finish: 1473408205 490380563 start: 1473408202 295176382
t_num: 20 finish: 1473408205 502395746 start: 1473408203 540991667
t_num: 22 finish: 1473408205 519108173 start: 1473408203 394078812
t_num: 15 finish: 1473408205 529994722 start: 1473408204 150935299
t_num: 7 finish: 1473408205 701686690 start: 1473408204 61928592
t_num: 16 finish: 1473408206 294672258 start: 1473408203 476340320
t_num: 14 finish: 1473408206 404308815 start: 1473408204 921041108
t_num: 18 finish: 1473408206 624145325 start: 1473408204 665786028
t_num: 4 finish: 1473408206 695228250 start: 1473408204 819923259
t_num: 28 finish: 1473408206 989377752 start: 1473408204 118096453
t_num: 10 finish: 1473408206 989396096 start: 1473408205 490430147
t_num: 19 finish: 1473408207 44704087 start: 1473408204 665803303
t_num: 31 finish: 1473408207 45223838 start: 1473408205 103571669
t_num: 11 finish: 1473408207 71524878 start: 1473408205 326455873
t_num: 15 finish: 1473408207 88699232 start: 1473408206 373440978
t_num: 30 finish: 1473408207 113257350 start: 1473408204 819850313
t_num: 25 finish: 1473408207 347780835 start: 1473408205 604225942
t_num: 27 finish: 1473408207 565307685 start: 1473408205 532854046
t_num: 20 finish: 1473408207 654526828 start: 1473408206 202927274
t_num: 12 finish: 1473408207 686922261 start: 1473408205 345640407
t_num: 5 finish: 1473408207 686937422 start: 1473408205 326886072
t_num: 4 finish: 1473408207 710932877 start: 1473408206 695264382
t_num: 2 finish: 1473408208 27549424 start: 1473408205 308935306
t_num: 29 finish: 1473408208 27890518 start: 1473408205 283549536
t_num: 8 finish: 1473408208 178321542 start: 1473408205 604201054
t_num: 11 finish: 1473408208 195311288 start: 1473408207 314905617
t_num: 18 finish: 1473408208 256477538 start: 1473408206 624176936
t_num: 13 finish: 1473408208 356569643 start: 1473408206 205912966
t_num: 26 finish: 1473408208 356600696 start: 1473408206 802838873
t_num: 21 finish: 1473408209 142636472 start: 1473408207 313840795
t_num: 27 finish: 1473408209 145187091 start: 1473408207 565349931
t_num: 30 finish: 1473408209 343269474 start: 1473408207 113290570
t_num: 28 finish: 1473408209 344150361 start: 1473408206 989426662
t_num: 22 finish: 1473408209 734859425 start: 1473408207 980828893
t_num: 11 finish: 1473408209 748790330 start: 1473408208 195389287
t_num: 5 finish: 1473408210 4792301 start: 1473408207 686976313
t_num: 25 finish: 1473408210 9354478 start: 1473408207 347803613
t_num: 8 finish: 1473408210 9386665 start: 1473408208 178364438
t_num: 2 finish: 1473408210 9438825 start: 1473408208 27598602
t_num: 23 finish: 1473408210 806601097 start: 1473408208 71207313
t_num: 18 finish: 1473408211 746533867 start: 1473408208 256512897
t_num: 3 finish: 1473408211 969417210 start: 1473408208 596033587
t_num: 28 finish: 1473408212 33215874 start: 1473408209 344183812
t_num: 19 finish: 1473408212 43427104 start: 1473408208 311003843
t_num: 24 finish: 1473408212 109238032 start: 1473408208 562093949
t_num: 8 finish: 1473408212 121283079 start: 1473408210 9403421
t_num: 14 finish: 1473408212 274378859 start: 1473408208 607652765
t_num: 4 finish: 1473408212 298035825 start: 1473408210 786097775
t_num: 16 finish: 1473408212 298153860 start: 1473408208 506976168
t_num: 13 finish: 1473408212 313618960 start: 1473408209 335538584
t_num: 26 finish: 1473408212 313625963 start: 1473408211 698149374
t_num: 18 finish: 1473408212 479630989 start: 1473408211 746575019
t_num: 31 finish: 1473408212 512942440 start: 1473408211 609550465
t_num: 21 finish: 1473408212 567817075 start: 1473408209 142727805
t_num: 23 finish: 1473408212 626112318 start: 1473408210 806643379
t_num: 5 finish: 1473408212 967897332 start: 1473408211 526477881
t_num: 30 finish: 1473408212 980730011 start: 1473408212 274405173
t_num: 17 finish: 1473408213 30959297 start: 1473408210 772744000
t_num: 25 finish: 1473408213 252619865 start: 1473408210 9391691
t_num: 0 finish: 1473408213 300636375 start: 1473408212 203156560
t_num: 16 finish: 1473408213 574386258 start: 1473408212 298173443
t_num: 8 finish: 1473408213 621857937 start: 1473408212 121301741
t_num: 19 finish: 1473408213 742550041 start: 1473408212 43447685
t_num: 21 finish: 1473408213 861984958 start: 1473408212 567843418
t_num: 3 finish: 1473408213 862334080 start: 1473408211 969463583
t_num: 25 finish: 1473408214 475713013 start: 1473408213 252650405
t_num: 27 finish: 1473408214 529043428 start: 1473408212 314488257
t_num: 5 finish: 1473408214 583234430 start: 1473408212 967943202
t_num: 1 finish: 1473408214 630907298 start: 1473408213 398257760
t_num: 30 finish: 1473408214 630956068 start: 1473408213 706189884
t_num: 9 finish: 1473408214 640551958 start: 1473408212 702645170
t_num: 15 finish: 1473408214 876280764 start: 1473408212 657257089
t_num: 17 finish: 1473408214 876288708 start: 1473408213 30982842
t_num: 18 finish: 1473408215 82139576 start: 1473408212 479665173
t_num: 3 finish: 1473408215 222412394 start: 1473408213 862354066
t_num: 6 finish: 1473408215 559784864 start: 1473408213 182404592
t_num: 10 finish: 1473408216 131141675 start: 1473408212 968725727
t_num: 24 finish: 1473408216 151215656 start: 1473408212 929278532
t_num: 2 finish: 1473408216 289645967 start: 1473408214 640125702
t_num: 27 finish: 1473408216 666042009 start: 1473408215 77682426
t_num: 22 finish: 1473408216 666978376 start: 1473408216 77833862
t_num: 6 finish: 1473408216 666978376 start: 1473408215 559833830
t_num: 13 finish: 1473408217 89770538 start: 1473408214 464489662
t_num: 23 finish: 1473408217 91912625 start: 1473408215 82736291
t_num: 7 finish: 1473408217 96096320 start: 1473408215 66713116
t_num: 19 finish: 1473408217 100309083 start: 1473408215 418762673
t_num: 12 finish: 1473408217 101404977 start: 1473408215 225713452
t_num: 0 finish: 1473408217 272874745 start: 1473408214 795991674
t_num: 28 finish: 1473408217 339838770 start: 1473408214 859820192
t_num: 15 finish: 1473408217 342301346 start: 1473408214 876320479
t_num: 21 finish: 1473408217 344698351 start: 1473408214 463901000
t_num: 1 finish: 1473408218 165511889 start: 1473408215 213749896
t_num: 10 finish: 1473408218 381181873 start: 1473408216 131182966
t_num: 24 finish: 1473408218 383688325 start: 1473408216 151244032
t_num: 3 finish: 1473408218 385055750 start: 1473408215 937013788
t_num: 6 finish: 1473408218 385968744 start: 1473408216 667019827
t_num: 12 finish: 1473408218 390203262 start: 1473408217 101425394
t_num: 29 finish: 1473408218 484984959 start: 1473408216 814414488
t_num: 9 finish: 1473408218 576092384 start: 1473408214 640572209
t_num: 21 finish: 1473408218 577118978 start: 1473408217 344718227
t_num: 18 finish: 1473408218 958533232 start: 1473408216 318250199
t_num: 28 finish: 1473408218 958564761 start: 1473408217 339870783
t_num: 27 finish: 1473408218 958533218 start: 1473408216 666085123
t_num: 19 finish: 1473408219 421969260 start: 1473408217 648325358
t_num: 30 finish: 1473408219 490996964 start: 1473408217 277686020
t_num: 7 finish: 1473408219 493211054 start: 1473408218 164080807
t_num: 0 finish: 1473408219 520990862 start: 1473408217 707408852
t_num: 22 finish: 1473408219 544869111 start: 1473408218 26299467
t_num: 5 finish: 1473408219 544874625 start: 1473408217 88228233
t_num: 3 finish: 1473408219 707745615 start: 1473408218 385075863
t_num: 1 finish: 1473408219 714844977 start: 1473408218 165551133
t_num: 8 finish: 1473408219 786783839 start: 1473408217 457274866
t_num: 25 finish: 1473408220 310865028 start: 1473408218 750432519
t_num: 29 finish: 1473408220 450233788 start: 1473408219 176314548
t_num: 28 finish: 1473408220 450285337 start: 1473408218 958579834
t_num: 15 finish: 1473408220 451892468 start: 1473408218 704443918
t_num: 16 finish: 1473408220 488209552 start: 1473408220 151758990
t_num: 11 finish: 1473408221 130322967 start: 1473408218 392327963
t_num: 23 finish: 1473408221 519926616 start: 1473408219 545068183
t_num: 31 finish: 1473408221 567886435 start: 1473408218 521078056
t_num: 21 finish: 1473408221 620946032 start: 1473408220 155111239
t_num: 4 finish: 1473408221 920746591 start: 1473408220 170926501
t_num: 25 finish: 1473408221 967159829 start: 1473408220 310912382
t_num: 18 finish: 1473408222 25924262 start: 1473408220 502045233
t_num: 24 finish: 1473408222 275419540 start: 1473408219 714420745
t_num: 16 finish: 1473408222 276273700 start: 1473408220 488231911
t_num: 7 finish: 1473408222 277166794 start: 1473408220 502506526
t_num: 3 finish: 1473408222 277742568 start: 1473408219 707785475
t_num: 1 finish: 1473408222 429196345 start: 1473408219 714865579
t_num: 15 finish: 1473408222 797347416 start: 1473408220 451913105
t_num: 22 finish: 1473408222 820803857 start: 1473408220 174307142
t_num: 0 finish: 1473408223 75931110 start: 1473408221 598417038
t_num: 11 finish: 1473408223 130943863 start: 1473408221 130385869
t_num: 26 finish: 1473408223 203928234 start: 1473408220 959368002
t_num: 27 finish: 1473408223 432748572 start: 1473408222 112234640
t_num: 19 finish: 1473408223 435523491 start: 1473408220 52916736
t_num: 29 finish: 1473408223 477136514 start: 1473408220 450329973
t_num: 31 finish: 1473408223 691751664 start: 1473408221 567924260
t_num: 18 finish: 1473408223 812355249 start: 1473408222 25955044
t_num: 21 finish: 1473408224 43408378 start: 1473408221 621032544
t_num: 30 finish: 1473408224 142515275 start: 1473408220 502460009
t_num: 22 finish: 1473408224 335939117 start: 1473408222 820827562
t_num: 25 finish: 1473408224 390365145 start: 1473408221 967205282
t_num: 8 finish: 1473408224 617881345 start: 1473408222 281715617
t_num: 24 finish: 1473408224 645882094 start: 1473408222 275449813
t_num: 26 finish: 1473408224 645922949 start: 1473408223 203960761
t_num: 3 finish: 1473408224 656958056 start: 1473408223 73786587
t_num: 17 finish: 1473408225 44820674 start: 1473408223 48589237
t_num: 7 finish: 1473408225 72671302 start: 1473408222 277187868
t_num: 14 finish: 1473408225 73332999 start: 1473408222 728556514
t_num: 1 finish: 1473408225 232647646 start: 1473408222 429222936
t_num: 31 finish: 1473408225 804236421 start: 1473408224 250253677
t_num: 26 finish: 1473408226 126166063 start: 1473408224 645941291
t_num: 16 finish: 1473408226 423575657 start: 1473408223 286810110
t_num: 5 finish: 1473408226 425740428 start: 1473408224 298704391
t_num: 23 finish: 1473408226 444941210 start: 1473408223 477094548
t_num: 27 finish: 1473408226 512641587 start: 1473408223 432787854
t_num: 29 finish: 1473408226 557545088 start: 1473408224 466533991
t_num: 21 finish: 1473408226 557620621 start: 1473408224 318111670
t_num: 24 finish: 1473408226 707742050 start: 1473408224 645917518
t_num: 25 finish: 1473408226 716824205 start: 1473408225 46195236
t_num: 18 finish: 1473408226 980612494 start: 1473408225 697604481
t_num: 30 finish: 1473408227 9082039 start: 1473408224 142550315
t_num: 4 finish: 1473408227 303959380 start: 1473408224 178192969
t_num: 19 finish: 1473408227 645581180 start: 1473408224 648442803
t_num: 17 finish: 1473408227 895924395 start: 1473408225 44868230
t_num: 20 finish: 1473408227 965554366 start: 1473408225 32678043
t_num: 21 finish: 1473408228 6709201 start: 1473408226 557639004
t_num: 12 finish: 1473408228 7055194 start: 1473408225 648591256
t_num: 29 finish: 1473408228 119777533 start: 1473408226 557570717
t_num: 1 finish: 1473408228 637015955 start: 1473408225 232678647
t_num: 4 finish: 1473408228 689131009 start: 1473408227 303985879
t_num: 23 finish: 1473408228 692810097 start: 1473408226 444970859
t_num: 27 finish: 1473408228 693257689 start: 1473408226 512676138
t_num: 20 finish: 1473408229 328751411 start: 1473408227 965603119
t_num: 16 finish: 1473408229 385047886 start: 1473408226 814301304
t_num: 26 finish: 1473408229 412107454 start: 1473408226 126208229
t_num: 25 finish: 1473408229 412173898 start: 1473408227 5703702
t_num: 3 finish: 1473408229 545954479 start: 1473408226 567198692
t_num: 11 finish: 1473408229 559805642 start: 1473408226 785924173
t_num: 18 finish: 1473408229 745474224 start: 1473408228 6973000
t_num: 21 finish: 1473408229 745494603 start: 1473408228 6734139
t_num: 12 finish: 1473408230 197134815 start: 1473408228 7074049
t_num: 13 finish: 1473408230 216986289 start: 1473408226 819276918
t_num: 10 finish: 1473408230 254100140 start: 1473408228 507942765
t_num: 5 finish: 1473408230 259460864 start: 1473408227 223928687
t_num: 29 finish: 1473408230 282703417 start: 1473408228 119827133
t_num: 7 finish: 1473408230 574641500 start: 1473408228 126480406
t_num: 25 finish: 1473408230 575024442 start: 1473408229 412187725
t_num: 23 finish: 1473408230 849599750 start: 1473408228 692831420
t_num: 4 finish: 1473408231 63451575 start: 1473408228 689173590
t_num: 3 finish: 1473408231 403957543 start: 1473408229 545996575
t_num: 24 finish: 1473408231 404793009 start: 1473408230 48798286
t_num: 20 finish: 1473408231 457116703 start: 1473408229 716011695
t_num: 16 finish: 1473408231 663185931 start: 1473408229 385083816
t_num: 26 finish: 1473408232 40759049 start: 1473408229 988363225
t_num: 27 finish: 1473408232 490712737 start: 1473408229 559816567
t_num: 12 finish: 1473408232 524870988 start: 1473408230 448181131
t_num: 4 finish: 1473408232 539727947 start: 1473408231 63481058
t_num: 25 finish: 1473408232 539904254 start: 1473408230 575045227
t_num: 18 finish: 1473408232 727597043 start: 1473408229 745533135
t_num: 7 finish: 1473408232 907056003 start: 1473408230 574682834
t_num: 14 finish: 1473408232 980299663 start: 1473408230 609477696
t_num: 5 finish: 1473408232 981137319 start: 1473408231 137101238
t_num: 23 finish: 1473408232 984911866 start: 1473408230 849636876
t_num: 20 finish: 1473408233 270976535 start: 1473408231 457143656
t_num: 15 finish: 1473408233 316430993 start: 1473408230 433470998
t_num: 30 finish: 1473408233 316434353 start: 1473408230 829538030
t_num: 13 finish: 1473408233 316857232 start: 1473408232 441345843
t_num: 2 finish: 1473408233 378022378 start: 1473408230 834030550
t_num: 6 finish: 1473408233 426005756 start: 1473408232 42137537
t_num: 23 finish: 1473408233 629665592 start: 1473408232 984931864
t_num: 12 finish: 1473408234 4598710 start: 1473408232 524903730
t_num: 24 finish: 1473408234 42541921 start: 1473408232 374283212
t_num: 21 finish: 1473408234 43073795 start: 1473408231 108376943
t_num: 28 finish: 1473408234 63453813 start: 1473408232 746550150
t_num: 16 finish: 1473408234 394385490 start: 1473408232 914859671
t_num: 27 finish: 1473408234 494039042 start: 1473408232 490754548
t_num: 8 finish: 1473408234 527431090 start: 1473408232 542947569
t_num: 14 finish: 1473408234 817552968 start: 1473408232 980331130
t_num: 5 finish: 1473408234 817624171 start: 1473408232 981157617
t_num: 3 finish: 1473408234 908426534 start: 1473408232 982783466
t_num: 2 finish: 1473408235 39311975 start: 1473408233 378063777
t_num: 25 finish: 1473408235 39914239 start: 1473408232 779232037
t_num: 28 finish: 1473408235 42310922 start: 1473408234 63473501
t_num: 14 finish: 1473408235 595427711 start: 1473408234 817583143
t_num: 18 finish: 1473408235 674669418 start: 1473408234 810153584
t_num: 23 finish: 1473408235 688658692 start: 1473408234 41354443
t_num: 29 finish: 1473408235 709232517 start: 1473408233 316502772
t_num: 15 finish: 1473408235 738368520 start: 1473408234 912739355
t_num: 20 finish: 1473408235 742793047 start: 1473408233 271013611
t_num: 13 finish: 1473408235 744739744 start: 1473408234 42499848
t_num: 30 finish: 1473408235 745873428 start: 1473408233 316481408
t_num: 27 finish: 1473408235 751461709 start: 1473408234 494074643
t_num: 26 finish: 1473408236 293016174 start: 1473408234 322244064
t_num: 9 finish: 1473408236 406464880 start: 1473408234 446030141
t_num: 0 finish: 1473408236 406464898 start: 1473408235 264060358
t_num: 5 finish: 1473408236 452157070 start: 1473408234 817643138
t_num: 7 finish: 1473408236 697157924 start: 1473408234 791920599
t_num: 13 finish: 1473408237 362759164 start: 1473408235 744759317
t_num: 3 finish: 1473408237 363107610 start: 1473408234 908464543
t_num: 21 finish: 1473408237 478827491 start: 1473408236 214961239
t_num: 28 finish: 1473408237 489412900 start: 1473408235 42328654
t_num: 8 finish: 1473408237 761336930 start: 1473408234 527467715
t_num: 11 finish: 1473408237 781563283 start: 1473408234 793017502
t_num: 24 finish: 1473408237 805056807 start: 1473408236 37557016
t_num: 14 finish: 1473408237 805973570 start: 1473408235 595448393
t_num: 3 finish: 1473408237 806036336 start: 1473408237 363143263
t_num: 15 finish: 1473408239 40306514 start: 1473408235 738397127
t_num: 18 finish: 1473408239 44644353 start: 1473408235 674727245
t_num: 0 finish: 1473408239 44688878 start: 1473408236 406500550
t_num: 22 finish: 1473408239 60807703 start: 1473408237 605987294
t_num: 17 finish: 1473408239 60823451 start: 1473408236 948077226
t_num: 19 finish: 1473408239 370913865 start: 1473408236 405884431
t_num: 26 finish: 1473408239 753502160 start: 1473408236 293045535
t_num: 27 finish: 1473408239 848350319 start: 1473408235 751481813
t_num: 5 finish: 1473408239 927071057 start: 1473408236 452190841
t_num: 29 finish: 1473408239 927138820 start: 1473408237 781546421
t_num: 7 finish: 1473408239 948748370 start: 1473408236 697195681
t_num: 11 finish: 1473408239 986499183 start: 1473408237 781589004
t_num: 0 finish: 1473408240 53061093 start: 1473408239 44704829
t_num: 24 finish: 1473408240 185674129 start: 1473408237 805082135
t_num: 16 finish: 1473408240 202918396 start: 1473408237 781596136
t_num: 6 finish: 1473408240 229455928 start: 1473408239 752808622
t_num: 13 finish: 1473408240 233195767 start: 1473408237 805296222
t_num: 8 finish: 1473408240 309311300 start: 1473408238 695036713
t_num: 28 finish: 1473408240 310156141 start: 1473408237 489430960
t_num: 23 finish: 1473408240 416072460 start: 1473408239 753518720
t_num: 7 finish: 1473408240 853722012 start: 1473408239 948783725
t_num: 4 finish: 1473408240 853946583 start: 1473408239 689566745
t_num: 15 finish: 1473408240 890007817 start: 1473408239 924791736
t_num: 1 finish: 1473408241 164341761 start: 1473408238 732355753
t_num: 17 finish: 1473408241 230579193 start: 1473408239 60897981
t_num: 21 finish: 1473408241 301857120 start: 1473408238 701277470
t_num: 0 finish: 1473408241 387940424 start: 1473408240 53105539
t_num: 5 finish: 1473408242 219523765 start: 1473408239 927094460
t_num: 29 finish: 1473408242 220494828 start: 1473408239 927159939
t_num: 18 finish: 1473408242 317304527 start: 1473408239 44662518
t_num: 26 finish: 1473408242 500275265 start: 1473408240 59153891
t_num: 16 finish: 1473408242 769643550 start: 1473408240 202961099
t_num: 0 finish: 1473408243 49820498 start: 1473408241 387976706
t_num: 22 finish: 1473408243 218001486 start: 1473408240 853677119
t_num: 14 finish: 1473408243 238877107 start: 1473408241 667015511
t_num: 19 finish: 1473408243 268451639 start: 1473408240 853588858
t_num: 3 finish: 1473408243 317001719 start: 1473408241 458206984
t_num: 4 finish: 1473408243 493255202 start: 1473408240 853965735
t_num: 7 finish: 1473408243 539876969 start: 1473408240 853749807
t_num: 15 finish: 1473408243 541017850 start: 1473408240 890046316
t_num: 18 finish: 1473408243 595512924 start: 1473408242 317331076
t_num: 25 finish: 1473408244 67291149 start: 1473408242 565430589
t_num: 23 finish: 1473408244 68375023 start: 1473408242 444828756
t_num: 1 finish: 1473408244 69000523 start: 1473408241 484954913
t_num: 6 finish: 1473408244 197516370 start: 1473408242 316663305
t_num: 16 finish: 1473408244 211661220 start: 1473408243 77439237
t_num: 28 finish: 1473408244 260474926 start: 1473408240 310189825
t_num: 26 finish: 1473408244 260703651 start: 1473408242 500312937
t_num: 17 finish: 1473408244 262990789 start: 1473408242 438868490
t_num: 8 finish: 1473408244 645843669 start: 1473408240 309350137
t_num: 7 finish: 1473408244 751340499 start: 1473408243 539898009
t_num: 29 finish: 1473408244 752499972 start: 1473408243 495483339
t_num: 19 finish: 1473408245 208034521 start: 1473408243 268478834
t_num: 21 finish: 1473408245 351463202 start: 1473408242 318170044
t_num: 17 finish: 1473408245 353642111 start: 1473408244 263010783
t_num: 27 finish: 1473408245 586742191 start: 1473408243 493293415
t_num: 26 finish: 1473408245 588176144 start: 1473408244 260723084
t_num: 18 finish: 1473408245 627759336 start: 1473408243 903986481
t_num: 0 finish: 1473408245 734750920 start: 1473408243 49842749
t_num: 28 finish: 1473408245 790950889 start: 1473408244 260498700
t_num: 4 finish: 1473408245 850774044 start: 1473408243 493340120
t_num: 23 finish: 1473408245 943842186 start: 1473408244 263310350
t_num: 14 finish: 1473408246 97576114 start: 1473408245 153970674
t_num: 1 finish: 1473408246 190284264 start: 1473408244 69017836
t_num: 12 finish: 1473408246 190290356 start: 1473408245 249527158
t_num: 9 finish: 1473408246 226561083 start: 1473408244 737105369
t_num: 25 finish: 1473408246 279247092 start: 1473408244 632058302
t_num: 3 finish: 1473408246 437773638 start: 1473408243 317061702
t_num: 16 finish: 1473408246 531853920 start: 1473408244 211698367
t_num: 26 finish: 1473408246 937125700 start: 1473408245 588210623
t_num: 22 finish: 1473408246 979753216 start: 1473408244 743059127
t_num: 2 finish: 1473408246 979877424 start: 1473408244 912617303
t_num: 19 finish: 1473408247 224840926 start: 1473408245 208067247
t_num: 28 finish: 1473408247 369947866 start: 1473408245 790980859
t_num: 17 finish: 1473408247 542761222 start: 1473408245 353682391
t_num: 0 finish: 1473408247 649983022 start: 1473408245 734793238
t_num: 25 finish: 1473408247 676465179 start: 1473408246 279285688
t_num: 19 finish: 1473408247 837970328 start: 1473408247 224863377
t_num: 2 finish: 1473408247 887158687 start: 1473408246 979896111
t_num: 27 finish: 1473408247 923717938 start: 1473408245 845304879
t_num: 21 finish: 1473408248 29237627 start: 1473408246 637307172
t_num: 18 finish: 1473408248 131363205 start: 1473408246 482406880
t_num: 29 finish: 1473408248 387288719 start: 1473408245 285053921
t_num: 22 finish: 1473408248 450538679 start: 1473408246 979786185
t_num: 4 finish: 1473408248 954309258 start: 1473408245 850795025
t_num: 18 finish: 1473408249 59571859 start: 1473408248 131395021
t_num: 24 finish: 1473408249 361626061 start: 1473408246 598788903
t_num: 23 finish: 1473408249 365558587 start: 1473408247 649285471
t_num: 0 finish: 1473408249 717637749 start: 1473408248 304029542
t_num: 16 finish: 1473408249 798763019 start: 1473408248 156325139
t_num: 20 finish: 1473408249 814950344 start: 1473408246 519387666
t_num: 2 finish: 1473408249 937424391 start: 1473408247 887182830
t_num: 18 finish: 1473408249 938002473 start: 1473408249 59615552
t_num: 1 finish: 1473408249 980137273 start: 1473408247 367133538
t_num: 9 finish: 1473408250 20739240 start: 1473408247 676735681
t_num: 17 finish: 1473408250 234280728 start: 1473408247 542845658
t_num: 8 finish: 1473408250 481497338 start: 1473408248 237104579
t_num: 3 finish: 1473408250 546220051 start: 1473408248 526829920
t_num: 19 finish: 1473408250 581348102 start: 1473408248 29219743
t_num: 7 finish: 1473408250 804025762 start: 1473408248 155576841
t_num: 0 finish: 1473408250 856805781 start: 1473408249 717670406
t_num: 29 finish: 1473408250 888799783 start: 1473408249 383764881
t_num: 13 finish: 1473408251 173321449 start: 1473408248 549783115
t_num: 10 finish: 1473408251 174290211 start: 1473408248 692608999
t_num: 2 finish: 1473408251 174314565 start: 1473408249 937463447
t_num: 23 finish: 1473408251 434493670 start: 1473408249 389867809
t_num: 21 finish: 1473408251 532955724 start: 1473408248 29264410
t_num: 16 finish: 1473408251 558323325 start: 1473408249 798819616
t_num: 17 finish: 1473408251 740671092 start: 1473408250 234310305
t_num: 22 finish: 1473408251 955984030 start: 1473408250 138112856
t_num: 4 finish: 1473408251 957091799 start: 1473408250 20689969
t_num: 26 finish: 1473408252 263940498 start: 1473408249 708984701
t_num: 19 finish: 1473408252 264755049 start: 1473408250 581373892
t_num: 3 finish: 1473408252 264834846 start: 1473408250 546263769
t_num: 31 finish: 1473408252 489673499 start: 1473408250 223493431
t_num: 29 finish: 1473408252 604988632 start: 1473408250 888833800
t_num: 14 finish: 1473408253 367765129 start: 1473408251 977619260
t_num: 16 finish: 1473408253 370537211 start: 1473408252 256995815
t_num: 17 finish: 1473408253 530877771 start: 1473408251 740707404
t_num: 18 finish: 1473408253 593300125 start: 1473408251 923376875
t_num: 28 finish: 1473408253 616919303 start: 1473408251 957320681
t_num: 0 finish: 1473408253 835388250 start: 1473408250 856841817
t_num: 8 finish: 1473408253 919917696 start: 1473408251 922423186
t_num: 23 finish: 1473408253 954489774 start: 1473408251 601986781
t_num: 2 finish: 1473408253 962112985 start: 1473408252 763325200
t_num: 10 finish: 1473408254 263030654 start: 1473408251 174312024
t_num: 9 finish: 1473408254 407439815 start: 1473408251 433767850
t_num: 20 finish: 1473408254 450882797 start: 1473408252 844894094
t_num: 6 finish: 1473408254 659906074 start: 1473408253 178842067
t_num: 18 finish: 1473408254 780858818 start: 1473408253 593339985
t_num: 16 finish: 1473408254 794625561 start: 1473408253 370557358
t_num: 4 finish: 1473408254 795629934 start: 1473408251 957114493
t_num: 21 finish: 1473408254 795682259 start: 1473408251 945851224
t_num: 7 finish: 1473408254 795740864 start: 1473408250 804060987
t_num: 14 finish: 1473408254 798667138 start: 1473408253 367839710
t_num: 19 finish: 1473408254 963871774 start: 1473408252 991307552
t_num: 15 finish: 1473408254 963891947 start: 1473408252 763343200
t_num: 17 finish: 1473408255 322192690 start: 1473408253 530901995
t_num: 22 finish: 1473408255 329147228 start: 1473408253 341293610
t_num: 28 finish: 1473408255 376877674 start: 1473408254 291081387
t_num: 0 finish: 1473408255 378460384 start: 1473408253 915313219
t_num: 31 finish: 1473408255 426189732 start: 1473408252 992038389
t_num: 10 finish: 1473408255 430447113 start: 1473408254 263076628
t_num: 29 finish: 1473408255 912114229 start: 1473408254 318057303
t_num: 11 finish: 1473408256 588755284 start: 1473408253 939156194
t_num: 12 finish: 1473408256 764074609 start: 1473408254 63494519
t_num: 26 finish: 1473408257 20605671 start: 1473408254 834592994
t_num: 2 finish: 1473408257 21312662 start: 1473408254 412788293
t_num: 6 finish: 1473408257 259283389 start: 1473408254 842737190
t_num: 23 finish: 1473408257 281446524 start: 1473408254 615299186
t_num: 4 finish: 1473408257 599999320 start: 1473408255 425660492
t_num: 20 finish: 1473408257 697844714 start: 1473408254 811462853
t_num: 5 finish: 1473408257 709387676 start: 1473408255 579694142
t_num: 15 finish: 1473408257 844858933 start: 1473408255 822210861
t_num: 16 finish: 1473408257 924939825 start: 1473408255 138892318
t_num: 0 finish: 1473408258 219058515 start: 1473408255 378477088
t_num: 29 finish: 1473408258 327415416 start: 1473408255 912155897
t_num: 22 finish: 1473408258 330752700 start: 1473408255 329168464
t_num: 1 finish: 1473408258 333258116 start: 1473408256 654502306
t_num: 9 finish: 1473408258 532344905 start: 1473408255 103153939
t_num: 13 finish: 1473408258 543892747 start: 1473408255 983186337
t_num: 14 finish: 1473408258 543943875 start: 1473408256 693656522
t_num: 19 finish: 1473408258 544649979 start: 1473408254 963906122
t_num: 10 finish: 1473408258 655107569 start: 1473408255 430464391
t_num: 31 finish: 1473408258 997922038 start: 1473408256 822719556
t_num: 4 finish: 1473408259 642142317 start: 1473408257 600024774
t_num: 18 finish: 1473408259 697936667 start: 1473408256 76501841
t_num: 26 finish: 1473408259 873907771 start: 1473408257 976864197
t_num: 24 finish: 1473408259 916627515 start: 1473408256 976599923
t_num: 20 finish: 1473408260 205122937 start: 1473408258 326089728
t_num: 19 finish: 1473408260 206098480 start: 1473408258 544670199
t_num: 11 finish: 1473408260 294385507 start: 1473408256 588775301
t_num: 15 finish: 1473408260 377556336 start: 1473408257 844892985
t_num: 12 finish: 1473408260 377732480 start: 1473408258 543692988
t_num: 5 finish: 1473408260 803465940 start: 1473408257 709409426
t_num: 13 finish: 1473408260 846893446 start: 1473408259 18458222
t_num: 2 finish: 1473408260 847323615 start: 1473408257 520769866
t_num: 1 finish: 1473408261 56400729 start: 1473408259 58233069
t_num: 21 finish: 1473408261 65569674 start: 1473408257 976814948
t_num: 14 finish: 1473408261 116454479 start: 1473408259 310596365
t_num: 23 finish: 1473408261 170036527 start: 1473408257 281483474
t_num: 9 finish: 1473408261 222913288 start: 1473408258 532409318
t_num: 8 finish: 1473408261 281856014 start: 1473408259 658266250
t_num: 28 finish: 1473408261 451917939 start: 1473408259 787612747
t_num: 20 finish: 1473408261 505212704 start: 1473408260 205161558
t_num: 0 finish: 1473408261 766819690 start: 1473408258 810556235
t_num: 19 finish: 1473408261 854520606 start: 1473408260 206121529
t_num: 31 finish: 1473408261 881272023 start: 1473408258 997966562
t_num: 22 finish: 1473408262 560986954 start: 1473408260 820652437
t_num: 26 finish: 1473408263 511951755 start: 1473408259 873964024
t_num: 5 finish: 1473408263 556374848 start: 1473408261 223417348
t_num: 27 finish: 1473408263 717184194 start: 1473408261 358263357
t_num: 12 finish: 1473408263 742766554 start: 1473408261 636865693
t_num: 4 finish: 1473408263 743001634 start: 1473408260 767872229
t_num: 10 finish: 1473408264 236929733 start: 1473408261 170072116
t_num: 31 finish: 1473408264 237004335 start: 1473408261 881289334
t_num: 22 finish: 1473408264 277116749 start: 1473408262 561031495
t_num: 13 finish: 1473408264 835096474 start: 1473408260 846915716
t_num: 9 finish: 1473408264 835110764 start: 1473408263 418520732
t_num: 8 finish: 1473408264 835125043 start: 1473408262 16350206
t_num: 21 finish: 1473408264 871682770 start: 1473408261 65603756
t_num: 24 finish: 1473408264 872420151 start: 1473408261 859395299
t_num: 23 finish: 1473408265 292285437 start: 1473408261 170067045
t_num: 15 finish: 1473408265 292357026 start: 1473408260 377595785
t_num: 28 finish: 1473408265 293024385 start: 1473408261 451956785
t_num: 31 finish: 1473408265 352234709 start: 1473408264 237023971
t_num: 14 finish: 1473408265 546231909 start: 1473408263 556508320
t_num: 0 finish: 1473408265 629030721 start: 1473408263 742777580
t_num: 27 finish: 1473408265 705823722 start: 1473408263 717223834
t_num: 17 finish: 1473408265 764199075 start: 1473408262 192919556
t_num: 20 finish: 1473408266 146692501 start: 1473408263 419855084
t_num: 12 finish: 1473408266 427420500 start: 1473408263 742783254
t_num: 26 finish: 1473408266 466832783 start: 1473408264 216052535
t_num: 7 finish: 1473408266 466904513 start: 1473408263 400713368
t_num: 13 finish: 1473408266 843154133 start: 1473408264 835142566
t_num: 4 finish: 1473408266 908113404 start: 1473408265 278230847
t_num: 22 finish: 1473408267 55972516 start: 1473408264 277141376
t_num: 27 finish: 1473408267 107318190 start: 1473408266 38887614
t_num: 23 finish: 1473408267 423608107 start: 1473408265 292314936
t_num: 9 finish: 1473408267 423887738 start: 1473408264 835150631
t_num: 29 finish: 1473408267 499248286 start: 1473408265 291401657
t_num: 25 finish: 1473408267 543082407 start: 1473408265 281715892
t_num: 14 finish: 1473408267 953809500 start: 1473408265 546291498
t_num: 28 finish: 1473408267 955684869 start: 1473408265 895079447
t_num: 12 finish: 1473408268 82625963 start: 1473408266 427458641
t_num: 5 finish: 1473408268 343194443 start: 1473408265 244527727
t_num: 13 finish: 1473408268 417636230 start: 1473408266 843175794
t_num: 18 finish: 1473408268 887815153 start: 1473408266 570322983
t_num: 21 finish: 1473408269 18408065 start: 1473408266 39242720
t_num: 26 finish: 1473408269 156382219 start: 1473408266 466877127
t_num: 10 finish: 1473408269 156984477 start: 1473408266 298600987
t_num: 17 finish: 1473408269 157090705 start: 1473408265 764264242
t_num: 23 finish: 1473408269 157276058 start: 1473408267 423651664
t_num: 8 finish: 1473408269 321524532 start: 1473408267 42782889
t_num: 31 finish: 1473408270 160244261 start: 1473408267 543119195
t_num: 25 finish: 1473408270 161924792 start: 1473408267 543147712
t_num: 15 finish: 1473408270 252362365 start: 1473408267 961285359
t_num: 28 finish: 1473408270 297067951 start: 1473408267 955719871
t_num: 20 finish: 1473408270 495093927 start: 1473408268 710517449
t_num: 6 finish: 1473408270 873264764 start: 1473408267 543127649
t_num: 26 finish: 1473408270 886317512 start: 1473408269 156404486
t_num: 10 finish: 1473408270 886986566 start: 1473408269 157003564
t_num: 12 finish: 1473408270 931898084 start: 1473408268 343174861
t_num: 4 finish: 1473408271 31579658 start: 1473408269 594315418
t_num: 23 finish: 1473408271 128362942 start: 1473408269 157297355
t_num: 8 finish: 1473408271 345731667 start: 1473408269 321572844
t_num: 14 finish: 1473408271 346028208 start: 1473408268 95650477
t_num: 29 finish: 1473408271 346969711 start: 1473408268 343569391
t_num: 27 finish: 1473408271 381562226 start: 1473408270 114758562
t_num: 17 finish: 1473408271 808753806 start: 1473408269 775591511
t_num: 13 finish: 1473408271 808857391 start: 1473408269 759797318
t_num: 21 finish: 1473408271 808973799 start: 1473408269 18436598
t_num: 22 finish: 1473408271 832905861 start: 1473408269 673166964
t_num: 25 finish: 1473408271 962457247 start: 1473408270 161945533
t_num: 18 finish: 1473408272 65715606 start: 1473408268 887861751
t_num: 16 finish: 1473408272 102156052 start: 1473408269 17594961
t_num: 11 finish: 1473408273 291870388 start: 1473408271 61275579
t_num: 27 finish: 1473408273 822861415 start: 1473408271 381583683
t_num: 14 finish: 1473408273 824690913 start: 1473408271 346047335
t_num: 15 finish: 1473408273 900841140 start: 1473408271 322712526
t_num: 12 finish: 1473408273 964264365 start: 1473408270 931919052
t_num: 30 finish: 1473408274 139725657 start: 1473408269 938335653
t_num: 13 finish: 1473408274 204857203 start: 1473408271 808891397
t_num: 21 finish: 1473408274 232200375 start: 1473408271 853659946
t_num: 3 finish: 1473408274 280804590 start: 1473408272 667474833
t_num: 2 finish: 1473408274 665104177 start: 1473408272 941152259
t_num: 31 finish: 1473408274 670717932 start: 1473408271 756866824
t_num: 6 finish: 1473408274 674078501 start: 1473408272 959363683
t_num: 26 finish: 1473408274 678202691 start: 1473408272 959350154
t_num: 25 finish: 1473408274 680467433 start: 1473408273 506097008
t_num: 11 finish: 1473408274 686868208 start: 1473408273 814386774
t_num: 4 finish: 1473408274 687862677 start: 1473408271 31611441
t_num: 8 finish: 1473408275 9567997 start: 1473408271 345763042
t_num: 13 finish: 1473408275 78508819 start: 1473408274 204889574
t_num: 21 finish: 1473408275 117578662 start: 1473408274 232230540
t_num: 27 finish: 1473408275 348677369 start: 1473408273 822890160
t_num: 12 finish: 1473408275 386270638 start: 1473408273 964285664
t_num: 29 finish: 1473408275 612339635 start: 1473408272 958737958
t_num: 24 finish: 1473408275 653229828 start: 1473408273 936495939
t_num: 16 finish: 1473408275 668760274 start: 1473408273 815408785
t_num: 0 finish: 1473408275 746421718 start: 1473408272 734963132
t_num: 5 finish: 1473408276 3498340 start: 1473408274 624703088
t_num: 6 finish: 1473408276 399209273 start: 1473408274 789744628
t_num: 29 finish: 1473408276 900372238 start: 1473408275 612384673
t_num: 14 finish: 1473408276 963437823 start: 1473408274 528174406
t_num: 30 finish: 1473408277 44677627 start: 1473408274 139756145
t_num: 15 finish: 1473408277 56355620 start: 1473408275 79141815
t_num: 21 finish: 1473408277 113034802 start: 1473408275 117629340
t_num: 26 finish: 1473408277 387395274 start: 1473408274 678223453
t_num: 2 finish: 1473408277 428916859 start: 1473408274 665143220
t_num: 0 finish: 1473408277 565656500 start: 1473408275 746456286
t_num: 3 finish: 1473408277 565684084 start: 1473408274 280824616
t_num: 4 finish: 1473408277 729127167 start: 1473408274 687883000
t_num: 8 finish: 1473408277 744076334 start: 1473408275 9612776
t_num: 11 finish: 1473408277 755376124 start: 1473408276 705482635
t_num: 12 finish: 1473408278 107946187 start: 1473408275 386298634
t_num: 1 finish: 1473408278 108619973 start: 1473408275 945904346
t_num: 31 finish: 1473408278 529941565 start: 1473408275 117972442
t_num: 30 finish: 1473408278 771530482 start: 1473408277 44718957
t_num: 27 finish: 1473408279 37951959 start: 1473408275 348740589
t_num: 15 finish: 1473408279 159751629 start: 1473408277 409719942
t_num: 22 finish: 1473408279 219849415 start: 1473408276 983822498
t_num: 5 finish: 1473408279 220531731 start: 1473408278 466299566
t_num: 11 finish: 1473408279 282202788 start: 1473408278 131726865
t_num: 9 finish: 1473408279 369480319 start: 1473408277 565703792
t_num: 3 finish: 1473408279 535572193 start: 1473408277 565736890
t_num: 28 finish: 1473408279 677421450 start: 1473408276 841103929
t_num: 4 finish: 1473408279 719058208 start: 1473408277 729151247
t_num: 12 finish: 1473408279 771475265 start: 1473408278 107988974
t_num: 1 finish: 1473408279 771475252 start: 1473408278 108635740
t_num: 29 finish: 1473408280 626372659 start: 1473408276 900409533
t_num: 23 finish: 1473408280 686869754 start: 1473408277 729095534
t_num: 17 finish: 1473408280 707175636 start: 1473408277 699717901
t_num: 15 finish: 1473408280 801202514 start: 1473408279 159793087
t_num: 6 finish: 1473408280 889052052 start: 1473408278 597497115
t_num: 20 finish: 1473408280 923306158 start: 1473408278 638704306
t_num: 0 finish: 1473408281 116725641 start: 1473408278 860299435
t_num: 26 finish: 1473408281 287117616 start: 1473408278 130788553
t_num: 19 finish: 1473408281 337518375 start: 1473408279 370661453
t_num: 27 finish: 1473408281 339587337 start: 1473408280 128909906
t_num: 4 finish: 1473408281 340430356 start: 1473408280 666547053
t_num: 30 finish: 1473408281 340465149 start: 1473408279 460192111
t_num: 11 finish: 1473408281 764112071 start: 1473408279 282236729
t_num: 1 finish: 1473408281 813218990 start: 1473408279 771542607
t_num: 18 finish: 1473408281 815841926 start: 1473408280 786030867
t_num: 12 finish: 1473408282 137623851 start: 1473408279 771526595
t_num: 10 finish: 1473408282 138211367 start: 1473408279 471903448
t_num: 6 finish: 1473408282 159415554 start: 1473408280 889075621
t_num: 31 finish: 1473408282 396182684 start: 1473408280 854426707
t_num: 17 finish: 1473408282 396199955 start: 1473408280 707196495
t_num: 23 finish: 1473408282 396213563 start: 1473408280 686908629
t_num: 3 finish: 1473408282 511085221 start: 1473408280 923821600
t_num: 8 finish: 1473408282 570697163 start: 1473408280 43365057
t_num: 29 finish: 1473408282 585516142 start: 1473408281 340304203
t_num: 15 finish: 1473408282 887901654 start: 1473408280 801226869
t_num: 28 finish: 1473408282 962765213 start: 1473408280 889068617
t_num: 10 finish: 1473408283 326388417 start: 1473408282 138230168
t_num: 0 finish: 1473408283 370384918 start: 1473408283 67232517
t_num: 23 finish: 1473408283 470579168 start: 1473408282 396424883
t_num: 1 finish: 1473408283 477438624 start: 1473408282 137998173
t_num: 31 finish: 1473408283 632393784 start: 1473408282 396231899
t_num: 11 finish: 1473408283 647812006 start: 1473408281 764176320
t_num: 26 finish: 1473408283 678761916 start: 1473408281 764263781
t_num: 27 finish: 1473408283 793163977 start: 1473408282 528980782
t_num: 6 finish: 1473408284 34624849 start: 1473408283 32546570
t_num: 14 finish: 1473408284 44590169 start: 1473408283 272350237
t_num: 22 finish: 1473408284 69292333 start: 1473408282 577848622
t_num: 20 finish: 1473408284 83831393 start: 1473408282 510359923
t_num: 17 finish: 1473408284 121256216 start: 1473408282 396399974
t_num: 18 finish: 1473408284 423012691 start: 1473408282 137755196
t_num: 29 finish: 1473408285 216054020 start: 1473408283 593857399
t_num: 24 finish: 1473408285 431842400 start: 1473408283 416971291
t_num: 31 finish: 1473408285 531084367 start: 1473408284 27928511
t_num: 14 finish: 1473408285 733068954 start: 1473408284 44610418
t_num: 5 finish: 1473408285 900682896 start: 1473408283 647863578
t_num: 0 finish: 1473408286 209859050 start: 1473408283 370410959
t_num: 28 finish: 1473408286 331946738 start: 1473408284 193452644
t_num: 16 finish: 1473408286 336143541 start: 1473408283 272649316
t_num: 27 finish: 1473408286 549476839 start: 1473408283 793216954
t_num: 30 finish: 1473408286 664742479 start: 1473408284 333139477
t_num: 17 finish: 1473408286 871978131 start: 1473408285 492758770
t_num: 24 finish: 1473408287 904981499 start: 1473408285 431876057
t_num: 6 finish: 1473408287 929451862 start: 1473408284 553337121
t_num: 2 finish: 1473408287 959011395 start: 1473408283 593096577
t_num: 11 finish: 1473408288 141656224 start: 1473408285 108316435
t_num: 0 finish: 1473408288 141700856 start: 1473408286 209896440
t_num: 20 finish: 1473408288 141719543 start: 1473408284 83847976
t_num: 30 finish: 1473408288 141747721 start: 1473408286 664766585
t_num: 27 finish: 1473408288 170898957 start: 1473408286 549501334
t_num: 14 finish: 1473408288 170906532 start: 1473408286 586038293
t_num: 29 finish: 1473408288 170966196 start: 1473408285 216114274
t_num: 4 finish: 1473408288 311150498 start: 1473408286 99066492
t_num: 5 finish: 1473408288 311477550 start: 1473408285 900726962
t_num: 22 finish: 1473408288 346003424 start: 1473408285 443772501
t_num: 15 finish: 1473408288 346003424 start: 1473408285 493719885
t_num: 24 finish: 1473408288 404439520 start: 1473408287 905007244
t_num: 7 finish: 1473408288 404443661 start: 1473408286 797511908
t_num: 31 finish: 1473408288 406024609 start: 1473408286 182004755
t_num: 9 finish: 1473408288 591598877 start: 1473408285 581576150
t_num: 6 finish: 1473408288 823318224 start: 1473408287 929543881
t_num: 16 finish: 1473408288 900732319 start: 1473408286 892343669
t_num: 21 finish: 1473408289 36606592 start: 1473408286 725889750
t_num: 5 finish: 1473408289 36853836 start: 1473408288 311498038
t_num: 17 finish: 1473408289 277125056 start: 1473408286 872040586
t_num: 12 finish: 1473408289 345760230 start: 1473408286 724345861
t_num: 28 finish: 1473408289 345793146 start: 1473408287 998231863
t_num: 15 finish: 1473408289 345883497 start: 1473408288 346059121
t_num: 31 finish: 1473408289 461433947 start: 1473408288 406040426
t_num: 0 finish: 1473408289 950445101 start: 1473408288 141719055
t_num: 9 finish: 1473408290 373592507 start: 1473408288 591637697
t_num: 5 finish: 1473408290 378585455 start: 1473408289 36873547
t_num: 29 finish: 1473408290 383114788 start: 1473408288 629096957
t_num: 24 finish: 1473408290 401844101 start: 1473408289 306492645
t_num: 4 finish: 1473408290 594315169 start: 1473408288 311188832
t_num: 19 finish: 1473408290 884603337 start: 1473408289 419602234
t_num: 3 finish: 1473408291 331099718 start: 1473408289 308523260
t_num: 16 finish: 1473408291 332774250 start: 1473408289 345166955
t_num: 28 finish: 1473408291 349115427 start: 1473408289 761936144
t_num: 22 finish: 1473408291 520241945 start: 1473408288 875042257
t_num: 1 finish: 1473408291 545363881 start: 1473408288 825752071
t_num: 12 finish: 1473408291 603913843 start: 1473408289 345844479
t_num: 0 finish: 1473408292 61606613 start: 1473408289 950488897
t_num: 5 finish: 1473408292 597497523 start: 1473408290 721623793
t_num: 6 finish: 1473408293 90700975 start: 1473408289 120984306
t_num: 30 finish: 1473408293 125880265 start: 1473408290 884632802
t_num: 7 finish: 1473408293 194409719 start: 1473408288 875565129
t_num: 8 finish: 1473408293 255736498 start: 1473408289 988517938
t_num: 4 finish: 1473408293 272044186 start: 1473408290 594353423
t_num: 26 finish: 1473408293 272236864 start: 1473408290 722201381
t_num: 31 finish: 1473408293 273472491 start: 1473408290 457196077
t_num: 16 finish: 1473408293 316012820 start: 1473408291 332814934
t_num: 17 finish: 1473408293 363466069 start: 1473408290 504118696
t_num: 1 finish: 1473408293 544813841 start: 1473408291 545391407
t_num: 14 finish: 1473408293 602913118 start: 1473408291 195526327
t_num: 29 finish: 1473408293 942056662 start: 1473408292 352643284
t_num: 3 finish: 1473408294 260165363 start: 1473408291 331138062
t_num: 22 finish: 1473408294 293562750 start: 1473408292 256945669
t_num: 25 finish: 1473408294 325289085 start: 1473408292 86132991
t_num: 5 finish: 1473408294 439467284 start: 1473408292 597541908
t_num: 0 finish: 1473408294 469823711 start: 1473408292 61639158
t_num: 24 finish: 1473408294 748474869 start: 1473408293 124911214
t_num: 4 finish: 1473408294 785324456 start: 1473408293 272084118
t_num: 6 finish: 1473408294 839077592 start: 1473408293 90743500
t_num: 12 finish: 1473408294 989447104 start: 1473408291 603931404
t_num: 23 finish: 1473408295 93643551 start: 1473408293 298191271
t_num: 7 finish: 1473408296 451271075 start: 1473408293 194436225
t_num: 3 finish: 1473408296 557157949 start: 1473408294 260202524
t_num: 4 finish: 1473408296 634992482 start: 1473408294 785355418
t_num: 30 finish: 1473408296 682926488 start: 1473408293 625854006
t_num: 6 finish: 1473408296 739232306 start: 1473408294 839101074
t_num: 22 finish: 1473408296 743296302 start: 1473408294 293590744
t_num: 13 finish: 1473408296 829146018 start: 1473408294 670363695
t_num: 19 finish: 1473408296 932032019 start: 1473408294 789506103
t_num: 31 finish: 1473408296 951566006 start: 1473408293 931987455
t_num: 28 finish: 1473408297 137778115 start: 1473408295 104379952
t_num: 3 finish: 1473408297 360232307 start: 1473408296 557200347
t_num: 29 finish: 1473408297 450984607 start: 1473408295 223271651
t_num: 24 finish: 1473408298 111915462 start: 1473408294 748507863
t_num: 30 finish: 1473408298 337295587 start: 1473408296 682967022
t_num: 2 finish: 1473408298 340432799 start: 1473408295 93503191
t_num: 8 finish: 1473408298 340832555 start: 1473408294 753640553
t_num: 18 finish: 1473408298 477734236 start: 1473408294 785866319
t_num: 14 finish: 1473408298 618576260 start: 1473408295 222581318
t_num: 23 finish: 1473408299 245420248 start: 1473408296 319672738
t_num: 22 finish: 1473408299 250167268 start: 1473408296 743317687
t_num: 19 finish: 1473408299 279520103 start: 1473408296 932080899
t_num: 13 finish: 1473408299 346556716 start: 1473408297 737283088
t_num: 29 finish: 1473408299 772908428 start: 1473408297 451034600
t_num: 6 finish: 1473408299 794301195 start: 1473408297 733812201
t_num: 20 finish: 1473408299 794656723 start: 1473408298 70638688
t_num: 26 finish: 1473408299 813330434 start: 1473408296 319999170
t_num: 18 finish: 1473408300 1256855 start: 1473408298 477761976
t_num: 16 finish: 1473408300 66124480 start: 1473408296 732508826
t_num: 25 finish: 1473408300 232071218 start: 1473408296 463475276
t_num: 14 finish: 1473408300 289681927 start: 1473408298 618638949
t_num: 31 finish: 1473408300 289738946 start: 1473408296 951591179
t_num: 19 finish: 1473408301 93056846 start: 1473408299 279542101
t_num: 9 finish: 1473408301 116544745 start: 1473408296 825895465
t_num: 24 finish: 1473408301 135193993 start: 1473408298 471401997
t_num: 8 finish: 1473408301 240556452 start: 1473408299 224563681
t_num: 28 finish: 1473408301 313227458 start: 1473408299 738909290
t_num: 22 finish: 1473408301 492399091 start: 1473408299 250187621
t_num: 30 finish: 1473408302 290679174 start: 1473408299 805933691
t_num: 10 finish: 1473408302 413317194 start: 1473408298 627287506
t_num: 28 finish: 1473408302 425979734 start: 1473408301 313268700
t_num: 3 finish: 1473408302 599310748 start: 1473408299 794820373
t_num: 29 finish: 1473408302 618959091 start: 1473408299 772949265
t_num: 16 finish: 1473408302 639870160 start: 1473408300 66164701
t_num: 6 finish: 1473408302 676492528 start: 1473408301 5591135
t_num: 23 finish: 1473408302 780743325 start: 1473408301 432843065
t_num: 26 finish: 1473408302 795008417 start: 1473408300 934248899
t_num: 25 finish: 1473408303 130784022 start: 1473408301 236699903
t_num: 21 finish: 1473408304 150230008 start: 1473408299 864590241
t_num: 10 finish: 1473408304 152688385 start: 1473408302 413345346
t_num: 20 finish: 1473408304 207885315 start: 1473408301 135215212
t_num: 18 finish: 1473408304 262394175 start: 1473408302 584530045
t_num: 27 finish: 1473408304 326577648 start: 1473408301 766155777
t_num: 17 finish: 1473408304 417959907 start: 1473408301 474657935
t_num: 28 finish: 1473408304 418033318 start: 1473408302 426012518
t_num: 11 finish: 1473408304 458176012 start: 1473408300 937128526
t_num: 0 finish: 1473408304 820769402 start: 1473408302 870565211
t_num: 15 finish: 1473408305 141927662 start: 1473408302 783666923
t_num: 6 finish: 1473408305 446276508 start: 1473408302 676517433
t_num: 30 finish: 1473408305 449424100 start: 1473408302 290724297
t_num: 24 finish: 1473408305 449430849 start: 1473408303 391505063
t_num: 26 finish: 1473408305 543016356 start: 1473408303 288081535
t_num: 31 finish: 1473408305 543623881 start: 1473408303 110011790
t_num: 9 finish: 1473408305 558851156 start: 1473408301 911972755
t_num: 16 finish: 1473408305 598548066 start: 1473408303 602551685
t_num: 21 finish: 1473408305 789377899 start: 1473408304 150275621
t_num: 22 finish: 1473408305 859512891 start: 1473408302 721221604
t_num: 12 finish: 1473408305 989943636 start: 1473408305 45117921
t_num: 3 finish: 1473408306 521287587 start: 1473408304 155045354
t_num: 30 finish: 1473408306 525823236 start: 1473408305 449445806
t_num: 18 finish: 1473408306 618669677 start: 1473408304 262418382
t_num: 0 finish: 1473408306 669263703 start: 1473408305 600677649
t_num: 24 finish: 1473408306 868798026 start: 1473408305 449463738
t_num: 5 finish: 1473408306 906167372 start: 1473408303 594053920
t_num: 15 finish: 1473408306 998246890 start: 1473408305 141957452
t_num: 27 finish: 1473408306 998260935 start: 1473408305 289682255
t_num: 28 finish: 1473408307 286947557 start: 1473408305 287505787
t_num: 7 finish: 1473408307 628539373 start: 1473408305 448815126
t_num: 8 finish: 1473408307 674973586 start: 1473408304 491318476
t_num: 21 finish: 1473408307 834743483 start: 1473408306 144775212
t_num: 11 finish: 1473408308 9639590 start: 1473408305 137391952
t_num: 10 finish: 1473408308 115440175 start: 1473408306 963188000
t_num: 0 finish: 1473408308 240838602 start: 1473408306 669292408
t_num: 24 finish: 1473408308 342023213 start: 1473408306 868849618
t_num: 20 finish: 1473408308 487154052 start: 1473408307 113828503
t_num: 5 finish: 1473408308 552970765 start: 1473408306 906207632
t_num: 16 finish: 1473408308 613205756 start: 1473408306 457376147
t_num: 31 finish: 1473408308 754653145 start: 1473408306 529974180
t_num: 17 finish: 1473408309 49096951 start: 1473408307 417780071
t_num: 27 finish: 1473408309 125810291 start: 1473408306 998374699
t_num: 9 finish: 1473408309 191788675 start: 1473408306 398212913
t_num: 30 finish: 1473408309 258844568 start: 1473408306 525845647
t_num: 2 finish: 1473408309 289470114 start: 1473408306 655428045
t_num: 0 finish: 1473408309 545641398 start: 1473408308 240883025
t_num: 4 finish: 1473408309 545888093 start: 1473408306 496952327
t_num: 3 finish: 1473408309 888624612 start: 1473408308 189934067
t_num: 28 finish: 1473408309 967293799 start: 1473408307 286969235
t_num: 8 finish: 1473408309 985462629 start: 1473408307 675008222
t_num: 18 finish: 1473408310 28736191 start: 1473408308 432418691
t_num: 5 finish: 1473408310 544878934 start: 1473408308 553023965
t_num: 13 finish: 1473408310 779678545 start: 1473408308 457482263
t_num: 30 finish: 1473408310 784500890 start: 1473408309 258873443
t_num: 26 finish: 1473408310 787584983 start: 1473408308 290606076
t_num: 24 finish: 1473408310 872838730 start: 1473408308 645493027
t_num: 11 finish: 1473408310 872844809 start: 1473408308 635431281
t_num: 25 finish: 1473408310 872913590 start: 1473408308 502044076
t_num: 17 finish: 1473408310 919841303 start: 1473408309 49125544
t_num: 15 finish: 1473408311 166360540 start: 1473408309 523830627
t_num: 28 finish: 1473408311 176535626 start: 1473408309 967320088
t_num: 10 finish: 1473408311 197746920 start: 1473408308 115481031
t_num: 16 finish: 1473408311 399969228 start: 1473408309 701114054
t_num: 5 finish: 1473408311 446322372 start: 1473408310 544922495
t_num: 8 finish: 1473408311 518890262 start: 1473408309 985483775
t_num: 3 finish: 1473408311 544543208 start: 1473408309 888675243
t_num: 27 finish: 1473408312 95463203 start: 1473408309 125855573
t_num: 29 finish: 1473408312 130167576 start: 1473408310 409249568
t_num: 9 finish: 1473408312 237918684 start: 1473408309 293302321
t_num: 16 finish: 1473408312 550241597 start: 1473408311 400005408
t_num: 0 finish: 1473408312 554552814 start: 1473408309 545667905
t_num: 12 finish: 1473408312 556491960 start: 1473408310 903574919
t_num: 26 finish: 1473408312 777376236 start: 1473408310 787605547
t_num: 18 finish: 1473408312 821262889 start: 1473408310 954746820
t_num: 19 finish: 1473408312 919264726 start: 1473408310 493962602
t_num: 1 finish: 1473408312 974653223 start: 1473408311 159199246
t_num: 5 finish: 1473408313 390666577 start: 1473408311 992520615
t_num: 3 finish: 1473408313 659280365 start: 1473408311 544565020
t_num: 17 finish: 1473408313 777298639 start: 1473408311 658125775
t_num: 29 finish: 1473408314 20556142 start: 1473408312 759002306
t_num: 30 finish: 1473408314 113609787 start: 1473408311 454164578
t_num: 28 finish: 1473408314 146147945 start: 1473408311 176554948
t_num: 9 finish: 1473408314 192913244 start: 1473408312 237946993
t_num: 15 finish: 1473408314 192971700 start: 1473408311 616084331
t_num: 18 finish: 1473408314 248772487 start: 1473408312 821294567
t_num: 24 finish: 1473408314 605610803 start: 1473408312 232336077
t_num: 2 finish: 1473408314 716135550 start: 1473408311 125109064
t_num: 0 finish: 1473408314 935271826 start: 1473408312 554574392
t_num: 12 finish: 1473408315 19507379 start: 1473408312 556513064
t_num: 19 finish: 1473408315 24110886 start: 1473408313 375736161
t_num: 26 finish: 1473408315 102714910 start: 1473408313 702484780
t_num: 23 finish: 1473408315 103465857 start: 1473408313 96940359
t_num: 8 finish: 1473408315 338168824 start: 1473408313 157773640
t_num: 17 finish: 1473408315 788275630 start: 1473408313 777339181
t_num: 28 finish: 1473408315 789980680 start: 1473408314 146169841
t_num: 16 finish: 1473408315 832647592 start: 1473408313 878539125
t_num: 4 finish: 1473408315 833976051 start: 1473408314 766333636
t_num: 3 finish: 1473408316 109024353 start: 1473408313 659320640
t_num: 13 finish: 1473408316 109195122 start: 1473408313 131195686
t_num: 29 finish: 1473408316 202964587 start: 1473408314 985162148
t_num: 0 finish: 1473408316 460635499 start: 1473408314 935304501
t_num: 18 finish: 1473408316 592569892 start: 1473408314 248822487
t_num: 22 finish: 1473408316 676021366 start: 1473408315 368776929
t_num: 2 finish: 1473408316 676024341 start: 1473408315 360750694
t_num: 12 finish: 1473408316 747327514 start: 1473408315 19557515
t_num: 15 finish: 1473408316 849526668 start: 1473408314 375795012
t_num: 19 finish: 1473408317 82904048 start: 1473408315 24132463
t_num: 9 finish: 1473408317 103085626 start: 1473408314 192934261
t_num: 3 finish: 1473408317 115861871 start: 1473408316 109068141
t_num: 8 finish: 1473408317 181700689 start: 1473408315 338212299
t_num: 7 finish: 1473408317 264701960 start: 1473408314 623672299
t_num: 23 finish: 1473408317 359961192 start: 1473408315 833461719
t_num: 5 finish: 1473408317 832995229 start: 1473408314 617835048
t_num: 6 finish: 1473408318 21351739 start: 1473408316 632641109
t_num: 17 finish: 1473408318 413588236 start: 1473408316 801314984
t_num: 13 finish: 1473408318 457320773 start: 1473408316 109213528
t_num: 1 finish: 1473408318 518379267 start: 1473408315 882919670
t_num: 3 finish: 1473408318 627790904 start: 1473408317 115883449
t_num: 26 finish: 1473408318 826417890 start: 1473408316 109946508
t_num: 28 finish: 1473408318 982673723 start: 1473408315 790001920
t_num: 8 finish: 1473408318 983644251 start: 1473408317 181730985
t_num: 2 finish: 1473408319 62227001 start: 1473408316 676065836
t_num: 0 finish: 1473408319 246849337 start: 1473408316 460702549
t_num: 11 finish: 1473408319 359197847 start: 1473408316 939158948
t_num: 18 finish: 1473408319 453625410 start: 1473408317 434646319
t_num: 7 finish: 1473408319 456359485 start: 1473408317 264735593
t_num: 22 finish: 1473408319 731707101 start: 1473408316 676049162
t_num: 15 finish: 1473408320 160589751 start: 1473408316 849551482
t_num: 31 finish: 1473408320 467675473 start: 1473408318 826125976
t_num: 12 finish: 1473408320 560972895 start: 1473408318 8822376
t_num: 5 finish: 1473408320 769236322 start: 1473408317 833039674
t_num: 1 finish: 1473408320 770039709 start: 1473408318 518419662
t_num: 11 finish: 1473408320 779696334 start: 1473408319 359223081
t_num: 4 finish: 1473408321 110587488 start: 1473408318 627888771
t_num: 23 finish: 1473408321 147951496 start: 1473408320 128118227
t_num: 18 finish: 1473408321 220824924 start: 1473408319 453655692
t_num: 26 finish: 1473408321 224993912 start: 1473408319 492098943
t_num: 2 finish: 1473408321 279388138 start: 1473408319 62270433
t_num: 24 finish: 1473408321 333619562 start: 1473408319 295568886
t_num: 31 finish: 1473408321 424911498 start: 1473408320 467717206
t_num: 19 finish: 1473408321 458326574 start: 1473408319 106740382
t_num: 28 finish: 1473408321 458328068 start: 1473408318 982714977
t_num: 0 finish: 1473408321 492660039 start: 1473408319 246893021
t_num: 8 finish: 1473408321 522676908 start: 1473408318 983660504
t_num: 9 finish: 1473408322 58119601 start: 1473408320 480439028
t_num: 7 finish: 1473408322 119282287 start: 1473408320 350907505
t_num: 23 finish: 1473408322 262534572 start: 1473408321 147977610
t_num: 13 finish: 1473408322 527425764 start: 1473408320 687133629
t_num: 3 finish: 1473408322 882300319 start: 1473408320 768048389
t_num: 0 finish: 1473408323 88664863 start: 1473408321 492688852
t_num: 21 finish: 1473408323 281328122 start: 1473408320 947435423
t_num: 5 finish: 1473408323 281530351 start: 1473408320 769265350
t_num: 7 finish: 1473408323 281898355 start: 1473408322 119320239
t_num: 26 finish: 1473408323 393346699 start: 1473408321 225030457
t_num: 12 finish: 1473408323 799990617 start: 1473408320 561015841
t_num: 11 finish: 1473408323 840919660 start: 1473408322 478364289
t_num: 4 finish: 1473408323 862032969 start: 1473408321 763790817
t_num: 8 finish: 1473408323 862907770 start: 1473408322 309570
t_num: 18 finish: 1473408324 267444145 start: 1473408321 659545151
t_num: 19 finish: 1473408324 324590074 start: 1473408321 458355539
t_num: 28 finish: 1473408324 324642572 start: 1473408321 458362069
t_num: 15 finish: 1473408324 403013423 start: 1473408321 192822913
t_num: 29 finish: 1473408324 615576906 start: 1473408321 871391846
t_num: 0 finish: 1473408324 651892472 start: 1473408323 88699305
t_num: 21 finish: 1473408325 2460919 start: 1473408323 281351626
t_num: 9 finish: 1473408325 164126408 start: 1473408322 58145805
t_num: 16 finish: 1473408325 292003035 start: 1473408323 682384057
t_num: 11 finish: 1473408325 783154192 start: 1473408323 840943277
t_num: 5 finish: 1473408325 826354849 start: 1473408323 548388122
t_num: 14 finish: 1473408325 892299325 start: 1473408322 769487360
t_num: 26 finish: 1473408325 973285240 start: 1473408323 393369195
t_num: 31 finish: 1473408326 19307230 start: 1473408323 841164842
t_num: 23 finish: 1473408326 158640529 start: 1473408323 346843959
t_num: 7 finish: 1473408326 158646183 start: 1473408324 324597357
t_num: 15 finish: 1473408326 575082099 start: 1473408324 663135132
t_num: 18 finish: 1473408326 613727870 start: 1473408324 267501725
t_num: 29 finish: 1473408326 639269666 start: 1473408324 615615895
t_num: 2 finish: 1473408327 84120994 start: 1473408323 792627257
t_num: 20 finish: 1473408327 286391404 start: 1473408324 279361376
t_num: 17 finish: 1473408327 307662301 start: 1473408324 723645312
t_num: 3 finish: 1473408327 335772174 start: 1473408324 455316788
t_num: 1 finish: 1473408327 559437451 start: 1473408324 212522642
t_num: 16 finish: 1473408328 98042059 start: 1473408325 292047303
t_num: 7 finish: 1473408328 120534565 start: 1473408326 158690744
t_num: 28 finish: 1473408328 151917738 start: 1473408325 426250304
t_num: 19 finish: 1473408328 376542187 start: 1473408326 405862476
t_num: 9 finish: 1473408328 378192854 start: 1473408325 164157558
t_num: 12 finish: 1473408328 482632584 start: 1473408326 97714517
t_num: 31 finish: 1473408328 724912819 start: 1473408326 19329780
t_num: 14 finish: 1473408328 902853621 start: 1473408326 920571445
t_num: 29 finish: 1473408329 112325873 start: 1473408326 639293336
t_num: 30 finish: 1473408329 211090089 start: 1473408325 973330307
t_num: 11 finish: 1473408329 231469731 start: 1473408325 783204342
t_num: 5 finish: 1473408329 257572266 start: 1473408326 918021781
t_num: 17 finish: 1473408329 257596012 start: 1473408327 307684528
t_num: 3 finish: 1473408329 279336461 start: 1473408327 335788869
t_num: 6 finish: 1473408329 377571330 start: 1473408327 561205408
t_num: 2 finish: 1473408329 433838421 start: 1473408328 44408147
t_num: 10 finish: 1473408329 495321261 start: 1473408326 668167002
t_num: 18 finish: 1473408329 562656748 start: 1473408326 613771290
t_num: 1 finish: 1473408329 784807337 start: 1473408327 559476163
t_num: 9 finish: 1473408329 899936082 start: 1473408328 378215373
t_num: 19 finish: 1473408329 971687531 start: 1473408328 939898306
t_num: 27 finish: 1473408330 66818097 start: 1473408328 398748627
t_num: 28 finish: 1473408330 282697242 start: 1473408329 112362327
t_num: 7 finish: 1473408330 345789715 start: 1473408328 120621580
t_num: 18 finish: 1473408330 857054552 start: 1473408329 562701224
t_num: 5 finish: 1473408331 315514168 start: 1473408329 257593654
t_num: 16 finish: 1473408331 367021597 start: 1473408328 707686923
t_num: 14 finish: 1473408331 440049673 start: 1473408328 902896750
t_num: 20 finish: 1473408331 497123228 start: 1473408329 681054825
t_num: 12 finish: 1473408331 551261063 start: 1473408328 482676745
t_num: 30 finish: 1473408331 611674589 start: 1473408329 211117200
t_num: 9 finish: 1473408331 613171049 start: 1473408329 899965832
t_num: 2 finish: 1473408331 659367681 start: 1473408329 433862596
t_num: 8 finish: 1473408331 821441119 start: 1473408330 254001086
t_num: 1 finish: 1473408332 397371181 start: 1473408330 736761982
t_num: 29 finish: 1473408333 265163399 start: 1473408329 672588140
t_num: 28 finish: 1473408333 265770673 start: 1473408330 282725896
t_num: 26 finish: 1473408333 265770673 start: 1473408330 47581573
t_num: 16 finish: 1473408333 401187765 start: 1473408331 367059184
t_num: 14 finish: 1473408333 401193695 start: 1473408331 440106283
t_num: 22 finish: 1473408333 401207473 start: 1473408330 254300909
t_num: 17 finish: 1473408333 599908237 start: 1473408329 754439503
t_num: 7 finish: 1473408333 669964900 start: 1473408330 345833541
t_num: 9 finish: 1473408333 962923528 start: 1473408331 613191530
t_num: 6 finish: 1473408334 222895599 start: 1473408331 822100392
t_num: 2 finish: 1473408334 222982626 start: 1473408331 659391213
t_num: 13 finish: 1473408334 224885363 start: 1473408331 446646357
t_num: 18 finish: 1473408334 225294538 start: 1473408333 94215207
t_num: 31 finish: 1473408334 574467976 start: 1473408333 148145559
t_num: 1 finish: 1473408334 575313143 start: 1473408332 397427821
t_num: 27 finish: 1473408334 661470256 start: 1473408331 781118052
t_num: 11 finish: 1473408334 732493831 start: 1473408333 581631184
t_num: 25 finish: 1473408334 809374018 start: 1473408332 455461822
t_num: 20 finish: 1473408334 887080879 start: 1473408333 898492169
t_num: 5 finish: 1473408334 888182471 start: 1473408332 454643096
t_num: 8 finish: 1473408334 938713696 start: 1473408331 821493748
t_num: 21 finish: 1473408335 253577492 start: 1473408333 94801471
t_num: 28 finish: 1473408335 269421677 start: 1473408333 898446274
t_num: 2 finish: 1473408335 579213254 start: 1473408334 223002417
t_num: 16 finish: 1473408335 813454239 start: 1473408334 750215549
t_num: 13 finish: 1473408335 882821094 start: 1473408334 603258135
t_num: 27 finish: 1473408335 883081314 start: 1473408334 661496144
t_num: 19 finish: 1473408335 942495171 start: 1473408334 750044845
t_num: 9 finish: 1473408336 149238796 start: 1473408334 964439820
t_num: 6 finish: 1473408336 292674048 start: 1473408334 222938650
t_num: 23 finish: 1473408336 535356116 start: 1473408334 559630746
t_num: 1 finish: 1473408336 872733584 start: 1473408334 575332878
t_num: 14 finish: 1473408336 952016885 start: 1473408335 63638076
t_num: 8 finish: 1473408337 41015346 start: 1473408334 938749993
t_num: 18 finish: 1473408337 246061769 start: 1473408335 882885334
t_num: 11 finish: 1473408337 246828585 start: 1473408335 977034460
t_num: 19 finish: 1473408337 766370025 start: 1473408336 366078438
t_num: 22 finish: 1473408337 786797855 start: 1473408336 291604911
t_num: 23 finish: 1473408337 786805450 start: 1473408336 535391484
t_num: 0 finish: 1473408337 849314279 start: 1473408336 81953462
t_num: 13 finish: 1473408337 894165313 start: 1473408335 882847152
t_num: 2 finish: 1473408338 513039795 start: 1473408336 950905525
t_num: 9 finish: 1473408338 634411533 start: 1473408336 149280904
t_num: 8 finish: 1473408338 697399934 start: 1473408337 41044124
t_num: 1 finish: 1473408338 745960591 start: 1473408336 962788824
t_num: 29 finish: 1473408338 856311463 start: 1473408337 531347718
t_num: 25 finish: 1473408338 856322602 start: 1473408336 275429511
t_num: 3 finish: 1473408338 865831573 start: 1473408336 739987801
t_num: 11 finish: 1473408339 211460382 start: 1473408337 246849539
t_num: 27 finish: 1473408339 212039280 start: 1473408337 786864347
t_num: 0 finish: 1473408339 628187447 start: 1473408337 849358097
t_num: 18 finish: 1473408339 666648428 start: 1473408337 246099658
t_num: 21 finish: 1473408339 669435620 start: 1473408336 90031650
t_num: 17 finish: 1473408339 721451688 start: 1473408338 224356838
t_num: 23 finish: 1473408339 912483656 start: 1473408338 630191056
t_num: 16 finish: 1473408340 401587649 start: 1473408337 895705773
t_num: 13 finish: 1473408340 432525041 start: 1473408337 894187784
t_num: 14 finish: 1473408340 483355807 start: 1473408337 894261323
t_num: 5 finish: 1473408340 485098404 start: 1473408339 569702635
t_num: 11 finish: 1473408340 644406040 start: 1473408339 211504956
t_num: 19 finish: 1473408340 645465028 start: 1473408338 633639622
t_num: 22 finish: 1473408340 778086717 start: 1473408338 666928117
t_num: 24 finish: 1473408340 825321416 start: 1473408337 770401441
t_num: 6 finish: 1473408340 830285406 start: 1473408337 894534704
t_num: 3 finish: 1473408341 27636705 start: 1473408339 305021252
t_num: 21 finish: 1473408341 196348310 start: 1473408339 669456583
t_num: 29 finish: 1473408341 851148331 start: 1473408338 856352761
t_num: 2 finish: 1473408341 925396138 start: 1473408339 307571876
t_num: 18 finish: 1473408342 158402749 start: 1473408340 399639805
t_num: 26 finish: 1473408342 161813988 start: 1473408340 43298320
t_num: 17 finish: 1473408342 199952191 start: 1473408340 681580405
t_num: 6 finish: 1473408342 200283315 start: 1473408340 830305871
t_num: 28 finish: 1473408342 200349063 start: 1473408341 99375703
t_num: 24 finish: 1473408342 323995866 start: 1473408340 825361786
t_num: 13 finish: 1473408342 404256372 start: 1473408340 432556484
t_num: 23 finish: 1473408342 404340227 start: 1473408339 912534224
t_num: 1 finish: 1473408342 404356595 start: 1473408340 964658787
t_num: 12 finish: 1473408342 713953893 start: 1473408341 211458597
t_num: 16 finish: 1473408342 778302948 start: 1473408340 401617230
t_num: 5 finish: 1473408342 898179315 start: 1473408340 806973732
t_num: 11 finish: 1473408342 963811492 start: 1473408340 644452675
t_num: 25 finish: 1473408342 963851756 start: 1473408340 859551424
t_num: 4 finish: 1473408343 135653158 start: 1473408342 196877074
t_num: 3 finish: 1473408343 511326852 start: 1473408341 27670859
t_num: 9 finish: 1473408343 635529983 start: 1473408341 332539676
t_num: 18 finish: 1473408343 675724693 start: 1473408342 158448518
t_num: 2 finish: 1473408343 728815326 start: 1473408341 925436688
t_num: 5 finish: 1473408344 259648839 start: 1473408342 898216629
t_num: 25 finish: 1473408344 259652798 start: 1473408342 963869181
t_num: 19 finish: 1473408344 263368423 start: 1473408341 748299381
t_num: 26 finish: 1473408344 333191914 start: 1473408343 302437488
t_num: 24 finish: 1473408344 369510129 start: 1473408342 324029927
t_num: 29 finish: 1473408344 495282524 start: 1473408341 851171571
t_num: 14 finish: 1473408344 631422636 start: 1473408341 903963581
t_num: 9 finish: 1473408344 742714836 start: 1473408343 635571607
t_num: 8 finish: 1473408344 778211425 start: 1473408341 748176914
t_num: 10 finish: 1473408345 118876704 start: 1473408342 765980132
t_num: 11 finish: 1473408345 209174684 start: 1473408342 963847716
t_num: 4 finish: 1473408346 126377668 start: 1473408343 531617924
t_num: 25 finish: 1473408346 131214410 start: 1473408344 259699804
t_num: 28 finish: 1473408346 131916781 start: 1473408343 512599772
t_num: 15 finish: 1473408346 974179363 start: 1473408344 862259954
t_num: 3 finish: 1473408346 986755045 start: 1473408344 631407871
t_num: 2 finish: 1473408347 16990565 start: 1473408345 211734526
t_num: 9 finish: 1473408347 79586961 start: 1473408344 742777097
t_num: 12 finish: 1473408347 91937344 start: 1473408344 112407144
t_num: 7 finish: 1473408347 126702818 start: 1473408345 112089609
t_num: 29 finish: 1473408347 388509011 start: 1473408344 495331819
t_num: 10 finish: 1473408347 549333789 start: 1473408345 685841643
t_num: 11 finish: 1473408347 600553575 start: 1473408345 209216653
t_num: 14 finish: 1473408347 799127745 start: 1473408345 128344678
t_num: 23 finish: 1473408348 21171537 start: 1473408344 793993127
t_num: 26 finish: 1473408348 416859903 start: 1473408344 333213191
t_num: 3 finish: 1473408348 417175564 start: 1473408346 986795972
t_num: 25 finish: 1473408348 515761678 start: 1473408346 131249335
t_num: 19 finish: 1473408348 548270463 start: 1473408345 718219668
t_num: 24 finish: 1473408348 550195435 start: 1473408346 396423813
t_num: 21 finish: 1473408348 588240112 start: 1473408346 526953702
t_num: 28 finish: 1473408348 659630148 start: 1473408347 803499916
t_num: 31 finish: 1473408348 720368927 start: 1473408346 578289327
t_num: 12 finish: 1473408348 721076686 start: 1473408347 91953869
t_num: 9 finish: 1473408349 22467147 start: 1473408347 79658614
t_num: 16 finish: 1473408349 22528406 start: 1473408345 793830910
t_num: 8 finish: 1473408349 253371259 start: 1473408346 711323335
t_num: 14 finish: 1473408349 356105520 start: 1473408347 799177714
t_num: 20 finish: 1473408349 432999032 start: 1473408346 871971321
t_num: 23 finish: 1473408349 661584063 start: 1473408348 21210187
t_num: 2 finish: 1473408350 270771708 start: 1473408347 17017751
t_num: 29 finish: 1473408350 408333710 start: 1473408348 550235193
t_num: 11 finish: 1473408351 267398534 start: 1473408349 166417461
t_num: 15 finish: 1473408351 270207665 start: 1473408349 629617485
t_num: 30 finish: 1473408351 272447599 start: 1473408348 80962043
t_num: 14 finish: 1473408351 350679816 start: 1473408349 356128894
t_num: 26 finish: 1473408351 397575421 start: 1473408348 416887783
t_num: 19 finish: 1473408351 397812386 start: 1473408348 548308412
t_num: 2 finish: 1473408351 397917452 start: 1473408350 270822924
t_num: 21 finish: 1473408351 446940562 start: 1473408349 732772423
t_num: 22 finish: 1473408351 539949965 start: 1473408348 349358753
t_num: 28 finish: 1473408351 614217724 start: 1473408348 659673221
t_num: 13 finish: 1473408351 857420423 start: 1473408349 475599757
t_num: 16 finish: 1473408351 858801045 start: 1473408349 22541914
t_num: 6 finish: 1473408351 900446688 start: 1473408349 26480445
t_num: 3 finish: 1473408351 901067221 start: 1473408351 98139872
t_num: 25 finish: 1473408351 901792280 start: 1473408349 99388871
t_num: 23 finish: 1473408352 7451956 start: 1473408349 661627681
t_num: 20 finish: 1473408352 7536157 start: 1473408349 433038482
t_num: 9 finish: 1473408352 188970736 start: 1473408349 711975151
t_num: 31 finish: 1473408352 227149267 start: 1473408349 962269807
t_num: 12 finish: 1473408352 227150479 start: 1473408349 726934163
t_num: 8 finish: 1473408352 844177731 start: 1473408350 228961294
t_num: 19 finish: 1473408353 559155415 start: 1473408351 731053387
t_num: 22 finish: 1473408353 564980456 start: 1473408351 539990052
t_num: 11 finish: 1473408353 601610630 start: 1473408351 267442903
t_num: 3 finish: 1473408353 867100766 start: 1473408351 901087331
t_num: 7 finish: 1473408353 898656677 start: 1473408352 980660301
t_num: 25 finish: 1473408354 23433437 start: 1473408351 901811882
t_num: 21 finish: 1473408354 23508150 start: 1473408351 446961728
t_num: 6 finish: 1473408354 56767282 start: 1473408351 900472513
t_num: 30 finish: 1473408354 56881230 start: 1473408352 354992764
t_num: 31 finish: 1473408354 95776130 start: 1473408352 227193428
t_num: 0 finish: 1473408354 450883709 start: 1473408351 627473200
t_num: 1 finish: 1473408354 914238698 start: 1473408352 119181461
t_num: 29 finish: 1473408354 941882279 start: 1473408351 226116377
t_num: 2 finish: 1473408355 41994119 start: 1473408353 504286893
t_num: 14 finish: 1473408355 134492763 start: 1473408352 380579538
t_num: 11 finish: 1473408355 245064387 start: 1473408353 601647897
t_num: 9 finish: 1473408355 245676479 start: 1473408353 2040204
t_num: 20 finish: 1473408355 248046994 start: 1473408352 615763047
t_num: 24 finish: 1473408355 248108737 start: 1473408352 380549579
t_num: 8 finish: 1473408355 332220546 start: 1473408353 504234487
t_num: 12 finish: 1473408355 332235656 start: 1473408352 227216662
t_num: 19 finish: 1473408355 332279566 start: 1473408354 342376065
t_num: 3 finish: 1473408355 651289639 start: 1473408354 416897661
t_num: 23 finish: 1473408356 202183387 start: 1473408354 53724543
t_num: 6 finish: 1473408356 323743339 start: 1473408354 56789056
t_num: 21 finish: 1473408356 625639282 start: 1473408354 23528451
t_num: 7 finish: 1473408356 763917632 start: 1473408354 582334245
t_num: 4 finish: 1473408356 800681819 start: 1473408354 841273874
t_num: 2 finish: 1473408356 913822640 start: 1473408355 42021685
t_num: 19 finish: 1473408356 950227079 start: 1473408355 332294316
t_num: 13 finish: 1473408357 79033407 start: 1473408353 805984451
t_num: 16 finish: 1473408357 112947212 start: 1473408354 941939731
t_num: 10 finish: 1473408357 239787970 start: 1473408355 258177080
t_num: 27 finish: 1473408357 287809288 start: 1473408353 884655997
t_num: 24 finish: 1473408357 387381874 start: 1473408356 618552814
t_num: 29 finish: 1473408357 418965277 start: 1473408354 941920756
t_num: 6 finish: 1473408357 488323381 start: 1473408356 323775459
t_num: 31 finish: 1473408357 613900103 start: 1473408355 127928436
t_num: 3 finish: 1473408357 939931708 start: 1473408355 651341480
t_num: 30 finish: 1473408357 940463820 start: 1473408356 117810498
t_num: 0 finish: 1473408357 940471608 start: 1473408355 405587895
t_num: 21 finish: 1473408357 940504572 start: 1473408356 625667415
t_num: 15 finish: 1473408358 19187413 start: 1473408356 495536208
t_num: 2 finish: 1473408358 73608548 start: 1473408356 913865096
t_num: 17 finish: 1473408358 77968091 start: 1473408355 294893710
t_num: 13 finish: 1473408358 477212433 start: 1473408357 79057625
t_num: 6 finish: 1473408359 288107292 start: 1473408357 488369201
t_num: 27 finish: 1473408359 409967076 start: 1473408357 287839106
t_num: 11 finish: 1473408359 780155269 start: 1473408356 343188225
t_num: 25 finish: 1473408359 923092342 start: 1473408358 548555165
t_num: 15 finish: 1473408359 963693846 start: 1473408358 19232109
t_num: 26 finish: 1473408360 123792653 start: 1473408357 333097951
t_num: 7 finish: 1473408360 124902633 start: 1473408356 763959321
t_num: 4 finish: 1473408360 225895538 start: 1473408357 815902634
t_num: 10 finish: 1473408360 230397970 start: 1473408357 239841851
t_num: 0 finish: 1473408360 644576161 start: 1473408357 940513512
t_num: 16 finish: 1473408360 746509022 start: 1473408358 893790995
t_num: 3 finish: 1473408360 873061640 start: 1473408357 939975027
t_num: 5 finish: 1473408360 873855752 start: 1473408357 419205275
t_num: 31 finish: 1473408360 985712269 start: 1473408357 613931153
t_num: 18 finish: 1473408361 141070752 start: 1473408358 736008928
t_num: 29 finish: 1473408361 363290781 start: 1473408359 856503634
t_num: 17 finish: 1473408361 424727890 start: 1473408358 386072023
t_num: 8 finish: 1473408361 464579815 start: 1473408358 78016417
t_num: 14 finish: 1473408361 544139493 start: 1473408359 558382630
t_num: 30 finish: 1473408361 886145565 start: 1473408359 711786294
t_num: 6 finish: 1473408362 57822908 start: 1473408359 288140644
t_num: 13 finish: 1473408362 273645343 start: 1473408358 477263554
t_num: 28 finish: 1473408362 315089114 start: 1473408359 227421103
t_num: 0 finish: 1473408362 570739187 start: 1473408360 644610370
t_num: 15 finish: 1473408362 571278075 start: 1473408360 985720183
t_num: 31 finish: 1473408362 946960006 start: 1473408360 985732116
t_num: 22 finish: 1473408363 235497970 start: 1473408359 890747230
t_num: 3 finish: 1473408363 338493047 start: 1473408360 873092211
t_num: 2 finish: 1473408363 422213073 start: 1473408359 649608172
t_num: 11 finish: 1473408363 517152079 start: 1473408360 882472845
t_num: 7 finish: 1473408363 601493178 start: 1473408360 124924038
t_num: 4 finish: 1473408363 644204567 start: 1473408361 656532796
t_num: 5 finish: 1473408363 686938324 start: 1473408362 708993368
t_num: 10 finish: 1473408363 726455597 start: 1473408360 985501583
t_num: 18 finish: 1473408364 395209505 start: 1473408362 274415167
t_num: 26 finish: 1473408364 411629649 start: 1473408361 972147773
t_num: 8 finish: 1473408364 449328051 start: 1473408362 570007299
t_num: 29 finish: 1473408364 450150049 start: 1473408361 363324428
t_num: 11 finish: 1473408364 584237341 start: 1473408363 517188228
t_num: 30 finish: 1473408364 593615695 start: 1473408361 886190430
t_num: 13 finish: 1473408365 259250109 start: 1473408362 273689821
t_num: 6 finish: 1473408365 528879306 start: 1473408363 861204560
t_num: 2 finish: 1473408365 636891832 start: 1473408363 422251368
t_num: 15 finish: 1473408365 701741392 start: 1473408362 571298879
t_num: 5 finish: 1473408365 787443411 start: 1473408363 687019455
t_num: 28 finish: 1473408366 129160211 start: 1473408364 163233294
t_num: 22 finish: 1473408366 262716862 start: 1473408363 235538990
t_num: 21 finish: 1473408366 533594845 start: 1473408364 520753974
t_num: 31 finish: 1473408366 541364666 start: 1473408364 18698796
t_num: 11 finish: 1473408366 599161615 start: 1473408365 782833419
t_num: 0 finish: 1473408366 599185127 start: 1473408364 197895529
t_num: 14 finish: 1473408366 599270415 start: 1473408363 487778813
t_num: 3 finish: 1473408366 885759910 start: 1473408364 412393693
t_num: 8 finish: 1473408367 41234421 start: 1473408364 449350053
t_num: 24 finish: 1473408367 376693935 start: 1473408365 786383050
t_num: 29 finish: 1473408367 527867010 start: 1473408364 450171101
t_num: 18 finish: 1473408367 773905159 start: 1473408365 145680923
t_num: 30 finish: 1473408367 892937202 start: 1473408365 781395714
t_num: 6 finish: 1473408368 90845329 start: 1473408366 199364104
t_num: 31 finish: 1473408368 295819705 start: 1473408366 541389251
t_num: 15 finish: 1473408368 305126603 start: 1473408365 701781848
t_num: 26 finish: 1473408368 396772173 start: 1473408365 146348302
t_num: 13 finish: 1473408368 851435093 start: 1473408367 379355582
t_num: 5 finish: 1473408368 851435089 start: 1473408365 787470630
t_num: 11 finish: 1473408369 90876858 start: 1473408366 599225227
t_num: 23 finish: 1473408369 91725199 start: 1473408366 556335665
t_num: 22 finish: 1473408369 489859995 start: 1473408367 286365011
t_num: 28 finish: 1473408369 489864619 start: 1473408366 129206540
t_num: 7 finish: 1473408369 489909851 start: 1473408366 84770212
t_num: 1 finish: 1473408369 721691708 start: 1473408367 162093959
t_num: 16 finish: 1473408369 721738011 start: 1473408367 213617678
t_num: 14 finish: 1473408370 114793172 start: 1473408366 599307321
t_num: 8 finish: 1473408370 249445518 start: 1473408367 41265724
t_num: 13 finish: 1473408370 251461850 start: 1473408368 851480262
t_num: 3 finish: 1473408370 456586258 start: 1473408369 223499588
t_num: 21 finish: 1473408370 456657797 start: 1473408367 486151987
t_num: 27 finish: 1473408370 457152887 start: 1473408368 619015319
t_num: 6 finish: 1473408370 542166980 start: 1473408368 90901375
t_num: 2 finish: 1473408370 884867427 start: 1473408368 301301320
t_num: 12 finish: 1473408370 907699004 start: 1473408368 11183505
t_num: 0 finish: 1473408370 925096348 start: 1473408368 451613171
t_num: 15 finish: 1473408370 971495716 start: 1473408369 467403050
t_num: 11 finish: 1473408371 90541238 start: 1473408369 90920343
t_num: 25 finish: 1473408371 945592701 start: 1473408369 972977557
t_num: 14 finish: 1473408371 945661259 start: 1473408370 541013599
t_num: 7 finish: 1473408371 946376448 start: 1473408370 381569030
t_num: 26 finish: 1473408372 214471105 start: 1473408368 396816603
t_num: 0 finish: 1473408372 405348681 start: 1473408370 925122060
t_num: 6 finish: 1473408372 406075319 start: 1473408370 542193586
t_num: 31 finish: 1473408372 465881589 start: 1473408369 647093641
t_num: 22 finish: 1473408372 486468883 start: 1473408370 114019747
t_num: 13 finish: 1473408372 566551722 start: 1473408370 251483492
t_num: 19 finish: 1473408372 982284767 start: 1473408371 440879276
t_num: 24 finish: 1473408373 22537829 start: 1473408370 303961559
t_num: 3 finish: 1473408373 181154621 start: 1473408370 456615926
t_num: 10 finish: 1473408373 182415695 start: 1473408370 733526249
t_num: 21 finish: 1473408373 197722763 start: 1473408370 456675282
t_num: 4 finish: 1473408373 329483485 start: 1473408370 925440941
t_num: 12 finish: 1473408373 419602537 start: 1473408371 492135952
t_num: 28 finish: 1473408373 460264650 start: 1473408371 267271010
t_num: 30 finish: 1473408373 560416752 start: 1473408372 397308755
t_num: 2 finish: 1473408373 561880220 start: 1473408372 523969583
t_num: 16 finish: 1473408373 586452744 start: 1473408370 925204605
t_num: 27 finish: 1473408373 726528435 start: 1473408370 925243625
t_num: 11 finish: 1473408373 809543548 start: 1473408371 608414124
t_num: 8 finish: 1473408373 855949302 start: 1473408370 249486077
t_num: 22 finish: 1473408374 257184551 start: 1473408372 858115728
t_num: 25 finish: 1473408374 258570935 start: 1473408372 523750807
t_num: 7 finish: 1473408374 351751733 start: 1473408371 946397251
t_num: 15 finish: 1473408374 353449933 start: 1473408372 544726070
t_num: 24 finish: 1473408374 397434959 start: 1473408373 22574437
t_num: 29 finish: 1473408374 739306050 start: 1473408373 329466453
t_num: 21 finish: 1473408374 807600576 start: 1473408373 668001132
t_num: 2 finish: 1473408374 808704949 start: 1473408373 561902624
t_num: 31 finish: 1473408374 918523338 start: 1473408372 465915347
t_num: 4 finish: 1473408375 49266231 start: 1473408373 329511320
t_num: 6 finish: 1473408375 407423022 start: 1473408372 406095947
t_num: 19 finish: 1473408375 407425656 start: 1473408372 982304894
t_num: 3 finish: 1473408375 519495764 start: 1473408374 77940799
t_num: 25 finish: 1473408375 519579884 start: 1473408374 258588593
t_num: 10 finish: 1473408375 519646649 start: 1473408374 258004002
t_num: 8 finish: 1473408375 888797087 start: 1473408373 855983043
t_num: 2 finish: 1473408375 889639511 start: 1473408374 808726324
t_num: 24 finish: 1473408375 889680914 start: 1473408374 397457132
t_num: 15 finish: 1473408376 340625412 start: 1473408374 353470929
t_num: 20 finish: 1473408376 341408066 start: 1473408375 189983362
t_num: 28 finish: 1473408376 342272757 start: 1473408374 903204732
t_num: 16 finish: 1473408376 345034880 start: 1473408375 172483929
t_num: 11 finish: 1473408376 797950754 start: 1473408374 870655483
t_num: 22 finish: 1473408376 858452148 start: 1473408374 257228869
t_num: 24 finish: 1473408376 939775820 start: 1473408375 889696526
t_num: 26 finish: 1473408377 945211726 start: 1473408375 38877860
t_num: 3 finish: 1473408377 945230480 start: 1473408375 650753627
t_num: 14 finish: 1473408378 455727593 start: 1473408375 454268557
t_num: 8 finish: 1473408378 652381897 start: 1473408375 888832212
t_num: 18 finish: 1473408378 653389252 start: 1473408376 635208039
t_num: 24 finish: 1473408378 875901725 start: 1473408377 541754882
t_num: 9 finish: 1473408378 895820067 start: 1473408377 108469610
t_num: 16 finish: 1473408379 279502982 start: 1473408376 345050750
t_num: 4 finish: 1473408379 289288633 start: 1473408375 49295832
t_num: 29 finish: 1473408379 326561393 start: 1473408375 454284856
t_num: 22 finish: 1473408379 326580384 start: 1473408376 858492438
t_num: 2 finish: 1473408379 326736087 start: 1473408375 889661285
t_num: 25 finish: 1473408379 526561117 start: 1473408375 519601212
t_num: 1 finish: 1473408379 526735488 start: 1473408375 520878919
t_num: 30 finish: 1473408379 686430458 start: 1473408375 971711368
t_num: 10 finish: 1473408379 799249695 start: 1473408378 650241064
t_num: 21 finish: 1473408379 879363329 start: 1473408377 814922558
t_num: 5 finish: 1473408379 941899379 start: 1473408377 254405005
t_num: 16 finish: 1473408380 594291370 start: 1473408379 279532770
t_num: 15 finish: 1473408380 929315852 start: 1473408378 583283233
t_num: 17 finish: 1473408381 172287683 start: 1473408378 254577534
t_num: 4 finish: 1473408381 174964452 start: 1473408379 289308677
t_num: 8 finish: 1473408381 227231876 start: 1473408378 652410416
t_num: 3 finish: 1473408381 228165079 start: 1473408377 945246928
t_num: 6 finish: 1473408381 360488869 start: 1473408378 390790156
t_num: 26 finish: 1473408381 593458201 start: 1473408379 325927197
t_num: 25 finish: 1473408381 665530358 start: 1473408380 319723180
t_num: 14 finish: 1473408381 894051769 start: 1473408379 801867786
t_num: 22 finish: 1473408382 42572022 start: 1473408379 326612028
t_num: 27 finish: 1473408382 353304546 start: 1473408379 793318861
t_num: 10 finish: 1473408382 671247089 start: 1473408380 619310868
t_num: 23 finish: 1473408382 672316794 start: 1473408380 604995324
t_num: 21 finish: 1473408382 676557225 start: 1473408380 598281886
t_num: 30 finish: 1473408382 714963225 start: 1473408379 686465397
t_num: 7 finish: 1473408382 776849813 start: 1473408379 515409200
t_num: 5 finish: 1473408382 799998058 start: 1473408380 598326441
t_num: 12 finish: 1473408382 800227647 start: 1473408381 550547820
t_num: 3 finish: 1473408382 952292860 start: 1473408381 228182298
t_num: 16 finish: 1473408383 60705988 start: 1473408381 571498581
t_num: 20 finish: 1473408383 366600666 start: 1473408380 164981764
t_num: 17 finish: 1473408383 366699414 start: 1473408381 172313902
t_num: 0 finish: 1473408383 528242523 start: 1473408379 773167386
t_num: 10 finish: 1473408383 528906828 start: 1473408382 671275540
t_num: 13 finish: 1473408383 560699137 start: 1473408381 395440616
t_num: 11 finish: 1473408384 367274478 start: 1473408382 648912918
t_num: 14 finish: 1473408384 403316916 start: 1473408381 894081280
t_num: 25 finish: 1473408384 409424314 start: 1473408382 644972699
t_num: 28 finish: 1473408384 410112616 start: 1473408381 549988206
t_num: 9 finish: 1473408384 410179535 start: 1473408381 177595851
t_num: 5 finish: 1473408384 410353468 start: 1473408382 800024221
t_num: 8 finish: 1473408384 566237184 start: 1473408381 227257393
t_num: 2 finish: 1473408384 805479575 start: 1473408380 649965320
t_num: 20 finish: 1473408385 198572321 start: 1473408383 366627495
t_num: 23 finish: 1473408385 279826874 start: 1473408383 366560426
t_num: 13 finish: 1473408385 606314357 start: 1473408383 560715535
t_num: 26 finish: 1473408385 606347014 start: 1473408382 103108113
t_num: 3 finish: 1473408385 606316651 start: 1473408382 952325047
t_num: 28 finish: 1473408385 607849449 start: 1473408384 410132566
t_num: 6 finish: 1473408385 607893557 start: 1473408382 940713028
t_num: 4 finish: 1473408385 662638673 start: 1473408384 318072123
t_num: 14 finish: 1473408385 886003192 start: 1473408384 403340616
t_num: 0 finish: 1473408386 26982878 start: 1473408384 573484254
t_num: 21 finish: 1473408386 27024870 start: 1473408383 529701131
t_num: 22 finish: 1473408386 27046802 start: 1473408383 737336640
t_num: 15 finish: 1473408386 47003905 start: 1473408384 458806772
t_num: 19 finish: 1473408386 102261515 start: 1473408384 381632667
t_num: 25 finish: 1473408386 497268655 start: 1473408385 102594663
t_num: 16 finish: 1473408387 294738554 start: 1473408383 558492701
t_num: 28 finish: 1473408387 310615179 start: 1473408385 607870108
t_num: 12 finish: 1473408387 633713857 start: 1473408383 208072057
t_num: 5 finish: 1473408387 994990161 start: 1473408384 755575832
t_num: 2 finish: 1473408388 64883043 start: 1473408384 805525275
t_num: 11 finish: 1473408388 158527307 start: 1473408385 719518118
t_num: 26 finish: 1473408388 159280008 start: 1473408386 821270977
t_num: 6 finish: 1473408388 159473568 start: 1473408386 789424582
t_num: 23 finish: 1473408388 263563875 start: 1473408385 279868916
t_num: 13 finish: 1473408388 264411392 start: 1473408386 102921394
t_num: 14 finish: 1473408388 334061015 start: 1473408386 821066062
t_num: 19 finish: 1473408388 519830612 start: 1473408387 171121934
t_num: 0 finish: 1473408388 616434499 start: 1473408386 27027117
t_num: 4 finish: 1473408388 630857375 start: 1473408387 95753998
t_num: 24 finish: 1473408388 644114836 start: 1473408387 171140641
t_num: 20 finish: 1473408388 809626048 start: 1473408386 27485559
t_num: 15 finish: 1473408388 979639894 start: 1473408386 47027146
t_num: 9 finish: 1473408389 142862514 start: 1473408385 662649334
t_num: 1 finish: 1473408389 287683092 start: 1473408387 733967357
t_num: 5 finish: 1473408390 249590200 start: 1473408388 183661785
t_num: 28 finish: 1473408390 270853478 start: 1473408387 310654094
t_num: 23 finish: 1473408390 333994993 start: 1473408388 263603135
t_num: 19 finish: 1473408390 578529646 start: 1473408388 519871437
t_num: 22 finish: 1473408390 579839482 start: 1473408388 728723051
t_num: 25 finish: 1473408390 696964154 start: 1473408387 219734221
t_num: 4 finish: 1473408390 836232610 start: 1473408389 358514630
t_num: 17 finish: 1473408390 838111420 start: 1473408389 480807342
t_num: 15 finish: 1473408390 913602347 start: 1473408388 979690863
t_num: 18 finish: 1473408390 913787506 start: 1473408387 949474699
t_num: 14 finish: 1473408390 914309427 start: 1473408389 481397258
t_num: 6 finish: 1473408391 660201424 start: 1473408388 159493065
t_num: 24 finish: 1473408391 660366662 start: 1473408389 147330398
t_num: 13 finish: 1473408391 661104215 start: 1473408388 264434420
t_num: 11 finish: 1473408391 726662225 start: 1473408388 158572109
t_num: 12 finish: 1473408391 958497094 start: 1473408389 147585239
t_num: 30 finish: 1473408392 249777095 start: 1473408389 141530254
t_num: 0 finish: 1473408392 446463663 start: 1473408388 616477200
t_num: 26 finish: 1473408392 688474610 start: 1473408389 663096422
t_num: 27 finish: 1473408392 971567392 start: 1473408389 645105688
t_num: 10 finish: 1473408393 30692718 start: 1473408389 763291437
t_num: 9 finish: 1473408393 31678636 start: 1473408389 142891080
t_num: 7 finish: 1473408393 84812601 start: 1473408389 744980467
t_num: 29 finish: 1473408393 540659121 start: 1473408390 333447487
t_num: 6 finish: 1473408393 647474467 start: 1473408391 660318733
t_num: 17 finish: 1473408393 807156189 start: 1473408390 838132608
t_num: 5 finish: 1473408393 915767621 start: 1473408391 713283866
t_num: 1 finish: 1473408393 957840342 start: 1473408390 751598680
t_num: 4 finish: 1473408393 960561366 start: 1473408392 168712493
t_num: 30 finish: 1473408393 960696572 start: 1473408392 249799079
t_num: 23 finish: 1473408394 303800869 start: 1473408390 956961744
t_num: 15 finish: 1473408394 402663226 start: 1473408391 719967458
t_num: 19 finish: 1473408394 403404571 start: 1473408391 384090795
t_num: 22 finish: 1473408394 935638249 start: 1473408392 937679075
t_num: 0 finish: 1473408395 17214275 start: 1473408393 578852251
t_num: 31 finish: 1473408395 328520569 start: 1473408393 905555802
t_num: 9 finish: 1473408395 456302125 start: 1473408393 979924038
t_num: 6 finish: 1473408395 514485645 start: 1473408393 647520036
t_num: 12 finish: 1473408395 579341176 start: 1473408391 958542660
t_num: 11 finish: 1473408395 579344963 start: 1473408392 204051976
t_num: 26 finish: 1473408395 744284720 start: 1473408392 932732853
t_num: 7 finish: 1473408395 781498220 start: 1473408393 84838093
t_num: 19 finish: 1473408395 942044322 start: 1473408394 403419933
t_num: 17 finish: 1473408396 655490260 start: 1473408394 800407864
t_num: 27 finish: 1473408396 742228338 start: 1473408393 806947053
t_num: 22 finish: 1473408396 787815396 start: 1473408394 935675965
t_num: 24 finish: 1473408396 819331474 start: 1473408393 31736589
t_num: 30 finish: 1473408396 819364634 start: 1473408393 960715729
t_num: 23 finish: 1473408396 836427040 start: 1473408394 303840696
t_num: 25 finish: 1473408397 201279620 start: 1473408394 828833441
t_num: 6 finish: 1473408397 429886547 start: 1473408395 514537131
t_num: 12 finish: 1473408397 430235909 start: 1473408395 579381959
t_num: 11 finish: 1473408397 430647226 start: 1473408395 579400233
t_num: 3 finish: 1473408397 430649040 start: 1473408394 176306566
t_num: 5 finish: 1473408397 430766116 start: 1473408394 844393329
t_num: 31 finish: 1473408397 431383981 start: 1473408395 328562415
t_num: 20 finish: 1473408397 484571206 start: 1473408395 754964818
t_num: 8 finish: 1473408397 513182190 start: 1473408394 843368387
t_num: 26 finish: 1473408397 513182216 start: 1473408396 836435690
t_num: 9 finish: 1473408397 594097042 start: 1473408396 819421841
t_num: 16 finish: 1473408397 594150822 start: 1473408395 760274742
t_num: 25 finish: 1473408398 279129796 start: 1473408397 201320989
t_num: 6 finish: 1473408398 549527858 start: 1473408397 429922792
t_num: 15 finish: 1473408399 650115611 start: 1473408395 763715468
t_num: 22 finish: 1473408399 652023120 start: 1473408396 787841855
t_num: 3 finish: 1473408399 744649064 start: 1473408397 430723882
t_num: 7 finish: 1473408399 825506369 start: 1473408395 781528583
t_num: 31 finish: 1473408399 921283942 start: 1473408398 73785753
t_num: 19 finish: 1473408400 135059073 start: 1473408397 626143092
t_num: 23 finish: 1473408400 147303897 start: 1473408397 385290982
t_num: 26 finish: 1473408400 147314153 start: 1473408397 513257676
t_num: 18 finish: 1473408400 147374699 start: 1473408398 147980384
t_num: 2 finish: 1473408400 148170480 start: 1473408397 691544173
t_num: 16 finish: 1473408400 148236122 start: 1473408397 594169912
t_num: 9 finish: 1473408400 193032461 start: 1473408397 594133228
t_num: 10 finish: 1473408400 533882174 start: 1473408398 313817235
t_num: 0 finish: 1473408400 691325040 start: 1473408400 67906806
t_num: 7 finish: 1473408400 776710826 start: 1473408399 825570127
t_num: 28 finish: 1473408400 844136506 start: 1473408398 757353096
t_num: 8 finish: 1473408401 293596270 start: 1473408397 513206647
t_num: 5 finish: 1473408401 508708480 start: 1473408399 693616699
t_num: 15 finish: 1473408401 840399678 start: 1473408399 650158667
t_num: 20 finish: 1473408401 869272456 start: 1473408398 438824365
t_num: 7 finish: 1473408401 944443587 start: 1473408400 776750141
t_num: 12 finish: 1473408402 193483159 start: 1473408399 693577344
t_num: 26 finish: 1473408402 400752605 start: 1473408400 147367061
t_num: 31 finish: 1473408402 401835849 start: 1473408399 921318507
t_num: 29 finish: 1473408402 483340612 start: 1473408400 776722380
t_num: 14 finish: 1473408402 582340084 start: 1473408401 25218391
t_num: 28 finish: 1473408402 582351234 start: 1473408400 844193393
t_num: 16 finish: 1473408402 796700327 start: 1473408400 148253475
t_num: 27 finish: 1473408402 863838046 start: 1473408400 777168519
t_num: 1 finish: 1473408403 4482245 start: 1473408400 743371160
t_num: 9 finish: 1473408403 426315906 start: 1473408400 193056662
t_num: 2 finish: 1473408403 556991422 start: 1473408401 326778562
t_num: 6 finish: 1473408403 599444781 start: 1473408401 268388689
t_num: 12 finish: 1473408403 628122130 start: 1473408402 193519115
t_num: 15 finish: 1473408403 628432565 start: 1473408401 840443524
t_num: 0 finish: 1473408403 678627290 start: 1473408401 889072201
t_num: 7 finish: 1473408403 715582610 start: 1473408401 944468527
t_num: 4 finish: 1473408403 790064159 start: 1473408401 931872109
t_num: 17 finish: 1473408403 790133726 start: 1473408402 784547590
t_num: 25 finish: 1473408403 790255534 start: 1473408402 524710900
t_num: 14 finish: 1473408403 791397367 start: 1473408402 582387269
t_num: 26 finish: 1473408403 831556759 start: 1473408402 400788060
t_num: 19 finish: 1473408404 161917251 start: 1473408401 641318592
t_num: 18 finish: 1473408404 206729811 start: 1473408402 204242862
t_num: 28 finish: 1473408404 443126516 start: 1473408402 582405670
t_num: 6 finish: 1473408404 899451906 start: 1473408403 599487785
t_num: 20 finish: 1473408404 925029841 start: 1473408402 456937490
t_num: 5 finish: 1473408404 953905532 start: 1473408402 645001997
t_num: 23 finish: 1473408405 137124637 start: 1473408402 913335610
t_num: 31 finish: 1473408405 202292323 start: 1473408402 856806151
t_num: 27 finish: 1473408405 593044160 start: 1473408402 863866259
t_num: 15 finish: 1473408406 48478053 start: 1473408403 628484293
t_num: 19 finish: 1473408406 421721933 start: 1473408404 161959236
t_num: 23 finish: 1473408406 451026705 start: 1473408405 137160340
t_num: 17 finish: 1473408406 464521728 start: 1473408404 954604579
t_num: 21 finish: 1473408406 504639752 start: 1473408404 546788053
t_num: 20 finish: 1473408406 701284636 start: 1473408404 925121598
t_num: 2 finish: 1473408406 701301747 start: 1473408403 557022356
t_num: 30 finish: 1473408406 995882368 start: 1473408404 464886901
t_num: 29 finish: 1473408406 996773224 start: 1473408404 121204312
t_num: 6 finish: 1473408407 32982195 start: 1473408404 899499073
t_num: 12 finish: 1473408407 505530082 start: 1473408405 753112828
t_num: 18 finish: 1473408407 543189861 start: 1473408404 206760214
t_num: 9 finish: 1473408407 664016465 start: 1473408406 444742777
t_num: 0 finish: 1473408407 717125708 start: 1473408404 925067160
t_num: 2 finish: 1473408407 736079684 start: 1473408406 701399693
t_num: 21 finish: 1473408407 833274749 start: 1473408407 91963223
t_num: 15 finish: 1473408407 861860747 start: 1473408406 48513298
t_num: 19 finish: 1473408408 85081982 start: 1473408406 421749781
t_num: 25 finish: 1473408408 268502971 start: 1473408404 327053013
t_num: 20 finish: 1473408408 422653801 start: 1473408406 701339865
t_num: 22 finish: 1473408408 486758327 start: 1473408406 351699792
t_num: 4 finish: 1473408408 486763559 start: 1473408406 964081912
t_num: 7 finish: 1473408408 486826826 start: 1473408405 326603238
t_num: 31 finish: 1473408408 708600657 start: 1473408405 868642090
t_num: 3 finish: 1473408408 786679376 start: 1473408406 421782205
t_num: 1 finish: 1473408408 857819928 start: 1473408406 691540597
t_num: 5 finish: 1473408408 857825609 start: 1473408405 538954561
t_num: 6 finish: 1473408408 971356016 start: 1473408407 393729500
t_num: 18 finish: 1473408409 288118443 start: 1473408407 543221045
t_num: 12 finish: 1473408409 302714357 start: 1473408407 505563841
t_num: 16 finish: 1473408409 315165826 start: 1473408407 991097117
t_num: 30 finish: 1473408409 367065062 start: 1473408407 288667501
t_num: 7 finish: 1473408409 369657297 start: 1473408408 486843184
t_num: 28 finish: 1473408409 514280728 start: 1473408406 817552666
t_num: 2 finish: 1473408409 581332297 start: 1473408407 736119490
t_num: 4 finish: 1473408409 613562844 start: 1473408408 653492729
t_num: 29 finish: 1473408409 613618679 start: 1473408407 596878073
t_num: 11 finish: 1473408409 645625839 start: 1473408407 15229053
t_num: 1 finish: 1473408409 848740336 start: 1473408408 857862372
t_num: 9 finish: 1473408409 871990218 start: 1473408407 664063177
t_num: 31 finish: 1473408410 457945273 start: 1473408408 708623904
t_num: 15 finish: 1473408411 486473905 start: 1473408409 7527823
t_num: 9 finish: 1473408411 642021444 start: 1473408409 872009272
t_num: 12 finish: 1473408411 642068422 start: 1473408409 302737314
t_num: 0 finish: 1473408411 672033140 start: 1473408409 904811329
t_num: 18 finish: 1473408411 716651356 start: 1473408409 288168720
t_num: 24 finish: 1473408411 737699781 start: 1473408410 191764884
t_num: 7 finish: 1473408411 738570225 start: 1473408409 369679469
t_num: 4 finish: 1473408411 739043874 start: 1473408409 613596329
t_num: 17 finish: 1473408411 823110606 start: 1473408408 351328844
t_num: 23 finish: 1473408411 855134185 start: 1473408409 452879584
t_num: 21 finish: 1473408412 129320714 start: 1473408409 581356376
t_num: 28 finish: 1473408412 211701355 start: 1473408410 808157916
t_num: 6 finish: 1473408412 336507049 start: 1473408409 581411285
t_num: 3 finish: 1473408412 367340060 start: 1473408409 513231840
t_num: 11 finish: 1473408412 367578656 start: 1473408409 645650784
t_num: 14 finish: 1473408412 435540956 start: 1473408410 202321797
t_num: 2 finish: 1473408412 495615861 start: 1473408409 904980107
t_num: 20 finish: 1473408412 927287452 start: 1473408409 942582821
t_num: 1 finish: 1473408413 779477118 start: 1473408409 848837688
t_num: 25 finish: 1473408413 782772323 start: 1473408409 872228643
t_num: 24 finish: 1473408413 785934317 start: 1473408411 962209680
t_num: 31 finish: 1473408413 785997120 start: 1473408410 457972802
t_num: 15 finish: 1473408413 883260917 start: 1473408411 486516792
t_num: 9 finish: 1473408413 883543680 start: 1473408411 642058653
t_num: 7 finish: 1473408414 146291000 start: 1473408411 738589291
t_num: 18 finish: 1473408414 175087047 start: 1473408411 716676623
t_num: 0 finish: 1473408414 340416425 start: 1473408411 672056212
t_num: 11 finish: 1473408414 386829089 start: 1473408412 367598575
t_num: 21 finish: 1473408414 511223764 start: 1473408412 428228382
t_num: 26 finish: 1473408415 189787131 start: 1473408412 394485202
t_num: 4 finish: 1473408415 200786611 start: 1473408412 393983338
t_num: 5 finish: 1473408415 378476044 start: 1473408412 64406826
t_num: 27 finish: 1473408415 379695571 start: 1473408412 224126494
t_num: 28 finish: 1473408415 657141720 start: 1473408412 211734757
t_num: 25 finish: 1473408415 828455899 start: 1473408413 782824108
t_num: 20 finish: 1473408416 572369484 start: 1473408414 186965508
t_num: 17 finish: 1473408416 575745788 start: 1473408413 785133571
t_num: 16 finish: 1473408416 584037293 start: 1473408412 710259373
t_num: 0 finish: 1473408416 590381991 start: 1473408414 340476681
t_num: 19 finish: 1473408417 106641905 start: 1473408413 557191067
t_num: 18 finish: 1473408417 106758965 start: 1473408415 26319148
t_num: 7 finish: 1473408417 106911854 start: 1473408414 146334169
t_num: 15 finish: 1473408417 107239794 start: 1473408413 883298968
t_num: 9 finish: 1473408417 972883423 start: 1473408414 437985180
t_num: 2 finish: 1473408417 981878691 start: 1473408414 536765854
t_num: 25 finish: 1473408417 982950761 start: 1473408415 828489239
t_num: 31 finish: 1473408417 982995045 start: 1473408415 101363417
t_num: 10 finish: 1473408417 994914433 start: 1473408415 740199698
t_num: 4 finish: 1473408418 138884780 start: 1473408415 200826231
t_num: 23 finish: 1473408418 181649541 start: 1473408413 826970245
t_num: 13 finish: 1473408418 217984380 start: 1473408415 985620551
t_num: 16 finish: 1473408418 245550301 start: 1473408416 584058542
t_num: 5 finish: 1473408418 268953488 start: 1473408416 546745309
t_num: 6 finish: 1473408418 269832773 start: 1473408414 437727813
t_num: 21 finish: 1473408418 442298263 start: 1473408414 511269306
t_num: 26 finish: 1473408418 442301572 start: 1473408417 949111605
t_num: 22 finish: 1473408418 488641779 start: 1473408416 849663380
t_num: 11 finish: 1473408418 672188553 start: 1473408417 106678769
t_num: 17 finish: 1473408418 706149552 start: 1473408417 107447999
t_num: 15 finish: 1473408418 837782397 start: 1473408417 993133024
t_num: 19 finish: 1473408418 838533297 start: 1473408417 106686259
t_num: 18 finish: 1473408418 867916950 start: 1473408417 963934093
t_num: 27 finish: 1473408418 984054305 start: 1473408415 791201344
t_num: 30 finish: 1473408418 984357252 start: 1473408417 547693624
t_num: 12 finish: 1473408419 46967255 start: 1473408418 363520027
t_num: 2 finish: 1473408419 48188888 start: 1473408417 981900764
t_num: 21 finish: 1473408419 198236371 start: 1473408418 442337774
t_num: 20 finish: 1473408419 199479897 start: 1473408416 572408556
t_num: 3 finish: 1473408419 229864004 start: 1473408417 949078607
t_num: 23 finish: 1473408419 800926353 start: 1473408418 181671963
t_num: 22 finish: 1473408420 184810872 start: 1473408418 488666807
t_num: 29 finish: 1473408420 184814853 start: 1473408418 584206322
t_num: 9 finish: 1473408420 386357108 start: 1473408417 972912784
t_num: 13 finish: 1473408420 387076390 start: 1473408418 218026358
t_num: 17 finish: 1473408420 387305056 start: 1473408418 706175334
t_num: 6 finish: 1473408420 387533038 start: 1473408418 605669971
t_num: 7 finish: 1473408420 387755517 start: 1473408418 412696849
t_num: 14 finish: 1473408420 507830918 start: 1473408418 964048253
t_num: 18 finish: 1473408420 938084363 start: 1473408418 867940003
t_num: 11 finish: 1473408420 938648951 start: 1473408418 672217389
t_num: 21 finish: 1473408422 15244410 start: 1473408419 198273702
t_num: 3 finish: 1473408422 48001752 start: 1473408419 229887173
t_num: 13 finish: 1473408422 74620397 start: 1473408420 387096289
t_num: 22 finish: 1473408422 79498277 start: 1473408420 184861778
t_num: 20 finish: 1473408422 349911778 start: 1473408419 199512342
t_num: 6 finish: 1473408422 414573939 start: 1473408420 387550724
t_num: 17 finish: 1473408422 445910108 start: 1473408420 387324976
t_num: 15 finish: 1473408422 536373150 start: 1473408418 984367967
t_num: 23 finish: 1473408422 580339928 start: 1473408420 655436658
t_num: 27 finish: 1473408422 740362174 start: 1473408420 386321308
t_num: 16 finish: 1473408422 805815829 start: 1473408420 678726280
t_num: 9 finish: 1473408422 808267782 start: 1473408420 386403462
t_num: 14 finish: 1473408423 182139898 start: 1473408420 507853730
t_num: 0 finish: 1473408423 527571586 start: 1473408421 823029839
t_num: 24 finish: 1473408423 527659438 start: 1473408421 815725747
t_num: 2 finish: 1473408423 529058437 start: 1473408420 678639671
t_num: 7 finish: 1473408423 586189175 start: 1473408420 387775710
t_num: 20 finish: 1473408423 696151075 start: 1473408422 349935299
t_num: 31 finish: 1473408423 761948501 start: 1473408421 834462512
t_num: 4 finish: 1473408423 895367921 start: 1473408422 177022535
t_num: 14 finish: 1473408424 318391025 start: 1473408423 182164849
t_num: 22 finish: 1473408424 492233679 start: 1473408422 79535707
t_num: 17 finish: 1473408424 564133588 start: 1473408422 445943145
t_num: 29 finish: 1473408424 632068852 start: 1473408421 743690272
t_num: 6 finish: 1473408424 777254377 start: 1473408423 368395244
t_num: 3 finish: 1473408424 778730371 start: 1473408422 48032062
t_num: 1 finish: 1473408424 821361592 start: 1473408422 151164064
t_num: 30 finish: 1473408424 872689764 start: 1473408422 312159482
t_num: 25 finish: 1473408424 873499118 start: 1473408422 252511699
t_num: 28 finish: 1473408424 873972176 start: 1473408423 244619358
t_num: 7 finish: 1473408425 322642072 start: 1473408423 586214805
t_num: 9 finish: 1473408426 116459101 start: 1473408422 808304037
t_num: 14 finish: 1473408426 171728855 start: 1473408424 318435303
t_num: 11 finish: 1473408426 262007930 start: 1473408423 168892383
t_num: 20 finish: 1473408426 488308680 start: 1473408423 696185922
t_num: 1 finish: 1473408426 623413424 start: 1473408424 821415787
t_num: 24 finish: 1473408426 643578768 start: 1473408424 406124529
t_num: 0 finish: 1473408426 646939842 start: 1473408424 168146967
t_num: 13 finish: 1473408426 652568911 start: 1473408423 244662932
t_num: 10 finish: 1473408426 652569936 start: 1473408425 319475965
t_num: 2 finish: 1473408426 794989355 start: 1473408425 319337369
t_num: 31 finish: 1473408427 119962435 start: 1473408425 587418675
t_num: 23 finish: 1473408427 120829741 start: 1473408423 895180564
t_num: 29 finish: 1473408427 387471862 start: 1473408424 632107276
t_num: 21 finish: 1473408427 394634240 start: 1473408424 466822937
t_num: 3 finish: 1473408427 396024746 start: 1473408425 787718119
t_num: 31 finish: 1473408427 871277382 start: 1473408427 120004987
t_num: 26 finish: 1473408428 39137450 start: 1473408426 308381505
t_num: 19 finish: 1473408428 289102646 start: 1473408425 995566808
t_num: 11 finish: 1473408428 500438150 start: 1473408426 262043214
t_num: 16 finish: 1473408428 723848126 start: 1473408425 318613197
t_num: 14 finish: 1473408428 774303412 start: 1473408426 652652495
t_num: 7 finish: 1473408428 872653946 start: 1473408426 172231737
t_num: 6 finish: 1473408428 872703361 start: 1473408425 587692072
t_num: 8 finish: 1473408429 120496934 start: 1473408425 994273583
t_num: 20 finish: 1473408429 431863001 start: 1473408426 488339485
t_num: 17 finish: 1473408429 432820213 start: 1473408426 308400556
t_num: 31 finish: 1473408430 93392939 start: 1473408427 871312750
t_num: 24 finish: 1473408430 94071935 start: 1473408428 17150400
t_num: 13 finish: 1473408430 106187670 start: 1473408426 652615809
t_num: 18 finish: 1473408430 124406380 start: 1473408427 512954298
t_num: 10 finish: 1473408430 142145116 start: 1473408426 652714980
t_num: 26 finish: 1473408430 146330636 start: 1473408428 181537990
t_num: 4 finish: 1473408430 554809868 start: 1473408428 117262019
t_num: 1 finish: 1473408430 714330861 start: 1473408428 330046292
t_num: 8 finish: 1473408430 940455537 start: 1473408429 120541077
t_num: 23 finish: 1473408430 956087853 start: 1473408427 784114359
t_num: 16 finish: 1473408431 725703375 start: 1473408429 920535430
t_num: 17 finish: 1473408431 933183258 start: 1473408429 432841353
t_num: 3 finish: 1473408431 933783696 start: 1473408429 324316811
t_num: 26 finish: 1473408432 373344273 start: 1473408430 146351486
t_num: 1 finish: 1473408432 439369198 start: 1473408430 868682669
t_num: 24 finish: 1473408432 440006546 start: 1473408430 94092262
t_num: 12 finish: 1473408432 501862284 start: 1473408427 512925589
t_num: 16 finish: 1473408432 508027097 start: 1473408431 725727441
t_num: 7 finish: 1473408432 573174160 start: 1473408431 13117470
t_num: 0 finish: 1473408432 616460534 start: 1473408430 93022771
t_num: 5 finish: 1473408432 718992748 start: 1473408428 774343255
t_num: 4 finish: 1473408432 723347567 start: 1473408431 325190617
t_num: 13 finish: 1473408432 808233839 start: 1473408430 672692069
t_num: 29 finish: 1473408432 896876299 start: 1473408431 225473678
t_num: 22 finish: 1473408433 14131496 start: 1473408430 177670236
t_num: 19 finish: 1473408433 15121680 start: 1473408428 810927582
t_num: 6 finish: 1473408433 217234661 start: 1473408430 255773139
t_num: 11 finish: 1473408433 639870311 start: 1473408431 13128945
t_num: 18 finish: 1473408433 786095497 start: 1473408430 673448548
t_num: 10 finish: 1473408434 185963213 start: 1473408430 142166816
t_num: 20 finish: 1473408434 187135255 start: 1473408431 74614473
t_num: 12 finish: 1473408434 187216744 start: 1473408432 501883322
t_num: 30 finish: 1473408434 196951525 start: 1473408432 588826896
t_num: 17 finish: 1473408434 204594942 start: 1473408431 933223207
t_num: 7 finish: 1473408434 276892605 start: 1473408432 573209629
t_num: 1 finish: 1473408434 539273948 start: 1473408433 15935271
t_num: 8 finish: 1473408434 615043939 start: 1473408430 940490813
t_num: 26 finish: 1473408434 648783088 start: 1473408432 373379581
t_num: 6 finish: 1473408434 648787334 start: 1473408433 217254254
t_num: 22 finish: 1473408434 936768230 start: 1473408433 14176709
t_num: 10 finish: 1473408435 66816654 start: 1473408434 186006732
t_num: 11 finish: 1473408435 95091246 start: 1473408434 189301101
t_num: 23 finish: 1473408435 253929833 start: 1473408431 723635523
t_num: 4 finish: 1473408435 417088317 start: 1473408433 358069763
t_num: 24 finish: 1473408435 472003620 start: 1473408432 440036243
t_num: 13 finish: 1473408435 581175191 start: 1473408432 808264407
t_num: 31 finish: 1473408435 619044415 start: 1473408432 722105722
t_num: 3 finish: 1473408435 720703722 start: 1473408433 216367684
t_num: 12 finish: 1473408435 987760672 start: 1473408434 530370620
t_num: 27 finish: 1473408436 14603604 start: 1473408434 574928191
t_num: 25 finish: 1473408436 23547589 start: 1473408432 931808998
t_num: 26 finish: 1473408436 303198097 start: 1473408434 648827189
t_num: 0 finish: 1473408436 376276290 start: 1473408433 964157503
t_num: 5 finish: 1473408436 590238320 start: 1473408434 204651867
t_num: 24 finish: 1473408436 590454136 start: 1473408435 472028866
t_num: 30 finish: 1473408436 590525594 start: 1473408435 28362116
t_num: 17 finish: 1473408436 592161115 start: 1473408435 187331487
t_num: 4 finish: 1473408436 759551045 start: 1473408435 417126716
t_num: 23 finish: 1473408437 148907431 start: 1473408435 253974584
t_num: 13 finish: 1473408437 149503502 start: 1473408435 581217433
t_num: 31 finish: 1473408437 253568111 start: 1473408435 619101206
t_num: 7 finish: 1473408437 253810464 start: 1473408434 276937897
t_num: 9 finish: 1473408437 277975517 start: 1473408434 863452719
t_num: 18 finish: 1473408437 277988787 start: 1473408435 347727511
t_num: 1 finish: 1473408437 568428784 start: 1473408435 188626175
t_num: 12 finish: 1473408437 568686966 start: 1473408435 987847286
t_num: 10 finish: 1473408438 408027305 start: 1473408435 347755828
t_num: 6 finish: 1473408438 408901280 start: 1473408435 619730487
t_num: 27 finish: 1473408438 485379042 start: 1473408436 14623097
t_num: 5 finish: 1473408438 505758118 start: 1473408436 590261649
t_num: 26 finish: 1473408438 575417485 start: 1473408436 303243947
t_num: 16 finish: 1473408438 577852296 start: 1473408436 590061232
t_num: 24 finish: 1473408438 614033503 start: 1473408436 694594923
t_num: 18 finish: 1473408438 884699004 start: 1473408437 278047248
t_num: 0 finish: 1473408438 910015471 start: 1473408437 833937555
t_num: 25 finish: 1473408438 910483250 start: 1473408436 23568588
t_num: 30 finish: 1473408439 252855453 start: 1473408437 359336934
t_num: 12 finish: 1473408439 371087179 start: 1473408437 568707613
t_num: 1 finish: 1473408439 371120782 start: 1473408438 420608406
t_num: 8 finish: 1473408439 371153829 start: 1473408437 485645328
t_num: 6 finish: 1473408439 371191269 start: 1473408438 408934777
t_num: 21 finish: 1473408439 758539643 start: 1473408436 410595987
t_num: 23 finish: 1473408439 871962284 start: 1473408437 148950975
t_num: 20 finish: 1473408439 873252781 start: 1473408437 617254680
t_num: 19 finish: 1473408439 987036589 start: 1473408438 753563715
t_num: 15 finish: 1473408440 90822627 start: 1473408437 775382629
t_num: 9 finish: 1473408440 192013461 start: 1473408437 278003021
t_num: 13 finish: 1473408440 212712376 start: 1473408438 672808722
t_num: 25 finish: 1473408440 349350696 start: 1473408438 910504594
t_num: 28 finish: 1473408440 621976825 start: 1473408438 576238758
t_num: 4 finish: 1473408440 897012836 start: 1473408439 65047438
t_num: 27 finish: 1473408440 897744385 start: 1473408438 485429128
t_num: 13 finish: 1473408441 107926959 start: 1473408440 212747999
t_num: 0 finish: 1473408441 480046583 start: 1473408439 369673404
t_num: 16 finish: 1473408441 659504263 start: 1473408438 986477777
t_num: 26 finish: 1473408441 671162651 start: 1473408439 252028944
t_num: 12 finish: 1473408441 671211581 start: 1473408439 739699872
t_num: 24 finish: 1473408441 692435244 start: 1473408438 614066328
t_num: 8 finish: 1473408441 692592740 start: 1473408439 371171723
t_num: 1 finish: 1473408441 695816852 start: 1473408440 346181337
t_num: 20 finish: 1473408441 706644864 start: 1473408439 873274163
t_num: 31 finish: 1473408441 742406034 start: 1473408438 986452585
t_num: 14 finish: 1473408441 933528114 start: 1473408440 192052841
t_num: 18 finish: 1473408442 86067826 start: 1473408438 884745679
t_num: 30 finish: 1473408442 86731662 start: 1473408440 320552580
t_num: 9 finish: 1473408442 942133260 start: 1473408440 564766668
t_num: 28 finish: 1473408443 382898641 start: 1473408440 622003682
t_num: 14 finish: 1473408443 387828265 start: 1473408441 933571252
t_num: 27 finish: 1473408443 645461620 start: 1473408441 626673086
t_num: 31 finish: 1473408443 645695882 start: 1473408441 742425180
t_num: 15 finish: 1473408444 45827535 start: 1473408441 935017853
t_num: 13 finish: 1473408444 59367211 start: 1473408441 107965114
t_num: 5 finish: 1473408444 59996191 start: 1473408441 957251374
t_num: 4 finish: 1473408444 229968286 start: 1473408441 382051578
t_num: 21 finish: 1473408444 391375950 start: 1473408441 353619646
t_num: 1 finish: 1473408444 561541328 start: 1473408442 256581647
t_num: 19 finish: 1473408444 713091883 start: 1473408441 627381558
t_num: 2 finish: 1473408444 732202726 start: 1473408442 504544997
t_num: 29 finish: 1473408444 732210257 start: 1473408442 7098776
t_num: 12 finish: 1473408444 839729553 start: 1473408441 671228182
t_num: 8 finish: 1473408445 392817799 start: 1473408443 360439500
t_num: 24 finish: 1473408445 470891972 start: 1473408441 692457945
t_num: 18 finish: 1473408445 546155146 start: 1473408443 97547440
t_num: 26 finish: 1473408445 882019269 start: 1473408444 222201315
t_num: 5 finish: 1473408446 272986206 start: 1473408444 813379849
t_num: 27 finish: 1473408446 273954501 start: 1473408443 645501674
t_num: 15 finish: 1473408446 285375140 start: 1473408444 45874303
t_num: 3 finish: 1473408446 442228453 start: 1473408445 114451055
t_num: 4 finish: 1473408446 620104778 start: 1473408444 229994387
t_num: 31 finish: 1473408446 781768868 start: 1473408443 645714482
t_num: 9 finish: 1473408446 782959111 start: 1473408443 174614893
t_num: 29 finish: 1473408446 919045033 start: 1473408444 732252646
t_num: 28 finish: 1473408447 136366949 start: 1473408444 237538869
t_num: 21 finish: 1473408447 407192474 start: 1473408445 653444999
t_num: 7 finish: 1473408447 482914229 start: 1473408445 428303026
t_num: 6 finish: 1473408447 482923681 start: 1473408445 546497478
t_num: 26 finish: 1473408447 482962314 start: 1473408445 882078116
t_num: 19 finish: 1473408447 747262733 start: 1473408445 426528609
t_num: 1 finish: 1473408447 747940545 start: 1473408444 561567391
t_num: 20 finish: 1473408447 857860844 start: 1473408445 410664836
t_num: 22 finish: 1473408447 858442475 start: 1473408445 811212423
t_num: 23 finish: 1473408447 860444961 start: 1473408446 588000151
t_num: 10 finish: 1473408448 698693257 start: 1473408445 882489565
t_num: 0 finish: 1473408448 860703269 start: 1473408447 445736765
t_num: 2 finish: 1473408448 899498322 start: 1473408446 358170450
t_num: 22 finish: 1473408449 47147504 start: 1473408447 858462967
t_num: 1 finish: 1473408449 115798255 start: 1473408447 747977026
t_num: 29 finish: 1473408449 115809326 start: 1473408446 919069568
t_num: 28 finish: 1473408449 348049412 start: 1473408447 136410577
t_num: 27 finish: 1473408449 348606290 start: 1473408446 444969169
t_num: 26 finish: 1473408449 467274604 start: 1473408447 482974975
t_num: 8 finish: 1473408449 468109952 start: 1473408446 444953957
t_num: 31 finish: 1473408449 468755186 start: 1473408447 682724638
t_num: 25 finish: 1473408449 636510710 start: 1473408446 783863545
t_num: 6 finish: 1473408449 683780913 start: 1473408447 482971944
t_num: 24 finish: 1473408449 757558002 start: 1473408447 261824053
t_num: 3 finish: 1473408449 758653068 start: 1473408447 855171492
t_num: 19 finish: 1473408450 136518647 start: 1473408447 747299153
t_num: 2 finish: 1473408450 450603281 start: 1473408448 899541181
t_num: 22 finish: 1473408450 688167463 start: 1473408449 47188907
t_num: 21 finish: 1473408450 906839378 start: 1473408449 210730975
t_num: 8 finish: 1473408451 31788028 start: 1473408449 468130215
t_num: 4 finish: 1473408451 31821854 start: 1473408448 75813914
t_num: 0 finish: 1473408451 71680213 start: 1473408449 794705689
t_num: 20 finish: 1473408451 451859711 start: 1473408448 199736637
t_num: 1 finish: 1473408451 613402343 start: 1473408449 115838567
t_num: 23 finish: 1473408451 631348844 start: 1473408450 9367706
t_num: 29 finish: 1473408452 462610094 start: 1473408449 115864898
t_num: 30 finish: 1473408452 463508527 start: 1473408450 470990787
t_num: 12 finish: 1473408452 605083500 start: 1473408449 115845850
t_num: 21 finish: 1473408452 679188678 start: 1473408450 906892114
t_num: 7 finish: 1473408452 679214488 start: 1473408451 89163319
t_num: 4 finish: 1473408452 766398326 start: 1473408451 32321727
t_num: 27 finish: 1473408452 837890543 start: 1473408451 635847939
t_num: 13 finish: 1473408452 929937883 start: 1473408451 89297140
t_num: 3 finish: 1473408453 222755739 start: 1473408451 637901669
t_num: 6 finish: 1473408453 239724328 start: 1473408450 520162229
t_num: 8 finish: 1473408453 411075665 start: 1473408451 31850179
t_num: 22 finish: 1473408453 445035044 start: 1473408450 688196548
t_num: 2 finish: 1473408453 450743173 start: 1473408450 450646808
t_num: 15 finish: 1473408453 561100465 start: 1473408449 105768723
t_num: 25 finish: 1473408453 741094119 start: 1473408452 432861776
t_num: 20 finish: 1473408453 813554622 start: 1473408451 451909604
t_num: 31 finish: 1473408454 192513238 start: 1473408452 463609007
t_num: 1 finish: 1473408454 431720828 start: 1473408452 762749673
t_num: 30 finish: 1473408454 512356668 start: 1473408453 76113017
t_num: 6 finish: 1473408454 695526302 start: 1473408453 239744880
t_num: 8 finish: 1473408454 779044288 start: 1473408453 411118238
t_num: 24 finish: 1473408454 833038281 start: 1473408451 638009223
t_num: 12 finish: 1473408454 862468986 start: 1473408453 207037720
t_num: 28 finish: 1473408455 259409116 start: 1473408452 983710875
t_num: 17 finish: 1473408455 285269525 start: 1473408452 605341463
t_num: 27 finish: 1473408455 556741131 start: 1473408452 837940359
t_num: 23 finish: 1473408455 624459099 start: 1473408453 224427156
t_num: 19 finish: 1473408455 717430845 start: 1473408454 862537675
t_num: 6 finish: 1473408455 776084085 start: 1473408454 695555160
t_num: 26 finish: 1473408455 778530604 start: 1473408454 862517869
t_num: 13 finish: 1473408455 782075346 start: 1473408453 658432070
t_num: 11 finish: 1473408455 944807813 start: 1473408453 452299490
t_num: 4 finish: 1473408455 979650570 start: 1473408452 766444674
t_num: 20 finish: 1473408455 992654136 start: 1473408454 104366200
t_num: 22 finish: 1473408456 184903795 start: 1473408454 513063649
t_num: 9 finish: 1473408456 221055015 start: 1473408453 741175933
t_num: 31 finish: 1473408456 268546154 start: 1473408454 192577761
t_num: 3 finish: 1473408456 853357898 start: 1473408454 717538335
t_num: 0 finish: 1473408456 997185511 start: 1473408454 654295570
t_num: 24 finish: 1473408456 999498473 start: 1473408454 833081982
t_num: 8 finish: 1473408457 174376457 start: 1473408455 712227967
t_num: 23 finish: 1473408457 254609691 start: 1473408455 624487694
t_num: 27 finish: 1473408457 275204396 start: 1473408455 556819427
t_num: 28 finish: 1473408457 786893342 start: 1473408456 75091978
t_num: 17 finish: 1473408457 959969527 start: 1473408455 285292327
t_num: 26 finish: 1473408457 960798644 start: 1473408455 778550486
t_num: 19 finish: 1473408458 10042028 start: 1473408455 717461280
t_num: 11 finish: 1473408458 176197656 start: 1473408455 944850758
t_num: 6 finish: 1473408458 279111808 start: 1473408455 776108444
t_num: 12 finish: 1473408458 508062395 start: 1473408455 516749971
t_num: 3 finish: 1473408459 164156441 start: 1473408456 853418198
t_num: 28 finish: 1473408459 358096295 start: 1473408457 786927994
t_num: 23 finish: 1473408459 384863066 start: 1473408457 254655962
t_num: 15 finish: 1473408459 411570333 start: 1473408457 872244721
t_num: 13 finish: 1473408459 528812149 start: 1473408457 291393112
t_num: 9 finish: 1473408459 882775524 start: 1473408456 221073749
t_num: 0 finish: 1473408460 197833395 start: 1473408456 997220653
t_num: 10 finish: 1473408460 249164266 start: 1473408457 481952654
t_num: 8 finish: 1473408460 261487589 start: 1473408457 174420065
t_num: 16 finish: 1473408460 411306568 start: 1473408458 105021712
t_num: 21 finish: 1473408460 576475118 start: 1473408458 69120579
t_num: 26 finish: 1473408460 819487152 start: 1473408458 598798435
t_num: 5 finish: 1473408461 491420947 start: 1473408458 733058032
t_num: 30 finish: 1473408461 493524909 start: 1473408459 159484495
t_num: 22 finish: 1473408461 729533746 start: 1473408457 880194470
t_num: 1 finish: 1473408461 730524950 start: 1473408459 950689952
t_num: 20 finish: 1473408461 730538223 start: 1473408457 959949156
t_num: 24 finish: 1473408461 760282949 start: 1473408459 385541945
t_num: 7 finish: 1473408461 810925341 start: 1473408460 193184940
t_num: 12 finish: 1473408461 886071243 start: 1473408458 508114620
t_num: 10 finish: 1473408461 908972373 start: 1473408460 798329577
t_num: 13 finish: 1473408461 921170955 start: 1473408459 528854995
t_num: 28 finish: 1473408461 921193865 start: 1473408459 358138518
t_num: 9 finish: 1473408461 921447895 start: 1473408459 882819799
t_num: 11 finish: 1473408461 922872192 start: 1473408459 814090813
t_num: 21 finish: 1473408462 3904706 start: 1473408460 576510557
t_num: 19 finish: 1473408462 120025083 start: 1473408460 646778459
t_num: 15 finish: 1473408462 219268297 start: 1473408460 798737037
t_num: 27 finish: 1473408462 255204356 start: 1473408461 728318099
t_num: 6 finish: 1473408462 321672405 start: 1473408460 523893284
t_num: 7 finish: 1473408462 611682607 start: 1473408461 810965390
t_num: 13 finish: 1473408462 827666985 start: 1473408461 921212683
t_num: 5 finish: 1473408462 892685927 start: 1473408461 491464615
t_num: 30 finish: 1473408463 8021033 start: 1473408461 725486927
t_num: 0 finish: 1473408463 627401638 start: 1473408460 731955916
t_num: 29 finish: 1473408463 853321269 start: 1473408461 724890199
t_num: 24 finish: 1473408464 119572631 start: 1473408461 760303259
t_num: 21 finish: 1473408464 218713494 start: 1473408462 3921799
t_num: 14 finish: 1473408464 226892107 start: 1473408460 651363130
t_num: 16 finish: 1473408464 227573418 start: 1473408461 728409824
t_num: 20 finish: 1473408464 246316479 start: 1473408462 611661024
t_num: 1 finish: 1473408464 249200683 start: 1473408461 730545538
t_num: 12 finish: 1473408464 286020380 start: 1473408462 60578225
t_num: 30 finish: 1473408464 509548372 start: 1473408463 8043705
t_num: 8 finish: 1473408464 530027528 start: 1473408461 886108740
t_num: 13 finish: 1473408464 623479291 start: 1473408462 827703426
t_num: 25 finish: 1473408464 664626055 start: 1473408463 630300304
t_num: 6 finish: 1473408464 746371129 start: 1473408462 321706569
t_num: 10 finish: 1473408464 746459782 start: 1473408463 940197050
t_num: 2 finish: 1473408464 790717008 start: 1473408462 681634672
t_num: 7 finish: 1473408465 233834299 start: 1473408464 94180456
t_num: 28 finish: 1473408465 308291141 start: 1473408462 876909883
t_num: 19 finish: 1473408465 382980380 start: 1473408462 965220099
t_num: 0 finish: 1473408465 529413684 start: 1473408463 941978525
t_num: 4 finish: 1473408465 670183978 start: 1473408463 532975156
t_num: 24 finish: 1473408465 750854547 start: 1473408464 119600282
t_num: 1 finish: 1473408466 129062256 start: 1473408464 249218350
t_num: 27 finish: 1473408466 141909771 start: 1473408462 255239545
t_num: 9 finish: 1473408466 148589780 start: 1473408463 649705057
t_num: 21 finish: 1473408466 193280235 start: 1473408465 63733356
t_num: 31 finish: 1473408466 248975343 start: 1473408462 920938769
t_num: 17 finish: 1473408466 505362353 start: 1473408464 187141497
t_num: 10 finish: 1473408466 692492723 start: 1473408465 581864618
t_num: 29 finish: 1473408466 693544648 start: 1473408464 473040327
t_num: 14 finish: 1473408466 852128002 start: 1473408464 578579581
t_num: 13 finish: 1473408466 996333256 start: 1473408465 610626888
t_num: 0 finish: 1473408467 117437104 start: 1473408465 529474747
t_num: 16 finish: 1473408467 117439690 start: 1473408464 346737663
t_num: 3 finish: 1473408467 234631651 start: 1473408464 401114895
t_num: 20 finish: 1473408467 826252028 start: 1473408465 92166185
t_num: 2 finish: 1473408467 826260631 start: 1473408464 790756236
t_num: 31 finish: 1473408467 985101715 start: 1473408466 249001048
t_num: 1 finish: 1473408468 124367485 start: 1473408466 129218419
t_num: 8 finish: 1473408468 125007636 start: 1473408464 530048499
t_num: 9 finish: 1473408468 280235384 start: 1473408466 392925812
t_num: 19 finish: 1473408468 408293796 start: 1473408466 851033942
t_num: 15 finish: 1473408468 434552550 start: 1473408465 404293827
t_num: 7 finish: 1473408468 758303676 start: 1473408465 796509367
t_num: 24 finish: 1473408469 432138867 start: 1473408466 917739829
t_num: 23 finish: 1473408469 433438602 start: 1473408467 188127720
t_num: 4 finish: 1473408469 507205243 start: 1473408466 344810450
t_num: 16 finish: 1473408469 521167075 start: 1473408467 261276275
t_num: 25 finish: 1473408469 550306372 start: 1473408467 145070068
t_num: 29 finish: 1473408469 550307248 start: 1473408466 693564883
t_num: 1 finish: 1473408469 596754718 start: 1473408468 124404035
t_num: 14 finish: 1473408469 632615832 start: 1473408468 410960933
t_num: 10 finish: 1473408469 699330772 start: 1473408466 692539516
t_num: 2 finish: 1473408469 700076043 start: 1473408467 826354012
t_num: 20 finish: 1473408470 64776009 start: 1473408467 826322265
t_num: 13 finish: 1473408470 68580908 start: 1473408466 996374534
t_num: 3 finish: 1473408470 89439661 start: 1473408468 170306443
t_num: 19 finish: 1473408470 284635943 start: 1473408468 408333013
t_num: 8 finish: 1473408470 702360298 start: 1473408469 180735752
t_num: 15 finish: 1473408470 703533918 start: 1473408468 434574940
t_num: 28 finish: 1473408470 871103185 start: 1473408468 502563725
t_num: 30 finish: 1473408471 72889135 start: 1473408467 611895983
t_num: 13 finish: 1473408472 28177199 start: 1473408471 56209630
t_num: 2 finish: 1473408472 162643733 start: 1473408470 694576373
t_num: 14 finish: 1473408472 310995489 start: 1473408470 698991513
t_num: 4 finish: 1473408472 355105423 start: 1473408469 507244857
t_num: 19 finish: 1473408472 464400756 start: 1473408470 284680576
t_num: 29 finish: 1473408472 464682617 start: 1473408469 550469020
t_num: 16 finish: 1473408472 464751102 start: 1473408469 521192828
t_num: 25 finish: 1473408472 465685154 start: 1473408471 72590250
t_num: 10 finish: 1473408472 539686528 start: 1473408469 699368833
t_num: 28 finish: 1473408472 642163204 start: 1473408470 871136971
t_num: 9 finish: 1473408472 668019910 start: 1473408470 877015073
t_num: 30 finish: 1473408472 701292370 start: 1473408471 72913935
t_num: 23 finish: 1473408472 778015910 start: 1473408471 73696484
t_num: 5 finish: 1473408472 821210811 start: 1473408469 551869785
t_num: 20 finish: 1473408473 217966732 start: 1473408470 64810301
t_num: 12 finish: 1473408473 283144699 start: 1473408469 865572199
t_num: 1 finish: 1473408473 291272391 start: 1473408469 596776953
t_num: 8 finish: 1473408473 393765562 start: 1473408471 741937181
t_num: 3 finish: 1473408473 449205410 start: 1473408471 314597161
t_num: 25 finish: 1473408473 596934412 start: 1473408472 465706069
t_num: 15 finish: 1473408473 938869160 start: 1473408472 426883192
t_num: 11 finish: 1473408474 30454617 start: 1473408471 615961083
t_num: 23 finish: 1473408474 30769405 start: 1473408472 778074546
t_num: 21 finish: 1473408474 187256972 start: 1473408472 312493504
t_num: 18 finish: 1473408474 455442485 start: 1473408472 916169769
t_num: 29 finish: 1473408474 514843542 start: 1473408472 464702536
t_num: 13 finish: 1473408474 942037007 start: 1473408472 28227960
t_num: 20 finish: 1473408475 161920258 start: 1473408473 217995594
t_num: 19 finish: 1473408475 245732904 start: 1473408472 464446151
t_num: 6 finish: 1473408475 289507621 start: 1473408473 176583490
t_num: 4 finish: 1473408475 346646435 start: 1473408472 355144746
t_num: 8 finish: 1473408475 404135689 start: 1473408473 393792626
t_num: 10 finish: 1473408475 449459526 start: 1473408473 546980266
t_num: 0 finish: 1473408475 570900630 start: 1473408473 243771439
t_num: 25 finish: 1473408475 690008315 start: 1473408473 596958966
t_num: 11 finish: 1473408475 690537041 start: 1473408474 30495467
t_num: 30 finish: 1473408475 773402032 start: 1473408474 283910605
t_num: 21 finish: 1473408475 773402032 start: 1473408474 187300127
t_num: 23 finish: 1473408475 996648550 start: 1473408474 30793425
t_num: 22 finish: 1473408475 996906105 start: 1473408474 453995806
t_num: 12 finish: 1473408476 491476573 start: 1473408473 283169089
t_num: 21 finish: 1473408477 292200300 start: 1473408475 773451158
t_num: 5 finish: 1473408477 364385036 start: 1473408474 188018200
t_num: 15 finish: 1473408477 364396246 start: 1473408473 938934161
t_num: 2 finish: 1473408477 444127937 start: 1473408476 63836933
t_num: 23 finish: 1473408477 471066385 start: 1473408475 996673736
t_num: 30 finish: 1473408477 913993623 start: 1473408475 773440035
t_num: 8 finish: 1473408478 56637667 start: 1473408475 972850629
t_num: 25 finish: 1473408478 233873592 start: 1473408475 690155262
t_num: 0 finish: 1473408478 433903029 start: 1473408475 570944280
t_num: 28 finish: 1473408478 474843850 start: 1473408475 362535509
t_num: 19 finish: 1473408478 874927965 start: 1473408475 245774724
t_num: 31 finish: 1473408479 219557320 start: 1473408476 335185139
t_num: 6 finish: 1473408479 219947079 start: 1473408476 171540269
t_num: 11 finish: 1473408479 319200155 start: 1473408477 326985728
t_num: 26 finish: 1473408479 423956406 start: 1473408475 792458931
t_num: 29 finish: 1473408479 604999897 start: 1473408478 16965596
t_num: 10 finish: 1473408480 73321386 start: 1473408476 991050470
t_num: 30 finish: 1473408480 175989739 start: 1473408477 914052945
t_num: 7 finish: 1473408480 180662936 start: 1473408477 330431211
t_num: 12 finish: 1473408480 205023429 start: 1473408478 17591013
t_num: 19 finish: 1473408480 300664385 start: 1473408478 874960386
t_num: 28 finish: 1473408480 358202157 start: 1473408478 474873033
t_num: 14 finish: 1473408480 358581432 start: 1473408478 517367154
t_num: 9 finish: 1473408480 371292193 start: 1473408477 57209089
t_num: 11 finish: 1473408480 637844287 start: 1473408479 319220496
t_num: 15 finish: 1473408480 677426090 start: 1473408477 364450203
t_num: 8 finish: 1473408480 761068527 start: 1473408478 56677638
t_num: 25 finish: 1473408481 4056422 start: 1473408478 233918386
t_num: 27 finish: 1473408481 28853302 start: 1473408479 325262862
t_num: 24 finish: 1473408481 30274253 start: 1473408480 77918877
t_num: 23 finish: 1473408481 281427074 start: 1473408478 875160500
t_num: 10 finish: 1473408481 420565601 start: 1473408480 73364959
t_num: 5 finish: 1473408481 681524588 start: 1473408477 510166560
t_num: 17 finish: 1473408481 902369799 start: 1473408479 594825998
t_num: 0 finish: 1473408481 930159668 start: 1473408478 433947593
t_num: 6 finish: 1473408481 931470935 start: 1473408479 503825021
t_num: 2 finish: 1473408481 932303207 start: 1473408480 106145586
t_num: 19 finish: 1473408482 478868318 start: 1473408480 300704539
t_num: 29 finish: 1473408482 482130913 start: 1473408481 100439337
t_num: 30 finish: 1473408482 482932158 start: 1473408480 885903830
t_num: 9 finish: 1473408482 515901369 start: 1473408481 330936931
t_num: 26 finish: 1473408482 606910061 start: 1473408480 390998604
t_num: 25 finish: 1473408482 771205781 start: 1473408481 4097241
t_num: 24 finish: 1473408482 781255115 start: 1473408481 30293150
t_num: 16 finish: 1473408482 938932736 start: 1473408481 384705469
t_num: 7 finish: 1473408483 262191843 start: 1473408480 180682954
t_num: 2 finish: 1473408483 772254696 start: 1473408481 932322491
t_num: 28 finish: 1473408483 773030454 start: 1473408480 680595320
t_num: 17 finish: 1473408483 993461670 start: 1473408481 902393874
t_num: 14 finish: 1473408484 181545272 start: 1473408481 931711738
t_num: 19 finish: 1473408484 202913016 start: 1473408482 756184640
t_num: 9 finish: 1473408484 203018238 start: 1473408482 515918613
t_num: 18 finish: 1473408484 229898127 start: 1473408480 696701891
t_num: 24 finish: 1473408484 250466782 start: 1473408482 781277463
t_num: 30 finish: 1473408484 312294230 start: 1473408482 482947538
t_num: 6 finish: 1473408484 382863980 start: 1473408481 931496197
t_num: 12 finish: 1473408484 382894231 start: 1473408482 663770774
t_num: 0 finish: 1473408484 412862488 start: 1473408482 944957134
t_num: 29 finish: 1473408484 807857863 start: 1473408482 482151768
t_num: 26 finish: 1473408484 896075229 start: 1473408482 606933109
t_num: 27 finish: 1473408484 938371712 start: 1473408483 523119513
t_num: 15 finish: 1473408484 938423077 start: 1473408482 755574694
t_num: 3 finish: 1473408485 54725136 start: 1473408483 335350148
t_num: 11 finish: 1473408485 122361851 start: 1473408480 637873492
t_num: 1 finish: 1473408485 218549838 start: 1473408483 647978011
t_num: 4 finish: 1473408485 264929151 start: 1473408482 606239100
t_num: 24 finish: 1473408485 526513832 start: 1473408484 250484557
t_num: 25 finish: 1473408485 782900545 start: 1473408483 813850982
t_num: 18 finish: 1473408486 208623697 start: 1473408484 783286509
t_num: 9 finish: 1473408486 208686739 start: 1473408484 203050142
t_num: 0 finish: 1473408486 246445738 start: 1473408484 412887253
t_num: 14 finish: 1473408486 246921748 start: 1473408484 272677401
t_num: 19 finish: 1473408486 339882033 start: 1473408484 202981926
t_num: 5 finish: 1473408486 499789924 start: 1473408483 356285055
t_num: 17 finish: 1473408486 521672422 start: 1473408483 993510199
t_num: 3 finish: 1473408486 521813188 start: 1473408485 54761200
t_num: 15 finish: 1473408486 714426094 start: 1473408485 462260777
t_num: 26 finish: 1473408486 726362761 start: 1473408484 896107288
t_num: 11 finish: 1473408487 36267653 start: 1473408485 613586418
t_num: 13 finish: 1473408487 183493028 start: 1473408484 413281186
t_num: 30 finish: 1473408487 216003510 start: 1473408485 475757290
t_num: 1 finish: 1473408487 463888209 start: 1473408485 218586549
t_num: 3 finish: 1473408487 465248717 start: 1473408486 521833087
t_num: 28 finish: 1473408487 528906410 start: 1473408485 973553497
t_num: 6 finish: 1473408487 574886374 start: 1473408485 851521795
t_num: 24 finish: 1473408487 694635965 start: 1473408485 526541311
t_num: 27 finish: 1473408487 716884033 start: 1473408486 247013387
t_num: 5 finish: 1473408487 783418931 start: 1473408486 499828588
t_num: 11 finish: 1473408488 79228765 start: 1473408487 36305910
t_num: 18 finish: 1473408488 159624325 start: 1473408486 208667345
t_num: 20 finish: 1473408488 404060854 start: 1473408486 872009062
t_num: 26 finish: 1473408488 668342439 start: 1473408486 872081241
t_num: 17 finish: 1473408488 707321093 start: 1473408487 340433158
t_num: 30 finish: 1473408488 742128647 start: 1473408487 216049139
t_num: 4 finish: 1473408488 822089067 start: 1473408486 294356895
t_num: 10 finish: 1473408489 217167640 start: 1473408486 782513257
t_num: 22 finish: 1473408489 343986282 start: 1473408487 127259281
t_num: 3 finish: 1473408489 349218007 start: 1473408487 465281776
t_num: 25 finish: 1473408489 420968516 start: 1473408485 782966262
t_num: 5 finish: 1473408489 525476656 start: 1473408487 783442967
t_num: 6 finish: 1473408489 845316874 start: 1473408488 35741659
t_num: 23 finish: 1473408489 905679201 start: 1473408488 187639520
t_num: 3 finish: 1473408489 952068026 start: 1473408489 349238801
t_num: 27 finish: 1473408490 78497830 start: 1473408488 376165149
t_num: 21 finish: 1473408490 132751327 start: 1473408487 983362286
t_num: 24 finish: 1473408490 331949560 start: 1473408487 694673571
t_num: 30 finish: 1473408490 334697619 start: 1473408488 742169053
t_num: 1 finish: 1473408490 334767581 start: 1473408487 778552865
t_num: 13 finish: 1473408490 384262644 start: 1473408488 656648004
t_num: 17 finish: 1473408490 819196036 start: 1473408488 785718304
t_num: 15 finish: 1473408490 854299276 start: 1473408488 791376951
t_num: 11 finish: 1473408490 914446962 start: 1473408488 710867438
t_num: 6 finish: 1473408490 914479197 start: 1473408489 845362304
t_num: 31 finish: 1473408491 241996730 start: 1473408489 548275275
t_num: 18 finish: 1473408491 477189078 start: 1473408488 742147698
t_num: 20 finish: 1473408491 489184819 start: 1473408489 186219713
t_num: 26 finish: 1473408491 931240506 start: 1473408489 905777332
t_num: 23 finish: 1473408491 931291810 start: 1473408489 905720750
t_num: 30 finish: 1473408491 949051447 start: 1473408490 823058866
t_num: 25 finish: 1473408491 952806670 start: 1473408489 420995880
t_num: 17 finish: 1473408492 296895194 start: 1473408490 819237481
t_num: 10 finish: 1473408492 597528679 start: 1473408490 682021830
t_num: 6 finish: 1473408493 101700445 start: 1473408490 914680945
t_num: 16 finish: 1473408493 106692412 start: 1473408491 273342346
t_num: 21 finish: 1473408493 184752075 start: 1473408490 132812984
t_num: 24 finish: 1473408493 243695171 start: 1473408491 479024770
t_num: 1 finish: 1473408493 244105666 start: 1473408491 378476191
t_num: 8 finish: 1473408493 251866198 start: 1473408490 489553312
t_num: 5 finish: 1473408493 260164737 start: 1473408491 867316075
t_num: 17 finish: 1473408493 260165597 start: 1473408492 296928732
t_num: 29 finish: 1473408493 778338986 start: 1473408490 384277610
t_num: 7 finish: 1473408494 230338803 start: 1473408493 195595743
t_num: 31 finish: 1473408494 230650442 start: 1473408492 872773422
t_num: 20 finish: 1473408494 284193640 start: 1473408492 492572961
t_num: 3 finish: 1473408494 542005658 start: 1473408491 565115107
t_num: 6 finish: 1473408494 551026578 start: 1473408493 347241883
t_num: 27 finish: 1473408494 635442535 start: 1473408493 41117132
t_num: 18 finish: 1473408494 736960608 start: 1473408493 183868506
t_num: 23 finish: 1473408494 844183353 start: 1473408491 931311248
t_num: 25 finish: 1473408495 289514756 start: 1473408491 952822674
t_num: 14 finish: 1473408495 378056099 start: 1473408493 251941751
t_num: 26 finish: 1473408495 395638142 start: 1473408493 105811954
t_num: 1 finish: 1473408495 395962214 start: 1473408494 166864550
t_num: 30 finish: 1473408495 396060698 start: 1473408491 949089814
t_num: 17 finish: 1473408495 470694418 start: 1473408493 260197436
t_num: 29 finish: 1473408495 471313627 start: 1473408493 778377286
t_num: 2 finish: 1473408495 696489244 start: 1473408494 349936129
t_num: 12 finish: 1473408495 697231628 start: 1473408493 263566688
t_num: 14 finish: 1473408496 37364223 start: 1473408495 378092812
t_num: 16 finish: 1473408496 37369603 start: 1473408493 106716436
t_num: 24 finish: 1473408496 767268124 start: 1473408494 229981246
t_num: 30 finish: 1473408497 355598061 start: 1473408495 396079013
t_num: 8 finish: 1473408497 633302448 start: 1473408495 9480013
t_num: 7 finish: 1473408497 633309684 start: 1473408495 395791102
t_num: 17 finish: 1473408497 643081806 start: 1473408495 470743438
t_num: 28 finish: 1473408497 866787971 start: 1473408494 544144055
t_num: 26 finish: 1473408498 108594690 start: 1473408495 395678645
t_num: 9 finish: 1473408498 148230597 start: 1473408494 567493858
t_num: 19 finish: 1473408498 386270317 start: 1473408496 889450645
t_num: 3 finish: 1473408498 591942427 start: 1473408494 542045851
t_num: 1 finish: 1473408498 612019600 start: 1473408496 35130252
t_num: 23 finish: 1473408498 700041078 start: 1473408495 541665696
t_num: 2 finish: 1473408498 857602747 start: 1473408496 645400768
t_num: 24 finish: 1473408499 50622547 start: 1473408496 767328131
t_num: 17 finish: 1473408499 154901222 start: 1473408497 643141359
t_num: 27 finish: 1473408499 181228419 start: 1473408498 75575169
t_num: 12 finish: 1473408499 288394117 start: 1473408496 348291987
t_num: 26 finish: 1473408499 371089032 start: 1473408498 108635854
t_num: 30 finish: 1473408499 495442924 start: 1473408497 355633421
t_num: 29 finish: 1473408499 495731511 start: 1473408495 471334141
t_num: 22 finish: 1473408499 548181193 start: 1473408497 322704696
t_num: 6 finish: 1473408499 548718839 start: 1473408495 563420140
t_num: 16 finish: 1473408499 813256986 start: 1473408497 466434882
t_num: 0 finish: 1473408499 992930009 start: 1473408498 699995231
t_num: 10 finish: 1473408500 242331228 start: 1473408497 818415083
t_num: 14 finish: 1473408500 294130154 start: 1473408497 329660999
t_num: 20 finish: 1473408500 417225260 start: 1473408497 632737319
t_num: 2 finish: 1473408500 432437898 start: 1473408498 857636899
t_num: 3 finish: 1473408500 438557858 start: 1473408498 591984380
t_num: 7 finish: 1473408500 639347715 start: 1473408498 199732976
t_num: 17 finish: 1473408500 647448343 start: 1473408499 495919929
t_num: 30 finish: 1473408500 925060315 start: 1473408499 495485405
t_num: 19 finish: 1473408501 132369078 start: 1473408498 988028306
t_num: 1 finish: 1473408501 133113902 start: 1473408499 812783510
t_num: 24 finish: 1473408501 212449561 start: 1473408499 50668022
t_num: 29 finish: 1473408501 279496711 start: 1473408499 495751769
t_num: 0 finish: 1473408501 458698605 start: 1473408499 992961310
t_num: 26 finish: 1473408501 512119473 start: 1473408499 371119655
t_num: 12 finish: 1473408501 526899167 start: 1473408499 958789885
t_num: 15 finish: 1473408502 183171052 start: 1473408499 812810820
t_num: 9 finish: 1473408502 226768091 start: 1473408501 3486220
t_num: 18 finish: 1473408502 242939099 start: 1473408499 181253528
t_num: 1 finish: 1473408502 249548584 start: 1473408501 133145253
t_num: 27 finish: 1473408502 412546148 start: 1473408501 172358424
t_num: 16 finish: 1473408502 461125823 start: 1473408500 339740176
t_num: 6 finish: 1473408502 472954752 start: 1473408500 832051232
t_num: 7 finish: 1473408502 519598311 start: 1473408500 639378319
t_num: 2 finish: 1473408502 782483422 start: 1473408500 432462989
t_num: 0 finish: 1473408502 794594237 start: 1473408501 458734220
t_num: 26 finish: 1473408502 794711658 start: 1473408501 512162573
t_num: 14 finish: 1473408502 936477927 start: 1473408500 294169380
t_num: 19 finish: 1473408503 311174728 start: 1473408501 132404250
t_num: 30 finish: 1473408503 489216027 start: 1473408500 925086251
t_num: 21 finish: 1473408503 844613614 start: 1473408501 16403694
t_num: 24 finish: 1473408504 297015406 start: 1473408501 756886523
t_num: 22 finish: 1473408504 485307982 start: 1473408501 806227208
t_num: 17 finish: 1473408504 485337511 start: 1473408501 805395776
t_num: 15 finish: 1473408504 485307987 start: 1473408502 183212771
t_num: 18 finish: 1473408504 555838686 start: 1473408502 243037097
t_num: 29 finish: 1473408504 603145271 start: 1473408501 512148824
t_num: 14 finish: 1473408504 657866095 start: 1473408502 936512176
t_num: 10 finish: 1473408504 761916725 start: 1473408502 794663549
t_num: 5 finish: 1473408504 969240743 start: 1473408502 39850489
t_num: 4 finish: 1473408504 974244093 start: 1473408501 641235226
t_num: 0 finish: 1473408505 243077720 start: 1473408503 292457661
t_num: 26 finish: 1473408505 266923945 start: 1473408503 797377894
t_num: 9 finish: 1473408505 344583371 start: 1473408502 473101988
t_num: 30 finish: 1473408505 377092573 start: 1473408503 489256555
t_num: 31 finish: 1473408505 484918584 start: 1473408503 33452784
t_num: 8 finish: 1473408505 569230153 start: 1473408503 421417779
t_num: 17 finish: 1473408505 608225579 start: 1473408504 485353418
t_num: 22 finish: 1473408505 608964256 start: 1473408504 485340919
t_num: 25 finish: 1473408505 850052201 start: 1473408504 648839271
t_num: 27 finish: 1473408505 983302270 start: 1473408503 843608174
t_num: 29 finish: 1473408506 272424038 start: 1473408504 603185635
t_num: 15 finish: 1473408506 687938463 start: 1473408505 287109187
t_num: 13 finish: 1473408506 754703568 start: 1473408505 287705847
t_num: 2 finish: 1473408506 837128437 start: 1473408504 195129464
t_num: 3 finish: 1473408507 228547745 start: 1473408504 506359229
t_num: 8 finish: 1473408507 258815865 start: 1473408505 569272838
t_num: 12 finish: 1473408507 349719472 start: 1473408504 975287039
t_num: 10 finish: 1473408507 415860459 start: 1473408504 761936519
t_num: 24 finish: 1473408507 477119954 start: 1473408505 599693425
t_num: 21 finish: 1473408507 536755927 start: 1473408504 968317896
t_num: 19 finish: 1473408507 761609037 start: 1473408505 151587100
t_num: 26 finish: 1473408507 868068440 start: 1473408506 269872241
t_num: 31 finish: 1473408507 891836408 start: 1473408505 484964197
t_num: 25 finish: 1473408508 123418712 start: 1473408507 23400389
t_num: 5 finish: 1473408508 298732124 start: 1473408506 99158444
t_num: 17 finish: 1473408508 349430828 start: 1473408506 598167324
t_num: 9 finish: 1473408508 413449263 start: 1473408506 323174365
t_num: 24 finish: 1473408508 628604979 start: 1473408507 477141728
t_num: 27 finish: 1473408508 629360160 start: 1473408506 343461363
t_num: 2 finish: 1473408508 717496541 start: 1473408506 837150155
t_num: 13 finish: 1473408508 831928830 start: 1473408506 754722007
t_num: 6 finish: 1473408508 893305629 start: 1473408507 228695886
t_num: 22 finish: 1473408508 938982973 start: 1473408506 754129897
t_num: 30 finish: 1473408509 586784989 start: 1473408507 722058044
t_num: 19 finish: 1473408509 593717520 start: 1473408508 347209197
t_num: 10 finish: 1473408509 730167132 start: 1473408507 415899952
t_num: 23 finish: 1473408509 752743540 start: 1473408507 923583160
t_num: 3 finish: 1473408509 934357827 start: 1473408507 620945117
t_num: 17 finish: 1473408509 939180496 start: 1473408508 349457106
t_num: 8 finish: 1473408510 298636451 start: 1473408508 665699578
t_num: 1 finish: 1473408510 310152702 start: 1473408507 110153196
t_num: 25 finish: 1473408510 402213817 start: 1473408508 838552108
t_num: 4 finish: 1473408510 403342132 start: 1473408508 842831463
t_num: 16 finish: 1473408510 409178630 start: 1473408508 643403457
t_num: 9 finish: 1473408510 414870848 start: 1473408508 881425886
t_num: 20 finish: 1473408510 447902761 start: 1473408508 257400308
t_num: 5 finish: 1473408510 484343878 start: 1473408508 298763983
t_num: 13 finish: 1473408510 688953800 start: 1473408508 831958376
t_num: 6 finish: 1473408510 877457345 start: 1473408508 893324883
t_num: 19 finish: 1473408510 886073335 start: 1473408509 942223915
t_num: 14 finish: 1473408510 959397776 start: 1473408508 851018730
t_num: 9 finish: 1473408511 898446593 start: 1473408510 414903691
t_num: 2 finish: 1473408511 940429359 start: 1473408509 585601607
t_num: 26 finish: 1473408512 174500721 start: 1473408510 598851924
t_num: 8 finish: 1473408512 175046759 start: 1473408510 298682880
t_num: 4 finish: 1473408512 214216319 start: 1473408510 608052944
t_num: 21 finish: 1473408512 462999710 start: 1473408509 938089149
t_num: 22 finish: 1473408512 469733661 start: 1473408509 741903855
t_num: 23 finish: 1473408512 505655311 start: 1473408510 326612767
t_num: 29 finish: 1473408512 634201714 start: 1473408510 615008886
t_num: 17 finish: 1473408512 636451667 start: 1473408509 939201835
t_num: 7 finish: 1473408512 650966397 start: 1473408511 668200849
t_num: 2 finish: 1473408513 872569734 start: 1473408511 940455501
t_num: 19 finish: 1473408513 909777187 start: 1473408511 188152134
t_num: 11 finish: 1473408514 16415558 start: 1473408510 167568834
t_num: 16 finish: 1473408514 20902945 start: 1473408510 409198896
t_num: 14 finish: 1473408514 244068648 start: 1473408512 819517685
t_num: 5 finish: 1473408514 291216295 start: 1473408510 484376151
t_num: 6 finish: 1473408514 292031597 start: 1473408510 877498176
t_num: 25 finish: 1473408514 328164257 start: 1473408510 617383174
t_num: 26 finish: 1473408514 378155170 start: 1473408512 466057649
t_num: 8 finish: 1473408514 606697335 start: 1473408512 175066530
t_num: 3 finish: 1473408514 609184409 start: 1473408513 683034686
t_num: 1 finish: 1473408514 950992342 start: 1473408510 877613918
t_num: 13 finish: 1473408514 951887749 start: 1473408511 93352062
t_num: 20 finish: 1473408515 97134648 start: 1473408511 507271969
t_num: 15 finish: 1473408515 136946275 start: 1473408514 117158045
t_num: 27 finish: 1473408515 151504248 start: 1473408514 250936649
t_num: 4 finish: 1473408515 193263972 start: 1473408512 214239031
t_num: 23 finish: 1473408515 294632763 start: 1473408512 505694286
t_num: 7 finish: 1473408515 296568983 start: 1473408512 650989593
t_num: 17 finish: 1473408515 296584888 start: 1473408512 819504104
t_num: 10 finish: 1473408515 296713369 start: 1473408512 511110892
t_num: 12 finish: 1473408515 366486865 start: 1473408513 492877009
t_num: 9 finish: 1473408515 627946388 start: 1473408514 77508112
t_num: 31 finish: 1473408515 731199834 start: 1473408513 650866819
t_num: 14 finish: 1473408516 89099286 start: 1473408514 244098381
t_num: 22 finish: 1473408516 274513855 start: 1473408514 17693875
t_num: 11 finish: 1473408516 374870112 start: 1473408514 16456181
t_num: 20 finish: 1473408516 719404297 start: 1473408515 97180418
t_num: 5 finish: 1473408516 903092658 start: 1473408514 771427762
t_num: 28 finish: 1473408516 903205476 start: 1473408514 981467112
t_num: 8 finish: 1473408516 982143550 start: 1473408515 797676901
t_num: 27 finish: 1473408517 32488803 start: 1473408515 151526247
t_num: 4 finish: 1473408517 68281460 start: 1473408515 193286148
t_num: 26 finish: 1473408517 114213720 start: 1473408515 347420172
t_num: 6 finish: 1473408517 177683870 start: 1473408515 137628061
t_num: 9 finish: 1473408517 249818397 start: 1473408515 627975143
t_num: 20 finish: 1473408517 346818261 start: 1473408516 719432850
t_num: 18 finish: 1473408517 420084001 start: 1473408515 137530779
t_num: 12 finish: 1473408517 519908381 start: 1473408516 99305243
t_num: 3 finish: 1473408517 522027759 start: 1473408515 194083242
t_num: 24 finish: 1473408517 581080708 start: 1473408516 891036912
t_num: 10 finish: 1473408517 681721101 start: 1473408515 296733476
t_num: 23 finish: 1473408517 733594349 start: 1473408516 406171404
t_num: 11 finish: 1473408517 733599090 start: 1473408516 374897622
t_num: 15 finish: 1473408517 733639276 start: 1473408516 548818773
t_num: 0 finish: 1473408518 29816280 start: 1473408516 161611832
t_num: 1 finish: 1473408518 377633209 start: 1473408516 225305843
t_num: 12 finish: 1473408518 511019029 start: 1473408517 519954708
t_num: 14 finish: 1473408518 658492376 start: 1473408516 260797613
t_num: 7 finish: 1473408518 804215707 start: 1473408516 100327691
t_num: 3 finish: 1473408519 54986249 start: 1473408517 522049223
t_num: 31 finish: 1473408519 750595608 start: 1473408516 708939985
t_num: 24 finish: 1473408519 782064519 start: 1473408517 581105277
t_num: 30 finish: 1473408519 940206297 start: 1473408517 132289468
t_num: 17 finish: 1473408519 996197333 start: 1473408516 358496686
t_num: 4 finish: 1473408520 57748608 start: 1473408518 80431985
t_num: 26 finish: 1473408520 106370646 start: 1473408517 114260334
t_num: 29 finish: 1473408520 148696538 start: 1473408517 608894162
t_num: 9 finish: 1473408520 649790326 start: 1473408517 249871053
t_num: 15 finish: 1473408520 704552043 start: 1473408517 733656278
t_num: 16 finish: 1473408520 778495222 start: 1473408518 104273718
t_num: 8 finish: 1473408520 783559418 start: 1473408517 704544556
t_num: 0 finish: 1473408520 873104365 start: 1473408519 55034812
t_num: 23 finish: 1473408521 72815088 start: 1473408517 733623657
t_num: 31 finish: 1473408521 749511011 start: 1473408519 750639611
t_num: 22 finish: 1473408521 752303371 start: 1473408517 352735664
t_num: 26 finish: 1473408521 759429179 start: 1473408520 106400993
t_num: 30 finish: 1473408521 779723356 start: 1473408519 940243095
t_num: 18 finish: 1473408521 792890963 start: 1473408519 749998665
t_num: 24 finish: 1473408521 876723918 start: 1473408520 274936415
t_num: 7 finish: 1473408521 944092806 start: 1473408519 779546335
t_num: 14 finish: 1473408521 988133359 start: 1473408518 658535766
t_num: 3 finish: 1473408522 397774174 start: 1473408519 780385336
t_num: 11 finish: 1473408522 505518098 start: 1473408520 344499278
t_num: 19 finish: 1473408522 530227404 start: 1473408519 969161380
t_num: 25 finish: 1473408522 625574537 start: 1473408521 761706420
t_num: 28 finish: 1473408522 625635378 start: 1473408519 783956945
t_num: 12 finish: 1473408522 782479279 start: 1473408520 527063119
t_num: 5 finish: 1473408522 782925309 start: 1473408519 969730935
t_num: 9 finish: 1473408522 929582860 start: 1473408520 649849154
t_num: 29 finish: 1473408522 941263790 start: 1473408520 148738655
t_num: 0 finish: 1473408523 106461970 start: 1473408521 266490592
t_num: 15 finish: 1473408523 288594539 start: 1473408520 704590510
t_num: 18 finish: 1473408523 402280671 start: 1473408521 792912198
t_num: 31 finish: 1473408523 447772031 start: 1473408522 187269171
t_num: 8 finish: 1473408523 518066538 start: 1473408520 783584928
t_num: 23 finish: 1473408523 518837952 start: 1473408521 632257960
t_num: 26 finish: 1473408523 984962776 start: 1473408522 294181751
t_num: 9 finish: 1473408524 106016504 start: 1473408522 929644089
t_num: 14 finish: 1473408524 524866096 start: 1473408521 988187562
t_num: 30 finish: 1473408524 527381406 start: 1473408522 636822483
t_num: 25 finish: 1473408524 534151541 start: 1473408522 625617363
t_num: 15 finish: 1473408524 535505765 start: 1473408523 288655159
t_num: 3 finish: 1473408524 578937758 start: 1473408522 397808374
t_num: 28 finish: 1473408524 615921744 start: 1473408522 625650972
t_num: 24 finish: 1473408524 750786197 start: 1473408522 636211833
t_num: 27 finish: 1473408524 810470585 start: 1473408523 159183796
t_num: 18 finish: 1473408524 857312771 start: 1473408523 402315429
t_num: 16 finish: 1473408524 910998776 start: 1473408522 636840791
t_num: 14 finish: 1473408525 345376309 start: 1473408524 524908811
t_num: 4 finish: 1473408525 569573331 start: 1473408523 297063098
t_num: 23 finish: 1473408525 615841030 start: 1473408524 210026028
t_num: 7 finish: 1473408525 657164346 start: 1473408523 159201695
t_num: 3 finish: 1473408525 819439242 start: 1473408524 578976154
t_num: 12 finish: 1473408525 834169838 start: 1473408524 175382941
t_num: 9 finish: 1473408526 67879827 start: 1473408524 106067311
t_num: 17 finish: 1473408526 73117241 start: 1473408524 857510637
t_num: 8 finish: 1473408526 125145235 start: 1473408523 518085732
t_num: 18 finish: 1473408526 167703148 start: 1473408524 857345016
t_num: 29 finish: 1473408526 214271658 start: 1473408525 97801702
t_num: 26 finish: 1473408526 308538486 start: 1473408524 857381693
t_num: 1 finish: 1473408526 613109710 start: 1473408523 724578895
t_num: 25 finish: 1473408526 628856591 start: 1473408525 13369273
t_num: 30 finish: 1473408526 628869798 start: 1473408524 527404977
t_num: 27 finish: 1473408526 718799022 start: 1473408525 738709761
t_num: 15 finish: 1473408527 164103556 start: 1473408524 535526934
t_num: 10 finish: 1473408528 66524335 start: 1473408526 507324022
t_num: 8 finish: 1473408528 133978981 start: 1473408526 125170242
t_num: 1 finish: 1473408528 387116102 start: 1473408526 613135810
t_num: 28 finish: 1473408528 389301058 start: 1473408526 612646492
t_num: 26 finish: 1473408528 767259378 start: 1473408526 308571670
t_num: 18 finish: 1473408529 127958023 start: 1473408526 167747892
t_num: 10 finish: 1473408529 209035219 start: 1473408528 66583473
t_num: 7 finish: 1473408529 229295593 start: 1473408525 657192418
t_num: 16 finish: 1473408529 407779046 start: 1473408525 467447339
t_num: 12 finish: 1473408529 454819349 start: 1473408526 612922132
t_num: 30 finish: 1473408529 601786786 start: 1473408526 628942130
t_num: 26 finish: 1473408529 663245039 start: 1473408528 767319290
t_num: 25 finish: 1473408529 716872111 start: 1473408526 628903423
t_num: 4 finish: 1473408529 747877849 start: 1473408525 816488619
t_num: 9 finish: 1473408529 841031316 start: 1473408526 903381233
t_num: 3 finish: 1473408529 882127147 start: 1473408528 20401808
t_num: 29 finish: 1473408530 248394327 start: 1473408529 172758550
t_num: 20 finish: 1473408530 275784675 start: 1473408528 129685610
t_num: 10 finish: 1473408530 278972851 start: 1473408529 209060726
t_num: 27 finish: 1473408530 457583088 start: 1473408526 718861417
t_num: 1 finish: 1473408530 615004330 start: 1473408529 212361623
t_num: 17 finish: 1473408530 684852521 start: 1473408527 164034757
t_num: 28 finish: 1473408530 756247687 start: 1473408528 389319209
t_num: 14 finish: 1473408530 798511813 start: 1473408527 642770318
t_num: 21 finish: 1473408531 652451716 start: 1473408529 129705607
t_num: 8 finish: 1473408531 682606331 start: 1473408529 548070195
t_num: 26 finish: 1473408531 708859891 start: 1473408529 663273819
t_num: 7 finish: 1473408531 768949391 start: 1473408529 229316792
t_num: 2 finish: 1473408531 769653716 start: 1473408529 413162518
t_num: 15 finish: 1473408532 36830754 start: 1473408528 136199778
t_num: 20 finish: 1473408532 91360268 start: 1473408530 275825831
t_num: 23 finish: 1473408532 124639763 start: 1473408530 269456393
t_num: 11 finish: 1473408532 628321729 start: 1473408530 426528415
t_num: 12 finish: 1473408532 726809940 start: 1473408529 454845071
t_num: 3 finish: 1473408533 155827282 start: 1473408529 882177360
t_num: 29 finish: 1473408533 188297691 start: 1473408531 293593205
t_num: 25 finish: 1473408533 306315687 start: 1473408530 608891156
t_num: 28 finish: 1473408533 363891953 start: 1473408530 756307098
t_num: 16 finish: 1473408533 600243885 start: 1473408530 607972978
t_num: 17 finish: 1473408533 606693809 start: 1473408532 52930080
t_num: 4 finish: 1473408533 611258570 start: 1473408531 642292767
t_num: 18 finish: 1473408533 679289333 start: 1473408530 798922254
t_num: 7 finish: 1473408533 946956749 start: 1473408532 609052624
t_num: 10 finish: 1473408533 947057748 start: 1473408530 278994573
t_num: 27 finish: 1473408533 955081579 start: 1473408530 457613539
t_num: 2 finish: 1473408534 4409900 start: 1473408531 769683152
t_num: 21 finish: 1473408534 127589632 start: 1473408531 652480112
t_num: 28 finish: 1473408534 191471879 start: 1473408533 363918924
t_num: 14 finish: 1473408534 191564711 start: 1473408532 628416500
t_num: 23 finish: 1473408534 255756267 start: 1473408532 124673939
t_num: 26 finish: 1473408535 14201148 start: 1473408533 519670142
t_num: 16 finish: 1473408535 25583486 start: 1473408533 600286624
t_num: 25 finish: 1473408535 35159889 start: 1473408533 306353307
t_num: 15 finish: 1473408535 256591185 start: 1473408533 156719930
t_num: 3 finish: 1473408535 366483626 start: 1473408533 155869820
t_num: 1 finish: 1473408535 527376140 start: 1473408533 245352296
t_num: 10 finish: 1473408535 600966046 start: 1473408535 48951986
t_num: 17 finish: 1473408535 606453132 start: 1473408533 884315346
t_num: 6 finish: 1473408535 606714667 start: 1473408532 608819053
t_num: 20 finish: 1473408535 607104532 start: 1473408533 157514704
t_num: 18 finish: 1473408535 707533481 start: 1473408533 679368817
t_num: 19 finish: 1473408536 291863150 start: 1473408535 108058135
t_num: 14 finish: 1473408536 496578028 start: 1473408535 359234681
t_num: 26 finish: 1473408536 501579070 start: 1473408535 14236374
t_num: 27 finish: 1473408536 510980037 start: 1473408533 955102506
t_num: 11 finish: 1473408536 660308764 start: 1473408535 45398848
t_num: 22 finish: 1473408536 682770677 start: 1473408535 646894102
t_num: 7 finish: 1473408536 698636199 start: 1473408535 606689765
t_num: 1 finish: 1473408536 699421905 start: 1473408535 911303384
t_num: 29 finish: 1473408536 701354121 start: 1473408535 542128278
t_num: 4 finish: 1473408536 701354750 start: 1473408534 615653330
t_num: 10 finish: 1473408536 812459124 start: 1473408535 601016221
t_num: 28 finish: 1473408536 817208622 start: 1473408534 191527598
t_num: 25 finish: 1473408536 950544054 start: 1473408535 35176041
t_num: 16 finish: 1473408537 540939457 start: 1473408535 54989401
t_num: 11 finish: 1473408537 541947989 start: 1473408536 660337262
t_num: 19 finish: 1473408537 645551671 start: 1473408536 291913347
t_num: 7 finish: 1473408537 684093981 start: 1473408536 698658764
t_num: 6 finish: 1473408537 826738752 start: 1473408535 606733147
t_num: 5 finish: 1473408538 38684881 start: 1473408535 606911387
t_num: 3 finish: 1473408538 89226082 start: 1473408535 366510431
t_num: 15 finish: 1473408538 437121041 start: 1473408536 647277234
t_num: 22 finish: 1473408538 441804856 start: 1473408536 682815602
t_num: 21 finish: 1473408538 525206189 start: 1473408535 607129095
t_num: 20 finish: 1473408538 541997845 start: 1473408535 960827304
t_num: 26 finish: 1473408538 596843609 start: 1473408536 501598476
t_num: 10 finish: 1473408538 833360182 start: 1473408536 812492747
t_num: 27 finish: 1473408539 74983025 start: 1473408536 511001229
t_num: 20 finish: 1473408539 213236973 start: 1473408538 542018831
t_num: 3 finish: 1473408539 423008249 start: 1473408538 89252101
t_num: 11 finish: 1473408539 674858996 start: 1473408538 110669360
t_num: 31 finish: 1473408539 686136462 start: 1473408537 541760573
t_num: 1 finish: 1473408539 822323253 start: 1473408538 523827715
t_num: 14 finish: 1473408540 6619254 start: 1473408536 950605004
t_num: 29 finish: 1473408540 54653027 start: 1473408537 741121885
t_num: 25 finish: 1473408540 372703689 start: 1473408537 741142844
t_num: 12 finish: 1473408540 372705937 start: 1473408538 542095583
t_num: 18 finish: 1473408540 501445033 start: 1473408537 427646760
t_num: 6 finish: 1473408540 578231857 start: 1473408537 826784175
t_num: 22 finish: 1473408540 735795169 start: 1473408538 966033529
t_num: 16 finish: 1473408541 688000174 start: 1473408538 577956638
t_num: 19 finish: 1473408541 689318238 start: 1473408539 271755839
t_num: 11 finish: 1473408541 693509271 start: 1473408539 674907265
t_num: 31 finish: 1473408541 847734360 start: 1473408539 686159934
t_num: 2 finish: 1473408541 849471942 start: 1473408539 299065063
t_num: 18 finish: 1473408542 318724717 start: 1473408540 501500001
t_num: 27 finish: 1473408542 601410926 start: 1473408539 836392850
t_num: 30 finish: 1473408542 608507944 start: 1473408539 825495707
t_num: 26 finish: 1473408542 616719038 start: 1473408539 656949167
t_num: 13 finish: 1473408542 824116343 start: 1473408540 816778117
t_num: 7 finish: 1473408542 899654253 start: 1473408540 885369458
t_num: 23 finish: 1473408542 959677238 start: 1473408539 423020513
t_num: 14 finish: 1473408542 980979371 start: 1473408540 6664771
t_num: 3 finish: 1473408542 980983888 start: 1473408539 423051007
t_num: 21 finish: 1473408543 53670137 start: 1473408539 335555465
t_num: 12 finish: 1473408543 120273965 start: 1473408540 372791605
t_num: 16 finish: 1473408543 120294204 start: 1473408541 688046903
t_num: 19 finish: 1473408543 174113894 start: 1473408542 502097927
t_num: 29 finish: 1473408543 174132389 start: 1473408540 949721651
t_num: 15 finish: 1473408543 174157894 start: 1473408541 343984513
t_num: 6 finish: 1473408543 408205175 start: 1473408540 578264003
t_num: 1 finish: 1473408543 408209199 start: 1473408541 344649866
t_num: 25 finish: 1473408543 870699954 start: 1473408540 372764222
t_num: 3 finish: 1473408543 876033463 start: 1473408542 981044535
t_num: 29 finish: 1473408545 906521192 start: 1473408543 174191730
t_num: 2 finish: 1473408545 918929329 start: 1473408541 849493519
t_num: 4 finish: 1473408545 920144624 start: 1473408543 261664821
t_num: 19 finish: 1473408546 142446199 start: 1473408543 174161043
t_num: 31 finish: 1473408546 143726424 start: 1473408542 890543206
t_num: 24 finish: 1473408546 143821756 start: 1473408543 37452495
t_num: 13 finish: 1473408546 199048377 start: 1473408542 824262987
t_num: 11 finish: 1473408546 303282763 start: 1473408541 693571305
t_num: 7 finish: 1473408546 303427673 start: 1473408543 324984635
t_num: 18 finish: 1473408546 353787258 start: 1473408542 318761491
t_num: 27 finish: 1473408546 435547327 start: 1473408543 325002982
t_num: 1 finish: 1473408546 501809151 start: 1473408545 118144621
t_num: 25 finish: 1473408546 882307329 start: 1473408543 870743313
t_num: 23 finish: 1473408546 902071559 start: 1473408542 959707831
t_num: 14 finish: 1473408546 902110364 start: 1473408543 656967353
t_num: 17 finish: 1473408546 902318512 start: 1473408546 185722942
t_num: 29 finish: 1473408546 903334553 start: 1473408545 906550893
t_num: 19 finish: 1473408547 14556408 start: 1473408546 142494093
t_num: 3 finish: 1473408547 55820975 start: 1473408543 876062841
t_num: 2 finish: 1473408547 330872500 start: 1473408545 918961000
t_num: 7 finish: 1473408547 757164872 start: 1473408546 303445316
t_num: 0 finish: 1473408548 2991767 start: 1473408546 636504788
t_num: 15 finish: 1473408548 43380919 start: 1473408546 353637374
t_num: 12 finish: 1473408548 97509286 start: 1473408546 303555015
t_num: 24 finish: 1473408548 226473430 start: 1473408546 353556464
t_num: 22 finish: 1473408548 396193251 start: 1473408546 422156596
t_num: 29 finish: 1473408548 420704575 start: 1473408546 903354259
t_num: 11 finish: 1473408548 724217368 start: 1473408547 501259360
t_num: 7 finish: 1473408549 819308326 start: 1473408547 757199813
t_num: 1 finish: 1473408549 825880599 start: 1473408546 501861589
t_num: 9 finish: 1473408549 826712642 start: 1473408546 729883520
t_num: 23 finish: 1473408549 876264449 start: 1473408547 222064941
t_num: 3 finish: 1473408549 936991541 start: 1473408547 55888208
t_num: 31 finish: 1473408549 940952884 start: 1473408547 724176997
t_num: 24 finish: 1473408550 67050180 start: 1473408548 226510114
t_num: 17 finish: 1473408550 67280086 start: 1473408546 902339278
t_num: 19 finish: 1473408550 311448713 start: 1473408547 835038066
t_num: 0 finish: 1473408550 311456864 start: 1473408548 3019909
t_num: 13 finish: 1473408550 322530751 start: 1473408547 104233597
t_num: 28 finish: 1473408550 377137185 start: 1473408547 989651047
t_num: 12 finish: 1473408550 517304580 start: 1473408548 97536600
t_num: 29 finish: 1473408550 517472291 start: 1473408548 420744154
t_num: 25 finish: 1473408550 541412936 start: 1473408547 301181832
t_num: 7 finish: 1473408550 811682881 start: 1473408549 819353807
t_num: 14 finish: 1473408551 352395386 start: 1473408550 245648665
t_num: 24 finish: 1473408551 464071827 start: 1473408550 67076875
t_num: 5 finish: 1473408551 969376875 start: 1473408550 610918974
t_num: 28 finish: 1473408552 124418842 start: 1473408550 541399832
t_num: 9 finish: 1473408552 240173053 start: 1473408550 332251457
t_num: 1 finish: 1473408552 240174338 start: 1473408549 825906779
t_num: 13 finish: 1473408552 662295652 start: 1473408550 322551275
t_num: 10 finish: 1473408552 704189207 start: 1473408550 75081232
t_num: 17 finish: 1473408553 16589301 start: 1473408550 517257796
t_num: 21 finish: 1473408553 23820807 start: 1473408550 76935115
t_num: 23 finish: 1473408553 166933598 start: 1473408550 265621670
t_num: 19 finish: 1473408553 190711422 start: 1473408550 311484716
t_num: 0 finish: 1473408553 190776193 start: 1473408550 311497214
t_num: 12 finish: 1473408553 190965332 start: 1473408550 517332003
t_num: 30 finish: 1473408553 250335682 start: 1473408550 763396681
t_num: 29 finish: 1473408553 251073609 start: 1473408551 25464647
t_num: 28 finish: 1473408553 388394832 start: 1473408552 124444508
t_num: 11 finish: 1473408553 416735726 start: 1473408550 29279633
t_num: 2 finish: 1473408553 443490249 start: 1473408550 899496061
t_num: 15 finish: 1473408553 596630841 start: 1473408550 628514895
t_num: 8 finish: 1473408553 763409478 start: 1473408551 510827340
t_num: 12 finish: 1473408553 821119327 start: 1473408553 190984513
t_num: 24 finish: 1473408554 10510105 start: 1473408552 514927746
t_num: 21 finish: 1473408554 83844541 start: 1473408553 23842328
t_num: 27 finish: 1473408554 173609066 start: 1473408552 193891842
t_num: 5 finish: 1473408554 694462107 start: 1473408551 969412736
t_num: 18 finish: 1473408554 831747434 start: 1473408553 231930966
t_num: 22 finish: 1473408554 900605635 start: 1473408552 168756926
t_num: 8 finish: 1473408554 983549837 start: 1473408553 763440140
t_num: 2 finish: 1473408555 152216043 start: 1473408553 959179814
t_num: 13 finish: 1473408555 174165687 start: 1473408553 504398796
t_num: 16 finish: 1473408555 178170626 start: 1473408554 304000130
t_num: 6 finish: 1473408555 335600117 start: 1473408553 839085343
t_num: 20 finish: 1473408555 376361529 start: 1473408553 215867689
t_num: 17 finish: 1473408555 376427932 start: 1473408553 296750036
t_num: 9 finish: 1473408555 423630635 start: 1473408552 240221230
t_num: 30 finish: 1473408555 452792087 start: 1473408553 250366376
t_num: 0 finish: 1473408555 566640922 start: 1473408553 190817428
t_num: 19 finish: 1473408556 171337201 start: 1473408553 622611554
t_num: 15 finish: 1473408556 186642198 start: 1473408554 195189205
t_num: 2 finish: 1473408556 219211798 start: 1473408555 166941336
t_num: 0 finish: 1473408556 649086538 start: 1473408555 566728049
t_num: 28 finish: 1473408556 650061717 start: 1473408554 179178521
t_num: 16 finish: 1473408556 650093237 start: 1473408555 178187073
t_num: 11 finish: 1473408556 650765969 start: 1473408554 179818380
t_num: 21 finish: 1473408556 759092373 start: 1473408554 586769408
t_num: 12 finish: 1473408556 898151890 start: 1473408553 821163127
t_num: 5 finish: 1473408556 960568435 start: 1473408555 423607349
t_num: 7 finish: 1473408557 73553165 start: 1473408555 924243115
t_num: 22 finish: 1473408557 125289148 start: 1473408554 900651078
t_num: 18 finish: 1473408557 302190153 start: 1473408555 887760524
t_num: 26 finish: 1473408557 302297695 start: 1473408556 521488485
t_num: 15 finish: 1473408557 884828309 start: 1473408556 186664626
t_num: 6 finish: 1473408557 901859663 start: 1473408555 335636640
t_num: 13 finish: 1473408557 901859663 start: 1473408556 173230444
t_num: 8 finish: 1473408558 124604649 start: 1473408556 522062933
t_num: 24 finish: 1473408558 268784605 start: 1473408556 447889930
t_num: 19 finish: 1473408558 359209322 start: 1473408556 171360446
t_num: 5 finish: 1473408558 359250715 start: 1473408556 960608885
t_num: 0 finish: 1473408558 426207036 start: 1473408556 649130670
t_num: 9 finish: 1473408558 632811853 start: 1473408557 354914399
t_num: 22 finish: 1473408558 764692009 start: 1473408557 125311834
t_num: 2 finish: 1473408558 790422322 start: 1473408557 354902036
t_num: 21 finish: 1473408558 790501740 start: 1473408556 759133127
t_num: 26 finish: 1473408558 854927568 start: 1473408557 302334400
t_num: 7 finish: 1473408559 33417669 start: 1473408557 73611606
t_num: 15 finish: 1473408559 452822949 start: 1473408557 884872512
t_num: 13 finish: 1473408559 469140806 start: 1473408557 901911691
t_num: 16 finish: 1473408559 575914477 start: 1473408556 650115531
t_num: 31 finish: 1473408559 599148108 start: 1473408556 906070015
t_num: 1 finish: 1473408559 878911240 start: 1473408557 207769349
t_num: 12 finish: 1473408560 467610850 start: 1473408558 920718582
t_num: 16 finish: 1473408560 630863474 start: 1473408559 575947450
t_num: 15 finish: 1473408560 672539782 start: 1473408559 974457480
t_num: 31 finish: 1473408560 825599329 start: 1473408559 599170581
t_num: 29 finish: 1473408561 75692839 start: 1473408558 470267839
t_num: 19 finish: 1473408561 101394737 start: 1473408558 790848336
t_num: 23 finish: 1473408561 103669874 start: 1473408558 470347854
t_num: 8 finish: 1473408561 142779295 start: 1473408558 984324599
t_num: 27 finish: 1473408561 143063758 start: 1473408558 884173702
t_num: 0 finish: 1473408561 225102280 start: 1473408558 591882584
t_num: 3 finish: 1473408561 321646404 start: 1473408558 358904081
t_num: 2 finish: 1473408561 347830731 start: 1473408558 790454056
t_num: 5 finish: 1473408561 347849677 start: 1473408558 359269941
t_num: 26 finish: 1473408561 867477321 start: 1473408559 455745590
t_num: 7 finish: 1473408561 910061172 start: 1473408559 33443018
t_num: 1 finish: 1473408561 911602450 start: 1473408560 424368826
t_num: 24 finish: 1473408562 135060396 start: 1473408558 268847135
t_num: 14 finish: 1473408562 135882886 start: 1473408560 585804610
t_num: 25 finish: 1473408562 193573189 start: 1473408561 728099791
t_num: 13 finish: 1473408562 329164397 start: 1473408559 599750380
t_num: 22 finish: 1473408562 427104903 start: 1473408559 559180081
t_num: 12 finish: 1473408562 708109669 start: 1473408560 467638400
t_num: 8 finish: 1473408562 971346616 start: 1473408561 142831396
t_num: 17 finish: 1473408563 266562799 start: 1473408560 463421432
t_num: 26 finish: 1473408564 50976235 start: 1473408561 867513235
t_num: 29 finish: 1473408564 120871234 start: 1473408561 75735882
t_num: 27 finish: 1473408564 230434117 start: 1473408561 904380939
t_num: 22 finish: 1473408564 366932192 start: 1473408562 427134411
t_num: 13 finish: 1473408564 681460850 start: 1473408562 329208409
t_num: 5 finish: 1473408564 917122006 start: 1473408561 347895964
t_num: 15 finish: 1473408565 135417363 start: 1473408562 329190027
t_num: 8 finish: 1473408565 277195774 start: 1473408562 971381338
t_num: 3 finish: 1473408565 329057537 start: 1473408561 321702347
t_num: 25 finish: 1473408565 329062916 start: 1473408562 193608449
t_num: 9 finish: 1473408565 411527705 start: 1473408563 86189556
t_num: 12 finish: 1473408565 578073454 start: 1473408562 708152777
t_num: 6 finish: 1473408565 580211798 start: 1473408564 50398033
t_num: 17 finish: 1473408565 812244516 start: 1473408563 266609072
t_num: 15 finish: 1473408565 932150670 start: 1473408565 135445576
t_num: 5 finish: 1473408565 942369111 start: 1473408564 917165762
t_num: 24 finish: 1473408565 942371817 start: 1473408562 732950004
t_num: 19 finish: 1473408566 72768202 start: 1473408563 169612094
t_num: 18 finish: 1473408566 460535822 start: 1473408564 366978103
t_num: 20 finish: 1473408566 480335251 start: 1473408565 134576137
t_num: 23 finish: 1473408566 481827329 start: 1473408564 790732315
t_num: 13 finish: 1473408566 532882773 start: 1473408564 681498449
t_num: 7 finish: 1473408566 538521913 start: 1473408563 966141355
t_num: 9 finish: 1473408566 550949448 start: 1473408565 411550142
t_num: 14 finish: 1473408566 894389262 start: 1473408564 366934118
t_num: 0 finish: 1473408566 894389262 start: 1473408564 611980421
t_num: 31 finish: 1473408567 543575378 start: 1473408566 73517249
t_num: 16 finish: 1473408567 828856323 start: 1473408565 416726423
t_num: 27 finish: 1473408567 830445469 start: 1473408565 378896625
t_num: 14 finish: 1473408568 192267977 start: 1473408566 894435304
t_num: 11 finish: 1473408568 591339287 start: 1473408564 957396742
t_num: 6 finish: 1473408568 592023754 start: 1473408565 580235181
t_num: 24 finish: 1473408568 886073649 start: 1473408565 942404312
t_num: 15 finish: 1473408568 886364839 start: 1473408566 534750516
t_num: 7 finish: 1473408569 118927717 start: 1473408566 538543135
t_num: 30 finish: 1473408569 230248545 start: 1473408566 688276516
t_num: 23 finish: 1473408569 230308238 start: 1473408566 481843482
t_num: 11 finish: 1473408569 249533750 start: 1473408568 591384631
t_num: 8 finish: 1473408569 249542845 start: 1473408566 530621655
t_num: 26 finish: 1473408569 249612428 start: 1473408566 534765254
t_num: 5 finish: 1473408569 249699874 start: 1473408565 942395064
t_num: 18 finish: 1473408569 350674791 start: 1473408566 460576914
t_num: 16 finish: 1473408569 406569044 start: 1473408567 828891834
t_num: 0 finish: 1473408569 416686473 start: 1473408566 894454786
t_num: 3 finish: 1473408569 532830485 start: 1473408568 605924116
t_num: 13 finish: 1473408569 532850401 start: 1473408567 651459725
t_num: 19 finish: 1473408569 593296573 start: 1473408567 425057178
t_num: 12 finish: 1473408569 919917170 start: 1473408567 731086713
t_num: 7 finish: 1473408569 993956804 start: 1473408569 118981058
t_num: 27 finish: 1473408570 358152431 start: 1473408568 885402135
t_num: 28 finish: 1473408570 688244520 start: 1473408569 476416637
t_num: 17 finish: 1473408570 771522203 start: 1473408568 1712781
t_num: 20 finish: 1473408570 883392390 start: 1473408568 585609444
t_num: 1 finish: 1473408570 883458479 start: 1473408569 325549337
t_num: 15 finish: 1473408570 883636650 start: 1473408568 886385830
t_num: 0 finish: 1473408570 939722481 start: 1473408569 416712151
t_num: 4 finish: 1473408570 986098475 start: 1473408569 377620321
t_num: 5 finish: 1473408571 502125639 start: 1473408569 249718268
t_num: 23 finish: 1473408572 137329246 start: 1473408569 230327922
t_num: 18 finish: 1473408572 208484128 start: 1473408569 646385537
t_num: 15 finish: 1473408572 458431230 start: 1473408570 883655829
t_num: 13 finish: 1473408572 466588213 start: 1473408570 941928315
t_num: 7 finish: 1473408572 502806681 start: 1473408569 994005205
t_num: 16 finish: 1473408572 502810564 start: 1473408569 920026594
t_num: 12 finish: 1473408572 608595189 start: 1473408569 919973921
t_num: 28 finish: 1473408572 608895472 start: 1473408570 688285619
t_num: 26 finish: 1473408572 609523936 start: 1473408571 698175256
t_num: 19 finish: 1473408572 608595189 start: 1473408571 497785047
t_num: 20 finish: 1473408572 827638206 start: 1473408571 499447811
t_num: 22 finish: 1473408572 829477102 start: 1473408571 177666158
t_num: 29 finish: 1473408572 831075273 start: 1473408569 532831310
t_num: 4 finish: 1473408572 884329154 start: 1473408570 986123526
t_num: 1 finish: 1473408573 312517498 start: 1473408570 883509068
t_num: 13 finish: 1473408573 346389953 start: 1473408572 466611866
t_num: 21 finish: 1473408573 534068295 start: 1473408571 185846209
t_num: 29 finish: 1473408573 534539883 start: 1473408572 831095636
t_num: 2 finish: 1473408573 549362121 start: 1473408572 44889655
t_num: 15 finish: 1473408573 747484556 start: 1473408572 458474804
t_num: 11 finish: 1473408573 815602062 start: 1473408571 498864472
t_num: 23 finish: 1473408573 895821680 start: 1473408572 137357756
t_num: 14 finish: 1473408573 996510513 start: 1473408572 120756334
t_num: 22 finish: 1473408574 6010685 start: 1473408572 829497846
t_num: 20 finish: 1473408574 403531277 start: 1473408572 827681554
t_num: 25 finish: 1473408574 442472070 start: 1473408572 244932806
t_num: 10 finish: 1473408574 841562142 start: 1473408571 594606149
t_num: 26 finish: 1473408574 934008909 start: 1473408572 609543377
t_num: 9 finish: 1473408575 46169622 start: 1473408572 608858804
t_num: 22 finish: 1473408575 85776172 start: 1473408574 6048629
t_num: 4 finish: 1473408575 99806622 start: 1473408573 842039964
t_num: 19 finish: 1473408575 390724644 start: 1473408573 703367303
t_num: 7 finish: 1473408575 828984166 start: 1473408573 214091229
t_num: 21 finish: 1473408576 175556491 start: 1473408573 534109747
t_num: 26 finish: 1473408576 240841290 start: 1473408574 934039449
t_num: 18 finish: 1473408576 459560170 start: 1473408573 717447555
t_num: 29 finish: 1473408576 460348779 start: 1473408573 534559993
t_num: 9 finish: 1473408576 724942259 start: 1473408575 46194571
t_num: 2 finish: 1473408576 766698868 start: 1473408573 549404369
t_num: 15 finish: 1473408576 829642659 start: 1473408575 88574221
t_num: 20 finish: 1473408576 967122042 start: 1473408574 403567448
t_num: 3 finish: 1473408577 31362427 start: 1473408574 440420680
t_num: 4 finish: 1473408577 44611409 start: 1473408575 99827916
t_num: 1 finish: 1473408577 96499771 start: 1473408573 688329059
t_num: 31 finish: 1473408577 118951259 start: 1473408575 88556877
t_num: 22 finish: 1473408577 136788209 start: 1473408575 766964711
t_num: 25 finish: 1473408577 196212786 start: 1473408574 442496807
t_num: 17 finish: 1473408577 257266420 start: 1473408575 561849022
t_num: 19 finish: 1473408577 762686444 start: 1473408575 390772950
t_num: 23 finish: 1473408577 941165571 start: 1473408575 696176867
t_num: 7 finish: 1473408578 30301178 start: 1473408575 829064054
t_num: 9 finish: 1473408578 54207321 start: 1473408576 724971762
t_num: 11 finish: 1473408578 310275227 start: 1473408575 233398092
t_num: 15 finish: 1473408578 934104973 start: 1473408576 829680950
t_num: 4 finish: 1473408579 317935360 start: 1473408577 44632393
t_num: 31 finish: 1473408579 320575996 start: 1473408577 118972198
t_num: 18 finish: 1473408579 387594467 start: 1473408577 545173787
t_num: 17 finish: 1473408579 551958132 start: 1473408577 798291000
t_num: 20 finish: 1473408579 594325558 start: 1473408576 967153407
t_num: 30 finish: 1473408579 618085246 start: 1473408577 18452856
t_num: 12 finish: 1473408579 654190849 start: 1473408577 576000721
t_num: 3 finish: 1473408579 654195581 start: 1473408577 31382490
t_num: 9 finish: 1473408579 700094789 start: 1473408578 769117239
t_num: 14 finish: 1473408579 779783628 start: 1473408576 241105118
t_num: 28 finish: 1473408579 826997533 start: 1473408577 512613091
t_num: 2 finish: 1473408579 853444711 start: 1473408578 597885618
t_num: 27 finish: 1473408580 322685204 start: 1473408577 894161774
t_num: 23 finish: 1473408580 346876715 start: 1473408577 941192199
t_num: 18 finish: 1473408580 594354556 start: 1473408579 387619577
t_num: 15 finish: 1473408580 611606219 start: 1473408578 934140342
t_num: 26 finish: 1473408580 762768189 start: 1473408578 630424826
t_num: 7 finish: 1473408580 801057852 start: 1473408578 30340525
t_num: 20 finish: 1473408581 147938709 start: 1473408579 594351856
t_num: 0 finish: 1473408581 408710228 start: 1473408578 666213948
t_num: 31 finish: 1473408581 630415326 start: 1473408580 319818478
t_num: 12 finish: 1473408581 639792713 start: 1473408579 654215399
t_num: 27 finish: 1473408581 653302910 start: 1473408580 322707334
t_num: 3 finish: 1473408581 685612491 start: 1473408579 654239855
t_num: 4 finish: 1473408581 897740548 start: 1473408579 682139856
t_num: 28 finish: 1473408581 897760480 start: 1473408580 217675742
t_num: 25 finish: 1473408581 897841399 start: 1473408578 259677050
t_num: 15 finish: 1473408582 123386331 start: 1473408580 611630363
t_num: 1 finish: 1473408582 225154960 start: 1473408580 218567287
t_num: 26 finish: 1473408582 457159338 start: 1473408580 762827042
t_num: 9 finish: 1473408582 543457787 start: 1473408579 700117339
t_num: 7 finish: 1473408582 629961499 start: 1473408580 801095441
t_num: 23 finish: 1473408582 899232334 start: 1473408580 619473716
t_num: 29 finish: 1473408583 111178558 start: 1473408580 234856730
t_num: 13 finish: 1473408583 384466978 start: 1473408581 5418750
t_num: 11 finish: 1473408583 386497867 start: 1473408580 422375379
t_num: 5 finish: 1473408583 386652117 start: 1473408581 332535992
t_num: 19 finish: 1473408583 438919861 start: 1473408581 234745581
t_num: 31 finish: 1473408584 250233897 start: 1473408581 630454625
t_num: 20 finish: 1473408584 252623691 start: 1473408581 750837271
t_num: 29 finish: 1473408584 503587524 start: 1473408583 111208006
t_num: 3 finish: 1473408584 562781153 start: 1473408582 744629125
t_num: 0 finish: 1473408584 562873552 start: 1473408581 408774370
t_num: 8 finish: 1473408584 654890845 start: 1473408581 746472848
t_num: 28 finish: 1473408584 809512145 start: 1473408582 749335282
t_num: 25 finish: 1473408584 847099063 start: 1473408583 176788321
t_num: 23 finish: 1473408584 847100629 start: 1473408582 899272007
t_num: 16 finish: 1473408584 890218607 start: 1473408581 765208172
t_num: 9 finish: 1473408584 930710483 start: 1473408583 377872828
t_num: 14 finish: 1473408584 930713526 start: 1473408583 66324788
t_num: 31 finish: 1473408584 980660191 start: 1473408584 250272563
t_num: 24 finish: 1473408585 39044114 start: 1473408582 34150287
t_num: 1 finish: 1473408585 46555715 start: 1473408583 66962743
t_num: 7 finish: 1473408585 645326111 start: 1473408583 401586426
t_num: 12 finish: 1473408585 821560593 start: 1473408583 377839944
t_num: 21 finish: 1473408585 998914111 start: 1473408584 151028453
t_num: 19 finish: 1473408586 649706700 start: 1473408584 706599952
t_num: 4 finish: 1473408586 694391855 start: 1473408583 438924602
t_num: 9 finish: 1473408586 701600298 start: 1473408585 446508557
t_num: 29 finish: 1473408586 701739090 start: 1473408584 503618766
t_num: 23 finish: 1473408586 701811680 start: 1473408584 847210344
t_num: 22 finish: 1473408586 762956712 start: 1473408584 535245044
t_num: 26 finish: 1473408586 986321669 start: 1473408584 706570571
t_num: 21 finish: 1473408587 77938534 start: 1473408585 998949548
t_num: 24 finish: 1473408587 399611429 start: 1473408585 39094144
t_num: 31 finish: 1473408587 400576051 start: 1473408584 980681150
t_num: 11 finish: 1473408587 400669118 start: 1473408584 706626269
t_num: 30 finish: 1473408587 410873999 start: 1473408584 764704883
t_num: 27 finish: 1473408587 420574581 start: 1473408585 821581178
t_num: 14 finish: 1473408587 461460174 start: 1473408585 920195391
t_num: 8 finish: 1473408587 831843783 start: 1473408585 558416393
t_num: 28 finish: 1473408587 868394540 start: 1473408586 257847320
t_num: 29 finish: 1473408587 999523196 start: 1473408586 701757822
t_num: 22 finish: 1473408588 222434971 start: 1473408586 762981183
t_num: 26 finish: 1473408588 233124573 start: 1473408586 986357999
t_num: 25 finish: 1473408588 233185244 start: 1473408584 847127882
t_num: 19 finish: 1473408588 630290627 start: 1473408586 649744276
t_num: 6 finish: 1473408588 630295178 start: 1473408586 879174121
t_num: 13 finish: 1473408588 795737825 start: 1473408587 378980200
t_num: 23 finish: 1473408589 282270081 start: 1473408586 701827850
t_num: 27 finish: 1473408589 283128470 start: 1473408587 420594925
t_num: 24 finish: 1473408589 283190844 start: 1473408587 399640854
t_num: 21 finish: 1473408589 346600962 start: 1473408587 77964608
t_num: 31 finish: 1473408589 378549127 start: 1473408587 400613234
t_num: 26 finish: 1473408589 500988796 start: 1473408588 233144264
t_num: 0 finish: 1473408589 932807541 start: 1473408587 280406500
t_num: 17 finish: 1473408590 280074193 start: 1473408586 939429767
t_num: 20 finish: 1473408590 472441702 start: 1473408588 187361943
t_num: 25 finish: 1473408590 565181695 start: 1473408588 233204003
t_num: 18 finish: 1473408590 565895349 start: 1473408588 248287918
t_num: 21 finish: 1473408590 663052356 start: 1473408589 346627723
t_num: 30 finish: 1473408590 694414112 start: 1473408589 530593134
t_num: 27 finish: 1473408590 721912970 start: 1473408589 283148104
t_num: 11 finish: 1473408590 903980856 start: 1473408589 252050978
t_num: 24 finish: 1473408591 252274237 start: 1473408590 113933074
t_num: 28 finish: 1473408591 405526550 start: 1473408589 233871582
t_num: 6 finish: 1473408591 451068638 start: 1473408588 630347593
t_num: 8 finish: 1473408591 844058456 start: 1473408590 114516101
t_num: 29 finish: 1473408591 846237501 start: 1473408589 255618935
t_num: 23 finish: 1473408591 847440152 start: 1473408590 565901499
t_num: 22 finish: 1473408592 379639582 start: 1473408589 676980320
t_num: 25 finish: 1473408592 704206495 start: 1473408590 675267626
t_num: 31 finish: 1473408592 706074703 start: 1473408589 378574005
t_num: 21 finish: 1473408592 758298427 start: 1473408590 663111616
t_num: 14 finish: 1473408593 12414166 start: 1473408590 222519311
t_num: 11 finish: 1473408593 73794093 start: 1473408590 904044784
t_num: 10 finish: 1473408593 73845110 start: 1473408591 848124254
t_num: 28 finish: 1473408593 145100839 start: 1473408591 405586719
t_num: 8 finish: 1473408593 633387611 start: 1473408591 844100726
t_num: 16 finish: 1473408593 636575857 start: 1473408590 925923429
t_num: 13 finish: 1473408593 830932649 start: 1473408591 406231327
t_num: 20 finish: 1473408594 106009231 start: 1473408592 777305094
t_num: 6 finish: 1473408594 325927406 start: 1473408591 451098210
t_num: 18 finish: 1473408594 505727538 start: 1473408591 845525950
t_num: 11 finish: 1473408594 505831685 start: 1473408593 73824181
t_num: 26 finish: 1473408594 533499254 start: 1473408590 926795232
t_num: 30 finish: 1473408594 533650031 start: 1473408591 406257663
t_num: 27 finish: 1473408594 577979956 start: 1473408591 689076020
t_num: 16 finish: 1473408594 716687494 start: 1473408593 636594807
t_num: 14 finish: 1473408595 83034772 start: 1473408593 971027251
t_num: 15 finish: 1473408595 218768855 start: 1473408591 150917248
t_num: 22 finish: 1473408595 280575803 start: 1473408592 379679609
t_num: 23 finish: 1473408595 280589002 start: 1473408592 706061161
t_num: 0 finish: 1473408595 345932636 start: 1473408594 93392864
t_num: 12 finish: 1473408595 397470424 start: 1473408594 446638268
t_num: 25 finish: 1473408595 655942721 start: 1473408593 958357856
t_num: 18 finish: 1473408595 752317054 start: 1473408594 505755999
t_num: 8 finish: 1473408595 836968736 start: 1473408593 633419583
t_num: 31 finish: 1473408595 837054043 start: 1473408593 633968766
t_num: 30 finish: 1473408596 56687261 start: 1473408594 533688194
t_num: 14 finish: 1473408596 73383584 start: 1473408595 83083118
t_num: 29 finish: 1473408596 74135941 start: 1473408593 114600972
t_num: 26 finish: 1473408596 155543717 start: 1473408594 533540152
t_num: 10 finish: 1473408596 300582168 start: 1473408594 578251450
t_num: 4 finish: 1473408596 300590542 start: 1473408594 471113710
t_num: 2 finish: 1473408596 449248657 start: 1473408595 656654789
t_num: 1 finish: 1473408596 813722040 start: 1473408594 740608602
t_num: 20 finish: 1473408596 930305895 start: 1473408594 106040163
t_num: 15 finish: 1473408597 71140070 start: 1473408595 218801172
t_num: 27 finish: 1473408597 726586249 start: 1473408595 963738541
t_num: 31 finish: 1473408597 727376884 start: 1473408595 837090788
t_num: 11 finish: 1473408597 731013142 start: 1473408595 503497213
t_num: 23 finish: 1473408597 732060850 start: 1473408595 280717729
t_num: 19 finish: 1473408597 800783638 start: 1473408596 510135336
t_num: 0 finish: 1473408597 851581277 start: 1473408595 345960715
t_num: 18 finish: 1473408598 251813029 start: 1473408596 804939138
t_num: 8 finish: 1473408598 340370041 start: 1473408595 837032046
t_num: 26 finish: 1473408598 604665837 start: 1473408596 155568765
t_num: 22 finish: 1473408598 733215675 start: 1473408597 177968758
t_num: 2 finish: 1473408598 736188723 start: 1473408597 405520000
t_num: 10 finish: 1473408598 739294005 start: 1473408596 300626457
t_num: 15 finish: 1473408598 841790049 start: 1473408597 71167567
t_num: 30 finish: 1473408598 921693849 start: 1473408597 150812218
t_num: 4 finish: 1473408598 980307038 start: 1473408596 300631224
t_num: 16 finish: 1473408599 346004533 start: 1473408597 962083087
t_num: 21 finish: 1473408599 346675662 start: 1473408596 615585848
t_num: 23 finish: 1473408599 583563196 start: 1473408597 732081090
t_num: 1 finish: 1473408599 661620643 start: 1473408598 299862994
t_num: 25 finish: 1473408599 729659336 start: 1473408598 187387056
t_num: 0 finish: 1473408599 773227247 start: 1473408598 178343566
t_num: 14 finish: 1473408599 808783150 start: 1473408597 154295354
t_num: 19 finish: 1473408600 664854560 start: 1473408597 800824550
t_num: 6 finish: 1473408600 667000164 start: 1473408598 378178358
t_num: 23 finish: 1473408601 115832986 start: 1473408599 583593325
t_num: 20 finish: 1473408601 164446728 start: 1473408598 530154619
t_num: 2 finish: 1473408601 438816616 start: 1473408598 736210654
t_num: 8 finish: 1473408601 610464012 start: 1473408598 340405010
t_num: 10 finish: 1473408601 675963743 start: 1473408599 324484783
t_num: 0 finish: 1473408601 727221100 start: 1473408599 773251289
t_num: 4 finish: 1473408601 747769710 start: 1473408598 980346672
t_num: 15 finish: 1473408601 747824260 start: 1473408598 841820505
t_num: 9 finish: 1473408601 918370843 start: 1473408599 453197243
t_num: 26 finish: 1473408602 421447618 start: 1473408598 604700093
t_num: 19 finish: 1473408602 572882468 start: 1473408600 664898065
t_num: 14 finish: 1473408602 709024011 start: 1473408599 808824703
t_num: 25 finish: 1473408602 725318283 start: 1473408599 729699306
t_num: 3 finish: 1473408602 725338327 start: 1473408599 867791466
t_num: 7 finish: 1473408603 6711781 start: 1473408599 414615100
t_num: 1 finish: 1473408603 310304175 start: 1473408600 559235981
t_num: 21 finish: 1473408603 416896189 start: 1473408600 668144469
t_num: 29 finish: 1473408603 780648883 start: 1473408601 804993985
t_num: 15 finish: 1473408603 829053343 start: 1473408601 747843812
t_num: 22 finish: 1473408604 27562860 start: 1473408601 792221658
t_num: 20 finish: 1473408604 52292949 start: 1473408601 164470019
t_num: 4 finish: 1473408604 168747801 start: 1473408602 517358102
t_num: 0 finish: 1473408604 204435118 start: 1473408601 727259530
t_num: 10 finish: 1473408604 205159861 start: 1473408601 675996603
t_num: 16 finish: 1473408604 216649217 start: 1473408601 64955777
t_num: 28 finish: 1473408604 217679036 start: 1473408601 298566688
t_num: 2 finish: 1473408604 590314252 start: 1473408602 536052881
t_num: 9 finish: 1473408604 596018771 start: 1473408603 277864325
t_num: 18 finish: 1473408604 596073090 start: 1473408602 403925297
t_num: 8 finish: 1473408604 788360767 start: 1473408602 487227797
t_num: 29 finish: 1473408605 48121068 start: 1473408603 780692766
t_num: 17 finish: 1473408605 335996225 start: 1473408603 11421263
t_num: 7 finish: 1473408605 336086589 start: 1473408603 6756575
t_num: 13 finish: 1473408605 336197369 start: 1473408604 203706296
t_num: 14 finish: 1473408605 520268038 start: 1473408602 709067883
t_num: 20 finish: 1473408605 521690357 start: 1473408604 52319594
t_num: 21 finish: 1473408605 522005549 start: 1473408603 416948598
t_num: 15 finish: 1473408605 542463102 start: 1473408604 10124710
t_num: 25 finish: 1473408605 568073701 start: 1473408602 725345564
t_num: 29 finish: 1473408605 787028398 start: 1473408605 48153364
t_num: 0 finish: 1473408605 942578094 start: 1473408604 655330329
t_num: 16 finish: 1473408605 985913270 start: 1473408604 216689417
t_num: 9 finish: 1473408606 691461186 start: 1473408605 274106586
t_num: 28 finish: 1473408606 705344763 start: 1473408604 217700259
t_num: 5 finish: 1473408606 705419969 start: 1473408604 7663112
t_num: 12 finish: 1473408606 708393870 start: 1473408604 557726380
t_num: 1 finish: 1473408606 968505665 start: 1473408604 557836125
t_num: 15 finish: 1473408607 239846044 start: 1473408605 542483791
t_num: 13 finish: 1473408607 241671674 start: 1473408605 677384996
t_num: 20 finish: 1473408607 241705693 start: 1473408605 521709901
t_num: 21 finish: 1473408607 268339578 start: 1473408606 554181628
t_num: 30 finish: 1473408607 526768896 start: 1473408606 119516788
t_num: 29 finish: 1473408607 528363719 start: 1473408605 787056461
t_num: 3 finish: 1473408607 528632990 start: 1473408605 192082786
t_num: 25 finish: 1473408607 734899399 start: 1473408606 233049857
t_num: 2 finish: 1473408607 735982252 start: 1473408606 268164721
t_num: 15 finish: 1473408607 952509562 start: 1473408607 239954119
t_num: 1 finish: 1473408607 958206241 start: 1473408606 968544786
t_num: 24 finish: 1473408607 961251599 start: 1473408605 989029122
t_num: 19 finish: 1473408608 112740544 start: 1473408605 522072234
t_num: 7 finish: 1473408608 506756104 start: 1473408606 266936729
t_num: 11 finish: 1473408608 633820599 start: 1473408605 786424491
t_num: 0 finish: 1473408608 737284430 start: 1473408607 38201875
t_num: 31 finish: 1473408608 975129683 start: 1473408606 19359256
t_num: 29 finish: 1473408609 185157228 start: 1473408607 528389607
t_num: 30 finish: 1473408609 194040662 start: 1473408607 526828052
t_num: 21 finish: 1473408609 482988785 start: 1473408607 268364919
t_num: 23 finish: 1473408609 580801057 start: 1473408607 941477604
t_num: 18 finish: 1473408609 614098459 start: 1473408606 989203529
t_num: 5 finish: 1473408609 773938705 start: 1473408607 528677590
t_num: 15 finish: 1473408609 861594675 start: 1473408607 952542455
t_num: 7 finish: 1473408609 868470286 start: 1473408608 506809760
t_num: 9 finish: 1473408609 868507749 start: 1473408608 531266118
t_num: 11 finish: 1473408609 868809110 start: 1473408608 893388197
t_num: 20 finish: 1473408609 973024680 start: 1473408607 530716385
t_num: 14 finish: 1473408610 273013957 start: 1473408608 354104620
t_num: 3 finish: 1473408610 419633491 start: 1473408607 528652824
t_num: 27 finish: 1473408610 463893724 start: 1473408608 948315460
t_num: 21 finish: 1473408610 595751882 start: 1473408609 483041700
t_num: 28 finish: 1473408611 409107491 start: 1473408608 383890354
t_num: 5 finish: 1473408611 483211592 start: 1473408609 773960409
t_num: 2 finish: 1473408611 483224302 start: 1473408609 198536282
t_num: 30 finish: 1473408611 673973822 start: 1473408609 194062531
t_num: 0 finish: 1473408611 674282587 start: 1473408608 737320982
t_num: 20 finish: 1473408611 721036139 start: 1473408609 973061433
t_num: 7 finish: 1473408611 899318691 start: 1473408609 868510111
t_num: 6 finish: 1473408612 21405274 start: 1473408610 448413947
t_num: 18 finish: 1473408612 22034072 start: 1473408609 614156671
t_num: 23 finish: 1473408612 99616958 start: 1473408610 658852720
t_num: 15 finish: 1473408612 163325680 start: 1473408609 861635274
t_num: 26 finish: 1473408612 233447179 start: 1473408610 131585901
t_num: 9 finish: 1473408612 539847216 start: 1473408611 372488433
t_num: 16 finish: 1473408612 820591384 start: 1473408611 670269189
t_num: 19 finish: 1473408612 821460712 start: 1473408611 370355551
t_num: 10 finish: 1473408612 858267111 start: 1473408609 866025959
t_num: 17 finish: 1473408613 41728899 start: 1473408610 231929196
t_num: 21 finish: 1473408613 41753560 start: 1473408611 406609479
t_num: 22 finish: 1473408613 41999465 start: 1473408610 867048919
t_num: 3 finish: 1473408613 156838859 start: 1473408612 5197480
t_num: 29 finish: 1473408613 344728635 start: 1473408610 234482583
t_num: 13 finish: 1473408613 345417266 start: 1473408611 454663306
t_num: 24 finish: 1473408613 389272517 start: 1473408611 672356599
t_num: 18 finish: 1473408613 943404433 start: 1473408612 22054053
t_num: 5 finish: 1473408614 22566586 start: 1473408611 483250899
t_num: 7 finish: 1473408614 26625747 start: 1473408611 899341635
t_num: 15 finish: 1473408614 29558169 start: 1473408612 163351876
t_num: 22 finish: 1473408614 568857961 start: 1473408613 42025928
t_num: 9 finish: 1473408614 569448734 start: 1473408612 539891652
t_num: 8 finish: 1473408614 625843297 start: 1473408612 859422821
t_num: 29 finish: 1473408614 652190013 start: 1473408613 344771191
t_num: 28 finish: 1473408614 936694163 start: 1473408611 468866363
t_num: 30 finish: 1473408614 936759698 start: 1473408611 673998793
t_num: 0 finish: 1473408615 359515936 start: 1473408613 664984531
t_num: 19 finish: 1473408615 564562077 start: 1473408612 821482062
t_num: 2 finish: 1473408615 830276276 start: 1473408612 471853699
t_num: 18 finish: 1473408615 906254773 start: 1473408613 943429577
t_num: 23 finish: 1473408616 108918324 start: 1473408613 83288832
t_num: 10 finish: 1473408616 111174564 start: 1473408613 867429436
t_num: 24 finish: 1473408616 112480860 start: 1473408614 197854680
t_num: 8 finish: 1473408616 213317820 start: 1473408615 136499118
t_num: 20 finish: 1473408616 213395094 start: 1473408613 903312309
t_num: 7 finish: 1473408616 271817337 start: 1473408614 26648987
t_num: 30 finish: 1473408616 936331370 start: 1473408614 936773755
t_num: 16 finish: 1473408616 971717599 start: 1473408612 941718049
t_num: 25 finish: 1473408617 512466095 start: 1473408614 639253412
t_num: 22 finish: 1473408617 922237414 start: 1473408615 468352511
t_num: 28 finish: 1473408617 923419021 start: 1473408614 936739518
t_num: 9 finish: 1473408617 923420934 start: 1473408614 569468780
t_num: 13 finish: 1473408617 946697576 start: 1473408615 468515202
t_num: 0 finish: 1473408618 451170444 start: 1473408615 359551230
t_num: 31 finish: 1473408618 517404530 start: 1473408615 740162820
t_num: 3 finish: 1473408618 564263392 start: 1473408615 277726628
t_num: 7 finish: 1473408618 633064625 start: 1473408616 271842365
t_num: 10 finish: 1473408618 634811440 start: 1473408616 111196157
t_num: 29 finish: 1473408618 638242633 start: 1473408615 802017041
t_num: 27 finish: 1473408618 953832638 start: 1473408616 814549983
t_num: 20 finish: 1473408619 33662598 start: 1473408617 890211543
t_num: 18 finish: 1473408619 343022986 start: 1473408615 906298834
t_num: 14 finish: 1473408619 452494156 start: 1473408618 409734255
t_num: 12 finish: 1473408619 568847273 start: 1473408618 103144169
t_num: 2 finish: 1473408619 640439507 start: 1473408615 830304942
t_num: 5 finish: 1473408619 768004311 start: 1473408616 17083376
t_num: 13 finish: 1473408619 812407384 start: 1473408617 946721987
t_num: 16 finish: 1473408619 874132480 start: 1473408616 971765919
t_num: 25 finish: 1473408619 955873578 start: 1473408617 512509665
t_num: 19 finish: 1473408620 166055972 start: 1473408618 287083434
t_num: 11 finish: 1473408620 421184800 start: 1473408616 612257708
t_num: 28 finish: 1473408620 564433641 start: 1473408617 923443925
t_num: 31 finish: 1473408620 737935544 start: 1473408618 517429300
t_num: 0 finish: 1473408620 739813093 start: 1473408618 451194578
t_num: 9 finish: 1473408620 743637546 start: 1473408619 33747445
t_num: 6 finish: 1473408620 775741431 start: 1473408618 922733027
t_num: 10 finish: 1473408621 48099985 start: 1473408618 634833646
t_num: 1 finish: 1473408621 150395302 start: 1473408616 625630589
t_num: 18 finish: 1473408621 186313751 start: 1473408619 343069705
t_num: 29 finish: 1473408621 186627017 start: 1473408618 638263047
t_num: 23 finish: 1473408621 554089845 start: 1473408617 892045060
t_num: 27 finish: 1473408621 770747105 start: 1473408619 567616011
t_num: 13 finish: 1473408621 799998435 start: 1473408619 812449424
t_num: 5 finish: 1473408622 41121544 start: 1473408620 924051410
t_num: 1 finish: 1473408622 153373265 start: 1473408621 150456611
t_num: 8 finish: 1473408622 183099417 start: 1473408620 488376172
t_num: 6 finish: 1473408622 183106138 start: 1473408620 775758883
t_num: 17 finish: 1473408622 183483359 start: 1473408621 361842902
t_num: 23 finish: 1473408622 197975155 start: 1473408621 554146168
t_num: 25 finish: 1473408622 228499838 start: 1473408620 894071125
t_num: 28 finish: 1473408622 290090755 start: 1473408620 564467376
t_num: 31 finish: 1473408622 298324354 start: 1473408621 511599059
t_num: 19 finish: 1473408622 367419688 start: 1473408620 166091671
t_num: 12 finish: 1473408622 541078282 start: 1473408619 568889029
t_num: 21 finish: 1473408622 839623984 start: 1473408619 181912688
t_num: 20 finish: 1473408622 840245863 start: 1473408619 596020890
t_num: 11 finish: 1473408623 95580186 start: 1473408620 421220244
t_num: 18 finish: 1473408623 98569797 start: 1473408621 186340543
t_num: 16 finish: 1473408623 803415912 start: 1473408622 298119730
t_num: 17 finish: 1473408623 803459311 start: 1473408622 183503521
t_num: 10 finish: 1473408624 224733523 start: 1473408622 541080820
t_num: 13 finish: 1473408624 596291487 start: 1473408621 800033296
t_num: 22 finish: 1473408624 684334619 start: 1473408621 979173098
t_num: 18 finish: 1473408624 960168309 start: 1473408623 98590999
t_num: 23 finish: 1473408624 961886100 start: 1473408622 197997175
t_num: 14 finish: 1473408624 970907584 start: 1473408622 487645860
t_num: 25 finish: 1473408625 822916 start: 1473408622 228521527
t_num: 27 finish: 1473408625 18526179 start: 1473408621 770784079
t_num: 8 finish: 1473408625 439881373 start: 1473408622 804304231
t_num: 9 finish: 1473408625 486034363 start: 1473408620 743659303
t_num: 29 finish: 1473408625 532389082 start: 1473408622 961744571
t_num: 26 finish: 1473408625 592698093 start: 1473408622 629584517
t_num: 15 finish: 1473408625 920236553 start: 1473408622 803696570
t_num: 24 finish: 1473408626 246164363 start: 1473408623 432121441
t_num: 13 finish: 1473408626 324611660 start: 1473408624 596332897
t_num: 12 finish: 1473408626 571922355 start: 1473408624 546403614
t_num: 28 finish: 1473408626 572250469 start: 1473408623 576275542
t_num: 7 finish: 1473408626 844574772 start: 1473408624 970188871
t_num: 10 finish: 1473408626 892592380 start: 1473408624 224769112
t_num: 26 finish: 1473408626 986138322 start: 1473408625 592723169
t_num: 11 finish: 1473408627 63668046 start: 1473408623 648319615
t_num: 20 finish: 1473408627 117082049 start: 1473408624 951174135
t_num: 31 finish: 1473408627 118146433 start: 1473408625 669783353
t_num: 21 finish: 1473408627 238317842 start: 1473408624 63538744
t_num: 9 finish: 1473408627 304447893 start: 1473408626 1725791
t_num: 14 finish: 1473408627 477112655 start: 1473408625 732408003
t_num: 27 finish: 1473408627 870545491 start: 1473408625 493802173
t_num: 22 finish: 1473408628 193789183 start: 1473408625 784122482
t_num: 17 finish: 1473408628 212073306 start: 1473408625 241198397
t_num: 30 finish: 1473408628 527887279 start: 1473408625 731961510
t_num: 12 finish: 1473408628 529877478 start: 1473408626 571969122
t_num: 24 finish: 1473408628 541858518 start: 1473408626 246207009
t_num: 20 finish: 1473408629 68234198 start: 1473408628 38760415
t_num: 28 finish: 1473408629 140032427 start: 1473408627 118154046
t_num: 0 finish: 1473408629 299202766 start: 1473408626 883743359
t_num: 15 finish: 1473408629 579029278 start: 1473408627 238357724
t_num: 21 finish: 1473408629 659641890 start: 1473408627 238343087
t_num: 26 finish: 1473408629 694667749 start: 1473408627 951431251
t_num: 13 finish: 1473408629 694691311 start: 1473408627 108701832
t_num: 10 finish: 1473408629 877821137 start: 1473408626 892628836
t_num: 24 finish: 1473408629 972300821 start: 1473408628 541877357
t_num: 31 finish: 1473408629 972464093 start: 1473408627 118163182
t_num: 1 finish: 1473408630 44418811 start: 1473408626 884301173
t_num: 12 finish: 1473408630 182615820 start: 1473408628 529898992
t_num: 27 finish: 1473408630 183443036 start: 1473408627 870606088
t_num: 5 finish: 1473408630 517641311 start: 1473408628 85824156
t_num: 9 finish: 1473408630 536863726 start: 1473408628 39034873
t_num: 2 finish: 1473408630 542155417 start: 1473408628 500677760
t_num: 3 finish: 1473408630 779955974 start: 1473408628 260816343
t_num: 10 finish: 1473408631 94086493 start: 1473408629 877861281
t_num: 25 finish: 1473408631 190368004 start: 1473408630 388849080
t_num: 8 finish: 1473408631 403165860 start: 1473408628 365670965
t_num: 30 finish: 1473408631 515709877 start: 1473408630 225552999
t_num: 28 finish: 1473408631 544718235 start: 1473408630 183420846
t_num: 0 finish: 1473408631 790032869 start: 1473408629 299242890
t_num: 22 finish: 1473408631 925138958 start: 1473408629 972545402
t_num: 12 finish: 1473408631 925167172 start: 1473408630 779907892
t_num: 31 finish: 1473408631 988585364 start: 1473408629 972484375
t_num: 21 finish: 1473408631 989150687 start: 1473408629 659676169
t_num: 24 finish: 1473408632 297236529 start: 1473408629 972337685
t_num: 4 finish: 1473408632 554622372 start: 1473408630 919098503
t_num: 17 finish: 1473408632 562637292 start: 1473408630 822901092
t_num: 13 finish: 1473408632 671583272 start: 1473408630 753480197
t_num: 1 finish: 1473408633 377107260 start: 1473408630 844534011
t_num: 28 finish: 1473408633 404417089 start: 1473408631 544735488
t_num: 14 finish: 1473408633 490236510 start: 1473408630 427033507
t_num: 18 finish: 1473408633 523965974 start: 1473408631 125474639
t_num: 12 finish: 1473408633 669153971 start: 1473408631 925199714
t_num: 27 finish: 1473408633 669160645 start: 1473408632 245788102
t_num: 10 finish: 1473408633 930434078 start: 1473408631 463198037
t_num: 9 finish: 1473408633 931162223 start: 1473408632 554624966
t_num: 5 finish: 1473408633 976398048 start: 1473408631 903140523
t_num: 15 finish: 1473408633 990557750 start: 1473408632 553687365
t_num: 16 finish: 1473408634 26666126 start: 1473408631 951089207
t_num: 30 finish: 1473408634 53469869 start: 1473408631 515761925
t_num: 31 finish: 1473408634 168277972 start: 1473408631 988612384
t_num: 21 finish: 1473408634 281536651 start: 1473408631 989169023
t_num: 13 finish: 1473408634 532968595 start: 1473408633 145017778
t_num: 5 finish: 1473408634 917850058 start: 1473408633 976419960
t_num: 1 finish: 1473408634 917855399 start: 1473408633 377135252
t_num: 19 finish: 1473408634 976396055 start: 1473408632 108602784
t_num: 20 finish: 1473408635 260968491 start: 1473408633 377191966
t_num: 27 finish: 1473408635 266545913 start: 1473408633 669192618
t_num: 2 finish: 1473408635 291662093 start: 1473408633 162853622
t_num: 22 finish: 1473408635 354343756 start: 1473408633 375575887
t_num: 9 finish: 1473408635 412906662 start: 1473408633 931196165
t_num: 14 finish: 1473408635 985954613 start: 1473408633 490271835
t_num: 28 finish: 1473408635 985974202 start: 1473408634 223602203
t_num: 12 finish: 1473408635 986043943 start: 1473408633 669212387
t_num: 31 finish: 1473408636 154511229 start: 1473408634 405643380
t_num: 15 finish: 1473408636 228758928 start: 1473408633 990579530
t_num: 29 finish: 1473408636 602209550 start: 1473408634 238762096
t_num: 10 finish: 1473408636 886880037 start: 1473408634 40691921
t_num: 18 finish: 1473408636 889546005 start: 1473408633 524019591
t_num: 24 finish: 1473408636 889553763 start: 1473408634 719815344
t_num: 17 finish: 1473408637 19764443 start: 1473408634 334696403
t_num: 21 finish: 1473408637 471837755 start: 1473408634 554332330
t_num: 5 finish: 1473408637 474391524 start: 1473408634 917892897
t_num: 9 finish: 1473408637 840762297 start: 1473408635 412947727
t_num: 2 finish: 1473408637 883430785 start: 1473408635 884625273
t_num: 15 finish: 1473408637 887481804 start: 1473408636 228847043
t_num: 13 finish: 1473408638 393240691 start: 1473408635 925432234
t_num: 22 finish: 1473408638 550466413 start: 1473408635 354387028
t_num: 14 finish: 1473408638 594812284 start: 1473408635 986008738
t_num: 27 finish: 1473408638 595100467 start: 1473408636 311466067
t_num: 3 finish: 1473408638 595155899 start: 1473408635 170075764
t_num: 24 finish: 1473408638 689714092 start: 1473408637 244648256
t_num: 30 finish: 1473408638 882341141 start: 1473408637 884627850
t_num: 25 finish: 1473408639 216751329 start: 1473408636 676248318
t_num: 12 finish: 1473408639 217198058 start: 1473408635 986072509
t_num: 29 finish: 1473408639 217380665 start: 1473408636 602251783
t_num: 18 finish: 1473408639 552729163 start: 1473408636 889569420
t_num: 5 finish: 1473408639 552880892 start: 1473408638 59927562
t_num: 7 finish: 1473408639 656110417 start: 1473408637 728347175
t_num: 13 finish: 1473408640 89929985 start: 1473408638 393277030
t_num: 11 finish: 1473408640 106357195 start: 1473408638 896110028
t_num: 10 finish: 1473408640 212754010 start: 1473408637 544459201
t_num: 12 finish: 1473408640 214132782 start: 1473408639 217215141
t_num: 23 finish: 1473408640 214839022 start: 1473408636 824072723
t_num: 1 finish: 1473408640 341667519 start: 1473408637 884418032
t_num: 27 finish: 1473408640 578221144 start: 1473408639 175279328
t_num: 25 finish: 1473408640 643805409 start: 1473408639 216797473
t_num: 31 finish: 1473408640 702067995 start: 1473408639 133336203
t_num: 22 finish: 1473408640 716960110 start: 1473408638 550499929
t_num: 14 finish: 1473408640 716996833 start: 1473408638 594856467
t_num: 21 finish: 1473408640 779629301 start: 1473408637 471879482
t_num: 18 finish: 1473408641 293167863 start: 1473408639 552771468
t_num: 9 finish: 1473408641 650642469 start: 1473408639 894463180
t_num: 3 finish: 1473408641 821322673 start: 1473408638 595170692
t_num: 17 finish: 1473408642 245311593 start: 1473408640 443115172
t_num: 29 finish: 1473408642 268133820 start: 1473408639 943794598
t_num: 24 finish: 1473408642 268136173 start: 1473408639 200201451
t_num: 2 finish: 1473408642 373866169 start: 1473408639 528598492
t_num: 0 finish: 1473408642 514482266 start: 1473408640 106412761
t_num: 8 finish: 1473408642 514682264 start: 1473408641 269788056
t_num: 22 finish: 1473408642 578392592 start: 1473408641 719867574
t_num: 12 finish: 1473408642 578397481 start: 1473408640 928011353
t_num: 20 finish: 1473408642 578497506 start: 1473408640 855970135
t_num: 1 finish: 1473408642 744753193 start: 1473408640 341707050
t_num: 13 finish: 1473408642 918372730 start: 1473408640 89974922
t_num: 6 finish: 1473408642 923506197 start: 1473408641 389928164
t_num: 31 finish: 1473408642 923573001 start: 1473408640 702117463
t_num: 14 finish: 1473408643 132688716 start: 1473408640 717011030
t_num: 25 finish: 1473408643 173616049 start: 1473408641 600977589
t_num: 29 finish: 1473408643 293521043 start: 1473408642 268160680
t_num: 21 finish: 1473408643 295554071 start: 1473408640 779652778
t_num: 10 finish: 1473408643 863713813 start: 1473408642 419300506
t_num: 5 finish: 1473408643 950299331 start: 1473408641 797115936
t_num: 2 finish: 1473408644 326030876 start: 1473408642 373895076
t_num: 18 finish: 1473408644 373366187 start: 1473408641 293198835
t_num: 0 finish: 1473408644 809099406 start: 1473408642 514507257
t_num: 24 finish: 1473408644 875660535 start: 1473408642 918468194
t_num: 3 finish: 1473408644 948657521 start: 1473408642 116092671
t_num: 8 finish: 1473408645 523756468 start: 1473408643 366087084
t_num: 4 finish: 1473408645 524452086 start: 1473408642 486389351
t_num: 1 finish: 1473408645 524514537 start: 1473408642 744788217
t_num: 21 finish: 1473408645 964070751 start: 1473408643 295587194
t_num: 13 finish: 1473408645 965002686 start: 1473408642 918413698
t_num: 20 finish: 1473408645 972209535 start: 1473408642 578572523
t_num: 9 finish: 1473408646 318044440 start: 1473408642 922897322
t_num: 10 finish: 1473408646 411351703 start: 1473408644 260768789
t_num: 14 finish: 1473408646 511116604 start: 1473408643 304549101
t_num: 8 finish: 1473408647 477344529 start: 1473408645 523788479
t_num: 18 finish: 1473408647 490755612 start: 1473408644 373405609
t_num: 5 finish: 1473408647 563828477 start: 1473408643 950359704
t_num: 23 finish: 1473408647 580031940 start: 1473408645 499496161
t_num: 11 finish: 1473408647 625156203 start: 1473408645 590663558
t_num: 29 finish: 1473408647 729343510 start: 1473408644 210515853
t_num: 17 finish: 1473408647 733634544 start: 1473408643 441101590
t_num: 19 finish: 1473408647 777795305 start: 1473408645 229026057
t_num: 28 finish: 1473408647 856156301 start: 1473408645 80675682
t_num: 21 finish: 1473408647 965637727 start: 1473408645 964133336
t_num: 0 finish: 1473408647 996708471 start: 1473408645 941873102
t_num: 4 finish: 1473408647 996980389 start: 1473408646 994449848
t_num: 1 finish: 1473408648 458317521 start: 1473408645 524531698
t_num: 20 finish: 1473408648 772661758 start: 1473408645 972231093
t_num: 9 finish: 1473408648 776518570 start: 1473408646 318086461
t_num: 31 finish: 1473408648 833007550 start: 1473408647 495180792
t_num: 5 finish: 1473408649 471683449 start: 1473408647 563852451
t_num: 23 finish: 1473408649 478027798 start: 1473408648 190898168
t_num: 24 finish: 1473408649 593072265 start: 1473408646 636883212
t_num: 30 finish: 1473408650 186091215 start: 1473408647 501727822
t_num: 12 finish: 1473408650 194810471 start: 1473408645 616141729
t_num: 20 finish: 1473408650 195994340 start: 1473408648 772704558
t_num: 0 finish: 1473408650 196193272 start: 1473408647 996748168
t_num: 10 finish: 1473408650 196250338 start: 1473408646 411401606
t_num: 11 finish: 1473408650 231401587 start: 1473408648 502685577
t_num: 29 finish: 1473408650 410160475 start: 1473408648 506569113
t_num: 21 finish: 1473408650 469124794 start: 1473408647 965681278
t_num: 3 finish: 1473408650 666826650 start: 1473408648 257391728
t_num: 28 finish: 1473408650 932006326 start: 1473408647 856201078
t_num: 7 finish: 1473408650 933918084 start: 1473408649 80141824
t_num: 31 finish: 1473408651 49987741 start: 1473408648 833043286
t_num: 4 finish: 1473408651 131625561 start: 1473408650 117254531
t_num: 15 finish: 1473408651 131698825 start: 1473408648 977301988
t_num: 19 finish: 1473408651 132726643 start: 1473408647 777819710
t_num: 17 finish: 1473408651 132809637 start: 1473408649 173868101
t_num: 9 finish: 1473408651 250354727 start: 1473408648 978103181
t_num: 23 finish: 1473408651 994181553 start: 1473408649 478047202
t_num: 24 finish: 1473408652 80712909 start: 1473408650 338315449
t_num: 14 finish: 1473408652 83469956 start: 1473408649 78155331
t_num: 8 finish: 1473408652 225943396 start: 1473408650 631057846
t_num: 11 finish: 1473408652 448430011 start: 1473408650 338293256
t_num: 17 finish: 1473408652 790268611 start: 1473408651 483610938
t_num: 12 finish: 1473408652 826258287 start: 1473408650 194835251
t_num: 5 finish: 1473408652 907530146 start: 1473408650 117166327
t_num: 0 finish: 1473408653 16869679 start: 1473408651 49938052
t_num: 21 finish: 1473408653 189126776 start: 1473408650 469161623
t_num: 27 finish: 1473408653 331634989 start: 1473408651 22973092
t_num: 16 finish: 1473408653 336134569 start: 1473408651 638427475
t_num: 26 finish: 1473408653 336380142 start: 1473408652 29469900
t_num: 3 finish: 1473408653 338267756 start: 1473408651 800763185
t_num: 19 finish: 1473408653 361148677 start: 1473408651 132747798
t_num: 2 finish: 1473408653 374445659 start: 1473408652 31088532
t_num: 30 finish: 1473408655 319925193 start: 1473408652 65098824
t_num: 23 finish: 1473408655 361461801 start: 1473408651 994214010
t_num: 13 finish: 1473408655 628761429 start: 1473408653 337831299
t_num: 7 finish: 1473408656 238235506 start: 1473408653 101727646
t_num: 25 finish: 1473408656 239593648 start: 1473408653 225182140
t_num: 19 finish: 1473408656 243989128 start: 1473408653 361167919
t_num: 28 finish: 1473408656 268109992 start: 1473408651 471503278
t_num: 21 finish: 1473408656 271435904 start: 1473408653 337757345
t_num: 15 finish: 1473408656 287937928 start: 1473408651 131718749
t_num: 12 finish: 1473408656 527580791 start: 1473408652 826294773
t_num: 14 finish: 1473408656 574245943 start: 1473408652 83491065
t_num: 22 finish: 1473408656 574248728 start: 1473408652 64595468
t_num: 28 finish: 1473408656 657007642 start: 1473408656 268132354
t_num: 26 finish: 1473408656 657078255 start: 1473408656 229396955
t_num: 16 finish: 1473408656 659535794 start: 1473408653 336155448
t_num: 9 finish: 1473408656 736392571 start: 1473408655 278526605
t_num: 25 finish: 1473408656 794753515 start: 1473408656 239632938
t_num: 3 finish: 1473408656 801297495 start: 1473408653 338287723
t_num: 8 finish: 1473408656 882720037 start: 1473408653 230787888
t_num: 2 finish: 1473408656 933761370 start: 1473408655 425345820
t_num: 0 finish: 1473408657 641549 start: 1473408655 299391300
t_num: 16 finish: 1473408657 43910598 start: 1473408656 659557826
t_num: 19 finish: 1473408657 81778893 start: 1473408656 244010109
t_num: 13 finish: 1473408657 81783526 start: 1473408655 628807146
t_num: 11 finish: 1473408657 94560173 start: 1473408653 959758775
t_num: 30 finish: 1473408657 836550031 start: 1473408656 337174018
t_num: 27 finish: 1473408657 847396158 start: 1473408656 363617155
t_num: 21 finish: 1473408658 137748842 start: 1473408656 794732896
t_num: 15 finish: 1473408658 422394794 start: 1473408656 287960511
t_num: 14 finish: 1473408658 684062652 start: 1473408656 906557637
t_num: 25 finish: 1473408658 870688913 start: 1473408656 794772738
t_num: 22 finish: 1473408658 938004942 start: 1473408656 574324806
t_num: 7 finish: 1473408658 938027809 start: 1473408656 794496280
t_num: 11 finish: 1473408658 938976611 start: 1473408657 655033487
t_num: 16 finish: 1473408659 81953800 start: 1473408657 442988357
t_num: 12 finish: 1473408659 642737066 start: 1473408657 169548599
t_num: 19 finish: 1473408659 809294931 start: 1473408657 81812763
t_num: 2 finish: 1473408659 927113975 start: 1473408656 933802750
t_num: 8 finish: 1473408659 928314046 start: 1473408656 882760141
t_num: 30 finish: 1473408659 928321330 start: 1473408658 323890614
t_num: 24 finish: 1473408660 166082371 start: 1473408658 711519075
t_num: 0 finish: 1473408660 284748803 start: 1473408658 137123182
t_num: 10 finish: 1473408660 475407057 start: 1473408657 443370775
t_num: 29 finish: 1473408660 541400790 start: 1473408657 654615270
t_num: 17 finish: 1473408660 541421397 start: 1473408659 370748843
t_num: 8 finish: 1473408660 955001571 start: 1473408659 928335529
t_num: 7 finish: 1473408660 955005142 start: 1473408658 938075830
t_num: 20 finish: 1473408661 276268363 start: 1473408658 422372284
t_num: 15 finish: 1473408661 486781749 start: 1473408658 422422575
t_num: 30 finish: 1473408661 692598508 start: 1473408659 928354995
t_num: 14 finish: 1473408661 905829961 start: 1473408658 684117359
t_num: 11 finish: 1473408662 264446011 start: 1473408658 938997753
t_num: 10 finish: 1473408662 423104052 start: 1473408660 475463288
t_num: 5 finish: 1473408662 943568128 start: 1473408659 376682164
t_num: 27 finish: 1473408663 1921438 start: 1473408659 19357538
t_num: 24 finish: 1473408663 30953396 start: 1473408660 166117721
t_num: 2 finish: 1473408663 391922069 start: 1473408659 927145203
t_num: 31 finish: 1473408663 434430897 start: 1473408660 413691898
t_num: 25 finish: 1473408663 601432630 start: 1473408661 749297496
t_num: 28 finish: 1473408663 839005358 start: 1473408660 199573237
t_num: 7 finish: 1473408663 951879476 start: 1473408661 757549156
t_num: 20 finish: 1473408664 137564880 start: 1473408661 276330373
t_num: 29 finish: 1473408664 144229130 start: 1473408661 757533954
t_num: 23 finish: 1473408664 146176669 start: 1473408661 757559867
t_num: 0 finish: 1473408664 146875971 start: 1473408661 749277079
t_num: 8 finish: 1473408664 227043138 start: 1473408660 955049034
t_num: 21 finish: 1473408664 409284870 start: 1473408662 671049923
t_num: 30 finish: 1473408664 816313248 start: 1473408661 692634831
t_num: 27 finish: 1473408664 818124255 start: 1473408663 1966011
t_num: 10 finish: 1473408664 926747564 start: 1473408662 828948098
t_num: 9 finish: 1473408665 111206674 start: 1473408662 750788918
t_num: 11 finish: 1473408665 345899020 start: 1473408662 804353410
t_num: 5 finish: 1473408666 69998360 start: 1473408662 943613270
t_num: 24 finish: 1473408666 135796484 start: 1473408663 30974703
t_num: 6 finish: 1473408666 408249190 start: 1473408663 361423604
t_num: 1 finish: 1473408666 542800629 start: 1473408664 606030996
t_num: 21 finish: 1473408666 671775550 start: 1473408664 409319755
t_num: 3 finish: 1473408666 769009157 start: 1473408663 360893541
t_num: 27 finish: 1473408666 776650876 start: 1473408664 818146374
t_num: 7 finish: 1473408666 836450583 start: 1473408663 951921132
t_num: 12 finish: 1473408667 649460201 start: 1473408664 610847777
t_num: 30 finish: 1473408667 655679726 start: 1473408665 625756460
t_num: 20 finish: 1473408667 655687867 start: 1473408664 137610081
t_num: 17 finish: 1473408667 655722380 start: 1473408663 875818859
t_num: 28 finish: 1473408667 843238168 start: 1473408666 17729431
t_num: 29 finish: 1473408667 848979540 start: 1473408665 836114906
t_num: 24 finish: 1473408667 866911393 start: 1473408666 135830084
t_num: 31 finish: 1473408668 403394825 start: 1473408664 302567413
t_num: 1 finish: 1473408668 404086579 start: 1473408666 542840604
t_num: 5 finish: 1473408668 591327421 start: 1473408666 70040180
t_num: 18 finish: 1473408668 601739570 start: 1473408665 218084909
t_num: 13 finish: 1473408668 846178054 start: 1473408665 624865860
t_num: 27 finish: 1473408668 906881139 start: 1473408666 776674779
t_num: 0 finish: 1473408669 306992409 start: 1473408666 164506854
t_num: 30 finish: 1473408669 474154093 start: 1473408667 655703988
t_num: 3 finish: 1473408669 490023103 start: 1473408666 769051542
t_num: 15 finish: 1473408669 552067557 start: 1473408667 606542451
t_num: 18 finish: 1473408669 585791648 start: 1473408668 601762209
t_num: 17 finish: 1473408669 586485413 start: 1473408667 655762674
t_num: 19 finish: 1473408669 667909029 start: 1473408667 962280497
t_num: 29 finish: 1473408669 731276999 start: 1473408667 848995522
t_num: 26 finish: 1473408669 940235070 start: 1473408668 408470120
t_num: 4 finish: 1473408670 194827564 start: 1473408667 627116242
t_num: 1 finish: 1473408670 327993264 start: 1473408668 634243809
t_num: 21 finish: 1473408670 409544247 start: 1473408666 671812681
t_num: 31 finish: 1473408670 816138282 start: 1473408668 777687498
t_num: 2 finish: 1473408670 845073918 start: 1473408667 843289554
t_num: 5 finish: 1473408670 845331412 start: 1473408668 814185573
t_num: 7 finish: 1473408670 846974725 start: 1473408668 660801100
t_num: 16 finish: 1473408670 863523353 start: 1473408668 590334229
t_num: 15 finish: 1473408670 981626393 start: 1473408669 552090136
t_num: 20 finish: 1473408671 1681484 start: 1473408668 432415474
t_num: 25 finish: 1473408671 353592727 start: 1473408667 842155219
t_num: 8 finish: 1473408671 356642761 start: 1473408668 230465653
t_num: 13 finish: 1473408671 412009121 start: 1473408668 846218455
t_num: 27 finish: 1473408671 573194911 start: 1473408668 906916863
t_num: 23 finish: 1473408671 583695413 start: 1473408669 875284516
t_num: 21 finish: 1473408672 56736897 start: 1473408670 409572080
t_num: 19 finish: 1473408672 684895884 start: 1473408669 667951229
t_num: 3 finish: 1473408672 687239536 start: 1473408669 490041997
t_num: 26 finish: 1473408672 782728186 start: 1473408669 940267136
t_num: 4 finish: 1473408672 889871527 start: 1473408671 571189741
t_num: 29 finish: 1473408673 241089662 start: 1473408670 450904563
t_num: 11 finish: 1473408673 242280768 start: 1473408671 455815457
t_num: 31 finish: 1473408673 487835524 start: 1473408671 572468928
t_num: 28 finish: 1473408673 618380844 start: 1473408670 782129102
t_num: 30 finish: 1473408673 854322960 start: 1473408672 90197309
t_num: 5 finish: 1473408673 855200196 start: 1473408670 845384342
t_num: 13 finish: 1473408673 934625083 start: 1473408671 412031343
t_num: 14 finish: 1473408674 2535718 start: 1473408671 410041753
t_num: 19 finish: 1473408674 339989978 start: 1473408672 684923809
t_num: 7 finish: 1473408674 825997203 start: 1473408672 890033875
t_num: 6 finish: 1473408675 170766802 start: 1473408672 340532795
t_num: 16 finish: 1473408675 367945868 start: 1473408671 459144273
t_num: 23 finish: 1473408675 607429738 start: 1473408671 583718568
t_num: 8 finish: 1473408675 710118868 start: 1473408673 73040364
t_num: 13 finish: 1473408675 731906872 start: 1473408673 934650886
t_num: 27 finish: 1473408675 731931003 start: 1473408672 803697778
t_num: 25 finish: 1473408675 755346259 start: 1473408672 681406816
t_num: 26 finish: 1473408676 44959940 start: 1473408672 782791516
t_num: 10 finish: 1473408676 208654228 start: 1473408674 205378949
t_num: 28 finish: 1473408676 243170183 start: 1473408673 852476343
t_num: 21 finish: 1473408676 457038851 start: 1473408672 56801644
t_num: 29 finish: 1473408676 457266538 start: 1473408673 241132590
t_num: 31 finish: 1473408676 457648032 start: 1473408673 487879559
t_num: 6 finish: 1473408676 496375219 start: 1473408675 170807689
t_num: 11 finish: 1473408676 496378722 start: 1473408674 420670903
t_num: 7 finish: 1473408676 629421560 start: 1473408674 826041351
t_num: 19 finish: 1473408676 908440029 start: 1473408675 660252836
t_num: 14 finish: 1473408676 940323344 start: 1473408674 2557761
t_num: 2 finish: 1473408676 940328809 start: 1473408674 677159016
t_num: 30 finish: 1473408676 983174231 start: 1473408675 360729506
t_num: 25 finish: 1473408677 154592429 start: 1473408675 755367639
t_num: 23 finish: 1473408677 881402337 start: 1473408676 457467592
t_num: 9 finish: 1473408677 886485379 start: 1473408675 725582590
t_num: 28 finish: 1473408677 978044488 start: 1473408676 416909303
t_num: 26 finish: 1473408678 30882085 start: 1473408677 62899467
t_num: 22 finish: 1473408678 83300776 start: 1473408675 359584489
t_num: 8 finish: 1473408678 253473268 start: 1473408675 874665144
t_num: 21 finish: 1473408678 268117094 start: 1473408676 457072655
t_num: 15 finish: 1473408678 392614284 start: 1473408676 428281876
t_num: 17 finish: 1473408678 548939677 start: 1473408676 427306684
t_num: 13 finish: 1473408678 693134135 start: 1473408676 457517969
t_num: 29 finish: 1473408678 697282115 start: 1473408677 793769108
t_num: 31 finish: 1473408678 737592698 start: 1473408676 457666922
t_num: 1 finish: 1473408678 839495135 start: 1473408677 7833625
t_num: 15 finish: 1473408679 368989513 start: 1473408678 392642106
t_num: 25 finish: 1473408679 506574899 start: 1473408677 154629682
t_num: 7 finish: 1473408679 537615434 start: 1473408676 629467465
t_num: 26 finish: 1473408679 537654631 start: 1473408678 30909917
t_num: 24 finish: 1473408679 566165703 start: 1473408676 705239927
t_num: 10 finish: 1473408679 635260456 start: 1473408677 173411120
t_num: 30 finish: 1473408679 635322223 start: 1473408676 983222560
t_num: 13 finish: 1473408680 322698980 start: 1473408678 693178389
t_num: 11 finish: 1473408680 323447683 start: 1473408677 770328564
t_num: 6 finish: 1473408680 405738430 start: 1473408678 386368569
t_num: 3 finish: 1473408680 474261350 start: 1473408678 745627956
t_num: 21 finish: 1473408680 900131660 start: 1473408678 268155806
t_num: 19 finish: 1473408681 29067103 start: 1473408677 741286696
t_num: 24 finish: 1473408681 38186377 start: 1473408679 566188005
t_num: 23 finish: 1473408681 38984701 start: 1473408678 502177223
t_num: 0 finish: 1473408681 182804038 start: 1473408678 507098602
t_num: 9 finish: 1473408681 616137800 start: 1473408679 440189789
t_num: 30 finish: 1473408681 668278088 start: 1473408679 635337348
t_num: 31 finish: 1473408681 668323755 start: 1473408679 852296192
t_num: 12 finish: 1473408681 691737613 start: 1473408679 755015731
t_num: 26 finish: 1473408681 691740765 start: 1473408679 537673247
t_num: 15 finish: 1473408681 692149300 start: 1473408679 369028649
t_num: 7 finish: 1473408681 692158677 start: 1473408679 537641562
t_num: 21 finish: 1473408681 808807160 start: 1473408680 900175045
t_num: 29 finish: 1473408681 865091983 start: 1473408678 697303158
t_num: 11 finish: 1473408681 868340100 start: 1473408680 323481618
t_num: 22 finish: 1473408681 942254191 start: 1473408680 473908841
t_num: 20 finish: 1473408682 132245074 start: 1473408681 38861155
t_num: 19 finish: 1473408682 493015498 start: 1473408681 29126751
t_num: 25 finish: 1473408682 493976123 start: 1473408681 39060539
t_num: 18 finish: 1473408682 776670137 start: 1473408681 59377986
t_num: 11 finish: 1473408683 22250948 start: 1473408681 868362697
t_num: 26 finish: 1473408683 302168726 start: 1473408681 691789096
t_num: 30 finish: 1473408683 330077345 start: 1473408681 668305384
t_num: 10 finish: 1473408683 332872509 start: 1473408681 816224635
t_num: 12 finish: 1473408683 416141324 start: 1473408681 691759672
t_num: 21 finish: 1473408683 531296220 start: 1473408681 808872015
t_num: 9 finish: 1473408683 665121331 start: 1473408681 616176122
t_num: 23 finish: 1473408683 709249385 start: 1473408681 942945848
t_num: 0 finish: 1473408683 710973067 start: 1473408681 997873117
t_num: 29 finish: 1473408683 738451777 start: 1473408682 650116244
t_num: 15 finish: 1473408684 407600121 start: 1473408681 692169851
t_num: 14 finish: 1473408684 408344269 start: 1473408681 452666918
t_num: 18 finish: 1473408684 636320458 start: 1473408682 776702827
t_num: 22 finish: 1473408684 849066144 start: 1473408683 249821254
t_num: 6 finish: 1473408685 18571411 start: 1473408682 828821952
t_num: 25 finish: 1473408685 183326264 start: 1473408682 493996545
t_num: 1 finish: 1473408685 337709349 start: 1473408683 416843542
t_num: 2 finish: 1473408685 410647809 start: 1473408682 473781398
t_num: 28 finish: 1473408685 410669133 start: 1473408682 473569718
t_num: 11 finish: 1473408685 533908690 start: 1473408683 22286167
t_num: 4 finish: 1473408685 587892311 start: 1473408684 253161454
t_num: 9 finish: 1473408685 731325056 start: 1473408683 665167922
t_num: 31 finish: 1473408685 864258326 start: 1473408682 700586153
t_num: 27 finish: 1473408685 864965537 start: 1473408684 216384742
t_num: 30 finish: 1473408685 864998509 start: 1473408683 738648059
t_num: 29 finish: 1473408685 908417592 start: 1473408683 875271983
t_num: 21 finish: 1473408686 127461414 start: 1473408684 334104749
t_num: 10 finish: 1473408686 129442738 start: 1473408684 544948546
t_num: 15 finish: 1473408686 323156731 start: 1473408684 719728903
t_num: 12 finish: 1473408686 324786681 start: 1473408684 518353573
t_num: 19 finish: 1473408686 358074596 start: 1473408684 302647160
t_num: 6 finish: 1473408686 395310564 start: 1473408685 211722473
t_num: 18 finish: 1473408686 421300502 start: 1473408684 636349650
t_num: 22 finish: 1473408686 421574215 start: 1473408684 849101333
t_num: 29 finish: 1473408686 938856817 start: 1473408685 908449717
t_num: 14 finish: 1473408687 21648365 start: 1473408685 652797971
t_num: 0 finish: 1473408687 74700870 start: 1473408684 320635242
t_num: 20 finish: 1473408687 141927038 start: 1473408685 863619259
t_num: 28 finish: 1473408687 142022362 start: 1473408685 410701256
t_num: 24 finish: 1473408687 142022382 start: 1473408685 447325985
t_num: 27 finish: 1473408687 192795784 start: 1473408685 864985573
t_num: 31 finish: 1473408687 319498652 start: 1473408685 864303254
t_num: 15 finish: 1473408687 427137920 start: 1473408686 395270143
t_num: 4 finish: 1473408687 428230975 start: 1473408685 587913375
t_num: 6 finish: 1473408687 929194625 start: 1473408686 395354626
t_num: 8 finish: 1473408687 986715113 start: 1473408686 128883435
t_num: 9 finish: 1473408688 210968801 start: 1473408686 355414165
t_num: 29 finish: 1473408688 229278258 start: 1473408686 938898995
t_num: 17 finish: 1473408688 418737693 start: 1473408686 705852575
t_num: 1 finish: 1473408688 982089247 start: 1473408685 864233930
t_num: 22 finish: 1473408689 56342965 start: 1473408687 595816771
t_num: 13 finish: 1473408689 177032118 start: 1473408687 192834206
t_num: 8 finish: 1473408689 240968410 start: 1473408687 986742844
t_num: 24 finish: 1473408689 245482958 start: 1473408687 142250014
t_num: 30 finish: 1473408689 278476088 start: 1473408687 293457333
t_num: 31 finish: 1473408689 521254034 start: 1473408687 319526584
t_num: 21 finish: 1473408689 583597236 start: 1473408687 828745846
t_num: 5 finish: 1473408689 585153509 start: 1473408688 495775006
t_num: 29 finish: 1473408689 676763863 start: 1473408688 229297542
t_num: 28 finish: 1473408689 676807036 start: 1473408687 142057117
t_num: 20 finish: 1473408689 868389853 start: 1473408687 938837219
t_num: 19 finish: 1473408689 945813823 start: 1473408687 319546727
t_num: 14 finish: 1473408689 945846598 start: 1473408687 21686007
t_num: 15 finish: 1473408690 146844062 start: 1473408687 689559060
t_num: 9 finish: 1473408690 383191179 start: 1473408688 211006828
t_num: 13 finish: 1473408690 383941279 start: 1473408689 177071296
t_num: 6 finish: 1473408690 475704590 start: 1473408689 193692698
t_num: 24 finish: 1473408690 626966243 start: 1473408689 245522624
t_num: 18 finish: 1473408690 701900465 start: 1473408689 83158821
t_num: 1 finish: 1473408690 739553908 start: 1473408688 982116848
t_num: 10 finish: 1473408690 739555076 start: 1473408688 950176829
t_num: 8 finish: 1473408690 761379249 start: 1473408689 241018287
t_num: 3 finish: 1473408691 623723584 start: 1473408688 909074719
t_num: 5 finish: 1473408691 633727120 start: 1473408689 585174328
t_num: 29 finish: 1473408691 652667088 start: 1473408690 476491741
t_num: 30 finish: 1473408691 977016235 start: 1473408689 577144429
t_num: 7 finish: 1473408691 977671818 start: 1473408689 246054164
t_num: 20 finish: 1473408692 155453856 start: 1473408689 868436769
t_num: 6 finish: 1473408692 156817695 start: 1473408690 475738568
t_num: 14 finish: 1473408692 170907623 start: 1473408689 945863798
t_num: 1 finish: 1473408692 260693383 start: 1473408690 739602497
t_num: 10 finish: 1473408692 322956158 start: 1473408690 739621754
t_num: 21 finish: 1473408692 426484439 start: 1473408689 583628382
t_num: 0 finish: 1473408692 529150808 start: 1473408690 476418271
t_num: 8 finish: 1473408692 550860902 start: 1473408690 761401443
t_num: 24 finish: 1473408692 571351119 start: 1473408690 627009733
t_num: 19 finish: 1473408692 589460331 start: 1473408691 41113073
t_num: 25 finish: 1473408692 654096005 start: 1473408690 685320863
t_num: 23 finish: 1473408692 909148149 start: 1473408691 82799875
t_num: 16 finish: 1473408692 959663216 start: 1473408691 978303142
t_num: 10 finish: 1473408693 594882444 start: 1473408692 322981714
t_num: 28 finish: 1473408693 625839302 start: 1473408690 772672914
t_num: 3 finish: 1473408693 662290794 start: 1473408692 667956209
t_num: 14 finish: 1473408693 733269169 start: 1473408692 170957248
t_num: 27 finish: 1473408693 759418793 start: 1473408692 244645023
t_num: 17 finish: 1473408694 187478807 start: 1473408691 973965897
t_num: 5 finish: 1473408694 207887540 start: 1473408692 244990792
t_num: 11 finish: 1473408694 415108581 start: 1473408692 905248151
t_num: 29 finish: 1473408694 577450667 start: 1473408693 54171618
t_num: 25 finish: 1473408695 175587504 start: 1473408692 654125914
t_num: 26 finish: 1473408695 199556740 start: 1473408691 975962339
t_num: 2 finish: 1473408695 325385300 start: 1473408693 622207368
t_num: 12 finish: 1473408695 405431939 start: 1473408694 205758283
t_num: 24 finish: 1473408695 437087184 start: 1473408693 599431005
t_num: 1 finish: 1473408695 462088185 start: 1473408694 188594168
t_num: 0 finish: 1473408695 462099034 start: 1473408693 594328717
t_num: 9 finish: 1473408695 462159137 start: 1473408692 681154437
t_num: 19 finish: 1473408695 781442599 start: 1473408693 683320797
t_num: 4 finish: 1473408695 823955303 start: 1473408694 188435077
t_num: 23 finish: 1473408695 857397428 start: 1473408692 909176053
t_num: 27 finish: 1473408697 177966968 start: 1473408694 233410122
t_num: 21 finish: 1473408697 204936310 start: 1473408693 928507448
t_num: 29 finish: 1473408697 335456575 start: 1473408694 577491756
t_num: 14 finish: 1473408697 471337338 start: 1473408694 292910259
t_num: 28 finish: 1473408697 839468895 start: 1473408695 765312735
t_num: 22 finish: 1473408697 843572955 start: 1473408695 311295239
t_num: 17 finish: 1473408697 844767784 start: 1473408695 788099587
t_num: 20 finish: 1473408698 6006102 start: 1473408696 330793347
t_num: 25 finish: 1473408698 213017947 start: 1473408695 175622164
t_num: 0 finish: 1473408698 283713209 start: 1473408695 462141370
t_num: 4 finish: 1473408698 283713218 start: 1473408696 840372326
t_num: 24 finish: 1473408698 628929491 start: 1473408695 437111771
t_num: 1 finish: 1473408698 671105175 start: 1473408695 462112916
t_num: 2 finish: 1473408698 671615693 start: 1473408695 325408406
t_num: 26 finish: 1473408698 830119606 start: 1473408695 980559194
t_num: 10 finish: 1473408699 409055396 start: 1473408695 524392168
t_num: 23 finish: 1473408699 606464594 start: 1473408696 848829648
t_num: 19 finish: 1473408699 684128973 start: 1473408695 781466277
t_num: 12 finish: 1473408699 755564959 start: 1473408696 848846587
t_num: 0 finish: 1473408699 828449357 start: 1473408698 283752367
t_num: 13 finish: 1473408699 859363657 start: 1473408695 558154583
t_num: 18 finish: 1473408700 24168254 start: 1473408696 774534748
t_num: 27 finish: 1473408700 565652945 start: 1473408698 43760265
t_num: 30 finish: 1473408700 702474259 start: 1473408699 546863732
t_num: 22 finish: 1473408700 703214443 start: 1473408699 6988404
t_num: 20 finish: 1473408700 752011105 start: 1473408698 6035778
t_num: 29 finish: 1473408700 756393101 start: 1473408698 145066892
t_num: 2 finish: 1473408700 764985651 start: 1473408698 671638153
t_num: 21 finish: 1473408700 931123725 start: 1473408699 605617204
t_num: 17 finish: 1473408701 233200595 start: 1473408697 844784149
t_num: 6 finish: 1473408701 233795149 start: 1473408698 725393428
t_num: 0 finish: 1473408701 233945035 start: 1473408699 828476305
t_num: 8 finish: 1473408701 259387369 start: 1473408698 738967611
t_num: 14 finish: 1473408701 288149235 start: 1473408698 579310395
t_num: 10 finish: 1473408701 289077600 start: 1473408699 409101724
t_num: 24 finish: 1473408701 292429203 start: 1473408698 628989333
t_num: 13 finish: 1473408701 304495435 start: 1473408699 859392803
t_num: 5 finish: 1473408701 994942783 start: 1473408700 67168320
t_num: 2 finish: 1473408701 994978954 start: 1473408700 765006273
t_num: 15 finish: 1473408702 220332121 start: 1473408698 4918517
t_num: 12 finish: 1473408702 366597337 start: 1473408699 755605354
t_num: 3 finish: 1473408702 460118300 start: 1473408700 345956041
t_num: 18 finish: 1473408702 619007846 start: 1473408700 930254311
t_num: 10 finish: 1473408702 720097604 start: 1473408701 289097560
t_num: 17 finish: 1473408702 775968677 start: 1473408701 233233997
t_num: 16 finish: 1473408702 857891489 start: 1473408699 760502610
t_num: 9 finish: 1473408702 857897819 start: 1473408701 994323841
t_num: 29 finish: 1473408702 857916179 start: 1473408700 756427641
t_num: 30 finish: 1473408702 946711346 start: 1473408700 702507474
t_num: 31 finish: 1473408703 46651903 start: 1473408701 293409666
t_num: 11 finish: 1473408703 119100897 start: 1473408701 110217897
t_num: 26 finish: 1473408703 307219777 start: 1473408701 551466580
t_num: 27 finish: 1473408703 599934052 start: 1473408702 157579912
t_num: 6 finish: 1473408703 613762042 start: 1473408701 901038679
t_num: 2 finish: 1473408703 613764253 start: 1473408702 380606964
t_num: 25 finish: 1473408703 632194472 start: 1473408701 441422165
t_num: 8 finish: 1473408703 633842022 start: 1473408701 259436085
t_num: 18 finish: 1473408703 803581301 start: 1473408702 619044809
t_num: 0 finish: 1473408703 818936578 start: 1473408702 623632190
t_num: 20 finish: 1473408703 857700110 start: 1473408701 953576649
t_num: 7 finish: 1473408703 990074535 start: 1473408701 598172525
t_num: 29 finish: 1473408704 81177542 start: 1473408702 857967498
t_num: 22 finish: 1473408704 284295044 start: 1473408701 407641399
t_num: 12 finish: 1473408704 320862190 start: 1473408702 366631456
t_num: 21 finish: 1473408704 364114957 start: 1473408702 360724038
t_num: 16 finish: 1473408704 580433023 start: 1473408702 857946010
t_num: 17 finish: 1473408704 977771546 start: 1473408703 847242668
t_num: 10 finish: 1473408705 98717681 start: 1473408702 720124749
t_num: 20 finish: 1473408705 98755749 start: 1473408703 857725095
t_num: 27 finish: 1473408705 239641010 start: 1473408703 599960780
t_num: 1 finish: 1473408705 239640904 start: 1473408703 566417647
t_num: 2 finish: 1473408705 239737108 start: 1473408703 613784267
t_num: 0 finish: 1473408705 694667783 start: 1473408703 818963118
t_num: 11 finish: 1473408706 273751263 start: 1473408703 748212769
t_num: 15 finish: 1473408706 273754565 start: 1473408704 141787608
t_num: 8 finish: 1473408706 437809866 start: 1473408704 156609601
t_num: 7 finish: 1473408706 437858399 start: 1473408703 990118396
t_num: 9 finish: 1473408706 565534412 start: 1473408703 679579090
t_num: 13 finish: 1473408706 574472094 start: 1473408704 464866729
t_num: 18 finish: 1473408706 716496020 start: 1473408703 803604842
t_num: 12 finish: 1473408706 789106299 start: 1473408704 320896849
t_num: 28 finish: 1473408707 352078596 start: 1473408705 666459425
t_num: 30 finish: 1473408707 352089943 start: 1473408704 645934255
t_num: 29 finish: 1473408707 549884485 start: 1473408705 294239434
t_num: 31 finish: 1473408707 737172530 start: 1473408705 641334115
t_num: 2 finish: 1473408707 884454872 start: 1473408705 239756231
t_num: 20 finish: 1473408708 3914718 start: 1473408705 98789230
t_num: 17 finish: 1473408708 68259137 start: 1473408705 867074744
t_num: 25 finish: 1473408708 123905519 start: 1473408705 395735888
t_num: 19 finish: 1473408708 302140757 start: 1473408705 452800973
t_num: 22 finish: 1473408708 402494695 start: 1473408706 664158624
t_num: 14 finish: 1473408708 737739095 start: 1473408706 401094718
t_num: 9 finish: 1473408708 968510281 start: 1473408707 350532384
t_num: 1 finish: 1473408709 31405346 start: 1473408706 56458868
t_num: 8 finish: 1473408709 155212935 start: 1473408707 795519537
t_num: 27 finish: 1473408709 189292572 start: 1473408706 863832989
t_num: 13 finish: 1473408709 351640561 start: 1473408706 574493409
t_num: 11 finish: 1473408709 351654717 start: 1473408706 273801607
t_num: 31 finish: 1473408709 401485973 start: 1473408707 737195186
t_num: 3 finish: 1473408709 402206464 start: 1473408707 354663953
t_num: 23 finish: 1473408709 566150688 start: 1473408707 242758201
t_num: 0 finish: 1473408709 566158047 start: 1473408707 343921302
t_num: 29 finish: 1473408709 747759926 start: 1473408707 549938984
t_num: 22 finish: 1473408709 747764404 start: 1473408708 402525416
t_num: 19 finish: 1473408710 365446038 start: 1473408709 337198960
t_num: 11 finish: 1473408710 496783053 start: 1473408709 351728394
t_num: 30 finish: 1473408710 496915270 start: 1473408708 818487045
t_num: 14 finish: 1473408710 528430820 start: 1473408708 737777301
t_num: 28 finish: 1473408710 528439756 start: 1473408708 123898499
t_num: 17 finish: 1473408711 78253827 start: 1473408708 68301029
t_num: 31 finish: 1473408711 148052807 start: 1473408709 401516170
t_num: 13 finish: 1473408711 316854229 start: 1473408709 351691837
t_num: 0 finish: 1473408711 616310697 start: 1473408709 566209374
t_num: 15 finish: 1473408711 617099311 start: 1473408708 977916779
t_num: 21 finish: 1473408712 22849063 start: 1473408710 263390617
t_num: 6 finish: 1473408712 127723945 start: 1473408710 625445087
t_num: 3 finish: 1473408712 147933276 start: 1473408709 402227313
t_num: 25 finish: 1473408712 180528013 start: 1473408710 496857719
t_num: 14 finish: 1473408712 368740486 start: 1473408710 528459506
t_num: 5 finish: 1473408712 389231236 start: 1473408710 70662689
t_num: 22 finish: 1473408712 418880286 start: 1473408709 747825160
t_num: 1 finish: 1473408712 495200997 start: 1473408709 31431034
t_num: 30 finish: 1473408712 642620786 start: 1473408711 444850447
t_num: 19 finish: 1473408712 685654067 start: 1473408710 365487251
t_num: 11 finish: 1473408712 909149408 start: 1473408711 550252263
t_num: 15 finish: 1473408712 966252613 start: 1473408711 617119693
t_num: 6 finish: 1473408713 265019507 start: 1473408712 127750014
t_num: 0 finish: 1473408713 294075310 start: 1473408711 616339199
t_num: 17 finish: 1473408713 436752470 start: 1473408711 78289150
t_num: 28 finish: 1473408713 723616143 start: 1473408711 216077754
t_num: 24 finish: 1473408713 725117892 start: 1473408711 738774136
t_num: 23 finish: 1473408713 735178354 start: 1473408711 507460485
t_num: 22 finish: 1473408713 771668950 start: 1473408712 418899984
t_num: 3 finish: 1473408713 912172031 start: 1473408712 147959294
t_num: 14 finish: 1473408713 950236126 start: 1473408712 368778321
t_num: 26 finish: 1473408713 950257350 start: 1473408711 78836342
t_num: 6 finish: 1473408714 273518830 start: 1473408713 265082861
t_num: 10 finish: 1473408714 314535379 start: 1473408711 739400382
t_num: 1 finish: 1473408714 368402584 start: 1473408712 495228870
t_num: 12 finish: 1473408714 568049436 start: 1473408712 453709090
t_num: 20 finish: 1473408714 756480693 start: 1473408713 456105606
t_num: 7 finish: 1473408714 771616626 start: 1473408712 180707973
t_num: 19 finish: 1473408714 939505641 start: 1473408712 685701755
t_num: 11 finish: 1473408715 88705512 start: 1473408713 695130665
t_num: 5 finish: 1473408715 88706420 start: 1473408712 389257602
t_num: 23 finish: 1473408715 609862478 start: 1473408713 735200049
t_num: 28 finish: 1473408715 614013748 start: 1473408713 723648131
t_num: 17 finish: 1473408715 644635757 start: 1473408713 950422540
t_num: 22 finish: 1473408716 159950824 start: 1473408713 771704837
t_num: 14 finish: 1473408716 404972458 start: 1473408714 855715175
t_num: 24 finish: 1473408716 455577276 start: 1473408713 725138506
t_num: 10 finish: 1473408716 530639812 start: 1473408714 314565723
t_num: 19 finish: 1473408716 771953795 start: 1473408715 610613776
t_num: 29 finish: 1473408716 799299262 start: 1473408713 439200389
t_num: 31 finish: 1473408716 799304527 start: 1473408715 306504762
t_num: 16 finish: 1473408716 799368712 start: 1473408714 282914529
t_num: 4 finish: 1473408717 134132756 start: 1473408715 522601576
t_num: 7 finish: 1473408717 485740826 start: 1473408715 644194548
t_num: 14 finish: 1473408717 569105729 start: 1473408716 404994470
t_num: 17 finish: 1473408717 601410519 start: 1473408715 644656450
t_num: 20 finish: 1473408717 966406862 start: 1473408714 756516798
t_num: 28 finish: 1473408717 968745183 start: 1473408715 614035086
t_num: 25 finish: 1473408717 968750687 start: 1473408716 783004284
t_num: 11 finish: 1473408717 968771272 start: 1473408715 88738414
t_num: 6 finish: 1473408718 77394432 start: 1473408715 725651163
t_num: 24 finish: 1473408718 126441541 start: 1473408716 531311890
t_num: 10 finish: 1473408718 185201780 start: 1473408716 530668934
t_num: 27 finish: 1473408718 224742449 start: 1473408716 700134958
t_num: 26 finish: 1473408718 297880030 start: 1473408716 143025127
t_num: 0 finish: 1473408718 405160356 start: 1473408716 360142120
t_num: 16 finish: 1473408718 419557684 start: 1473408716 799385923
t_num: 31 finish: 1473408718 419836901 start: 1473408717 326824348
t_num: 23 finish: 1473408718 419875332 start: 1473408715 609907899
t_num: 14 finish: 1473408718 840670394 start: 1473408717 569139733
t_num: 7 finish: 1473408719 208078965 start: 1473408717 485774619
t_num: 2 finish: 1473408719 570029961 start: 1473408716 801925908
t_num: 28 finish: 1473408719 571655079 start: 1473408717 968771783
t_num: 20 finish: 1473408719 576102858 start: 1473408717 966443084
t_num: 11 finish: 1473408719 577710876 start: 1473408717 968785994
t_num: 6 finish: 1473408719 932773700 start: 1473408718 432866811
t_num: 21 finish: 1473408719 956076118 start: 1473408718 30128393
t_num: 4 finish: 1473408720 125814285 start: 1473408718 224670594
t_num: 22 finish: 1473408720 440435678 start: 1473408718 383878803
t_num: 0 finish: 1473408720 525022856 start: 1473408718 405193140
t_num: 29 finish: 1473408720 528187599 start: 1473408717 999134515
t_num: 16 finish: 1473408720 751312175 start: 1473408719 251350993
t_num: 25 finish: 1473408720 798124696 start: 1473408717 968813046
t_num: 24 finish: 1473408720 798124696 start: 1473408719 15015366
t_num: 10 finish: 1473408720 841416704 start: 1473408718 185239188
t_num: 13 finish: 1473408721 177553875 start: 1473408718 848187436
t_num: 2 finish: 1473408721 326173083 start: 1473408719 570073342
t_num: 23 finish: 1473408721 471479795 start: 1473408718 419894588
t_num: 27 finish: 1473408721 497423525 start: 1473408718 570207796
t_num: 28 finish: 1473408721 520821549 start: 1473408719 571677223
t_num: 9 finish: 1473408721 543489337 start: 1473408719 801877997
t_num: 11 finish: 1473408721 857929186 start: 1473408720 106567413
t_num: 0 finish: 1473408721 915199305 start: 1473408720 525060849
t_num: 8 finish: 1473408722 121013462 start: 1473408719 208059151
t_num: 25 finish: 1473408722 121873642 start: 1473408720 798161266
t_num: 29 finish: 1473408722 424459156 start: 1473408720 528210329
t_num: 1 finish: 1473408722 425849042 start: 1473408719 656067547
t_num: 6 finish: 1473408722 426702707 start: 1473408719 932827154
t_num: 20 finish: 1473408722 795962721 start: 1473408720 910958257
t_num: 4 finish: 1473408723 425177533 start: 1473408720 668785316
t_num: 25 finish: 1473408723 474407101 start: 1473408722 121893587
t_num: 21 finish: 1473408723 481513910 start: 1473408720 716819219
t_num: 28 finish: 1473408723 543397540 start: 1473408721 520842806
t_num: 14 finish: 1473408723 618035524 start: 1473408721 496775350
t_num: 19 finish: 1473408723 618183100 start: 1473408721 637412724
t_num: 27 finish: 1473408724 75354782 start: 1473408721 497445100
t_num: 11 finish: 1473408724 104990721 start: 1473408722 217771071
t_num: 12 finish: 1473408724 105788296 start: 1473408722 261523647
t_num: 9 finish: 1473408724 389767965 start: 1473408721 543536030
t_num: 7 finish: 1473408724 417575337 start: 1473408722 58694667
t_num: 22 finish: 1473408724 418405276 start: 1473408723 5293491
t_num: 2 finish: 1473408724 648755609 start: 1473408721 752511892
t_num: 8 finish: 1473408724 755916675 start: 1473408723 254936105
t_num: 23 finish: 1473408724 837972491 start: 1473408723 450533937
t_num: 25 finish: 1473408724 967023631 start: 1473408723 474448709
t_num: 11 finish: 1473408725 5003840 start: 1473408724 105033468
t_num: 1 finish: 1473408725 5051384 start: 1473408723 447032880
t_num: 18 finish: 1473408725 271457957 start: 1473408723 148035730
t_num: 6 finish: 1473408725 334350515 start: 1473408723 479650514
t_num: 0 finish: 1473408725 433498834 start: 1473408721 915241594
t_num: 21 finish: 1473408725 433508773 start: 1473408723 481536283
t_num: 13 finish: 1473408725 452135770 start: 1473408723 148052132
t_num: 29 finish: 1473408725 452207687 start: 1473408723 618200299
t_num: 30 finish: 1473408725 504180314 start: 1473408723 475693033
t_num: 20 finish: 1473408725 504185948 start: 1473408722 796001028
t_num: 11 finish: 1473408725 803214163 start: 1473408725 5025557
t_num: 27 finish: 1473408725 813231220 start: 1473408724 75400104
t_num: 9 finish: 1473408725 836079475 start: 1473408724 389838243
t_num: 4 finish: 1473408725 858196469 start: 1473408723 425226164
t_num: 6 finish: 1473408725 922294835 start: 1473408725 334384283
t_num: 12 finish: 1473408726 394338562 start: 1473408724 105804730
t_num: 13 finish: 1473408726 483515750 start: 1473408725 452160414
t_num: 8 finish: 1473408726 682023644 start: 1473408725 377981028
t_num: 20 finish: 1473408726 826508439 start: 1473408725 799990987
t_num: 22 finish: 1473408727 8765570 start: 1473408725 408604812
t_num: 29 finish: 1473408727 57964177 start: 1473408725 452223016
t_num: 3 finish: 1473408727 118381933 start: 1473408725 998672514
t_num: 18 finish: 1473408727 273915216 start: 1473408725 271480298
t_num: 0 finish: 1473408727 395537101 start: 1473408725 433578706
t_num: 27 finish: 1473408728 102039923 start: 1473408726 394362393
t_num: 28 finish: 1473408728 195745039 start: 1473408726 823994077
t_num: 23 finish: 1473408728 380281704 start: 1473408725 880093005
t_num: 4 finish: 1473408728 417898819 start: 1473408725 858229656
t_num: 25 finish: 1473408728 487114336 start: 1473408725 599289898
t_num: 12 finish: 1473408728 555054671 start: 1473408726 394382430
t_num: 3 finish: 1473408728 571503008 start: 1473408727 118430327
t_num: 14 finish: 1473408730 177988632 start: 1473408726 189417340
t_num: 11 finish: 1473408730 182019334 start: 1473408726 742473489
t_num: 29 finish: 1473408730 187207537 start: 1473408727 58000039
t_num: 6 finish: 1473408730 274928065 start: 1473408727 607919295
t_num: 20 finish: 1473408730 288433422 start: 1473408727 927454707
t_num: 21 finish: 1473408730 328818124 start: 1473408727 516650847
t_num: 1 finish: 1473408730 353141524 start: 1473408726 741722967
t_num: 30 finish: 1473408730 772774148 start: 1473408727 608743196
t_num: 17 finish: 1473408730 777932712 start: 1473408727 118410878
t_num: 10 finish: 1473408730 905247415 start: 1473408726 515329447
t_num: 8 finish: 1473408731 357085873 start: 1473408726 682062023
t_num: 0 finish: 1473408731 479838751 start: 1473408727 395570973
t_num: 25 finish: 1473408731 484164388 start: 1473408728 487151690
t_num: 23 finish: 1473408731 706384710 start: 1473408728 380344214
t_num: 12 finish: 1473408732 26632048 start: 1473408728 555086175
t_num: 4 finish: 1473408732 215896730 start: 1473408729 787073170
t_num: 6 finish: 1473408732 215902056 start: 1473408730 274961882
t_num: 29 finish: 1473408732 385830470 start: 1473408730 187224451
t_num: 17 finish: 1473408732 386865941 start: 1473408730 777955394
t_num: 28 finish: 1473408732 390810741 start: 1473408729 780443775
t_num: 8 finish: 1473408732 490008169 start: 1473408731 357123257
t_num: 3 finish: 1473408732 490074874 start: 1473408728 571529976
t_num: 30 finish: 1473408732 490231845 start: 1473408731 931868214
t_num: 27 finish: 1473408732 519162857 start: 1473408732 50073453
t_num: 2 finish: 1473408732 519164982 start: 1473408731 125941612
t_num: 22 finish: 1473408732 604773851 start: 1473408730 905299587
t_num: 13 finish: 1473408732 736707466 start: 1473408728 516984152
t_num: 18 finish: 1473408733 537744799 start: 1473408731 480511322
t_num: 25 finish: 1473408733 537757647 start: 1473408731 484187840
t_num: 11 finish: 1473408733 574123521 start: 1473408730 182057885
t_num: 24 finish: 1473408733 641012510 start: 1473408731 480478666
t_num: 0 finish: 1473408733 666487083 start: 1473408732 319799891
t_num: 1 finish: 1473408733 666773396 start: 1473408731 965324990
t_num: 3 finish: 1473408733 991737055 start: 1473408732 490089406
t_num: 30 finish: 1473408733 991764756 start: 1473408732 490248495
t_num: 9 finish: 1473408733 991778508 start: 1473408732 238061094
t_num: 17 finish: 1473408734 3803504 start: 1473408732 386886042
t_num: 4 finish: 1473408735 30366513 start: 1473408732 215945556
t_num: 27 finish: 1473408735 122820562 start: 1473408732 519190557
t_num: 28 finish: 1473408735 157391958 start: 1473408732 728833143
t_num: 16 finish: 1473408735 380253586 start: 1473408732 728852175
t_num: 31 finish: 1473408735 460183662 start: 1473408733 576601389
t_num: 20 finish: 1473408735 608497668 start: 1473408734 5643923
t_num: 22 finish: 1473408735 628380657 start: 1473408732 604803398
t_num: 23 finish: 1473408735 648646026 start: 1473408733 535103338
t_num: 24 finish: 1473408735 821843647 start: 1473408733 641040899
t_num: 14 finish: 1473408735 852222637 start: 1473408732 670238421
t_num: 19 finish: 1473408736 651200746 start: 1473408733 632774506
t_num: 12 finish: 1473408737 159381929 start: 1473408734 925142698
t_num: 0 finish: 1473408737 166663594 start: 1473408733 666510065
t_num: 1 finish: 1473408737 171169971 start: 1473408734 927074727
t_num: 28 finish: 1473408737 171255700 start: 1473408735 532603256
t_num: 17 finish: 1473408737 178418467 start: 1473408735 410940987
t_num: 8 finish: 1473408737 178465219 start: 1473408734 919722041
t_num: 27 finish: 1473408737 259610334 start: 1473408735 122863531
t_num: 3 finish: 1473408737 677840975 start: 1473408733 991782337
t_num: 15 finish: 1473408737 692051702 start: 1473408733 73105153
t_num: 10 finish: 1473408737 734640292 start: 1473408735 191626677
t_num: 31 finish: 1473408737 908959448 start: 1473408735 810723703
t_num: 23 finish: 1473408737 937381826 start: 1473408735 648668211
t_num: 26 finish: 1473408737 937539277 start: 1473408735 296498523
t_num: 30 finish: 1473408737 937676803 start: 1473408735 31744492
t_num: 25 finish: 1473408737 981197468 start: 1473408735 570357649
t_num: 11 finish: 1473408738 9903206 start: 1473408735 819768737
t_num: 20 finish: 1473408738 221124417 start: 1473408735 608547558
t_num: 6 finish: 1473408738 412288023 start: 1473408735 115423744
t_num: 24 finish: 1473408738 475857866 start: 1473408735 821873431
t_num: 1 finish: 1473408738 603126366 start: 1473408737 679225447
t_num: 17 finish: 1473408739 29148667 start: 1473408737 178441116
t_num: 22 finish: 1473408739 180590494 start: 1473408735 628420851
t_num: 27 finish: 1473408739 205705460 start: 1473408737 259653214
t_num: 29 finish: 1473408739 230207652 start: 1473408738 72372410
t_num: 8 finish: 1473408739 259161539 start: 1473408737 178485209
t_num: 3 finish: 1473408739 527476520 start: 1473408737 892482956
t_num: 23 finish: 1473408739 556830711 start: 1473408737 937430024
t_num: 14 finish: 1473408739 723885724 start: 1473408738 356926062
t_num: 12 finish: 1473408739 723969579 start: 1473408737 793622433
t_num: 28 finish: 1473408739 928593472 start: 1473408738 692952168
t_num: 0 finish: 1473408740 159841847 start: 1473408737 166686078
t_num: 25 finish: 1473408740 180361863 start: 1473408738 948552876
t_num: 31 finish: 1473408740 213045955 start: 1473408737 908997811
t_num: 30 finish: 1473408740 213076406 start: 1473408737 937696900
t_num: 20 finish: 1473408740 639324769 start: 1473408738 319892809
t_num: 26 finish: 1473408740 683576683 start: 1473408738 446482229
t_num: 5 finish: 1473408742 11228980 start: 1473408740 154349188
t_num: 19 finish: 1473408742 94859227 start: 1473408739 45912113
t_num: 27 finish: 1473408742 95044686 start: 1473408739 205759379
t_num: 6 finish: 1473408742 176314616 start: 1473408738 412318711
t_num: 25 finish: 1473408742 209270843 start: 1473408740 180388350
t_num: 2 finish: 1473408742 382384189 start: 1473408739 820388396
t_num: 23 finish: 1473408742 388892560 start: 1473408739 556864142
t_num: 15 finish: 1473408742 472514407 start: 1473408739 655769224
t_num: 24 finish: 1473408742 586739448 start: 1473408740 35436730
t_num: 26 finish: 1473408742 646841550 start: 1473408740 683600377
t_num: 28 finish: 1473408742 836797928 start: 1473408739 928660651
t_num: 8 finish: 1473408742 936970645 start: 1473408740 729648489
t_num: 0 finish: 1473408743 23343104 start: 1473408740 159874837
t_num: 27 finish: 1473408743 120058382 start: 1473408742 95063733
t_num: 3 finish: 1473408743 538482166 start: 1473408740 729321657
t_num: 19 finish: 1473408743 608719785 start: 1473408742 94886578
t_num: 14 finish: 1473408743 620997521 start: 1473408739 723921888
t_num: 13 finish: 1473408743 621071380 start: 1473408741 410879605
t_num: 25 finish: 1473408743 684821637 start: 1473408742 209293624
t_num: 12 finish: 1473408743 867296975 start: 1473408739 723989486
t_num: 2 finish: 1473408743 867315157 start: 1473408742 382426852
t_num: 21 finish: 1473408743 867329326 start: 1473408742 24376330
t_num: 20 finish: 1473408743 961046110 start: 1473408741 413770465
t_num: 4 finish: 1473408744 5840260 start: 1473408741 835494195
t_num: 22 finish: 1473408744 6663693 start: 1473408742 789830339
t_num: 28 finish: 1473408744 179514201 start: 1473408742 836824838
t_num: 24 finish: 1473408744 300146479 start: 1473408742 586780562
t_num: 8 finish: 1473408744 505424789 start: 1473408743 265598214
t_num: 15 finish: 1473408744 545904335 start: 1473408742 931829684
t_num: 25 finish: 1473408744 900477806 start: 1473408743 684846438
t_num: 26 finish: 1473408744 970430864 start: 1473408742 646864058
t_num: 16 finish: 1473408745 275382233 start: 1473408742 439308349
t_num: 3 finish: 1473408745 371040352 start: 1473408743 538526204
t_num: 13 finish: 1473408745 387726268 start: 1473408743 960546193
t_num: 0 finish: 1473408745 401489129 start: 1473408743 23426123
t_num: 21 finish: 1473408745 553792189 start: 1473408743 867344255
t_num: 1 finish: 1473408745 809788148 start: 1473408744 563287153
t_num: 6 finish: 1473408745 812045942 start: 1473408744 262734112
t_num: 14 finish: 1473408745 926808753 start: 1473408744 546091315
t_num: 4 finish: 1473408745 968114996 start: 1473408744 5866982
t_num: 22 finish: 1473408746 9676359 start: 1473408744 6683872
t_num: 23 finish: 1473408746 126399551 start: 1473408743 114892632
t_num: 19 finish: 1473408746 552466808 start: 1473408743 608752198
t_num: 24 finish: 1473408746 704290380 start: 1473408745 646875298
t_num: 10 finish: 1473408746 775096904 start: 1473408744 546305147
t_num: 12 finish: 1473408747 35051696 start: 1473408743 867329437
t_num: 6 finish: 1473408747 116383159 start: 1473408745 812065498
t_num: 2 finish: 1473408747 302760625 start: 1473408745 590381569
t_num: 28 finish: 1473408747 302836989 start: 1473408745 907256690
t_num: 20 finish: 1473408747 302900138 start: 1473408743 961074749
t_num: 0 finish: 1473408747 303326952 start: 1473408745 401511114
t_num: 26 finish: 1473408747 665457508 start: 1473408744 970467873
t_num: 21 finish: 1473408747 737638292 start: 1473408746 441932504
t_num: 17 finish: 1473408747 914258508 start: 1473408746 888046413
t_num: 16 finish: 1473408747 915163609 start: 1473408745 275428315
t_num: 13 finish: 1473408747 916148905 start: 1473408745 387744376
t_num: 11 finish: 1473408748 9472503 start: 1473408746 653772500
t_num: 4 finish: 1473408748 9520773 start: 1473408745 968138990
t_num: 5 finish: 1473408748 70730651 start: 1473408745 590424333
t_num: 20 finish: 1473408748 70743863 start: 1473408747 302925016
t_num: 25 finish: 1473408748 81346902 start: 1473408745 590402127
t_num: 23 finish: 1473408748 175070564 start: 1473408746 660153557
t_num: 6 finish: 1473408748 486059404 start: 1473408747 116406425
t_num: 19 finish: 1473408748 776255718 start: 1473408746 688903172
t_num: 29 finish: 1473408748 776257703 start: 1473408746 660186117
t_num: 22 finish: 1473408748 853166267 start: 1473408746 9722065
t_num: 3 finish: 1473408748 935391573 start: 1473408746 442155236
t_num: 25 finish: 1473408749 787614289 start: 1473408748 81363032
t_num: 23 finish: 1473408749 837063441 start: 1473408748 175111463
t_num: 14 finish: 1473408750 145819898 start: 1473408748 659927500
t_num: 10 finish: 1473408750 221826343 start: 1473408747 21575355
t_num: 20 finish: 1473408750 284841271 start: 1473408748 70794046
t_num: 28 finish: 1473408750 858887063 start: 1473408748 531420072
t_num: 6 finish: 1473408750 895665140 start: 1473408748 486106153
t_num: 1 finish: 1473408750 942462716 start: 1473408748 401999411
t_num: 26 finish: 1473408751 49488166 start: 1473408747 665495315
t_num: 25 finish: 1473408751 154429041 start: 1473408749 787648964
t_num: 16 finish: 1473408751 334825089 start: 1473408748 532111068
t_num: 27 finish: 1473408751 487777329 start: 1473408749 117593070
t_num: 3 finish: 1473408751 563592401 start: 1473408750 410210949
t_num: 22 finish: 1473408751 603103530 start: 1473408750 186775498
t_num: 2 finish: 1473408751 776248490 start: 1473408750 80216327
t_num: 14 finish: 1473408751 853858180 start: 1473408750 145858928
t_num: 9 finish: 1473408751 853902876 start: 1473408750 51078489
t_num: 11 finish: 1473408752 48860231 start: 1473408749 704476107
t_num: 28 finish: 1473408752 221896468 start: 1473408750 858914645
t_num: 0 finish: 1473408752 402278818 start: 1473408749 494431696
t_num: 19 finish: 1473408752 616987233 start: 1473408748 776289189
t_num: 29 finish: 1473408752 711673387 start: 1473408749 909808573
t_num: 12 finish: 1473408752 747169685 start: 1473408750 724781495
t_num: 15 finish: 1473408752 786695081 start: 1473408750 564015044
t_num: 20 finish: 1473408752 830522065 start: 1473408751 603116525
t_num: 4 finish: 1473408752 875774731 start: 1473408750 845074577
t_num: 2 finish: 1473408752 911660690 start: 1473408751 776292282
t_num: 14 finish: 1473408752 912953214 start: 1473408751 853944901
t_num: 25 finish: 1473408752 937197568 start: 1473408751 154468584
t_num: 23 finish: 1473408752 970894958 start: 1473408750 845744631
t_num: 6 finish: 1473408753 3631775 start: 1473408750 895702591
t_num: 10 finish: 1473408753 107957706 start: 1473408751 115989069
t_num: 13 finish: 1473408753 832236267 start: 1473408751 923679133
t_num: 26 finish: 1473408753 897244814 start: 1473408751 634701850
t_num: 2 finish: 1473408754 789247742 start: 1473408752 911693806
t_num: 16 finish: 1473408754 792304370 start: 1473408751 334860129
t_num: 22 finish: 1473408754 797457431 start: 1473408751 984960388
t_num: 19 finish: 1473408754 797523721 start: 1473408752 617009750
t_num: 28 finish: 1473408754 833458917 start: 1473408752 421058089
t_num: 18 finish: 1473408754 833964344 start: 1473408752 221606596
t_num: 20 finish: 1473408754 833966642 start: 1473408752 830567526
t_num: 9 finish: 1473408754 899547735 start: 1473408752 802487566
t_num: 15 finish: 1473408755 9122713 start: 1473408753 525738159
t_num: 4 finish: 1473408755 70838235 start: 1473408752 875811765
t_num: 11 finish: 1473408755 71012522 start: 1473408753 210754998
t_num: 10 finish: 1473408755 188926055 start: 1473408753 107987332
t_num: 0 finish: 1473408755 328715911 start: 1473408753 195465247
t_num: 6 finish: 1473408755 329239759 start: 1473408753 525716167
t_num: 23 finish: 1473408755 329280379 start: 1473408752 970917152
t_num: 18 finish: 1473408755 329607046 start: 1473408754 833993712
t_num: 3 finish: 1473408755 739298091 start: 1473408753 364180603
t_num: 2 finish: 1473408755 764347913 start: 1473408754 789277786
t_num: 19 finish: 1473408756 165477185 start: 1473408754 797539639
t_num: 26 finish: 1473408756 195650485 start: 1473408753 897276761
t_num: 12 finish: 1473408756 499272775 start: 1473408754 797513862
t_num: 14 finish: 1473408756 505036096 start: 1473408753 602216269
t_num: 16 finish: 1473408756 508111719 start: 1473408754 792344831
t_num: 15 finish: 1473408756 627718813 start: 1473408755 9145286
t_num: 10 finish: 1473408756 843972148 start: 1473408755 188959761
t_num: 20 finish: 1473408757 726973936 start: 1473408754 834007575
t_num: 18 finish: 1473408757 872116445 start: 1473408755 485597694
t_num: 4 finish: 1473408757 922881209 start: 1473408755 70864783
t_num: 2 finish: 1473408757 923703588 start: 1473408755 764374611
t_num: 16 finish: 1473408757 923742722 start: 1473408756 508132485
t_num: 21 finish: 1473408757 924495368 start: 1473408756 148929857
t_num: 8 finish: 1473408757 972616185 start: 1473408755 179934337
t_num: 3 finish: 1473408758 6354153 start: 1473408756 544060764
t_num: 17 finish: 1473408758 113211201 start: 1473408755 998138420
t_num: 6 finish: 1473408758 310078513 start: 1473408756 148371524
t_num: 23 finish: 1473408758 727122406 start: 1473408755 329296465
t_num: 24 finish: 1473408758 918925092 start: 1473408755 328671986
t_num: 22 finish: 1473408758 986672855 start: 1473408755 667656052
t_num: 9 finish: 1473408758 987508761 start: 1473408757 534842729
t_num: 11 finish: 1473408759 91586979 start: 1473408756 297040684
t_num: 26 finish: 1473408759 95321040 start: 1473408756 195672895
t_num: 28 finish: 1473408759 246182566 start: 1473408756 254866536
t_num: 2 finish: 1473408759 249303064 start: 1473408758 43548245
t_num: 6 finish: 1473408759 310308940 start: 1473408758 310121993
t_num: 18 finish: 1473408759 331831411 start: 1473408757 872153211
t_num: 4 finish: 1473408759 695719914 start: 1473408758 150897935
t_num: 15 finish: 1473408759 796480075 start: 1473408757 535477492
t_num: 20 finish: 1473408759 899785518 start: 1473408757 727005090
t_num: 2 finish: 1473408760 269434910 start: 1473408759 249322728
t_num: 12 finish: 1473408760 346776962 start: 1473408756 499319402
t_num: 8 finish: 1473408760 417079288 start: 1473408757 972645247
t_num: 3 finish: 1473408760 541523727 start: 1473408758 6383315
t_num: 7 finish: 1473408761 129660013 start: 1473408759 205470780
t_num: 9 finish: 1473408761 141351995 start: 1473408758 987530003
t_num: 1 finish: 1473408761 417087191 start: 1473408759 996363029
t_num: 6 finish: 1473408761 616649915 start: 1473408759 310354630
t_num: 23 finish: 1473408761 756032822 start: 1473408760 206497582
t_num: 24 finish: 1473408762 31927628 start: 1473408758 919010264
t_num: 4 finish: 1473408762 33341236 start: 1473408759 695773077
t_num: 28 finish: 1473408762 34063785 start: 1473408759 246222004
t_num: 14 finish: 1473408762 197652462 start: 1473408759 252688953
t_num: 0 finish: 1473408762 216904222 start: 1473408761 94117093
t_num: 11 finish: 1473408762 250122716 start: 1473408759 695759795
t_num: 18 finish: 1473408762 291568900 start: 1473408759 331857700
t_num: 8 finish: 1473408762 475985572 start: 1473408761 47897796
t_num: 6 finish: 1473408762 520423341 start: 1473408761 616685327
t_num: 3 finish: 1473408762 799702910 start: 1473408760 541566217
t_num: 2 finish: 1473408762 876346118 start: 1473408760 269462736
t_num: 7 finish: 1473408762 962853840 start: 1473408761 488791346
t_num: 27 finish: 1473408763 32835751 start: 1473408760 967935712
t_num: 28 finish: 1473408763 289238326 start: 1473408762 34083850
t_num: 22 finish: 1473408763 357255062 start: 1473408760 934935970
t_num: 21 finish: 1473408763 555504184 start: 1473408760 799222815
t_num: 15 finish: 1473408763 556498672 start: 1473408759 796542567
t_num: 25 finish: 1473408763 556920074 start: 1473408761 989510237
t_num: 31 finish: 1473408763 946264673 start: 1473408761 325245216
t_num: 30 finish: 1473408764 32092842 start: 1473408761 203724136
t_num: 12 finish: 1473408764 271641282 start: 1473408761 717882961
t_num: 3 finish: 1473408764 384619546 start: 1473408762 799736183
t_num: 11 finish: 1473408764 461472086 start: 1473408762 250157978
t_num: 8 finish: 1473408764 740799415 start: 1473408762 476028076
t_num: 7 finish: 1473408765 83027247 start: 1473408762 962894615
t_num: 17 finish: 1473408765 345570293 start: 1473408763 181635127
t_num: 10 finish: 1473408765 490610409 start: 1473408763 790849022
t_num: 2 finish: 1473408765 490623261 start: 1473408763 558286703
t_num: 24 finish: 1473408765 620050719 start: 1473408762 962924850
t_num: 8 finish: 1473408765 715788084 start: 1473408764 740841324
t_num: 4 finish: 1473408765 715969225 start: 1473408763 254502163
t_num: 28 finish: 1473408765 769850033 start: 1473408763 289270561
t_num: 6 finish: 1473408765 772415179 start: 1473408763 144095219
t_num: 18 finish: 1473408765 867482810 start: 1473408764 311182039
t_num: 15 finish: 1473408766 132838292 start: 1473408763 556519883
t_num: 27 finish: 1473408766 337634289 start: 1473408763 32862215
t_num: 30 finish: 1473408766 337692276 start: 1473408764 936499906
t_num: 29 finish: 1473408766 337714757 start: 1473408764 989278654
t_num: 2 finish: 1473408766 759890415 start: 1473408765 490692738
t_num: 31 finish: 1473408766 932151291 start: 1473408763 946304452
t_num: 22 finish: 1473408766 955545451 start: 1473408764 822959775
t_num: 9 finish: 1473408767 120070023 start: 1473408765 221461370
t_num: 8 finish: 1473408767 254411440 start: 1473408765 715818703
t_num: 17 finish: 1473408767 351193923 start: 1473408765 673460543
t_num: 12 finish: 1473408767 388082376 start: 1473408765 820317821
t_num: 4 finish: 1473408767 635520422 start: 1473408765 715989035
t_num: 23 finish: 1473408767 945634239 start: 1473408765 351317839
t_num: 28 finish: 1473408768 64971764 start: 1473408765 769872221
t_num: 30 finish: 1473408768 469535290 start: 1473408766 337712268
t_num: 11 finish: 1473408768 715800177 start: 1473408767 32936680
t_num: 7 finish: 1473408768 965551023 start: 1473408766 96790120
t_num: 29 finish: 1473408768 966284376 start: 1473408767 61157654
t_num: 13 finish: 1473408769 139257199 start: 1473408767 147942796
t_num: 21 finish: 1473408769 176402262 start: 1473408766 97447810
t_num: 1 finish: 1473408769 466716754 start: 1473408766 869654198
t_num: 0 finish: 1473408769 968487588 start: 1473408767 284378066
t_num: 8 finish: 1473408769 972496756 start: 1473408767 254433806
t_num: 2 finish: 1473408769 974843336 start: 1473408766 759942904
t_num: 15 finish: 1473408770 346568962 start: 1473408766 991265152
t_num: 28 finish: 1473408770 455424236 start: 1473408768 64992419
t_num: 16 finish: 1473408770 617187132 start: 1473408768 965619921
t_num: 7 finish: 1473408770 728589710 start: 1473408769 176465466
t_num: 12 finish: 1473408770 732763565 start: 1473408767 388111043
t_num: 22 finish: 1473408770 734677951 start: 1473408768 708206449
t_num: 24 finish: 1473408770 735278473 start: 1473408767 736055985
t_num: 17 finish: 1473408770 787693636 start: 1473408767 351225085
t_num: 9 finish: 1473408771 650946275 start: 1473408768 49359707
t_num: 5 finish: 1473408771 651124181 start: 1473408769 400494095
t_num: 30 finish: 1473408771 651344135 start: 1473408768 469572732
t_num: 4 finish: 1473408771 653572330 start: 1473408767 635563889
t_num: 2 finish: 1473408771 667610159 start: 1473408769 974864318
t_num: 1 finish: 1473408771 777890730 start: 1473408769 966315474
t_num: 21 finish: 1473408771 778577160 start: 1473408770 347966948
t_num: 22 finish: 1473408771 779243088 start: 1473408770 734698297
t_num: 23 finish: 1473408771 786301187 start: 1473408769 176491103
t_num: 18 finish: 1473408772 119760945 start: 1473408769 641509317
t_num: 13 finish: 1473408772 408970030 start: 1473408769 139295859
t_num: 12 finish: 1473408772 516506604 start: 1473408770 732785565
t_num: 29 finish: 1473408772 640860782 start: 1473408768 966306025
t_num: 16 finish: 1473408774 95133705 start: 1473408771 650087146
t_num: 9 finish: 1473408774 192013566 start: 1473408771 650973584
t_num: 8 finish: 1473408774 336240493 start: 1473408772 30729998
t_num: 7 finish: 1473408774 474253097 start: 1473408770 927010790
t_num: 31 finish: 1473408774 474261935 start: 1473408772 481574163
t_num: 4 finish: 1473408775 423402167 start: 1473408771 653594274
t_num: 28 finish: 1473408775 425295460 start: 1473408770 455484736
t_num: 13 finish: 1473408775 767341581 start: 1473408774 92455420
t_num: 6 finish: 1473408775 965970329 start: 1473408772 911519947
t_num: 23 finish: 1473408776 258530116 start: 1473408771 786325348
t_num: 29 finish: 1473408776 731684321 start: 1473408772 640897428
t_num: 16 finish: 1473408776 744716836 start: 1473408774 95163978
t_num: 2 finish: 1473408776 744874495 start: 1473408771 667633946
t_num: 25 finish: 1473408776 773810314 start: 1473408771 876446859
t_num: 12 finish: 1473408776 773861566 start: 1473408772 516534256
t_num: 13 finish: 1473408776 871361497 start: 1473408775 767386118
t_num: 5 finish: 1473408777 87330151 start: 1473408772 108550061
t_num: 3 finish: 1473408777 93591777 start: 1473408772 587343661
t_num: 21 finish: 1473408777 93656964 start: 1473408771 778603276
t_num: 4 finish: 1473408777 172941967 start: 1473408775 423447255
t_num: 23 finish: 1473408777 179652137 start: 1473408776 258596993
t_num: 7 finish: 1473408777 203272616 start: 1473408774 474337145
t_num: 11 finish: 1473408777 248486216 start: 1473408772 415178219
t_num: 24 finish: 1473408777 248486216 start: 1473408772 471137263
t_num: 31 finish: 1473408777 261005670 start: 1473408776 370157653
t_num: 8 finish: 1473408777 359949719 start: 1473408776 717177704
t_num: 6 finish: 1473408777 466904344 start: 1473408775 966011748
t_num: 29 finish: 1473408777 473036767 start: 1473408776 731730749
t_num: 9 finish: 1473408777 527150663 start: 1473408775 423778069
t_num: 12 finish: 1473408777 553601811 start: 1473408777 91457468
t_num: 14 finish: 1473408777 559680527 start: 1473408776 667470385
t_num: 3 finish: 1473408777 559871053 start: 1473408777 93615938
t_num: 15 finish: 1473408777 577553796 start: 1473408777 171628664
t_num: 27 finish: 1473408777 617804951 start: 1473408776 848294354
t_num: 22 finish: 1473408777 662750348 start: 1473408774 336242180
t_num: 16 finish: 1473408777 662848671 start: 1473408776 744759156
t_num: 5 finish: 1473408777 912638223 start: 1473408777 173875153
t_num: 21 finish: 1473408778 230600942 start: 1473408777 93672199
t_num: 19 finish: 1473408778 355416522 start: 1473408777 171873037
t_num: 7 finish: 1473408778 356736421 start: 1473408777 203303708
t_num: 11 finish: 1473408778 599606016 start: 1473408777 248530206
t_num: 23 finish: 1473408778 645858847 start: 1473408777 406400512
t_num: 3 finish: 1473408779 432772046 start: 1473408777 559890888
t_num: 13 finish: 1473408779 448165127 start: 1473408777 411898053
t_num: 18 finish: 1473408779 450728981 start: 1473408777 214589147
t_num: 6 finish: 1473408779 545571749 start: 1473408777 466949882
t_num: 9 finish: 1473408779 597928875 start: 1473408777 527187456
t_num: 11 finish: 1473408780 91462576 start: 1473408778 599641162
t_num: 22 finish: 1473408780 112830599 start: 1473408778 464819771
t_num: 25 finish: 1473408780 112830599 start: 1473408777 577515454
t_num: 24 finish: 1473408780 190041772 start: 1473408777 248566948
t_num: 0 finish: 1473408780 320919687 start: 1473408778 573405951
t_num: 5 finish: 1473408780 320970080 start: 1473408777 912662102
t_num: 21 finish: 1473408781 329429 start: 1473408778 230646019
t_num: 18 finish: 1473408781 314026383 start: 1473408779 450749669
t_num: 8 finish: 1473408781 330688676 start: 1473408778 671827221
t_num: 19 finish: 1473408781 359916274 start: 1473408778 355450268
t_num: 9 finish: 1473408781 392181341 start: 1473408779 597955467
t_num: 3 finish: 1473408781 416063502 start: 1473408779 432799040
t_num: 11 finish: 1473408782 286544873 start: 1473408780 694184649
t_num: 5 finish: 1473408782 317845166 start: 1473408780 320988270
t_num: 29 finish: 1473408782 370215278 start: 1473408778 491007869
t_num: 0 finish: 1473408782 597102819 start: 1473408780 320948246
t_num: 23 finish: 1473408782 673568377 start: 1473408778 645910622
t_num: 1 finish: 1473408783 38224173 start: 1473408780 499652909
t_num: 31 finish: 1473408783 361619424 start: 1473408780 289756592
t_num: 7 finish: 1473408783 376573669 start: 1473408780 238669542
t_num: 10 finish: 1473408783 665931455 start: 1473408780 522085379
t_num: 22 finish: 1473408783 763197009 start: 1473408780 999462096
t_num: 18 finish: 1473408784 24278271 start: 1473408781 314061182
t_num: 26 finish: 1473408784 51670303 start: 1473408782 617823864
t_num: 14 finish: 1473408784 106616513 start: 1473408780 725274112
t_num: 8 finish: 1473408784 245854207 start: 1473408781 431136349
t_num: 9 finish: 1473408784 246645512 start: 1473408782 273232041
t_num: 24 finish: 1473408784 351024341 start: 1473408780 190111561
t_num: 28 finish: 1473408784 353260143 start: 1473408781 135670643
t_num: 0 finish: 1473408784 547919439 start: 1473408782 597145000
t_num: 25 finish: 1473408784 621889466 start: 1473408781 111772754
t_num: 29 finish: 1473408784 916618781 start: 1473408782 370258161
t_num: 30 finish: 1473408784 920918767 start: 1473408782 203781801
t_num: 12 finish: 1473408784 995391898 start: 1473408781 341932885
t_num: 27 finish: 1473408785 72289267 start: 1473408781 301350188
t_num: 11 finish: 1473408785 175364550 start: 1473408782 286568784
t_num: 10 finish: 1473408785 277175127 start: 1473408783 665970111
t_num: 22 finish: 1473408785 476110384 start: 1473408783 763225339
t_num: 19 finish: 1473408785 756223659 start: 1473408782 398231384
t_num: 31 finish: 1473408786 39983147 start: 1473408784 352198864
t_num: 20 finish: 1473408786 65999688 start: 1473408784 76415809
t_num: 5 finish: 1473408786 66202633 start: 1473408783 415097523
t_num: 26 finish: 1473408786 118246537 start: 1473408784 722810652
t_num: 29 finish: 1473408786 134910515 start: 1473408784 916650230
t_num: 30 finish: 1473408786 335780525 start: 1473408784 920949536
t_num: 7 finish: 1473408786 417733867 start: 1473408783 376591073
t_num: 2 finish: 1473408786 524317893 start: 1473408784 370465695
t_num: 17 finish: 1473408786 580279293 start: 1473408784 319433458
t_num: 19 finish: 1473408786 760345673 start: 1473408785 756249923
t_num: 8 finish: 1473408786 760381083 start: 1473408784 245893381
t_num: 16 finish: 1473408786 760394820 start: 1473408785 389039569
t_num: 0 finish: 1473408786 906143495 start: 1473408784 547961605
t_num: 24 finish: 1473408787 405267072 start: 1473408785 339088
t_num: 14 finish: 1473408787 406434190 start: 1473408785 754001048
t_num: 25 finish: 1473408787 729926145 start: 1473408784 621929091
t_num: 9 finish: 1473408787 730017940 start: 1473408785 753158644
t_num: 27 finish: 1473408787 730109967 start: 1473408785 72327846
t_num: 20 finish: 1473408788 198903127 start: 1473408786 66016074
t_num: 5 finish: 1473408788 262342644 start: 1473408786 559790683
t_num: 10 finish: 1473408789 277486127 start: 1473408786 6185661
t_num: 12 finish: 1473408789 281708608 start: 1473408786 739640121
t_num: 17 finish: 1473408789 281708596 start: 1473408786 580309220
t_num: 16 finish: 1473408789 296947221 start: 1473408787 95972572
t_num: 21 finish: 1473408789 363881320 start: 1473408786 559761017
t_num: 28 finish: 1473408789 401794206 start: 1473408785 296895138
t_num: 29 finish: 1473408789 663285947 start: 1473408786 134937686
t_num: 22 finish: 1473408789 779442677 start: 1473408785 755467006
t_num: 7 finish: 1473408789 847269913 start: 1473408786 417770118
t_num: 20 finish: 1473408789 851970584 start: 1473408788 198930934
t_num: 1 finish: 1473408789 970583234 start: 1473408787 696004708
t_num: 10 finish: 1473408790 41650550 start: 1473408789 277530663
t_num: 19 finish: 1473408790 89368920 start: 1473408786 760403245
t_num: 26 finish: 1473408790 100858981 start: 1473408786 909796416
t_num: 2 finish: 1473408790 162633970 start: 1473408786 524360556
t_num: 0 finish: 1473408790 306542281 start: 1473408789 3959614
t_num: 14 finish: 1473408790 442368836 start: 1473408789 281799422
t_num: 8 finish: 1473408790 891350770 start: 1473408787 529510509
t_num: 30 finish: 1473408791 13053900 start: 1473408788 995018697
t_num: 25 finish: 1473408791 70850966 start: 1473408787 729962951
t_num: 31 finish: 1473408791 80306933 start: 1473408789 852252999
t_num: 17 finish: 1473408791 100527342 start: 1473408789 281752885
t_num: 26 finish: 1473408791 124803923 start: 1473408790 100879794
t_num: 29 finish: 1473408791 200881413 start: 1473408789 663338741
t_num: 20 finish: 1473408791 354641789 start: 1473408789 852012509
t_num: 7 finish: 1473408791 694770502 start: 1473408789 847342878
t_num: 9 finish: 1473408791 788586519 start: 1473408789 777696849
t_num: 15 finish: 1473408791 990921911 start: 1473408788 198062174
t_num: 13 finish: 1473408792 85746670 start: 1473408790 35537470
t_num: 19 finish: 1473408792 86075305 start: 1473408790 89392435
t_num: 14 finish: 1473408792 497722226 start: 1473408790 442410420
t_num: 23 finish: 1473408792 498510053 start: 1473408790 621586682
t_num: 27 finish: 1473408792 506597581 start: 1473408789 936824569
t_num: 0 finish: 1473408792 507794529 start: 1473408791 100315064
t_num: 10 finish: 1473408792 722325332 start: 1473408790 622293636
t_num: 31 finish: 1473408792 799233233 start: 1473408791 80328151
t_num: 12 finish: 1473408792 878513089 start: 1473408790 613404231
t_num: 30 finish: 1473408792 896047955 start: 1473408791 13113360
t_num: 7 finish: 1473408793 49682236 start: 1473408791 694828791
t_num: 20 finish: 1473408793 179146560 start: 1473408791 597864727
t_num: 15 finish: 1473408793 235817058 start: 1473408791 990967811
t_num: 29 finish: 1473408793 269422432 start: 1473408791 200905970
t_num: 19 finish: 1473408793 286149202 start: 1473408792 86110315
t_num: 8 finish: 1473408793 322453754 start: 1473408792 163198977
t_num: 17 finish: 1473408793 713679600 start: 1473408792 254243862
t_num: 6 finish: 1473408793 713685802 start: 1473408792 470511207
t_num: 10 finish: 1473408793 793098775 start: 1473408792 722356197
t_num: 14 finish: 1473408793 913472709 start: 1473408792 904057981
t_num: 3 finish: 1473408794 70949083 start: 1473408791 77642750
t_num: 21 finish: 1473408794 314293164 start: 1473408791 824523085
t_num: 15 finish: 1473408794 315290027 start: 1473408793 235845902
t_num: 20 finish: 1473408794 340058848 start: 1473408793 179172728
t_num: 19 finish: 1473408794 432301999 start: 1473408793 286170359
t_num: 0 finish: 1473408794 501231630 start: 1473408793 150483261
t_num: 13 finish: 1473408794 501523735 start: 1473408792 496229034
t_num: 31 finish: 1473408794 501741361 start: 1473408793 710423400
t_num: 17 finish: 1473408794 606435821 start: 1473408793 713709425
t_num: 10 finish: 1473408794 638860462 start: 1473408793 793134567
t_num: 4 finish: 1473408794 713477220 start: 1473408792 338165142
t_num: 3 finish: 1473408795 110044537 start: 1473408794 70990796
t_num: 16 finish: 1473408795 477420276 start: 1473408792 254225901
t_num: 27 finish: 1473408795 680960585 start: 1473408793 974394913
t_num: 26 finish: 1473408795 700858022 start: 1473408792 731975295
t_num: 29 finish: 1473408796 362855548 start: 1473408794 501243405
t_num: 16 finish: 1473408796 598025019 start: 1473408795 477466289
t_num: 15 finish: 1473408796 607842452 start: 1473408795 508312966
t_num: 0 finish: 1473408796 766954988 start: 1473408794 501253279
t_num: 24 finish: 1473408796 950679025 start: 1473408794 339381159
t_num: 6 finish: 1473408797 75570919 start: 1473408794 169061997
t_num: 13 finish: 1473408797 166312015 start: 1473408794 501543286
t_num: 21 finish: 1473408797 176103642 start: 1473408795 13151461
t_num: 14 finish: 1473408797 194084698 start: 1473408795 717448336
t_num: 26 finish: 1473408797 550188252 start: 1473408796 464033419
t_num: 20 finish: 1473408797 598710956 start: 1473408794 340079203
t_num: 23 finish: 1473408797 653933955 start: 1473408796 362603505
t_num: 10 finish: 1473408797 654929653 start: 1473408795 565338852
t_num: 4 finish: 1473408797 916331059 start: 1473408794 713517805
t_num: 18 finish: 1473408797 961965192 start: 1473408795 940453339
t_num: 19 finish: 1473408797 973596999 start: 1473408795 700484632
t_num: 28 finish: 1473408798 123445893 start: 1473408796 684723477
t_num: 27 finish: 1473408798 560313854 start: 1473408795 680989658
t_num: 5 finish: 1473408798 740984270 start: 1473408796 560765545
t_num: 16 finish: 1473408798 864714857 start: 1473408796 818901961
t_num: 9 finish: 1473408799 30907001 start: 1473408797 598034991
t_num: 10 finish: 1473408799 326084255 start: 1473408797 654949259
t_num: 7 finish: 1473408799 582726318 start: 1473408798 164774825
t_num: 26 finish: 1473408799 723446406 start: 1473408797 550230936
t_num: 29 finish: 1473408799 787667132 start: 1473408796 818954697
t_num: 4 finish: 1473408799 812821942 start: 1473408798 860048136
t_num: 14 finish: 1473408800 101361028 start: 1473408797 650290946
t_num: 23 finish: 1473408800 104185088 start: 1473408797 653955790
t_num: 21 finish: 1473408800 134595326 start: 1473408797 176125475
t_num: 12 finish: 1473408800 410165890 start: 1473408799 266722744
t_num: 6 finish: 1473408800 465948539 start: 1473408797 935602713
t_num: 20 finish: 1473408800 759848238 start: 1473408797 598732373
t_num: 7 finish: 1473408800 853733153 start: 1473408799 582750389
t_num: 5 finish: 1473408800 898399663 start: 1473408798 741013229
t_num: 17 finish: 1473408800 965144948 start: 1473408798 33463536
t_num: 0 finish: 1473408801 3074826 start: 1473408797 218785041
t_num: 16 finish: 1473408801 3715142 start: 1473408798 864739647
t_num: 19 finish: 1473408801 93687666 start: 1473408797 973626645
t_num: 8 finish: 1473408801 151326389 start: 1473408799 214631708
t_num: 9 finish: 1473408801 258332292 start: 1473408799 30958200
t_num: 26 finish: 1473408801 327197459 start: 1473408799 723489197
t_num: 28 finish: 1473408801 399791947 start: 1473408799 917880341
t_num: 3 finish: 1473408801 827711397 start: 1473408800 103860516
t_num: 7 finish: 1473408802 6144756 start: 1473408800 853764872
t_num: 17 finish: 1473408802 151906785 start: 1473408800 965174001
t_num: 21 finish: 1473408802 220590955 start: 1473408800 134619151
t_num: 5 finish: 1473408802 250010592 start: 1473408800 898426974
t_num: 10 finish: 1473408802 287128418 start: 1473408800 104264212
t_num: 23 finish: 1473408802 287181899 start: 1473408800 104203231
t_num: 29 finish: 1473408802 360752750 start: 1473408799 787690554
t_num: 12 finish: 1473408802 361077909 start: 1473408800 410198726
t_num: 26 finish: 1473408802 460731929 start: 1473408801 327218109
t_num: 30 finish: 1473408802 605963001 start: 1473408800 382356662
t_num: 0 finish: 1473408802 759372677 start: 1473408801 3114515
t_num: 24 finish: 1473408803 166094699 start: 1473408800 761298575
t_num: 1 finish: 1473408803 253938933 start: 1473408801 8675687
t_num: 23 finish: 1473408803 761552505 start: 1473408802 287207067
t_num: 21 finish: 1473408803 921571278 start: 1473408802 220639143
t_num: 12 finish: 1473408804 192188635 start: 1473408802 361098432
t_num: 9 finish: 1473408804 280528405 start: 1473408802 361537863
t_num: 10 finish: 1473408804 363130525 start: 1473408803 332717259
t_num: 8 finish: 1473408804 363428653 start: 1473408802 697281798
t_num: 26 finish: 1473408804 398930172 start: 1473408803 224063741
t_num: 14 finish: 1473408804 456744322 start: 1473408802 574541985
t_num: 29 finish: 1473408804 511069238 start: 1473408803 612836744
t_num: 6 finish: 1473408804 530360151 start: 1473408801 461812472
t_num: 31 finish: 1473408804 737654026 start: 1473408801 893664908
t_num: 5 finish: 1473408804 738705891 start: 1473408802 250045787
t_num: 16 finish: 1473408804 767855662 start: 1473408803 612615089
t_num: 13 finish: 1473408804 823561732 start: 1473408802 777878357
t_num: 0 finish: 1473408805 39323885 start: 1473408802 759406652
t_num: 7 finish: 1473408805 257728081 start: 1473408802 6186449
t_num: 1 finish: 1473408805 403103520 start: 1473408803 651641647
t_num: 30 finish: 1473408805 570106593 start: 1473408803 610332600
t_num: 12 finish: 1473408805 868584174 start: 1473408804 192235936
t_num: 18 finish: 1473408805 869152541 start: 1473408803 332742410
t_num: 24 finish: 1473408805 891424955 start: 1473408804 323243483
t_num: 17 finish: 1473408805 891530934 start: 1473408804 456629454
t_num: 10 finish: 1473408805 980860079 start: 1473408804 363186685
t_num: 29 finish: 1473408806 300639277 start: 1473408804 511111351
t_num: 14 finish: 1473408806 632885907 start: 1473408804 456764250
t_num: 0 finish: 1473408806 834079449 start: 1473408805 39358253
t_num: 11 finish: 1473408807 175392917 start: 1473408803 920043927
t_num: 21 finish: 1473408807 259933951 start: 1473408805 395383681
t_num: 5 finish: 1473408807 304045701 start: 1473408804 738738774
t_num: 30 finish: 1473408807 399619564 start: 1473408805 844810409
t_num: 10 finish: 1473408807 859311928 start: 1473408805 980890675
t_num: 9 finish: 1473408807 958643659 start: 1473408805 362090629
t_num: 26 finish: 1473408808 13156330 start: 1473408804 398952955
t_num: 31 finish: 1473408808 75506938 start: 1473408804 737713401
t_num: 6 finish: 1473408808 223495115 start: 1473408805 980918024
t_num: 13 finish: 1473408808 328559250 start: 1473408805 721814609
t_num: 1 finish: 1473408808 588886483 start: 1473408806 500238639
t_num: 18 finish: 1473408808 930115092 start: 1473408806 570511703
t_num: 27 finish: 1473408808 992730165 start: 1473408807 259643990
t_num: 3 finish: 1473408809 155549994 start: 1473408806 722704694
t_num: 9 finish: 1473408809 800621024 start: 1473408807 958671033
t_num: 21 finish: 1473408809 801339121 start: 1473408807 259960547
t_num: 14 finish: 1473408809 801351904 start: 1473408806 632910030
t_num: 4 finish: 1473408810 37200888 start: 1473408806 632622407
t_num: 29 finish: 1473408810 167063693 start: 1473408807 259230402
t_num: 7 finish: 1473408810 228657356 start: 1473408808 223524446
t_num: 26 finish: 1473408810 228657356 start: 1473408808 13190320
t_num: 10 finish: 1473408810 498634884 start: 1473408807 859343915
t_num: 24 finish: 1473408810 647756637 start: 1473408807 818418186
t_num: 30 finish: 1473408810 845361616 start: 1473408807 399649267
t_num: 22 finish: 1473408810 861083772 start: 1473408808 116308865
t_num: 6 finish: 1473408810 903604039 start: 1473408808 835220607
t_num: 9 finish: 1473408810 907012090 start: 1473408809 800648671
t_num: 15 finish: 1473408811 102235590 start: 1473408808 452930992
t_num: 31 finish: 1473408811 182193839 start: 1473408808 588991731
t_num: 7 finish: 1473408811 228273518 start: 1473408810 228697023
t_num: 14 finish: 1473408811 462621274 start: 1473408809 801366722
t_num: 3 finish: 1473408811 462689245 start: 1473408809 155590062
t_num: 8 finish: 1473408811 850666744 start: 1473408809 248082867
t_num: 13 finish: 1473408811 916477801 start: 1473408809 679726668
t_num: 20 finish: 1473408812 294068715 start: 1473408810 813146028
t_num: 25 finish: 1473408812 390068558 start: 1473408809 418049595
t_num: 18 finish: 1473408812 614104243 start: 1473408811 419302133
t_num: 26 finish: 1473408813 248452844 start: 1473408810 228723127
t_num: 10 finish: 1473408813 251094034 start: 1473408810 498672226
t_num: 22 finish: 1473408813 453259590 start: 1473408810 861104393
t_num: 24 finish: 1473408813 453913601 start: 1473408811 260813692
t_num: 8 finish: 1473408813 455403224 start: 1473408811 850730243
t_num: 13 finish: 1473408813 797825941 start: 1473408811 916503252
t_num: 17 finish: 1473408813 831823803 start: 1473408811 419276530
t_num: 30 finish: 1473408813 831823803 start: 1473408810 845390137
t_num: 4 finish: 1473408814 26151547 start: 1473408810 772329172
t_num: 14 finish: 1473408814 26988400 start: 1473408811 462648296
t_num: 3 finish: 1473408814 79465089 start: 1473408811 462705943
t_num: 15 finish: 1473408814 86391350 start: 1473408812 18031740
t_num: 29 finish: 1473408814 399312925 start: 1473408812 90739357
t_num: 24 finish: 1473408814 602010982 start: 1473408813 453933951
t_num: 12 finish: 1473408815 213363873 start: 1473408813 150651166
t_num: 21 finish: 1473408815 251677887 start: 1473408810 772304281
t_num: 25 finish: 1473408815 284047653 start: 1473408812 390115561
t_num: 20 finish: 1473408815 810908646 start: 1473408812 523696021
t_num: 31 finish: 1473408816 81478207 start: 1473408812 551198907
t_num: 23 finish: 1473408816 82072324 start: 1473408813 393609479
t_num: 13 finish: 1473408816 109907974 start: 1473408814 208578382
t_num: 1 finish: 1473408816 113708673 start: 1473408812 711589041
t_num: 3 finish: 1473408816 249460758 start: 1473408814 488540533
t_num: 30 finish: 1473408816 369506952 start: 1473408813 831894775
t_num: 16 finish: 1473408816 382774032 start: 1473408813 515732712
t_num: 26 finish: 1473408816 382795393 start: 1473408813 248496430
t_num: 17 finish: 1473408816 949755416 start: 1473408813 831863503
t_num: 20 finish: 1473408817 22458604 start: 1473408815 810951729
t_num: 8 finish: 1473408817 344268020 start: 1473408815 258771932
t_num: 24 finish: 1473408817 344289733 start: 1473408814 602076294
t_num: 21 finish: 1473408817 366924534 start: 1473408815 961607311
t_num: 2 finish: 1473408817 386948114 start: 1473408815 215312462
t_num: 6 finish: 1473408817 800008813 start: 1473408816 339981166
t_num: 1 finish: 1473408817 804615469 start: 1473408816 113728661
t_num: 15 finish: 1473408818 84775463 start: 1473408815 257969578
t_num: 12 finish: 1473408818 237109510 start: 1473408815 213410937
t_num: 26 finish: 1473408818 237244983 start: 1473408816 382837083
t_num: 14 finish: 1473408818 287499953 start: 1473408815 943547899
t_num: 29 finish: 1473408818 291708943 start: 1473408815 944350166
t_num: 24 finish: 1473408818 291993298 start: 1473408817 344421892
t_num: 9 finish: 1473408818 292054565 start: 1473408816 797615921
t_num: 25 finish: 1473408818 292114885 start: 1473408815 284066655
t_num: 2 finish: 1473408818 293632308 start: 1473408817 386969708
t_num: 23 finish: 1473408818 323983037 start: 1473408816 798877522
t_num: 30 finish: 1473408818 325873288 start: 1473408816 369559317
t_num: 10 finish: 1473408818 728616282 start: 1473408817 329015447
t_num: 22 finish: 1473408818 764692400 start: 1473408817 798279096
t_num: 3 finish: 1473408818 929236458 start: 1473408818 166929961
t_num: 26 finish: 1473408819 401744053 start: 1473408818 237262981
t_num: 2 finish: 1473408819 772039294 start: 1473408818 293649345
t_num: 8 finish: 1473408819 813466191 start: 1473408817 344316643
t_num: 20 finish: 1473408819 872709041 start: 1473408817 221149546
t_num: 6 finish: 1473408820 170673227 start: 1473408819 8380945
t_num: 0 finish: 1473408820 188590536 start: 1473408817 235993223
t_num: 24 finish: 1473408820 190259895 start: 1473408818 292011396
t_num: 1 finish: 1473408820 283619130 start: 1473408819 17345557
t_num: 14 finish: 1473408820 463913209 start: 1473408818 287541274
t_num: 15 finish: 1473408820 605139268 start: 1473408818 552849926
t_num: 17 finish: 1473408820 683831499 start: 1473408818 551560501
t_num: 7 finish: 1473408820 734519434 start: 1473408819 694403886
t_num: 3 finish: 1473408820 747536974 start: 1473408818 929267956
t_num: 23 finish: 1473408820 747625338 start: 1473408819 349315329
t_num: 10 finish: 1473408820 747758967 start: 1473408818 728675268
t_num: 27 finish: 1473408820 842721231 start: 1473408820 170904402
t_num: 0 finish: 1473408820 938052502 start: 1473408820 188613791
t_num: 25 finish: 1473408821 2048103 start: 1473408819 8352078
t_num: 8 finish: 1473408821 49310911 start: 1473408819 813505055
t_num: 22 finish: 1473408821 104248686 start: 1473408818 764721242
t_num: 2 finish: 1473408821 396471695 start: 1473408819 772074300
t_num: 24 finish: 1473408821 447105465 start: 1473408820 190279718
t_num: 9 finish: 1473408822 117509581 start: 1473408818 876171958
t_num: 19 finish: 1473408822 352459740 start: 1473408821 104727181
t_num: 26 finish: 1473408822 353223411 start: 1473408819 587781279
t_num: 17 finish: 1473408822 353233812 start: 1473408820 938195108
t_num: 16 finish: 1473408822 353302495 start: 1473408820 212812785
t_num: 4 finish: 1473408822 353382086 start: 1473408820 938011016
t_num: 15 finish: 1473408823 116445252 start: 1473408821 140361048
t_num: 14 finish: 1473408823 117987932 start: 1473408820 666706044
t_num: 27 finish: 1473408823 123012726 start: 1473408820 842764742
t_num: 10 finish: 1473408823 768168314 start: 1473408820 747778012
t_num: 24 finish: 1473408823 769031100 start: 1473408821 447135979
t_num: 28 finish: 1473408823 938233063 start: 1473408820 683028496
t_num: 7 finish: 1473408824 43032391 start: 1473408820 734560309
t_num: 3 finish: 1473408824 44059764 start: 1473408820 747561136
t_num: 23 finish: 1473408824 243460766 start: 1473408821 157911517
t_num: 25 finish: 1473408824 245978966 start: 1473408821 2089768
t_num: 1 finish: 1473408824 284713504 start: 1473408822 115174506
t_num: 2 finish: 1473408824 583386119 start: 1473408822 298210580
t_num: 17 finish: 1473408824 622197756 start: 1473408822 353284253
t_num: 19 finish: 1473408824 622208187 start: 1473408823 85554473
t_num: 16 finish: 1473408824 644106195 start: 1473408822 643791860
t_num: 12 finish: 1473408824 732044621 start: 1473408821 7032636
t_num: 26 finish: 1473408824 811624638 start: 1473408822 353255002
t_num: 28 finish: 1473408824 924246169 start: 1473408824 43780594
t_num: 20 finish: 1473408825 200733711 start: 1473408822 670244384
t_num: 4 finish: 1473408825 468626521 start: 1473408822 353401241
t_num: 24 finish: 1473408825 481535901 start: 1473408823 769051230
t_num: 22 finish: 1473408825 537951973 start: 1473408823 690533553
t_num: 0 finish: 1473408825 670935002 start: 1473408823 157777868
t_num: 30 finish: 1473408825 729896068 start: 1473408823 671972271
t_num: 31 finish: 1473408825 738985490 start: 1473408823 109555840
t_num: 9 finish: 1473408825 738991965 start: 1473408822 334695303
t_num: 21 finish: 1473408826 158892968 start: 1473408824 326255083
t_num: 12 finish: 1473408826 255854889 start: 1473408824 732087739
t_num: 10 finish: 1473408826 286176456 start: 1473408823 768206023
t_num: 28 finish: 1473408826 450688290 start: 1473408824 924292033
t_num: 23 finish: 1473408826 518998057 start: 1473408824 243499400
t_num: 2 finish: 1473408826 806617871 start: 1473408824 583427652
t_num: 20 finish: 1473408827 129468067 start: 1473408825 200769379
t_num: 17 finish: 1473408827 145664099 start: 1473408824 991720116
t_num: 3 finish: 1473408827 340818020 start: 1473408825 670957724
t_num: 26 finish: 1473408827 345635647 start: 1473408825 603214829
t_num: 24 finish: 1473408827 400162376 start: 1473408825 481619273
t_num: 29 finish: 1473408827 471809830 start: 1473408824 924222934
t_num: 27 finish: 1473408827 601680755 start: 1473408824 740342611
t_num: 0 finish: 1473408827 842251418 start: 1473408826 425213315
t_num: 28 finish: 1473408828 37277632 start: 1473408826 450716277
t_num: 4 finish: 1473408828 415206487 start: 1473408825 576146480
t_num: 19 finish: 1473408828 462220044 start: 1473408825 578877440
t_num: 30 finish: 1473408828 512678815 start: 1473408825 729939649
t_num: 22 finish: 1473408828 581645784 start: 1473408825 752115579
t_num: 12 finish: 1473408828 583921146 start: 1473408827 76448388
t_num: 21 finish: 1473408829 34427988 start: 1473408826 158927629
t_num: 10 finish: 1473408829 350466803 start: 1473408827 188722965
t_num: 26 finish: 1473408829 352080916 start: 1473408828 316455489
t_num: 5 finish: 1473408829 356214869 start: 1473408828 374694905
t_num: 9 finish: 1473408829 359497361 start: 1473408827 949014057
t_num: 25 finish: 1473408829 429527351 start: 1473408826 286844359
t_num: 6 finish: 1473408829 569841449 start: 1473408827 844955074
t_num: 4 finish: 1473408830 111751487 start: 1473408828 415235099
t_num: 13 finish: 1473408830 180815823 start: 1473408827 314743837
t_num: 20 finish: 1473408830 242978406 start: 1473408828 414252818
t_num: 27 finish: 1473408830 339741714 start: 1473408827 601704850
t_num: 2 finish: 1473408830 366425678 start: 1473408827 533307052
t_num: 3 finish: 1473408830 559360218 start: 1473408828 338017739
t_num: 8 finish: 1473408830 820958084 start: 1473408828 386558490
t_num: 17 finish: 1473408831 448248904 start: 1473408827 145681483
t_num: 21 finish: 1473408831 616645156 start: 1473408829 34463587
t_num: 11 finish: 1473408831 815283759 start: 1473408827 488420839
t_num: 22 finish: 1473408832 192957365 start: 1473408828 623815204
t_num: 30 finish: 1473408832 250016487 start: 1473408829 516146458
t_num: 25 finish: 1473408832 319762847 start: 1473408830 307130571
t_num: 28 finish: 1473408832 404977830 start: 1473408829 516053331
t_num: 29 finish: 1473408832 404990221 start: 1473408828 660176667
t_num: 24 finish: 1473408832 574363274 start: 1473408829 234529807
t_num: 4 finish: 1473408832 650090440 start: 1473408830 111807293
t_num: 26 finish: 1473408832 940395978 start: 1473408830 857659623
t_num: 8 finish: 1473408833 47420895 start: 1473408831 281334211
t_num: 11 finish: 1473408833 258648065 start: 1473408831 815312779
t_num: 1 finish: 1473408833 259855806 start: 1473408830 874413105
t_num: 13 finish: 1473408833 289203155 start: 1473408831 594412116
t_num: 20 finish: 1473408833 498538883 start: 1473408830 750771154
t_num: 3 finish: 1473408833 697425436 start: 1473408830 559421395
t_num: 27 finish: 1473408833 863690014 start: 1473408830 339785876
t_num: 10 finish: 1473408833 895125624 start: 1473408830 728285323
t_num: 7 finish: 1473408834 107992082 start: 1473408829 474522390
t_num: 14 finish: 1473408834 108726027 start: 1473408831 813075245
t_num: 17 finish: 1473408834 500360059 start: 1473408831 448295664
t_num: 6 finish: 1473408834 500391483 start: 1473408832 319840237
t_num: 25 finish: 1473408834 577538900 start: 1473408832 319801496
t_num: 30 finish: 1473408834 731128204 start: 1473408832 250055442
t_num: 23 finish: 1473408834 949693317 start: 1473408833 172732678
t_num: 7 finish: 1473408835 2066100 start: 1473408834 108036954
t_num: 11 finish: 1473408835 171986742 start: 1473408833 258675558
t_num: 28 finish: 1473408835 339147404 start: 1473408833 229668421
t_num: 9 finish: 1473408835 339836713 start: 1473408831 819075098
t_num: 4 finish: 1473408835 423248492 start: 1473408832 650141035
t_num: 0 finish: 1473408835 670145924 start: 1473408834 373871902
t_num: 31 finish: 1473408835 729053205 start: 1473408833 408668011
t_num: 15 finish: 1473408835 786864099 start: 1473408835 928386
t_num: 26 finish: 1473408835 921139307 start: 1473408834 347271155
t_num: 21 finish: 1473408835 966657591 start: 1473408833 781213003
t_num: 16 finish: 1473408835 967054388 start: 1473408833 778202946
t_num: 13 finish: 1473408836 125551477 start: 1473408833 289224038
t_num: 20 finish: 1473408836 125872780 start: 1473408833 498569549
t_num: 10 finish: 1473408836 272359390 start: 1473408834 348010930
t_num: 1 finish: 1473408836 329054969 start: 1473408833 259876656
t_num: 11 finish: 1473408836 571911537 start: 1473408835 172020527
t_num: 22 finish: 1473408836 746431365 start: 1473408834 371014347
t_num: 5 finish: 1473408837 14261277 start: 1473408834 623071729
t_num: 6 finish: 1473408837 51633120 start: 1473408835 337230902
t_num: 25 finish: 1473408837 118714963 start: 1473408834 577580941
t_num: 13 finish: 1473408837 298580570 start: 1473408836 125573036
t_num: 28 finish: 1473408837 308714966 start: 1473408835 339172294
t_num: 21 finish: 1473408838 96170257 start: 1473408835 966677435
t_num: 15 finish: 1473408838 332159165 start: 1473408835 786894078
t_num: 18 finish: 1473408838 338759765 start: 1473408836 723740311
t_num: 25 finish: 1473408838 429800772 start: 1473408837 118819521
t_num: 17 finish: 1473408838 456500582 start: 1473408835 966614528
t_num: 20 finish: 1473408838 487645201 start: 1473408836 759484158
t_num: 0 finish: 1473408838 498825436 start: 1473408836 754903316
t_num: 26 finish: 1473408838 498937620 start: 1473408835 921167088
t_num: 7 finish: 1473408838 585697864 start: 1473408836 756562272
t_num: 4 finish: 1473408838 620586586 start: 1473408835 423309005
t_num: 14 finish: 1473408838 646634457 start: 1473408836 125432875
t_num: 22 finish: 1473408838 746142080 start: 1473408837 360323330
t_num: 6 finish: 1473408838 746147565 start: 1473408837 51674993
t_num: 24 finish: 1473408838 790313034 start: 1473408838 106887984
t_num: 8 finish: 1473408838 838185008 start: 1473408836 78690638
t_num: 1 finish: 1473408839 31461441 start: 1473408836 329099720
t_num: 18 finish: 1473408839 63460509 start: 1473408838 338784179
t_num: 10 finish: 1473408839 414375206 start: 1473408838 393455206
t_num: 5 finish: 1473408839 456280031 start: 1473408837 14301603
t_num: 13 finish: 1473408839 836535851 start: 1473408837 298609231
t_num: 23 finish: 1473408839 863685470 start: 1473408838 95069803
t_num: 0 finish: 1473408840 113574908 start: 1473408839 30783061
t_num: 7 finish: 1473408840 114431377 start: 1473408838 585726410
t_num: 15 finish: 1473408840 139913446 start: 1473408838 332204247
t_num: 21 finish: 1473408840 312167049 start: 1473408838 498890090
t_num: 4 finish: 1473408840 312167058 start: 1473408838 880200397
t_num: 17 finish: 1473408840 442816668 start: 1473408838 456523607
t_num: 22 finish: 1473408840 683988702 start: 1473408838 746182274
t_num: 14 finish: 1473408840 828435126 start: 1473408839 47059500
t_num: 25 finish: 1473408840 895030795 start: 1473408838 557347882
t_num: 29 finish: 1473408841 91900281 start: 1473408839 47724298
t_num: 26 finish: 1473408841 154063875 start: 1473408839 47750358
t_num: 7 finish: 1473408841 203567916 start: 1473408840 114450431
t_num: 21 finish: 1473408841 542922483 start: 1473408840 312217948
t_num: 8 finish: 1473408841 542939390 start: 1473408838 838218368
t_num: 20 finish: 1473408841 811762618 start: 1473408839 258207874
t_num: 13 finish: 1473408841 851296882 start: 1473408840 799155076
t_num: 2 finish: 1473408842 182843606 start: 1473408839 167927693
t_num: 23 finish: 1473408842 732025265 start: 1473408839 863708327
t_num: 22 finish: 1473408842 762269916 start: 1473408840 684033272
t_num: 24 finish: 1473408843 80855862 start: 1473408839 654107165
t_num: 0 finish: 1473408843 109859452 start: 1473408840 113601415
t_num: 29 finish: 1473408843 109912731 start: 1473408841 91939526
t_num: 17 finish: 1473408843 749340391 start: 1473408841 156343830
t_num: 7 finish: 1473408843 751918208 start: 1473408841 203589987
t_num: 23 finish: 1473408843 752452676 start: 1473408842 732107431
t_num: 12 finish: 1473408843 806152967 start: 1473408841 93897811
t_num: 16 finish: 1473408843 935821492 start: 1473408841 202721817
t_num: 3 finish: 1473408843 999099190 start: 1473408841 542997162
t_num: 22 finish: 1473408844 157027718 start: 1473408842 762311636
t_num: 21 finish: 1473408844 157678180 start: 1473408841 542968109
t_num: 15 finish: 1473408844 157686242 start: 1473408841 201595517
t_num: 4 finish: 1473408844 355867504 start: 1473408840 884469281
t_num: 1 finish: 1473408844 356010498 start: 1473408841 155352327
t_num: 13 finish: 1473408844 391625106 start: 1473408841 851331138
t_num: 19 finish: 1473408844 656476642 start: 1473408842 789391374
t_num: 6 finish: 1473408845 93109713 start: 1473408841 758542146
t_num: 25 finish: 1473408845 94390966 start: 1473408841 543565150
t_num: 2 finish: 1473408845 94451078 start: 1473408842 182876492
t_num: 27 finish: 1473408845 102440804 start: 1473408843 898291625
t_num: 29 finish: 1473408845 103331398 start: 1473408843 109932251
t_num: 9 finish: 1473408845 103339677 start: 1473408843 850679807
t_num: 17 finish: 1473408845 132299488 start: 1473408843 749384506
t_num: 22 finish: 1473408845 287352935 start: 1473408844 157065418
t_num: 5 finish: 1473408845 650160371 start: 1473408843 159565257
t_num: 19 finish: 1473408845 650244799 start: 1473408844 656526954
t_num: 1 finish: 1473408845 746233629 start: 1473408844 356029959
t_num: 8 finish: 1473408846 102158741 start: 1473408844 196408662
t_num: 16 finish: 1473408846 102739868 start: 1473408843 935864151
t_num: 12 finish: 1473408846 102747248 start: 1473408844 197972432
t_num: 3 finish: 1473408846 243945390 start: 1473408843 999142447
t_num: 23 finish: 1473408846 314376448 start: 1473408843 752473641
t_num: 4 finish: 1473408846 321776837 start: 1473408845 95193162
t_num: 30 finish: 1473408846 401532977 start: 1473408844 656496483
t_num: 24 finish: 1473408846 420566440 start: 1473408845 503130266
t_num: 26 finish: 1473408846 420576107 start: 1473408843 761046547
t_num: 15 finish: 1473408846 468922753 start: 1473408845 94685890
t_num: 7 finish: 1473408846 690910286 start: 1473408845 94252249
t_num: 18 finish: 1473408846 802978800 start: 1473408845 182355190
t_num: 5 finish: 1473408846 848226200 start: 1473408845 650200957
t_num: 6 finish: 1473408846 975921587 start: 1473408845 93153281
t_num: 2 finish: 1473408847 35890560 start: 1473408845 836511629
t_num: 17 finish: 1473408847 297303217 start: 1473408845 132324576
t_num: 10 finish: 1473408847 311661202 start: 1473408845 268220157
t_num: 22 finish: 1473408847 564753626 start: 1473408845 287374819
t_num: 29 finish: 1473408847 587052030 start: 1473408846 354018507
t_num: 24 finish: 1473408847 587056649 start: 1473408846 420595618
t_num: 13 finish: 1473408847 635375719 start: 1473408845 336891585
t_num: 25 finish: 1473408848 170022974 start: 1473408846 506065376
t_num: 7 finish: 1473408848 177305474 start: 1473408847 298557854
t_num: 4 finish: 1473408848 602454787 start: 1473408846 321826576
t_num: 5 finish: 1473408848 603419945 start: 1473408847 311616785
t_num: 18 finish: 1473408848 947503458 start: 1473408846 908000612
t_num: 9 finish: 1473408848 981371220 start: 1473408845 808113416
t_num: 12 finish: 1473408848 982080459 start: 1473408846 848196531
t_num: 26 finish: 1473408849 174398364 start: 1473408847 173501922
t_num: 2 finish: 1473408849 214503094 start: 1473408847 35925993
t_num: 10 finish: 1473408849 819909416 start: 1473408847 311683370
t_num: 27 finish: 1473408849 820900254 start: 1473408846 242784968
t_num: 30 finish: 1473408849 821880519 start: 1473408848 131412214
t_num: 15 finish: 1473408850 133913551 start: 1473408847 634619644
t_num: 17 finish: 1473408850 199253251 start: 1473408847 297400061
t_num: 24 finish: 1473408850 246852738 start: 1473408847 670454924
t_num: 16 finish: 1473408850 247141095 start: 1473408846 102763736
t_num: 25 finish: 1473408850 258886850 start: 1473408848 170061868
t_num: 13 finish: 1473408850 320333562 start: 1473408847 635398937
t_num: 4 finish: 1473408850 366733148 start: 1473408848 602490121
t_num: 31 finish: 1473408850 387007513 start: 1473408848 570388630
t_num: 11 finish: 1473408850 387645877 start: 1473408848 609103773
t_num: 7 finish: 1473408850 591201890 start: 1473408849 168829123
t_num: 23 finish: 1473408850 840335242 start: 1473408850 317415370
t_num: 19 finish: 1473408850 840708663 start: 1473408850 191238515
t_num: 24 finish: 1473408850 880648825 start: 1473408850 246886474
t_num: 9 finish: 1473408850 880694385 start: 1473408848 981406641
t_num: 28 finish: 1473408850 925879567 start: 1473408848 603435775
t_num: 0 finish: 1473408850 984632941 start: 1473408850 238831514
t_num: 10 finish: 1473408851 27878543 start: 1473408849 819954611
t_num: 15 finish: 1473408851 164789927 start: 1473408850 133957542
t_num: 12 finish: 1473408851 222460877 start: 1473408848 982096759
t_num: 2 finish: 1473408851 727606550 start: 1473408850 258956756
t_num: 25 finish: 1473408851 757679000 start: 1473408850 258911110
t_num: 4 finish: 1473408852 62483156 start: 1473408850 366768576
t_num: 26 finish: 1473408852 109272490 start: 1473408849 174436143
t_num: 11 finish: 1473408852 800435351 start: 1473408850 840284370
t_num: 10 finish: 1473408854 156488193 start: 1473408851 27916331
t_num: 27 finish: 1473408854 174101585 start: 1473408850 696558933
t_num: 19 finish: 1473408854 183385076 start: 1473408850 925905802
t_num: 24 finish: 1473408854 187150789 start: 1473408851 117895306
t_num: 23 finish: 1473408854 187154356 start: 1473408850 840360528
t_num: 13 finish: 1473408854 187199933 start: 1473408851 474341733
t_num: 15 finish: 1473408854 313621475 start: 1473408851 164819117
t_num: 18 finish: 1473408854 354630943 start: 1473408850 794441606
t_num: 30 finish: 1473408854 543329956 start: 1473408850 880724118
t_num: 25 finish: 1473408854 644477771 start: 1473408851 757712427
t_num: 16 finish: 1473408854 644490686 start: 1473408852 8175867
t_num: 1 finish: 1473408854 687592566 start: 1473408854 169222021
t_num: 0 finish: 1473408854 729592597 start: 1473408850 984667782
t_num: 12 finish: 1473408855 179080544 start: 1473408851 222503437
t_num: 2 finish: 1473408855 179157217 start: 1473408852 632271512
t_num: 20 finish: 1473408855 295270501 start: 1473408854 210624504
t_num: 11 finish: 1473408855 908185739 start: 1473408852 800480541
t_num: 10 finish: 1473408856 92447931 start: 1473408854 156532336
t_num: 19 finish: 1473408856 156694297 start: 1473408854 183406430
t_num: 3 finish: 1473408856 283791323 start: 1473408854 526995651
t_num: 2 finish: 1473408856 300114581 start: 1473408855 179175159
t_num: 18 finish: 1473408856 300117924 start: 1473408854 354654255
t_num: 21 finish: 1473408856 331257209 start: 1473408854 49067688
t_num: 14 finish: 1473408856 790270398 start: 1473408855 94739315
t_num: 28 finish: 1473408857 27871665 start: 1473408852 696009297
t_num: 16 finish: 1473408857 95313844 start: 1473408854 644688491
t_num: 23 finish: 1473408857 95313844 start: 1473408854 187240686
t_num: 17 finish: 1473408857 95645376 start: 1473408855 373159307
t_num: 10 finish: 1473408857 95914679 start: 1473408856 92489066
t_num: 2 finish: 1473408857 465616328 start: 1473408856 300176155
t_num: 12 finish: 1473408857 526916910 start: 1473408855 179114726
t_num: 26 finish: 1473408857 527745618 start: 1473408854 313601001
t_num: 24 finish: 1473408857 871743477 start: 1473408856 156113148
t_num: 11 finish: 1473408857 922058485 start: 1473408855 908225417
t_num: 4 finish: 1473408857 932303478 start: 1473408855 24029400
t_num: 0 finish: 1473408857 932352585 start: 1473408855 230893877
t_num: 30 finish: 1473408857 932421210 start: 1473408854 543379756
t_num: 25 finish: 1473408858 3273421 start: 1473408856 203779437
t_num: 27 finish: 1473408858 34177405 start: 1473408854 955777558
t_num: 22 finish: 1473408858 251779741 start: 1473408855 800892863
t_num: 14 finish: 1473408859 552873187 start: 1473408856 790306111
t_num: 6 finish: 1473408859 553709906 start: 1473408856 846308215
t_num: 25 finish: 1473408859 722765140 start: 1473408858 3316393
t_num: 26 finish: 1473408860 303634050 start: 1473408857 527775746
t_num: 23 finish: 1473408860 303722796 start: 1473408857 95389469
t_num: 28 finish: 1473408860 306558250 start: 1473408858 231221827
t_num: 1 finish: 1473408860 341254608 start: 1473408856 960666556
t_num: 19 finish: 1473408860 358827862 start: 1473408856 961247462
t_num: 11 finish: 1473408860 358978545 start: 1473408857 922102924
t_num: 24 finish: 1473408860 571039502 start: 1473408857 871778496
t_num: 4 finish: 1473408860 614827301 start: 1473408857 932622184
t_num: 30 finish: 1473408860 703364229 start: 1473408859 194804477
t_num: 18 finish: 1473408860 764314099 start: 1473408857 196791013
t_num: 0 finish: 1473408860 842511361 start: 1473408859 13463074
t_num: 10 finish: 1473408860 878362954 start: 1473408859 258423679
t_num: 26 finish: 1473408860 926392000 start: 1473408860 303662674
t_num: 17 finish: 1473408860 956783358 start: 1473408857 95665641
t_num: 23 finish: 1473408861 370204073 start: 1473408860 303742086
t_num: 21 finish: 1473408861 376043633 start: 1473408859 653448585
t_num: 7 finish: 1473408861 376235418 start: 1473408858 343438929
t_num: 14 finish: 1473408861 379748131 start: 1473408859 552901383
t_num: 13 finish: 1473408861 382682385 start: 1473408859 169130639
t_num: 1 finish: 1473408862 51500217 start: 1473408860 341294025
t_num: 6 finish: 1473408862 51589243 start: 1473408860 302011895
t_num: 22 finish: 1473408862 51730238 start: 1473408859 978733308
t_num: 25 finish: 1473408862 52453141 start: 1473408859 722795858
t_num: 16 finish: 1473408862 354399070 start: 1473408859 552331384
t_num: 11 finish: 1473408862 465588261 start: 1473408860 358998310
t_num: 0 finish: 1473408862 584653415 start: 1473408861 762593115
t_num: 28 finish: 1473408862 585692417 start: 1473408861 373154613
t_num: 2 finish: 1473408862 623174741 start: 1473408860 630003552
t_num: 30 finish: 1473408862 702134288 start: 1473408860 703406815
t_num: 7 finish: 1473408863 315237775 start: 1473408861 376254844
t_num: 15 finish: 1473408863 719659929 start: 1473408861 481563998
t_num: 9 finish: 1473408863 934449246 start: 1473408861 749247748
t_num: 24 finish: 1473408863 934603209 start: 1473408860 890151990
t_num: 18 finish: 1473408864 297439666 start: 1473408860 764346773
t_num: 25 finish: 1473408864 412203542 start: 1473408862 52473731
t_num: 17 finish: 1473408864 646246296 start: 1473408862 55236123
t_num: 2 finish: 1473408864 662417371 start: 1473408862 623215605
t_num: 6 finish: 1473408864 710357272 start: 1473408862 131658994
t_num: 0 finish: 1473408865 104141421 start: 1473408862 584690763
t_num: 7 finish: 1473408865 153328582 start: 1473408863 315270364
t_num: 21 finish: 1473408865 179461690 start: 1473408862 33915115
t_num: 9 finish: 1473408865 237891345 start: 1473408863 934477410
t_num: 15 finish: 1473408865 319809857 start: 1473408863 719704663
t_num: 28 finish: 1473408865 320643643 start: 1473408864 295745212
t_num: 16 finish: 1473408865 441211800 start: 1473408862 354443007
t_num: 1 finish: 1473408865 799067428 start: 1473408862 51525380
t_num: 18 finish: 1473408865 823837306 start: 1473408864 297464188
t_num: 24 finish: 1473408866 54919548 start: 1473408863 934622882
t_num: 13 finish: 1473408866 109718179 start: 1473408863 916748588
t_num: 29 finish: 1473408866 113210507 start: 1473408863 500029378
t_num: 16 finish: 1473408866 115067308 start: 1473408865 441256698
t_num: 25 finish: 1473408866 238977607 start: 1473408864 412281117
t_num: 12 finish: 1473408866 287706333 start: 1473408864 639651948
t_num: 6 finish: 1473408866 287735036 start: 1473408864 710381859
t_num: 20 finish: 1473408866 287769409 start: 1473408863 342777931
t_num: 10 finish: 1473408866 386579443 start: 1473408864 644013556
t_num: 8 finish: 1473408866 386763663 start: 1473408864 669831182
t_num: 9 finish: 1473408866 588278219 start: 1473408865 237924924
t_num: 18 finish: 1473408866 965034958 start: 1473408865 823873894
t_num: 22 finish: 1473408867 191531771 start: 1473408863 879838408
t_num: 21 finish: 1473408867 242273273 start: 1473408865 179504605
t_num: 19 finish: 1473408867 242275192 start: 1473408865 889909022
t_num: 16 finish: 1473408867 328228013 start: 1473408866 115086863
t_num: 0 finish: 1473408867 765180316 start: 1473408866 386535100
t_num: 13 finish: 1473408868 693904584 start: 1473408866 109762131
t_num: 14 finish: 1473408868 746083390 start: 1473408867 15328581
t_num: 10 finish: 1473408868 747870180 start: 1473408867 507312109
t_num: 2 finish: 1473408868 880004352 start: 1473408865 889985282
t_num: 20 finish: 1473408868 976317888 start: 1473408866 287788549
t_num: 24 finish: 1473408869 47007274 start: 1473408866 950111392
t_num: 6 finish: 1473408869 286333000 start: 1473408867 17430804
t_num: 7 finish: 1473408869 288425212 start: 1473408867 766047258
t_num: 21 finish: 1473408869 288426728 start: 1473408867 242341531
t_num: 27 finish: 1473408869 444744975 start: 1473408867 859863733
t_num: 28 finish: 1473408869 578578181 start: 1473408866 386545927
t_num: 0 finish: 1473408869 640656930 start: 1473408867 765206738
t_num: 3 finish: 1473408869 640666449 start: 1473408867 401865671
t_num: 31 finish: 1473408869 746560667 start: 1473408866 164047858
t_num: 13 finish: 1473408869 921032270 start: 1473408868 693936181
t_num: 14 finish: 1473408869 977151895 start: 1473408868 746107575
t_num: 2 finish: 1473408870 203525248 start: 1473408868 880033054
t_num: 18 finish: 1473408870 204762891 start: 1473408868 7819028
t_num: 16 finish: 1473408870 241313024 start: 1473408868 841096169
t_num: 1 finish: 1473408870 293735782 start: 1473408867 507333975
t_num: 4 finish: 1473408870 362649495 start: 1473408868 915506705
t_num: 9 finish: 1473408870 454515445 start: 1473408867 783122637
t_num: 10 finish: 1473408870 638625161 start: 1473408869 10154253
t_num: 28 finish: 1473408870 957232711 start: 1473408869 578611650
t_num: 21 finish: 1473408871 93119630 start: 1473408869 288452286
t_num: 25 finish: 1473408871 210231227 start: 1473408868 723285573
t_num: 19 finish: 1473408871 211064266 start: 1473408868 515585442
t_num: 12 finish: 1473408871 520326681 start: 1473408868 839978506
t_num: 16 finish: 1473408871 539836170 start: 1473408870 241352122
t_num: 27 finish: 1473408872 29947071 start: 1473408869 792243647
t_num: 3 finish: 1473408872 73967862 start: 1473408869 640723817
t_num: 24 finish: 1473408872 167225245 start: 1473408870 167890249
t_num: 6 finish: 1473408872 200047180 start: 1473408870 141962509
t_num: 0 finish: 1473408872 245868113 start: 1473408870 358351676
t_num: 13 finish: 1473408872 290232876 start: 1473408870 367345776
t_num: 9 finish: 1473408872 310569763 start: 1473408870 794336067
t_num: 4 finish: 1473408872 753276940 start: 1473408870 938167674
t_num: 5 finish: 1473408873 347583929 start: 1473408871 404317229
t_num: 31 finish: 1473408873 349639012 start: 1473408870 358453938
t_num: 23 finish: 1473408873 373168408 start: 1473408871 403173636
t_num: 14 finish: 1473408873 458591081 start: 1473408871 333134610
t_num: 7 finish: 1473408873 587142375 start: 1473408870 141076941
t_num: 10 finish: 1473408873 695710342 start: 1473408871 592843417
t_num: 24 finish: 1473408873 864396178 start: 1473408872 167265519
t_num: 27 finish: 1473408873 906023340 start: 1473408872 29975899
t_num: 3 finish: 1473408874 31026438 start: 1473408872 74006202
t_num: 0 finish: 1473408874 153955314 start: 1473408872 245895456
t_num: 6 finish: 1473408874 355013609 start: 1473408872 200073009
t_num: 25 finish: 1473408874 433330241 start: 1473408871 210275878
t_num: 8 finish: 1473408874 855322009 start: 1473408871 872870862
t_num: 17 finish: 1473408874 888092634 start: 1473408872 250028275
t_num: 13 finish: 1473408875 70968067 start: 1473408872 290262891
t_num: 9 finish: 1473408875 110521271 start: 1473408872 310589965
t_num: 12 finish: 1473408875 685501708 start: 1473408873 556384700
t_num: 26 finish: 1473408875 794785804 start: 1473408872 539405918
t_num: 0 finish: 1473408876 17442942 start: 1473408874 153989175
t_num: 25 finish: 1473408876 46825416 start: 1473408874 433371314
t_num: 16 finish: 1473408876 46845826 start: 1473408873 695915321
t_num: 15 finish: 1473408876 230639450 start: 1473408874 108786269
t_num: 14 finish: 1473408876 292171355 start: 1473408874 492053915
t_num: 10 finish: 1473408876 293638309 start: 1473408874 567432418
t_num: 8 finish: 1473408876 294226998 start: 1473408874 855355575
t_num: 22 finish: 1473408876 412179039 start: 1473408873 587198382
t_num: 11 finish: 1473408876 456186334 start: 1473408873 376379332
t_num: 3 finish: 1473408876 771305676 start: 1473408874 670095487
t_num: 9 finish: 1473408876 778580839 start: 1473408875 110561954
t_num: 2 finish: 1473408876 781633788 start: 1473408874 758331952
t_num: 7 finish: 1473408876 787533594 start: 1473408874 567484076
t_num: 13 finish: 1473408877 183372736 start: 1473408875 71004964
t_num: 29 finish: 1473408877 229820122 start: 1473408874 670684225
t_num: 26 finish: 1473408877 245324844 start: 1473408875 794844806
t_num: 20 finish: 1473408877 702446340 start: 1473408875 483678469
t_num: 11 finish: 1473408877 757444205 start: 1473408876 456210885
t_num: 12 finish: 1473408877 810682799 start: 1473408875 685544497
t_num: 18 finish: 1473408877 888967352 start: 1473408876 154406743
t_num: 25 finish: 1473408877 889879291 start: 1473408876 46851735
t_num: 10 finish: 1473408878 81448659 start: 1473408876 293669311
t_num: 24 finish: 1473408878 105963275 start: 1473408875 490418448
t_num: 26 finish: 1473408878 393786261 start: 1473408877 245346078
t_num: 13 finish: 1473408878 416137375 start: 1473408877 183412652
t_num: 28 finish: 1473408878 461198884 start: 1473408876 770087677
t_num: 15 finish: 1473408878 712335068 start: 1473408876 352374131
t_num: 0 finish: 1473408878 814176112 start: 1473408877 889215830
t_num: 31 finish: 1473408878 833499867 start: 1473408876 771461997
t_num: 17 finish: 1473408878 835121055 start: 1473408877 104771766
t_num: 3 finish: 1473408878 961866279 start: 1473408876 771333608
t_num: 9 finish: 1473408879 115717936 start: 1473408877 984822388
t_num: 16 finish: 1473408879 118086535 start: 1473408876 46859869
t_num: 18 finish: 1473408879 287898909 start: 1473408877 888995241
t_num: 2 finish: 1473408879 339465737 start: 1473408878 340288421
t_num: 11 finish: 1473408879 771190999 start: 1473408877 757474527
t_num: 20 finish: 1473408880 309170858 start: 1473408878 511635336
t_num: 22 finish: 1473408880 401379236 start: 1473408877 657744095
t_num: 29 finish: 1473408880 417311843 start: 1473408878 202893253
t_num: 24 finish: 1473408880 488000802 start: 1473408878 723473751
t_num: 28 finish: 1473408881 25697334 start: 1473408878 723492662
t_num: 17 finish: 1473408881 245116293 start: 1473408878 835135816
t_num: 3 finish: 1473408881 317603343 start: 1473408880 47293617
t_num: 14 finish: 1473408881 381684040 start: 1473408878 723463908
t_num: 0 finish: 1473408881 415683071 start: 1473408878 814212594
t_num: 21 finish: 1473408881 489142719 start: 1473408878 827237681
t_num: 9 finish: 1473408881 529678134 start: 1473408879 740943591
t_num: 12 finish: 1473408881 530006254 start: 1473408878 723436400
t_num: 4 finish: 1473408881 677040936 start: 1473408880 780747250
t_num: 26 finish: 1473408881 688314832 start: 1473408879 960223997
t_num: 11 finish: 1473408881 816916006 start: 1473408880 988188855
t_num: 20 finish: 1473408881 817668225 start: 1473408880 309246055
t_num: 24 finish: 1473408881 886613851 start: 1473408880 488024272
t_num: 16 finish: 1473408881 931080870 start: 1473408879 118125155
t_num: 13 finish: 1473408881 931151298 start: 1473408878 416158191
t_num: 19 finish: 1473408881 970776435 start: 1473408880 467121347
t_num: 31 finish: 1473408882 539864995 start: 1473408881 71456135
t_num: 12 finish: 1473408882 873357716 start: 1473408881 530024678
t_num: 28 finish: 1473408882 895722566 start: 1473408881 25731577
t_num: 25 finish: 1473408882 930953904 start: 1473408881 217965883
t_num: 22 finish: 1473408882 930953898 start: 1473408880 401417278
t_num: 13 finish: 1473408883 391929170 start: 1473408881 931167723
t_num: 14 finish: 1473408883 483253803 start: 1473408881 381713968
t_num: 21 finish: 1473408883 640772858 start: 1473408881 489172448
t_num: 19 finish: 1473408883 802010047 start: 1473408881 970818302
t_num: 16 finish: 1473408883 806227327 start: 1473408881 931106781
t_num: 26 finish: 1473408883 806479124 start: 1473408882 525954217
t_num: 13 finish: 1473408884 612308030 start: 1473408883 391973020
t_num: 11 finish: 1473408884 613462783 start: 1473408881 816960384
t_num: 17 finish: 1473408884 654169823 start: 1473408881 245139427
t_num: 22 finish: 1473408884 711890560 start: 1473408882 931022863
t_num: 9 finish: 1473408884 750542549 start: 1473408882 169864998
t_num: 4 finish: 1473408884 832639392 start: 1473408881 677067145
t_num: 21 finish: 1473408884 832651855 start: 1473408883 640802148
t_num: 23 finish: 1473408885 106635989 start: 1473408883 736427412
t_num: 11 finish: 1473408885 579015737 start: 1473408884 613483418
t_num: 12 finish: 1473408885 673099280 start: 1473408883 735898027
t_num: 16 finish: 1473408885 685123763 start: 1473408884 535846245
t_num: 26 finish: 1473408885 685280745 start: 1473408883 806498717
t_num: 27 finish: 1473408885 795605844 start: 1473408883 736041398
t_num: 28 finish: 1473408885 795892074 start: 1473408884 428674149
t_num: 14 finish: 1473408885 840667538 start: 1473408883 806551910
t_num: 5 finish: 1473408885 840726059 start: 1473408884 987372291
t_num: 31 finish: 1473408885 841155396 start: 1473408883 736234041
t_num: 22 finish: 1473408885 938315868 start: 1473408884 711917465
t_num: 29 finish: 1473408886 109103530 start: 1473408885 331551524
t_num: 8 finish: 1473408886 273042356 start: 1473408884 410381027
t_num: 1 finish: 1473408886 311934172 start: 1473408883 910809148
t_num: 19 finish: 1473408886 912420265 start: 1473408884 653956232
t_num: 27 finish: 1473408886 999427164 start: 1473408885 795643270
t_num: 16 finish: 1473408887 165540917 start: 1473408885 685146987
t_num: 4 finish: 1473408887 197957071 start: 1473408885 766306095
t_num: 17 finish: 1473408887 257063322 start: 1473408884 654193089
t_num: 20 finish: 1473408887 565432863 start: 1473408886 631673070
t_num: 3 finish: 1473408887 589763808 start: 1473408885 366391542
t_num: 14 finish: 1473408887 734132880 start: 1473408885 840690293
t_num: 13 finish: 1473408887 734151191 start: 1473408886 270148804
t_num: 21 finish: 1473408887 797393661 start: 1473408885 503637463
t_num: 0 finish: 1473408887 848732091 start: 1473408885 795605867
t_num: 10 finish: 1473408887 970127898 start: 1473408886 746641990
t_num: 28 finish: 1473408888 122532994 start: 1473408885 795908217
t_num: 31 finish: 1473408888 143474717 start: 1473408885 841177108
t_num: 16 finish: 1473408888 225763255 start: 1473408887 644541005
t_num: 9 finish: 1473408888 295468201 start: 1473408886 219075783
t_num: 22 finish: 1473408888 296608681 start: 1473408885 938358088
t_num: 26 finish: 1473408888 734049750 start: 1473408886 626832629
t_num: 20 finish: 1473408888 763139441 start: 1473408887 565490812
t_num: 11 finish: 1473408888 818709798 start: 1473408885 845473011
t_num: 1 finish: 1473408888 892378899 start: 1473408886 311976828
t_num: 0 finish: 1473408889 141521164 start: 1473408887 848783571
t_num: 28 finish: 1473408889 297744777 start: 1473408888 122578677
t_num: 12 finish: 1473408889 622997614 start: 1473408886 913292465
t_num: 3 finish: 1473408890 149192505 start: 1473408887 589789486
t_num: 14 finish: 1473408890 323687912 start: 1473408888 892505983
t_num: 21 finish: 1473408890 324367246 start: 1473408887 797427066
t_num: 22 finish: 1473408890 324379603 start: 1473408888 296629697
t_num: 25 finish: 1473408890 474340444 start: 1473408888 299780221
t_num: 9 finish: 1473408891 74030449 start: 1473408888 295502508
t_num: 12 finish: 1473408891 76502090 start: 1473408889 623042129
t_num: 19 finish: 1473408891 76540834 start: 1473408888 892485303
t_num: 28 finish: 1473408891 76570880 start: 1473408889 297774764
t_num: 10 finish: 1473408891 137924063 start: 1473408889 433534104
t_num: 11 finish: 1473408891 179030021 start: 1473408888 818757005
t_num: 5 finish: 1473408891 179909524 start: 1473408888 297515367
t_num: 27 finish: 1473408891 224493161 start: 1473408890 391552002
t_num: 0 finish: 1473408891 437450442 start: 1473408890 248546195
t_num: 13 finish: 1473408891 558374647 start: 1473408888 998576142
t_num: 1 finish: 1473408891 559422704 start: 1473408890 172127882
t_num: 26 finish: 1473408891 584246159 start: 1473408890 249162899
t_num: 20 finish: 1473408891 821983361 start: 1473408889 931497321
t_num: 17 finish: 1473408891 934082756 start: 1473408890 181417511
t_num: 7 finish: 1473408892 28146239 start: 1473408890 387439144
t_num: 16 finish: 1473408892 280036717 start: 1473408890 184215974
t_num: 18 finish: 1473408892 771641291 start: 1473408891 382304314
t_num: 25 finish: 1473408892 897621650 start: 1473408890 474366884
t_num: 14 finish: 1473408892 914634410 start: 1473408891 179920610
t_num: 27 finish: 1473408892 952902523 start: 1473408891 224514618
t_num: 8 finish: 1473408893 315371916 start: 1473408891 679713962
t_num: 19 finish: 1473408893 536025997 start: 1473408891 76555181
t_num: 9 finish: 1473408893 546315121 start: 1473408891 74071452
t_num: 22 finish: 1473408893 588343155 start: 1473408891 178943928
t_num: 20 finish: 1473408893 588359064 start: 1473408892 91822121
t_num: 3 finish: 1473408893 896184414 start: 1473408891 661015541
t_num: 28 finish: 1473408893 896199161 start: 1473408891 76589997
t_num: 1 finish: 1473408894 329874975 start: 1473408891 559444051
t_num: 5 finish: 1473408894 332729314 start: 1473408891 179926739
t_num: 0 finish: 1473408894 425810882 start: 1473408891 437483747
t_num: 17 finish: 1473408894 441507444 start: 1473408892 861618936
t_num: 13 finish: 1473408894 793376441 start: 1473408891 558417307
t_num: 4 finish: 1473408894 892341934 start: 1473408892 861662521
t_num: 12 finish: 1473408895 330713301 start: 1473408894 14407870
t_num: 7 finish: 1473408895 331345539 start: 1473408892 910157928
t_num: 22 finish: 1473408895 332094137 start: 1473408893 588390258
t_num: 2 finish: 1473408895 492871857 start: 1473408893 724819975
t_num: 18 finish: 1473408895 697504829 start: 1473408892 771667546
t_num: 30 finish: 1473408895 724183680 start: 1473408894 196482642
t_num: 25 finish: 1473408895 972185023 start: 1473408892 897666634
t_num: 5 finish: 1473408895 996209493 start: 1473408894 332750862
t_num: 26 finish: 1473408896 34366588 start: 1473408893 182287873
t_num: 28 finish: 1473408896 162169435 start: 1473408893 896309467
t_num: 8 finish: 1473408896 282107712 start: 1473408893 315427627
t_num: 13 finish: 1473408896 310134993 start: 1473408894 793406156
t_num: 27 finish: 1473408896 373115750 start: 1473408894 136822688
t_num: 20 finish: 1473408896 803394781 start: 1473408894 318011068
t_num: 25 finish: 1473408897 398685 start: 1473408895 972228662
t_num: 29 finish: 1473408897 209387226 start: 1473408895 504024520
t_num: 30 finish: 1473408897 225679257 start: 1473408896 182382220
t_num: 3 finish: 1473408897 226756720 start: 1473408895 273559811
t_num: 17 finish: 1473408897 350643346 start: 1473408895 402987693
t_num: 9 finish: 1473408897 402470457 start: 1473408894 563295194
t_num: 4 finish: 1473408897 506998941 start: 1473408894 892365418
t_num: 18 finish: 1473408897 547725887 start: 1473408896 34244039
t_num: 6 finish: 1473408897 795221782 start: 1473408895 570822770
t_num: 1 finish: 1473408897 885024993 start: 1473408896 315542724
t_num: 7 finish: 1473408898 1715306 start: 1473408896 358035310
t_num: 0 finish: 1473408898 249303761 start: 1473408895 504520156
t_num: 24 finish: 1473408898 266029439 start: 1473408896 867179782
t_num: 18 finish: 1473408898 473105198 start: 1473408897 547764857
t_num: 29 finish: 1473408898 534413843 start: 1473408897 209429781
t_num: 25 finish: 1473408898 587334566 start: 1473408897 434459
t_num: 26 finish: 1473408898 587600748 start: 1473408896 510631827
t_num: 15 finish: 1473408898 611038231 start: 1473408896 753984089
t_num: 8 finish: 1473408898 611085866 start: 1473408896 282139050
t_num: 22 finish: 1473408898 659294911 start: 1473408895 784311586
t_num: 5 finish: 1473408898 699811570 start: 1473408896 804533070
t_num: 13 finish: 1473408898 740977463 start: 1473408896 804843590
t_num: 12 finish: 1473408898 886019065 start: 1473408897 564164075
t_num: 7 finish: 1473408900 64991315 start: 1473408898 1757365
t_num: 0 finish: 1473408900 488142768 start: 1473408898 249331653
t_num: 26 finish: 1473408900 542944691 start: 1473408898 587619422
t_num: 31 finish: 1473408900 558402236 start: 1473408898 443685272
t_num: 11 finish: 1473408900 558402251 start: 1473408897 243984519
t_num: 9 finish: 1473408900 558495651 start: 1473408898 85528432
t_num: 29 finish: 1473408900 559773939 start: 1473408898 534449271
t_num: 19 finish: 1473408900 559970258 start: 1473408898 373202437
t_num: 13 finish: 1473408900 561857725 start: 1473408898 740999249
t_num: 4 finish: 1473408900 573706381 start: 1473408897 507042156
t_num: 17 finish: 1473408900 573746073 start: 1473408897 350694666
t_num: 27 finish: 1473408900 637828123 start: 1473408898 233929292
t_num: 12 finish: 1473408900 893135816 start: 1473408898 886046706
t_num: 22 finish: 1473408901 37267800 start: 1473408898 659328970
t_num: 7 finish: 1473408901 269391236 start: 1473408900 65020235
t_num: 11 finish: 1473408901 336138787 start: 1473408900 558475874
t_num: 10 finish: 1473408901 668684492 start: 1473408898 721696341
t_num: 18 finish: 1473408901 691750163 start: 1473408900 70734254
t_num: 24 finish: 1473408901 692549018 start: 1473408900 558525211
t_num: 19 finish: 1473408902 283693534 start: 1473408900 559991247
t_num: 31 finish: 1473408902 285195865 start: 1473408900 558424805
t_num: 17 finish: 1473408902 681003275 start: 1473408900 573762537
t_num: 14 finish: 1473408902 723278878 start: 1473408901 344360325
t_num: 3 finish: 1473408902 758488143 start: 1473408901 77741283
t_num: 12 finish: 1473408902 876055418 start: 1473408901 328994209
t_num: 5 finish: 1473408902 876096214 start: 1473408900 542545221
t_num: 28 finish: 1473408902 876195243 start: 1473408900 542595798
t_num: 24 finish: 1473408902 876458768 start: 1473408901 692594080
t_num: 13 finish: 1473408902 876655686 start: 1473408900 561879300
t_num: 15 finish: 1473408902 878002695 start: 1473408901 77008557
t_num: 0 finish: 1473408903 127538255 start: 1473408900 786336762
t_num: 30 finish: 1473408903 234500569 start: 1473408901 60875961
t_num: 22 finish: 1473408903 769238204 start: 1473408901 200441500
t_num: 7 finish: 1473408903 996560486 start: 1473408901 269429043
t_num: 27 finish: 1473408904 257567423 start: 1473408901 167387201
t_num: 16 finish: 1473408904 257697108 start: 1473408901 809468913
t_num: 9 finish: 1473408904 362023107 start: 1473408902 468428092
t_num: 11 finish: 1473408904 457356226 start: 1473408901 963474802
t_num: 17 finish: 1473408904 622176700 start: 1473408902 681046654
t_num: 12 finish: 1473408904 729204707 start: 1473408902 876097881
t_num: 0 finish: 1473408904 797312323 start: 1473408903 127576712
t_num: 10 finish: 1473408904 964113511 start: 1473408902 756192193
t_num: 15 finish: 1473408905 46554055 start: 1473408902 878044415
t_num: 2 finish: 1473408905 47082208 start: 1473408903 496538937
t_num: 22 finish: 1473408905 236093702 start: 1473408903 769278575
t_num: 20 finish: 1473408905 459873278 start: 1473408902 468586792
t_num: 31 finish: 1473408905 533965413 start: 1473408903 544113764
t_num: 17 finish: 1473408905 760400425 start: 1473408904 622208511
t_num: 3 finish: 1473408905 885259161 start: 1473408902 758504315
t_num: 14 finish: 1473408905 889377405 start: 1473408902 723324300
t_num: 28 finish: 1473408906 227518257 start: 1473408904 392992533
t_num: 29 finish: 1473408906 230600654 start: 1473408904 257694893
t_num: 8 finish: 1473408906 232463585 start: 1473408905 237240644
t_num: 0 finish: 1473408906 266958213 start: 1473408904 797347460
t_num: 20 finish: 1473408906 554193593 start: 1473408905 459915524
t_num: 22 finish: 1473408906 567880351 start: 1473408905 483480418
t_num: 24 finish: 1473408906 746672493 start: 1473408902 876478327
t_num: 15 finish: 1473408906 746735441 start: 1473408905 46581552
t_num: 10 finish: 1473408906 777496205 start: 1473408904 964160149
t_num: 30 finish: 1473408907 27301311 start: 1473408904 561074741
t_num: 7 finish: 1473408907 71777886 start: 1473408905 152340241
t_num: 19 finish: 1473408907 172354384 start: 1473408904 179331815
t_num: 12 finish: 1473408907 333256890 start: 1473408904 729243196
t_num: 29 finish: 1473408907 664780995 start: 1473408906 230621182
t_num: 3 finish: 1473408907 696275225 start: 1473408905 885302013
t_num: 24 finish: 1473408907 815380458 start: 1473408906 746694949
t_num: 14 finish: 1473408908 315808919 start: 1473408906 745338915
t_num: 23 finish: 1473408908 376630650 start: 1473408905 2148761
t_num: 5 finish: 1473408908 453551455 start: 1473408906 120752373
t_num: 20 finish: 1473408908 453898674 start: 1473408906 554228994
t_num: 8 finish: 1473408908 544036458 start: 1473408906 232480446
t_num: 17 finish: 1473408908 887736465 start: 1473408906 799837917
t_num: 12 finish: 1473408908 889995960 start: 1473408907 333297761
t_num: 1 finish: 1473408909 154055015 start: 1473408905 986652858
t_num: 30 finish: 1473408909 245730550 start: 1473408907 27339872
t_num: 16 finish: 1473408909 481247224 start: 1473408905 886485170
t_num: 3 finish: 1473408909 486738798 start: 1473408907 696297442
t_num: 6 finish: 1473408909 487987476 start: 1473408908 399523824
t_num: 2 finish: 1473408909 836025178 start: 1473408907 586756148
t_num: 28 finish: 1473408909 917998703 start: 1473408907 585975878
t_num: 19 finish: 1473408909 943222084 start: 1473408907 172390898
t_num: 5 finish: 1473408909 973673795 start: 1473408908 453591541
t_num: 23 finish: 1473408909 975812107 start: 1473408908 376665096
t_num: 15 finish: 1473408909 975870465 start: 1473408907 664823858
t_num: 31 finish: 1473408910 37160911 start: 1473408907 587371241
t_num: 12 finish: 1473408910 171554129 start: 1473408908 890013876
t_num: 8 finish: 1473408910 263490261 start: 1473408908 544091205
t_num: 22 finish: 1473408910 456845764 start: 1473408907 979601300
t_num: 6 finish: 1473408910 456941723 start: 1473408909 488007717
t_num: 30 finish: 1473408910 501732031 start: 1473408909 245773276
t_num: 7 finish: 1473408910 501879519 start: 1473408907 869301720
t_num: 16 finish: 1473408910 562843594 start: 1473408909 481275411
t_num: 4 finish: 1473408910 808001698 start: 1473408909 944042624
t_num: 10 finish: 1473408911 264186973 start: 1473408909 456127500
t_num: 3 finish: 1473408911 530862450 start: 1473408909 918063970
t_num: 1 finish: 1473408911 814277929 start: 1473408909 154098765
t_num: 15 finish: 1473408911 826448666 start: 1473408909 975903100
t_num: 29 finish: 1473408911 826448683 start: 1473408909 456168291
t_num: 6 finish: 1473408911 826633481 start: 1473408910 456959806
t_num: 5 finish: 1473408912 372600499 start: 1473408909 973726103
t_num: 16 finish: 1473408912 415463534 start: 1473408910 562883316
t_num: 12 finish: 1473408912 504642734 start: 1473408910 171609598
t_num: 31 finish: 1473408912 504644596 start: 1473408910 37195479
t_num: 22 finish: 1473408912 504942693 start: 1473408910 456890266
t_num: 23 finish: 1473408912 754664068 start: 1473408910 72540472
t_num: 1 finish: 1473408913 86367582 start: 1473408911 814308155
t_num: 19 finish: 1473408913 144922801 start: 1473408909 943618892
t_num: 7 finish: 1473408913 458062110 start: 1473408910 501899671
t_num: 6 finish: 1473408913 465521183 start: 1473408911 826651293
t_num: 25 finish: 1473408913 466165821 start: 1473408911 734944013
t_num: 18 finish: 1473408913 477010861 start: 1473408911 973407691
t_num: 13 finish: 1473408913 642095023 start: 1473408910 759298015
t_num: 16 finish: 1473408913 833524080 start: 1473408912 415503687
t_num: 4 finish: 1473408913 864157791 start: 1473408911 417389031
t_num: 17 finish: 1473408913 911990260 start: 1473408911 354536516
t_num: 30 finish: 1473408914 417711636 start: 1473408911 737788258
t_num: 21 finish: 1473408914 593180565 start: 1473408912 753165234
t_num: 10 finish: 1473408914 641351714 start: 1473408911 264230913
t_num: 31 finish: 1473408914 687922391 start: 1473408912 504711882
t_num: 28 finish: 1473408914 812762568 start: 1473408912 415892471
t_num: 19 finish: 1473408915 93699452 start: 1473408913 144966668
t_num: 3 finish: 1473408915 467863669 start: 1473408912 681292371
t_num: 15 finish: 1473408915 620113216 start: 1473408912 561225166
t_num: 13 finish: 1473408915 663546141 start: 1473408913 642128332
t_num: 23 finish: 1473408915 873767729 start: 1473408912 754685980
t_num: 25 finish: 1473408915 900559522 start: 1473408913 466181036
t_num: 4 finish: 1473408916 22561619 start: 1473408913 864232122
t_num: 5 finish: 1473408916 85912502 start: 1473408913 864479873
t_num: 24 finish: 1473408916 136631987 start: 1473408914 611471404
t_num: 17 finish: 1473408916 180969421 start: 1473408913 912017136
t_num: 6 finish: 1473408916 448784289 start: 1473408913 465564985
t_num: 30 finish: 1473408916 449086227 start: 1473408915 464005538
t_num: 22 finish: 1473408916 498766498 start: 1473408915 462326881
t_num: 7 finish: 1473408916 552683917 start: 1473408915 663600518
t_num: 21 finish: 1473408916 597100972 start: 1473408914 593224210
t_num: 18 finish: 1473408916 870106377 start: 1473408914 298608592
t_num: 19 finish: 1473408917 85446888 start: 1473408915 93739911
t_num: 10 finish: 1473408917 208811643 start: 1473408914 814603228
t_num: 31 finish: 1473408917 372574955 start: 1473408914 687956690
t_num: 9 finish: 1473408917 373784761 start: 1473408914 611650053
t_num: 28 finish: 1473408917 436798777 start: 1473408916 448843099
t_num: 15 finish: 1473408917 576836081 start: 1473408915 620159507
t_num: 23 finish: 1473408917 582726692 start: 1473408915 873806130
t_num: 13 finish: 1473408917 816007440 start: 1473408915 663570127
t_num: 11 finish: 1473408918 390639457 start: 1473408916 924419941
t_num: 5 finish: 1473408918 392907654 start: 1473408916 85954795
t_num: 21 finish: 1473408918 584035753 start: 1473408916 597138645
t_num: 0 finish: 1473408918 584063525 start: 1473408916 645826690
t_num: 25 finish: 1473408918 584122036 start: 1473408916 225064310
t_num: 22 finish: 1473408919 52511324 start: 1473408916 498825296
t_num: 6 finish: 1473408919 381843567 start: 1473408916 641231515
t_num: 17 finish: 1473408919 381843558 start: 1473408917 174995849
t_num: 14 finish: 1473408919 465060018 start: 1473408917 519175919
t_num: 9 finish: 1473408919 690169758 start: 1473408917 373801192
t_num: 28 finish: 1473408919 957115704 start: 1473408917 436823957
t_num: 11 finish: 1473408920 33425128 start: 1473408918 390680980
t_num: 5 finish: 1473408920 220926974 start: 1473408918 606421299
t_num: 29 finish: 1473408920 263056459 start: 1473408917 685226232
t_num: 18 finish: 1473408920 315629962 start: 1473408917 867695716
t_num: 24 finish: 1473408920 349038181 start: 1473408918 860912250
t_num: 13 finish: 1473408920 411019767 start: 1473408919 133239510
t_num: 4 finish: 1473408920 649296583 start: 1473408918 812748792
t_num: 30 finish: 1473408920 650260821 start: 1473408917 867725672
t_num: 25 finish: 1473408920 650887463 start: 1473408918 584136032
t_num: 22 finish: 1473408920 651083489 start: 1473408919 52556675
t_num: 15 finish: 1473408920 912766429 start: 1473408917 614141812
t_num: 21 finish: 1473408921 346332550 start: 1473408919 387427763
t_num: 10 finish: 1473408921 408864181 start: 1473408919 380924087
t_num: 7 finish: 1473408921 519086416 start: 1473408917 506023111
t_num: 24 finish: 1473408921 817355111 start: 1473408920 349065425
t_num: 0 finish: 1473408922 326174055 start: 1473408918 584225947
t_num: 5 finish: 1473408922 354537266 start: 1473408920 220954917
t_num: 9 finish: 1473408922 354549571 start: 1473408920 302902881
t_num: 16 finish: 1473408922 354814348 start: 1473408920 426083413
t_num: 13 finish: 1473408922 711209062 start: 1473408920 411040255
t_num: 4 finish: 1473408922 711209840 start: 1473408920 649329984
t_num: 10 finish: 1473408922 816997240 start: 1473408921 408880493
t_num: 2 finish: 1473408922 889160446 start: 1473408920 230950274
t_num: 28 finish: 1473408922 940747607 start: 1473408921 346971059
t_num: 3 finish: 1473408923 366792335 start: 1473408920 973403419
t_num: 25 finish: 1473408923 421324429 start: 1473408922 742338969
t_num: 14 finish: 1473408923 421329146 start: 1473408920 972592643
t_num: 17 finish: 1473408923 680256686 start: 1473408922 354601910
t_num: 11 finish: 1473408923 680296308 start: 1473408920 33499727
t_num: 29 finish: 1473408923 742582070 start: 1473408921 572857145
t_num: 10 finish: 1473408923 830579447 start: 1473408922 817025345
t_num: 24 finish: 1473408924 86460335 start: 1473408922 709367663
t_num: 6 finish: 1473408924 90393190 start: 1473408921 397116392
t_num: 8 finish: 1473408924 92577437 start: 1473408922 402621958
t_num: 9 finish: 1473408924 604483742 start: 1473408922 354750520
t_num: 16 finish: 1473408924 765137642 start: 1473408923 160861338
t_num: 3 finish: 1473408924 765370160 start: 1473408923 366829887
t_num: 15 finish: 1473408924 864645708 start: 1473408921 656462014
t_num: 30 finish: 1473408925 84000460 start: 1473408922 167260719
t_num: 1 finish: 1473408925 254882241 start: 1473408924 66942650
t_num: 28 finish: 1473408926 260121908 start: 1473408922 940781649
t_num: 29 finish: 1473408926 303758698 start: 1473408923 742610547
t_num: 5 finish: 1473408926 381301032 start: 1473408924 452967920
t_num: 2 finish: 1473408926 423439715 start: 1473408924 179181769
t_num: 19 finish: 1473408926 423728829 start: 1473408924 741529151
t_num: 25 finish: 1473408926 550625211 start: 1473408923 421352022
t_num: 9 finish: 1473408926 550951810 start: 1473408924 604525659
t_num: 26 finish: 1473408926 733882754 start: 1473408924 539718665
t_num: 17 finish: 1473408926 769895173 start: 1473408923 680326008
t_num: 20 finish: 1473408926 770163855 start: 1473408923 240515611
t_num: 0 finish: 1473408926 906541197 start: 1473408923 866435595
t_num: 14 finish: 1473408926 926193403 start: 1473408924 210823705
t_num: 6 finish: 1473408927 146669500 start: 1473408924 643783648
t_num: 11 finish: 1473408927 146731310 start: 1473408924 965741661
t_num: 10 finish: 1473408927 754702890 start: 1473408925 43934699
t_num: 12 finish: 1473408927 924812846 start: 1473408925 716108582
t_num: 15 finish: 1473408927 926185507 start: 1473408925 326419567
t_num: 30 finish: 1473408927 942168385 start: 1473408925 84032054
t_num: 13 finish: 1473408927 999882088 start: 1473408926 262601424
t_num: 5 finish: 1473408928 162781982 start: 1473408926 381346859
t_num: 0 finish: 1473408928 790189381 start: 1473408926 906566288
t_num: 26 finish: 1473408928 882652070 start: 1473408926 733920475
t_num: 25 finish: 1473408928 921748077 start: 1473408926 769904353
t_num: 3 finish: 1473408928 947392918 start: 1473408927 675120168
t_num: 29 finish: 1473408928 951945155 start: 1473408927 676022914
t_num: 19 finish: 1473408929 185047296 start: 1473408926 423749795
t_num: 30 finish: 1473408929 188369680 start: 1473408927 942190213
t_num: 6 finish: 1473408929 320384170 start: 1473408927 613409204
t_num: 13 finish: 1473408929 513564897 start: 1473408927 999913779
t_num: 22 finish: 1473408929 513585865 start: 1473408926 914014819
t_num: 2 finish: 1473408929 513631474 start: 1473408926 423463813
t_num: 31 finish: 1473408929 583344491 start: 1473408926 907328349
t_num: 21 finish: 1473408929 622693008 start: 1473408927 622872827
t_num: 9 finish: 1473408929 821152247 start: 1473408927 113211141
t_num: 20 finish: 1473408929 822687060 start: 1473408927 146630171
t_num: 18 finish: 1473408929 822727824 start: 1473408928 184468534
t_num: 14 finish: 1473408929 883500704 start: 1473408928 78840159
t_num: 17 finish: 1473408929 888181269 start: 1473408926 769933609
t_num: 28 finish: 1473408930 419698327 start: 1473408927 809507014
t_num: 12 finish: 1473408930 461766148 start: 1473408927 924857255
t_num: 29 finish: 1473408930 555133475 start: 1473408928 951965542
t_num: 5 finish: 1473408930 900971851 start: 1473408928 162867601
t_num: 15 finish: 1473408930 901484874 start: 1473408927 926206669
t_num: 19 finish: 1473408930 966595921 start: 1473408929 583716345
t_num: 2 finish: 1473408930 967308066 start: 1473408929 831251829
t_num: 21 finish: 1473408931 29791677 start: 1473408929 822760983
t_num: 13 finish: 1473408931 663508915 start: 1473408929 513591747
t_num: 3 finish: 1473408931 733186922 start: 1473408928 947420489
t_num: 22 finish: 1473408931 779896072 start: 1473408929 513602790
t_num: 9 finish: 1473408931 890411735 start: 1473408929 821189699
t_num: 5 finish: 1473408932 99191577 start: 1473408930 900997750
t_num: 20 finish: 1473408932 274196203 start: 1473408929 822707213
t_num: 31 finish: 1473408932 403599600 start: 1473408929 583387685
t_num: 4 finish: 1473408932 403663034 start: 1473408929 991657435
t_num: 19 finish: 1473408932 403689528 start: 1473408930 966617888
t_num: 17 finish: 1473408932 496282725 start: 1473408930 688950060
t_num: 30 finish: 1473408932 540330263 start: 1473408929 822734820
t_num: 8 finish: 1473408932 540389209 start: 1473408930 329831105
t_num: 15 finish: 1473408932 608268614 start: 1473408930 901505286
t_num: 29 finish: 1473408932 730488854 start: 1473408931 532686846
t_num: 2 finish: 1473408932 730577777 start: 1473408930 967322520
t_num: 7 finish: 1473408932 805763908 start: 1473408931 68024918
t_num: 11 finish: 1473408932 816998117 start: 1473408931 655265797
t_num: 14 finish: 1473408932 878554549 start: 1473408931 286275598
t_num: 13 finish: 1473408933 62024325 start: 1473408931 663531218
t_num: 16 finish: 1473408933 93677825 start: 1473408930 669814014
t_num: 27 finish: 1473408933 605746325 start: 1473408930 753499859
t_num: 28 finish: 1473408933 643088729 start: 1473408930 419742214
t_num: 17 finish: 1473408933 764019551 start: 1473408932 496315773
t_num: 31 finish: 1473408934 406484047 start: 1473408932 403642275
t_num: 2 finish: 1473408934 586192740 start: 1473408932 980951182
t_num: 5 finish: 1473408934 586251085 start: 1473408932 99227801
t_num: 15 finish: 1473408934 622837234 start: 1473408932 608289113
t_num: 8 finish: 1473408934 745508797 start: 1473408932 540406116
t_num: 20 finish: 1473408935 275906328 start: 1473408932 981503073
t_num: 29 finish: 1473408935 292503705 start: 1473408932 730558157
t_num: 19 finish: 1473408935 293223456 start: 1473408934 252520357
t_num: 11 finish: 1473408935 294846430 start: 1473408932 817019979
t_num: 24 finish: 1473408935 444860679 start: 1473408932 608247502
t_num: 4 finish: 1473408935 657147605 start: 1473408932 805719081
t_num: 12 finish: 1473408936 6894233 start: 1473408934 865570120
t_num: 18 finish: 1473408936 9092120 start: 1473408934 281542180
t_num: 28 finish: 1473408936 35189320 start: 1473408934 621768406
t_num: 8 finish: 1473408936 93060304 start: 1473408934 745543625
t_num: 13 finish: 1473408936 114543861 start: 1473408934 252549858
t_num: 30 finish: 1473408936 115264177 start: 1473408934 342324812
t_num: 17 finish: 1473408936 227711441 start: 1473408933 764063338
t_num: 11 finish: 1473408936 881075939 start: 1473408935 294865647
t_num: 25 finish: 1473408937 87487496 start: 1473408932 879481510
t_num: 16 finish: 1473408937 586280330 start: 1473408934 150747139
t_num: 5 finish: 1473408937 586340965 start: 1473408934 586265932
t_num: 31 finish: 1473408937 601625082 start: 1473408934 406509984
t_num: 1 finish: 1473408937 670509649 start: 1473408935 409890301
t_num: 22 finish: 1473408937 670644506 start: 1473408935 694074708
t_num: 27 finish: 1473408937 764057095 start: 1473408935 552022950
t_num: 9 finish: 1473408937 876594770 start: 1473408936 227744672
t_num: 29 finish: 1473408938 15786486 start: 1473408936 34583445
t_num: 2 finish: 1473408938 252776738 start: 1473408935 351152290
t_num: 10 finish: 1473408938 459261307 start: 1473408935 913667678
t_num: 16 finish: 1473408938 471477817 start: 1473408937 586320083
t_num: 6 finish: 1473408938 538630529 start: 1473408937 620974033
t_num: 18 finish: 1473408938 538674464 start: 1473408936 35209244
t_num: 11 finish: 1473408938 804726020 start: 1473408936 881120886
t_num: 30 finish: 1473408938 901729220 start: 1473408936 115285515
t_num: 28 finish: 1473408938 932938928 start: 1473408937 658423901
t_num: 5 finish: 1473408938 952769953 start: 1473408937 586403430
t_num: 13 finish: 1473408939 33533125 start: 1473408937 733599046
t_num: 12 finish: 1473408939 191681891 start: 1473408936 149023187
t_num: 2 finish: 1473408939 499448125 start: 1473408938 252825601
t_num: 22 finish: 1473408939 652219933 start: 1473408937 670663736
t_num: 24 finish: 1473408939 679643284 start: 1473408937 670514631
t_num: 23 finish: 1473408939 774658626 start: 1473408938 760041562
t_num: 27 finish: 1473408939 908486466 start: 1473408938 459231523
t_num: 4 finish: 1473408939 973988385 start: 1473408937 628276285
t_num: 29 finish: 1473408939 996573247 start: 1473408938 15830435
t_num: 1 finish: 1473408940 352918893 start: 1473408938 814871807
t_num: 6 finish: 1473408940 353698957 start: 1473408938 538716588
t_num: 14 finish: 1473408940 456041138 start: 1473408938 844788166
t_num: 30 finish: 1473408940 629236858 start: 1473408938 901765437
t_num: 2 finish: 1473408940 638018068 start: 1473408939 499486296
t_num: 26 finish: 1473408940 950915425 start: 1473408938 932229399
t_num: 11 finish: 1473408941 185441406 start: 1473408938 804763588
t_num: 10 finish: 1473408941 293459704 start: 1473408939 171101447
t_num: 5 finish: 1473408941 391708342 start: 1473408940 304563035
t_num: 4 finish: 1473408941 568712710 start: 1473408939 974025610
t_num: 27 finish: 1473408941 612082710 start: 1473408940 305466421
t_num: 12 finish: 1473408941 776195215 start: 1473408940 74578495
t_num: 8 finish: 1473408941 900905037 start: 1473408939 348254563
t_num: 3 finish: 1473408942 82834500 start: 1473408939 912159
t_num: 13 finish: 1473408942 168126561 start: 1473408939 909724781
t_num: 29 finish: 1473408942 213136872 start: 1473408939 996599385
t_num: 6 finish: 1473408942 228474019 start: 1473408940 874660980
t_num: 0 finish: 1473408942 393634656 start: 1473408940 73861153
t_num: 14 finish: 1473408942 458391624 start: 1473408940 456086119
t_num: 21 finish: 1473408942 459398692 start: 1473408940 353235986
t_num: 19 finish: 1473408942 823134214 start: 1473408940 637977829
t_num: 2 finish: 1473408942 946811654 start: 1473408941 32248604
t_num: 22 finish: 1473408943 299251036 start: 1473408940 305439415
t_num: 12 finish: 1473408943 329353360 start: 1473408941 776222688
t_num: 10 finish: 1473408943 940350743 start: 1473408941 293501825
t_num: 13 finish: 1473408943 945970034 start: 1473408942 168198194
t_num: 6 finish: 1473408944 268585393 start: 1473408942 228490285
t_num: 30 finish: 1473408944 269912312 start: 1473408941 525082599
t_num: 23 finish: 1473408944 561253534 start: 1473408942 168251883
t_num: 15 finish: 1473408944 764380165 start: 1473408942 375366062
t_num: 7 finish: 1473408944 805790896 start: 1473408943 7428220
t_num: 29 finish: 1473408944 847931870 start: 1473408942 213170096
t_num: 26 finish: 1473408945 138306822 start: 1473408941 568739158
t_num: 22 finish: 1473408945 151365409 start: 1473408943 299280997
t_num: 8 finish: 1473408945 356414076 start: 1473408944 271099597
t_num: 20 finish: 1473408945 541820511 start: 1473408942 874177311
t_num: 27 finish: 1473408945 831819552 start: 1473408943 440491153
t_num: 4 finish: 1473408945 837006056 start: 1473408943 625499034
t_num: 18 finish: 1473408945 920298940 start: 1473408944 664223812
t_num: 1 finish: 1473408945 920367481 start: 1473408942 308262095
t_num: 12 finish: 1473408945 935814160 start: 1473408943 329377034
t_num: 13 finish: 1473408946 73635775 start: 1473408943 945991562
t_num: 3 finish: 1473408946 88867412 start: 1473408943 291039283
t_num: 24 finish: 1473408946 95083988 start: 1473408943 904204739
t_num: 23 finish: 1473408946 373251891 start: 1473408944 561281413
t_num: 19 finish: 1473408946 377303792 start: 1473408944 306750563
t_num: 8 finish: 1473408946 903556207 start: 1473408945 356442981
t_num: 20 finish: 1473408946 903563286 start: 1473408945 541878360
t_num: 7 finish: 1473408946 905764175 start: 1473408944 805827859
t_num: 2 finish: 1473408947 53342349 start: 1473408944 743445716
t_num: 16 finish: 1473408947 352879540 start: 1473408945 180857096
t_num: 15 finish: 1473408947 352960711 start: 1473408945 196313649
t_num: 23 finish: 1473408947 524877716 start: 1473408946 373281697
t_num: 13 finish: 1473408947 562498071 start: 1473408946 73657212
t_num: 1 finish: 1473408947 667366081 start: 1473408946 277510194
t_num: 10 finish: 1473408947 667977994 start: 1473408944 555595082
t_num: 19 finish: 1473408947 753678549 start: 1473408946 377325094
t_num: 18 finish: 1473408947 845259396 start: 1473408946 532240527
t_num: 28 finish: 1473408947 978906225 start: 1473408946 899887203
t_num: 3 finish: 1473408947 981786099 start: 1473408946 88889846
t_num: 27 finish: 1473408948 154451509 start: 1473408945 831866272
t_num: 4 finish: 1473408948 177317917 start: 1473408945 837031240
t_num: 5 finish: 1473408948 760223513 start: 1473408945 945089538
t_num: 17 finish: 1473408949 822743628 start: 1473408946 369588209
t_num: 13 finish: 1473408949 877027235 start: 1473408947 562519622
t_num: 15 finish: 1473408949 877325274 start: 1473408947 973892796
t_num: 9 finish: 1473408949 877373771 start: 1473408946 532188224
t_num: 24 finish: 1473408949 878825764 start: 1473408947 866060615
t_num: 1 finish: 1473408949 878870987 start: 1473408947 667396134
t_num: 10 finish: 1473408949 957126888 start: 1473408947 667994832
t_num: 23 finish: 1473408949 987900159 start: 1473408947 524904725
t_num: 26 finish: 1473408950 69496634 start: 1473408947 2747723
t_num: 20 finish: 1473408950 69537359 start: 1473408946 903594737
t_num: 27 finish: 1473408950 69814125 start: 1473408948 154494731
t_num: 29 finish: 1473408950 70026565 start: 1473408948 174853617
t_num: 19 finish: 1473408950 86596557 start: 1473408947 753720054
t_num: 7 finish: 1473408950 351259718 start: 1473408947 375283868
t_num: 11 finish: 1473408950 635909239 start: 1473408947 977937573
t_num: 25 finish: 1473408951 126796003 start: 1473408949 708030709
t_num: 19 finish: 1473408951 273773631 start: 1473408950 86615318
t_num: 18 finish: 1473408951 494886333 start: 1473408949 987879846
t_num: 24 finish: 1473408951 541074893 start: 1473408950 86267641
t_num: 4 finish: 1473408951 605567916 start: 1473408948 177338840
t_num: 8 finish: 1473408951 656866117 start: 1473408949 731255009
t_num: 23 finish: 1473408951 658496097 start: 1473408949 987916927
t_num: 10 finish: 1473408951 778892143 start: 1473408949 957209657
t_num: 16 finish: 1473408952 35932886 start: 1473408950 564222948
t_num: 7 finish: 1473408952 35958851 start: 1473408950 351305264
t_num: 28 finish: 1473408952 256441466 start: 1473408949 822773124
t_num: 31 finish: 1473408952 437120730 start: 1473408951 116247913
t_num: 6 finish: 1473408952 925498355 start: 1473408951 173297171
t_num: 13 finish: 1473408953 27813794 start: 1473408949 877056094
t_num: 27 finish: 1473408953 38660805 start: 1473408950 69833653
t_num: 1 finish: 1473408953 136615683 start: 1473408950 634941814
t_num: 24 finish: 1473408953 149276970 start: 1473408951 541097534
t_num: 5 finish: 1473408953 151984589 start: 1473408949 987899356
t_num: 8 finish: 1473408953 346618705 start: 1473408951 656889642
t_num: 23 finish: 1473408953 424138647 start: 1473408952 302761833
t_num: 15 finish: 1473408953 469057855 start: 1473408951 173249650
t_num: 17 finish: 1473408953 511609885 start: 1473408951 421466755
t_num: 28 finish: 1473408953 590330760 start: 1473408952 256486790
t_num: 29 finish: 1473408953 641712944 start: 1473408950 70045945
t_num: 0 finish: 1473408953 714677935 start: 1473408951 271581841
t_num: 18 finish: 1473408953 714699653 start: 1473408951 494920598
t_num: 31 finish: 1473408954 816409905 start: 1473408952 437182231
t_num: 7 finish: 1473408954 819238524 start: 1473408952 35976229
t_num: 11 finish: 1473408954 897344098 start: 1473408951 174197486
t_num: 10 finish: 1473408954 897638142 start: 1473408951 778933202
t_num: 26 finish: 1473408954 908828413 start: 1473408952 986617150
t_num: 2 finish: 1473408955 36529785 start: 1473408952 986574596
t_num: 13 finish: 1473408955 217505353 start: 1473408953 27856879
t_num: 19 finish: 1473408955 315762797 start: 1473408952 344113288
t_num: 18 finish: 1473408955 317713265 start: 1473408953 714714447
t_num: 5 finish: 1473408955 317936139 start: 1473408953 152006888
t_num: 11 finish: 1473408955 375247271 start: 1473408954 897383380
t_num: 28 finish: 1473408955 550771289 start: 1473408953 590358776
t_num: 1 finish: 1473408955 558096573 start: 1473408954 820908189
t_num: 29 finish: 1473408955 558234208 start: 1473408953 641749939
t_num: 30 finish: 1473408955 663528001 start: 1473408955 52877651
t_num: 23 finish: 1473408955 756112624 start: 1473408953 424171950
t_num: 4 finish: 1473408955 756270957 start: 1473408954 819618372
t_num: 0 finish: 1473408955 756303712 start: 1473408953 714707790
t_num: 8 finish: 1473408955 848810632 start: 1473408954 888086175
t_num: 15 finish: 1473408955 963381303 start: 1473408954 819399580
t_num: 14 finish: 1473408956 712772958 start: 1473408954 694728251
t_num: 17 finish: 1473408956 722649409 start: 1473408953 511634532
t_num: 10 finish: 1473408956 728439739 start: 1473408955 36545441
t_num: 19 finish: 1473408956 932981635 start: 1473408955 551229958
t_num: 6 finish: 1473408956 998881410 start: 1473408955 719342569
t_num: 16 finish: 1473408957 86934624 start: 1473408954 978784169
t_num: 28 finish: 1473408957 89499208 start: 1473408955 550797953
t_num: 26 finish: 1473408957 351470899 start: 1473408955 899639707
t_num: 1 finish: 1473408957 351539658 start: 1473408955 558117417
t_num: 13 finish: 1473408957 449856680 start: 1473408955 719354915
t_num: 27 finish: 1473408957 557749065 start: 1473408954 831774116
t_num: 20 finish: 1473408957 605194481 start: 1473408955 551004269
t_num: 8 finish: 1473408957 828683431 start: 1473408955 848884864
t_num: 30 finish: 1473408957 915953632 start: 1473408956 62020162
t_num: 31 finish: 1473408957 941270941 start: 1473408955 550825247
t_num: 4 finish: 1473408957 949484725 start: 1473408955 756289846
t_num: 21 finish: 1473408958 88966575 start: 1473408955 558177000
t_num: 3 finish: 1473408958 319996630 start: 1473408955 640347814
t_num: 13 finish: 1473408958 602718877 start: 1473408957 449901652
t_num: 5 finish: 1473408958 668314816 start: 1473408956 722717024
t_num: 1 finish: 1473408958 786087213 start: 1473408957 351554392
t_num: 21 finish: 1473408958 870516122 start: 1473408958 89020607
t_num: 16 finish: 1473408958 898007160 start: 1473408957 86992162
t_num: 26 finish: 1473408958 898068469 start: 1473408957 351515577
t_num: 12 finish: 1473408958 898896991 start: 1473408956 643341662
t_num: 10 finish: 1473408958 914644252 start: 1473408957 744085391
t_num: 25 finish: 1473408959 420140700 start: 1473408956 789180221
t_num: 30 finish: 1473408959 526990698 start: 1473408957 916000674
t_num: 15 finish: 1473408959 526996605 start: 1473408955 963432780
t_num: 20 finish: 1473408960 19745018 start: 1473408957 605225149
t_num: 5 finish: 1473408960 172196004 start: 1473408958 668343742
t_num: 28 finish: 1473408960 220230247 start: 1473408957 744014731
t_num: 23 finish: 1473408960 368697943 start: 1473408958 988243292
t_num: 29 finish: 1473408960 590019553 start: 1473408957 840396673
t_num: 22 finish: 1473408961 39512799 start: 1473408957 944028867
t_num: 6 finish: 1473408961 50608780 start: 1473408958 89173765
t_num: 14 finish: 1473408961 294101054 start: 1473408958 707234409
t_num: 3 finish: 1473408961 328477989 start: 1473408958 914565286
t_num: 18 finish: 1473408961 353517310 start: 1473408959 663628960
t_num: 8 finish: 1473408961 368639941 start: 1473408959 473346795
t_num: 15 finish: 1473408961 622952744 start: 1473408959 527054368
t_num: 25 finish: 1473408961 623008799 start: 1473408959 420180524
t_num: 20 finish: 1473408961 742464287 start: 1473408960 19789753
t_num: 7 finish: 1473408961 809974476 start: 1473408960 269848591
t_num: 1 finish: 1473408961 836287388 start: 1473408960 19774817
t_num: 21 finish: 1473408962 32958512 start: 1473408960 292266177
t_num: 5 finish: 1473408962 338942565 start: 1473408960 172228941
t_num: 30 finish: 1473408962 353158229 start: 1473408960 679337285
t_num: 29 finish: 1473408962 470782515 start: 1473408961 361457557
t_num: 14 finish: 1473408962 471506689 start: 1473408961 294135115
t_num: 13 finish: 1473408962 684958472 start: 1473408960 290614247
t_num: 4 finish: 1473408962 686875239 start: 1473408959 626289152
t_num: 23 finish: 1473408962 904945707 start: 1473408961 64214554
t_num: 20 finish: 1473408962 904992490 start: 1473408961 742489908
t_num: 26 finish: 1473408962 917661809 start: 1473408960 328311254
t_num: 22 finish: 1473408962 958119564 start: 1473408961 39569511
t_num: 28 finish: 1473408963 213453903 start: 1473408960 955269282
t_num: 15 finish: 1473408963 247956250 start: 1473408961 623055828
t_num: 7 finish: 1473408963 435974636 start: 1473408961 809998873
t_num: 29 finish: 1473408963 798758679 start: 1473408962 470827069
t_num: 12 finish: 1473408963 821092576 start: 1473408961 684584952
t_num: 24 finish: 1473408964 77463995 start: 1473408961 622693399
t_num: 1 finish: 1473408964 77731858 start: 1473408962 471383639
t_num: 23 finish: 1473408964 475102483 start: 1473408962 904975978
t_num: 0 finish: 1473408964 475134824 start: 1473408962 824521417
t_num: 21 finish: 1473408964 556788015 start: 1473408962 33002745
t_num: 8 finish: 1473408964 843015793 start: 1473408962 471048746
t_num: 3 finish: 1473408965 251914823 start: 1473408961 938165289
t_num: 10 finish: 1473408965 288518136 start: 1473408962 915291831
t_num: 13 finish: 1473408965 533744081 start: 1473408962 685003350
t_num: 20 finish: 1473408965 565230555 start: 1473408963 306866360
t_num: 4 finish: 1473408965 616600523 start: 1473408962 686894505
t_num: 18 finish: 1473408965 712959755 start: 1473408963 275034702
t_num: 22 finish: 1473408965 713077601 start: 1473408962 958142114
t_num: 30 finish: 1473408966 442683033 start: 1473408962 907156030
t_num: 26 finish: 1473408966 498041432 start: 1473408964 79512206
t_num: 29 finish: 1473408966 522849061 start: 1473408965 89150158
t_num: 17 finish: 1473408966 556880505 start: 1473408965 233506263
t_num: 23 finish: 1473408966 658046577 start: 1473408964 475151239
t_num: 20 finish: 1473408966 781886585 start: 1473408965 565252442
t_num: 10 finish: 1473408966 854381068 start: 1473408965 288536686
t_num: 27 finish: 1473408967 55885211 start: 1473408966 40948080
t_num: 14 finish: 1473408967 183488266 start: 1473408964 654854754
t_num: 15 finish: 1473408967 185028199 start: 1473408964 877949896
t_num: 3 finish: 1473408967 185906131 start: 1473408965 251953469
t_num: 13 finish: 1473408967 504389116 start: 1473408965 533788189
t_num: 16 finish: 1473408967 668195757 start: 1473408965 765011599
t_num: 7 finish: 1473408967 668428605 start: 1473408966 124718335
t_num: 23 finish: 1473408967 668630090 start: 1473408966 658069114
t_num: 18 finish: 1473408967 669293372 start: 1473408965 712983049
t_num: 29 finish: 1473408967 732842929 start: 1473408966 522871345
t_num: 19 finish: 1473408967 797326455 start: 1473408967 181428562
t_num: 30 finish: 1473408968 50668800 start: 1473408966 442722048
t_num: 10 finish: 1473408968 117327517 start: 1473408966 854409479
t_num: 2 finish: 1473408968 323845842 start: 1473408966 652372834
t_num: 12 finish: 1473408968 323928050 start: 1473408963 821115046
t_num: 26 finish: 1473408968 346430727 start: 1473408966 903608308
t_num: 4 finish: 1473408968 803776626 start: 1473408966 809778278
t_num: 27 finish: 1473408968 900917507 start: 1473408967 55929046
t_num: 18 finish: 1473408968 925635877 start: 1473408967 669312859
t_num: 16 finish: 1473408969 94999425 start: 1473408967 668221943
t_num: 7 finish: 1473408969 168402092 start: 1473408967 668446795
t_num: 23 finish: 1473408969 417710365 start: 1473408968 118286530
t_num: 9 finish: 1473408969 478532690 start: 1473408968 467376709
t_num: 6 finish: 1473408969 479154180 start: 1473408967 667983601
t_num: 12 finish: 1473408969 778084127 start: 1473408968 490880975
t_num: 26 finish: 1473408969 837708903 start: 1473408968 346455041
t_num: 10 finish: 1473408969 844617766 start: 1473408968 117351149
t_num: 15 finish: 1473408969 849648113 start: 1473408967 728658759
t_num: 22 finish: 1473408969 851954345 start: 1473408968 906775794
t_num: 13 finish: 1473408969 863040719 start: 1473408967 504430738
t_num: 30 finish: 1473408969 923951023 start: 1473408968 50711634
t_num: 2 finish: 1473408969 936880867 start: 1473408968 323883926
t_num: 8 finish: 1473408970 184814522 start: 1473408968 51726901
t_num: 25 finish: 1473408970 184829810 start: 1473408968 358262918
t_num: 16 finish: 1473408970 203816119 start: 1473408969 95024569
t_num: 3 finish: 1473408970 488593028 start: 1473408968 495752371
t_num: 14 finish: 1473408970 541907774 start: 1473408969 171977619
t_num: 28 finish: 1473408970 542669158 start: 1473408969 276001627
t_num: 5 finish: 1473408970 892362631 start: 1473408968 863436476
t_num: 26 finish: 1473408971 79734133 start: 1473408970 175764024
t_num: 9 finish: 1473408971 79850690 start: 1473408969 478562551
t_num: 23 finish: 1473408971 270691921 start: 1473408969 417755423
t_num: 2 finish: 1473408971 832233522 start: 1473408970 380032640
t_num: 24 finish: 1473408971 832411929 start: 1473408969 805552010
t_num: 18 finish: 1473408971 885493506 start: 1473408969 341142948
t_num: 31 finish: 1473408971 886190702 start: 1473408969 592583098
t_num: 4 finish: 1473408972 145547774 start: 1473408969 436943143
t_num: 15 finish: 1473408972 504428296 start: 1473408969 849669448
t_num: 13 finish: 1473408972 586523162 start: 1473408969 863082349
t_num: 11 finish: 1473408972 610117179 start: 1473408970 905150622
t_num: 17 finish: 1473408972 611703092 start: 1473408970 184749440
t_num: 10 finish: 1473408972 760328174 start: 1473408969 844639923
t_num: 12 finish: 1473408972 932202642 start: 1473408970 632472905
t_num: 24 finish: 1473408972 933965997 start: 1473408971 832430757
t_num: 28 finish: 1473408973 3531207 start: 1473408970 542689370
t_num: 22 finish: 1473408973 90986268 start: 1473408969 851975429
t_num: 4 finish: 1473408973 234634417 start: 1473408972 145591965
t_num: 3 finish: 1473408973 353494802 start: 1473408970 488636162
t_num: 23 finish: 1473408973 470146045 start: 1473408972 352004102
t_num: 14 finish: 1473408973 520631157 start: 1473408971 415133048
t_num: 5 finish: 1473408974 42563830 start: 1473408970 892406243
t_num: 18 finish: 1473408974 155854667 start: 1473408971 885515700
t_num: 30 finish: 1473408974 299392392 start: 1473408972 381518657
t_num: 8 finish: 1473408974 333419060 start: 1473408972 817632372
t_num: 11 finish: 1473408974 540187923 start: 1473408972 610147534
t_num: 24 finish: 1473408974 585205835 start: 1473408972 933985863
t_num: 29 finish: 1473408974 959395651 start: 1473408972 653237142
t_num: 28 finish: 1473408974 960562475 start: 1473408973 3555702
t_num: 31 finish: 1473408975 132120548 start: 1473408971 886207207
t_num: 12 finish: 1473408975 132234485 start: 1473408973 159873470
t_num: 15 finish: 1473408975 383115636 start: 1473408972 504458501
t_num: 10 finish: 1473408975 438156297 start: 1473408973 472221161
t_num: 21 finish: 1473408975 535192083 start: 1473408973 470518228
t_num: 22 finish: 1473408975 535553710 start: 1473408973 472302338
t_num: 9 finish: 1473408975 594741777 start: 1473408972 784318544
t_num: 23 finish: 1473408975 611315174 start: 1473408974 118409225
t_num: 0 finish: 1473408975 678894628 start: 1473408973 62722100
t_num: 7 finish: 1473408975 705555700 start: 1473408972 683642082
t_num: 3 finish: 1473408975 705775520 start: 1473408973 353540901
t_num: 4 finish: 1473408975 799576631 start: 1473408974 541431043
t_num: 27 finish: 1473408975 916485122 start: 1473408974 417982753
t_num: 10 finish: 1473408976 76791951 start: 1473408975 438183461
t_num: 13 finish: 1473408976 276859652 start: 1473408973 470430447
t_num: 30 finish: 1473408976 280481535 start: 1473408974 299428403
t_num: 14 finish: 1473408976 281605725 start: 1473408974 155806580
t_num: 11 finish: 1473408976 442405314 start: 1473408975 400131537
t_num: 19 finish: 1473408976 443181807 start: 1473408975 359323611
t_num: 8 finish: 1473408976 443187530 start: 1473408975 38846806
t_num: 31 finish: 1473408976 812479952 start: 1473408975 132156945
t_num: 12 finish: 1473408977 80463241 start: 1473408975 132277314
t_num: 28 finish: 1473408977 245848792 start: 1473408975 705351343
t_num: 26 finish: 1473408977 246184199 start: 1473408975 916257664
t_num: 7 finish: 1473408977 246252523 start: 1473408975 705575834
t_num: 19 finish: 1473408977 319848222 start: 1473408976 443203784
t_num: 13 finish: 1473408977 512106435 start: 1473408976 276903660
t_num: 29 finish: 1473408977 942437495 start: 1473408974 959427930
t_num: 23 finish: 1473408978 76295449 start: 1473408976 595090331
t_num: 24 finish: 1473408978 401940414 start: 1473408975 401678104
t_num: 21 finish: 1473408978 585631985 start: 1473408976 790410504
t_num: 20 finish: 1473408978 654435259 start: 1473408976 376440293
t_num: 31 finish: 1473408978 793180832 start: 1473408976 812532166
t_num: 30 finish: 1473408978 793424369 start: 1473408976 831305025
t_num: 28 finish: 1473408979 61371441 start: 1473408977 245891640
t_num: 3 finish: 1473408979 430978234 start: 1473408976 788818450
t_num: 26 finish: 1473408979 482856833 start: 1473408977 246204565
t_num: 11 finish: 1473408979 486601768 start: 1473408977 448193186
t_num: 16 finish: 1473408979 623671729 start: 1473408976 897731122
t_num: 25 finish: 1473408979 817866545 start: 1473408977 511745841
t_num: 23 finish: 1473408979 850691372 start: 1473408978 585612293
t_num: 13 finish: 1473408980 36881216 start: 1473408977 512132383
t_num: 8 finish: 1473408980 228313359 start: 1473408978 340467779
t_num: 22 finish: 1473408980 229945524 start: 1473408977 450759075
t_num: 20 finish: 1473408980 247586299 start: 1473408978 654467185
t_num: 27 finish: 1473408980 278234296 start: 1473408977 487074617
t_num: 12 finish: 1473408980 391082037 start: 1473408977 80493276
t_num: 9 finish: 1473408980 407888613 start: 1473408978 909220797
t_num: 24 finish: 1473408980 435377990 start: 1473408979 151082892
t_num: 19 finish: 1473408980 465348635 start: 1473408977 980503801
t_num: 4 finish: 1473408980 465348620 start: 1473408977 980430683
t_num: 26 finish: 1473408980 500399011 start: 1473408979 482901341
t_num: 2 finish: 1473408980 773326670 start: 1473408979 706585255
t_num: 25 finish: 1473408980 925265137 start: 1473408979 817894934
t_num: 30 finish: 1473408981 93708566 start: 1473408978 793443817
t_num: 5 finish: 1473408981 93859756 start: 1473408978 520556377
t_num: 6 finish: 1473408981 146292733 start: 1473408980 11284737
t_num: 1 finish: 1473408981 165632340 start: 1473408979 775305900
t_num: 21 finish: 1473408981 368097471 start: 1473408978 585656399
t_num: 4 finish: 1473408981 482205514 start: 1473408980 465410034
t_num: 8 finish: 1473408981 531204958 start: 1473408980 228351952
t_num: 16 finish: 1473408981 553313245 start: 1473408980 198779017
t_num: 17 finish: 1473408981 599079416 start: 1473408979 743290101
t_num: 10 finish: 1473408981 648184390 start: 1473408980 707827122
t_num: 24 finish: 1473408982 107483455 start: 1473408980 435405209
t_num: 6 finish: 1473408982 357723463 start: 1473408981 146693170
t_num: 9 finish: 1473408982 429059767 start: 1473408980 407909849
t_num: 23 finish: 1473408982 619081152 start: 1473408980 499572939
t_num: 25 finish: 1473408982 746469789 start: 1473408981 282487078
t_num: 8 finish: 1473408982 935354601 start: 1473408981 531233618
t_num: 22 finish: 1473408983 161762091 start: 1473408981 405480728
t_num: 10 finish: 1473408983 174031528 start: 1473408981 648210193
t_num: 20 finish: 1473408983 206591644 start: 1473408980 773307362
t_num: 21 finish: 1473408983 354094978 start: 1473408981 790528766
t_num: 12 finish: 1473408983 444256766 start: 1473408981 191858106
t_num: 5 finish: 1473408983 444309087 start: 1473408982 107902829
t_num: 1 finish: 1473408983 549973862 start: 1473408981 165663955
t_num: 10 finish: 1473408984 285404933 start: 1473408983 445069607
t_num: 17 finish: 1473408984 310203306 start: 1473408981 599123462
t_num: 13 finish: 1473408984 363480405 start: 1473408982 422100670
t_num: 19 finish: 1473408984 884762969 start: 1473408981 282680304
t_num: 16 finish: 1473408984 917024715 start: 1473408982 322309100
t_num: 20 finish: 1473408985 4036236 start: 1473408983 469161926
t_num: 23 finish: 1473408985 111857177 start: 1473408982 619118268
t_num: 25 finish: 1473408985 247769298 start: 1473408982 746492502
t_num: 6 finish: 1473408985 317560820 start: 1473408982 713077634
t_num: 24 finish: 1473408985 321932781 start: 1473408982 712621601
t_num: 26 finish: 1473408985 392584725 start: 1473408983 39037183
t_num: 4 finish: 1473408985 506908682 start: 1473408982 713480169
t_num: 14 finish: 1473408985 506957466 start: 1473408983 671929811
t_num: 3 finish: 1473408985 607386999 start: 1473408983 900167232
t_num: 22 finish: 1473408986 83864433 start: 1473408983 161797159
t_num: 21 finish: 1473408986 416340796 start: 1473408983 354141242
t_num: 0 finish: 1473408986 468989528 start: 1473408984 950828321
t_num: 5 finish: 1473408986 469095111 start: 1473408983 855854465
t_num: 25 finish: 1473408986 821771508 start: 1473408985 247796119
t_num: 24 finish: 1473408986 904623365 start: 1473408985 321954209
t_num: 31 finish: 1473408987 261621426 start: 1473408984 886182737
t_num: 26 finish: 1473408987 392864690 start: 1473408986 162291485
t_num: 15 finish: 1473408987 394279474 start: 1473408984 879280427
t_num: 1 finish: 1473408987 394280995 start: 1473408986 32580740
t_num: 6 finish: 1473408987 465172832 start: 1473408985 317599211
t_num: 12 finish: 1473408987 688138672 start: 1473408985 194110151
t_num: 16 finish: 1473408987 798504139 start: 1473408984 917062985
t_num: 0 finish: 1473408987 866431125 start: 1473408986 469030080
t_num: 4 finish: 1473408988 271439743 start: 1473408985 506945494
t_num: 11 finish: 1473408988 341968314 start: 1473408985 767758694
t_num: 7 finish: 1473408988 562922530 start: 1473408985 834651468
t_num: 2 finish: 1473408988 604198465 start: 1473408986 469048836
t_num: 22 finish: 1473408988 604376834 start: 1473408986 83887913
t_num: 13 finish: 1473408988 675266083 start: 1473408984 363522830
t_num: 3 finish: 1473408988 935930146 start: 1473408985 607411769
t_num: 5 finish: 1473408989 699262707 start: 1473408986 469113840
t_num: 21 finish: 1473408989 760502706 start: 1473408987 262140499
t_num: 1 finish: 1473408990 54599157 start: 1473408987 394312647
t_num: 31 finish: 1473408990 55295415 start: 1473408987 692261277
t_num: 25 finish: 1473408990 67193500 start: 1473408987 689869081
t_num: 17 finish: 1473408990 69341880 start: 1473408987 607330626
t_num: 11 finish: 1473408990 313514003 start: 1473408988 582105667
t_num: 0 finish: 1473408990 313856093 start: 1473408987 866468190
t_num: 3 finish: 1473408990 408408453 start: 1473408988 935974649
t_num: 16 finish: 1473408990 443875824 start: 1473408988 675128565
t_num: 10 finish: 1473408990 468945376 start: 1473408988 422743712
t_num: 6 finish: 1473408990 572266435 start: 1473408987 465210096
t_num: 12 finish: 1473408990 694306248 start: 1473408988 603164257
t_num: 27 finish: 1473408990 735900697 start: 1473408989 217193865
t_num: 15 finish: 1473408990 801377843 start: 1473408987 394303430
t_num: 14 finish: 1473408990 961028489 start: 1473408989 57418750
t_num: 22 finish: 1473408991 114920810 start: 1473408989 73155058
t_num: 25 finish: 1473408991 115435796 start: 1473408990 260014036
t_num: 2 finish: 1473408991 116691526 start: 1473408988 604225134
t_num: 9 finish: 1473408991 435662136 start: 1473408989 835846727
t_num: 16 finish: 1473408991 435689071 start: 1473408990 443920971
t_num: 10 finish: 1473408991 511335564 start: 1473408990 468964567
t_num: 7 finish: 1473408991 512062398 start: 1473408989 535379285
t_num: 12 finish: 1473408991 600045371 start: 1473408990 694359468
t_num: 30 finish: 1473408991 658024585 start: 1473408989 374984945
t_num: 1 finish: 1473408992 66123013 start: 1473408990 962153989
t_num: 31 finish: 1473408992 66981470 start: 1473408990 55315529
t_num: 3 finish: 1473408992 66987221 start: 1473408990 408432857
t_num: 0 finish: 1473408992 322349104 start: 1473408990 313877229
t_num: 11 finish: 1473408992 398902051 start: 1473408990 362252361
t_num: 6 finish: 1473408992 422484397 start: 1473408990 572306983
t_num: 28 finish: 1473408992 427162104 start: 1473408989 368677024
t_num: 21 finish: 1473408992 658092252 start: 1473408990 151752698
t_num: 19 finish: 1473408992 734081683 start: 1473408990 408383937
t_num: 24 finish: 1473408992 821879908 start: 1473408991 116211852
t_num: 2 finish: 1473408992 880905350 start: 1473408991 116707960
t_num: 0 finish: 1473408992 952052009 start: 1473408992 322401536
t_num: 22 finish: 1473408993 438974357 start: 1473408991 114962312
t_num: 30 finish: 1473408993 672388363 start: 1473408992 564145417
t_num: 23 finish: 1473408993 672395468 start: 1473408991 80869933
t_num: 25 finish: 1473408993 673306332 start: 1473408991 115457527
t_num: 12 finish: 1473408993 751312088 start: 1473408991 600077969
t_num: 15 finish: 1473408993 972505741 start: 1473408991 482608362
t_num: 6 finish: 1473408994 23648447 start: 1473408992 422515346
t_num: 3 finish: 1473408994 23707912 start: 1473408992 67031674
t_num: 28 finish: 1473408994 113443309 start: 1473408992 427184093
t_num: 9 finish: 1473408994 707883452 start: 1473408992 482907612
t_num: 20 finish: 1473408994 871775575 start: 1473408992 426811508
t_num: 16 finish: 1473408994 909539448 start: 1473408991 968128429
t_num: 31 finish: 1473408994 922567289 start: 1473408993 293925401
t_num: 24 finish: 1473408995 389781307 start: 1473408993 195735385
t_num: 10 finish: 1473408995 553369828 start: 1473408993 48480274
t_num: 15 finish: 1473408995 767623900 start: 1473408993 972544850
t_num: 21 finish: 1473408995 918133528 start: 1473408993 162207187
t_num: 19 finish: 1473408996 9058893 start: 1473408993 574936516
t_num: 22 finish: 1473408996 96924881 start: 1473408993 439005229
t_num: 2 finish: 1473408996 544004823 start: 1473408993 526628252
t_num: 28 finish: 1473408996 599108419 start: 1473408994 113487564
t_num: 27 finish: 1473408996 679159222 start: 1473408993 573836788
t_num: 12 finish: 1473408996 679230470 start: 1473408994 704381954
t_num: 7 finish: 1473408996 705732733 start: 1473408994 244607047
t_num: 3 finish: 1473408996 706006280 start: 1473408995 177055366
t_num: 20 finish: 1473408996 706457678 start: 1473408994 871832712
t_num: 8 finish: 1473408996 818882522 start: 1473408995 433989239
t_num: 24 finish: 1473408997 112554685 start: 1473408995 389825021
t_num: 21 finish: 1473408997 228534081 start: 1473408995 918179002
t_num: 26 finish: 1473408997 229104617 start: 1473408996 48825124
t_num: 16 finish: 1473408997 229110295 start: 1473408995 267316972
t_num: 31 finish: 1473408997 508401244 start: 1473408996 264239807
t_num: 4 finish: 1473408997 591537412 start: 1473408996 9007658
t_num: 10 finish: 1473408997 603795287 start: 1473408996 637321082
t_num: 20 finish: 1473408997 618967007 start: 1473408996 706477144
t_num: 23 finish: 1473408997 664172031 start: 1473408995 19444247
t_num: 8 finish: 1473408997 691453155 start: 1473408996 818920504
t_num: 30 finish: 1473408998 273057416 start: 1473408995 171315008
t_num: 24 finish: 1473408998 498674278 start: 1473408997 112577947
t_num: 29 finish: 1473408998 669248303 start: 1473408996 616499403
t_num: 25 finish: 1473408998 720492750 start: 1473408996 616478981
t_num: 16 finish: 1473408998 964301322 start: 1473408997 229143590
t_num: 2 finish: 1473408999 271874830 start: 1473408996 544035287
t_num: 15 finish: 1473408999 333482427 start: 1473408996 705987822
t_num: 12 finish: 1473408999 383485205 start: 1473408997 101535066
t_num: 14 finish: 1473408999 499337896 start: 1473408997 87223013
t_num: 5 finish: 1473408999 748698161 start: 1473408997 470312918
t_num: 0 finish: 1473408999 968270500 start: 1473408997 483982653
t_num: 10 finish: 1473409000 145660517 start: 1473408997 603814744
t_num: 25 finish: 1473409000 145758438 start: 1473408998 720516034
t_num: 30 finish: 1473409000 482662791 start: 1473408998 273113750
t_num: 22 finish: 1473409000 483309681 start: 1473408998 964336295
t_num: 7 finish: 1473409000 565597109 start: 1473408997 691471429
t_num: 14 finish: 1473409000 610538441 start: 1473408999 499374514
t_num: 23 finish: 1473409000 681285023 start: 1473408997 664205607
t_num: 0 finish: 1473409000 851131220 start: 1473408999 968313189
t_num: 4 finish: 1473409000 904282192 start: 1473408997 591569377
t_num: 31 finish: 1473409000 905839900 start: 1473408997 508427111
t_num: 16 finish: 1473409001 38220913 start: 1473408999 632860220
t_num: 24 finish: 1473409001 38430599 start: 1473408998 498741478
t_num: 15 finish: 1473409001 41648858 start: 1473408999 333509355
t_num: 27 finish: 1473409001 133753231 start: 1473408999 251942044
t_num: 8 finish: 1473409001 373466442 start: 1473408997 691492880
t_num: 17 finish: 1473409001 415383811 start: 1473408998 12353589
t_num: 10 finish: 1473409001 515774630 start: 1473409000 145704121
t_num: 26 finish: 1473409001 638889606 start: 1473408999 418074363
t_num: 25 finish: 1473409001 937203301 start: 1473409000 239292058
t_num: 2 finish: 1473409001 976172148 start: 1473409000 308987460
t_num: 5 finish: 1473409002 208135385 start: 1473409000 563306132
t_num: 13 finish: 1473409002 303919238 start: 1473409001 336310327
t_num: 18 finish: 1473409002 669520547 start: 1473408999 227914272
t_num: 4 finish: 1473409002 733406408 start: 1473409001 335142312
t_num: 10 finish: 1473409002 886643142 start: 1473409001 688892843
t_num: 8 finish: 1473409003 199697833 start: 1473409001 373490815
t_num: 12 finish: 1473409003 201505533 start: 1473409000 719291328
t_num: 0 finish: 1473409003 490122738 start: 1473409000 851172363
t_num: 11 finish: 1473409003 495826273 start: 1473409000 145725967
t_num: 22 finish: 1473409003 520139218 start: 1473409001 38178260
t_num: 16 finish: 1473409003 521163167 start: 1473409001 38245098
t_num: 26 finish: 1473409003 840935027 start: 1473409001 638952970
t_num: 3 finish: 1473409003 840952618 start: 1473409001 976398596
t_num: 2 finish: 1473409004 85759893 start: 1473409001 976202893
t_num: 30 finish: 1473409004 319245150 start: 1473409002 21022840
t_num: 23 finish: 1473409004 425345390 start: 1473409001 444209047
t_num: 13 finish: 1473409004 880600663 start: 1473409003 199706818
t_num: 8 finish: 1473409004 896868987 start: 1473409003 199720219
t_num: 14 finish: 1473409004 897619462 start: 1473409003 201103644
t_num: 5 finish: 1473409004 899195034 start: 1473409002 208180714
t_num: 3 finish: 1473409005 67162663 start: 1473409003 841026326
t_num: 1 finish: 1473409005 69966974 start: 1473409003 746240830
t_num: 4 finish: 1473409005 193159166 start: 1473409003 146118208
t_num: 2 finish: 1473409005 429786889 start: 1473409004 85788515
t_num: 17 finish: 1473409005 548540933 start: 1473409002 669548737
t_num: 18 finish: 1473409005 549987797 start: 1473409003 488668254
t_num: 12 finish: 1473409005 678536174 start: 1473409003 201525785
t_num: 30 finish: 1473409005 717180989 start: 1473409004 319271505
t_num: 16 finish: 1473409005 717229557 start: 1473409003 521195028
t_num: 10 finish: 1473409006 33281930 start: 1473409003 434961433
t_num: 23 finish: 1473409006 526872685 start: 1473409004 425383495
t_num: 11 finish: 1473409006 567580214 start: 1473409004 317438320
t_num: 9 finish: 1473409006 814109099 start: 1473409004 26512800
t_num: 8 finish: 1473409006 844467904 start: 1473409004 896890640
t_num: 24 finish: 1473409007 402155689 start: 1473409004 505417513
t_num: 2 finish: 1473409007 445097169 start: 1473409005 429842504
t_num: 26 finish: 1473409007 445466186 start: 1473409003 840997876
t_num: 5 finish: 1473409007 521233975 start: 1473409005 431792200
t_num: 17 finish: 1473409007 599953100 start: 1473409005 548583636
t_num: 10 finish: 1473409007 805173162 start: 1473409006 33316024
t_num: 14 finish: 1473409007 885235194 start: 1473409004 897642274
t_num: 1 finish: 1473409008 160748497 start: 1473409005 680078244
t_num: 16 finish: 1473409008 273909748 start: 1473409005 911410988
t_num: 21 finish: 1473409008 499740630 start: 1473409005 430645698
t_num: 20 finish: 1473409008 618474184 start: 1473409006 186984227
t_num: 30 finish: 1473409008 621029336 start: 1473409006 626689406
t_num: 6 finish: 1473409008 761048523 start: 1473409006 608726613
t_num: 12 finish: 1473409009 179361364 start: 1473409005 815059907
t_num: 13 finish: 1473409009 205450759 start: 1473409005 767183538
t_num: 3 finish: 1473409009 206862807 start: 1473409006 774291501
t_num: 9 finish: 1473409009 323764388 start: 1473409007 814515340
t_num: 23 finish: 1473409009 497434360 start: 1473409006 526926883
t_num: 10 finish: 1473409009 598623410 start: 1473409007 805212950
t_num: 24 finish: 1473409009 644183024 start: 1473409007 402200123
t_num: 28 finish: 1473409009 644254766 start: 1473409008 326832628
t_num: 8 finish: 1473409009 803472563 start: 1473409008 175608492
t_num: 25 finish: 1473409009 804272842 start: 1473409006 892970910
t_num: 2 finish: 1473409009 803472563 start: 1473409008 175112436
t_num: 14 finish: 1473409009 921081052 start: 1473409007 885265604
t_num: 21 finish: 1473409010 226144148 start: 1473409009 54506652
t_num: 11 finish: 1473409010 274934091 start: 1473409007 445189626
t_num: 30 finish: 1473409010 610181064 start: 1473409008 621046646
t_num: 20 finish: 1473409010 639380554 start: 1473409008 618505570
t_num: 8 finish: 1473409010 959861974 start: 1473409009 803515587
t_num: 17 finish: 1473409011 2746696 start: 1473409008 406534059
t_num: 29 finish: 1473409011 364394963 start: 1473409008 482602708
t_num: 15 finish: 1473409011 364450637 start: 1473409010 232293598
t_num: 14 finish: 1473409011 364461287 start: 1473409009 921105501
t_num: 16 finish: 1473409011 364394963 start: 1473409008 807901348
t_num: 21 finish: 1473409011 517298063 start: 1473409010 226188842
t_num: 6 finish: 1473409011 533440205 start: 1473409009 645006518
t_num: 10 finish: 1473409011 584147135 start: 1473409010 268834177
t_num: 19 finish: 1473409011 762053654 start: 1473409008 768524533
t_num: 11 finish: 1473409012 116020857 start: 1473409010 274959192
t_num: 8 finish: 1473409012 130907275 start: 1473409011 229979918
t_num: 28 finish: 1473409012 516036120 start: 1473409009 644271675
t_num: 23 finish: 1473409012 608081986 start: 1473409010 296565388
t_num: 2 finish: 1473409012 864472358 start: 1473409009 805263051
t_num: 1 finish: 1473409012 865351549 start: 1473409010 638474164
t_num: 20 finish: 1473409012 962471462 start: 1473409011 683417435
t_num: 16 finish: 1473409013 26720773 start: 1473409011 364497268
t_num: 6 finish: 1473409013 535558398 start: 1473409011 533468241
t_num: 17 finish: 1473409013 535558989 start: 1473409012 115994297
t_num: 15 finish: 1473409013 728548458 start: 1473409011 364470128
t_num: 5 finish: 1473409013 728548448 start: 1473409012 202987000
t_num: 9 finish: 1473409013 860328925 start: 1473409011 134147752
t_num: 24 finish: 1473409013 983426514 start: 1473409010 959852817
t_num: 18 finish: 1473409013 984873834 start: 1473409011 130736203
t_num: 21 finish: 1473409013 985564467 start: 1473409011 517344220
t_num: 16 finish: 1473409014 6156791 start: 1473409013 26768130
t_num: 0 finish: 1473409014 49219861 start: 1473409012 748514693
t_num: 12 finish: 1473409014 49421712 start: 1473409012 455014047
t_num: 8 finish: 1473409014 49461486 start: 1473409012 577068460
t_num: 10 finish: 1473409014 123712716 start: 1473409012 201699150
t_num: 22 finish: 1473409014 373868091 start: 1473409012 835990831
t_num: 30 finish: 1473409014 676942166 start: 1473409012 454901974
t_num: 23 finish: 1473409014 677353909 start: 1473409012 608110150
t_num: 12 finish: 1473409015 352638120 start: 1473409014 49440316
t_num: 28 finish: 1473409015 393576475 start: 1473409012 917390108
t_num: 6 finish: 1473409015 501590853 start: 1473409014 49194201
t_num: 10 finish: 1473409015 562143512 start: 1473409014 123755105
t_num: 16 finish: 1473409015 562446899 start: 1473409014 6197836
t_num: 26 finish: 1473409015 573959035 start: 1473409013 766320599
t_num: 18 finish: 1473409015 614574024 start: 1473409013 984894269
t_num: 31 finish: 1473409015 659097989 start: 1473409014 319664552
t_num: 17 finish: 1473409015 787468233 start: 1473409013 535632978
t_num: 0 finish: 1473409015 872698212 start: 1473409014 49243404
t_num: 1 finish: 1473409015 873086930 start: 1473409014 677416757
t_num: 9 finish: 1473409016 592239006 start: 1473409015 346862819
t_num: 29 finish: 1473409016 592240042 start: 1473409013 983385113
t_num: 11 finish: 1473409016 630182555 start: 1473409014 195056948
t_num: 23 finish: 1473409016 633044891 start: 1473409014 677374868
t_num: 20 finish: 1473409016 779480351 start: 1473409013 955954194
t_num: 22 finish: 1473409017 34047153 start: 1473409014 373934459
t_num: 18 finish: 1473409017 269164577 start: 1473409015 614600638
t_num: 15 finish: 1473409017 332928523 start: 1473409015 617817012
t_num: 12 finish: 1473409017 729924104 start: 1473409015 352667529
t_num: 28 finish: 1473409017 838551420 start: 1473409015 393601857
t_num: 6 finish: 1473409017 853058601 start: 1473409016 178986697
t_num: 16 finish: 1473409017 946958380 start: 1473409015 562467003
t_num: 10 finish: 1473409017 948244827 start: 1473409015 562191466
t_num: 30 finish: 1473409017 997172412 start: 1473409015 574027429
t_num: 31 finish: 1473409018 21645523 start: 1473409015 659116109
t_num: 11 finish: 1473409018 333415757 start: 1473409017 230275401
t_num: 19 finish: 1473409018 897148563 start: 1473409015 969847384
t_num: 29 finish: 1473409019 393991672 start: 1473409016 592302622
t_num: 3 finish: 1473409019 705717195 start: 1473409016 303574571
t_num: 17 finish: 1473409020 109382108 start: 1473409015 787497017
t_num: 6 finish: 1473409020 111589262 start: 1473409017 853079191
t_num: 15 finish: 1473409020 127078017 start: 1473409017 948264018
t_num: 0 finish: 1473409020 127779923 start: 1473409016 417472381
t_num: 23 finish: 1473409020 211903383 start: 1473409017 731327704
t_num: 2 finish: 1473409020 258520708 start: 1473409016 715608120
t_num: 18 finish: 1473409020 369769153 start: 1473409017 269202333
t_num: 31 finish: 1473409020 427283353 start: 1473409018 118577864
t_num: 12 finish: 1473409020 604477717 start: 1473409018 256461215
t_num: 16 finish: 1473409020 604874320 start: 1473409017 947008109
t_num: 14 finish: 1473409020 651905851 start: 1473409019 391299936
t_num: 10 finish: 1473409020 752801221 start: 1473409017 948387771
t_num: 11 finish: 1473409020 800939843 start: 1473409018 333458242
t_num: 8 finish: 1473409020 801005780 start: 1473409019 706366079
t_num: 29 finish: 1473409020 807982195 start: 1473409019 394014492
t_num: 4 finish: 1473409020 838204214 start: 1473409017 853124847
t_num: 6 finish: 1473409021 229814953 start: 1473409020 355832020
t_num: 1 finish: 1473409021 483713608 start: 1473409018 897204122
t_num: 19 finish: 1473409021 483713621 start: 1473409020 479135658
t_num: 7 finish: 1473409021 512511951 start: 1473409018 602902083
t_num: 25 finish: 1473409021 571281258 start: 1473409020 127612979
t_num: 24 finish: 1473409021 644256897 start: 1473409018 893499047
t_num: 20 finish: 1473409021 718240430 start: 1473409017 792837121
t_num: 31 finish: 1473409021 757255245 start: 1473409020 427314234
t_num: 30 finish: 1473409021 773169769 start: 1473409020 538320902
t_num: 18 finish: 1473409022 853569150 start: 1473409020 604023907
t_num: 14 finish: 1473409022 993284129 start: 1473409020 651934885
t_num: 2 finish: 1473409023 56386210 start: 1473409020 258565529
t_num: 6 finish: 1473409023 400383802 start: 1473409021 229843254
t_num: 12 finish: 1473409023 428678569 start: 1473409020 604504700
t_num: 17 finish: 1473409023 429783810 start: 1473409020 799938014
t_num: 16 finish: 1473409023 444883075 start: 1473409020 604894455
t_num: 23 finish: 1473409023 580677152 start: 1473409021 860571873
t_num: 19 finish: 1473409023 646029459 start: 1473409021 483853390
t_num: 20 finish: 1473409023 960779508 start: 1473409021 718272983
t_num: 24 finish: 1473409023 961100637 start: 1473409021 644293279
t_num: 25 finish: 1473409024 173922105 start: 1473409021 571319065
t_num: 13 finish: 1473409024 174866726 start: 1473409021 325370369
t_num: 7 finish: 1473409024 315555106 start: 1473409021 512548182
t_num: 30 finish: 1473409024 346439625 start: 1473409021 773192870
t_num: 4 finish: 1473409024 401382226 start: 1473409021 325313838
t_num: 26 finish: 1473409024 511152596 start: 1473409022 472528421
t_num: 14 finish: 1473409024 511781236 start: 1473409022 993358670
t_num: 8 finish: 1473409024 626211947 start: 1473409022 560934697
t_num: 21 finish: 1473409024 958946367 start: 1473409023 814557127
t_num: 19 finish: 1473409025 77188194 start: 1473409023 646061179
t_num: 1 finish: 1473409025 500639367 start: 1473409022 562875274
t_num: 2 finish: 1473409025 550577738 start: 1473409023 56428622
t_num: 6 finish: 1473409025 803530368 start: 1473409023 400427750
t_num: 17 finish: 1473409025 853722923 start: 1473409023 993980741
t_num: 20 finish: 1473409026 52533089 start: 1473409024 346454333
t_num: 16 finish: 1473409026 368137511 start: 1473409023 444904338
t_num: 23 finish: 1473409026 712578363 start: 1473409024 821061956
t_num: 12 finish: 1473409026 974717915 start: 1473409023 428708187
t_num: 26 finish: 1473409026 974768469 start: 1473409024 511193857
t_num: 9 finish: 1473409026 974884206 start: 1473409024 982274876
t_num: 8 finish: 1473409026 974949587 start: 1473409024 626245092
t_num: 3 finish: 1473409027 50748800 start: 1473409024 344097862
t_num: 24 finish: 1473409027 297214623 start: 1473409023 961117712
t_num: 25 finish: 1473409027 444391491 start: 1473409024 173963550
t_num: 14 finish: 1473409027 547061696 start: 1473409024 982103767
t_num: 5 finish: 1473409027 654783641 start: 1473409024 538026935
t_num: 22 finish: 1473409027 654785525 start: 1473409023 961063928
t_num: 31 finish: 1473409028 125059816 start: 1473409024 539171589
t_num: 2 finish: 1473409028 126630197 start: 1473409025 550618987
t_num: 7 finish: 1473409028 195626743 start: 1473409024 982881147
t_num: 21 finish: 1473409028 204216662 start: 1473409026 974748654
t_num: 18 finish: 1473409028 282821607 start: 1473409025 156617244
t_num: 17 finish: 1473409028 622048816 start: 1473409025 853746760
t_num: 20 finish: 1473409028 699373873 start: 1473409026 52565863
t_num: 1 finish: 1473409028 893586680 start: 1473409026 831863301
t_num: 8 finish: 1473409028 894529912 start: 1473409026 974966491
t_num: 6 finish: 1473409028 905715079 start: 1473409026 756506776
t_num: 26 finish: 1473409028 977243300 start: 1473409027 367938754
t_num: 19 finish: 1473409029 54693807 start: 1473409025 773661790
t_num: 9 finish: 1473409029 144009796 start: 1473409026 974902296
t_num: 31 finish: 1473409029 144508743 start: 1473409028 125113541
t_num: 24 finish: 1473409029 321598003 start: 1473409027 297248438
t_num: 27 finish: 1473409029 696190948 start: 1473409026 756702468
t_num: 18 finish: 1473409029 776036595 start: 1473409028 282852342
t_num: 14 finish: 1473409029 826696173 start: 1473409027 547100922
t_num: 11 finish: 1473409030 351014545 start: 1473409027 668694126
t_num: 22 finish: 1473409030 361280747 start: 1473409027 654948990
t_num: 21 finish: 1473409030 366628857 start: 1473409028 204243476
t_num: 8 finish: 1473409030 381736092 start: 1473409028 894550528
t_num: 10 finish: 1473409030 399106375 start: 1473409028 521473986
t_num: 16 finish: 1473409030 577781186 start: 1473409028 970078574
t_num: 31 finish: 1473409030 577809500 start: 1473409029 144528895
t_num: 19 finish: 1473409030 577891273 start: 1473409029 54730464
t_num: 7 finish: 1473409030 578363780 start: 1473409028 862919157
t_num: 26 finish: 1473409030 980949653 start: 1473409028 977277541
t_num: 20 finish: 1473409030 982912043 start: 1473409028 699436592
t_num: 1 finish: 1473409031 311438001 start: 1473409028 893619754
t_num: 18 finish: 1473409031 457421650 start: 1473409029 776113290
t_num: 12 finish: 1473409031 575719820 start: 1473409029 776067587
t_num: 27 finish: 1473409031 645327405 start: 1473409029 696235014
t_num: 24 finish: 1473409031 645986084 start: 1473409030 334521399
t_num: 14 finish: 1473409031 647555271 start: 1473409029 826733878
t_num: 4 finish: 1473409031 716435857 start: 1473409028 977261337
t_num: 22 finish: 1473409032 249043618 start: 1473409031 81254219
t_num: 15 finish: 1473409032 687035928 start: 1473409031 454997960
t_num: 11 finish: 1473409032 777903668 start: 1473409031 80364746
t_num: 7 finish: 1473409032 883714994 start: 1473409031 312200306
t_num: 30 finish: 1473409032 918246883 start: 1473409030 565204234
t_num: 18 finish: 1473409033 307733212 start: 1473409032 10361835
t_num: 9 finish: 1473409033 323633121 start: 1473409030 334533100
t_num: 19 finish: 1473409033 349879929 start: 1473409030 577932081
t_num: 5 finish: 1473409033 350955781 start: 1473409031 81218720
t_num: 0 finish: 1473409033 700707136 start: 1473409032 370850367
t_num: 24 finish: 1473409033 700707243 start: 1473409031 646020637
t_num: 31 finish: 1473409033 700964135 start: 1473409031 456727380
t_num: 16 finish: 1473409033 793264447 start: 1473409030 577827553
t_num: 14 finish: 1473409034 206474721 start: 1473409031 647575163
t_num: 9 finish: 1473409034 712305342 start: 1473409033 323654169
t_num: 8 finish: 1473409035 31865999 start: 1473409032 532009498
t_num: 14 finish: 1473409035 48971367 start: 1473409034 206522145
t_num: 15 finish: 1473409035 184528384 start: 1473409033 455858128
t_num: 12 finish: 1473409035 288387780 start: 1473409033 325974689
t_num: 19 finish: 1473409035 318408765 start: 1473409033 349903914
t_num: 16 finish: 1473409035 333547942 start: 1473409033 793301656
t_num: 30 finish: 1473409035 668727080 start: 1473409032 918270410
t_num: 13 finish: 1473409035 669066658 start: 1473409034 552621881
t_num: 18 finish: 1473409035 692175236 start: 1473409034 109210979
t_num: 22 finish: 1473409035 839336546 start: 1473409033 40922661
t_num: 21 finish: 1473409036 72232007 start: 1473409032 686809179
t_num: 7 finish: 1473409036 73274395 start: 1473409032 883758880
t_num: 28 finish: 1473409036 335103266 start: 1473409033 150591136
t_num: 2 finish: 1473409036 451811398 start: 1473409034 882897524
t_num: 13 finish: 1473409036 876779986 start: 1473409035 669085614
t_num: 8 finish: 1473409036 941971917 start: 1473409035 31906958
t_num: 15 finish: 1473409036 942030947 start: 1473409035 184565858
t_num: 24 finish: 1473409037 162289663 start: 1473409035 65624075
t_num: 5 finish: 1473409037 563202201 start: 1473409033 793278526
t_num: 3 finish: 1473409038 135497759 start: 1473409034 914846736
t_num: 18 finish: 1473409038 347150369 start: 1473409035 692199057
t_num: 28 finish: 1473409038 457217173 start: 1473409036 335169142
t_num: 31 finish: 1473409038 499768536 start: 1473409035 668757897
t_num: 11 finish: 1473409038 502275167 start: 1473409035 841657283
t_num: 20 finish: 1473409038 716232084 start: 1473409037 161173198
t_num: 24 finish: 1473409038 769234480 start: 1473409037 162316966
t_num: 6 finish: 1473409039 36706907 start: 1473409035 668850057
t_num: 25 finish: 1473409039 36728215 start: 1473409038 2543000
t_num: 12 finish: 1473409039 226857540 start: 1473409037 200383615
t_num: 8 finish: 1473409039 393697083 start: 1473409036 942030779
t_num: 10 finish: 1473409039 394578835 start: 1473409037 56429947
t_num: 31 finish: 1473409039 615393896 start: 1473409038 499817406
t_num: 16 finish: 1473409039 652882727 start: 1473409037 563746206
t_num: 5 finish: 1473409039 951148812 start: 1473409037 563247498
t_num: 29 finish: 1473409039 953147318 start: 1473409037 11522664
t_num: 13 finish: 1473409039 958564843 start: 1473409038 481357063
t_num: 22 finish: 1473409039 980101626 start: 1473409038 527513589
t_num: 1 finish: 1473409040 262511283 start: 1473409038 795361597
t_num: 23 finish: 1473409040 281710474 start: 1473409038 714062950
t_num: 3 finish: 1473409040 396652888 start: 1473409038 135544742
t_num: 25 finish: 1473409040 570448960 start: 1473409039 36998682
t_num: 18 finish: 1473409040 659846833 start: 1473409038 347182344
t_num: 20 finish: 1473409040 710028792 start: 1473409039 272610004
t_num: 10 finish: 1473409040 910603724 start: 1473409039 394599496
t_num: 11 finish: 1473409040 999524864 start: 1473409038 526882323
t_num: 6 finish: 1473409041 135689 start: 1473409039 36757993
t_num: 2 finish: 1473409041 45547591 start: 1473409039 933095159
t_num: 26 finish: 1473409041 105428114 start: 1473409038 528109227
t_num: 28 finish: 1473409041 548102457 start: 1473409038 457265433
t_num: 31 finish: 1473409041 602204397 start: 1473409039 615455696
t_num: 16 finish: 1473409041 991558558 start: 1473409039 652908690
t_num: 30 finish: 1473409041 991563079 start: 1473409039 334241495
t_num: 29 finish: 1473409042 46431775 start: 1473409039 953170521
t_num: 20 finish: 1473409042 804526265 start: 1473409040 710054466
t_num: 18 finish: 1473409043 70932190 start: 1473409040 659876902
t_num: 15 finish: 1473409043 123499574 start: 1473409040 910775573
t_num: 13 finish: 1473409043 313891163 start: 1473409040 910729145
t_num: 11 finish: 1473409043 314988532 start: 1473409040 999555813
t_num: 2 finish: 1473409043 390995916 start: 1473409041 45565541
t_num: 9 finish: 1473409043 556988101 start: 1473409040 526797238
t_num: 26 finish: 1473409043 591327477 start: 1473409042 241766780
t_num: 25 finish: 1473409043 630335314 start: 1473409041 675472403
t_num: 6 finish: 1473409043 633356351 start: 1473409041 156371
t_num: 5 finish: 1473409043 809510425 start: 1473409041 152106230
t_num: 12 finish: 1473409043 917856565 start: 1473409042 241807715
t_num: 10 finish: 1473409044 105094346 start: 1473409040 910670679
t_num: 27 finish: 1473409044 237776933 start: 1473409041 698093917
t_num: 16 finish: 1473409044 580699012 start: 1473409042 999632795
t_num: 9 finish: 1473409044 816431337 start: 1473409043 557019106
t_num: 19 finish: 1473409044 819124449 start: 1473409042 964992473
t_num: 2 finish: 1473409045 362524669 start: 1473409043 391029087
t_num: 26 finish: 1473409045 363776515 start: 1473409043 591354162
t_num: 4 finish: 1473409045 365017425 start: 1473409042 756729086
t_num: 13 finish: 1473409045 368099057 start: 1473409043 313934564
t_num: 28 finish: 1473409045 432845485 start: 1473409043 807692463
t_num: 0 finish: 1473409045 465684169 start: 1473409043 193730838
t_num: 31 finish: 1473409045 465693671 start: 1473409043 606074431
t_num: 9 finish: 1473409045 650716340 start: 1473409044 816471432
t_num: 14 finish: 1473409045 870927905 start: 1473409043 628645434
t_num: 12 finish: 1473409045 871000036 start: 1473409043 917899541
t_num: 22 finish: 1473409045 912681652 start: 1473409044 436247893
t_num: 6 finish: 1473409045 914489930 start: 1473409044 436056437
t_num: 10 finish: 1473409045 915469280 start: 1473409044 105133614
t_num: 19 finish: 1473409045 916934155 start: 1473409044 819145703
t_num: 1 finish: 1473409046 126681711 start: 1473409043 460655115
t_num: 11 finish: 1473409046 274885030 start: 1473409044 708586016
t_num: 29 finish: 1473409046 334924048 start: 1473409044 584925058
t_num: 16 finish: 1473409046 431148758 start: 1473409044 580780364
t_num: 27 finish: 1473409046 431377166 start: 1473409045 360043683
t_num: 28 finish: 1473409046 584903046 start: 1473409045 432874159
t_num: 30 finish: 1473409046 990680791 start: 1473409045 368517768
t_num: 4 finish: 1473409047 315283008 start: 1473409045 365038601
t_num: 24 finish: 1473409047 406039608 start: 1473409045 575561680
t_num: 12 finish: 1473409047 528124801 start: 1473409045 871017176
t_num: 7 finish: 1473409047 529062646 start: 1473409044 137044469
t_num: 23 finish: 1473409047 567788740 start: 1473409045 869906415
t_num: 26 finish: 1473409047 620119971 start: 1473409045 363811553
t_num: 16 finish: 1473409047 882201841 start: 1473409046 431180457
t_num: 14 finish: 1473409047 882241595 start: 1473409045 870957425
t_num: 28 finish: 1473409047 945138437 start: 1473409046 584937266
t_num: 1 finish: 1473409048 220171964 start: 1473409046 126710972
t_num: 6 finish: 1473409048 266372649 start: 1473409046 252291966
t_num: 13 finish: 1473409048 266930702 start: 1473409045 566781195
t_num: 10 finish: 1473409048 353909050 start: 1473409046 917394538
t_num: 4 finish: 1473409048 886229833 start: 1473409047 315312181
t_num: 11 finish: 1473409048 886233692 start: 1473409046 274919850
t_num: 12 finish: 1473409048 959864460 start: 1473409047 528161033
t_num: 24 finish: 1473409049 81713066 start: 1473409047 406072595
t_num: 31 finish: 1473409049 145564357 start: 1473409047 719408754
t_num: 26 finish: 1473409049 628713022 start: 1473409048 467831880
t_num: 3 finish: 1473409049 802860871 start: 1473409047 324156742
t_num: 30 finish: 1473409049 803571804 start: 1473409047 719380475
t_num: 9 finish: 1473409049 803631522 start: 1473409047 718633757
t_num: 2 finish: 1473409049 919641729 start: 1473409047 314681767
t_num: 29 finish: 1473409050 51564097 start: 1473409047 569993496
t_num: 13 finish: 1473409050 582950596 start: 1473409048 530331365
t_num: 0 finish: 1473409050 583009537 start: 1473409047 570099240
t_num: 10 finish: 1473409050 874589934 start: 1473409048 745598112
t_num: 5 finish: 1473409050 892695927 start: 1473409048 927937207
t_num: 19 finish: 1473409050 915421591 start: 1473409047 945120440
t_num: 26 finish: 1473409051 9039704 start: 1473409049 628757129
t_num: 1 finish: 1473409051 173537727 start: 1473409048 220208097
t_num: 0 finish: 1473409051 229376957 start: 1473409050 675937238
t_num: 28 finish: 1473409051 229465515 start: 1473409047 945159019
t_num: 23 finish: 1473409051 229485376 start: 1473409048 997510596
t_num: 25 finish: 1473409051 284718492 start: 1473409048 799168026
t_num: 20 finish: 1473409051 504008280 start: 1473409049 261776588
t_num: 3 finish: 1473409051 508270399 start: 1473409049 802889822
t_num: 30 finish: 1473409051 749766979 start: 1473409049 803592494
t_num: 16 finish: 1473409051 750391695 start: 1473409049 920782642
t_num: 2 finish: 1473409051 813607279 start: 1473409049 919666113
t_num: 22 finish: 1473409051 934871304 start: 1473409049 921323418
t_num: 19 finish: 1473409051 991339241 start: 1473409050 915443078
t_num: 10 finish: 1473409052 194103485 start: 1473409050 874631845
t_num: 31 finish: 1473409052 428723345 start: 1473409050 297035421
t_num: 5 finish: 1473409052 642603635 start: 1473409050 892718941
t_num: 9 finish: 1473409052 905699771 start: 1473409050 582990932
t_num: 26 finish: 1473409052 905932593 start: 1473409051 9071447
t_num: 24 finish: 1473409052 924539680 start: 1473409050 667717663
t_num: 16 finish: 1473409052 924637466 start: 1473409051 750412655
t_num: 1 finish: 1473409053 139224759 start: 1473409051 173579306
t_num: 2 finish: 1473409053 196214760 start: 1473409051 813627998
t_num: 29 finish: 1473409053 196267755 start: 1473409051 460557030
t_num: 11 finish: 1473409053 519659498 start: 1473409051 773888929
t_num: 3 finish: 1473409053 936153670 start: 1473409052 904908543
t_num: 25 finish: 1473409054 20154256 start: 1473409052 869743701
t_num: 8 finish: 1473409054 113418975 start: 1473409052 863931530
t_num: 31 finish: 1473409054 114233473 start: 1473409052 428767022
t_num: 26 finish: 1473409054 360549491 start: 1473409052 905950945
t_num: 2 finish: 1473409054 544888494 start: 1473409053 196236991
t_num: 28 finish: 1473409054 816057938 start: 1473409053 255609835
t_num: 0 finish: 1473409054 817153342 start: 1473409051 614347714
t_num: 23 finish: 1473409054 877666573 start: 1473409052 428799670
t_num: 1 finish: 1473409054 903802806 start: 1473409053 782602396
t_num: 6 finish: 1473409055 308343555 start: 1473409053 568768103
t_num: 24 finish: 1473409055 352988620 start: 1473409053 473861913
t_num: 5 finish: 1473409055 441058479 start: 1473409053 391100672
t_num: 18 finish: 1473409055 490407120 start: 1473409053 546218571
t_num: 9 finish: 1473409055 510717595 start: 1473409053 151382036
t_num: 27 finish: 1473409055 510893000 start: 1473409052 713083292
t_num: 7 finish: 1473409056 74706221 start: 1473409053 603748018
t_num: 30 finish: 1473409056 75812048 start: 1473409052 904998893
t_num: 25 finish: 1473409056 76150446 start: 1473409054 20182016
t_num: 26 finish: 1473409056 76375915 start: 1473409054 360587095
t_num: 11 finish: 1473409056 677897006 start: 1473409054 561628673
t_num: 31 finish: 1473409056 828601670 start: 1473409054 114265590
t_num: 2 finish: 1473409057 26509112 start: 1473409054 544939844
t_num: 23 finish: 1473409057 157728039 start: 1473409054 877702996
t_num: 24 finish: 1473409057 172894863 start: 1473409055 353015074
t_num: 29 finish: 1473409057 238950491 start: 1473409053 196287300
t_num: 17 finish: 1473409057 727757356 start: 1473409055 306640031
t_num: 26 finish: 1473409057 797873956 start: 1473409057 110829494
t_num: 8 finish: 1473409058 110984889 start: 1473409056 124495632
t_num: 18 finish: 1473409058 187494044 start: 1473409055 490427708
t_num: 25 finish: 1473409058 226084170 start: 1473409057 25824818
t_num: 16 finish: 1473409058 332688427 start: 1473409054 817694789
t_num: 11 finish: 1473409058 512256283 start: 1473409056 677926366
t_num: 0 finish: 1473409058 512818701 start: 1473409055 668745929
t_num: 10 finish: 1473409058 523994813 start: 1473409056 253653509
t_num: 21 finish: 1473409058 629663768 start: 1473409057 239022722
t_num: 5 finish: 1473409058 771088611 start: 1473409055 668796206
t_num: 22 finish: 1473409058 906233870 start: 1473409055 441017905
t_num: 27 finish: 1473409058 906342312 start: 1473409056 76114770
t_num: 13 finish: 1473409059 12251591 start: 1473409057 110118428
t_num: 14 finish: 1473409059 40722722 start: 1473409056 990463277
t_num: 7 finish: 1473409059 40885745 start: 1473409056 74736821
t_num: 3 finish: 1473409059 98857956 start: 1473409057 659482070
t_num: 29 finish: 1473409059 99587077 start: 1473409057 238989321
t_num: 24 finish: 1473409059 114131923 start: 1473409057 172934914
t_num: 23 finish: 1473409059 633619956 start: 1473409057 198417214
t_num: 26 finish: 1473409060 87939527 start: 1473409057 797900830
t_num: 8 finish: 1473409060 132064424 start: 1473409058 111027857
t_num: 13 finish: 1473409060 250503547 start: 1473409059 12271570
t_num: 4 finish: 1473409060 278524088 start: 1473409058 275767399
t_num: 3 finish: 1473409060 361881434 start: 1473409059 98894618
t_num: 19 finish: 1473409060 516682559 start: 1473409059 275482542
t_num: 2 finish: 1473409060 517247383 start: 1473409058 275773390
t_num: 31 finish: 1473409060 560219355 start: 1473409059 31266746
t_num: 10 finish: 1473409060 687487198 start: 1473409059 627912468
t_num: 22 finish: 1473409060 858997177 start: 1473409058 906296886
t_num: 29 finish: 1473409060 952046632 start: 1473409059 627299387
t_num: 15 finish: 1473409060 954441699 start: 1473409059 778258337
t_num: 11 finish: 1473409061 180504503 start: 1473409059 627917800
t_num: 5 finish: 1473409061 418397982 start: 1473409058 771129770
t_num: 24 finish: 1473409061 449201297 start: 1473409059 114155469
t_num: 17 finish: 1473409061 652155891 start: 1473409059 10324277
t_num: 13 finish: 1473409061 698032321 start: 1473409060 250544169
t_num: 18 finish: 1473409061 814285169 start: 1473409059 951392687
t_num: 25 finish: 1473409061 814486928 start: 1473409059 818095553
t_num: 27 finish: 1473409062 41776580 start: 1473409059 916299671
t_num: 14 finish: 1473409062 408955892 start: 1473409059 40746377
t_num: 10 finish: 1473409062 696330110 start: 1473409060 687524582
t_num: 15 finish: 1473409062 832025582 start: 1473409060 954471939
t_num: 11 finish: 1473409062 833065887 start: 1473409061 180537336
t_num: 13 finish: 1473409062 957347106 start: 1473409061 698092223
t_num: 20 finish: 1473409062 997994663 start: 1473409061 365898803
t_num: 12 finish: 1473409062 998073704 start: 1473409060 454709526
t_num: 31 finish: 1473409063 132580822 start: 1473409061 378628453
t_num: 5 finish: 1473409063 345717714 start: 1473409061 418434864
t_num: 4 finish: 1473409063 453959133 start: 1473409060 278573223
t_num: 22 finish: 1473409063 645373666 start: 1473409060 859026810
t_num: 18 finish: 1473409063 645900760 start: 1473409062 396671419
t_num: 21 finish: 1473409063 646106035 start: 1473409062 192423857
t_num: 19 finish: 1473409064 56491025 start: 1473409060 516726444
t_num: 27 finish: 1473409064 89338989 start: 1473409062 41827642
t_num: 28 finish: 1473409064 89935262 start: 1473409061 741965902
t_num: 3 finish: 1473409064 390787009 start: 1473409062 192640356
t_num: 8 finish: 1473409064 877686730 start: 1473409062 696383267
t_num: 21 finish: 1473409065 90440405 start: 1473409063 646122826
t_num: 5 finish: 1473409065 602785016 start: 1473409063 345764884
t_num: 14 finish: 1473409065 637679425 start: 1473409062 753960489
t_num: 18 finish: 1473409065 638633640 start: 1473409063 645920916
t_num: 19 finish: 1473409065 738114360 start: 1473409064 56530466
t_num: 20 finish: 1473409065 786418456 start: 1473409064 91330074
t_num: 16 finish: 1473409065 798994245 start: 1473409063 75280927
t_num: 25 finish: 1473409065 949992664 start: 1473409063 693018004
t_num: 9 finish: 1473409066 383052858 start: 1473409064 106997102
t_num: 3 finish: 1473409066 628138396 start: 1473409064 390831141
t_num: 30 finish: 1473409066 628141449 start: 1473409064 451211735
t_num: 10 finish: 1473409066 779699687 start: 1473409063 693050195
t_num: 15 finish: 1473409066 779777583 start: 1473409064 836412535
t_num: 11 finish: 1473409066 780125662 start: 1473409062 833086730
t_num: 21 finish: 1473409067 394137836 start: 1473409065 285026814
t_num: 28 finish: 1473409067 396335280 start: 1473409065 139523028
t_num: 7 finish: 1473409067 520219621 start: 1473409066 143811844
t_num: 16 finish: 1473409067 793020883 start: 1473409065 799012172
t_num: 10 finish: 1473409068 70946985 start: 1473409066 779725506
t_num: 25 finish: 1473409068 384217385 start: 1473409065 950021115
t_num: 2 finish: 1473409068 387907056 start: 1473409065 285559108
t_num: 5 finish: 1473409068 390615951 start: 1473409065 703989283
t_num: 13 finish: 1473409068 472481274 start: 1473409066 143820524
t_num: 8 finish: 1473409068 655591019 start: 1473409064 877738424
t_num: 19 finish: 1473409068 708092593 start: 1473409065 738133253
t_num: 3 finish: 1473409068 907394883 start: 1473409066 628186953
t_num: 22 finish: 1473409069 108468399 start: 1473409066 779484422
t_num: 1 finish: 1473409069 133971121 start: 1473409066 778682693
t_num: 11 finish: 1473409069 503666666 start: 1473409066 780144542
t_num: 18 finish: 1473409069 504484100 start: 1473409065 638654490
t_num: 14 finish: 1473409069 504595583 start: 1473409065 637710754
t_num: 7 finish: 1473409069 508780563 start: 1473409067 520246797
t_num: 21 finish: 1473409069 675882408 start: 1473409068 11489560
t_num: 28 finish: 1473409069 789953195 start: 1473409067 396356755
t_num: 20 finish: 1473409069 936267464 start: 1473409067 306006005
t_num: 25 finish: 1473409070 34064676 start: 1473409068 384249106
t_num: 24 finish: 1473409070 187409105 start: 1473409068 362500158
t_num: 29 finish: 1473409070 200078446 start: 1473409067 965016567
t_num: 2 finish: 1473409070 300814467 start: 1473409068 387928207
t_num: 26 finish: 1473409070 918366194 start: 1473409068 707901918
t_num: 16 finish: 1473409071 35966538 start: 1473409069 121722025
t_num: 17 finish: 1473409071 118120112 start: 1473409069 309866034
t_num: 5 finish: 1473409071 176007080 start: 1473409069 80593161
t_num: 13 finish: 1473409071 183148275 start: 1473409068 472505801
t_num: 10 finish: 1473409071 418936918 start: 1473409069 362928688
t_num: 0 finish: 1473409071 580111154 start: 1473409069 121164410
t_num: 1 finish: 1473409071 746611061 start: 1473409069 133996777
t_num: 29 finish: 1473409071 905120733 start: 1473409070 200116632
t_num: 3 finish: 1473409072 388295128 start: 1473409069 355885791
t_num: 24 finish: 1473409072 448381857 start: 1473409071 258998652
t_num: 22 finish: 1473409072 797313831 start: 1473409070 358999630
t_num: 25 finish: 1473409072 872492342 start: 1473409070 34093179
t_num: 10 finish: 1473409072 872535030 start: 1473409071 418958554
t_num: 2 finish: 1473409072 906898509 start: 1473409070 300854432
t_num: 16 finish: 1473409072 942933464 start: 1473409071 36010448
t_num: 9 finish: 1473409072 953268679 start: 1473409071 602323547
t_num: 29 finish: 1473409073 67608999 start: 1473409071 905164696
t_num: 30 finish: 1473409073 81365339 start: 1473409071 235457100
t_num: 20 finish: 1473409073 158649970 start: 1473409070 726494920
t_num: 13 finish: 1473409073 159206708 start: 1473409071 183165727
t_num: 12 finish: 1473409073 213844008 start: 1473409071 905151839
t_num: 5 finish: 1473409073 422980179 start: 1473409071 176028319
t_num: 21 finish: 1473409073 536679196 start: 1473409069 675942924
t_num: 7 finish: 1473409074 172100994 start: 1473409071 521074442
t_num: 11 finish: 1473409074 429522634 start: 1473409072 346662556
t_num: 28 finish: 1473409074 793584625 start: 1473409072 45267232
t_num: 27 finish: 1473409074 938358942 start: 1473409073 212783777
t_num: 5 finish: 1473409075 113137384 start: 1473409073 423003794
t_num: 1 finish: 1473409075 168230154 start: 1473409073 385837875
t_num: 4 finish: 1473409075 264914689 start: 1473409073 845860001
t_num: 6 finish: 1473409075 272337525 start: 1473409072 346690196
t_num: 26 finish: 1473409075 354254515 start: 1473409072 731259017
t_num: 9 finish: 1473409075 516898452 start: 1473409074 141549009
t_num: 10 finish: 1473409075 642156782 start: 1473409072 872548224
t_num: 25 finish: 1473409075 661771114 start: 1473409072 872515730
t_num: 30 finish: 1473409075 696456547 start: 1473409073 81387839
t_num: 3 finish: 1473409075 696543457 start: 1473409073 587930812
t_num: 7 finish: 1473409075 907801581 start: 1473409074 172131980
t_num: 16 finish: 1473409076 131457257 start: 1473409072 942973778
t_num: 22 finish: 1473409076 180252329 start: 1473409072 797346686
t_num: 11 finish: 1473409076 999158088 start: 1473409074 429549692
t_num: 5 finish: 1473409077 331089676 start: 1473409075 113172619
t_num: 31 finish: 1473409077 395296425 start: 1473409073 674119755
t_num: 28 finish: 1473409077 476646958 start: 1473409075 789846388
t_num: 20 finish: 1473409077 714044155 start: 1473409073 525305269
t_num: 3 finish: 1473409077 732320014 start: 1473409075 696564414
t_num: 15 finish: 1473409078 65179762 start: 1473409075 311909989
t_num: 0 finish: 1473409078 141597234 start: 1473409074 428585047
t_num: 25 finish: 1473409078 257564036 start: 1473409075 661800604
t_num: 10 finish: 1473409078 298445050 start: 1473409076 999279146
t_num: 9 finish: 1473409078 407159874 start: 1473409075 516941916
t_num: 11 finish: 1473409078 461520310 start: 1473409076 999205711
t_num: 30 finish: 1473409078 461523888 start: 1473409075 696486691
t_num: 1 finish: 1473409078 577238461 start: 1473409075 168266456
t_num: 2 finish: 1473409078 577249939 start: 1473409075 793250632
t_num: 7 finish: 1473409078 577297272 start: 1473409075 907890493
t_num: 6 finish: 1473409078 682272427 start: 1473409075 983786961
t_num: 27 finish: 1473409078 785532278 start: 1473409075 226628354
t_num: 8 finish: 1473409078 802758934 start: 1473409076 311251536
t_num: 22 finish: 1473409079 126473794 start: 1473409076 999300308
t_num: 19 finish: 1473409079 184889980 start: 1473409077 808586598
t_num: 12 finish: 1473409079 497836295 start: 1473409076 999785579
t_num: 15 finish: 1473409079 524663231 start: 1473409078 65213559
t_num: 9 finish: 1473409079 590880458 start: 1473409078 407183577
t_num: 25 finish: 1473409079 605280282 start: 1473409078 257591056
t_num: 20 finish: 1473409079 919880556 start: 1473409078 237558352
t_num: 6 finish: 1473409080 28619923 start: 1473409078 682296845
t_num: 9 finish: 1473409080 67138868 start: 1473409079 590923673
t_num: 5 finish: 1473409080 67251071 start: 1473409078 140176912
t_num: 30 finish: 1473409080 144383329 start: 1473409078 461584447
t_num: 8 finish: 1473409080 144449882 start: 1473409078 802780537
t_num: 13 finish: 1473409080 192090886 start: 1473409077 476734869
t_num: 17 finish: 1473409080 523736455 start: 1473409079 4926778
t_num: 27 finish: 1473409080 657126281 start: 1473409078 785561857
t_num: 2 finish: 1473409080 685138907 start: 1473409078 577338754
t_num: 3 finish: 1473409081 259988278 start: 1473409079 237459855
t_num: 20 finish: 1473409081 278067794 start: 1473409079 919907792
t_num: 12 finish: 1473409081 331949986 start: 1473409079 497874905
t_num: 24 finish: 1473409081 335845568 start: 1473409079 520645141
t_num: 5 finish: 1473409081 786006013 start: 1473409080 67270737
t_num: 6 finish: 1473409081 787082475 start: 1473409080 28655926
t_num: 22 finish: 1473409081 808814970 start: 1473409079 126536045
t_num: 17 finish: 1473409081 877733540 start: 1473409080 689842341
t_num: 28 finish: 1473409081 880105865 start: 1473409080 407464819
t_num: 25 finish: 1473409082 222837833 start: 1473409080 685232753
t_num: 8 finish: 1473409082 255689881 start: 1473409080 144464090
t_num: 29 finish: 1473409082 278515042 start: 1473409079 889542175
t_num: 13 finish: 1473409082 520530817 start: 1473409080 192121869
t_num: 12 finish: 1473409082 521103177 start: 1473409081 331981918
t_num: 4 finish: 1473409082 770823161 start: 1473409080 479618776
t_num: 20 finish: 1473409083 119685395 start: 1473409081 278116337
t_num: 23 finish: 1473409083 127723120 start: 1473409080 687014406
t_num: 15 finish: 1473409083 407637691 start: 1473409079 889319622
t_num: 28 finish: 1473409083 410985159 start: 1473409081 880125508
t_num: 5 finish: 1473409083 462618140 start: 1473409081 786049621
t_num: 21 finish: 1473409083 525960278 start: 1473409082 131297104
t_num: 14 finish: 1473409083 609173382 start: 1473409081 263758897
t_num: 8 finish: 1473409083 894070503 start: 1473409082 255719129
t_num: 27 finish: 1473409084 193787186 start: 1473409081 242546565
t_num: 13 finish: 1473409084 256450029 start: 1473409082 520567153
t_num: 9 finish: 1473409084 353567324 start: 1473409082 325586768
t_num: 16 finish: 1473409084 362207341 start: 1473409083 70248719
t_num: 12 finish: 1473409084 941027616 start: 1473409082 521119505
t_num: 19 finish: 1473409084 964834999 start: 1473409082 255743276
t_num: 22 finish: 1473409084 973308960 start: 1473409081 808833849
t_num: 29 finish: 1473409085 451026968 start: 1473409082 278565439
t_num: 7 finish: 1473409085 836086092 start: 1473409082 879508120
t_num: 3 finish: 1473409085 836957650 start: 1473409083 137836751
t_num: 28 finish: 1473409085 837533399 start: 1473409083 411006206
t_num: 20 finish: 1473409085 837761377 start: 1473409083 801128508
t_num: 6 finish: 1473409085 906585756 start: 1473409082 763306995
t_num: 4 finish: 1473409085 909592309 start: 1473409084 102012194
t_num: 15 finish: 1473409085 909942275 start: 1473409083 407676198
t_num: 24 finish: 1473409085 984990590 start: 1473409084 211867493
t_num: 14 finish: 1473409086 66060434 start: 1473409083 609215731
t_num: 17 finish: 1473409086 474744857 start: 1473409083 549369380
t_num: 12 finish: 1473409086 601722736 start: 1473409084 941143794
t_num: 11 finish: 1473409086 681893688 start: 1473409084 373025952
t_num: 9 finish: 1473409086 714822437 start: 1473409084 353610658
t_num: 22 finish: 1473409086 717308179 start: 1473409085 629211028
t_num: 15 finish: 1473409087 202327378 start: 1473409085 977564186
t_num: 13 finish: 1473409087 204564966 start: 1473409084 256489949
t_num: 28 finish: 1473409087 414205233 start: 1473409085 837553223
t_num: 16 finish: 1473409087 530647567 start: 1473409085 984932040
t_num: 20 finish: 1473409087 703547031 start: 1473409085 837779908
t_num: 31 finish: 1473409087 869211808 start: 1473409085 909827824
t_num: 27 finish: 1473409087 999756290 start: 1473409085 551632131
t_num: 19 finish: 1473409088 244844867 start: 1473409085 909121964
t_num: 12 finish: 1473409088 293086459 start: 1473409086 601753657
t_num: 7 finish: 1473409088 293885738 start: 1473409085 836129475
t_num: 24 finish: 1473409088 321524627 start: 1473409086 260210902
t_num: 4 finish: 1473409088 479540150 start: 1473409085 909612349
t_num: 0 finish: 1473409088 492638556 start: 1473409086 682492182
t_num: 22 finish: 1473409088 528633158 start: 1473409086 717330304
t_num: 15 finish: 1473409088 695026707 start: 1473409087 202355146
t_num: 6 finish: 1473409088 960655652 start: 1473409087 646925606
t_num: 14 finish: 1473409089 133383482 start: 1473409087 127397651
t_num: 17 finish: 1473409089 196670482 start: 1473409087 918099382
t_num: 30 finish: 1473409089 251406655 start: 1473409087 963668592
t_num: 11 finish: 1473409089 695043071 start: 1473409086 681933048
t_num: 27 finish: 1473409089 695397006 start: 1473409088 278081837
t_num: 18 finish: 1473409089 899400099 start: 1473409087 780480677
t_num: 29 finish: 1473409089 966556820 start: 1473409086 792594058
t_num: 25 finish: 1473409089 966611254 start: 1473409088 662498795
t_num: 31 finish: 1473409090 286721574 start: 1473409087 869256118
t_num: 10 finish: 1473409090 290887240 start: 1473409087 918084994
t_num: 12 finish: 1473409090 812330668 start: 1473409088 293120988
t_num: 13 finish: 1473409090 812388023 start: 1473409088 1068685
t_num: 26 finish: 1473409090 866766360 start: 1473409088 586313982
t_num: 0 finish: 1473409090 943979517 start: 1473409088 492663561
t_num: 30 finish: 1473409091 60250296 start: 1473409089 622827745
t_num: 4 finish: 1473409091 292679469 start: 1473409088 479585848
t_num: 31 finish: 1473409091 430173646 start: 1473409090 286764686
t_num: 14 finish: 1473409091 513645509 start: 1473409089 133423901
t_num: 25 finish: 1473409091 554610844 start: 1473409089 966633980
t_num: 11 finish: 1473409091 554616510 start: 1473409089 695086923
t_num: 2 finish: 1473409091 879574793 start: 1473409090 289882968
t_num: 6 finish: 1473409092 364577646 start: 1473409091 359649191
t_num: 27 finish: 1473409092 412124957 start: 1473409089 695416611
t_num: 13 finish: 1473409092 475114609 start: 1473409090 812407423
t_num: 30 finish: 1473409092 524568679 start: 1473409091 60293005
t_num: 0 finish: 1473409092 730602409 start: 1473409090 944003811
t_num: 26 finish: 1473409092 795157352 start: 1473409090 866789338
t_num: 18 finish: 1473409092 834565039 start: 1473409089 899433654
t_num: 23 finish: 1473409092 834648881 start: 1473409090 249708695
t_num: 5 finish: 1473409093 2514660 start: 1473409091 907172679
t_num: 9 finish: 1473409093 77896984 start: 1473409090 901699659
t_num: 29 finish: 1473409093 80285422 start: 1473409090 940927339
t_num: 2 finish: 1473409093 536698561 start: 1473409091 879617050
t_num: 11 finish: 1473409093 591655525 start: 1473409091 554659943
t_num: 3 finish: 1473409093 599648838 start: 1473409091 375043762
t_num: 25 finish: 1473409093 630065714 start: 1473409092 412232542
t_num: 22 finish: 1473409093 766646382 start: 1473409092 267467500
t_num: 14 finish: 1473409094 159293160 start: 1473409091 513680182
t_num: 31 finish: 1473409094 191201058 start: 1473409092 291953696
t_num: 6 finish: 1473409094 709638782 start: 1473409092 364617692
t_num: 7 finish: 1473409094 792081227 start: 1473409093 85496411
t_num: 18 finish: 1473409094 792090092 start: 1473409092 834605723
t_num: 30 finish: 1473409094 792127447 start: 1473409092 814086761
t_num: 27 finish: 1473409094 847810689 start: 1473409092 412150929
t_num: 2 finish: 1473409095 326210595 start: 1473409093 536723223
t_num: 5 finish: 1473409095 425388319 start: 1473409093 2548992
t_num: 23 finish: 1473409095 522838912 start: 1473409093 414589414
t_num: 16 finish: 1473409095 527966991 start: 1473409092 923921634
t_num: 13 finish: 1473409095 618128192 start: 1473409094 403586658
t_num: 14 finish: 1473409095 963003816 start: 1473409094 159339827
t_num: 29 finish: 1473409096 21831029 start: 1473409093 599752180
t_num: 21 finish: 1473409096 107757130 start: 1473409093 497623594
t_num: 26 finish: 1473409096 107824195 start: 1473409093 683651473
t_num: 3 finish: 1473409096 379622059 start: 1473409093 599681661
t_num: 24 finish: 1473409097 59147185 start: 1473409094 434939859
t_num: 0 finish: 1473409097 59845290 start: 1473409093 414622482
t_num: 30 finish: 1473409097 63576755 start: 1473409094 792269964
t_num: 18 finish: 1473409097 64298805 start: 1473409095 721758373
t_num: 31 finish: 1473409097 66282043 start: 1473409094 191227548
t_num: 22 finish: 1473409097 134473849 start: 1473409094 622301791
t_num: 20 finish: 1473409097 184942008 start: 1473409094 861941230
t_num: 25 finish: 1473409097 293259626 start: 1473409094 680095900
t_num: 2 finish: 1473409097 407773427 start: 1473409095 978488672
t_num: 4 finish: 1473409097 470467026 start: 1473409094 717743378
t_num: 6 finish: 1473409097 641100887 start: 1473409095 241839408
t_num: 5 finish: 1473409097 687519667 start: 1473409095 425430981
t_num: 16 finish: 1473409098 82245063 start: 1473409095 527988299
t_num: 31 finish: 1473409098 82891998 start: 1473409097 66304421
t_num: 20 finish: 1473409098 82939837 start: 1473409097 184961586
t_num: 29 finish: 1473409098 136314477 start: 1473409097 203454547
t_num: 8 finish: 1473409098 600277807 start: 1473409095 493372064
t_num: 26 finish: 1473409098 630758741 start: 1473409096 107843454
t_num: 13 finish: 1473409098 771985657 start: 1473409097 184923437
t_num: 14 finish: 1473409098 773220122 start: 1473409095 963047026
t_num: 24 finish: 1473409098 773987636 start: 1473409097 59193820
t_num: 23 finish: 1473409098 784828299 start: 1473409097 67175350
t_num: 3 finish: 1473409099 24937657 start: 1473409096 379673001
t_num: 28 finish: 1473409099 29229188 start: 1473409097 488578269
t_num: 22 finish: 1473409099 562234154 start: 1473409097 134515327
t_num: 2 finish: 1473409099 598768687 start: 1473409098 691292864
t_num: 0 finish: 1473409099 598768473 start: 1473409097 332579812
t_num: 27 finish: 1473409099 799703577 start: 1473409096 107790004
t_num: 19 finish: 1473409099 947891713 start: 1473409098 491855957
t_num: 25 finish: 1473409100 39932355 start: 1473409097 489246393
t_num: 4 finish: 1473409100 294608968 start: 1473409098 212753754
t_num: 29 finish: 1473409100 316030908 start: 1473409098 136335600
t_num: 20 finish: 1473409100 319870495 start: 1473409098 82958807
t_num: 16 finish: 1473409100 442685449 start: 1473409098 728981056
t_num: 21 finish: 1473409100 462430124 start: 1473409098 774902255
t_num: 2 finish: 1473409100 614306391 start: 1473409099 598805057
t_num: 0 finish: 1473409100 817861700 start: 1473409099 598822506
t_num: 15 finish: 1473409100 819760571 start: 1473409098 657429572
t_num: 11 finish: 1473409101 82486786 start: 1473409099 785737811
t_num: 28 finish: 1473409101 104391668 start: 1473409099 29249287
t_num: 8 finish: 1473409101 110786680 start: 1473409098 600308674
t_num: 9 finish: 1473409101 111731829 start: 1473409099 983421022
t_num: 26 finish: 1473409101 512583189 start: 1473409098 630794160
t_num: 27 finish: 1473409101 629263745 start: 1473409100 307295801
t_num: 3 finish: 1473409101 690633519 start: 1473409099 730515433
t_num: 24 finish: 1473409101 775209596 start: 1473409099 595044880
t_num: 29 finish: 1473409101 894340275 start: 1473409100 391748356
t_num: 5 finish: 1473409102 80633566 start: 1473409100 41321577
t_num: 7 finish: 1473409102 80751149 start: 1473409101 40818774
t_num: 15 finish: 1473409102 158037867 start: 1473409100 819780901
t_num: 2 finish: 1473409102 683216062 start: 1473409100 614333933
t_num: 21 finish: 1473409102 766045703 start: 1473409100 462447395
t_num: 20 finish: 1473409102 881428137 start: 1473409100 319891754
t_num: 9 finish: 1473409103 127154815 start: 1473409101 732832392
t_num: 11 finish: 1473409103 161913082 start: 1473409101 82511611
t_num: 25 finish: 1473409103 220097606 start: 1473409100 584710028
t_num: 16 finish: 1473409103 312883136 start: 1473409100 442709865
t_num: 12 finish: 1473409103 539835089 start: 1473409100 830749798
t_num: 29 finish: 1473409103 643063061 start: 1473409101 894368148
t_num: 2 finish: 1473409103 720866773 start: 1473409102 683246134
t_num: 3 finish: 1473409103 798551686 start: 1473409101 690672552
t_num: 22 finish: 1473409103 852443729 start: 1473409101 691442829
t_num: 15 finish: 1473409103 899228892 start: 1473409102 158067450
t_num: 27 finish: 1473409104 401561980 start: 1473409101 629316863
t_num: 24 finish: 1473409104 532391489 start: 1473409101 775234142
t_num: 0 finish: 1473409104 588868769 start: 1473409103 220177335
t_num: 17 finish: 1473409104 591049405 start: 1473409102 748544870
t_num: 8 finish: 1473409104 593995991 start: 1473409102 298388063
t_num: 11 finish: 1473409104 900988124 start: 1473409103 161939812
t_num: 4 finish: 1473409105 35673720 start: 1473409102 672207237
t_num: 21 finish: 1473409105 184844214 start: 1473409102 766071244
t_num: 3 finish: 1473409105 212306474 start: 1473409103 798571202
t_num: 20 finish: 1473409105 969492987 start: 1473409102 881463196
t_num: 29 finish: 1473409105 970360131 start: 1473409103 643105015
t_num: 3 finish: 1473409106 109234788 start: 1473409105 212325112
t_num: 15 finish: 1473409106 181689191 start: 1473409103 899273302
t_num: 31 finish: 1473409106 275723915 start: 1473409104 67703177
t_num: 7 finish: 1473409106 443276434 start: 1473409104 590328791
t_num: 27 finish: 1473409106 477645233 start: 1473409104 401595199
t_num: 13 finish: 1473409106 508802517 start: 1473409105 851720301
t_num: 19 finish: 1473409106 544120342 start: 1473409104 523687630
t_num: 22 finish: 1473409106 560748498 start: 1473409103 852469115
t_num: 17 finish: 1473409106 588126174 start: 1473409104 591070699
t_num: 25 finish: 1473409106 646460768 start: 1473409104 300737685
t_num: 21 finish: 1473409106 646529569 start: 1473409105 184901717
t_num: 4 finish: 1473409106 666257609 start: 1473409105 35708484
t_num: 9 finish: 1473409106 666299178 start: 1473409104 590121821
t_num: 29 finish: 1473409106 827454456 start: 1473409106 108519008
t_num: 0 finish: 1473409106 846827749 start: 1473409104 795039806
t_num: 30 finish: 1473409106 871885483 start: 1473409106 306842399
t_num: 28 finish: 1473409107 106942823 start: 1473409104 734583445
t_num: 3 finish: 1473409107 157918959 start: 1473409106 109261278
t_num: 19 finish: 1473409107 243823251 start: 1473409106 544141125
t_num: 7 finish: 1473409108 304038428 start: 1473409106 443301628
t_num: 8 finish: 1473409108 567808519 start: 1473409106 156530629
t_num: 18 finish: 1473409108 567895748 start: 1473409106 181728061
t_num: 23 finish: 1473409108 621107323 start: 1473409106 439911085
t_num: 15 finish: 1473409108 658150293 start: 1473409106 181714075
t_num: 25 finish: 1473409108 724069313 start: 1473409106 646486989
t_num: 27 finish: 1473409108 734798324 start: 1473409107 17837957
t_num: 22 finish: 1473409108 852968639 start: 1473409106 560771919
t_num: 13 finish: 1473409108 905761407 start: 1473409107 182044711
t_num: 9 finish: 1473409108 994591070 start: 1473409107 888722160
t_num: 4 finish: 1473409109 441143890 start: 1473409106 666279264
t_num: 10 finish: 1473409109 441929728 start: 1473409107 544197930
t_num: 28 finish: 1473409109 569509164 start: 1473409107 106993949
t_num: 30 finish: 1473409109 802034717 start: 1473409106 871906604
t_num: 27 finish: 1473409109 945834779 start: 1473409109 87557286
t_num: 21 finish: 1473409110 90236536 start: 1473409108 362383758
t_num: 29 finish: 1473409110 154110289 start: 1473409107 867631213
t_num: 3 finish: 1473409110 706272564 start: 1473409108 336433433
t_num: 8 finish: 1473409110 714263403 start: 1473409108 567856446
t_num: 1 finish: 1473409110 742665435 start: 1473409108 593369589
t_num: 17 finish: 1473409111 133261610 start: 1473409108 906056476
t_num: 0 finish: 1473409111 240997924 start: 1473409109 430227709
t_num: 12 finish: 1473409111 241658378 start: 1473409108 932295367
t_num: 19 finish: 1473409111 513615312 start: 1473409108 502270715
t_num: 14 finish: 1473409111 513699570 start: 1473409109 870085743
t_num: 9 finish: 1473409111 716077292 start: 1473409108 994631981
t_num: 4 finish: 1473409111 762039124 start: 1473409109 955410338
t_num: 15 finish: 1473409111 815643299 start: 1473409109 541774470
t_num: 27 finish: 1473409111 844040544 start: 1473409109 945883883
t_num: 10 finish: 1473409111 973674494 start: 1473409109 441949757
t_num: 3 finish: 1473409112 99027578 start: 1473409110 706316108
t_num: 25 finish: 1473409112 99029424 start: 1473409108 724107812
t_num: 26 finish: 1473409112 254761728 start: 1473409110 134376276
t_num: 1 finish: 1473409112 496973514 start: 1473409110 742692857
t_num: 18 finish: 1473409112 579034990 start: 1473409110 235457417
t_num: 22 finish: 1473409112 637991663 start: 1473409111 631785032
t_num: 17 finish: 1473409113 50416678 start: 1473409111 133306810
t_num: 9 finish: 1473409113 214606550 start: 1473409111 716126359
t_num: 0 finish: 1473409113 324646001 start: 1473409111 241022344
t_num: 26 finish: 1473409113 339309573 start: 1473409112 254820169
t_num: 5 finish: 1473409113 342096240 start: 1473409111 222948631
t_num: 28 finish: 1473409113 650317369 start: 1473409112 370038164
t_num: 21 finish: 1473409113 660066510 start: 1473409111 482191165
t_num: 19 finish: 1473409113 796890055 start: 1473409111 973767131
t_num: 29 finish: 1473409113 797125628 start: 1473409110 154133203
t_num: 14 finish: 1473409113 827318263 start: 1473409111 513719708
t_num: 27 finish: 1473409114 127314748 start: 1473409112 695417089
t_num: 18 finish: 1473409114 269732810 start: 1473409112 579054168
t_num: 9 finish: 1473409114 745002323 start: 1473409113 214640956
t_num: 4 finish: 1473409114 915309525 start: 1473409113 284942855
t_num: 8 finish: 1473409114 931330283 start: 1473409112 825235675
t_num: 20 finish: 1473409115 223065297 start: 1473409113 322528947
t_num: 6 finish: 1473409115 264089246 start: 1473409112 783884430
t_num: 1 finish: 1473409115 364707967 start: 1473409112 497043072
t_num: 15 finish: 1473409115 719080231 start: 1473409113 349459520
t_num: 18 finish: 1473409115 950052300 start: 1473409114 269767735
t_num: 17 finish: 1473409115 956136001 start: 1473409113 50462246
t_num: 21 finish: 1473409115 966246831 start: 1473409114 180652629
t_num: 12 finish: 1473409115 973311931 start: 1473409115 647634993
t_num: 23 finish: 1473409116 119627711 start: 1473409114 341248692
t_num: 5 finish: 1473409116 478513734 start: 1473409113 342118013
t_num: 1 finish: 1473409116 743938505 start: 1473409115 364743044
t_num: 20 finish: 1473409116 992259619 start: 1473409115 223106517
t_num: 9 finish: 1473409117 64769080 start: 1473409114 745047550
t_num: 29 finish: 1473409117 68207647 start: 1473409113 797144261
t_num: 19 finish: 1473409117 68876100 start: 1473409113 796956112
t_num: 4 finish: 1473409117 374240041 start: 1473409114 915347831
t_num: 24 finish: 1473409117 423431056 start: 1473409114 745188988
t_num: 15 finish: 1473409117 424263406 start: 1473409115 954388777
t_num: 25 finish: 1473409117 717817988 start: 1473409115 671401235
t_num: 8 finish: 1473409117 717821410 start: 1473409115 465198679
t_num: 18 finish: 1473409117 785819125 start: 1473409115 950095187
t_num: 12 finish: 1473409117 835564433 start: 1473409116 731085544
t_num: 17 finish: 1473409117 874881188 start: 1473409115 956156652
t_num: 14 finish: 1473409117 874932398 start: 1473409115 300080273
t_num: 7 finish: 1473409118 210344352 start: 1473409117 78209931
t_num: 31 finish: 1473409118 210393803 start: 1473409114 930689449
t_num: 23 finish: 1473409118 332415853 start: 1473409117 214242908
t_num: 6 finish: 1473409118 424649239 start: 1473409115 798497124
t_num: 2 finish: 1473409118 448530138 start: 1473409117 612450010
t_num: 22 finish: 1473409118 595723750 start: 1473409116 412453304
t_num: 21 finish: 1473409118 595967403 start: 1473409117 34727439
t_num: 28 finish: 1473409118 625803954 start: 1473409115 973358586
t_num: 29 finish: 1473409118 640570155 start: 1473409117 632193218
t_num: 8 finish: 1473409119 692221800 start: 1473409117 717866442
t_num: 20 finish: 1473409119 804029234 start: 1473409116 992303995
t_num: 22 finish: 1473409120 454592129 start: 1473409118 595748204
t_num: 5 finish: 1473409120 717691787 start: 1473409117 437100760
t_num: 13 finish: 1473409120 718135388 start: 1473409118 6910327
t_num: 4 finish: 1473409120 720711021 start: 1473409118 210375511
t_num: 30 finish: 1473409120 721511131 start: 1473409119 607305125
t_num: 12 finish: 1473409120 722084764 start: 1473409117 835589994
t_num: 15 finish: 1473409120 738022086 start: 1473409118 6827756
t_num: 31 finish: 1473409120 780243456 start: 1473409118 210409359
t_num: 25 finish: 1473409120 787447635 start: 1473409117 717852962
t_num: 3 finish: 1473409120 846539308 start: 1473409119 35376836
t_num: 18 finish: 1473409120 981868328 start: 1473409119 370161925
t_num: 2 finish: 1473409121 355549815 start: 1473409118 448553996
t_num: 6 finish: 1473409121 384114443 start: 1473409118 424674474
t_num: 24 finish: 1473409121 388529765 start: 1473409118 7469353
t_num: 16 finish: 1473409121 426309697 start: 1473409119 315772467
t_num: 17 finish: 1473409121 441741674 start: 1473409120 11006885
t_num: 29 finish: 1473409121 441775021 start: 1473409118 887105500
t_num: 20 finish: 1473409121 519736849 start: 1473409119 804076570
t_num: 30 finish: 1473409121 791619839 start: 1473409120 721531464
t_num: 14 finish: 1473409121 821794062 start: 1473409118 887124517
t_num: 0 finish: 1473409122 337429130 start: 1473409120 162615598
t_num: 11 finish: 1473409122 397365853 start: 1473409120 267903437
t_num: 28 finish: 1473409122 490553941 start: 1473409119 651063860
t_num: 16 finish: 1473409122 717472403 start: 1473409121 426334922
t_num: 2 finish: 1473409122 717796026 start: 1473409121 355590637
t_num: 3 finish: 1473409122 801292863 start: 1473409121 696648885
t_num: 18 finish: 1473409122 969526966 start: 1473409120 981912757
t_num: 31 finish: 1473409123 6673768 start: 1473409120 780280650
t_num: 22 finish: 1473409123 408414233 start: 1473409120 847590893
t_num: 1 finish: 1473409123 449292859 start: 1473409122 357171595
t_num: 15 finish: 1473409123 528301034 start: 1473409120 738043338
t_num: 26 finish: 1473409123 528500763 start: 1473409121 588640919
t_num: 11 finish: 1473409123 780538517 start: 1473409122 397391155
t_num: 17 finish: 1473409123 782575549 start: 1473409121 441823974
t_num: 13 finish: 1473409123 839227955 start: 1473409121 723143313
t_num: 5 finish: 1473409124 21451901 start: 1473409122 673943742
t_num: 25 finish: 1473409124 24529502 start: 1473409123 110563549
t_num: 4 finish: 1473409124 58419969 start: 1473409121 898639624
t_num: 6 finish: 1473409124 250442365 start: 1473409121 911401002
t_num: 30 finish: 1473409124 250532665 start: 1473409123 360988630
t_num: 3 finish: 1473409124 318240197 start: 1473409123 668728893
t_num: 19 finish: 1473409124 320514795 start: 1473409122 970671565
t_num: 22 finish: 1473409124 658747410 start: 1473409123 668525816
t_num: 24 finish: 1473409124 914063035 start: 1473409122 530427124
t_num: 12 finish: 1473409124 926588759 start: 1473409122 186344193
t_num: 18 finish: 1473409124 927323951 start: 1473409123 615208195
t_num: 29 finish: 1473409124 987493923 start: 1473409122 384213462
t_num: 20 finish: 1473409124 988251658 start: 1473409122 530411255
t_num: 11 finish: 1473409124 995123787 start: 1473409123 780594497
t_num: 0 finish: 1473409125 25858824 start: 1473409122 868673866
t_num: 1 finish: 1473409125 444766076 start: 1473409123 449334526
t_num: 31 finish: 1473409125 673606941 start: 1473409123 431285439
t_num: 6 finish: 1473409125 712862633 start: 1473409124 250495521
t_num: 15 finish: 1473409125 804148307 start: 1473409123 528319576
t_num: 12 finish: 1473409126 542275119 start: 1473409124 926610943
t_num: 18 finish: 1473409126 696496682 start: 1473409124 927339693
t_num: 20 finish: 1473409126 696609319 start: 1473409124 988271255
t_num: 4 finish: 1473409126 696649762 start: 1473409124 58442643
t_num: 19 finish: 1473409126 822450273 start: 1473409124 320534565
t_num: 13 finish: 1473409126 899341691 start: 1473409123 839266631
t_num: 9 finish: 1473409127 25265073 start: 1473409124 513932222
t_num: 22 finish: 1473409127 79892231 start: 1473409125 492301567
t_num: 29 finish: 1473409127 197947955 start: 1473409124 987524954
t_num: 10 finish: 1473409127 502882486 start: 1473409124 442059693
t_num: 11 finish: 1473409127 504256182 start: 1473409124 995145343
t_num: 14 finish: 1473409127 881867054 start: 1473409126 43839283
t_num: 5 finish: 1473409127 881867966 start: 1473409125 26047166
t_num: 23 finish: 1473409127 964202999 start: 1473409125 740665107
t_num: 31 finish: 1473409128 11389510 start: 1473409125 673653442
t_num: 0 finish: 1473409128 297068686 start: 1473409126 696567251
t_num: 26 finish: 1473409128 319253034 start: 1473409125 433646936
t_num: 12 finish: 1473409128 375626203 start: 1473409126 542318292
t_num: 6 finish: 1473409128 377861088 start: 1473409125 712922087
t_num: 22 finish: 1473409128 650897594 start: 1473409127 79924192
t_num: 17 finish: 1473409129 8330999 start: 1473409127 501018061
t_num: 15 finish: 1473409129 163345369 start: 1473409125 804180743
t_num: 11 finish: 1473409129 264939900 start: 1473409127 644137624
t_num: 20 finish: 1473409129 295316236 start: 1473409126 696629057
t_num: 9 finish: 1473409129 586281713 start: 1473409127 644173282
t_num: 19 finish: 1473409129 600435784 start: 1473409127 934319480
t_num: 18 finish: 1473409129 625687386 start: 1473409126 696544624
t_num: 31 finish: 1473409129 666261570 start: 1473409128 11426380
t_num: 4 finish: 1473409129 867243950 start: 1473409127 936500094
t_num: 14 finish: 1473409129 867387630 start: 1473409127 881916059
t_num: 1 finish: 1473409129 980562796 start: 1473409129 8131001
t_num: 23 finish: 1473409130 143809344 start: 1473409128 360009784
t_num: 6 finish: 1473409130 190615002 start: 1473409128 377881075
t_num: 30 finish: 1473409130 286557927 start: 1473409128 430717164
t_num: 25 finish: 1473409130 468818000 start: 1473409129 570585528
t_num: 12 finish: 1473409130 478643888 start: 1473409128 375651351
t_num: 15 finish: 1473409130 478661292 start: 1473409129 163380536
t_num: 8 finish: 1473409130 585707935 start: 1473409129 7973488
t_num: 26 finish: 1473409130 603461345 start: 1473409128 319284425
t_num: 0 finish: 1473409130 974423530 start: 1473409129 11458568
t_num: 9 finish: 1473409131 79209117 start: 1473409129 586311046
t_num: 29 finish: 1473409131 590155991 start: 1473409130 453685060
t_num: 17 finish: 1473409131 618487544 start: 1473409129 585655579
t_num: 25 finish: 1473409131 800362412 start: 1473409130 468844669
t_num: 12 finish: 1473409131 840270851 start: 1473409130 478664953
t_num: 18 finish: 1473409131 841615510 start: 1473409130 239980008
t_num: 30 finish: 1473409131 900187172 start: 1473409130 988868236
t_num: 28 finish: 1473409132 62605281 start: 1473409130 627309762
t_num: 3 finish: 1473409132 78946431 start: 1473409130 514800666
t_num: 21 finish: 1473409132 92170549 start: 1473409130 467514095
t_num: 8 finish: 1473409132 286827595 start: 1473409130 585735652
t_num: 14 finish: 1473409132 287454321 start: 1473409130 970081356
t_num: 15 finish: 1473409132 287485830 start: 1473409130 478677991
t_num: 26 finish: 1473409132 405564665 start: 1473409131 280531891
t_num: 19 finish: 1473409132 650720381 start: 1473409129 719443328
t_num: 10 finish: 1473409132 650774913 start: 1473409131 109576959
t_num: 9 finish: 1473409132 793071835 start: 1473409131 79240427
t_num: 17 finish: 1473409132 963095790 start: 1473409131 618511693
t_num: 21 finish: 1473409133 213439491 start: 1473409132 92190230
t_num: 16 finish: 1473409133 213441733 start: 1473409131 943916545
t_num: 3 finish: 1473409133 332592649 start: 1473409132 78964083
t_num: 24 finish: 1473409133 443497260 start: 1473409130 944116979
t_num: 25 finish: 1473409133 443522837 start: 1473409131 800397463
t_num: 12 finish: 1473409133 443568827 start: 1473409131 840298911
t_num: 31 finish: 1473409133 549042987 start: 1473409131 618644445
t_num: 26 finish: 1473409133 926777974 start: 1473409132 405603796
t_num: 15 finish: 1473409133 963675707 start: 1473409132 960824155
t_num: 14 finish: 1473409134 237613000 start: 1473409132 287473947
t_num: 10 finish: 1473409134 263343231 start: 1473409132 650791894
t_num: 29 finish: 1473409134 461846566 start: 1473409132 325920854
t_num: 5 finish: 1473409134 588183377 start: 1473409132 217597270
t_num: 8 finish: 1473409134 588223837 start: 1473409132 962210834
t_num: 25 finish: 1473409134 690763421 start: 1473409133 443540491
t_num: 26 finish: 1473409134 962676112 start: 1473409133 926820713
t_num: 4 finish: 1473409134 962706575 start: 1473409133 811423902
t_num: 28 finish: 1473409134 962676106 start: 1473409132 488964728
t_num: 30 finish: 1473409134 963212612 start: 1473409132 630522963
t_num: 18 finish: 1473409135 152780626 start: 1473409133 72277177
t_num: 7 finish: 1473409135 153038023 start: 1473409133 864961986
t_num: 12 finish: 1473409135 153115501 start: 1473409133 443587750
t_num: 20 finish: 1473409135 297261997 start: 1473409133 194342723
t_num: 3 finish: 1473409135 297769369 start: 1473409133 332633338
t_num: 21 finish: 1473409135 327774781 start: 1473409133 213486754
t_num: 19 finish: 1473409135 575061864 start: 1473409133 214182588
t_num: 8 finish: 1473409135 842547829 start: 1473409134 588241623
t_num: 31 finish: 1473409135 898897007 start: 1473409133 928092650
t_num: 11 finish: 1473409135 899113652 start: 1473409134 529909596
t_num: 29 finish: 1473409136 444378379 start: 1473409134 852120817
t_num: 26 finish: 1473409136 536980952 start: 1473409134 962722209
t_num: 10 finish: 1473409136 900753057 start: 1473409134 263363437
t_num: 12 finish: 1473409137 148357025 start: 1473409135 656901834
t_num: 13 finish: 1473409137 306809745 start: 1473409135 86127615
t_num: 30 finish: 1473409137 694294259 start: 1473409134 963234002
t_num: 21 finish: 1473409137 694382627 start: 1473409136 336739178
t_num: 7 finish: 1473409137 694611097 start: 1473409136 336959806
t_num: 5 finish: 1473409137 806430613 start: 1473409135 814307589
t_num: 24 finish: 1473409137 818717425 start: 1473409135 575067954
t_num: 19 finish: 1473409137 991723039 start: 1473409135 575088178
t_num: 8 finish: 1473409138 15049862 start: 1473409135 842594491
t_num: 18 finish: 1473409138 77720720 start: 1473409135 152827826
t_num: 3 finish: 1473409138 81409509 start: 1473409135 297791006
t_num: 25 finish: 1473409138 545187756 start: 1473409134 690804509
t_num: 14 finish: 1473409138 577709596 start: 1473409135 328523652
t_num: 28 finish: 1473409138 667480168 start: 1473409137 34684285
t_num: 20 finish: 1473409139 98787139 start: 1473409136 48581118
t_num: 26 finish: 1473409139 202187287 start: 1473409136 537016603
t_num: 29 finish: 1473409139 335359386 start: 1473409136 444414154
t_num: 31 finish: 1473409139 405419303 start: 1473409135 898920116
t_num: 8 finish: 1473409139 550596306 start: 1473409138 263802639
t_num: 22 finish: 1473409139 680902055 start: 1473409137 522121439
t_num: 12 finish: 1473409139 684039147 start: 1473409137 148395630
t_num: 13 finish: 1473409139 687020004 start: 1473409138 169198995
t_num: 7 finish: 1473409139 842189867 start: 1473409137 694631217
t_num: 18 finish: 1473409139 843087035 start: 1473409138 398965612
t_num: 1 finish: 1473409140 57226345 start: 1473409138 82400615
t_num: 5 finish: 1473409140 222921944 start: 1473409137 806471541
t_num: 9 finish: 1473409140 292218340 start: 1473409137 806673680
t_num: 10 finish: 1473409140 585574944 start: 1473409138 163599024
t_num: 21 finish: 1473409140 586184482 start: 1473409139 99437106
t_num: 20 finish: 1473409140 986822089 start: 1473409139 98829979
t_num: 23 finish: 1473409141 58181851 start: 1473409137 927578993
t_num: 27 finish: 1473409141 90035365 start: 1473409138 262324640
t_num: 30 finish: 1473409141 110377722 start: 1473409139 500726386
t_num: 29 finish: 1473409141 113340299 start: 1473409139 335401736
t_num: 9 finish: 1473409141 454968636 start: 1473409140 292258908
t_num: 26 finish: 1473409141 454974193 start: 1473409139 202223882
t_num: 22 finish: 1473409141 669352917 start: 1473409139 680945703
t_num: 13 finish: 1473409141 691678338 start: 1473409139 687038664
t_num: 27 finish: 1473409142 123420503 start: 1473409141 90053350
t_num: 23 finish: 1473409142 125091732 start: 1473409141 58203457
t_num: 6 finish: 1473409142 526116333 start: 1473409140 170636130
t_num: 8 finish: 1473409142 600716548 start: 1473409139 550618580
t_num: 31 finish: 1473409142 600731554 start: 1473409141 289268097
t_num: 17 finish: 1473409142 776648923 start: 1473409139 972599673
t_num: 7 finish: 1473409143 137417148 start: 1473409139 842228731
t_num: 5 finish: 1473409143 139648569 start: 1473409140 222965899
t_num: 30 finish: 1473409143 198397948 start: 1473409141 877870345
t_num: 21 finish: 1473409143 348931430 start: 1473409140 586200629
t_num: 10 finish: 1473409143 478479229 start: 1473409140 585606645
t_num: 14 finish: 1473409143 596684447 start: 1473409140 537154516
t_num: 22 finish: 1473409143 694984723 start: 1473409142 600713745
t_num: 17 finish: 1473409143 906318056 start: 1473409142 776685996
t_num: 9 finish: 1473409143 934022181 start: 1473409141 455004852
t_num: 3 finish: 1473409143 954279964 start: 1473409141 290071282
t_num: 24 finish: 1473409144 43668191 start: 1473409142 122509644
t_num: 28 finish: 1473409144 345477888 start: 1473409142 130744135
t_num: 0 finish: 1473409144 408058444 start: 1473409141 675910599
t_num: 23 finish: 1473409144 670921709 start: 1473409142 125111917
t_num: 8 finish: 1473409144 781748584 start: 1473409143 400025634
t_num: 21 finish: 1473409145 76975067 start: 1473409143 740774923
t_num: 30 finish: 1473409145 205355722 start: 1473409143 198437974
t_num: 13 finish: 1473409145 723255838 start: 1473409143 464576830
t_num: 29 finish: 1473409145 787628230 start: 1473409142 600695667
t_num: 22 finish: 1473409145 806754368 start: 1473409143 695029024
t_num: 9 finish: 1473409145 859241137 start: 1473409144 634703615
t_num: 7 finish: 1473409145 931067969 start: 1473409144 195777828
t_num: 16 finish: 1473409146 1808290 start: 1473409142 864151845
t_num: 2 finish: 1473409146 14400676 start: 1473409143 238210126
t_num: 26 finish: 1473409146 17502415 start: 1473409144 40783965
t_num: 4 finish: 1473409146 238583417 start: 1473409143 989341809
t_num: 5 finish: 1473409146 499115586 start: 1473409143 139671619
t_num: 18 finish: 1473409146 577781598 start: 1473409143 904884280
t_num: 13 finish: 1473409146 627526548 start: 1473409145 723319541
t_num: 3 finish: 1473409146 847277709 start: 1473409143 954301946
t_num: 0 finish: 1473409147 11295987 start: 1473409144 408102298
t_num: 31 finish: 1473409147 12685949 start: 1473409144 634526469
t_num: 23 finish: 1473409147 12702957 start: 1473409145 180154322
t_num: 9 finish: 1473409147 41039948 start: 1473409145 859277795
t_num: 6 finish: 1473409147 162621863 start: 1473409144 842007916
t_num: 28 finish: 1473409147 425836072 start: 1473409145 737952271
t_num: 21 finish: 1473409147 599657112 start: 1473409145 929990236
t_num: 2 finish: 1473409147 667738834 start: 1473409146 14442683
t_num: 8 finish: 1473409147 839468674 start: 1473409144 781786362
t_num: 22 finish: 1473409148 128620008 start: 1473409145 806777957
t_num: 16 finish: 1473409148 130212196 start: 1473409146 1830242
t_num: 19 finish: 1473409148 411326212 start: 1473409146 667959368
t_num: 18 finish: 1473409148 411334193 start: 1473409146 577817310
t_num: 30 finish: 1473409148 767114815 start: 1473409147 428162360
t_num: 1 finish: 1473409148 804398505 start: 1473409147 322626447
t_num: 9 finish: 1473409149 46096945 start: 1473409147 41069689
t_num: 31 finish: 1473409149 46153383 start: 1473409148 91099659
t_num: 3 finish: 1473409149 46180418 start: 1473409146 847310065
t_num: 7 finish: 1473409149 113087689 start: 1473409146 748042082
t_num: 26 finish: 1473409149 368479037 start: 1473409147 795910861
t_num: 0 finish: 1473409149 534583448 start: 1473409147 11353601
t_num: 21 finish: 1473409149 557187120 start: 1473409147 599702698
t_num: 19 finish: 1473409149 940766878 start: 1473409148 411358759
t_num: 29 finish: 1473409149 940995504 start: 1473409148 880453375
t_num: 1 finish: 1473409150 49647262 start: 1473409148 804420529
t_num: 23 finish: 1473409150 657055462 start: 1473409147 12722379
t_num: 28 finish: 1473409150 773305437 start: 1473409148 316359507
t_num: 12 finish: 1473409150 895869393 start: 1473409149 357067937
t_num: 16 finish: 1473409151 193253258 start: 1473409148 130229029
t_num: 2 finish: 1473409151 234158745 start: 1473409148 997982257
t_num: 30 finish: 1473409151 234397910 start: 1473409149 543570057
t_num: 3 finish: 1473409151 234891096 start: 1473409150 349653536
t_num: 24 finish: 1473409151 234971111 start: 1473409148 494649164
t_num: 8 finish: 1473409151 555765245 start: 1473409149 382902238
t_num: 31 finish: 1473409151 693080143 start: 1473409149 46173503
t_num: 21 finish: 1473409151 850766666 start: 1473409149 557203486
t_num: 23 finish: 1473409151 952279148 start: 1473409150 657098932
t_num: 2 finish: 1473409152 48597411 start: 1473409151 234178522
t_num: 22 finish: 1473409152 49239268 start: 1473409149 580510482
t_num: 12 finish: 1473409152 441049503 start: 1473409150 895913873
t_num: 0 finish: 1473409152 571324462 start: 1473409150 74006264
t_num: 29 finish: 1473409152 699712764 start: 1473409149 941015210
t_num: 10 finish: 1473409152 745012545 start: 1473409149 651964608
t_num: 18 finish: 1473409152 745017477 start: 1473409150 659538474
t_num: 31 finish: 1473409153 312997502 start: 1473409151 693115577
t_num: 1 finish: 1473409153 362740340 start: 1473409150 387208228
t_num: 15 finish: 1473409153 362740332 start: 1473409151 677077093
t_num: 19 finish: 1473409153 642560157 start: 1473409150 896981939
t_num: 24 finish: 1473409154 187631236 start: 1473409151 234990832
t_num: 18 finish: 1473409154 189385871 start: 1473409152 745056282
t_num: 9 finish: 1473409154 287837119 start: 1473409151 234774559
t_num: 25 finish: 1473409154 636429840 start: 1473409152 699667898
t_num: 23 finish: 1473409154 649180732 start: 1473409151 952324526
t_num: 29 finish: 1473409154 844672053 start: 1473409152 699737542
t_num: 20 finish: 1473409154 872023355 start: 1473409151 778188113
t_num: 14 finish: 1473409154 872028060 start: 1473409152 360161840
t_num: 26 finish: 1473409154 929730084 start: 1473409151 800111588
t_num: 28 finish: 1473409154 929734109 start: 1473409152 361283469
t_num: 17 finish: 1473409154 929821223 start: 1473409152 621821666
t_num: 0 finish: 1473409154 961594811 start: 1473409153 262195979
t_num: 1 finish: 1473409154 961771349 start: 1473409153 628473995
t_num: 18 finish: 1473409155 102131091 start: 1473409154 189406758
t_num: 15 finish: 1473409155 102166449 start: 1473409153 362786807
t_num: 23 finish: 1473409155 594994521 start: 1473409154 649206798
t_num: 16 finish: 1473409155 613091507 start: 1473409153 751086466
t_num: 22 finish: 1473409155 635597700 start: 1473409153 614206947
t_num: 7 finish: 1473409156 248755949 start: 1473409154 190846403
t_num: 2 finish: 1473409156 297520925 start: 1473409153 313047046
t_num: 4 finish: 1473409156 463149978 start: 1473409154 301338778
t_num: 9 finish: 1473409156 546959158 start: 1473409154 287881211
t_num: 19 finish: 1473409156 598353180 start: 1473409153 642581465
t_num: 8 finish: 1473409156 598359113 start: 1473409154 782634328
t_num: 31 finish: 1473409156 598391856 start: 1473409154 726198484
t_num: 13 finish: 1473409156 692267533 start: 1473409155 54353584
t_num: 21 finish: 1473409156 692290465 start: 1473409154 361738566
t_num: 5 finish: 1473409156 767344657 start: 1473409155 439520875
t_num: 27 finish: 1473409156 826446166 start: 1473409155 80392661
t_num: 1 finish: 1473409157 271092112 start: 1473409155 209622215
t_num: 0 finish: 1473409157 415991774 start: 1473409156 330051126
t_num: 15 finish: 1473409157 422906245 start: 1473409155 102185146
t_num: 24 finish: 1473409157 556504408 start: 1473409155 577313334
t_num: 26 finish: 1473409157 606264759 start: 1473409154 929763831
t_num: 14 finish: 1473409157 674111971 start: 1473409155 730996826
t_num: 28 finish: 1473409157 689490942 start: 1473409154 929788031
t_num: 12 finish: 1473409157 694113768 start: 1473409155 672724505
t_num: 9 finish: 1473409157 764675081 start: 1473409156 547001053
t_num: 21 finish: 1473409158 219625174 start: 1473409156 692359305
t_num: 5 finish: 1473409158 672007550 start: 1473409156 767363917
t_num: 1 finish: 1473409158 676327513 start: 1473409157 271114746
t_num: 7 finish: 1473409158 689494116 start: 1473409156 248793221
t_num: 2 finish: 1473409158 801264405 start: 1473409156 297582614
t_num: 13 finish: 1473409158 910180630 start: 1473409157 337877971
t_num: 8 finish: 1473409158 910225261 start: 1473409156 598423535
t_num: 27 finish: 1473409158 957868605 start: 1473409156 826463639
t_num: 23 finish: 1473409159 314275679 start: 1473409157 556539166
t_num: 28 finish: 1473409159 454044585 start: 1473409157 689533141
t_num: 0 finish: 1473409159 541032555 start: 1473409158 294093306
t_num: 30 finish: 1473409159 625840586 start: 1473409158 678849096
t_num: 29 finish: 1473409159 625843226 start: 1473409157 315315884
t_num: 31 finish: 1473409159 625901826 start: 1473409157 438754973
t_num: 12 finish: 1473409159 725127488 start: 1473409157 694144530
t_num: 4 finish: 1473409159 900586774 start: 1473409158 666281810
t_num: 8 finish: 1473409159 994173976 start: 1473409158 910239803
t_num: 21 finish: 1473409160 19843925 start: 1473409158 219652999
t_num: 27 finish: 1473409160 20782716 start: 1473409158 957890086
t_num: 14 finish: 1473409160 174983685 start: 1473409158 113304512
t_num: 18 finish: 1473409160 342132614 start: 1473409156 383234992
t_num: 11 finish: 1473409160 647715710 start: 1473409158 771540230
t_num: 1 finish: 1473409160 727603418 start: 1473409158 676392073
t_num: 2 finish: 1473409161 22502034 start: 1473409159 385743866
t_num: 14 finish: 1473409161 367499882 start: 1473409160 175026673
t_num: 10 finish: 1473409161 446432454 start: 1473409160 350276397
t_num: 8 finish: 1473409161 461871022 start: 1473409159 994195471
t_num: 5 finish: 1473409161 463837803 start: 1473409160 352661169
t_num: 6 finish: 1473409161 667339822 start: 1473409159 669934156
t_num: 24 finish: 1473409161 774330389 start: 1473409158 801186559
t_num: 17 finish: 1473409161 774412304 start: 1473409158 887593804
t_num: 23 finish: 1473409161 879994008 start: 1473409159 853960047
t_num: 27 finish: 1473409161 989821733 start: 1473409160 919211649
t_num: 11 finish: 1473409162 37543392 start: 1473409160 647757572
t_num: 13 finish: 1473409162 190036052 start: 1473409160 779353302
t_num: 28 finish: 1473409162 190068814 start: 1473409159 454079585
t_num: 4 finish: 1473409162 503155854 start: 1473409159 900621614
t_num: 31 finish: 1473409162 541536950 start: 1473409159 625916112
t_num: 7 finish: 1473409162 611679149 start: 1473409160 839826362
t_num: 29 finish: 1473409162 678771588 start: 1473409159 625885684
t_num: 23 finish: 1473409162 789382309 start: 1473409161 880037589
t_num: 8 finish: 1473409162 910693429 start: 1473409161 461892877
t_num: 25 finish: 1473409163 867539810 start: 1473409162 910846850
t_num: 27 finish: 1473409164 49758589 start: 1473409161 989855179
t_num: 4 finish: 1473409164 88131583 start: 1473409162 503196310
t_num: 17 finish: 1473409164 88752975 start: 1473409161 774431080
t_num: 14 finish: 1473409164 211310238 start: 1473409162 437267062
t_num: 6 finish: 1473409164 211995514 start: 1473409161 667367563
t_num: 24 finish: 1473409164 214253014 start: 1473409161 774375008
t_num: 31 finish: 1473409164 215162996 start: 1473409162 541564210
t_num: 28 finish: 1473409164 329348760 start: 1473409162 522132190
t_num: 21 finish: 1473409164 606507778 start: 1473409163 557843032
t_num: 11 finish: 1473409164 682308902 start: 1473409162 805766951
t_num: 5 finish: 1473409164 856697891 start: 1473409163 39099471
t_num: 1 finish: 1473409165 97191738 start: 1473409161 667122721
t_num: 4 finish: 1473409165 413132366 start: 1473409164 88152835
t_num: 8 finish: 1473409165 476978124 start: 1473409163 558429036
t_num: 16 finish: 1473409165 477592495 start: 1473409162 125162607
t_num: 23 finish: 1473409165 718804652 start: 1473409162 987149620
t_num: 2 finish: 1473409165 929928945 start: 1473409162 987773668
t_num: 14 finish: 1473409166 377654515 start: 1473409164 211339664
t_num: 30 finish: 1473409166 387642827 start: 1473409162 266090038
t_num: 19 finish: 1473409167 221219406 start: 1473409164 166592462
t_num: 17 finish: 1473409167 257529291 start: 1473409164 88768171
t_num: 24 finish: 1473409167 648930901 start: 1473409164 214272865
t_num: 7 finish: 1473409167 649499630 start: 1473409164 681193788
t_num: 5 finish: 1473409167 783126429 start: 1473409164 856734966
t_num: 27 finish: 1473409167 868522051 start: 1473409164 49782985
t_num: 15 finish: 1473409167 987001605 start: 1473409165 63446949
t_num: 6 finish: 1473409168 60463184 start: 1473409164 212015711
t_num: 1 finish: 1473409168 233270510 start: 1473409165 97230237
t_num: 2 finish: 1473409168 349916871 start: 1473409165 929974061
t_num: 4 finish: 1473409168 461539769 start: 1473409165 665891271
t_num: 13 finish: 1473409168 541764991 start: 1473409165 718840540
t_num: 21 finish: 1473409168 585678723 start: 1473409166 335528366
t_num: 26 finish: 1473409168 585789746 start: 1473409165 930141788
t_num: 22 finish: 1473409168 585789712 start: 1473409167 264053779
t_num: 24 finish: 1473409168 774749765 start: 1473409167 648960156
t_num: 12 finish: 1473409168 789652361 start: 1473409167 260347421
t_num: 11 finish: 1473409168 814675512 start: 1473409165 930319444
t_num: 16 finish: 1473409169 59269023 start: 1473409167 302267982
t_num: 14 finish: 1473409169 318924540 start: 1473409166 377685081
t_num: 8 finish: 1473409169 654561027 start: 1473409168 297340624
t_num: 19 finish: 1473409169 654581812 start: 1473409167 610673079
t_num: 26 finish: 1473409169 654655001 start: 1473409168 791201664
t_num: 6 finish: 1473409169 722912419 start: 1473409168 60512076
t_num: 2 finish: 1473409169 866584177 start: 1473409168 349958622
t_num: 12 finish: 1473409169 957885394 start: 1473409168 789673210
t_num: 15 finish: 1473409170 18495119 start: 1473409167 987060515
t_num: 23 finish: 1473409170 490351666 start: 1473409167 610380822
t_num: 17 finish: 1473409170 792396425 start: 1473409168 232279816
t_num: 10 finish: 1473409171 56026806 start: 1473409167 302297528
t_num: 1 finish: 1473409171 190467924 start: 1473409168 815405681
t_num: 12 finish: 1473409171 192050160 start: 1473409169 957917768
t_num: 8 finish: 1473409171 298669319 start: 1473409169 654611705
t_num: 25 finish: 1473409171 354401983 start: 1473409168 404368936
t_num: 14 finish: 1473409171 576168169 start: 1473409169 318966857
t_num: 15 finish: 1473409171 576236799 start: 1473409170 18533768
t_num: 13 finish: 1473409171 576434159 start: 1473409168 541807101
t_num: 11 finish: 1473409171 635120845 start: 1473409169 504611718
t_num: 22 finish: 1473409171 649929415 start: 1473409168 585944416
t_num: 29 finish: 1473409171 837453377 start: 1473409170 544492303
t_num: 5 finish: 1473409171 889981978 start: 1473409169 157506249
t_num: 7 finish: 1473409172 268193181 start: 1473409169 438676225
t_num: 24 finish: 1473409172 311888069 start: 1473409170 106630260
t_num: 16 finish: 1473409172 311953390 start: 1473409170 727045047
t_num: 2 finish: 1473409173 151580909 start: 1473409170 317241873
t_num: 9 finish: 1473409173 151873549 start: 1473409171 137791822
t_num: 23 finish: 1473409173 151935959 start: 1473409171 330137292
t_num: 1 finish: 1473409173 153866262 start: 1473409171 190510049
t_num: 14 finish: 1473409173 324528112 start: 1473409172 338915032
t_num: 0 finish: 1473409173 364297854 start: 1473409170 806634017
t_num: 12 finish: 1473409173 545583077 start: 1473409171 192070367
t_num: 31 finish: 1473409173 574195929 start: 1473409171 96467280
t_num: 7 finish: 1473409173 738483280 start: 1473409172 528982807
t_num: 17 finish: 1473409173 780406283 start: 1473409171 331821200
t_num: 5 finish: 1473409173 817876339 start: 1473409171 890016214
t_num: 15 finish: 1473409173 818823175 start: 1473409172 324133799
t_num: 16 finish: 1473409174 41240526 start: 1473409172 311968054
t_num: 23 finish: 1473409174 256667858 start: 1473409173 151950293
t_num: 10 finish: 1473409174 524097941 start: 1473409173 301762303
t_num: 25 finish: 1473409174 573468130 start: 1473409172 636098096
t_num: 11 finish: 1473409174 647442385 start: 1473409171 635144027
t_num: 9 finish: 1473409174 992025601 start: 1473409173 151893075
t_num: 1 finish: 1473409174 992642602 start: 1473409173 153886272
t_num: 7 finish: 1473409175 79926966 start: 1473409173 738525769
t_num: 13 finish: 1473409175 547966658 start: 1473409171 576453494
t_num: 14 finish: 1473409175 547990029 start: 1473409173 324564159
t_num: 24 finish: 1473409175 585520487 start: 1473409172 568191975
t_num: 8 finish: 1473409175 693443215 start: 1473409173 780390194
t_num: 6 finish: 1473409175 880874782 start: 1473409174 33204439
t_num: 31 finish: 1473409176 53733961 start: 1473409173 574218534
t_num: 2 finish: 1473409176 59209372 start: 1473409173 151624728
t_num: 3 finish: 1473409176 92873583 start: 1473409174 318184185
t_num: 9 finish: 1473409176 118884055 start: 1473409174 992069620
t_num: 11 finish: 1473409176 124693405 start: 1473409174 647475528
t_num: 30 finish: 1473409176 132608480 start: 1473409174 476570246
t_num: 16 finish: 1473409176 178613965 start: 1473409174 790288428
t_num: 23 finish: 1473409176 593621176 start: 1473409174 256710901
t_num: 12 finish: 1473409176 593705299 start: 1473409173 841017149
t_num: 5 finish: 1473409176 644696638 start: 1473409174 735935241
t_num: 15 finish: 1473409176 895967373 start: 1473409174 735475380
t_num: 4 finish: 1473409177 171302818 start: 1473409174 170911524
t_num: 13 finish: 1473409177 655639101 start: 1473409176 132754896
t_num: 7 finish: 1473409177 699770219 start: 1473409176 295086108
t_num: 3 finish: 1473409177 848201080 start: 1473409176 92892772
t_num: 31 finish: 1473409177 946043730 start: 1473409176 53777182
t_num: 9 finish: 1473409177 998872808 start: 1473409177 228999796
t_num: 2 finish: 1473409178 108633680 start: 1473409176 59229895
t_num: 24 finish: 1473409178 209627908 start: 1473409177 68595558
t_num: 18 finish: 1473409178 210666795 start: 1473409176 350042832
t_num: 29 finish: 1473409178 212549964 start: 1473409175 229682432
t_num: 30 finish: 1473409178 216838685 start: 1473409176 132629808
t_num: 1 finish: 1473409178 230448024 start: 1473409176 132861242
t_num: 10 finish: 1473409178 230449230 start: 1473409176 957584429
t_num: 4 finish: 1473409178 383045809 start: 1473409177 171353029
t_num: 25 finish: 1473409178 383157493 start: 1473409175 112499761
t_num: 5 finish: 1473409178 772981875 start: 1473409176 644723582
t_num: 19 finish: 1473409178 772985588 start: 1473409177 337783397
t_num: 11 finish: 1473409178 773044144 start: 1473409177 222585933
t_num: 12 finish: 1473409179 118920815 start: 1473409177 438468235
t_num: 14 finish: 1473409179 346326441 start: 1473409176 143333051
t_num: 18 finish: 1473409179 570942199 start: 1473409178 210685739
t_num: 26 finish: 1473409179 751906066 start: 1473409178 210581921
t_num: 15 finish: 1473409179 797776944 start: 1473409177 266261098
t_num: 2 finish: 1473409179 856337942 start: 1473409178 108680237
t_num: 11 finish: 1473409179 856481167 start: 1473409178 773056194
t_num: 20 finish: 1473409180 375201933 start: 1473409179 20732377
t_num: 25 finish: 1473409180 439929794 start: 1473409178 383178301
t_num: 3 finish: 1473409180 484261489 start: 1473409177 848242036
t_num: 10 finish: 1473409180 669627489 start: 1473409179 344777069
t_num: 24 finish: 1473409180 905559982 start: 1473409179 226795190
t_num: 2 finish: 1473409181 81497493 start: 1473409179 856394583
t_num: 31 finish: 1473409181 154968742 start: 1473409179 431955708
t_num: 30 finish: 1473409181 287048367 start: 1473409180 117212795
t_num: 9 finish: 1473409181 357820205 start: 1473409180 356414934
t_num: 25 finish: 1473409181 411474347 start: 1473409180 439968012
t_num: 29 finish: 1473409181 427336054 start: 1473409179 20753806
t_num: 13 finish: 1473409181 505323625 start: 1473409179 263260666
t_num: 14 finish: 1473409181 569843047 start: 1473409180 523198617
t_num: 20 finish: 1473409181 579013360 start: 1473409180 375222977
t_num: 3 finish: 1473409181 622419688 start: 1473409180 484293923
t_num: 0 finish: 1473409181 641620652 start: 1473409179 432009376
t_num: 18 finish: 1473409181 724707524 start: 1473409179 570977398
t_num: 26 finish: 1473409182 397469025 start: 1473409180 120144437
t_num: 5 finish: 1473409182 809270408 start: 1473409180 373871474
t_num: 10 finish: 1473409183 764742 start: 1473409180 669667739
t_num: 20 finish: 1473409183 281623435 start: 1473409181 579031096
t_num: 13 finish: 1473409183 446545852 start: 1473409181 505370677
t_num: 15 finish: 1473409183 506003192 start: 1473409181 229098580
t_num: 18 finish: 1473409183 587511728 start: 1473409181 724739129
t_num: 7 finish: 1473409183 702103471 start: 1473409181 738074943
t_num: 2 finish: 1473409183 809520565 start: 1473409182 5189474
t_num: 0 finish: 1473409183 927391277 start: 1473409181 641646796
t_num: 16 finish: 1473409184 117339877 start: 1473409181 321256412
t_num: 17 finish: 1473409184 215521970 start: 1473409181 497123532
t_num: 24 finish: 1473409184 353001337 start: 1473409182 580707633
t_num: 19 finish: 1473409184 398833203 start: 1473409181 490024013
t_num: 25 finish: 1473409184 400495978 start: 1473409181 764182638
t_num: 26 finish: 1473409184 533259322 start: 1473409182 397513936
t_num: 13 finish: 1473409184 635482941 start: 1473409183 446588954
t_num: 28 finish: 1473409184 725833814 start: 1473409182 665628484
t_num: 20 finish: 1473409184 811403552 start: 1473409183 281665840
t_num: 29 finish: 1473409184 811403557 start: 1473409182 988006561
t_num: 24 finish: 1473409184 983485732 start: 1473409184 353039021
t_num: 8 finish: 1473409185 87188731 start: 1473409183 501546280
t_num: 5 finish: 1473409185 87231570 start: 1473409182 809306727
t_num: 17 finish: 1473409185 213083992 start: 1473409184 215563797
t_num: 19 finish: 1473409185 503532561 start: 1473409184 398859554
t_num: 18 finish: 1473409185 503596515 start: 1473409184 636431104
t_num: 15 finish: 1473409185 751648136 start: 1473409183 506041170
t_num: 9 finish: 1473409186 90827830 start: 1473409184 533113454
t_num: 14 finish: 1473409186 113324181 start: 1473409184 905824417
t_num: 24 finish: 1473409186 404517230 start: 1473409184 983529608
t_num: 28 finish: 1473409186 406540785 start: 1473409184 725861002
t_num: 26 finish: 1473409186 749080149 start: 1473409184 533282113
t_num: 16 finish: 1473409186 844912941 start: 1473409184 399200301
t_num: 17 finish: 1473409186 999846626 start: 1473409185 213116113
t_num: 15 finish: 1473409187 153331011 start: 1473409185 751679087
t_num: 1 finish: 1473409187 208485786 start: 1473409185 634684949
t_num: 5 finish: 1473409187 208488290 start: 1473409185 87246465
t_num: 6 finish: 1473409187 208518766 start: 1473409185 73141541
t_num: 25 finish: 1473409187 515221656 start: 1473409185 852225568
t_num: 13 finish: 1473409187 515552250 start: 1473409184 635513176
t_num: 8 finish: 1473409187 565192406 start: 1473409185 87208780
t_num: 24 finish: 1473409188 272679428 start: 1473409186 502041735
t_num: 7 finish: 1473409188 320816360 start: 1473409186 269717564
t_num: 14 finish: 1473409188 385057031 start: 1473409186 113364599
t_num: 28 finish: 1473409188 460665713 start: 1473409186 406562950
t_num: 9 finish: 1473409188 845506676 start: 1473409186 90873507
t_num: 21 finish: 1473409188 918963207 start: 1473409186 887828452
t_num: 6 finish: 1473409189 250328313 start: 1473409187 208535841
t_num: 30 finish: 1473409189 304036526 start: 1473409187 553071056
t_num: 27 finish: 1473409189 578372361 start: 1473409187 113096200
t_num: 17 finish: 1473409189 648259931 start: 1473409188 273389521
t_num: 18 finish: 1473409189 913104960 start: 1473409187 480750460
t_num: 3 finish: 1473409189 916727236 start: 1473409188 467487479
t_num: 1 finish: 1473409189 937941594 start: 1473409188 123950830
t_num: 22 finish: 1473409189 957813013 start: 1473409187 917714403
t_num: 16 finish: 1473409189 959700772 start: 1473409188 208795137
t_num: 24 finish: 1473409189 977946776 start: 1473409188 925115527
t_num: 26 finish: 1473409190 171840215 start: 1473409188 468047178
t_num: 5 finish: 1473409190 332942667 start: 1473409187 208562379
t_num: 14 finish: 1473409190 452588894 start: 1473409188 385103940
t_num: 10 finish: 1473409190 522099059 start: 1473409188 640117299
t_num: 11 finish: 1473409190 522844858 start: 1473409188 466117294
t_num: 13 finish: 1473409190 687633588 start: 1473409188 273389533
t_num: 7 finish: 1473409190 777471385 start: 1473409188 320844654
t_num: 19 finish: 1473409191 129009550 start: 1473409188 919602258
t_num: 20 finish: 1473409191 181682180 start: 1473409189 863027901
t_num: 9 finish: 1473409191 254396728 start: 1473409188 845570697
t_num: 6 finish: 1473409191 411097163 start: 1473409190 173934846
t_num: 1 finish: 1473409191 488257873 start: 1473409189 937962421
t_num: 16 finish: 1473409191 489773935 start: 1473409189 959720265
t_num: 18 finish: 1473409191 517783527 start: 1473409189 913124643
t_num: 11 finish: 1473409191 536688911 start: 1473409190 522862877
t_num: 28 finish: 1473409191 859111024 start: 1473409190 332927555
t_num: 24 finish: 1473409192 2590964 start: 1473409190 522080405
t_num: 13 finish: 1473409192 518524390 start: 1473409190 687690470
t_num: 20 finish: 1473409192 547516737 start: 1473409191 181717248
t_num: 22 finish: 1473409192 846531585 start: 1473409189 957865903
t_num: 26 finish: 1473409192 846628241 start: 1473409191 230022274
t_num: 21 finish: 1473409192 847284667 start: 1473409190 522837754
t_num: 12 finish: 1473409192 874394910 start: 1473409191 130083913
t_num: 5 finish: 1473409192 918621822 start: 1473409190 332970389
t_num: 19 finish: 1473409193 56290444 start: 1473409191 700707835
t_num: 16 finish: 1473409193 398834061 start: 1473409191 700852830
t_num: 18 finish: 1473409193 398848894 start: 1473409191 517804009
t_num: 3 finish: 1473409193 406110762 start: 1473409190 777504284
t_num: 1 finish: 1473409193 488224984 start: 1473409192 441227806
t_num: 10 finish: 1473409193 569628144 start: 1473409191 203744861
t_num: 7 finish: 1473409193 604068719 start: 1473409191 638115043
t_num: 17 finish: 1473409193 698590664 start: 1473409191 843798800
t_num: 13 finish: 1473409193 792827369 start: 1473409192 518559113
t_num: 11 finish: 1473409193 865496410 start: 1473409191 536710498
t_num: 26 finish: 1473409194 10821330 start: 1473409192 846673203
t_num: 19 finish: 1473409194 47593612 start: 1473409193 56338077
t_num: 24 finish: 1473409194 290455189 start: 1473409192 693270763
t_num: 16 finish: 1473409194 291214159 start: 1473409193 398867596
t_num: 23 finish: 1473409194 346575564 start: 1473409192 846914992
t_num: 0 finish: 1473409194 439226428 start: 1473409192 847048932
t_num: 22 finish: 1473409194 533914805 start: 1473409192 846590064
t_num: 5 finish: 1473409194 574235090 start: 1473409192 918643710
t_num: 18 finish: 1473409194 674870897 start: 1473409193 399052973
t_num: 1 finish: 1473409195 120052776 start: 1473409193 890371146
t_num: 6 finish: 1473409195 322838591 start: 1473409193 285414497
t_num: 19 finish: 1473409195 323327591 start: 1473409194 47622102
t_num: 0 finish: 1473409195 473520246 start: 1473409194 439261355
t_num: 13 finish: 1473409195 528953647 start: 1473409193 792872328
t_num: 16 finish: 1473409195 529831575 start: 1473409194 291235146
t_num: 7 finish: 1473409195 645532226 start: 1473409193 604092114
t_num: 17 finish: 1473409195 708207335 start: 1473409193 698625067
t_num: 11 finish: 1473409195 940109850 start: 1473409193 865515204
t_num: 8 finish: 1473409196 311525853 start: 1473409194 292205312
t_num: 23 finish: 1473409196 445727980 start: 1473409194 346611759
t_num: 21 finish: 1473409197 80076595 start: 1473409194 676555659
t_num: 13 finish: 1473409197 80083229 start: 1473409195 528978582
t_num: 29 finish: 1473409197 278043999 start: 1473409195 323618619
t_num: 4 finish: 1473409197 301166438 start: 1473409194 756644294
t_num: 17 finish: 1473409197 426581011 start: 1473409196 121791684
t_num: 1 finish: 1473409197 590779669 start: 1473409195 120089170
t_num: 18 finish: 1473409197 607253957 start: 1473409195 727048021
t_num: 22 finish: 1473409197 607315116 start: 1473409195 696835018
t_num: 8 finish: 1473409197 730717165 start: 1473409196 826671413
t_num: 26 finish: 1473409197 841602367 start: 1473409196 69477320
t_num: 24 finish: 1473409197 943925272 start: 1473409195 696185117
t_num: 9 finish: 1473409198 335944221 start: 1473409196 403429103
t_num: 11 finish: 1473409198 380199445 start: 1473409195 940151400
t_num: 0 finish: 1473409198 380267026 start: 1473409195 473561608
t_num: 16 finish: 1473409198 542124534 start: 1473409196 339531556
t_num: 25 finish: 1473409198 542140848 start: 1473409196 828682962
t_num: 3 finish: 1473409198 542214359 start: 1473409195 527997061
t_num: 6 finish: 1473409199 159488339 start: 1473409195 943055370
t_num: 30 finish: 1473409199 534496298 start: 1473409198 425771974
t_num: 23 finish: 1473409199 534774742 start: 1473409197 201951206
t_num: 19 finish: 1473409199 572333826 start: 1473409197 943965579
t_num: 18 finish: 1473409199 803146783 start: 1473409198 264617448
t_num: 14 finish: 1473409200 118002832 start: 1473409196 993096399
t_num: 17 finish: 1473409200 118062530 start: 1473409197 426624843
t_num: 24 finish: 1473409200 173710948 start: 1473409197 943981292
t_num: 13 finish: 1473409200 290408816 start: 1473409198 508401925
t_num: 29 finish: 1473409200 461191822 start: 1473409197 682960029
t_num: 8 finish: 1473409200 486156662 start: 1473409197 730839666
t_num: 25 finish: 1473409200 487247995 start: 1473409199 411380154
t_num: 3 finish: 1473409200 544690028 start: 1473409199 35832725
t_num: 9 finish: 1473409200 561211099 start: 1473409198 335968090
t_num: 31 finish: 1473409200 561353014 start: 1473409198 214988493
t_num: 1 finish: 1473409200 650866925 start: 1473409197 879593764
t_num: 22 finish: 1473409200 836235638 start: 1473409198 132018744
t_num: 23 finish: 1473409200 849892919 start: 1473409199 534793283
t_num: 30 finish: 1473409201 136268168 start: 1473409199 534526414
t_num: 2 finish: 1473409201 290000265 start: 1473409199 470641744
t_num: 5 finish: 1473409201 334859246 start: 1473409199 523925640
t_num: 6 finish: 1473409201 892026488 start: 1473409200 20739540
t_num: 17 finish: 1473409201 957266041 start: 1473409200 118081001
t_num: 27 finish: 1473409202 88151434 start: 1473409199 34474755
t_num: 18 finish: 1473409202 209881760 start: 1473409200 84029676
t_num: 13 finish: 1473409202 225375535 start: 1473409201 56680885
t_num: 22 finish: 1473409202 258281716 start: 1473409200 836278923
t_num: 24 finish: 1473409202 259030700 start: 1473409200 173748832
t_num: 28 finish: 1473409202 291817204 start: 1473409199 411399208
t_num: 8 finish: 1473409202 292515063 start: 1473409201 387076011
t_num: 14 finish: 1473409202 552785262 start: 1473409200 118046329
t_num: 17 finish: 1473409203 67454829 start: 1473409201 957312156
t_num: 29 finish: 1473409203 316964660 start: 1473409200 461222025
t_num: 0 finish: 1473409203 636011908 start: 1473409200 544003654
t_num: 20 finish: 1473409203 948580344 start: 1473409202 228018197
t_num: 8 finish: 1473409203 948582777 start: 1473409202 292539535
t_num: 12 finish: 1473409204 243755984 start: 1473409202 204015839
t_num: 22 finish: 1473409204 244826852 start: 1473409202 258309744
t_num: 9 finish: 1473409204 244864271 start: 1473409200 561231412
t_num: 6 finish: 1473409204 244975528 start: 1473409201 892068497
t_num: 30 finish: 1473409204 477755297 start: 1473409202 825547766
t_num: 23 finish: 1473409204 477795823 start: 1473409202 224755891
t_num: 3 finish: 1473409204 582947442 start: 1473409202 209235383
t_num: 26 finish: 1473409204 686987649 start: 1473409202 705660202
t_num: 14 finish: 1473409204 765479349 start: 1473409202 552812736
t_num: 9 finish: 1473409205 85187246 start: 1473409204 244884685
t_num: 27 finish: 1473409205 85906799 start: 1473409202 88180413
t_num: 7 finish: 1473409205 337610286 start: 1473409202 789502308
t_num: 2 finish: 1473409205 538963811 start: 1473409202 498339735
t_num: 20 finish: 1473409205 596509148 start: 1473409203 948630946
t_num: 12 finish: 1473409205 643325124 start: 1473409204 243815653
t_num: 0 finish: 1473409206 175931156 start: 1473409203 636050511
t_num: 24 finish: 1473409206 351323014 start: 1473409202 825536165
t_num: 29 finish: 1473409206 357528465 start: 1473409204 551078975
t_num: 10 finish: 1473409206 394410394 start: 1473409204 683248410
t_num: 26 finish: 1473409206 758776472 start: 1473409205 548586680
t_num: 14 finish: 1473409206 768973593 start: 1473409204 765514357
t_num: 23 finish: 1473409206 824281595 start: 1473409205 538381851
t_num: 16 finish: 1473409206 874248464 start: 1473409205 596559275
t_num: 19 finish: 1473409206 974026262 start: 1473409204 540271783
t_num: 5 finish: 1473409207 514239561 start: 1473409205 82787394
t_num: 7 finish: 1473409207 594428772 start: 1473409205 643186033
t_num: 4 finish: 1473409207 639101869 start: 1473409205 541478833
t_num: 17 finish: 1473409207 639140007 start: 1473409204 551320389
t_num: 27 finish: 1473409207 639227350 start: 1473409205 85926711
t_num: 9 finish: 1473409207 639382435 start: 1473409205 85217229
t_num: 31 finish: 1473409207 695237760 start: 1473409204 551141472
t_num: 22 finish: 1473409207 757864029 start: 1473409204 244850788
t_num: 8 finish: 1473409208 306576337 start: 1473409205 747179040
t_num: 11 finish: 1473409208 390201270 start: 1473409206 225046964
t_num: 30 finish: 1473409208 391292916 start: 1473409206 120214786
t_num: 21 finish: 1473409208 696918558 start: 1473409206 421043202
t_num: 24 finish: 1473409208 696969296 start: 1473409206 351367188
t_num: 0 finish: 1473409208 697174095 start: 1473409206 824082890
t_num: 23 finish: 1473409208 766712254 start: 1473409206 824301232
t_num: 7 finish: 1473409209 40593738 start: 1473409207 594451669
t_num: 29 finish: 1473409209 367812592 start: 1473409207 558697899
t_num: 26 finish: 1473409209 397274928 start: 1473409206 758834842
t_num: 30 finish: 1473409209 518780781 start: 1473409208 391313164
t_num: 4 finish: 1473409209 520005221 start: 1473409207 639126953
t_num: 14 finish: 1473409209 807152149 start: 1473409207 639486196
t_num: 3 finish: 1473409209 831313041 start: 1473409207 222636998
t_num: 5 finish: 1473409209 893958706 start: 1473409208 683847219
t_num: 27 finish: 1473409209 897633087 start: 1473409208 345693833
t_num: 31 finish: 1473409210 299030182 start: 1473409207 695334254
t_num: 22 finish: 1473409210 325639511 start: 1473409207 757887757
t_num: 17 finish: 1473409210 587861938 start: 1473409208 346617568
t_num: 9 finish: 1473409210 628938952 start: 1473409208 346752181
t_num: 20 finish: 1473409210 666453088 start: 1473409208 194004242
t_num: 26 finish: 1473409210 689661183 start: 1473409209 397318667
t_num: 19 finish: 1473409210 776230835 start: 1473409206 974066756
t_num: 29 finish: 1473409210 836136683 start: 1473409209 367847892
t_num: 7 finish: 1473409211 275144460 start: 1473409209 40633695
t_num: 21 finish: 1473409211 392495868 start: 1473409209 398093102
t_num: 28 finish: 1473409211 438937112 start: 1473409209 802177570
t_num: 0 finish: 1473409211 470343373 start: 1473409209 312842179
t_num: 30 finish: 1473409211 697776433 start: 1473409209 518831839
t_num: 18 finish: 1473409211 738804488 start: 1473409209 602383546
t_num: 12 finish: 1473409211 908311408 start: 1473409208 868028119
t_num: 1 finish: 1473409212 266023306 start: 1473409209 398118837
t_num: 29 finish: 1473409212 744621668 start: 1473409210 836166444
t_num: 20 finish: 1473409212 764049894 start: 1473409210 666505629
t_num: 25 finish: 1473409212 934787797 start: 1473409209 696930866
t_num: 22 finish: 1473409213 92706145 start: 1473409211 254746563
t_num: 14 finish: 1473409213 159501920 start: 1473409210 921706031
t_num: 27 finish: 1473409213 202384173 start: 1473409210 138513188
t_num: 18 finish: 1473409213 246347338 start: 1473409211 738841840
t_num: 30 finish: 1473409213 466234114 start: 1473409211 697856382
t_num: 15 finish: 1473409213 561234374 start: 1473409211 5941666
t_num: 11 finish: 1473409214 73472463 start: 1473409211 38944564
t_num: 17 finish: 1473409214 192009233 start: 1473409211 813513074
t_num: 31 finish: 1473409214 216613299 start: 1473409212 677349519
t_num: 28 finish: 1473409214 291857712 start: 1473409211 923202643
t_num: 29 finish: 1473409214 292380486 start: 1473409212 744678755
t_num: 12 finish: 1473409214 378599093 start: 1473409211 908339675
t_num: 5 finish: 1473409214 378632506 start: 1473409213 455442018
t_num: 30 finish: 1473409214 379303222 start: 1473409213 466260851
t_num: 26 finish: 1473409214 864311002 start: 1473409211 525790797
t_num: 18 finish: 1473409214 867714536 start: 1473409213 246365073
t_num: 16 finish: 1473409214 905299991 start: 1473409212 225143237
t_num: 3 finish: 1473409214 935817645 start: 1473409213 311700561
t_num: 24 finish: 1473409214 978106309 start: 1473409212 764657208
t_num: 22 finish: 1473409215 144029250 start: 1473409213 92747241
t_num: 11 finish: 1473409215 362031772 start: 1473409214 73513410
t_num: 27 finish: 1473409215 489024438 start: 1473409213 202409024
t_num: 17 finish: 1473409215 490455347 start: 1473409214 246648523
t_num: 26 finish: 1473409215 522113822 start: 1473409214 864346460
t_num: 19 finish: 1473409215 815175195 start: 1473409213 139686681
t_num: 0 finish: 1473409215 880389899 start: 1473409213 969008737
t_num: 10 finish: 1473409215 930631623 start: 1473409214 365920294
t_num: 1 finish: 1473409215 989340060 start: 1473409213 455882977
t_num: 23 finish: 1473409216 195776846 start: 1473409213 968416359
t_num: 25 finish: 1473409216 333079159 start: 1473409215 215795870
t_num: 7 finish: 1473409216 532609821 start: 1473409213 720853117
t_num: 16 finish: 1473409216 691631669 start: 1473409214 905326902
t_num: 31 finish: 1473409216 884580647 start: 1473409214 216652402
t_num: 29 finish: 1473409217 130128499 start: 1473409215 562897816
t_num: 11 finish: 1473409217 175301125 start: 1473409215 362076479
t_num: 28 finish: 1473409217 175378454 start: 1473409214 999966616
t_num: 25 finish: 1473409217 386880113 start: 1473409216 333116223
t_num: 22 finish: 1473409217 517362878 start: 1473409215 144052712
t_num: 6 finish: 1473409217 533377272 start: 1473409215 267369116
t_num: 1 finish: 1473409217 602054723 start: 1473409215 989386561
t_num: 30 finish: 1473409217 609119444 start: 1473409214 379323966
t_num: 12 finish: 1473409217 609122939 start: 1473409215 139705939
t_num: 3 finish: 1473409217 761955019 start: 1473409215 563126815
t_num: 10 finish: 1473409217 891682637 start: 1473409215 930677799
t_num: 5 finish: 1473409217 962637148 start: 1473409216 99718231
t_num: 23 finish: 1473409218 392758711 start: 1473409216 195818046
t_num: 11 finish: 1473409218 411079580 start: 1473409217 175332170
t_num: 24 finish: 1473409218 486768546 start: 1473409216 14829994
t_num: 28 finish: 1473409218 927079206 start: 1473409217 175412458
t_num: 29 finish: 1473409219 14755464 start: 1473409217 918603456
t_num: 0 finish: 1473409219 26372081 start: 1473409215 880416559
t_num: 7 finish: 1473409219 327604879 start: 1473409216 765421134
t_num: 17 finish: 1473409219 502110853 start: 1473409217 89222304
t_num: 26 finish: 1473409219 529799047 start: 1473409216 435724724
t_num: 8 finish: 1473409219 529826510 start: 1473409217 477374922
t_num: 27 finish: 1473409219 580004723 start: 1473409217 94689198
t_num: 16 finish: 1473409219 760302552 start: 1473409217 127187233
t_num: 15 finish: 1473409219 800835140 start: 1473409218 656759832
t_num: 6 finish: 1473409219 884039111 start: 1473409217 533525529
t_num: 30 finish: 1473409219 884138554 start: 1473409218 451983160
t_num: 20 finish: 1473409220 86128434 start: 1473409217 533402246
t_num: 2 finish: 1473409220 339348915 start: 1473409219 484260838
t_num: 5 finish: 1473409220 394509272 start: 1473409217 962663966
t_num: 12 finish: 1473409220 513552964 start: 1473409217 609159315
t_num: 24 finish: 1473409220 513567431 start: 1473409218 486793404
t_num: 10 finish: 1473409220 616359971 start: 1473409218 452090214
t_num: 29 finish: 1473409220 627160738 start: 1473409219 14784452
t_num: 26 finish: 1473409220 908576376 start: 1473409219 529825385
t_num: 16 finish: 1473409220 943326373 start: 1473409219 760344747
t_num: 27 finish: 1473409220 943394483 start: 1473409220 21941857
t_num: 1 finish: 1473409221 80573886 start: 1473409218 390628002
t_num: 15 finish: 1473409221 99275707 start: 1473409219 800860484
t_num: 9 finish: 1473409221 176860830 start: 1473409220 334366256
t_num: 23 finish: 1473409221 327239636 start: 1473409219 396975508
t_num: 3 finish: 1473409221 328317438 start: 1473409219 529967794
t_num: 6 finish: 1473409221 355964744 start: 1473409219 884073084
t_num: 29 finish: 1473409221 428998226 start: 1473409220 627181908
t_num: 4 finish: 1473409221 680448998 start: 1473409220 408285657
t_num: 0 finish: 1473409221 680581907 start: 1473409220 408257015
t_num: 30 finish: 1473409222 144232496 start: 1473409220 858483272
t_num: 20 finish: 1473409222 432570503 start: 1473409220 908427302
t_num: 24 finish: 1473409222 517558419 start: 1473409220 513638112
t_num: 7 finish: 1473409222 550649108 start: 1473409220 675388169
t_num: 8 finish: 1473409222 583508072 start: 1473409220 310717337
t_num: 5 finish: 1473409222 601132224 start: 1473409221 101514628
t_num: 10 finish: 1473409222 648204537 start: 1473409220 908392113
t_num: 12 finish: 1473409222 684258404 start: 1473409221 595812134
t_num: 1 finish: 1473409222 763980845 start: 1473409221 80598729
t_num: 19 finish: 1473409222 835763704 start: 1473409221 48682764
t_num: 16 finish: 1473409223 249610085 start: 1473409220 943351766
t_num: 27 finish: 1473409223 830539853 start: 1473409221 860817030
t_num: 24 finish: 1473409223 884217670 start: 1473409222 517590736
t_num: 30 finish: 1473409223 919833135 start: 1473409222 144260396
t_num: 8 finish: 1473409224 131311438 start: 1473409222 583534025
t_num: 20 finish: 1473409224 131949731 start: 1473409222 991811919
t_num: 7 finish: 1473409224 204310099 start: 1473409222 550676228
t_num: 10 finish: 1473409224 646239042 start: 1473409222 648227380
t_num: 2 finish: 1473409224 719713472 start: 1473409221 858973497
t_num: 31 finish: 1473409224 719720996 start: 1473409222 993024190
t_num: 0 finish: 1473409224 789559653 start: 1473409221 680601909
t_num: 12 finish: 1473409224 790137592 start: 1473409222 962833746
t_num: 1 finish: 1473409224 937793197 start: 1473409222 764023475
t_num: 19 finish: 1473409224 937832494 start: 1473409223 728999907
t_num: 6 finish: 1473409224 938037762 start: 1473409222 789436145
t_num: 14 finish: 1473409224 948515866 start: 1473409222 255155180
t_num: 17 finish: 1473409225 838428909 start: 1473409222 701080896
t_num: 10 finish: 1473409226 200228766 start: 1473409224 646273156
t_num: 21 finish: 1473409226 270375265 start: 1473409224 492490299
t_num: 2 finish: 1473409226 353813692 start: 1473409224 719766311
t_num: 23 finish: 1473409226 577315018 start: 1473409223 49137819
t_num: 7 finish: 1473409226 578555230 start: 1473409224 204355085
t_num: 13 finish: 1473409226 579999908 start: 1473409222 766526469
t_num: 31 finish: 1473409226 717621831 start: 1473409224 719783659
t_num: 18 finish: 1473409226 745305543 start: 1473409224 324304989
t_num: 22 finish: 1473409226 812116076 start: 1473409225 458527878
t_num: 8 finish: 1473409226 812122843 start: 1473409224 491931670
t_num: 24 finish: 1473409227 63339709 start: 1473409224 876500343
t_num: 0 finish: 1473409227 193283544 start: 1473409225 766809422
t_num: 15 finish: 1473409227 200468544 start: 1473409226 407736541
t_num: 28 finish: 1473409227 221552557 start: 1473409226 380747128
t_num: 1 finish: 1473409227 259342685 start: 1473409224 937822803
t_num: 4 finish: 1473409227 546812703 start: 1473409225 792132711
t_num: 3 finish: 1473409227 561895021 start: 1473409225 836561838
t_num: 5 finish: 1473409227 825786900 start: 1473409226 316840998
t_num: 6 finish: 1473409227 826550678 start: 1473409224 938057789
t_num: 25 finish: 1473409227 866592235 start: 1473409225 935922671
t_num: 19 finish: 1473409228 118724774 start: 1473409225 792730742
t_num: 29 finish: 1473409228 119416232 start: 1473409226 181586598
t_num: 13 finish: 1473409228 177983176 start: 1473409226 580020283
t_num: 27 finish: 1473409228 178554404 start: 1473409225 850008837
t_num: 26 finish: 1473409228 353340659 start: 1473409226 22553092
t_num: 15 finish: 1473409228 445681660 start: 1473409227 200489374
t_num: 18 finish: 1473409228 840698182 start: 1473409227 401362470
t_num: 14 finish: 1473409228 887018194 start: 1473409227 662495195
t_num: 2 finish: 1473409228 887945064 start: 1473409227 194127073
t_num: 8 finish: 1473409228 964728434 start: 1473409226 812144648
t_num: 10 finish: 1473409228 995610127 start: 1473409226 899645185
t_num: 3 finish: 1473409228 996236455 start: 1473409227 561922879
t_num: 9 finish: 1473409229 235781072 start: 1473409227 104957976
t_num: 21 finish: 1473409229 306328472 start: 1473409226 954852441
t_num: 7 finish: 1473409229 367449184 start: 1473409227 194745063
t_num: 31 finish: 1473409229 398321100 start: 1473409227 402560463
t_num: 6 finish: 1473409229 398405591 start: 1473409227 826571484
t_num: 26 finish: 1473409229 481138426 start: 1473409228 353371545
t_num: 28 finish: 1473409229 531599853 start: 1473409228 418171363
t_num: 23 finish: 1473409229 531606179 start: 1473409227 222175228
t_num: 15 finish: 1473409229 815686677 start: 1473409228 982678744
t_num: 13 finish: 1473409230 5524710 start: 1473409228 178011741
t_num: 18 finish: 1473409230 9098384 start: 1473409228 840733967
t_num: 25 finish: 1473409230 16730707 start: 1473409228 326455851
t_num: 5 finish: 1473409230 401511021 start: 1473409228 630719692
t_num: 10 finish: 1473409230 923777328 start: 1473409228 995641738
t_num: 19 finish: 1473409231 435782710 start: 1473409228 749862711
t_num: 31 finish: 1473409231 435952459 start: 1473409229 697061533
t_num: 13 finish: 1473409231 590291669 start: 1473409230 5562302
t_num: 15 finish: 1473409231 635457546 start: 1473409229 815706267
t_num: 3 finish: 1473409231 697471875 start: 1473409228 996252136
t_num: 5 finish: 1473409231 758045232 start: 1473409230 401555178
t_num: 24 finish: 1473409231 825231464 start: 1473409229 409591936
t_num: 16 finish: 1473409231 950396852 start: 1473409229 409414093
t_num: 26 finish: 1473409232 182876417 start: 1473409229 481185723
t_num: 2 finish: 1473409232 184010301 start: 1473409229 815075048
t_num: 9 finish: 1473409232 234074336 start: 1473409229 687001690
t_num: 7 finish: 1473409232 235757535 start: 1473409229 367488578
t_num: 29 finish: 1473409232 424125304 start: 1473409230 246504525
t_num: 23 finish: 1473409232 675375498 start: 1473409230 15246442
t_num: 30 finish: 1473409232 692255080 start: 1473409230 122755903
t_num: 25 finish: 1473409232 917266198 start: 1473409230 612638099
t_num: 18 finish: 1473409233 20215611 start: 1473409230 519060044
t_num: 15 finish: 1473409233 424600373 start: 1473409231 635483086
t_num: 5 finish: 1473409233 424602880 start: 1473409231 758093554
t_num: 7 finish: 1473409233 548141275 start: 1473409232 235776697
t_num: 6 finish: 1473409233 771582863 start: 1473409231 679150785
t_num: 4 finish: 1473409233 922343065 start: 1473409231 545613248
t_num: 3 finish: 1473409233 982616297 start: 1473409232 293760899
t_num: 14 finish: 1473409234 72947973 start: 1473409231 951651404
t_num: 16 finish: 1473409234 94593109 start: 1473409231 950431896
t_num: 26 finish: 1473409234 263404581 start: 1473409232 888043074
t_num: 11 finish: 1473409234 311893005 start: 1473409231 758453249
t_num: 24 finish: 1473409234 311946070 start: 1473409231 825272777
t_num: 23 finish: 1473409234 422488163 start: 1473409232 675414426
t_num: 10 finish: 1473409234 456965792 start: 1473409232 184605315
t_num: 19 finish: 1473409234 520856365 start: 1473409231 435826638
t_num: 12 finish: 1473409234 574398580 start: 1473409231 953602786
t_num: 18 finish: 1473409234 642904308 start: 1473409233 20244048
t_num: 3 finish: 1473409235 139228364 start: 1473409233 982649134
t_num: 9 finish: 1473409235 150315759 start: 1473409232 234104586
t_num: 14 finish: 1473409235 258118016 start: 1473409234 72975451
t_num: 6 finish: 1473409235 315283270 start: 1473409233 771647571
t_num: 13 finish: 1473409235 315566932 start: 1473409232 424089450
t_num: 25 finish: 1473409235 381243796 start: 1473409233 678841525
t_num: 15 finish: 1473409235 695173823 start: 1473409234 28121419
t_num: 17 finish: 1473409235 740055417 start: 1473409233 534271414
t_num: 30 finish: 1473409235 772436127 start: 1473409234 46438998
t_num: 12 finish: 1473409235 832932998 start: 1473409234 574419497
t_num: 5 finish: 1473409235 978049774 start: 1473409233 424674190
t_num: 7 finish: 1473409236 97623485 start: 1473409234 554291925
t_num: 16 finish: 1473409236 137657802 start: 1473409234 94677103
t_num: 6 finish: 1473409236 488320625 start: 1473409235 315335134
t_num: 22 finish: 1473409236 542554077 start: 1473409235 116156121
t_num: 25 finish: 1473409236 800624814 start: 1473409235 381271819
t_num: 4 finish: 1473409236 801320050 start: 1473409233 922376389
t_num: 10 finish: 1473409236 875843996 start: 1473409234 767722493
t_num: 23 finish: 1473409236 898525085 start: 1473409234 554234552
t_num: 27 finish: 1473409237 207909537 start: 1473409235 125783839
t_num: 24 finish: 1473409237 448417067 start: 1473409235 488432613
t_num: 17 finish: 1473409237 497863156 start: 1473409235 740077639
t_num: 12 finish: 1473409237 553976023 start: 1473409235 832952835
t_num: 2 finish: 1473409237 630622825 start: 1473409235 488394273
t_num: 0 finish: 1473409237 642984955 start: 1473409236 619732086
t_num: 13 finish: 1473409237 769791851 start: 1473409236 946561659
t_num: 16 finish: 1473409237 770137557 start: 1473409236 137686354
t_num: 5 finish: 1473409237 940531527 start: 1473409235 978072283
t_num: 4 finish: 1473409237 978151192 start: 1473409236 801339802
t_num: 25 finish: 1473409237 990847627 start: 1473409236 800669042
t_num: 22 finish: 1473409238 12730474 start: 1473409236 542593928
t_num: 6 finish: 1473409238 198396366 start: 1473409236 488352639
t_num: 14 finish: 1473409238 233127622 start: 1473409236 721184748
t_num: 20 finish: 1473409238 518378392 start: 1473409237 769130268
t_num: 9 finish: 1473409238 537619073 start: 1473409237 444737787
t_num: 27 finish: 1473409238 992531506 start: 1473409237 207934390
t_num: 12 finish: 1473409239 21567735 start: 1473409237 770096654
t_num: 28 finish: 1473409239 297273887 start: 1473409237 194200692
t_num: 21 finish: 1473409239 406198090 start: 1473409237 649460372
t_num: 16 finish: 1473409239 406764960 start: 1473409237 770157122
t_num: 22 finish: 1473409239 650502480 start: 1473409238 12764894
t_num: 25 finish: 1473409239 651131425 start: 1473409237 990891246
t_num: 3 finish: 1473409239 956331895 start: 1473409238 201016097
t_num: 24 finish: 1473409240 7989530 start: 1473409237 448441053
t_num: 6 finish: 1473409240 119735629 start: 1473409238 913072847
t_num: 0 finish: 1473409240 202532271 start: 1473409237 643005865
t_num: 13 finish: 1473409240 218144672 start: 1473409237 769855710
t_num: 19 finish: 1473409240 218145741 start: 1473409238 727205595
t_num: 2 finish: 1473409240 296579081 start: 1473409237 900062110
t_num: 26 finish: 1473409240 788225697 start: 1473409237 857647527
t_num: 5 finish: 1473409241 432148299 start: 1473409238 591626830
t_num: 20 finish: 1473409241 438227311 start: 1473409238 518422934
t_num: 6 finish: 1473409241 476804061 start: 1473409240 119779133
t_num: 2 finish: 1473409241 804131801 start: 1473409240 296621281
t_num: 27 finish: 1473409241 845896987 start: 1473409239 763115938
t_num: 14 finish: 1473409242 15321565 start: 1473409240 742403487
t_num: 25 finish: 1473409242 121659011 start: 1473409239 651146555
t_num: 24 finish: 1473409242 211539090 start: 1473409240 686171967
t_num: 29 finish: 1473409242 211625288 start: 1473409239 620064695
t_num: 12 finish: 1473409242 249245867 start: 1473409240 23246121
t_num: 19 finish: 1473409242 249250925 start: 1473409240 218187834
t_num: 22 finish: 1473409242 300160178 start: 1473409239 650536842
t_num: 17 finish: 1473409242 310301990 start: 1473409239 851611056
t_num: 31 finish: 1473409242 310362643 start: 1473409241 383377228
t_num: 11 finish: 1473409242 340823557 start: 1473409240 360560308
t_num: 8 finish: 1473409242 596227658 start: 1473409241 378563778
t_num: 0 finish: 1473409242 607403566 start: 1473409240 202565817
t_num: 9 finish: 1473409242 654871895 start: 1473409240 571724891
t_num: 26 finish: 1473409243 221470617 start: 1473409241 415525472
t_num: 21 finish: 1473409243 224019273 start: 1473409241 388148569
t_num: 24 finish: 1473409243 224125016 start: 1473409242 211577176
t_num: 25 finish: 1473409243 337448954 start: 1473409242 121681670
t_num: 0 finish: 1473409243 582767895 start: 1473409242 607424737
t_num: 28 finish: 1473409243 765906768 start: 1473409241 513437628
t_num: 12 finish: 1473409243 796751591 start: 1473409242 249302047
t_num: 14 finish: 1473409243 810940595 start: 1473409242 15356751
t_num: 24 finish: 1473409244 345910433 start: 1473409243 224143553
t_num: 17 finish: 1473409244 346505111 start: 1473409242 829380383
t_num: 5 finish: 1473409244 347339529 start: 1473409242 16722827
t_num: 10 finish: 1473409244 405580069 start: 1473409242 249824770
t_num: 7 finish: 1473409244 643106688 start: 1473409243 118436614
t_num: 26 finish: 1473409244 830075627 start: 1473409243 221518394
t_num: 8 finish: 1473409244 879921726 start: 1473409243 646327765
t_num: 11 finish: 1473409244 893718683 start: 1473409242 340844458
t_num: 27 finish: 1473409245 370705464 start: 1473409243 74066645
t_num: 18 finish: 1473409245 507863153 start: 1473409243 133656166
t_num: 21 finish: 1473409246 149090037 start: 1473409243 766145486
t_num: 13 finish: 1473409246 451139055 start: 1473409243 741165432
t_num: 22 finish: 1473409246 627213552 start: 1473409243 741134415
t_num: 17 finish: 1473409246 627944241 start: 1473409245 369220820
t_num: 14 finish: 1473409246 678919578 start: 1473409244 512707349
t_num: 5 finish: 1473409246 679552061 start: 1473409244 347359172
t_num: 7 finish: 1473409246 727819417 start: 1473409244 643146316
t_num: 26 finish: 1473409246 845299331 start: 1473409244 830113599
t_num: 24 finish: 1473409246 873324230 start: 1473409244 830857036
t_num: 10 finish: 1473409246 875441890 start: 1473409244 784701837
t_num: 4 finish: 1473409246 933518155 start: 1473409245 538305175
t_num: 29 finish: 1473409247 219639599 start: 1473409244 981213966
t_num: 31 finish: 1473409247 348960744 start: 1473409245 507667189
t_num: 2 finish: 1473409247 567289193 start: 1473409245 24119335
t_num: 11 finish: 1473409247 611403309 start: 1473409244 893737195
t_num: 23 finish: 1473409247 657286879 start: 1473409245 692925274
t_num: 31 finish: 1473409248 349729893 start: 1473409247 348999156
t_num: 28 finish: 1473409248 359095079 start: 1473409246 848889793
t_num: 29 finish: 1473409248 421342430 start: 1473409247 219677479
t_num: 22 finish: 1473409248 453370523 start: 1473409246 627256867
t_num: 16 finish: 1473409248 511959638 start: 1473409248 219243417
t_num: 7 finish: 1473409248 515461385 start: 1473409246 727850621
t_num: 14 finish: 1473409248 515878045 start: 1473409247 459069555
t_num: 10 finish: 1473409248 553521784 start: 1473409247 503152536
t_num: 18 finish: 1473409248 845978303 start: 1473409246 628675095
t_num: 6 finish: 1473409248 890509162 start: 1473409247 425842728
t_num: 11 finish: 1473409249 15598947 start: 1473409247 907636788
t_num: 13 finish: 1473409249 16365681 start: 1473409246 451183942
t_num: 27 finish: 1473409249 234718417 start: 1473409246 848836973
t_num: 5 finish: 1473409249 326156207 start: 1473409248 374533956
t_num: 28 finish: 1473409249 426751612 start: 1473409248 359117976
t_num: 30 finish: 1473409249 818156919 start: 1473409247 732715918
t_num: 17 finish: 1473409249 886760105 start: 1473409246 627965809
t_num: 23 finish: 1473409249 912121149 start: 1473409247 657314149
t_num: 29 finish: 1473409250 438155709 start: 1473409248 421373406
t_num: 16 finish: 1473409250 515021910 start: 1473409248 511999949
t_num: 4 finish: 1473409250 760623331 start: 1473409248 276426912
t_num: 18 finish: 1473409250 849998641 start: 1473409248 846035903
t_num: 2 finish: 1473409250 943188087 start: 1473409247 567328749
t_num: 15 finish: 1473409251 112643301 start: 1473409247 962220816
t_num: 3 finish: 1473409251 114172433 start: 1473409248 781554329
t_num: 6 finish: 1473409251 180310794 start: 1473409249 689174535
t_num: 5 finish: 1473409251 336546456 start: 1473409249 326254943
t_num: 23 finish: 1473409251 336547649 start: 1473409249 912139368
t_num: 28 finish: 1473409251 520561161 start: 1473409249 594679560
t_num: 13 finish: 1473409251 550590282 start: 1473409249 16383527
t_num: 7 finish: 1473409251 550614169 start: 1473409248 515486369
t_num: 4 finish: 1473409251 551185348 start: 1473409251 1612841
t_num: 2 finish: 1473409251 788010278 start: 1473409250 943249486
t_num: 1 finish: 1473409251 857208480 start: 1473409249 686518508
t_num: 20 finish: 1473409252 338249472 start: 1473409249 911918489
t_num: 14 finish: 1473409252 573737368 start: 1473409250 966225513
t_num: 16 finish: 1473409252 822149349 start: 1473409250 515048693
t_num: 12 finish: 1473409252 861907356 start: 1473409251 676186529
t_num: 18 finish: 1473409253 130284956 start: 1473409250 850042398
t_num: 2 finish: 1473409253 130284956 start: 1473409251 788050280
t_num: 27 finish: 1473409253 130361081 start: 1473409251 120068850
t_num: 30 finish: 1473409253 991903636 start: 1473409250 601479110
t_num: 4 finish: 1473409254 67913036 start: 1473409251 551205599
t_num: 9 finish: 1473409254 139572160 start: 1473409252 474875427
t_num: 23 finish: 1473409254 183979017 start: 1473409251 336609505
t_num: 1 finish: 1473409254 303613370 start: 1473409251 857246020
t_num: 20 finish: 1473409254 681040195 start: 1473409252 338279474
t_num: 28 finish: 1473409254 722685284 start: 1473409251 520605381
t_num: 26 finish: 1473409254 731831105 start: 1473409252 533984130
t_num: 14 finish: 1473409254 745261072 start: 1473409252 573774055
t_num: 16 finish: 1473409254 750530463 start: 1473409252 822173056
t_num: 2 finish: 1473409254 752151532 start: 1473409253 130353658
t_num: 17 finish: 1473409254 832845375 start: 1473409251 250355520
t_num: 15 finish: 1473409255 43636058 start: 1473409252 419855236
t_num: 12 finish: 1473409255 43651984 start: 1473409253 992334602
t_num: 18 finish: 1473409255 354536940 start: 1473409253 130320291
t_num: 9 finish: 1473409255 563393646 start: 1473409254 139629457
t_num: 3 finish: 1473409255 568316510 start: 1473409253 96964504
t_num: 6 finish: 1473409255 613224982 start: 1473409253 722742814
t_num: 1 finish: 1473409256 438340551 start: 1473409254 832910822
t_num: 4 finish: 1473409256 493924622 start: 1473409254 67940293
t_num: 27 finish: 1473409256 678416264 start: 1473409254 728475125
t_num: 23 finish: 1473409256 740648861 start: 1473409254 184021708
t_num: 26 finish: 1473409256 740656667 start: 1473409254 731847606
t_num: 0 finish: 1473409256 831961693 start: 1473409254 752088206
t_num: 19 finish: 1473409256 965786272 start: 1473409253 991166808
t_num: 10 finish: 1473409257 26764628 start: 1473409254 788336685
t_num: 20 finish: 1473409257 643303027 start: 1473409254 968588539
t_num: 8 finish: 1473409257 688835012 start: 1473409254 783546664
t_num: 9 finish: 1473409257 688839051 start: 1473409255 563436056
t_num: 11 finish: 1473409257 688879328 start: 1473409254 898258553
t_num: 15 finish: 1473409257 689122795 start: 1473409255 43740751
t_num: 6 finish: 1473409257 689326288 start: 1473409255 613244821
t_num: 16 finish: 1473409257 729255636 start: 1473409255 575041356
t_num: 25 finish: 1473409257 760022912 start: 1473409255 490581922
t_num: 21 finish: 1473409257 994327579 start: 1473409254 968696045
t_num: 2 finish: 1473409258 9008158 start: 1473409255 563250025
t_num: 27 finish: 1473409258 844089874 start: 1473409256 678451706
t_num: 3 finish: 1473409258 884860073 start: 1473409256 633259025
t_num: 30 finish: 1473409259 252868646 start: 1473409256 571309747
t_num: 25 finish: 1473409259 674728522 start: 1473409257 760045044
t_num: 19 finish: 1473409260 2226338 start: 1473409256 965818510
t_num: 10 finish: 1473409260 133545964 start: 1473409257 26781671
t_num: 18 finish: 1473409260 149352192 start: 1473409258 391404475
t_num: 8 finish: 1473409260 394741300 start: 1473409257 688871312
t_num: 31 finish: 1473409260 394788736 start: 1473409257 909688905
t_num: 1 finish: 1473409260 488712170 start: 1473409257 712343811
t_num: 3 finish: 1473409260 611556477 start: 1473409259 357242349
t_num: 27 finish: 1473409260 627105114 start: 1473409258 844126805
t_num: 20 finish: 1473409260 809620210 start: 1473409257 643362281
t_num: 21 finish: 1473409260 812280521 start: 1473409259 75262507
t_num: 5 finish: 1473409261 270330355 start: 1473409259 982160370
t_num: 6 finish: 1473409261 271967475 start: 1473409257 689344603
t_num: 4 finish: 1473409261 272030361 start: 1473409257 689131420
t_num: 19 finish: 1473409261 370607575 start: 1473409260 2253066
t_num: 2 finish: 1473409261 954948609 start: 1473409259 719972660
t_num: 14 finish: 1473409261 957505742 start: 1473409259 86509176
t_num: 13 finish: 1473409261 968465981 start: 1473409258 10142326
t_num: 15 finish: 1473409261 968472840 start: 1473409259 528427043
t_num: 26 finish: 1473409262 168898238 start: 1473409258 763200622
t_num: 11 finish: 1473409262 411452771 start: 1473409259 51173278
t_num: 30 finish: 1473409262 411452771 start: 1473409261 293358494
t_num: 7 finish: 1473409262 510623915 start: 1473409260 611585129
t_num: 10 finish: 1473409262 556354286 start: 1473409260 133589901
t_num: 21 finish: 1473409262 596509224 start: 1473409260 812301645
t_num: 28 finish: 1473409262 621899370 start: 1473409260 941892431
t_num: 3 finish: 1473409263 272067114 start: 1473409261 966138298
t_num: 20 finish: 1473409263 287194558 start: 1473409260 809663528
t_num: 14 finish: 1473409263 489963276 start: 1473409261 957526657
t_num: 27 finish: 1473409263 493443163 start: 1473409260 627128976
t_num: 19 finish: 1473409263 662620499 start: 1473409262 131766482
t_num: 12 finish: 1473409263 703440870 start: 1473409260 810408873
t_num: 15 finish: 1473409263 754845206 start: 1473409261 968506976
t_num: 18 finish: 1473409263 997115127 start: 1473409261 268566981
t_num: 11 finish: 1473409264 238474840 start: 1473409262 411498769
t_num: 23 finish: 1473409264 239107368 start: 1473409262 265134129
t_num: 29 finish: 1473409264 263846695 start: 1473409261 590647510
t_num: 6 finish: 1473409264 264663442 start: 1473409261 758917939
t_num: 26 finish: 1473409264 282372135 start: 1473409262 168928099
t_num: 8 finish: 1473409264 308618378 start: 1473409261 941673429
t_num: 1 finish: 1473409264 409313570 start: 1473409261 588709906
t_num: 31 finish: 1473409264 482146741 start: 1473409261 274594200
t_num: 3 finish: 1473409264 854259798 start: 1473409263 272089819
t_num: 25 finish: 1473409264 967537697 start: 1473409262 450497582
t_num: 7 finish: 1473409265 39842954 start: 1473409262 601251308
t_num: 13 finish: 1473409265 39970790 start: 1473409262 276393906
t_num: 22 finish: 1473409265 79500519 start: 1473409263 349377670
t_num: 14 finish: 1473409265 472691115 start: 1473409263 490008038
t_num: 21 finish: 1473409265 526458959 start: 1473409264 309496336
t_num: 19 finish: 1473409265 635620383 start: 1473409263 937185970
t_num: 8 finish: 1473409265 669317734 start: 1473409264 308640362
t_num: 18 finish: 1473409265 670044629 start: 1473409264 562020201
t_num: 17 finish: 1473409265 767554843 start: 1473409264 310037135
t_num: 20 finish: 1473409265 791376175 start: 1473409263 287219169
t_num: 6 finish: 1473409266 103714345 start: 1473409264 264701348
t_num: 29 finish: 1473409266 103806739 start: 1473409264 263871431
t_num: 15 finish: 1473409266 415222231 start: 1473409263 754902069
t_num: 16 finish: 1473409266 434853138 start: 1473409265 79495806
t_num: 27 finish: 1473409266 628549403 start: 1473409265 170966191
t_num: 23 finish: 1473409266 714298419 start: 1473409264 239151513
t_num: 2 finish: 1473409267 262312873 start: 1473409264 506154447
t_num: 22 finish: 1473409267 262870354 start: 1473409265 410309634
t_num: 8 finish: 1473409267 434715876 start: 1473409265 669339985
t_num: 26 finish: 1473409267 697936267 start: 1473409265 171005781
t_num: 31 finish: 1473409267 833371815 start: 1473409264 771879914
t_num: 14 finish: 1473409267 888173421 start: 1473409265 472721596
t_num: 16 finish: 1473409267 914388656 start: 1473409266 434896018
t_num: 12 finish: 1473409267 940421269 start: 1473409265 374822656
t_num: 6 finish: 1473409268 518660933 start: 1473409266 103756830
t_num: 17 finish: 1473409268 613257027 start: 1473409266 716572295
t_num: 0 finish: 1473409268 658898456 start: 1473409266 487047701
t_num: 3 finish: 1473409268 712864586 start: 1473409266 348207364
t_num: 15 finish: 1473409268 747181131 start: 1473409266 415262987
t_num: 18 finish: 1473409268 747269424 start: 1473409265 670059944
t_num: 12 finish: 1473409268 772468097 start: 1473409267 940457800
t_num: 22 finish: 1473409269 213827507 start: 1473409267 262884296
t_num: 27 finish: 1473409269 244573343 start: 1473409266 628579228
t_num: 2 finish: 1473409269 245469678 start: 1473409267 918560986
t_num: 19 finish: 1473409269 703970585 start: 1473409267 290706769
t_num: 31 finish: 1473409269 829738055 start: 1473409267 833432579
t_num: 9 finish: 1473409270 83232654 start: 1473409268 135463374
t_num: 0 finish: 1473409270 225457847 start: 1473409268 658938182
t_num: 16 finish: 1473409270 225553951 start: 1473409268 522154314
t_num: 20 finish: 1473409270 539398651 start: 1473409269 410848466
t_num: 12 finish: 1473409270 735297684 start: 1473409268 772493209
t_num: 13 finish: 1473409270 735318029 start: 1473409269 229666348
t_num: 17 finish: 1473409270 775621753 start: 1473409268 613293578
t_num: 31 finish: 1473409270 891322733 start: 1473409269 829778865
t_num: 18 finish: 1473409271 16403217 start: 1473409268 747288183
t_num: 22 finish: 1473409271 277104532 start: 1473409269 213871714
t_num: 3 finish: 1473409271 463231980 start: 1473409268 712886428
t_num: 5 finish: 1473409271 463236080 start: 1473409268 584354156
t_num: 16 finish: 1473409271 578169089 start: 1473409270 225572298
t_num: 26 finish: 1473409271 587295631 start: 1473409269 23880147
t_num: 23 finish: 1473409271 773676452 start: 1473409268 712822677
t_num: 2 finish: 1473409272 97107577 start: 1473409270 399660426
t_num: 4 finish: 1473409272 134721811 start: 1473409269 410821806
t_num: 17 finish: 1473409272 376628444 start: 1473409270 775648072
t_num: 21 finish: 1473409272 378513539 start: 1473409271 30240286
t_num: 1 finish: 1473409272 379417485 start: 1473409270 918110014
t_num: 30 finish: 1473409272 784578722 start: 1473409271 203646762
t_num: 25 finish: 1473409272 785270878 start: 1473409270 663206268
t_num: 12 finish: 1473409272 949881728 start: 1473409270 735326521
t_num: 0 finish: 1473409272 950751028 start: 1473409271 203691551
t_num: 27 finish: 1473409273 11706752 start: 1473409272 96356864
t_num: 2 finish: 1473409273 320388095 start: 1473409272 97129640
t_num: 10 finish: 1473409273 490302068 start: 1473409272 361684917
t_num: 21 finish: 1473409273 593259967 start: 1473409272 378533282
t_num: 22 finish: 1473409273 712001426 start: 1473409271 277127343
t_num: 20 finish: 1473409273 713165447 start: 1473409271 489614412
t_num: 17 finish: 1473409273 713547738 start: 1473409272 376668702
t_num: 16 finish: 1473409273 715891663 start: 1473409272 149128402
t_num: 13 finish: 1473409274 206491442 start: 1473409270 735333195
t_num: 31 finish: 1473409274 713209097 start: 1473409272 541764047
t_num: 5 finish: 1473409274 787432957 start: 1473409272 576375703
t_num: 6 finish: 1473409274 879286957 start: 1473409271 977054662
t_num: 27 finish: 1473409274 931129916 start: 1473409273 11733126
t_num: 8 finish: 1473409274 936638653 start: 1473409271 719730825
t_num: 30 finish: 1473409275 33001364 start: 1473409272 784618342
t_num: 3 finish: 1473409275 86104254 start: 1473409272 155864977
t_num: 12 finish: 1473409275 392552335 start: 1473409272 949925270
t_num: 28 finish: 1473409275 392592112 start: 1473409273 722268490
t_num: 17 finish: 1473409275 446722188 start: 1473409273 713566696
t_num: 23 finish: 1473409275 560421772 start: 1473409273 998174362
t_num: 15 finish: 1473409275 910724244 start: 1473409273 688949658
t_num: 25 finish: 1473409276 51869338 start: 1473409274 936683360
t_num: 7 finish: 1473409276 51918687 start: 1473409273 593292983
t_num: 1 finish: 1473409276 110419266 start: 1473409273 713486257
t_num: 0 finish: 1473409276 455149330 start: 1473409274 304216379
t_num: 29 finish: 1473409276 554625973 start: 1473409274 978879685
t_num: 16 finish: 1473409276 561118607 start: 1473409274 90334542
t_num: 13 finish: 1473409276 832305201 start: 1473409274 206553666
t_num: 22 finish: 1473409276 903924783 start: 1473409274 671254282
t_num: 31 finish: 1473409277 13943969 start: 1473409275 631928093
t_num: 2 finish: 1473409277 14565226 start: 1473409274 714520739
t_num: 21 finish: 1473409277 59418839 start: 1473409274 220707310
t_num: 11 finish: 1473409277 176918760 start: 1473409275 19007412
t_num: 15 finish: 1473409277 225681395 start: 1473409275 910753403
t_num: 6 finish: 1473409277 348138626 start: 1473409274 879324171
t_num: 1 finish: 1473409277 809532228 start: 1473409276 110444596
t_num: 12 finish: 1473409277 860250060 start: 1473409276 887270321
t_num: 17 finish: 1473409277 874594427 start: 1473409276 785209386
t_num: 0 finish: 1473409278 192502419 start: 1473409276 455176413
t_num: 27 finish: 1473409278 193380194 start: 1473409276 574123533
t_num: 30 finish: 1473409278 422265311 start: 1473409276 195372649
t_num: 24 finish: 1473409278 500906558 start: 1473409277 307866322
t_num: 25 finish: 1473409278 531171773 start: 1473409276 51897756
t_num: 11 finish: 1473409278 531914232 start: 1473409277 176948089
t_num: 23 finish: 1473409278 591959867 start: 1473409276 195353937
t_num: 28 finish: 1473409278 869657474 start: 1473409276 32221141
t_num: 16 finish: 1473409279 172203491 start: 1473409276 561154213
t_num: 31 finish: 1473409279 257002029 start: 1473409277 13971468
t_num: 22 finish: 1473409279 566996692 start: 1473409277 240442063
t_num: 5 finish: 1473409279 617126714 start: 1473409278 485303672
t_num: 1 finish: 1473409279 678188179 start: 1473409277 809570077
t_num: 15 finish: 1473409279 732011030 start: 1473409277 225704583
t_num: 21 finish: 1473409279 792008146 start: 1473409277 59437532
t_num: 6 finish: 1473409279 793741221 start: 1473409278 590654068
t_num: 30 finish: 1473409279 872540714 start: 1473409278 422309749
t_num: 28 finish: 1473409279 935545312 start: 1473409278 869710711
t_num: 12 finish: 1473409280 290403396 start: 1473409277 860276446
t_num: 9 finish: 1473409280 331804132 start: 1473409278 188896678
t_num: 11 finish: 1473409280 331825856 start: 1473409278 531929155
t_num: 16 finish: 1473409280 546330265 start: 1473409279 172231333
t_num: 25 finish: 1473409281 138766574 start: 1473409278 531217342
t_num: 26 finish: 1473409281 328443587 start: 1473409280 382151457
t_num: 7 finish: 1473409281 412706155 start: 1473409279 830531719
t_num: 27 finish: 1473409281 684125569 start: 1473409278 869690918
t_num: 0 finish: 1473409281 726712532 start: 1473409280 377075557
t_num: 30 finish: 1473409281 734573912 start: 1473409279 872585717
t_num: 31 finish: 1473409281 886225488 start: 1473409279 257035262
t_num: 1 finish: 1473409281 929536471 start: 1473409279 678212620
t_num: 12 finish: 1473409282 142049399 start: 1473409280 290461314
t_num: 19 finish: 1473409282 337134882 start: 1473409278 989482025
t_num: 22 finish: 1473409282 337237654 start: 1473409279 567038559
t_num: 6 finish: 1473409282 337309300 start: 1473409280 949571719
t_num: 3 finish: 1473409282 731600860 start: 1473409280 645243471
t_num: 28 finish: 1473409282 821779678 start: 1473409279 935575756
t_num: 9 finish: 1473409282 822943806 start: 1473409280 694871068
t_num: 0 finish: 1473409282 830413158 start: 1473409281 726732736
t_num: 30 finish: 1473409282 980070376 start: 1473409281 734595074
t_num: 15 finish: 1473409283 12167266 start: 1473409280 950238352
t_num: 8 finish: 1473409283 59196188 start: 1473409281 574793325
t_num: 29 finish: 1473409283 127376843 start: 1473409280 645499525
t_num: 14 finish: 1473409283 127675590 start: 1473409280 694887182
t_num: 12 finish: 1473409283 148047005 start: 1473409282 142069749
t_num: 10 finish: 1473409283 302303357 start: 1473409281 928452112
t_num: 23 finish: 1473409283 367048947 start: 1473409279 532968324
t_num: 5 finish: 1473409284 453615048 start: 1473409282 104107673
t_num: 19 finish: 1473409284 454327060 start: 1473409282 760875867
t_num: 30 finish: 1473409284 454605867 start: 1473409282 980102606
t_num: 1 finish: 1473409284 487515589 start: 1473409281 929558623
t_num: 4 finish: 1473409284 564310007 start: 1473409281 895785311
t_num: 28 finish: 1473409284 591967059 start: 1473409282 821822374
t_num: 0 finish: 1473409284 703107134 start: 1473409284 18380949
t_num: 31 finish: 1473409284 715771517 start: 1473409281 886266707
t_num: 21 finish: 1473409284 717666477 start: 1473409282 301950526
t_num: 22 finish: 1473409284 719409133 start: 1473409283 259507086
t_num: 23 finish: 1473409284 803035644 start: 1473409283 367082149
t_num: 26 finish: 1473409285 533203067 start: 1473409282 706722714
t_num: 5 finish: 1473409286 223505528 start: 1473409284 453642639
t_num: 20 finish: 1473409286 224126467 start: 1473409283 721130175
t_num: 10 finish: 1473409286 306614281 start: 1473409283 302331125
t_num: 9 finish: 1473409286 333311332 start: 1473409283 127334349
t_num: 15 finish: 1473409286 333312821 start: 1473409284 592045815
t_num: 1 finish: 1473409286 433980300 start: 1473409284 487553687
t_num: 16 finish: 1473409286 477566466 start: 1473409283 369991027
t_num: 23 finish: 1473409286 707897431 start: 1473409284 803058302
t_num: 22 finish: 1473409286 911076397 start: 1473409284 719429128
t_num: 30 finish: 1473409286 973459802 start: 1473409284 454625672
t_num: 8 finish: 1473409287 117295505 start: 1473409285 321339954
t_num: 4 finish: 1473409287 120380771 start: 1473409284 564339693
t_num: 12 finish: 1473409287 124938445 start: 1473409285 220124887
t_num: 23 finish: 1473409287 337022897 start: 1473409286 707939279
t_num: 28 finish: 1473409287 337265439 start: 1473409284 592017700
t_num: 10 finish: 1473409287 490184904 start: 1473409286 306645846
t_num: 31 finish: 1473409287 673497747 start: 1473409284 752076541
t_num: 26 finish: 1473409288 41717664 start: 1473409285 533247975
t_num: 16 finish: 1473409288 201207554 start: 1473409286 477602753
t_num: 25 finish: 1473409288 379094668 start: 1473409286 192625964
t_num: 15 finish: 1473409288 379154437 start: 1473409286 333517923
t_num: 13 finish: 1473409288 527598329 start: 1473409286 555857568
t_num: 21 finish: 1473409288 529094251 start: 1473409285 946067795
t_num: 20 finish: 1473409288 663578794 start: 1473409286 563448954
t_num: 30 finish: 1473409288 730112317 start: 1473409286 973485727
t_num: 9 finish: 1473409288 801590374 start: 1473409286 333337416
t_num: 2 finish: 1473409289 147363914 start: 1473409286 606097748
t_num: 7 finish: 1473409289 154060573 start: 1473409287 768333236
t_num: 23 finish: 1473409289 157341952 start: 1473409287 337066263
t_num: 28 finish: 1473409289 332522896 start: 1473409287 337306304
t_num: 5 finish: 1473409289 574127585 start: 1473409287 593314722
t_num: 4 finish: 1473409289 594916904 start: 1473409287 120403544
t_num: 20 finish: 1473409290 75112234 start: 1473409288 663621501
t_num: 31 finish: 1473409290 160199903 start: 1473409288 260387031
t_num: 22 finish: 1473409290 798073487 start: 1473409287 212626656
t_num: 12 finish: 1473409290 840118082 start: 1473409287 124960132
t_num: 19 finish: 1473409290 921863009 start: 1473409287 593877683
t_num: 8 finish: 1473409290 945036006 start: 1473409287 832924757
t_num: 21 finish: 1473409291 19027978 start: 1473409288 529133130
t_num: 25 finish: 1473409291 19739026 start: 1473409290 246617437
t_num: 13 finish: 1473409291 729179822 start: 1473409289 834412614
t_num: 20 finish: 1473409291 998611082 start: 1473409290 692771936
t_num: 4 finish: 1473409292 69300852 start: 1473409289 594936914
t_num: 29 finish: 1473409292 285935889 start: 1473409289 592217854
t_num: 10 finish: 1473409292 509268784 start: 1473409290 245787837
t_num: 2 finish: 1473409292 562520352 start: 1473409289 147400226
t_num: 6 finish: 1473409292 717723491 start: 1473409289 549407419
t_num: 15 finish: 1473409292 978711718 start: 1473409290 305083375
t_num: 25 finish: 1473409292 985353211 start: 1473409291 19758947
t_num: 8 finish: 1473409292 985564920 start: 1473409290 945064340
t_num: 11 finish: 1473409292 985975330 start: 1473409290 341246474
t_num: 5 finish: 1473409292 990638439 start: 1473409289 574150763
t_num: 9 finish: 1473409292 994487425 start: 1473409290 439480512
t_num: 23 finish: 1473409293 29396521 start: 1473409291 100160361
t_num: 16 finish: 1473409293 185132361 start: 1473409290 742310259
t_num: 4 finish: 1473409293 376613532 start: 1473409292 69388939
t_num: 30 finish: 1473409294 220726476 start: 1473409291 100368949
t_num: 25 finish: 1473409294 223296476 start: 1473409292 985374250
t_num: 21 finish: 1473409294 319528817 start: 1473409291 19073672
t_num: 9 finish: 1473409294 413821933 start: 1473409292 994507555
t_num: 24 finish: 1473409294 414550070 start: 1473409292 551695879
t_num: 6 finish: 1473409294 461204736 start: 1473409292 717767356
t_num: 20 finish: 1473409294 542794120 start: 1473409294 223245768
t_num: 10 finish: 1473409294 847649637 start: 1473409293 15060872
t_num: 22 finish: 1473409295 498167702 start: 1473409292 868214753
t_num: 8 finish: 1473409295 620737547 start: 1473409292 985583968
t_num: 14 finish: 1473409295 645645725 start: 1473409292 509521252
t_num: 29 finish: 1473409295 680652679 start: 1473409292 985404354
t_num: 4 finish: 1473409295 785028557 start: 1473409294 399068739
t_num: 1 finish: 1473409295 785044248 start: 1473409294 772330646
t_num: 5 finish: 1473409296 392017293 start: 1473409292 990659510
t_num: 21 finish: 1473409296 454713848 start: 1473409294 319568155
t_num: 12 finish: 1473409296 492229304 start: 1473409293 454013673
t_num: 15 finish: 1473409296 553883344 start: 1473409294 398829922
t_num: 2 finish: 1473409296 670412868 start: 1473409294 698110162
t_num: 23 finish: 1473409296 905505082 start: 1473409294 398257470
t_num: 0 finish: 1473409297 112073097 start: 1473409295 293721771
t_num: 24 finish: 1473409297 121584521 start: 1473409295 153068900
t_num: 27 finish: 1473409297 209988444 start: 1473409294 398856244
t_num: 18 finish: 1473409297 278100379 start: 1473409295 125393130
t_num: 11 finish: 1473409297 557327867 start: 1473409296 297326313
t_num: 10 finish: 1473409297 578849785 start: 1473409295 447980940
t_num: 28 finish: 1473409297 624396413 start: 1473409295 582562109
t_num: 25 finish: 1473409298 336601660 start: 1473409294 223316434
t_num: 17 finish: 1473409298 340202892 start: 1473409296 479410868
t_num: 14 finish: 1473409298 340239261 start: 1473409295 645671399
t_num: 22 finish: 1473409298 341537046 start: 1473409295 498196410
t_num: 2 finish: 1473409298 342280656 start: 1473409296 670440243
t_num: 26 finish: 1473409298 343525254 start: 1473409295 963153404
t_num: 12 finish: 1473409298 354146930 start: 1473409296 492255763
t_num: 9 finish: 1473409298 399551932 start: 1473409294 413848101
t_num: 4 finish: 1473409298 754079330 start: 1473409297 210106368
t_num: 23 finish: 1473409298 789981480 start: 1473409296 905538369
t_num: 8 finish: 1473409298 868313368 start: 1473409295 620779904
t_num: 3 finish: 1473409299 231885698 start: 1473409297 704576857
t_num: 1 finish: 1473409299 234562266 start: 1473409297 8256145
t_num: 21 finish: 1473409299 690936420 start: 1473409297 505201249
t_num: 0 finish: 1473409299 724773797 start: 1473409297 112096025
t_num: 25 finish: 1473409299 735546063 start: 1473409298 336671890
t_num: 29 finish: 1473409299 736704049 start: 1473409297 400405418
t_num: 24 finish: 1473409299 778723370 start: 1473409298 37958311
t_num: 5 finish: 1473409299 825813970 start: 1473409297 704541454
t_num: 18 finish: 1473409299 975857794 start: 1473409297 704310237
t_num: 22 finish: 1473409300 410595379 start: 1473409298 341557285
t_num: 14 finish: 1473409300 411615650 start: 1473409298 481521143
t_num: 4 finish: 1473409301 94056189 start: 1473409298 754123885
t_num: 11 finish: 1473409301 341650311 start: 1473409297 907392193
t_num: 0 finish: 1473409301 343912527 start: 1473409299 724816480
t_num: 25 finish: 1473409301 605778989 start: 1473409299 735569017
t_num: 12 finish: 1473409301 686200359 start: 1473409299 778922341
t_num: 28 finish: 1473409301 722668870 start: 1473409298 239856710
t_num: 5 finish: 1473409301 723437385 start: 1473409299 825838337
t_num: 18 finish: 1473409302 511047051 start: 1473409300 700383260
t_num: 16 finish: 1473409302 656771917 start: 1473409299 975792911
t_num: 23 finish: 1473409303 12639879 start: 1473409299 734210326
t_num: 24 finish: 1473409303 14844675 start: 1473409299 778767295
t_num: 3 finish: 1473409303 64919456 start: 1473409299 607418436
t_num: 21 finish: 1473409303 392528217 start: 1473409300 792064983
t_num: 9 finish: 1473409303 544259205 start: 1473409301 237860590
t_num: 12 finish: 1473409303 651307749 start: 1473409301 686237205
t_num: 7 finish: 1473409303 652051784 start: 1473409301 598376419
t_num: 0 finish: 1473409303 652763598 start: 1473409301 343934425
t_num: 2 finish: 1473409303 668923877 start: 1473409300 580666272
t_num: 11 finish: 1473409303 994677759 start: 1473409301 341695048
t_num: 8 finish: 1473409304 187969439 start: 1473409302 358768358
t_num: 28 finish: 1473409304 227074210 start: 1473409301 722691494
t_num: 25 finish: 1473409304 558674483 start: 1473409301 605806538
t_num: 22 finish: 1473409304 572973836 start: 1473409302 100233277
t_num: 18 finish: 1473409304 573007656 start: 1473409303 315901213
t_num: 30 finish: 1473409304 572974036 start: 1473409302 248090397
t_num: 24 finish: 1473409304 784099118 start: 1473409303 14861503
t_num: 5 finish: 1473409304 934960925 start: 1473409302 710086904
t_num: 6 finish: 1473409304 936007936 start: 1473409302 957716859
t_num: 26 finish: 1473409304 989306305 start: 1473409302 511077968
t_num: 27 finish: 1473409305 123238567 start: 1473409303 57539023
t_num: 3 finish: 1473409305 174950128 start: 1473409303 999275651
t_num: 12 finish: 1473409305 898571945 start: 1473409303 651346657
t_num: 13 finish: 1473409306 60977535 start: 1473409303 82197054
t_num: 18 finish: 1473409306 222446499 start: 1473409305 42286467
t_num: 9 finish: 1473409306 287557681 start: 1473409303 776673862
t_num: 7 finish: 1473409306 288188666 start: 1473409303 652072758
t_num: 2 finish: 1473409306 288251244 start: 1473409304 573821588
t_num: 30 finish: 1473409306 288533277 start: 1473409304 573051878
t_num: 23 finish: 1473409306 323945549 start: 1473409304 153424652
t_num: 24 finish: 1473409306 523233672 start: 1473409304 784139619
t_num: 31 finish: 1473409306 909248600 start: 1473409303 392616326
t_num: 28 finish: 1473409307 34525883 start: 1473409304 419456334
t_num: 20 finish: 1473409307 125049907 start: 1473409306 220006350
t_num: 14 finish: 1473409307 129325512 start: 1473409304 677012490
t_num: 0 finish: 1473409307 133184147 start: 1473409304 320146232
t_num: 25 finish: 1473409307 471159701 start: 1473409305 550973111
t_num: 3 finish: 1473409307 472145598 start: 1473409305 175005019
t_num: 19 finish: 1473409307 507351911 start: 1473409304 699661036
t_num: 12 finish: 1473409307 543384806 start: 1473409305 898600326
t_num: 13 finish: 1473409307 671682377 start: 1473409306 233784702
t_num: 7 finish: 1473409308 278020651 start: 1473409306 288209951
t_num: 0 finish: 1473409308 515460182 start: 1473409307 133204879
t_num: 9 finish: 1473409308 604959110 start: 1473409306 287596612
t_num: 27 finish: 1473409308 795950465 start: 1473409305 373457304
t_num: 28 finish: 1473409308 870008371 start: 1473409307 34557311
t_num: 15 finish: 1473409308 979095662 start: 1473409307 72395287
t_num: 30 finish: 1473409308 979367384 start: 1473409307 364699358
t_num: 6 finish: 1473409309 18714305 start: 1473409305 484113742
t_num: 1 finish: 1473409309 18724100 start: 1473409307 138318310
t_num: 26 finish: 1473409309 85644369 start: 1473409307 612735011
t_num: 25 finish: 1473409309 86383269 start: 1473409307 471200385
t_num: 13 finish: 1473409309 177015509 start: 1473409307 671731609
t_num: 16 finish: 1473409309 177759973 start: 1473409307 807734819
t_num: 14 finish: 1473409309 910061785 start: 1473409307 129346433
t_num: 0 finish: 1473409310 92422712 start: 1473409308 515497635
t_num: 23 finish: 1473409310 178268598 start: 1473409308 436811036
t_num: 3 finish: 1473409310 195985113 start: 1473409307 472166818
t_num: 29 finish: 1473409310 394631363 start: 1473409307 612152814
t_num: 27 finish: 1473409310 455988549 start: 1473409308 795985363
t_num: 8 finish: 1473409310 491920611 start: 1473409308 170529545
t_num: 5 finish: 1473409310 658972489 start: 1473409308 569735372
t_num: 28 finish: 1473409310 698771459 start: 1473409308 870051549
t_num: 10 finish: 1473409310 837300432 start: 1473409308 5977015
t_num: 12 finish: 1473409310 838222100 start: 1473409308 255954395
t_num: 25 finish: 1473409311 296301427 start: 1473409309 988826485
t_num: 26 finish: 1473409311 333839788 start: 1473409309 85683136
t_num: 0 finish: 1473409311 538568754 start: 1473409310 92466516
t_num: 18 finish: 1473409311 540306012 start: 1473409308 909258198
t_num: 9 finish: 1473409311 943370861 start: 1473409310 144670541
t_num: 1 finish: 1473409312 272372843 start: 1473409309 18743858
t_num: 17 finish: 1473409312 275219502 start: 1473409309 780368270
t_num: 20 finish: 1473409312 775191082 start: 1473409310 654864656
t_num: 15 finish: 1473409312 775358279 start: 1473409309 721269082
t_num: 23 finish: 1473409312 931724604 start: 1473409310 576601697
t_num: 10 finish: 1473409313 92523235 start: 1473409310 837329574
t_num: 25 finish: 1473409313 122811791 start: 1473409311 673212674
t_num: 18 finish: 1473409313 150889746 start: 1473409312 775206684
t_num: 4 finish: 1473409313 237684023 start: 1473409311 219654444
t_num: 8 finish: 1473409313 263808950 start: 1473409310 491971589
t_num: 24 finish: 1473409313 307860705 start: 1473409310 794045182
t_num: 14 finish: 1473409313 307870023 start: 1473409310 555117822
t_num: 29 finish: 1473409313 740024541 start: 1473409311 251641080
t_num: 17 finish: 1473409313 789236055 start: 1473409312 275242685
t_num: 28 finish: 1473409313 789939573 start: 1473409311 673809284
t_num: 21 finish: 1473409313 792857646 start: 1473409311 290911086
t_num: 9 finish: 1473409313 846453857 start: 1473409311 943417677
t_num: 20 finish: 1473409313 847914965 start: 1473409312 775215104
t_num: 11 finish: 1473409313 848101583 start: 1473409311 289682973
t_num: 5 finish: 1473409313 932093639 start: 1473409310 658994327
t_num: 27 finish: 1473409314 59478318 start: 1473409311 516032437
t_num: 2 finish: 1473409314 133011896 start: 1473409311 481125906
t_num: 25 finish: 1473409314 490411462 start: 1473409313 122848789
t_num: 26 finish: 1473409314 546037138 start: 1473409312 464499502
t_num: 15 finish: 1473409314 748596449 start: 1473409312 836669626
t_num: 13 finish: 1473409315 594022467 start: 1473409312 263814972
t_num: 24 finish: 1473409315 723868332 start: 1473409313 307898434
t_num: 14 finish: 1473409315 965754777 start: 1473409313 307917114
t_num: 28 finish: 1473409316 66183107 start: 1473409313 789960781
t_num: 22 finish: 1473409316 118116939 start: 1473409314 42472006
t_num: 8 finish: 1473409316 179771407 start: 1473409313 790411098
t_num: 29 finish: 1473409316 702508035 start: 1473409313 740069847
t_num: 31 finish: 1473409316 757685542 start: 1473409314 605858668
t_num: 17 finish: 1473409316 790010956 start: 1473409314 605890473
t_num: 5 finish: 1473409316 790389850 start: 1473409313 932118947
t_num: 11 finish: 1473409316 791650376 start: 1473409313 848121319
t_num: 15 finish: 1473409316 855240448 start: 1473409314 748657548
t_num: 24 finish: 1473409316 936377242 start: 1473409315 723909614
t_num: 13 finish: 1473409317 112324443 start: 1473409316 10863847
t_num: 0 finish: 1473409317 312987116 start: 1473409314 605915878
t_num: 27 finish: 1473409317 607365905 start: 1473409315 557815517
t_num: 9 finish: 1473409317 657434133 start: 1473409313 846499239
t_num: 23 finish: 1473409317 794687605 start: 1473409315 555709178
t_num: 19 finish: 1473409317 839249997 start: 1473409314 954894684
t_num: 8 finish: 1473409317 975150760 start: 1473409316 179820695
t_num: 7 finish: 1473409318 185516122 start: 1473409316 848110661
t_num: 2 finish: 1473409318 187171920 start: 1473409315 671014809
t_num: 22 finish: 1473409318 205545556 start: 1473409316 118157016
t_num: 13 finish: 1473409318 206150582 start: 1473409317 112351760
t_num: 21 finish: 1473409318 430396725 start: 1473409315 555727727
t_num: 18 finish: 1473409318 465236370 start: 1473409317 39090249
t_num: 28 finish: 1473409318 608239916 start: 1473409316 66224592
t_num: 24 finish: 1473409318 608990937 start: 1473409316 936397102
t_num: 30 finish: 1473409318 609005020 start: 1473409315 873930449
t_num: 6 finish: 1473409318 862180822 start: 1473409318 192196890
t_num: 9 finish: 1473409318 925242126 start: 1473409317 657463244
t_num: 15 finish: 1473409318 978112854 start: 1473409317 314952572
t_num: 11 finish: 1473409319 19119373 start: 1473409316 791669826
t_num: 3 finish: 1473409319 46100744 start: 1473409318 112896505
t_num: 25 finish: 1473409319 46774984 start: 1473409317 848474985
t_num: 5 finish: 1473409319 185458165 start: 1473409317 694980831
t_num: 13 finish: 1473409319 194922436 start: 1473409318 206167589
t_num: 31 finish: 1473409319 253965379 start: 1473409317 39024883
t_num: 14 finish: 1473409319 660741637 start: 1473409317 694877379
t_num: 12 finish: 1473409320 89018914 start: 1473409317 765758067
t_num: 23 finish: 1473409320 89128466 start: 1473409317 794717605
t_num: 13 finish: 1473409320 322847684 start: 1473409319 194943499
t_num: 7 finish: 1473409320 322949971 start: 1473409318 528315839
t_num: 28 finish: 1473409320 323018846 start: 1473409318 608263779
t_num: 8 finish: 1473409320 561486721 start: 1473409317 975185230
t_num: 2 finish: 1473409320 586126647 start: 1473409319 512058360
t_num: 14 finish: 1473409321 164338254 start: 1473409319 660776982
t_num: 9 finish: 1473409321 376472837 start: 1473409318 925276255
t_num: 5 finish: 1473409321 453564200 start: 1473409319 185490232
t_num: 8 finish: 1473409321 666458159 start: 1473409320 561509357
t_num: 11 finish: 1473409321 666470526 start: 1473409319 19155495
t_num: 24 finish: 1473409321 774923798 start: 1473409318 609012237
t_num: 3 finish: 1473409321 927491818 start: 1473409320 549393486
t_num: 2 finish: 1473409321 929041464 start: 1473409320 586148885
t_num: 7 finish: 1473409321 929891164 start: 1473409320 322967599
t_num: 12 finish: 1473409321 929893043 start: 1473409320 89080093
t_num: 20 finish: 1473409322 162316620 start: 1473409319 382071462
t_num: 18 finish: 1473409322 447270636 start: 1473409319 107123382
t_num: 15 finish: 1473409322 466435550 start: 1473409319 512087406
t_num: 14 finish: 1473409322 466479233 start: 1473409321 164381506
t_num: 21 finish: 1473409322 476163928 start: 1473409320 561494541
t_num: 1 finish: 1473409322 486448104 start: 1473409320 95541248
t_num: 31 finish: 1473409322 486539477 start: 1473409320 719621016
t_num: 27 finish: 1473409322 534231100 start: 1473409321 747638672
t_num: 8 finish: 1473409322 790093099 start: 1473409321 666502634
t_num: 28 finish: 1473409323 23200715 start: 1473409321 774939963
t_num: 25 finish: 1473409323 86403351 start: 1473409321 295838364
t_num: 12 finish: 1473409323 126735298 start: 1473409321 930019811
t_num: 13 finish: 1473409323 950515436 start: 1473409321 535607468
t_num: 5 finish: 1473409323 955921817 start: 1473409321 775148553
t_num: 23 finish: 1473409324 222538420 start: 1473409321 330960809
t_num: 11 finish: 1473409324 222537627 start: 1473409321 666521565
t_num: 2 finish: 1473409324 410861224 start: 1473409321 929062510
t_num: 1 finish: 1473409324 411564240 start: 1473409322 486468222
t_num: 28 finish: 1473409324 412266143 start: 1473409323 23246068
t_num: 31 finish: 1473409324 599460676 start: 1473409322 486556663
t_num: 24 finish: 1473409324 911946651 start: 1473409322 476175101
t_num: 11 finish: 1473409325 258691404 start: 1473409324 222609358
t_num: 3 finish: 1473409325 443860382 start: 1473409322 467155460
t_num: 12 finish: 1473409325 589774159 start: 1473409323 126776003
t_num: 14 finish: 1473409325 871375199 start: 1473409322 466494328
t_num: 15 finish: 1473409325 872027947 start: 1473409323 685789727
t_num: 22 finish: 1473409325 873576982 start: 1473409323 870111251
t_num: 18 finish: 1473409326 3135069 start: 1473409322 447308504
t_num: 0 finish: 1473409326 26967626 start: 1473409325 45686566
t_num: 28 finish: 1473409326 205519535 start: 1473409324 412285950
t_num: 13 finish: 1473409326 288313680 start: 1473409323 950549565
t_num: 17 finish: 1473409326 908400084 start: 1473409325 534390214
t_num: 26 finish: 1473409326 908485638 start: 1473409325 453247529
t_num: 7 finish: 1473409326 908485625 start: 1473409324 34424336
t_num: 20 finish: 1473409326 976803005 start: 1473409325 534585446
t_num: 4 finish: 1473409327 228024505 start: 1473409325 638306177
t_num: 24 finish: 1473409327 231848539 start: 1473409325 639139399
t_num: 15 finish: 1473409327 364705968 start: 1473409325 872049076
t_num: 14 finish: 1473409327 608522167 start: 1473409325 871406490
t_num: 28 finish: 1473409327 642321740 start: 1473409326 205587893
t_num: 2 finish: 1473409327 667872706 start: 1473409324 410884211
t_num: 27 finish: 1473409327 823401591 start: 1473409325 530632175
t_num: 1 finish: 1473409327 837886964 start: 1473409324 411584928
t_num: 6 finish: 1473409327 925543831 start: 1473409326 765833550
t_num: 8 finish: 1473409328 438843622 start: 1473409325 531114364
t_num: 22 finish: 1473409328 773136105 start: 1473409326 535513433
t_num: 17 finish: 1473409328 784146659 start: 1473409326 908436887
t_num: 15 finish: 1473409328 923818331 start: 1473409327 364748466
t_num: 23 finish: 1473409328 924443947 start: 1473409326 79231386
t_num: 29 finish: 1473409329 539032074 start: 1473409327 791571555
t_num: 30 finish: 1473409329 539673376 start: 1473409328 221408969
t_num: 28 finish: 1473409329 563219378 start: 1473409327 642361881
t_num: 1 finish: 1473409329 588739263 start: 1473409327 837904138
t_num: 31 finish: 1473409329 692653879 start: 1473409327 429908548
t_num: 6 finish: 1473409329 692673648 start: 1473409328 285746981
t_num: 7 finish: 1473409329 825146358 start: 1473409326 908662622
t_num: 12 finish: 1473409329 825178070 start: 1473409326 226498243
t_num: 14 finish: 1473409329 825148695 start: 1473409327 608564758
t_num: 16 finish: 1473409329 861248733 start: 1473409327 429925185
t_num: 0 finish: 1473409329 861424797 start: 1473409326 26994128
t_num: 26 finish: 1473409329 949389915 start: 1473409327 837896980
t_num: 18 finish: 1473409329 976403382 start: 1473409328 174958432
t_num: 21 finish: 1473409330 307928356 start: 1473409328 771245519
t_num: 13 finish: 1473409330 321400421 start: 1473409328 352561576
t_num: 8 finish: 1473409330 369589680 start: 1473409328 438873447
t_num: 20 finish: 1473409331 115042530 start: 1473409329 530629856
t_num: 23 finish: 1473409331 299334940 start: 1473409328 924464060
t_num: 15 finish: 1473409331 343630790 start: 1473409328 923848438
t_num: 28 finish: 1473409331 489364101 start: 1473409329 563241407
t_num: 2 finish: 1473409331 804122922 start: 1473409328 407720344
t_num: 25 finish: 1473409332 300073913 start: 1473409329 861480308
t_num: 18 finish: 1473409332 398432720 start: 1473409329 976439987
t_num: 7 finish: 1473409332 559737866 start: 1473409329 825188091
t_num: 16 finish: 1473409332 561584115 start: 1473409329 861276343
t_num: 31 finish: 1473409332 660666172 start: 1473409329 692713751
t_num: 8 finish: 1473409332 663769264 start: 1473409330 369629263
t_num: 28 finish: 1473409332 664317013 start: 1473409331 489408320
t_num: 26 finish: 1473409332 664375144 start: 1473409330 753895219
t_num: 9 finish: 1473409332 664592257 start: 1473409329 861334445
t_num: 22 finish: 1473409332 664833890 start: 1473409330 937635304
t_num: 6 finish: 1473409332 664871892 start: 1473409329 692830389
t_num: 15 finish: 1473409332 906307906 start: 1473409331 343658429
t_num: 19 finish: 1473409333 153644678 start: 1473409331 733160705
t_num: 17 finish: 1473409333 513902007 start: 1473409331 827637458
t_num: 21 finish: 1473409333 673910355 start: 1473409331 89208913
t_num: 10 finish: 1473409334 65395729 start: 1473409330 753881455
t_num: 23 finish: 1473409334 335272879 start: 1473409332 136696304
t_num: 31 finish: 1473409334 340881648 start: 1473409333 434548274
t_num: 25 finish: 1473409334 379258818 start: 1473409332 476104508
t_num: 9 finish: 1473409334 379788138 start: 1473409332 664610783
t_num: 8 finish: 1473409334 403996870 start: 1473409332 663789007
t_num: 26 finish: 1473409334 459934811 start: 1473409332 664391209
t_num: 28 finish: 1473409334 493945366 start: 1473409332 664336453
t_num: 15 finish: 1473409334 688093772 start: 1473409332 906344979
t_num: 22 finish: 1473409335 47138181 start: 1473409332 664852937
t_num: 11 finish: 1473409335 192126967 start: 1473409332 530468407
t_num: 13 finish: 1473409335 209471920 start: 1473409332 561548712
t_num: 1 finish: 1473409335 388947697 start: 1473409332 296721340
t_num: 29 finish: 1473409335 617751780 start: 1473409334 195779892
t_num: 18 finish: 1473409335 631581319 start: 1473409333 51797108
t_num: 9 finish: 1473409335 798548394 start: 1473409334 379834114
t_num: 6 finish: 1473409335 870164705 start: 1473409333 509646634
t_num: 20 finish: 1473409335 951166745 start: 1473409333 434589253
t_num: 4 finish: 1473409335 972744958 start: 1473409334 336145593
t_num: 0 finish: 1473409336 177855943 start: 1473409334 379351459
t_num: 23 finish: 1473409336 196700345 start: 1473409334 896662066
t_num: 17 finish: 1473409336 562727614 start: 1473409333 634736324
t_num: 28 finish: 1473409336 655944430 start: 1473409334 804015621
t_num: 9 finish: 1473409336 686827331 start: 1473409335 798589939
t_num: 6 finish: 1473409336 897154143 start: 1473409335 870212761
t_num: 10 finish: 1473409336 897702916 start: 1473409334 65439499
t_num: 18 finish: 1473409337 277816958 start: 1473409335 631597027
t_num: 31 finish: 1473409337 332166659 start: 1473409334 801031153
t_num: 12 finish: 1473409337 368920055 start: 1473409334 896865330
t_num: 23 finish: 1473409337 736298776 start: 1473409336 196721548
t_num: 26 finish: 1473409337 736298691 start: 1473409334 459976968
t_num: 19 finish: 1473409337 761756680 start: 1473409334 595695608
t_num: 3 finish: 1473409338 18621106 start: 1473409336 34200930
t_num: 29 finish: 1473409338 333973401 start: 1473409335 617781339
t_num: 24 finish: 1473409338 411696411 start: 1473409334 206195470
t_num: 22 finish: 1473409338 461792009 start: 1473409335 970649127
t_num: 20 finish: 1473409338 486603492 start: 1473409336 224315001
t_num: 27 finish: 1473409338 684150124 start: 1473409336 33733751
t_num: 28 finish: 1473409338 730025386 start: 1473409336 656008912
t_num: 6 finish: 1473409338 877314346 start: 1473409336 897194530
t_num: 5 finish: 1473409339 405401673 start: 1473409337 64236480
t_num: 9 finish: 1473409339 485406274 start: 1473409337 441178647
t_num: 26 finish: 1473409339 513739882 start: 1473409337 736422017
t_num: 1 finish: 1473409339 673368364 start: 1473409336 914748249
t_num: 31 finish: 1473409339 763497854 start: 1473409337 332191973
t_num: 0 finish: 1473409339 927380325 start: 1473409336 177891461
t_num: 2 finish: 1473409340 84562673 start: 1473409338 418964245
t_num: 8 finish: 1473409340 85164373 start: 1473409337 989702245
t_num: 7 finish: 1473409340 417002843 start: 1473409338 385560309
t_num: 13 finish: 1473409340 668579407 start: 1473409338 416478205
t_num: 30 finish: 1473409340 726496068 start: 1473409337 487841723
t_num: 28 finish: 1473409340 726507890 start: 1473409338 730052606
t_num: 18 finish: 1473409341 40283980 start: 1473409338 820845656
t_num: 3 finish: 1473409341 96854265 start: 1473409338 18649180
t_num: 1 finish: 1473409341 316553670 start: 1473409339 673413114
t_num: 20 finish: 1473409341 564659690 start: 1473409338 486626948
t_num: 19 finish: 1473409341 634284526 start: 1473409337 761831089
t_num: 6 finish: 1473409341 845998377 start: 1473409338 877355142
t_num: 29 finish: 1473409341 945740794 start: 1473409339 700811685
t_num: 10 finish: 1473409342 122936531 start: 1473409339 377916127
t_num: 5 finish: 1473409342 122999169 start: 1473409340 96701975
t_num: 0 finish: 1473409342 284468936 start: 1473409340 457446100
t_num: 19 finish: 1473409342 342681378 start: 1473409341 634310638
t_num: 16 finish: 1473409342 352007857 start: 1473409339 550449454
t_num: 7 finish: 1473409342 364514861 start: 1473409340 417035702
t_num: 28 finish: 1473409342 525884739 start: 1473409340 726541535
t_num: 14 finish: 1473409342 638067429 start: 1473409340 400231283
t_num: 24 finish: 1473409342 638197402 start: 1473409341 55630307
t_num: 2 finish: 1473409342 638377956 start: 1473409340 84596349
t_num: 22 finish: 1473409342 801652944 start: 1473409340 48385866
t_num: 20 finish: 1473409342 869514199 start: 1473409341 564722800
t_num: 17 finish: 1473409342 982708211 start: 1473409341 461419234
t_num: 16 finish: 1473409343 44993779 start: 1473409342 352039442
t_num: 3 finish: 1473409343 118134641 start: 1473409341 96872992
t_num: 9 finish: 1473409343 118169404 start: 1473409341 667435867
t_num: 21 finish: 1473409343 218735121 start: 1473409341 890823982
t_num: 15 finish: 1473409343 311059301 start: 1473409341 392262700
t_num: 10 finish: 1473409343 425635961 start: 1473409342 122980826
t_num: 13 finish: 1473409343 426761007 start: 1473409341 225950063
t_num: 29 finish: 1473409343 484863743 start: 1473409342 518685723
t_num: 1 finish: 1473409344 20760319 start: 1473409342 249727448
t_num: 0 finish: 1473409344 90402177 start: 1473409343 118283126
t_num: 19 finish: 1473409344 108434303 start: 1473409342 342699713
t_num: 28 finish: 1473409344 304075083 start: 1473409343 118562110
t_num: 14 finish: 1473409344 521190786 start: 1473409342 638107755
t_num: 5 finish: 1473409344 621134569 start: 1473409343 1368560
t_num: 20 finish: 1473409344 800597834 start: 1473409342 869548475
t_num: 16 finish: 1473409344 884448480 start: 1473409343 45024137
t_num: 11 finish: 1473409345 151846639 start: 1473409342 918737368
t_num: 7 finish: 1473409345 151846643 start: 1473409343 218756372
t_num: 9 finish: 1473409345 211315380 start: 1473409343 118203563
t_num: 5 finish: 1473409345 267280676 start: 1473409344 621160289
t_num: 2 finish: 1473409345 309021558 start: 1473409343 219010171
t_num: 3 finish: 1473409345 455976038 start: 1473409344 90382588
t_num: 22 finish: 1473409345 673579582 start: 1473409343 935219864
t_num: 29 finish: 1473409345 726470099 start: 1473409343 484895667
t_num: 24 finish: 1473409345 785711803 start: 1473409343 821088730
t_num: 25 finish: 1473409345 852638307 start: 1473409344 401100577
t_num: 10 finish: 1473409345 906130645 start: 1473409344 683179352
t_num: 19 finish: 1473409345 914548133 start: 1473409344 108455600
t_num: 4 finish: 1473409345 920154569 start: 1473409344 373213856
t_num: 15 finish: 1473409345 985581117 start: 1473409344 107945298
t_num: 1 finish: 1473409346 262180083 start: 1473409344 839749863
t_num: 23 finish: 1473409346 262223208 start: 1473409344 638583633
t_num: 0 finish: 1473409346 325630606 start: 1473409344 90419426
t_num: 16 finish: 1473409346 852557585 start: 1473409345 494783588
t_num: 14 finish: 1473409347 236349197 start: 1473409344 800420551
t_num: 9 finish: 1473409347 273195014 start: 1473409345 211345351
t_num: 24 finish: 1473409347 308063811 start: 1473409345 785755451
t_num: 4 finish: 1473409347 383342331 start: 1473409345 920174475
t_num: 5 finish: 1473409347 488079824 start: 1473409346 212286101
t_num: 7 finish: 1473409347 488289484 start: 1473409345 151914604
t_num: 29 finish: 1473409347 523117498 start: 1473409346 261406041
t_num: 19 finish: 1473409347 621339682 start: 1473409346 325657370
t_num: 11 finish: 1473409347 680416366 start: 1473409345 151898435
t_num: 16 finish: 1473409347 680634130 start: 1473409346 852587430
t_num: 21 finish: 1473409347 982021127 start: 1473409345 23287698
t_num: 18 finish: 1473409348 161912610 start: 1473409346 874854501
t_num: 30 finish: 1473409348 306346644 start: 1473409346 756252965
t_num: 10 finish: 1473409348 646092733 start: 1473409346 217120596
t_num: 2 finish: 1473409348 646240656 start: 1473409345 934458039
t_num: 1 finish: 1473409348 789965060 start: 1473409346 841258477
t_num: 9 finish: 1473409348 915012310 start: 1473409347 273238203
t_num: 7 finish: 1473409349 143685146 start: 1473409347 488309129
t_num: 22 finish: 1473409349 143756194 start: 1473409347 680862265
t_num: 27 finish: 1473409349 144859636 start: 1473409345 958645536
t_num: 29 finish: 1473409349 286752688 start: 1473409347 523138847
t_num: 16 finish: 1473409349 417945326 start: 1473409347 680653812
t_num: 21 finish: 1473409349 641449393 start: 1473409348 524248302
t_num: 30 finish: 1473409349 835278425 start: 1473409348 306379363
t_num: 2 finish: 1473409350 62387221 start: 1473409348 646259532
t_num: 11 finish: 1473409350 247243447 start: 1473409347 680439127
t_num: 20 finish: 1473409350 367193701 start: 1473409347 982041884
t_num: 5 finish: 1473409350 593080816 start: 1473409347 925599957
t_num: 7 finish: 1473409350 593145573 start: 1473409349 143716621
t_num: 17 finish: 1473409350 690445889 start: 1473409348 488105261
t_num: 30 finish: 1473409350 752410697 start: 1473409349 835311420
t_num: 23 finish: 1473409351 169991729 start: 1473409348 576794923
t_num: 26 finish: 1473409351 170251178 start: 1473409348 646107916
t_num: 9 finish: 1473409351 181614162 start: 1473409348 915070288
t_num: 4 finish: 1473409351 325292524 start: 1473409348 524219425
t_num: 1 finish: 1473409351 371870755 start: 1473409348 789998774
t_num: 10 finish: 1473409351 825088890 start: 1473409349 288571837
t_num: 29 finish: 1473409351 904833894 start: 1473409349 286783042
t_num: 20 finish: 1473409351 904999731 start: 1473409350 367231426
t_num: 21 finish: 1473409351 905696105 start: 1473409350 247278924
t_num: 3 finish: 1473409352 46435854 start: 1473409349 288493916
t_num: 16 finish: 1473409352 55662260 start: 1473409349 417969764
t_num: 2 finish: 1473409352 670663146 start: 1473409350 62427324
t_num: 5 finish: 1473409352 763542993 start: 1473409350 593124822
t_num: 4 finish: 1473409352 993093566 start: 1473409351 325329802
t_num: 11 finish: 1473409353 302592309 start: 1473409350 692228596
t_num: 30 finish: 1473409353 548851213 start: 1473409350 752432636
t_num: 28 finish: 1473409353 746349510 start: 1473409352 443641648
t_num: 25 finish: 1473409353 747506055 start: 1473409351 170485381
t_num: 23 finish: 1473409353 748168023 start: 1473409351 966740859
t_num: 21 finish: 1473409353 748594086 start: 1473409351 905737491
t_num: 16 finish: 1473409353 803311373 start: 1473409352 574392810
t_num: 27 finish: 1473409353 804624205 start: 1473409351 228583535
t_num: 8 finish: 1473409353 815931308 start: 1473409351 905772497
t_num: 17 finish: 1473409354 162814063 start: 1473409352 676270594
t_num: 9 finish: 1473409354 264845386 start: 1473409351 181630923
t_num: 29 finish: 1473409354 427358778 start: 1473409351 904891472
t_num: 2 finish: 1473409354 590046683 start: 1473409353 152451206
t_num: 22 finish: 1473409354 593671820 start: 1473409352 564346028
t_num: 20 finish: 1473409354 729848400 start: 1473409351 905020506
t_num: 26 finish: 1473409354 729851375 start: 1473409351 170272594
t_num: 4 finish: 1473409354 778298418 start: 1473409353 879438193
t_num: 1 finish: 1473409354 819241596 start: 1473409352 77660328
t_num: 8 finish: 1473409355 221457580 start: 1473409353 815953408
t_num: 30 finish: 1473409355 221817638 start: 1473409353 548880024
t_num: 9 finish: 1473409355 255005324 start: 1473409354 264889199
t_num: 27 finish: 1473409355 369724187 start: 1473409354 413419459
t_num: 2 finish: 1473409355 389868340 start: 1473409354 590086445
t_num: 15 finish: 1473409355 527194890 start: 1473409353 600545302
t_num: 28 finish: 1473409355 527256901 start: 1473409353 746375004
t_num: 6 finish: 1473409355 725761688 start: 1473409353 725274291
t_num: 23 finish: 1473409355 729107372 start: 1473409353 748188880
t_num: 11 finish: 1473409356 85143806 start: 1473409353 302622608
t_num: 17 finish: 1473409356 85242267 start: 1473409354 162861587
t_num: 20 finish: 1473409356 168106869 start: 1473409355 389654783
t_num: 13 finish: 1473409356 258300956 start: 1473409355 391270198
t_num: 16 finish: 1473409356 272964685 start: 1473409353 803343722
t_num: 1 finish: 1473409356 384311310 start: 1473409354 819259026
t_num: 27 finish: 1473409356 398007615 start: 1473409355 369764189
t_num: 15 finish: 1473409356 558391923 start: 1473409355 527238872
t_num: 19 finish: 1473409356 625877081 start: 1473409355 221757380
t_num: 0 finish: 1473409357 56117020 start: 1473409355 728792547
t_num: 6 finish: 1473409357 189410736 start: 1473409355 725819410
t_num: 30 finish: 1473409357 795630462 start: 1473409355 854199443
t_num: 7 finish: 1473409357 811561556 start: 1473409356 620555688
t_num: 29 finish: 1473409357 811636683 start: 1473409355 727874466
t_num: 1 finish: 1473409357 914064189 start: 1473409356 384341946
t_num: 19 finish: 1473409357 915976783 start: 1473409356 625906629
t_num: 22 finish: 1473409358 439391176 start: 1473409355 222178922
t_num: 28 finish: 1473409358 465815586 start: 1473409355 527273160
t_num: 6 finish: 1473409358 557373497 start: 1473409357 189463452
t_num: 2 finish: 1473409358 557394934 start: 1473409355 854280528
t_num: 11 finish: 1473409358 557466637 start: 1473409356 85189359
t_num: 0 finish: 1473409359 22225357 start: 1473409357 56154722
t_num: 25 finish: 1473409359 89770102 start: 1473409356 65113819
t_num: 13 finish: 1473409359 121240725 start: 1473409356 258332462
t_num: 16 finish: 1473409359 232947835 start: 1473409357 550780705
t_num: 21 finish: 1473409359 291447878 start: 1473409357 812020089
t_num: 26 finish: 1473409359 307183462 start: 1473409356 66634105
t_num: 28 finish: 1473409359 563273014 start: 1473409358 465847438
t_num: 24 finish: 1473409359 982572571 start: 1473409358 436753062
t_num: 4 finish: 1473409359 982639067 start: 1473409358 436554915
t_num: 23 finish: 1473409360 11892050 start: 1473409357 638355239
t_num: 29 finish: 1473409360 11938750 start: 1473409357 811654504
t_num: 19 finish: 1473409360 453788171 start: 1473409357 915993802
t_num: 30 finish: 1473409360 598097666 start: 1473409357 795667772
t_num: 20 finish: 1473409360 828554117 start: 1473409359 234008720
t_num: 22 finish: 1473409360 854329458 start: 1473409358 439418439
t_num: 2 finish: 1473409360 999899929 start: 1473409358 557493412
t_num: 3 finish: 1473409361 179927987 start: 1473409358 673719580
t_num: 15 finish: 1473409361 179994593 start: 1473409359 90535173
t_num: 18 finish: 1473409361 204895735 start: 1473409358 439344031
t_num: 10 finish: 1473409361 450597040 start: 1473409359 564521616
t_num: 13 finish: 1473409361 450765835 start: 1473409359 121265088
t_num: 25 finish: 1473409361 740955533 start: 1473409359 89830790
t_num: 11 finish: 1473409362 9126134 start: 1473409359 308573020
t_num: 1 finish: 1473409362 52066365 start: 1473409360 10658273
t_num: 0 finish: 1473409362 52108538 start: 1473409359 671265762
t_num: 6 finish: 1473409362 53261244 start: 1473409358 557420448
t_num: 14 finish: 1473409362 579101879 start: 1473409359 808010047
t_num: 3 finish: 1473409362 656371546 start: 1473409361 179973882
t_num: 26 finish: 1473409362 659856442 start: 1473409360 374113776
t_num: 22 finish: 1473409362 659917909 start: 1473409361 743095783
t_num: 30 finish: 1473409362 659983424 start: 1473409360 598126149
t_num: 4 finish: 1473409363 143766890 start: 1473409359 982654309
t_num: 18 finish: 1473409363 424226493 start: 1473409361 204918588
t_num: 23 finish: 1473409363 443021697 start: 1473409360 11920803
t_num: 2 finish: 1473409363 856361993 start: 1473409360 999940494
t_num: 20 finish: 1473409363 902531606 start: 1473409361 672615000
t_num: 24 finish: 1473409363 906659262 start: 1473409360 594149329
t_num: 14 finish: 1473409364 300077177 start: 1473409362 579137936
t_num: 11 finish: 1473409364 372733453 start: 1473409362 9168114
t_num: 19 finish: 1473409364 798572576 start: 1473409363 376921839
t_num: 13 finish: 1473409364 798627441 start: 1473409363 141946183
t_num: 12 finish: 1473409364 798663061 start: 1473409362 508105486
t_num: 10 finish: 1473409364 798665072 start: 1473409361 450642659
t_num: 3 finish: 1473409364 854491278 start: 1473409363 144744547
t_num: 15 finish: 1473409364 955422874 start: 1473409362 50667105
t_num: 18 finish: 1473409364 955468978 start: 1473409363 424256029
t_num: 1 finish: 1473409364 955696887 start: 1473409362 52092661
t_num: 16 finish: 1473409364 969937421 start: 1473409363 144961052
t_num: 8 finish: 1473409365 849833775 start: 1473409362 229157206
t_num: 24 finish: 1473409365 883216813 start: 1473409364 310885089
t_num: 27 finish: 1473409366 24325503 start: 1473409363 155413307
t_num: 11 finish: 1473409366 66088840 start: 1473409364 372769116
t_num: 22 finish: 1473409366 98302208 start: 1473409363 966356376
t_num: 9 finish: 1473409366 346122378 start: 1473409363 464956976
t_num: 6 finish: 1473409366 524820231 start: 1473409364 955354452
t_num: 16 finish: 1473409366 524921540 start: 1473409364 969957105
t_num: 14 finish: 1473409366 613442568 start: 1473409364 300140354
t_num: 20 finish: 1473409366 614321560 start: 1473409363 902571695
t_num: 7 finish: 1473409366 667922987 start: 1473409365 66713142
t_num: 5 finish: 1473409366 738132176 start: 1473409365 839191608
t_num: 12 finish: 1473409366 738177648 start: 1473409365 518981545
t_num: 10 finish: 1473409366 866648823 start: 1473409364 798811973
t_num: 23 finish: 1473409366 982430570 start: 1473409363 443047477
t_num: 25 finish: 1473409366 982483889 start: 1473409366 177345435
t_num: 1 finish: 1473409367 65000271 start: 1473409364 955716394
t_num: 19 finish: 1473409367 105227247 start: 1473409364 798695919
t_num: 13 finish: 1473409367 500712106 start: 1473409365 766694405
t_num: 30 finish: 1473409367 607776443 start: 1473409364 855869864
t_num: 2 finish: 1473409367 676836623 start: 1473409364 457165861
t_num: 24 finish: 1473409367 761435743 start: 1473409366 524852470
t_num: 3 finish: 1473409368 207446723 start: 1473409365 927686709
t_num: 12 finish: 1473409368 272920195 start: 1473409366 738197122
t_num: 27 finish: 1473409368 309761365 start: 1473409367 181955159
t_num: 9 finish: 1473409368 345016080 start: 1473409366 346157106
t_num: 1 finish: 1473409368 468627600 start: 1473409367 65032487
t_num: 30 finish: 1473409368 701703231 start: 1473409367 607824227
t_num: 29 finish: 1473409368 956689102 start: 1473409366 866595972
t_num: 14 finish: 1473409368 957668547 start: 1473409366 613477436
t_num: 10 finish: 1473409369 215778751 start: 1473409366 866675592
t_num: 13 finish: 1473409369 504522532 start: 1473409367 500736368
t_num: 2 finish: 1473409369 546890210 start: 1473409367 676862192
t_num: 23 finish: 1473409369 829261773 start: 1473409366 982472193
t_num: 22 finish: 1473409369 851069123 start: 1473409367 572213324
t_num: 8 finish: 1473409369 858387429 start: 1473409367 759501822
t_num: 20 finish: 1473409370 93950151 start: 1473409368 309750037
t_num: 29 finish: 1473409370 96086084 start: 1473409368 956715350
t_num: 16 finish: 1473409370 107939188 start: 1473409367 493403330
t_num: 0 finish: 1473409370 215850866 start: 1473409369 202001693
t_num: 5 finish: 1473409370 309957850 start: 1473409367 672737285
t_num: 25 finish: 1473409370 645855049 start: 1473409368 339950550
t_num: 24 finish: 1473409370 798829173 start: 1473409367 761461971
t_num: 28 finish: 1473409370 800829451 start: 1473409369 558890032
t_num: 1 finish: 1473409370 804922245 start: 1473409369 260579310
t_num: 10 finish: 1473409370 975970648 start: 1473409369 215801336
t_num: 30 finish: 1473409371 199864819 start: 1473409368 701731259
t_num: 21 finish: 1473409371 256156469 start: 1473409368 877325359
t_num: 3 finish: 1473409371 258000038 start: 1473409369 561455335
t_num: 13 finish: 1473409371 265720292 start: 1473409369 504556547
t_num: 6 finish: 1473409371 302427911 start: 1473409369 145973019
t_num: 14 finish: 1473409371 302852299 start: 1473409368 957702606
t_num: 23 finish: 1473409371 358036248 start: 1473409369 829306651
t_num: 12 finish: 1473409371 358043070 start: 1473409368 272961154
t_num: 16 finish: 1473409371 595213568 start: 1473409370 107959295
t_num: 0 finish: 1473409371 667207379 start: 1473409370 823624558
t_num: 5 finish: 1473409372 161432924 start: 1473409370 309998983
t_num: 8 finish: 1473409372 294623632 start: 1473409370 180772334
t_num: 24 finish: 1473409372 365172585 start: 1473409370 798858220
t_num: 28 finish: 1473409372 388254447 start: 1473409370 931679089
t_num: 21 finish: 1473409372 389553714 start: 1473409371 256193836
t_num: 20 finish: 1473409372 389635308 start: 1473409370 700060388
t_num: 13 finish: 1473409372 511861696 start: 1473409371 265740866
t_num: 26 finish: 1473409372 789745983 start: 1473409370 659346301
t_num: 10 finish: 1473409372 855484443 start: 1473409370 975996991
t_num: 7 finish: 1473409373 56014294 start: 1473409371 439752010
t_num: 14 finish: 1473409373 243546018 start: 1473409371 302872581
t_num: 9 finish: 1473409373 298084571 start: 1473409371 504906304
t_num: 29 finish: 1473409373 384702605 start: 1473409370 982908423
t_num: 23 finish: 1473409373 776733910 start: 1473409372 203848228
t_num: 0 finish: 1473409373 923487992 start: 1473409371 667242217
t_num: 16 finish: 1473409373 928361363 start: 1473409371 595248351
t_num: 20 finish: 1473409373 989420080 start: 1473409372 389653113
t_num: 26 finish: 1473409374 130456117 start: 1473409372 789792822
t_num: 17 finish: 1473409374 131014733 start: 1473409372 240977699
t_num: 5 finish: 1473409374 226381535 start: 1473409372 161463259
t_num: 28 finish: 1473409374 270574042 start: 1473409372 388291584
t_num: 27 finish: 1473409374 408555640 start: 1473409373 562773464
t_num: 29 finish: 1473409374 591800107 start: 1473409373 418426614
t_num: 15 finish: 1473409374 715904612 start: 1473409372 422663358
t_num: 21 finish: 1473409374 918491726 start: 1473409373 461414893
t_num: 7 finish: 1473409375 10726409 start: 1473409373 56059412
t_num: 3 finish: 1473409375 240902099 start: 1473409372 679234539
t_num: 8 finish: 1473409375 331226717 start: 1473409373 242463338
t_num: 24 finish: 1473409375 391021711 start: 1473409372 886389638
t_num: 22 finish: 1473409375 391026662 start: 1473409373 628414605
t_num: 20 finish: 1473409375 557697477 start: 1473409373 989439403
t_num: 10 finish: 1473409375 697793265 start: 1473409372 855523461
t_num: 16 finish: 1473409376 364214882 start: 1473409373 928380711
t_num: 26 finish: 1473409376 364279155 start: 1473409374 380778108
t_num: 0 finish: 1473409376 365261842 start: 1473409374 675333653
t_num: 21 finish: 1473409376 450315490 start: 1473409374 918520789
t_num: 13 finish: 1473409376 821357631 start: 1473409374 61701791
t_num: 17 finish: 1473409376 987531237 start: 1473409374 131035845
t_num: 27 finish: 1473409377 65322845 start: 1473409374 408590273
t_num: 23 finish: 1473409377 249247624 start: 1473409374 524321718
t_num: 14 finish: 1473409377 288049699 start: 1473409374 676058305
t_num: 25 finish: 1473409377 575724471 start: 1473409376 364280939
t_num: 24 finish: 1473409377 578003873 start: 1473409375 391049435
t_num: 7 finish: 1473409378 19840637 start: 1473409375 10757829
t_num: 22 finish: 1473409378 295994664 start: 1473409375 391061100
t_num: 3 finish: 1473409378 406624535 start: 1473409375 659326421
t_num: 20 finish: 1473409378 521336655 start: 1473409375 557731461
t_num: 10 finish: 1473409378 628029591 start: 1473409376 567736734
t_num: 11 finish: 1473409378 663582784 start: 1473409377 86592875
t_num: 28 finish: 1473409378 692366091 start: 1473409377 71487765
t_num: 1 finish: 1473409378 749973331 start: 1473409376 30842991
t_num: 29 finish: 1473409378 813820396 start: 1473409376 336661176
t_num: 16 finish: 1473409378 883461434 start: 1473409377 575755084
t_num: 19 finish: 1473409379 246630955 start: 1473409376 364319803
t_num: 2 finish: 1473409379 246635533 start: 1473409377 335275221
t_num: 26 finish: 1473409379 752138205 start: 1473409376 364297206
t_num: 14 finish: 1473409379 981860732 start: 1473409377 288089898
t_num: 8 finish: 1473409380 207507228 start: 1473409377 71548439
t_num: 31 finish: 1473409380 438827073 start: 1473409377 578709437
t_num: 0 finish: 1473409380 439569256 start: 1473409377 365062306
t_num: 1 finish: 1473409380 633034110 start: 1473409378 750013441
t_num: 3 finish: 1473409380 765433235 start: 1473409378 406676616
t_num: 17 finish: 1473409380 874536011 start: 1473409378 664457474
t_num: 22 finish: 1473409380 981238165 start: 1473409379 588366346
t_num: 11 finish: 1473409381 48646009 start: 1473409378 663630342
t_num: 14 finish: 1473409381 50479101 start: 1473409379 981909778
t_num: 18 finish: 1473409381 102709938 start: 1473409377 578683417
t_num: 20 finish: 1473409381 106360218 start: 1473409378 521379947
t_num: 24 finish: 1473409381 126073865 start: 1473409378 227480355
t_num: 29 finish: 1473409381 287195872 start: 1473409379 544092256
t_num: 7 finish: 1473409381 448955383 start: 1473409379 709590460
t_num: 2 finish: 1473409381 516464408 start: 1473409379 731201275
t_num: 1 finish: 1473409381 781785616 start: 1473409380 633077019
t_num: 8 finish: 1473409381 848974913 start: 1473409380 207554683
t_num: 10 finish: 1473409381 854962508 start: 1473409378 862992630
t_num: 17 finish: 1473409382 64403 start: 1473409380 874574111
t_num: 16 finish: 1473409382 277813393 start: 1473409378 883518686
t_num: 20 finish: 1473409382 316160322 start: 1473409381 106379174
t_num: 0 finish: 1473409382 316627057 start: 1473409381 105302838
t_num: 26 finish: 1473409382 693144783 start: 1473409379 752163053
t_num: 15 finish: 1473409382 789490150 start: 1473409381 105969268
t_num: 30 finish: 1473409382 790346442 start: 1473409381 844402830
t_num: 19 finish: 1473409383 12775194 start: 1473409381 105963597
t_num: 11 finish: 1473409383 12775159 start: 1473409381 516345915
t_num: 24 finish: 1473409383 230989283 start: 1473409381 126093714
t_num: 28 finish: 1473409383 417838512 start: 1473409381 449031734
t_num: 21 finish: 1473409383 417953803 start: 1473409382 693161663
t_num: 18 finish: 1473409383 418223020 start: 1473409381 102755329
t_num: 20 finish: 1473409383 611589697 start: 1473409382 316183451
t_num: 22 finish: 1473409383 655352994 start: 1473409381 848012037
t_num: 1 finish: 1473409383 809646898 start: 1473409381 781842654
t_num: 4 finish: 1473409383 819077849 start: 1473409382 317306325
t_num: 8 finish: 1473409383 819140906 start: 1473409381 849002714
t_num: 19 finish: 1473409384 236134164 start: 1473409383 12843214
t_num: 29 finish: 1473409384 250740248 start: 1473409383 611412300
t_num: 17 finish: 1473409384 528667613 start: 1473409382 98387
t_num: 11 finish: 1473409384 781623014 start: 1473409383 12859668
t_num: 30 finish: 1473409384 979242058 start: 1473409382 790367618
t_num: 0 finish: 1473409384 981198118 start: 1473409382 316646764
t_num: 7 finish: 1473409384 981477955 start: 1473409383 505478138
t_num: 2 finish: 1473409385 21953556 start: 1473409382 695764854
t_num: 16 finish: 1473409385 22785054 start: 1473409383 417867356
t_num: 26 finish: 1473409385 24693527 start: 1473409383 239364449
t_num: 18 finish: 1473409385 27062757 start: 1473409383 418242899
t_num: 21 finish: 1473409385 793629236 start: 1473409383 817025479
t_num: 8 finish: 1473409385 948542914 start: 1473409383 819157793
t_num: 28 finish: 1473409386 66841834 start: 1473409383 417914301
t_num: 24 finish: 1473409386 126896028 start: 1473409383 231032330
t_num: 29 finish: 1473409386 548656648 start: 1473409384 250757815
t_num: 7 finish: 1473409386 548680422 start: 1473409384 981497521
t_num: 6 finish: 1473409386 548707370 start: 1473409384 235890485
t_num: 1 finish: 1473409386 596232125 start: 1473409384 837384742
t_num: 19 finish: 1473409386 641640516 start: 1473409384 236161022
t_num: 4 finish: 1473409387 93496232 start: 1473409384 230924848
t_num: 23 finish: 1473409387 415823351 start: 1473409386 129609000
t_num: 20 finish: 1473409387 417994824 start: 1473409384 235988894
t_num: 22 finish: 1473409387 418255716 start: 1473409384 837303851
t_num: 8 finish: 1473409387 419145530 start: 1473409386 127781757
t_num: 11 finish: 1473409387 736745216 start: 1473409386 248189921
t_num: 9 finish: 1473409387 902226320 start: 1473409386 104024286
t_num: 18 finish: 1473409387 907335753 start: 1473409385 793653265
t_num: 16 finish: 1473409387 907869770 start: 1473409385 22821256
t_num: 26 finish: 1473409387 908088976 start: 1473409385 706772848
t_num: 0 finish: 1473409387 913703300 start: 1473409385 413230825
t_num: 21 finish: 1473409389 333993143 start: 1473409386 548687010
t_num: 6 finish: 1473409389 390468876 start: 1473409387 349204973
t_num: 13 finish: 1473409389 484561119 start: 1473409387 887775295
t_num: 8 finish: 1473409389 486601089 start: 1473409387 419158861
t_num: 26 finish: 1473409389 492813991 start: 1473409387 908104497
t_num: 4 finish: 1473409389 521194627 start: 1473409387 93539574
t_num: 19 finish: 1473409389 521225778 start: 1473409386 641668209
t_num: 17 finish: 1473409389 574408423 start: 1473409386 450405796
t_num: 23 finish: 1473409389 657996823 start: 1473409387 924264952
t_num: 15 finish: 1473409389 756459625 start: 1473409388 81315962
t_num: 3 finish: 1473409389 851713107 start: 1473409387 417994226
t_num: 24 finish: 1473409389 873703346 start: 1473409386 704648162
t_num: 29 finish: 1473409389 914929847 start: 1473409387 889357400
t_num: 20 finish: 1473409389 916861853 start: 1473409387 418032793
t_num: 16 finish: 1473409389 917612672 start: 1473409387 907892982
t_num: 18 finish: 1473409389 917786633 start: 1473409389 186565247
t_num: 27 finish: 1473409389 994676335 start: 1473409387 881831647
t_num: 6 finish: 1473409390 72492695 start: 1473409389 390495767
t_num: 21 finish: 1473409390 535038949 start: 1473409389 592569440
t_num: 25 finish: 1473409390 922299968 start: 1473409388 998774162
t_num: 22 finish: 1473409391 682039229 start: 1473409389 390232216
t_num: 0 finish: 1473409392 175543560 start: 1473409387 913724334
t_num: 4 finish: 1473409392 177021351 start: 1473409389 521214667
t_num: 13 finish: 1473409392 256915842 start: 1473409389 484601869
t_num: 17 finish: 1473409392 269827708 start: 1473409389 574454246
t_num: 18 finish: 1473409392 269848410 start: 1473409389 917818807
t_num: 30 finish: 1473409392 665188594 start: 1473409389 920732533
t_num: 1 finish: 1473409392 776700162 start: 1473409389 922052065
t_num: 26 finish: 1473409392 842883358 start: 1473409390 924108765
t_num: 19 finish: 1473409392 843703444 start: 1473409390 389449578
t_num: 27 finish: 1473409392 869476103 start: 1473409389 994718644
t_num: 10 finish: 1473409392 869839582 start: 1473409389 661008161
t_num: 17 finish: 1473409392 985728192 start: 1473409392 269852663
t_num: 16 finish: 1473409392 997147110 start: 1473409391 396020561
t_num: 21 finish: 1473409392 998079364 start: 1473409390 535064448
t_num: 20 finish: 1473409393 10141029 start: 1473409392 555559040
t_num: 9 finish: 1473409393 89720796 start: 1473409389 680526252
t_num: 15 finish: 1473409393 289258258 start: 1473409389 756491963
t_num: 22 finish: 1473409393 289553389 start: 1473409391 682081035
t_num: 29 finish: 1473409393 289669165 start: 1473409391 672405179
t_num: 30 finish: 1473409393 386476169 start: 1473409392 869864251
t_num: 3 finish: 1473409393 514580568 start: 1473409392 180298322
t_num: 19 finish: 1473409393 570969406 start: 1473409392 843723394
t_num: 4 finish: 1473409393 906273371 start: 1473409392 177043472
t_num: 5 finish: 1473409394 183479811 start: 1473409392 621500924
t_num: 28 finish: 1473409394 183528684 start: 1473409392 973362811
t_num: 18 finish: 1473409394 234752040 start: 1473409392 677269233
t_num: 1 finish: 1473409394 296222533 start: 1473409393 328170162
t_num: 23 finish: 1473409394 372002183 start: 1473409392 721896725
t_num: 20 finish: 1473409394 517571212 start: 1473409393 10162402
t_num: 9 finish: 1473409394 652554380 start: 1473409393 89747738
t_num: 26 finish: 1473409394 667581025 start: 1473409393 276283888
t_num: 0 finish: 1473409394 884506271 start: 1473409392 944210005
t_num: 27 finish: 1473409394 968390355 start: 1473409393 274261850
t_num: 10 finish: 1473409395 96860616 start: 1473409392 869878424
t_num: 21 finish: 1473409395 128668123 start: 1473409393 752575392
t_num: 15 finish: 1473409395 128668127 start: 1473409393 289281639
t_num: 12 finish: 1473409395 464769493 start: 1473409393 808186316
t_num: 7 finish: 1473409395 566603298 start: 1473409393 571115185
t_num: 14 finish: 1473409395 570308479 start: 1473409393 789980436
t_num: 30 finish: 1473409395 694920076 start: 1473409393 807579302
t_num: 3 finish: 1473409396 73774992 start: 1473409393 514617953
t_num: 23 finish: 1473409396 138532059 start: 1473409394 372027109
t_num: 2 finish: 1473409396 599651803 start: 1473409394 371624493
t_num: 5 finish: 1473409396 776425446 start: 1473409394 438357616
t_num: 31 finish: 1473409396 812504045 start: 1473409395 462678129
t_num: 15 finish: 1473409396 839298754 start: 1473409395 128725059
t_num: 10 finish: 1473409396 932251822 start: 1473409396 23478696
t_num: 13 finish: 1473409396 932953293 start: 1473409394 652576942
t_num: 18 finish: 1473409397 223621407 start: 1473409395 374762715
t_num: 27 finish: 1473409397 523538503 start: 1473409394 968431409
t_num: 22 finish: 1473409397 523577069 start: 1473409394 651567080
t_num: 26 finish: 1473409397 559638143 start: 1473409394 667603221
t_num: 14 finish: 1473409397 562721543 start: 1473409396 420636099
t_num: 4 finish: 1473409397 667545159 start: 1473409396 572249162
t_num: 21 finish: 1473409397 905612554 start: 1473409395 128705889
t_num: 23 finish: 1473409398 504784608 start: 1473409396 138566404
t_num: 3 finish: 1473409398 650030132 start: 1473409396 73851170
t_num: 2 finish: 1473409398 724815689 start: 1473409396 599676543
t_num: 5 finish: 1473409398 996736590 start: 1473409396 776461845
t_num: 12 finish: 1473409399 41215668 start: 1473409396 311798973
t_num: 9 finish: 1473409399 75439872 start: 1473409396 599609228
t_num: 10 finish: 1473409399 120954491 start: 1473409396 932295923
t_num: 0 finish: 1473409399 217401729 start: 1473409397 559854135
t_num: 25 finish: 1473409399 645698937 start: 1473409398 389979181
t_num: 31 finish: 1473409399 934106499 start: 1473409397 523780221
t_num: 15 finish: 1473409400 73309267 start: 1473409397 818138908
t_num: 23 finish: 1473409400 73480902 start: 1473409398 683899907
t_num: 14 finish: 1473409400 274756282 start: 1473409397 562742046
t_num: 13 finish: 1473409400 441217310 start: 1473409396 932974971
t_num: 20 finish: 1473409400 443067803 start: 1473409398 350909564
t_num: 26 finish: 1473409400 591919636 start: 1473409397 905518976
t_num: 28 finish: 1473409400 809911139 start: 1473409398 298034329
t_num: 9 finish: 1473409400 947088327 start: 1473409399 75486230
t_num: 8 finish: 1473409401 129520437 start: 1473409399 81632522
t_num: 2 finish: 1473409401 129704434 start: 1473409399 250673045
t_num: 22 finish: 1473409401 249978562 start: 1473409398 617153741
t_num: 5 finish: 1473409401 524311140 start: 1473409398 996766311
t_num: 14 finish: 1473409401 582025325 start: 1473409400 274811618
t_num: 0 finish: 1473409401 649180010 start: 1473409399 217428940
t_num: 11 finish: 1473409401 649258337 start: 1473409399 645820763
t_num: 27 finish: 1473409401 935577508 start: 1473409398 336301182
t_num: 23 finish: 1473409401 936766270 start: 1473409400 73499663
t_num: 29 finish: 1473409402 205903712 start: 1473409399 497017063
t_num: 12 finish: 1473409402 384666900 start: 1473409400 32089938
t_num: 4 finish: 1473409402 704471853 start: 1473409400 27153860
t_num: 6 finish: 1473409402 751039360 start: 1473409400 37951735
t_num: 18 finish: 1473409402 751764592 start: 1473409400 523627839
t_num: 0 finish: 1473409402 955575805 start: 1473409401 649212756
t_num: 17 finish: 1473409403 95079204 start: 1473409400 893229856
t_num: 11 finish: 1473409403 230591871 start: 1473409401 649276068
t_num: 8 finish: 1473409403 283514977 start: 1473409401 129565936
t_num: 20 finish: 1473409403 286103318 start: 1473409400 443088596
t_num: 2 finish: 1473409403 292362711 start: 1473409401 129725220
t_num: 19 finish: 1473409403 532194568 start: 1473409401 917477567
t_num: 9 finish: 1473409403 635943886 start: 1473409402 420128524
t_num: 12 finish: 1473409403 680868915 start: 1473409402 384691516
t_num: 31 finish: 1473409403 737364043 start: 1473409401 918417477
t_num: 13 finish: 1473409403 830120767 start: 1473409401 850910283
t_num: 4 finish: 1473409404 231097283 start: 1473409402 704516409
t_num: 8 finish: 1473409404 360393406 start: 1473409403 283540928
t_num: 9 finish: 1473409404 390697512 start: 1473409403 635981828
t_num: 24 finish: 1473409404 392057878 start: 1473409402 363232403
t_num: 23 finish: 1473409404 425788293 start: 1473409401 936788555
t_num: 14 finish: 1473409404 490210701 start: 1473409402 725720791
t_num: 22 finish: 1473409404 519048660 start: 1473409402 265707089
t_num: 6 finish: 1473409404 808265714 start: 1473409403 231301311
t_num: 28 finish: 1473409404 849973987 start: 1473409402 441953036
t_num: 7 finish: 1473409404 884141015 start: 1473409402 527189282
t_num: 25 finish: 1473409405 699104944 start: 1473409403 926908045
t_num: 20 finish: 1473409405 762118374 start: 1473409403 286120333
t_num: 0 finish: 1473409405 806682647 start: 1473409403 988866197
t_num: 18 finish: 1473409405 806741257 start: 1473409404 489419449
t_num: 2 finish: 1473409405 895651923 start: 1473409403 345226583
t_num: 13 finish: 1473409406 3446206 start: 1473409403 830148953
t_num: 17 finish: 1473409406 3542749 start: 1473409403 988134514
t_num: 8 finish: 1473409406 3921519 start: 1473409404 360437842
t_num: 21 finish: 1473409406 209221157 start: 1473409404 230514734
t_num: 19 finish: 1473409406 242909257 start: 1473409403 532240295
t_num: 11 finish: 1473409406 303257256 start: 1473409404 71956500
t_num: 10 finish: 1473409406 438547666 start: 1473409404 807613178
t_num: 16 finish: 1473409406 775571036 start: 1473409405 734106693
t_num: 31 finish: 1473409406 792157486 start: 1473409404 490275116
t_num: 24 finish: 1473409407 60413762 start: 1473409405 219262727
t_num: 9 finish: 1473409407 203337921 start: 1473409404 390719710
t_num: 23 finish: 1473409407 390756505 start: 1473409406 244043355
t_num: 28 finish: 1473409407 414159365 start: 1473409405 620450220
t_num: 1 finish: 1473409407 414550092 start: 1473409405 24948955
t_num: 6 finish: 1473409407 439221626 start: 1473409404 808293790
t_num: 22 finish: 1473409407 528449232 start: 1473409405 93482430
t_num: 7 finish: 1473409407 834391965 start: 1473409405 339374341
t_num: 2 finish: 1473409408 165839840 start: 1473409405 895692509
t_num: 24 finish: 1473409408 166039726 start: 1473409407 60454976
t_num: 17 finish: 1473409408 166055572 start: 1473409406 3563159
t_num: 8 finish: 1473409408 166612009 start: 1473409406 3942406
t_num: 25 finish: 1473409408 166879402 start: 1473409405 699150077
t_num: 4 finish: 1473409408 798930633 start: 1473409407 61879539
t_num: 9 finish: 1473409408 800574912 start: 1473409407 927969448
t_num: 21 finish: 1473409408 887890507 start: 1473409406 904166155
t_num: 19 finish: 1473409408 946262186 start: 1473409407 149857312
t_num: 18 finish: 1473409409 120107187 start: 1473409407 490052403
t_num: 28 finish: 1473409409 172593767 start: 1473409407 414192357
t_num: 11 finish: 1473409409 471029108 start: 1473409407 136143554
t_num: 24 finish: 1473409409 571882120 start: 1473409408 166058768
t_num: 23 finish: 1473409409 644007633 start: 1473409407 390800138
t_num: 7 finish: 1473409410 60362421 start: 1473409407 834432105
t_num: 22 finish: 1473409410 388774533 start: 1473409407 528492797
t_num: 4 finish: 1473409410 426229912 start: 1473409408 798974005
t_num: 9 finish: 1473409411 243726158 start: 1473409408 983990792
t_num: 0 finish: 1473409411 244955504 start: 1473409407 715942193
t_num: 19 finish: 1473409411 313731198 start: 1473409408 946348531
t_num: 28 finish: 1473409411 437711972 start: 1473409409 794896910
t_num: 12 finish: 1473409411 637367600 start: 1473409408 372309278
t_num: 17 finish: 1473409411 690020168 start: 1473409408 166072671
t_num: 21 finish: 1473409411 766589550 start: 1473409408 887931011
t_num: 18 finish: 1473409411 767372718 start: 1473409409 120142993
t_num: 26 finish: 1473409411 767431803 start: 1473409409 761286008
t_num: 1 finish: 1473409411 984526210 start: 1473409408 981933013
t_num: 6 finish: 1473409412 36483327 start: 1473409410 815064176
t_num: 8 finish: 1473409412 370610840 start: 1473409409 213541300
t_num: 25 finish: 1473409412 396544718 start: 1473409409 470979712
t_num: 7 finish: 1473409412 645518117 start: 1473409410 940412568
t_num: 28 finish: 1473409412 692993128 start: 1473409411 437766135
t_num: 5 finish: 1473409412 785506670 start: 1473409410 282388509
t_num: 22 finish: 1473409412 821437623 start: 1473409412 86308054
t_num: 19 finish: 1473409412 999661633 start: 1473409411 313773961
t_num: 29 finish: 1473409413 86170078 start: 1473409411 445409992
t_num: 8 finish: 1473409413 179789700 start: 1473409412 370649362
t_num: 17 finish: 1473409413 282847546 start: 1473409411 690053077
t_num: 0 finish: 1473409413 394002883 start: 1473409412 96970293
t_num: 2 finish: 1473409413 428370115 start: 1473409411 488049850
t_num: 27 finish: 1473409413 477529344 start: 1473409411 439845818
t_num: 18 finish: 1473409413 852446509 start: 1473409411 767407341
t_num: 24 finish: 1473409414 165397369 start: 1473409411 789240865
t_num: 1 finish: 1473409414 225274330 start: 1473409411 984570890
t_num: 12 finish: 1473409414 309832772 start: 1473409411 637411973
t_num: 14 finish: 1473409414 309901937 start: 1473409412 468308609
t_num: 29 finish: 1473409414 311233014 start: 1473409413 86202346
t_num: 9 finish: 1473409414 384077537 start: 1473409411 767877395
t_num: 0 finish: 1473409414 539398761 start: 1473409413 394048238
t_num: 25 finish: 1473409414 707279006 start: 1473409412 396568514
t_num: 22 finish: 1473409414 800164899 start: 1473409412 821462128
t_num: 26 finish: 1473409415 102116202 start: 1473409413 284322719
t_num: 19 finish: 1473409415 739850653 start: 1473409413 978967159
t_num: 17 finish: 1473409415 742847128 start: 1473409413 282895194
t_num: 9 finish: 1473409415 768673769 start: 1473409414 384110941
t_num: 28 finish: 1473409415 976108244 start: 1473409412 693036434
t_num: 12 finish: 1473409416 25510157 start: 1473409414 309860119
t_num: 2 finish: 1473409416 25524386 start: 1473409414 245594114
t_num: 27 finish: 1473409416 114871402 start: 1473409413 947699570
t_num: 14 finish: 1473409416 180159705 start: 1473409414 309916612
t_num: 3 finish: 1473409416 286261311 start: 1473409413 648170748
t_num: 25 finish: 1473409416 348652576 start: 1473409414 707314464
t_num: 5 finish: 1473409416 349160724 start: 1473409414 33272034
t_num: 23 finish: 1473409416 567113212 start: 1473409413 430485689
t_num: 29 finish: 1473409416 667865034 start: 1473409414 566318257
t_num: 10 finish: 1473409416 723108751 start: 1473409413 852940768
t_num: 15 finish: 1473409416 786905216 start: 1473409414 285351495
t_num: 7 finish: 1473409416 830285253 start: 1473409414 234154194
t_num: 19 finish: 1473409416 831228301 start: 1473409415 739892748
t_num: 22 finish: 1473409416 852450512 start: 1473409415 436855779
t_num: 11 finish: 1473409417 191113762 start: 1473409415 815003100
t_num: 2 finish: 1473409417 239849177 start: 1473409416 25600655
t_num: 13 finish: 1473409417 583031321 start: 1473409415 436823058
t_num: 1 finish: 1473409418 203187720 start: 1473409416 25573186
t_num: 24 finish: 1473409418 243585887 start: 1473409415 105883749
t_num: 28 finish: 1473409418 243603215 start: 1473409415 976143830
t_num: 25 finish: 1473409418 243618858 start: 1473409416 348696403
t_num: 7 finish: 1473409418 466208753 start: 1473409417 155392284
t_num: 27 finish: 1473409418 804001193 start: 1473409416 114906373
t_num: 12 finish: 1473409418 925846930 start: 1473409416 812883455
t_num: 31 finish: 1473409418 925854710 start: 1473409416 470871155
t_num: 30 finish: 1473409418 925949715 start: 1473409416 958599949
t_num: 19 finish: 1473409419 75370847 start: 1473409416 831248259
t_num: 17 finish: 1473409419 137099862 start: 1473409417 503706858
t_num: 15 finish: 1473409419 279641572 start: 1473409417 155436320
t_num: 4 finish: 1473409419 302428727 start: 1473409416 875353242
t_num: 22 finish: 1473409419 347422941 start: 1473409416 852477304
t_num: 29 finish: 1473409419 391845422 start: 1473409416 974904146
t_num: 7 finish: 1473409419 511125183 start: 1473409418 466251142
t_num: 13 finish: 1473409419 559411070 start: 1473409417 583076517
t_num: 14 finish: 1473409419 560545754 start: 1473409416 911877350
t_num: 5 finish: 1473409419 560607725 start: 1473409416 349182140
t_num: 10 finish: 1473409419 988872222 start: 1473409417 156528556
t_num: 2 finish: 1473409420 242239101 start: 1473409419 75357812
t_num: 21 finish: 1473409420 416617999 start: 1473409419 156165271
t_num: 7 finish: 1473409420 912779024 start: 1473409419 511176940
t_num: 6 finish: 1473409420 954894739 start: 1473409418 306130815
t_num: 1 finish: 1473409421 19065093 start: 1473409419 664400471
t_num: 17 finish: 1473409421 436659360 start: 1473409419 137125011
t_num: 25 finish: 1473409421 708443893 start: 1473409420 129083400
t_num: 30 finish: 1473409421 708519984 start: 1473409419 94065547
t_num: 9 finish: 1473409421 708699792 start: 1473409419 663484018
t_num: 27 finish: 1473409421 805105531 start: 1473409418 804062433
t_num: 16 finish: 1473409421 898844683 start: 1473409419 162358488
t_num: 5 finish: 1473409422 398958053 start: 1473409419 560626546
t_num: 28 finish: 1473409422 449445352 start: 1473409419 450918034
t_num: 13 finish: 1473409422 481049386 start: 1473409420 402015338
t_num: 14 finish: 1473409422 853711475 start: 1473409420 57224024
t_num: 10 finish: 1473409422 908436888 start: 1473409419 988915992
t_num: 31 finish: 1473409422 949616866 start: 1473409421 708900973
t_num: 15 finish: 1473409423 8066874 start: 1473409419 560311015
t_num: 20 finish: 1473409423 145788165 start: 1473409420 628809919
t_num: 21 finish: 1473409423 162002809 start: 1473409420 416642830
t_num: 4 finish: 1473409423 366509166 start: 1473409422 153050898
t_num: 29 finish: 1473409423 411873555 start: 1473409421 707464769
t_num: 6 finish: 1473409423 623421951 start: 1473409421 435352625
t_num: 25 finish: 1473409423 625401473 start: 1473409421 708473045
t_num: 7 finish: 1473409423 625408732 start: 1473409421 751179991
t_num: 30 finish: 1473409424 488945260 start: 1473409421 708536395
t_num: 0 finish: 1473409424 489738415 start: 1473409422 768385020
t_num: 22 finish: 1473409424 490004982 start: 1473409422 708496436
t_num: 15 finish: 1473409424 490728488 start: 1473409423 8104264
t_num: 5 finish: 1473409424 589157034 start: 1473409422 783811980
t_num: 13 finish: 1473409424 622039662 start: 1473409422 481067376
t_num: 26 finish: 1473409424 653746723 start: 1473409422 896859985
t_num: 11 finish: 1473409424 653746722 start: 1473409422 707216014
t_num: 8 finish: 1473409424 808003672 start: 1473409423 371241659
t_num: 25 finish: 1473409424 981496465 start: 1473409423 625423496
t_num: 21 finish: 1473409425 122234164 start: 1473409424 378855741
t_num: 14 finish: 1473409425 149053794 start: 1473409422 853762417
t_num: 23 finish: 1473409425 176488815 start: 1473409421 898863267
t_num: 17 finish: 1473409425 236206754 start: 1473409424 363311771
t_num: 20 finish: 1473409425 341702099 start: 1473409423 549760860
t_num: 16 finish: 1473409425 342466950 start: 1473409423 603558696
t_num: 9 finish: 1473409425 611785103 start: 1473409422 670175166
t_num: 6 finish: 1473409425 684228689 start: 1473409423 623452942
t_num: 18 finish: 1473409425 838604302 start: 1473409424 591461603
t_num: 7 finish: 1473409426 204182899 start: 1473409423 625443182
t_num: 15 finish: 1473409426 269606979 start: 1473409424 490746839
t_num: 4 finish: 1473409426 433315972 start: 1473409424 590005516
t_num: 5 finish: 1473409426 602464984 start: 1473409424 641799847
t_num: 16 finish: 1473409426 764929882 start: 1473409425 342486927
t_num: 11 finish: 1473409426 765009011 start: 1473409425 108249528
t_num: 0 finish: 1473409426 765105538 start: 1473409424 489759682
t_num: 22 finish: 1473409426 818279262 start: 1473409424 750557636
t_num: 12 finish: 1473409427 70783000 start: 1473409425 655261143
t_num: 25 finish: 1473409427 70830223 start: 1473409424 981536591
t_num: 8 finish: 1473409427 258901040 start: 1473409424 808049388
t_num: 2 finish: 1473409427 365352992 start: 1473409425 53014276
t_num: 17 finish: 1473409427 509535308 start: 1473409425 236233402
t_num: 5 finish: 1473409427 509822534 start: 1473409426 602502033
t_num: 30 finish: 1473409427 728224651 start: 1473409425 653513487
t_num: 6 finish: 1473409427 770583957 start: 1473409425 981538693
t_num: 4 finish: 1473409427 770604524 start: 1473409426 433373703
t_num: 23 finish: 1473409427 836674459 start: 1473409426 516193549
t_num: 1 finish: 1473409427 869477927 start: 1473409426 764306094
t_num: 26 finish: 1473409427 869666242 start: 1473409425 655319420
t_num: 14 finish: 1473409427 870527949 start: 1473409425 653901589
t_num: 13 finish: 1473409428 214366088 start: 1473409426 763631546
t_num: 25 finish: 1473409428 327541732 start: 1473409427 70877459
t_num: 15 finish: 1473409428 327548302 start: 1473409426 763606851
t_num: 24 finish: 1473409428 354634035 start: 1473409426 471322853
t_num: 29 finish: 1473409428 495573820 start: 1473409426 654976702
t_num: 12 finish: 1473409428 993782380 start: 1473409427 70852176
t_num: 17 finish: 1473409429 369942452 start: 1473409427 509579365
t_num: 5 finish: 1473409429 617020744 start: 1473409427 509840285
t_num: 8 finish: 1473409430 4652944 start: 1473409427 258945080
t_num: 15 finish: 1473409430 186230486 start: 1473409428 327604526
t_num: 12 finish: 1473409430 259345434 start: 1473409428 993824853
t_num: 2 finish: 1473409430 278364826 start: 1473409428 428301042
t_num: 4 finish: 1473409430 288667591 start: 1473409427 770620032
t_num: 22 finish: 1473409430 437535702 start: 1473409428 771933537
t_num: 23 finish: 1473409430 481363537 start: 1473409427 836699171
t_num: 0 finish: 1473409430 771100497 start: 1473409429 80648994
t_num: 6 finish: 1473409430 835433627 start: 1473409428 494934419
t_num: 1 finish: 1473409430 977318209 start: 1473409427 869505210
t_num: 5 finish: 1473409431 13255293 start: 1473409429 617055464
t_num: 13 finish: 1473409431 173538415 start: 1473409428 214405259
t_num: 14 finish: 1473409431 176000977 start: 1473409428 771674895
t_num: 29 finish: 1473409431 507066980 start: 1473409429 42289745
t_num: 19 finish: 1473409431 550971550 start: 1473409429 560384951
t_num: 22 finish: 1473409431 645992824 start: 1473409430 437564263
t_num: 12 finish: 1473409431 826963080 start: 1473409430 259399565
t_num: 9 finish: 1473409431 834824347 start: 1473409430 358720669
t_num: 31 finish: 1473409432 23962199 start: 1473409430 148242763
t_num: 17 finish: 1473409432 218231716 start: 1473409430 428955724
t_num: 24 finish: 1473409432 317983147 start: 1473409429 42310967
t_num: 8 finish: 1473409432 531992037 start: 1473409430 4687850
t_num: 1 finish: 1473409432 643314780 start: 1473409430 977363354
t_num: 0 finish: 1473409432 658974911 start: 1473409430 771165468
t_num: 5 finish: 1473409432 707346537 start: 1473409431 13276715
t_num: 20 finish: 1473409432 923280336 start: 1473409431 550218715
t_num: 13 finish: 1473409433 370152963 start: 1473409431 173581130
t_num: 23 finish: 1473409433 424069638 start: 1473409432 57179163
t_num: 2 finish: 1473409433 632654157 start: 1473409430 278398721
t_num: 19 finish: 1473409433 671228239 start: 1473409431 550995143
t_num: 4 finish: 1473409433 671277286 start: 1473409431 12571007
t_num: 10 finish: 1473409433 671922088 start: 1473409430 989006790
t_num: 14 finish: 1473409433 735686373 start: 1473409432 90772875
t_num: 6 finish: 1473409433 924837924 start: 1473409430 835464710
t_num: 22 finish: 1473409433 940172710 start: 1473409431 646026477
t_num: 31 finish: 1473409434 380419120 start: 1473409432 24008051
t_num: 20 finish: 1473409434 495924333 start: 1473409432 923318135
t_num: 8 finish: 1473409434 561255663 start: 1473409432 532027024
t_num: 25 finish: 1473409434 632161966 start: 1473409432 114510270
t_num: 11 finish: 1473409434 634404419 start: 1473409433 70529808
t_num: 0 finish: 1473409434 646204032 start: 1473409432 658998503
t_num: 9 finish: 1473409434 664176763 start: 1473409431 834847709
t_num: 19 finish: 1473409434 712070820 start: 1473409433 671255114
t_num: 1 finish: 1473409434 796811745 start: 1473409433 736813890
t_num: 30 finish: 1473409434 935181376 start: 1473409432 115229468
t_num: 22 finish: 1473409435 76883567 start: 1473409433 940189509
t_num: 23 finish: 1473409435 677728740 start: 1473409434 326339745
t_num: 7 finish: 1473409435 729881193 start: 1473409433 762355631
t_num: 10 finish: 1473409435 748359478 start: 1473409433 671939716
t_num: 2 finish: 1473409435 850818319 start: 1473409433 632697356
t_num: 6 finish: 1473409436 67944663 start: 1473409434 855649199
t_num: 27 finish: 1473409436 144704313 start: 1473409434 841647266
t_num: 25 finish: 1473409436 605477943 start: 1473409434 632195592
t_num: 30 finish: 1473409436 641403566 start: 1473409434 935203053
t_num: 8 finish: 1473409436 641731753 start: 1473409435 592772289
t_num: 4 finish: 1473409436 651099993 start: 1473409434 326536124
t_num: 14 finish: 1473409436 652090255 start: 1473409434 325710988
t_num: 13 finish: 1473409436 670675734 start: 1473409435 309350084
t_num: 11 finish: 1473409437 241177613 start: 1473409434 634421272
t_num: 27 finish: 1473409437 241856515 start: 1473409436 144737380
t_num: 17 finish: 1473409437 241860700 start: 1473409435 309407714
t_num: 24 finish: 1473409437 241873370 start: 1473409434 973709858
t_num: 20 finish: 1473409437 415315092 start: 1473409434 495990709
t_num: 6 finish: 1473409437 912377039 start: 1473409436 67979089
t_num: 4 finish: 1473409438 242686909 start: 1473409436 651121290
t_num: 13 finish: 1473409438 350462616 start: 1473409436 670712074
t_num: 7 finish: 1473409438 350882685 start: 1473409435 729928058
t_num: 2 finish: 1473409438 392639355 start: 1473409435 850853311
t_num: 25 finish: 1473409438 685102101 start: 1473409436 605521222
t_num: 9 finish: 1473409438 863771615 start: 1473409436 459622313
t_num: 1 finish: 1473409438 865128500 start: 1473409436 946362339
t_num: 30 finish: 1473409438 869428140 start: 1473409437 298894204
t_num: 23 finish: 1473409438 907270858 start: 1473409436 812069314
t_num: 19 finish: 1473409438 950045374 start: 1473409437 229294945
t_num: 21 finish: 1473409438 950054467 start: 1473409437 285640068
t_num: 4 finish: 1473409438 950115674 start: 1473409438 242725339
t_num: 8 finish: 1473409439 183687001 start: 1473409437 742147750
t_num: 26 finish: 1473409439 414989588 start: 1473409436 748140206
t_num: 17 finish: 1473409439 627474059 start: 1473409437 241905440
t_num: 10 finish: 1473409439 671272139 start: 1473409435 748388474
t_num: 29 finish: 1473409439 675577713 start: 1473409437 903675133
t_num: 27 finish: 1473409439 892859288 start: 1473409437 742118845
t_num: 24 finish: 1473409440 178451304 start: 1473409437 241886349
t_num: 15 finish: 1473409440 352609196 start: 1473409438 927466062
t_num: 26 finish: 1473409440 683431349 start: 1473409439 415029140
t_num: 25 finish: 1473409440 704377393 start: 1473409438 685146968
t_num: 22 finish: 1473409440 833887627 start: 1473409438 826320837
t_num: 13 finish: 1473409440 880399036 start: 1473409438 350509867
t_num: 12 finish: 1473409440 969320480 start: 1473409439 540483495
t_num: 30 finish: 1473409441 399457135 start: 1473409438 869449616
t_num: 26 finish: 1473409441 560298500 start: 1473409440 683470940
t_num: 16 finish: 1473409441 658627859 start: 1473409440 494648157
t_num: 4 finish: 1473409441 742292248 start: 1473409439 540281043
t_num: 9 finish: 1473409441 742388700 start: 1473409439 671333950
t_num: 21 finish: 1473409441 871241205 start: 1473409440 33979931
t_num: 8 finish: 1473409441 871261252 start: 1473409439 183733191
t_num: 1 finish: 1473409441 971895433 start: 1473409439 537366333
t_num: 18 finish: 1473409441 972544576 start: 1473409439 713900671
t_num: 0 finish: 1473409442 96821674 start: 1473409439 671774463
t_num: 24 finish: 1473409442 147948009 start: 1473409440 178488679
t_num: 29 finish: 1473409442 214308269 start: 1473409439 675598574
t_num: 23 finish: 1473409442 223365723 start: 1473409440 234998131
t_num: 7 finish: 1473409442 326978244 start: 1473409440 684010149
t_num: 14 finish: 1473409442 506021780 start: 1473409440 936665217
t_num: 13 finish: 1473409442 798248443 start: 1473409440 880423980
t_num: 17 finish: 1473409443 280504286 start: 1473409440 115342700
t_num: 30 finish: 1473409443 558234045 start: 1473409441 399502614
t_num: 27 finish: 1473409443 778364159 start: 1473409441 560248816
t_num: 1 finish: 1473409443 778943539 start: 1473409442 534128165
t_num: 26 finish: 1473409444 113332 start: 1473409441 560320144
t_num: 8 finish: 1473409444 134061016 start: 1473409441 871350256
t_num: 19 finish: 1473409444 332193731 start: 1473409442 795093471
t_num: 7 finish: 1473409444 380902912 start: 1473409442 327011203
t_num: 24 finish: 1473409444 380910134 start: 1473409442 670739879
t_num: 29 finish: 1473409444 381155176 start: 1473409442 214334678
t_num: 14 finish: 1473409444 381874076 start: 1473409442 506062547
t_num: 21 finish: 1473409444 509465957 start: 1473409441 871331550
t_num: 16 finish: 1473409444 579006418 start: 1473409441 658672939
t_num: 0 finish: 1473409444 745303607 start: 1473409442 96859792
t_num: 28 finish: 1473409444 969791256 start: 1473409441 956169949
t_num: 4 finish: 1473409445 187189296 start: 1473409443 714605820
t_num: 27 finish: 1473409445 862346624 start: 1473409443 778402649
t_num: 31 finish: 1473409445 922763068 start: 1473409443 193656199
t_num: 18 finish: 1473409446 372101338 start: 1473409441 972562097
t_num: 11 finish: 1473409446 372409360 start: 1473409444 767868086
t_num: 9 finish: 1473409446 372434038 start: 1473409443 600848994
t_num: 1 finish: 1473409446 372576224 start: 1473409443 778963368
t_num: 30 finish: 1473409446 372928042 start: 1473409443 558272935
t_num: 15 finish: 1473409446 423224234 start: 1473409443 135153228
t_num: 28 finish: 1473409446 657850253 start: 1473409444 969859931
t_num: 7 finish: 1473409446 704806374 start: 1473409444 380943939
t_num: 8 finish: 1473409446 830574121 start: 1473409444 134104162
t_num: 12 finish: 1473409446 914471223 start: 1473409445 807617546
t_num: 24 finish: 1473409447 78215423 start: 1473409444 380980086
t_num: 21 finish: 1473409447 246316877 start: 1473409444 509495554
t_num: 28 finish: 1473409448 2508260 start: 1473409446 657895704
t_num: 16 finish: 1473409448 23053496 start: 1473409445 655528610
t_num: 19 finish: 1473409448 63766494 start: 1473409445 390599374
t_num: 1 finish: 1473409448 65614378 start: 1473409446 372594746
t_num: 11 finish: 1473409448 79798751 start: 1473409446 372430790
t_num: 27 finish: 1473409448 79849265 start: 1473409446 102748819
t_num: 14 finish: 1473409448 116614904 start: 1473409446 131652805
t_num: 0 finish: 1473409448 499442014 start: 1473409444 745341311
t_num: 26 finish: 1473409448 499713442 start: 1473409445 718142378
t_num: 2 finish: 1473409448 499761710 start: 1473409446 349015186
t_num: 10 finish: 1473409448 499814830 start: 1473409446 827403359
t_num: 9 finish: 1473409448 499848342 start: 1473409446 705101517
t_num: 13 finish: 1473409448 501027345 start: 1473409445 653796780
t_num: 4 finish: 1473409448 501185075 start: 1473409445 807639348
t_num: 5 finish: 1473409448 501911198 start: 1473409446 705060742
t_num: 15 finish: 1473409448 575495462 start: 1473409446 423242829
t_num: 31 finish: 1473409450 138926843 start: 1473409446 375948505
t_num: 11 finish: 1473409450 139602695 start: 1473409448 79818271
t_num: 18 finish: 1473409450 216646001 start: 1473409447 461296845
t_num: 1 finish: 1473409450 328168002 start: 1473409448 65634795
t_num: 26 finish: 1473409450 455088854 start: 1473409448 499732569
t_num: 25 finish: 1473409450 486903998 start: 1473409448 576343399
t_num: 28 finish: 1473409450 782167284 start: 1473409448 2552404
t_num: 23 finish: 1473409451 74287764 start: 1473409449 90292429
t_num: 30 finish: 1473409451 144529888 start: 1473409448 177949320
t_num: 6 finish: 1473409451 238592862 start: 1473409445 922841873
t_num: 13 finish: 1473409451 238685648 start: 1473409449 845689367
t_num: 10 finish: 1473409451 238726276 start: 1473409448 499830093
t_num: 16 finish: 1473409451 324437287 start: 1473409449 128257183
t_num: 24 finish: 1473409451 479492613 start: 1473409448 80183399
t_num: 2 finish: 1473409451 825402890 start: 1473409448 994343116
t_num: 0 finish: 1473409451 825474375 start: 1473409448 499486866
t_num: 4 finish: 1473409451 865492157 start: 1473409448 501204850
t_num: 22 finish: 1473409451 866391133 start: 1473409450 264994668
t_num: 9 finish: 1473409451 866590206 start: 1473409449 416511390
t_num: 5 finish: 1473409452 12725225 start: 1473409450 261670467
t_num: 25 finish: 1473409452 337146912 start: 1473409450 486925378
t_num: 27 finish: 1473409452 338370623 start: 1473409450 142667617
t_num: 31 finish: 1473409452 482994596 start: 1473409451 17589451
t_num: 14 finish: 1473409452 586620611 start: 1473409449 894327262
t_num: 9 finish: 1473409452 888791675 start: 1473409451 866609111
t_num: 10 finish: 1473409452 940456223 start: 1473409451 238757194
t_num: 26 finish: 1473409453 2442059 start: 1473409451 480790283
t_num: 19 finish: 1473409453 238259318 start: 1473409450 538653774
t_num: 30 finish: 1473409453 690063878 start: 1473409451 144585282
t_num: 29 finish: 1473409453 809060267 start: 1473409451 932362217
t_num: 23 finish: 1473409453 905647523 start: 1473409451 714504491
t_num: 1 finish: 1473409453 908961405 start: 1473409451 321212053
t_num: 2 finish: 1473409454 94544453 start: 1473409451 825432424
t_num: 6 finish: 1473409454 262413256 start: 1473409451 238649503
t_num: 14 finish: 1473409454 275355980 start: 1473409452 586654165
t_num: 0 finish: 1473409454 276673820 start: 1473409452 855983717
t_num: 27 finish: 1473409454 276846877 start: 1473409452 338391692
t_num: 16 finish: 1473409454 701685750 start: 1473409452 341718132
t_num: 17 finish: 1473409455 147579350 start: 1473409453 249961006
t_num: 26 finish: 1473409455 148774156 start: 1473409453 2520389
t_num: 28 finish: 1473409455 149353430 start: 1473409451 976264105
t_num: 31 finish: 1473409455 149541032 start: 1473409452 483028918
t_num: 12 finish: 1473409455 218924627 start: 1473409453 646046459
t_num: 14 finish: 1473409455 506546685 start: 1473409454 275378915
t_num: 1 finish: 1473409455 620620629 start: 1473409453 908980358
t_num: 20 finish: 1473409455 819449777 start: 1473409454 701484007
t_num: 29 finish: 1473409455 838681435 start: 1473409453 809088825
t_num: 19 finish: 1473409455 936278539 start: 1473409453 238297631
t_num: 30 finish: 1473409456 36486047 start: 1473409453 690090840
t_num: 3 finish: 1473409456 214933072 start: 1473409454 811912546
t_num: 22 finish: 1473409456 259902397 start: 1473409453 755603590
t_num: 12 finish: 1473409456 390649522 start: 1473409455 218951177
t_num: 2 finish: 1473409456 419244142 start: 1473409454 94576329
t_num: 17 finish: 1473409456 478783268 start: 1473409455 634627528
t_num: 27 finish: 1473409456 690027029 start: 1473409454 276867010
t_num: 15 finish: 1473409456 996393127 start: 1473409456 153085689
t_num: 24 finish: 1473409457 111368074 start: 1473409453 905623432
t_num: 14 finish: 1473409457 324005081 start: 1473409456 334629970
t_num: 11 finish: 1473409457 325328966 start: 1473409455 626701323
t_num: 28 finish: 1473409457 347173319 start: 1473409456 686784918
t_num: 1 finish: 1473409457 498679013 start: 1473409455 620670361
t_num: 18 finish: 1473409457 676410646 start: 1473409455 537987726
t_num: 19 finish: 1473409457 681721636 start: 1473409455 936312142
t_num: 0 finish: 1473409457 716775364 start: 1473409456 212506169
t_num: 31 finish: 1473409457 803156208 start: 1473409456 948681309
t_num: 6 finish: 1473409457 842570847 start: 1473409456 36130428
t_num: 26 finish: 1473409458 11045530 start: 1473409456 514004417
t_num: 13 finish: 1473409458 63409295 start: 1473409455 881303664
t_num: 15 finish: 1473409458 90191604 start: 1473409456 996437623
t_num: 27 finish: 1473409458 90311575 start: 1473409456 690053728
t_num: 17 finish: 1473409458 123533666 start: 1473409456 478830174
t_num: 30 finish: 1473409458 123760602 start: 1473409457 79926310
t_num: 12 finish: 1473409458 269429746 start: 1473409457 463019264
t_num: 11 finish: 1473409458 269478223 start: 1473409457 325349643
t_num: 16 finish: 1473409458 687630605 start: 1473409457 391244820
t_num: 21 finish: 1473409458 789327688 start: 1473409456 516146467
t_num: 14 finish: 1473409458 870395915 start: 1473409457 324048978
t_num: 9 finish: 1473409458 905361523 start: 1473409457 533745032
t_num: 17 finish: 1473409459 221584226 start: 1473409458 123557126
t_num: 11 finish: 1473409459 230763478 start: 1473409458 269505773
t_num: 26 finish: 1473409459 912219634 start: 1473409458 11078558
t_num: 1 finish: 1473409460 32229863 start: 1473409457 498706542
t_num: 15 finish: 1473409460 413698815 start: 1473409458 90212661
t_num: 13 finish: 1473409460 455065594 start: 1473409458 63432250
t_num: 16 finish: 1473409460 455893402 start: 1473409458 687680635
t_num: 0 finish: 1473409460 498070435 start: 1473409457 716823220
t_num: 17 finish: 1473409460 541242811 start: 1473409459 221615563
t_num: 19 finish: 1473409460 543376137 start: 1473409458 749322924
t_num: 18 finish: 1473409460 690037850 start: 1473409457 676453869
t_num: 9 finish: 1473409461 234035197 start: 1473409458 905381439
t_num: 11 finish: 1473409461 273846848 start: 1473409459 230783400
t_num: 25 finish: 1473409461 274063047 start: 1473409459 341199015
t_num: 22 finish: 1473409461 373771952 start: 1473409459 156550475
t_num: 21 finish: 1473409461 562164469 start: 1473409458 789354246
t_num: 6 finish: 1473409461 755278504 start: 1473409458 821675118
t_num: 14 finish: 1473409461 755362482 start: 1473409458 870429573
t_num: 29 finish: 1473409461 755761017 start: 1473409460 690333472
t_num: 23 finish: 1473409462 169020871 start: 1473409460 840322837
t_num: 19 finish: 1473409462 273671054 start: 1473409460 543397261
t_num: 10 finish: 1473409462 273671052 start: 1473409460 690036336
t_num: 13 finish: 1473409462 578393066 start: 1473409461 274682883
t_num: 26 finish: 1473409462 603840756 start: 1473409460 609855528
t_num: 15 finish: 1473409462 673043590 start: 1473409460 413731876
t_num: 1 finish: 1473409462 673201473 start: 1473409460 32272921
t_num: 16 finish: 1473409462 745543094 start: 1473409460 455913463
t_num: 18 finish: 1473409462 861236495 start: 1473409460 690064161
t_num: 14 finish: 1473409463 31833327 start: 1473409461 755378049
t_num: 21 finish: 1473409463 605009425 start: 1473409461 562202344
t_num: 6 finish: 1473409463 710731641 start: 1473409461 755321763
t_num: 11 finish: 1473409463 959055834 start: 1473409461 273870322
t_num: 23 finish: 1473409463 959873735 start: 1473409462 169061719
t_num: 19 finish: 1473409464 219352085 start: 1473409462 273741550
t_num: 9 finish: 1473409464 221312780 start: 1473409462 463141928
t_num: 30 finish: 1473409464 298181781 start: 1473409460 545237081
t_num: 8 finish: 1473409464 332770045 start: 1473409462 555968694
t_num: 23 finish: 1473409464 604718290 start: 1473409463 959895032
t_num: 22 finish: 1473409464 604765018 start: 1473409462 96691862
t_num: 27 finish: 1473409464 691026916 start: 1473409463 621571006
t_num: 25 finish: 1473409464 822090907 start: 1473409462 555218315
t_num: 17 finish: 1473409464 822677555 start: 1473409462 169074725
t_num: 21 finish: 1473409464 971103672 start: 1473409463 605051912
t_num: 20 finish: 1473409465 301161466 start: 1473409464 119932083
t_num: 3 finish: 1473409465 671506583 start: 1473409462 555948206
t_num: 26 finish: 1473409465 783526782 start: 1473409463 717747799
t_num: 14 finish: 1473409465 828777942 start: 1473409463 31893052
t_num: 6 finish: 1473409465 855260352 start: 1473409464 354201885
t_num: 8 finish: 1473409465 855864486 start: 1473409464 332797731
t_num: 28 finish: 1473409466 178735639 start: 1473409464 164981141
t_num: 4 finish: 1473409466 181022993 start: 1473409464 172825780
t_num: 19 finish: 1473409466 242958495 start: 1473409464 894610827
t_num: 9 finish: 1473409466 504436029 start: 1473409464 991779631
t_num: 31 finish: 1473409466 548097662 start: 1473409464 817282039
t_num: 22 finish: 1473409466 548097662 start: 1473409464 604783753
t_num: 11 finish: 1473409466 647904255 start: 1473409464 893953718
t_num: 12 finish: 1473409466 778762404 start: 1473409464 361932707
t_num: 25 finish: 1473409467 127377969 start: 1473409464 822119700
t_num: 17 finish: 1473409467 335228184 start: 1473409464 822691941
t_num: 20 finish: 1473409467 653203590 start: 1473409465 301189452
t_num: 27 finish: 1473409468 46673670 start: 1473409464 691067069
t_num: 8 finish: 1473409468 47355513 start: 1473409465 855884694
t_num: 31 finish: 1473409468 211210665 start: 1473409466 548144089
t_num: 3 finish: 1473409468 251113267 start: 1473409465 800477367
t_num: 19 finish: 1473409468 425021932 start: 1473409466 242986121
t_num: 7 finish: 1473409468 890919299 start: 1473409466 241129561
t_num: 21 finish: 1473409468 891356283 start: 1473409465 302957567
t_num: 28 finish: 1473409468 891596605 start: 1473409466 178781944
t_num: 1 finish: 1473409469 25816672 start: 1473409467 335207764
t_num: 11 finish: 1473409469 67687779 start: 1473409467 503661355
t_num: 22 finish: 1473409469 262598628 start: 1473409466 548162420
t_num: 9 finish: 1473409469 262598615 start: 1473409467 335224342
t_num: 14 finish: 1473409469 277933730 start: 1473409466 821685861
t_num: 15 finish: 1473409469 327194481 start: 1473409466 611296964
t_num: 25 finish: 1473409469 577856808 start: 1473409467 127413773
t_num: 31 finish: 1473409469 680429179 start: 1473409468 211241490
t_num: 4 finish: 1473409469 730385695 start: 1473409467 335425069
t_num: 2 finish: 1473409469 730385687 start: 1473409468 251824260
t_num: 26 finish: 1473409469 766260356 start: 1473409467 204868393
t_num: 21 finish: 1473409469 905082031 start: 1473409468 891376811
t_num: 9 finish: 1473409470 367523441 start: 1473409469 262660486
t_num: 19 finish: 1473409470 609928024 start: 1473409468 425053336
t_num: 1 finish: 1473409470 736134748 start: 1473409469 25844214
t_num: 12 finish: 1473409470 736351464 start: 1473409468 141697145
t_num: 11 finish: 1473409470 874572061 start: 1473409469 67710482
t_num: 20 finish: 1473409470 886864821 start: 1473409467 653233425
t_num: 22 finish: 1473409471 537550129 start: 1473409469 262649403
t_num: 30 finish: 1473409471 659922916 start: 1473409469 24514396
t_num: 7 finish: 1473409471 709380124 start: 1473409468 890966017
t_num: 18 finish: 1473409471 940032491 start: 1473409470 227181162
t_num: 26 finish: 1473409471 940126206 start: 1473409469 766303982
t_num: 4 finish: 1473409472 347670135 start: 1473409470 507126872
t_num: 14 finish: 1473409472 351626508 start: 1473409470 433591700
t_num: 0 finish: 1473409472 402886089 start: 1473409469 819911339
t_num: 2 finish: 1473409472 698713942 start: 1473409470 507136759
t_num: 20 finish: 1473409472 718888346 start: 1473409470 886886341
t_num: 16 finish: 1473409472 807595034 start: 1473409470 205002603
t_num: 5 finish: 1473409472 870753531 start: 1473409471 708736267
t_num: 15 finish: 1473409472 888892671 start: 1473409471 523637620
t_num: 11 finish: 1473409473 101002383 start: 1473409470 874606961
t_num: 22 finish: 1473409473 101015350 start: 1473409471 537581332
t_num: 12 finish: 1473409473 192596570 start: 1473409470 736372179
t_num: 1 finish: 1473409473 254894780 start: 1473409470 736178196
t_num: 21 finish: 1473409473 296975210 start: 1473409472 125690041
t_num: 4 finish: 1473409473 581320781 start: 1473409472 347697681
t_num: 9 finish: 1473409473 679618968 start: 1473409471 514586276
t_num: 5 finish: 1473409473 692933488 start: 1473409472 870776344
t_num: 6 finish: 1473409474 181547127 start: 1473409472 447748978
t_num: 10 finish: 1473409474 182616636 start: 1473409472 820343792
t_num: 16 finish: 1473409474 358309742 start: 1473409472 807622152
t_num: 7 finish: 1473409474 410761423 start: 1473409472 808016585
t_num: 18 finish: 1473409474 435519783 start: 1473409471 940076826
t_num: 12 finish: 1473409474 750700819 start: 1473409473 192628952
t_num: 17 finish: 1473409474 823707680 start: 1473409472 328091357
t_num: 14 finish: 1473409474 823714308 start: 1473409472 351694032
t_num: 22 finish: 1473409474 888567994 start: 1473409473 101134102
t_num: 11 finish: 1473409474 926766083 start: 1473409473 101095936
t_num: 4 finish: 1473409475 99093271 start: 1473409474 644391446
t_num: 31 finish: 1473409475 202592931 start: 1473409472 807681203
t_num: 26 finish: 1473409475 202787804 start: 1473409472 807575136
t_num: 5 finish: 1473409475 301317371 start: 1473409473 692952026
t_num: 21 finish: 1473409475 344460538 start: 1473409473 671585858
t_num: 20 finish: 1473409475 607519084 start: 1473409474 192071948
t_num: 6 finish: 1473409475 607595254 start: 1473409474 181590142
t_num: 0 finish: 1473409475 941506251 start: 1473409473 605216159
t_num: 29 finish: 1473409475 946071510 start: 1473409474 261725435
t_num: 8 finish: 1473409476 107451073 start: 1473409474 39642056
t_num: 12 finish: 1473409476 133996961 start: 1473409474 750734301
t_num: 14 finish: 1473409476 134133644 start: 1473409474 823774258
t_num: 3 finish: 1473409476 312944316 start: 1473409474 411581614
t_num: 7 finish: 1473409476 638744952 start: 1473409474 410784387
t_num: 9 finish: 1473409476 649857831 start: 1473409474 908614942
t_num: 6 finish: 1473409477 9879224 start: 1473409475 607612859
t_num: 17 finish: 1473409477 523359689 start: 1473409475 194736395
t_num: 11 finish: 1473409477 899503472 start: 1473409474 926800679
t_num: 1 finish: 1473409477 899526980 start: 1473409475 956991389
t_num: 0 finish: 1473409478 74612303 start: 1473409475 941543399
t_num: 29 finish: 1473409478 110651746 start: 1473409475 946104077
t_num: 2 finish: 1473409478 110711478 start: 1473409476 639820199
t_num: 20 finish: 1473409478 153581412 start: 1473409476 135026752
t_num: 5 finish: 1473409478 401522688 start: 1473409475 301343208
t_num: 8 finish: 1473409478 461836337 start: 1473409476 107511276
t_num: 4 finish: 1473409478 461903509 start: 1473409475 799499430
t_num: 25 finish: 1473409478 490473079 start: 1473409476 336378820
t_num: 18 finish: 1473409478 490521274 start: 1473409476 338536025
t_num: 21 finish: 1473409478 503742712 start: 1473409476 637471523
t_num: 22 finish: 1473409478 939072837 start: 1473409476 336843269
t_num: 26 finish: 1473409478 939091265 start: 1473409477 644453423
t_num: 9 finish: 1473409478 973625934 start: 1473409476 953343638
t_num: 31 finish: 1473409479 78134048 start: 1473409476 571600993
t_num: 7 finish: 1473409479 311762839 start: 1473409477 416736972
t_num: 15 finish: 1473409479 733150698 start: 1473409477 620750024
t_num: 11 finish: 1473409479 931634858 start: 1473409477 899549359
t_num: 6 finish: 1473409480 8944853 start: 1473409477 645018791
t_num: 8 finish: 1473409480 136956223 start: 1473409478 461879790
t_num: 24 finish: 1473409480 189239006 start: 1473409478 305987280
t_num: 20 finish: 1473409480 276454430 start: 1473409478 410988692
t_num: 18 finish: 1473409480 277078661 start: 1473409478 490539315
t_num: 5 finish: 1473409480 300470696 start: 1473409479 420432943
t_num: 0 finish: 1473409480 677889431 start: 1473409478 74658332
t_num: 31 finish: 1473409480 916953307 start: 1473409479 78174932
t_num: 23 finish: 1473409480 917585599 start: 1473409478 74771740
t_num: 26 finish: 1473409480 922685363 start: 1473409479 481573985
t_num: 7 finish: 1473409481 12550455 start: 1473409479 311793526
t_num: 1 finish: 1473409481 61139990 start: 1473409479 209913730
t_num: 27 finish: 1473409481 65612310 start: 1473409478 973675986
t_num: 22 finish: 1473409481 65788844 start: 1473409478 939133849
t_num: 13 finish: 1473409481 247375073 start: 1473409479 848921409
t_num: 18 finish: 1473409481 922537351 start: 1473409480 277107426
t_num: 8 finish: 1473409481 948696907 start: 1473409480 136999663
t_num: 29 finish: 1473409481 948783214 start: 1473409479 143024704
t_num: 24 finish: 1473409482 767302005 start: 1473409481 323015633
t_num: 21 finish: 1473409482 767643657 start: 1473409479 956487481
t_num: 28 finish: 1473409482 767647415 start: 1473409480 348925643
t_num: 25 finish: 1473409482 767720039 start: 1473409479 374969670
t_num: 31 finish: 1473409482 777602690 start: 1473409480 916998966
t_num: 15 finish: 1473409482 882298862 start: 1473409480 550896634
t_num: 0 finish: 1473409483 10845317 start: 1473409480 677930601
t_num: 1 finish: 1473409483 280177611 start: 1473409481 382644405
t_num: 30 finish: 1473409483 349574344 start: 1473409481 61396117
t_num: 11 finish: 1473409483 352037107 start: 1473409480 997845203
t_num: 5 finish: 1473409483 696549562 start: 1473409481 606953846
t_num: 23 finish: 1473409483 715267167 start: 1473409481 975476716
t_num: 15 finish: 1473409483 833236684 start: 1473409482 882350008
t_num: 10 finish: 1473409483 833267018 start: 1473409482 767419516
t_num: 7 finish: 1473409483 833302605 start: 1473409481 12581767
t_num: 6 finish: 1473409483 833313305 start: 1473409481 226212338
t_num: 29 finish: 1473409483 833909784 start: 1473409481 948815715
t_num: 18 finish: 1473409483 910229060 start: 1473409482 133453097
t_num: 12 finish: 1473409483 923223888 start: 1473409483 157124304
t_num: 25 finish: 1473409484 27716773 start: 1473409482 767737360
t_num: 0 finish: 1473409484 340971538 start: 1473409483 10879245
t_num: 24 finish: 1473409484 380766528 start: 1473409482 767333577
t_num: 19 finish: 1473409484 468522405 start: 1473409481 913927804
t_num: 1 finish: 1473409484 781914378 start: 1473409483 280238231
t_num: 27 finish: 1473409484 781920447 start: 1473409482 825540945
t_num: 20 finish: 1473409484 840209977 start: 1473409483 464211833
t_num: 9 finish: 1473409484 840211663 start: 1473409481 913684030
t_num: 2 finish: 1473409484 944315701 start: 1473409484 27693500
t_num: 29 finish: 1473409485 232985912 start: 1473409483 833929250
t_num: 16 finish: 1473409485 681774566 start: 1473409482 541971815
t_num: 21 finish: 1473409485 682720935 start: 1473409483 465429203
t_num: 3 finish: 1473409485 685195876 start: 1473409483 910280499
t_num: 8 finish: 1473409485 731900104 start: 1473409482 888319458
t_num: 5 finish: 1473409485 793986495 start: 1473409484 468709904
t_num: 23 finish: 1473409486 504357775 start: 1473409484 638828581
t_num: 15 finish: 1473409486 505625812 start: 1473409484 83885654
t_num: 11 finish: 1473409486 663489355 start: 1473409483 715340707
t_num: 18 finish: 1473409486 676899267 start: 1473409483 910254136
t_num: 16 finish: 1473409486 852313266 start: 1473409485 681824630
t_num: 30 finish: 1473409486 854647612 start: 1473409484 196297129
t_num: 1 finish: 1473409486 865533104 start: 1473409484 781954201
t_num: 14 finish: 1473409486 877179246 start: 1473409483 923765194
t_num: 10 finish: 1473409486 945049223 start: 1473409483 833297441
t_num: 7 finish: 1473409487 148859882 start: 1473409485 52836675
t_num: 0 finish: 1473409487 321412948 start: 1473409484 341016313
t_num: 20 finish: 1473409487 322591833 start: 1473409486 51966596
t_num: 8 finish: 1473409487 339773674 start: 1473409485 731925756
t_num: 24 finish: 1473409487 424957083 start: 1473409486 819977855
t_num: 3 finish: 1473409487 566228159 start: 1473409485 685213019
t_num: 22 finish: 1473409487 640276761 start: 1473409486 948340851
t_num: 9 finish: 1473409487 946860830 start: 1473409484 840277673
t_num: 15 finish: 1473409487 972147332 start: 1473409486 505643026
t_num: 1 finish: 1473409488 580437966 start: 1473409486 865567426
t_num: 19 finish: 1473409488 723263375 start: 1473409486 847887409
t_num: 17 finish: 1473409489 32475627 start: 1473409486 120592970
t_num: 18 finish: 1473409489 32769645 start: 1473409486 948788378
t_num: 25 finish: 1473409489 270599002 start: 1473409485 232111620
t_num: 4 finish: 1473409489 468331506 start: 1473409487 271700342
t_num: 8 finish: 1473409489 672182350 start: 1473409488 520963080
t_num: 20 finish: 1473409489 744334675 start: 1473409487 322612954
t_num: 11 finish: 1473409489 757808753 start: 1473409486 663519376
t_num: 29 finish: 1473409489 792902632 start: 1473409487 286530202
t_num: 14 finish: 1473409489 793756619 start: 1473409487 147606786
t_num: 15 finish: 1473409489 875122036 start: 1473409487 972183036
t_num: 13 finish: 1473409490 31899290 start: 1473409487 395586622
t_num: 23 finish: 1473409490 144059640 start: 1473409487 640301062
t_num: 26 finish: 1473409490 204046339 start: 1473409488 885964633
t_num: 2 finish: 1473409490 287766348 start: 1473409488 675120355
t_num: 31 finish: 1473409490 515201689 start: 1473409487 561297103
t_num: 9 finish: 1473409490 893831512 start: 1473409487 946884516
t_num: 7 finish: 1473409490 896765919 start: 1473409487 592563314
t_num: 25 finish: 1473409491 18654749 start: 1473409489 270633819
t_num: 3 finish: 1473409491 18769284 start: 1473409489 827398242
t_num: 28 finish: 1473409491 35324699 start: 1473409489 59518079
t_num: 11 finish: 1473409491 393938981 start: 1473409489 757829027
t_num: 15 finish: 1473409491 394525129 start: 1473409489 932348347
t_num: 17 finish: 1473409491 445847429 start: 1473409489 32504334
t_num: 14 finish: 1473409491 511270728 start: 1473409489 793777318
t_num: 16 finish: 1473409491 617327125 start: 1473409490 162082506
t_num: 22 finish: 1473409491 691248699 start: 1473409488 525263226
t_num: 4 finish: 1473409491 862575393 start: 1473409490 479631961
t_num: 18 finish: 1473409491 940219036 start: 1473409490 113580937
t_num: 19 finish: 1473409492 49253926 start: 1473409489 826394018
t_num: 0 finish: 1473409492 49329582 start: 1473409490 386408660
t_num: 29 finish: 1473409492 364029682 start: 1473409490 480196337
t_num: 31 finish: 1473409492 395338955 start: 1473409490 515229969
t_num: 6 finish: 1473409492 519505957 start: 1473409491 271397784
t_num: 16 finish: 1473409492 942071155 start: 1473409491 617362002
t_num: 7 finish: 1473409492 942826087 start: 1473409490 896815673
t_num: 28 finish: 1473409493 53652721 start: 1473409491 35346042
t_num: 22 finish: 1473409493 67535612 start: 1473409491 691283058
t_num: 12 finish: 1473409493 67612494 start: 1473409491 387791831
t_num: 31 finish: 1473409493 69612451 start: 1473409492 395364602
t_num: 11 finish: 1473409493 289423310 start: 1473409491 393966444
t_num: 27 finish: 1473409493 922221295 start: 1473409491 392145392
t_num: 29 finish: 1473409493 924055780 start: 1473409492 364065331
t_num: 25 finish: 1473409493 925525950 start: 1473409491 511985876
t_num: 18 finish: 1473409494 160599949 start: 1473409491 940236989
t_num: 21 finish: 1473409494 160604604 start: 1473409492 792514943
t_num: 15 finish: 1473409494 210719247 start: 1473409491 850293311
t_num: 19 finish: 1473409494 241829094 start: 1473409492 760575473
t_num: 20 finish: 1473409494 413618548 start: 1473409492 35246590
t_num: 31 finish: 1473409494 487412128 start: 1473409493 69633167
t_num: 22 finish: 1473409494 555934931 start: 1473409493 756555941
t_num: 5 finish: 1473409494 621120364 start: 1473409492 911128810
t_num: 25 finish: 1473409494 750593137 start: 1473409493 925545995
t_num: 16 finish: 1473409494 871717468 start: 1473409492 942100729
t_num: 4 finish: 1473409494 875852238 start: 1473409492 911147541
t_num: 27 finish: 1473409495 23975761 start: 1473409493 922278840
t_num: 23 finish: 1473409495 239108165 start: 1473409492 50623252
t_num: 2 finish: 1473409495 304067498 start: 1473409492 911100897
t_num: 28 finish: 1473409495 420679237 start: 1473409494 74739588
t_num: 30 finish: 1473409495 738063286 start: 1473409492 478360373
t_num: 31 finish: 1473409495 992755615 start: 1473409494 487444544
t_num: 27 finish: 1473409496 40132997 start: 1473409495 24019634
t_num: 17 finish: 1473409496 327796588 start: 1473409493 951828417
t_num: 0 finish: 1473409496 403590994 start: 1473409494 240706214
t_num: 28 finish: 1473409496 808492502 start: 1473409495 420710616
t_num: 18 finish: 1473409496 971442554 start: 1473409494 160647285
t_num: 16 finish: 1473409497 64966527 start: 1473409494 871743434
t_num: 8 finish: 1473409497 104216717 start: 1473409495 612692599
t_num: 1 finish: 1473409497 187043986 start: 1473409494 776847689
t_num: 12 finish: 1473409497 187797022 start: 1473409495 468142762
t_num: 29 finish: 1473409497 208574942 start: 1473409495 386532556
t_num: 5 finish: 1473409497 338660914 start: 1473409494 621151519
t_num: 11 finish: 1473409497 404201346 start: 1473409494 838931695
t_num: 21 finish: 1473409497 447206769 start: 1473409496 266270958
t_num: 24 finish: 1473409497 494584741 start: 1473409495 521373459
t_num: 19 finish: 1473409497 744909884 start: 1473409496 148725109
t_num: 31 finish: 1473409498 68718363 start: 1473409495 992781993
t_num: 2 finish: 1473409498 126569234 start: 1473409495 304086772
t_num: 4 finish: 1473409498 322126037 start: 1473409495 989131327
t_num: 23 finish: 1473409498 396121347 start: 1473409496 844578805
t_num: 3 finish: 1473409498 778674748 start: 1473409496 939573580
t_num: 29 finish: 1473409499 192984796 start: 1473409497 208590890
t_num: 8 finish: 1473409499 282761442 start: 1473409497 851065033
t_num: 17 finish: 1473409499 430768453 start: 1473409497 245489739
t_num: 20 finish: 1473409499 484899048 start: 1473409498 68697394
t_num: 12 finish: 1473409499 559421610 start: 1473409497 187817581
t_num: 19 finish: 1473409499 675672374 start: 1473409497 744955056
t_num: 11 finish: 1473409499 704790791 start: 1473409497 404242347
t_num: 16 finish: 1473409499 733286808 start: 1473409497 65018463
t_num: 21 finish: 1473409499 733288113 start: 1473409498 556142782
t_num: 27 finish: 1473409499 758353224 start: 1473409497 189190050
t_num: 31 finish: 1473409500 199617600 start: 1473409498 68746556
t_num: 23 finish: 1473409500 199617585 start: 1473409498 396148678
t_num: 29 finish: 1473409500 618282754 start: 1473409499 193018878
t_num: 4 finish: 1473409500 893417021 start: 1473409498 620326203
t_num: 24 finish: 1473409501 10845131 start: 1473409498 477120033
t_num: 1 finish: 1473409501 11508547 start: 1473409499 20933108
t_num: 7 finish: 1473409501 391480787 start: 1473409498 378801454
t_num: 23 finish: 1473409501 758247497 start: 1473409500 199678461
t_num: 19 finish: 1473409501 759091186 start: 1473409499 675710139
t_num: 15 finish: 1473409501 915341473 start: 1473409499 942931620
t_num: 8 finish: 1473409502 121253632 start: 1473409499 282788012
t_num: 18 finish: 1473409502 309986981 start: 1473409499 536064446
t_num: 24 finish: 1473409502 310021678 start: 1473409501 10872395
t_num: 26 finish: 1473409502 309989896 start: 1473409500 96572057
t_num: 7 finish: 1473409502 310276235 start: 1473409501 391521012
t_num: 17 finish: 1473409502 310454730 start: 1473409501 72916490
t_num: 29 finish: 1473409502 330568143 start: 1473409500 618325232
t_num: 4 finish: 1473409502 330577311 start: 1473409501 40511845
t_num: 9 finish: 1473409502 394439816 start: 1473409500 916006758
t_num: 13 finish: 1473409502 394511252 start: 1473409500 814217492
t_num: 12 finish: 1473409502 394562298 start: 1473409500 906532366
t_num: 3 finish: 1473409502 640851256 start: 1473409500 271813973
t_num: 10 finish: 1473409502 641785043 start: 1473409501 247894986
t_num: 11 finish: 1473409502 643562447 start: 1473409499 704837918
t_num: 8 finish: 1473409503 169545434 start: 1473409502 393578208
t_num: 20 finish: 1473409503 275968683 start: 1473409501 249120593
t_num: 12 finish: 1473409503 998293393 start: 1473409502 394579535
t_num: 1 finish: 1473409504 70356980 start: 1473409502 263751451
t_num: 29 finish: 1473409504 265993022 start: 1473409502 330591076
t_num: 14 finish: 1473409504 289826258 start: 1473409501 591345605
t_num: 23 finish: 1473409504 630202497 start: 1473409502 370459972
t_num: 11 finish: 1473409504 636469155 start: 1473409502 643583696
t_num: 18 finish: 1473409504 665973739 start: 1473409502 310027298
t_num: 24 finish: 1473409504 998054752 start: 1473409502 310040020
t_num: 17 finish: 1473409505 126228456 start: 1473409502 310473320
t_num: 6 finish: 1473409505 129307215 start: 1473409503 601494646
t_num: 1 finish: 1473409505 148973899 start: 1473409504 70401818
t_num: 18 finish: 1473409505 194009426 start: 1473409504 666002493
t_num: 4 finish: 1473409505 575450624 start: 1473409503 830421646
t_num: 8 finish: 1473409505 613200611 start: 1473409503 169573288
t_num: 7 finish: 1473409505 613673989 start: 1473409503 164208480
t_num: 15 finish: 1473409505 709359752 start: 1473409503 587004563
t_num: 6 finish: 1473409505 840790389 start: 1473409505 129328270
t_num: 26 finish: 1473409506 430161016 start: 1473409504 636116019
t_num: 5 finish: 1473409506 517665981 start: 1473409504 998593038
t_num: 30 finish: 1473409506 524854775 start: 1473409504 244617196
t_num: 20 finish: 1473409506 741527810 start: 1473409503 276000264
t_num: 24 finish: 1473409506 812370729 start: 1473409504 998084966
t_num: 17 finish: 1473409506 872610318 start: 1473409505 194361155
t_num: 11 finish: 1473409506 979251665 start: 1473409505 485408596
t_num: 1 finish: 1473409507 504222648 start: 1473409505 148996705
t_num: 6 finish: 1473409507 755790285 start: 1473409505 840823453
t_num: 29 finish: 1473409507 812114544 start: 1473409504 266024709
t_num: 8 finish: 1473409507 820848177 start: 1473409505 613230406
t_num: 30 finish: 1473409508 51031332 start: 1473409506 524872149
t_num: 0 finish: 1473409508 160103006 start: 1473409506 111862244
t_num: 28 finish: 1473409508 242636104 start: 1473409505 485639228
t_num: 15 finish: 1473409508 255326746 start: 1473409505 709396359
t_num: 16 finish: 1473409508 255501868 start: 1473409507 151186300
t_num: 12 finish: 1473409508 343623268 start: 1473409506 514017020
t_num: 26 finish: 1473409508 629775047 start: 1473409506 430196322
t_num: 17 finish: 1473409508 647996196 start: 1473409506 872652306
t_num: 29 finish: 1473409508 824983059 start: 1473409507 812141461
t_num: 27 finish: 1473409508 825690649 start: 1473409506 611672402
t_num: 24 finish: 1473409508 825734538 start: 1473409506 812398116
t_num: 20 finish: 1473409508 855537799 start: 1473409507 405990571
t_num: 25 finish: 1473409508 881594705 start: 1473409506 583759424
t_num: 10 finish: 1473409509 5934498 start: 1473409507 473053888
t_num: 7 finish: 1473409509 600136806 start: 1473409506 583738442
t_num: 4 finish: 1473409509 991654346 start: 1473409507 54923993
t_num: 31 finish: 1473409509 993263378 start: 1473409507 332910520
t_num: 5 finish: 1473409510 200016410 start: 1473409507 789707159
t_num: 1 finish: 1473409510 246700566 start: 1473409507 504258529
t_num: 23 finish: 1473409510 246703184 start: 1473409508 646564994
t_num: 2 finish: 1473409510 498143158 start: 1473409508 646585094
t_num: 0 finish: 1473409510 598592804 start: 1473409508 160141664
t_num: 10 finish: 1473409510 637509044 start: 1473409509 5968710
t_num: 15 finish: 1473409510 679966448 start: 1473409508 255346469
t_num: 6 finish: 1473409510 694510362 start: 1473409508 648593972
t_num: 12 finish: 1473409510 842591970 start: 1473409508 343665458
t_num: 21 finish: 1473409510 891336031 start: 1473409508 864280061
t_num: 7 finish: 1473409510 891399008 start: 1473409509 623861207
t_num: 26 finish: 1473409510 958684841 start: 1473409510 185011633
t_num: 8 finish: 1473409510 959197002 start: 1473409508 756572118
t_num: 16 finish: 1473409511 43005454 start: 1473409509 993432856
t_num: 25 finish: 1473409511 139408171 start: 1473409510 200097687
t_num: 17 finish: 1473409511 139454464 start: 1473409508 648024677
t_num: 19 finish: 1473409511 313201175 start: 1473409510 135287297
t_num: 31 finish: 1473409511 383558888 start: 1473409509 993284480
t_num: 13 finish: 1473409511 410633378 start: 1473409510 177759179
t_num: 24 finish: 1473409511 463492971 start: 1473409508 825754138
t_num: 27 finish: 1473409511 463586833 start: 1473409508 825711973
t_num: 20 finish: 1473409511 526719682 start: 1473409509 399392553
t_num: 2 finish: 1473409512 435446788 start: 1473409510 498184416
t_num: 0 finish: 1473409512 851934320 start: 1473409510 598624139
t_num: 1 finish: 1473409512 860444786 start: 1473409510 246728408
t_num: 16 finish: 1473409512 998015578 start: 1473409511 43031002
t_num: 31 finish: 1473409513 346100856 start: 1473409511 383585297
t_num: 6 finish: 1473409513 401237792 start: 1473409510 694532111
t_num: 10 finish: 1473409513 402761385 start: 1473409511 576983912
t_num: 8 finish: 1473409513 843556190 start: 1473409510 959217438
t_num: 22 finish: 1473409513 874593760 start: 1473409511 179729442
t_num: 5 finish: 1473409513 878727377 start: 1473409511 576920618
t_num: 21 finish: 1473409514 21056584 start: 1473409512 559173452
t_num: 29 finish: 1473409514 659964698 start: 1473409511 523172746
t_num: 18 finish: 1473409514 660771531 start: 1473409512 470547026
t_num: 13 finish: 1473409514 664840759 start: 1473409511 410656885
t_num: 19 finish: 1473409514 688305954 start: 1473409511 313238488
t_num: 11 finish: 1473409514 920935549 start: 1473409511 576945117
t_num: 12 finish: 1473409515 119184834 start: 1473409512 462674115
t_num: 10 finish: 1473409515 169005441 start: 1473409513 402793185
t_num: 27 finish: 1473409515 169021316 start: 1473409512 464963704
t_num: 20 finish: 1473409515 359752095 start: 1473409512 465010134
t_num: 0 finish: 1473409515 539843382 start: 1473409512 851980380
t_num: 14 finish: 1473409516 115752732 start: 1473409513 883287097
t_num: 5 finish: 1473409516 395714769 start: 1473409513 878748980
t_num: 26 finish: 1473409516 640166376 start: 1473409513 715175879
t_num: 9 finish: 1473409516 650467860 start: 1473409514 934630830
t_num: 21 finish: 1473409516 751947300 start: 1473409515 149148242
t_num: 25 finish: 1473409516 753227081 start: 1473409512 698188873
t_num: 22 finish: 1473409516 754048679 start: 1473409514 384695147
t_num: 13 finish: 1473409516 863601746 start: 1473409514 981424099
t_num: 11 finish: 1473409516 975897934 start: 1473409514 920979253
t_num: 16 finish: 1473409517 156823968 start: 1473409514 983293114
t_num: 1 finish: 1473409517 362078644 start: 1473409513 941974928
t_num: 0 finish: 1473409517 450738203 start: 1473409516 356291058
t_num: 12 finish: 1473409517 511100191 start: 1473409515 119245105
t_num: 14 finish: 1473409517 814390322 start: 1473409516 432601670
t_num: 27 finish: 1473409517 815639935 start: 1473409516 196645577
t_num: 3 finish: 1473409517 817217552 start: 1473409514 655843428
t_num: 20 finish: 1473409517 817280927 start: 1473409515 359786271
t_num: 23 finish: 1473409518 53412028 start: 1473409515 295471512
t_num: 2 finish: 1473409518 535277092 start: 1473409515 651441938
t_num: 19 finish: 1473409518 554483099 start: 1473409514 981443488
t_num: 6 finish: 1473409518 598471243 start: 1473409516 651202495
t_num: 26 finish: 1473409518 598471253 start: 1473409516 640210421
t_num: 5 finish: 1473409518 786793937 start: 1473409516 395743028
t_num: 21 finish: 1473409518 835927657 start: 1473409516 751990878
t_num: 24 finish: 1473409518 946407682 start: 1473409517 268242331
t_num: 28 finish: 1473409519 52573977 start: 1473409516 651186371
t_num: 0 finish: 1473409519 258102823 start: 1473409517 450759394
t_num: 26 finish: 1473409519 272969061 start: 1473409518 598517251
t_num: 17 finish: 1473409519 275898932 start: 1473409516 974877370
t_num: 9 finish: 1473409519 390701741 start: 1473409517 362101693
t_num: 23 finish: 1473409519 483191418 start: 1473409518 53447109
t_num: 25 finish: 1473409519 485738392 start: 1473409517 170976471
t_num: 16 finish: 1473409519 610503744 start: 1473409517 732120376
t_num: 10 finish: 1473409519 660811934 start: 1473409516 392374260
t_num: 4 finish: 1473409519 660856360 start: 1473409517 511759557
t_num: 11 finish: 1473409519 738582647 start: 1473409518 573760026
t_num: 22 finish: 1473409519 990516707 start: 1473409517 446825686
t_num: 24 finish: 1473409520 293501632 start: 1473409518 946437121
t_num: 2 finish: 1473409520 303381604 start: 1473409518 756634371
t_num: 14 finish: 1473409520 323205814 start: 1473409517 814430132
t_num: 9 finish: 1473409520 509680969 start: 1473409519 390736993
t_num: 12 finish: 1473409520 560160962 start: 1473409517 511216149
t_num: 6 finish: 1473409520 661524474 start: 1473409518 598501363
t_num: 3 finish: 1473409520 735006448 start: 1473409517 817238353
t_num: 23 finish: 1473409520 787319724 start: 1473409519 483234180
t_num: 4 finish: 1473409521 547784100 start: 1473409520 295899722
t_num: 0 finish: 1473409521 549789349 start: 1473409519 497826941
t_num: 7 finish: 1473409521 684260859 start: 1473409519 121715081
t_num: 16 finish: 1473409521 801585808 start: 1473409519 610547650
t_num: 2 finish: 1473409521 888859874 start: 1473409520 303403028
t_num: 17 finish: 1473409521 995824721 start: 1473409519 275920207
t_num: 20 finish: 1473409522 224593187 start: 1473409519 610526736
t_num: 6 finish: 1473409522 434441301 start: 1473409520 661553989
t_num: 24 finish: 1473409522 742056243 start: 1473409520 293526416
t_num: 21 finish: 1473409522 742219310 start: 1473409519 497735031
t_num: 25 finish: 1473409522 742251408 start: 1473409520 734963492
t_num: 15 finish: 1473409522 787525272 start: 1473409520 293554695
t_num: 7 finish: 1473409522 961802409 start: 1473409522 196054658
t_num: 4 finish: 1473409523 211225897 start: 1473409521 547826367
t_num: 28 finish: 1473409523 445457420 start: 1473409520 839065143
t_num: 20 finish: 1473409523 502991051 start: 1473409522 224619708
t_num: 2 finish: 1473409523 511352959 start: 1473409521 888904026
t_num: 26 finish: 1473409523 603237408 start: 1473409521 795463609
t_num: 14 finish: 1473409523 638444122 start: 1473409521 366827840
t_num: 16 finish: 1473409523 749450934 start: 1473409521 801611717
t_num: 22 finish: 1473409524 131078953 start: 1473409521 888882614
t_num: 17 finish: 1473409524 131228930 start: 1473409522 610998678
t_num: 15 finish: 1473409524 134667217 start: 1473409522 787552759
t_num: 0 finish: 1473409524 138570786 start: 1473409521 549825657
t_num: 8 finish: 1473409524 278616831 start: 1473409521 954889056
t_num: 1 finish: 1473409524 946740049 start: 1473409522 611017059
t_num: 16 finish: 1473409524 946922611 start: 1473409523 749490229
t_num: 9 finish: 1473409524 994420149 start: 1473409523 524633053
t_num: 2 finish: 1473409525 187202631 start: 1473409523 511386668
t_num: 26 finish: 1473409525 189212786 start: 1473409523 603264801
t_num: 21 finish: 1473409525 282565309 start: 1473409522 742253576
t_num: 31 finish: 1473409525 330886221 start: 1473409524 276988839
t_num: 28 finish: 1473409525 705532553 start: 1473409523 445501780
t_num: 25 finish: 1473409525 705633057 start: 1473409523 186284678
t_num: 24 finish: 1473409525 705955194 start: 1473409523 291832022
t_num: 8 finish: 1473409525 857679365 start: 1473409524 278644389
t_num: 0 finish: 1473409525 877221447 start: 1473409524 457527060
t_num: 20 finish: 1473409525 928108595 start: 1473409523 503024681
t_num: 14 finish: 1473409525 981404999 start: 1473409524 645377853
t_num: 10 finish: 1473409526 134883397 start: 1473409524 128962472
t_num: 16 finish: 1473409526 426233429 start: 1473409524 946942592
t_num: 23 finish: 1473409526 477118339 start: 1473409525 96393527
t_num: 21 finish: 1473409526 545020554 start: 1473409525 282596226
t_num: 6 finish: 1473409526 587973555 start: 1473409524 768406403
t_num: 26 finish: 1473409526 639055644 start: 1473409525 189244893
t_num: 1 finish: 1473409526 639095932 start: 1473409524 946788425
t_num: 4 finish: 1473409526 918582614 start: 1473409524 743186207
t_num: 0 finish: 1473409527 332687986 start: 1473409525 877246785
t_num: 14 finish: 1473409528 9452393 start: 1473409525 981426284
t_num: 20 finish: 1473409528 49337881 start: 1473409525 928130449
t_num: 23 finish: 1473409528 315508513 start: 1473409526 477140576
t_num: 24 finish: 1473409528 364562040 start: 1473409525 705975451
t_num: 25 finish: 1473409528 535095266 start: 1473409525 705650774
t_num: 8 finish: 1473409528 570152476 start: 1473409526 362237853
t_num: 27 finish: 1473409528 787663161 start: 1473409527 332675829
t_num: 31 finish: 1473409528 795293476 start: 1473409526 100350924
t_num: 30 finish: 1473409528 796020242 start: 1473409526 397737301
t_num: 5 finish: 1473409529 20972626 start: 1473409526 856117619
t_num: 17 finish: 1473409529 68752986 start: 1473409525 627070558
t_num: 1 finish: 1473409529 68895207 start: 1473409526 639110488
t_num: 21 finish: 1473409529 137316225 start: 1473409527 18699534
t_num: 26 finish: 1473409529 331559015 start: 1473409527 332622329
t_num: 10 finish: 1473409529 398689219 start: 1473409527 291882430
t_num: 15 finish: 1473409529 400522966 start: 1473409528 181796457
t_num: 31 finish: 1473409529 768242261 start: 1473409528 795330746
t_num: 14 finish: 1473409529 833500335 start: 1473409528 9493967
t_num: 4 finish: 1473409529 969184740 start: 1473409526 918624716
t_num: 5 finish: 1473409530 580471883 start: 1473409529 21017995
t_num: 26 finish: 1473409530 580543363 start: 1473409529 331622786
t_num: 0 finish: 1473409530 648424410 start: 1473409527 332714383
t_num: 19 finish: 1473409530 684557824 start: 1473409528 537501212
t_num: 9 finish: 1473409530 780335921 start: 1473409530 144532431
t_num: 10 finish: 1473409530 792226352 start: 1473409529 398718915
t_num: 16 finish: 1473409530 886179137 start: 1473409528 674272579
t_num: 6 finish: 1473409530 886756425 start: 1473409529 137771562
t_num: 25 finish: 1473409530 933934807 start: 1473409528 535138219
t_num: 23 finish: 1473409531 206262318 start: 1473409529 247703699
t_num: 21 finish: 1473409531 309906347 start: 1473409529 536895314
t_num: 17 finish: 1473409531 561646374 start: 1473409529 68811679
t_num: 29 finish: 1473409531 737547153 start: 1473409529 837591917
t_num: 8 finish: 1473409532 40223718 start: 1473409529 971129891
t_num: 15 finish: 1473409532 43184947 start: 1473409529 400543899
t_num: 22 finish: 1473409532 49335025 start: 1473409530 524711464
t_num: 31 finish: 1473409532 403780801 start: 1473409529 768286696
t_num: 9 finish: 1473409532 962208564 start: 1473409530 780364734
t_num: 30 finish: 1473409532 962216209 start: 1473409529 971180261
t_num: 14 finish: 1473409532 962291262 start: 1473409530 648482666
t_num: 26 finish: 1473409532 963173216 start: 1473409530 580563760
t_num: 23 finish: 1473409533 292031553 start: 1473409531 206296676
t_num: 0 finish: 1473409533 408052328 start: 1473409530 648451841
t_num: 19 finish: 1473409533 651519226 start: 1473409531 833755875
t_num: 16 finish: 1473409533 946068222 start: 1473409531 667321367
t_num: 18 finish: 1473409533 946227287 start: 1473409530 886095484
t_num: 10 finish: 1473409534 17013696 start: 1473409530 792251130
t_num: 28 finish: 1473409534 422656268 start: 1473409533 651590729
t_num: 24 finish: 1473409534 527188169 start: 1473409531 387803001
t_num: 17 finish: 1473409534 708414544 start: 1473409532 698513292
t_num: 20 finish: 1473409534 717426995 start: 1473409532 610857436
t_num: 8 finish: 1473409534 761160501 start: 1473409532 610877137
t_num: 14 finish: 1473409534 789364878 start: 1473409532 962307124
t_num: 25 finish: 1473409534 922466620 start: 1473409533 357175759
t_num: 6 finish: 1473409535 319742077 start: 1473409533 168590825
t_num: 0 finish: 1473409535 563303621 start: 1473409533 408089012
t_num: 23 finish: 1473409535 722317181 start: 1473409533 292087656
t_num: 15 finish: 1473409535 962596937 start: 1473409533 944191171
t_num: 3 finish: 1473409536 215611956 start: 1473409533 384461035
t_num: 31 finish: 1473409536 216498926 start: 1473409533 492742733
t_num: 27 finish: 1473409536 250527703 start: 1473409534 407801671
t_num: 2 finish: 1473409536 255330797 start: 1473409533 943169926
t_num: 20 finish: 1473409536 309230443 start: 1473409534 717462507
t_num: 17 finish: 1473409536 320192874 start: 1473409534 969604513
t_num: 6 finish: 1473409536 615462208 start: 1473409535 319775655
t_num: 10 finish: 1473409536 779916826 start: 1473409534 17044472
t_num: 26 finish: 1473409536 779923076 start: 1473409534 530416254
t_num: 28 finish: 1473409536 779969285 start: 1473409534 422686598
t_num: 12 finish: 1473409536 847146532 start: 1473409535 488164716
t_num: 25 finish: 1473409536 847200606 start: 1473409534 922491959
t_num: 16 finish: 1473409537 72516226 start: 1473409533 946096866
t_num: 31 finish: 1473409537 153737879 start: 1473409536 216520527
t_num: 5 finish: 1473409537 180997157 start: 1473409534 922120428
t_num: 27 finish: 1473409537 224009498 start: 1473409536 264577670
t_num: 8 finish: 1473409537 258976661 start: 1473409534 922275670
t_num: 14 finish: 1473409537 313727675 start: 1473409534 789389787
t_num: 24 finish: 1473409537 590642967 start: 1473409536 216552699
t_num: 20 finish: 1473409537 591585556 start: 1473409536 309273030
t_num: 7 finish: 1473409537 637808933 start: 1473409535 867132149
t_num: 3 finish: 1473409538 166179858 start: 1473409536 215657329
t_num: 2 finish: 1473409538 419293196 start: 1473409536 255354623
t_num: 1 finish: 1473409538 419321764 start: 1473409536 415677612
t_num: 0 finish: 1473409538 444519687 start: 1473409536 780671400
t_num: 15 finish: 1473409538 479674452 start: 1473409536 510022584
t_num: 14 finish: 1473409538 744677888 start: 1473409537 313754405
t_num: 5 finish: 1473409539 18198723 start: 1473409537 181032461
t_num: 27 finish: 1473409539 55133613 start: 1473409537 735668997
t_num: 24 finish: 1473409539 123529820 start: 1473409537 868735147
t_num: 28 finish: 1473409539 152998160 start: 1473409536 779984941
t_num: 11 finish: 1473409539 231947902 start: 1473409536 816096399
t_num: 30 finish: 1473409539 241084808 start: 1473409537 591320433
t_num: 13 finish: 1473409539 315928272 start: 1473409538 115835305
t_num: 7 finish: 1473409539 505467838 start: 1473409537 637850688
t_num: 10 finish: 1473409539 659372471 start: 1473409537 735713544
t_num: 4 finish: 1473409539 713677771 start: 1473409539 19417766
t_num: 5 finish: 1473409539 877221938 start: 1473409539 18230815
t_num: 20 finish: 1473409539 927954385 start: 1473409538 315902023
t_num: 1 finish: 1473409540 69797246 start: 1473409538 419340312
t_num: 26 finish: 1473409540 148846305 start: 1473409537 699931443
t_num: 25 finish: 1473409540 333218432 start: 1473409538 353813548
t_num: 8 finish: 1473409540 393478946 start: 1473409538 968337475
t_num: 16 finish: 1473409540 528150679 start: 1473409537 587452751
t_num: 24 finish: 1473409540 528266391 start: 1473409539 123567131
t_num: 29 finish: 1473409540 528325587 start: 1473409538 805314001
t_num: 14 finish: 1473409540 626012376 start: 1473409538 744701754
t_num: 13 finish: 1473409540 829072924 start: 1473409539 315956018
t_num: 15 finish: 1473409541 64145345 start: 1473409539 213018280
t_num: 11 finish: 1473409541 89758585 start: 1473409539 572090042
t_num: 1 finish: 1473409541 108229835 start: 1473409540 69833271
t_num: 27 finish: 1473409541 108346349 start: 1473409539 55158027
t_num: 2 finish: 1473409541 124642704 start: 1473409539 153858962
t_num: 10 finish: 1473409541 796956526 start: 1473409539 659409741
t_num: 31 finish: 1473409541 825519432 start: 1473409539 277992040
t_num: 5 finish: 1473409542 291232164 start: 1473409539 877264419
t_num: 13 finish: 1473409542 349186131 start: 1473409541 90249259
t_num: 29 finish: 1473409542 433366540 start: 1473409540 528345606
t_num: 8 finish: 1473409542 534503385 start: 1473409540 393515024
t_num: 4 finish: 1473409542 851718865 start: 1473409541 111449836
t_num: 31 finish: 1473409542 984640253 start: 1473409541 825543710
t_num: 14 finish: 1473409543 55302165 start: 1473409540 626043034
t_num: 0 finish: 1473409543 168714164 start: 1473409541 89864421
t_num: 26 finish: 1473409543 222007255 start: 1473409542 243461529
t_num: 6 finish: 1473409543 413861067 start: 1473409540 441682385
t_num: 23 finish: 1473409543 457577037 start: 1473409540 503926656
t_num: 17 finish: 1473409543 823242229 start: 1473409542 176879593
t_num: 18 finish: 1473409543 847652645 start: 1473409541 739500889
t_num: 10 finish: 1473409544 302273745 start: 1473409542 25322214
t_num: 25 finish: 1473409544 444401190 start: 1473409541 89810789
t_num: 19 finish: 1473409544 448896810 start: 1473409541 767168312
t_num: 1 finish: 1473409544 450462886 start: 1473409541 768011146
t_num: 16 finish: 1473409544 565759178 start: 1473409541 582571217
t_num: 2 finish: 1473409544 716379620 start: 1473409541 766733356
t_num: 9 finish: 1473409544 719324010 start: 1473409541 739149500
t_num: 13 finish: 1473409544 843210314 start: 1473409542 349222483
t_num: 5 finish: 1473409544 952963925 start: 1473409542 946199760
t_num: 6 finish: 1473409544 955049759 start: 1473409543 413900915
t_num: 12 finish: 1473409544 975033215 start: 1473409543 579089047
t_num: 23 finish: 1473409545 391184313 start: 1473409544 203582493
t_num: 27 finish: 1473409545 450723766 start: 1473409543 416081088
t_num: 30 finish: 1473409545 517559015 start: 1473409544 135322268
t_num: 25 finish: 1473409545 543295256 start: 1473409544 514151540
t_num: 10 finish: 1473409545 595166851 start: 1473409544 302305101
t_num: 14 finish: 1473409545 769290510 start: 1473409544 134675669
t_num: 7 finish: 1473409545 813972003 start: 1473409542 528179389
t_num: 20 finish: 1473409545 813979106 start: 1473409543 965169326
t_num: 0 finish: 1473409545 999900831 start: 1473409543 168748390
t_num: 31 finish: 1473409546 32364148 start: 1473409543 847733815
t_num: 16 finish: 1473409546 124118341 start: 1473409544 565794478
t_num: 19 finish: 1473409546 515282676 start: 1473409544 448918534
t_num: 1 finish: 1473409546 994638791 start: 1473409545 526878173
t_num: 27 finish: 1473409547 216195905 start: 1473409545 450760370
t_num: 17 finish: 1473409547 259406394 start: 1473409544 453035160
t_num: 20 finish: 1473409547 259437569 start: 1473409545 814019467
t_num: 14 finish: 1473409547 259406848 start: 1473409546 515342675
t_num: 30 finish: 1473409547 522470823 start: 1473409545 517596021
t_num: 11 finish: 1473409547 524762618 start: 1473409545 876621631
t_num: 15 finish: 1473409547 524767540 start: 1473409545 680817242
t_num: 22 finish: 1473409547 644176719 start: 1473409545 563679643
t_num: 23 finish: 1473409547 644214388 start: 1473409545 391226034
t_num: 12 finish: 1473409547 684220355 start: 1473409546 562690185
t_num: 0 finish: 1473409547 684221978 start: 1473409545 999965602
t_num: 25 finish: 1473409547 909396127 start: 1473409545 543340188
t_num: 19 finish: 1473409548 114211223 start: 1473409546 515306632
t_num: 6 finish: 1473409548 280357152 start: 1473409544 955066473
t_num: 28 finish: 1473409548 482196355 start: 1473409546 691354257
t_num: 10 finish: 1473409548 789478187 start: 1473409547 140834531
t_num: 15 finish: 1473409548 843459914 start: 1473409547 524785288
t_num: 12 finish: 1473409548 909063931 start: 1473409547 684270591
t_num: 5 finish: 1473409548 924315863 start: 1473409547 697306486
t_num: 22 finish: 1473409548 924921274 start: 1473409547 644220401
t_num: 17 finish: 1473409548 924933904 start: 1473409548 22079562
t_num: 31 finish: 1473409549 504487642 start: 1473409547 473764115
t_num: 19 finish: 1473409550 128387042 start: 1473409548 114238860
t_num: 25 finish: 1473409550 138096237 start: 1473409547 909435552
t_num: 24 finish: 1473409550 139437561 start: 1473409547 878382767
t_num: 16 finish: 1473409550 139442550 start: 1473409548 325611378
t_num: 27 finish: 1473409550 209794771 start: 1473409548 252534276
t_num: 23 finish: 1473409550 256064929 start: 1473409547 644231592
t_num: 14 finish: 1473409550 485566986 start: 1473409548 749939585
t_num: 3 finish: 1473409551 176497259 start: 1473409548 314047740
t_num: 13 finish: 1473409551 302055480 start: 1473409548 844105282
t_num: 15 finish: 1473409551 626103731 start: 1473409548 843489069
t_num: 28 finish: 1473409551 680764702 start: 1473409549 662550779
t_num: 22 finish: 1473409551 759945587 start: 1473409548 924941276
t_num: 19 finish: 1473409552 43941420 start: 1473409550 636828736
t_num: 17 finish: 1473409552 158720016 start: 1473409548 924948430
t_num: 11 finish: 1473409552 225325748 start: 1473409550 125759132
t_num: 10 finish: 1473409552 316550295 start: 1473409549 504533766
t_num: 12 finish: 1473409552 411686418 start: 1473409550 179823865
t_num: 26 finish: 1473409552 463670201 start: 1473409549 667702135
t_num: 24 finish: 1473409552 463670184 start: 1473409550 139460258
t_num: 25 finish: 1473409552 518392891 start: 1473409550 363498806
t_num: 23 finish: 1473409552 518443084 start: 1473409550 592007009
t_num: 13 finish: 1473409552 544347159 start: 1473409551 302089927
t_num: 14 finish: 1473409552 544358502 start: 1473409550 485598401
t_num: 8 finish: 1473409552 602856395 start: 1473409549 982425059
t_num: 29 finish: 1473409552 603083253 start: 1473409549 853476630
t_num: 31 finish: 1473409552 855791345 start: 1473409550 147890165
t_num: 5 finish: 1473409552 969841726 start: 1473409548 924337066
t_num: 20 finish: 1473409553 10270749 start: 1473409550 695636507
t_num: 30 finish: 1473409553 64660279 start: 1473409549 417593209
t_num: 3 finish: 1473409553 65690146 start: 1473409551 176528699
t_num: 27 finish: 1473409553 549012819 start: 1473409551 162581036
t_num: 19 finish: 1473409553 658934061 start: 1473409552 43985003
t_num: 12 finish: 1473409554 777720152 start: 1473409552 411722386
t_num: 11 finish: 1473409554 834162253 start: 1473409552 855839344
t_num: 10 finish: 1473409554 921568734 start: 1473409552 316600308
t_num: 22 finish: 1473409555 271018100 start: 1473409553 331926640
t_num: 17 finish: 1473409555 326149355 start: 1473409552 158749499
t_num: 21 finish: 1473409555 508103883 start: 1473409553 914756416
t_num: 26 finish: 1473409555 562566164 start: 1473409552 463721285
t_num: 13 finish: 1473409555 565106209 start: 1473409552 544371961
t_num: 19 finish: 1473409555 669978863 start: 1473409553 658957092
t_num: 3 finish: 1473409555 927063292 start: 1473409553 65710920
t_num: 14 finish: 1473409555 999070348 start: 1473409553 732469275
t_num: 18 finish: 1473409555 999108291 start: 1473409553 635603899
t_num: 9 finish: 1473409556 106340977 start: 1473409555 209748514
t_num: 31 finish: 1473409556 115220464 start: 1473409552 855817872
t_num: 28 finish: 1473409556 257601414 start: 1473409553 15314889
t_num: 5 finish: 1473409556 317871327 start: 1473409552 969888919
t_num: 8 finish: 1473409556 462528440 start: 1473409553 772005568
t_num: 19 finish: 1473409556 485865386 start: 1473409555 670019790
t_num: 21 finish: 1473409556 485868072 start: 1473409555 508166779
t_num: 30 finish: 1473409556 501820069 start: 1473409553 732402854
t_num: 11 finish: 1473409556 541539911 start: 1473409554 834198529
t_num: 27 finish: 1473409556 562507982 start: 1473409553 549050508
t_num: 22 finish: 1473409556 610247156 start: 1473409555 271045471
t_num: 17 finish: 1473409556 767308930 start: 1473409555 326189488
t_num: 29 finish: 1473409557 184681375 start: 1473409555 212727130
t_num: 13 finish: 1473409557 213071752 start: 1473409555 737881864
t_num: 8 finish: 1473409557 434510572 start: 1473409556 462571630
t_num: 21 finish: 1473409557 434561761 start: 1473409556 485926190
t_num: 1 finish: 1473409557 777011083 start: 1473409555 606326492
t_num: 6 finish: 1473409557 777059483 start: 1473409556 231707277
t_num: 7 finish: 1473409557 885211936 start: 1473409556 43323073
t_num: 22 finish: 1473409558 236684627 start: 1473409556 610278657
t_num: 4 finish: 1473409558 536153624 start: 1473409556 106749683
t_num: 0 finish: 1473409558 536467413 start: 1473409555 148332521
t_num: 9 finish: 1473409558 778650056 start: 1473409556 106372940
t_num: 3 finish: 1473409558 837510660 start: 1473409557 242914800
t_num: 13 finish: 1473409559 164079533 start: 1473409557 213100233
t_num: 14 finish: 1473409559 171114601 start: 1473409555 999098653
t_num: 5 finish: 1473409559 376292719 start: 1473409556 317903772
t_num: 0 finish: 1473409559 605549350 start: 1473409558 536487865
t_num: 11 finish: 1473409559 666852523 start: 1473409557 434547734
t_num: 31 finish: 1473409559 676157883 start: 1473409557 799166325
t_num: 19 finish: 1473409559 676157894 start: 1473409557 586757878
t_num: 20 finish: 1473409559 676751651 start: 1473409555 998255051
t_num: 21 finish: 1473409559 676856917 start: 1473409557 434579136
t_num: 29 finish: 1473409559 866895333 start: 1473409557 184722153
t_num: 28 finish: 1473409559 939677814 start: 1473409557 835724867
t_num: 17 finish: 1473409560 164140644 start: 1473409558 413201727
t_num: 26 finish: 1473409560 723648513 start: 1473409557 344439007
t_num: 30 finish: 1473409560 853248734 start: 1473409557 776863498
t_num: 8 finish: 1473409561 45701541 start: 1473409557 434603287
t_num: 3 finish: 1473409561 121199244 start: 1473409558 837549683
t_num: 9 finish: 1473409561 497262085 start: 1473409558 778693427
t_num: 14 finish: 1473409561 600211788 start: 1473409559 171139570
t_num: 13 finish: 1473409561 726705195 start: 1473409559 164115993
t_num: 4 finish: 1473409561 727337846 start: 1473409559 624648725
t_num: 21 finish: 1473409562 2969763 start: 1473409559 676890671
t_num: 0 finish: 1473409562 137418192 start: 1473409560 719736277
t_num: 22 finish: 1473409562 138226300 start: 1473409559 463840282
t_num: 24 finish: 1473409562 138335311 start: 1473409560 978940264
t_num: 12 finish: 1473409562 245032765 start: 1473409559 624666216
t_num: 25 finish: 1473409562 264197515 start: 1473409560 157576784
t_num: 28 finish: 1473409562 269540536 start: 1473409561 92931190
t_num: 31 finish: 1473409562 386141125 start: 1473409559 676204037
t_num: 15 finish: 1473409562 440933509 start: 1473409560 853279926
t_num: 1 finish: 1473409562 486246083 start: 1473409559 866308087
t_num: 3 finish: 1473409562 587196054 start: 1473409561 678420552
t_num: 8 finish: 1473409562 587246229 start: 1473409561 910299661
t_num: 4 finish: 1473409562 788938844 start: 1473409561 727358898
t_num: 17 finish: 1473409563 32322161 start: 1473409561 497281690
t_num: 29 finish: 1473409563 183353101 start: 1473409561 264729510
t_num: 28 finish: 1473409563 283823847 start: 1473409562 269560088
t_num: 9 finish: 1473409563 434828751 start: 1473409561 497286288
t_num: 19 finish: 1473409563 595323006 start: 1473409560 616436033
t_num: 21 finish: 1473409563 756785507 start: 1473409562 3014260
t_num: 13 finish: 1473409563 809600505 start: 1473409561 726744374
t_num: 11 finish: 1473409563 901158367 start: 1473409562 633738396
t_num: 14 finish: 1473409563 902772213 start: 1473409561 600256630
t_num: 31 finish: 1473409564 38157841 start: 1473409562 386182503
t_num: 17 finish: 1473409564 266647592 start: 1473409563 32367597
t_num: 22 finish: 1473409564 441317827 start: 1473409562 138247688
t_num: 18 finish: 1473409564 695960518 start: 1473409562 676688861
t_num: 30 finish: 1473409564 977981410 start: 1473409562 281955457
t_num: 12 finish: 1473409565 387587312 start: 1473409563 183963926
t_num: 13 finish: 1473409565 388458255 start: 1473409563 809646243
t_num: 29 finish: 1473409565 388541661 start: 1473409563 183380888
t_num: 5 finish: 1473409565 388997013 start: 1473409562 550893920
t_num: 9 finish: 1473409565 512094942 start: 1473409563 434864284
t_num: 0 finish: 1473409565 564688289 start: 1473409563 483179448
t_num: 6 finish: 1473409565 672724501 start: 1473409564 163473535
t_num: 15 finish: 1473409566 208698646 start: 1473409563 665558409
t_num: 17 finish: 1473409566 299137578 start: 1473409564 929037579
t_num: 1 finish: 1473409566 348130675 start: 1473409565 371871621
t_num: 7 finish: 1473409566 484245802 start: 1473409563 616891950
t_num: 24 finish: 1473409566 502925064 start: 1473409564 99025381
t_num: 30 finish: 1473409566 739261253 start: 1473409565 372374125
t_num: 11 finish: 1473409566 822155330 start: 1473409565 732637610
t_num: 16 finish: 1473409566 823441063 start: 1473409564 504242115
t_num: 10 finish: 1473409567 405817123 start: 1473409565 461676477
t_num: 22 finish: 1473409567 414571702 start: 1473409564 441360983
t_num: 12 finish: 1473409567 696531692 start: 1473409565 387624124
t_num: 31 finish: 1473409567 981269471 start: 1473409564 668689271
t_num: 26 finish: 1473409567 987396014 start: 1473409565 938605319
t_num: 6 finish: 1473409568 239132319 start: 1473409565 672765918
t_num: 3 finish: 1473409568 240381878 start: 1473409566 406068572
t_num: 17 finish: 1473409568 240503688 start: 1473409566 299162308
t_num: 1 finish: 1473409568 274270374 start: 1473409566 348162697
t_num: 29 finish: 1473409568 276554946 start: 1473409565 388558685
t_num: 5 finish: 1473409568 277560558 start: 1473409565 389017466
t_num: 22 finish: 1473409568 306576027 start: 1473409567 414590589
t_num: 0 finish: 1473409568 365483493 start: 1473409566 286689532
t_num: 27 finish: 1473409568 483260365 start: 1473409566 229534033
t_num: 16 finish: 1473409568 635033094 start: 1473409567 645469119
t_num: 30 finish: 1473409568 816332360 start: 1473409567 697575761
t_num: 21 finish: 1473409568 870680597 start: 1473409567 754444370
t_num: 10 finish: 1473409568 919733880 start: 1473409567 405856155
t_num: 24 finish: 1473409569 146540240 start: 1473409566 822911706
t_num: 17 finish: 1473409569 695482192 start: 1473409568 240541365
t_num: 12 finish: 1473409569 734656872 start: 1473409567 696575890
t_num: 11 finish: 1473409569 800637038 start: 1473409567 754432818
t_num: 16 finish: 1473409569 898642116 start: 1473409568 635074793
t_num: 4 finish: 1473409570 692386694 start: 1473409568 855123416
t_num: 29 finish: 1473409570 701607257 start: 1473409568 800213619
t_num: 28 finish: 1473409570 779362864 start: 1473409567 977244548
t_num: 31 finish: 1473409570 923651551 start: 1473409568 409559648
t_num: 20 finish: 1473409571 95219643 start: 1473409568 856619786
t_num: 23 finish: 1473409571 348043453 start: 1473409569 36438387
t_num: 21 finish: 1473409571 379465177 start: 1473409568 870702483
t_num: 3 finish: 1473409571 432171258 start: 1473409569 121172145
t_num: 30 finish: 1473409571 841361269 start: 1473409568 816357085
t_num: 16 finish: 1473409571 841370895 start: 1473409569 898669989
t_num: 1 finish: 1473409571 954438299 start: 1473409568 635060744
t_num: 0 finish: 1473409571 983032749 start: 1473409568 365512903
t_num: 24 finish: 1473409572 136168145 start: 1473409570 925736784
t_num: 18 finish: 1473409572 295595820 start: 1473409571 484092610
t_num: 15 finish: 1473409572 641098773 start: 1473409569 19253907
t_num: 17 finish: 1473409572 878597278 start: 1473409570 723723881
t_num: 12 finish: 1473409573 262526265 start: 1473409569 734692457
t_num: 22 finish: 1473409573 298552205 start: 1473409570 934520003
t_num: 5 finish: 1473409573 798864226 start: 1473409569 533717363
t_num: 20 finish: 1473409573 994708381 start: 1473409571 95260315
t_num: 2 finish: 1473409574 149568524 start: 1473409572 594343384
t_num: 23 finish: 1473409574 200270190 start: 1473409571 348071742
t_num: 21 finish: 1473409574 269381539 start: 1473409572 721711735
t_num: 0 finish: 1473409574 409902218 start: 1473409573 322981058
t_num: 4 finish: 1473409574 410623733 start: 1473409572 54884590
t_num: 3 finish: 1473409574 410638880 start: 1473409572 722289637
t_num: 28 finish: 1473409574 576517175 start: 1473409570 779385288
t_num: 29 finish: 1473409574 702904152 start: 1473409572 391597534
t_num: 14 finish: 1473409574 702913968 start: 1473409572 419366125
t_num: 16 finish: 1473409574 703399119 start: 1473409571 841472888
t_num: 18 finish: 1473409574 746497613 start: 1473409573 48032854
t_num: 24 finish: 1473409574 805989113 start: 1473409572 136198549
t_num: 26 finish: 1473409574 806198126 start: 1473409573 298725232
t_num: 10 finish: 1473409574 944116579 start: 1473409572 466219032
t_num: 15 finish: 1473409575 567357322 start: 1473409572 641153059
t_num: 21 finish: 1473409575 665141390 start: 1473409574 269420585
t_num: 7 finish: 1473409575 695657941 start: 1473409573 979878245
t_num: 3 finish: 1473409575 870824152 start: 1473409574 410653467
t_num: 17 finish: 1473409576 34431358 start: 1473409573 698143348
t_num: 30 finish: 1473409576 80923386 start: 1473409571 841426448
t_num: 2 finish: 1473409576 81547961 start: 1473409574 702972664
t_num: 22 finish: 1473409576 734225199 start: 1473409574 703032584
t_num: 18 finish: 1473409576 926670208 start: 1473409574 746549190
t_num: 10 finish: 1473409576 932444449 start: 1473409574 944152160
t_num: 25 finish: 1473409577 56652743 start: 1473409574 746618938
t_num: 19 finish: 1473409577 57170857 start: 1473409574 210982570
t_num: 0 finish: 1473409577 194865572 start: 1473409574 845693907
t_num: 28 finish: 1473409577 469977123 start: 1473409575 664953097
t_num: 8 finish: 1473409577 560725334 start: 1473409575 301459982
t_num: 17 finish: 1473409577 719136397 start: 1473409576 34468946
t_num: 23 finish: 1473409577 824907135 start: 1473409575 329153200
t_num: 24 finish: 1473409578 565327016 start: 1473409576 779208899
t_num: 3 finish: 1473409578 638589926 start: 1473409576 814027798
t_num: 17 finish: 1473409578 697707100 start: 1473409577 719178241
t_num: 10 finish: 1473409578 697738707 start: 1473409576 932461544
t_num: 26 finish: 1473409578 697787231 start: 1473409576 4078563
t_num: 12 finish: 1473409578 956854773 start: 1473409576 467201075
t_num: 30 finish: 1473409579 16017631 start: 1473409576 80956490
t_num: 15 finish: 1473409579 111840546 start: 1473409576 814011072
t_num: 21 finish: 1473409579 120555500 start: 1473409575 921486194
t_num: 2 finish: 1473409579 890529862 start: 1473409576 81565604
t_num: 20 finish: 1473409579 897491254 start: 1473409576 842229835
t_num: 5 finish: 1473409580 275143321 start: 1473409578 290258049
t_num: 14 finish: 1473409580 312335066 start: 1473409578 21287356
t_num: 28 finish: 1473409580 349769163 start: 1473409577 958923992
t_num: 8 finish: 1473409580 457817718 start: 1473409577 560757754
t_num: 26 finish: 1473409580 513592110 start: 1473409578 697801579
t_num: 19 finish: 1473409580 513722094 start: 1473409577 57192465
t_num: 29 finish: 1473409580 513861900 start: 1473409577 563229712
t_num: 12 finish: 1473409580 514184741 start: 1473409578 956896927
t_num: 4 finish: 1473409580 813730439 start: 1473409577 958386771
t_num: 17 finish: 1473409580 874101104 start: 1473409579 387036813
t_num: 24 finish: 1473409580 919051173 start: 1473409580 274272259
t_num: 31 finish: 1473409581 21997692 start: 1473409579 371768474
t_num: 25 finish: 1473409581 71129393 start: 1473409580 355512400
t_num: 3 finish: 1473409581 98743714 start: 1473409578 638627741
t_num: 30 finish: 1473409581 193864268 start: 1473409579 16064184
t_num: 11 finish: 1473409581 288311172 start: 1473409580 217871195
t_num: 8 finish: 1473409581 288348521 start: 1473409580 457844826
t_num: 10 finish: 1473409581 374886819 start: 1473409578 697767222
t_num: 19 finish: 1473409581 402018253 start: 1473409580 513745245
t_num: 28 finish: 1473409581 553277870 start: 1473409580 553689362
t_num: 4 finish: 1473409581 732636333 start: 1473409580 813764695
t_num: 18 finish: 1473409581 798321796 start: 1473409579 374134765
t_num: 20 finish: 1473409581 799763915 start: 1473409579 897515140
t_num: 30 finish: 1473409582 156097117 start: 1473409581 193899699
t_num: 3 finish: 1473409582 193642024 start: 1473409581 98801903
t_num: 2 finish: 1473409582 363783661 start: 1473409579 890574839
t_num: 9 finish: 1473409582 485188445 start: 1473409580 457752901
t_num: 5 finish: 1473409582 620222423 start: 1473409580 936301973
t_num: 12 finish: 1473409582 633877919 start: 1473409581 480825463
t_num: 14 finish: 1473409583 120007506 start: 1473409580 726155064
t_num: 18 finish: 1473409583 140049183 start: 1473409581 798361207
t_num: 15 finish: 1473409583 310564469 start: 1473409581 481080779
t_num: 28 finish: 1473409583 443497531 start: 1473409581 626835862
t_num: 31 finish: 1473409583 489500303 start: 1473409582 71044682
t_num: 8 finish: 1473409583 489596970 start: 1473409582 54668888
t_num: 17 finish: 1473409583 489653450 start: 1473409580 874150542
t_num: 20 finish: 1473409583 613030035 start: 1473409582 94557460
t_num: 16 finish: 1473409583 706651682 start: 1473409582 53621078
t_num: 10 finish: 1473409584 55341549 start: 1473409581 374916180
t_num: 5 finish: 1473409584 300177043 start: 1473409582 620251505
t_num: 29 finish: 1473409584 336482566 start: 1473409582 753731747
t_num: 11 finish: 1473409584 345434173 start: 1473409582 621257842
t_num: 19 finish: 1473409584 655141021 start: 1473409583 613055634
t_num: 15 finish: 1473409584 656510147 start: 1473409583 310592943
t_num: 8 finish: 1473409584 781966675 start: 1473409583 489620387
t_num: 18 finish: 1473409585 183575710 start: 1473409583 140066483
t_num: 29 finish: 1473409585 566677226 start: 1473409584 656084969
t_num: 28 finish: 1473409585 572135021 start: 1473409583 959287966
t_num: 1 finish: 1473409585 572932288 start: 1473409582 589463773
t_num: 31 finish: 1473409585 693277735 start: 1473409584 345706048
t_num: 9 finish: 1473409585 759943256 start: 1473409583 958564321
t_num: 11 finish: 1473409586 54074401 start: 1473409584 345454390
t_num: 6 finish: 1473409586 54833312 start: 1473409583 4528924
t_num: 7 finish: 1473409586 443488296 start: 1473409583 959404524
t_num: 28 finish: 1473409586 543392174 start: 1473409585 572156415
t_num: 21 finish: 1473409586 610290464 start: 1473409584 343911211
t_num: 2 finish: 1473409586 734207195 start: 1473409584 964496667
t_num: 10 finish: 1473409586 752509466 start: 1473409584 55383806
t_num: 12 finish: 1473409586 814096476 start: 1473409583 958671320
t_num: 22 finish: 1473409586 814549840 start: 1473409584 963061245
t_num: 19 finish: 1473409586 842898983 start: 1473409585 281030180
t_num: 9 finish: 1473409586 938058159 start: 1473409585 759984538
t_num: 8 finish: 1473409586 993576469 start: 1473409586 68434771
t_num: 29 finish: 1473409586 993576776 start: 1473409585 566718598
t_num: 15 finish: 1473409587 169242702 start: 1473409585 280914295
t_num: 5 finish: 1473409587 417389373 start: 1473409584 653201208
t_num: 6 finish: 1473409587 540534589 start: 1473409586 54855026
t_num: 7 finish: 1473409587 863950110 start: 1473409586 443518816
t_num: 17 finish: 1473409588 38377634 start: 1473409584 499789479
t_num: 28 finish: 1473409588 63235668 start: 1473409586 543437650
t_num: 21 finish: 1473409588 521057864 start: 1473409586 610330822
t_num: 23 finish: 1473409588 970254289 start: 1473409586 610399345
t_num: 2 finish: 1473409589 393582690 start: 1473409587 417452067
t_num: 1 finish: 1473409589 534526456 start: 1473409586 610537551
t_num: 22 finish: 1473409589 591493159 start: 1473409586 814570498
t_num: 14 finish: 1473409589 591562374 start: 1473409586 610409962
t_num: 20 finish: 1473409589 592641538 start: 1473409587 274806370
t_num: 9 finish: 1473409589 633018947 start: 1473409587 481357503
t_num: 21 finish: 1473409589 823453907 start: 1473409588 521139833
t_num: 0 finish: 1473409590 300495911 start: 1473409587 955323793
t_num: 5 finish: 1473409590 302720683 start: 1473409588 258195545
t_num: 28 finish: 1473409590 302723423 start: 1473409588 63266460
t_num: 7 finish: 1473409590 436082268 start: 1473409588 831296403
t_num: 29 finish: 1473409590 479864111 start: 1473409586 994007652
t_num: 12 finish: 1473409590 550261648 start: 1473409587 395835829
t_num: 6 finish: 1473409590 587239332 start: 1473409587 540570321
t_num: 19 finish: 1473409590 630586203 start: 1473409589 4007180
t_num: 15 finish: 1473409590 674358781 start: 1473409587 823316223
t_num: 21 finish: 1473409591 559832441 start: 1473409589 823484688
t_num: 18 finish: 1473409591 559876790 start: 1473409588 663342215
t_num: 14 finish: 1473409591 694696057 start: 1473409589 591578522
t_num: 13 finish: 1473409591 871805283 start: 1473409589 487809979
t_num: 1 finish: 1473409591 876745301 start: 1473409589 534553438
t_num: 24 finish: 1473409591 876795252 start: 1473409589 685046672
t_num: 25 finish: 1473409592 187841946 start: 1473409590 614174140
t_num: 12 finish: 1473409592 326142906 start: 1473409590 963338706
t_num: 28 finish: 1473409592 354091423 start: 1473409591 391767764
t_num: 19 finish: 1473409592 397648338 start: 1473409590 630606996
t_num: 26 finish: 1473409592 713092990 start: 1473409590 10652891
t_num: 23 finish: 1473409592 774841303 start: 1473409590 23549278
t_num: 20 finish: 1473409592 815348417 start: 1473409590 911376564
t_num: 10 finish: 1473409593 43638839 start: 1473409591 77328084
t_num: 6 finish: 1473409593 189421260 start: 1473409590 587262369
t_num: 18 finish: 1473409593 189434024 start: 1473409591 774488797
t_num: 9 finish: 1473409593 189494826 start: 1473409590 964053551
t_num: 29 finish: 1473409593 189517353 start: 1473409590 912103070
t_num: 11 finish: 1473409593 562239093 start: 1473409590 767019070
t_num: 15 finish: 1473409593 746624296 start: 1473409591 24864085
t_num: 30 finish: 1473409593 789951351 start: 1473409591 779742265
t_num: 21 finish: 1473409594 255290548 start: 1473409591 559870766
t_num: 14 finish: 1473409594 255297181 start: 1473409592 577497615
t_num: 24 finish: 1473409594 472360023 start: 1473409591 876830907
t_num: 1 finish: 1473409594 555883579 start: 1473409591 876769886
t_num: 16 finish: 1473409594 556596119 start: 1473409592 136369696
t_num: 23 finish: 1473409594 556655373 start: 1473409592 774882664
t_num: 19 finish: 1473409594 567198960 start: 1473409592 397693359
t_num: 7 finish: 1473409594 743954371 start: 1473409591 876866715
t_num: 3 finish: 1473409594 782269507 start: 1473409592 577479982
t_num: 12 finish: 1473409595 289575991 start: 1473409592 641513189
t_num: 9 finish: 1473409595 291714252 start: 1473409593 189511001
t_num: 28 finish: 1473409595 470481036 start: 1473409592 354125422
t_num: 25 finish: 1473409595 996408406 start: 1473409592 776249721
t_num: 21 finish: 1473409596 38834022 start: 1473409594 255327748
t_num: 26 finish: 1473409596 110060003 start: 1473409592 713157427
t_num: 11 finish: 1473409596 110063708 start: 1473409595 275537358
t_num: 19 finish: 1473409596 151747777 start: 1473409594 567218874
t_num: 18 finish: 1473409596 525687244 start: 1473409594 151531522
t_num: 15 finish: 1473409596 921607951 start: 1473409594 340172560
t_num: 2 finish: 1473409596 991768998 start: 1473409594 181545395
t_num: 12 finish: 1473409597 253824869 start: 1473409595 289605269
t_num: 26 finish: 1473409597 255370888 start: 1473409596 110097454
t_num: 7 finish: 1473409597 300975926 start: 1473409594 743995463
t_num: 28 finish: 1473409597 388130238 start: 1473409595 470513967
t_num: 23 finish: 1473409597 534929993 start: 1473409595 275621845
t_num: 17 finish: 1473409597 743922095 start: 1473409595 932033474
t_num: 19 finish: 1473409597 814140047 start: 1473409596 151767936
t_num: 3 finish: 1473409597 844916249 start: 1473409596 576333885
t_num: 14 finish: 1473409597 915327413 start: 1473409595 209673273
t_num: 1 finish: 1473409598 401598281 start: 1473409596 251093286
t_num: 15 finish: 1473409598 402610029 start: 1473409596 921631514
t_num: 6 finish: 1473409598 468744633 start: 1473409595 243747378
t_num: 9 finish: 1473409598 471061731 start: 1473409596 151725540
t_num: 26 finish: 1473409598 624532013 start: 1473409597 255392238
t_num: 22 finish: 1473409598 624546194 start: 1473409595 933477311
t_num: 11 finish: 1473409598 625113961 start: 1473409596 110154531
t_num: 28 finish: 1473409598 625335982 start: 1473409597 388201564
t_num: 7 finish: 1473409598 709624588 start: 1473409597 621293924
t_num: 27 finish: 1473409598 797734855 start: 1473409596 921599438
t_num: 30 finish: 1473409598 798606507 start: 1473409596 151791460
t_num: 5 finish: 1473409599 9111490 start: 1473409597 141017596
t_num: 12 finish: 1473409599 303250307 start: 1473409597 253849790
t_num: 20 finish: 1473409599 308161382 start: 1473409597 253768599
t_num: 28 finish: 1473409599 373593776 start: 1473409598 625353813
t_num: 24 finish: 1473409599 419880663 start: 1473409597 620716284
t_num: 6 finish: 1473409599 708213408 start: 1473409598 468775745
t_num: 23 finish: 1473409599 786979005 start: 1473409598 474496112
t_num: 2 finish: 1473409599 787118121 start: 1473409597 988885288
t_num: 17 finish: 1473409600 21073201 start: 1473409598 300580827
t_num: 1 finish: 1473409600 21108614 start: 1473409598 553419215
t_num: 5 finish: 1473409600 21877170 start: 1473409599 9150514
t_num: 3 finish: 1473409600 22102802 start: 1473409597 844944315
t_num: 11 finish: 1473409600 261139539 start: 1473409598 625134173
t_num: 4 finish: 1473409600 409733042 start: 1473409598 624620512
t_num: 24 finish: 1473409600 880298381 start: 1473409599 419898272
t_num: 19 finish: 1473409600 910422993 start: 1473409599 238860289
t_num: 2 finish: 1473409601 69418610 start: 1473409599 787137622
t_num: 0 finish: 1473409601 142942100 start: 1473409599 732405708
t_num: 16 finish: 1473409601 220217783 start: 1473409599 815081979
t_num: 28 finish: 1473409601 547034453 start: 1473409599 373622140
t_num: 18 finish: 1473409601 588757060 start: 1473409600 820753702
t_num: 17 finish: 1473409601 662560689 start: 1473409600 586928644
t_num: 14 finish: 1473409602 118025571 start: 1473409599 280063855
t_num: 7 finish: 1473409602 139392729 start: 1473409599 730712776
t_num: 19 finish: 1473409602 154172422 start: 1473409600 910441714
t_num: 22 finish: 1473409602 363752093 start: 1473409600 499453428
t_num: 23 finish: 1473409602 365859758 start: 1473409600 228164872
t_num: 8 finish: 1473409602 573380367 start: 1473409601 26855634
t_num: 20 finish: 1473409602 617096449 start: 1473409600 227942871
t_num: 9 finish: 1473409602 618909942 start: 1473409599 978725423
t_num: 3 finish: 1473409602 796318896 start: 1473409600 541119586
t_num: 17 finish: 1473409602 890287784 start: 1473409601 662582217
t_num: 5 finish: 1473409602 893409812 start: 1473409600 337547668
t_num: 12 finish: 1473409602 896438373 start: 1473409599 814965606
t_num: 0 finish: 1473409603 267273576 start: 1473409601 142967675
t_num: 28 finish: 1473409603 267517076 start: 1473409601 547098364
t_num: 2 finish: 1473409603 390599261 start: 1473409601 69475352
t_num: 1 finish: 1473409603 571088124 start: 1473409602 620039336
t_num: 29 finish: 1473409603 618215693 start: 1473409601 297544577
t_num: 22 finish: 1473409603 741482612 start: 1473409602 363792291
t_num: 14 finish: 1473409603 790369760 start: 1473409602 118060257
t_num: 13 finish: 1473409603 912550109 start: 1473409601 428264611
t_num: 19 finish: 1473409604 930143454 start: 1473409602 154205371
t_num: 10 finish: 1473409605 137089325 start: 1473409603 481138540
t_num: 12 finish: 1473409605 173327419 start: 1473409602 896461007
t_num: 18 finish: 1473409605 364716187 start: 1473409603 409295321
t_num: 28 finish: 1473409605 491668877 start: 1473409603 267536742
t_num: 31 finish: 1473409605 508744535 start: 1473409603 346831084
t_num: 3 finish: 1473409605 696713403 start: 1473409602 796354443
t_num: 13 finish: 1473409605 699261700 start: 1473409603 912577552
t_num: 20 finish: 1473409605 819707585 start: 1473409603 267403099
t_num: 29 finish: 1473409605 843176341 start: 1473409603 618239364
t_num: 0 finish: 1473409605 957845457 start: 1473409603 912146945
t_num: 1 finish: 1473409605 979452892 start: 1473409603 571144185
t_num: 8 finish: 1473409606 8006024 start: 1473409605 284261262
t_num: 25 finish: 1473409606 62781098 start: 1473409604 550987115
t_num: 17 finish: 1473409606 62881809 start: 1473409604 962104150
t_num: 6 finish: 1473409606 196103310 start: 1473409604 311971988
t_num: 14 finish: 1473409606 198228150 start: 1473409604 895563463
t_num: 24 finish: 1473409606 322007644 start: 1473409604 1641180
t_num: 23 finish: 1473409606 574302783 start: 1473409605 135596357
t_num: 12 finish: 1473409606 636334554 start: 1473409605 173349658
t_num: 3 finish: 1473409606 767312723 start: 1473409605 696744563
t_num: 31 finish: 1473409606 776969178 start: 1473409605 835438751
t_num: 2 finish: 1473409606 776976398 start: 1473409604 526018976
t_num: 10 finish: 1473409606 777045553 start: 1473409605 748036036
t_num: 29 finish: 1473409606 777622464 start: 1473409605 843207982
t_num: 11 finish: 1473409607 103093143 start: 1473409604 857127209
t_num: 1 finish: 1473409607 340646592 start: 1473409605 979474848
t_num: 28 finish: 1473409607 372567649 start: 1473409606 199493047
t_num: 14 finish: 1473409607 542396417 start: 1473409606 198249600
t_num: 17 finish: 1473409607 883531554 start: 1473409606 62915317
t_num: 3 finish: 1473409608 6779364 start: 1473409606 767368946
t_num: 20 finish: 1473409608 130548440 start: 1473409606 393224365
t_num: 4 finish: 1473409608 172539805 start: 1473409606 85679721
t_num: 0 finish: 1473409608 528717456 start: 1473409607 36286118
t_num: 31 finish: 1473409608 595122167 start: 1473409606 776998081
t_num: 6 finish: 1473409608 737862133 start: 1473409606 673187789
t_num: 28 finish: 1473409608 997398473 start: 1473409607 372589802
t_num: 12 finish: 1473409609 208497110 start: 1473409606 636373037
t_num: 1 finish: 1473409609 856638969 start: 1473409607 340670614
t_num: 11 finish: 1473409609 859669028 start: 1473409607 103144033
t_num: 25 finish: 1473409609 874160911 start: 1473409607 233263280
t_num: 31 finish: 1473409609 928103277 start: 1473409608 595157155
t_num: 4 finish: 1473409610 254957918 start: 1473409608 172559402
t_num: 13 finish: 1473409610 415172205 start: 1473409607 607001693
t_num: 26 finish: 1473409610 472610649 start: 1473409608 643778526
t_num: 15 finish: 1473409610 472656643 start: 1473409608 58683011
t_num: 29 finish: 1473409610 712722245 start: 1473409608 42173092
t_num: 17 finish: 1473409610 950479092 start: 1473409609 235901383
t_num: 14 finish: 1473409610 991901487 start: 1473409609 862725190
t_num: 12 finish: 1473409610 992761724 start: 1473409609 208532851
t_num: 1 finish: 1473409611 39270612 start: 1473409609 928106621
t_num: 3 finish: 1473409611 190264976 start: 1473409610 114406242
t_num: 27 finish: 1473409611 260031784 start: 1473409609 634259540
t_num: 5 finish: 1473409611 599496635 start: 1473409609 1815311
t_num: 26 finish: 1473409611 694940182 start: 1473409610 472635804
t_num: 0 finish: 1473409611 699780265 start: 1473409609 234126252
t_num: 20 finish: 1473409611 700073090 start: 1473409608 642930690
t_num: 11 finish: 1473409611 700131983 start: 1473409610 384829670
t_num: 6 finish: 1473409611 787475641 start: 1473409610 385082370
t_num: 29 finish: 1473409611 851161451 start: 1473409610 712741834
t_num: 25 finish: 1473409612 649213707 start: 1473409610 337644833
t_num: 7 finish: 1473409612 999530985 start: 1473409610 983340561
t_num: 1 finish: 1473409613 290405765 start: 1473409611 39294284
t_num: 17 finish: 1473409613 307200230 start: 1473409611 351546226
t_num: 14 finish: 1473409613 318102742 start: 1473409610 991930833
t_num: 4 finish: 1473409613 327351275 start: 1473409610 254989816
t_num: 15 finish: 1473409613 481788163 start: 1473409611 133965817
t_num: 0 finish: 1473409613 520164329 start: 1473409611 699816092
t_num: 29 finish: 1473409613 618174655 start: 1473409611 851205834
t_num: 11 finish: 1473409613 618218611 start: 1473409611 700146386
t_num: 19 finish: 1473409613 650531428 start: 1473409612 167369482
t_num: 16 finish: 1473409613 799358683 start: 1473409611 296370321
t_num: 5 finish: 1473409613 833611680 start: 1473409611 599541951
t_num: 25 finish: 1473409613 972553174 start: 1473409612 649247906
t_num: 31 finish: 1473409614 268575955 start: 1473409611 132180335
t_num: 30 finish: 1473409614 344103979 start: 1473409613 307621484
t_num: 1 finish: 1473409614 879375311 start: 1473409613 711927700
t_num: 9 finish: 1473409615 301431263 start: 1473409613 772233003
t_num: 29 finish: 1473409615 523773747 start: 1473409613 618201008
t_num: 17 finish: 1473409615 524448496 start: 1473409613 853443657
t_num: 11 finish: 1473409615 524498677 start: 1473409613 618238240
t_num: 14 finish: 1473409615 524526444 start: 1473409613 318140899
t_num: 13 finish: 1473409615 563255896 start: 1473409613 234435269
t_num: 19 finish: 1473409615 643162287 start: 1473409613 650554141
t_num: 8 finish: 1473409615 643759756 start: 1473409613 925255077
t_num: 15 finish: 1473409615 920362378 start: 1473409613 713951669
t_num: 12 finish: 1473409615 921185810 start: 1473409613 5226805
t_num: 25 finish: 1473409616 431277341 start: 1473409614 956973238
t_num: 0 finish: 1473409616 944085543 start: 1473409614 879380937
t_num: 16 finish: 1473409617 14439936 start: 1473409613 799414669
t_num: 18 finish: 1473409617 248457414 start: 1473409614 444998598
t_num: 31 finish: 1473409617 309502909 start: 1473409614 268621560
t_num: 23 finish: 1473409617 370049102 start: 1473409615 475501968
t_num: 7 finish: 1473409617 442956940 start: 1473409614 780593316
t_num: 12 finish: 1473409617 442962285 start: 1473409615 921206080
t_num: 10 finish: 1473409617 641049942 start: 1473409614 956986213
t_num: 5 finish: 1473409617 676668329 start: 1473409616 313431754
t_num: 15 finish: 1473409617 919296738 start: 1473409615 920400131
t_num: 30 finish: 1473409617 919296738 start: 1473409616 431239162
t_num: 11 finish: 1473409617 963729923 start: 1473409616 389590856
t_num: 20 finish: 1473409618 76971352 start: 1473409615 52383192
t_num: 12 finish: 1473409618 224771265 start: 1473409617 443007203
t_num: 0 finish: 1473409618 283963161 start: 1473409617 169757959
t_num: 17 finish: 1473409618 648601311 start: 1473409615 524488904
t_num: 19 finish: 1473409618 650731122 start: 1473409616 485520782
t_num: 24 finish: 1473409618 699124374 start: 1473409615 43207148
t_num: 2 finish: 1473409618 757016464 start: 1473409617 15092075
t_num: 17 finish: 1473409619 499668929 start: 1473409618 648625612
t_num: 3 finish: 1473409619 530677260 start: 1473409615 522516512
t_num: 26 finish: 1473409619 530689935 start: 1473409616 445339567
t_num: 22 finish: 1473409620 258868807 start: 1473409618 224799745
t_num: 15 finish: 1473409620 288622601 start: 1473409617 919364259
t_num: 5 finish: 1473409620 514327295 start: 1473409617 676749449
t_num: 10 finish: 1473409620 522042966 start: 1473409618 38201561
t_num: 16 finish: 1473409620 522071887 start: 1473409618 694450259
t_num: 11 finish: 1473409620 522693366 start: 1473409619 454821223
t_num: 7 finish: 1473409620 522757262 start: 1473409617 442994268
t_num: 1 finish: 1473409620 523198988 start: 1473409617 973335533
t_num: 23 finish: 1473409620 584513617 start: 1473409617 370083043
t_num: 19 finish: 1473409620 823269074 start: 1473409618 650754057
t_num: 30 finish: 1473409621 195799153 start: 1473409618 850295545
t_num: 18 finish: 1473409621 430542508 start: 1473409620 339035062
t_num: 15 finish: 1473409621 430764746 start: 1473409620 288663810
t_num: 13 finish: 1473409621 430851963 start: 1473409617 973347676
t_num: 27 finish: 1473409621 431236590 start: 1473409619 465847040
t_num: 17 finish: 1473409621 490697692 start: 1473409619 499692252
t_num: 2 finish: 1473409621 705764071 start: 1473409618 757043717
t_num: 11 finish: 1473409621 759947630 start: 1473409620 522713853
t_num: 12 finish: 1473409621 834348417 start: 1473409620 404411478
t_num: 26 finish: 1473409621 834676453 start: 1473409619 530781114
t_num: 21 finish: 1473409621 853255140 start: 1473409619 317729138
t_num: 22 finish: 1473409621 912917901 start: 1473409620 258913928
t_num: 1 finish: 1473409621 927132644 start: 1473409621 233499950
t_num: 19 finish: 1473409622 84975075 start: 1473409620 823310167
t_num: 4 finish: 1473409622 208663721 start: 1473409620 258984953
t_num: 29 finish: 1473409622 322600743 start: 1473409620 300254148
t_num: 28 finish: 1473409622 463058322 start: 1473409620 533945233
t_num: 15 finish: 1473409622 463726464 start: 1473409621 430784809
t_num: 23 finish: 1473409622 736206488 start: 1473409621 83247047
t_num: 18 finish: 1473409622 737712171 start: 1473409621 430571693
t_num: 6 finish: 1473409622 876857953 start: 1473409621 188891941
t_num: 27 finish: 1473409623 591618840 start: 1473409621 431255793
t_num: 13 finish: 1473409623 846950518 start: 1473409621 430871427
t_num: 14 finish: 1473409624 241038073 start: 1473409620 973971989
t_num: 5 finish: 1473409624 295676046 start: 1473409621 396067304
t_num: 1 finish: 1473409624 572317450 start: 1473409621 927149368
t_num: 17 finish: 1473409624 694471768 start: 1473409622 321193216
t_num: 24 finish: 1473409624 710780641 start: 1473409622 702558920
t_num: 4 finish: 1473409624 734743178 start: 1473409622 744758421
t_num: 8 finish: 1473409624 751182420 start: 1473409622 744187648
t_num: 9 finish: 1473409625 76000821 start: 1473409623 945502288
t_num: 2 finish: 1473409625 76011912 start: 1473409621 705843346
t_num: 27 finish: 1473409625 816122792 start: 1473409623 591662182
t_num: 25 finish: 1473409625 848531070 start: 1473409624 148441492
t_num: 6 finish: 1473409625 861682830 start: 1473409623 611541247
t_num: 24 finish: 1473409625 972738199 start: 1473409624 710802695
t_num: 21 finish: 1473409626 15406670 start: 1473409624 412566394
t_num: 29 finish: 1473409626 359554788 start: 1473409622 999314439
t_num: 28 finish: 1473409626 360347011 start: 1473409624 247845675
t_num: 26 finish: 1473409626 444408530 start: 1473409622 935892941
t_num: 18 finish: 1473409626 573602362 start: 1473409624 492510630
t_num: 14 finish: 1473409626 807862990 start: 1473409624 763428848
t_num: 12 finish: 1473409627 365209164 start: 1473409622 877527839
t_num: 30 finish: 1473409627 538366639 start: 1473409622 307161025
t_num: 1 finish: 1473409627 664530674 start: 1473409624 979886122
t_num: 3 finish: 1473409627 704170902 start: 1473409625 185670177
t_num: 22 finish: 1473409627 715675991 start: 1473409624 680071560
t_num: 29 finish: 1473409628 47196450 start: 1473409626 359578878
t_num: 28 finish: 1473409628 220334115 start: 1473409626 360370586
t_num: 9 finish: 1473409628 238438599 start: 1473409626 359567127
t_num: 4 finish: 1473409628 241812619 start: 1473409624 786262079
t_num: 27 finish: 1473409628 269621361 start: 1473409625 816156854
t_num: 5 finish: 1473409628 286662222 start: 1473409625 850243204
t_num: 13 finish: 1473409628 290558880 start: 1473409625 791162553
t_num: 31 finish: 1473409628 593763274 start: 1473409627 73862525
t_num: 2 finish: 1473409628 953583551 start: 1473409625 76062594
t_num: 8 finish: 1473409629 477462422 start: 1473409626 891883266
t_num: 28 finish: 1473409629 477765396 start: 1473409628 220380319
t_num: 18 finish: 1473409629 478288805 start: 1473409627 844248044
t_num: 23 finish: 1473409629 478553103 start: 1473409626 654182935
t_num: 10 finish: 1473409629 479248842 start: 1473409627 386593930
t_num: 16 finish: 1473409629 651589803 start: 1473409626 892680373
t_num: 11 finish: 1473409629 651658245 start: 1473409628 311672458
t_num: 12 finish: 1473409629 961456936 start: 1473409627 844462463
t_num: 26 finish: 1473409629 970399876 start: 1473409626 444441986
t_num: 15 finish: 1473409630 309636075 start: 1473409628 441657301
t_num: 30 finish: 1473409630 315516148 start: 1473409628 727845527
t_num: 22 finish: 1473409630 315582331 start: 1473409627 715699377
t_num: 14 finish: 1473409630 338260537 start: 1473409626 807943195
t_num: 13 finish: 1473409630 694090163 start: 1473409628 290594714
t_num: 31 finish: 1473409630 963721737 start: 1473409628 593813454
t_num: 2 finish: 1473409631 65335365 start: 1473409629 642232593
t_num: 18 finish: 1473409631 118282429 start: 1473409629 478307082
t_num: 9 finish: 1473409631 120713560 start: 1473409629 650346777
t_num: 27 finish: 1473409631 150034769 start: 1473409629 7133114
t_num: 10 finish: 1473409631 191177995 start: 1473409629 479265298
t_num: 28 finish: 1473409631 309959627 start: 1473409629 477784575
t_num: 11 finish: 1473409631 527556533 start: 1473409629 651678366
t_num: 8 finish: 1473409631 527733968 start: 1473409629 477508110
t_num: 25 finish: 1473409631 595024940 start: 1473409628 992761923
t_num: 15 finish: 1473409631 595028292 start: 1473409630 309680893
t_num: 22 finish: 1473409631 653411083 start: 1473409630 315617756
t_num: 23 finish: 1473409631 960735648 start: 1473409629 987486173
t_num: 7 finish: 1473409632 12021704 start: 1473409630 277670025
t_num: 21 finish: 1473409632 445087759 start: 1473409630 364378872
t_num: 26 finish: 1473409632 584025283 start: 1473409631 149357839
t_num: 29 finish: 1473409632 715432016 start: 1473409630 284618676
t_num: 27 finish: 1473409632 996168891 start: 1473409631 150060281
t_num: 13 finish: 1473409633 42671123 start: 1473409631 585696179
t_num: 20 finish: 1473409633 89517190 start: 1473409630 893084069
t_num: 5 finish: 1473409633 655383737 start: 1473409632 86144611
t_num: 9 finish: 1473409633 853110147 start: 1473409632 12084095
t_num: 7 finish: 1473409633 908996842 start: 1473409632 12061400
t_num: 30 finish: 1473409633 908996842 start: 1473409631 526901800
t_num: 10 finish: 1473409633 909058260 start: 1473409631 191208270
t_num: 12 finish: 1473409634 147283640 start: 1473409631 585644553
t_num: 19 finish: 1473409634 147384306 start: 1473409632 474000032
t_num: 18 finish: 1473409634 149314721 start: 1473409631 118331777
t_num: 21 finish: 1473409634 425760987 start: 1473409632 445129842
t_num: 15 finish: 1473409634 457233487 start: 1473409632 225179920
t_num: 7 finish: 1473409634 595491935 start: 1473409633 909036602
t_num: 3 finish: 1473409634 884248493 start: 1473409631 120904765
t_num: 14 finish: 1473409635 122831474 start: 1473409633 577584718
t_num: 1 finish: 1473409635 146475662 start: 1473409633 577659717
t_num: 25 finish: 1473409635 291945590 start: 1473409634 148524545
t_num: 17 finish: 1473409635 293569375 start: 1473409632 845934048
t_num: 8 finish: 1473409635 462010374 start: 1473409634 390584881
t_num: 22 finish: 1473409635 491094449 start: 1473409633 88983764
t_num: 21 finish: 1473409635 658421317 start: 1473409634 425792993
t_num: 10 finish: 1473409635 942678841 start: 1473409634 720342106
t_num: 12 finish: 1473409636 105173990 start: 1473409634 147323174
t_num: 5 finish: 1473409636 158747594 start: 1473409633 655424604
t_num: 20 finish: 1473409636 400168432 start: 1473409634 253627139
t_num: 18 finish: 1473409636 435447468 start: 1473409635 202780927
t_num: 0 finish: 1473409636 489962018 start: 1473409634 732635975
t_num: 9 finish: 1473409636 490426263 start: 1473409633 853139084
t_num: 26 finish: 1473409636 490496457 start: 1473409633 843561620
t_num: 3 finish: 1473409636 955508023 start: 1473409635 285440681
t_num: 29 finish: 1473409636 978312383 start: 1473409635 286398827
t_num: 1 finish: 1473409637 71661454 start: 1473409635 146500222
t_num: 21 finish: 1473409637 227397800 start: 1473409635 658458272
t_num: 22 finish: 1473409637 431891417 start: 1473409635 491115211
t_num: 7 finish: 1473409637 474174295 start: 1473409634 595520944
t_num: 6 finish: 1473409637 474368797 start: 1473409635 943499950
t_num: 13 finish: 1473409637 638423408 start: 1473409636 58942730
t_num: 14 finish: 1473409637 646156414 start: 1473409635 122901494
t_num: 5 finish: 1473409637 683752105 start: 1473409636 158770738
t_num: 8 finish: 1473409637 719436237 start: 1473409635 462047901
t_num: 25 finish: 1473409637 750518716 start: 1473409635 735783648
t_num: 9 finish: 1473409637 750530240 start: 1473409636 490456671
t_num: 18 finish: 1473409638 239171483 start: 1473409636 885885667
t_num: 11 finish: 1473409638 241542934 start: 1473409635 682144317
t_num: 12 finish: 1473409638 478882892 start: 1473409636 105215275
t_num: 24 finish: 1473409638 778116456 start: 1473409636 396849462
t_num: 3 finish: 1473409639 229119635 start: 1473409637 110068376
t_num: 25 finish: 1473409639 413588812 start: 1473409637 750545815
t_num: 15 finish: 1473409639 485442641 start: 1473409637 474310480
t_num: 22 finish: 1473409639 515361572 start: 1473409637 683761939
t_num: 29 finish: 1473409639 562160589 start: 1473409636 978339493
t_num: 9 finish: 1473409639 644155783 start: 1473409637 750569121
t_num: 13 finish: 1473409639 644235581 start: 1473409637 638451712
t_num: 26 finish: 1473409639 987326338 start: 1473409637 540305799
t_num: 12 finish: 1473409640 334171397 start: 1473409638 778158175
t_num: 21 finish: 1473409640 334981812 start: 1473409637 821514602
t_num: 8 finish: 1473409640 395035966 start: 1473409637 719457542
t_num: 6 finish: 1473409640 458841975 start: 1473409638 241738477
t_num: 5 finish: 1473409640 853889411 start: 1473409638 740622502
t_num: 27 finish: 1473409641 53037811 start: 1473409639 196708406
t_num: 2 finish: 1473409641 66536843 start: 1473409639 486130668
t_num: 7 finish: 1473409641 86536480 start: 1473409638 239162914
t_num: 26 finish: 1473409641 245529863 start: 1473409639 987374222
t_num: 11 finish: 1473409641 342906120 start: 1473409639 603034315
t_num: 22 finish: 1473409641 549678473 start: 1473409639 515384662
t_num: 9 finish: 1473409641 737647712 start: 1473409640 354473301
t_num: 14 finish: 1473409642 33940777 start: 1473409639 200245242
t_num: 6 finish: 1473409642 34106952 start: 1473409640 458877884
t_num: 19 finish: 1473409642 106482001 start: 1473409639 481555578
t_num: 13 finish: 1473409642 207210285 start: 1473409639 644253896
t_num: 31 finish: 1473409642 212083851 start: 1473409640 753957410
t_num: 26 finish: 1473409642 420911239 start: 1473409641 245562339
t_num: 16 finish: 1473409642 528817201 start: 1473409638 942059172
t_num: 25 finish: 1473409642 645444938 start: 1473409639 413623624
t_num: 4 finish: 1473409642 923389337 start: 1473409639 483712467
t_num: 18 finish: 1473409643 60167696 start: 1473409641 20953752
t_num: 5 finish: 1473409643 67090089 start: 1473409641 424553354
t_num: 28 finish: 1473409643 86552975 start: 1473409640 356814091
t_num: 12 finish: 1473409643 87037409 start: 1473409640 334214929
t_num: 2 finish: 1473409643 182701407 start: 1473409641 66556166
t_num: 7 finish: 1473409643 184586736 start: 1473409641 86553824
t_num: 22 finish: 1473409643 265975634 start: 1473409642 441016399
t_num: 16 finish: 1473409643 612291813 start: 1473409642 528847110
t_num: 19 finish: 1473409643 622451026 start: 1473409642 106524833
t_num: 9 finish: 1473409643 750685364 start: 1473409642 106620636
t_num: 31 finish: 1473409643 852882961 start: 1473409642 212106247
t_num: 14 finish: 1473409644 812970 start: 1473409642 33986144
t_num: 11 finish: 1473409644 85607776 start: 1473409642 440251610
t_num: 12 finish: 1473409644 199225950 start: 1473409643 87057421
t_num: 5 finish: 1473409644 457711958 start: 1473409643 67132698
t_num: 27 finish: 1473409644 914923906 start: 1473409642 363164093
t_num: 16 finish: 1473409644 946061045 start: 1473409643 612333098
t_num: 2 finish: 1473409644 948056378 start: 1473409643 828598013
t_num: 19 finish: 1473409645 158637393 start: 1473409643 622472346
t_num: 10 finish: 1473409645 266831861 start: 1473409643 355712085
t_num: 25 finish: 1473409645 315207575 start: 1473409642 645497360
t_num: 21 finish: 1473409645 507729602 start: 1473409643 853433745
t_num: 1 finish: 1473409645 691803239 start: 1473409643 853605804
t_num: 13 finish: 1473409645 691819105 start: 1473409642 207254267
t_num: 12 finish: 1473409645 692181346 start: 1473409644 199267858
t_num: 4 finish: 1473409645 879417331 start: 1473409644 29915428
t_num: 5 finish: 1473409646 3267990 start: 1473409644 457742992
t_num: 22 finish: 1473409646 267682664 start: 1473409643 266014219
t_num: 14 finish: 1473409646 272277731 start: 1473409644 482052511
t_num: 30 finish: 1473409646 455287110 start: 1473409644 230394221
t_num: 27 finish: 1473409646 907677685 start: 1473409644 914960215
t_num: 6 finish: 1473409646 907677609 start: 1473409644 946126108
t_num: 25 finish: 1473409647 162010524 start: 1473409645 315240987
t_num: 11 finish: 1473409647 196037193 start: 1473409644 85641405
t_num: 18 finish: 1473409647 261557626 start: 1473409644 404695767
t_num: 21 finish: 1473409647 376829693 start: 1473409645 507773787
t_num: 19 finish: 1473409647 447410902 start: 1473409645 158671935
t_num: 13 finish: 1473409647 733423356 start: 1473409646 601869281
t_num: 24 finish: 1473409648 417178009 start: 1473409645 507861611
t_num: 12 finish: 1473409648 598184365 start: 1473409645 692201463
t_num: 2 finish: 1473409648 621970214 start: 1473409645 948343797
t_num: 26 finish: 1473409648 664684651 start: 1473409646 239458596
t_num: 5 finish: 1473409648 728287694 start: 1473409646 274406036
t_num: 10 finish: 1473409648 790369153 start: 1473409645 837916343
t_num: 22 finish: 1473409648 790377275 start: 1473409646 267712920
t_num: 20 finish: 1473409648 790433235 start: 1473409647 211369615
t_num: 0 finish: 1473409648 955002630 start: 1473409645 428214859
t_num: 30 finish: 1473409648 984892818 start: 1473409646 455321718
t_num: 18 finish: 1473409649 221302609 start: 1473409647 261593276
t_num: 25 finish: 1473409649 379129571 start: 1473409647 270190827
t_num: 14 finish: 1473409649 379771138 start: 1473409647 619753329
t_num: 11 finish: 1473409649 823593299 start: 1473409648 745508747
t_num: 12 finish: 1473409649 827693017 start: 1473409648 598215549
t_num: 1 finish: 1473409649 827717232 start: 1473409647 293644385
t_num: 8 finish: 1473409649 918270067 start: 1473409647 166269472
t_num: 27 finish: 1473409649 944192409 start: 1473409648 422459401
t_num: 6 finish: 1473409649 988555218 start: 1473409648 510631951
t_num: 15 finish: 1473409650 130578579 start: 1473409646 722139435
t_num: 19 finish: 1473409650 655937634 start: 1473409649 84226709
t_num: 23 finish: 1473409651 11416221 start: 1473409648 621211009
t_num: 4 finish: 1473409651 19088242 start: 1473409647 48996627
t_num: 18 finish: 1473409651 307598216 start: 1473409649 221345015
t_num: 2 finish: 1473409651 317678240 start: 1473409648 621991496
t_num: 26 finish: 1473409651 398243037 start: 1473409648 959613254
t_num: 0 finish: 1473409651 481044197 start: 1473409648 955032115
t_num: 5 finish: 1473409652 35260004 start: 1473409648 728324606
t_num: 14 finish: 1473409652 608463435 start: 1473409649 379802768
t_num: 1 finish: 1473409652 907564730 start: 1473409649 827750579
t_num: 20 finish: 1473409652 910061715 start: 1473409650 298986370
t_num: 29 finish: 1473409652 910426364 start: 1473409649 925297771
t_num: 19 finish: 1473409652 911189281 start: 1473409650 655971257
t_num: 26 finish: 1473409652 911265640 start: 1473409651 398269153
t_num: 21 finish: 1473409652 911868761 start: 1473409649 660938984
t_num: 8 finish: 1473409652 911929376 start: 1473409649 918304714
t_num: 18 finish: 1473409652 912365072 start: 1473409651 307617856
t_num: 6 finish: 1473409652 912895099 start: 1473409651 307008475
t_num: 25 finish: 1473409653 51997658 start: 1473409649 379171113
t_num: 30 finish: 1473409653 107966765 start: 1473409650 786910647
t_num: 28 finish: 1473409653 153450674 start: 1473409650 787447049
t_num: 27 finish: 1473409653 153516091 start: 1473409650 787433613
t_num: 9 finish: 1473409653 155528488 start: 1473409651 578996487
t_num: 12 finish: 1473409653 197432218 start: 1473409651 496350922
t_num: 0 finish: 1473409653 405273910 start: 1473409651 821773510
t_num: 26 finish: 1473409653 877311880 start: 1473409652 911279926
t_num: 5 finish: 1473409654 124270417 start: 1473409652 514518289
t_num: 23 finish: 1473409654 158371004 start: 1473409652 290883889
t_num: 30 finish: 1473409654 598909545 start: 1473409653 107998858
t_num: 16 finish: 1473409654 645980227 start: 1473409653 352213723
t_num: 19 finish: 1473409654 783590501 start: 1473409652 911209527
t_num: 25 finish: 1473409654 820977799 start: 1473409653 52019146
t_num: 3 finish: 1473409654 821024267 start: 1473409653 407689104
t_num: 8 finish: 1473409654 853416371 start: 1473409653 51911762
t_num: 10 finish: 1473409654 853637700 start: 1473409653 628771188
t_num: 14 finish: 1473409654 894744394 start: 1473409652 608497394
t_num: 31 finish: 1473409655 294066856 start: 1473409653 479321969
t_num: 15 finish: 1473409655 562999056 start: 1473409652 912419996
t_num: 27 finish: 1473409655 563838597 start: 1473409653 666847599
t_num: 5 finish: 1473409655 657065724 start: 1473409654 124303027
t_num: 6 finish: 1473409655 657069167 start: 1473409653 877232206
t_num: 26 finish: 1473409656 334326831 start: 1473409654 699182173
t_num: 18 finish: 1473409656 405390464 start: 1473409654 158269686
t_num: 0 finish: 1473409656 405397241 start: 1473409653 405326338
t_num: 28 finish: 1473409656 710344252 start: 1473409653 666878869
t_num: 14 finish: 1473409656 889048885 start: 1473409654 894766221
t_num: 27 finish: 1473409656 889353517 start: 1473409655 563858195
t_num: 8 finish: 1473409657 43439395 start: 1473409654 853436453
t_num: 5 finish: 1473409657 44840001 start: 1473409655 657094613
t_num: 29 finish: 1473409657 45049005 start: 1473409654 369446044
t_num: 25 finish: 1473409657 110415404 start: 1473409654 821018780
t_num: 2 finish: 1473409657 110791418 start: 1473409654 125265244
t_num: 9 finish: 1473409657 110995907 start: 1473409654 957300073
t_num: 24 finish: 1473409657 174868489 start: 1473409653 245466231
t_num: 3 finish: 1473409657 380862532 start: 1473409654 821042928
t_num: 17 finish: 1473409657 501519525 start: 1473409654 957316958
t_num: 6 finish: 1473409657 996734403 start: 1473409656 486996024
t_num: 19 finish: 1473409658 114840664 start: 1473409655 866990840
t_num: 18 finish: 1473409658 208511318 start: 1473409656 890816421
t_num: 10 finish: 1473409658 212926472 start: 1473409656 225741344
t_num: 29 finish: 1473409658 303424100 start: 1473409657 45067310
t_num: 26 finish: 1473409658 517549817 start: 1473409656 334371338
t_num: 13 finish: 1473409658 598288622 start: 1473409656 910433301
t_num: 28 finish: 1473409658 671054598 start: 1473409656 710400188
t_num: 2 finish: 1473409659 39527408 start: 1473409657 407469898
t_num: 25 finish: 1473409659 245141634 start: 1473409657 110437744
t_num: 18 finish: 1473409659 269764965 start: 1473409658 208538223
t_num: 5 finish: 1473409659 325530188 start: 1473409657 44860202
t_num: 7 finish: 1473409659 775003998 start: 1473409656 890601994
t_num: 17 finish: 1473409659 859346508 start: 1473409657 501546946
t_num: 20 finish: 1473409660 9653084 start: 1473409657 91950718
t_num: 9 finish: 1473409660 253161355 start: 1473409657 493007804
t_num: 30 finish: 1473409660 255733146 start: 1473409657 499678998
t_num: 26 finish: 1473409660 255774529 start: 1473409658 517607086
t_num: 14 finish: 1473409660 339680509 start: 1473409656 889087899
t_num: 7 finish: 1473409660 443125369 start: 1473409659 775038661
t_num: 6 finish: 1473409660 852310413 start: 1473409658 277649463
t_num: 2 finish: 1473409660 852965260 start: 1473409659 375954442
t_num: 22 finish: 1473409660 870515558 start: 1473409658 564547432
t_num: 29 finish: 1473409661 34237162 start: 1473409659 842970547
t_num: 14 finish: 1473409661 35135098 start: 1473409660 339713773
t_num: 31 finish: 1473409661 69661949 start: 1473409659 36928476
t_num: 19 finish: 1473409661 224502391 start: 1473409659 366958468
t_num: 13 finish: 1473409661 285471998 start: 1473409659 336393248
t_num: 24 finish: 1473409661 358918119 start: 1473409659 432425600
t_num: 28 finish: 1473409661 723849945 start: 1473409660 581573272
t_num: 25 finish: 1473409661 791163610 start: 1473409660 255764730
t_num: 26 finish: 1473409661 791225100 start: 1473409660 255788320
t_num: 5 finish: 1473409661 808349500 start: 1473409660 255981774
t_num: 0 finish: 1473409662 354839326 start: 1473409659 367633468
t_num: 30 finish: 1473409663 78001024 start: 1473409660 255752961
t_num: 19 finish: 1473409663 570633293 start: 1473409661 224531469
t_num: 9 finish: 1473409663 605030355 start: 1473409660 253207568
t_num: 6 finish: 1473409663 699121950 start: 1473409660 852349276
t_num: 14 finish: 1473409663 761995775 start: 1473409661 35154489
t_num: 16 finish: 1473409663 806259697 start: 1473409661 402073153
t_num: 11 finish: 1473409663 845831180 start: 1473409662 123700363
t_num: 18 finish: 1473409663 879813016 start: 1473409661 34425209
t_num: 31 finish: 1473409664 130745042 start: 1473409661 69682955
t_num: 28 finish: 1473409664 191862095 start: 1473409662 676265166
t_num: 23 finish: 1473409664 469615941 start: 1473409662 349193246
t_num: 21 finish: 1473409664 512247902 start: 1473409663 97427645
t_num: 14 finish: 1473409664 642671288 start: 1473409663 762038521
t_num: 2 finish: 1473409664 682645456 start: 1473409661 275586281
t_num: 18 finish: 1473409664 729039622 start: 1473409663 879848900
t_num: 4 finish: 1473409664 869377734 start: 1473409664 335255697
t_num: 24 finish: 1473409665 198304629 start: 1473409661 552899876
t_num: 5 finish: 1473409665 198389606 start: 1473409663 625626478
t_num: 9 finish: 1473409665 199089993 start: 1473409663 605057127
t_num: 19 finish: 1473409665 398019752 start: 1473409664 63321027
t_num: 17 finish: 1473409665 480245253 start: 1473409663 91889742
t_num: 6 finish: 1473409665 810713743 start: 1473409663 699164357
t_num: 25 finish: 1473409665 873379228 start: 1473409664 15344609
t_num: 2 finish: 1473409665 873547283 start: 1473409664 682685192
t_num: 3 finish: 1473409665 874041719 start: 1473409663 830746205
t_num: 11 finish: 1473409665 931374222 start: 1473409663 845921761
t_num: 0 finish: 1473409665 931565368 start: 1473409664 63295494
t_num: 18 finish: 1473409666 351036283 start: 1473409664 729077631
t_num: 31 finish: 1473409666 711940302 start: 1473409664 130811681
t_num: 14 finish: 1473409666 752043756 start: 1473409664 642733004
t_num: 30 finish: 1473409666 757930779 start: 1473409664 335500857
t_num: 24 finish: 1473409667 458778604 start: 1473409665 198347482
t_num: 7 finish: 1473409667 459550795 start: 1473409665 872477848
t_num: 15 finish: 1473409667 567815007 start: 1473409664 939785669
t_num: 28 finish: 1473409667 574830934 start: 1473409666 436545232
t_num: 29 finish: 1473409667 575116618 start: 1473409665 763333242
t_num: 23 finish: 1473409667 575325392 start: 1473409665 382776302
t_num: 18 finish: 1473409667 939932174 start: 1473409666 351080225
t_num: 14 finish: 1473409668 160954498 start: 1473409666 752121258
t_num: 1 finish: 1473409668 481160959 start: 1473409665 872352755
t_num: 25 finish: 1473409668 481892995 start: 1473409665 873402398
t_num: 2 finish: 1473409668 909600390 start: 1473409666 802046625
t_num: 8 finish: 1473409668 911643898 start: 1473409666 592742629
t_num: 3 finish: 1473409668 961294220 start: 1473409666 52294979
t_num: 11 finish: 1473409669 17073193 start: 1473409667 324115914
t_num: 31 finish: 1473409669 17173688 start: 1473409667 485289325
t_num: 4 finish: 1473409669 39138170 start: 1473409667 457096452
t_num: 29 finish: 1473409669 124692852 start: 1473409667 575135045
t_num: 28 finish: 1473409669 124843271 start: 1473409667 574852046
t_num: 10 finish: 1473409669 125625380 start: 1473409667 17424265
t_num: 0 finish: 1473409669 261930203 start: 1473409665 931585013
t_num: 27 finish: 1473409669 307245810 start: 1473409667 228084315
t_num: 18 finish: 1473409669 895627452 start: 1473409667 939961016
t_num: 9 finish: 1473409670 306504384 start: 1473409666 752069506
t_num: 19 finish: 1473409670 341743900 start: 1473409667 484500597
t_num: 15 finish: 1473409670 358166158 start: 1473409668 360696144
t_num: 12 finish: 1473409670 595766019 start: 1473409668 159472305
t_num: 10 finish: 1473409670 664776487 start: 1473409669 125645320
t_num: 14 finish: 1473409670 710367681 start: 1473409668 160976632
t_num: 11 finish: 1473409670 748943932 start: 1473409669 559909304
t_num: 9 finish: 1473409671 352867419 start: 1473409670 306568810
t_num: 1 finish: 1473409671 766430338 start: 1473409668 481200987
t_num: 28 finish: 1473409671 766456877 start: 1473409669 970543569
t_num: 2 finish: 1473409671 766471178 start: 1473409668 909641411
t_num: 29 finish: 1473409671 859089847 start: 1473409669 971117827
t_num: 4 finish: 1473409671 883850014 start: 1473409669 39171849
t_num: 8 finish: 1473409671 884143945 start: 1473409668 911663803
t_num: 23 finish: 1473409672 354244917 start: 1473409668 284630084
t_num: 31 finish: 1473409672 415259846 start: 1473409669 17191941
t_num: 18 finish: 1473409672 450963257 start: 1473409670 567014783
t_num: 27 finish: 1473409672 553894213 start: 1473409670 567639306
t_num: 20 finish: 1473409672 553894461 start: 1473409669 895664080
t_num: 13 finish: 1473409672 598065310 start: 1473409671 84144622
t_num: 3 finish: 1473409672 598685981 start: 1473409670 839514720
t_num: 11 finish: 1473409672 598691784 start: 1473409671 77860667
t_num: 15 finish: 1473409673 221450498 start: 1473409670 358194512
t_num: 10 finish: 1473409673 349283885 start: 1473409670 664853005
t_num: 5 finish: 1473409673 401054536 start: 1473409669 819824082
t_num: 6 finish: 1473409673 838267853 start: 1473409671 800395982
t_num: 14 finish: 1473409674 6177824 start: 1473409670 710390892
t_num: 3 finish: 1473409674 219759551 start: 1473409672 598707215
t_num: 12 finish: 1473409674 223809193 start: 1473409671 704234154
t_num: 13 finish: 1473409674 298067219 start: 1473409672 598102873
t_num: 28 finish: 1473409674 453190995 start: 1473409672 415288521
t_num: 22 finish: 1473409674 516589150 start: 1473409672 4773008
t_num: 20 finish: 1473409674 642032806 start: 1473409672 553952649
t_num: 6 finish: 1473409674 647311537 start: 1473409673 838306683
t_num: 18 finish: 1473409674 731387457 start: 1473409672 450991015
t_num: 9 finish: 1473409674 731399252 start: 1473409671 819126330
t_num: 4 finish: 1473409674 731477091 start: 1473409673 67150766
t_num: 27 finish: 1473409675 76303604 start: 1473409672 553931528
t_num: 16 finish: 1473409675 94101516 start: 1473409673 348654412
t_num: 8 finish: 1473409675 94244868 start: 1473409673 3232709
t_num: 1 finish: 1473409675 353071211 start: 1473409673 953476557
t_num: 10 finish: 1473409675 709826459 start: 1473409673 349313244
t_num: 5 finish: 1473409676 122900904 start: 1473409674 655583867
t_num: 22 finish: 1473409676 135884376 start: 1473409674 516622378
t_num: 15 finish: 1473409676 504057778 start: 1473409673 761915330
t_num: 17 finish: 1473409676 545773535 start: 1473409673 951423883
t_num: 28 finish: 1473409676 585203155 start: 1473409674 453227911
t_num: 9 finish: 1473409676 617302190 start: 1473409674 731533617
t_num: 26 finish: 1473409676 617911233 start: 1473409675 117540266
t_num: 29 finish: 1473409676 682952996 start: 1473409673 956042630
t_num: 18 finish: 1473409676 818684323 start: 1473409674 731441138
t_num: 21 finish: 1473409677 9322299 start: 1473409675 676750171
t_num: 3 finish: 1473409677 53860290 start: 1473409674 219820679
t_num: 0 finish: 1473409677 110090455 start: 1473409674 845156611
t_num: 10 finish: 1473409677 209636301 start: 1473409675 709852756
t_num: 30 finish: 1473409677 412894727 start: 1473409676 56811909
t_num: 6 finish: 1473409677 532235788 start: 1473409676 136572130
t_num: 23 finish: 1473409677 628819719 start: 1473409676 301093844
t_num: 8 finish: 1473409677 703626149 start: 1473409676 27540843
t_num: 20 finish: 1473409677 744547893 start: 1473409675 95016481
t_num: 0 finish: 1473409678 44839092 start: 1473409677 110112253
t_num: 1 finish: 1473409678 50305961 start: 1473409676 54274910
t_num: 22 finish: 1473409678 706563654 start: 1473409676 612481932
t_num: 2 finish: 1473409678 734780675 start: 1473409676 957420230
t_num: 4 finish: 1473409678 777763477 start: 1473409676 570403698
t_num: 14 finish: 1473409678 803793017 start: 1473409676 84034552
t_num: 29 finish: 1473409678 839509903 start: 1473409676 682976849
t_num: 28 finish: 1473409678 925281953 start: 1473409676 585225427
t_num: 21 finish: 1473409678 989999776 start: 1473409677 479347900
t_num: 15 finish: 1473409679 88698755 start: 1473409677 105243181
t_num: 30 finish: 1473409679 193926956 start: 1473409677 412932284
t_num: 10 finish: 1473409679 375791252 start: 1473409678 209412099
t_num: 22 finish: 1473409679 760935115 start: 1473409678 706606855
t_num: 18 finish: 1473409679 760991570 start: 1473409676 818713723
t_num: 5 finish: 1473409679 761153818 start: 1473409677 209741996
t_num: 17 finish: 1473409679 923687771 start: 1473409676 784092510
t_num: 26 finish: 1473409679 953343367 start: 1473409677 479978405
t_num: 31 finish: 1473409679 953592058 start: 1473409677 744630753
t_num: 23 finish: 1473409679 953647003 start: 1473409677 628861065
t_num: 1 finish: 1473409680 134522298 start: 1473409678 50328121
t_num: 28 finish: 1473409680 547910278 start: 1473409678 925308866
t_num: 26 finish: 1473409680 746708911 start: 1473409679 953365334
t_num: 21 finish: 1473409680 844503988 start: 1473409678 990032361
t_num: 15 finish: 1473409681 360407958 start: 1473409679 88732788
t_num: 30 finish: 1473409681 361236352 start: 1473409679 194002759
t_num: 7 finish: 1473409681 389373401 start: 1473409679 438226079
t_num: 18 finish: 1473409681 563026211 start: 1473409679 761027915
t_num: 22 finish: 1473409681 563261983 start: 1473409679 760961339
t_num: 23 finish: 1473409681 634654681 start: 1473409680 662227790
t_num: 25 finish: 1473409681 816750193 start: 1473409680 380311471
t_num: 1 finish: 1473409681 816860790 start: 1473409680 134562814
t_num: 17 finish: 1473409681 817121563 start: 1473409680 411779592
t_num: 29 finish: 1473409682 383254061 start: 1473409678 839548315
t_num: 0 finish: 1473409682 502044012 start: 1473409679 830570795
t_num: 6 finish: 1473409682 609887577 start: 1473409680 630069079
t_num: 19 finish: 1473409682 626620654 start: 1473409679 829944902
t_num: 13 finish: 1473409682 724825201 start: 1473409680 630074002
t_num: 30 finish: 1473409683 16695668 start: 1473409681 361256792
t_num: 21 finish: 1473409683 330308141 start: 1473409681 563064316
t_num: 26 finish: 1473409683 330396268 start: 1473409681 563032963
t_num: 17 finish: 1473409683 475787887 start: 1473409681 817141469
t_num: 8 finish: 1473409683 548170164 start: 1473409679 840251946
t_num: 23 finish: 1473409683 655104462 start: 1473409681 634688681
t_num: 1 finish: 1473409684 55346186 start: 1473409681 816879495
t_num: 25 finish: 1473409684 138521893 start: 1473409681 816777955
t_num: 30 finish: 1473409684 361001288 start: 1473409683 16740816
t_num: 7 finish: 1473409684 440325134 start: 1473409681 389394820
t_num: 15 finish: 1473409684 755281376 start: 1473409682 133700150
t_num: 0 finish: 1473409685 14462463 start: 1473409682 502088380
t_num: 13 finish: 1473409685 15217881 start: 1473409682 724865918
t_num: 23 finish: 1473409685 567618073 start: 1473409683 655138378
t_num: 25 finish: 1473409685 637140018 start: 1473409684 138551243
t_num: 24 finish: 1473409685 835298153 start: 1473409683 339892996
t_num: 1 finish: 1473409686 1005933 start: 1473409684 55375384
t_num: 10 finish: 1473409686 149164868 start: 1473409684 992389642
t_num: 19 finish: 1473409686 152638612 start: 1473409682 626644806
t_num: 16 finish: 1473409686 153427982 start: 1473409683 980200049
t_num: 20 finish: 1473409686 219354097 start: 1473409683 339838878
t_num: 9 finish: 1473409686 320338215 start: 1473409683 396189960
t_num: 15 finish: 1473409686 530958541 start: 1473409684 755320405
t_num: 0 finish: 1473409686 536357497 start: 1473409685 52201064
t_num: 30 finish: 1473409686 644664406 start: 1473409685 835454323
t_num: 22 finish: 1473409686 751671094 start: 1473409684 826097128
t_num: 24 finish: 1473409686 892700360 start: 1473409685 835391445
t_num: 6 finish: 1473409686 929295527 start: 1473409685 776387070
t_num: 20 finish: 1473409686 930001487 start: 1473409686 219373958
t_num: 11 finish: 1473409686 981559185 start: 1473409684 649063411
t_num: 13 finish: 1473409687 58658711 start: 1473409685 691411448
t_num: 12 finish: 1473409687 108337176 start: 1473409685 17014564
t_num: 27 finish: 1473409687 152183721 start: 1473409685 460478418
t_num: 31 finish: 1473409687 378144928 start: 1473409685 412559355
t_num: 29 finish: 1473409687 401626309 start: 1473409684 276179425
t_num: 8 finish: 1473409687 402175724 start: 1473409684 826102385
t_num: 25 finish: 1473409687 783099398 start: 1473409685 637183418
t_num: 19 finish: 1473409688 235630147 start: 1473409686 497833296
t_num: 18 finish: 1473409688 595030938 start: 1473409687 479977716
t_num: 26 finish: 1473409688 595445161 start: 1473409685 835432095
t_num: 9 finish: 1473409688 647422062 start: 1473409686 320381657
t_num: 10 finish: 1473409688 909658898 start: 1473409686 149210220
t_num: 22 finish: 1473409688 934614338 start: 1473409687 540464216
t_num: 1 finish: 1473409689 215182232 start: 1473409688 234054456
t_num: 31 finish: 1473409689 343481136 start: 1473409687 378167201
t_num: 13 finish: 1473409689 356374080 start: 1473409688 540558211
t_num: 25 finish: 1473409689 404446608 start: 1473409687 783128876
t_num: 7 finish: 1473409689 445209339 start: 1473409687 350190679
t_num: 16 finish: 1473409689 675303436 start: 1473409687 445181327
t_num: 14 finish: 1473409689 848747160 start: 1473409688 614516886
t_num: 8 finish: 1473409689 848751901 start: 1473409687 590782151
t_num: 27 finish: 1473409689 896390277 start: 1473409688 160989341
t_num: 0 finish: 1473409689 897717252 start: 1473409687 417279702
t_num: 11 finish: 1473409689 961147510 start: 1473409686 981588334
t_num: 29 finish: 1473409690 211741724 start: 1473409688 976557207
t_num: 26 finish: 1473409690 256996975 start: 1473409688 595464938
t_num: 19 finish: 1473409690 362897980 start: 1473409688 235651978
t_num: 2 finish: 1473409691 274714711 start: 1473409688 421537585
t_num: 16 finish: 1473409691 372511755 start: 1473409689 675344186
t_num: 9 finish: 1473409691 736945562 start: 1473409689 445214345
t_num: 10 finish: 1473409691 840936495 start: 1473409689 203965021
t_num: 25 finish: 1473409691 876919568 start: 1473409689 404493579
t_num: 23 finish: 1473409692 210882314 start: 1473409690 517927691
t_num: 13 finish: 1473409692 298340392 start: 1473409689 356410095
t_num: 14 finish: 1473409692 959955029 start: 1473409689 848793255
t_num: 4 finish: 1473409692 961845255 start: 1473409689 793527483
t_num: 3 finish: 1473409692 963189276 start: 1473409689 312032503
t_num: 29 finish: 1473409693 14568968 start: 1473409690 710165240
t_num: 15 finish: 1473409693 128185116 start: 1473409690 710098788
t_num: 9 finish: 1473409693 176412294 start: 1473409691 736972544
t_num: 1 finish: 1473409693 283049726 start: 1473409691 545993512
t_num: 16 finish: 1473409693 369203819 start: 1473409691 372551289
t_num: 27 finish: 1473409693 464170962 start: 1473409691 615508864
t_num: 19 finish: 1473409693 464374942 start: 1473409690 362942161
t_num: 10 finish: 1473409693 535401496 start: 1473409691 840976172
t_num: 13 finish: 1473409693 809052686 start: 1473409692 298374624
t_num: 8 finish: 1473409694 158922568 start: 1473409692 104074104
t_num: 2 finish: 1473409694 159678205 start: 1473409691 856581453
t_num: 3 finish: 1473409694 160321930 start: 1473409692 963211162
t_num: 5 finish: 1473409694 235747282 start: 1473409693 128299678
t_num: 9 finish: 1473409694 334795480 start: 1473409693 176437827
t_num: 23 finish: 1473409694 367910353 start: 1473409693 7160871
t_num: 25 finish: 1473409694 449786220 start: 1473409691 876947158
t_num: 7 finish: 1473409694 449871358 start: 1473409692 703535110
t_num: 12 finish: 1473409694 513198432 start: 1473409692 406353710
t_num: 30 finish: 1473409694 513206748 start: 1473409692 713652536
t_num: 17 finish: 1473409694 582847757 start: 1473409693 358034070
t_num: 16 finish: 1473409695 19197028 start: 1473409693 369248756
t_num: 8 finish: 1473409695 352162631 start: 1473409694 158967167
t_num: 10 finish: 1473409695 778973844 start: 1473409693 535424524
t_num: 29 finish: 1473409696 250533170 start: 1473409693 341494548
t_num: 1 finish: 1473409696 261420467 start: 1473409694 732254493
t_num: 19 finish: 1473409696 663182334 start: 1473409693 464395178
t_num: 9 finish: 1473409696 675269715 start: 1473409694 334880340
t_num: 13 finish: 1473409696 675936680 start: 1473409693 809094615
t_num: 15 finish: 1473409696 678979147 start: 1473409694 592349386
t_num: 27 finish: 1473409696 712192768 start: 1473409694 855088397
t_num: 5 finish: 1473409696 771704733 start: 1473409694 235783682
t_num: 12 finish: 1473409696 952830736 start: 1473409694 513230837
t_num: 25 finish: 1473409697 249213128 start: 1473409694 449836000
t_num: 16 finish: 1473409697 325183660 start: 1473409695 19228340
t_num: 17 finish: 1473409697 362509063 start: 1473409694 582867840
t_num: 14 finish: 1473409697 607968032 start: 1473409694 779448071
t_num: 9 finish: 1473409697 746186952 start: 1473409696 675295576
t_num: 23 finish: 1473409697 890968052 start: 1473409694 962011753
t_num: 21 finish: 1473409697 890970897 start: 1473409695 514427322
t_num: 19 finish: 1473409698 92319069 start: 1473409696 663218343
t_num: 1 finish: 1473409698 107557859 start: 1473409696 771894046
t_num: 30 finish: 1473409698 373164528 start: 1473409696 771752766
t_num: 5 finish: 1473409698 450189764 start: 1473409696 771727790
t_num: 2 finish: 1473409698 514144950 start: 1473409695 919154289
t_num: 15 finish: 1473409698 514144950 start: 1473409696 679000109
t_num: 27 finish: 1473409698 897622632 start: 1473409696 712215814
t_num: 12 finish: 1473409699 105773782 start: 1473409697 476431848
t_num: 17 finish: 1473409699 158351832 start: 1473409698 290954421
t_num: 20 finish: 1473409699 223242881 start: 1473409696 247017119
t_num: 25 finish: 1473409699 435149542 start: 1473409697 249274963
t_num: 13 finish: 1473409699 490541755 start: 1473409697 362516581
t_num: 28 finish: 1473409700 147515682 start: 1473409697 697722334
t_num: 5 finish: 1473409700 296318221 start: 1473409698 450213944
t_num: 14 finish: 1473409700 501991928 start: 1473409697 608006824
t_num: 25 finish: 1473409700 559724140 start: 1473409699 435170523
t_num: 2 finish: 1473409700 621759067 start: 1473409698 514221154
t_num: 18 finish: 1473409700 851937236 start: 1473409698 295867110
t_num: 1 finish: 1473409700 853864581 start: 1473409698 468719449
t_num: 19 finish: 1473409701 62649234 start: 1473409698 92370975
t_num: 26 finish: 1473409701 63432147 start: 1473409699 230961498
t_num: 22 finish: 1473409701 64520000 start: 1473409698 770538506
t_num: 29 finish: 1473409701 249440007 start: 1473409698 139284012
t_num: 15 finish: 1473409701 250045021 start: 1473409698 514204412
t_num: 12 finish: 1473409701 899166257 start: 1473409699 105849322
t_num: 16 finish: 1473409701 899401781 start: 1473409698 907282045
t_num: 21 finish: 1473409701 963652859 start: 1473409700 202974515
t_num: 25 finish: 1473409702 22257699 start: 1473409700 559752761
t_num: 0 finish: 1473409702 96921373 start: 1473409698 421169220
t_num: 30 finish: 1473409702 97149348 start: 1473409700 165450153
t_num: 20 finish: 1473409702 97332958 start: 1473409699 886115511
t_num: 18 finish: 1473409702 273752824 start: 1473409700 851999985
t_num: 11 finish: 1473409702 273921657 start: 1473409699 434082398
t_num: 13 finish: 1473409702 544783619 start: 1473409700 621790542
t_num: 14 finish: 1473409702 663957587 start: 1473409700 502047194
t_num: 12 finish: 1473409702 741333739 start: 1473409701 899193753
t_num: 2 finish: 1473409702 778252642 start: 1473409701 363417899
t_num: 0 finish: 1473409702 791541737 start: 1473409702 96941772
t_num: 19 finish: 1473409702 867891496 start: 1473409701 872635199
t_num: 10 finish: 1473409702 916190103 start: 1473409700 502023620
t_num: 31 finish: 1473409703 184855703 start: 1473409701 481400763
t_num: 22 finish: 1473409703 373423616 start: 1473409701 64541383
t_num: 1 finish: 1473409703 446157352 start: 1473409701 541206951
t_num: 26 finish: 1473409703 642672051 start: 1473409702 13109081
t_num: 11 finish: 1473409703 701605778 start: 1473409702 343629529
t_num: 4 finish: 1473409703 855407023 start: 1473409702 864590494
t_num: 29 finish: 1473409703 951245872 start: 1473409701 249479577
t_num: 7 finish: 1473409703 991005375 start: 1473409702 732589155
t_num: 15 finish: 1473409704 277687592 start: 1473409702 55084121
t_num: 25 finish: 1473409704 344075616 start: 1473409702 22302941
t_num: 30 finish: 1473409704 344075616 start: 1473409702 864572554
t_num: 2 finish: 1473409704 399896400 start: 1473409703 336823390
t_num: 1 finish: 1473409704 441878618 start: 1473409703 446210484
t_num: 21 finish: 1473409704 475031404 start: 1473409701 963687904
t_num: 0 finish: 1473409704 508261756 start: 1473409703 538438447
t_num: 13 finish: 1473409704 508741394 start: 1473409702 544834390
t_num: 18 finish: 1473409705 2426843 start: 1473409703 397758111
t_num: 31 finish: 1473409705 88222238 start: 1473409703 184900753
t_num: 19 finish: 1473409705 601357318 start: 1473409703 464323805
t_num: 11 finish: 1473409705 602014934 start: 1473409703 701666517
t_num: 26 finish: 1473409705 888869444 start: 1473409703 892643600
t_num: 4 finish: 1473409705 915326534 start: 1473409703 855436953
t_num: 9 finish: 1473409705 982826990 start: 1473409703 719366819
t_num: 30 finish: 1473409705 982919379 start: 1473409704 344140467
t_num: 29 finish: 1473409706 13986371 start: 1473409704 859457420
t_num: 21 finish: 1473409706 156533666 start: 1473409704 475057459
t_num: 14 finish: 1473409706 162213933 start: 1473409705 544508935
t_num: 25 finish: 1473409706 333845176 start: 1473409705 352587280
t_num: 12 finish: 1473409706 376441727 start: 1473409704 149335059
t_num: 0 finish: 1473409706 447066658 start: 1473409704 508283209
t_num: 22 finish: 1473409706 521532580 start: 1473409704 507652174
t_num: 31 finish: 1473409706 555373306 start: 1473409705 88254957
t_num: 1 finish: 1473409707 70506430 start: 1473409704 945343312
t_num: 4 finish: 1473409707 444828478 start: 1473409705 915356895
t_num: 2 finish: 1473409707 634765791 start: 1473409705 983097496
t_num: 3 finish: 1473409707 731726552 start: 1473409704 960307858
t_num: 14 finish: 1473409707 734026603 start: 1473409706 162233554
t_num: 26 finish: 1473409707 863264120 start: 1473409705 888912233
t_num: 9 finish: 1473409707 932664191 start: 1473409705 982867880
t_num: 1 finish: 1473409708 390264829 start: 1473409707 70536216
t_num: 30 finish: 1473409708 483698069 start: 1473409705 982939238
t_num: 27 finish: 1473409708 571591319 start: 1473409707 46033521
t_num: 0 finish: 1473409708 571604730 start: 1473409707 365222215
t_num: 14 finish: 1473409708 860930594 start: 1473409707 734046274
t_num: 24 finish: 1473409708 924500246 start: 1473409706 151416249
t_num: 22 finish: 1473409709 10487740 start: 1473409707 45748322
t_num: 25 finish: 1473409709 14849858 start: 1473409706 986090559
t_num: 19 finish: 1473409709 211875744 start: 1473409707 574393615
t_num: 17 finish: 1473409709 391111747 start: 1473409707 423303514
t_num: 29 finish: 1473409709 459208312 start: 1473409707 10496137
t_num: 12 finish: 1473409709 664011466 start: 1473409707 617942179
t_num: 28 finish: 1473409709 747255388 start: 1473409707 708251085
t_num: 31 finish: 1473409710 58979434 start: 1473409708 276085047
t_num: 30 finish: 1473409710 66222647 start: 1473409709 344832701
t_num: 25 finish: 1473409710 66913189 start: 1473409709 14891277
t_num: 4 finish: 1473409710 116648578 start: 1473409708 390227396
t_num: 18 finish: 1473409710 242825570 start: 1473409708 390197973
t_num: 9 finish: 1473409710 243072382 start: 1473409707 932699030
t_num: 27 finish: 1473409710 422602820 start: 1473409708 571644503
t_num: 14 finish: 1473409710 502380489 start: 1473409708 860967804
t_num: 22 finish: 1473409710 554303734 start: 1473409709 657170305
t_num: 25 finish: 1473409710 792304885 start: 1473409710 66937713
t_num: 17 finish: 1473409711 255758852 start: 1473409709 391137634
t_num: 12 finish: 1473409711 256536716 start: 1473409709 664034811
t_num: 24 finish: 1473409711 369490805 start: 1473409708 924522100
t_num: 1 finish: 1473409711 538530297 start: 1473409710 466534831
t_num: 28 finish: 1473409711 670309193 start: 1473409709 747281260
t_num: 23 finish: 1473409711 691044254 start: 1473409709 846315486
t_num: 16 finish: 1473409711 743172686 start: 1473409710 466545960
t_num: 5 finish: 1473409711 902259103 start: 1473409710 734759929
t_num: 0 finish: 1473409711 982945173 start: 1473409710 716687959
t_num: 3 finish: 1473409712 81040975 start: 1473409710 466566036
t_num: 6 finish: 1473409712 197284409 start: 1473409710 717303475
t_num: 22 finish: 1473409712 227687985 start: 1473409710 554349864
t_num: 31 finish: 1473409712 227723061 start: 1473409710 59020240
t_num: 18 finish: 1473409712 328926618 start: 1473409710 242863499
t_num: 4 finish: 1473409712 457215446 start: 1473409710 116676437
t_num: 27 finish: 1473409712 536917150 start: 1473409710 513376552
t_num: 24 finish: 1473409712 599746141 start: 1473409711 369520477
t_num: 19 finish: 1473409712 600669297 start: 1473409710 156378017
t_num: 30 finish: 1473409712 612074884 start: 1473409711 539086376
t_num: 17 finish: 1473409712 732239364 start: 1473409711 255815078
t_num: 25 finish: 1473409713 74028528 start: 1473409711 781360674
t_num: 16 finish: 1473409713 137557178 start: 1473409711 743210103
t_num: 15 finish: 1473409713 187451154 start: 1473409712 292702434
t_num: 1 finish: 1473409713 391689320 start: 1473409712 180722585
t_num: 12 finish: 1473409713 391771424 start: 1473409711 256558481
t_num: 0 finish: 1473409713 581018067 start: 1473409711 982981471
t_num: 23 finish: 1473409713 957531254 start: 1473409711 691062526
t_num: 26 finish: 1473409713 958846758 start: 1473409711 935560179
t_num: 20 finish: 1473409714 263845802 start: 1473409712 536104992
t_num: 16 finish: 1473409714 358871939 start: 1473409713 137590989
t_num: 12 finish: 1473409714 492068150 start: 1473409713 391788588
t_num: 22 finish: 1473409714 492146483 start: 1473409713 186905777
t_num: 31 finish: 1473409714 578839447 start: 1473409712 680113379
t_num: 11 finish: 1473409714 647266122 start: 1473409712 514597327
t_num: 14 finish: 1473409714 658415739 start: 1473409712 514620625
t_num: 28 finish: 1473409714 802197900 start: 1473409712 328950393
t_num: 25 finish: 1473409714 864638446 start: 1473409713 74072583
t_num: 24 finish: 1473409714 907101744 start: 1473409713 328245528
t_num: 4 finish: 1473409714 998065624 start: 1473409712 457266004
t_num: 1 finish: 1473409715 156266573 start: 1473409713 391723843
t_num: 30 finish: 1473409715 197188871 start: 1473409714 311585439
t_num: 0 finish: 1473409715 272241467 start: 1473409713 581048241
t_num: 10 finish: 1473409715 426824349 start: 1473409713 822592885
t_num: 7 finish: 1473409715 487933205 start: 1473409712 719690217
t_num: 19 finish: 1473409715 806690504 start: 1473409713 822574664
t_num: 17 finish: 1473409715 904299572 start: 1473409713 517224262
t_num: 3 finish: 1473409715 967866903 start: 1473409713 900371842
t_num: 13 finish: 1473409716 79856388 start: 1473409714 386422722
t_num: 4 finish: 1473409717 60747429 start: 1473409714 998112788
t_num: 1 finish: 1473409717 279162523 start: 1473409715 156297983
t_num: 10 finish: 1473409717 466652714 start: 1473409715 426860563
t_num: 31 finish: 1473409717 786517599 start: 1473409715 296022133
t_num: 16 finish: 1473409717 787639762 start: 1473409716 815098578
t_num: 28 finish: 1473409717 787667562 start: 1473409715 752369624
t_num: 19 finish: 1473409717 832334163 start: 1473409716 659766214
t_num: 0 finish: 1473409717 844541462 start: 1473409715 272279468
t_num: 24 finish: 1473409718 56154403 start: 1473409714 907164553
t_num: 14 finish: 1473409718 56154436 start: 1473409714 658446723
t_num: 12 finish: 1473409718 56989620 start: 1473409717 251540980
t_num: 25 finish: 1473409718 57052752 start: 1473409716 664850053
t_num: 23 finish: 1473409718 140629336 start: 1473409715 778664960
t_num: 15 finish: 1473409718 406262084 start: 1473409717 203746593
t_num: 17 finish: 1473409718 535757463 start: 1473409715 904407257
t_num: 28 finish: 1473409718 653582664 start: 1473409717 787685511
t_num: 31 finish: 1473409718 693659501 start: 1473409717 786541678
t_num: 7 finish: 1473409718 733225620 start: 1473409716 252757733
t_num: 19 finish: 1473409718 791694027 start: 1473409717 832364043
t_num: 10 finish: 1473409718 808161060 start: 1473409717 641251905
t_num: 25 finish: 1473409719 87002723 start: 1473409718 57069669
t_num: 6 finish: 1473409719 265464342 start: 1473409717 881442468
t_num: 26 finish: 1473409719 305907872 start: 1473409718 56637650
t_num: 13 finish: 1473409719 468198064 start: 1473409717 881526139
t_num: 8 finish: 1473409719 564239538 start: 1473409717 892340117
t_num: 1 finish: 1473409719 814134584 start: 1473409718 59040406
t_num: 0 finish: 1473409719 817467960 start: 1473409718 19048759
t_num: 21 finish: 1473409719 846443950 start: 1473409718 542842064
t_num: 12 finish: 1473409719 904402245 start: 1473409718 508976664
t_num: 16 finish: 1473409720 456495891 start: 1473409718 437660015
t_num: 15 finish: 1473409720 493291832 start: 1473409718 406324399
t_num: 19 finish: 1473409720 599148637 start: 1473409718 791721096
t_num: 17 finish: 1473409720 618931973 start: 1473409719 192527666
t_num: 6 finish: 1473409720 715880354 start: 1473409719 265501031
t_num: 25 finish: 1473409720 715884725 start: 1473409719 819791509
t_num: 28 finish: 1473409721 191290824 start: 1473409718 653609561
t_num: 24 finish: 1473409721 360024006 start: 1473409718 770515925
t_num: 31 finish: 1473409721 449330035 start: 1473409719 563981427
t_num: 20 finish: 1473409721 763106078 start: 1473409720 226345566
t_num: 29 finish: 1473409721 765655295 start: 1473409718 681003487
t_num: 21 finish: 1473409721 864909355 start: 1473409719 846466859
t_num: 7 finish: 1473409722 43583465 start: 1473409719 563942500
t_num: 8 finish: 1473409722 43674081 start: 1473409719 564261788
t_num: 16 finish: 1473409722 179014368 start: 1473409720 456516087
t_num: 0 finish: 1473409722 179965765 start: 1473409721 91381460
t_num: 1 finish: 1473409722 259484036 start: 1473409720 543231722
t_num: 25 finish: 1473409722 327995881 start: 1473409720 715916965
t_num: 28 finish: 1473409722 565411918 start: 1473409721 191324028
t_num: 15 finish: 1473409722 593275349 start: 1473409720 493321550
t_num: 31 finish: 1473409722 677868516 start: 1473409721 449371620
t_num: 20 finish: 1473409722 772729167 start: 1473409721 763138934
t_num: 19 finish: 1473409723 436428144 start: 1473409720 599194313
t_num: 10 finish: 1473409723 598450882 start: 1473409722 43747432
t_num: 14 finish: 1473409723 598490746 start: 1473409721 764300735
t_num: 29 finish: 1473409723 599125931 start: 1473409721 765676254
t_num: 26 finish: 1473409723 638055028 start: 1473409722 305940468
t_num: 3 finish: 1473409723 640612504 start: 1473409721 872785396
t_num: 22 finish: 1473409723 739948646 start: 1473409721 986287304
t_num: 0 finish: 1473409724 65877314 start: 1473409722 536006719
t_num: 25 finish: 1473409724 303954074 start: 1473409722 328020086
t_num: 18 finish: 1473409724 391662871 start: 1473409723 2417707
t_num: 15 finish: 1473409724 435290904 start: 1473409723 492003934
t_num: 1 finish: 1473409724 609319021 start: 1473409722 259509072
t_num: 29 finish: 1473409724 714943458 start: 1473409723 599140841
t_num: 5 finish: 1473409724 838038376 start: 1473409722 535153700
t_num: 20 finish: 1473409724 838376359 start: 1473409722 772777199
t_num: 7 finish: 1473409724 838413134 start: 1473409723 65969410
t_num: 24 finish: 1473409725 373638936 start: 1473409723 681670785
t_num: 19 finish: 1473409725 631133872 start: 1473409723 644669261
t_num: 10 finish: 1473409725 631165041 start: 1473409723 598482702
t_num: 16 finish: 1473409725 631574770 start: 1473409722 179043261
t_num: 26 finish: 1473409725 755380882 start: 1473409723 638078465
t_num: 22 finish: 1473409725 763474323 start: 1473409723 739982146
t_num: 12 finish: 1473409726 354673564 start: 1473409722 587182201
t_num: 0 finish: 1473409726 387703997 start: 1473409724 65900204
t_num: 5 finish: 1473409726 391817841 start: 1473409724 838072588
t_num: 8 finish: 1473409726 702941859 start: 1473409724 813230353
t_num: 4 finish: 1473409726 790989979 start: 1473409724 61972535
t_num: 10 finish: 1473409726 934616224 start: 1473409725 631181618
t_num: 3 finish: 1473409726 935264865 start: 1473409724 302500187
t_num: 16 finish: 1473409727 470813467 start: 1473409725 901276774
t_num: 20 finish: 1473409727 489079594 start: 1473409725 869820700
t_num: 18 finish: 1473409727 540537284 start: 1473409725 415080831
t_num: 23 finish: 1473409727 540649741 start: 1473409725 726626342
t_num: 29 finish: 1473409727 541567472 start: 1473409724 714977254
t_num: 25 finish: 1473409727 683538167 start: 1473409725 415035303
t_num: 26 finish: 1473409727 725638246 start: 1473409726 402603559
t_num: 30 finish: 1473409728 240472685 start: 1473409725 630889502
t_num: 24 finish: 1473409728 240542288 start: 1473409726 388886479
t_num: 12 finish: 1473409728 317695215 start: 1473409726 354708774
t_num: 15 finish: 1473409728 577224567 start: 1473409726 393966739
t_num: 7 finish: 1473409728 761172652 start: 1473409725 741299637
t_num: 1 finish: 1473409728 775960708 start: 1473409725 741320127
t_num: 10 finish: 1473409729 114360248 start: 1473409726 934665574
t_num: 19 finish: 1473409729 575407175 start: 1473409726 893964562
t_num: 20 finish: 1473409729 575826671 start: 1473409727 489107964
t_num: 4 finish: 1473409730 162069999 start: 1473409728 174480287
t_num: 12 finish: 1473409730 162775955 start: 1473409728 317720390
t_num: 22 finish: 1473409730 261844086 start: 1473409727 93282790
t_num: 6 finish: 1473409730 297791219 start: 1473409726 569134292
t_num: 23 finish: 1473409730 404568362 start: 1473409728 119603371
t_num: 8 finish: 1473409730 463649171 start: 1473409728 653944329
t_num: 30 finish: 1473409730 464676723 start: 1473409728 240496391
t_num: 2 finish: 1473409731 90205977 start: 1473409727 555049622
t_num: 29 finish: 1473409731 116387455 start: 1473409727 541588922
t_num: 25 finish: 1473409731 179487222 start: 1473409727 683618906
t_num: 1 finish: 1473409731 374985911 start: 1473409728 775982849
t_num: 9 finish: 1473409731 546253901 start: 1473409728 749858324
t_num: 26 finish: 1473409731 692118087 start: 1473409728 317969980
t_num: 10 finish: 1473409731 729157147 start: 1473409729 114402012
t_num: 3 finish: 1473409731 945293359 start: 1473409730 294277694
t_num: 4 finish: 1473409732 188462976 start: 1473409730 957440235
t_num: 7 finish: 1473409732 189257104 start: 1473409730 160264895
t_num: 31 finish: 1473409732 215160345 start: 1473409730 949299208
t_num: 20 finish: 1473409732 261505352 start: 1473409729 575848379
t_num: 14 finish: 1473409732 738068090 start: 1473409729 954298825
t_num: 16 finish: 1473409733 65526210 start: 1473409730 950384616
t_num: 29 finish: 1473409733 78065903 start: 1473409731 116421674
t_num: 23 finish: 1473409733 192309179 start: 1473409730 404598688
t_num: 9 finish: 1473409733 286943758 start: 1473409731 546291523
t_num: 8 finish: 1473409733 347993920 start: 1473409731 178367889
t_num: 18 finish: 1473409733 576294293 start: 1473409730 950438582
t_num: 1 finish: 1473409733 619138292 start: 1473409731 703301356
t_num: 7 finish: 1473409733 619591930 start: 1473409732 189277071
t_num: 4 finish: 1473409733 671279612 start: 1473409732 188501018
t_num: 0 finish: 1473409733 672095251 start: 1473409732 278903098
t_num: 28 finish: 1473409733 672133202 start: 1473409730 440677399
t_num: 13 finish: 1473409733 715544291 start: 1473409731 829044349
t_num: 27 finish: 1473409733 761513149 start: 1473409730 261791283
t_num: 9 finish: 1473409734 793261048 start: 1473409733 286994349
t_num: 14 finish: 1473409734 842431202 start: 1473409733 225815922
t_num: 25 finish: 1473409735 200372862 start: 1473409732 215167004
t_num: 26 finish: 1473409735 207266087 start: 1473409731 692155742
t_num: 6 finish: 1473409735 411256912 start: 1473409733 3261784
t_num: 10 finish: 1473409735 441351326 start: 1473409733 64754954
t_num: 8 finish: 1473409735 472205692 start: 1473409734 305959089
t_num: 30 finish: 1473409735 635946155 start: 1473409732 279178003
t_num: 19 finish: 1473409735 735430342 start: 1473409732 954788069
t_num: 3 finish: 1473409735 913094404 start: 1473409734 844258997
t_num: 13 finish: 1473409736 15235869 start: 1473409733 715575964
t_num: 21 finish: 1473409736 98560887 start: 1473409734 837615936
t_num: 24 finish: 1473409736 116086377 start: 1473409734 692708128
t_num: 11 finish: 1473409736 141143765 start: 1473409733 528740417
t_num: 4 finish: 1473409736 205398630 start: 1473409733 671297205
t_num: 26 finish: 1473409736 299349606 start: 1473409735 207289299
t_num: 14 finish: 1473409736 555542211 start: 1473409734 842462752
t_num: 18 finish: 1473409736 556355823 start: 1473409733 576351764
t_num: 7 finish: 1473409736 557027430 start: 1473409734 795476626
t_num: 27 finish: 1473409736 680222036 start: 1473409733 761559113
t_num: 25 finish: 1473409736 770857820 start: 1473409735 200401509
t_num: 17 finish: 1473409736 770927784 start: 1473409735 300816520
t_num: 10 finish: 1473409736 770988139 start: 1473409735 441377863
t_num: 30 finish: 1473409736 977556747 start: 1473409735 635988833
t_num: 16 finish: 1473409737 38163538 start: 1473409736 586219767
t_num: 6 finish: 1473409737 62869080 start: 1473409735 411298827
t_num: 0 finish: 1473409737 63553419 start: 1473409734 795136168
t_num: 8 finish: 1473409737 126780372 start: 1473409735 472226540
t_num: 24 finish: 1473409737 380729407 start: 1473409736 243234581
t_num: 21 finish: 1473409737 391718177 start: 1473409736 98615637
t_num: 11 finish: 1473409737 391744077 start: 1473409736 141178935
t_num: 3 finish: 1473409737 391970434 start: 1473409735 913136511
t_num: 8 finish: 1473409737 807250400 start: 1473409737 126809054
t_num: 14 finish: 1473409737 986130125 start: 1473409736 555585716
t_num: 12 finish: 1473409738 373535886 start: 1473409736 771049286
t_num: 30 finish: 1473409738 692166698 start: 1473409736 977580959
t_num: 1 finish: 1473409738 743664222 start: 1473409736 750993097
t_num: 17 finish: 1473409738 747593112 start: 1473409736 770945246
t_num: 5 finish: 1473409738 775972632 start: 1473409736 758473851
t_num: 31 finish: 1473409739 3812770 start: 1473409736 977510801
t_num: 10 finish: 1473409739 69634435 start: 1473409737 730840370
t_num: 19 finish: 1473409739 179215775 start: 1473409736 808727197
t_num: 3 finish: 1473409739 242107926 start: 1473409737 391988736
t_num: 23 finish: 1473409739 923256220 start: 1473409737 730826290
t_num: 26 finish: 1473409740 176434065 start: 1473409737 108493964
t_num: 13 finish: 1473409740 206347441 start: 1473409737 337423882
t_num: 21 finish: 1473409740 239927332 start: 1473409737 806134726
t_num: 8 finish: 1473409740 266797386 start: 1473409737 807273048
t_num: 11 finish: 1473409740 308026903 start: 1473409739 186470517
t_num: 12 finish: 1473409740 477346094 start: 1473409739 721518107
t_num: 30 finish: 1473409740 482922700 start: 1473409738 692197595
t_num: 14 finish: 1473409740 511056992 start: 1473409737 986158902
t_num: 5 finish: 1473409740 516714961 start: 1473409739 333749324
t_num: 7 finish: 1473409740 536159433 start: 1473409737 905436654
t_num: 24 finish: 1473409740 877543130 start: 1473409738 596451077
t_num: 19 finish: 1473409740 903190302 start: 1473409739 179247738
t_num: 15 finish: 1473409740 930297310 start: 1473409739 439121072
t_num: 2 finish: 1473409740 972870402 start: 1473409739 280287865
t_num: 26 finish: 1473409740 973417283 start: 1473409740 176458219
t_num: 17 finish: 1473409741 89688290 start: 1473409738 747626249
t_num: 1 finish: 1473409741 251322528 start: 1473409738 743710830
t_num: 10 finish: 1473409741 526614715 start: 1473409740 183767959
t_num: 25 finish: 1473409741 799016516 start: 1473409740 172399389
t_num: 0 finish: 1473409741 964686253 start: 1473409739 194855714
t_num: 24 finish: 1473409742 264699979 start: 1473409740 877567498
t_num: 5 finish: 1473409742 436427630 start: 1473409740 516735582
t_num: 13 finish: 1473409742 797020137 start: 1473409740 206383891
t_num: 14 finish: 1473409742 848014135 start: 1473409740 511079615
t_num: 11 finish: 1473409742 848060783 start: 1473409740 308055601
t_num: 30 finish: 1473409742 928679106 start: 1473409741 153570523
t_num: 23 finish: 1473409743 622754415 start: 1473409740 877507334
t_num: 2 finish: 1473409743 751650598 start: 1473409740 972892859
t_num: 25 finish: 1473409743 801292037 start: 1473409741 799048883
t_num: 12 finish: 1473409743 801305240 start: 1473409741 482659223
t_num: 10 finish: 1473409743 801392673 start: 1473409741 526657212
t_num: 29 finish: 1473409743 801432774 start: 1473409741 115568743
t_num: 15 finish: 1473409744 59145488 start: 1473409740 930332014
t_num: 19 finish: 1473409744 126015181 start: 1473409741 564079437
t_num: 0 finish: 1473409744 391866543 start: 1473409741 964720994
t_num: 20 finish: 1473409744 508929355 start: 1473409742 628125475
t_num: 9 finish: 1473409744 731951250 start: 1473409742 849020696
t_num: 1 finish: 1473409744 904693371 start: 1473409743 653135533
t_num: 16 finish: 1473409744 983970732 start: 1473409742 601212650
t_num: 22 finish: 1473409745 17024230 start: 1473409742 238377662
t_num: 13 finish: 1473409745 17926782 start: 1473409742 797064448
t_num: 11 finish: 1473409745 19401671 start: 1473409744 108998786
t_num: 6 finish: 1473409745 136888266 start: 1473409742 848140873
t_num: 26 finish: 1473409745 182723180 start: 1473409744 77863410
t_num: 15 finish: 1473409745 213972559 start: 1473409744 59181823
t_num: 2 finish: 1473409745 522732504 start: 1473409743 751683833
t_num: 7 finish: 1473409745 879758987 start: 1473409743 455634626
t_num: 12 finish: 1473409745 938919675 start: 1473409744 179688672
t_num: 1 finish: 1473409746 199304856 start: 1473409744 904720675
t_num: 27 finish: 1473409746 625963532 start: 1473409745 134112705
t_num: 23 finish: 1473409746 670052222 start: 1473409743 622787613
t_num: 19 finish: 1473409746 675017337 start: 1473409744 903994710
t_num: 21 finish: 1473409746 675784338 start: 1473409743 636297637
t_num: 9 finish: 1473409746 682548671 start: 1473409744 731978481
t_num: 14 finish: 1473409746 852121393 start: 1473409744 633047708
t_num: 20 finish: 1473409747 408747574 start: 1473409745 66349352
t_num: 30 finish: 1473409747 447987034 start: 1473409744 240573210
t_num: 11 finish: 1473409747 534087123 start: 1473409745 19421957
t_num: 13 finish: 1473409747 561085946 start: 1473409746 42327971
t_num: 16 finish: 1473409747 608438265 start: 1473409744 983994031
t_num: 19 finish: 1473409747 882483077 start: 1473409746 675041217
t_num: 22 finish: 1473409748 126639274 start: 1473409745 206744854
t_num: 28 finish: 1473409748 232389710 start: 1473409746 441540226
t_num: 25 finish: 1473409748 319360874 start: 1473409746 670740286
t_num: 3 finish: 1473409748 330540111 start: 1473409745 206814371
t_num: 26 finish: 1473409748 418324302 start: 1473409745 905375292
t_num: 12 finish: 1473409748 477355547 start: 1473409745 938942610
t_num: 15 finish: 1473409748 634778863 start: 1473409746 567270248
t_num: 6 finish: 1473409748 635194138 start: 1473409746 995448434
t_num: 4 finish: 1473409748 745412049 start: 1473409745 206430835
t_num: 9 finish: 1473409748 783919175 start: 1473409747 102901375
t_num: 14 finish: 1473409748 838263251 start: 1473409746 852156822
t_num: 27 finish: 1473409749 40237789 start: 1473409746 626003216
t_num: 12 finish: 1473409749 138397755 start: 1473409748 477380805
t_num: 1 finish: 1473409749 519407545 start: 1473409746 675983478
t_num: 11 finish: 1473409749 519557936 start: 1473409747 534110066
t_num: 20 finish: 1473409749 597985273 start: 1473409748 330499654
t_num: 0 finish: 1473409749 652554038 start: 1473409747 608845221
t_num: 4 finish: 1473409749 652607456 start: 1473409748 745444558
t_num: 19 finish: 1473409749 781358810 start: 1473409748 412328466
t_num: 3 finish: 1473409750 110960605 start: 1473409748 330556693
t_num: 7 finish: 1473409750 110960605 start: 1473409748 61481399
t_num: 5 finish: 1473409750 357608499 start: 1473409747 533214525
t_num: 6 finish: 1473409750 416616229 start: 1473409748 635214807
t_num: 25 finish: 1473409750 733444249 start: 1473409749 318754813
t_num: 28 finish: 1473409750 839377559 start: 1473409748 896582481
t_num: 26 finish: 1473409750 839382446 start: 1473409748 704137654
t_num: 21 finish: 1473409750 839417377 start: 1473409749 454929603
t_num: 27 finish: 1473409750 910459340 start: 1473409749 40271455
t_num: 31 finish: 1473409751 176971245 start: 1473409749 519124504
t_num: 15 finish: 1473409751 620157458 start: 1473409749 519064056
t_num: 9 finish: 1473409751 716943907 start: 1473409748 783946437
t_num: 23 finish: 1473409751 717702407 start: 1473409750 281444782
t_num: 14 finish: 1473409751 767361714 start: 1473409749 908483984
t_num: 3 finish: 1473409751 898920879 start: 1473409750 111017382
t_num: 19 finish: 1473409751 932587285 start: 1473409750 357632750
t_num: 12 finish: 1473409752 364012782 start: 1473409750 89476102
t_num: 11 finish: 1473409752 435815798 start: 1473409750 250407865
t_num: 5 finish: 1473409752 440517303 start: 1473409750 838733324
t_num: 26 finish: 1473409752 558446321 start: 1473409750 839461505
t_num: 28 finish: 1473409752 872194281 start: 1473409750 839412318
t_num: 23 finish: 1473409752 905893842 start: 1473409751 717722233
t_num: 2 finish: 1473409752 905991348 start: 1473409751 172758151
t_num: 0 finish: 1473409753 352980166 start: 1473409751 767385487
t_num: 12 finish: 1473409753 405195063 start: 1473409752 364044214
t_num: 21 finish: 1473409753 577514711 start: 1473409750 839435871
t_num: 14 finish: 1473409753 577929817 start: 1473409752 491126169
t_num: 24 finish: 1473409753 644667934 start: 1473409750 780640335
t_num: 6 finish: 1473409753 695846565 start: 1473409750 773034364
t_num: 8 finish: 1473409753 745916543 start: 1473409750 16726584
t_num: 31 finish: 1473409753 809329392 start: 1473409751 640862724
t_num: 15 finish: 1473409753 947781091 start: 1473409751 620199273
t_num: 25 finish: 1473409754 284721277 start: 1473409752 373699319
t_num: 5 finish: 1473409754 287492190 start: 1473409752 440538582
t_num: 17 finish: 1473409754 305356799 start: 1473409753 205878316
t_num: 27 finish: 1473409754 557539291 start: 1473409751 676081092
t_num: 29 finish: 1473409754 712687677 start: 1473409752 558633287
t_num: 12 finish: 1473409754 932079102 start: 1473409753 405223893
t_num: 3 finish: 1473409755 55231113 start: 1473409753 155671373
t_num: 31 finish: 1473409755 94114996 start: 1473409753 809355056
t_num: 11 finish: 1473409755 252664506 start: 1473409753 205863408
t_num: 15 finish: 1473409755 636118755 start: 1473409753 947838828
t_num: 10 finish: 1473409755 653912786 start: 1473409754 415534086
t_num: 9 finish: 1473409755 799877766 start: 1473409753 695848943
t_num: 13 finish: 1473409755 873292070 start: 1473409754 282701117
t_num: 8 finish: 1473409756 331804614 start: 1473409753 745942330
t_num: 28 finish: 1473409756 334076704 start: 1473409754 277002263
t_num: 27 finish: 1473409756 334693031 start: 1473409754 557651615
t_num: 1 finish: 1473409756 335270364 start: 1473409754 435905474
t_num: 21 finish: 1473409757 13128936 start: 1473409754 506479885
t_num: 25 finish: 1473409757 13280724 start: 1473409754 284749262
t_num: 5 finish: 1473409757 132906290 start: 1473409754 985699318
t_num: 23 finish: 1473409757 220921721 start: 1473409754 555006567
t_num: 0 finish: 1473409757 343979906 start: 1473409755 142321554
t_num: 30 finish: 1473409758 194132168 start: 1473409754 946782815
t_num: 9 finish: 1473409758 318208128 start: 1473409755 799903622
t_num: 1 finish: 1473409758 320535256 start: 1473409756 335284124
t_num: 29 finish: 1473409758 344870853 start: 1473409756 452070381
t_num: 7 finish: 1473409758 617286599 start: 1473409756 706775618
t_num: 24 finish: 1473409758 618054266 start: 1473409757 77110062
t_num: 10 finish: 1473409758 725188983 start: 1473409755 653932202
t_num: 3 finish: 1473409758 813000405 start: 1473409755 775721615
t_num: 12 finish: 1473409758 840651854 start: 1473409755 126483282
t_num: 5 finish: 1473409758 883633653 start: 1473409757 132948504
t_num: 15 finish: 1473409758 883641479 start: 1473409757 410930766
t_num: 21 finish: 1473409759 149499797 start: 1473409757 13154801
t_num: 27 finish: 1473409759 309195040 start: 1473409756 334714274
t_num: 0 finish: 1473409759 309843459 start: 1473409757 344014511
t_num: 28 finish: 1473409759 518923023 start: 1473409757 410943071
t_num: 5 finish: 1473409759 662856274 start: 1473409758 924278709
t_num: 12 finish: 1473409759 662857900 start: 1473409758 911614790
t_num: 4 finish: 1473409759 662913091 start: 1473409757 12513585
t_num: 6 finish: 1473409759 671002125 start: 1473409758 842015938
t_num: 14 finish: 1473409759 920417008 start: 1473409758 779684327
t_num: 24 finish: 1473409759 993830434 start: 1473409758 618072079
t_num: 23 finish: 1473409760 30299118 start: 1473409757 699820696
t_num: 8 finish: 1473409760 113563012 start: 1473409758 99257128
t_num: 30 finish: 1473409760 191775414 start: 1473409758 194166470
t_num: 9 finish: 1473409760 288764980 start: 1473409758 318235814
t_num: 1 finish: 1473409760 529232498 start: 1473409758 320555179
t_num: 13 finish: 1473409760 609999157 start: 1473409758 911034514
t_num: 21 finish: 1473409760 613003062 start: 1473409759 149532661
t_num: 10 finish: 1473409760 613074105 start: 1473409759 23958732
t_num: 15 finish: 1473409760 613150239 start: 1473409758 883686385
t_num: 14 finish: 1473409760 997178398 start: 1473409759 920468344
t_num: 6 finish: 1473409761 230353966 start: 1473409759 671035109
t_num: 16 finish: 1473409761 548653732 start: 1473409760 20181008
t_num: 23 finish: 1473409762 97741256 start: 1473409760 30318265
t_num: 24 finish: 1473409762 255724292 start: 1473409760 324448844
t_num: 18 finish: 1473409762 287247114 start: 1473409760 665711511
t_num: 12 finish: 1473409762 287265341 start: 1473409760 668129837
t_num: 0 finish: 1473409762 385715470 start: 1473409760 689385704
t_num: 4 finish: 1473409762 407483080 start: 1473409759 662931212
t_num: 3 finish: 1473409762 457572977 start: 1473409759 449810624
t_num: 29 finish: 1473409762 514532700 start: 1473409760 163102539
t_num: 17 finish: 1473409762 514532687 start: 1473409760 362362981
t_num: 8 finish: 1473409762 547246109 start: 1473409760 999269161
t_num: 1 finish: 1473409762 692231594 start: 1473409760 529262882
t_num: 15 finish: 1473409762 757228690 start: 1473409760 613187504
t_num: 30 finish: 1473409762 795235352 start: 1473409760 191798699
t_num: 23 finish: 1473409762 795434612 start: 1473409762 97780780
t_num: 2 finish: 1473409762 795906916 start: 1473409761 534549347
t_num: 13 finish: 1473409763 34417122 start: 1473409760 610038237
t_num: 27 finish: 1473409763 907158679 start: 1473409760 964419244
t_num: 12 finish: 1473409764 40371507 start: 1473409762 287280442
t_num: 15 finish: 1473409764 107822814 start: 1473409762 757256075
t_num: 9 finish: 1473409764 217833788 start: 1473409761 507647686
t_num: 0 finish: 1473409764 290224694 start: 1473409762 385746452
t_num: 16 finish: 1473409764 359413259 start: 1473409761 944982004
t_num: 24 finish: 1473409764 605099501 start: 1473409762 255767154
t_num: 8 finish: 1473409764 692011489 start: 1473409763 283297493
t_num: 31 finish: 1473409764 980296161 start: 1473409761 636761489
t_num: 26 finish: 1473409765 367375339 start: 1473409763 242442391
t_num: 1 finish: 1473409765 478225966 start: 1473409762 692257145
t_num: 18 finish: 1473409765 592273303 start: 1473409762 690627343
t_num: 6 finish: 1473409765 898921492 start: 1473409763 245640811
t_num: 30 finish: 1473409765 898970955 start: 1473409762 795256535
t_num: 14 finish: 1473409766 125380398 start: 1473409762 795157206
t_num: 25 finish: 1473409766 305262510 start: 1473409764 217809731
t_num: 27 finish: 1473409766 343231540 start: 1473409763 907184478
t_num: 10 finish: 1473409766 385693185 start: 1473409764 979129773
t_num: 12 finish: 1473409766 445109896 start: 1473409764 40421266
t_num: 0 finish: 1473409766 538768119 start: 1473409764 290254448
t_num: 2 finish: 1473409766 798438797 start: 1473409764 218051408
t_num: 19 finish: 1473409766 852066852 start: 1473409764 949716989
t_num: 8 finish: 1473409766 951120876 start: 1473409764 692039660
t_num: 22 finish: 1473409766 951136721 start: 1473409763 908122776
t_num: 15 finish: 1473409766 951160323 start: 1473409764 979592050
t_num: 24 finish: 1473409767 230353198 start: 1473409765 477653001
t_num: 9 finish: 1473409767 267283823 start: 1473409764 217856353
t_num: 3 finish: 1473409767 580578342 start: 1473409765 699761789
t_num: 30 finish: 1473409767 861863593 start: 1473409765 898991114
t_num: 0 finish: 1473409767 862248251 start: 1473409766 538810736
t_num: 26 finish: 1473409767 988700501 start: 1473409766 482679228
t_num: 19 finish: 1473409767 998258409 start: 1473409766 852096537
t_num: 10 finish: 1473409768 436454317 start: 1473409766 385723457
t_num: 31 finish: 1473409768 473963208 start: 1473409766 102853418
t_num: 25 finish: 1473409768 473992742 start: 1473409766 717755339
t_num: 27 finish: 1473409768 474196428 start: 1473409766 343261067
t_num: 8 finish: 1473409768 525862299 start: 1473409766 951167371
t_num: 23 finish: 1473409768 798632437 start: 1473409766 228782589
t_num: 3 finish: 1473409768 835775738 start: 1473409767 676633332
t_num: 24 finish: 1473409769 53507390 start: 1473409767 230398280
t_num: 20 finish: 1473409769 266293373 start: 1473409767 778461137
t_num: 5 finish: 1473409769 299682352 start: 1473409767 553802667
t_num: 6 finish: 1473409769 449922018 start: 1473409766 746585348
t_num: 0 finish: 1473409769 844507566 start: 1473409767 862270159
t_num: 19 finish: 1473409769 966062339 start: 1473409769 12632941
t_num: 18 finish: 1473409770 237311493 start: 1473409767 776414952
t_num: 26 finish: 1473409770 237341853 start: 1473409767 988743057
t_num: 9 finish: 1473409770 237376551 start: 1473409768 474271010
t_num: 10 finish: 1473409770 376002848 start: 1473409768 436540770
t_num: 14 finish: 1473409770 376560483 start: 1473409768 660770808
t_num: 3 finish: 1473409770 443211415 start: 1473409768 835822068
t_num: 8 finish: 1473409770 561483247 start: 1473409769 20486543
t_num: 25 finish: 1473409770 563577453 start: 1473409768 474014039
t_num: 17 finish: 1473409770 695603152 start: 1473409768 792261947
t_num: 27 finish: 1473409771 171928975 start: 1473409769 569548730
t_num: 30 finish: 1473409771 277838543 start: 1473409769 83829996
t_num: 11 finish: 1473409771 281108510 start: 1473409769 279456230
t_num: 6 finish: 1473409771 406152934 start: 1473409769 449973730
t_num: 5 finish: 1473409771 502029519 start: 1473409769 558335544
t_num: 26 finish: 1473409771 536834174 start: 1473409770 237359880
t_num: 22 finish: 1473409771 569747096 start: 1473409769 101041861
t_num: 3 finish: 1473409771 572484471 start: 1473409770 443247299
t_num: 13 finish: 1473409772 161603722 start: 1473409770 280590061
t_num: 4 finish: 1473409772 352510434 start: 1473409770 545813414
t_num: 0 finish: 1473409772 554445971 start: 1473409771 204053748
t_num: 18 finish: 1473409772 661545924 start: 1473409770 237355218
t_num: 1 finish: 1473409772 997174924 start: 1473409770 695613004
t_num: 17 finish: 1473409773 45694457 start: 1473409771 925423337
t_num: 25 finish: 1473409773 406338026 start: 1473409770 563598462
t_num: 6 finish: 1473409773 408221535 start: 1473409771 406188396
t_num: 19 finish: 1473409773 459924998 start: 1473409771 250199643
t_num: 28 finish: 1473409773 460740072 start: 1473409771 295476922
t_num: 30 finish: 1473409773 777775633 start: 1473409772 128655113
t_num: 11 finish: 1473409773 777785050 start: 1473409771 475956229
t_num: 4 finish: 1473409773 985940532 start: 1473409772 352576241
t_num: 18 finish: 1473409774 207343648 start: 1473409772 661591688
t_num: 22 finish: 1473409774 230266109 start: 1473409771 569780226
t_num: 27 finish: 1473409774 230357627 start: 1473409771 171973421
t_num: 2 finish: 1473409774 934277491 start: 1473409773 633239351
t_num: 5 finish: 1473409775 177023601 start: 1473409771 502068968
t_num: 3 finish: 1473409775 322279678 start: 1473409772 926548940
t_num: 0 finish: 1473409775 760305517 start: 1473409772 554482785
t_num: 1 finish: 1473409775 926216154 start: 1473409772 997210653
t_num: 9 finish: 1473409775 928764432 start: 1473409773 638199441
t_num: 19 finish: 1473409776 37293681 start: 1473409774 909288806
t_num: 13 finish: 1473409776 78325929 start: 1473409772 161631186
t_num: 23 finish: 1473409776 81627276 start: 1473409773 45728191
t_num: 16 finish: 1473409776 244921100 start: 1473409773 461153321
t_num: 24 finish: 1473409776 245036695 start: 1473409773 93365315
t_num: 28 finish: 1473409776 557686483 start: 1473409773 460761220
t_num: 20 finish: 1473409776 616015721 start: 1473409774 952284308
t_num: 25 finish: 1473409776 616091994 start: 1473409774 947520171
t_num: 30 finish: 1473409776 616699836 start: 1473409773 777827251
t_num: 12 finish: 1473409776 707733067 start: 1473409775 72391460
t_num: 11 finish: 1473409776 730123636 start: 1473409775 48970873
t_num: 18 finish: 1473409776 730220197 start: 1473409774 934321803
t_num: 3 finish: 1473409777 222146370 start: 1473409775 322307410
t_num: 24 finish: 1473409777 222779375 start: 1473409776 245055228
t_num: 7 finish: 1473409777 255680579 start: 1473409775 273101986
t_num: 4 finish: 1473409777 325369419 start: 1473409773 985976561
t_num: 22 finish: 1473409777 379887724 start: 1473409774 934352215
t_num: 6 finish: 1473409777 388873271 start: 1473409774 105635942
t_num: 0 finish: 1473409777 389899493 start: 1473409775 760328335
t_num: 13 finish: 1473409777 502000119 start: 1473409776 78354402
t_num: 15 finish: 1473409777 521908824 start: 1473409775 753151445
t_num: 8 finish: 1473409777 600359482 start: 1473409775 874309847
t_num: 31 finish: 1473409778 141889583 start: 1473409777 323567554
t_num: 12 finish: 1473409778 481030710 start: 1473409776 707754642
t_num: 11 finish: 1473409778 481082994 start: 1473409776 730145245
t_num: 16 finish: 1473409778 650280824 start: 1473409776 741031781
t_num: 15 finish: 1473409778 692004063 start: 1473409777 521926089
t_num: 24 finish: 1473409778 790205546 start: 1473409777 388932415
t_num: 7 finish: 1473409778 871389768 start: 1473409777 255713536
t_num: 5 finish: 1473409778 871389770 start: 1473409777 144309663
t_num: 25 finish: 1473409779 188140092 start: 1473409776 616110709
t_num: 18 finish: 1473409779 192874817 start: 1473409777 389656319
t_num: 1 finish: 1473409779 298396280 start: 1473409776 684719125
t_num: 19 finish: 1473409779 339812662 start: 1473409777 980003468
t_num: 13 finish: 1473409779 450762336 start: 1473409778 142212949
t_num: 11 finish: 1473409779 498885988 start: 1473409778 481101099
t_num: 25 finish: 1473409779 541606732 start: 1473409779 188184259
t_num: 7 finish: 1473409779 541711558 start: 1473409778 871440589
t_num: 9 finish: 1473409779 541738493 start: 1473409776 616476189
t_num: 28 finish: 1473409779 541760384 start: 1473409777 538117426
t_num: 6 finish: 1473409779 541984927 start: 1473409777 676348855
t_num: 8 finish: 1473409779 654648003 start: 1473409778 488896567
t_num: 27 finish: 1473409779 710390766 start: 1473409778 491376395
t_num: 23 finish: 1473409779 711185569 start: 1473409777 602017063
t_num: 24 finish: 1473409780 104963741 start: 1473409779 261807855
t_num: 1 finish: 1473409780 732446397 start: 1473409779 298429745
t_num: 18 finish: 1473409780 843625362 start: 1473409779 192898492
t_num: 12 finish: 1473409780 895600920 start: 1473409778 536170579
t_num: 29 finish: 1473409780 935886530 start: 1473409777 911514784
t_num: 16 finish: 1473409780 935908829 start: 1473409778 650316826
t_num: 31 finish: 1473409780 982855246 start: 1473409778 469451210
t_num: 15 finish: 1473409781 12200398 start: 1473409778 692044913
t_num: 5 finish: 1473409781 12235101 start: 1473409779 582555952
t_num: 28 finish: 1473409781 119002144 start: 1473409779 541776451
t_num: 13 finish: 1473409781 144115506 start: 1473409780 874923164
t_num: 21 finish: 1473409781 214290678 start: 1473409779 774843011
t_num: 23 finish: 1473409781 214358546 start: 1473409779 711204613
t_num: 11 finish: 1473409781 241298966 start: 1473409779 498913788
t_num: 9 finish: 1473409781 374518853 start: 1473409779 541758281
t_num: 27 finish: 1473409781 374704740 start: 1473409779 710473825
t_num: 18 finish: 1473409781 651638233 start: 1473409780 843666766
t_num: 26 finish: 1473409781 747820794 start: 1473409781 214083522
t_num: 10 finish: 1473409781 975462557 start: 1473409780 936016730
t_num: 29 finish: 1473409781 975891617 start: 1473409780 935939640
t_num: 6 finish: 1473409782 114245913 start: 1473409779 710587336
t_num: 8 finish: 1473409782 114556722 start: 1473409781 12211456
t_num: 14 finish: 1473409782 116447424 start: 1473409781 88453548
t_num: 27 finish: 1473409782 486893285 start: 1473409781 374723450
t_num: 24 finish: 1473409782 601923377 start: 1473409780 982939329
t_num: 21 finish: 1473409783 246166920 start: 1473409781 214313882
t_num: 11 finish: 1473409783 293881770 start: 1473409781 370348007
t_num: 12 finish: 1473409783 329184329 start: 1473409781 214893705
t_num: 25 finish: 1473409783 364856622 start: 1473409781 627757451
t_num: 15 finish: 1473409783 818010128 start: 1473409781 651732281
t_num: 29 finish: 1473409783 989047911 start: 1473409781 975911732
t_num: 8 finish: 1473409784 4911497 start: 1473409782 114575719
t_num: 9 finish: 1473409784 19768800 start: 1473409783 111769572
t_num: 13 finish: 1473409784 527157423 start: 1473409782 599395455
t_num: 1 finish: 1473409784 578807021 start: 1473409783 160387770
t_num: 6 finish: 1473409784 622392221 start: 1473409783 365136004
t_num: 24 finish: 1473409784 630709805 start: 1473409782 601951194
t_num: 20 finish: 1473409784 713533269 start: 1473409782 140963769
t_num: 5 finish: 1473409784 848733820 start: 1473409783 77985306
t_num: 26 finish: 1473409784 916412151 start: 1473409784 224166050
t_num: 25 finish: 1473409784 998314199 start: 1473409783 364878454
t_num: 27 finish: 1473409785 150234147 start: 1473409782 486919746
t_num: 14 finish: 1473409785 182075693 start: 1473409783 218402953
t_num: 18 finish: 1473409785 233861196 start: 1473409783 48848028
t_num: 10 finish: 1473409785 234018927 start: 1473409782 383009203
t_num: 11 finish: 1473409785 362817173 start: 1473409783 986698756
t_num: 15 finish: 1473409785 404580231 start: 1473409783 818053533
t_num: 29 finish: 1473409786 56973497 start: 1473409784 472077184
t_num: 8 finish: 1473409786 296349940 start: 1473409784 406004438
t_num: 12 finish: 1473409786 329386046 start: 1473409784 133768660
t_num: 2 finish: 1473409786 481502176 start: 1473409784 621728695
t_num: 25 finish: 1473409786 606995085 start: 1473409784 998910929
t_num: 14 finish: 1473409786 610958596 start: 1473409785 182118072
t_num: 5 finish: 1473409786 611834899 start: 1473409784 848773526
t_num: 10 finish: 1473409786 686737518 start: 1473409785 234036961
t_num: 9 finish: 1473409786 856611986 start: 1473409784 634862329
t_num: 30 finish: 1473409786 900666292 start: 1473409785 749945896
t_num: 12 finish: 1473409787 171720157 start: 1473409786 329409641
t_num: 26 finish: 1473409787 461078522 start: 1473409784 916450924
t_num: 11 finish: 1473409787 462675058 start: 1473409785 754326248
t_num: 15 finish: 1473409787 462684916 start: 1473409785 404617390
t_num: 18 finish: 1473409787 494011911 start: 1473409786 296908015
t_num: 6 finish: 1473409787 598297952 start: 1473409785 751527203
t_num: 14 finish: 1473409787 661353429 start: 1473409786 610979842
t_num: 1 finish: 1473409787 826608073 start: 1473409786 330278391
t_num: 20 finish: 1473409787 837832658 start: 1473409784 713588731
t_num: 27 finish: 1473409788 144600758 start: 1473409785 750657539
t_num: 24 finish: 1473409788 738798319 start: 1473409786 114077965
t_num: 13 finish: 1473409788 848510507 start: 1473409786 437317560
t_num: 31 finish: 1473409789 59697113 start: 1473409786 326953767
t_num: 26 finish: 1473409789 60066217 start: 1473409787 461115917
t_num: 9 finish: 1473409789 271708892 start: 1473409788 146150269
t_num: 30 finish: 1473409789 307217827 start: 1473409786 900693489
t_num: 18 finish: 1473409789 346575947 start: 1473409787 494055357
t_num: 19 finish: 1473409789 536798225 start: 1473409786 807643529
t_num: 1 finish: 1473409789 830333710 start: 1473409788 549059226
t_num: 5 finish: 1473409789 866924000 start: 1473409788 34644597
t_num: 16 finish: 1473409789 977164444 start: 1473409788 612690049
t_num: 11 finish: 1473409790 289433386 start: 1473409788 618755896
t_num: 20 finish: 1473409790 331119690 start: 1473409787 837864960
t_num: 8 finish: 1473409790 332409329 start: 1473409788 764849271
t_num: 7 finish: 1473409790 698883870 start: 1473409788 761448636
t_num: 24 finish: 1473409790 771515489 start: 1473409788 738828849
t_num: 26 finish: 1473409790 837937921 start: 1473409789 60086061
t_num: 13 finish: 1473409790 932589132 start: 1473409788 848554833
t_num: 2 finish: 1473409791 222556461 start: 1473409788 954841874
t_num: 22 finish: 1473409791 265615520 start: 1473409789 42749769
t_num: 3 finish: 1473409791 312182466 start: 1473409790 328751993
t_num: 27 finish: 1473409791 510447213 start: 1473409788 144635926
t_num: 31 finish: 1473409791 555539613 start: 1473409789 398635926
t_num: 1 finish: 1473409791 593763380 start: 1473409789 830373119
t_num: 18 finish: 1473409792 106788964 start: 1473409789 991210423
t_num: 10 finish: 1473409792 158160252 start: 1473409790 477838831
t_num: 9 finish: 1473409792 502883660 start: 1473409789 398653009
t_num: 5 finish: 1473409792 505768808 start: 1473409789 866959498
t_num: 8 finish: 1473409792 519692533 start: 1473409790 332450872
t_num: 13 finish: 1473409792 791973736 start: 1473409790 932631155
t_num: 31 finish: 1473409792 852226986 start: 1473409791 555562216
t_num: 14 finish: 1473409792 925541007 start: 1473409791 901652281
t_num: 10 finish: 1473409793 48476942 start: 1473409792 322033542
t_num: 1 finish: 1473409793 67820045 start: 1473409791 593784526
t_num: 7 finish: 1473409793 138476566 start: 1473409790 698928492
t_num: 24 finish: 1473409793 216359674 start: 1473409791 529862810
t_num: 22 finish: 1473409793 217017732 start: 1473409791 265652970
t_num: 18 finish: 1473409793 438514741 start: 1473409792 106828946
t_num: 30 finish: 1473409793 836504305 start: 1473409791 511979971
t_num: 5 finish: 1473409793 978336458 start: 1473409792 505790744
t_num: 26 finish: 1473409794 23493228 start: 1473409790 837974629
t_num: 27 finish: 1473409794 256016307 start: 1473409792 746061968
t_num: 28 finish: 1473409794 405888530 start: 1473409792 739084343
t_num: 13 finish: 1473409794 483705056 start: 1473409792 792005493
t_num: 4 finish: 1473409794 483717513 start: 1473409792 314892186
t_num: 11 finish: 1473409794 797569359 start: 1473409791 529869549
t_num: 23 finish: 1473409795 128252225 start: 1473409791 512190687
t_num: 21 finish: 1473409795 129406547 start: 1473409792 224571280
t_num: 3 finish: 1473409795 248498257 start: 1473409791 312209103
t_num: 2 finish: 1473409795 276161668 start: 1473409793 381196741
t_num: 19 finish: 1473409795 323673325 start: 1473409792 591569516
t_num: 1 finish: 1473409795 521303919 start: 1473409793 67841300
t_num: 14 finish: 1473409795 621836985 start: 1473409792 925585557
t_num: 10 finish: 1473409796 121909339 start: 1473409793 48502203
t_num: 4 finish: 1473409796 251049035 start: 1473409794 483787643
t_num: 29 finish: 1473409796 581767450 start: 1473409795 102575436
t_num: 19 finish: 1473409796 736804915 start: 1473409795 323696877
t_num: 13 finish: 1473409796 809615584 start: 1473409795 521965019
t_num: 0 finish: 1473409797 197945137 start: 1473409794 824643072
t_num: 28 finish: 1473409797 198733925 start: 1473409794 405952816
t_num: 7 finish: 1473409797 199890527 start: 1473409793 974565893
t_num: 24 finish: 1473409797 200014729 start: 1473409793 867293202
t_num: 3 finish: 1473409797 231157806 start: 1473409795 248541795
t_num: 11 finish: 1473409797 292960349 start: 1473409795 521906825
t_num: 31 finish: 1473409797 303253594 start: 1473409794 601563734
t_num: 15 finish: 1473409797 555448031 start: 1473409796 531874572
t_num: 6 finish: 1473409797 910645020 start: 1473409795 979905007
t_num: 18 finish: 1473409797 945941836 start: 1473409794 601551707
t_num: 5 finish: 1473409797 979430316 start: 1473409795 14471003
t_num: 30 finish: 1473409798 194633225 start: 1473409796 634207247
t_num: 26 finish: 1473409798 240545336 start: 1473409794 23535229
t_num: 0 finish: 1473409798 622491137 start: 1473409797 197986956
t_num: 14 finish: 1473409798 622501044 start: 1473409796 530808228
t_num: 16 finish: 1473409798 682354272 start: 1473409797 217213863
t_num: 7 finish: 1473409799 363615102 start: 1473409797 199912388
t_num: 6 finish: 1473409799 485172478 start: 1473409797 910679469
t_num: 19 finish: 1473409799 485225563 start: 1473409796 736851758
t_num: 18 finish: 1473409799 539443566 start: 1473409797 945971561
t_num: 13 finish: 1473409799 539867655 start: 1473409798 173183376
t_num: 2 finish: 1473409799 556249193 start: 1473409796 531355841
t_num: 31 finish: 1473409799 566710722 start: 1473409797 303271556
t_num: 15 finish: 1473409799 607346533 start: 1473409797 555490982
t_num: 26 finish: 1473409799 796091220 start: 1473409798 240573110
t_num: 3 finish: 1473409799 916713843 start: 1473409798 833678512
t_num: 4 finish: 1473409799 916860520 start: 1473409796 251082643
t_num: 29 finish: 1473409800 21670611 start: 1473409797 721175724
t_num: 30 finish: 1473409800 602573778 start: 1473409798 194671256
t_num: 6 finish: 1473409800 644663953 start: 1473409799 485202466
t_num: 12 finish: 1473409800 645231687 start: 1473409799 539821081
t_num: 19 finish: 1473409800 794015786 start: 1473409799 485244229
t_num: 5 finish: 1473409800 797334051 start: 1473409798 615204157
t_num: 11 finish: 1473409800 798881229 start: 1473409799 556942274
t_num: 16 finish: 1473409801 100181108 start: 1473409798 682386898
t_num: 24 finish: 1473409801 143166050 start: 1473409799 858702000
t_num: 8 finish: 1473409801 261737583 start: 1473409799 448089906
t_num: 13 finish: 1473409801 782055085 start: 1473409799 539886337
t_num: 31 finish: 1473409801 798020937 start: 1473409799 566731102
t_num: 4 finish: 1473409801 860657977 start: 1473409799 916881041
t_num: 11 finish: 1473409801 876818162 start: 1473409800 798900848
t_num: 29 finish: 1473409801 977517680 start: 1473409800 21703434
t_num: 20 finish: 1473409801 978325867 start: 1473409800 32664724
t_num: 15 finish: 1473409802 294822237 start: 1473409800 50209989
t_num: 5 finish: 1473409802 487306757 start: 1473409800 797357308
t_num: 24 finish: 1473409802 490713505 start: 1473409801 795377169
t_num: 6 finish: 1473409802 505116695 start: 1473409800 644696089
t_num: 3 finish: 1473409802 692177479 start: 1473409800 672355649
t_num: 31 finish: 1473409802 748741844 start: 1473409801 798051293
t_num: 19 finish: 1473409802 748753586 start: 1473409800 794071547
t_num: 8 finish: 1473409802 748775752 start: 1473409801 900782363
t_num: 13 finish: 1473409802 791653817 start: 1473409801 782091071
t_num: 7 finish: 1473409802 822868845 start: 1473409801 584240518
t_num: 27 finish: 1473409803 43075862 start: 1473409800 824371409
t_num: 14 finish: 1473409803 181890298 start: 1473409802 291454385
t_num: 16 finish: 1473409803 235076542 start: 1473409801 100210103
t_num: 2 finish: 1473409803 313791736 start: 1473409801 900967304
t_num: 20 finish: 1473409803 553815603 start: 1473409801 978346890
t_num: 11 finish: 1473409803 653139779 start: 1473409801 876853521
t_num: 12 finish: 1473409803 697333828 start: 1473409801 900787345
t_num: 29 finish: 1473409803 878216257 start: 1473409802 348275446
t_num: 7 finish: 1473409803 955529968 start: 1473409802 822892506
t_num: 31 finish: 1473409804 28336061 start: 1473409802 748779292
t_num: 2 finish: 1473409804 29272281 start: 1473409803 313822411
t_num: 30 finish: 1473409804 289250147 start: 1473409802 30074763
t_num: 13 finish: 1473409804 368230713 start: 1473409803 501672449
t_num: 8 finish: 1473409804 368900360 start: 1473409802 748789720
t_num: 15 finish: 1473409804 373017996 start: 1473409803 173792939
t_num: 6 finish: 1473409804 374423735 start: 1473409802 505152591
t_num: 28 finish: 1473409804 374584819 start: 1473409802 823865234
t_num: 3 finish: 1473409804 443784555 start: 1473409803 235100650
t_num: 16 finish: 1473409804 624034624 start: 1473409803 370428562
t_num: 27 finish: 1473409805 131800976 start: 1473409803 43115570
t_num: 11 finish: 1473409805 745907034 start: 1473409803 653184619
t_num: 7 finish: 1473409806 290248275 start: 1473409803 955573599
t_num: 31 finish: 1473409806 727848004 start: 1473409805 105847289
t_num: 23 finish: 1473409806 886482857 start: 1473409805 658577525
t_num: 9 finish: 1473409806 935227628 start: 1473409804 395322826
t_num: 1 finish: 1473409806 967512625 start: 1473409805 141565320
t_num: 3 finish: 1473409807 716919681 start: 1473409805 178858039
t_num: 17 finish: 1473409808 8879550 start: 1473409804 444082435
t_num: 20 finish: 1473409808 76042795 start: 1473409805 705950023
t_num: 16 finish: 1473409808 220034104 start: 1473409804 624078666
t_num: 30 finish: 1473409808 421943336 start: 1473409804 289298198
t_num: 14 finish: 1473409808 440219643 start: 1473409804 338259098
t_num: 19 finish: 1473409808 453149694 start: 1473409806 398045814
t_num: 31 finish: 1473409808 453154730 start: 1473409806 727899340
t_num: 6 finish: 1473409808 527419786 start: 1473409804 374444428
t_num: 2 finish: 1473409808 527421035 start: 1473409806 347843942
t_num: 22 finish: 1473409808 866494192 start: 1473409806 284116853
t_num: 26 finish: 1473409809 285293726 start: 1473409807 936545894
t_num: 25 finish: 1473409809 315496521 start: 1473409806 816206220
t_num: 21 finish: 1473409809 373564595 start: 1473409806 290235884
t_num: 29 finish: 1473409809 609472464 start: 1473409807 592977502
t_num: 31 finish: 1473409809 611007699 start: 1473409808 453201414
t_num: 11 finish: 1473409809 644697845 start: 1473409806 662833145
t_num: 8 finish: 1473409809 939634703 start: 1473409806 886576931
t_num: 27 finish: 1473409810 4489963 start: 1473409808 428270810
t_num: 18 finish: 1473409810 67046248 start: 1473409807 591249412
t_num: 7 finish: 1473409810 76944228 start: 1473409806 290275840
t_num: 1 finish: 1473409810 145805224 start: 1473409806 967533774
t_num: 22 finish: 1473409810 146356176 start: 1473409808 866542589
t_num: 17 finish: 1473409810 186255153 start: 1473409809 87737822
t_num: 14 finish: 1473409810 303488795 start: 1473409808 440245504
t_num: 31 finish: 1473409810 456311792 start: 1473409809 611028302
t_num: 19 finish: 1473409810 603958219 start: 1473409808 453180839
t_num: 6 finish: 1473409810 664471586 start: 1473409808 527467211
t_num: 4 finish: 1473409810 664471350 start: 1473409808 771966589
t_num: 26 finish: 1473409810 665303868 start: 1473409809 487558402
t_num: 23 finish: 1473409810 837165262 start: 1473409808 219154202
t_num: 9 finish: 1473409811 230896958 start: 1473409808 565595116
t_num: 20 finish: 1473409811 273211721 start: 1473409809 89954264
t_num: 14 finish: 1473409811 274837042 start: 1473409810 303531010
t_num: 25 finish: 1473409811 679892196 start: 1473409809 315518204
t_num: 31 finish: 1473409811 914677529 start: 1473409810 456353889
t_num: 30 finish: 1473409811 947257533 start: 1473409810 704963162
t_num: 23 finish: 1473409811 966488073 start: 1473409810 837217367
t_num: 26 finish: 1473409812 94090309 start: 1473409810 665325025
t_num: 19 finish: 1473409812 215620413 start: 1473409810 604003128
t_num: 14 finish: 1473409812 494932631 start: 1473409811 274857817
t_num: 29 finish: 1473409812 648387623 start: 1473409809 609516415
t_num: 21 finish: 1473409812 649520766 start: 1473409809 373601156
t_num: 18 finish: 1473409812 650639627 start: 1473409811 568745057
t_num: 7 finish: 1473409812 706420812 start: 1473409810 76962266
t_num: 24 finish: 1473409812 756646784 start: 1473409810 351232049
t_num: 8 finish: 1473409813 351444410 start: 1473409811 272341047
t_num: 27 finish: 1473409813 355037568 start: 1473409811 568960857
t_num: 6 finish: 1473409813 355077102 start: 1473409812 6690628
t_num: 30 finish: 1473409813 355478496 start: 1473409811 947280627
t_num: 17 finish: 1473409813 355772992 start: 1473409811 918935463
t_num: 12 finish: 1473409813 429861301 start: 1473409811 679208325
t_num: 9 finish: 1473409813 430607954 start: 1473409811 230945798
t_num: 23 finish: 1473409813 521579965 start: 1473409811 966506071
t_num: 31 finish: 1473409813 775210920 start: 1473409811 914715321
t_num: 20 finish: 1473409813 830197850 start: 1473409812 423464726
t_num: 21 finish: 1473409813 930912820 start: 1473409812 649546075
t_num: 4 finish: 1473409814 1480580 start: 1473409812 332936396
t_num: 1 finish: 1473409814 183916346 start: 1473409812 644364426
t_num: 23 finish: 1473409814 210088605 start: 1473409813 521618999
t_num: 11 finish: 1473409814 221731587 start: 1473409812 666163347
t_num: 3 finish: 1473409814 344358620 start: 1473409813 446584241
t_num: 15 finish: 1473409814 405219239 start: 1473409813 355497030
t_num: 14 finish: 1473409814 405229003 start: 1473409812 494956694
t_num: 24 finish: 1473409814 405289827 start: 1473409813 380162751
t_num: 29 finish: 1473409814 511839067 start: 1473409813 177782769
t_num: 25 finish: 1473409814 527257099 start: 1473409813 450906548
t_num: 7 finish: 1473409814 631626710 start: 1473409813 355715598
t_num: 27 finish: 1473409814 684836126 start: 1473409813 623262143
t_num: 0 finish: 1473409815 61206724 start: 1473409813 590279442
t_num: 31 finish: 1473409815 210086748 start: 1473409813 775240393
t_num: 9 finish: 1473409815 210714342 start: 1473409813 430628593
t_num: 30 finish: 1473409815 463026689 start: 1473409813 355548059
t_num: 18 finish: 1473409815 639676565 start: 1473409813 355883295
t_num: 29 finish: 1473409815 713178070 start: 1473409814 511876424
t_num: 17 finish: 1473409815 753959752 start: 1473409813 355791224
t_num: 0 finish: 1473409815 754024042 start: 1473409815 61256355
t_num: 24 finish: 1473409815 856665712 start: 1473409814 405324310
t_num: 11 finish: 1473409816 96488787 start: 1473409814 221775877
t_num: 25 finish: 1473409816 201034700 start: 1473409814 527280795
t_num: 23 finish: 1473409816 238165700 start: 1473409814 526913072
t_num: 14 finish: 1473409816 391166127 start: 1473409814 639388916
t_num: 31 finish: 1473409816 428459293 start: 1473409815 210129838
t_num: 8 finish: 1473409816 493535947 start: 1473409814 277369856
t_num: 16 finish: 1473409816 534592495 start: 1473409814 433699714
t_num: 13 finish: 1473409816 592277500 start: 1473409815 676339371
t_num: 15 finish: 1473409816 825833551 start: 1473409814 405287982
t_num: 30 finish: 1473409816 866557098 start: 1473409815 463071697
t_num: 5 finish: 1473409816 941762986 start: 1473409814 929793257
t_num: 9 finish: 1473409817 364890395 start: 1473409815 517683054
t_num: 29 finish: 1473409817 628770850 start: 1473409815 713207825
t_num: 25 finish: 1473409817 646317125 start: 1473409816 592329483
t_num: 0 finish: 1473409818 4176809 start: 1473409815 800740361
t_num: 27 finish: 1473409818 134515905 start: 1473409815 676329535
t_num: 28 finish: 1473409818 293965263 start: 1473409816 767753475
t_num: 24 finish: 1473409818 295261944 start: 1473409816 212447527
t_num: 15 finish: 1473409818 295306836 start: 1473409816 825867284
t_num: 18 finish: 1473409818 374943358 start: 1473409816 462686528
t_num: 17 finish: 1473409818 438820168 start: 1473409816 396809069
t_num: 14 finish: 1473409818 442210104 start: 1473409816 391209892
t_num: 21 finish: 1473409818 705941540 start: 1473409816 213572660
t_num: 16 finish: 1473409818 739037363 start: 1473409816 534616527
t_num: 9 finish: 1473409818 913708358 start: 1473409817 667025931
t_num: 24 finish: 1473409819 259970018 start: 1473409818 295282675
t_num: 23 finish: 1473409819 261970230 start: 1473409817 628974755
t_num: 29 finish: 1473409819 429133834 start: 1473409817 628814951
t_num: 21 finish: 1473409819 446855558 start: 1473409818 705978909
t_num: 15 finish: 1473409819 448552628 start: 1473409818 295325261
t_num: 28 finish: 1473409819 454017171 start: 1473409818 293991356
t_num: 14 finish: 1473409819 511625186 start: 1473409818 442231899
t_num: 19 finish: 1473409819 560409601 start: 1473409817 787763276
t_num: 16 finish: 1473409819 589132214 start: 1473409818 739060674
t_num: 11 finish: 1473409819 727856731 start: 1473409817 601966571
t_num: 26 finish: 1473409819 727956381 start: 1473409817 669153386
t_num: 1 finish: 1473409819 728152063 start: 1473409818 372639305
t_num: 5 finish: 1473409820 144578111 start: 1473409819 125083076
t_num: 17 finish: 1473409820 553696705 start: 1473409819 261207366
t_num: 27 finish: 1473409820 592950529 start: 1473409818 416889653
t_num: 18 finish: 1473409820 751709568 start: 1473409819 80401253
t_num: 22 finish: 1473409821 217200290 start: 1473409818 886051227
t_num: 12 finish: 1473409821 252227384 start: 1473409819 410086896
t_num: 10 finish: 1473409821 252294778 start: 1473409819 368493242
t_num: 9 finish: 1473409821 340112527 start: 1473409819 975609139
t_num: 11 finish: 1473409821 449751185 start: 1473409819 727935402
t_num: 7 finish: 1473409821 616693308 start: 1473409820 797677443
t_num: 21 finish: 1473409821 784266838 start: 1473409820 249883937
t_num: 28 finish: 1473409822 62074697 start: 1473409819 454037553
t_num: 18 finish: 1473409822 62628114 start: 1473409820 751752319
t_num: 31 finish: 1473409822 62648092 start: 1473409819 623415957
t_num: 29 finish: 1473409822 138772229 start: 1473409819 429182121
t_num: 14 finish: 1473409822 317892274 start: 1473409821 215670323
t_num: 5 finish: 1473409822 317967939 start: 1473409820 144617232
t_num: 11 finish: 1473409822 532698344 start: 1473409821 449785708
t_num: 6 finish: 1473409822 535841778 start: 1473409821 567604846
t_num: 8 finish: 1473409822 538182952 start: 1473409821 249918436
t_num: 23 finish: 1473409822 587258404 start: 1473409819 728008543
t_num: 17 finish: 1473409822 768750460 start: 1473409820 553736995
t_num: 22 finish: 1473409822 859055980 start: 1473409821 217222078
t_num: 19 finish: 1473409822 859888899 start: 1473409821 706820304
t_num: 21 finish: 1473409822 908064657 start: 1473409821 784298877
t_num: 24 finish: 1473409822 927744725 start: 1473409821 981282808
t_num: 1 finish: 1473409823 18090426 start: 1473409819 728173682
t_num: 11 finish: 1473409823 216692913 start: 1473409822 532727186
t_num: 4 finish: 1473409823 456009391 start: 1473409822 528441618
t_num: 0 finish: 1473409823 795131951 start: 1473409821 981300721
t_num: 7 finish: 1473409823 879364421 start: 1473409822 141292788
t_num: 24 finish: 1473409824 38699358 start: 1473409822 927773848
t_num: 5 finish: 1473409824 90265971 start: 1473409822 317987458
t_num: 17 finish: 1473409824 133631396 start: 1473409822 768810493
t_num: 9 finish: 1473409824 612042110 start: 1473409822 73076371
t_num: 14 finish: 1473409824 666497688 start: 1473409822 317922065
t_num: 25 finish: 1473409825 84247274 start: 1473409823 219592510
t_num: 3 finish: 1473409825 86847360 start: 1473409823 220455524
t_num: 12 finish: 1473409825 89141240 start: 1473409822 787542709
t_num: 1 finish: 1473409825 167550192 start: 1473409823 798376194
t_num: 20 finish: 1473409825 169157371 start: 1473409823 227476165
t_num: 28 finish: 1473409825 451763782 start: 1473409823 219924818
t_num: 22 finish: 1473409825 505826072 start: 1473409822 859090988
t_num: 15 finish: 1473409825 505944571 start: 1473409823 220768557
t_num: 16 finish: 1473409825 506611336 start: 1473409824 858307950
t_num: 18 finish: 1473409825 517113539 start: 1473409823 219582776
t_num: 23 finish: 1473409825 797109782 start: 1473409823 695013538
t_num: 10 finish: 1473409826 118213289 start: 1473409824 410894047
t_num: 4 finish: 1473409826 144247669 start: 1473409824 410906732
t_num: 7 finish: 1473409826 156590590 start: 1473409824 700781572
t_num: 0 finish: 1473409826 328435862 start: 1473409823 795170769
t_num: 30 finish: 1473409826 329298412 start: 1473409824 830890132
t_num: 24 finish: 1473409826 435467928 start: 1473409824 38731766
t_num: 9 finish: 1473409826 500012958 start: 1473409824 612070957
t_num: 31 finish: 1473409826 981714212 start: 1473409825 300308050
t_num: 14 finish: 1473409827 35894354 start: 1473409825 675330520
t_num: 3 finish: 1473409827 36715430 start: 1473409825 86882573
t_num: 12 finish: 1473409827 61994838 start: 1473409825 89162086
t_num: 16 finish: 1473409827 62072412 start: 1473409825 506628198
t_num: 22 finish: 1473409827 344260053 start: 1473409826 107348270
t_num: 18 finish: 1473409827 380566632 start: 1473409825 991409088
t_num: 0 finish: 1473409827 624869689 start: 1473409826 328479656
t_num: 30 finish: 1473409827 637204689 start: 1473409826 329319710
t_num: 9 finish: 1473409827 637276159 start: 1473409826 500040733
t_num: 8 finish: 1473409827 736359410 start: 1473409825 88502826
t_num: 28 finish: 1473409828 477995449 start: 1473409825 451805042
t_num: 31 finish: 1473409828 478152478 start: 1473409826 981758463
t_num: 24 finish: 1473409828 517780610 start: 1473409826 435492769
t_num: 18 finish: 1473409828 640572206 start: 1473409827 380588789
t_num: 10 finish: 1473409828 738726437 start: 1473409826 761184667
t_num: 23 finish: 1473409828 796527861 start: 1473409826 898030471
t_num: 7 finish: 1473409828 978466453 start: 1473409826 407763557
t_num: 22 finish: 1473409828 980121215 start: 1473409828 477772831
t_num: 17 finish: 1473409829 3766053 start: 1473409827 377888312
t_num: 19 finish: 1473409829 63034004 start: 1473409827 570869222
t_num: 3 finish: 1473409829 63157932 start: 1473409827 681133681
t_num: 4 finish: 1473409829 99746877 start: 1473409827 341697917
t_num: 24 finish: 1473409829 256888961 start: 1473409828 517816794
t_num: 13 finish: 1473409829 377955886 start: 1473409828 583509434
t_num: 9 finish: 1473409829 567779992 start: 1473409827 637295091
t_num: 26 finish: 1473409829 632244443 start: 1473409827 682049024
t_num: 23 finish: 1473409829 688121353 start: 1473409828 796551962
t_num: 0 finish: 1473409829 688125310 start: 1473409827 624906202
t_num: 22 finish: 1473409829 736341840 start: 1473409828 980141316
t_num: 30 finish: 1473409829 736393748 start: 1473409827 637225348
t_num: 28 finish: 1473409829 779608012 start: 1473409828 478023400
t_num: 16 finish: 1473409830 154763218 start: 1473409828 608679412
t_num: 24 finish: 1473409830 399043210 start: 1473409829 256932418
t_num: 17 finish: 1473409830 547100003 start: 1473409829 3789393
t_num: 14 finish: 1473409830 549089980 start: 1473409828 479391913
t_num: 20 finish: 1473409830 746420773 start: 1473409829 276102828
t_num: 7 finish: 1473409830 891040049 start: 1473409828 978508868
t_num: 31 finish: 1473409830 924028366 start: 1473409829 276174253
t_num: 10 finish: 1473409831 254951574 start: 1473409829 99708559
t_num: 13 finish: 1473409831 299527802 start: 1473409829 377997468
t_num: 26 finish: 1473409831 362316510 start: 1473409830 495634675
t_num: 27 finish: 1473409831 470454866 start: 1473409829 276047151
t_num: 6 finish: 1473409831 519075136 start: 1473409829 688227019
t_num: 28 finish: 1473409831 572124180 start: 1473409829 779626272
t_num: 11 finish: 1473409831 646260397 start: 1473409830 798385786
t_num: 21 finish: 1473409831 731744529 start: 1473409829 864404337
t_num: 7 finish: 1473409832 136424471 start: 1473409830 891068157
t_num: 23 finish: 1473409832 146870913 start: 1473409829 688164792
t_num: 31 finish: 1473409832 172000180 start: 1473409830 924059305
t_num: 0 finish: 1473409832 302324481 start: 1473409829 688199442
t_num: 15 finish: 1473409832 355130962 start: 1473409830 820716925
t_num: 13 finish: 1473409832 462315830 start: 1473409831 299573793
t_num: 4 finish: 1473409832 463714367 start: 1473409831 335525259
t_num: 17 finish: 1473409832 551136587 start: 1473409831 621614879
t_num: 6 finish: 1473409832 604894346 start: 1473409831 519117433
t_num: 21 finish: 1473409832 886653095 start: 1473409831 731796099
t_num: 0 finish: 1473409833 234216684 start: 1473409832 302359567
t_num: 24 finish: 1473409833 254125674 start: 1473409831 415455790
t_num: 25 finish: 1473409833 330372631 start: 1473409832 133869045
t_num: 19 finish: 1473409833 330627112 start: 1473409831 959137817
t_num: 29 finish: 1473409833 416457775 start: 1473409832 602906814
t_num: 4 finish: 1473409833 416524675 start: 1473409832 463738658
t_num: 16 finish: 1473409834 156035628 start: 1473409832 173203244
t_num: 7 finish: 1473409834 201957440 start: 1473409832 136453233
t_num: 12 finish: 1473409834 275921196 start: 1473409832 459431658
t_num: 10 finish: 1473409834 678797382 start: 1473409832 876592868
t_num: 20 finish: 1473409834 738992669 start: 1473409832 384535115
t_num: 11 finish: 1473409834 788230787 start: 1473409833 30658710
t_num: 15 finish: 1473409834 968473135 start: 1473409833 105987761
t_num: 6 finish: 1473409835 636007587 start: 1473409833 626329246
t_num: 16 finish: 1473409835 669292254 start: 1473409834 156091552
t_num: 22 finish: 1473409835 811291052 start: 1473409833 447817465
t_num: 19 finish: 1473409835 863761203 start: 1473409833 330643505
t_num: 3 finish: 1473409835 896308490 start: 1473409834 375127138
t_num: 21 finish: 1473409835 938782359 start: 1473409832 886682143
t_num: 25 finish: 1473409836 80604157 start: 1473409833 330436582
t_num: 4 finish: 1473409836 126587818 start: 1473409833 899201118
t_num: 12 finish: 1473409836 126587833 start: 1473409834 275962577
t_num: 0 finish: 1473409836 127234020 start: 1473409834 375345562
t_num: 11 finish: 1473409836 260481422 start: 1473409834 788257575
t_num: 26 finish: 1473409836 260793053 start: 1473409833 330410936
t_num: 31 finish: 1473409836 291371458 start: 1473409833 107434715
t_num: 7 finish: 1473409836 443914834 start: 1473409834 202001960
t_num: 29 finish: 1473409836 443975887 start: 1473409834 733536705
t_num: 14 finish: 1473409836 640959021 start: 1473409834 820387760
t_num: 12 finish: 1473409837 89742649 start: 1473409836 126683491
t_num: 22 finish: 1473409837 545427059 start: 1473409835 811353483
t_num: 10 finish: 1473409837 688764900 start: 1473409835 480145645
t_num: 21 finish: 1473409837 755792913 start: 1473409835 938837663
t_num: 26 finish: 1473409837 793321923 start: 1473409836 260828561
t_num: 2 finish: 1473409837 918462182 start: 1473409836 260555823
t_num: 14 finish: 1473409838 66113149 start: 1473409836 640999809
t_num: 11 finish: 1473409838 303368903 start: 1473409836 260526069
t_num: 4 finish: 1473409838 572162397 start: 1473409836 126633281
t_num: 20 finish: 1473409838 573156558 start: 1473409836 44002007
t_num: 29 finish: 1473409838 737321727 start: 1473409836 443994995
t_num: 27 finish: 1473409839 145112978 start: 1473409836 948445149
t_num: 17 finish: 1473409839 155809396 start: 1473409836 773594728
t_num: 9 finish: 1473409839 302852081 start: 1473409836 708085956
t_num: 14 finish: 1473409839 319253526 start: 1473409838 66155731
t_num: 5 finish: 1473409839 384768857 start: 1473409837 695394452
t_num: 3 finish: 1473409839 394005797 start: 1473409836 268990377
t_num: 4 finish: 1473409839 490154461 start: 1473409838 572190548
t_num: 12 finish: 1473409839 491168336 start: 1473409837 89773074
t_num: 30 finish: 1473409839 522884782 start: 1473409837 181780054
t_num: 7 finish: 1473409839 553048261 start: 1473409838 571126968
t_num: 26 finish: 1473409839 842363255 start: 1473409837 793365929
t_num: 10 finish: 1473409839 973281963 start: 1473409837 688794108
t_num: 6 finish: 1473409840 4471266 start: 1473409837 824557733
t_num: 21 finish: 1473409840 4543708 start: 1473409838 624480961
t_num: 18 finish: 1473409840 451109626 start: 1473409838 627985258
t_num: 4 finish: 1473409840 529939348 start: 1473409839 490196636
t_num: 9 finish: 1473409840 686640281 start: 1473409839 302893788
t_num: 27 finish: 1473409841 22368681 start: 1473409839 145142209
t_num: 11 finish: 1473409841 456005671 start: 1473409839 500846214
t_num: 17 finish: 1473409841 457646316 start: 1473409839 579824155
t_num: 14 finish: 1473409841 948359552 start: 1473409839 319289123
t_num: 30 finish: 1473409842 70594160 start: 1473409839 522907887
t_num: 29 finish: 1473409842 156561599 start: 1473409839 579892674
t_num: 24 finish: 1473409842 175411917 start: 1473409839 868147540
t_num: 8 finish: 1473409842 379126444 start: 1473409839 553537870
t_num: 5 finish: 1473409842 407259843 start: 1473409839 684440416
t_num: 4 finish: 1473409842 464922509 start: 1473409840 529977924
t_num: 22 finish: 1473409842 464929703 start: 1473409839 150073697
t_num: 26 finish: 1473409842 570176367 start: 1473409839 842402625
t_num: 15 finish: 1473409842 572597757 start: 1473409841 523604353
t_num: 21 finish: 1473409842 900975647 start: 1473409840 4560195
t_num: 11 finish: 1473409843 300951720 start: 1473409841 456044226
t_num: 16 finish: 1473409843 487406884 start: 1473409840 496382685
t_num: 17 finish: 1473409843 559641366 start: 1473409842 156644298
t_num: 19 finish: 1473409843 671065959 start: 1473409841 483299005
t_num: 23 finish: 1473409843 894514794 start: 1473409841 437791026
t_num: 2 finish: 1473409844 118272842 start: 1473409841 854986390
t_num: 18 finish: 1473409844 181439995 start: 1473409842 11135976
t_num: 21 finish: 1473409844 349973520 start: 1473409842 901009969
t_num: 9 finish: 1473409844 489894608 start: 1473409842 384612187
t_num: 10 finish: 1473409844 535128617 start: 1473409841 862481495
t_num: 30 finish: 1473409844 604790582 start: 1473409842 384426432
t_num: 6 finish: 1473409844 604824269 start: 1473409841 484184535
t_num: 5 finish: 1473409844 604790591 start: 1473409842 407281719
t_num: 15 finish: 1473409844 768471225 start: 1473409842 572635770
t_num: 16 finish: 1473409844 803813701 start: 1473409843 487450199
t_num: 31 finish: 1473409844 849888166 start: 1473409842 378308970
t_num: 8 finish: 1473409844 896043338 start: 1473409843 77374865
t_num: 29 finish: 1473409845 531030714 start: 1473409844 209762368
t_num: 11 finish: 1473409846 54169789 start: 1473409845 428045689
t_num: 0 finish: 1473409846 69859705 start: 1473409843 804146556
t_num: 8 finish: 1473409846 71089041 start: 1473409844 896065194
t_num: 18 finish: 1473409846 87854981 start: 1473409844 181459839
t_num: 5 finish: 1473409846 352216035 start: 1473409844 604864454
t_num: 23 finish: 1473409846 369306208 start: 1473409844 393436234
t_num: 19 finish: 1473409846 420744478 start: 1473409844 488547490
t_num: 2 finish: 1473409846 421610677 start: 1473409844 118312569
t_num: 15 finish: 1473409846 485587248 start: 1473409844 768495694
t_num: 21 finish: 1473409846 616760256 start: 1473409844 350038156
t_num: 20 finish: 1473409846 665862040 start: 1473409845 86494704
t_num: 9 finish: 1473409846 665882054 start: 1473409844 489930956
t_num: 1 finish: 1473409846 748445465 start: 1473409845 703837365
t_num: 31 finish: 1473409846 795602020 start: 1473409845 429364154
t_num: 30 finish: 1473409847 68418836 start: 1473409845 245298137
t_num: 29 finish: 1473409847 141834541 start: 1473409845 531066176
t_num: 7 finish: 1473409847 374487659 start: 1473409845 703909302
t_num: 11 finish: 1473409847 415164189 start: 1473409846 54208760
t_num: 13 finish: 1473409847 566660506 start: 1473409845 724419135
t_num: 23 finish: 1473409847 626830508 start: 1473409846 369328975
t_num: 19 finish: 1473409847 704301430 start: 1473409846 420788556
t_num: 22 finish: 1473409847 773984688 start: 1473409844 852051386
t_num: 10 finish: 1473409847 927076820 start: 1473409846 84057656
t_num: 21 finish: 1473409848 293714574 start: 1473409846 616804852
t_num: 11 finish: 1473409848 442763980 start: 1473409847 415191483
t_num: 8 finish: 1473409848 483061438 start: 1473409846 71110521
t_num: 26 finish: 1473409848 483061432 start: 1473409847 37751079
t_num: 15 finish: 1473409848 483426672 start: 1473409847 626884319
t_num: 6 finish: 1473409848 548568543 start: 1473409846 793254612
t_num: 20 finish: 1473409848 574490458 start: 1473409846 665935059
t_num: 5 finish: 1473409848 574561126 start: 1473409846 352259204
t_num: 25 finish: 1473409849 256919256 start: 1473409848 328606815
t_num: 17 finish: 1473409849 274629077 start: 1473409848 484373185
t_num: 11 finish: 1473409849 289009787 start: 1473409848 442808981
t_num: 9 finish: 1473409849 290506168 start: 1473409847 414914167
t_num: 19 finish: 1473409849 353426609 start: 1473409847 704337358
t_num: 31 finish: 1473409849 476703923 start: 1473409848 72754903
t_num: 29 finish: 1473409849 775527177 start: 1473409847 141881023
t_num: 15 finish: 1473409849 775734123 start: 1473409848 483445770
t_num: 10 finish: 1473409849 804916584 start: 1473409847 927118463
t_num: 23 finish: 1473409849 974524389 start: 1473409847 626858872
t_num: 2 finish: 1473409849 974636919 start: 1473409847 774024658
t_num: 5 finish: 1473409850 163555566 start: 1473409848 834873886
t_num: 21 finish: 1473409850 746000779 start: 1473409848 883147800
t_num: 7 finish: 1473409850 798727876 start: 1473409848 352723280
t_num: 19 finish: 1473409850 798826427 start: 1473409849 353453997
t_num: 13 finish: 1473409850 960447166 start: 1473409849 247827300
t_num: 9 finish: 1473409850 960514346 start: 1473409849 290527865
t_num: 6 finish: 1473409851 431156971 start: 1473409848 548605927
t_num: 20 finish: 1473409851 437202492 start: 1473409849 420456923
t_num: 1 finish: 1473409851 437263153 start: 1473409849 348800643
t_num: 8 finish: 1473409851 646689948 start: 1473409848 483110541
t_num: 15 finish: 1473409851 646696799 start: 1473409849 775754552
t_num: 29 finish: 1473409851 705922031 start: 1473409849 775571954
t_num: 18 finish: 1473409851 805047698 start: 1473409848 883172036
t_num: 2 finish: 1473409851 814726811 start: 1473409850 766109455
t_num: 7 finish: 1473409853 728837360 start: 1473409850 798765265
t_num: 11 finish: 1473409853 943404889 start: 1473409850 69373783
t_num: 17 finish: 1473409853 998375646 start: 1473409849 274655508
t_num: 6 finish: 1473409854 453564413 start: 1473409851 431199903
t_num: 13 finish: 1473409854 528760953 start: 1473409850 960491212
t_num: 19 finish: 1473409854 650873325 start: 1473409850 798846294
t_num: 24 finish: 1473409854 927443325 start: 1473409854 283549457
t_num: 11 finish: 1473409854 927591813 start: 1473409853 943451797
t_num: 1 finish: 1473409855 68362842 start: 1473409851 437278988
t_num: 16 finish: 1473409855 196420992 start: 1473409850 120942887
t_num: 18 finish: 1473409855 224521764 start: 1473409851 805108251
t_num: 23 finish: 1473409855 230401949 start: 1473409850 748289785
t_num: 25 finish: 1473409855 333324672 start: 1473409851 434068054
t_num: 29 finish: 1473409855 374950399 start: 1473409851 705988034
t_num: 28 finish: 1473409855 399768310 start: 1473409851 671829868
t_num: 15 finish: 1473409855 399768310 start: 1473409851 646859486
t_num: 31 finish: 1473409855 452016337 start: 1473409851 437587686
t_num: 2 finish: 1473409855 484351345 start: 1473409854 11829175
t_num: 7 finish: 1473409855 498393793 start: 1473409854 12170103
t_num: 10 finish: 1473409855 616166479 start: 1473409851 808793395
t_num: 20 finish: 1473409855 616308501 start: 1473409854 12488949
t_num: 1 finish: 1473409855 737125296 start: 1473409855 68407787
t_num: 23 finish: 1473409855 739960656 start: 1473409855 230421838
t_num: 8 finish: 1473409856 21492842 start: 1473409855 458872261
t_num: 18 finish: 1473409856 82130349 start: 1473409855 224547415
t_num: 16 finish: 1473409856 126898913 start: 1473409855 616175399
t_num: 12 finish: 1473409856 257069140 start: 1473409855 142244163
t_num: 19 finish: 1473409856 296441455 start: 1473409855 604972210
t_num: 15 finish: 1473409856 414792251 start: 1473409855 399859101
t_num: 10 finish: 1473409856 414797726 start: 1473409855 616190134
t_num: 28 finish: 1473409856 514216769 start: 1473409855 399814372
t_num: 23 finish: 1473409856 892589478 start: 1473409855 739981939
t_num: 25 finish: 1473409856 973848429 start: 1473409855 333369037
t_num: 31 finish: 1473409856 973916251 start: 1473409855 452091822
t_num: 8 finish: 1473409856 979762978 start: 1473409856 21537721
t_num: 11 finish: 1473409857 356858930 start: 1473409855 723097420
t_num: 4 finish: 1473409857 365504703 start: 1473409856 22232222
t_num: 18 finish: 1473409857 917154269 start: 1473409856 82167666
t_num: 2 finish: 1473409858 91388952 start: 1473409856 124920263
t_num: 7 finish: 1473409858 124484173 start: 1473409856 169891198
t_num: 19 finish: 1473409858 149294016 start: 1473409856 296475438
t_num: 10 finish: 1473409858 282818697 start: 1473409856 414870527
t_num: 29 finish: 1473409858 453623569 start: 1473409856 591417292
t_num: 8 finish: 1473409858 523986043 start: 1473409856 979780570
t_num: 31 finish: 1473409859 1209784 start: 1473409856 973933180
t_num: 30 finish: 1473409859 205024807 start: 1473409856 591636378
t_num: 15 finish: 1473409859 241220582 start: 1473409857 551513680
t_num: 24 finish: 1473409859 340269802 start: 1473409856 443446653
t_num: 21 finish: 1473409859 373567012 start: 1473409856 733516179
t_num: 7 finish: 1473409859 556740575 start: 1473409858 579734365
t_num: 11 finish: 1473409859 782283186 start: 1473409857 356887990
t_num: 4 finish: 1473409859 783154942 start: 1473409858 148278595
t_num: 29 finish: 1473409860 334729951 start: 1473409858 453647868
t_num: 0 finish: 1473409860 368283555 start: 1473409857 349086113
t_num: 8 finish: 1473409860 368290347 start: 1473409858 524027245
t_num: 15 finish: 1473409860 418467016 start: 1473409859 241257365
t_num: 23 finish: 1473409860 455636148 start: 1473409857 756879676
t_num: 9 finish: 1473409860 531678727 start: 1473409857 648178355
t_num: 25 finish: 1473409860 691717473 start: 1473409857 551428526
t_num: 31 finish: 1473409860 862540849 start: 1473409859 1255529
t_num: 1 finish: 1473409860 873648533 start: 1473409857 365578476
t_num: 21 finish: 1473409861 213829615 start: 1473409859 373594693
t_num: 26 finish: 1473409861 334959955 start: 1473409859 479974438
t_num: 4 finish: 1473409861 374450363 start: 1473409859 806647804
t_num: 10 finish: 1473409861 657280384 start: 1473409858 282842938
t_num: 19 finish: 1473409861 690552814 start: 1473409859 805895338
t_num: 7 finish: 1473409861 701449211 start: 1473409859 556766365
t_num: 22 finish: 1473409861 899628064 start: 1473409860 297191218
t_num: 17 finish: 1473409861 957204414 start: 1473409860 464114166
t_num: 15 finish: 1473409861 960365586 start: 1473409860 418488542
t_num: 11 finish: 1473409862 107351377 start: 1473409860 443673785
t_num: 5 finish: 1473409862 411406414 start: 1473409860 278412130
t_num: 30 finish: 1473409862 501097625 start: 1473409860 443686570
t_num: 29 finish: 1473409862 501114656 start: 1473409860 334762626
t_num: 22 finish: 1473409863 44547720 start: 1473409861 899664629
t_num: 20 finish: 1473409863 53169824 start: 1473409860 443967699
t_num: 24 finish: 1473409863 108712850 start: 1473409859 851237663
t_num: 23 finish: 1473409863 291968191 start: 1473409860 733438123
t_num: 8 finish: 1473409863 698422372 start: 1473409860 368442477
t_num: 25 finish: 1473409863 736680153 start: 1473409861 213805299
t_num: 26 finish: 1473409864 153269561 start: 1473409861 334982151
t_num: 17 finish: 1473409864 213100129 start: 1473409861 957245233
t_num: 15 finish: 1473409864 301675844 start: 1473409861 960381346
t_num: 28 finish: 1473409864 301690766 start: 1473409862 501079311
t_num: 21 finish: 1473409864 395606227 start: 1473409862 501468653
t_num: 13 finish: 1473409864 469120149 start: 1473409861 333725713
t_num: 3 finish: 1473409864 491319864 start: 1473409862 831608798
t_num: 19 finish: 1473409864 515173137 start: 1473409862 222111824
t_num: 10 finish: 1473409864 515986921 start: 1473409862 185985229
t_num: 1 finish: 1473409864 664486359 start: 1473409864 154114914
t_num: 25 finish: 1473409864 664554764 start: 1473409863 736705919
t_num: 6 finish: 1473409864 850286226 start: 1473409862 795967072
t_num: 22 finish: 1473409864 899980218 start: 1473409863 44594062
t_num: 5 finish: 1473409865 81905232 start: 1473409862 411445225
t_num: 24 finish: 1473409865 196923719 start: 1473409864 261584298
t_num: 11 finish: 1473409865 203474069 start: 1473409864 230389811
t_num: 7 finish: 1473409865 329700396 start: 1473409863 701418287
t_num: 30 finish: 1473409865 351039242 start: 1473409864 61096031
t_num: 15 finish: 1473409865 436698728 start: 1473409864 301716231
t_num: 25 finish: 1473409865 571328404 start: 1473409864 664568905
t_num: 6 finish: 1473409865 628466820 start: 1473409864 850326202
t_num: 13 finish: 1473409866 45589499 start: 1473409864 469200301
t_num: 29 finish: 1473409866 45608407 start: 1473409864 950658385
t_num: 4 finish: 1473409866 234202145 start: 1473409864 515146541
t_num: 20 finish: 1473409866 330178872 start: 1473409863 53192019
t_num: 10 finish: 1473409866 658923624 start: 1473409864 516002788
t_num: 5 finish: 1473409867 77802511 start: 1473409865 81946019
t_num: 30 finish: 1473409867 230351861 start: 1473409865 351055773
t_num: 6 finish: 1473409867 361677678 start: 1473409865 628503721
t_num: 21 finish: 1473409867 575389757 start: 1473409865 200420518
t_num: 2 finish: 1473409867 638283950 start: 1473409865 290786562
t_num: 7 finish: 1473409867 762533172 start: 1473409865 329734169
t_num: 28 finish: 1473409867 762820310 start: 1473409864 664587738
t_num: 8 finish: 1473409868 370177730 start: 1473409865 379304757
t_num: 3 finish: 1473409868 408775520 start: 1473409867 22420876
t_num: 21 finish: 1473409868 526711040 start: 1473409867 575421570
t_num: 25 finish: 1473409868 824152577 start: 1473409865 571355014
t_num: 6 finish: 1473409868 824164295 start: 1473409867 361727673
t_num: 11 finish: 1473409868 824255592 start: 1473409866 635126181
t_num: 27 finish: 1473409868 825116221 start: 1473409867 212618664
t_num: 20 finish: 1473409868 848121922 start: 1473409866 330204672
t_num: 10 finish: 1473409868 927289289 start: 1473409866 658946098
t_num: 23 finish: 1473409869 469793084 start: 1473409866 892155293
t_num: 29 finish: 1473409869 518838420 start: 1473409867 618646150
t_num: 0 finish: 1473409869 634511052 start: 1473409867 170348494
t_num: 30 finish: 1473409869 746186086 start: 1473409867 230391473
t_num: 31 finish: 1473409869 798903346 start: 1473409867 714785600
t_num: 28 finish: 1473409869 896975140 start: 1473409868 568665889
t_num: 16 finish: 1473409870 84110944 start: 1473409866 381841058
t_num: 10 finish: 1473409870 259584514 start: 1473409868 927313591
t_num: 4 finish: 1473409870 343288339 start: 1473409868 848173158
t_num: 6 finish: 1473409870 529547583 start: 1473409868 824236847
t_num: 29 finish: 1473409870 743083843 start: 1473409869 518863969
t_num: 25 finish: 1473409870 748873994 start: 1473409868 824216128
t_num: 9 finish: 1473409870 749082847 start: 1473409867 22450755
t_num: 15 finish: 1473409870 919136140 start: 1473409869 474058215
t_num: 26 finish: 1473409870 942819617 start: 1473409869 30385426
t_num: 0 finish: 1473409871 276725833 start: 1473409869 634537364
t_num: 23 finish: 1473409871 681328666 start: 1473409869 777745221
t_num: 20 finish: 1473409871 881272344 start: 1473409868 848255013
t_num: 21 finish: 1473409871 958016387 start: 1473409868 526741285
t_num: 11 finish: 1473409872 287181824 start: 1473409869 799630009
t_num: 27 finish: 1473409872 290992308 start: 1473409870 9072741
t_num: 7 finish: 1473409872 291004495 start: 1473409870 575943232
t_num: 8 finish: 1473409872 291079365 start: 1473409870 347853969
t_num: 28 finish: 1473409872 291157143 start: 1473409870 718519976
t_num: 4 finish: 1473409872 291912618 start: 1473409870 343325296
t_num: 30 finish: 1473409872 323472135 start: 1473409869 746210279
t_num: 31 finish: 1473409872 326320745 start: 1473409869 798928459
t_num: 10 finish: 1473409872 330252777 start: 1473409870 622926145
t_num: 29 finish: 1473409872 348310976 start: 1473409870 743121885
t_num: 5 finish: 1473409872 484463928 start: 1473409870 232456844
t_num: 9 finish: 1473409872 566097738 start: 1473409871 207366044
t_num: 14 finish: 1473409872 673967519 start: 1473409871 83170321
t_num: 15 finish: 1473409873 120501578 start: 1473409870 919183482
t_num: 25 finish: 1473409873 233873275 start: 1473409870 748898004
t_num: 21 finish: 1473409873 507547340 start: 1473409871 958057053
t_num: 16 finish: 1473409873 507777850 start: 1473409870 84174738
t_num: 31 finish: 1473409873 612221811 start: 1473409872 326339870
t_num: 0 finish: 1473409874 72031232 start: 1473409872 181759807
t_num: 27 finish: 1473409874 196736948 start: 1473409873 482615634
t_num: 22 finish: 1473409874 583643491 start: 1473409872 291230129
t_num: 14 finish: 1473409874 583643491 start: 1473409872 674026442
t_num: 20 finish: 1473409874 603638190 start: 1473409872 679351413
t_num: 30 finish: 1473409874 645183389 start: 1473409873 48112171
t_num: 6 finish: 1473409874 733745852 start: 1473409872 484533795
t_num: 21 finish: 1473409874 988779210 start: 1473409873 507574440
t_num: 25 finish: 1473409875 44066949 start: 1473409873 233911998
t_num: 15 finish: 1473409875 87584549 start: 1473409873 120540508
t_num: 0 finish: 1473409875 87881338 start: 1473409874 72071951
t_num: 1 finish: 1473409875 115225643 start: 1473409873 709962845
t_num: 28 finish: 1473409875 176921744 start: 1473409873 747770200
t_num: 19 finish: 1473409875 798731229 start: 1473409873 86959581
t_num: 5 finish: 1473409875 800982253 start: 1473409872 484504183
t_num: 10 finish: 1473409875 976091638 start: 1473409873 760743657
t_num: 9 finish: 1473409875 976135762 start: 1473409874 196492741
t_num: 30 finish: 1473409876 686082365 start: 1473409874 645201710
t_num: 0 finish: 1473409876 889816442 start: 1473409875 87899763
t_num: 20 finish: 1473409876 916794051 start: 1473409874 603663837
t_num: 6 finish: 1473409876 916805429 start: 1473409874 733797111
t_num: 31 finish: 1473409877 62462230 start: 1473409874 860986751
t_num: 27 finish: 1473409877 329038187 start: 1473409876 589967256
t_num: 24 finish: 1473409877 440985419 start: 1473409874 941425863
t_num: 28 finish: 1473409877 491182104 start: 1473409876 460048606
t_num: 12 finish: 1473409877 542971061 start: 1473409874 920418106
t_num: 3 finish: 1473409877 589120431 start: 1473409875 175993881
t_num: 1 finish: 1473409877 641890126 start: 1473409876 460740851
t_num: 20 finish: 1473409877 849033982 start: 1473409876 916842279
t_num: 14 finish: 1473409877 849068149 start: 1473409875 172955272
t_num: 29 finish: 1473409877 958145593 start: 1473409874 442951537
t_num: 17 finish: 1473409877 959481415 start: 1473409875 172842075
t_num: 6 finish: 1473409878 144033985 start: 1473409876 916872915
t_num: 8 finish: 1473409878 292444661 start: 1473409875 650941317
t_num: 7 finish: 1473409878 442864764 start: 1473409876 10335009
t_num: 15 finish: 1473409878 443422401 start: 1473409875 87623221
t_num: 24 finish: 1473409878 527354658 start: 1473409877 441018156
t_num: 31 finish: 1473409878 700978228 start: 1473409877 62506325
t_num: 9 finish: 1473409879 54399844 start: 1473409877 829965070
t_num: 5 finish: 1473409879 252989203 start: 1473409876 591006893
t_num: 30 finish: 1473409879 286486336 start: 1473409877 443001934
t_num: 0 finish: 1473409879 446293879 start: 1473409876 889861751
t_num: 7 finish: 1473409879 570272085 start: 1473409878 442906649
t_num: 8 finish: 1473409879 577449942 start: 1473409878 292504847
t_num: 19 finish: 1473409879 671155417 start: 1473409877 329052581
t_num: 6 finish: 1473409879 760486180 start: 1473409878 144077054
t_num: 3 finish: 1473409879 766891947 start: 1473409877 589144258
t_num: 22 finish: 1473409879 948199968 start: 1473409877 329091819
t_num: 1 finish: 1473409880 12773065 start: 1473409878 403697307
t_num: 12 finish: 1473409880 288798287 start: 1473409878 738397386
t_num: 27 finish: 1473409880 591777601 start: 1473409877 329065932
t_num: 14 finish: 1473409880 967914424 start: 1473409878 889842100
t_num: 9 finish: 1473409880 968709243 start: 1473409879 964426935
t_num: 19 finish: 1473409881 11703469 start: 1473409879 671183202
t_num: 30 finish: 1473409881 72701330 start: 1473409879 286514300
t_num: 31 finish: 1473409881 72709264 start: 1473409878 701045236
t_num: 28 finish: 1473409881 127585253 start: 1473409879 955334846
t_num: 6 finish: 1473409881 320925070 start: 1473409879 760517545
t_num: 5 finish: 1473409881 600905687 start: 1473409879 253017446
t_num: 27 finish: 1473409881 601952202 start: 1473409880 591811165
t_num: 18 finish: 1473409881 669678107 start: 1473409880 87593148
t_num: 22 finish: 1473409881 779056631 start: 1473409879 948240927
t_num: 0 finish: 1473409882 89664112 start: 1473409879 446317601
t_num: 26 finish: 1473409882 283720463 start: 1473409880 734081504
t_num: 12 finish: 1473409882 283814544 start: 1473409880 288842146
t_num: 11 finish: 1473409882 601727648 start: 1473409880 628853132
t_num: 19 finish: 1473409882 668999724 start: 1473409881 11734323
t_num: 15 finish: 1473409882 714627895 start: 1473409880 968662252
t_num: 31 finish: 1473409882 876124320 start: 1473409881 72783738
t_num: 30 finish: 1473409883 273922038 start: 1473409881 320877512
t_num: 29 finish: 1473409883 275353411 start: 1473409882 193933760
t_num: 18 finish: 1473409883 360079035 start: 1473409882 240683100
t_num: 24 finish: 1473409883 467278983 start: 1473409881 564390213
t_num: 1 finish: 1473409883 674975475 start: 1473409880 12796795
t_num: 28 finish: 1473409883 988050979 start: 1473409881 127607339
t_num: 7 finish: 1473409884 55027938 start: 1473409881 64680466
t_num: 21 finish: 1473409884 116385286 start: 1473409881 350231449
t_num: 15 finish: 1473409884 395831833 start: 1473409882 714704607
t_num: 9 finish: 1473409884 396729537 start: 1473409881 862531119
t_num: 4 finish: 1473409884 436383473 start: 1473409882 385388008
t_num: 19 finish: 1473409884 664837454 start: 1473409882 669040112
t_num: 22 finish: 1473409885 79324510 start: 1473409883 406525031
t_num: 29 finish: 1473409885 103604627 start: 1473409883 275374364
t_num: 11 finish: 1473409885 141469310 start: 1473409882 601772744
t_num: 27 finish: 1473409885 219649311 start: 1473409882 742965408
t_num: 31 finish: 1473409885 391278412 start: 1473409882 876169011
t_num: 10 finish: 1473409885 574790929 start: 1473409883 284332854
t_num: 5 finish: 1473409885 700568410 start: 1473409882 347246152
t_num: 17 finish: 1473409885 702412556 start: 1473409883 270747129
t_num: 26 finish: 1473409886 79438515 start: 1473409882 959138579
t_num: 27 finish: 1473409886 556035808 start: 1473409885 219691373
t_num: 4 finish: 1473409886 619564032 start: 1473409885 70658880
t_num: 18 finish: 1473409886 619722973 start: 1473409884 505144092
t_num: 7 finish: 1473409886 696990994 start: 1473409884 55059896
t_num: 22 finish: 1473409886 785814273 start: 1473409885 79351866
t_num: 1 finish: 1473409886 985537872 start: 1473409884 728064126
t_num: 12 finish: 1473409886 986212233 start: 1473409884 396819669
t_num: 8 finish: 1473409887 5286171 start: 1473409885 382930278
t_num: 10 finish: 1473409887 489192488 start: 1473409885 574834364
t_num: 23 finish: 1473409887 511867795 start: 1473409885 219724326
t_num: 21 finish: 1473409887 557537057 start: 1473409885 78656338
t_num: 13 finish: 1473409887 596006364 start: 1473409886 111366416
t_num: 20 finish: 1473409887 935706244 start: 1473409886 777581093
t_num: 30 finish: 1473409888 40559118 start: 1473409886 754480489
t_num: 9 finish: 1473409888 202064126 start: 1473409886 122212891
t_num: 2 finish: 1473409888 355688706 start: 1473409886 694097748
t_num: 24 finish: 1473409888 427999925 start: 1473409886 506745794
t_num: 15 finish: 1473409888 518891105 start: 1473409885 599263806
t_num: 29 finish: 1473409888 586121997 start: 1473409885 103633462
t_num: 27 finish: 1473409888 620242238 start: 1473409886 556070618
t_num: 12 finish: 1473409888 682723700 start: 1473409886 986233020
t_num: 5 finish: 1473409888 682744851 start: 1473409886 454727434
t_num: 20 finish: 1473409888 823594283 start: 1473409887 935739002
t_num: 2 finish: 1473409889 55359254 start: 1473409888 620282037
t_num: 16 finish: 1473409889 230813893 start: 1473409888 172118461
t_num: 13 finish: 1473409889 368833514 start: 1473409887 596027856
t_num: 8 finish: 1473409889 369599260 start: 1473409887 5320587
t_num: 21 finish: 1473409889 409239624 start: 1473409887 557559700
t_num: 19 finish: 1473409889 793828642 start: 1473409886 619625960
t_num: 27 finish: 1473409889 816545846 start: 1473409888 620268493
t_num: 24 finish: 1473409890 91120772 start: 1473409888 428040216
t_num: 5 finish: 1473409890 173048811 start: 1473409888 682888104
t_num: 30 finish: 1473409890 245687627 start: 1473409888 40598271
t_num: 3 finish: 1473409890 448212050 start: 1473409888 264274341
t_num: 9 finish: 1473409890 947729881 start: 1473409888 202105374
t_num: 1 finish: 1473409890 966035598 start: 1473409889 635660707
t_num: 29 finish: 1473409891 79170458 start: 1473409889 873294702
t_num: 20 finish: 1473409891 242033788 start: 1473409888 823632922
t_num: 10 finish: 1473409891 284954240 start: 1473409889 816620553
t_num: 23 finish: 1473409891 320233453 start: 1473409889 10941179
t_num: 18 finish: 1473409891 800656010 start: 1473409889 872016041
t_num: 13 finish: 1473409892 65418664 start: 1473409890 112938706
t_num: 2 finish: 1473409892 68187252 start: 1473409889 55402219
t_num: 16 finish: 1473409892 141275872 start: 1473409889 230848907
t_num: 26 finish: 1473409892 173592728 start: 1473409891 79149681
t_num: 9 finish: 1473409892 240763955 start: 1473409890 947771994
t_num: 27 finish: 1473409892 240766159 start: 1473409890 521260284
t_num: 30 finish: 1473409892 344733302 start: 1473409890 245730336
t_num: 29 finish: 1473409892 344736183 start: 1473409891 79194079
t_num: 0 finish: 1473409892 403368387 start: 1473409889 104645042
t_num: 20 finish: 1473409892 425635240 start: 1473409891 242061082
t_num: 5 finish: 1473409892 545099274 start: 1473409890 836649600
t_num: 18 finish: 1473409892 865428048 start: 1473409891 800695192
t_num: 6 finish: 1473409892 920725747 start: 1473409892 67609391
t_num: 15 finish: 1473409893 42344411 start: 1473409890 273195096
t_num: 3 finish: 1473409893 42906838 start: 1473409891 614292510
t_num: 8 finish: 1473409893 71972388 start: 1473409891 882943269
t_num: 19 finish: 1473409893 516186111 start: 1473409891 957886427
t_num: 2 finish: 1473409893 734882482 start: 1473409892 68202363
t_num: 8 finish: 1473409893 892331098 start: 1473409893 71993604
t_num: 28 finish: 1473409894 85317470 start: 1473409892 312712244
t_num: 23 finish: 1473409894 192115263 start: 1473409891 956211977
t_num: 6 finish: 1473409894 193514077 start: 1473409892 920744556
t_num: 4 finish: 1473409894 634567733 start: 1473409893 72518727
t_num: 3 finish: 1473409894 661929780 start: 1473409893 42926665
t_num: 16 finish: 1473409894 744388998 start: 1473409892 141316486
t_num: 18 finish: 1473409894 745055511 start: 1473409892 865471391
t_num: 27 finish: 1473409895 263342189 start: 1473409892 240834877
t_num: 13 finish: 1473409895 298314815 start: 1473409893 235470489
t_num: 29 finish: 1473409895 312609192 start: 1473409892 344772507
t_num: 19 finish: 1473409895 393139914 start: 1473409893 516230090
t_num: 20 finish: 1473409895 451545831 start: 1473409894 141601306
t_num: 15 finish: 1473409895 509421525 start: 1473409893 42368560
t_num: 12 finish: 1473409895 560473623 start: 1473409893 709297573
t_num: 5 finish: 1473409895 754792399 start: 1473409894 406728937
t_num: 26 finish: 1473409895 757876124 start: 1473409894 494035785
t_num: 8 finish: 1473409895 859683532 start: 1473409894 473454764
t_num: 0 finish: 1473409896 10968606 start: 1473409894 428889441
t_num: 4 finish: 1473409896 11011123 start: 1473409894 634597465
t_num: 3 finish: 1473409896 47706925 start: 1473409894 661955308
t_num: 9 finish: 1473409896 226993848 start: 1473409894 442480235
t_num: 7 finish: 1473409896 314930218 start: 1473409894 953918513
t_num: 10 finish: 1473409896 342524894 start: 1473409895 263323705
t_num: 29 finish: 1473409896 426479828 start: 1473409895 312630038
t_num: 24 finish: 1473409896 711975658 start: 1473409893 892359476
t_num: 11 finish: 1473409896 761332614 start: 1473409895 85561413
t_num: 30 finish: 1473409896 794550558 start: 1473409895 785285865
t_num: 23 finish: 1473409896 916360833 start: 1473409894 192149084
t_num: 16 finish: 1473409897 305018283 start: 1473409896 441207261
t_num: 19 finish: 1473409897 571088692 start: 1473409896 290163117
t_num: 0 finish: 1473409897 621495963 start: 1473409896 11011270
t_num: 15 finish: 1473409897 719828486 start: 1473409895 509465271
t_num: 13 finish: 1473409897 820066538 start: 1473409895 298365878
t_num: 1 finish: 1473409897 820253224 start: 1473409896 290219744
t_num: 29 finish: 1473409898 386406931 start: 1473409896 426504224
t_num: 8 finish: 1473409898 413757650 start: 1473409895 859730504
t_num: 0 finish: 1473409898 417052402 start: 1473409897 621538851
t_num: 5 finish: 1473409898 431988616 start: 1473409895 754849712
t_num: 20 finish: 1473409898 790537680 start: 1473409896 761441056
t_num: 31 finish: 1473409898 902744341 start: 1473409897 515019185
t_num: 3 finish: 1473409899 261700529 start: 1473409896 47730776
t_num: 10 finish: 1473409899 423245480 start: 1473409896 342547632
t_num: 15 finish: 1473409899 423297672 start: 1473409897 719872552
t_num: 11 finish: 1473409899 465689169 start: 1473409898 413968031
t_num: 1 finish: 1473409899 499465432 start: 1473409897 820273060
t_num: 30 finish: 1473409899 522595446 start: 1473409897 415791729
t_num: 24 finish: 1473409899 608032361 start: 1473409897 853945280
t_num: 26 finish: 1473409899 719350707 start: 1473409897 117062261
t_num: 27 finish: 1473409899 765153027 start: 1473409897 853569813
t_num: 31 finish: 1473409899 839987815 start: 1473409898 902772279
t_num: 29 finish: 1473409899 860139379 start: 1473409898 645463845
t_num: 13 finish: 1473409899 861441429 start: 1473409897 820131150
t_num: 9 finish: 1473409899 995429214 start: 1473409898 416365643
t_num: 22 finish: 1473409900 187827922 start: 1473409897 375264689
t_num: 5 finish: 1473409900 353523681 start: 1473409898 884012103
t_num: 10 finish: 1473409900 678277417 start: 1473409899 423306736
t_num: 8 finish: 1473409900 718439294 start: 1473409898 786884194
t_num: 7 finish: 1473409900 889388432 start: 1473409898 998803877
t_num: 6 finish: 1473409901 234202612 start: 1473409900 140814074
t_num: 24 finish: 1473409901 234319278 start: 1473409899 608065119
t_num: 0 finish: 1473409901 314382079 start: 1473409898 645550727
t_num: 25 finish: 1473409901 314422681 start: 1473409899 671922265
t_num: 26 finish: 1473409901 544258976 start: 1473409899 719385324
t_num: 15 finish: 1473409901 605342045 start: 1473409899 522589283
t_num: 7 finish: 1473409901 812299588 start: 1473409900 889418047
t_num: 13 finish: 1473409901 902377804 start: 1473409900 289460274
t_num: 9 finish: 1473409901 903824218 start: 1473409900 289502722
t_num: 27 finish: 1473409901 905644990 start: 1473409900 140777911
t_num: 1 finish: 1473409901 925777286 start: 1473409899 499485742
t_num: 31 finish: 1473409901 928035540 start: 1473409900 630213704
t_num: 21 finish: 1473409901 928396521 start: 1473409900 961161706
t_num: 3 finish: 1473409902 402787287 start: 1473409900 84827762
t_num: 30 finish: 1473409902 452356331 start: 1473409901 125284011
t_num: 10 finish: 1473409902 848784911 start: 1473409901 231979923
t_num: 22 finish: 1473409902 890126329 start: 1473409900 786316320
t_num: 25 finish: 1473409902 925895124 start: 1473409901 314439129
t_num: 21 finish: 1473409903 11405492 start: 1473409901 928415311
t_num: 1 finish: 1473409903 45729724 start: 1473409901 925812856
t_num: 11 finish: 1473409903 45949523 start: 1473409901 635046862
t_num: 5 finish: 1473409903 201407392 start: 1473409901 17452121
t_num: 6 finish: 1473409903 256080974 start: 1473409902 238040207
t_num: 1 finish: 1473409904 398218615 start: 1473409903 45774972
t_num: 13 finish: 1473409904 398222418 start: 1473409902 238643000
t_num: 24 finish: 1473409904 398272438 start: 1473409901 701584332
t_num: 0 finish: 1473409904 398273328 start: 1473409901 314425631
t_num: 7 finish: 1473409904 422833840 start: 1473409902 846373800
t_num: 12 finish: 1473409904 550200892 start: 1473409902 717574262
t_num: 31 finish: 1473409904 611012102 start: 1473409901 928057525
t_num: 27 finish: 1473409905 379473380 start: 1473409902 235654448
t_num: 5 finish: 1473409905 561731782 start: 1473409903 201460297
t_num: 6 finish: 1473409905 605678094 start: 1473409903 950073122
t_num: 26 finish: 1473409905 795271917 start: 1473409902 236673818
t_num: 8 finish: 1473409905 842915601 start: 1473409902 488039516
t_num: 22 finish: 1473409905 842963629 start: 1473409904 259874075
t_num: 20 finish: 1473409905 926971506 start: 1473409903 328349495
t_num: 0 finish: 1473409906 491654439 start: 1473409904 398405650
t_num: 28 finish: 1473409906 558137287 start: 1473409904 423202990
t_num: 10 finish: 1473409906 583841769 start: 1473409904 182742589
t_num: 4 finish: 1473409906 584233426 start: 1473409903 824272822
t_num: 3 finish: 1473409906 671908551 start: 1473409904 177615344
t_num: 29 finish: 1473409908 300272577 start: 1473409905 472600358
t_num: 24 finish: 1473409908 710240110 start: 1473409905 87568920
t_num: 14 finish: 1473409908 712819057 start: 1473409904 299300302
t_num: 21 finish: 1473409908 713487992 start: 1473409904 358388804
t_num: 26 finish: 1473409908 717239331 start: 1473409905 795333391
t_num: 12 finish: 1473409908 830667556 start: 1473409904 550233165
t_num: 13 finish: 1473409908 831586327 start: 1473409904 398437213
t_num: 31 finish: 1473409908 908398842 start: 1473409904 611044425
t_num: 1 finish: 1473409908 984407193 start: 1473409906 598689127
t_num: 9 finish: 1473409909 15022980 start: 1473409905 927030018
t_num: 10 finish: 1473409909 186825816 start: 1473409908 297299998
t_num: 6 finish: 1473409909 362054314 start: 1473409905 605720716
t_num: 27 finish: 1473409909 364674032 start: 1473409906 672983696
t_num: 3 finish: 1473409909 364905233 start: 1473409906 671933176
t_num: 4 finish: 1473409909 641738344 start: 1473409906 584254411
t_num: 12 finish: 1473409910 186285166 start: 1473409909 150459288
t_num: 28 finish: 1473409910 254125816 start: 1473409908 721653040
t_num: 18 finish: 1473409910 440895917 start: 1473409908 765489737
t_num: 14 finish: 1473409910 466835669 start: 1473409908 712843912
t_num: 0 finish: 1473409910 560707141 start: 1473409906 491689533
t_num: 21 finish: 1473409910 609342369 start: 1473409909 150292861
t_num: 31 finish: 1473409910 813523580 start: 1473409908 908434748
t_num: 7 finish: 1473409911 199119170 start: 1473409908 830694673
t_num: 10 finish: 1473409911 199815531 start: 1473409909 186850573
t_num: 3 finish: 1473409911 209225370 start: 1473409909 641741660
t_num: 27 finish: 1473409911 228584945 start: 1473409909 364695845
t_num: 17 finish: 1473409911 258523954 start: 1473409909 217737089
t_num: 20 finish: 1473409911 305615600 start: 1473409908 944847050
t_num: 0 finish: 1473409911 467180543 start: 1473409910 560736634
t_num: 9 finish: 1473409911 469756547 start: 1473409909 407902570
t_num: 4 finish: 1473409911 845598317 start: 1473409910 510004073
t_num: 19 finish: 1473409912 114502791 start: 1473409909 944944127
t_num: 16 finish: 1473409912 121632475 start: 1473409909 769494936
t_num: 3 finish: 1473409912 129196077 start: 1473409911 209245790
t_num: 12 finish: 1473409912 659899858 start: 1473409910 186330166
t_num: 15 finish: 1473409912 659903276 start: 1473409911 204688882
t_num: 18 finish: 1473409912 684048315 start: 1473409910 440944945
t_num: 10 finish: 1473409912 731909665 start: 1473409911 199837120
t_num: 24 finish: 1473409912 848915634 start: 1473409910 674296541
t_num: 29 finish: 1473409912 860285160 start: 1473409909 871485075
t_num: 14 finish: 1473409912 923712877 start: 1473409910 466863356
t_num: 1 finish: 1473409913 23133081 start: 1473409911 54537276
t_num: 9 finish: 1473409913 36342210 start: 1473409911 469786644
t_num: 20 finish: 1473409913 64191679 start: 1473409911 305639710
t_num: 28 finish: 1473409913 596928728 start: 1473409912 861148023
t_num: 19 finish: 1473409913 694668182 start: 1473409912 114524547
t_num: 0 finish: 1473409913 924639965 start: 1473409911 467215139
t_num: 23 finish: 1473409913 938863220 start: 1473409910 813933642
t_num: 7 finish: 1473409913 938866463 start: 1473409912 519771315
t_num: 30 finish: 1473409913 969296803 start: 1473409913 121863271
t_num: 21 finish: 1473409914 175540970 start: 1473409911 840201707
t_num: 6 finish: 1473409914 189144765 start: 1473409912 520845637
t_num: 9 finish: 1473409914 447829363 start: 1473409913 799223239
t_num: 17 finish: 1473409914 462547534 start: 1473409912 114299190
t_num: 22 finish: 1473409914 462610917 start: 1473409911 167413906
t_num: 28 finish: 1473409914 495940100 start: 1473409913 596960913
t_num: 10 finish: 1473409914 683033958 start: 1473409913 795007497
t_num: 31 finish: 1473409914 683229222 start: 1473409912 814780142
t_num: 26 finish: 1473409914 889981928 start: 1473409912 618987784
t_num: 15 finish: 1473409914 935841474 start: 1473409912 659959850
t_num: 2 finish: 1473409915 11896046 start: 1473409913 547424696
t_num: 4 finish: 1473409915 45398198 start: 1473409912 860952649
t_num: 29 finish: 1473409915 155902517 start: 1473409912 860327182
t_num: 25 finish: 1473409915 367080228 start: 1473409912 586224554
t_num: 19 finish: 1473409915 719800921 start: 1473409913 694712058
t_num: 2 finish: 1473409915 928336967 start: 1473409915 11928470
t_num: 7 finish: 1473409916 5927082 start: 1473409914 687118795
t_num: 30 finish: 1473409916 425991248 start: 1473409913 969316732
t_num: 9 finish: 1473409916 569493138 start: 1473409914 447914992
t_num: 12 finish: 1473409916 609944434 start: 1473409914 189184714
t_num: 26 finish: 1473409916 699170368 start: 1473409914 890019548
t_num: 17 finish: 1473409916 723644101 start: 1473409914 462569504
t_num: 0 finish: 1473409916 792951699 start: 1473409914 936138324
t_num: 5 finish: 1473409916 844348889 start: 1473409914 524206932
t_num: 10 finish: 1473409916 872707770 start: 1473409915 877100582
t_num: 6 finish: 1473409917 693370255 start: 1473409915 95137399
t_num: 28 finish: 1473409917 695746694 start: 1473409915 769808296
t_num: 11 finish: 1473409919 738462923 start: 1473409915 672288202
t_num: 29 finish: 1473409919 829345153 start: 1473409915 701763558
t_num: 31 finish: 1473409919 904074185 start: 1473409915 946762688
t_num: 25 finish: 1473409919 904073090 start: 1473409916 121954889
t_num: 19 finish: 1473409919 904255584 start: 1473409915 719829896
t_num: 2 finish: 1473409920 3358297 start: 1473409916 542616291
t_num: 18 finish: 1473409920 37497396 start: 1473409916 395262708
t_num: 6 finish: 1473409920 56768033 start: 1473409917 693398216
t_num: 0 finish: 1473409920 56836574 start: 1473409916 792988589
t_num: 12 finish: 1473409920 57103238 start: 1473409916 609975044
t_num: 22 finish: 1473409920 57146229 start: 1473409916 610002842
t_num: 26 finish: 1473409920 278658637 start: 1473409917 249381607
t_num: 20 finish: 1473409920 278730606 start: 1473409916 512856302
t_num: 28 finish: 1473409920 706306362 start: 1473409917 695766014
t_num: 9 finish: 1473409920 706361413 start: 1473409916 569541661
t_num: 19 finish: 1473409920 706393412 start: 1473409919 904274345
t_num: 29 finish: 1473409920 706419418 start: 1473409919 829377679
t_num: 21 finish: 1473409920 802614791 start: 1473409919 740223342
t_num: 10 finish: 1473409920 824239222 start: 1473409920 401502124
t_num: 26 finish: 1473409920 896477973 start: 1473409920 278680718
t_num: 25 finish: 1473409921 191953138 start: 1473409919 904129788
t_num: 13 finish: 1473409921 192686427 start: 1473409919 782451570
t_num: 0 finish: 1473409921 242262357 start: 1473409920 56855961
t_num: 23 finish: 1473409921 762400741 start: 1473409920 56938322
t_num: 2 finish: 1473409922 127875490 start: 1473409920 3400868
t_num: 5 finish: 1473409922 346171507 start: 1473409920 560079657
t_num: 3 finish: 1473409922 544699622 start: 1473409921 192767940
t_num: 31 finish: 1473409922 545033209 start: 1473409919 904115860
t_num: 28 finish: 1473409922 595447496 start: 1473409920 706339644
t_num: 4 finish: 1473409922 616873285 start: 1473409920 321898189
t_num: 13 finish: 1473409922 671452155 start: 1473409921 192722043
t_num: 12 finish: 1473409922 698543750 start: 1473409920 463851413
t_num: 7 finish: 1473409922 698589643 start: 1473409920 768593822
t_num: 20 finish: 1473409922 790980215 start: 1473409920 676476219
t_num: 26 finish: 1473409922 823221435 start: 1473409920 896541220
t_num: 6 finish: 1473409922 862103061 start: 1473409920 463881527
t_num: 24 finish: 1473409923 306174523 start: 1473409922 224353259
t_num: 2 finish: 1473409923 614293713 start: 1473409922 127907482
t_num: 25 finish: 1473409923 652265324 start: 1473409921 192003976
t_num: 12 finish: 1473409923 680917742 start: 1473409922 698565079
t_num: 4 finish: 1473409923 789395371 start: 1473409922 616912733
t_num: 9 finish: 1473409923 839593875 start: 1473409921 813761236
t_num: 1 finish: 1473409923 839635476 start: 1473409922 670721453
t_num: 5 finish: 1473409923 935073313 start: 1473409922 544653119
t_num: 0 finish: 1473409924 164232449 start: 1473409921 242292663
t_num: 26 finish: 1473409924 214788014 start: 1473409922 823247025
t_num: 23 finish: 1473409924 214793177 start: 1473409921 762451795
t_num: 13 finish: 1473409924 647814341 start: 1473409923 117370080
t_num: 8 finish: 1473409924 667051571 start: 1473409921 813829757
t_num: 17 finish: 1473409924 942210907 start: 1473409923 117005655
t_num: 14 finish: 1473409924 989174313 start: 1473409923 144171264
t_num: 30 finish: 1473409924 989174186 start: 1473409923 62356634
t_num: 3 finish: 1473409925 289400000 start: 1473409922 544726489
t_num: 0 finish: 1473409925 375504056 start: 1473409924 164273733
t_num: 23 finish: 1473409925 403353360 start: 1473409924 214818638
t_num: 6 finish: 1473409925 442545988 start: 1473409922 862147019
t_num: 31 finish: 1473409925 660156952 start: 1473409924 19988291
t_num: 20 finish: 1473409925 764423859 start: 1473409922 791011871
t_num: 14 finish: 1473409925 833593461 start: 1473409924 989222746
t_num: 28 finish: 1473409925 881715788 start: 1473409923 117316451
t_num: 1 finish: 1473409925 921917988 start: 1473409923 839658752
t_num: 13 finish: 1473409926 284654289 start: 1473409924 907406629
t_num: 24 finish: 1473409926 296452476 start: 1473409924 608966443
t_num: 8 finish: 1473409926 353241924 start: 1473409925 129735090
t_num: 26 finish: 1473409926 405370131 start: 1473409925 129876543
t_num: 10 finish: 1473409926 488854789 start: 1473409925 94462976
t_num: 6 finish: 1473409927 10039790 start: 1473409925 442580101
t_num: 0 finish: 1473409927 102563106 start: 1473409925 375543551
t_num: 20 finish: 1473409927 102639997 start: 1473409925 848554978
t_num: 5 finish: 1473409927 684267879 start: 1473409925 129717190
t_num: 15 finish: 1473409927 742261714 start: 1473409925 457064247
t_num: 25 finish: 1473409927 797499939 start: 1473409925 669611111
t_num: 31 finish: 1473409927 902006017 start: 1473409925 660195470
t_num: 17 finish: 1473409927 960134571 start: 1473409926 307684329
t_num: 22 finish: 1473409928 21298287 start: 1473409927 69612947
t_num: 30 finish: 1473409928 32043824 start: 1473409924 989248580
t_num: 6 finish: 1473409928 176998101 start: 1473409927 10100525
t_num: 26 finish: 1473409928 177162283 start: 1473409926 405396735
t_num: 11 finish: 1473409928 584832561 start: 1473409926 113886049
t_num: 16 finish: 1473409928 778396044 start: 1473409925 669572792
t_num: 20 finish: 1473409928 911547638 start: 1473409927 102677779
t_num: 2 finish: 1473409929 1449750 start: 1473409927 612059334
t_num: 13 finish: 1473409929 250979791 start: 1473409926 284692272
t_num: 29 finish: 1473409929 253556206 start: 1473409928 942267833
t_num: 27 finish: 1473409929 319275759 start: 1473409927 571054893
t_num: 14 finish: 1473409929 319275143 start: 1473409926 307756107
t_num: 8 finish: 1473409929 387918270 start: 1473409927 627084584
t_num: 4 finish: 1473409929 392130835 start: 1473409928 35209896
t_num: 11 finish: 1473409929 477692917 start: 1473409928 584875370
t_num: 28 finish: 1473409929 738810886 start: 1473409927 681183889
t_num: 18 finish: 1473409929 742099773 start: 1473409927 684279812
t_num: 25 finish: 1473409929 941869193 start: 1473409927 797538770
t_num: 6 finish: 1473409930 209138336 start: 1473409928 177021634
t_num: 29 finish: 1473409930 209855814 start: 1473409929 253576909
t_num: 5 finish: 1473409930 667932833 start: 1473409928 388342727
t_num: 14 finish: 1473409930 986170891 start: 1473409929 319326691
t_num: 12 finish: 1473409931 79779703 start: 1473409929 687871132
t_num: 24 finish: 1473409931 85980880 start: 1473409929 444178945
t_num: 31 finish: 1473409931 99213953 start: 1473409928 146566883
t_num: 2 finish: 1473409931 102081259 start: 1473409929 2863714
t_num: 15 finish: 1473409931 223285108 start: 1473409927 742306450
t_num: 17 finish: 1473409931 240249508 start: 1473409929 1525150
t_num: 30 finish: 1473409931 498653568 start: 1473409929 2813695
t_num: 1 finish: 1473409931 582539839 start: 1473409930 482341234
t_num: 8 finish: 1473409931 584701608 start: 1473409929 387949038
t_num: 5 finish: 1473409931 850296338 start: 1473409930 667983073
t_num: 25 finish: 1473409931 900588575 start: 1473409929 941895262
t_num: 13 finish: 1473409931 908592301 start: 1473409929 902443557
t_num: 7 finish: 1473409932 8348477 start: 1473409930 219018903
t_num: 14 finish: 1473409932 464136520 start: 1473409930 986211815
t_num: 28 finish: 1473409932 510869518 start: 1473409931 6773906
t_num: 24 finish: 1473409932 584087231 start: 1473409931 854099852
t_num: 4 finish: 1473409932 599872330 start: 1473409929 671901220
t_num: 27 finish: 1473409932 769084518 start: 1473409931 87475348
t_num: 6 finish: 1473409932 875249541 start: 1473409930 209184081
t_num: 8 finish: 1473409932 942095236 start: 1473409931 584717241
t_num: 3 finish: 1473409933 229712542 start: 1473409932 659638132
t_num: 5 finish: 1473409933 266601493 start: 1473409931 850342663
t_num: 16 finish: 1473409933 268646285 start: 1473409931 650202649
t_num: 1 finish: 1473409933 373355860 start: 1473409932 513090372
t_num: 15 finish: 1473409933 443940024 start: 1473409931 223319381
t_num: 19 finish: 1473409933 558899105 start: 1473409932 513614341
t_num: 30 finish: 1473409933 681677976 start: 1473409931 498688130
t_num: 4 finish: 1473409933 681698928 start: 1473409932 599893269
t_num: 31 finish: 1473409933 820620943 start: 1473409931 99235774
t_num: 24 finish: 1473409933 835344150 start: 1473409932 584112929
t_num: 18 finish: 1473409933 954948569 start: 1473409931 582572744
t_num: 17 finish: 1473409934 101441886 start: 1473409932 942126906
t_num: 27 finish: 1473409934 167900110 start: 1473409932 769134564
t_num: 11 finish: 1473409934 689770314 start: 1473409933 624196259
t_num: 13 finish: 1473409934 913910266 start: 1473409933 421787553
t_num: 10 finish: 1473409934 980786674 start: 1473409933 368999200
t_num: 3 finish: 1473409934 981503991 start: 1473409933 229740809
t_num: 26 finish: 1473409935 289176418 start: 1473409933 238400117
t_num: 21 finish: 1473409935 383832709 start: 1473409933 221481682
t_num: 28 finish: 1473409935 705762540 start: 1473409932 510899711
t_num: 19 finish: 1473409935 739452079 start: 1473409933 558926450
t_num: 5 finish: 1473409936 87653402 start: 1473409934 476203566
t_num: 25 finish: 1473409936 88998784 start: 1473409933 268651952
t_num: 4 finish: 1473409936 89149466 start: 1473409933 681766001
t_num: 8 finish: 1473409936 187144058 start: 1473409934 415867556
t_num: 18 finish: 1473409936 187241004 start: 1473409933 954976923
t_num: 16 finish: 1473409936 187244743 start: 1473409933 810903087
t_num: 22 finish: 1473409936 216856310 start: 1473409934 550943472
t_num: 31 finish: 1473409936 217075408 start: 1473409933 820647365
t_num: 7 finish: 1473409936 527671090 start: 1473409934 104782625
t_num: 10 finish: 1473409936 645853189 start: 1473409934 980808269
t_num: 1 finish: 1473409936 659613592 start: 1473409934 238728540
t_num: 30 finish: 1473409936 701819128 start: 1473409934 528155226
t_num: 24 finish: 1473409937 195212541 start: 1473409934 528160841
t_num: 15 finish: 1473409937 196752678 start: 1473409934 739944695
t_num: 27 finish: 1473409937 196984480 start: 1473409935 603348667
t_num: 14 finish: 1473409937 205780383 start: 1473409935 607142105
t_num: 11 finish: 1473409937 547186054 start: 1473409936 167390633
t_num: 22 finish: 1473409937 716990223 start: 1473409936 216879559
t_num: 3 finish: 1473409937 717322589 start: 1473409935 705741279
t_num: 4 finish: 1473409937 719669285 start: 1473409936 89170012
t_num: 12 finish: 1473409937 728231195 start: 1473409935 706447251
t_num: 1 finish: 1473409937 736177214 start: 1473409936 659655803
t_num: 13 finish: 1473409938 242718473 start: 1473409934 913953672
t_num: 20 finish: 1473409938 303036799 start: 1473409935 140495585
t_num: 16 finish: 1473409938 303080577 start: 1473409936 187304081
t_num: 21 finish: 1473409938 334245870 start: 1473409936 575239529
t_num: 11 finish: 1473409938 587120039 start: 1473409937 547232161
t_num: 4 finish: 1473409938 587129844 start: 1473409937 719690026
t_num: 25 finish: 1473409938 928420469 start: 1473409936 89025122
t_num: 31 finish: 1473409938 964769210 start: 1473409936 701399738
t_num: 22 finish: 1473409939 342757387 start: 1473409937 717034220
t_num: 15 finish: 1473409939 352390063 start: 1473409937 196774092
t_num: 27 finish: 1473409939 684405720 start: 1473409937 197003407
t_num: 14 finish: 1473409939 684689261 start: 1473409937 205816958
t_num: 24 finish: 1473409939 693614497 start: 1473409937 195254368
t_num: 7 finish: 1473409940 306075488 start: 1473409937 726729706
t_num: 13 finish: 1473409940 400641992 start: 1473409938 242754169
t_num: 6 finish: 1473409940 422851303 start: 1473409937 742239517
t_num: 19 finish: 1473409940 577653411 start: 1473409936 701689826
t_num: 21 finish: 1473409940 900508535 start: 1473409938 334279205
t_num: 25 finish: 1473409940 904910117 start: 1473409938 928453901
t_num: 1 finish: 1473409940 922512534 start: 1473409938 441204184
t_num: 29 finish: 1473409940 999447301 start: 1473409937 737377412
t_num: 31 finish: 1473409940 999460236 start: 1473409938 964790954
t_num: 11 finish: 1473409940 999472434 start: 1473409938 587149733
t_num: 16 finish: 1473409941 138490227 start: 1473409938 503017727
t_num: 6 finish: 1473409941 295233684 start: 1473409940 422877623
t_num: 24 finish: 1473409941 533350896 start: 1473409939 693637559
t_num: 27 finish: 1473409941 559390762 start: 1473409939 684477418
t_num: 7 finish: 1473409941 671329929 start: 1473409940 306111145
t_num: 14 finish: 1473409941 671457488 start: 1473409941 39968338
t_num: 4 finish: 1473409941 672002958 start: 1473409939 880715893
t_num: 15 finish: 1473409941 961727650 start: 1473409939 352407148
t_num: 24 finish: 1473409942 225057841 start: 1473409941 533378441
t_num: 28 finish: 1473409942 411548747 start: 1473409941 227640739
t_num: 1 finish: 1473409942 549564333 start: 1473409940 922533121
t_num: 22 finish: 1473409942 582634812 start: 1473409940 766386940
t_num: 3 finish: 1473409942 600381327 start: 1473409940 760291526
t_num: 11 finish: 1473409942 710559000 start: 1473409941 175769218
t_num: 19 finish: 1473409942 761027911 start: 1473409941 367616865
t_num: 6 finish: 1473409942 946693933 start: 1473409941 295266251
t_num: 27 finish: 1473409942 960266752 start: 1473409941 559411920
t_num: 2 finish: 1473409942 960358331 start: 1473409941 769099016
t_num: 17 finish: 1473409943 665188388 start: 1473409941 227787681
t_num: 25 finish: 1473409943 729740106 start: 1473409941 227516121
t_num: 29 finish: 1473409943 935526997 start: 1473409941 435527841
t_num: 6 finish: 1473409943 946813385 start: 1473409942 946733680
t_num: 16 finish: 1473409944 103716475 start: 1473409941 138534165
t_num: 1 finish: 1473409944 176934569 start: 1473409942 549606598
t_num: 21 finish: 1473409944 791267926 start: 1473409941 821662361
t_num: 4 finish: 1473409945 491565459 start: 1473409942 986034331
t_num: 31 finish: 1473409945 491629367 start: 1473409942 619205804
t_num: 7 finish: 1473409945 507434494 start: 1473409941 671390546
t_num: 15 finish: 1473409945 728401291 start: 1473409942 912868955
t_num: 3 finish: 1473409945 829197952 start: 1473409943 347002924
t_num: 16 finish: 1473409945 843769790 start: 1473409944 103747832
t_num: 23 finish: 1473409945 972512927 start: 1473409942 577526902
t_num: 22 finish: 1473409945 996993875 start: 1473409942 582657225
t_num: 2 finish: 1473409945 997279830 start: 1473409942 960378300
t_num: 29 finish: 1473409945 997316100 start: 1473409943 935594637
t_num: 11 finish: 1473409946 150363578 start: 1473409944 791256921
t_num: 17 finish: 1473409946 152469325 start: 1473409943 665214886
t_num: 16 finish: 1473409946 176141777 start: 1473409945 843795467
t_num: 9 finish: 1473409946 211312379 start: 1473409944 553642630
t_num: 6 finish: 1473409946 242368299 start: 1473409943 946831568
t_num: 18 finish: 1473409946 247095020 start: 1473409944 555510472
t_num: 31 finish: 1473409946 255420703 start: 1473409945 663685640
t_num: 4 finish: 1473409946 306793233 start: 1473409945 543978470
t_num: 15 finish: 1473409946 423022329 start: 1473409945 728425941
t_num: 21 finish: 1473409946 423268328 start: 1473409944 791294796
t_num: 27 finish: 1473409946 455149992 start: 1473409945 507148329
t_num: 24 finish: 1473409946 455506854 start: 1473409942 225101954
t_num: 25 finish: 1473409946 456288954 start: 1473409945 507363337
t_num: 8 finish: 1473409946 468609691 start: 1473409945 997294568
t_num: 22 finish: 1473409947 493408899 start: 1473409945 997033048
t_num: 3 finish: 1473409947 509135793 start: 1473409945 829233222
t_num: 5 finish: 1473409947 509165657 start: 1473409946 173742773
t_num: 6 finish: 1473409947 704793177 start: 1473409946 242404378
t_num: 9 finish: 1473409947 952910769 start: 1473409946 211330499
t_num: 21 finish: 1473409948 176152602 start: 1473409946 423287597
t_num: 7 finish: 1473409948 216129061 start: 1473409946 566302172
t_num: 15 finish: 1473409948 246775842 start: 1473409946 423060811
t_num: 29 finish: 1473409948 256597656 start: 1473409945 997330004
t_num: 20 finish: 1473409948 290866387 start: 1473409946 189113595
t_num: 2 finish: 1473409948 291326424 start: 1473409946 468490502
t_num: 30 finish: 1473409948 418396984 start: 1473409946 501511526
t_num: 17 finish: 1473409948 418449399 start: 1473409946 514853328
t_num: 18 finish: 1473409948 737579703 start: 1473409946 247115856
t_num: 16 finish: 1473409949 104061227 start: 1473409946 515028537
t_num: 24 finish: 1473409949 135825855 start: 1473409946 455526879
t_num: 25 finish: 1473409949 274743571 start: 1473409946 668014603
t_num: 5 finish: 1473409949 302700175 start: 1473409947 509183251
t_num: 27 finish: 1473409949 403390986 start: 1473409947 631603948
t_num: 4 finish: 1473409949 460033415 start: 1473409947 363933243
t_num: 14 finish: 1473409949 524208359 start: 1473409947 706273490
t_num: 21 finish: 1473409949 585599445 start: 1473409948 176196091
t_num: 20 finish: 1473409949 635884241 start: 1473409948 594942361
t_num: 31 finish: 1473409949 792852535 start: 1473409947 631583517
t_num: 29 finish: 1473409950 54376137 start: 1473409948 256617009
t_num: 10 finish: 1473409950 59031500 start: 1473409947 877962453
t_num: 9 finish: 1473409950 224758219 start: 1473409948 475047246
t_num: 12 finish: 1473409950 225302325 start: 1473409948 594185950
t_num: 18 finish: 1473409950 330964150 start: 1473409948 737617926
t_num: 24 finish: 1473409950 364724635 start: 1473409949 135850630
t_num: 3 finish: 1473409950 365785441 start: 1473409947 509158016
t_num: 22 finish: 1473409950 368777526 start: 1473409948 256384385
t_num: 16 finish: 1473409950 664454532 start: 1473409949 104098264
t_num: 17 finish: 1473409950 791337040 start: 1473409948 418465210
t_num: 14 finish: 1473409950 851406532 start: 1473409949 524238131
t_num: 9 finish: 1473409951 454273897 start: 1473409950 224796811
t_num: 27 finish: 1473409951 494294134 start: 1473409949 403419339
t_num: 30 finish: 1473409951 600700157 start: 1473409949 827097945
t_num: 7 finish: 1473409951 717308102 start: 1473409950 61180871
t_num: 5 finish: 1473409952 323523821 start: 1473409949 789071193
t_num: 4 finish: 1473409952 324186732 start: 1473409949 460063576
t_num: 15 finish: 1473409952 335684734 start: 1473409951 272947312
t_num: 29 finish: 1473409952 573995629 start: 1473409950 54422341
t_num: 25 finish: 1473409952 577563900 start: 1473409950 255087443
t_num: 26 finish: 1473409952 585803548 start: 1473409950 229813785
t_num: 3 finish: 1473409952 714165767 start: 1473409951 410292953
t_num: 13 finish: 1473409952 835095373 start: 1473409950 366455563
t_num: 31 finish: 1473409952 872469700 start: 1473409949 792879318
t_num: 12 finish: 1473409953 179984715 start: 1473409950 851461497
t_num: 9 finish: 1473409953 230026432 start: 1473409951 454309665
t_num: 8 finish: 1473409953 249253445 start: 1473409950 705919919
t_num: 19 finish: 1473409953 337129538 start: 1473409951 980410454
t_num: 27 finish: 1473409953 378591792 start: 1473409952 326926327
t_num: 28 finish: 1473409953 489677195 start: 1473409951 626552836
t_num: 7 finish: 1473409953 615816315 start: 1473409951 717340026
t_num: 17 finish: 1473409954 88542589 start: 1473409950 791399726
t_num: 1 finish: 1473409954 289373498 start: 1473409951 600710427
t_num: 5 finish: 1473409954 900596460 start: 1473409952 323584975
t_num: 4 finish: 1473409954 956442561 start: 1473409953 234076205
t_num: 12 finish: 1473409954 956575137 start: 1473409953 180026444
t_num: 0 finish: 1473409954 982809248 start: 1473409952 681845098
t_num: 28 finish: 1473409955 105114544 start: 1473409953 489701733
t_num: 27 finish: 1473409955 108867534 start: 1473409953 378612527
t_num: 16 finish: 1473409955 207859455 start: 1473409952 996069496
t_num: 30 finish: 1473409955 352511008 start: 1473409952 872097129
t_num: 13 finish: 1473409955 354422150 start: 1473409952 835129540
t_num: 18 finish: 1473409955 354741430 start: 1473409953 444496503
t_num: 19 finish: 1473409955 355093839 start: 1473409954 194160434
t_num: 26 finish: 1473409955 377345119 start: 1473409953 530082302
t_num: 29 finish: 1473409955 387181865 start: 1473409952 991290333
t_num: 4 finish: 1473409955 518435441 start: 1473409954 956484376
t_num: 11 finish: 1473409955 657709650 start: 1473409953 523193370
t_num: 31 finish: 1473409955 657795753 start: 1473409953 520453664
t_num: 17 finish: 1473409955 658175132 start: 1473409954 88586892
t_num: 1 finish: 1473409955 691793158 start: 1473409954 289405812
t_num: 5 finish: 1473409956 4629381 start: 1473409955 94173469
t_num: 2 finish: 1473409956 311839384 start: 1473409954 193643182
t_num: 15 finish: 1473409956 499895627 start: 1473409954 342433384
t_num: 8 finish: 1473409956 592477087 start: 1473409954 496009757
t_num: 30 finish: 1473409956 632395694 start: 1473409955 352552643
t_num: 13 finish: 1473409956 868512369 start: 1473409955 354442875
t_num: 28 finish: 1473409957 104116205 start: 1473409955 105139636
t_num: 26 finish: 1473409957 168858420 start: 1473409955 377368924
t_num: 15 finish: 1473409957 509242819 start: 1473409956 499924854
t_num: 1 finish: 1473409957 965221815 start: 1473409957 253424535
t_num: 4 finish: 1473409957 967222634 start: 1473409955 518520172
t_num: 12 finish: 1473409958 48238801 start: 1473409955 714200640
t_num: 0 finish: 1473409958 255515145 start: 1473409955 712399730
t_num: 14 finish: 1473409958 540042109 start: 1473409955 266068877
t_num: 6 finish: 1473409958 656886391 start: 1473409956 644840537
t_num: 11 finish: 1473409958 727483928 start: 1473409956 868763099
t_num: 7 finish: 1473409958 809015019 start: 1473409956 711444709
t_num: 31 finish: 1473409958 962349377 start: 1473409956 600519411
t_num: 16 finish: 1473409959 31254306 start: 1473409955 714246978
t_num: 30 finish: 1473409959 57338515 start: 1473409956 632420309
t_num: 2 finish: 1473409959 120752445 start: 1473409956 311873915
t_num: 19 finish: 1473409959 294700251 start: 1473409956 868649026
t_num: 20 finish: 1473409959 412910599 start: 1473409956 711474058
t_num: 28 finish: 1473409959 415086585 start: 1473409958 131582576
t_num: 18 finish: 1473409959 450053343 start: 1473409957 456763205
t_num: 13 finish: 1473409959 625082795 start: 1473409956 868574507
t_num: 6 finish: 1473409959 625596289 start: 1473409958 656922349
t_num: 1 finish: 1473409959 726834358 start: 1473409959 18802466
t_num: 21 finish: 1473409960 67874303 start: 1473409957 285991557
t_num: 26 finish: 1473409960 69710074 start: 1473409958 576945562
t_num: 11 finish: 1473409960 246999974 start: 1473409958 727530148
t_num: 2 finish: 1473409960 249572453 start: 1473409959 120778545
t_num: 14 finish: 1473409960 314129117 start: 1473409958 540080506
t_num: 22 finish: 1473409960 385299548 start: 1473409958 688657419
t_num: 28 finish: 1473409960 497702778 start: 1473409959 415105734
t_num: 16 finish: 1473409960 604629728 start: 1473409959 31278721
t_num: 24 finish: 1473409960 656804801 start: 1473409958 746843083
t_num: 7 finish: 1473409960 723072821 start: 1473409958 809057966
t_num: 30 finish: 1473409960 778849890 start: 1473409959 416959073
t_num: 12 finish: 1473409960 832717238 start: 1473409958 48269877
t_num: 8 finish: 1473409960 998769811 start: 1473409959 338706059
t_num: 1 finish: 1473409961 673124506 start: 1473409959 726869981
t_num: 2 finish: 1473409961 771878139 start: 1473409960 657307473
t_num: 20 finish: 1473409962 6659983 start: 1473409959 412952919
t_num: 22 finish: 1473409962 76047334 start: 1473409960 385355857
t_num: 26 finish: 1473409962 585537048 start: 1473409960 69730962
t_num: 18 finish: 1473409962 585825506 start: 1473409959 450076303
t_num: 16 finish: 1473409963 122841761 start: 1473409960 723692678
t_num: 24 finish: 1473409963 656134558 start: 1473409960 656838432
t_num: 13 finish: 1473409963 949020499 start: 1473409960 272934891
t_num: 8 finish: 1473409963 949137532 start: 1473409960 998863869
t_num: 23 finish: 1473409963 953273736 start: 1473409960 483101043
t_num: 7 finish: 1473409963 957988461 start: 1473409960 723116302
t_num: 5 finish: 1473409963 958651837 start: 1473409961 784235521
t_num: 25 finish: 1473409964 273620872 start: 1473409961 63894975
t_num: 12 finish: 1473409964 552914317 start: 1473409960 832740129
t_num: 31 finish: 1473409964 737484343 start: 1473409961 777587602
t_num: 19 finish: 1473409964 746819790 start: 1473409961 674703216
t_num: 20 finish: 1473409964 863934067 start: 1473409963 120070669
t_num: 11 finish: 1473409965 282473593 start: 1473409961 777607905
t_num: 22 finish: 1473409965 282679682 start: 1473409962 76088304
t_num: 17 finish: 1473409965 600372624 start: 1473409961 876571294
t_num: 26 finish: 1473409965 601546544 start: 1473409962 585570267
t_num: 28 finish: 1473409965 604665713 start: 1473409961 777636975
t_num: 24 finish: 1473409966 31295262 start: 1473409963 656177872
t_num: 23 finish: 1473409967 3178455 start: 1473409963 953296908
t_num: 18 finish: 1473409967 274806379 start: 1473409962 585847699
t_num: 8 finish: 1473409967 424777777 start: 1473409963 949155721
t_num: 11 finish: 1473409967 670737396 start: 1473409965 282499786
t_num: 2 finish: 1473409967 681677886 start: 1473409964 282239830
t_num: 24 finish: 1473409967 868883291 start: 1473409966 31337349
t_num: 20 finish: 1473409967 963884108 start: 1473409964 863959998
t_num: 21 finish: 1473409967 963933500 start: 1473409964 287104557
t_num: 13 finish: 1473409968 39158426 start: 1473409963 949059608
t_num: 5 finish: 1473409968 39538841 start: 1473409964 271176113
t_num: 15 finish: 1473409968 39673711 start: 1473409965 273369709
t_num: 16 finish: 1473409968 44707577 start: 1473409964 113172057
t_num: 25 finish: 1473409968 53599399 start: 1473409967 7499422
t_num: 17 finish: 1473409968 164000570 start: 1473409965 600416781
t_num: 29 finish: 1473409968 169060403 start: 1473409966 281352482
t_num: 9 finish: 1473409968 223312298 start: 1473409967 406398700
t_num: 8 finish: 1473409968 348130562 start: 1473409967 424823187
t_num: 21 finish: 1473409968 349508198 start: 1473409967 963952025
t_num: 22 finish: 1473409968 349665575 start: 1473409965 282700419
t_num: 23 finish: 1473409968 766430821 start: 1473409967 420088753
t_num: 28 finish: 1473409968 788402195 start: 1473409968 166576361
t_num: 26 finish: 1473409968 791959477 start: 1473409967 881519888
t_num: 3 finish: 1473409968 791963619 start: 1473409967 512160016
t_num: 25 finish: 1473409968 910579296 start: 1473409968 53616529
t_num: 17 finish: 1473409968 946210852 start: 1473409968 164039365
t_num: 24 finish: 1473409968 946230572 start: 1473409967 868926063
t_num: 13 finish: 1473409969 300858500 start: 1473409968 440852294
t_num: 16 finish: 1473409970 260496748 start: 1473409968 279055131
t_num: 11 finish: 1473409970 467429373 start: 1473409968 440777972
t_num: 5 finish: 1473409970 563604657 start: 1473409968 762694496
t_num: 22 finish: 1473409970 738071407 start: 1473409968 349681643
t_num: 19 finish: 1473409971 302334811 start: 1473409968 349628913
t_num: 4 finish: 1473409971 303941436 start: 1473409968 43068886
t_num: 20 finish: 1473409971 306135380 start: 1473409967 963909135
t_num: 2 finish: 1473409971 306199485 start: 1473409968 770021560
t_num: 13 finish: 1473409971 559539898 start: 1473409969 300888207
t_num: 8 finish: 1473409971 588799822 start: 1473409968 348199787
t_num: 28 finish: 1473409971 721622676 start: 1473409968 788424871
t_num: 3 finish: 1473409971 743068396 start: 1473409968 791998770
t_num: 5 finish: 1473409971 760478254 start: 1473409970 563629500
t_num: 4 finish: 1473409971 853437418 start: 1473409971 303964933
t_num: 16 finish: 1473409972 31554947 start: 1473409970 260541475
t_num: 25 finish: 1473409972 31609173 start: 1473409971 114297828
t_num: 29 finish: 1473409972 55664585 start: 1473409970 547315563
t_num: 20 finish: 1473409972 80128760 start: 1473409971 306156151
t_num: 22 finish: 1473409972 131963040 start: 1473409970 738093570
t_num: 17 finish: 1473409972 532874260 start: 1473409971 110123249
t_num: 6 finish: 1473409972 590089577 start: 1473409971 242626800
t_num: 5 finish: 1473409972 680912127 start: 1473409971 760496214
t_num: 23 finish: 1473409972 887376396 start: 1473409971 355858566
t_num: 28 finish: 1473409973 40548569 start: 1473409971 721714305
t_num: 11 finish: 1473409973 387637958 start: 1473409971 241875341
t_num: 7 finish: 1473409973 438560305 start: 1473409971 242828412
t_num: 2 finish: 1473409973 700805332 start: 1473409971 306216338
t_num: 24 finish: 1473409973 747695727 start: 1473409971 999033943
t_num: 3 finish: 1473409974 49773523 start: 1473409971 743090413
t_num: 10 finish: 1473409974 71413558 start: 1473409972 32316684
t_num: 29 finish: 1473409974 114048118 start: 1473409972 55683206
t_num: 13 finish: 1473409974 353189828 start: 1473409971 969293093
t_num: 6 finish: 1473409974 619178377 start: 1473409972 590124085
t_num: 22 finish: 1473409974 672621628 start: 1473409973 40578688
t_num: 4 finish: 1473409974 792878811 start: 1473409972 771828942
t_num: 24 finish: 1473409974 823754846 start: 1473409973 747722479
t_num: 20 finish: 1473409974 836453512 start: 1473409972 80164147
t_num: 23 finish: 1473409974 993006705 start: 1473409972 887415867
t_num: 15 finish: 1473409975 53840813 start: 1473409973 566634732
t_num: 31 finish: 1473409975 267698253 start: 1473409973 384943381
t_num: 17 finish: 1473409975 271389229 start: 1473409972 532919100
t_num: 4 finish: 1473409975 379711549 start: 1473409974 792921428
t_num: 3 finish: 1473409975 379716872 start: 1473409974 49824710
t_num: 11 finish: 1473409975 379802694 start: 1473409973 387666194
t_num: 2 finish: 1473409975 568987470 start: 1473409973 700846409
t_num: 0 finish: 1473409975 606924525 start: 1473409973 905103002
t_num: 29 finish: 1473409975 634221404 start: 1473409974 114075409
t_num: 7 finish: 1473409975 704249247 start: 1473409974 727159189
t_num: 6 finish: 1473409975 704477716 start: 1473409974 619222131
t_num: 12 finish: 1473409975 775156403 start: 1473409974 113596899
t_num: 28 finish: 1473409975 775200126 start: 1473409973 40592074
t_num: 13 finish: 1473409976 198013832 start: 1473409974 353233176
t_num: 21 finish: 1473409976 242785319 start: 1473409973 915625880
t_num: 24 finish: 1473409976 275638864 start: 1473409974 823812231
t_num: 22 finish: 1473409976 838921249 start: 1473409974 672665436
t_num: 17 finish: 1473409976 931218905 start: 1473409975 271411105
t_num: 29 finish: 1473409977 38402848 start: 1473409975 634242480
t_num: 20 finish: 1473409977 39037427 start: 1473409975 138738692
t_num: 7 finish: 1473409977 448066541 start: 1473409975 704271378
t_num: 2 finish: 1473409977 448975509 start: 1473409975 569008944
t_num: 10 finish: 1473409977 463292935 start: 1473409975 330467702
t_num: 23 finish: 1473409977 753116663 start: 1473409976 488389604
t_num: 9 finish: 1473409977 786479092 start: 1473409976 757055649
t_num: 11 finish: 1473409977 860245609 start: 1473409975 379821402
t_num: 26 finish: 1473409977 917148564 start: 1473409976 275696808
t_num: 13 finish: 1473409977 946556813 start: 1473409976 198079696
t_num: 21 finish: 1473409978 18744543 start: 1473409976 242839442
t_num: 16 finish: 1473409978 363648916 start: 1473409976 198053645
t_num: 0 finish: 1473409978 424833098 start: 1473409976 741741516
t_num: 22 finish: 1473409978 469742430 start: 1473409977 458612561
t_num: 31 finish: 1473409978 536582186 start: 1473409977 305827135
t_num: 29 finish: 1473409978 702343941 start: 1473409977 38441199
t_num: 4 finish: 1473409978 723412440 start: 1473409976 565568967
t_num: 27 finish: 1473409978 925964040 start: 1473409977 177493076
t_num: 2 finish: 1473409979 342092088 start: 1473409977 512098772
t_num: 18 finish: 1473409979 706926774 start: 1473409977 436913858
t_num: 12 finish: 1473409979 728080389 start: 1473409977 468555508
t_num: 24 finish: 1473409980 58785860 start: 1473409977 913617469
t_num: 0 finish: 1473409980 128450177 start: 1473409978 424916064
t_num: 10 finish: 1473409980 172925777 start: 1473409977 914398875
t_num: 29 finish: 1473409980 173039771 start: 1473409978 702371812
t_num: 31 finish: 1473409980 206687937 start: 1473409978 536634103
t_num: 22 finish: 1473409980 224720487 start: 1473409978 469779958
t_num: 1 finish: 1473409980 287989988 start: 1473409979 184930893
t_num: 13 finish: 1473409980 419765142 start: 1473409977 946574957
t_num: 17 finish: 1473409980 492791183 start: 1473409977 915647375
t_num: 4 finish: 1473409980 492805003 start: 1473409979 889774577
t_num: 16 finish: 1473409980 574865359 start: 1473409978 363689683
t_num: 23 finish: 1473409980 638923367 start: 1473409977 859534072
t_num: 10 finish: 1473409980 839705517 start: 1473409980 172965124
t_num: 8 finish: 1473409980 926450712 start: 1473409978 180093110
t_num: 20 finish: 1473409980 983479438 start: 1473409979 246309431
t_num: 29 finish: 1473409981 69427331 start: 1473409980 173058699
t_num: 26 finish: 1473409981 172200494 start: 1473409979 695573580
t_num: 15 finish: 1473409981 173111855 start: 1473409980 58754819
t_num: 27 finish: 1473409981 212944888 start: 1473409978 926001298
t_num: 25 finish: 1473409981 281666093 start: 1473409979 894753269
t_num: 12 finish: 1473409981 371138950 start: 1473409980 362504617
t_num: 30 finish: 1473409981 813596776 start: 1473409979 953241375
t_num: 17 finish: 1473409982 394522296 start: 1473409980 536726404
t_num: 2 finish: 1473409982 558908107 start: 1473409979 342128478
t_num: 23 finish: 1473409982 731589981 start: 1473409981 341667852
t_num: 11 finish: 1473409982 826560809 start: 1473409980 128487697
t_num: 10 finish: 1473409982 898391959 start: 1473409980 839746055
t_num: 20 finish: 1473409982 938321933 start: 1473409980 983502751
t_num: 16 finish: 1473409982 980890171 start: 1473409980 574888306
t_num: 14 finish: 1473409983 18491531 start: 1473409982 473581870
t_num: 17 finish: 1473409983 327145168 start: 1473409982 394572650
t_num: 25 finish: 1473409983 367493653 start: 1473409981 281689320
t_num: 4 finish: 1473409983 450426150 start: 1473409981 341457830
t_num: 26 finish: 1473409983 511699769 start: 1473409982 311979686
t_num: 29 finish: 1473409983 540535193 start: 1473409981 69462485
t_num: 15 finish: 1473409983 575900002 start: 1473409981 349728057
t_num: 12 finish: 1473409983 576384210 start: 1473409981 371188749
t_num: 27 finish: 1473409983 816763361 start: 1473409981 212974233
t_num: 18 finish: 1473409983 840159188 start: 1473409982 633007678
t_num: 0 finish: 1473409983 903755589 start: 1473409981 341488983
t_num: 31 finish: 1473409984 220325276 start: 1473409981 876729237
t_num: 16 finish: 1473409984 254735208 start: 1473409982 980912263
t_num: 13 finish: 1473409984 329794388 start: 1473409983 127244532
t_num: 14 finish: 1473409984 412036354 start: 1473409983 18512515
t_num: 5 finish: 1473409984 482310818 start: 1473409983 185865129
t_num: 20 finish: 1473409984 482328863 start: 1473409982 938345531
t_num: 21 finish: 1473409984 482353274 start: 1473409982 981768622
t_num: 29 finish: 1473409984 906686529 start: 1473409983 540562513
t_num: 30 finish: 1473409985 62642053 start: 1473409983 186640183
t_num: 6 finish: 1473409985 216406979 start: 1473409982 691766398
t_num: 17 finish: 1473409985 253263660 start: 1473409984 780642762
t_num: 11 finish: 1473409985 275577319 start: 1473409982 826598823
t_num: 4 finish: 1473409985 407664663 start: 1473409983 450462312
t_num: 26 finish: 1473409985 804452834 start: 1473409984 387972457
t_num: 27 finish: 1473409985 868847024 start: 1473409984 388239376
t_num: 14 finish: 1473409985 991030233 start: 1473409984 412058175
t_num: 15 finish: 1473409986 60504273 start: 1473409983 575937772
t_num: 30 finish: 1473409986 83263190 start: 1473409985 62672204
t_num: 10 finish: 1473409986 84219353 start: 1473409983 840139145
t_num: 1 finish: 1473409986 214651787 start: 1473409984 959490063
t_num: 13 finish: 1473409986 365182786 start: 1473409984 329822929
t_num: 21 finish: 1473409986 419312550 start: 1473409985 165715967
t_num: 11 finish: 1473409986 742056185 start: 1473409985 275597382
t_num: 16 finish: 1473409986 764427926 start: 1473409985 275362544
t_num: 6 finish: 1473409986 765617992 start: 1473409985 216432872
t_num: 31 finish: 1473409987 22927602 start: 1473409985 472539416
t_num: 3 finish: 1473409987 139015446 start: 1473409985 929056570
t_num: 25 finish: 1473409987 386242299 start: 1473409985 216120972
t_num: 17 finish: 1473409987 600366326 start: 1473409985 253287885
t_num: 15 finish: 1473409987 611063852 start: 1473409986 643887719
t_num: 27 finish: 1473409987 815483572 start: 1473409985 868873250
t_num: 26 finish: 1473409987 945051394 start: 1473409985 804497108
t_num: 7 finish: 1473409988 111205319 start: 1473409986 866511572
t_num: 29 finish: 1473409988 307880929 start: 1473409986 14298810
t_num: 6 finish: 1473409988 381302948 start: 1473409986 765637726
t_num: 1 finish: 1473409988 396978254 start: 1473409986 214686056
t_num: 16 finish: 1473409988 520120006 start: 1473409987 146449162
t_num: 30 finish: 1473409988 897854308 start: 1473409986 83288597
t_num: 14 finish: 1473409988 935448904 start: 1473409986 653053178
t_num: 21 finish: 1473409989 112843769 start: 1473409987 585507971
t_num: 31 finish: 1473409989 177714711 start: 1473409987 609741416
t_num: 17 finish: 1473409989 177749756 start: 1473409987 600394448
t_num: 15 finish: 1473409989 468080014 start: 1473409987 611081313
t_num: 11 finish: 1473409989 732132547 start: 1473409987 608977340
t_num: 18 finish: 1473409989 963609661 start: 1473409986 765287195
t_num: 6 finish: 1473409990 61297419 start: 1473409988 381341271
t_num: 28 finish: 1473409990 154635511 start: 1473409986 767177104
t_num: 29 finish: 1473409990 466555440 start: 1473409988 307909819
t_num: 7 finish: 1473409990 467670550 start: 1473409988 111249462
t_num: 8 finish: 1473409990 556018576 start: 1473409987 577118851
t_num: 1 finish: 1473409991 60477371 start: 1473409988 397024197
t_num: 30 finish: 1473409991 234649831 start: 1473409988 897898136
t_num: 31 finish: 1473409991 365007532 start: 1473409989 177751237
t_num: 5 finish: 1473409991 419217576 start: 1473409989 41903435
t_num: 14 finish: 1473409991 453338384 start: 1473409988 935483154
t_num: 16 finish: 1473409991 658981690 start: 1473409989 300106947
t_num: 4 finish: 1473409991 786517222 start: 1473409989 177780196
t_num: 26 finish: 1473409991 865697475 start: 1473409989 519203815
t_num: 28 finish: 1473409992 280440723 start: 1473409990 154675567
t_num: 15 finish: 1473409992 302069939 start: 1473409990 830377247
t_num: 30 finish: 1473409992 494357286 start: 1473409991 234691057
t_num: 17 finish: 1473409992 582624912 start: 1473409989 990800688
t_num: 6 finish: 1473409992 582664310 start: 1473409990 61333536
t_num: 22 finish: 1473409992 707661111 start: 1473409991 142599987
t_num: 7 finish: 1473409992 792529991 start: 1473409991 562814831
t_num: 31 finish: 1473409992 801597155 start: 1473409991 563520814
t_num: 29 finish: 1473409992 860656697 start: 1473409990 466607874
t_num: 19 finish: 1473409993 140223817 start: 1473409991 92566699
t_num: 11 finish: 1473409993 257234942 start: 1473409990 527544556
t_num: 28 finish: 1473409993 375816587 start: 1473409992 280471405
t_num: 3 finish: 1473409993 585388674 start: 1473409991 307692325
t_num: 5 finish: 1473409993 587371211 start: 1473409991 563508935
t_num: 1 finish: 1473409993 587380122 start: 1473409991 675072026
t_num: 26 finish: 1473409993 587416577 start: 1473409991 865722233
t_num: 27 finish: 1473409993 612030462 start: 1473409991 537623729
t_num: 18 finish: 1473409993 614610713 start: 1473409991 343895581
t_num: 15 finish: 1473409993 619831282 start: 1473409992 302097202
t_num: 13 finish: 1473409993 679806329 start: 1473409992 582701417
t_num: 4 finish: 1473409993 883124014 start: 1473409992 516021861
t_num: 24 finish: 1473409994 100347980 start: 1473409991 557448357
t_num: 30 finish: 1473409994 100437221 start: 1473409992 494399058
t_num: 22 finish: 1473409994 109864767 start: 1473409992 707737150
t_num: 3 finish: 1473409994 216341114 start: 1473409993 585425992
t_num: 19 finish: 1473409994 216358830 start: 1473409993 140257995
t_num: 18 finish: 1473409994 524442078 start: 1473409993 614631349
t_num: 17 finish: 1473409994 526185148 start: 1473409992 582666017
t_num: 14 finish: 1473409994 603728997 start: 1473409993 157598787
t_num: 12 finish: 1473409994 658892813 start: 1473409992 766818245
t_num: 7 finish: 1473409994 908562853 start: 1473409994 100383508
t_num: 21 finish: 1473409995 60975486 start: 1473409993 729326335
t_num: 28 finish: 1473409995 80542280 start: 1473409993 375854203
t_num: 16 finish: 1473409995 182912331 start: 1473409993 50480972
t_num: 11 finish: 1473409995 245408005 start: 1473409993 257266613
t_num: 31 finish: 1473409995 446739008 start: 1473409994 236124410
t_num: 10 finish: 1473409995 557315265 start: 1473409994 483834972
t_num: 5 finish: 1473409995 860376892 start: 1473409994 539176529
t_num: 30 finish: 1473409996 106140280 start: 1473409994 815708129
t_num: 21 finish: 1473409996 108499743 start: 1473409995 61013142
t_num: 22 finish: 1473409996 156533612 start: 1473409994 109888299
t_num: 29 finish: 1473409996 159037013 start: 1473409994 658048571
t_num: 14 finish: 1473409997 8658581 start: 1473409994 603785053
t_num: 17 finish: 1473409997 96818936 start: 1473409994 815987972
t_num: 15 finish: 1473409997 117713527 start: 1473409994 526200557
t_num: 2 finish: 1473409997 246203375 start: 1473409994 867982223
t_num: 24 finish: 1473409997 248071080 start: 1473409994 100415835
t_num: 12 finish: 1473409997 420711737 start: 1473409996 347793836
t_num: 8 finish: 1473409997 566819349 start: 1473409995 557195684
t_num: 19 finish: 1473409997 641935782 start: 1473409995 337844047
t_num: 18 finish: 1473409997 641987453 start: 1473409995 182758922
t_num: 14 finish: 1473409997 872520035 start: 1473409997 8682139
t_num: 30 finish: 1473409998 100932808 start: 1473409996 817085282
t_num: 1 finish: 1473409998 103876836 start: 1473409996 437249599
t_num: 29 finish: 1473409998 104541370 start: 1473409996 159059546
t_num: 10 finish: 1473409998 168064710 start: 1473409996 566844467
t_num: 28 finish: 1473409998 408467996 start: 1473409995 923068872
t_num: 21 finish: 1473409998 408636117 start: 1473409996 108516481
t_num: 27 finish: 1473409998 581634807 start: 1473409995 503276241
t_num: 11 finish: 1473409998 817444904 start: 1473409995 997818895
t_num: 31 finish: 1473409998 847786821 start: 1473409996 188223128
t_num: 3 finish: 1473409998 899746878 start: 1473409997 475123545
t_num: 22 finish: 1473409998 899995065 start: 1473409996 156568315
t_num: 4 finish: 1473409999 95883008 start: 1473409996 992233847
t_num: 30 finish: 1473409999 98063551 start: 1473409998 100965455
t_num: 24 finish: 1473409999 477726776 start: 1473409997 248092768
t_num: 19 finish: 1473409999 874300721 start: 1473409997 641980133
t_num: 5 finish: 1473409999 963458215 start: 1473409995 860422085
t_num: 28 finish: 1473410000 1228866 start: 1473409998 899756121
t_num: 15 finish: 1473410000 122006993 start: 1473409998 581680256
t_num: 2 finish: 1473410000 178762398 start: 1473409997 246247036
t_num: 18 finish: 1473410000 290759498 start: 1473409997 642006294
t_num: 25 finish: 1473410000 293489693 start: 1473409998 408531051
t_num: 21 finish: 1473410000 498413587 start: 1473409998 408655672
t_num: 10 finish: 1473410000 563893857 start: 1473409998 168105172
t_num: 1 finish: 1473410000 686230634 start: 1473409998 648220171
t_num: 8 finish: 1473410000 686330429 start: 1473409998 971873538
t_num: 2 finish: 1473410000 715066579 start: 1473410000 178806958
t_num: 27 finish: 1473410000 994700551 start: 1473409998 581792208
t_num: 17 finish: 1473410001 5990352 start: 1473409998 105148707
t_num: 22 finish: 1473410001 247547555 start: 1473409998 900011250
t_num: 3 finish: 1473410001 279562008 start: 1473409998 899764546
t_num: 11 finish: 1473410001 312936212 start: 1473409998 817487497
t_num: 4 finish: 1473410001 506464196 start: 1473409999 936327866
t_num: 8 finish: 1473410001 730141727 start: 1473410000 686349142
t_num: 0 finish: 1473410002 249134795 start: 1473410000 926651811
t_num: 28 finish: 1473410002 549601412 start: 1473410000 1264764
t_num: 24 finish: 1473410002 744212749 start: 1473410000 993949260
t_num: 21 finish: 1473410002 788526639 start: 1473410001 87007569
t_num: 1 finish: 1473410002 793490506 start: 1473410000 686269518
t_num: 18 finish: 1473410002 823496060 start: 1473410001 113590035
t_num: 19 finish: 1473410003 22390062 start: 1473410000 433521012
t_num: 15 finish: 1473410003 167700588 start: 1473410001 7211649
t_num: 2 finish: 1473410003 321192246 start: 1473410000 715083795
t_num: 30 finish: 1473410003 914093523 start: 1473410000 44689515
t_num: 22 finish: 1473410003 945528781 start: 1473410001 853221887
t_num: 25 finish: 1473410003 945530708 start: 1473410000 714272599
t_num: 27 finish: 1473410003 945792929 start: 1473410001 472687164
t_num: 1 finish: 1473410004 32174574 start: 1473410002 793507530
t_num: 0 finish: 1473410004 461137115 start: 1473410002 249165869
t_num: 21 finish: 1473410004 567481988 start: 1473410002 788551855
t_num: 13 finish: 1473410004 649068161 start: 1473410002 548874955
t_num: 17 finish: 1473410004 777078588 start: 1473410001 854701960
t_num: 19 finish: 1473410004 820373583 start: 1473410003 22424264
t_num: 20 finish: 1473410005 1137297 start: 1473410003 658918263
t_num: 3 finish: 1473410005 100924841 start: 1473410002 945417808
t_num: 26 finish: 1473410005 166000421 start: 1473410002 846739901
t_num: 24 finish: 1473410005 175924763 start: 1473410002 744246701
t_num: 23 finish: 1473410005 176286599 start: 1473410003 945864785
t_num: 18 finish: 1473410005 180227491 start: 1473410004 537206800
t_num: 25 finish: 1473410005 373198754 start: 1473410003 945596400
t_num: 10 finish: 1473410005 468062452 start: 1473410002 832007285
t_num: 22 finish: 1473410005 510678370 start: 1473410003 945556925
t_num: 1 finish: 1473410005 511016665 start: 1473410004 32207195
t_num: 30 finish: 1473410005 901053853 start: 1473410003 914134891
t_num: 13 finish: 1473410005 952585292 start: 1473410004 649121324
t_num: 9 finish: 1473410005 952712136 start: 1473410004 60713696
t_num: 4 finish: 1473410005 952742213 start: 1473410004 780211997
t_num: 12 finish: 1473410006 381644072 start: 1473410004 61943541
t_num: 21 finish: 1473410006 440421769 start: 1473410005 597851750
t_num: 19 finish: 1473410006 567494313 start: 1473410005 131338830
t_num: 0 finish: 1473410006 849453124 start: 1473410004 860786174
t_num: 25 finish: 1473410006 975379970 start: 1473410005 373242639
t_num: 3 finish: 1473410007 6807035 start: 1473410005 101010226
t_num: 27 finish: 1473410007 36528547 start: 1473410004 612526567
t_num: 1 finish: 1473410007 36555406 start: 1473410005 511037758
t_num: 30 finish: 1473410007 36706881 start: 1473410005 901086329
t_num: 7 finish: 1473410007 59358609 start: 1473410005 1766091
t_num: 23 finish: 1473410007 161206060 start: 1473410005 176323444
t_num: 18 finish: 1473410007 364823360 start: 1473410006 410882704
t_num: 2 finish: 1473410007 529117375 start: 1473410005 130798797
t_num: 12 finish: 1473410007 543288163 start: 1473410006 381673260
t_num: 17 finish: 1473410007 631504309 start: 1473410006 409395361
t_num: 20 finish: 1473410007 727126315 start: 1473410005 729380649
t_num: 9 finish: 1473410007 795139371 start: 1473410005 952732359
t_num: 23 finish: 1473410007 913076336 start: 1473410007 161262019
t_num: 3 finish: 1473410008 140923287 start: 1473410007 6826796
t_num: 6 finish: 1473410008 252831341 start: 1473410006 310904304
t_num: 4 finish: 1473410008 379056772 start: 1473410005 952760561
t_num: 19 finish: 1473410008 755650797 start: 1473410006 567530957
t_num: 29 finish: 1473410008 805462087 start: 1473410007 566901827
t_num: 13 finish: 1473410008 841933022 start: 1473410007 296042728
t_num: 27 finish: 1473410009 75824126 start: 1473410007 36549210
t_num: 17 finish: 1473410009 77079021 start: 1473410007 631545101
t_num: 7 finish: 1473410009 100592611 start: 1473410007 59375913
t_num: 18 finish: 1473410009 521641650 start: 1473410007 364855164
t_num: 23 finish: 1473410009 544446752 start: 1473410007 913101307
t_num: 15 finish: 1473410009 660007897 start: 1473410008 76412607
t_num: 30 finish: 1473410009 663879895 start: 1473410007 528846719
t_num: 5 finish: 1473410009 667484620 start: 1473410007 235708744
t_num: 31 finish: 1473410010 322813220 start: 1473410008 671229033
t_num: 20 finish: 1473410010 802029782 start: 1473410007 727158437
t_num: 22 finish: 1473410010 812006936 start: 1473410008 270486697
t_num: 6 finish: 1473410010 812541473 start: 1473410008 252868623
t_num: 17 finish: 1473410011 389160358 start: 1473410009 77099377
t_num: 9 finish: 1473410011 401065300 start: 1473410008 575969772
t_num: 0 finish: 1473410011 401890079 start: 1473410009 28553843
t_num: 2 finish: 1473410011 532650632 start: 1473410008 485127088
t_num: 13 finish: 1473410011 727244136 start: 1473410008 841975556
t_num: 3 finish: 1473410012 778776319 start: 1473410009 374793104
t_num: 4 finish: 1473410013 31781441 start: 1473410008 803916869
t_num: 15 finish: 1473410013 100259905 start: 1473410009 660051127
t_num: 23 finish: 1473410013 118800109 start: 1473410011 370379368
t_num: 30 finish: 1473410013 255646779 start: 1473410011 384584539
t_num: 14 finish: 1473410013 255749563 start: 1473410011 730958959
t_num: 29 finish: 1473410013 268494630 start: 1473410008 805486829
t_num: 7 finish: 1473410013 357836717 start: 1473410010 71802362
t_num: 22 finish: 1473410013 382605233 start: 1473410010 812039152
t_num: 31 finish: 1473410013 382738376 start: 1473410012 923822995
t_num: 8 finish: 1473410013 572716665 start: 1473410011 727479166
t_num: 13 finish: 1473410013 596588887 start: 1473410011 727287589
t_num: 17 finish: 1473410013 623449201 start: 1473410011 389191762
t_num: 15 finish: 1473410013 650599886 start: 1473410013 100286015
t_num: 26 finish: 1473410013 669492917 start: 1473410012 768588750
t_num: 19 finish: 1473410013 670404052 start: 1473410011 727351190
t_num: 3 finish: 1473410013 854785055 start: 1473410013 285352972
t_num: 4 finish: 1473410014 379624604 start: 1473410013 31817067
t_num: 2 finish: 1473410014 414920921 start: 1473410013 100277478
t_num: 7 finish: 1473410014 739342216 start: 1473410013 536424917
t_num: 0 finish: 1473410014 740284640 start: 1473410013 490707690
t_num: 29 finish: 1473410014 740342985 start: 1473410013 897982054
t_num: 21 finish: 1473410014 777253702 start: 1473410013 423208775
t_num: 31 finish: 1473410015 322563622 start: 1473410013 382772318
t_num: 30 finish: 1473410015 386185853 start: 1473410013 402552653
t_num: 23 finish: 1473410015 469124978 start: 1473410013 118833494
t_num: 27 finish: 1473410015 638660728 start: 1473410014 315085025
t_num: 17 finish: 1473410015 880664799 start: 1473410013 623485320
t_num: 9 finish: 1473410016 15510514 start: 1473410014 778040510
t_num: 22 finish: 1473410016 16309884 start: 1473410013 382639332
t_num: 26 finish: 1473410016 126591107 start: 1473410014 613738806
t_num: 29 finish: 1473410016 306448076 start: 1473410014 740359083
t_num: 15 finish: 1473410016 535215339 start: 1473410013 650631129
t_num: 19 finish: 1473410016 536029970 start: 1473410014 738390401
t_num: 3 finish: 1473410016 536042573 start: 1473410014 778053962
t_num: 11 finish: 1473410016 613464367 start: 1473410014 378588633
t_num: 25 finish: 1473410016 617711736 start: 1473410013 670268750
t_num: 2 finish: 1473410016 617846258 start: 1473410014 414942862
t_num: 21 finish: 1473410016 619487150 start: 1473410015 686313840
t_num: 27 finish: 1473410016 933781150 start: 1473410015 638708034
t_num: 4 finish: 1473410017 232658719 start: 1473410014 379652504
t_num: 10 finish: 1473410017 240268007 start: 1473410015 384727886
t_num: 7 finish: 1473410017 407991125 start: 1473410015 875098108
t_num: 0 finish: 1473410017 414260389 start: 1473410015 252839053
t_num: 20 finish: 1473410017 629579608 start: 1473410015 447518694
t_num: 15 finish: 1473410017 665955504 start: 1473410016 535239230
t_num: 21 finish: 1473410017 869317848 start: 1473410016 619506596
t_num: 11 finish: 1473410017 897201649 start: 1473410016 613502541
t_num: 29 finish: 1473410018 431875895 start: 1473410016 306503187
t_num: 30 finish: 1473410018 431920441 start: 1473410015 386209674
t_num: 9 finish: 1473410018 766472993 start: 1473410017 208773370
t_num: 0 finish: 1473410018 771413245 start: 1473410017 414288382
t_num: 31 finish: 1473410019 37888417 start: 1473410016 619854737
t_num: 2 finish: 1473410019 39883559 start: 1473410017 233919808
t_num: 25 finish: 1473410019 115597446 start: 1473410016 617738542
t_num: 17 finish: 1473410019 204078418 start: 1473410016 535189659
t_num: 15 finish: 1473410019 507681054 start: 1473410017 665983735
t_num: 20 finish: 1473410019 664403451 start: 1473410017 629622732
t_num: 7 finish: 1473410019 722036255 start: 1473410017 408028080
t_num: 6 finish: 1473410019 749879249 start: 1473410017 734194926
t_num: 28 finish: 1473410020 125500357 start: 1473410017 901540286
t_num: 12 finish: 1473410020 134061549 start: 1473410017 893355716
t_num: 10 finish: 1473410020 143031915 start: 1473410017 515663696
t_num: 19 finish: 1473410021 466678029 start: 1473410017 245677294
t_num: 29 finish: 1473410021 523720968 start: 1473410018 938770176
t_num: 11 finish: 1473410021 834408722 start: 1473410018 913888704
t_num: 14 finish: 1473410022 116946056 start: 1473410019 664049449
t_num: 30 finish: 1473410022 304284140 start: 1473410019 148851511
t_num: 17 finish: 1473410022 304386656 start: 1473410019 204110177
t_num: 21 finish: 1473410022 472496270 start: 1473410019 115861145
t_num: 24 finish: 1473410022 621111807 start: 1473410019 490824864
t_num: 20 finish: 1473410022 626744161 start: 1473410021 477793206
t_num: 0 finish: 1473410022 635466987 start: 1473410019 664079579
t_num: 29 finish: 1473410022 965379397 start: 1473410021 523953774
t_num: 25 finish: 1473410022 966019242 start: 1473410019 115622413
t_num: 15 finish: 1473410022 978036852 start: 1473410021 523755608
t_num: 12 finish: 1473410023 796251209 start: 1473410020 134083912
t_num: 27 finish: 1473410025 570159936 start: 1473410019 478346671
t_num: 7 finish: 1473410026 97967680 start: 1473410022 42501140
t_num: 28 finish: 1473410026 132403906 start: 1473410021 462625076
t_num: 8 finish: 1473410026 217962524 start: 1473410022 125657210
t_num: 20 finish: 1473410026 234865138 start: 1473410022 626766183
t_num: 16 finish: 1473410026 667118904 start: 1473410023 57560900
t_num: 5 finish: 1473410027 509553665 start: 1473410022 635342914
t_num: 14 finish: 1473410028 252666507 start: 1473410022 965470010
t_num: 1 finish: 1473410028 301652230 start: 1473410025 616189201
t_num: 25 finish: 1473410028 308375696 start: 1473410022 966038309
t_num: 17 finish: 1473410028 556538695 start: 1473410023 37354504
t_num: 10 finish: 1473410028 560022766 start: 1473410022 634517024
t_num: 29 finish: 1473410028 567260294 start: 1473410022 965416129
t_num: 31 finish: 1473410028 568042575 start: 1473410022 637959368
t_num: 18 finish: 1473410028 616234101 start: 1473410023 948257910
t_num: 24 finish: 1473410028 616537545 start: 1473410022 621148749
t_num: 27 finish: 1473410028 662215928 start: 1473410025 570191497
t_num: 9 finish: 1473410028 662217617 start: 1473410023 77220295
t_num: 15 finish: 1473410028 760191287 start: 1473410025 617449118
t_num: 8 finish: 1473410029 193590866 start: 1473410026 217993356
t_num: 21 finish: 1473410029 197135561 start: 1473410028 560823496
t_num: 14 finish: 1473410029 202961571 start: 1473410028 252711306
t_num: 7 finish: 1473410029 212495746 start: 1473410026 98010708
t_num: 26 finish: 1473410029 220022888 start: 1473410025 615657249
t_num: 16 finish: 1473410029 628211039 start: 1473410026 667148067
t_num: 15 finish: 1473410029 716285033 start: 1473410028 760251911
t_num: 3 finish: 1473410029 726642685 start: 1473410026 663766080
t_num: 25 finish: 1473410029 730701117 start: 1473410028 308396481
t_num: 31 finish: 1473410029 768417010 start: 1473410028 568063145
t_num: 9 finish: 1473410029 768417023 start: 1473410028 662253857
t_num: 20 finish: 1473410029 805446060 start: 1473410026 234887310
t_num: 12 finish: 1473410029 921532647 start: 1473410029 316430883
t_num: 2 finish: 1473410029 965237612 start: 1473410029 213438986
t_num: 5 finish: 1473410030 17338865 start: 1473410028 618161635
t_num: 16 finish: 1473410030 43842195 start: 1473410029 628238918
t_num: 11 finish: 1473410030 116144109 start: 1473410026 174350044
t_num: 23 finish: 1473410030 162370205 start: 1473410028 611841789
t_num: 17 finish: 1473410030 271833726 start: 1473410028 826409409
t_num: 24 finish: 1473410030 282999475 start: 1473410028 616574296
t_num: 19 finish: 1473410030 283089825 start: 1473410029 734987142
t_num: 31 finish: 1473410030 283164192 start: 1473410029 768460763
t_num: 18 finish: 1473410030 347932315 start: 1473410029 625299390
t_num: 15 finish: 1473410031 30107492 start: 1473410029 805418917
t_num: 28 finish: 1473410031 120148113 start: 1473410029 212448717
t_num: 7 finish: 1473410031 233592162 start: 1473410029 212515557
t_num: 26 finish: 1473410031 256624107 start: 1473410029 711453578
t_num: 13 finish: 1473410031 356167152 start: 1473410030 108405539
t_num: 12 finish: 1473410031 393577681 start: 1473410029 921564146
t_num: 21 finish: 1473410031 397713597 start: 1473410029 921836625
t_num: 5 finish: 1473410031 478975501 start: 1473410030 17408293
t_num: 20 finish: 1473410031 535167117 start: 1473410030 383734404
t_num: 8 finish: 1473410031 636101882 start: 1473410029 193634739
t_num: 10 finish: 1473410031 755345853 start: 1473410029 921744301
t_num: 9 finish: 1473410031 903967240 start: 1473410030 383681671
t_num: 29 finish: 1473410031 943200725 start: 1473410029 921865457
t_num: 23 finish: 1473410031 999104950 start: 1473410030 162399548
t_num: 28 finish: 1473410032 107977279 start: 1473410031 120177048
t_num: 13 finish: 1473410032 802249915 start: 1473410031 356188322
t_num: 11 finish: 1473410032 802452388 start: 1473410030 116174083
t_num: 3 finish: 1473410032 802516974 start: 1473410030 176559456
t_num: 17 finish: 1473410032 802622994 start: 1473410031 428004314
t_num: 15 finish: 1473410032 804380079 start: 1473410031 653255973
t_num: 30 finish: 1473410033 134377599 start: 1473410030 176846481
t_num: 31 finish: 1473410033 134427070 start: 1473410030 574252302
t_num: 8 finish: 1473410033 641804709 start: 1473410031 835495396
t_num: 0 finish: 1473410033 736264070 start: 1473410031 478900332
t_num: 7 finish: 1473410033 737058156 start: 1473410031 233624176
t_num: 29 finish: 1473410033 847954377 start: 1473410031 943226630
t_num: 20 finish: 1473410033 847977241 start: 1473410031 535193640
t_num: 27 finish: 1473410034 525875104 start: 1473410032 532944837
t_num: 19 finish: 1473410034 559034618 start: 1473410031 295488763
t_num: 16 finish: 1473410034 587633193 start: 1473410031 350391520
t_num: 13 finish: 1473410034 599637701 start: 1473410032 802277298
t_num: 21 finish: 1473410035 148740650 start: 1473410032 800299193
t_num: 8 finish: 1473410035 289681272 start: 1473410033 641863709
t_num: 22 finish: 1473410035 347230648 start: 1473410034 503341903
t_num: 30 finish: 1473410035 374066701 start: 1473410033 736688823
t_num: 31 finish: 1473410035 516084352 start: 1473410033 134442510
t_num: 19 finish: 1473410035 575251198 start: 1473410034 559066035
t_num: 3 finish: 1473410035 714867162 start: 1473410032 802534250
t_num: 24 finish: 1473410035 748882137 start: 1473410033 642142614
t_num: 14 finish: 1473410035 824945817 start: 1473410034 562709209
t_num: 17 finish: 1473410035 949398843 start: 1473410032 802642886
t_num: 6 finish: 1473410036 18983242 start: 1473410033 926612890
t_num: 11 finish: 1473410036 114422043 start: 1473410034 727394849
t_num: 27 finish: 1473410036 201841732 start: 1473410034 525901428
t_num: 1 finish: 1473410036 272566747 start: 1473410034 691472442
t_num: 12 finish: 1473410036 819870739 start: 1473410033 244132742
t_num: 29 finish: 1473410037 599887741 start: 1473410034 500216520
t_num: 16 finish: 1473410037 766909224 start: 1473410034 587657062
t_num: 30 finish: 1473410038 56248023 start: 1473410035 374098461
t_num: 13 finish: 1473410038 746574215 start: 1473410036 48247838
t_num: 28 finish: 1473410038 817670429 start: 1473410033 641910918
t_num: 21 finish: 1473410038 862619861 start: 1473410036 48231374
t_num: 3 finish: 1473410038 862889285 start: 1473410036 50368914
t_num: 9 finish: 1473410038 862909352 start: 1473410035 111232331
t_num: 8 finish: 1473410038 881538852 start: 1473410036 26490473
t_num: 22 finish: 1473410039 2132262 start: 1473410035 347258289
t_num: 31 finish: 1473410039 173253979 start: 1473410035 516127032
t_num: 10 finish: 1473410039 196412435 start: 1473410036 26352268
t_num: 6 finish: 1473410039 217351109 start: 1473410036 154014371
t_num: 17 finish: 1473410039 259949236 start: 1473410035 949441428
t_num: 16 finish: 1473410039 270332701 start: 1473410038 736317373
t_num: 12 finish: 1473410039 441948138 start: 1473410036 819915173
t_num: 24 finish: 1473410039 480232644 start: 1473410035 748907318
t_num: 20 finish: 1473410039 578182038 start: 1473410035 575288159
t_num: 27 finish: 1473410040 43851856 start: 1473410038 608334780
t_num: 9 finish: 1473410040 131943078 start: 1473410038 862925975
t_num: 30 finish: 1473410040 166643162 start: 1473410038 488676607
t_num: 11 finish: 1473410040 205512531 start: 1473410038 677608644
t_num: 14 finish: 1473410040 225741989 start: 1473410038 158242521
t_num: 23 finish: 1473410040 230037144 start: 1473410039 2114770
t_num: 10 finish: 1473410040 498503318 start: 1473410039 196435741
t_num: 22 finish: 1473410040 615113715 start: 1473410039 2151805
t_num: 16 finish: 1473410040 658247153 start: 1473410039 270372493
t_num: 12 finish: 1473410040 700825711 start: 1473410039 441983170
t_num: 6 finish: 1473410040 783202020 start: 1473410039 596004768
t_num: 13 finish: 1473410040 806130939 start: 1473410039 281046181
t_num: 28 finish: 1473410041 240937327 start: 1473410039 213719694
t_num: 0 finish: 1473410041 538467304 start: 1473410040 55031111
t_num: 21 finish: 1473410041 559339177 start: 1473410038 862660599
t_num: 30 finish: 1473410041 560917643 start: 1473410040 166686430
t_num: 23 finish: 1473410041 563422347 start: 1473410040 230057429
t_num: 9 finish: 1473410041 578188525 start: 1473410040 131983452
t_num: 27 finish: 1473410041 605904880 start: 1473410040 43883184
t_num: 11 finish: 1473410041 883230719 start: 1473410040 205554254
t_num: 26 finish: 1473410041 884109503 start: 1473410039 361022792
t_num: 25 finish: 1473410042 241394468 start: 1473410040 501692619
t_num: 14 finish: 1473410042 512052253 start: 1473410040 532599702
t_num: 16 finish: 1473410042 770803643 start: 1473410040 658272976
t_num: 22 finish: 1473410043 11423921 start: 1473410041 284049993
t_num: 0 finish: 1473410043 13077675 start: 1473410041 538500112
t_num: 17 finish: 1473410043 14125347 start: 1473410040 500652107
t_num: 15 finish: 1473410043 63676278 start: 1473410040 614722265
t_num: 7 finish: 1473410043 162125712 start: 1473410041 163194349
t_num: 21 finish: 1473410043 194085149 start: 1473410041 559380109
t_num: 24 finish: 1473410043 325533727 start: 1473410041 505927397
t_num: 20 finish: 1473410043 354296439 start: 1473410041 726742236
t_num: 13 finish: 1473410043 410194361 start: 1473410040 806154440
t_num: 28 finish: 1473410043 410850328 start: 1473410041 240980515
t_num: 12 finish: 1473410043 588569971 start: 1473410041 108404785
t_num: 3 finish: 1473410044 43472717 start: 1473410041 856760666
t_num: 25 finish: 1473410044 127614689 start: 1473410042 241457764
t_num: 16 finish: 1473410044 267731444 start: 1473410042 770831575
t_num: 11 finish: 1473410044 517062297 start: 1473410041 883276497
t_num: 9 finish: 1473410044 570421718 start: 1473410041 578226746
t_num: 14 finish: 1473410044 570465594 start: 1473410042 512097522
t_num: 8 finish: 1473410044 651028689 start: 1473410042 650408226
t_num: 26 finish: 1473410044 694335450 start: 1473410043 306786932
t_num: 30 finish: 1473410044 694410690 start: 1473410042 665199816
t_num: 22 finish: 1473410044 838361353 start: 1473410043 11470117
t_num: 5 finish: 1473410044 937129974 start: 1473410042 889279610
t_num: 20 finish: 1473410045 532800016 start: 1473410043 354333271
t_num: 15 finish: 1473410045 593921937 start: 1473410044 213538527
t_num: 0 finish: 1473410045 752679971 start: 1473410043 13099822
t_num: 26 finish: 1473410045 867329588 start: 1473410044 694390678
t_num: 12 finish: 1473410046 168811065 start: 1473410043 588605922
t_num: 16 finish: 1473410046 199490032 start: 1473410044 267813446
t_num: 13 finish: 1473410046 218476527 start: 1473410045 66023108
t_num: 8 finish: 1473410046 312375083 start: 1473410044 651073915
t_num: 1 finish: 1473410046 331852230 start: 1473410045 615715680
t_num: 11 finish: 1473410046 331875796 start: 1473410044 517099690
t_num: 22 finish: 1473410046 479880959 start: 1473410044 838399286
t_num: 28 finish: 1473410046 483519374 start: 1473410043 410871649
t_num: 18 finish: 1473410046 543591138 start: 1473410044 322675453
t_num: 7 finish: 1473410046 552763722 start: 1473410044 18578644
t_num: 25 finish: 1473410046 595341337 start: 1473410044 127649264
t_num: 4 finish: 1473410046 694987084 start: 1473410045 535268740
t_num: 17 finish: 1473410046 695059244 start: 1473410045 470733679
t_num: 14 finish: 1473410046 695384946 start: 1473410044 570484237
t_num: 15 finish: 1473410046 731563891 start: 1473410045 593939134
t_num: 22 finish: 1473410047 255919229 start: 1473410046 479931150
t_num: 13 finish: 1473410047 446770195 start: 1473410046 218497514
t_num: 9 finish: 1473410047 446784389 start: 1473410045 490498705
t_num: 21 finish: 1473410047 518007966 start: 1473410045 189816514
t_num: 5 finish: 1473410047 718756076 start: 1473410046 133419859
t_num: 0 finish: 1473410047 718763594 start: 1473410045 833501998
t_num: 12 finish: 1473410048 77091009 start: 1473410046 168853172
t_num: 11 finish: 1473410048 143759315 start: 1473410046 331890972
t_num: 17 finish: 1473410048 388231166 start: 1473410046 695093313
t_num: 19 finish: 1473410048 429480371 start: 1473410045 770601708
t_num: 1 finish: 1473410048 492950800 start: 1473410046 331870212
t_num: 14 finish: 1473410048 543416879 start: 1473410046 695427597
t_num: 7 finish: 1473410048 576859821 start: 1473410046 552783102
t_num: 18 finish: 1473410048 715838072 start: 1473410046 543637448
t_num: 8 finish: 1473410049 52706307 start: 1473410046 781657229
t_num: 29 finish: 1473410049 260612886 start: 1473410047 320490982
t_num: 28 finish: 1473410049 305527399 start: 1473410047 373055867
t_num: 17 finish: 1473410049 334428152 start: 1473410048 388271490
t_num: 23 finish: 1473410049 515758575 start: 1473410048 493026898
t_num: 22 finish: 1473410049 556785719 start: 1473410047 637037780
t_num: 21 finish: 1473410049 620008651 start: 1473410047 518047179
t_num: 3 finish: 1473410049 695579073 start: 1473410047 719536772
t_num: 12 finish: 1473410049 793779396 start: 1473410048 77120157
t_num: 25 finish: 1473410049 810644667 start: 1473410047 718815640
t_num: 26 finish: 1473410049 951491587 start: 1473410047 774473078
t_num: 9 finish: 1473410050 263655698 start: 1473410047 446849319
t_num: 6 finish: 1473410051 158705531 start: 1473410048 543370778
t_num: 14 finish: 1473410051 300302159 start: 1473410048 543435577
t_num: 16 finish: 1473410051 322169703 start: 1473410048 998076069
t_num: 23 finish: 1473410051 338762356 start: 1473410049 742036928
t_num: 19 finish: 1473410051 384178299 start: 1473410049 95509178
t_num: 8 finish: 1473410051 548719275 start: 1473410049 501260598
t_num: 29 finish: 1473410051 606870598 start: 1473410049 260657230
t_num: 0 finish: 1473410051 675978209 start: 1473410049 438819078
t_num: 13 finish: 1473410051 675982299 start: 1473410049 172239676
t_num: 22 finish: 1473410051 757924450 start: 1473410049 556813417
t_num: 28 finish: 1473410051 859784730 start: 1473410050 197681246
t_num: 21 finish: 1473410051 933033253 start: 1473410050 973267566
t_num: 12 finish: 1473410052 103272071 start: 1473410049 793821025
t_num: 17 finish: 1473410052 270938434 start: 1473410049 741790976
t_num: 6 finish: 1473410052 270941570 start: 1473410051 158737936
t_num: 30 finish: 1473410052 446429804 start: 1473410051 42629143
t_num: 8 finish: 1473410052 661092295 start: 1473410051 548747795
t_num: 9 finish: 1473410052 746063766 start: 1473410051 128449722
t_num: 14 finish: 1473410052 825675850 start: 1473410051 606849383
t_num: 19 finish: 1473410052 870825127 start: 1473410051 384202352
t_num: 7 finish: 1473410052 901776913 start: 1473410049 741806612
t_num: 15 finish: 1473410053 208740103 start: 1473410050 518492395
t_num: 17 finish: 1473410054 365891225 start: 1473410052 270988806
t_num: 26 finish: 1473410054 378386488 start: 1473410051 851696302
t_num: 22 finish: 1473410054 549769829 start: 1473410051 757969823
t_num: 31 finish: 1473410054 549865547 start: 1473410052 22687853
t_num: 9 finish: 1473410054 654641780 start: 1473410052 746096624
t_num: 21 finish: 1473410054 724010763 start: 1473410053 221742891
t_num: 8 finish: 1473410054 931642337 start: 1473410052 661128825
t_num: 16 finish: 1473410055 229759582 start: 1473410052 972571808
t_num: 14 finish: 1473410055 266925134 start: 1473410052 825720403
t_num: 29 finish: 1473410055 397924472 start: 1473410052 450495516
t_num: 2 finish: 1473410055 397989937 start: 1473410052 998995734
t_num: 6 finish: 1473410055 415510409 start: 1473410052 270999549
t_num: 30 finish: 1473410055 542488289 start: 1473410052 446475539
t_num: 0 finish: 1473410055 667126534 start: 1473410053 152292516
t_num: 23 finish: 1473410055 979397273 start: 1473410052 517875730
t_num: 15 finish: 1473410056 6141066 start: 1473410053 208780247
t_num: 27 finish: 1473410056 187505897 start: 1473410053 131589236
t_num: 12 finish: 1473410056 736927976 start: 1473410054 549931991
t_num: 29 finish: 1473410057 240417536 start: 1473410055 397971996
t_num: 26 finish: 1473410057 247999674 start: 1473410055 559583022
t_num: 20 finish: 1473410057 248334249 start: 1473410055 340180047
t_num: 6 finish: 1473410057 272957142 start: 1473410055 415528914
t_num: 28 finish: 1473410057 292984282 start: 1473410054 931069995
t_num: 13 finish: 1473410057 293059700 start: 1473410054 281410115
t_num: 9 finish: 1473410057 495108541 start: 1473410054 654689467
t_num: 18 finish: 1473410057 518652226 start: 1473410055 83777026
t_num: 10 finish: 1473410057 542980289 start: 1473410055 397951163
t_num: 31 finish: 1473410057 648994794 start: 1473410056 479729298
t_num: 30 finish: 1473410057 847200708 start: 1473410055 542521493
t_num: 8 finish: 1473410057 893675702 start: 1473410055 563064134
t_num: 22 finish: 1473410057 959624995 start: 1473410055 789257298
t_num: 2 finish: 1473410057 961427422 start: 1473410055 924558907
t_num: 12 finish: 1473410058 182149763 start: 1473410056 736950795
t_num: 29 finish: 1473410058 346734135 start: 1473410057 240463283
t_num: 27 finish: 1473410058 884933991 start: 1473410057 248012418
t_num: 4 finish: 1473410058 885031343 start: 1473410056 216522541
t_num: 14 finish: 1473410058 929124444 start: 1473410056 311357146
t_num: 15 finish: 1473410058 970879717 start: 1473410056 6164203
t_num: 20 finish: 1473410059 8753707 start: 1473410057 248354107
t_num: 22 finish: 1473410059 116378369 start: 1473410057 959669420
t_num: 23 finish: 1473410059 427300500 start: 1473410056 650935907
t_num: 24 finish: 1473410059 428219535 start: 1473410058 218238583
t_num: 10 finish: 1473410059 647875092 start: 1473410057 542998743
t_num: 28 finish: 1473410059 649175014 start: 1473410058 255277010
t_num: 8 finish: 1473410059 799372239 start: 1473410057 893692320
t_num: 13 finish: 1473410059 799373046 start: 1473410057 293080109
t_num: 2 finish: 1473410060 20050341 start: 1473410057 961448104
t_num: 9 finish: 1473410060 226889408 start: 1473410057 495152128
t_num: 25 finish: 1473410060 522681394 start: 1473410057 962426560
t_num: 18 finish: 1473410060 522819315 start: 1473410058 413414841
t_num: 14 finish: 1473410060 522901841 start: 1473410058 929142404
t_num: 1 finish: 1473410060 625124477 start: 1473410058 314596060
t_num: 6 finish: 1473410060 963558386 start: 1473410058 217989144
t_num: 12 finish: 1473410061 8652805 start: 1473410058 182195700
t_num: 20 finish: 1473410061 263093797 start: 1473410059 8775117
t_num: 11 finish: 1473410061 354904996 start: 1473410058 804911461
t_num: 8 finish: 1473410061 366909677 start: 1473410059 799402565
t_num: 28 finish: 1473410061 366912565 start: 1473410059 649190775
t_num: 22 finish: 1473410061 997633263 start: 1473410059 116415096
t_num: 2 finish: 1473410062 125579619 start: 1473410060 20074164
t_num: 6 finish: 1473410062 272865769 start: 1473410060 963621298
t_num: 19 finish: 1473410062 274076593 start: 1473410059 648573246
t_num: 13 finish: 1473410062 299731001 start: 1473410061 30158089
t_num: 12 finish: 1473410062 333266888 start: 1473410061 8682669
t_num: 1 finish: 1473410062 391957043 start: 1473410060 625157942
t_num: 4 finish: 1473410062 392184736 start: 1473410061 302343759
t_num: 18 finish: 1473410062 491462467 start: 1473410060 522854758
t_num: 23 finish: 1473410062 617669652 start: 1473410060 377666387
t_num: 17 finish: 1473410062 660565838 start: 1473410061 83335601
t_num: 3 finish: 1473410062 726120405 start: 1473410059 720738975
t_num: 9 finish: 1473410063 65451269 start: 1473410061 301495067
t_num: 20 finish: 1473410063 66242991 start: 1473410061 263122324
t_num: 15 finish: 1473410063 323184837 start: 1473410061 85950279
t_num: 19 finish: 1473410063 323203930 start: 1473410062 274095263
t_num: 4 finish: 1473410063 515651167 start: 1473410062 392201978
t_num: 24 finish: 1473410063 516847858 start: 1473410061 150184354
t_num: 11 finish: 1473410063 745770797 start: 1473410061 354971903
t_num: 28 finish: 1473410063 870870425 start: 1473410061 660221537
t_num: 1 finish: 1473410063 917988893 start: 1473410062 391981094
t_num: 14 finish: 1473410063 990838520 start: 1473410061 191580537
t_num: 2 finish: 1473410064 19203666 start: 1473410062 267584776
t_num: 21 finish: 1473410064 242589007 start: 1473410062 129272545
t_num: 3 finish: 1473410064 303340313 start: 1473410062 726153825
t_num: 0 finish: 1473410064 337356272 start: 1473410062 226099586
t_num: 17 finish: 1473410065 22794535 start: 1473410062 660601271
t_num: 20 finish: 1473410065 198904422 start: 1473410063 518024399
t_num: 9 finish: 1473410065 263421267 start: 1473410063 541370883
t_num: 13 finish: 1473410065 529640883 start: 1473410062 299753156
t_num: 12 finish: 1473410065 568728218 start: 1473410063 114254166
t_num: 15 finish: 1473410065 732190222 start: 1473410063 323265832
t_num: 11 finish: 1473410065 769288570 start: 1473410063 745830778
t_num: 6 finish: 1473410065 918988541 start: 1473410064 117820331
t_num: 31 finish: 1473410066 14320240 start: 1473410064 689819251
t_num: 14 finish: 1473410066 14857202 start: 1473410063 990888362
t_num: 7 finish: 1473410066 183361980 start: 1473410064 689607127
t_num: 24 finish: 1473410066 253701189 start: 1473410063 516869189
t_num: 29 finish: 1473410066 274609407 start: 1473410065 581828761
t_num: 10 finish: 1473410066 430720775 start: 1473410063 959102623
t_num: 17 finish: 1473410066 584197687 start: 1473410065 22826492
t_num: 21 finish: 1473410066 598680162 start: 1473410064 866244318
t_num: 3 finish: 1473410066 598689527 start: 1473410064 689750797
t_num: 19 finish: 1473410066 688128962 start: 1473410064 35788163
t_num: 26 finish: 1473410066 708688982 start: 1473410064 393776447
t_num: 4 finish: 1473410066 708698083 start: 1473410064 117862253
t_num: 15 finish: 1473410066 945982906 start: 1473410065 732229670
t_num: 11 finish: 1473410067 291884212 start: 1473410066 674566575
t_num: 22 finish: 1473410067 639051766 start: 1473410066 613365327
t_num: 20 finish: 1473410068 415970279 start: 1473410066 127570343
t_num: 2 finish: 1473410068 494051054 start: 1473410066 217421378
t_num: 0 finish: 1473410068 552517022 start: 1473410065 825613505
t_num: 14 finish: 1473410068 576688134 start: 1473410066 274679431
t_num: 29 finish: 1473410068 577991742 start: 1473410066 838925265
t_num: 13 finish: 1473410068 580337761 start: 1473410066 213540812
t_num: 21 finish: 1473410068 588658698 start: 1473410067 30252222
t_num: 17 finish: 1473410068 591735865 start: 1473410066 946306304
t_num: 7 finish: 1473410068 592342978 start: 1473410066 183396711
t_num: 16 finish: 1473410068 617669109 start: 1473410066 213918970
t_num: 12 finish: 1473410068 641797508 start: 1473410065 568787078
t_num: 4 finish: 1473410068 876552160 start: 1473410067 30288222
t_num: 10 finish: 1473410069 362659463 start: 1473410066 499088801
t_num: 31 finish: 1473410069 363586540 start: 1473410066 387351194
t_num: 3 finish: 1473410069 363663183 start: 1473410066 598730995
t_num: 6 finish: 1473410069 363669496 start: 1473410066 384288607
t_num: 19 finish: 1473410070 257898784 start: 1473410067 903891507
t_num: 26 finish: 1473410070 326387732 start: 1473410067 833557587
t_num: 29 finish: 1473410070 378786307 start: 1473410068 578012582
t_num: 13 finish: 1473410070 478344850 start: 1473410068 580357896
t_num: 5 finish: 1473410070 552862806 start: 1473410068 720712388
t_num: 16 finish: 1473410070 884130287 start: 1473410068 617690199
t_num: 30 finish: 1473410070 885182905 start: 1473410068 631373666
t_num: 6 finish: 1473410071 74259617 start: 1473410069 363712876
t_num: 0 finish: 1473410071 75327644 start: 1473410068 552541709
t_num: 14 finish: 1473410071 76471071 start: 1473410068 576712215
t_num: 7 finish: 1473410071 80132312 start: 1473410068 592362594
t_num: 4 finish: 1473410071 755227351 start: 1473410068 876595423
t_num: 23 finish: 1473410071 776746725 start: 1473410069 244460859
t_num: 17 finish: 1473410071 985650238 start: 1473410070 438908703
t_num: 19 finish: 1473410072 702218 start: 1473410070 257937876
t_num: 20 finish: 1473410072 7812153 start: 1473410070 479918956
t_num: 13 finish: 1473410072 94186845 start: 1473410070 885199094
t_num: 14 finish: 1473410072 240187199 start: 1473410071 76492634
t_num: 29 finish: 1473410072 391687637 start: 1473410070 378832787
t_num: 4 finish: 1473410072 873993512 start: 1473410071 755258487
t_num: 15 finish: 1473410072 975236006 start: 1473410070 974404109
t_num: 10 finish: 1473410073 16087834 start: 1473410070 976943558
t_num: 27 finish: 1473410073 289794533 start: 1473410070 438451448
t_num: 3 finish: 1473410073 378095148 start: 1473410071 455167132
t_num: 25 finish: 1473410073 476022624 start: 1473410070 438743869
t_num: 21 finish: 1473410073 693665913 start: 1473410071 487307662
t_num: 31 finish: 1473410073 813150264 start: 1473410070 438491862
t_num: 30 finish: 1473410073 813334824 start: 1473410070 885206110
t_num: 6 finish: 1473410073 860699017 start: 1473410071 921085408
t_num: 5 finish: 1473410073 860911942 start: 1473410071 588667101
t_num: 26 finish: 1473410074 17661813 start: 1473410070 979725145
t_num: 1 finish: 1473410074 17667250 start: 1473410071 215520016
t_num: 19 finish: 1473410074 371568485 start: 1473410072 386482155
t_num: 20 finish: 1473410074 923772125 start: 1473410072 875577855
t_num: 13 finish: 1473410075 14246234 start: 1473410072 836823532
t_num: 7 finish: 1473410075 181852385 start: 1473410072 637225
t_num: 10 finish: 1473410075 261089109 start: 1473410073 16113650
t_num: 15 finish: 1473410075 538037989 start: 1473410072 975290319
t_num: 21 finish: 1473410075 652030042 start: 1473410073 693709514
t_num: 14 finish: 1473410075 688268966 start: 1473410072 240222562
t_num: 27 finish: 1473410075 887578074 start: 1473410074 798994626
t_num: 8 finish: 1473410075 931069903 start: 1473410073 587866392
t_num: 17 finish: 1473410075 931104270 start: 1473410072 836800659
t_num: 23 finish: 1473410076 349943366 start: 1473410072 357334104
t_num: 24 finish: 1473410076 351606027 start: 1473410073 860013536
t_num: 29 finish: 1473410076 362109122 start: 1473410073 979159965
t_num: 3 finish: 1473410076 379192916 start: 1473410073 978127269
t_num: 6 finish: 1473410076 395536995 start: 1473410073 860719314
t_num: 20 finish: 1473410076 442103422 start: 1473410074 923816709
t_num: 5 finish: 1473410076 567411035 start: 1473410073 860930739
t_num: 10 finish: 1473410076 598504891 start: 1473410075 688511838
t_num: 2 finish: 1473410076 861123951 start: 1473410075 352479529
t_num: 25 finish: 1473410076 898312632 start: 1473410075 608601758
t_num: 23 finish: 1473410076 932305674 start: 1473410076 350003462
t_num: 29 finish: 1473410077 86064188 start: 1473410076 362129057
t_num: 14 finish: 1473410077 149530093 start: 1473410075 688296347
t_num: 4 finish: 1473410077 208576439 start: 1473410075 327303356
t_num: 20 finish: 1473410077 232238652 start: 1473410076 442143038
t_num: 1 finish: 1473410077 232287426 start: 1473410074 17757850
t_num: 7 finish: 1473410077 587692078 start: 1473410075 840334824
t_num: 6 finish: 1473410077 784913792 start: 1473410076 395559645
t_num: 29 finish: 1473410078 95969726 start: 1473410077 86102983
t_num: 26 finish: 1473410078 122409434 start: 1473410077 345896680
t_num: 19 finish: 1473410078 487480473 start: 1473410077 629990515
t_num: 3 finish: 1473410078 542537729 start: 1473410077 345876320
t_num: 8 finish: 1473410078 544396189 start: 1473410076 541165749
t_num: 14 finish: 1473410078 559725748 start: 1473410077 149569099
t_num: 1 finish: 1473410078 611245053 start: 1473410077 232302235
t_num: 5 finish: 1473410078 717977222 start: 1473410076 567454956
t_num: 20 finish: 1473410079 19530897 start: 1473410077 232270445
t_num: 11 finish: 1473410079 44880947 start: 1473410077 345854178
t_num: 17 finish: 1473410079 49319320 start: 1473410076 933486347
t_num: 2 finish: 1473410079 207244705 start: 1473410076 861152497
t_num: 3 finish: 1473410079 600904242 start: 1473410078 542564524
t_num: 27 finish: 1473410079 601821146 start: 1473410077 345796088
t_num: 7 finish: 1473410079 703435435 start: 1473410077 587728755
t_num: 25 finish: 1473410080 47645808 start: 1473410077 629826730
t_num: 20 finish: 1473410080 938219476 start: 1473410079 19564784
t_num: 2 finish: 1473410080 999608851 start: 1473410079 207269285
t_num: 14 finish: 1473410081 6017290 start: 1473410079 228672021
t_num: 0 finish: 1473410081 19815807 start: 1473410079 358041691
t_num: 19 finish: 1473410081 152919685 start: 1473410078 487516716
t_num: 8 finish: 1473410081 170074446 start: 1473410078 544410487
t_num: 10 finish: 1473410081 188910563 start: 1473410078 519193886
t_num: 27 finish: 1473410081 319275935 start: 1473410079 601841322
t_num: 26 finish: 1473410081 405078026 start: 1473410078 929183513
t_num: 3 finish: 1473410081 446079311 start: 1473410081 164398563
t_num: 18 finish: 1473410081 446899387 start: 1473410079 229273116
t_num: 5 finish: 1473410081 707300709 start: 1473410078 718021316
t_num: 0 finish: 1473410081 731153227 start: 1473410081 19857357
t_num: 16 finish: 1473410081 790262676 start: 1473410081 153780561
t_num: 22 finish: 1473410081 796358237 start: 1473410079 640001104
t_num: 12 finish: 1473410081 854383335 start: 1473410079 678700888
t_num: 18 finish: 1473410081 894366574 start: 1473410081 446920838
t_num: 3 finish: 1473410081 962487588 start: 1473410081 446106124
t_num: 15 finish: 1473410082 91279336 start: 1473410079 206215118
t_num: 29 finish: 1473410082 133146413 start: 1473410080 241080989
t_num: 26 finish: 1473410082 133264513 start: 1473410081 405128848
t_num: 1 finish: 1473410082 168904010 start: 1473410081 445912659
t_num: 13 finish: 1473410082 241570689 start: 1473410081 177387493
t_num: 10 finish: 1473410082 425585171 start: 1473410081 606542801
t_num: 8 finish: 1473410082 765045754 start: 1473410081 181924129
t_num: 2 finish: 1473410083 172284774 start: 1473410081 318930692
t_num: 28 finish: 1473410083 207119274 start: 1473410081 355535296
t_num: 25 finish: 1473410083 770289234 start: 1473410080 47732121
t_num: 22 finish: 1473410083 802111195 start: 1473410081 796379777
t_num: 16 finish: 1473410084 107963704 start: 1473410081 790290701
t_num: 15 finish: 1473410084 221267016 start: 1473410082 91322147
t_num: 0 finish: 1473410084 222068438 start: 1473410081 962602984
t_num: 26 finish: 1473410084 275154232 start: 1473410082 903213609
t_num: 5 finish: 1473410084 308750123 start: 1473410081 707324460
t_num: 30 finish: 1473410084 470897839 start: 1473410082 949706872
t_num: 13 finish: 1473410084 490892443 start: 1473410082 241603818
t_num: 23 finish: 1473410084 773079008 start: 1473410083 350482276
t_num: 14 finish: 1473410084 773746708 start: 1473410082 764463369
t_num: 18 finish: 1473410084 791109240 start: 1473410081 894406224
t_num: 1 finish: 1473410084 791111192 start: 1473410082 168945014
t_num: 10 finish: 1473410084 801187600 start: 1473410082 425625799
t_num: 8 finish: 1473410084 801210539 start: 1473410082 765067244
t_num: 21 finish: 1473410084 814127722 start: 1473410083 650654192
t_num: 9 finish: 1473410085 655254481 start: 1473410083 16057266
t_num: 22 finish: 1473410085 666280761 start: 1473410084 490870250
t_num: 17 finish: 1473410085 869969411 start: 1473410084 167665141
t_num: 24 finish: 1473410085 914577550 start: 1473410084 9154013
t_num: 28 finish: 1473410085 928782588 start: 1473410084 25430372
t_num: 0 finish: 1473410086 84505205 start: 1473410084 222099189
t_num: 25 finish: 1473410086 334879037 start: 1473410084 490772712
t_num: 15 finish: 1473410086 335174857 start: 1473410084 221294323
t_num: 14 finish: 1473410086 335724510 start: 1473410084 773767205
t_num: 26 finish: 1473410086 345544836 start: 1473410084 275195029
t_num: 4 finish: 1473410086 346674127 start: 1473410085 368993507
t_num: 30 finish: 1473410086 402989566 start: 1473410085 734622280
t_num: 31 finish: 1473410086 521921982 start: 1473410084 275897144
t_num: 29 finish: 1473410086 521976559 start: 1473410085 397394797
t_num: 3 finish: 1473410086 864175226 start: 1473410084 773084163
t_num: 19 finish: 1473410087 600250159 start: 1473410085 654405975
t_num: 8 finish: 1473410088 63874584 start: 1473410084 801228587
t_num: 20 finish: 1473410088 63874600 start: 1473410085 225779654
t_num: 9 finish: 1473410088 415672276 start: 1473410086 60022962
t_num: 1 finish: 1473410088 514047111 start: 1473410085 734589704
t_num: 21 finish: 1473410089 293146195 start: 1473410085 734537119
t_num: 17 finish: 1473410089 297249131 start: 1473410086 344335473
t_num: 31 finish: 1473410089 297899728 start: 1473410086 589122287
t_num: 15 finish: 1473410089 377520256 start: 1473410086 335194566
t_num: 22 finish: 1473410089 416351169 start: 1473410087 570299157
t_num: 30 finish: 1473410089 442034683 start: 1473410086 403020937
t_num: 3 finish: 1473410089 489691613 start: 1473410087 561170798
t_num: 8 finish: 1473410089 543976771 start: 1473410088 63925669
t_num: 25 finish: 1473410089 780974814 start: 1473410087 647759550
t_num: 26 finish: 1473410089 785616999 start: 1473410086 345566738
t_num: 18 finish: 1473410089 882704871 start: 1473410085 734478747
t_num: 8 finish: 1473410090 549445737 start: 1473410089 544004788
t_num: 6 finish: 1473410090 577937040 start: 1473410087 597680499
t_num: 20 finish: 1473410090 793040997 start: 1473410088 63943483
t_num: 13 finish: 1473410090 808337305 start: 1473410088 363206854
t_num: 14 finish: 1473410090 808337317 start: 1473410088 112409276
t_num: 24 finish: 1473410090 943744238 start: 1473410087 327140813
t_num: 0 finish: 1473410090 989238065 start: 1473410088 678611013
t_num: 11 finish: 1473410090 989278018 start: 1473410088 944504513
t_num: 9 finish: 1473410090 989523645 start: 1473410088 568521906
t_num: 26 finish: 1473410091 31977142 start: 1473410089 785638795
t_num: 19 finish: 1473410091 153680132 start: 1473410088 363466306
t_num: 10 finish: 1473410091 244205132 start: 1473410089 381316101
t_num: 7 finish: 1473410091 244895843 start: 1473410089 90118332
t_num: 15 finish: 1473410091 987786036 start: 1473410090 793060122
t_num: 21 finish: 1473410092 145841896 start: 1473410089 379449170
t_num: 22 finish: 1473410092 395032687 start: 1473410090 577519092
t_num: 19 finish: 1473410092 689699869 start: 1473410091 153721817
t_num: 11 finish: 1473410092 889717145 start: 1473410090 989305131
t_num: 6 finish: 1473410092 895268589 start: 1473410090 577960452
t_num: 12 finish: 1473410092 952802991 start: 1473410090 370250887
t_num: 18 finish: 1473410092 952807929 start: 1473410090 808422419
t_num: 5 finish: 1473410092 952839451 start: 1473410090 672778082
t_num: 8 finish: 1473410093 8328547 start: 1473410090 549490200
t_num: 10 finish: 1473410093 67830851 start: 1473410091 244247441
t_num: 20 finish: 1473410093 852995170 start: 1473410090 793065153
t_num: 23 finish: 1473410093 856138544 start: 1473410091 638424521
t_num: 7 finish: 1473410093 856151563 start: 1473410091 639296628
t_num: 26 finish: 1473410093 885841323 start: 1473410092 447903532
t_num: 9 finish: 1473410093 925767857 start: 1473410091 639504447
t_num: 11 finish: 1473410094 99055466 start: 1473410092 889748633
t_num: 8 finish: 1473410094 102156475 start: 1473410093 8388473
t_num: 19 finish: 1473410094 230427276 start: 1473410092 689734277
t_num: 28 finish: 1473410094 230996873 start: 1473410092 448484813
t_num: 21 finish: 1473410094 280720339 start: 1473410092 349079144
t_num: 15 finish: 1473410094 575386892 start: 1473410091 987811420
t_num: 4 finish: 1473410094 645911411 start: 1473410091 593907875
t_num: 22 finish: 1473410094 647449490 start: 1473410093 358342516
t_num: 13 finish: 1473410094 769154565 start: 1473410093 706201686
t_num: 31 finish: 1473410094 865653709 start: 1473410093 887109797
t_num: 2 finish: 1473410094 945817595 start: 1473410093 83531705
t_num: 9 finish: 1473410094 947108448 start: 1473410093 925785485
t_num: 18 finish: 1473410095 108009982 start: 1473410092 952869040
t_num: 12 finish: 1473410095 180466432 start: 1473410093 423408681
t_num: 25 finish: 1473410095 242002756 start: 1473410093 536347247
t_num: 8 finish: 1473410095 447017643 start: 1473410094 102176998
t_num: 28 finish: 1473410095 520544981 start: 1473410094 231017299
t_num: 27 finish: 1473410095 583348887 start: 1473410093 888704970
t_num: 20 finish: 1473410095 635784523 start: 1473410093 853033685
t_num: 22 finish: 1473410095 753611818 start: 1473410094 647470117
t_num: 6 finish: 1473410095 984513229 start: 1473410093 893139001
t_num: 1 finish: 1473410096 41869851 start: 1473410094 99835137
t_num: 25 finish: 1473410096 275819771 start: 1473410095 242047386
t_num: 9 finish: 1473410096 446421059 start: 1473410094 947128622
t_num: 29 finish: 1473410096 485832954 start: 1473410094 647497207
t_num: 4 finish: 1473410096 486522339 start: 1473410095 478493534
t_num: 8 finish: 1473410096 551460305 start: 1473410095 447055987
t_num: 28 finish: 1473410096 552119033 start: 1473410095 520600794
t_num: 13 finish: 1473410096 717893441 start: 1473410094 769194570
t_num: 16 finish: 1473410096 833954764 start: 1473410095 761082901
t_num: 7 finish: 1473410096 893086222 start: 1473410094 646950073
t_num: 21 finish: 1473410097 568068975 start: 1473410095 180594677
t_num: 4 finish: 1473410097 852966017 start: 1473410096 486538413
t_num: 19 finish: 1473410097 909273030 start: 1473410095 952678459
t_num: 9 finish: 1473410098 41116487 start: 1473410096 446460810
t_num: 25 finish: 1473410098 259272091 start: 1473410096 275861642
t_num: 6 finish: 1473410098 346588558 start: 1473410095 984550969
t_num: 29 finish: 1473410098 435284577 start: 1473410096 485855571
t_num: 2 finish: 1473410098 435295357 start: 1473410096 70996192
t_num: 16 finish: 1473410098 568778732 start: 1473410096 833984639
t_num: 31 finish: 1473410098 570698001 start: 1473410096 336231209
t_num: 21 finish: 1473410098 785752652 start: 1473410097 568091705
t_num: 11 finish: 1473410098 865722006 start: 1473410097 931288080
t_num: 14 finish: 1473410099 192949861 start: 1473410096 383819467
t_num: 28 finish: 1473410099 201677869 start: 1473410097 983453301
t_num: 24 finish: 1473410099 201713180 start: 1473410098 283070196
t_num: 22 finish: 1473410099 615261127 start: 1473410097 487665419
t_num: 7 finish: 1473410099 615353195 start: 1473410096 893109639
t_num: 9 finish: 1473410099 628948315 start: 1473410098 41152774
t_num: 4 finish: 1473410099 748217069 start: 1473410097 853005165
t_num: 20 finish: 1473410099 806206411 start: 1473410098 40174367
t_num: 13 finish: 1473410099 862377489 start: 1473410098 41080931
t_num: 19 finish: 1473410099 862770238 start: 1473410097 909307048
t_num: 30 finish: 1473410099 862922110 start: 1473410098 41396226
t_num: 28 finish: 1473410099 903644742 start: 1473410099 201717243
t_num: 2 finish: 1473410099 903650329 start: 1473410098 435352903
t_num: 31 finish: 1473410100 246972348 start: 1473410098 570717362
t_num: 16 finish: 1473410100 256116187 start: 1473410098 568839112
t_num: 24 finish: 1473410100 280619105 start: 1473410099 201745225
t_num: 15 finish: 1473410100 485229705 start: 1473410099 585546778
t_num: 13 finish: 1473410100 960273885 start: 1473410099 862412848
t_num: 9 finish: 1473410100 992484816 start: 1473410099 629002010
t_num: 1 finish: 1473410101 1657742 start: 1473410099 862876926
t_num: 20 finish: 1473410101 215370758 start: 1473410099 806243620
t_num: 11 finish: 1473410101 335543791 start: 1473410098 865766146
t_num: 28 finish: 1473410101 479399159 start: 1473410099 903672113
t_num: 30 finish: 1473410101 523244000 start: 1473410099 862940301
t_num: 14 finish: 1473410101 523867758 start: 1473410099 192993051
t_num: 19 finish: 1473410101 656778759 start: 1473410099 862789555
t_num: 31 finish: 1473410101 656840159 start: 1473410100 247019851
t_num: 27 finish: 1473410101 673374768 start: 1473410099 413131407
t_num: 22 finish: 1473410101 689924181 start: 1473410100 887129726
t_num: 24 finish: 1473410101 961687169 start: 1473410100 888770437
t_num: 21 finish: 1473410102 207588187 start: 1473410100 518912054
t_num: 4 finish: 1473410102 421325375 start: 1473410100 518834814
t_num: 9 finish: 1473410102 421333682 start: 1473410100 992528047
t_num: 2 finish: 1473410102 422075429 start: 1473410100 518548605
t_num: 26 finish: 1473410102 758997923 start: 1473410101 335484348
t_num: 13 finish: 1473410102 948036482 start: 1473410101 502027476
t_num: 7 finish: 1473410103 87375046 start: 1473410101 485658251
t_num: 14 finish: 1473410103 133885931 start: 1473410101 523887401
t_num: 1 finish: 1473410103 133933990 start: 1473410101 484946851
t_num: 21 finish: 1473410103 134040246 start: 1473410102 207632805
t_num: 2 finish: 1473410103 235192929 start: 1473410102 422107723
t_num: 11 finish: 1473410103 418266739 start: 1473410101 335571481
t_num: 5 finish: 1473410103 516149627 start: 1473410101 62743486
t_num: 0 finish: 1473410103 619868109 start: 1473410101 485695106
t_num: 22 finish: 1473410103 682873227 start: 1473410101 689942455
t_num: 24 finish: 1473410104 110721904 start: 1473410101 961712152
t_num: 30 finish: 1473410104 117310054 start: 1473410102 759069572
t_num: 1 finish: 1473410104 545304631 start: 1473410103 133952249
t_num: 26 finish: 1473410104 764323547 start: 1473410104 62860668
t_num: 7 finish: 1473410105 14752816 start: 1473410103 87420111
t_num: 23 finish: 1473410105 15358420 start: 1473410102 763004870
t_num: 18 finish: 1473410105 84805445 start: 1473410103 529670353
t_num: 13 finish: 1473410105 593307772 start: 1473410103 515603940
t_num: 27 finish: 1473410105 593424799 start: 1473410102 483963520
t_num: 5 finish: 1473410105 600581691 start: 1473410103 516171231
t_num: 16 finish: 1473410105 684505835 start: 1473410103 818066820
t_num: 20 finish: 1473410105 763749386 start: 1473410103 225711085
t_num: 21 finish: 1473410105 763803969 start: 1473410104 2898923
t_num: 14 finish: 1473410105 763831626 start: 1473410103 133910590
t_num: 17 finish: 1473410105 840173342 start: 1473410104 510692215
t_num: 0 finish: 1473410105 841648870 start: 1473410104 584013006
t_num: 4 finish: 1473410105 843771371 start: 1473410103 291375113
t_num: 9 finish: 1473410105 865527833 start: 1473410104 181445477
t_num: 1 finish: 1473410106 266689729 start: 1473410104 909504735
t_num: 19 finish: 1473410106 333204296 start: 1473410104 202307585
t_num: 22 finish: 1473410106 759747575 start: 1473410104 817472036
t_num: 16 finish: 1473410106 791624005 start: 1473410105 684546874
t_num: 12 finish: 1473410106 869525552 start: 1473410105 606720687
t_num: 2 finish: 1473410107 871035433 start: 1473410104 963883991
t_num: 20 finish: 1473410108 632411016 start: 1473410105 763786509
t_num: 14 finish: 1473410108 675436463 start: 1473410105 763864285
t_num: 8 finish: 1473410108 757609959 start: 1473410105 84834359
t_num: 5 finish: 1473410109 573701536 start: 1473410105 600603201
t_num: 9 finish: 1473410109 785972619 start: 1473410105 865559684
t_num: 1 finish: 1473410109 819080846 start: 1473410106 600554949
t_num: 21 finish: 1473410109 836316556 start: 1473410106 760402274
t_num: 0 finish: 1473410109 836339635 start: 1473410105 841670306
t_num: 3 finish: 1473410109 836521061 start: 1473410105 874930474
t_num: 14 finish: 1473410109 922464454 start: 1473410108 675471685
t_num: 13 finish: 1473410109 979848832 start: 1473410106 294603008
t_num: 19 finish: 1473410110 131423785 start: 1473410108 540311563
t_num: 26 finish: 1473410110 132637459 start: 1473410106 101718755
t_num: 16 finish: 1473410110 162716062 start: 1473410108 117243654
t_num: 4 finish: 1473410110 168269906 start: 1473410108 112998315
t_num: 27 finish: 1473410110 332625071 start: 1473410108 119745974
t_num: 29 finish: 1473410110 332663151 start: 1473410108 125993811
t_num: 20 finish: 1473410110 332858132 start: 1473410109 565483567
t_num: 28 finish: 1473410110 339562692 start: 1473410108 597892446
t_num: 26 finish: 1473410110 339939557 start: 1473410110 132656733
t_num: 30 finish: 1473410110 445386604 start: 1473410109 573956240
t_num: 24 finish: 1473410110 600308640 start: 1473410109 828993816
t_num: 13 finish: 1473410110 600312197 start: 1473410109 979878317
t_num: 21 finish: 1473410110 683780731 start: 1473410109 836341320
t_num: 16 finish: 1473410110 745544363 start: 1473410110 162739831
t_num: 19 finish: 1473410110 821789370 start: 1473410110 131461578
t_num: 6 finish: 1473410110 821898777 start: 1473410107 907342282
t_num: 5 finish: 1473410110 967371594 start: 1473410109 573729493
t_num: 1 finish: 1473410110 992524786 start: 1473410109 819122106
t_num: 10 finish: 1473410110 992836053 start: 1473410109 576792427
t_num: 26 finish: 1473410111 95467936 start: 1473410110 339959188
t_num: 14 finish: 1473410111 192948345 start: 1473410110 683768503
t_num: 31 finish: 1473410111 252781041 start: 1473410110 474208692
t_num: 28 finish: 1473410111 656083421 start: 1473410110 339581794
t_num: 3 finish: 1473410111 677789062 start: 1473410109 922427875
t_num: 29 finish: 1473410111 725236894 start: 1473410110 332694870
t_num: 0 finish: 1473410112 169921223 start: 1473410110 553854135
t_num: 20 finish: 1473410112 175215133 start: 1473410110 332877793
t_num: 19 finish: 1473410112 555246393 start: 1473410110 821846764
t_num: 13 finish: 1473410112 648287251 start: 1473410111 628831808
t_num: 16 finish: 1473410112 648326115 start: 1473410110 745597367
t_num: 12 finish: 1473410112 664072404 start: 1473410111 572493538
t_num: 9 finish: 1473410112 729963972 start: 1473410110 840206054
t_num: 14 finish: 1473410112 730029494 start: 1473410111 192982661
t_num: 24 finish: 1473410112 906845557 start: 1473410111 305177359
t_num: 27 finish: 1473410112 984585531 start: 1473410110 457829944
t_num: 5 finish: 1473410113 102182008 start: 1473410111 815824243
t_num: 29 finish: 1473410113 143896873 start: 1473410111 725262740
t_num: 4 finish: 1473410113 325510124 start: 1473410111 894899084
t_num: 1 finish: 1473410113 380805970 start: 1473410110 992561458
t_num: 2 finish: 1473410113 598666520 start: 1473410112 175290751
t_num: 30 finish: 1473410113 614614697 start: 1473410112 315004756
t_num: 19 finish: 1473410113 614614691 start: 1473410112 555285844
t_num: 26 finish: 1473410113 634138344 start: 1473410112 314721762
t_num: 3 finish: 1473410113 677673369 start: 1473410112 724645451
t_num: 31 finish: 1473410113 857325285 start: 1473410111 786817465
t_num: 20 finish: 1473410114 307851279 start: 1473410112 364661082
t_num: 28 finish: 1473410114 375988669 start: 1473410112 984376426
t_num: 17 finish: 1473410114 455762117 start: 1473410113 474827417
t_num: 27 finish: 1473410114 572620067 start: 1473410112 984612257
t_num: 14 finish: 1473410114 616557503 start: 1473410112 730047377
t_num: 23 finish: 1473410114 831979624 start: 1473410112 728651720
t_num: 16 finish: 1473410115 54522548 start: 1473410112 648360215
t_num: 21 finish: 1473410115 457984075 start: 1473410113 143859383
t_num: 9 finish: 1473410115 458018054 start: 1473410113 142143431
t_num: 12 finish: 1473410115 588962756 start: 1473410112 664091010
t_num: 7 finish: 1473410115 623415865 start: 1473410113 889141993
t_num: 24 finish: 1473410115 633096188 start: 1473410113 571957517
t_num: 1 finish: 1473410116 260371940 start: 1473410114 832002679
t_num: 28 finish: 1473410116 392368570 start: 1473410114 376011352
t_num: 18 finish: 1473410116 572751871 start: 1473410115 419286934
t_num: 13 finish: 1473410116 621149906 start: 1473410114 572648321
t_num: 14 finish: 1473410116 692759542 start: 1473410115 592480064
t_num: 6 finish: 1473410116 730602507 start: 1473410115 517901813
t_num: 7 finish: 1473410117 109484919 start: 1473410115 623448141
t_num: 31 finish: 1473410117 323398412 start: 1473410113 857383029
t_num: 3 finish: 1473410117 324411752 start: 1473410114 243122151
t_num: 20 finish: 1473410117 324411752 start: 1473410114 307884847
t_num: 27 finish: 1473410117 349946391 start: 1473410114 572667405
t_num: 30 finish: 1473410117 354752126 start: 1473410114 375764114
t_num: 1 finish: 1473410117 428102559 start: 1473410116 260404289
t_num: 2 finish: 1473410117 634335527 start: 1473410115 213644225
t_num: 4 finish: 1473410117 879402176 start: 1473410115 500842481
t_num: 26 finish: 1473410117 904215582 start: 1473410116 230949790
t_num: 23 finish: 1473410118 335811207 start: 1473410114 832017068
t_num: 13 finish: 1473410118 747126885 start: 1473410117 221993852
t_num: 6 finish: 1473410118 747759323 start: 1473410116 730678500
t_num: 24 finish: 1473410119 307027098 start: 1473410116 421795550
t_num: 7 finish: 1473410119 341777363 start: 1473410117 109524848
t_num: 22 finish: 1473410119 484899627 start: 1473410116 692757143
t_num: 31 finish: 1473410119 485823045 start: 1473410117 764582196
t_num: 28 finish: 1473410119 835637581 start: 1473410116 730646772
t_num: 23 finish: 1473410119 869429788 start: 1473410118 335870454
t_num: 14 finish: 1473410120 33276092 start: 1473410117 764623806
t_num: 9 finish: 1473410120 901341388 start: 1473410117 764829199
t_num: 4 finish: 1473410120 919679484 start: 1473410117 879452270
t_num: 26 finish: 1473410120 969732404 start: 1473410117 904237609
t_num: 2 finish: 1473410121 802731 start: 1473410118 744032314
t_num: 6 finish: 1473410121 804299 start: 1473410118 747774729
t_num: 15 finish: 1473410121 845321 start: 1473410118 116181433
t_num: 22 finish: 1473410121 55036817 start: 1473410119 484927933
t_num: 12 finish: 1473410121 241863702 start: 1473410117 764544851
t_num: 30 finish: 1473410121 291945418 start: 1473410118 787244326
t_num: 31 finish: 1473410121 415273546 start: 1473410119 485843412
t_num: 7 finish: 1473410121 721960026 start: 1473410119 341825470
t_num: 20 finish: 1473410121 722108079 start: 1473410118 562370376
t_num: 8 finish: 1473410121 880331238 start: 1473410119 477362211
t_num: 16 finish: 1473410121 926147496 start: 1473410120 700503659
t_num: 3 finish: 1473410122 88492416 start: 1473410119 541441363
t_num: 31 finish: 1473410122 351753729 start: 1473410121 415292198
t_num: 28 finish: 1473410122 376109129 start: 1473410119 835680017
t_num: 2 finish: 1473410123 114634018 start: 1473410121 854371
t_num: 4 finish: 1473410123 115680350 start: 1473410120 919703220
t_num: 23 finish: 1473410123 118254944 start: 1473410120 864078140
t_num: 11 finish: 1473410123 288094549 start: 1473410121 514994800
t_num: 16 finish: 1473410123 336032526 start: 1473410121 926169556
t_num: 20 finish: 1473410123 383155404 start: 1473410121 722152188
t_num: 26 finish: 1473410123 390231767 start: 1473410120 969760692
t_num: 30 finish: 1473410123 635303852 start: 1473410121 291969363
t_num: 14 finish: 1473410123 728290884 start: 1473410120 33319751
t_num: 19 finish: 1473410123 832598358 start: 1473410120 858928428
t_num: 25 finish: 1473410123 859303719 start: 1473410121 484148838
t_num: 8 finish: 1473410124 1435678 start: 1473410121 984345197
t_num: 7 finish: 1473410124 38777385 start: 1473410121 722001569
t_num: 29 finish: 1473410124 264202112 start: 1473410121 393373529
t_num: 6 finish: 1473410124 294683658 start: 1473410121 876853
t_num: 17 finish: 1473410124 295238491 start: 1473410123 122202210
t_num: 13 finish: 1473410124 573014268 start: 1473410122 376915085
t_num: 11 finish: 1473410124 590459160 start: 1473410123 288136715
t_num: 16 finish: 1473410124 618455845 start: 1473410123 336097215
t_num: 3 finish: 1473410124 656172201 start: 1473410122 88540712
t_num: 19 finish: 1473410124 897533881 start: 1473410123 970073704
t_num: 15 finish: 1473410125 93469684 start: 1473410123 859318140
t_num: 14 finish: 1473410125 94081955 start: 1473410123 728331180
t_num: 30 finish: 1473410125 191977077 start: 1473410123 635347914
t_num: 3 finish: 1473410125 762036048 start: 1473410124 656194062
t_num: 1 finish: 1473410125 822332553 start: 1473410123 378647841
t_num: 20 finish: 1473410125 878654005 start: 1473410123 383184468
t_num: 7 finish: 1473410125 929628578 start: 1473410124 38815978
t_num: 24 finish: 1473410126 194862949 start: 1473410123 336685749
t_num: 6 finish: 1473410126 312173202 start: 1473410124 294723783
t_num: 21 finish: 1473410126 333070560 start: 1473410124 87669791
t_num: 17 finish: 1473410126 333078573 start: 1473410124 295256073
t_num: 31 finish: 1473410127 36696602 start: 1473410124 399829957
t_num: 9 finish: 1473410127 93155824 start: 1473410124 659353088
t_num: 19 finish: 1473410127 98079105 start: 1473410125 320389744
t_num: 25 finish: 1473410127 472690820 start: 1473410125 624699946
t_num: 2 finish: 1473410127 503757994 start: 1473410124 518383536
t_num: 11 finish: 1473410127 510329699 start: 1473410124 590482515
t_num: 13 finish: 1473410127 660318300 start: 1473410124 573069770
t_num: 28 finish: 1473410127 718758035 start: 1473410125 628028685
t_num: 14 finish: 1473410127 782166900 start: 1473410125 94103283
t_num: 8 finish: 1473410127 782819408 start: 1473410125 723822173
t_num: 21 finish: 1473410127 977323231 start: 1473410127 37001755
t_num: 12 finish: 1473410127 977733335 start: 1473410125 878882278
t_num: 19 finish: 1473410127 978251308 start: 1473410127 98100933
t_num: 27 finish: 1473410128 5302277 start: 1473410126 116203503
t_num: 17 finish: 1473410128 10931564 start: 1473410127 570244162
t_num: 8 finish: 1473410128 243740322 start: 1473410127 782839946
t_num: 31 finish: 1473410128 472602811 start: 1473410127 36760436
t_num: 25 finish: 1473410128 472611516 start: 1473410127 661113373
t_num: 30 finish: 1473410128 609260123 start: 1473410126 333897030
t_num: 3 finish: 1473410128 633788953 start: 1473410125 762077193
t_num: 7 finish: 1473410128 636009773 start: 1473410127 277091706
t_num: 13 finish: 1473410128 711463452 start: 1473410127 660340951
t_num: 6 finish: 1473410128 736798478 start: 1473410127 631279973
t_num: 9 finish: 1473410128 738830593 start: 1473410127 807890038
t_num: 21 finish: 1473410129 11284499 start: 1473410128 113466945
t_num: 2 finish: 1473410129 83738085 start: 1473410127 503780671
t_num: 26 finish: 1473410129 84601759 start: 1473410127 490427160
t_num: 24 finish: 1473410129 224323397 start: 1473410126 194909677
t_num: 20 finish: 1473410129 226208746 start: 1473410127 631043112
t_num: 17 finish: 1473410129 322288190 start: 1473410128 154226787
t_num: 13 finish: 1473410129 678565526 start: 1473410128 711509723
t_num: 11 finish: 1473410129 693557957 start: 1473410127 510345998
t_num: 18 finish: 1473410129 858131114 start: 1473410127 807838857
t_num: 30 finish: 1473410130 295027726 start: 1473410128 609303717
t_num: 27 finish: 1473410130 561544680 start: 1473410128 694233799
t_num: 28 finish: 1473410130 741427596 start: 1473410129 159319570
t_num: 2 finish: 1473410130 995363075 start: 1473410129 83765289
t_num: 10 finish: 1473410130 996353207 start: 1473410129 147517548
t_num: 12 finish: 1473410131 58162471 start: 1473410128 253902160
t_num: 26 finish: 1473410131 108129822 start: 1473410129 84622666
t_num: 13 finish: 1473410131 130173861 start: 1473410129 678597963
t_num: 24 finish: 1473410131 182584428 start: 1473410129 224346169
t_num: 25 finish: 1473410131 495672010 start: 1473410129 557321108
t_num: 22 finish: 1473410131 863556968 start: 1473410128 918475773
t_num: 20 finish: 1473410131 923611597 start: 1473410130 293126769
t_num: 18 finish: 1473410132 29245450 start: 1473410129 858175260
t_num: 3 finish: 1473410132 72524261 start: 1473410129 691311639
t_num: 27 finish: 1473410132 130426825 start: 1473410130 561588494
t_num: 9 finish: 1473410132 166822025 start: 1473410129 723715999
t_num: 5 finish: 1473410132 293559916 start: 1473410129 220642628
t_num: 10 finish: 1473410132 298907312 start: 1473410130 996373942
t_num: 15 finish: 1473410132 718436551 start: 1473410131 495944424
t_num: 31 finish: 1473410132 907844933 start: 1473410130 873366823
t_num: 17 finish: 1473410132 908693891 start: 1473410130 979749757
t_num: 30 finish: 1473410133 205559791 start: 1473410131 864451829
t_num: 20 finish: 1473410133 416541301 start: 1473410131 923641950
t_num: 3 finish: 1473410133 510385309 start: 1473410132 72557250
t_num: 5 finish: 1473410133 513083623 start: 1473410132 293617254
t_num: 25 finish: 1473410133 521161175 start: 1473410131 495714326
t_num: 18 finish: 1473410133 559736653 start: 1473410132 29290733
t_num: 11 finish: 1473410133 559947241 start: 1473410130 419221189
t_num: 26 finish: 1473410133 667092502 start: 1473410132 72762723
t_num: 13 finish: 1473410133 887363716 start: 1473410132 182102292
t_num: 28 finish: 1473410133 887372953 start: 1473410132 66437035
t_num: 23 finish: 1473410133 888107090 start: 1473410132 726458039
t_num: 10 finish: 1473410134 146429452 start: 1473410132 659850814
t_num: 11 finish: 1473410134 548295691 start: 1473410133 559967969
t_num: 15 finish: 1473410134 573297376 start: 1473410132 722764643
t_num: 30 finish: 1473410134 679706656 start: 1473410133 205594259
t_num: 21 finish: 1473410135 255407102 start: 1473410132 129687918
t_num: 16 finish: 1473410135 320365547 start: 1473410132 404389193
t_num: 19 finish: 1473410135 384401061 start: 1473410133 886717647
t_num: 9 finish: 1473410135 450340992 start: 1473410132 788711599
t_num: 31 finish: 1473410135 510154754 start: 1473410132 907889119
t_num: 3 finish: 1473410135 662859278 start: 1473410133 867003392
t_num: 6 finish: 1473410135 727082296 start: 1473410133 560215010
t_num: 28 finish: 1473410135 779798396 start: 1473410134 691889615
t_num: 27 finish: 1473410136 7335382 start: 1473410133 232198111
t_num: 23 finish: 1473410136 8040265 start: 1473410133 888136335
t_num: 24 finish: 1473410136 43240524 start: 1473410133 560655147
t_num: 29 finish: 1473410136 258056815 start: 1473410134 571440522
t_num: 30 finish: 1473410136 266076174 start: 1473410134 679729575
t_num: 11 finish: 1473410136 324705186 start: 1473410134 548321585
t_num: 10 finish: 1473410136 460938084 start: 1473410134 810703289
t_num: 18 finish: 1473410136 482248062 start: 1473410134 523803183
t_num: 21 finish: 1473410136 618355390 start: 1473410135 255444654
t_num: 25 finish: 1473410136 845336048 start: 1473410135 510397713
t_num: 1 finish: 1473410136 903777216 start: 1473410135 384542323
t_num: 4 finish: 1473410136 903777197 start: 1473410134 771637937
t_num: 15 finish: 1473410136 980217282 start: 1473410134 573318054
t_num: 24 finish: 1473410137 201987328 start: 1473410136 43273610
t_num: 23 finish: 1473410137 202564394 start: 1473410136 207545344
t_num: 16 finish: 1473410137 227508062 start: 1473410135 320417307
t_num: 30 finish: 1473410137 236688772 start: 1473410136 266094437
t_num: 6 finish: 1473410137 345281424 start: 1473410135 727109794
t_num: 13 finish: 1473410137 397353158 start: 1473410135 57350325
t_num: 5 finish: 1473410137 441745433 start: 1473410135 259103254
t_num: 9 finish: 1473410137 786192528 start: 1473410136 180952919
t_num: 27 finish: 1473410137 889212183 start: 1473410136 309115098
t_num: 19 finish: 1473410138 343849168 start: 1473410135 745187331
t_num: 5 finish: 1473410138 502872818 start: 1473410137 827643563
t_num: 16 finish: 1473410138 503444989 start: 1473410137 227527377
t_num: 19 finish: 1473410138 682154445 start: 1473410138 343885070
t_num: 8 finish: 1473410138 754491954 start: 1473410136 565459862
t_num: 28 finish: 1473410138 780949475 start: 1473410135 779817876
t_num: 7 finish: 1473410139 488249523 start: 1473410136 980341416
t_num: 29 finish: 1473410139 488458022 start: 1473410136 258098689
t_num: 15 finish: 1473410139 665319775 start: 1473410136 980251098
t_num: 0 finish: 1473410139 937749375 start: 1473410137 441991826
t_num: 30 finish: 1473410139 937800234 start: 1473410137 236705378
t_num: 23 finish: 1473410139 994664988 start: 1473410137 729155424
t_num: 5 finish: 1473410140 137774203 start: 1473410138 502912493
t_num: 25 finish: 1473410140 238154697 start: 1473410137 605527910
t_num: 11 finish: 1473410140 899981042 start: 1473410137 825037360
t_num: 22 finish: 1473410140 920343897 start: 1473410139 488249609
t_num: 29 finish: 1473410140 921707322 start: 1473410139 488475975
t_num: 28 finish: 1473410140 978490073 start: 1473410138 780974281
t_num: 8 finish: 1473410141 67767003 start: 1473410138 754520895
t_num: 24 finish: 1473410141 67767024 start: 1473410137 202027365
t_num: 0 finish: 1473410141 174280374 start: 1473410139 937797794
t_num: 9 finish: 1473410141 212291454 start: 1473410139 937887398
t_num: 16 finish: 1473410141 455229384 start: 1473410139 685335043
t_num: 19 finish: 1473410141 513202373 start: 1473410139 686063944
t_num: 18 finish: 1473410141 574558886 start: 1473410139 937776887
t_num: 14 finish: 1473410141 653211156 start: 1473410139 524141809
t_num: 23 finish: 1473410141 705952933 start: 1473410139 994691918
t_num: 8 finish: 1473410141 797055494 start: 1473410141 67816090
t_num: 7 finish: 1473410141 851122777 start: 1473410139 488270782
t_num: 1 finish: 1473410141 966469356 start: 1473410140 978570459
t_num: 21 finish: 1473410142 492118142 start: 1473410140 194588032
t_num: 26 finish: 1473410142 723486551 start: 1473410141 21765584
t_num: 29 finish: 1473410142 947259212 start: 1473410142 105439482
t_num: 30 finish: 1473410142 947259212 start: 1473410139 937818304
t_num: 18 finish: 1473410142 997084032 start: 1473410141 574602110
t_num: 23 finish: 1473410143 40058462 start: 1473410141 705988414
t_num: 19 finish: 1473410143 376030648 start: 1473410141 513238793
t_num: 10 finish: 1473410143 453000939 start: 1473410141 873931347
t_num: 0 finish: 1473410143 855054498 start: 1473410142 6279842
t_num: 8 finish: 1473410143 855115993 start: 1473410141 797099870
t_num: 2 finish: 1473410143 855587481 start: 1473410141 513286315
t_num: 11 finish: 1473410143 955488967 start: 1473410142 948213224
t_num: 16 finish: 1473410144 11562924 start: 1473410141 646875051
t_num: 28 finish: 1473410144 26729487 start: 1473410142 151048071
t_num: 24 finish: 1473410144 27505567 start: 1473410141 869121657
t_num: 14 finish: 1473410144 27523383 start: 1473410141 653261027
t_num: 9 finish: 1473410144 171998893 start: 1473410142 723746893
t_num: 7 finish: 1473410144 172130350 start: 1473410142 947525108
t_num: 19 finish: 1473410144 259982595 start: 1473410143 376063574
t_num: 21 finish: 1473410144 470873864 start: 1473410142 492162186
t_num: 27 finish: 1473410144 728642034 start: 1473410143 376094594
t_num: 1 finish: 1473410144 999023520 start: 1473410143 855195958
t_num: 8 finish: 1473410144 999624600 start: 1473410144 141645837
t_num: 26 finish: 1473410145 121957413 start: 1473410142 723511858
t_num: 0 finish: 1473410145 213840781 start: 1473410143 855099025
t_num: 10 finish: 1473410145 214094597 start: 1473410143 453046447
t_num: 25 finish: 1473410145 525195792 start: 1473410144 172052528
t_num: 5 finish: 1473410145 576826711 start: 1473410144 259997150
t_num: 14 finish: 1473410145 576856260 start: 1473410144 27556667
t_num: 29 finish: 1473410145 935103754 start: 1473410144 114609746
t_num: 17 finish: 1473410145 935886374 start: 1473410143 119585968
t_num: 0 finish: 1473410145 976933879 start: 1473410145 213884689
t_num: 30 finish: 1473410145 978220572 start: 1473410144 723473231
t_num: 1 finish: 1473410145 990426327 start: 1473410144 999053702
t_num: 9 finish: 1473410146 22822032 start: 1473410144 172024097
t_num: 24 finish: 1473410146 51332306 start: 1473410144 141749623
t_num: 11 finish: 1473410146 141038865 start: 1473410144 723577615
t_num: 12 finish: 1473410146 685525265 start: 1473410144 516370654
t_num: 20 finish: 1473410146 873259203 start: 1473410144 676398580
t_num: 17 finish: 1473410147 138400392 start: 1473410145 935907258
t_num: 8 finish: 1473410147 138549833 start: 1473410144 999640778
t_num: 27 finish: 1473410147 324965220 start: 1473410145 436848180
t_num: 10 finish: 1473410147 423271676 start: 1473410145 968154443
t_num: 2 finish: 1473410147 728539424 start: 1473410145 764888344
t_num: 5 finish: 1473410147 729184714 start: 1473410145 576849538
t_num: 14 finish: 1473410147 973688478 start: 1473410145 576876652
t_num: 22 finish: 1473410148 264353285 start: 1473410147 147584340
t_num: 25 finish: 1473410148 338289427 start: 1473410145 525256415
t_num: 24 finish: 1473410148 378833516 start: 1473410146 51357452
t_num: 28 finish: 1473410148 611525286 start: 1473410146 187808057
t_num: 1 finish: 1473410148 754455551 start: 1473410146 868707400
t_num: 11 finish: 1473410148 888474118 start: 1473410146 141062327
t_num: 29 finish: 1473410148 986143457 start: 1473410147 265906783
t_num: 27 finish: 1473410148 987633342 start: 1473410147 730999932
t_num: 20 finish: 1473410149 75762257 start: 1473410146 873296095
t_num: 0 finish: 1473410149 125588509 start: 1473410147 252984891
t_num: 4 finish: 1473410149 483122105 start: 1473410147 913734936
t_num: 15 finish: 1473410149 592796236 start: 1473410147 653487488
t_num: 8 finish: 1473410150 85011604 start: 1473410148 332578591
t_num: 12 finish: 1473410150 191726358 start: 1473410148 165953703
t_num: 22 finish: 1473410150 518075207 start: 1473410148 656881430
t_num: 1 finish: 1473410150 518169739 start: 1473410148 754508280
t_num: 14 finish: 1473410150 570830741 start: 1473410148 584025306
t_num: 23 finish: 1473410150 612094663 start: 1473410149 483956149
t_num: 2 finish: 1473410150 897983510 start: 1473410147 728571638
t_num: 25 finish: 1473410150 937677649 start: 1473410148 785111743
t_num: 24 finish: 1473410150 972390420 start: 1473410149 483901915
t_num: 16 finish: 1473410151 337321563 start: 1473410149 55699808
t_num: 15 finish: 1473410151 672207683 start: 1473410150 382998205
t_num: 4 finish: 1473410151 824204102 start: 1473410150 158528624
t_num: 17 finish: 1473410151 902381491 start: 1473410149 75018008
t_num: 21 finish: 1473410151 912470771 start: 1473410149 262360573
t_num: 10 finish: 1473410151 912471222 start: 1473410149 338909009
t_num: 11 finish: 1473410151 967573045 start: 1473410149 681867083
t_num: 30 finish: 1473410152 130965080 start: 1473410150 300021520
t_num: 8 finish: 1473410152 180656755 start: 1473410151 97766934
t_num: 25 finish: 1473410152 418022145 start: 1473410151 276227235
t_num: 16 finish: 1473410152 521166935 start: 1473410151 337407703
t_num: 1 finish: 1473410152 684214218 start: 1473410150 518185845
t_num: 22 finish: 1473410152 688978674 start: 1473410150 518119759
t_num: 15 finish: 1473410153 702353663 start: 1473410151 672257516
t_num: 21 finish: 1473410153 702642054 start: 1473410151 912521476
t_num: 12 finish: 1473410154 16899320 start: 1473410150 191768015
t_num: 23 finish: 1473410154 236142361 start: 1473410152 263673402
t_num: 2 finish: 1473410154 280890691 start: 1473410151 773753281
t_num: 8 finish: 1473410154 463746082 start: 1473410152 418649330
t_num: 27 finish: 1473410154 798072048 start: 1473410152 200455269
t_num: 14 finish: 1473410154 808933131 start: 1473410152 130959033
t_num: 26 finish: 1473410155 50964244 start: 1473410152 713468203
t_num: 13 finish: 1473410155 88146198 start: 1473410152 131015591
t_num: 24 finish: 1473410155 89042706 start: 1473410153 369719192
t_num: 11 finish: 1473410155 95141345 start: 1473410151 967601303
t_num: 4 finish: 1473410155 123679251 start: 1473410154 226639670
t_num: 16 finish: 1473410155 177086075 start: 1473410154 225934064
t_num: 10 finish: 1473410155 201220485 start: 1473410152 796827742
t_num: 2 finish: 1473410155 298441671 start: 1473410154 420323661
t_num: 22 finish: 1473410155 395673866 start: 1473410152 689019061
t_num: 12 finish: 1473410155 395941719 start: 1473410154 16948504
t_num: 21 finish: 1473410155 538411393 start: 1473410154 420104901
t_num: 18 finish: 1473410155 598464628 start: 1473410152 521791618
t_num: 17 finish: 1473410155 678247949 start: 1473410153 243546488
t_num: 23 finish: 1473410156 103877372 start: 1473410154 420114534
t_num: 2 finish: 1473410156 111766058 start: 1473410155 298499249
t_num: 29 finish: 1473410156 613045965 start: 1473410154 605466121
t_num: 26 finish: 1473410156 624155310 start: 1473410155 50988644
t_num: 3 finish: 1473410156 791605662 start: 1473410154 267624047
t_num: 21 finish: 1473410156 863978621 start: 1473410155 538443128
t_num: 24 finish: 1473410156 907005372 start: 1473410155 89059828
t_num: 9 finish: 1473410157 181874265 start: 1473410155 439386780
t_num: 8 finish: 1473410157 182907254 start: 1473410155 184746186
t_num: 16 finish: 1473410157 184290066 start: 1473410155 177109252
t_num: 27 finish: 1473410157 484463774 start: 1473410156 311197323
t_num: 17 finish: 1473410157 778315107 start: 1473410156 353934240
t_num: 12 finish: 1473410157 811195177 start: 1473410156 310561348
t_num: 5 finish: 1473410157 845534982 start: 1473410156 464820664
t_num: 1 finish: 1473410157 896571183 start: 1473410155 708258213
t_num: 4 finish: 1473410157 896690096 start: 1473410155 123700731
t_num: 22 finish: 1473410157 987946638 start: 1473410155 395710864
t_num: 19 finish: 1473410158 46231381 start: 1473410155 598493874
t_num: 28 finish: 1473410158 359879227 start: 1473410156 44711321
t_num: 11 finish: 1473410158 383717381 start: 1473410155 341371510
t_num: 18 finish: 1473410158 388575313 start: 1473410156 672084267
t_num: 19 finish: 1473410158 640496529 start: 1473410158 46373763
t_num: 27 finish: 1473410158 712052572 start: 1473410157 484496876
t_num: 13 finish: 1473410158 757380798 start: 1473410157 183647390
t_num: 3 finish: 1473410158 835482983 start: 1473410157 909857148
t_num: 12 finish: 1473410158 835506711 start: 1473410157 811235484
t_num: 26 finish: 1473410158 898749513 start: 1473410156 624172974
t_num: 9 finish: 1473410159 117206447 start: 1473410157 181914343
t_num: 29 finish: 1473410159 328367984 start: 1473410157 909785382
t_num: 23 finish: 1473410159 471865618 start: 1473410157 776948012
t_num: 18 finish: 1473410159 502050022 start: 1473410158 388595996
t_num: 1 finish: 1473410159 718821326 start: 1473410157 896627076
t_num: 30 finish: 1473410159 845392483 start: 1473410158 319112225
t_num: 7 finish: 1473410159 968457813 start: 1473410157 987997621
t_num: 6 finish: 1473410160 270783491 start: 1473410158 296207582
t_num: 24 finish: 1473410160 305450732 start: 1473410157 525942334
t_num: 21 finish: 1473410160 317128381 start: 1473410158 445177572
t_num: 27 finish: 1473410160 592043826 start: 1473410158 712096011
t_num: 22 finish: 1473410160 651375265 start: 1473410158 383865721
t_num: 20 finish: 1473410160 928388993 start: 1473410158 457405880
t_num: 9 finish: 1473410160 930527084 start: 1473410159 964176430
t_num: 26 finish: 1473410160 938845703 start: 1473410158 898777361
t_num: 11 finish: 1473410161 186618371 start: 1473410158 803228239
t_num: 5 finish: 1473410161 398140682 start: 1473410159 844947523
t_num: 15 finish: 1473410161 446907727 start: 1473410159 845017526
t_num: 9 finish: 1473410161 449520010 start: 1473410160 930548116
t_num: 28 finish: 1473410161 449583249 start: 1473410159 844577161
t_num: 6 finish: 1473410161 449621183 start: 1473410160 270827486
t_num: 23 finish: 1473410161 450061154 start: 1473410159 471956037
t_num: 29 finish: 1473410161 490597231 start: 1473410159 328401356
t_num: 18 finish: 1473410161 562996527 start: 1473410159 502081133
t_num: 13 finish: 1473410162 358471011 start: 1473410160 934449674
t_num: 3 finish: 1473410162 463103979 start: 1473410160 238727789
t_num: 1 finish: 1473410162 649270339 start: 1473410159 718860059
t_num: 21 finish: 1473410162 688132151 start: 1473410160 317150889
t_num: 30 finish: 1473410162 763811433 start: 1473410161 63633747
t_num: 19 finish: 1473410162 913989518 start: 1473410160 141606651
t_num: 16 finish: 1473410162 926402488 start: 1473410161 468610281
t_num: 26 finish: 1473410163 9117682 start: 1473410161 468694212
t_num: 11 finish: 1473410163 10228386 start: 1473410162 419658240
t_num: 6 finish: 1473410163 309536874 start: 1473410161 449639237
t_num: 28 finish: 1473410163 485602828 start: 1473410161 449600883
t_num: 24 finish: 1473410163 554483676 start: 1473410160 595204922
t_num: 5 finish: 1473410163 639181108 start: 1473410161 398184692
t_num: 29 finish: 1473410163 799971678 start: 1473410161 490630225
t_num: 8 finish: 1473410164 181202010 start: 1473410162 820881303
t_num: 25 finish: 1473410164 181880331 start: 1473410161 303313358
t_num: 9 finish: 1473410164 652606631 start: 1473410162 819788153
t_num: 18 finish: 1473410164 664684114 start: 1473410162 825561422
t_num: 7 finish: 1473410164 670587139 start: 1473410162 987637058
t_num: 26 finish: 1473410164 770600783 start: 1473410163 608493680
t_num: 14 finish: 1473410164 942455930 start: 1473410164 3508124
t_num: 20 finish: 1473410164 942511865 start: 1473410163 551731788
t_num: 3 finish: 1473410165 47118753 start: 1473410162 463153481
t_num: 1 finish: 1473410165 157677224 start: 1473410163 525088626
t_num: 23 finish: 1473410165 350455139 start: 1473410162 577825043
t_num: 27 finish: 1473410165 622789511 start: 1473410162 827185196
t_num: 13 finish: 1473410166 318985044 start: 1473410164 610777910
t_num: 2 finish: 1473410166 330560262 start: 1473410163 639324791
t_num: 29 finish: 1473410166 330594819 start: 1473410163 800015627
t_num: 19 finish: 1473410166 354008680 start: 1473410162 914017495
t_num: 7 finish: 1473410166 445773857 start: 1473410164 670604261
t_num: 25 finish: 1473410166 474424471 start: 1473410164 181896318
t_num: 8 finish: 1473410166 706328476 start: 1473410164 181241298
t_num: 26 finish: 1473410166 847363947 start: 1473410164 770630118
t_num: 28 finish: 1473410167 210605423 start: 1473410165 489525460
t_num: 9 finish: 1473410167 256613703 start: 1473410164 652645276
t_num: 6 finish: 1473410167 439375257 start: 1473410164 824553023
t_num: 23 finish: 1473410167 668923189 start: 1473410165 350490166
t_num: 29 finish: 1473410167 804275363 start: 1473410166 330612698
t_num: 31 finish: 1473410167 878788227 start: 1473410166 138422261
t_num: 11 finish: 1473410168 44804326 start: 1473410166 419318742
t_num: 16 finish: 1473410168 291548900 start: 1473410167 411236319
t_num: 18 finish: 1473410168 371874141 start: 1473410167 124102040
t_num: 1 finish: 1473410168 496882480 start: 1473410165 157695732
t_num: 9 finish: 1473410168 611031128 start: 1473410167 256655420
t_num: 8 finish: 1473410168 611090367 start: 1473410166 706368681
t_num: 20 finish: 1473410168 611930315 start: 1473410166 318948160
t_num: 3 finish: 1473410168 641938678 start: 1473410165 47140303
t_num: 26 finish: 1473410168 688163634 start: 1473410166 847408489
t_num: 30 finish: 1473410168 688487011 start: 1473410167 124135642
t_num: 28 finish: 1473410168 723217248 start: 1473410167 210642586
t_num: 4 finish: 1473410168 729666962 start: 1473410166 240483062
t_num: 13 finish: 1473410169 110421204 start: 1473410166 319011225
t_num: 2 finish: 1473410169 111631170 start: 1473410166 330581806
t_num: 12 finish: 1473410169 359278590 start: 1473410167 152228963
t_num: 17 finish: 1473410169 569522432 start: 1473410167 261673560
t_num: 29 finish: 1473410169 679667148 start: 1473410167 804314346
t_num: 18 finish: 1473410169 680113890 start: 1473410168 371906316
t_num: 31 finish: 1473410169 730872938 start: 1473410168 612005802
t_num: 26 finish: 1473410170 203609930 start: 1473410168 688185936
t_num: 9 finish: 1473410170 466595763 start: 1473410169 139070617
t_num: 16 finish: 1473410170 466597970 start: 1473410168 291587063
t_num: 30 finish: 1473410170 643407084 start: 1473410168 688506799
t_num: 11 finish: 1473410170 803040849 start: 1473410168 44833115
t_num: 4 finish: 1473410171 111250473 start: 1473410168 999145143
t_num: 20 finish: 1473410171 163185505 start: 1473410168 956412011
t_num: 1 finish: 1473410171 180006478 start: 1473410168 496922817
t_num: 13 finish: 1473410171 527231171 start: 1473410170 202920805
t_num: 28 finish: 1473410171 810050420 start: 1473410169 359316817
t_num: 21 finish: 1473410171 995106907 start: 1473410170 595779173
t_num: 2 finish: 1473410171 997382472 start: 1473410169 111675787
t_num: 10 finish: 1473410172 199655330 start: 1473410171 262671605
t_num: 26 finish: 1473410172 359810916 start: 1473410170 203631522
t_num: 16 finish: 1473410172 417355090 start: 1473410171 95243970
t_num: 4 finish: 1473410172 456887556 start: 1473410171 111279068
t_num: 24 finish: 1473410172 500872197 start: 1473410170 802246805
t_num: 22 finish: 1473410172 517272551 start: 1473410170 733274237
t_num: 30 finish: 1473410172 577149373 start: 1473410170 643437159
t_num: 17 finish: 1473410172 649033127 start: 1473410169 569604302
t_num: 29 finish: 1473410172 757620788 start: 1473410169 679721945
t_num: 23 finish: 1473410172 874194700 start: 1473410171 526997201
t_num: 12 finish: 1473410172 874212712 start: 1473410169 359336927
t_num: 3 finish: 1473410172 930152025 start: 1473410170 431038461
t_num: 11 finish: 1473410172 930211498 start: 1473410170 803069034
t_num: 10 finish: 1473410173 548760800 start: 1473410172 199679300
t_num: 15 finish: 1473410173 681666845 start: 1473410171 915755926
t_num: 5 finish: 1473410173 724658363 start: 1473410171 130965446
t_num: 16 finish: 1473410174 19069578 start: 1473410172 417391290
t_num: 1 finish: 1473410174 82073533 start: 1473410172 150384683
t_num: 12 finish: 1473410174 296601578 start: 1473410172 874265110
t_num: 22 finish: 1473410174 478830649 start: 1473410172 517289813
t_num: 11 finish: 1473410174 580499937 start: 1473410172 930226451
t_num: 31 finish: 1473410174 643352669 start: 1473410173 124327284
t_num: 30 finish: 1473410174 687163752 start: 1473410172 577168930
t_num: 24 finish: 1473410174 989521748 start: 1473410172 500893110
t_num: 23 finish: 1473410174 996013079 start: 1473410173 206699114
t_num: 10 finish: 1473410174 996094169 start: 1473410173 548794357
t_num: 8 finish: 1473410175 85437704 start: 1473410174 82255614
t_num: 2 finish: 1473410175 227397785 start: 1473410172 169677111
t_num: 12 finish: 1473410175 266910860 start: 1473410174 296659456
t_num: 26 finish: 1473410175 266924117 start: 1473410173 125978370
t_num: 20 finish: 1473410175 273123314 start: 1473410173 613100850
t_num: 1 finish: 1473410175 430263218 start: 1473410174 82098335
t_num: 14 finish: 1473410175 715898682 start: 1473410173 373477250
t_num: 22 finish: 1473410176 131467417 start: 1473410174 478859239
t_num: 21 finish: 1473410176 132752331 start: 1473410174 438572512
t_num: 16 finish: 1473410176 339930142 start: 1473410174 19106576
t_num: 28 finish: 1473410176 339936349 start: 1473410173 606040991
t_num: 8 finish: 1473410176 711057332 start: 1473410175 85494886
t_num: 20 finish: 1473410176 772843922 start: 1473410176 28923333
t_num: 17 finish: 1473410177 180639123 start: 1473410174 765487049
t_num: 10 finish: 1473410177 335705533 start: 1473410175 505681753
t_num: 28 finish: 1473410177 429142316 start: 1473410176 339967596
t_num: 12 finish: 1473410177 480023646 start: 1473410175 266965500
t_num: 1 finish: 1473410178 16314723 start: 1473410175 430298126
t_num: 23 finish: 1473410178 20985917 start: 1473410174 996035989
t_num: 27 finish: 1473410178 169752106 start: 1473410175 650343593
t_num: 30 finish: 1473410178 169798679 start: 1473410174 687206357
t_num: 11 finish: 1473410178 194593585 start: 1473410176 236406912
t_num: 8 finish: 1473410178 194710288 start: 1473410176 711096917
t_num: 5 finish: 1473410178 194850121 start: 1473410175 85476636
t_num: 15 finish: 1473410178 199051256 start: 1473410175 267021410
t_num: 24 finish: 1473410178 228234816 start: 1473410176 667562154
t_num: 16 finish: 1473410178 228236771 start: 1473410176 340010448
t_num: 20 finish: 1473410178 404592468 start: 1473410176 772882867
t_num: 26 finish: 1473410178 408253571 start: 1473410177 120448203
t_num: 0 finish: 1473410178 462627225 start: 1473410176 853010818
t_num: 2 finish: 1473410178 518298755 start: 1473410175 984407127
t_num: 17 finish: 1473410178 578037841 start: 1473410177 180677782
t_num: 10 finish: 1473410178 805988296 start: 1473410177 376929172
t_num: 15 finish: 1473410179 45605435 start: 1473410178 199071508
t_num: 11 finish: 1473410179 102976755 start: 1473410178 194615501
t_num: 4 finish: 1473410179 103227391 start: 1473410177 319081693
t_num: 25 finish: 1473410179 193560919 start: 1473410177 180666112
t_num: 12 finish: 1473410179 358304375 start: 1473410177 480057035
t_num: 0 finish: 1473410179 358311651 start: 1473410178 462647928
t_num: 1 finish: 1473410179 625657975 start: 1473410178 624683337
t_num: 23 finish: 1473410179 625662447 start: 1473410178 21007464
t_num: 27 finish: 1473410179 625722499 start: 1473410178 686212448
t_num: 17 finish: 1473410179 800022588 start: 1473410178 578075077
t_num: 14 finish: 1473410180 464126906 start: 1473410178 194497623
t_num: 30 finish: 1473410180 556878226 start: 1473410178 169818451
t_num: 28 finish: 1473410180 606424686 start: 1473410178 690139453
t_num: 6 finish: 1473410180 750047798 start: 1473410178 284952136
t_num: 12 finish: 1473410181 13653515 start: 1473410179 358341333
t_num: 26 finish: 1473410181 65553004 start: 1473410178 408299650
t_num: 15 finish: 1473410181 85449162 start: 1473410179 626878736
t_num: 17 finish: 1473410181 85465772 start: 1473410180 94240454
t_num: 0 finish: 1473410181 365650525 start: 1473410179 358359731
t_num: 3 finish: 1473410181 663221567 start: 1473410179 749278255
t_num: 19 finish: 1473410181 734062004 start: 1473410179 335984182
t_num: 14 finish: 1473410181 735605224 start: 1473410180 464149240
t_num: 4 finish: 1473410181 780255664 start: 1473410179 103249004
t_num: 11 finish: 1473410181 847599015 start: 1473410180 95971152
t_num: 23 finish: 1473410182 803465665 start: 1473410180 438516203
t_num: 30 finish: 1473410182 982141982 start: 1473410180 556903701
t_num: 27 finish: 1473410183 462902199 start: 1473410180 439719802
t_num: 16 finish: 1473410183 464268054 start: 1473410180 986085468
t_num: 15 finish: 1473410183 555905364 start: 1473410181 85471442
t_num: 21 finish: 1473410183 557553035 start: 1473410180 463269800
t_num: 29 finish: 1473410183 559479434 start: 1473410179 624920688
t_num: 25 finish: 1473410183 964408649 start: 1473410180 681360633
t_num: 12 finish: 1473410183 965429562 start: 1473410182 548604909
t_num: 19 finish: 1473410183 998887791 start: 1473410181 734084046
t_num: 22 finish: 1473410184 81776347 start: 1473410181 675530526
t_num: 2 finish: 1473410184 125203460 start: 1473410180 985914245
t_num: 6 finish: 1473410184 126223477 start: 1473410182 35989196
t_num: 31 finish: 1473410184 328460623 start: 1473410182 283175951
t_num: 3 finish: 1473410184 347595790 start: 1473410181 663260702
t_num: 5 finish: 1473410184 545412947 start: 1473410182 754217753
t_num: 7 finish: 1473410184 586468089 start: 1473410182 966722774
t_num: 28 finish: 1473410184 586674355 start: 1473410182 830886336
t_num: 29 finish: 1473410184 667316663 start: 1473410183 559499603
t_num: 23 finish: 1473410184 677335615 start: 1473410182 803499692
t_num: 4 finish: 1473410184 866869612 start: 1473410182 249068553
t_num: 21 finish: 1473410184 964343045 start: 1473410183 557573462
t_num: 26 finish: 1473410184 981927515 start: 1473410182 271412740
t_num: 27 finish: 1473410185 236510993 start: 1473410183 462946775
t_num: 29 finish: 1473410185 679900387 start: 1473410184 667357220
t_num: 12 finish: 1473410185 680685158 start: 1473410184 865998668
t_num: 16 finish: 1473410186 55107433 start: 1473410183 464289730
t_num: 29 finish: 1473410186 537567799 start: 1473410185 679938234
t_num: 0 finish: 1473410186 539366694 start: 1473410184 86978738
t_num: 25 finish: 1473410186 571938581 start: 1473410183 964452801
t_num: 31 finish: 1473410186 642924189 start: 1473410184 328494940
t_num: 4 finish: 1473410186 705911925 start: 1473410184 866891835
t_num: 5 finish: 1473410186 705924683 start: 1473410184 545463986
t_num: 3 finish: 1473410186 866490330 start: 1473410184 866822193
t_num: 2 finish: 1473410187 37578813 start: 1473410185 324616429
t_num: 19 finish: 1473410187 38138796 start: 1473410184 473671557
t_num: 22 finish: 1473410187 38249533 start: 1473410184 932592411
t_num: 21 finish: 1473410187 113890104 start: 1473410184 964370540
t_num: 12 finish: 1473410187 122529861 start: 1473410185 680700922
t_num: 9 finish: 1473410187 145874893 start: 1473410185 237396629
t_num: 1 finish: 1473410187 243914181 start: 1473410186 154102385
t_num: 16 finish: 1473410187 466016182 start: 1473410186 55152436
t_num: 7 finish: 1473410188 249948697 start: 1473410185 922390247
t_num: 23 finish: 1473410188 702027279 start: 1473410185 785588252
t_num: 31 finish: 1473410189 322556840 start: 1473410186 642951154
t_num: 4 finish: 1473410189 457425305 start: 1473410186 705934249
t_num: 26 finish: 1473410189 467106562 start: 1473410186 269555350
t_num: 27 finish: 1473410189 644273787 start: 1473410186 453500602
t_num: 9 finish: 1473410189 644337454 start: 1473410187 145899322
t_num: 30 finish: 1473410189 942144131 start: 1473410187 244763383
t_num: 10 finish: 1473410190 92341504 start: 1473410189 431731633
t_num: 20 finish: 1473410190 92588445 start: 1473410187 699627644
t_num: 5 finish: 1473410190 92748495 start: 1473410187 37448977
t_num: 16 finish: 1473410190 104316025 start: 1473410187 466047129
t_num: 22 finish: 1473410190 123666977 start: 1473410189 840333380
t_num: 3 finish: 1473410190 358153242 start: 1473410188 31184273
t_num: 14 finish: 1473410190 390504558 start: 1473410187 923215351
t_num: 25 finish: 1473410190 429824840 start: 1473410187 831201761
t_num: 31 finish: 1473410190 430066752 start: 1473410189 322587359
t_num: 1 finish: 1473410191 5769149 start: 1473410189 561631593
t_num: 17 finish: 1473410191 126038333 start: 1473410188 250585943
t_num: 4 finish: 1473410191 322480399 start: 1473410189 644297107
t_num: 0 finish: 1473410191 645778285 start: 1473410189 885774880
t_num: 13 finish: 1473410191 646440765 start: 1473410190 92361057
t_num: 14 finish: 1473410191 742464664 start: 1473410190 390543077
t_num: 21 finish: 1473410191 756782044 start: 1473410188 210224774
t_num: 29 finish: 1473410191 811694283 start: 1473410190 912078028
t_num: 7 finish: 1473410192 185992163 start: 1473410190 92853406
t_num: 10 finish: 1473410192 232184332 start: 1473410190 92390428
t_num: 5 finish: 1473410192 235146393 start: 1473410190 92769071
t_num: 26 finish: 1473410192 237496939 start: 1473410190 17280267
t_num: 19 finish: 1473410192 238259223 start: 1473410190 905007300
t_num: 20 finish: 1473410192 678957281 start: 1473410190 92608501
t_num: 22 finish: 1473410192 707227065 start: 1473410190 123686006
t_num: 16 finish: 1473410193 222908574 start: 1473410190 906012838
t_num: 27 finish: 1473410193 268521136 start: 1473410191 436206244
t_num: 4 finish: 1473410193 451355247 start: 1473410191 322525172
t_num: 3 finish: 1473410193 457391314 start: 1473410190 358199948
t_num: 19 finish: 1473410193 458024520 start: 1473410192 238277931
t_num: 14 finish: 1473410193 863167185 start: 1473410191 742492308
t_num: 21 finish: 1473410193 867145739 start: 1473410191 756798918
t_num: 24 finish: 1473410194 15126513 start: 1473410190 911346971
t_num: 17 finish: 1473410194 16011380 start: 1473410192 136241573
t_num: 5 finish: 1473410194 16014848 start: 1473410192 235169932
t_num: 29 finish: 1473410194 58452438 start: 1473410191 811729685
t_num: 13 finish: 1473410194 172755017 start: 1473410192 234641109
t_num: 11 finish: 1473410194 197373073 start: 1473410192 128223759
t_num: 10 finish: 1473410194 298732051 start: 1473410192 232214384
t_num: 16 finish: 1473410195 13773613 start: 1473410193 222941920
t_num: 2 finish: 1473410195 469364187 start: 1473410193 175615539
t_num: 27 finish: 1473410195 580842705 start: 1473410193 268561057
t_num: 19 finish: 1473410195 637727401 start: 1473410193 458062733
t_num: 30 finish: 1473410195 676379486 start: 1473410193 444524201
t_num: 0 finish: 1473410195 694364446 start: 1473410193 581811533
t_num: 26 finish: 1473410195 824854508 start: 1473410193 448867345
t_num: 20 finish: 1473410195 833933368 start: 1473410193 268768833
t_num: 3 finish: 1473410196 5804008 start: 1473410193 457414139
t_num: 7 finish: 1473410196 133657803 start: 1473410194 155704765
t_num: 8 finish: 1473410196 406098445 start: 1473410195 279522483
t_num: 23 finish: 1473410196 745210418 start: 1473410194 197415451
t_num: 14 finish: 1473410196 798928863 start: 1473410195 331826489
t_num: 24 finish: 1473410196 798942209 start: 1473410194 768355420
t_num: 13 finish: 1473410196 837628253 start: 1473410195 19887800
t_num: 21 finish: 1473410196 837852658 start: 1473410194 57862077
t_num: 12 finish: 1473410197 253591892 start: 1473410194 845427993
t_num: 19 finish: 1473410197 327041298 start: 1473410195 637757463
t_num: 26 finish: 1473410197 583547761 start: 1473410195 824893232
t_num: 16 finish: 1473410197 618718335 start: 1473410195 676284895
t_num: 17 finish: 1473410197 618722894 start: 1473410194 453914777
t_num: 2 finish: 1473410197 907258338 start: 1473410196 623593853
t_num: 7 finish: 1473410197 907284309 start: 1473410196 133717622
t_num: 3 finish: 1473410198 276369896 start: 1473410196 5828362
t_num: 6 finish: 1473410198 333077875 start: 1473410196 489683894
t_num: 27 finish: 1473410198 412340218 start: 1473410195 580883887
t_num: 23 finish: 1473410198 726830895 start: 1473410196 745244798
t_num: 8 finish: 1473410198 857769761 start: 1473410196 406135634
t_num: 30 finish: 1473410198 858069934 start: 1473410196 616787610
t_num: 17 finish: 1473410198 976391463 start: 1473410197 618777049
t_num: 12 finish: 1473410198 976496415 start: 1473410197 253627126
t_num: 23 finish: 1473410199 149707709 start: 1473410198 726873375
t_num: 19 finish: 1473410199 501357863 start: 1473410197 327066048
t_num: 29 finish: 1473410199 503868163 start: 1473410197 322031283
t_num: 31 finish: 1473410199 663711806 start: 1473410196 325576985
t_num: 20 finish: 1473410199 748495893 start: 1473410198 904994748
t_num: 21 finish: 1473410199 749870419 start: 1473410196 837873862
t_num: 5 finish: 1473410199 797343805 start: 1473410199 280705339
t_num: 10 finish: 1473410199 866024912 start: 1473410197 440118313
t_num: 24 finish: 1473410199 916969770 start: 1473410198 904938905
t_num: 25 finish: 1473410200 2284867 start: 1473410197 689795685
t_num: 3 finish: 1473410200 190650721 start: 1473410198 809679929
t_num: 12 finish: 1473410200 190742235 start: 1473410198 976541162
t_num: 26 finish: 1473410200 291508791 start: 1473410198 246169935
t_num: 30 finish: 1473410200 291519725 start: 1473410199 551798580
t_num: 16 finish: 1473410200 467338443 start: 1473410198 160484566
t_num: 13 finish: 1473410201 214517065 start: 1473410198 309589925
t_num: 8 finish: 1473410201 517496631 start: 1473410198 857806295
t_num: 1 finish: 1473410201 945594061 start: 1473410198 875427576
t_num: 6 finish: 1473410201 958154583 start: 1473410199 206041899
t_num: 20 finish: 1473410202 60107979 start: 1473410199 748537589
t_num: 23 finish: 1473410202 168581315 start: 1473410199 951088511
t_num: 15 finish: 1473410202 335117233 start: 1473410201 51367901
t_num: 10 finish: 1473410202 335192214 start: 1473410199 866049382
t_num: 21 finish: 1473410202 341422623 start: 1473410200 505253982
t_num: 24 finish: 1473410202 502124699 start: 1473410200 354692691
t_num: 3 finish: 1473410202 839032062 start: 1473410200 654335394
t_num: 13 finish: 1473410202 839032040 start: 1473410201 214557769
t_num: 25 finish: 1473410202 918174825 start: 1473410201 384569895
t_num: 16 finish: 1473410203 104771872 start: 1473410200 467370662
t_num: 31 finish: 1473410203 272333946 start: 1473410200 676097789
t_num: 29 finish: 1473410203 315363139 start: 1473410200 158181795
t_num: 0 finish: 1473410203 609147453 start: 1473410201 958985133
t_num: 26 finish: 1473410203 674347770 start: 1473410200 291577571
t_num: 1 finish: 1473410203 767625805 start: 1473410201 945635814
t_num: 10 finish: 1473410203 767638578 start: 1473410202 335211077
t_num: 17 finish: 1473410203 870230884 start: 1473410201 516278891
t_num: 13 finish: 1473410204 20725538 start: 1473410202 839188656
t_num: 15 finish: 1473410204 67696679 start: 1473410202 623784436
t_num: 20 finish: 1473410204 101454816 start: 1473410202 330018788
t_num: 6 finish: 1473410204 102061330 start: 1473410202 385794704
t_num: 8 finish: 1473410204 154121471 start: 1473410201 517525852
t_num: 30 finish: 1473410204 625579208 start: 1473410201 52173798
t_num: 4 finish: 1473410205 402155675 start: 1473410201 649840495
t_num: 21 finish: 1473410205 404916150 start: 1473410203 225976322
t_num: 26 finish: 1473410205 405963479 start: 1473410203 674387746
t_num: 19 finish: 1473410205 408933894 start: 1473410202 919700516
t_num: 23 finish: 1473410205 749188680 start: 1473410203 371196057
t_num: 22 finish: 1473410205 751489012 start: 1473410203 753467866
t_num: 25 finish: 1473410206 10027180 start: 1473410204 153462264
t_num: 29 finish: 1473410206 41433869 start: 1473410203 315400442
t_num: 20 finish: 1473410206 86730750 start: 1473410204 101512347
t_num: 31 finish: 1473410206 87720266 start: 1473410203 272365728
t_num: 2 finish: 1473410206 307551974 start: 1473410204 538191783
t_num: 11 finish: 1473410206 393242278 start: 1473410204 733152489
t_num: 30 finish: 1473410206 484248441 start: 1473410205 365510972
t_num: 13 finish: 1473410206 797991995 start: 1473410204 20762882
t_num: 28 finish: 1473410206 817622085 start: 1473410205 80483937
t_num: 5 finish: 1473410206 817622085 start: 1473410203 674412263
t_num: 19 finish: 1473410206 992238838 start: 1473410205 408953954
t_num: 0 finish: 1473410207 312915474 start: 1473410204 490651190
t_num: 4 finish: 1473410207 346592978 start: 1473410205 402193531
t_num: 25 finish: 1473410207 376984075 start: 1473410206 10062837
t_num: 23 finish: 1473410207 687361098 start: 1473410206 87501829
t_num: 1 finish: 1473410207 874657916 start: 1473410204 812344406
t_num: 14 finish: 1473410208 198079763 start: 1473410206 99560795
t_num: 21 finish: 1473410208 386825098 start: 1473410205 404936679
t_num: 24 finish: 1473410208 500963844 start: 1473410205 381209359
t_num: 31 finish: 1473410208 663923233 start: 1473410206 87741258
t_num: 5 finish: 1473410208 781064550 start: 1473410206 817673953
t_num: 3 finish: 1473410209 120224956 start: 1473410206 632966675
t_num: 23 finish: 1473410209 175921677 start: 1473410207 687399610
t_num: 1 finish: 1473410209 176895579 start: 1473410207 874683637
t_num: 25 finish: 1473410209 298757857 start: 1473410207 377008977
t_num: 30 finish: 1473410209 303042724 start: 1473410206 484283118
t_num: 15 finish: 1473410209 318192159 start: 1473410207 653734921
t_num: 2 finish: 1473410209 340455444 start: 1473410206 307585641
t_num: 22 finish: 1473410209 376003271 start: 1473410207 377690502
t_num: 18 finish: 1473410209 376095171 start: 1473410206 849464689
t_num: 14 finish: 1473410209 415262868 start: 1473410208 664355278
t_num: 4 finish: 1473410209 805671494 start: 1473410207 346623075
t_num: 19 finish: 1473410210 45399937 start: 1473410209 41302377
t_num: 0 finish: 1473410210 47600328 start: 1473410208 198067139
t_num: 11 finish: 1473410210 228761394 start: 1473410209 10762696
t_num: 3 finish: 1473410210 765287224 start: 1473410209 120257861
t_num: 29 finish: 1473410210 829084969 start: 1473410208 710556391
t_num: 14 finish: 1473410210 829109870 start: 1473410209 415300743
t_num: 15 finish: 1473410210 829330802 start: 1473410209 318212565
t_num: 31 finish: 1473410211 68876357 start: 1473410209 267461768
t_num: 2 finish: 1473410211 126370344 start: 1473410209 340477515
t_num: 9 finish: 1473410211 172658858 start: 1473410209 318635362
t_num: 27 finish: 1473410211 377432377 start: 1473410209 235366119
t_num: 7 finish: 1473410211 529682392 start: 1473410209 196811410
t_num: 20 finish: 1473410211 530934884 start: 1473410209 320764315
t_num: 23 finish: 1473410211 564252700 start: 1473410209 175955764
t_num: 22 finish: 1473410211 574629554 start: 1473410209 820193787
t_num: 25 finish: 1473410211 574639809 start: 1473410209 298780032
t_num: 6 finish: 1473410211 989351040 start: 1473410210 37248474
t_num: 1 finish: 1473410212 83178903 start: 1473410210 228762751
t_num: 30 finish: 1473410212 99531800 start: 1473410209 767375627
t_num: 12 finish: 1473410212 564526096 start: 1473410210 995414815
t_num: 26 finish: 1473410212 564534648 start: 1473410210 884892661
t_num: 14 finish: 1473410212 684915616 start: 1473410210 829142336
t_num: 3 finish: 1473410213 55353966 start: 1473410210 765321490
t_num: 18 finish: 1473410213 123672948 start: 1473410211 914852159
t_num: 31 finish: 1473410213 123717749 start: 1473410211 68918668
t_num: 9 finish: 1473410213 205798822 start: 1473410211 774756086
t_num: 25 finish: 1473410213 528966066 start: 1473410211 574681890
t_num: 12 finish: 1473410213 713956686 start: 1473410212 564556123
t_num: 4 finish: 1473410213 719177138 start: 1473410211 913717400
t_num: 20 finish: 1473410213 760315773 start: 1473410211 530958327
t_num: 11 finish: 1473410214 325170161 start: 1473410211 333934240
t_num: 19 finish: 1473410214 371732023 start: 1473410211 914936141
t_num: 14 finish: 1473410214 373040374 start: 1473410213 2634294
t_num: 1 finish: 1473410214 406504257 start: 1473410212 83217494
t_num: 6 finish: 1473410214 451051720 start: 1473410211 989378602
t_num: 22 finish: 1473410214 529507073 start: 1473410212 618822774
t_num: 18 finish: 1473410214 529771335 start: 1473410213 123706387
t_num: 21 finish: 1473410214 614237211 start: 1473410212 683035253
t_num: 31 finish: 1473410214 698814547 start: 1473410213 123738010
t_num: 30 finish: 1473410214 698893676 start: 1473410213 711766907
t_num: 3 finish: 1473410214 959325116 start: 1473410213 565799622
t_num: 25 finish: 1473410214 959559421 start: 1473410213 789619771
t_num: 7 finish: 1473410215 213326357 start: 1473410213 2887735
t_num: 27 finish: 1473410215 250592568 start: 1473410214 325273710
t_num: 9 finish: 1473410215 364239330 start: 1473410213 205826981
t_num: 16 finish: 1473410215 664439426 start: 1473410214 375292438
t_num: 30 finish: 1473410215 757414713 start: 1473410214 698908570
t_num: 29 finish: 1473410215 773245592 start: 1473410213 346472392
t_num: 1 finish: 1473410216 45091799 start: 1473410214 406525155
t_num: 5 finish: 1473410216 45679120 start: 1473410213 827839061
t_num: 22 finish: 1473410216 64418932 start: 1473410214 959075404
t_num: 6 finish: 1473410216 82881051 start: 1473410214 451092194
t_num: 12 finish: 1473410216 382833220 start: 1473410213 713986245
t_num: 17 finish: 1473410216 409254152 start: 1473410213 714987488
t_num: 19 finish: 1473410216 461448339 start: 1473410214 451072901
t_num: 14 finish: 1473410216 499763762 start: 1473410214 922796369
t_num: 9 finish: 1473410216 883309265 start: 1473410215 364299039
t_num: 3 finish: 1473410216 930223284 start: 1473410214 959347778
t_num: 2 finish: 1473410217 55289475 start: 1473410215 437396684
t_num: 27 finish: 1473410217 55636946 start: 1473410215 812195171
t_num: 16 finish: 1473410217 85718806 start: 1473410215 664480337
t_num: 11 finish: 1473410217 202465942 start: 1473410215 375435286
t_num: 7 finish: 1473410217 236951800 start: 1473410215 547756394
t_num: 28 finish: 1473410217 317493444 start: 1473410215 785750877
t_num: 29 finish: 1473410217 699768798 start: 1473410215 773271681
t_num: 5 finish: 1473410217 735280304 start: 1473410216 45700675
t_num: 14 finish: 1473410217 935072520 start: 1473410216 499809659
t_num: 24 finish: 1473410218 258007902 start: 1473410215 438082639
t_num: 1 finish: 1473410218 334467559 start: 1473410216 986134222
t_num: 21 finish: 1473410218 546383403 start: 1473410215 666231065
t_num: 6 finish: 1473410218 822600189 start: 1473410216 779459992
t_num: 19 finish: 1473410218 822601813 start: 1473410217 235979486
t_num: 16 finish: 1473410218 955992522 start: 1473410217 85738722
t_num: 22 finish: 1473410218 972580352 start: 1473410217 483749719
t_num: 7 finish: 1473410219 12142572 start: 1473410217 236968543
t_num: 15 finish: 1473410219 12206367 start: 1473410216 411901520
t_num: 10 finish: 1473410219 485380856 start: 1473410217 389129835
t_num: 13 finish: 1473410219 485458693 start: 1473410217 390125210
t_num: 6 finish: 1473410219 531454323 start: 1473410218 822634043
t_num: 14 finish: 1473410219 585983051 start: 1473410217 935109581
t_num: 27 finish: 1473410219 618347158 start: 1473410218 78820876
t_num: 30 finish: 1473410219 619387455 start: 1473410216 779493922
t_num: 5 finish: 1473410219 831182956 start: 1473410217 735307699
t_num: 8 finish: 1473410219 831229287 start: 1473410217 391983221
t_num: 1 finish: 1473410220 61619991 start: 1473410219 12210208
t_num: 3 finish: 1473410220 148925154 start: 1473410218 336110015
t_num: 14 finish: 1473410220 362442708 start: 1473410219 586005879
t_num: 19 finish: 1473410221 212413083 start: 1473410218 822647349
t_num: 30 finish: 1473410221 213773178 start: 1473410219 619408895
t_num: 1 finish: 1473410221 219369242 start: 1473410220 61661772
t_num: 24 finish: 1473410221 219593167 start: 1473410218 258039992
t_num: 29 finish: 1473410221 220109147 start: 1473410218 567710412
t_num: 6 finish: 1473410221 220200471 start: 1473410219 531477546
t_num: 14 finish: 1473410221 367500674 start: 1473410220 362471421
t_num: 3 finish: 1473410221 549784303 start: 1473410220 148970403
t_num: 22 finish: 1473410221 550031744 start: 1473410219 831140280
t_num: 5 finish: 1473410221 550167236 start: 1473410219 831207591
t_num: 8 finish: 1473410221 744974213 start: 1473410219 831262579
t_num: 9 finish: 1473410221 786735070 start: 1473410218 547489253
t_num: 13 finish: 1473410222 539818940 start: 1473410219 485476275
t_num: 30 finish: 1473410222 539894274 start: 1473410221 213792226
t_num: 11 finish: 1473410222 555358586 start: 1473410221 221201455
t_num: 3 finish: 1473410222 555371343 start: 1473410221 549838330
t_num: 21 finish: 1473410222 591926607 start: 1473410221 594742097
t_num: 9 finish: 1473410222 720392958 start: 1473410221 939464526
t_num: 29 finish: 1473410222 795726965 start: 1473410221 220129026
t_num: 24 finish: 1473410222 796466565 start: 1473410221 972702722
t_num: 5 finish: 1473410222 860619682 start: 1473410221 550184138
t_num: 8 finish: 1473410222 923042246 start: 1473410221 745005629
t_num: 19 finish: 1473410223 97953468 start: 1473410221 224194388
t_num: 14 finish: 1473410223 241886162 start: 1473410221 367538398
t_num: 17 finish: 1473410223 278076170 start: 1473410221 213926659
t_num: 7 finish: 1473410223 293346212 start: 1473410220 623305353
t_num: 6 finish: 1473410223 567148475 start: 1473410221 974424460
t_num: 1 finish: 1473410223 688537885 start: 1473410222 166994686
t_num: 20 finish: 1473410223 708375780 start: 1473410222 485110660
t_num: 8 finish: 1473410223 948995723 start: 1473410222 923082475
t_num: 13 finish: 1473410224 74715219 start: 1473410222 539849048
t_num: 20 finish: 1473410224 380750013 start: 1473410223 708398027
t_num: 3 finish: 1473410224 466023000 start: 1473410223 612544953
t_num: 28 finish: 1473410224 500085476 start: 1473410223 50791466
t_num: 10 finish: 1473410224 564456981 start: 1473410221 287292998
t_num: 30 finish: 1473410224 948211030 start: 1473410222 539914151
t_num: 5 finish: 1473410225 48904733 start: 1473410223 279536428
t_num: 16 finish: 1473410225 50252973 start: 1473410222 923071840
t_num: 19 finish: 1473410225 50957856 start: 1473410223 612582041
t_num: 29 finish: 1473410225 465507147 start: 1473410223 279028365
t_num: 1 finish: 1473410225 465735005 start: 1473410223 688614317
t_num: 31 finish: 1473410225 505043327 start: 1473410223 248724631
t_num: 6 finish: 1473410225 773829379 start: 1473410223 567180114
t_num: 21 finish: 1473410225 796197699 start: 1473410224 60215891
t_num: 20 finish: 1473410225 821748734 start: 1473410224 380791209
t_num: 8 finish: 1473410225 821755186 start: 1473410223 949020807
t_num: 19 finish: 1473410225 829669063 start: 1473410225 50976243
t_num: 25 finish: 1473410225 833783223 start: 1473410224 779019719
t_num: 5 finish: 1473410225 929983007 start: 1473410225 48934519
t_num: 13 finish: 1473410226 26921728 start: 1473410224 74743984
t_num: 10 finish: 1473410226 391406867 start: 1473410224 564568898
t_num: 14 finish: 1473410226 407333587 start: 1473410225 444782163
t_num: 5 finish: 1473410226 804550879 start: 1473410225 930006511
t_num: 17 finish: 1473410226 867301878 start: 1473410224 426702711
t_num: 11 finish: 1473410226 949056007 start: 1473410224 440028858
t_num: 23 finish: 1473410227 17730387 start: 1473410225 259823354
t_num: 1 finish: 1473410227 132415269 start: 1473410225 550886110
t_num: 6 finish: 1473410227 152557825 start: 1473410225 773872688
t_num: 28 finish: 1473410227 175740806 start: 1473410225 231708512
t_num: 16 finish: 1473410227 924382131 start: 1473410226 513390069
t_num: 20 finish: 1473410227 926342440 start: 1473410226 654284070
t_num: 29 finish: 1473410227 936486290 start: 1473410225 465534561
t_num: 25 finish: 1473410228 50418456 start: 1473410226 804015296
t_num: 3 finish: 1473410228 374918629 start: 1473410225 263639197
t_num: 18 finish: 1473410228 736416548 start: 1473410226 512893437
t_num: 25 finish: 1473410229 165156217 start: 1473410228 50442391
t_num: 28 finish: 1473410229 332831395 start: 1473410227 918265964
t_num: 22 finish: 1473410229 549918773 start: 1473410226 387711922
t_num: 21 finish: 1473410229 552517990 start: 1473410227 480278563
t_num: 24 finish: 1473410229 561553868 start: 1473410228 55276455
t_num: 17 finish: 1473410229 699231181 start: 1473410226 867327950
t_num: 13 finish: 1473410229 894903733 start: 1473410228 60348319
t_num: 11 finish: 1473410230 61312730 start: 1473410227 907468492
t_num: 20 finish: 1473410230 133723170 start: 1473410227 926363163
t_num: 10 finish: 1473410230 134301783 start: 1473410228 333174338
t_num: 19 finish: 1473410230 213799003 start: 1473410227 173869771
t_num: 1 finish: 1473410230 344038091 start: 1473410227 907500866
t_num: 5 finish: 1473410230 396522262 start: 1473410226 804578113
t_num: 8 finish: 1473410230 403664850 start: 1473410228 964779571
t_num: 16 finish: 1473410230 659663756 start: 1473410228 875818860
t_num: 6 finish: 1473410230 659702900 start: 1473410227 865459499
t_num: 4 finish: 1473410230 977062497 start: 1473410228 875874363
t_num: 2 finish: 1473410231 48095730 start: 1473410229 438241666
t_num: 25 finish: 1473410231 280205070 start: 1473410229 553693688
t_num: 14 finish: 1473410231 530514816 start: 1473410230 396696000
t_num: 31 finish: 1473410231 596190284 start: 1473410229 894202952
t_num: 24 finish: 1473410231 818016538 start: 1473410229 561573926
t_num: 13 finish: 1473410231 911625748 start: 1473410229 894925186
t_num: 4 finish: 1473410232 153733925 start: 1473410230 977094511
t_num: 17 finish: 1473410232 237402618 start: 1473410230 402655516
t_num: 11 finish: 1473410232 386855842 start: 1473410230 61352584
t_num: 12 finish: 1473410232 406663315 start: 1473410229 618855760
t_num: 5 finish: 1473410232 571622299 start: 1473410230 396590835
t_num: 8 finish: 1473410232 574136240 start: 1473410230 403685400
t_num: 20 finish: 1473410232 599654155 start: 1473410230 133755213
t_num: 21 finish: 1473410232 674266891 start: 1473410230 760885378
t_num: 26 finish: 1473410232 870071819 start: 1473410232 342313693
t_num: 2 finish: 1473410233 45119698 start: 1473410231 48120065
t_num: 14 finish: 1473410233 138831758 start: 1473410231 530553701
t_num: 31 finish: 1473410233 485950965 start: 1473410231 596229453
t_num: 17 finish: 1473410233 489601957 start: 1473410232 237444798
t_num: 25 finish: 1473410233 525959526 start: 1473410231 280251269
t_num: 6 finish: 1473410233 580940585 start: 1473410230 659736628
t_num: 10 finish: 1473410233 712323451 start: 1473410232 632290745
t_num: 15 finish: 1473410234 151657777 start: 1473410232 565183155
t_num: 24 finish: 1473410234 226593812 start: 1473410232 598984250
t_num: 4 finish: 1473410234 286754263 start: 1473410232 153779560
t_num: 12 finish: 1473410234 585164478 start: 1473410232 406689080
t_num: 14 finish: 1473410234 775999077 start: 1473410233 138855984
t_num: 17 finish: 1473410235 154431731 start: 1473410233 489624054
t_num: 18 finish: 1473410235 155163347 start: 1473410232 833554797
t_num: 5 finish: 1473410235 155729967 start: 1473410232 571652229
t_num: 6 finish: 1473410235 245005250 start: 1473410233 580965920
t_num: 11 finish: 1473410235 245782527 start: 1473410232 386890092
t_num: 7 finish: 1473410235 435870727 start: 1473410233 136615456
t_num: 19 finish: 1473410235 547114681 start: 1473410232 314712629
t_num: 26 finish: 1473410235 600918914 start: 1473410232 870108931
t_num: 30 finish: 1473410235 612679795 start: 1473410234 201172965
t_num: 25 finish: 1473410235 678410787 start: 1473410234 193958076
t_num: 0 finish: 1473410235 969446804 start: 1473410234 561334969
t_num: 24 finish: 1473410236 141866984 start: 1473410234 226618751
t_num: 7 finish: 1473410236 320188974 start: 1473410235 435914657
t_num: 27 finish: 1473410236 352327740 start: 1473410234 148413909
t_num: 31 finish: 1473410236 630095534 start: 1473410233 485978440
t_num: 13 finish: 1473410236 630111084 start: 1473410234 145668312
t_num: 19 finish: 1473410236 651337773 start: 1473410235 547146420
t_num: 5 finish: 1473410236 651354987 start: 1473410235 155745762
t_num: 4 finish: 1473410236 701195715 start: 1473410234 743635968
t_num: 8 finish: 1473410236 805034059 start: 1473410235 525218585
t_num: 30 finish: 1473410236 805068479 start: 1473410235 612719663
t_num: 12 finish: 1473410236 805131565 start: 1473410234 585195109
t_num: 11 finish: 1473410236 894842956 start: 1473410235 678436953
t_num: 18 finish: 1473410237 118599499 start: 1473410236 193339029
t_num: 3 finish: 1473410237 175736818 start: 1473410235 586602464
t_num: 25 finish: 1473410237 243072685 start: 1473410235 678451318
t_num: 17 finish: 1473410237 277650602 start: 1473410235 154474190
t_num: 27 finish: 1473410237 494288402 start: 1473410236 352363520
t_num: 9 finish: 1473410237 628909709 start: 1473410235 521721202
t_num: 21 finish: 1473410237 764760007 start: 1473410236 98552120
t_num: 19 finish: 1473410237 997911779 start: 1473410236 651361316
t_num: 12 finish: 1473410238 125557518 start: 1473410236 805159135
t_num: 13 finish: 1473410238 691856542 start: 1473410236 630254199
t_num: 3 finish: 1473410238 867680625 start: 1473410237 175771263
t_num: 18 finish: 1473410238 992337147 start: 1473410237 118635847
t_num: 5 finish: 1473410239 233370537 start: 1473410237 271249618
t_num: 11 finish: 1473410239 304457340 start: 1473410236 894877800
t_num: 17 finish: 1473410239 405519263 start: 1473410238 125911036
t_num: 25 finish: 1473410239 405564286 start: 1473410237 243115922
t_num: 8 finish: 1473410239 436907690 start: 1473410237 628935974
t_num: 30 finish: 1473410239 692796175 start: 1473410236 805101381
t_num: 23 finish: 1473410239 706441016 start: 1473410237 271039126
t_num: 16 finish: 1473410239 734059038 start: 1473410237 712215605
t_num: 7 finish: 1473410239 778005554 start: 1473410237 875542676
t_num: 12 finish: 1473410239 797502131 start: 1473410238 125585130
t_num: 4 finish: 1473410239 851638179 start: 1473410238 81674072
t_num: 9 finish: 1473410240 4757820 start: 1473410237 628953681
t_num: 17 finish: 1473410240 213778165 start: 1473410239 405548052
t_num: 13 finish: 1473410240 465644327 start: 1473410238 691889083
t_num: 19 finish: 1473410240 667813771 start: 1473410238 691977260
t_num: 2 finish: 1473410240 859845189 start: 1473410238 752540996
t_num: 18 finish: 1473410240 918298226 start: 1473410239 795195428
t_num: 27 finish: 1473410240 998728590 start: 1473410239 304567780
t_num: 24 finish: 1473410241 83856951 start: 1473410238 280412845
t_num: 14 finish: 1473410241 119234489 start: 1473410239 531716024
t_num: 21 finish: 1473410241 154766661 start: 1473410239 795295555
t_num: 28 finish: 1473410241 204564313 start: 1473410240 707071631
t_num: 1 finish: 1473410241 448415154 start: 1473410239 633145657
t_num: 11 finish: 1473410241 628939478 start: 1473410239 304501578
t_num: 12 finish: 1473410241 675106902 start: 1473410239 797520969
t_num: 18 finish: 1473410241 934231026 start: 1473410240 918345780
t_num: 25 finish: 1473410241 934502869 start: 1473410239 405584066
t_num: 19 finish: 1473410242 40233085 start: 1473410240 667857386
t_num: 30 finish: 1473410242 114796259 start: 1473410239 692828011
t_num: 5 finish: 1473410242 377854508 start: 1473410239 795502766
t_num: 27 finish: 1473410242 460946282 start: 1473410240 998785132
t_num: 4 finish: 1473410242 593638547 start: 1473410239 851681913
t_num: 14 finish: 1473410242 639470328 start: 1473410241 824849194
t_num: 8 finish: 1473410242 681668552 start: 1473410240 760504729
t_num: 9 finish: 1473410242 931383910 start: 1473410240 445932665
t_num: 21 finish: 1473410243 221636201 start: 1473410241 154809883
t_num: 16 finish: 1473410243 222449556 start: 1473410241 676602362
t_num: 17 finish: 1473410243 379554470 start: 1473410241 781422523
t_num: 14 finish: 1473410243 499836666 start: 1473410242 639500799
t_num: 25 finish: 1473410243 921016781 start: 1473410241 934522259
t_num: 12 finish: 1473410244 517864226 start: 1473410241 675136118
t_num: 28 finish: 1473410244 559569406 start: 1473410242 183857324
t_num: 4 finish: 1473410244 670354413 start: 1473410243 628471642
t_num: 19 finish: 1473410244 907414041 start: 1473410242 810973831
t_num: 20 finish: 1473410245 272260942 start: 1473410242 888017593
t_num: 21 finish: 1473410245 297691003 start: 1473410243 221672114
t_num: 8 finish: 1473410245 329717215 start: 1473410242 681691880
t_num: 27 finish: 1473410245 472362481 start: 1473410242 460992791
t_num: 30 finish: 1473410245 539873340 start: 1473410244 184933043
t_num: 5 finish: 1473410245 539916947 start: 1473410242 377918981
t_num: 25 finish: 1473410245 600294579 start: 1473410243 921063144
t_num: 24 finish: 1473410245 669873628 start: 1473410243 275902658
t_num: 7 finish: 1473410245 669873644 start: 1473410243 549579811
t_num: 15 finish: 1473410246 52949406 start: 1473410244 861467967
t_num: 23 finish: 1473410246 52959663 start: 1473410243 627394059
t_num: 9 finish: 1473410246 56554541 start: 1473410243 628616902
t_num: 12 finish: 1473410246 198555894 start: 1473410244 517896500
t_num: 31 finish: 1473410246 374215994 start: 1473410243 627370759
t_num: 18 finish: 1473410246 433653959 start: 1473410244 608234150
t_num: 4 finish: 1473410246 641122844 start: 1473410244 670381815
t_num: 7 finish: 1473410246 796208741 start: 1473410245 669930627
t_num: 27 finish: 1473410247 416520675 start: 1473410245 472415320
t_num: 14 finish: 1473410247 416600648 start: 1473410244 477001370
t_num: 25 finish: 1473410247 417212163 start: 1473410245 600344689
t_num: 28 finish: 1473410247 661410525 start: 1473410245 260056070
t_num: 24 finish: 1473410247 664066694 start: 1473410245 872415187
t_num: 29 finish: 1473410247 668858801 start: 1473410245 211374929
t_num: 8 finish: 1473410247 921094938 start: 1473410246 485509571
t_num: 15 finish: 1473410248 112246444 start: 1473410246 52998697
t_num: 30 finish: 1473410248 460862186 start: 1473410246 312332237
t_num: 5 finish: 1473410248 462974094 start: 1473410245 539935418
t_num: 28 finish: 1473410248 519540158 start: 1473410247 661451491
t_num: 19 finish: 1473410248 594131887 start: 1473410245 539895271
t_num: 13 finish: 1473410248 623802768 start: 1473410246 109351401
t_num: 31 finish: 1473410248 681758192 start: 1473410247 76281913
t_num: 6 finish: 1473410248 681799707 start: 1473410245 803463694
t_num: 25 finish: 1473410248 727635509 start: 1473410247 417233029
t_num: 0 finish: 1473410248 870182046 start: 1473410247 745321580
t_num: 24 finish: 1473410248 995791006 start: 1473410247 664086459
t_num: 4 finish: 1473410249 893680974 start: 1473410247 420775056
t_num: 5 finish: 1473410249 996659757 start: 1473410248 462993839
t_num: 18 finish: 1473410250 58988728 start: 1473410247 745670227
t_num: 16 finish: 1473410250 59076255 start: 1473410247 996320511
t_num: 3 finish: 1473410250 196039862 start: 1473410249 443588114
t_num: 25 finish: 1473410250 196704032 start: 1473410248 727653599
t_num: 20 finish: 1473410250 211231895 start: 1473410246 555585674
t_num: 26 finish: 1473410250 275215140 start: 1473410247 411993659
t_num: 21 finish: 1473410250 322408072 start: 1473410247 745856036
t_num: 30 finish: 1473410250 366473668 start: 1473410248 460905961
t_num: 6 finish: 1473410250 439357704 start: 1473410248 681818399
t_num: 19 finish: 1473410250 439374997 start: 1473410248 594153719
t_num: 31 finish: 1473410250 862645768 start: 1473410249 569254895
t_num: 1 finish: 1473410251 66100767 start: 1473410249 179528264
t_num: 14 finish: 1473410251 110611940 start: 1473410248 544802112
t_num: 5 finish: 1473410251 112081211 start: 1473410249 996696204
t_num: 0 finish: 1473410251 208717600 start: 1473410249 569212166
t_num: 15 finish: 1473410251 245083064 start: 1473410248 563907794
t_num: 3 finish: 1473410251 379061036 start: 1473410250 196069587
t_num: 8 finish: 1473410251 410873411 start: 1473410249 893046904
t_num: 22 finish: 1473410251 518239272 start: 1473410250 59994119
t_num: 24 finish: 1473410251 638671832 start: 1473410248 995853323
t_num: 28 finish: 1473410251 685891896 start: 1473410248 943300981
t_num: 4 finish: 1473410251 827200105 start: 1473410250 370665409
t_num: 21 finish: 1473410251 867521212 start: 1473410250 322449887
t_num: 29 finish: 1473410252 210856765 start: 1473410249 787996487
t_num: 5 finish: 1473410252 218190419 start: 1473410251 112101386
t_num: 16 finish: 1473410252 480862647 start: 1473410250 576474163
t_num: 30 finish: 1473410252 773480245 start: 1473410250 713034013
t_num: 28 finish: 1473410252 813083661 start: 1473410251 685919864
t_num: 26 finish: 1473410252 959740061 start: 1473410250 800728524
t_num: 20 finish: 1473410253 328757088 start: 1473410251 32508712
t_num: 27 finish: 1473410253 334187240 start: 1473410251 314620746
t_num: 9 finish: 1473410253 417345013 start: 1473410250 577072499
t_num: 11 finish: 1473410253 447950452 start: 1473410251 227824080
t_num: 0 finish: 1473410253 594497939 start: 1473410251 208759145
t_num: 24 finish: 1473410253 655394299 start: 1473410251 638714715
t_num: 14 finish: 1473410253 672219050 start: 1473410251 281582460
t_num: 25 finish: 1473410253 861542734 start: 1473410252 253337771
t_num: 16 finish: 1473410253 861548029 start: 1473410252 480904682
t_num: 21 finish: 1473410253 886366997 start: 1473410251 867554355
t_num: 23 finish: 1473410253 969905741 start: 1473410252 574806521
t_num: 31 finish: 1473410253 969946469 start: 1473410252 195460487
t_num: 5 finish: 1473410254 212356776 start: 1473410252 218214067
t_num: 26 finish: 1473410254 272214326 start: 1473410252 959762826
t_num: 8 finish: 1473410254 333435002 start: 1473410251 896915515
t_num: 6 finish: 1473410254 375140508 start: 1473410253 202426661
t_num: 28 finish: 1473410254 455430396 start: 1473410252 813117121
t_num: 0 finish: 1473410254 734592368 start: 1473410253 594530585
t_num: 3 finish: 1473410254 849571806 start: 1473410251 923742639
t_num: 15 finish: 1473410254 891100561 start: 1473410253 714449300
t_num: 11 finish: 1473410255 159238662 start: 1473410253 448020806
t_num: 24 finish: 1473410255 348300149 start: 1473410253 859380019
t_num: 25 finish: 1473410255 640383825 start: 1473410253 861610423
t_num: 27 finish: 1473410255 972173557 start: 1473410253 334206856
t_num: 17 finish: 1473410255 997829405 start: 1473410253 654820487
t_num: 8 finish: 1473410256 240313264 start: 1473410254 333463131
t_num: 21 finish: 1473410256 369427709 start: 1473410254 767837998
t_num: 15 finish: 1473410256 415124149 start: 1473410254 891124337
t_num: 23 finish: 1473410256 489896222 start: 1473410255 578755381
t_num: 28 finish: 1473410256 661497176 start: 1473410254 455452866
t_num: 5 finish: 1473410256 737687240 start: 1473410254 212380320
t_num: 16 finish: 1473410256 851782739 start: 1473410254 701130288
t_num: 12 finish: 1473410256 904492282 start: 1473410254 960660325
t_num: 29 finish: 1473410256 904520003 start: 1473410254 767853665
t_num: 6 finish: 1473410257 146823142 start: 1473410254 375161933
t_num: 10 finish: 1473410257 266181095 start: 1473410254 329362172
t_num: 19 finish: 1473410257 271497543 start: 1473410255 913635342
t_num: 25 finish: 1473410257 272453274 start: 1473410255 640405417
t_num: 0 finish: 1473410257 366186631 start: 1473410255 497040415
t_num: 8 finish: 1473410257 988582580 start: 1473410256 240355476
t_num: 26 finish: 1473410258 404974996 start: 1473410255 684682291
t_num: 17 finish: 1473410258 404981479 start: 1473410255 997852066
t_num: 2 finish: 1473410258 405064648 start: 1473410256 244876865
t_num: 5 finish: 1473410258 405262995 start: 1473410257 223275090
t_num: 28 finish: 1473410258 419108428 start: 1473410257 225143791
t_num: 16 finish: 1473410258 550517525 start: 1473410256 851812524
t_num: 31 finish: 1473410258 551014446 start: 1473410256 615513547
t_num: 9 finish: 1473410258 551067450 start: 1473410255 846249906
t_num: 12 finish: 1473410259 49632349 start: 1473410256 904515790
t_num: 10 finish: 1473410259 51132645 start: 1473410257 266206080
t_num: 15 finish: 1473410259 97491557 start: 1473410257 836170678
t_num: 4 finish: 1473410259 206029865 start: 1473410256 951749164
t_num: 25 finish: 1473410259 409750496 start: 1473410258 471214874
t_num: 5 finish: 1473410259 511657943 start: 1473410258 405281956
t_num: 21 finish: 1473410259 563793384 start: 1473410256 755915018
t_num: 23 finish: 1473410259 565617986 start: 1473410257 248921950
t_num: 31 finish: 1473410259 616083642 start: 1473410258 551043826
t_num: 2 finish: 1473410259 705330925 start: 1473410258 405082384
t_num: 28 finish: 1473410259 705330925 start: 1473410258 419146252
t_num: 8 finish: 1473410259 907423198 start: 1473410258 406783921
t_num: 17 finish: 1473410259 907550621 start: 1473410258 405040291
t_num: 9 finish: 1473410260 258336854 start: 1473410258 551086321
t_num: 18 finish: 1473410260 258410203 start: 1473410257 834821657
t_num: 25 finish: 1473410260 544869438 start: 1473410259 409808147
t_num: 15 finish: 1473410260 546364238 start: 1473410259 482533301
t_num: 27 finish: 1473410261 96745249 start: 1473410259 668438547
t_num: 23 finish: 1473410261 97440296 start: 1473410259 565637088
t_num: 10 finish: 1473410261 155706482 start: 1473410259 51154292
t_num: 26 finish: 1473410261 160002549 start: 1473410259 278384978
t_num: 0 finish: 1473410261 537146300 start: 1473410259 645810238
t_num: 24 finish: 1473410261 550947678 start: 1473410259 865688362
t_num: 12 finish: 1473410261 591516634 start: 1473410259 865659944
t_num: 14 finish: 1473410261 592115551 start: 1473410259 565092257
t_num: 17 finish: 1473410261 614946024 start: 1473410260 258287002
t_num: 22 finish: 1473410262 99514300 start: 1473410260 123747424
t_num: 13 finish: 1473410262 359566979 start: 1473410260 545624684
t_num: 3 finish: 1473410262 391352356 start: 1473410258 419132817
t_num: 28 finish: 1473410262 421994267 start: 1473410260 547008663
t_num: 5 finish: 1473410262 640174732 start: 1473410259 511682232
t_num: 20 finish: 1473410262 640200729 start: 1473410261 518636286
t_num: 18 finish: 1473410262 766133020 start: 1473410261 155586209
t_num: 27 finish: 1473410262 826663445 start: 1473410261 96804133
t_num: 1 finish: 1473410262 866680509 start: 1473410260 64905114
t_num: 9 finish: 1473410263 254915572 start: 1473410260 258362635
t_num: 30 finish: 1473410263 332833236 start: 1473410261 902929584
t_num: 24 finish: 1473410263 479516386 start: 1473410261 814559413
t_num: 10 finish: 1473410263 479590021 start: 1473410261 737994031
t_num: 15 finish: 1473410263 614117791 start: 1473410261 738718274
t_num: 26 finish: 1473410263 673884662 start: 1473410262 344414742
t_num: 17 finish: 1473410264 103454642 start: 1473410262 174301369
t_num: 31 finish: 1473410264 104630449 start: 1473410261 979418724
t_num: 1 finish: 1473410264 104646887 start: 1473410262 866725084
t_num: 25 finish: 1473410264 330075051 start: 1473410261 766718493
t_num: 5 finish: 1473410264 332898006 start: 1473410262 640239231
t_num: 30 finish: 1473410264 342027833 start: 1473410263 332876192
t_num: 18 finish: 1473410264 499922251 start: 1473410262 766161564
t_num: 22 finish: 1473410264 511820854 start: 1473410263 563462021
t_num: 27 finish: 1473410264 511968009 start: 1473410263 526496003
t_num: 12 finish: 1473410264 511983599 start: 1473410261 591541044
t_num: 23 finish: 1473410264 838602274 start: 1473410263 126300810
t_num: 7 finish: 1473410264 902791929 start: 1473410262 725155537
t_num: 6 finish: 1473410264 960692176 start: 1473410263 748533236
t_num: 24 finish: 1473410264 977015488 start: 1473410263 479548818
t_num: 9 finish: 1473410264 988747952 start: 1473410263 254964669
t_num: 8 finish: 1473410265 166438658 start: 1473410264 339820528
t_num: 30 finish: 1473410265 455133091 start: 1473410264 342047826
t_num: 0 finish: 1473410265 474980443 start: 1473410264 859615513
t_num: 18 finish: 1473410265 637891450 start: 1473410264 499947708
t_num: 12 finish: 1473410265 688659083 start: 1473410264 511998139
t_num: 31 finish: 1473410265 772355131 start: 1473410264 104655443
t_num: 26 finish: 1473410265 998148862 start: 1473410264 233960454
t_num: 1 finish: 1473410266 211187845 start: 1473410264 104662175
t_num: 25 finish: 1473410266 238013578 start: 1473410264 759943689
t_num: 5 finish: 1473410266 238019830 start: 1473410264 332920047
t_num: 9 finish: 1473410266 424857396 start: 1473410264 988768524
t_num: 0 finish: 1473410266 596144118 start: 1473410265 475010492
t_num: 27 finish: 1473410266 658969509 start: 1473410264 511987458
t_num: 22 finish: 1473410266 658969602 start: 1473410265 301522266
t_num: 14 finish: 1473410266 891544258 start: 1473410264 666234223
t_num: 19 finish: 1473410266 892502912 start: 1473410265 355231685
t_num: 20 finish: 1473410267 107614931 start: 1473410265 94560318
t_num: 30 finish: 1473410267 189864007 start: 1473410265 987750032
t_num: 24 finish: 1473410267 288302033 start: 1473410264 977050243
t_num: 5 finish: 1473410267 762412767 start: 1473410266 238080394
t_num: 6 finish: 1473410267 988576922 start: 1473410265 926413006
t_num: 8 finish: 1473410268 118956008 start: 1473410265 565869687
t_num: 2 finish: 1473410268 685383294 start: 1473410266 271248717
t_num: 19 finish: 1473410268 685395115 start: 1473410266 892520773
t_num: 31 finish: 1473410268 702493535 start: 1473410266 957440557
t_num: 22 finish: 1473410268 760672858 start: 1473410267 116072924
t_num: 26 finish: 1473410268 953093310 start: 1473410265 998179622
t_num: 4 finish: 1473410269 19632740 start: 1473410266 691567919
t_num: 27 finish: 1473410269 121771249 start: 1473410267 374325231
t_num: 2 finish: 1473410269 390623434 start: 1473410268 685463771
t_num: 21 finish: 1473410269 517572578 start: 1473410266 937886959
t_num: 20 finish: 1473410269 517675120 start: 1473410267 944988744
t_num: 7 finish: 1473410269 546079874 start: 1473410267 901269719
t_num: 24 finish: 1473410269 821235027 start: 1473410267 691329276
t_num: 6 finish: 1473410270 68169686 start: 1473410267 988607764
t_num: 9 finish: 1473410270 68179156 start: 1473410268 120482193
t_num: 14 finish: 1473410270 73799902 start: 1473410268 306371617
t_num: 25 finish: 1473410270 76513404 start: 1473410267 374285723
t_num: 30 finish: 1473410270 135452525 start: 1473410267 989272381
t_num: 26 finish: 1473410270 341219574 start: 1473410268 953116255
t_num: 22 finish: 1473410270 390697569 start: 1473410269 742305924
t_num: 18 finish: 1473410270 605460189 start: 1473410269 177244637
t_num: 0 finish: 1473410270 605464361 start: 1473410269 175237402
t_num: 21 finish: 1473410270 676066424 start: 1473410269 517630021
t_num: 5 finish: 1473410270 763240185 start: 1473410268 277086878
t_num: 15 finish: 1473410271 193941720 start: 1473410269 390686002
t_num: 11 finish: 1473410271 555278686 start: 1473410269 390706561
t_num: 4 finish: 1473410271 557832770 start: 1473410269 633848021
t_num: 6 finish: 1473410271 558412064 start: 1473410270 68218793
t_num: 7 finish: 1473410271 804414543 start: 1473410269 546101303
t_num: 13 finish: 1473410272 102131593 start: 1473410269 209345336
t_num: 14 finish: 1473410272 357949331 start: 1473410270 578037412
t_num: 31 finish: 1473410272 452036674 start: 1473410270 380686206
t_num: 22 finish: 1473410272 863503828 start: 1473410270 605507498
t_num: 8 finish: 1473410272 869040564 start: 1473410270 60876524
t_num: 6 finish: 1473410273 55864864 start: 1473410271 558429327
t_num: 30 finish: 1473410273 55868990 start: 1473410270 135478215
t_num: 3 finish: 1473410273 99213422 start: 1473410271 391949701
t_num: 18 finish: 1473410273 219377598 start: 1473410270 605493195
t_num: 27 finish: 1473410273 428944378 start: 1473410271 159464469
t_num: 25 finish: 1473410273 429827938 start: 1473410271 160143026
t_num: 26 finish: 1473410273 436341352 start: 1473410271 581095434
t_num: 20 finish: 1473410273 593223489 start: 1473410271 381136574
t_num: 10 finish: 1473410273 593995651 start: 1473410272 272490044
t_num: 4 finish: 1473410273 595916345 start: 1473410272 357982730
t_num: 13 finish: 1473410273 610502329 start: 1473410272 102155619
t_num: 23 finish: 1473410273 759637655 start: 1473410272 938001004
t_num: 15 finish: 1473410273 812432493 start: 1473410271 715431381
t_num: 21 finish: 1473410274 118826510 start: 1473410270 676119922
t_num: 19 finish: 1473410274 148038704 start: 1473410272 856540736
t_num: 25 finish: 1473410274 148860880 start: 1473410273 429851133
t_num: 31 finish: 1473410274 148880975 start: 1473410272 452064860
t_num: 28 finish: 1473410274 148898902 start: 1473410272 404188795
t_num: 5 finish: 1473410274 224556993 start: 1473410272 281719360
t_num: 16 finish: 1473410274 486200052 start: 1473410272 986971161
t_num: 18 finish: 1473410274 554807462 start: 1473410273 219401877
t_num: 17 finish: 1473410274 554823946 start: 1473410272 944077462
t_num: 11 finish: 1473410274 881526012 start: 1473410273 329112106
t_num: 30 finish: 1473410275 242073455 start: 1473410273 925723448
t_num: 22 finish: 1473410275 448227361 start: 1473410272 863531403
t_num: 3 finish: 1473410275 631200078 start: 1473410273 369324452
t_num: 13 finish: 1473410275 921753422 start: 1473410273 610519717
t_num: 20 finish: 1473410275 949935297 start: 1473410273 593268695
t_num: 18 finish: 1473410275 950029981 start: 1473410274 554844547
t_num: 14 finish: 1473410276 22787146 start: 1473410273 219173442
t_num: 15 finish: 1473410276 182628109 start: 1473410273 812487420
t_num: 27 finish: 1473410276 233921012 start: 1473410273 812474535
t_num: 28 finish: 1473410276 235437913 start: 1473410274 148911989
t_num: 31 finish: 1473410276 464389586 start: 1473410274 148900724
t_num: 26 finish: 1473410276 515263762 start: 1473410275 946061333
t_num: 11 finish: 1473410276 515705110 start: 1473410274 881559619
t_num: 17 finish: 1473410276 515761340 start: 1473410274 554903192
t_num: 30 finish: 1473410276 614029100 start: 1473410275 242110948
t_num: 22 finish: 1473410276 812393279 start: 1473410275 448256523
t_num: 16 finish: 1473410276 865455971 start: 1473410275 113412051
t_num: 10 finish: 1473410277 14104511 start: 1473410275 108430765
t_num: 1 finish: 1473410277 67437374 start: 1473410275 520141519
t_num: 24 finish: 1473410277 129758287 start: 1473410275 950936383
t_num: 6 finish: 1473410277 129829433 start: 1473410275 112008659
t_num: 31 finish: 1473410277 265672926 start: 1473410276 464435638
t_num: 7 finish: 1473410277 611157205 start: 1473410275 242407606
t_num: 19 finish: 1473410277 662373553 start: 1473410275 520675631
t_num: 2 finish: 1473410277 755409562 start: 1473410275 569927126
t_num: 11 finish: 1473410278 128623511 start: 1473410276 515724085
t_num: 28 finish: 1473410278 217939807 start: 1473410276 235454349
t_num: 15 finish: 1473410278 296828144 start: 1473410276 182667294
t_num: 3 finish: 1473410278 472092489 start: 1473410276 273539214
t_num: 24 finish: 1473410278 532269060 start: 1473410277 662424992
t_num: 18 finish: 1473410278 562167561 start: 1473410277 586481493
t_num: 9 finish: 1473410278 583692227 start: 1473410277 193617314
t_num: 13 finish: 1473410278 662625468 start: 1473410276 515070574
t_num: 31 finish: 1473410278 714313343 start: 1473410277 265694380
t_num: 1 finish: 1473410278 858726302 start: 1473410277 67471139
t_num: 27 finish: 1473410279 71028252 start: 1473410276 574413897
t_num: 22 finish: 1473410279 200535715 start: 1473410276 812432906
t_num: 26 finish: 1473410279 472995307 start: 1473410276 515290534
t_num: 19 finish: 1473410279 540724122 start: 1473410277 662398143
t_num: 28 finish: 1473410279 630000963 start: 1473410278 217972475
t_num: 14 finish: 1473410279 630001026 start: 1473410276 506540751
t_num: 15 finish: 1473410279 704932049 start: 1473410278 296859224
t_num: 6 finish: 1473410279 899858148 start: 1473410277 977454781
t_num: 2 finish: 1473410280 31889844 start: 1473410277 755441811
t_num: 31 finish: 1473410280 599238578 start: 1473410278 714336290
t_num: 0 finish: 1473410280 906699226 start: 1473410278 919562892
t_num: 7 finish: 1473410281 129387502 start: 1473410278 926552799
t_num: 13 finish: 1473410281 342235887 start: 1473410279 199908169
t_num: 9 finish: 1473410281 371150137 start: 1473410278 583729614
t_num: 21 finish: 1473410281 371373823 start: 1473410279 650234991
t_num: 18 finish: 1473410281 474903692 start: 1473410278 562211957
t_num: 22 finish: 1473410281 637975766 start: 1473410280 358078192
t_num: 1 finish: 1473410281 639201422 start: 1473410278 858817241
t_num: 15 finish: 1473410281 787506729 start: 1473410280 947295016
t_num: 26 finish: 1473410281 899688158 start: 1473410279 473029493
t_num: 24 finish: 1473410281 991045581 start: 1473410278 532291600
t_num: 3 finish: 1473410282 92403433 start: 1473410281 23268802
t_num: 28 finish: 1473410282 312116971 start: 1473410279 630052353
t_num: 27 finish: 1473410282 547364316 start: 1473410280 166115310
t_num: 2 finish: 1473410282 708555583 start: 1473410280 744917191
t_num: 16 finish: 1473410282 799682582 start: 1473410281 505091216
t_num: 5 finish: 1473410282 831458791 start: 1473410281 289345126
t_num: 3 finish: 1473410282 831470461 start: 1473410282 92438609
t_num: 18 finish: 1473410282 949705416 start: 1473410281 474935252
t_num: 21 finish: 1473410283 164025619 start: 1473410281 371396911
t_num: 30 finish: 1473410283 207248438 start: 1473410280 358061357
t_num: 23 finish: 1473410283 253618157 start: 1473410281 199443483
t_num: 13 finish: 1473410283 253716369 start: 1473410282 344688834
t_num: 7 finish: 1473410283 259200644 start: 1473410281 723356822
t_num: 12 finish: 1473410283 731736211 start: 1473410282 738165614
t_num: 9 finish: 1473410283 774370973 start: 1473410281 683119496
t_num: 5 finish: 1473410283 834969899 start: 1473410282 831489450
t_num: 0 finish: 1473410283 863143056 start: 1473410281 581015971
t_num: 3 finish: 1473410284 58005961 start: 1473410282 891931862
t_num: 18 finish: 1473410284 135279351 start: 1473410282 949724648
t_num: 22 finish: 1473410284 160559656 start: 1473410281 638006467
t_num: 26 finish: 1473410284 360426013 start: 1473410283 253727635
t_num: 16 finish: 1473410284 360519404 start: 1473410282 799722488
t_num: 24 finish: 1473410284 851158067 start: 1473410283 774408825
t_num: 5 finish: 1473410285 12212252 start: 1473410283 835012969
t_num: 22 finish: 1473410285 218911028 start: 1473410284 160589086
t_num: 0 finish: 1473410285 247801816 start: 1473410283 863177674
t_num: 7 finish: 1473410285 338868027 start: 1473410283 259221888
t_num: 8 finish: 1473410285 434242764 start: 1473410283 396299295
t_num: 9 finish: 1473410285 473874731 start: 1473410284 360546400
t_num: 21 finish: 1473410285 473936665 start: 1473410283 863161701
t_num: 30 finish: 1473410285 523115884 start: 1473410283 902908087
t_num: 26 finish: 1473410285 523946791 start: 1473410284 768167407
t_num: 16 finish: 1473410285 866775551 start: 1473410284 360775594
t_num: 12 finish: 1473410286 435449571 start: 1473410283 731756926
t_num: 0 finish: 1473410286 471697233 start: 1473410285 247825433
t_num: 9 finish: 1473410286 615550044 start: 1473410285 473915296
t_num: 8 finish: 1473410286 777667404 start: 1473410285 434272077
t_num: 24 finish: 1473410286 792121602 start: 1473410284 851203630
t_num: 11 finish: 1473410286 838935672 start: 1473410285 338719649
t_num: 25 finish: 1473410287 40523012 start: 1473410286 418867460
t_num: 30 finish: 1473410287 50628132 start: 1473410286 333700304
t_num: 22 finish: 1473410287 216468814 start: 1473410285 218946353
t_num: 7 finish: 1473410287 397696720 start: 1473410285 338892353
t_num: 21 finish: 1473410287 639892078 start: 1473410285 473951649
t_num: 2 finish: 1473410287 648231041 start: 1473410285 115877283
t_num: 26 finish: 1473410287 944855767 start: 1473410286 417002450
t_num: 10 finish: 1473410288 126253901 start: 1473410285 338733648
t_num: 14 finish: 1473410288 126909661 start: 1473410286 471076426
t_num: 12 finish: 1473410288 127045615 start: 1473410286 435479857
t_num: 3 finish: 1473410288 420783083 start: 1473410286 609285282
t_num: 22 finish: 1473410288 505259905 start: 1473410287 451924160
t_num: 17 finish: 1473410288 925506893 start: 1473410287 398546209
t_num: 29 finish: 1473410288 925558848 start: 1473410286 418873122
t_num: 9 finish: 1473410289 102821606 start: 1473410286 615578690
t_num: 7 finish: 1473410289 180664189 start: 1473410287 397732263
t_num: 11 finish: 1473410289 193025297 start: 1473410286 838963100
t_num: 14 finish: 1473410289 315603602 start: 1473410288 126930062
t_num: 28 finish: 1473410289 431741025 start: 1473410286 704434725
t_num: 21 finish: 1473410289 461942292 start: 1473410287 639931354
t_num: 24 finish: 1473410289 501911021 start: 1473410287 640642099
t_num: 31 finish: 1473410289 644451197 start: 1473410286 613253285
t_num: 27 finish: 1473410289 644478320 start: 1473410287 450051617
t_num: 25 finish: 1473410289 979940126 start: 1473410287 789950190
t_num: 29 finish: 1473410290 92069874 start: 1473410288 925577665
t_num: 5 finish: 1473410290 208265196 start: 1473410289 258174954
t_num: 26 finish: 1473410290 208553803 start: 1473410287 944891231
t_num: 7 finish: 1473410290 347633923 start: 1473410289 180701179
t_num: 3 finish: 1473410290 422133495 start: 1473410288 420814767
t_num: 2 finish: 1473410290 612880951 start: 1473410288 114514657
t_num: 13 finish: 1473410290 689700129 start: 1473410289 567832351
t_num: 24 finish: 1473410290 930132827 start: 1473410289 501941089
t_num: 10 finish: 1473410291 68175647 start: 1473410288 126282465
t_num: 0 finish: 1473410291 216921621 start: 1473410288 664170045
t_num: 21 finish: 1473410291 271156831 start: 1473410289 462023931
t_num: 25 finish: 1473410291 439624560 start: 1473410289 979973671
t_num: 4 finish: 1473410291 840078908 start: 1473410289 154927419
t_num: 19 finish: 1473410291 840200238 start: 1473410289 969092814
t_num: 9 finish: 1473410291 983630321 start: 1473410289 102863787
t_num: 24 finish: 1473410292 291066388 start: 1473410290 930170492
t_num: 22 finish: 1473410292 385992556 start: 1473410290 55279673
t_num: 14 finish: 1473410292 402437780 start: 1473410291 64645255
t_num: 5 finish: 1473410292 416616949 start: 1473410290 208309458
t_num: 12 finish: 1473410292 416742796 start: 1473410290 208281435
t_num: 10 finish: 1473410292 585094966 start: 1473410291 68203185
t_num: 25 finish: 1473410292 590357009 start: 1473410291 439674274
t_num: 26 finish: 1473410292 637452197 start: 1473410290 208572507
t_num: 27 finish: 1473410292 703129499 start: 1473410289 644511825
t_num: 29 finish: 1473410293 67326482 start: 1473410290 642235363
t_num: 28 finish: 1473410293 67427521 start: 1473410291 840837275
t_num: 21 finish: 1473410293 336942194 start: 1473410291 271184568
t_num: 1 finish: 1473410293 617496269 start: 1473410292 640069534
t_num: 0 finish: 1473410293 736039083 start: 1473410292 147154441
t_num: 13 finish: 1473410293 955226524 start: 1473410291 840732749
t_num: 25 finish: 1473410294 3464636 start: 1473410292 590379751
t_num: 29 finish: 1473410294 128259466 start: 1473410293 67363012
t_num: 3 finish: 1473410294 308215565 start: 1473410293 265026160
t_num: 12 finish: 1473410294 427989799 start: 1473410292 416761558
t_num: 20 finish: 1473410294 433001373 start: 1473410291 186857957
t_num: 18 finish: 1473410294 657137236 start: 1473410291 657637251
t_num: 7 finish: 1473410294 694493904 start: 1473410291 981112015
t_num: 4 finish: 1473410294 861279725 start: 1473410292 934649812
t_num: 28 finish: 1473410294 862181010 start: 1473410293 608843414
t_num: 8 finish: 1473410294 863410868 start: 1473410292 357107048
t_num: 14 finish: 1473410294 937434253 start: 1473410293 133347058
t_num: 26 finish: 1473410294 938003299 start: 1473410292 637482235
t_num: 27 finish: 1473410295 40620269 start: 1473410293 33634084
t_num: 21 finish: 1473410295 300563804 start: 1473410293 336970189
t_num: 24 finish: 1473410295 302792164 start: 1473410293 993090029
t_num: 18 finish: 1473410295 505073443 start: 1473410294 657161652
t_num: 10 finish: 1473410295 505073130 start: 1473410294 92184251
t_num: 11 finish: 1473410295 657042658 start: 1473410294 447431349
t_num: 13 finish: 1473410295 905233216 start: 1473410293 955269407
t_num: 0 finish: 1473410296 465848710 start: 1473410294 657431221
t_num: 28 finish: 1473410296 603866236 start: 1473410295 265269840
t_num: 25 finish: 1473410296 750446899 start: 1473410294 656951317
t_num: 26 finish: 1473410296 758682616 start: 1473410295 449194106
t_num: 7 finish: 1473410296 758708856 start: 1473410294 694511942
t_num: 19 finish: 1473410296 785689229 start: 1473410294 262774147
t_num: 20 finish: 1473410296 787487799 start: 1473410294 893539844
t_num: 6 finish: 1473410296 814641560 start: 1473410295 33743298
t_num: 29 finish: 1473410296 857849207 start: 1473410294 128293017
t_num: 24 finish: 1473410296 901494295 start: 1473410295 302827924
t_num: 13 finish: 1473410296 945837423 start: 1473410295 905269797
t_num: 15 finish: 1473410297 338043375 start: 1473410294 787458373
t_num: 21 finish: 1473410297 523044930 start: 1473410295 300586888
t_num: 4 finish: 1473410297 623233659 start: 1473410295 814930015
t_num: 14 finish: 1473410297 756078275 start: 1473410295 299188733
t_num: 18 finish: 1473410297 756083826 start: 1473410296 541556579
t_num: 16 finish: 1473410297 807689570 start: 1473410296 409755872
t_num: 2 finish: 1473410297 929814278 start: 1473410295 853214115
t_num: 10 finish: 1473410298 14221812 start: 1473410296 541164048
t_num: 30 finish: 1473410298 552883491 start: 1473410295 399513410
t_num: 28 finish: 1473410298 607746013 start: 1473410296 999453608
t_num: 25 finish: 1473410298 847563422 start: 1473410296 750490634
t_num: 24 finish: 1473410299 270309030 start: 1473410296 901519411
t_num: 13 finish: 1473410299 312491772 start: 1473410296 945861411
t_num: 15 finish: 1473410299 313462895 start: 1473410297 338081800
t_num: 4 finish: 1473410299 399120366 start: 1473410297 623272239
t_num: 29 finish: 1473410299 599880530 start: 1473410296 976715933
t_num: 17 finish: 1473410299 641444618 start: 1473410296 800510821
t_num: 3 finish: 1473410299 836454113 start: 1473410298 169788292
t_num: 18 finish: 1473410299 859978785 start: 1473410297 756183669
t_num: 21 finish: 1473410300 35084212 start: 1473410297 523084261
t_num: 19 finish: 1473410300 153543413 start: 1473410297 733731773
t_num: 1 finish: 1473410300 264204907 start: 1473410298 562348900
t_num: 27 finish: 1473410300 264468045 start: 1473410297 910395445
t_num: 23 finish: 1473410300 733826803 start: 1473410299 467875956
t_num: 7 finish: 1473410300 744847359 start: 1473410298 358663332
t_num: 30 finish: 1473410300 766417165 start: 1473410299 617171724
t_num: 6 finish: 1473410300 944772088 start: 1473410299 163518030
t_num: 28 finish: 1473410301 157497646 start: 1473410298 848687620
t_num: 31 finish: 1473410301 159874344 start: 1473410299 734396150
t_num: 0 finish: 1473410301 160681671 start: 1473410298 493495873
t_num: 2 finish: 1473410301 207149415 start: 1473410297 929863416
t_num: 15 finish: 1473410301 209823212 start: 1473410299 313491236
t_num: 26 finish: 1473410301 234741920 start: 1473410298 866740386
t_num: 29 finish: 1473410301 268329530 start: 1473410299 599910860
t_num: 22 finish: 1473410301 311188704 start: 1473410299 514309904
t_num: 17 finish: 1473410302 12289138 start: 1473410300 716381187
t_num: 23 finish: 1473410302 12373311 start: 1473410300 733850631
t_num: 9 finish: 1473410302 22834268 start: 1473410301 203016276
t_num: 10 finish: 1473410302 76137811 start: 1473410299 902074366
t_num: 21 finish: 1473410302 120100540 start: 1473410300 183166499
t_num: 7 finish: 1473410302 222934798 start: 1473410301 201520703
t_num: 18 finish: 1473410302 252175153 start: 1473410300 183055579
t_num: 24 finish: 1473410302 294571565 start: 1473410301 155901295
t_num: 31 finish: 1473410302 324505348 start: 1473410301 159894972
t_num: 27 finish: 1473410302 446749062 start: 1473410300 264488184
t_num: 3 finish: 1473410302 593651386 start: 1473410299 836508974
t_num: 26 finish: 1473410302 648602145 start: 1473410301 234762567
t_num: 1 finish: 1473410302 715786915 start: 1473410300 264237901
t_num: 28 finish: 1473410302 715916805 start: 1473410301 268592327
t_num: 30 finish: 1473410302 716313753 start: 1473410300 969330586
t_num: 2 finish: 1473410302 762864691 start: 1473410301 207171750
t_num: 15 finish: 1473410302 924352285 start: 1473410301 209844915
t_num: 10 finish: 1473410303 712398823 start: 1473410302 76159631
t_num: 23 finish: 1473410303 856628110 start: 1473410302 91781710
t_num: 12 finish: 1473410303 928904270 start: 1473410302 464921382
t_num: 27 finish: 1473410303 928938228 start: 1473410302 446779374
t_num: 19 finish: 1473410303 945169042 start: 1473410302 330843186
t_num: 0 finish: 1473410304 467430077 start: 1473410301 268333282
t_num: 21 finish: 1473410304 467443157 start: 1473410302 120119695
t_num: 7 finish: 1473410304 467852644 start: 1473410302 222969825
t_num: 11 finish: 1473410304 560282782 start: 1473410302 861736464
t_num: 31 finish: 1473410304 942567773 start: 1473410302 970946628
t_num: 18 finish: 1473410304 967346012 start: 1473410302 861785260
t_num: 19 finish: 1473410305 427651089 start: 1473410303 945185511
t_num: 8 finish: 1473410305 472897645 start: 1473410304 467852670
t_num: 0 finish: 1473410305 602985594 start: 1473410304 467493882
t_num: 28 finish: 1473410305 603499231 start: 1473410302 715950773
t_num: 23 finish: 1473410305 882061751 start: 1473410303 856672330
t_num: 26 finish: 1473410306 517556889 start: 1473410303 766892893
t_num: 3 finish: 1473410306 620422036 start: 1473410302 593700771
t_num: 18 finish: 1473410306 741532367 start: 1473410304 967367754
t_num: 1 finish: 1473410306 830862059 start: 1473410302 715846473
t_num: 30 finish: 1473410306 860605055 start: 1473410306 329213627
t_num: 6 finish: 1473410307 216611160 start: 1473410304 780382573
t_num: 10 finish: 1473410307 273253172 start: 1473410303 712444271
t_num: 13 finish: 1473410307 307913065 start: 1473410305 374348827
t_num: 2 finish: 1473410307 347767153 start: 1473410303 718968473
t_num: 31 finish: 1473410307 628889024 start: 1473410304 942604511
t_num: 12 finish: 1473410307 835644789 start: 1473410305 552482053
t_num: 21 finish: 1473410307 907405781 start: 1473410304 467513273
t_num: 28 finish: 1473410308 13377336 start: 1473410305 603519425
t_num: 30 finish: 1473410308 85150061 start: 1473410306 860657217
t_num: 29 finish: 1473410308 87057813 start: 1473410307 273351359
t_num: 7 finish: 1473410308 180087525 start: 1473410305 839703613
t_num: 17 finish: 1473410308 180409564 start: 1473410305 382590219
t_num: 8 finish: 1473410308 195575479 start: 1473410305 472923781
t_num: 26 finish: 1473410308 198413688 start: 1473410306 517598639
t_num: 6 finish: 1473410308 235374580 start: 1473410307 216655986
t_num: 22 finish: 1473410308 367176230 start: 1473410305 635726559
t_num: 27 finish: 1473410308 681140344 start: 1473410305 865309034
t_num: 31 finish: 1473410309 115465574 start: 1473410307 628932419
t_num: 24 finish: 1473410309 662760433 start: 1473410307 908152038
t_num: 6 finish: 1473410309 728684754 start: 1473410308 235390471
t_num: 26 finish: 1473410309 728707173 start: 1473410308 198433128
t_num: 2 finish: 1473410309 793438819 start: 1473410307 347830203
t_num: 7 finish: 1473410309 834119901 start: 1473410308 180125209
t_num: 1 finish: 1473410309 890218521 start: 1473410307 908133115
t_num: 12 finish: 1473410309 969856389 start: 1473410307 835686818
t_num: 29 finish: 1473410310 372515907 start: 1473410309 47399579
t_num: 0 finish: 1473410310 496273099 start: 1473410309 637649669
t_num: 21 finish: 1473410310 583835804 start: 1473410307 907466412
t_num: 8 finish: 1473410310 583888647 start: 1473410308 195623371
t_num: 30 finish: 1473410310 688482572 start: 1473410309 874892211
t_num: 10 finish: 1473410310 730552634 start: 1473410309 147742405
t_num: 17 finish: 1473410310 860203646 start: 1473410308 786693817
t_num: 26 finish: 1473410310 903113356 start: 1473410309 728778876
t_num: 28 finish: 1473410310 944381276 start: 1473410308 216061696
t_num: 25 finish: 1473410311 354244371 start: 1473410309 323499830
t_num: 22 finish: 1473410311 441586289 start: 1473410308 843173248
t_num: 4 finish: 1473410311 556093369 start: 1473410309 637672320
t_num: 7 finish: 1473410311 852633235 start: 1473410309 834148290
t_num: 2 finish: 1473410311 913000282 start: 1473410309 793481656
t_num: 12 finish: 1473410312 303560413 start: 1473410309 969881709
t_num: 6 finish: 1473410312 427078404 start: 1473410310 583865551
t_num: 19 finish: 1473410312 427327901 start: 1473410310 791846516
t_num: 4 finish: 1473410312 585358057 start: 1473410311 556132007
t_num: 14 finish: 1473410312 852364641 start: 1473410310 334980836
t_num: 8 finish: 1473410312 981458343 start: 1473410310 583906814
t_num: 29 finish: 1473410313 25519574 start: 1473410311 270544913
t_num: 26 finish: 1473410313 290181729 start: 1473410311 606901888
t_num: 21 finish: 1473410313 291115138 start: 1473410310 583929109
t_num: 10 finish: 1473410313 293394953 start: 1473410310 730598185
t_num: 20 finish: 1473410313 310497534 start: 1473410310 372575582
t_num: 1 finish: 1473410314 110768508 start: 1473410310 974715994
t_num: 11 finish: 1473410314 215296645 start: 1473410310 977733158
t_num: 17 finish: 1473410314 241305263 start: 1473410311 913011007
t_num: 25 finish: 1473410314 488337364 start: 1473410313 185659682
t_num: 19 finish: 1473410314 548631099 start: 1473410312 427348094
t_num: 4 finish: 1473410314 881575909 start: 1473410312 585399392
t_num: 15 finish: 1473410315 211997149 start: 1473410313 366352856
t_num: 13 finish: 1473410315 292325398 start: 1473410311 913230499
t_num: 23 finish: 1473410315 328878411 start: 1473410313 208335674
t_num: 12 finish: 1473410315 459069935 start: 1473410313 132071225
t_num: 21 finish: 1473410315 579578688 start: 1473410314 393734997
t_num: 20 finish: 1473410316 45912561 start: 1473410314 54901701
t_num: 11 finish: 1473410316 326340157 start: 1473410314 215321095
t_num: 22 finish: 1473410316 476904087 start: 1473410314 282026538
t_num: 14 finish: 1473410316 520829767 start: 1473410314 602994600
t_num: 17 finish: 1473410316 554711459 start: 1473410314 241331168
t_num: 2 finish: 1473410316 668071310 start: 1473410313 780591927
t_num: 27 finish: 1473410316 767809593 start: 1473410314 258225854
t_num: 8 finish: 1473410316 887580529 start: 1473410314 55446077
t_num: 13 finish: 1473410316 917817826 start: 1473410315 922606398
t_num: 28 finish: 1473410317 237797565 start: 1473410315 459115979
t_num: 4 finish: 1473410317 287714091 start: 1473410316 182165874
t_num: 30 finish: 1473410317 314399050 start: 1473410314 978839041
t_num: 20 finish: 1473410317 364769881 start: 1473410316 45955352
t_num: 27 finish: 1473410317 447629478 start: 1473410316 767844272
t_num: 31 finish: 1473410317 561358183 start: 1473410315 328902304
t_num: 1 finish: 1473410317 563613439 start: 1473410315 492885975
t_num: 25 finish: 1473410317 591298954 start: 1473410314 488378352
t_num: 22 finish: 1473410317 591996719 start: 1473410316 476948013
t_num: 5 finish: 1473410318 239873974 start: 1473410315 459068209
t_num: 2 finish: 1473410318 316275414 start: 1473410316 668100498
t_num: 13 finish: 1473410318 377714234 start: 1473410316 917841116
t_num: 24 finish: 1473410318 377803646 start: 1473410316 227016257
t_num: 9 finish: 1473410318 392789499 start: 1473410317 172121252
t_num: 0 finish: 1473410318 569923463 start: 1473410316 198428812
t_num: 19 finish: 1473410318 569923506 start: 1473410315 809306591
t_num: 14 finish: 1473410318 862311907 start: 1473410316 520862251
t_num: 8 finish: 1473410318 959107429 start: 1473410317 172093009
t_num: 28 finish: 1473410318 973630491 start: 1473410317 237871993
t_num: 31 finish: 1473410319 138554771 start: 1473410317 561412562
t_num: 1 finish: 1473410319 173903527 start: 1473410317 563633733
t_num: 7 finish: 1473410319 382436697 start: 1473410317 838658050
t_num: 3 finish: 1473410319 386496016 start: 1473410318 131262938
t_num: 25 finish: 1473410319 647015497 start: 1473410318 135263188
t_num: 19 finish: 1473410319 647021202 start: 1473410318 570070728
t_num: 21 finish: 1473410319 647666065 start: 1473410317 468756821
t_num: 24 finish: 1473410319 684182567 start: 1473410318 377837039
t_num: 26 finish: 1473410319 831161510 start: 1473410317 299640863
t_num: 31 finish: 1473410320 171547707 start: 1473410319 138594650
t_num: 6 finish: 1473410320 228700886 start: 1473410317 564767079
t_num: 12 finish: 1473410320 422922864 start: 1473410317 753408458
t_num: 8 finish: 1473410320 616008298 start: 1473410318 959135285
t_num: 14 finish: 1473410320 655819528 start: 1473410318 862342127
t_num: 28 finish: 1473410320 731941455 start: 1473410319 590505507
t_num: 0 finish: 1473410320 890488523 start: 1473410318 570003907
t_num: 20 finish: 1473410321 96123351 start: 1473410319 815689975
t_num: 30 finish: 1473410321 96833670 start: 1473410318 878308051
t_num: 18 finish: 1473410321 425523893 start: 1473410319 673505510
t_num: 13 finish: 1473410321 426252580 start: 1473410318 377757369
t_num: 19 finish: 1473410321 643964781 start: 1473410320 42608090
t_num: 5 finish: 1473410321 644103289 start: 1473410318 768637848
t_num: 16 finish: 1473410321 832650389 start: 1473410319 212258733
t_num: 1 finish: 1473410321 924410878 start: 1473410320 113959547
t_num: 31 finish: 1473410321 951018212 start: 1473410320 171595905
t_num: 0 finish: 1473410322 115397536 start: 1473410320 890520364
t_num: 29 finish: 1473410322 306704460 start: 1473410321 412547104
t_num: 7 finish: 1473410322 307882673 start: 1473410319 382480257
t_num: 25 finish: 1473410322 324156314 start: 1473410320 501159783
t_num: 24 finish: 1473410322 352144972 start: 1473410320 344539128
t_num: 9 finish: 1473410322 544652315 start: 1473410320 561185947
t_num: 20 finish: 1473410322 802993511 start: 1473410321 470167313
t_num: 22 finish: 1473410322 809909452 start: 1473410321 519649642
t_num: 26 finish: 1473410322 827107548 start: 1473410320 820302412
t_num: 30 finish: 1473410323 198629729 start: 1473410321 693194342
t_num: 0 finish: 1473410323 298557110 start: 1473410322 115431590
t_num: 2 finish: 1473410323 336158825 start: 1473410320 386889449
t_num: 18 finish: 1473410323 424465826 start: 1473410322 7532823
t_num: 28 finish: 1473410323 589522220 start: 1473410321 247912184
t_num: 1 finish: 1473410323 746849535 start: 1473410322 311251912
t_num: 31 finish: 1473410323 766775793 start: 1473410322 382992412
t_num: 8 finish: 1473410323 766811418 start: 1473410320 841531430
t_num: 6 finish: 1473410324 145986393 start: 1473410320 820242105
t_num: 17 finish: 1473410324 238003565 start: 1473410322 983733294
t_num: 29 finish: 1473410324 361390842 start: 1473410322 306744540
t_num: 24 finish: 1473410324 615784100 start: 1473410322 352164698
t_num: 19 finish: 1473410324 679569177 start: 1473410321 643988935
t_num: 12 finish: 1473410324 759290536 start: 1473410322 56567325
t_num: 2 finish: 1473410324 770595836 start: 1473410323 336190881
t_num: 13 finish: 1473410324 820609164 start: 1473410322 382395842
t_num: 25 finish: 1473410324 853869866 start: 1473410323 255065819
t_num: 16 finish: 1473410324 919272528 start: 1473410322 983749440
t_num: 1 finish: 1473410324 927739737 start: 1473410323 746873382
t_num: 20 finish: 1473410324 928402046 start: 1473410323 905002124
t_num: 5 finish: 1473410324 928857673 start: 1473410324 63385639
t_num: 23 finish: 1473410325 9128889 start: 1473410323 904728724
t_num: 31 finish: 1473410325 577647473 start: 1473410323 766797032
t_num: 8 finish: 1473410325 679028666 start: 1473410323 766830078
t_num: 24 finish: 1473410325 937872267 start: 1473410324 615811918
t_num: 15 finish: 1473410325 971081227 start: 1473410324 474529698
t_num: 0 finish: 1473410325 971419825 start: 1473410324 657180302
t_num: 25 finish: 1473410326 134276366 start: 1473410324 853929260
t_num: 30 finish: 1473410326 184158017 start: 1473410323 971362676
t_num: 16 finish: 1473410326 404101189 start: 1473410324 919296857
t_num: 13 finish: 1473410326 441586654 start: 1473410324 820652753
t_num: 20 finish: 1473410326 578297029 start: 1473410324 928422902
t_num: 6 finish: 1473410326 645636719 start: 1473410324 657284690
t_num: 2 finish: 1473410326 645681930 start: 1473410324 770619649
t_num: 7 finish: 1473410326 801562929 start: 1473410323 839501224
t_num: 23 finish: 1473410327 371700040 start: 1473410325 9166290
t_num: 15 finish: 1473410327 390792899 start: 1473410325 971106085
t_num: 31 finish: 1473410327 390792939 start: 1473410325 577680454
t_num: 29 finish: 1473410327 479447071 start: 1473410324 931706508
t_num: 27 finish: 1473410327 903639288 start: 1473410326 394079486
t_num: 12 finish: 1473410327 914036844 start: 1473410325 412751679
t_num: 17 finish: 1473410327 965821193 start: 1473410324 474546690
t_num: 24 finish: 1473410328 392164770 start: 1473410325 937902283
t_num: 11 finish: 1473410328 547027484 start: 1473410325 324515468
t_num: 0 finish: 1473410328 679191620 start: 1473410326 495691082
t_num: 26 finish: 1473410328 731692645 start: 1473410327 606768163
t_num: 23 finish: 1473410328 810299010 start: 1473410327 371743639
t_num: 6 finish: 1473410328 839872312 start: 1473410326 645676688
t_num: 3 finish: 1473410328 839879569 start: 1473410326 813965466
t_num: 13 finish: 1473410328 841719669 start: 1473410327 783488326
t_num: 12 finish: 1473410328 906984289 start: 1473410327 914057282
t_num: 15 finish: 1473410329 313379321 start: 1473410327 390823062
t_num: 16 finish: 1473410329 810243473 start: 1473410328 393133670
t_num: 24 finish: 1473410329 851591887 start: 1473410328 392193398
t_num: 20 finish: 1473410329 922271550 start: 1473410327 751359926
t_num: 8 finish: 1473410329 938062320 start: 1473410327 305319633
t_num: 30 finish: 1473410329 984246238 start: 1473410328 489732772
t_num: 29 finish: 1473410330 127723656 start: 1473410328 732913905
t_num: 3 finish: 1473410330 128543156 start: 1473410328 839924886
t_num: 17 finish: 1473410330 138350958 start: 1473410327 965842174
t_num: 11 finish: 1473410330 148431389 start: 1473410328 841702761
t_num: 31 finish: 1473410330 172000400 start: 1473410328 266052809
t_num: 1 finish: 1473410330 302582149 start: 1473410329 640919383
t_num: 25 finish: 1473410330 457991228 start: 1473410328 939554363
t_num: 24 finish: 1473410330 496839456 start: 1473410329 851618030
t_num: 13 finish: 1473410330 700642169 start: 1473410328 841736951
t_num: 14 finish: 1473410330 740884202 start: 1473410328 253610333
t_num: 0 finish: 1473410330 740906260 start: 1473410328 841731144
t_num: 6 finish: 1473410330 776959712 start: 1473410328 839896886
t_num: 23 finish: 1473410330 805673994 start: 1473410329 263257890
t_num: 9 finish: 1473410331 292903188 start: 1473410328 907004478
t_num: 1 finish: 1473410331 354692839 start: 1473410330 302618913
t_num: 22 finish: 1473410331 638177728 start: 1473410329 925970111
t_num: 8 finish: 1473410332 127183559 start: 1473410330 249749768
t_num: 16 finish: 1473410332 127956178 start: 1473410329 810288731
t_num: 31 finish: 1473410332 207550496 start: 1473410330 735538730
t_num: 1 finish: 1473410332 211678985 start: 1473410331 354734197
t_num: 11 finish: 1473410332 298940222 start: 1473410330 148453247
t_num: 27 finish: 1473410332 349285576 start: 1473410330 637484924
t_num: 3 finish: 1473410332 397272425 start: 1473410330 128561050
t_num: 29 finish: 1473410332 397281969 start: 1473410331 117950760
t_num: 15 finish: 1473410332 584768452 start: 1473410330 541967229
t_num: 21 finish: 1473410332 643538909 start: 1473410331 142918574
t_num: 6 finish: 1473410332 687718226 start: 1473410330 943148766
t_num: 14 finish: 1473410332 781981069 start: 1473410330 740908245
t_num: 25 finish: 1473410332 988824361 start: 1473410330 458031735
t_num: 18 finish: 1473410333 147656601 start: 1473410332 177868794
t_num: 22 finish: 1473410333 582549154 start: 1473410331 638226595
t_num: 19 finish: 1473410333 659169391 start: 1473410331 804120684
t_num: 4 finish: 1473410334 135040455 start: 1473410330 855286110
t_num: 8 finish: 1473410334 273988004 start: 1473410332 127217627
t_num: 23 finish: 1473410334 361237030 start: 1473410331 784792765
t_num: 16 finish: 1473410334 361652628 start: 1473410332 127995179
t_num: 29 finish: 1473410334 395964814 start: 1473410332 397347778
t_num: 20 finish: 1473410334 521628694 start: 1473410332 203444734
t_num: 27 finish: 1473410334 647397546 start: 1473410333 251398249
t_num: 30 finish: 1473410334 647417840 start: 1473410332 875087993
t_num: 2 finish: 1473410334 932136118 start: 1473410333 913884184
t_num: 11 finish: 1473410334 945078322 start: 1473410333 102733241
t_num: 17 finish: 1473410334 988646895 start: 1473410332 934010562
t_num: 12 finish: 1473410335 219820461 start: 1473410332 934019709
t_num: 25 finish: 1473410335 220793108 start: 1473410333 690645649
t_num: 14 finish: 1473410335 289117143 start: 1473410332 782005220
t_num: 21 finish: 1473410335 289147012 start: 1473410332 643562926
t_num: 5 finish: 1473410335 289207129 start: 1473410332 687541790
t_num: 8 finish: 1473410335 573676888 start: 1473410334 274049390
t_num: 22 finish: 1473410335 574279926 start: 1473410334 867578423
t_num: 0 finish: 1473410335 713872537 start: 1473410333 901985461
t_num: 16 finish: 1473410335 770736979 start: 1473410334 361873661
t_num: 31 finish: 1473410336 434001801 start: 1473410334 396089454
t_num: 29 finish: 1473410336 436979609 start: 1473410334 396010607
t_num: 2 finish: 1473410336 437438492 start: 1473410334 932161850
t_num: 15 finish: 1473410336 517245103 start: 1473410334 361261737
t_num: 11 finish: 1473410336 530216781 start: 1473410334 945100587
t_num: 23 finish: 1473410336 855319033 start: 1473410335 86921179
t_num: 8 finish: 1473410336 899727796 start: 1473410335 573718470
t_num: 20 finish: 1473410336 900391835 start: 1473410334 521654443
t_num: 3 finish: 1473410336 944843945 start: 1473410334 361667766
t_num: 19 finish: 1473410337 60178225 start: 1473410335 950023224
t_num: 12 finish: 1473410337 68197958 start: 1473410335 219842085
t_num: 4 finish: 1473410337 164681429 start: 1473410335 218918437
t_num: 16 finish: 1473410337 165820354 start: 1473410336 530234938
t_num: 21 finish: 1473410337 365475829 start: 1473410335 289165925
t_num: 28 finish: 1473410337 535364211 start: 1473410336 100974560
t_num: 0 finish: 1473410337 602836514 start: 1473410335 713904931
t_num: 29 finish: 1473410337 658999436 start: 1473410336 436999272
t_num: 27 finish: 1473410337 938824073 start: 1473410335 680312414
t_num: 23 finish: 1473410337 939399931 start: 1473410336 855356279
t_num: 20 finish: 1473410338 100250360 start: 1473410336 900408221
t_num: 4 finish: 1473410338 250446067 start: 1473410337 455278209
t_num: 26 finish: 1473410338 277551614 start: 1473410337 367878786
t_num: 22 finish: 1473410338 299161342 start: 1473410335 997970983
t_num: 25 finish: 1473410338 358005984 start: 1473410336 471891775
t_num: 31 finish: 1473410338 522304845 start: 1473410336 434045430
t_num: 21 finish: 1473410338 811961178 start: 1473410337 365521020
t_num: 6 finish: 1473410338 811963767 start: 1473410337 75922773
t_num: 0 finish: 1473410339 151962555 start: 1473410337 602892678
t_num: 1 finish: 1473410339 229531984 start: 1473410336 898229946
t_num: 3 finish: 1473410339 853057285 start: 1473410338 357990922
t_num: 27 finish: 1473410340 68401672 start: 1473410338 140405638
t_num: 20 finish: 1473410340 325632474 start: 1473410338 100293243
t_num: 29 finish: 1473410340 422666735 start: 1473410337 659030673
t_num: 6 finish: 1473410340 519966125 start: 1473410338 812009883
t_num: 23 finish: 1473410340 520068494 start: 1473410338 644892440
t_num: 26 finish: 1473410340 556180684 start: 1473410338 277573397
t_num: 21 finish: 1473410340 736264153 start: 1473410338 811997395
t_num: 31 finish: 1473410341 149746259 start: 1473410338 522329692
t_num: 16 finish: 1473410341 166906206 start: 1473410338 998853012
t_num: 10 finish: 1473410341 546592859 start: 1473410340 622353175
t_num: 13 finish: 1473410341 628714188 start: 1473410339 584863174
t_num: 2 finish: 1473410341 755297115 start: 1473410339 846096416
t_num: 20 finish: 1473410341 755351365 start: 1473410340 325659863
t_num: 1 finish: 1473410341 867464787 start: 1473410339 229565993
t_num: 3 finish: 1473410341 926917648 start: 1473410339 853079892
t_num: 21 finish: 1473410342 474656629 start: 1473410340 736304538
t_num: 26 finish: 1473410342 547360121 start: 1473410340 556223668
t_num: 23 finish: 1473410342 547415623 start: 1473410340 520088050
t_num: 14 finish: 1473410342 594869648 start: 1473410339 990239717
t_num: 2 finish: 1473410342 594875091 start: 1473410341 755330505
t_num: 27 finish: 1473410343 73500958 start: 1473410341 644417528
t_num: 29 finish: 1473410343 277657842 start: 1473410342 474239058
t_num: 3 finish: 1473410343 277692251 start: 1473410341 926963677
t_num: 0 finish: 1473410343 307524240 start: 1473410340 882790957
t_num: 10 finish: 1473410343 368456124 start: 1473410341 546621686
t_num: 9 finish: 1473410343 478981889 start: 1473410341 491729950
t_num: 20 finish: 1473410343 535646264 start: 1473410342 758825879
t_num: 31 finish: 1473410343 537195128 start: 1473410341 149789961
t_num: 17 finish: 1473410343 537891404 start: 1473410342 547461538
t_num: 16 finish: 1473410343 609445449 start: 1473410342 592770256
t_num: 6 finish: 1473410343 609449662 start: 1473410342 475287381
t_num: 4 finish: 1473410344 368563960 start: 1473410342 474539199
t_num: 1 finish: 1473410344 408745832 start: 1473410341 867511444
t_num: 18 finish: 1473410344 506822536 start: 1473410342 547481135
t_num: 2 finish: 1473410344 536274999 start: 1473410343 409026527
t_num: 8 finish: 1473410344 713997980 start: 1473410342 651898980
t_num: 27 finish: 1473410344 716090568 start: 1473410343 479000754
t_num: 31 finish: 1473410345 391856739 start: 1473410343 537214852
t_num: 20 finish: 1473410345 449718250 start: 1473410343 535668118
t_num: 3 finish: 1473410345 557540698 start: 1473410343 277707987
t_num: 6 finish: 1473410345 558401873 start: 1473410343 609556544
t_num: 26 finish: 1473410345 558514631 start: 1473410342 547393171
t_num: 13 finish: 1473410345 578431518 start: 1473410342 471973188
t_num: 28 finish: 1473410345 625939104 start: 1473410343 778773651
t_num: 11 finish: 1473410345 849705332 start: 1473410343 525559030
t_num: 4 finish: 1473410346 197323372 start: 1473410344 368606057
t_num: 6 finish: 1473410346 309662006 start: 1473410345 558422104
t_num: 31 finish: 1473410346 310706453 start: 1473410345 391895732
t_num: 18 finish: 1473410346 383873582 start: 1473410344 506862826
t_num: 17 finish: 1473410346 406634824 start: 1473410343 537914723
t_num: 16 finish: 1473410346 430929765 start: 1473410344 714048590
t_num: 0 finish: 1473410346 878090560 start: 1473410345 418526597
t_num: 2 finish: 1473410346 879191673 start: 1473410345 435434122
t_num: 1 finish: 1473410346 960493082 start: 1473410344 408814623
t_num: 24 finish: 1473410346 991685142 start: 1473410345 392416415
t_num: 3 finish: 1473410347 107459151 start: 1473410345 557577766
t_num: 31 finish: 1473410347 176268435 start: 1473410346 310741071
t_num: 21 finish: 1473410347 195936116 start: 1473410345 849686117
t_num: 9 finish: 1473410347 218049132 start: 1473410345 850108405
t_num: 27 finish: 1473410347 395144601 start: 1473410345 435484166
t_num: 20 finish: 1473410347 473630712 start: 1473410346 358509988
t_num: 18 finish: 1473410347 742664439 start: 1473410346 984195841
t_num: 17 finish: 1473410347 802533057 start: 1473410346 406655468
t_num: 6 finish: 1473410348 139394095 start: 1473410346 309696145
t_num: 30 finish: 1473410348 139393562 start: 1473410346 902228026
t_num: 0 finish: 1473410348 166536846 start: 1473410346 878136162
t_num: 11 finish: 1473410348 179836270 start: 1473410346 156034162
t_num: 13 finish: 1473410348 232786491 start: 1473410346 95139995
t_num: 7 finish: 1473410348 504964555 start: 1473410347 141148957
t_num: 9 finish: 1473410348 567769491 start: 1473410347 218070160
t_num: 12 finish: 1473410348 570029934 start: 1473410347 195876633
t_num: 4 finish: 1473410348 687040066 start: 1473410346 197347473
t_num: 25 finish: 1473410348 936643277 start: 1473410347 195821189
t_num: 16 finish: 1473410349 228496245 start: 1473410347 274032173
t_num: 13 finish: 1473410349 228629125 start: 1473410348 232825756
t_num: 0 finish: 1473410349 467749577 start: 1473410348 166560784
t_num: 3 finish: 1473410349 469557321 start: 1473410347 799046193
t_num: 31 finish: 1473410349 509508097 start: 1473410347 176301785
t_num: 10 finish: 1473410349 588771147 start: 1473410347 195961598
t_num: 20 finish: 1473410349 838929054 start: 1473410348 446427102
t_num: 30 finish: 1473410349 845473103 start: 1473410348 603886539
t_num: 18 finish: 1473410349 862011115 start: 1473410347 742702307
t_num: 4 finish: 1473410349 950433926 start: 1473410348 687073735
t_num: 11 finish: 1473410350 106987226 start: 1473410348 179857315
t_num: 10 finish: 1473410350 163535249 start: 1473410349 588793201
t_num: 12 finish: 1473410350 167325479 start: 1473410348 570057319
t_num: 28 finish: 1473410350 249313507 start: 1473410348 707541786
t_num: 16 finish: 1473410350 567078314 start: 1473410349 228521769
t_num: 21 finish: 1473410350 752875496 start: 1473410349 228586838
t_num: 23 finish: 1473410350 955063424 start: 1473410349 958437799
t_num: 7 finish: 1473410351 3165293 start: 1473410348 709434259
t_num: 30 finish: 1473410351 106603751 start: 1473410349 845502518
t_num: 3 finish: 1473410351 212754142 start: 1473410349 469578710
t_num: 26 finish: 1473410351 608482513 start: 1473410350 81984827
t_num: 13 finish: 1473410351 668893985 start: 1473410349 228648060
t_num: 20 finish: 1473410351 973918340 start: 1473410349 838970500
t_num: 15 finish: 1473410351 974672552 start: 1473410349 732232749
t_num: 9 finish: 1473410352 122423318 start: 1473410350 312772781
t_num: 25 finish: 1473410352 281536514 start: 1473410350 290892032
t_num: 31 finish: 1473410352 306982789 start: 1473410349 509526947
t_num: 28 finish: 1473410352 307660246 start: 1473410350 249338204
t_num: 17 finish: 1473410352 307724682 start: 1473410349 770260933
t_num: 13 finish: 1473410352 342714093 start: 1473410351 668930183
t_num: 10 finish: 1473410352 624705194 start: 1473410350 163572277
t_num: 21 finish: 1473410352 821052962 start: 1473410351 545413779
t_num: 23 finish: 1473410352 909401835 start: 1473410351 238454153
t_num: 11 finish: 1473410352 963829515 start: 1473410350 181199781
t_num: 16 finish: 1473410353 141513066 start: 1473410350 567120931
t_num: 2 finish: 1473410353 141886568 start: 1473410350 846013868
t_num: 30 finish: 1473410353 142856705 start: 1473410351 106632402
t_num: 20 finish: 1473410353 822347151 start: 1473410351 973961800
t_num: 4 finish: 1473410353 850278932 start: 1473410352 121319801
t_num: 26 finish: 1473410353 850279611 start: 1473410351 608516000
t_num: 21 finish: 1473410354 120728557 start: 1473410352 821086965
t_num: 14 finish: 1473410354 124393709 start: 1473410351 808709979
t_num: 28 finish: 1473410354 137098347 start: 1473410352 307679726
t_num: 25 finish: 1473410354 166811358 start: 1473410352 281581148
t_num: 17 finish: 1473410354 394792051 start: 1473410353 142056115
t_num: 23 finish: 1473410354 514897123 start: 1473410353 141962665
t_num: 15 finish: 1473410354 536314352 start: 1473410351 974705313
t_num: 8 finish: 1473410354 662276380 start: 1473410352 638861112
t_num: 7 finish: 1473410354 743851780 start: 1473410352 281709143
t_num: 31 finish: 1473410355 537036460 start: 1473410352 514287634
t_num: 11 finish: 1473410356 526278340 start: 1473410352 963909965
t_num: 20 finish: 1473410356 526368030 start: 1473410353 822389361
t_num: 26 finish: 1473410356 740368728 start: 1473410353 850316204
t_num: 5 finish: 1473410356 742845591 start: 1473410353 141543003
t_num: 0 finish: 1473410356 756099853 start: 1473410352 514252972
t_num: 27 finish: 1473410356 808384868 start: 1473410354 443449161
t_num: 16 finish: 1473410356 969465244 start: 1473410353 763139253
t_num: 28 finish: 1473410357 20825203 start: 1473410354 137120454
t_num: 31 finish: 1473410357 38253876 start: 1473410355 537070587
t_num: 15 finish: 1473410357 141591613 start: 1473410354 833509419
t_num: 7 finish: 1473410357 212393734 start: 1473410354 743883483
t_num: 23 finish: 1473410357 282002829 start: 1473410354 514929596
t_num: 10 finish: 1473410357 361775169 start: 1473410353 504340931
t_num: 20 finish: 1473410357 361902021 start: 1473410356 526385885
t_num: 4 finish: 1473410357 362159699 start: 1473410354 360471334
t_num: 14 finish: 1473410357 362396937 start: 1473410355 703890654
t_num: 0 finish: 1473410357 400870467 start: 1473410356 756120508
t_num: 18 finish: 1473410357 472603421 start: 1473410356 654443755
t_num: 1 finish: 1473410357 488816082 start: 1473410356 995975735
t_num: 16 finish: 1473410357 588924743 start: 1473410356 969534928
t_num: 25 finish: 1473410358 82092148 start: 1473410355 701253499
t_num: 27 finish: 1473410358 134869810 start: 1473410356 808422806
t_num: 26 finish: 1473410358 179733600 start: 1473410356 740404413
t_num: 5 finish: 1473410358 483594515 start: 1473410356 742865321
t_num: 18 finish: 1473410358 548058121 start: 1473410357 472629094
t_num: 29 finish: 1473410358 684242922 start: 1473410357 161633620
t_num: 31 finish: 1473410358 706433723 start: 1473410357 362169240
t_num: 24 finish: 1473410358 734079341 start: 1473410356 919240295
t_num: 14 finish: 1473410358 829363670 start: 1473410357 362415976
t_num: 20 finish: 1473410358 892848945 start: 1473410357 361922558
t_num: 16 finish: 1473410359 382977092 start: 1473410358 134902494
t_num: 21 finish: 1473410359 383107894 start: 1473410358 135115513
t_num: 5 finish: 1473410359 395628242 start: 1473410358 483626820
t_num: 22 finish: 1473410359 573668712 start: 1473410357 471734577
t_num: 27 finish: 1473410359 659034952 start: 1473410358 134907432
t_num: 7 finish: 1473410359 735330819 start: 1473410357 361298418
t_num: 10 finish: 1473410359 826889530 start: 1473410357 361803194
t_num: 0 finish: 1473410359 968297915 start: 1473410357 400899592
t_num: 11 finish: 1473410359 992127350 start: 1473410358 405429616
t_num: 2 finish: 1473410359 996166260 start: 1473410358 632860784
t_num: 23 finish: 1473410360 330077323 start: 1473410358 926636739
t_num: 28 finish: 1473410360 373662077 start: 1473410358 236953520
t_num: 6 finish: 1473410360 726188989 start: 1473410358 827761262
t_num: 29 finish: 1473410361 185201889 start: 1473410358 956537539
t_num: 24 finish: 1473410361 240882347 start: 1473410359 140096767
t_num: 21 finish: 1473410361 674261161 start: 1473410359 383141854
t_num: 4 finish: 1473410361 780465189 start: 1473410358 437353099
t_num: 20 finish: 1473410362 43952263 start: 1473410358 892932275
t_num: 2 finish: 1473410362 46142209 start: 1473410360 373616493
t_num: 17 finish: 1473410362 103651781 start: 1473410360 685580482
t_num: 26 finish: 1473410362 158404549 start: 1473410359 529161296
t_num: 14 finish: 1473410362 158418730 start: 1473410360 330098144
t_num: 0 finish: 1473410362 158492895 start: 1473410359 968333675
t_num: 22 finish: 1473410362 218823917 start: 1473410359 573691698
t_num: 3 finish: 1473410362 218947703 start: 1473410361 310738297
t_num: 31 finish: 1473410362 414782380 start: 1473410361 94293209
t_num: 5 finish: 1473410362 429182151 start: 1473410360 330864420
t_num: 13 finish: 1473410362 579255319 start: 1473410359 969702764
t_num: 29 finish: 1473410362 579463035 start: 1473410361 185259240
t_num: 16 finish: 1473410362 908423466 start: 1473410360 330320167
t_num: 12 finish: 1473410362 908425916 start: 1473410361 712488605
t_num: 28 finish: 1473410362 937707753 start: 1473410360 373686418
t_num: 11 finish: 1473410363 51311965 start: 1473410361 912092308
t_num: 10 finish: 1473410363 366303151 start: 1473410360 686343265
t_num: 30 finish: 1473410363 423776618 start: 1473410361 801736526
t_num: 3 finish: 1473410363 432302987 start: 1473410362 218966354
t_num: 5 finish: 1473410363 529758606 start: 1473410362 429210557
t_num: 26 finish: 1473410363 598301819 start: 1473410362 158459209
t_num: 0 finish: 1473410363 650397897 start: 1473410362 398259119
t_num: 4 finish: 1473410363 858936401 start: 1473410361 780494800
t_num: 1 finish: 1473410364 44821533 start: 1473410362 994900354
t_num: 29 finish: 1473410364 48487726 start: 1473410362 579482725
t_num: 17 finish: 1473410364 165581667 start: 1473410363 51044002
t_num: 2 finish: 1473410364 220839172 start: 1473410362 973770922
t_num: 31 finish: 1473410364 420174292 start: 1473410363 424703766
t_num: 14 finish: 1473410364 420214189 start: 1473410362 158572523
t_num: 9 finish: 1473410364 681473134 start: 1473410362 629772224
t_num: 3 finish: 1473410364 771008442 start: 1473410363 432324058
t_num: 11 finish: 1473410364 843812157 start: 1473410363 51332516
t_num: 24 finish: 1473410365 162619197 start: 1473410362 973714258
t_num: 26 finish: 1473410365 256555641 start: 1473410363 598331054
t_num: 10 finish: 1473410365 588151278 start: 1473410363 624653735
t_num: 13 finish: 1473410365 713892269 start: 1473410363 115779820
t_num: 17 finish: 1473410365 793445003 start: 1473410364 165610615
t_num: 22 finish: 1473410365 794651211 start: 1473410364 770744317
t_num: 30 finish: 1473410365 913299209 start: 1473410364 420250973
t_num: 1 finish: 1473410365 970376509 start: 1473410364 291269950
t_num: 11 finish: 1473410366 197950188 start: 1473410364 843856153
t_num: 9 finish: 1473410366 198537786 start: 1473410364 681513267
t_num: 2 finish: 1473410366 358115113 start: 1473410364 220874168
t_num: 26 finish: 1473410366 849602129 start: 1473410365 334207000
t_num: 16 finish: 1473410366 918130723 start: 1473410365 348749683
t_num: 28 finish: 1473410366 920484316 start: 1473410365 245080672
t_num: 3 finish: 1473410367 560196285 start: 1473410365 638483884
t_num: 7 finish: 1473410367 742759702 start: 1473410364 770717044
t_num: 2 finish: 1473410367 901131273 start: 1473410366 358149813
t_num: 29 finish: 1473410367 903597352 start: 1473410364 48509243
t_num: 1 finish: 1473410367 986891242 start: 1473410365 970410683
t_num: 8 finish: 1473410368 89392124 start: 1473410366 731752103
t_num: 23 finish: 1473410368 367819243 start: 1473410366 454272914
t_num: 26 finish: 1473410368 416494763 start: 1473410366 849626123
t_num: 28 finish: 1473410368 517492088 start: 1473410366 920523077
t_num: 30 finish: 1473410368 551478767 start: 1473410366 481051540
t_num: 13 finish: 1473410368 551484278 start: 1473410365 713932194
t_num: 17 finish: 1473410369 51408735 start: 1473410365 793488268
t_num: 9 finish: 1473410369 632212793 start: 1473410366 805858966
t_num: 19 finish: 1473410369 633004113 start: 1473410367 869040303
t_num: 16 finish: 1473410369 633099389 start: 1473410366 918173147
t_num: 15 finish: 1473410369 633745834 start: 1473410366 732023003
t_num: 24 finish: 1473410370 136106346 start: 1473410367 904795595
t_num: 31 finish: 1473410370 139489807 start: 1473410366 920463831
t_num: 22 finish: 1473410370 217982547 start: 1473410367 839093541
t_num: 23 finish: 1473410370 365941656 start: 1473410368 367863447
t_num: 29 finish: 1473410370 455005116 start: 1473410367 903618071
t_num: 3 finish: 1473410370 455043543 start: 1473410369 342862457
t_num: 10 finish: 1473410370 895677765 start: 1473410368 517511444
t_num: 21 finish: 1473410370 895754877 start: 1473410368 62886047
t_num: 30 finish: 1473410370 933446508 start: 1473410368 551502182
t_num: 7 finish: 1473410371 155133240 start: 1473410367 742805599
t_num: 28 finish: 1473410371 368886900 start: 1473410369 770537758
t_num: 8 finish: 1473410371 369486545 start: 1473410368 625907935
t_num: 1 finish: 1473410371 477232312 start: 1473410369 633281985
t_num: 19 finish: 1473410371 492884703 start: 1473410369 633024372
t_num: 9 finish: 1473410371 742829408 start: 1473410370 218648444
t_num: 26 finish: 1473410371 903658421 start: 1473410370 139495355
t_num: 24 finish: 1473410371 922289128 start: 1473410370 630108943
t_num: 27 finish: 1473410371 922515872 start: 1473410370 48745098
t_num: 2 finish: 1473410372 16797463 start: 1473410369 633073494
t_num: 17 finish: 1473410372 298057637 start: 1473410370 303796647
t_num: 5 finish: 1473410372 409793043 start: 1473410370 987638175
t_num: 15 finish: 1473410372 527632251 start: 1473410369 633765690
t_num: 7 finish: 1473410372 765998049 start: 1473410371 155161576
t_num: 10 finish: 1473410372 937662617 start: 1473410370 895738682
t_num: 31 finish: 1473410372 984315792 start: 1473410371 32252327
t_num: 13 finish: 1473410372 990813745 start: 1473410371 325570751
t_num: 3 finish: 1473410373 171760083 start: 1473410370 455060098
t_num: 1 finish: 1473410373 335391216 start: 1473410371 477270546
t_num: 18 finish: 1473410373 349339939 start: 1473410371 412868494
t_num: 27 finish: 1473410373 547876112 start: 1473410371 922533530
t_num: 15 finish: 1473410373 549826226 start: 1473410372 527667027
t_num: 30 finish: 1473410373 553502412 start: 1473410371 182931590
t_num: 24 finish: 1473410373 738715513 start: 1473410371 922314885
t_num: 22 finish: 1473410374 209739017 start: 1473410371 922341773
t_num: 2 finish: 1473410374 287264676 start: 1473410372 16828097
t_num: 17 finish: 1473410374 889723556 start: 1473410372 298092209
t_num: 0 finish: 1473410374 967476708 start: 1473410371 922330317
t_num: 30 finish: 1473410375 17011676 start: 1473410373 553522068
t_num: 7 finish: 1473410375 17013831 start: 1473410372 766022669
t_num: 21 finish: 1473410375 363968410 start: 1473410371 606445018
t_num: 28 finish: 1473410375 428296114 start: 1473410371 922382355
t_num: 25 finish: 1473410375 542087738 start: 1473410373 918470419
t_num: 27 finish: 1473410375 653486335 start: 1473410373 547908522
t_num: 5 finish: 1473410375 726178622 start: 1473410373 522252940
t_num: 14 finish: 1473410375 927690166 start: 1473410373 918507937
t_num: 12 finish: 1473410376 320396874 start: 1473410373 554834389
t_num: 19 finish: 1473410376 356991874 start: 1473410374 241000548
t_num: 3 finish: 1473410376 356994232 start: 1473410373 171813403
t_num: 30 finish: 1473410376 380091043 start: 1473410375 17036099
t_num: 8 finish: 1473410376 469542294 start: 1473410373 550002623
t_num: 17 finish: 1473410376 469728841 start: 1473410375 485318826
t_num: 2 finish: 1473410376 715621496 start: 1473410374 287297263
t_num: 24 finish: 1473410377 43586146 start: 1473410375 484698624
t_num: 28 finish: 1473410377 85157508 start: 1473410375 428331812
t_num: 0 finish: 1473410377 126902795 start: 1473410374 967510986
t_num: 26 finish: 1473410377 128067892 start: 1473410374 861494882
t_num: 3 finish: 1473410377 701083332 start: 1473410376 357055394
t_num: 29 finish: 1473410377 745034568 start: 1473410375 17063565
t_num: 18 finish: 1473410377 745052303 start: 1473410375 293869939
t_num: 19 finish: 1473410378 202183974 start: 1473410376 357023057
t_num: 9 finish: 1473410378 291990463 start: 1473410375 834248186
t_num: 26 finish: 1473410378 316919761 start: 1473410377 128088298
t_num: 8 finish: 1473410378 358292208 start: 1473410377 211605013
t_num: 23 finish: 1473410378 360349236 start: 1473410377 160520641
t_num: 1 finish: 1473410378 382983717 start: 1473410375 836159070
t_num: 31 finish: 1473410378 425884854 start: 1473410377 456841261
t_num: 5 finish: 1473410378 451948889 start: 1473410377 136456846
t_num: 4 finish: 1473410378 579970469 start: 1473410377 489427730
t_num: 20 finish: 1473410378 641023791 start: 1473410376 230341949
t_num: 24 finish: 1473410378 671692538 start: 1473410377 43635317
t_num: 30 finish: 1473410378 934322899 start: 1473410376 380118407
t_num: 17 finish: 1473410379 21055728 start: 1473410376 469749657
t_num: 13 finish: 1473410379 112482456 start: 1473410377 349255171
t_num: 29 finish: 1473410379 211634140 start: 1473410377 745099617
t_num: 22 finish: 1473410379 283282019 start: 1473410378 11425260
t_num: 14 finish: 1473410379 449612410 start: 1473410378 11748856
t_num: 28 finish: 1473410379 461551502 start: 1473410377 85188443
t_num: 2 finish: 1473410379 518253161 start: 1473410376 715656825
t_num: 5 finish: 1473410379 519593313 start: 1473410378 451974318
t_num: 17 finish: 1473410379 611772439 start: 1473410379 21095578
t_num: 23 finish: 1473410379 679340485 start: 1473410378 360369702
t_num: 3 finish: 1473410379 753180539 start: 1473410378 378743368
t_num: 9 finish: 1473410379 886965222 start: 1473410378 534521251
t_num: 19 finish: 1473410379 941360728 start: 1473410378 202207081
t_num: 24 finish: 1473410380 175232756 start: 1473410378 745779794
t_num: 1 finish: 1473410380 188584430 start: 1473410378 679755175
t_num: 31 finish: 1473410380 733960648 start: 1473410378 425910768
t_num: 26 finish: 1473410380 795576097 start: 1473410378 685755712
t_num: 16 finish: 1473410380 795592315 start: 1473410379 251970758
t_num: 20 finish: 1473410380 949693751 start: 1473410379 68703369
t_num: 22 finish: 1473410380 977622865 start: 1473410379 283309924
t_num: 30 finish: 1473410381 248483798 start: 1473410378 934349718
t_num: 28 finish: 1473410381 288128771 start: 1473410379 461573441
t_num: 1 finish: 1473410381 319786046 start: 1473410380 188617904
t_num: 3 finish: 1473410381 347304205 start: 1473410379 753200523
t_num: 29 finish: 1473410381 427680774 start: 1473410379 849489854
t_num: 14 finish: 1473410381 557437480 start: 1473410379 449657278
t_num: 31 finish: 1473410381 733063201 start: 1473410380 734004112
t_num: 23 finish: 1473410381 734104989 start: 1473410379 679399090
t_num: 11 finish: 1473410381 736825335 start: 1473410380 571698422
t_num: 17 finish: 1473410381 879855366 start: 1473410379 611792668
t_num: 9 finish: 1473410381 924416446 start: 1473410380 145795222
t_num: 24 finish: 1473410382 315544849 start: 1473410380 976750792
t_num: 20 finish: 1473410382 835369152 start: 1473410381 347501378
t_num: 1 finish: 1473410382 848168179 start: 1473410381 319821786
t_num: 14 finish: 1473410383 208966486 start: 1473410381 557483487
t_num: 26 finish: 1473410383 261381364 start: 1473410381 813992608
t_num: 30 finish: 1473410383 308480969 start: 1473410381 248524183
t_num: 21 finish: 1473410383 675620072 start: 1473410382 29746043
t_num: 13 finish: 1473410383 677860442 start: 1473410381 72463753
t_num: 9 finish: 1473410383 689564004 start: 1473410381 924438762
t_num: 28 finish: 1473410383 700491716 start: 1473410381 288169671
t_num: 3 finish: 1473410383 901852809 start: 1473410382 327482640
t_num: 5 finish: 1473410383 902686560 start: 1473410381 427702009
t_num: 10 finish: 1473410383 941167233 start: 1473410381 731995239
t_num: 24 finish: 1473410384 292079671 start: 1473410382 315582015
t_num: 11 finish: 1473410384 671312647 start: 1473410381 736859942
t_num: 6 finish: 1473410384 672150901 start: 1473410382 716932910
t_num: 17 finish: 1473410384 772686162 start: 1473410383 369050436
t_num: 27 finish: 1473410384 785122563 start: 1473410382 467964035
t_num: 23 finish: 1473410384 786429328 start: 1473410382 327683940
t_num: 28 finish: 1473410384 825739633 start: 1473410383 700534253
t_num: 14 finish: 1473410385 380407658 start: 1473410383 208997912
t_num: 7 finish: 1473410385 478515033 start: 1473410383 982956308
t_num: 15 finish: 1473410385 479776381 start: 1473410383 13528690
t_num: 3 finish: 1473410385 483113758 start: 1473410383 901896489
t_num: 25 finish: 1473410385 517746680 start: 1473410384 471124694
t_num: 24 finish: 1473410385 670578333 start: 1473410384 644566856
t_num: 4 finish: 1473410385 738564865 start: 1473410383 125418011
t_num: 20 finish: 1473410385 840944837 start: 1473410383 603046524
t_num: 27 finish: 1473410385 932701868 start: 1473410384 785143393
t_num: 22 finish: 1473410385 990101869 start: 1473410383 674984731
t_num: 0 finish: 1473410386 245614729 start: 1473410383 980725671
t_num: 6 finish: 1473410386 500148700 start: 1473410384 672219059
t_num: 9 finish: 1473410386 548064923 start: 1473410384 672200084
t_num: 1 finish: 1473410386 606343461 start: 1473410384 456622795
t_num: 11 finish: 1473410386 706148427 start: 1473410384 671342509
t_num: 13 finish: 1473410386 758726176 start: 1473410385 232318082
t_num: 25 finish: 1473410386 758778046 start: 1473410385 517778758
t_num: 15 finish: 1473410386 758840448 start: 1473410385 479812663
t_num: 14 finish: 1473410386 990876316 start: 1473410385 380451730
t_num: 7 finish: 1473410387 483774191 start: 1473410386 499475778
t_num: 0 finish: 1473410387 552177562 start: 1473410386 245652597
t_num: 17 finish: 1473410387 679149984 start: 1473410386 498605124
t_num: 25 finish: 1473410387 679185538 start: 1473410386 758812673
t_num: 27 finish: 1473410387 766037338 start: 1473410385 932727012
t_num: 12 finish: 1473410387 794237662 start: 1473410385 897297580
t_num: 6 finish: 1473410388 139124410 start: 1473410386 500176617
t_num: 24 finish: 1473410388 362153702 start: 1473410386 847884262
t_num: 19 finish: 1473410388 573628136 start: 1473410386 245937406
t_num: 25 finish: 1473410388 666701110 start: 1473410387 679271912
t_num: 15 finish: 1473410388 666867665 start: 1473410386 758872783
t_num: 5 finish: 1473410388 947428307 start: 1473410386 270017329
t_num: 2 finish: 1473410389 31138775 start: 1473410386 608317674
t_num: 17 finish: 1473410389 60493396 start: 1473410387 679213865
t_num: 9 finish: 1473410389 61928001 start: 1473410388 179415146
t_num: 11 finish: 1473410389 72412806 start: 1473410387 557981227
t_num: 3 finish: 1473410389 234036165 start: 1473410388 393980013
t_num: 7 finish: 1473410389 534882844 start: 1473410388 179432495
t_num: 23 finish: 1473410389 538538400 start: 1473410387 376540877
t_num: 0 finish: 1473410389 543238189 start: 1473410387 552214829
t_num: 13 finish: 1473410389 643879744 start: 1473410388 706983384
t_num: 14 finish: 1473410389 643886115 start: 1473410386 990899473
t_num: 1 finish: 1473410389 741120068 start: 1473410386 606373598
t_num: 25 finish: 1473410390 146798178 start: 1473410388 666742972
t_num: 6 finish: 1473410390 148120330 start: 1473410388 532695330
t_num: 9 finish: 1473410390 444119582 start: 1473410389 61959671
t_num: 24 finish: 1473410390 472892394 start: 1473410389 29623024
t_num: 12 finish: 1473410391 24293930 start: 1473410388 394357099
t_num: 18 finish: 1473410391 54802563 start: 1473410388 394027541
t_num: 8 finish: 1473410391 55047024 start: 1473410389 820615090
t_num: 2 finish: 1473410391 194146281 start: 1473410389 31160955
t_num: 14 finish: 1473410391 212205489 start: 1473410390 858854045
t_num: 23 finish: 1473410391 383983476 start: 1473410389 538558736
t_num: 0 finish: 1473410391 447072191 start: 1473410389 543258682
t_num: 4 finish: 1473410391 449813429 start: 1473410390 391964714
t_num: 21 finish: 1473410391 452470988 start: 1473410389 188703966
t_num: 27 finish: 1473410391 546592175 start: 1473410388 885605344
t_num: 1 finish: 1473410391 683581467 start: 1473410390 336579287
t_num: 17 finish: 1473410392 3528490 start: 1473410390 185123309
t_num: 13 finish: 1473410392 431402419 start: 1473410390 61221463
t_num: 0 finish: 1473410392 663560562 start: 1473410391 447105736
t_num: 18 finish: 1473410392 835811648 start: 1473410391 54844621
t_num: 4 finish: 1473410392 907053828 start: 1473410391 449833941
t_num: 19 finish: 1473410392 907265965 start: 1473410391 619985842
t_num: 12 finish: 1473410392 978153674 start: 1473410391 550509967
t_num: 11 finish: 1473410392 978155162 start: 1473410390 448196054
t_num: 8 finish: 1473410393 162328892 start: 1473410391 915585989
t_num: 27 finish: 1473410393 462217419 start: 1473410391 546617540
t_num: 2 finish: 1473410393 478602369 start: 1473410391 194174726
t_num: 16 finish: 1473410393 613846455 start: 1473410391 419927923
t_num: 1 finish: 1473410393 620872709 start: 1473410391 683606886
t_num: 10 finish: 1473410393 622551212 start: 1473410390 831875161
t_num: 29 finish: 1473410393 923516909 start: 1473410391 795963119
t_num: 4 finish: 1473410393 934630598 start: 1473410392 907082135
t_num: 9 finish: 1473410394 1177774 start: 1473410391 915602383
t_num: 23 finish: 1473410394 29833599 start: 1473410391 384013111
t_num: 19 finish: 1473410394 439518426 start: 1473410392 907284466
t_num: 13 finish: 1473410394 444302496 start: 1473410392 431447373
t_num: 28 finish: 1473410394 637530274 start: 1473410392 869646312
t_num: 16 finish: 1473410394 657023028 start: 1473410393 613892292
t_num: 25 finish: 1473410394 696013834 start: 1473410393 330285509
t_num: 1 finish: 1473410394 706929116 start: 1473410393 620892516
t_num: 24 finish: 1473410394 707829348 start: 1473410392 489025018
t_num: 0 finish: 1473410394 730133377 start: 1473410392 663592824
t_num: 22 finish: 1473410395 220130137 start: 1473410393 367706829
t_num: 11 finish: 1473410395 442793869 start: 1473410393 366300907
t_num: 18 finish: 1473410395 443568798 start: 1473410394 618948675
t_num: 12 finish: 1473410395 621437450 start: 1473410393 584532820
t_num: 30 finish: 1473410395 684528531 start: 1473410393 367544813
t_num: 8 finish: 1473410395 809633953 start: 1473410394 617688347
t_num: 9 finish: 1473410396 31705756 start: 1473410394 1210277
t_num: 1 finish: 1473410396 33815121 start: 1473410394 706944678
t_num: 23 finish: 1473410396 459451862 start: 1473410394 682925666
t_num: 16 finish: 1473410396 465730015 start: 1473410394 657043652
t_num: 25 finish: 1473410396 465730015 start: 1473410394 696046983
t_num: 27 finish: 1473410396 644837207 start: 1473410394 799798220
t_num: 5 finish: 1473410396 644995194 start: 1473410395 328498839
t_num: 8 finish: 1473410396 645236907 start: 1473410395 809669857
t_num: 17 finish: 1473410396 859548122 start: 1473410395 551005786
t_num: 31 finish: 1473410396 877603076 start: 1473410394 439060494
t_num: 20 finish: 1473410397 131575638 start: 1473410394 617776132
t_num: 11 finish: 1473410397 187661914 start: 1473410396 265533843
t_num: 13 finish: 1473410397 351195266 start: 1473410395 853389301
t_num: 29 finish: 1473410397 509353783 start: 1473410395 550413155
t_num: 24 finish: 1473410397 509353783 start: 1473410396 341597340
t_num: 22 finish: 1473410397 509454857 start: 1473410396 182330157
t_num: 2 finish: 1473410398 116819577 start: 1473410396 837724266
t_num: 12 finish: 1473410398 174273328 start: 1473410395 621468862
t_num: 31 finish: 1473410398 203467978 start: 1473410396 877623210
t_num: 3 finish: 1473410398 205180849 start: 1473410395 922238603
t_num: 27 finish: 1473410398 223527865 start: 1473410396 644902513
t_num: 17 finish: 1473410398 639535933 start: 1473410396 859572409
t_num: 9 finish: 1473410398 701058207 start: 1473410396 356217210
t_num: 16 finish: 1473410398 731828070 start: 1473410396 465760285
t_num: 24 finish: 1473410398 923932281 start: 1473410397 509430976
t_num: 18 finish: 1473410398 923998107 start: 1473410396 223709578
t_num: 22 finish: 1473410399 65145827 start: 1473410397 509473903
t_num: 28 finish: 1473410399 120102286 start: 1473410395 907927788
t_num: 12 finish: 1473410399 120212867 start: 1473410398 174299464
t_num: 25 finish: 1473410399 300621255 start: 1473410398 190676321
t_num: 29 finish: 1473410399 477394757 start: 1473410398 637785916
t_num: 11 finish: 1473410399 538466648 start: 1473410398 190284745
t_num: 3 finish: 1473410399 803363138 start: 1473410398 657417322
t_num: 14 finish: 1473410399 897416721 start: 1473410397 273183394
t_num: 13 finish: 1473410399 897456671 start: 1473410398 191788375
t_num: 24 finish: 1473410399 984750187 start: 1473410398 924001767
t_num: 12 finish: 1473410400 475488499 start: 1473410399 120232085
t_num: 5 finish: 1473410400 501464278 start: 1473410398 267919794
t_num: 2 finish: 1473410400 582205979 start: 1473410398 116848334
t_num: 22 finish: 1473410400 987074440 start: 1473410399 65169610
t_num: 18 finish: 1473410401 29937343 start: 1473410398 924014861
t_num: 26 finish: 1473410401 63026070 start: 1473410398 640361728
t_num: 25 finish: 1473410401 63074142 start: 1473410399 300656972
t_num: 28 finish: 1473410401 338205202 start: 1473410399 897504409
t_num: 20 finish: 1473410401 410712223 start: 1473410399 894892029
t_num: 13 finish: 1473410401 517512626 start: 1473410399 897472415
t_num: 31 finish: 1473410401 585955272 start: 1473410400 868899851
t_num: 23 finish: 1473410401 626890072 start: 1473410399 898404777
t_num: 24 finish: 1473410401 683494589 start: 1473410399 984774833
t_num: 11 finish: 1473410402 402244953 start: 1473410399 538487825
t_num: 17 finish: 1473410402 733043441 start: 1473410399 208360210
t_num: 31 finish: 1473410403 207853055 start: 1473410401 585986662
t_num: 9 finish: 1473410403 499340249 start: 1473410400 990804611
t_num: 16 finish: 1473410403 658900145 start: 1473410399 865104361
t_num: 14 finish: 1473410403 807780482 start: 1473410399 897437472
t_num: 24 finish: 1473410403 861619765 start: 1473410401 683538531
t_num: 3 finish: 1473410403 861670743 start: 1473410402 87184771
t_num: 20 finish: 1473410403 969071008 start: 1473410401 410757005
t_num: 17 finish: 1473410404 279450574 start: 1473410402 733084921
t_num: 0 finish: 1473410404 353149545 start: 1473410400 987032001
t_num: 2 finish: 1473410404 365045365 start: 1473410401 37407412
t_num: 28 finish: 1473410404 406112911 start: 1473410402 217005945
t_num: 12 finish: 1473410404 495603592 start: 1473410401 283800385
t_num: 19 finish: 1473410405 11328201 start: 1473410403 455261282
t_num: 25 finish: 1473410405 12180977 start: 1473410402 156712670
t_num: 23 finish: 1473410405 135272354 start: 1473410403 433683988
t_num: 1 finish: 1473410405 493839120 start: 1473410401 903075319
t_num: 10 finish: 1473410405 595724989 start: 1473410402 234372641
t_num: 29 finish: 1473410405 595916083 start: 1473410402 216483742
t_num: 11 finish: 1473410405 653033968 start: 1473410402 402291336
t_num: 27 finish: 1473410406 100044529 start: 1473410402 664320075
t_num: 24 finish: 1473410406 105343855 start: 1473410403 861656319
t_num: 14 finish: 1473410406 129363632 start: 1473410403 807822723
t_num: 31 finish: 1473410406 372416758 start: 1473410404 789696269
t_num: 28 finish: 1473410406 406420183 start: 1473410404 406133326
t_num: 0 finish: 1473410406 476415544 start: 1473410404 353192116
t_num: 3 finish: 1473410406 517004729 start: 1473410404 789712654
t_num: 16 finish: 1473410406 532525983 start: 1473410403 658945652
t_num: 7 finish: 1473410406 778766281 start: 1473410404 34006425
t_num: 19 finish: 1473410406 869074447 start: 1473410405 11357199
t_num: 21 finish: 1473410407 92585845 start: 1473410404 404021466
t_num: 18 finish: 1473410407 123451925 start: 1473410405 6283735
t_num: 14 finish: 1473410407 123488247 start: 1473410406 129399504
t_num: 11 finish: 1473410407 185789622 start: 1473410405 653056835
t_num: 20 finish: 1473410407 545325938 start: 1473410405 939364955
t_num: 28 finish: 1473410407 576770138 start: 1473410406 406462500
t_num: 25 finish: 1473410407 827564771 start: 1473410405 12203278
t_num: 4 finish: 1473410407 828976462 start: 1473410405 595899987
t_num: 10 finish: 1473410407 829275979 start: 1473410406 476379947
t_num: 0 finish: 1473410408 235671000 start: 1473410406 476454474
t_num: 2 finish: 1473410408 358282199 start: 1473410405 7724218
t_num: 24 finish: 1473410408 411276601 start: 1473410406 105367366
t_num: 27 finish: 1473410408 411621621 start: 1473410407 92376951
t_num: 7 finish: 1473410408 500880855 start: 1473410406 778801610
t_num: 21 finish: 1473410408 500940158 start: 1473410407 92626612
t_num: 22 finish: 1473410408 933918865 start: 1473410405 939195397
t_num: 13 finish: 1473410408 933987693 start: 1473410407 931070235
t_num: 30 finish: 1473410409 501833642 start: 1473410407 267887595
t_num: 11 finish: 1473410409 537393480 start: 1473410408 271571785
t_num: 4 finish: 1473410409 538236497 start: 1473410407 828996716
t_num: 23 finish: 1473410409 642166995 start: 1473410407 575511320
t_num: 7 finish: 1473410409 757646905 start: 1473410408 500911531
t_num: 14 finish: 1473410409 817526585 start: 1473410407 123506841
t_num: 25 finish: 1473410410 12824560 start: 1473410407 827608856
t_num: 22 finish: 1473410410 109903110 start: 1473410408 933969690
t_num: 18 finish: 1473410410 163557985 start: 1473410408 456374273
t_num: 27 finish: 1473410410 193962370 start: 1473410408 411650358
t_num: 2 finish: 1473410410 438447051 start: 1473410408 358322637
t_num: 0 finish: 1473410410 438457774 start: 1473410408 761156892
t_num: 21 finish: 1473410410 610021499 start: 1473410408 500961014
t_num: 10 finish: 1473410410 668439665 start: 1473410408 762018803
t_num: 28 finish: 1473410410 874299531 start: 1473410408 271587517
t_num: 11 finish: 1473410410 895601090 start: 1473410409 537430148
t_num: 23 finish: 1473410410 900619437 start: 1473410409 642196286
t_num: 4 finish: 1473410410 905712043 start: 1473410409 538256928
t_num: 24 finish: 1473410411 87539846 start: 1473410409 550366895
t_num: 5 finish: 1473410411 213182710 start: 1473410410 432957718
t_num: 30 finish: 1473410411 334152621 start: 1473410409 501872639
t_num: 21 finish: 1473410411 603844767 start: 1473410410 610054260
t_num: 1 finish: 1473410411 646435245 start: 1473410410 163503233
t_num: 27 finish: 1473410412 51888451 start: 1473410410 193984652
t_num: 29 finish: 1473410412 60788580 start: 1473410408 933943799
t_num: 28 finish: 1473410412 60933016 start: 1473410410 874335928
t_num: 7 finish: 1473410412 145826086 start: 1473410410 979408823
t_num: 2 finish: 1473410412 585289214 start: 1473410410 438477126
t_num: 13 finish: 1473410412 622034201 start: 1473410410 257548609
t_num: 1 finish: 1473410412 954399092 start: 1473410411 646459021
t_num: 21 finish: 1473410413 40171157 start: 1473410411 603885603
t_num: 18 finish: 1473410413 261514925 start: 1473410411 297366193
t_num: 8 finish: 1473410413 334383132 start: 1473410411 334204799
t_num: 17 finish: 1473410413 440006608 start: 1473410411 127965601
t_num: 14 finish: 1473410413 485040715 start: 1473410411 604512757
t_num: 10 finish: 1473410413 579446141 start: 1473410410 668463595
t_num: 6 finish: 1473410413 715973506 start: 1473410410 392874072
t_num: 4 finish: 1473410413 736304632 start: 1473410411 29252018
t_num: 29 finish: 1473410413 917149655 start: 1473410412 622850623
t_num: 26 finish: 1473410414 154277516 start: 1473410411 647574921
t_num: 2 finish: 1473410414 197717911 start: 1473410412 585324313
t_num: 13 finish: 1473410414 240115441 start: 1473410412 625511069
t_num: 21 finish: 1473410414 555179862 start: 1473410413 40194056
t_num: 23 finish: 1473410414 749205378 start: 1473410412 144468892
t_num: 16 finish: 1473410414 915768602 start: 1473410413 485059051
t_num: 5 finish: 1473410415 113005239 start: 1473410413 142222497
t_num: 12 finish: 1473410415 148293332 start: 1473410413 996572869
t_num: 4 finish: 1473410415 297498709 start: 1473410413 736330592
t_num: 30 finish: 1473410415 297599657 start: 1473410412 155534158
t_num: 24 finish: 1473410415 297985096 start: 1473410412 61548934
t_num: 18 finish: 1473410415 344993788 start: 1473410413 261577658
t_num: 7 finish: 1473410415 524218015 start: 1473410413 197909107
t_num: 28 finish: 1473410415 581712388 start: 1473410412 716849879
t_num: 13 finish: 1473410415 901876039 start: 1473410414 958691985
t_num: 21 finish: 1473410416 599624401 start: 1473410414 555224627
t_num: 25 finish: 1473410416 656585821 start: 1473410414 524541025
t_num: 1 finish: 1473410416 713531448 start: 1473410414 92547802
t_num: 14 finish: 1473410416 767509464 start: 1473410414 241601312
t_num: 8 finish: 1473410416 893699385 start: 1473410414 555279171
t_num: 26 finish: 1473410417 96543957 start: 1473410414 154322145
t_num: 2 finish: 1473410417 110204701 start: 1473410415 315564513
t_num: 19 finish: 1473410417 300064694 start: 1473410415 730076664
t_num: 5 finish: 1473410417 300108829 start: 1473410415 524008535
t_num: 12 finish: 1473410417 326270003 start: 1473410415 345076037
t_num: 31 finish: 1473410417 383975953 start: 1473410414 556895139
t_num: 7 finish: 1473410417 543737919 start: 1473410415 524245617
t_num: 16 finish: 1473410417 576225637 start: 1473410415 913044803
t_num: 24 finish: 1473410417 630397005 start: 1473410415 436206904
t_num: 13 finish: 1473410417 809748749 start: 1473410415 901921266
t_num: 0 finish: 1473410418 435365899 start: 1473410416 926542782
t_num: 18 finish: 1473410419 134689303 start: 1473410415 345047668
t_num: 1 finish: 1473410419 205883353 start: 1473410416 713575204
t_num: 5 finish: 1473410419 348555621 start: 1473410417 300124276
t_num: 8 finish: 1473410419 662152261 start: 1473410416 893735923
t_num: 9 finish: 1473410419 812745536 start: 1473410417 69424173
t_num: 25 finish: 1473410420 167210214 start: 1473410416 656647912
t_num: 12 finish: 1473410420 348863461 start: 1473410418 405547698
t_num: 15 finish: 1473410420 348863441 start: 1473410417 414103484
t_num: 24 finish: 1473410420 401692218 start: 1473410418 407813189
t_num: 18 finish: 1473410420 513869156 start: 1473410419 134733011
t_num: 6 finish: 1473410420 601274849 start: 1473410418 53508594
t_num: 31 finish: 1473410420 671443540 start: 1473410417 384000550
t_num: 21 finish: 1473410420 699853669 start: 1473410418 51054395
t_num: 7 finish: 1473410420 936317418 start: 1473410419 899409428
t_num: 5 finish: 1473410420 936926233 start: 1473410419 348592960
t_num: 15 finish: 1473410421 328494473 start: 1473410420 348975187
t_num: 20 finish: 1473410421 508339641 start: 1473410419 756238260
t_num: 13 finish: 1473410421 508344100 start: 1473410418 407193272
t_num: 29 finish: 1473410421 547084367 start: 1473410419 370762140
t_num: 26 finish: 1473410421 741541463 start: 1473410419 136188365
t_num: 0 finish: 1473410421 743969708 start: 1473410419 521613491
t_num: 16 finish: 1473410421 886885352 start: 1473410417 576249055
t_num: 11 finish: 1473410422 120693936 start: 1473410420 515973709
t_num: 24 finish: 1473410422 221640551 start: 1473410420 401722565
t_num: 2 finish: 1473410422 339448881 start: 1473410421 22025641
t_num: 6 finish: 1473410422 340023923 start: 1473410420 601315874
t_num: 31 finish: 1473410422 501299772 start: 1473410420 671497281
t_num: 12 finish: 1473410422 524120533 start: 1473410420 828559589
t_num: 0 finish: 1473410422 898566636 start: 1473410421 743990360
t_num: 26 finish: 1473410422 960628641 start: 1473410421 741584883
t_num: 5 finish: 1473410423 44984708 start: 1473410421 981768790
t_num: 13 finish: 1473410423 130077861 start: 1473410421 508456735
t_num: 18 finish: 1473410423 153733954 start: 1473410420 914340818
t_num: 20 finish: 1473410423 171176020 start: 1473410421 508411461
t_num: 11 finish: 1473410423 346030439 start: 1473410422 340378346
t_num: 8 finish: 1473410423 414137530 start: 1473410422 524367561
t_num: 6 finish: 1473410423 593376349 start: 1473410422 340041553
t_num: 17 finish: 1473410423 803280571 start: 1473410422 657861190
t_num: 21 finish: 1473410423 941391913 start: 1473410420 699878246
t_num: 27 finish: 1473410424 6073554 start: 1473410420 238123502
t_num: 15 finish: 1473410424 6140910 start: 1473410422 54032642
t_num: 1 finish: 1473410424 322104480 start: 1473410422 960609267
t_num: 12 finish: 1473410424 357329057 start: 1473410422 524146663
t_num: 29 finish: 1473410424 557566508 start: 1473410422 960438748
t_num: 26 finish: 1473410424 641576459 start: 1473410422 960650157
t_num: 19 finish: 1473410424 820327060 start: 1473410422 722116987
t_num: 6 finish: 1473410425 368397384 start: 1473410423 593449897
t_num: 24 finish: 1473410425 372501535 start: 1473410424 275763138
t_num: 5 finish: 1473410425 492455175 start: 1473410424 275171292
t_num: 27 finish: 1473410425 529850658 start: 1473410424 6099862
t_num: 0 finish: 1473410425 570400419 start: 1473410422 898611224
t_num: 25 finish: 1473410425 758093202 start: 1473410424 275779994
t_num: 8 finish: 1473410425 774502301 start: 1473410424 511133480
t_num: 18 finish: 1473410425 985202211 start: 1473410423 963685845
t_num: 31 finish: 1473410426 255578236 start: 1473410424 641594309
t_num: 7 finish: 1473410426 258270248 start: 1473410425 280181622
t_num: 12 finish: 1473410426 351088093 start: 1473410424 357354595
t_num: 1 finish: 1473410426 359339739 start: 1473410425 25667912
t_num: 20 finish: 1473410426 360240188 start: 1473410424 275757741
t_num: 13 finish: 1473410426 677999290 start: 1473410424 482154603
t_num: 21 finish: 1473410426 771252504 start: 1473410423 941431735
t_num: 3 finish: 1473410427 91665038 start: 1473410423 939544598
t_num: 28 finish: 1473410427 92081298 start: 1473410425 429589221
t_num: 0 finish: 1473410427 305357847 start: 1473410425 570423556
t_num: 11 finish: 1473410427 393475234 start: 1473410426 216078361
t_num: 18 finish: 1473410427 396666682 start: 1473410425 985245192
t_num: 6 finish: 1473410427 505263423 start: 1473410426 263598088
t_num: 25 finish: 1473410427 528620187 start: 1473410425 758131896
t_num: 5 finish: 1473410427 704403725 start: 1473410425 492487705
t_num: 27 finish: 1473410427 856190805 start: 1473410425 529888736
t_num: 19 finish: 1473410427 942410282 start: 1473410426 455632009
t_num: 23 finish: 1473410428 334138023 start: 1473410425 529859665
t_num: 26 finish: 1473410428 367997165 start: 1473410426 994221177
t_num: 24 finish: 1473410428 474998907 start: 1473410426 211406298
t_num: 1 finish: 1473410428 703315154 start: 1473410426 843639234
t_num: 20 finish: 1473410428 764478542 start: 1473410426 360257030
t_num: 19 finish: 1473410428 764486040 start: 1473410427 942449815
t_num: 3 finish: 1473410428 765269623 start: 1473410427 91724122
t_num: 31 finish: 1473410428 878296561 start: 1473410426 694947537
t_num: 7 finish: 1473410428 966463244 start: 1473410426 690525430
t_num: 13 finish: 1473410429 99534366 start: 1473410426 680222107
t_num: 11 finish: 1473410429 291242854 start: 1473410428 49507655
t_num: 6 finish: 1473410429 583521663 start: 1473410427 505294231
t_num: 14 finish: 1473410429 703864996 start: 1473410427 366567512
t_num: 0 finish: 1473410429 925297437 start: 1473410427 866428014
t_num: 27 finish: 1473410429 925300863 start: 1473410427 856234669
t_num: 5 finish: 1473410430 173047105 start: 1473410428 301593322
t_num: 24 finish: 1473410430 460409706 start: 1473410428 475035244
t_num: 22 finish: 1473410430 632111114 start: 1473410429 486900789
t_num: 3 finish: 1473410430 906932205 start: 1473410428 765289609
t_num: 1 finish: 1473410430 995535732 start: 1473410428 703340857
t_num: 21 finish: 1473410431 65772130 start: 1473410429 860433165
t_num: 23 finish: 1473410431 460605237 start: 1473410429 703416660
t_num: 26 finish: 1473410431 502310379 start: 1473410429 860498363
t_num: 16 finish: 1473410431 637610263 start: 1473410428 966438604
t_num: 10 finish: 1473410431 699144253 start: 1473410429 703192182
t_num: 18 finish: 1473410431 699150778 start: 1473410429 703476390
t_num: 12 finish: 1473410431 963383403 start: 1473410429 223940173
t_num: 19 finish: 1473410432 8959357 start: 1473410428 764560211
t_num: 31 finish: 1473410432 148022703 start: 1473410429 703811752
t_num: 7 finish: 1473410432 277653558 start: 1473410430 552929283
t_num: 21 finish: 1473410432 325827842 start: 1473410431 65828163
t_num: 16 finish: 1473410432 570826805 start: 1473410431 637647806
t_num: 8 finish: 1473410432 834864323 start: 1473410429 806822531
t_num: 1 finish: 1473410432 903273548 start: 1473410430 995573089
t_num: 11 finish: 1473410433 40382868 start: 1473410430 375169708
t_num: 2 finish: 1473410433 133595165 start: 1473410431 336083532
t_num: 10 finish: 1473410433 255145663 start: 1473410431 699167238
t_num: 9 finish: 1473410433 255232992 start: 1473410430 427367769
t_num: 19 finish: 1473410433 435456206 start: 1473410432 9031500
t_num: 14 finish: 1473410433 710101113 start: 1473410432 149248292
t_num: 3 finish: 1473410433 752665271 start: 1473410431 502319216
t_num: 26 finish: 1473410433 811589753 start: 1473410432 303491770
t_num: 20 finish: 1473410433 929680739 start: 1473410430 518365153
t_num: 23 finish: 1473410433 953034039 start: 1473410431 460649578
t_num: 17 finish: 1473410434 46241264 start: 1473410430 943150116
t_num: 12 finish: 1473410434 245201347 start: 1473410431 963422282
t_num: 8 finish: 1473410434 248161930 start: 1473410432 834898718
t_num: 16 finish: 1473410434 311312201 start: 1473410432 570906801
t_num: 24 finish: 1473410434 311334641 start: 1473410432 326164261
t_num: 15 finish: 1473410434 351704268 start: 1473410432 230519952
t_num: 2 finish: 1473410434 351767274 start: 1473410433 133623046
t_num: 1 finish: 1473410435 117910715 start: 1473410432 903297059
t_num: 3 finish: 1473410435 195132222 start: 1473410433 752688245
t_num: 18 finish: 1473410435 224872978 start: 1473410432 792872743
t_num: 10 finish: 1473410435 280993215 start: 1473410433 255198338
t_num: 5 finish: 1473410435 605535080 start: 1473410433 710175825
t_num: 11 finish: 1473410435 803630209 start: 1473410433 710134580
t_num: 2 finish: 1473410435 835400385 start: 1473410434 351781417
t_num: 16 finish: 1473410436 23101901 start: 1473410434 311336792
t_num: 30 finish: 1473410436 104780363 start: 1473410433 475851127
t_num: 0 finish: 1473410436 170359311 start: 1473410433 504580051
t_num: 14 finish: 1473410436 197411964 start: 1473410434 250949598
t_num: 8 finish: 1473410436 475985973 start: 1473410434 969126258
t_num: 21 finish: 1473410436 812864846 start: 1473410433 811607615
t_num: 3 finish: 1473410436 813782353 start: 1473410435 195183224
t_num: 17 finish: 1473410437 61755033 start: 1473410434 46265504
t_num: 2 finish: 1473410437 98038052 start: 1473410435 835434895
t_num: 5 finish: 1473410437 98826089 start: 1473410435 605559672
t_num: 24 finish: 1473410437 99482956 start: 1473410434 311349531
t_num: 26 finish: 1473410437 134178296 start: 1473410433 976754925
t_num: 28 finish: 1473410437 147982939 start: 1473410435 224940427
t_num: 23 finish: 1473410437 174270322 start: 1473410435 836412966
t_num: 11 finish: 1473410437 227205309 start: 1473410435 803668352
t_num: 9 finish: 1473410437 229328911 start: 1473410434 930531986
t_num: 18 finish: 1473410437 266411239 start: 1473410435 957288310
t_num: 12 finish: 1473410437 294843670 start: 1473410435 120389286
t_num: 10 finish: 1473410437 588837887 start: 1473410436 19281354
t_num: 14 finish: 1473410437 758406144 start: 1473410436 197440984
t_num: 1 finish: 1473410437 776269161 start: 1473410436 539005518
t_num: 8 finish: 1473410438 45809419 start: 1473410436 476021197
t_num: 2 finish: 1473410438 70094918 start: 1473410437 98059741
t_num: 28 finish: 1473410438 180094974 start: 1473410437 148007218
t_num: 6 finish: 1473410438 368446545 start: 1473410436 709945030
t_num: 30 finish: 1473410438 369271314 start: 1473410436 917767774
t_num: 18 finish: 1473410438 424465524 start: 1473410437 266433978
t_num: 17 finish: 1473410438 424465529 start: 1473410437 61793000
t_num: 26 finish: 1473410438 513585619 start: 1473410437 134199845
t_num: 27 finish: 1473410438 576317276 start: 1473410437 133979606
t_num: 24 finish: 1473410438 768729406 start: 1473410437 99504784
t_num: 9 finish: 1473410439 203114185 start: 1473410437 229351204
t_num: 16 finish: 1473410439 252884268 start: 1473410438 104249057
t_num: 3 finish: 1473410439 252905893 start: 1473410438 48931158
t_num: 23 finish: 1473410439 589655113 start: 1473410437 548588906
t_num: 18 finish: 1473410439 617896704 start: 1473410438 424498095
t_num: 21 finish: 1473410439 617896705 start: 1473410438 296749043
t_num: 17 finish: 1473410439 735616113 start: 1473410438 424534188
t_num: 10 finish: 1473410439 801930200 start: 1473410437 588873613
t_num: 2 finish: 1473410439 835031702 start: 1473410438 70131281
t_num: 14 finish: 1473410440 143940031 start: 1473410438 872500709
t_num: 8 finish: 1473410440 294044150 start: 1473410438 329659361
t_num: 20 finish: 1473410440 345932206 start: 1473410438 218102033
t_num: 3 finish: 1473410440 423512366 start: 1473410439 252946020
t_num: 1 finish: 1473410440 775564325 start: 1473410438 723023247
t_num: 19 finish: 1473410440 832440926 start: 1473410437 857528236
t_num: 0 finish: 1473410440 832680075 start: 1473410437 858429383
t_num: 9 finish: 1473410441 77629495 start: 1473410439 330200922
t_num: 11 finish: 1473410441 88927914 start: 1473410438 768749167
t_num: 7 finish: 1473410441 287627051 start: 1473410439 39084939
t_num: 16 finish: 1473410441 774726773 start: 1473410439 660074557
t_num: 2 finish: 1473410441 809185437 start: 1473410439 835055837
t_num: 13 finish: 1473410441 833377497 start: 1473410439 253314761
t_num: 21 finish: 1473410441 857078738 start: 1473410440 390215596
t_num: 20 finish: 1473410442 317656658 start: 1473410440 345952270
t_num: 24 finish: 1473410442 370121073 start: 1473410440 516741484
t_num: 23 finish: 1473410442 370919881 start: 1473410440 191699709
t_num: 18 finish: 1473410442 396282891 start: 1473410439 617935180
t_num: 22 finish: 1473410442 396286530 start: 1473410440 316659644
t_num: 14 finish: 1473410442 418125018 start: 1473410440 143982213
t_num: 31 finish: 1473410442 495760731 start: 1473410441 892753033
t_num: 15 finish: 1473410442 567511244 start: 1473410441 902453359
t_num: 5 finish: 1473410442 600258458 start: 1473410440 683607207
t_num: 16 finish: 1473410442 680177631 start: 1473410441 774767832
t_num: 2 finish: 1473410442 697936290 start: 1473410441 809253866
t_num: 3 finish: 1473410442 704585746 start: 1473410441 447048127
t_num: 6 finish: 1473410442 955547542 start: 1473410441 658224702
t_num: 13 finish: 1473410443 209061401 start: 1473410441 833396150
t_num: 8 finish: 1473410443 251895939 start: 1473410441 868593236
t_num: 17 finish: 1473410443 300773081 start: 1473410442 371093919
t_num: 19 finish: 1473410443 507875634 start: 1473410440 832472661
t_num: 31 finish: 1473410443 843643292 start: 1473410442 495781090
t_num: 21 finish: 1473410444 307497582 start: 1473410442 396344750
t_num: 18 finish: 1473410444 310630319 start: 1473410442 396453924
t_num: 20 finish: 1473410444 475023140 start: 1473410443 441793257
t_num: 2 finish: 1473410444 607314917 start: 1473410442 697962877
t_num: 1 finish: 1473410444 607365624 start: 1473410443 659731201
t_num: 19 finish: 1473410444 657104793 start: 1473410443 507921261
t_num: 3 finish: 1473410444 678625262 start: 1473410442 704601211
t_num: 28 finish: 1473410444 724006206 start: 1473410442 396591881
t_num: 24 finish: 1473410445 178265508 start: 1473410442 979485122
t_num: 8 finish: 1473410445 213201216 start: 1473410443 660496319
t_num: 17 finish: 1473410445 345329998 start: 1473410443 300793309
t_num: 16 finish: 1473410445 565436671 start: 1473410442 680212682
t_num: 14 finish: 1473410445 611029470 start: 1473410443 626620381
t_num: 9 finish: 1473410445 611649861 start: 1473410443 547937369
t_num: 23 finish: 1473410445 611679292 start: 1473410444 647886152
t_num: 4 finish: 1473410445 800493022 start: 1473410443 918350918
t_num: 31 finish: 1473410445 860860653 start: 1473410443 843690676
t_num: 11 finish: 1473410445 952791149 start: 1473410443 547999704
t_num: 21 finish: 1473410446 180345611 start: 1473410444 649400077
t_num: 28 finish: 1473410446 479484988 start: 1473410444 724023177
t_num: 1 finish: 1473410446 514533813 start: 1473410444 607384894
t_num: 24 finish: 1473410446 637897648 start: 1473410445 178299705
t_num: 19 finish: 1473410446 817019912 start: 1473410445 306393181
t_num: 25 finish: 1473410446 860346412 start: 1473410445 491184141
t_num: 6 finish: 1473410446 883996775 start: 1473410444 678871730
t_num: 3 finish: 1473410447 135773504 start: 1473410444 678645935
t_num: 8 finish: 1473410447 136500586 start: 1473410446 391014325
t_num: 4 finish: 1473410447 238242351 start: 1473410445 800555120
t_num: 18 finish: 1473410447 521935613 start: 1473410446 391041606
t_num: 21 finish: 1473410447 544497621 start: 1473410446 180374911
t_num: 2 finish: 1473410447 594936863 start: 1473410445 411633089
t_num: 7 finish: 1473410447 770659833 start: 1473410444 823997587
t_num: 20 finish: 1473410447 798955211 start: 1473410444 715166314
t_num: 11 finish: 1473410447 854609105 start: 1473410445 952850183
t_num: 16 finish: 1473410448 12847077 start: 1473410446 479642215
t_num: 28 finish: 1473410448 12938937 start: 1473410446 677769236
t_num: 9 finish: 1473410448 215826694 start: 1473410446 128938399
t_num: 22 finish: 1473410448 564062294 start: 1473410447 544984185
t_num: 8 finish: 1473410448 621894216 start: 1473410447 136521074
t_num: 26 finish: 1473410448 666460006 start: 1473410447 135145947
t_num: 14 finish: 1473410449 511256 start: 1473410446 514566788
t_num: 1 finish: 1473410449 516384 start: 1473410446 884052234
t_num: 4 finish: 1473410449 82301626 start: 1473410447 238276462
t_num: 17 finish: 1473410449 241201988 start: 1473410445 800871700
t_num: 27 finish: 1473410449 288066867 start: 1473410447 515559101
t_num: 10 finish: 1473410449 333870928 start: 1473410448 156400096
t_num: 19 finish: 1473410449 555188109 start: 1473410448 531841160
t_num: 20 finish: 1473410449 560218062 start: 1473410447 798997380
t_num: 21 finish: 1473410449 665168935 start: 1473410447 544522275
t_num: 3 finish: 1473410449 733889871 start: 1473410448 718214752
t_num: 8 finish: 1473410449 868764160 start: 1473410448 621931689
t_num: 1 finish: 1473410449 903497988 start: 1473410449 568169
t_num: 2 finish: 1473410449 903645938 start: 1473410448 14638901
t_num: 11 finish: 1473410449 994976689 start: 1473410447 854642755
t_num: 9 finish: 1473410449 995055806 start: 1473410448 215870710
t_num: 5 finish: 1473410449 995126369 start: 1473410448 718163358
t_num: 26 finish: 1473410450 77643170 start: 1473410448 666497406
t_num: 18 finish: 1473410450 243351338 start: 1473410447 521965155
t_num: 17 finish: 1473410450 330006800 start: 1473410449 241238810
t_num: 8 finish: 1473410450 709424554 start: 1473410449 868803985
t_num: 7 finish: 1473410450 809636195 start: 1473410449 217558701
t_num: 2 finish: 1473410450 869984666 start: 1473410449 903665619
t_num: 5 finish: 1473410450 986077159 start: 1473410449 995151905
t_num: 3 finish: 1473410451 38465839 start: 1473410449 733911930
t_num: 9 finish: 1473410451 244615580 start: 1473410449 995091275
t_num: 28 finish: 1473410451 333181069 start: 1473410449 794339552
t_num: 21 finish: 1473410451 541706143 start: 1473410449 665229370
t_num: 26 finish: 1473410451 587155932 start: 1473410450 77663287
t_num: 12 finish: 1473410451 587202940 start: 1473410449 995198848
t_num: 15 finish: 1473410451 668128860 start: 1473410450 626862497
t_num: 8 finish: 1473410451 718817154 start: 1473410450 709456245
t_num: 4 finish: 1473410451 757911007 start: 1473410449 903575003
t_num: 11 finish: 1473410451 903438402 start: 1473410450 659694441
t_num: 1 finish: 1473410452 53834801 start: 1473410450 991309515
t_num: 25 finish: 1473410452 321312595 start: 1473410450 705412136
t_num: 18 finish: 1473410452 398897413 start: 1473410451 22495035
t_num: 9 finish: 1473410452 398900298 start: 1473410451 588303340
t_num: 10 finish: 1473410452 553874957 start: 1473410450 629623777
t_num: 28 finish: 1473410452 792590830 start: 1473410451 333205455
t_num: 2 finish: 1473410452 815734788 start: 1473410450 870035745
t_num: 3 finish: 1473410452 815788765 start: 1473410451 38487519
t_num: 11 finish: 1473410453 131502758 start: 1473410451 903465014
t_num: 27 finish: 1473410453 351006042 start: 1473410451 588348182
t_num: 1 finish: 1473410453 352356169 start: 1473410452 53870925
t_num: 21 finish: 1473410453 352894073 start: 1473410451 541743310
t_num: 20 finish: 1473410453 647679486 start: 1473410451 759740943
t_num: 25 finish: 1473410453 649937204 start: 1473410452 321339079
t_num: 26 finish: 1473410453 659739786 start: 1473410451 604686599
t_num: 29 finish: 1473410453 842172960 start: 1473410452 815695583
t_num: 4 finish: 1473410453 912742619 start: 1473410451 757934630
t_num: 13 finish: 1473410454 196459875 start: 1473410452 321252824
t_num: 9 finish: 1473410454 196485121 start: 1473410452 398981802
t_num: 28 finish: 1473410454 269982840 start: 1473410453 285528772
t_num: 8 finish: 1473410454 281075946 start: 1473410452 609434387
t_num: 0 finish: 1473410454 333162134 start: 1473410452 733228427
t_num: 26 finish: 1473410454 492809584 start: 1473410453 659759147
t_num: 2 finish: 1473410454 704918271 start: 1473410452 815752188
t_num: 10 finish: 1473410454 708234485 start: 1473410452 553911803
t_num: 5 finish: 1473410454 742438840 start: 1473410452 893192166
t_num: 31 finish: 1473410454 811284326 start: 1473410452 53762320
t_num: 29 finish: 1473410454 811409809 start: 1473410453 842195589
t_num: 3 finish: 1473410454 811579052 start: 1473410453 714642569
t_num: 8 finish: 1473410454 909154125 start: 1473410454 281095896
t_num: 21 finish: 1473410454 978372102 start: 1473410453 352912439
t_num: 9 finish: 1473410455 321240638 start: 1473410454 280076207
t_num: 13 finish: 1473410455 721955796 start: 1473410454 318546569
t_num: 11 finish: 1473410456 73899891 start: 1473410453 841765132
t_num: 18 finish: 1473410456 73918812 start: 1473410453 659675001
t_num: 4 finish: 1473410456 286448932 start: 1473410453 912766112
t_num: 8 finish: 1473410456 337585958 start: 1473410454 909180932
t_num: 12 finish: 1473410456 399114866 start: 1473410454 170215969
t_num: 26 finish: 1473410456 514014851 start: 1473410454 492854858
t_num: 0 finish: 1473410456 579534075 start: 1473410454 333186016
t_num: 3 finish: 1473410456 754093567 start: 1473410454 811597558
t_num: 10 finish: 1473410456 896878415 start: 1473410454 708255155
t_num: 31 finish: 1473410456 979161361 start: 1473410455 847293742
t_num: 24 finish: 1473410457 153802272 start: 1473410454 384026344
t_num: 5 finish: 1473410457 154864284 start: 1473410455 548433625
t_num: 16 finish: 1473410457 206177164 start: 1473410455 490249136
t_num: 18 finish: 1473410457 484710521 start: 1473410456 73984985
t_num: 20 finish: 1473410457 650934135 start: 1473410455 651063139
t_num: 6 finish: 1473410457 650938906 start: 1473410456 203046573
t_num: 13 finish: 1473410457 890959698 start: 1473410456 82538599
t_num: 9 finish: 1473410457 893293700 start: 1473410456 73107247
t_num: 8 finish: 1473410457 933044292 start: 1473410456 337617915
t_num: 25 finish: 1473410458 210301932 start: 1473410456 992238819
t_num: 14 finish: 1473410458 334970306 start: 1473410457 275162633
t_num: 3 finish: 1473410458 419480312 start: 1473410456 754122466
t_num: 26 finish: 1473410458 419482452 start: 1473410456 514058451
t_num: 15 finish: 1473410458 644839780 start: 1473410456 564149412
t_num: 16 finish: 1473410458 855769513 start: 1473410457 206201520
t_num: 21 finish: 1473410459 276403450 start: 1473410456 516888809
t_num: 20 finish: 1473410459 467865387 start: 1473410457 650969142
t_num: 0 finish: 1473410459 601139797 start: 1473410457 115146507
t_num: 11 finish: 1473410459 607900752 start: 1473410457 705992963
t_num: 4 finish: 1473410459 832524972 start: 1473410457 205370269
t_num: 13 finish: 1473410459 897954316 start: 1473410457 890991214
t_num: 31 finish: 1473410460 252448832 start: 1473410458 271435725
t_num: 19 finish: 1473410460 609284965 start: 1473410457 404949489
t_num: 16 finish: 1473410460 610501514 start: 1473410458 855787992
t_num: 25 finish: 1473410460 654867543 start: 1473410458 376109758
t_num: 29 finish: 1473410460 863944052 start: 1473410459 430571361
t_num: 21 finish: 1473410460 985633923 start: 1473410459 276440402
t_num: 20 finish: 1473410461 298492269 start: 1473410459 467888387
t_num: 14 finish: 1473410461 445970682 start: 1473410459 607884434
t_num: 3 finish: 1473410461 478470112 start: 1473410458 419508046
t_num: 26 finish: 1473410461 524327974 start: 1473410458 419513669
t_num: 0 finish: 1473410461 630162376 start: 1473410459 601162891
t_num: 5 finish: 1473410461 755539452 start: 1473410459 607740514
t_num: 7 finish: 1473410461 825628759 start: 1473410460 554028742
t_num: 4 finish: 1473410462 198583788 start: 1473410460 334937807
t_num: 11 finish: 1473410462 200318681 start: 1473410460 552647419
t_num: 2 finish: 1473410462 200327541 start: 1473410460 323108948
t_num: 22 finish: 1473410462 200362284 start: 1473410460 453399117
t_num: 24 finish: 1473410462 200386200 start: 1473410461 444262837
t_num: 1 finish: 1473410462 231250698 start: 1473410460 453383329
t_num: 21 finish: 1473410462 233236234 start: 1473410460 985683462
t_num: 13 finish: 1473410462 446047467 start: 1473410461 317589841
t_num: 25 finish: 1473410462 637582320 start: 1473410460 654906581
t_num: 17 finish: 1473410462 684443505 start: 1473410460 393946413
t_num: 15 finish: 1473410462 684547708 start: 1473410461 160160511
t_num: 18 finish: 1473410462 713607787 start: 1473410461 275386981
t_num: 31 finish: 1473410462 716464094 start: 1473410460 252473885
t_num: 19 finish: 1473410463 665542050 start: 1473410461 22735916
t_num: 26 finish: 1473410463 669162045 start: 1473410461 524359502
t_num: 20 finish: 1473410463 858148280 start: 1473410461 980918571
t_num: 15 finish: 1473410463 858508148 start: 1473410462 684567023
t_num: 22 finish: 1473410464 82428765 start: 1473410463 308773387
t_num: 24 finish: 1473410464 398121160 start: 1473410462 200402506
t_num: 21 finish: 1473410464 457432915 start: 1473410462 233256453
t_num: 16 finish: 1473410464 457434507 start: 1473410462 713693292
t_num: 11 finish: 1473410464 529312362 start: 1473410462 200339695
t_num: 5 finish: 1473410464 609525261 start: 1473410461 755570549
t_num: 2 finish: 1473410464 701441997 start: 1473410462 200345042
t_num: 28 finish: 1473410464 702043044 start: 1473410463 831259202
t_num: 27 finish: 1473410465 11243366 start: 1473410463 716099713
t_num: 30 finish: 1473410465 69972078 start: 1473410462 226295811
t_num: 25 finish: 1473410465 563568708 start: 1473410462 637620528
t_num: 0 finish: 1473410465 612881817 start: 1473410462 288857883
t_num: 3 finish: 1473410465 651890824 start: 1473410463 716072043
t_num: 23 finish: 1473410466 48293671 start: 1473410463 7220663
t_num: 28 finish: 1473410466 142488041 start: 1473410464 702062636
t_num: 18 finish: 1473410466 442503055 start: 1473410463 772655941
t_num: 27 finish: 1473410466 442564768 start: 1473410465 11270189
t_num: 15 finish: 1473410466 443377876 start: 1473410464 734939689
t_num: 5 finish: 1473410466 443616521 start: 1473410465 20250509
t_num: 21 finish: 1473410466 464959809 start: 1473410464 457478734
t_num: 1 finish: 1473410466 506270909 start: 1473410464 581532582
t_num: 22 finish: 1473410466 532393002 start: 1473410464 82480568
t_num: 11 finish: 1473410466 774812347 start: 1473410464 529342379
t_num: 16 finish: 1473410466 795499505 start: 1473410465 612901386
t_num: 24 finish: 1473410466 825057142 start: 1473410464 398157491
t_num: 17 finish: 1473410466 898283860 start: 1473410465 847164612
t_num: 3 finish: 1473410467 685909925 start: 1473410465 651911154
t_num: 12 finish: 1473410467 689186215 start: 1473410465 613164791
t_num: 2 finish: 1473410467 698336858 start: 1473410464 701475599
t_num: 31 finish: 1473410467 746166121 start: 1473410465 612955051
t_num: 21 finish: 1473410467 799982920 start: 1473410466 532453038
t_num: 20 finish: 1473410467 816530159 start: 1473410464 579300561
t_num: 14 finish: 1473410467 873724680 start: 1473410466 45129267
t_num: 4 finish: 1473410467 883587896 start: 1473410466 47072243
t_num: 28 finish: 1473410467 967736611 start: 1473410466 142514931
t_num: 26 finish: 1473410468 61219284 start: 1473410466 355713287
t_num: 0 finish: 1473410468 202901384 start: 1473410466 201062355
t_num: 5 finish: 1473410468 408540096 start: 1473410466 953832414
t_num: 31 finish: 1473410468 470407581 start: 1473410467 746192579
t_num: 11 finish: 1473410468 511610682 start: 1473410467 680849541
t_num: 16 finish: 1473410468 666976794 start: 1473410466 795524151
t_num: 8 finish: 1473410468 667863836 start: 1473410466 555898403
t_num: 10 finish: 1473410468 899149095 start: 1473410466 535548357
t_num: 20 finish: 1473410469 26011519 start: 1473410467 816567453
t_num: 27 finish: 1473410469 313694568 start: 1473410466 442580524
t_num: 15 finish: 1473410469 328694370 start: 1473410466 443400244
t_num: 17 finish: 1473410469 700434201 start: 1473410466 898330539
t_num: 24 finish: 1473410469 797596111 start: 1473410467 872663514
t_num: 3 finish: 1473410469 930823625 start: 1473410467 925983027
t_num: 29 finish: 1473410469 932003700 start: 1473410467 677040143
t_num: 11 finish: 1473410469 932035451 start: 1473410468 511653979
t_num: 26 finish: 1473410469 975668492 start: 1473410468 61254430
t_num: 2 finish: 1473410470 88624297 start: 1473410468 349933104
t_num: 8 finish: 1473410470 262203583 start: 1473410468 667885003
t_num: 31 finish: 1473410470 507676600 start: 1473410468 470467793
t_num: 25 finish: 1473410470 565996006 start: 1473410469 26696409
t_num: 1 finish: 1473410470 566005393 start: 1473410468 607831925
t_num: 7 finish: 1473410470 868973581 start: 1473410469 745572717
t_num: 29 finish: 1473410470 966625057 start: 1473410469 932023881
t_num: 20 finish: 1473410471 57087174 start: 1473410469 26093426
t_num: 17 finish: 1473410471 167997213 start: 1473410469 700476680
t_num: 22 finish: 1473410471 259603493 start: 1473410469 593129843
t_num: 0 finish: 1473410471 367990704 start: 1473410469 425378644
t_num: 9 finish: 1473410471 681100255 start: 1473410469 427199196
t_num: 10 finish: 1473410471 681960263 start: 1473410469 451614383
t_num: 25 finish: 1473410472 385969628 start: 1473410470 566054652
t_num: 16 finish: 1473410472 392591091 start: 1473410470 224931429
t_num: 8 finish: 1473410472 594059027 start: 1473410470 262240329
t_num: 2 finish: 1473410472 688656857 start: 1473410470 88664097
t_num: 22 finish: 1473410472 690870156 start: 1473410471 259685031
t_num: 15 finish: 1473410472 750785720 start: 1473410470 868998851
t_num: 11 finish: 1473410472 846867735 start: 1473410470 385076845
t_num: 18 finish: 1473410472 890129749 start: 1473410470 869038096
t_num: 17 finish: 1473410473 89541751 start: 1473410471 168039234
t_num: 1 finish: 1473410473 138036853 start: 1473410471 838499199
t_num: 10 finish: 1473410473 138641311 start: 1473410472 634783005
t_num: 14 finish: 1473410473 508086417 start: 1473410472 481384114
t_num: 29 finish: 1473410473 607760287 start: 1473410470 966670638
t_num: 7 finish: 1473410473 805115953 start: 1473410471 838759551
t_num: 31 finish: 1473410473 836486386 start: 1473410470 507705380
t_num: 26 finish: 1473410473 877437031 start: 1473410471 838309305
t_num: 20 finish: 1473410473 973047327 start: 1473410471 57121193
t_num: 13 finish: 1473410474 11904704 start: 1473410472 239073034
t_num: 19 finish: 1473410474 22248552 start: 1473410472 689935516
t_num: 9 finish: 1473410474 190879751 start: 1473410471 681144219
t_num: 16 finish: 1473410474 683361774 start: 1473410472 392622368
t_num: 5 finish: 1473410474 724826038 start: 1473410472 690894144
t_num: 26 finish: 1473410474 815000724 start: 1473410473 877460511
t_num: 22 finish: 1473410474 876109511 start: 1473410472 690908191
t_num: 29 finish: 1473410475 213481725 start: 1473410473 607786411
t_num: 21 finish: 1473410475 322021363 start: 1473410472 798553701
t_num: 30 finish: 1473410475 515285487 start: 1473410473 136659296
t_num: 1 finish: 1473410475 557329649 start: 1473410473 138064389
t_num: 5 finish: 1473410475 805303048 start: 1473410474 724856812
t_num: 18 finish: 1473410475 805886872 start: 1473410473 607743305
t_num: 3 finish: 1473410476 286779909 start: 1473410474 301849831
t_num: 20 finish: 1473410476 375433913 start: 1473410473 973077275
t_num: 8 finish: 1473410476 475244025 start: 1473410473 708541400
t_num: 9 finish: 1473410476 628498375 start: 1473410474 190918647
t_num: 7 finish: 1473410476 810838273 start: 1473410474 159191438
t_num: 17 finish: 1473410476 811410486 start: 1473410474 141770441
t_num: 29 finish: 1473410476 997307242 start: 1473410475 213555825
t_num: 26 finish: 1473410477 30540458 start: 1473410474 815028372
t_num: 15 finish: 1473410477 684024646 start: 1473410475 213505420
t_num: 1 finish: 1473410477 750608234 start: 1473410475 557353788
t_num: 13 finish: 1473410477 750623987 start: 1473410474 11930309
t_num: 2 finish: 1473410477 827382902 start: 1473410474 788116304
t_num: 5 finish: 1473410477 934067996 start: 1473410475 805340959
t_num: 20 finish: 1473410477 996695231 start: 1473410476 375469099
t_num: 16 finish: 1473410478 134879130 start: 1473410475 641546675
t_num: 14 finish: 1473410478 170955525 start: 1473410476 118742581
t_num: 19 finish: 1473410478 454016246 start: 1473410476 248030215
t_num: 9 finish: 1473410478 564593496 start: 1473410476 628526290
t_num: 12 finish: 1473410478 610716039 start: 1473410476 699591867
t_num: 7 finish: 1473410478 852385695 start: 1473410476 810893229
t_num: 8 finish: 1473410478 925855453 start: 1473410477 157125292
t_num: 29 finish: 1473410479 30660816 start: 1473410476 997330538
t_num: 13 finish: 1473410479 166300251 start: 1473410477 750677756
t_num: 17 finish: 1473410479 217914796 start: 1473410476 811427033
t_num: 4 finish: 1473410479 239758545 start: 1473410477 512414365
t_num: 23 finish: 1473410479 482912498 start: 1473410476 698987735
t_num: 12 finish: 1473410479 483399130 start: 1473410478 610739103
t_num: 19 finish: 1473410479 530814939 start: 1473410478 454059967
t_num: 5 finish: 1473410479 722675240 start: 1473410478 735907030
t_num: 9 finish: 1473410479 750200166 start: 1473410479 30673347
t_num: 20 finish: 1473410479 871650496 start: 1473410477 996722351
t_num: 15 finish: 1473410480 37342931 start: 1473410477 684086335
t_num: 3 finish: 1473410480 48006561 start: 1473410477 157154761
t_num: 16 finish: 1473410480 82729886 start: 1473410478 134922233
t_num: 30 finish: 1473410480 106831714 start: 1473410477 996408643
t_num: 7 finish: 1473410480 234741570 start: 1473410478 852423703
t_num: 27 finish: 1473410480 380114424 start: 1473410479 482658053
t_num: 12 finish: 1473410480 715678950 start: 1473410479 483418552
t_num: 29 finish: 1473410480 715697189 start: 1473410479 30681739
t_num: 0 finish: 1473410480 775390958 start: 1473410478 787423591
t_num: 19 finish: 1473410481 58501248 start: 1473410479 751479415
t_num: 22 finish: 1473410481 66064324 start: 1473410479 673513431
t_num: 31 finish: 1473410481 74459096 start: 1473410479 294794607
t_num: 13 finish: 1473410481 83160011 start: 1473410479 166327077
t_num: 14 finish: 1473410481 94931511 start: 1473410478 937969908
t_num: 20 finish: 1473410481 118671884 start: 1473410479 871693765
t_num: 4 finish: 1473410481 530729197 start: 1473410479 751169403
t_num: 24 finish: 1473410481 784363039 start: 1473410479 140542359
t_num: 5 finish: 1473410481 823395475 start: 1473410479 722708988
t_num: 29 finish: 1473410481 823513188 start: 1473410480 715734893
t_num: 8 finish: 1473410481 921398608 start: 1473410479 380211629
t_num: 16 finish: 1473410481 990773441 start: 1473410480 684378593
t_num: 9 finish: 1473410482 663733648 start: 1473410480 615404452
t_num: 2 finish: 1473410482 665442487 start: 1473410481 75172111
t_num: 15 finish: 1473410482 799110933 start: 1473410480 280602930
t_num: 0 finish: 1473410483 96628507 start: 1473410480 775437580
t_num: 24 finish: 1473410483 157084062 start: 1473410481 784406753
t_num: 19 finish: 1473410483 157960562 start: 1473410481 530769475
t_num: 23 finish: 1473410483 158098695 start: 1473410480 314354305
t_num: 14 finish: 1473410483 227503691 start: 1473410481 94974892
t_num: 4 finish: 1473410483 259481939 start: 1473410481 530756304
t_num: 27 finish: 1473410483 520079278 start: 1473410481 374908653
t_num: 3 finish: 1473410483 546943890 start: 1473410481 374638511
t_num: 25 finish: 1473410483 638038183 start: 1473410481 345459687
t_num: 11 finish: 1473410483 715293952 start: 1473410482 312542631
t_num: 31 finish: 1473410483 774129491 start: 1473410482 264599357
t_num: 9 finish: 1473410483 806220022 start: 1473410482 663774315
t_num: 16 finish: 1473410484 10670397 start: 1473410482 230287589
t_num: 7 finish: 1473410484 10779507 start: 1473410481 374663531
t_num: 22 finish: 1473410484 210517801 start: 1473410481 374393854
t_num: 31 finish: 1473410484 522982548 start: 1473410483 774153653
t_num: 24 finish: 1473410484 579259861 start: 1473410483 157123982
t_num: 15 finish: 1473410484 651596782 start: 1473410483 362559053
t_num: 27 finish: 1473410484 800678434 start: 1473410483 520107825
t_num: 2 finish: 1473410484 811016500 start: 1473410482 665462205
t_num: 1 finish: 1473410484 821924544 start: 1473410483 21121848
t_num: 3 finish: 1473410484 887123082 start: 1473410483 546981659
t_num: 23 finish: 1473410485 56400756 start: 1473410483 158118909
t_num: 4 finish: 1473410485 163832250 start: 1473410484 75007436
t_num: 11 finish: 1473410485 552222723 start: 1473410483 715322259
t_num: 16 finish: 1473410485 615081780 start: 1473410484 10701154
t_num: 0 finish: 1473410485 805450951 start: 1473410483 602441386
t_num: 9 finish: 1473410485 896725972 start: 1473410483 806251187
t_num: 25 finish: 1473410485 944140375 start: 1473410483 638067179
t_num: 15 finish: 1473410486 159359005 start: 1473410484 651631447
t_num: 18 finish: 1473410486 584198123 start: 1473410484 861928797
t_num: 7 finish: 1473410486 739112499 start: 1473410484 10813963
t_num: 24 finish: 1473410486 959287153 start: 1473410484 844148951
t_num: 30 finish: 1473410487 46256729 start: 1473410484 847926759
t_num: 16 finish: 1473410487 64891886 start: 1473410485 615108900
t_num: 31 finish: 1473410487 64959516 start: 1473410484 845508856
t_num: 1 finish: 1473410487 118354061 start: 1473410484 821946284
t_num: 9 finish: 1473410487 194330495 start: 1473410485 896761146
t_num: 11 finish: 1473410487 196931200 start: 1473410485 552256979
t_num: 14 finish: 1473410487 377443892 start: 1473410484 901586434
t_num: 25 finish: 1473410487 378469530 start: 1473410485 944163955
t_num: 19 finish: 1473410487 380340434 start: 1473410486 656915106
t_num: 4 finish: 1473410487 456427822 start: 1473410485 552519693
t_num: 10 finish: 1473410487 571242163 start: 1473410486 504115161
t_num: 2 finish: 1473410487 691206032 start: 1473410486 164245479
t_num: 27 finish: 1473410488 245694729 start: 1473410485 514362278
t_num: 7 finish: 1473410488 245722287 start: 1473410486 739148666
t_num: 0 finish: 1473410488 245694748 start: 1473410486 429312910
t_num: 19 finish: 1473410488 416731856 start: 1473410487 380360477
t_num: 15 finish: 1473410488 444261855 start: 1473410487 65105100
t_num: 30 finish: 1473410488 687820153 start: 1473410487 46310273
t_num: 9 finish: 1473410488 782974634 start: 1473410487 779249432
t_num: 23 finish: 1473410488 840058733 start: 1473410488 11684298
t_num: 4 finish: 1473410488 874146293 start: 1473410487 456472928
t_num: 1 finish: 1473410488 874429745 start: 1473410487 783414932
t_num: 25 finish: 1473410489 19977834 start: 1473410487 378490541
t_num: 31 finish: 1473410489 514612579 start: 1473410487 64976967
t_num: 26 finish: 1473410489 645515585 start: 1473410488 258665694
t_num: 14 finish: 1473410489 645609098 start: 1473410487 377477281
t_num: 24 finish: 1473410489 645699548 start: 1473410487 783371596
t_num: 0 finish: 1473410489 748208177 start: 1473410488 245763484
t_num: 19 finish: 1473410489 842258646 start: 1473410488 416759711
t_num: 15 finish: 1473410490 152399793 start: 1473410488 444283937
t_num: 11 finish: 1473410490 415315376 start: 1473410487 971936956
t_num: 28 finish: 1473410490 416104408 start: 1473410487 497939121
t_num: 9 finish: 1473410490 424321051 start: 1473410488 783005125
t_num: 7 finish: 1473410490 499027221 start: 1473410489 194710702
t_num: 19 finish: 1473410491 258963747 start: 1473410489 842286272
t_num: 27 finish: 1473410491 370065443 start: 1473410488 245726099
t_num: 24 finish: 1473410491 443770545 start: 1473410489 645716876
t_num: 23 finish: 1473410491 481522609 start: 1473410490 50261952
t_num: 25 finish: 1473410491 720743893 start: 1473410489 20002769
t_num: 8 finish: 1473410491 792606486 start: 1473410490 332762523
t_num: 4 finish: 1473410491 818323814 start: 1473410488 874168532
t_num: 1 finish: 1473410491 867266038 start: 1473410489 694230219
t_num: 13 finish: 1473410491 936988737 start: 1473410489 474395334
t_num: 21 finish: 1473410491 970191333 start: 1473410489 646202257
t_num: 10 finish: 1473410491 970195908 start: 1473410490 384567663
t_num: 14 finish: 1473410492 51927094 start: 1473410490 499046927
t_num: 9 finish: 1473410492 473184796 start: 1473410490 424342745
t_num: 15 finish: 1473410492 473259665 start: 1473410490 447507220
t_num: 31 finish: 1473410493 184168384 start: 1473410491 442316592
t_num: 27 finish: 1473410493 205736221 start: 1473410491 370113683
t_num: 30 finish: 1473410493 263067131 start: 1473410490 447459659
t_num: 4 finish: 1473410493 428905509 start: 1473410491 818364174
t_num: 23 finish: 1473410493 518263262 start: 1473410491 696558915
t_num: 11 finish: 1473410493 519247718 start: 1473410492 89259923
t_num: 7 finish: 1473410493 571948772 start: 1473410491 697207217
t_num: 29 finish: 1473410493 626763610 start: 1473410492 343702742
t_num: 6 finish: 1473410493 627072279 start: 1473410490 746133198
t_num: 14 finish: 1473410493 709960199 start: 1473410492 51959308
t_num: 24 finish: 1473410493 847229160 start: 1473410491 443802274
t_num: 19 finish: 1473410493 915391209 start: 1473410492 310019404
t_num: 1 finish: 1473410493 915415378 start: 1473410491 867288579
t_num: 2 finish: 1473410494 632691578 start: 1473410492 535196494
t_num: 27 finish: 1473410494 632773762 start: 1473410493 205757129
t_num: 5 finish: 1473410494 632872211 start: 1473410491 718220195
t_num: 8 finish: 1473410494 632886049 start: 1473410492 392887807
t_num: 26 finish: 1473410494 652671419 start: 1473410492 868899756
t_num: 11 finish: 1473410494 740027938 start: 1473410494 427790082
t_num: 21 finish: 1473410495 246523546 start: 1473410492 473208551
t_num: 30 finish: 1473410495 418051368 start: 1473410493 263122502
t_num: 29 finish: 1473410495 418074600 start: 1473410493 626802512
t_num: 8 finish: 1473410495 579360311 start: 1473410494 632917034
t_num: 14 finish: 1473410495 579379819 start: 1473410494 740055849
t_num: 23 finish: 1473410495 579501699 start: 1473410494 492952028
t_num: 13 finish: 1473410495 681205044 start: 1473410495 256575187
t_num: 15 finish: 1473410495 686650459 start: 1473410493 906716496
t_num: 4 finish: 1473410495 686652970 start: 1473410493 906618319
t_num: 2 finish: 1473410496 211791637 start: 1473410494 632740368
t_num: 24 finish: 1473410496 287808985 start: 1473410493 847270733
t_num: 9 finish: 1473410496 320488498 start: 1473410494 568924293
t_num: 21 finish: 1473410496 433819904 start: 1473410495 246556455
t_num: 21 finish: 1473410496 515307556 start: 1473410496 433844088
t_num: 20 finish: 1473410496 788498826 start: 1473410495 365553851
t_num: 5 finish: 1473410496 788555462 start: 1473410494 632904486
t_num: 15 finish: 1473410496 966135238 start: 1473410495 686674653
t_num: 31 finish: 1473410497 107340861 start: 1473410493 906639170
t_num: 6 finish: 1473410497 364414587 start: 1473410494 627835147
t_num: 26 finish: 1473410497 632459346 start: 1473410496 340941441
t_num: 14 finish: 1473410497 743447915 start: 1473410495 579466163
t_num: 11 finish: 1473410497 788868219 start: 1473410496 539888234
t_num: 23 finish: 1473410497 933339446 start: 1473410495 955743438
t_num: 7 finish: 1473410498 73126297 start: 1473410495 255897001
t_num: 8 finish: 1473410498 73477858 start: 1473410495 579423888
t_num: 31 finish: 1473410498 76395625 start: 1473410497 107357609
t_num: 5 finish: 1473410498 500456744 start: 1473410496 788570735
t_num: 18 finish: 1473410498 667973689 start: 1473410496 837674667
t_num: 19 finish: 1473410498 673596335 start: 1473410496 341538491
t_num: 16 finish: 1473410498 673615182 start: 1473410496 540649842
t_num: 10 finish: 1473410498 725816697 start: 1473410496 778879412
t_num: 30 finish: 1473410498 850923345 start: 1473410495 418076394
t_num: 14 finish: 1473410498 876993633 start: 1473410497 743482154
t_num: 7 finish: 1473410498 954964981 start: 1473410498 511309330
t_num: 6 finish: 1473410499 440849917 start: 1473410497 364460468
t_num: 3 finish: 1473410499 482166518 start: 1473410496 966417163
t_num: 23 finish: 1473410499 549519803 start: 1473410498 511348741
t_num: 18 finish: 1473410499 805400821 start: 1473410498 668023816
t_num: 15 finish: 1473410500 418681779 start: 1473410496 966167453
t_num: 11 finish: 1473410500 581688025 start: 1473410497 788902026
t_num: 8 finish: 1473410500 677478959 start: 1473410498 73497540
t_num: 19 finish: 1473410500 688405562 start: 1473410498 673643541
t_num: 24 finish: 1473410500 699077015 start: 1473410497 180584023
t_num: 31 finish: 1473410500 824076957 start: 1473410498 76411869
t_num: 0 finish: 1473410500 993136831 start: 1473410498 608298459
t_num: 6 finish: 1473410501 206579194 start: 1473410499 440895175
t_num: 16 finish: 1473410501 222194419 start: 1473410498 673676535
t_num: 22 finish: 1473410501 261083957 start: 1473410498 845345222
t_num: 7 finish: 1473410501 892961056 start: 1473410499 510845632
t_num: 26 finish: 1473410501 968846165 start: 1473410498 786075489
t_num: 4 finish: 1473410502 38443052 start: 1473410499 195389611
t_num: 3 finish: 1473410502 163059075 start: 1473410499 621489028
t_num: 0 finish: 1473410502 416021530 start: 1473410500 993223842
t_num: 11 finish: 1473410502 476035345 start: 1473410501 222969442
t_num: 31 finish: 1473410502 492232952 start: 1473410500 824108649
t_num: 18 finish: 1473410502 570722011 start: 1473410499 805431802
t_num: 20 finish: 1473410502 715467301 start: 1473410500 38322252
t_num: 23 finish: 1473410502 859899688 start: 1473410500 699085041
t_num: 28 finish: 1473410502 920061082 start: 1473410501 315044561
t_num: 26 finish: 1473410502 988361473 start: 1473410501 968946572
t_num: 5 finish: 1473410503 249638530 start: 1473410500 547815250
t_num: 3 finish: 1473410503 358573060 start: 1473410502 163094115
t_num: 9 finish: 1473410503 358715095 start: 1473410501 299218522
t_num: 25 finish: 1473410503 437454102 start: 1473410500 993327877
t_num: 16 finish: 1473410503 437461726 start: 1473410501 968893972
t_num: 15 finish: 1473410504 97706458 start: 1473410501 499806410
t_num: 8 finish: 1473410504 244510152 start: 1473410500 677514866
t_num: 21 finish: 1473410504 321333928 start: 1473410503 278674571
t_num: 4 finish: 1473410504 380543695 start: 1473410502 475899334
t_num: 22 finish: 1473410504 380543699 start: 1473410501 571436347
t_num: 23 finish: 1473410504 380607749 start: 1473410502 859930108
t_num: 28 finish: 1473410504 444680285 start: 1473410502 920091768
t_num: 10 finish: 1473410504 507729398 start: 1473410500 993166442
t_num: 25 finish: 1473410504 813138952 start: 1473410503 437480709
t_num: 7 finish: 1473410505 118880239 start: 1473410502 468748827
t_num: 9 finish: 1473410505 632455345 start: 1473410503 358733658
t_num: 31 finish: 1473410505 634078486 start: 1473410504 604335450
t_num: 2 finish: 1473410505 680543690 start: 1473410502 966878717
t_num: 3 finish: 1473410505 699511563 start: 1473410503 358594827
t_num: 10 finish: 1473410505 992648799 start: 1473410504 507773995
t_num: 16 finish: 1473410506 146743842 start: 1473410503 803975652
t_num: 26 finish: 1473410506 182351151 start: 1473410503 358478660
t_num: 4 finish: 1473410506 183138228 start: 1473410504 380585078
t_num: 11 finish: 1473410506 402348150 start: 1473410503 803926609
t_num: 15 finish: 1473410506 449029957 start: 1473410504 97750748
t_num: 28 finish: 1473410506 719158731 start: 1473410504 444723407
t_num: 8 finish: 1473410506 976292935 start: 1473410504 244568343
t_num: 7 finish: 1473410507 113016466 start: 1473410505 118927273
t_num: 25 finish: 1473410507 385246929 start: 1473410505 319002401
t_num: 30 finish: 1473410507 479618075 start: 1473410505 728246867
t_num: 22 finish: 1473410507 785366698 start: 1473410505 807262283
t_num: 1 finish: 1473410507 862482589 start: 1473410505 882276837
t_num: 8 finish: 1473410507 863651301 start: 1473410506 976319127
t_num: 4 finish: 1473410507 999350965 start: 1473410506 183152898
t_num: 9 finish: 1473410508 99322017 start: 1473410505 632505542
t_num: 31 finish: 1473410508 153822938 start: 1473410505 988564260
t_num: 26 finish: 1473410508 271290759 start: 1473410506 182389573
t_num: 6 finish: 1473410508 471853713 start: 1473410505 822492059
t_num: 11 finish: 1473410508 472233684 start: 1473410506 855236303
t_num: 16 finish: 1473410508 632213216 start: 1473410507 549181593
t_num: 29 finish: 1473410508 632843534 start: 1473410507 27865843
t_num: 24 finish: 1473410508 670409079 start: 1473410507 143664050
t_num: 10 finish: 1473410508 800157688 start: 1473410505 992676864
t_num: 23 finish: 1473410509 59272252 start: 1473410506 526104976
t_num: 18 finish: 1473410509 95381048 start: 1473410507 549746010
t_num: 12 finish: 1473410509 96591528 start: 1473410505 987538180
t_num: 22 finish: 1473410509 201852152 start: 1473410507 785426697
t_num: 4 finish: 1473410509 364038299 start: 1473410507 999395942
t_num: 20 finish: 1473410509 364051931 start: 1473410508 239660223
t_num: 24 finish: 1473410509 406550484 start: 1473410508 670438472
t_num: 10 finish: 1473410509 683978540 start: 1473410508 800192477
t_num: 14 finish: 1473410509 718693852 start: 1473410509 72324642
t_num: 26 finish: 1473410509 837257622 start: 1473410508 364430858
t_num: 25 finish: 1473410510 1741795 start: 1473410507 385282489
t_num: 0 finish: 1473410510 52888654 start: 1473410508 968561960
t_num: 29 finish: 1473410510 53172701 start: 1473410508 632863632
t_num: 9 finish: 1473410510 131681237 start: 1473410508 432942851
t_num: 17 finish: 1473410510 158519545 start: 1473410507 549733151
t_num: 11 finish: 1473410510 332733537 start: 1473410508 472254768
t_num: 1 finish: 1473410510 624130019 start: 1473410509 190186409
t_num: 12 finish: 1473410510 624130019 start: 1473410509 96608082
t_num: 4 finish: 1473410510 797608600 start: 1473410509 364093704
t_num: 18 finish: 1473410510 878323176 start: 1473410509 547835234
t_num: 24 finish: 1473410511 280934045 start: 1473410509 837729054
t_num: 30 finish: 1473410511 314684830 start: 1473410508 945097505
t_num: 8 finish: 1473410511 356303111 start: 1473410509 539590543
t_num: 23 finish: 1473410511 421915525 start: 1473410509 623897551
t_num: 3 finish: 1473410511 465942451 start: 1473410510 333662454
t_num: 1 finish: 1473410511 616205422 start: 1473410510 624159799
t_num: 13 finish: 1473410511 643569288 start: 1473410510 123654288
t_num: 20 finish: 1473410511 730665118 start: 1473410509 364452572
t_num: 22 finish: 1473410511 759369713 start: 1473410510 199839572
t_num: 17 finish: 1473410512 62340076 start: 1473410510 158561422
t_num: 29 finish: 1473410512 62354520 start: 1473410510 53198736
t_num: 6 finish: 1473410512 234974358 start: 1473410510 148293441
t_num: 31 finish: 1473410512 278347146 start: 1473410510 413793207
t_num: 13 finish: 1473410512 486414881 start: 1473410511 643597812
t_num: 26 finish: 1473410512 487299495 start: 1473410510 199197361
t_num: 17 finish: 1473410512 535285899 start: 1473410512 62373508
t_num: 12 finish: 1473410512 558335577 start: 1473410510 624192929
t_num: 18 finish: 1473410512 655832065 start: 1473410511 362063177
t_num: 19 finish: 1473410513 253057231 start: 1473410511 864771127
t_num: 10 finish: 1473410513 416935836 start: 1473410510 796408184
t_num: 8 finish: 1473410513 456844368 start: 1473410511 795178960
t_num: 24 finish: 1473410513 530177130 start: 1473410511 280977885
t_num: 4 finish: 1473410513 579317978 start: 1473410511 400292161
t_num: 1 finish: 1473410513 579342856 start: 1473410511 616253980
t_num: 16 finish: 1473410513 609710720 start: 1473410512 257895244
t_num: 11 finish: 1473410513 610695072 start: 1473410512 442359111
t_num: 9 finish: 1473410513 661723973 start: 1473410511 344035959
t_num: 6 finish: 1473410513 676514505 start: 1473410512 235019865
t_num: 13 finish: 1473410513 817680465 start: 1473410512 486450860
t_num: 31 finish: 1473410513 906604338 start: 1473410512 278373939
t_num: 18 finish: 1473410513 907207827 start: 1473410513 254085920
t_num: 29 finish: 1473410514 101660195 start: 1473410512 62387417
t_num: 19 finish: 1473410514 177523591 start: 1473410513 253100568
t_num: 17 finish: 1473410514 359779692 start: 1473410512 535315006
t_num: 22 finish: 1473410514 443730097 start: 1473410512 500544032
t_num: 10 finish: 1473410514 571112699 start: 1473410513 623640017
t_num: 8 finish: 1473410514 624034253 start: 1473410513 456869691
t_num: 25 finish: 1473410514 757879427 start: 1473410511 755647937
t_num: 16 finish: 1473410514 876511906 start: 1473410513 609737185
t_num: 21 finish: 1473410514 884457037 start: 1473410512 926919634
t_num: 27 finish: 1473410515 132351521 start: 1473410513 611208933
t_num: 31 finish: 1473410515 260408550 start: 1473410513 906627416
t_num: 6 finish: 1473410515 444950583 start: 1473410514 443704729
t_num: 17 finish: 1473410515 628526728 start: 1473410514 492457908
t_num: 18 finish: 1473410515 728351881 start: 1473410513 907224507
t_num: 11 finish: 1473410515 797650607 start: 1473410513 610716487
t_num: 12 finish: 1473410515 883817242 start: 1473410513 886974792
t_num: 27 finish: 1473410515 956186177 start: 1473410515 132396131
t_num: 1 finish: 1473410515 981371557 start: 1473410513 579358949
t_num: 26 finish: 1473410516 40890070 start: 1473410514 27845665
t_num: 25 finish: 1473410516 86724648 start: 1473410514 757905771
t_num: 3 finish: 1473410516 123892272 start: 1473410514 941886788
t_num: 7 finish: 1473410516 484700259 start: 1473410514 665636204
t_num: 5 finish: 1473410516 484700259 start: 1473410514 443739991
t_num: 24 finish: 1473410516 545430116 start: 1473410514 807020579
t_num: 21 finish: 1473410516 567968150 start: 1473410514 884477682
t_num: 8 finish: 1473410517 393873116 start: 1473410514 624062754
t_num: 17 finish: 1473410517 426779563 start: 1473410516 41244592
t_num: 1 finish: 1473410517 511811789 start: 1473410515 981392881
t_num: 2 finish: 1473410517 607922410 start: 1473410515 927724365
t_num: 27 finish: 1473410517 766610795 start: 1473410515 956215825
t_num: 13 finish: 1473410517 766659820 start: 1473410515 405250139
t_num: 15 finish: 1473410517 787332005 start: 1473410514 991901132
t_num: 29 finish: 1473410517 787503980 start: 1473410516 190443245
t_num: 16 finish: 1473410517 788587817 start: 1473410515 510062981
t_num: 3 finish: 1473410517 995275902 start: 1473410516 123914142
t_num: 17 finish: 1473410518 108994508 start: 1473410517 426816376
t_num: 18 finish: 1473410518 117350961 start: 1473410516 40868706
t_num: 27 finish: 1473410518 155579049 start: 1473410517 766637978
t_num: 5 finish: 1473410518 478958501 start: 1473410516 484760147
t_num: 6 finish: 1473410518 585402285 start: 1473410516 420388765
t_num: 23 finish: 1473410519 64550766 start: 1473410517 606446895
t_num: 1 finish: 1473410519 80468435 start: 1473410517 511851448
t_num: 3 finish: 1473410519 134100485 start: 1473410517 995318296
t_num: 8 finish: 1473410519 178666841 start: 1473410517 393936766
t_num: 2 finish: 1473410519 258394709 start: 1473410517 607950677
t_num: 25 finish: 1473410519 357415502 start: 1473410518 393496572
t_num: 13 finish: 1473410519 396462060 start: 1473410518 119920141
t_num: 24 finish: 1473410519 396689920 start: 1473410516 545458527
t_num: 6 finish: 1473410519 716420390 start: 1473410518 585436810
t_num: 22 finish: 1473410519 991914717 start: 1473410516 674014685
t_num: 7 finish: 1473410520 42150114 start: 1473410518 243292878
t_num: 3 finish: 1473410520 428633302 start: 1473410519 134127205
t_num: 12 finish: 1473410520 429246498 start: 1473410518 120617123
t_num: 16 finish: 1473410520 610612485 start: 1473410518 744216789
t_num: 0 finish: 1473410520 848658131 start: 1473410518 818941192
t_num: 28 finish: 1473410520 962849835 start: 1473410518 866276591
t_num: 5 finish: 1473410521 21120298 start: 1473410518 478985093
t_num: 13 finish: 1473410521 73517476 start: 1473410519 396486822
t_num: 27 finish: 1473410521 128508158 start: 1473410520 427142112
t_num: 25 finish: 1473410521 530315464 start: 1473410519 357441758
t_num: 30 finish: 1473410521 578877725 start: 1473410519 357501738
t_num: 23 finish: 1473410521 796627462 start: 1473410519 950483481
t_num: 12 finish: 1473410522 152808977 start: 1473410520 429267749
t_num: 3 finish: 1473410522 407391378 start: 1473410520 428660609
t_num: 4 finish: 1473410522 986311522 start: 1473410520 889108395
t_num: 17 finish: 1473410522 987751274 start: 1473410519 949227800
t_num: 14 finish: 1473410522 988986500 start: 1473410521 584613916
t_num: 2 finish: 1473410523 50120211 start: 1473410520 413163509
t_num: 30 finish: 1473410523 52171287 start: 1473410521 578920657
t_num: 25 finish: 1473410523 360950065 start: 1473410521 916214417
t_num: 26 finish: 1473410523 467742176 start: 1473410521 21346890
t_num: 8 finish: 1473410523 860305108 start: 1473410521 589641715
t_num: 13 finish: 1473410523 906805038 start: 1473410521 73544755
t_num: 24 finish: 1473410523 940964498 start: 1473410521 383056646
t_num: 6 finish: 1473410524 32368803 start: 1473410521 589270015
t_num: 31 finish: 1473410524 73150512 start: 1473410522 409716093
t_num: 28 finish: 1473410524 362052232 start: 1473410521 760767885
t_num: 11 finish: 1473410524 806433217 start: 1473410521 21330146
t_num: 4 finish: 1473410525 365718245 start: 1473410522 986339407
t_num: 21 finish: 1473410525 366967007 start: 1473410523 252752985
t_num: 19 finish: 1473410525 368464877 start: 1473410523 248391250
t_num: 29 finish: 1473410525 647248658 start: 1473410523 847465666
t_num: 12 finish: 1473410525 729533781 start: 1473410522 152851216
t_num: 2 finish: 1473410525 729540659 start: 1473410523 50141853
t_num: 1 finish: 1473410525 729554845 start: 1473410523 398695540
t_num: 10 finish: 1473410525 861988413 start: 1473410523 253390222
t_num: 14 finish: 1473410525 900099466 start: 1473410522 989007309
t_num: 30 finish: 1473410525 921573566 start: 1473410523 52187344
t_num: 28 finish: 1473410526 84147733 start: 1473410525 300595255
t_num: 22 finish: 1473410526 333603373 start: 1473410523 680986166
t_num: 24 finish: 1473410526 421396564 start: 1473410523 941007535
t_num: 16 finish: 1473410526 605987838 start: 1473410525 194223963
t_num: 25 finish: 1473410526 725962222 start: 1473410524 284646199
t_num: 13 finish: 1473410526 725962049 start: 1473410524 557029836
t_num: 6 finish: 1473410527 193828383 start: 1473410524 32392077
t_num: 2 finish: 1473410527 223512483 start: 1473410525 729567022
t_num: 30 finish: 1473410527 224314579 start: 1473410525 921591827
t_num: 5 finish: 1473410527 280990120 start: 1473410524 19991972
t_num: 8 finish: 1473410527 281835259 start: 1473410526 126102369
t_num: 4 finish: 1473410527 532167735 start: 1473410525 365761927
t_num: 26 finish: 1473410527 558001945 start: 1473410523 467776037
t_num: 29 finish: 1473410527 904605672 start: 1473410525 647286180
t_num: 12 finish: 1473410528 40334318 start: 1473410525 729578128
t_num: 15 finish: 1473410528 73892428 start: 1473410525 438183129
t_num: 17 finish: 1473410528 201138444 start: 1473410523 906258127
t_num: 1 finish: 1473410528 565819281 start: 1473410525 729597738
t_num: 13 finish: 1473410528 657766888 start: 1473410526 726040857
t_num: 10 finish: 1473410528 673341862 start: 1473410527 162472858
t_num: 0 finish: 1473410528 719056755 start: 1473410527 454130208
t_num: 25 finish: 1473410528 791242547 start: 1473410526 726022657
t_num: 4 finish: 1473410528 831872422 start: 1473410527 532202114
t_num: 31 finish: 1473410528 831902623 start: 1473410526 137243198
t_num: 18 finish: 1473410528 831919965 start: 1473410527 49185533
t_num: 24 finish: 1473410528 879605575 start: 1473410526 421435586
t_num: 8 finish: 1473410528 879834475 start: 1473410527 281850972
t_num: 7 finish: 1473410529 389234788 start: 1473410528 74692757
t_num: 26 finish: 1473410529 429093290 start: 1473410528 409447636
t_num: 5 finish: 1473410529 592997016 start: 1473410527 281022313
t_num: 24 finish: 1473410529 599200389 start: 1473410528 879664154
t_num: 6 finish: 1473410529 599277565 start: 1473410527 826622447
t_num: 30 finish: 1473410529 787932706 start: 1473410527 931303788
t_num: 12 finish: 1473410529 819143010 start: 1473410528 40362756
t_num: 27 finish: 1473410530 96626125 start: 1473410528 21010107
t_num: 20 finish: 1473410530 536982627 start: 1473410528 23820015
t_num: 28 finish: 1473410530 714756773 start: 1473410527 508163808
t_num: 0 finish: 1473410531 28424993 start: 1473410528 719082247
t_num: 15 finish: 1473410531 149776010 start: 1473410528 833935099
t_num: 29 finish: 1473410531 206846138 start: 1473410528 86663483
t_num: 10 finish: 1473410531 264014355 start: 1473410528 673361107
t_num: 31 finish: 1473410531 264665927 start: 1473410529 468692220
t_num: 24 finish: 1473410531 400748969 start: 1473410530 499482788
t_num: 18 finish: 1473410531 449605978 start: 1473410529 499165082
t_num: 1 finish: 1473410531 640909864 start: 1473410530 714872848
t_num: 8 finish: 1473410531 866948537 start: 1473410528 879878898
t_num: 3 finish: 1473410531 901894202 start: 1473410529 434533479
t_num: 4 finish: 1473410531 903644347 start: 1473410529 499016462
t_num: 25 finish: 1473410532 273153186 start: 1473410529 535813526
t_num: 11 finish: 1473410532 327910403 start: 1473410531 149868737
t_num: 30 finish: 1473410532 404386181 start: 1473410531 264746145
t_num: 5 finish: 1473410532 409393209 start: 1473410529 593055736
t_num: 0 finish: 1473410532 411598146 start: 1473410531 28460622
t_num: 9 finish: 1473410532 414159765 start: 1473410530 829233891
t_num: 27 finish: 1473410532 594915032 start: 1473410530 96671391
t_num: 19 finish: 1473410532 630295462 start: 1473410531 364265815
t_num: 23 finish: 1473410532 887021460 start: 1473410530 714931295
t_num: 28 finish: 1473410532 933594604 start: 1473410530 979120402
t_num: 6 finish: 1473410532 959734682 start: 1473410530 794627884
t_num: 15 finish: 1473410532 959800863 start: 1473410532 27399999
t_num: 17 finish: 1473410533 259253090 start: 1473410532 49045125
t_num: 29 finish: 1473410533 484064131 start: 1473410531 206891326
t_num: 4 finish: 1473410533 484064575 start: 1473410531 903664620
t_num: 30 finish: 1473410533 690865091 start: 1473410532 404427264
t_num: 22 finish: 1473410533 822638500 start: 1473410532 443320501
t_num: 31 finish: 1473410533 870814390 start: 1473410532 89152518
t_num: 26 finish: 1473410533 924509665 start: 1473410531 901875640
t_num: 25 finish: 1473410534 126949588 start: 1473410532 273195464
t_num: 10 finish: 1473410534 260207868 start: 1473410531 264037985
t_num: 27 finish: 1473410534 431847928 start: 1473410532 594961810
t_num: 4 finish: 1473410534 548167434 start: 1473410533 485216344
t_num: 5 finish: 1473410534 709425236 start: 1473410532 528075221
t_num: 28 finish: 1473410534 819220357 start: 1473410532 933621855
t_num: 6 finish: 1473410535 6740832 start: 1473410532 959755501
t_num: 23 finish: 1473410535 239092208 start: 1473410532 887089806
t_num: 19 finish: 1473410535 501496403 start: 1473410532 630324775
t_num: 9 finish: 1473410535 552070263 start: 1473410533 575819944
t_num: 13 finish: 1473410535 644991485 start: 1473410533 957237608
t_num: 0 finish: 1473410536 233512303 start: 1473410533 656946301
t_num: 25 finish: 1473410536 240030592 start: 1473410534 459511956
t_num: 16 finish: 1473410536 317527750 start: 1473410533 526208019
t_num: 15 finish: 1473410536 329314535 start: 1473410533 805228038
t_num: 26 finish: 1473410536 329996185 start: 1473410534 503507109
t_num: 3 finish: 1473410536 371709494 start: 1473410533 328728419
t_num: 8 finish: 1473410536 371867626 start: 1473410535 683328057
t_num: 27 finish: 1473410536 553283161 start: 1473410534 431888423
t_num: 17 finish: 1473410536 553300030 start: 1473410533 982644696
t_num: 30 finish: 1473410536 720591914 start: 1473410534 126974738
t_num: 5 finish: 1473410536 721654787 start: 1473410534 709454844
t_num: 10 finish: 1473410536 949026709 start: 1473410535 132332378
t_num: 11 finish: 1473410536 949874389 start: 1473410535 132343613
t_num: 31 finish: 1473410537 674044127 start: 1473410535 645277147
t_num: 20 finish: 1473410537 955084894 start: 1473410536 234245766
t_num: 0 finish: 1473410537 967378787 start: 1473410536 233554736
t_num: 26 finish: 1473410537 967382678 start: 1473410536 330016328
t_num: 15 finish: 1473410538 268179441 start: 1473410536 329332873
t_num: 9 finish: 1473410538 380786866 start: 1473410537 505562541
t_num: 13 finish: 1473410538 380977237 start: 1473410536 329327190
t_num: 14 finish: 1473410538 381263739 start: 1473410536 371717564
t_num: 6 finish: 1473410538 494873173 start: 1473410535 683323756
t_num: 4 finish: 1473410538 548057420 start: 1473410536 266519975
t_num: 1 finish: 1473410538 675177166 start: 1473410537 425145443
t_num: 11 finish: 1473410538 976839485 start: 1473410536 949895334
t_num: 8 finish: 1473410539 52782575 start: 1473410536 371886289
t_num: 17 finish: 1473410539 63217232 start: 1473410536 553349772
t_num: 3 finish: 1473410539 116182358 start: 1473410536 371730525
t_num: 27 finish: 1473410540 23508845 start: 1473410538 548104330
t_num: 6 finish: 1473410540 192959600 start: 1473410538 871614590
t_num: 13 finish: 1473410540 322432002 start: 1473410538 380999702
t_num: 31 finish: 1473410540 421126378 start: 1473410538 205068285
t_num: 20 finish: 1473410540 461963137 start: 1473410537 955110487
t_num: 4 finish: 1473410540 462028491 start: 1473410538 548109750
t_num: 29 finish: 1473410540 463028886 start: 1473410537 990492399
t_num: 10 finish: 1473410540 860725856 start: 1473410537 854925734
t_num: 26 finish: 1473410540 928957994 start: 1473410537 967402532
t_num: 9 finish: 1473410540 991931209 start: 1473410538 380833863
t_num: 30 finish: 1473410541 2270096 start: 1473410538 415189081
t_num: 3 finish: 1473410541 189887686 start: 1473410539 116220839
t_num: 1 finish: 1473410541 192518187 start: 1473410538 675202236
t_num: 12 finish: 1473410541 658712890 start: 1473410538 899835130
t_num: 11 finish: 1473410541 795230087 start: 1473410539 124406860
t_num: 28 finish: 1473410541 824549122 start: 1473410540 461754297
t_num: 8 finish: 1473410541 917471870 start: 1473410540 731183931
t_num: 15 finish: 1473410541 951958438 start: 1473410538 268201990
t_num: 7 finish: 1473410541 952094240 start: 1473410538 943330133
t_num: 2 finish: 1473410542 18806753 start: 1473410540 151167181
t_num: 9 finish: 1473410542 86632836 start: 1473410540 991953826
t_num: 6 finish: 1473410542 617904514 start: 1473410540 192998355
t_num: 29 finish: 1473410542 812289261 start: 1473410540 463049699
t_num: 26 finish: 1473410542 848345411 start: 1473410540 928993115
t_num: 22 finish: 1473410542 894298349 start: 1473410539 291973629
t_num: 24 finish: 1473410543 407539158 start: 1473410541 75178462
t_num: 12 finish: 1473410543 438334794 start: 1473410541 658756980
t_num: 9 finish: 1473410543 539193879 start: 1473410542 86658150
t_num: 18 finish: 1473410543 549563524 start: 1473410542 568560189
t_num: 6 finish: 1473410543 639752089 start: 1473410542 617945414
t_num: 3 finish: 1473410543 675590623 start: 1473410541 189913988
t_num: 31 finish: 1473410543 819986219 start: 1473410542 870287093
t_num: 27 finish: 1473410544 496028467 start: 1473410541 189678043
t_num: 19 finish: 1473410544 501857519 start: 1473410541 932138584
t_num: 11 finish: 1473410544 501866035 start: 1473410542 870616222
t_num: 25 finish: 1473410544 689459471 start: 1473410542 681126742
t_num: 1 finish: 1473410544 791813631 start: 1473410541 192540410
t_num: 29 finish: 1473410544 900187446 start: 1473410543 538241890
t_num: 21 finish: 1473410544 927052812 start: 1473410542 870357002
t_num: 2 finish: 1473410544 955133814 start: 1473410542 782275236
t_num: 26 finish: 1473410545 173064999 start: 1473410543 300239966
t_num: 7 finish: 1473410545 468041633 start: 1473410541 952112560
t_num: 5 finish: 1473410545 502254599 start: 1473410543 349245945
t_num: 10 finish: 1473410545 551413132 start: 1473410541 764858411
t_num: 16 finish: 1473410545 596422946 start: 1473410544 379164163
t_num: 15 finish: 1473410545 658921863 start: 1473410541 951981487
t_num: 28 finish: 1473410545 755389980 start: 1473410542 870293094
t_num: 6 finish: 1473410545 810742465 start: 1473410544 591863048
t_num: 23 finish: 1473410546 131509867 start: 1473410542 954790648
t_num: 9 finish: 1473410546 238029618 start: 1473410544 381683650
t_num: 3 finish: 1473410546 378171460 start: 1473410543 675626175
t_num: 7 finish: 1473410546 555393371 start: 1473410545 468075693
t_num: 27 finish: 1473410546 647295569 start: 1473410544 496072798
t_num: 12 finish: 1473410546 647488360 start: 1473410544 633690210
t_num: 19 finish: 1473410546 680608075 start: 1473410545 172837713
t_num: 18 finish: 1473410546 743790795 start: 1473410545 1462860
t_num: 25 finish: 1473410546 743845169 start: 1473410545 637411734
t_num: 21 finish: 1473410546 968932291 start: 1473410544 927079770
t_num: 2 finish: 1473410547 271760572 start: 1473410544 955166844
t_num: 22 finish: 1473410547 272779773 start: 1473410544 775761003
t_num: 16 finish: 1473410547 964496281 start: 1473410546 187234707
t_num: 24 finish: 1473410547 965003710 start: 1473410545 755103572
t_num: 20 finish: 1473410547 978783730 start: 1473410545 696974198
t_num: 9 finish: 1473410547 978793312 start: 1473410546 238055126
t_num: 6 finish: 1473410548 108926447 start: 1473410546 616831478
t_num: 0 finish: 1473410548 327103218 start: 1473410546 977694530
t_num: 21 finish: 1473410548 569102513 start: 1473410546 968968365
t_num: 11 finish: 1473410548 569773571 start: 1473410546 616782244
t_num: 2 finish: 1473410548 575821791 start: 1473410547 271820919
t_num: 28 finish: 1473410548 600651410 start: 1473410547 342226947
t_num: 25 finish: 1473410548 601592717 start: 1473410546 743881449
t_num: 14 finish: 1473410548 602993210 start: 1473410546 606688111
t_num: 27 finish: 1473410548 659072991 start: 1473410546 647329995
t_num: 23 finish: 1473410548 674929653 start: 1473410546 131545234
t_num: 1 finish: 1473410549 28374662 start: 1473410546 132446847
t_num: 24 finish: 1473410549 312192340 start: 1473410547 965024865
t_num: 12 finish: 1473410549 313631483 start: 1473410547 578814361
t_num: 22 finish: 1473410549 320585137 start: 1473410547 272814410
t_num: 20 finish: 1473410549 426348108 start: 1473410547 978804423
t_num: 17 finish: 1473410549 471721160 start: 1473410547 25518878
t_num: 28 finish: 1473410549 787514553 start: 1473410548 600672012
t_num: 14 finish: 1473410549 878416455 start: 1473410548 603014413
t_num: 1 finish: 1473410549 946259694 start: 1473410549 28416364
t_num: 12 finish: 1473410549 946261286 start: 1473410549 313651237
t_num: 11 finish: 1473410550 184462188 start: 1473410548 569791050
t_num: 8 finish: 1473410550 214465759 start: 1473410548 204680967
t_num: 25 finish: 1473410550 214517933 start: 1473410548 601607853
t_num: 21 finish: 1473410550 214569349 start: 1473410548 951315122
t_num: 18 finish: 1473410550 304866007 start: 1473410547 963175439
t_num: 24 finish: 1473410550 817041203 start: 1473410549 312235591
t_num: 16 finish: 1473410551 160461943 start: 1473410549 126208377
t_num: 27 finish: 1473410551 171212281 start: 1473410548 659098250
t_num: 15 finish: 1473410551 226599061 start: 1473410549 362838722
t_num: 29 finish: 1473410551 236737957 start: 1473410549 702758621
t_num: 22 finish: 1473410551 237435719 start: 1473410549 320606300
t_num: 17 finish: 1473410551 601529230 start: 1473410549 471766121
t_num: 11 finish: 1473410551 829167313 start: 1473410550 184506423
t_num: 31 finish: 1473410552 195775304 start: 1473410551 134404586
t_num: 21 finish: 1473410552 307983787 start: 1473410551 32115927
t_num: 26 finish: 1473410552 426544390 start: 1473410550 89594785
t_num: 16 finish: 1473410552 576487333 start: 1473410551 160493299
t_num: 19 finish: 1473410552 651657406 start: 1473410549 920874530
t_num: 25 finish: 1473410552 672375705 start: 1473410550 883583378
t_num: 8 finish: 1473410552 747337686 start: 1473410551 776803415
t_num: 14 finish: 1473410552 747808468 start: 1473410551 7304135
t_num: 2 finish: 1473410552 748270465 start: 1473410550 214589230
t_num: 20 finish: 1473410552 791283394 start: 1473410551 65213557
t_num: 13 finish: 1473410552 791900409 start: 1473410551 987694853
t_num: 17 finish: 1473410553 61918400 start: 1473410552 154695626
t_num: 31 finish: 1473410553 64345548 start: 1473410552 195804531
t_num: 3 finish: 1473410553 68376892 start: 1473410552 200309340
t_num: 22 finish: 1473410553 107190875 start: 1473410551 906044504
t_num: 4 finish: 1473410553 118720096 start: 1473410552 849524794
t_num: 24 finish: 1473410553 462515832 start: 1473410551 776108661
t_num: 28 finish: 1473410553 462520490 start: 1473410549 920854258
t_num: 0 finish: 1473410553 471263357 start: 1473410551 32131759
t_num: 11 finish: 1473410553 586524598 start: 1473410551 829197022
t_num: 17 finish: 1473410553 813523569 start: 1473410553 61961227
t_num: 22 finish: 1473410554 561089257 start: 1473410553 107223885
t_num: 29 finish: 1473410554 567547873 start: 1473410551 784240039
t_num: 1 finish: 1473410554 581063390 start: 1473410551 445989381
t_num: 26 finish: 1473410554 641560153 start: 1473410553 24268750
t_num: 16 finish: 1473410554 641767637 start: 1473410552 576515922
t_num: 21 finish: 1473410554 641844728 start: 1473410553 427398898
t_num: 25 finish: 1473410555 300984377 start: 1473410552 672399223
t_num: 14 finish: 1473410555 439835668 start: 1473410553 426019633
t_num: 2 finish: 1473410555 440901402 start: 1473410552 748290968
t_num: 28 finish: 1473410555 622395172 start: 1473410553 462595696
t_num: 3 finish: 1473410555 734730659 start: 1473410553 531097903
t_num: 19 finish: 1473410555 734731483 start: 1473410552 651695592
t_num: 24 finish: 1473410555 824099549 start: 1473410553 462546099
t_num: 11 finish: 1473410556 16907775 start: 1473410553 586567441
t_num: 16 finish: 1473410556 196118246 start: 1473410554 885664340
t_num: 31 finish: 1473410556 196840387 start: 1473410554 732060156
t_num: 17 finish: 1473410556 437378503 start: 1473410554 810300408
t_num: 5 finish: 1473410556 445748049 start: 1473410552 765651995
t_num: 29 finish: 1473410556 768728620 start: 1473410554 567573338
t_num: 13 finish: 1473410556 910995544 start: 1473410554 641579945
t_num: 26 finish: 1473410556 975069485 start: 1473410555 321093453
t_num: 9 finish: 1473410557 306854561 start: 1473410555 434670086
t_num: 21 finish: 1473410557 308381540 start: 1473410554 641863766
t_num: 11 finish: 1473410557 464974334 start: 1473410556 16947580
t_num: 16 finish: 1473410557 617910202 start: 1473410556 196144268
t_num: 10 finish: 1473410557 838251614 start: 1473410555 827332493
t_num: 14 finish: 1473410557 868328693 start: 1473410555 913133474
t_num: 7 finish: 1473410557 903343405 start: 1473410555 404800102
t_num: 20 finish: 1473410557 903858961 start: 1473410555 912906161
t_num: 24 finish: 1473410558 256285563 start: 1473410555 824126731
t_num: 5 finish: 1473410558 256531776 start: 1473410556 445768825
t_num: 28 finish: 1473410558 341550060 start: 1473410557 313063725
t_num: 19 finish: 1473410558 448611735 start: 1473410557 241072021
t_num: 29 finish: 1473410558 448655097 start: 1473410556 768772418
t_num: 26 finish: 1473410558 844815314 start: 1473410556 975110679
t_num: 30 finish: 1473410559 12768631 start: 1473410556 911010239
t_num: 24 finish: 1473410559 242134038 start: 1473410558 256324534
t_num: 17 finish: 1473410559 260291474 start: 1473410556 437472849
t_num: 20 finish: 1473410559 290428241 start: 1473410557 903876677
t_num: 14 finish: 1473410559 291130396 start: 1473410557 868347610
t_num: 31 finish: 1473410559 362254786 start: 1473410557 559488617
t_num: 9 finish: 1473410559 510761034 start: 1473410557 868013603
t_num: 16 finish: 1473410559 737949594 start: 1473410557 617962422
t_num: 7 finish: 1473410559 738431659 start: 1473410557 903365262
t_num: 1 finish: 1473410559 844075595 start: 1473410557 559470861
t_num: 6 finish: 1473410559 844900674 start: 1473410557 373289314
t_num: 21 finish: 1473410559 845425365 start: 1473410557 308403343
t_num: 28 finish: 1473410560 280840020 start: 1473410558 341591349
t_num: 8 finish: 1473410560 545778584 start: 1473410558 650081150
t_num: 19 finish: 1473410560 591697350 start: 1473410559 692010203
t_num: 29 finish: 1473410560 902988435 start: 1473410558 448669991
t_num: 20 finish: 1473410560 979122244 start: 1473410559 290457045
t_num: 2 finish: 1473410560 998596106 start: 1473410559 692063977
t_num: 26 finish: 1473410561 154736377 start: 1473410559 428394929
t_num: 16 finish: 1473410561 253413879 start: 1473410559 737974432
t_num: 5 finish: 1473410561 265279956 start: 1473410559 428375351
t_num: 24 finish: 1473410561 267915608 start: 1473410559 242167690
t_num: 28 finish: 1473410561 276856653 start: 1473410560 280872725
t_num: 15 finish: 1473410561 403434961 start: 1473410560 8663351
t_num: 23 finish: 1473410561 439619275 start: 1473410560 522647351
t_num: 30 finish: 1473410561 440834448 start: 1473410559 845504644
t_num: 12 finish: 1473410561 548611240 start: 1473410559 482593385
t_num: 9 finish: 1473410561 615555385 start: 1473410559 510784266
t_num: 17 finish: 1473410561 649982494 start: 1473410560 590216289
t_num: 19 finish: 1473410562 63804130 start: 1473410560 591727682
t_num: 22 finish: 1473410562 227235798 start: 1473410560 8133042
t_num: 18 finish: 1473410562 475156402 start: 1473410560 960077583
t_num: 2 finish: 1473410562 547848833 start: 1473410560 998616844
t_num: 24 finish: 1473410562 653461587 start: 1473410561 267937029
t_num: 0 finish: 1473410563 272697781 start: 1473410562 476414571
t_num: 12 finish: 1473410563 335430659 start: 1473410561 548670329
t_num: 15 finish: 1473410563 385033590 start: 1473410561 616938161
t_num: 26 finish: 1473410563 836812296 start: 1473410561 154779694
t_num: 14 finish: 1473410563 839329832 start: 1473410561 440885936
t_num: 30 finish: 1473410564 23888947 start: 1473410561 440856091
t_num: 28 finish: 1473410564 23978991 start: 1473410562 515477150
t_num: 19 finish: 1473410564 70851649 start: 1473410562 63837274
t_num: 4 finish: 1473410564 70919360 start: 1473410562 908296832
t_num: 16 finish: 1473410564 497827791 start: 1473410561 826283700
t_num: 23 finish: 1473410564 552926999 start: 1473410562 475578311
t_num: 26 finish: 1473410564 793321405 start: 1473410563 836856942
t_num: 24 finish: 1473410564 878377135 start: 1473410562 653486312
t_num: 29 finish: 1473410565 29124994 start: 1473410562 414768229
t_num: 27 finish: 1473410565 279268919 start: 1473410562 322556776
t_num: 9 finish: 1473410565 320702099 start: 1473410562 475146761
t_num: 17 finish: 1473410565 492426821 start: 1473410563 272726529
t_num: 2 finish: 1473410565 492648555 start: 1473410562 547872735
t_num: 15 finish: 1473410565 518676272 start: 1473410563 385072165
t_num: 24 finish: 1473410565 668295784 start: 1473410564 878421303
t_num: 0 finish: 1473410565 996911251 start: 1473410563 883970621
t_num: 14 finish: 1473410566 151739777 start: 1473410564 796480244
t_num: 16 finish: 1473410566 401306558 start: 1473410564 497873789
t_num: 19 finish: 1473410566 515129093 start: 1473410564 70874413
t_num: 29 finish: 1473410567 11307213 start: 1473410565 29168670
t_num: 13 finish: 1473410567 57660366 start: 1473410565 142759880
t_num: 22 finish: 1473410567 270324680 start: 1473410564 747760132
t_num: 28 finish: 1473410567 270335589 start: 1473410565 221456810
t_num: 15 finish: 1473410567 270370900 start: 1473410565 518709449
t_num: 27 finish: 1473410567 297335819 start: 1473410565 739808776
t_num: 17 finish: 1473410567 336706388 start: 1473410565 492454272
t_num: 4 finish: 1473410567 427238809 start: 1473410565 626413681
t_num: 6 finish: 1473410567 610392625 start: 1473410565 492321141
t_num: 14 finish: 1473410567 665021740 start: 1473410566 762258756
t_num: 11 finish: 1473410567 819552845 start: 1473410566 207023135
t_num: 3 finish: 1473410567 871825245 start: 1473410564 166183249
t_num: 30 finish: 1473410567 893070887 start: 1473410565 895124948
t_num: 1 finish: 1473410568 127471864 start: 1473410567 11479255
t_num: 18 finish: 1473410568 287115474 start: 1473410565 518729379
t_num: 15 finish: 1473410568 346789170 start: 1473410567 270387301
t_num: 9 finish: 1473410568 352584426 start: 1473410566 260208641
t_num: 31 finish: 1473410568 465029797 start: 1473410566 880550143
t_num: 26 finish: 1473410568 527276340 start: 1473410565 812442534
t_num: 22 finish: 1473410568 602053133 start: 1473410567 662259050
t_num: 29 finish: 1473410568 602075013 start: 1473410567 610477308
t_num: 19 finish: 1473410568 654099743 start: 1473410567 177550792
t_num: 28 finish: 1473410568 792914304 start: 1473410567 270410820
t_num: 3 finish: 1473410569 451968765 start: 1473410567 871865499
t_num: 13 finish: 1473410569 594365035 start: 1473410567 57689131
t_num: 20 finish: 1473410569 738637082 start: 1473410567 752395677
t_num: 1 finish: 1473410569 914118931 start: 1473410568 294953912
t_num: 17 finish: 1473410569 969008668 start: 1473410568 185065787
t_num: 0 finish: 1473410569 969117320 start: 1473410568 14827705
t_num: 5 finish: 1473410570 192880992 start: 1473410567 461165097
t_num: 15 finish: 1473410570 208535261 start: 1473410568 528026110
t_num: 30 finish: 1473410570 209433709 start: 1473410567 893177094
t_num: 4 finish: 1473410570 245570828 start: 1473410569 370391344
t_num: 3 finish: 1473410570 250239656 start: 1473410569 452013544
t_num: 22 finish: 1473410570 250950269 start: 1473410568 602095744
t_num: 9 finish: 1473410570 312165313 start: 1473410568 352604775
t_num: 6 finish: 1473410570 330199598 start: 1473410568 344436955
t_num: 29 finish: 1473410570 330928843 start: 1473410568 602146442
t_num: 8 finish: 1473410570 330990639 start: 1473410569 334478201
t_num: 7 finish: 1473410570 392715030 start: 1473410567 893144378
t_num: 24 finish: 1473410570 549727464 start: 1473410569 674355380
t_num: 17 finish: 1473410570 566087205 start: 1473410569 969067671
t_num: 31 finish: 1473410571 114903408 start: 1473410568 465072268
t_num: 11 finish: 1473410571 114962685 start: 1473410569 914135479
t_num: 14 finish: 1473410571 115009437 start: 1473410568 867740237
t_num: 1 finish: 1473410571 272815408 start: 1473410569 914145636
t_num: 19 finish: 1473410571 275711456 start: 1473410568 654128895
t_num: 13 finish: 1473410571 308849268 start: 1473410570 33328740
t_num: 4 finish: 1473410571 378414301 start: 1473410570 445503200
t_num: 0 finish: 1473410571 427251008 start: 1473410570 74591605
t_num: 3 finish: 1473410571 478758220 start: 1473410570 504017160
t_num: 23 finish: 1473410571 504148941 start: 1473410570 210371613
t_num: 30 finish: 1473410571 713468552 start: 1473410570 249301767
t_num: 31 finish: 1473410572 102028165 start: 1473410571 114941940
t_num: 24 finish: 1473410572 231774070 start: 1473410571 167591647
t_num: 15 finish: 1473410572 531955853 start: 1473410570 208573934
t_num: 22 finish: 1473410572 691191532 start: 1473410570 250970837
t_num: 9 finish: 1473410573 322877914 start: 1473410571 278195366
t_num: 0 finish: 1473410573 323469424 start: 1473410571 427363487
t_num: 11 finish: 1473410573 383297187 start: 1473410571 114977209
t_num: 28 finish: 1473410573 383856934 start: 1473410571 339870925
t_num: 14 finish: 1473410573 605832813 start: 1473410571 115029004
t_num: 29 finish: 1473410573 717845865 start: 1473410571 959011285
t_num: 19 finish: 1473410573 769381727 start: 1473410571 275735115
t_num: 7 finish: 1473410574 410419227 start: 1473410572 591136403
t_num: 13 finish: 1473410574 426645502 start: 1473410572 591062962
t_num: 30 finish: 1473410574 569262085 start: 1473410571 713515891
t_num: 24 finish: 1473410574 633955625 start: 1473410573 386174773
t_num: 1 finish: 1473410574 724458718 start: 1473410572 460511422
t_num: 31 finish: 1473410574 724485774 start: 1473410572 102073382
t_num: 23 finish: 1473410574 724460154 start: 1473410571 504172100
t_num: 9 finish: 1473410574 770760040 start: 1473410573 322905037
t_num: 22 finish: 1473410575 13371581 start: 1473410572 691226122
t_num: 28 finish: 1473410575 87554889 start: 1473410573 868882314
t_num: 12 finish: 1473410575 782211898 start: 1473410573 558193514
t_num: 27 finish: 1473410575 827425268 start: 1473410572 341907992
t_num: 29 finish: 1473410575 827429882 start: 1473410573 717874732
t_num: 14 finish: 1473410575 827777878 start: 1473410573 605876043
t_num: 3 finish: 1473410575 843237999 start: 1473410572 590871611
t_num: 18 finish: 1473410575 857987664 start: 1473410573 388516639
t_num: 15 finish: 1473410575 910729349 start: 1473410573 502347749
t_num: 10 finish: 1473410576 5160288 start: 1473410573 324003460
t_num: 20 finish: 1473410576 174503990 start: 1473410573 623250501
t_num: 28 finish: 1473410577 280840233 start: 1473410575 87574756
t_num: 14 finish: 1473410577 426582284 start: 1473410575 827813663
t_num: 22 finish: 1473410577 453506696 start: 1473410575 575895412
t_num: 1 finish: 1473410577 593836785 start: 1473410575 828561209
t_num: 9 finish: 1473410577 639798787 start: 1473410574 770782844
t_num: 21 finish: 1473410577 776350083 start: 1473410574 247781217
t_num: 31 finish: 1473410577 776397311 start: 1473410575 79260413
t_num: 27 finish: 1473410577 811442024 start: 1473410575 827461070
t_num: 7 finish: 1473410577 888888897 start: 1473410574 410455479
t_num: 16 finish: 1473410578 273479301 start: 1473410576 73968483
t_num: 13 finish: 1473410578 385645571 start: 1473410575 220143851
t_num: 20 finish: 1473410578 580477961 start: 1473410576 174535586
t_num: 4 finish: 1473410578 581208778 start: 1473410576 859714053
t_num: 18 finish: 1473410578 581349485 start: 1473410575 858008764
t_num: 3 finish: 1473410578 584590146 start: 1473410576 772436643
t_num: 21 finish: 1473410579 154820386 start: 1473410577 776378889
t_num: 31 finish: 1473410579 154831344 start: 1473410577 776413378
t_num: 1 finish: 1473410579 214918426 start: 1473410577 593859795
t_num: 15 finish: 1473410579 218556006 start: 1473410577 575965423
t_num: 26 finish: 1473410579 401435070 start: 1473410577 346836433
t_num: 10 finish: 1473410579 401449843 start: 1473410576 891129546
t_num: 13 finish: 1473410579 847790244 start: 1473410578 703918690
t_num: 28 finish: 1473410579 990402833 start: 1473410577 593845319
t_num: 6 finish: 1473410580 330192941 start: 1473410578 703896803
t_num: 14 finish: 1473410580 872503333 start: 1473410578 657236251
t_num: 16 finish: 1473410580 944191674 start: 1473410579 280677216
t_num: 27 finish: 1473410580 944196239 start: 1473410578 703861879
t_num: 5 finish: 1473410581 19552277 start: 1473410579 278593974
t_num: 29 finish: 1473410581 218143346 start: 1473410577 864232295
t_num: 3 finish: 1473410581 224126912 start: 1473410578 584611247
t_num: 15 finish: 1473410581 333703909 start: 1473410579 218575357
t_num: 1 finish: 1473410581 592705022 start: 1473410579 716333306
t_num: 7 finish: 1473410581 627745957 start: 1473410579 218351212
t_num: 10 finish: 1473410581 627995356 start: 1473410580 233009708
t_num: 14 finish: 1473410581 918594677 start: 1473410580 872547618
t_num: 4 finish: 1473410582 102115557 start: 1473410579 907506429
t_num: 20 finish: 1473410582 220929497 start: 1473410580 95902919
t_num: 26 finish: 1473410582 308055726 start: 1473410579 401482948
t_num: 21 finish: 1473410582 359294339 start: 1473410581 221432749
t_num: 2 finish: 1473410582 438867288 start: 1473410580 402250457
t_num: 30 finish: 1473410582 665517871 start: 1473410581 264881726
t_num: 8 finish: 1473410582 790143331 start: 1473410580 733584672
t_num: 0 finish: 1473410582 847356627 start: 1473410580 330730035
t_num: 13 finish: 1473410582 899191342 start: 1473410580 973112155
t_num: 31 finish: 1473410583 105366900 start: 1473410580 732944553
t_num: 14 finish: 1473410583 615837206 start: 1473410581 918653798
t_num: 7 finish: 1473410583 615897221 start: 1473410582 101688155
t_num: 3 finish: 1473410583 616038162 start: 1473410582 201820571
t_num: 6 finish: 1473410583 712153871 start: 1473410582 222117076
t_num: 11 finish: 1473410583 752278736 start: 1473410582 215822341
t_num: 15 finish: 1473410583 793011197 start: 1473410581 333752703
t_num: 10 finish: 1473410584 303198171 start: 1473410581 628030563
t_num: 31 finish: 1473410584 668439023 start: 1473410583 614889753
t_num: 20 finish: 1473410584 724974517 start: 1473410582 220958652
t_num: 8 finish: 1473410584 725644551 start: 1473410583 470965254
t_num: 19 finish: 1473410584 726662199 start: 1473410582 223919681
t_num: 13 finish: 1473410584 906190426 start: 1473410582 899214855
t_num: 26 finish: 1473410584 941952842 start: 1473410583 281939605
t_num: 27 finish: 1473410585 37965480 start: 1473410583 615827625
t_num: 23 finish: 1473410585 65533542 start: 1473410582 474007734
t_num: 4 finish: 1473410585 66210223 start: 1473410582 768118933
t_num: 21 finish: 1473410585 66269380 start: 1473410583 792203059
t_num: 11 finish: 1473410585 731865165 start: 1473410583 752307501
t_num: 16 finish: 1473410585 838833075 start: 1473410583 173884774
t_num: 2 finish: 1473410586 49168181 start: 1473410582 626341709
t_num: 1 finish: 1473410586 201137835 start: 1473410583 847951440
t_num: 27 finish: 1473410586 247735278 start: 1473410585 37996047
t_num: 8 finish: 1473410586 276895784 start: 1473410584 725664581
t_num: 12 finish: 1473410586 278295773 start: 1473410583 793096296
t_num: 13 finish: 1473410586 458853755 start: 1473410584 906216194
t_num: 24 finish: 1473410586 553343989 start: 1473410584 77974482
t_num: 10 finish: 1473410587 153498492 start: 1473410585 11369636
t_num: 3 finish: 1473410587 153718415 start: 1473410584 211763732
t_num: 14 finish: 1473410587 336767913 start: 1473410584 747275512
t_num: 19 finish: 1473410587 336780767 start: 1473410586 50035740
t_num: 20 finish: 1473410587 419841693 start: 1473410584 905963639
t_num: 0 finish: 1473410587 465942782 start: 1473410585 733930063
t_num: 18 finish: 1473410587 466035732 start: 1473410585 610717679
t_num: 23 finish: 1473410587 589188612 start: 1473410585 65559383
t_num: 31 finish: 1473410587 735090566 start: 1473410585 733684562
t_num: 13 finish: 1473410587 755689087 start: 1473410586 458903901
t_num: 12 finish: 1473410587 826504313 start: 1473410586 278311752
t_num: 16 finish: 1473410588 248764599 start: 1473410586 596564529
t_num: 9 finish: 1473410588 253373420 start: 1473410585 516607264
t_num: 1 finish: 1473410588 270428841 start: 1473410586 869375090
t_num: 2 finish: 1473410588 309909872 start: 1473410586 49198074
t_num: 14 finish: 1473410588 362798806 start: 1473410587 336824114
t_num: 26 finish: 1473410588 394262250 start: 1473410586 376543988
t_num: 7 finish: 1473410588 522003943 start: 1473410587 734259557
t_num: 25 finish: 1473410588 599532734 start: 1473410586 277111967
t_num: 29 finish: 1473410588 808375208 start: 1473410587 724491739
t_num: 12 finish: 1473410589 120031556 start: 1473410587 826522014
t_num: 24 finish: 1473410589 318097194 start: 1473410586 553394325
t_num: 18 finish: 1473410589 377502647 start: 1473410587 466054767
t_num: 15 finish: 1473410589 564443699 start: 1473410587 722459510
t_num: 19 finish: 1473410589 595501066 start: 1473410587 861633621
t_num: 23 finish: 1473410589 595546365 start: 1473410587 589223874
t_num: 3 finish: 1473410589 835270195 start: 1473410587 911750832
t_num: 30 finish: 1473410589 897639407 start: 1473410587 735253399
t_num: 22 finish: 1473410590 424883371 start: 1473410588 671415469
t_num: 8 finish: 1473410590 502180426 start: 1473410588 703856601
t_num: 9 finish: 1473410590 527139619 start: 1473410588 253394916
t_num: 5 finish: 1473410590 527700134 start: 1473410588 580141816
t_num: 30 finish: 1473410590 817859946 start: 1473410589 897674946
t_num: 2 finish: 1473410590 935076505 start: 1473410588 309942202
t_num: 25 finish: 1473410590 935161526 start: 1473410588 599581078
t_num: 15 finish: 1473410591 106243372 start: 1473410589 564475255
t_num: 13 finish: 1473410591 141863895 start: 1473410588 394223924
t_num: 7 finish: 1473410591 181132910 start: 1473410588 522047678
t_num: 28 finish: 1473410591 239827245 start: 1473410589 991396335
t_num: 19 finish: 1473410591 305179103 start: 1473410589 595533575
t_num: 4 finish: 1473410591 442768019 start: 1473410590 136306709
t_num: 14 finish: 1473410591 457280007 start: 1473410590 201091889
t_num: 29 finish: 1473410591 510312027 start: 1473410589 528855310
t_num: 26 finish: 1473410592 317654327 start: 1473410590 136564594
t_num: 11 finish: 1473410592 349125938 start: 1473410590 135709258
t_num: 8 finish: 1473410592 619491456 start: 1473410590 502214588
t_num: 2 finish: 1473410592 643253098 start: 1473410590 935113050
t_num: 23 finish: 1473410592 805835271 start: 1473410590 136510867
t_num: 10 finish: 1473410592 805840123 start: 1473410590 891778341
t_num: 1 finish: 1473410592 815769381 start: 1473410590 891735215
t_num: 5 finish: 1473410592 887418469 start: 1473410591 305255366
t_num: 6 finish: 1473410592 947388438 start: 1473410590 551960853
t_num: 16 finish: 1473410593 82841746 start: 1473410590 396349806
t_num: 9 finish: 1473410593 334469151 start: 1473410590 987250678
t_num: 30 finish: 1473410593 612125789 start: 1473410592 167906859
t_num: 26 finish: 1473410593 733569775 start: 1473410592 317678250
t_num: 14 finish: 1473410593 785600594 start: 1473410591 457303175
t_num: 13 finish: 1473410594 145137900 start: 1473410591 141906438
t_num: 22 finish: 1473410594 181641929 start: 1473410592 255347464
t_num: 19 finish: 1473410594 345175324 start: 1473410592 192554868
t_num: 7 finish: 1473410594 345243290 start: 1473410591 305133192
t_num: 23 finish: 1473410594 500521660 start: 1473410592 805886152
t_num: 8 finish: 1473410594 569664803 start: 1473410592 619535388
t_num: 28 finish: 1473410594 831668153 start: 1473410592 643504636
t_num: 1 finish: 1473410595 182109367 start: 1473410593 277303327
t_num: 20 finish: 1473410595 182346030 start: 1473410592 530354300
t_num: 17 finish: 1473410595 254117107 start: 1473410592 643324487
t_num: 4 finish: 1473410595 425211393 start: 1473410592 643374342
t_num: 16 finish: 1473410595 493336206 start: 1473410593 82875629
t_num: 22 finish: 1473410595 754327417 start: 1473410594 181685951
t_num: 21 finish: 1473410595 860616166 start: 1473410593 731109913
t_num: 12 finish: 1473410595 886826226 start: 1473410593 186642124
t_num: 13 finish: 1473410595 917704321 start: 1473410594 145172686
t_num: 26 finish: 1473410595 918520515 start: 1473410593 733601436
t_num: 17 finish: 1473410596 332859421 start: 1473410595 254143383
t_num: 25 finish: 1473410596 516774024 start: 1473410594 182392985
t_num: 23 finish: 1473410596 730342685 start: 1473410594 500563961
t_num: 9 finish: 1473410596 979974968 start: 1473410594 503048506
t_num: 30 finish: 1473410597 500481639 start: 1473410595 493412806
t_num: 20 finish: 1473410597 696034782 start: 1473410595 182363844
t_num: 27 finish: 1473410597 725560715 start: 1473410596 389322589
t_num: 14 finish: 1473410597 879877746 start: 1473410594 731117691
t_num: 8 finish: 1473410597 880461224 start: 1473410596 256366223
t_num: 6 finish: 1473410597 895719744 start: 1473410594 215780763
t_num: 12 finish: 1473410598 5602100 start: 1473410595 886853544
t_num: 24 finish: 1473410598 160506055 start: 1473410596 189896101
t_num: 28 finish: 1473410598 170234101 start: 1473410595 577139794
t_num: 18 finish: 1473410598 264178992 start: 1473410596 602539367
t_num: 29 finish: 1473410598 310907840 start: 1473410596 978454523
t_num: 22 finish: 1473410598 311329209 start: 1473410595 754377684
t_num: 31 finish: 1473410598 366212827 start: 1473410597 294485675
t_num: 26 finish: 1473410598 366961120 start: 1473410595 918539599
t_num: 5 finish: 1473410598 497617899 start: 1473410597 741392279
t_num: 0 finish: 1473410598 809936694 start: 1473410597 688448340
t_num: 16 finish: 1473410598 816562084 start: 1473410596 539990035
t_num: 4 finish: 1473410598 816721498 start: 1473410596 619781704
t_num: 1 finish: 1473410598 840835589 start: 1473410595 182150901
t_num: 11 finish: 1473410599 196378890 start: 1473410598 366918573
t_num: 17 finish: 1473410599 204348154 start: 1473410597 500513877
t_num: 20 finish: 1473410599 247756424 start: 1473410597 696062578
t_num: 9 finish: 1473410599 510860756 start: 1473410596 979995179
t_num: 14 finish: 1473410599 554546826 start: 1473410597 879901122
t_num: 24 finish: 1473410599 798122471 start: 1473410598 816681989
t_num: 12 finish: 1473410600 462646986 start: 1473410598 426114625
t_num: 31 finish: 1473410600 463609754 start: 1473410599 510892458
t_num: 26 finish: 1473410600 481182099 start: 1473410598 366979606
t_num: 28 finish: 1473410600 495534026 start: 1473410599 81324919
t_num: 8 finish: 1473410600 495741723 start: 1473410599 166389080
t_num: 22 finish: 1473410600 548823622 start: 1473410598 311349705
t_num: 1 finish: 1473410600 579103136 start: 1473410598 840855139
t_num: 6 finish: 1473410600 745555585 start: 1473410597 895740376
t_num: 29 finish: 1473410601 211095453 start: 1473410598 310953572
t_num: 18 finish: 1473410601 211395239 start: 1473410598 264218884
t_num: 20 finish: 1473410601 240467884 start: 1473410599 247789971
t_num: 11 finish: 1473410601 284314286 start: 1473410599 741475141
t_num: 17 finish: 1473410601 650967919 start: 1473410599 741263647
t_num: 1 finish: 1473410601 739437814 start: 1473410600 579122384
t_num: 31 finish: 1473410601 920901033 start: 1473410600 463629966
t_num: 14 finish: 1473410602 43023163 start: 1473410601 330946935
t_num: 12 finish: 1473410602 60263581 start: 1473410600 462676876
t_num: 6 finish: 1473410602 146089430 start: 1473410600 745603857
t_num: 0 finish: 1473410602 297726424 start: 1473410599 741038059
t_num: 29 finish: 1473410602 411895288 start: 1473410601 211122580
t_num: 15 finish: 1473410602 455971757 start: 1473410600 166046500
t_num: 27 finish: 1473410602 455994471 start: 1473410600 334714554
t_num: 22 finish: 1473410602 501865821 start: 1473410600 548860149
t_num: 13 finish: 1473410602 680439637 start: 1473410601 210891516
t_num: 21 finish: 1473410602 690253608 start: 1473410601 210860454
t_num: 18 finish: 1473410603 70300961 start: 1473410601 211414757
t_num: 16 finish: 1473410603 117338973 start: 1473410601 582356589
t_num: 26 finish: 1473410603 149931201 start: 1473410600 481204632
t_num: 12 finish: 1473410603 151095424 start: 1473410602 60286333
t_num: 30 finish: 1473410603 533452751 start: 1473410601 674028592
t_num: 5 finish: 1473410603 588290800 start: 1473410601 211194532
t_num: 6 finish: 1473410603 661867397 start: 1473410602 146112686
t_num: 14 finish: 1473410603 716413492 start: 1473410602 43059699
t_num: 27 finish: 1473410603 764481523 start: 1473410602 456064420
t_num: 31 finish: 1473410603 865379548 start: 1473410602 210073782
t_num: 20 finish: 1473410603 981837921 start: 1473410602 522257154
t_num: 10 finish: 1473410604 128049290 start: 1473410602 543464455
t_num: 0 finish: 1473410604 371264133 start: 1473410602 297769989
t_num: 8 finish: 1473410604 700720222 start: 1473410602 638347401
t_num: 2 finish: 1473410604 762274768 start: 1473410601 915394772
t_num: 20 finish: 1473410604 763075278 start: 1473410603 981860024
t_num: 15 finish: 1473410604 767117242 start: 1473410602 456030630
t_num: 12 finish: 1473410604 875129586 start: 1473410603 151115211
t_num: 26 finish: 1473410605 16561580 start: 1473410603 149957671
t_num: 16 finish: 1473410605 20091054 start: 1473410603 117361975
t_num: 5 finish: 1473410605 158307017 start: 1473410603 588327626
t_num: 19 finish: 1473410605 288416939 start: 1473410603 143304164
t_num: 27 finish: 1473410605 384969650 start: 1473410604 641350937
t_num: 8 finish: 1473410605 839158834 start: 1473410604 700746306
t_num: 13 finish: 1473410605 893878299 start: 1473410604 976589431
t_num: 20 finish: 1473410605 996650025 start: 1473410604 763095374
t_num: 16 finish: 1473410606 31082438 start: 1473410605 20112113
t_num: 23 finish: 1473410606 94566736 start: 1473410603 980728571
t_num: 18 finish: 1473410606 96097403 start: 1473410604 759655042
t_num: 26 finish: 1473410606 221786144 start: 1473410605 619661951
t_num: 1 finish: 1473410606 325421672 start: 1473410604 144375760
t_num: 9 finish: 1473410606 439155875 start: 1473410605 213742210
t_num: 6 finish: 1473410606 439189216 start: 1473410604 641632047
t_num: 25 finish: 1473410606 439155875 start: 1473410605 337994367
t_num: 5 finish: 1473410606 556221935 start: 1473410605 158344152
t_num: 30 finish: 1473410606 578728137 start: 1473410604 641301498
t_num: 21 finish: 1473410606 655307032 start: 1473410605 126035260
t_num: 27 finish: 1473410606 698279317 start: 1473410605 385004113
t_num: 4 finish: 1473410607 206349046 start: 1473410605 627882579
t_num: 16 finish: 1473410607 206351116 start: 1473410606 31107928
t_num: 23 finish: 1473410607 562446370 start: 1473410606 94600820
t_num: 17 finish: 1473410607 618208569 start: 1473410606 560237527
t_num: 20 finish: 1473410607 937077494 start: 1473410605 996669954
t_num: 18 finish: 1473410608 24093283 start: 1473410606 96117282
t_num: 2 finish: 1473410608 186269630 start: 1473410605 839190109
t_num: 21 finish: 1473410608 359170715 start: 1473410606 655328908
t_num: 4 finish: 1473410608 359207387 start: 1473410607 206406527
t_num: 5 finish: 1473410608 530226548 start: 1473410606 556249795
t_num: 22 finish: 1473410608 530898536 start: 1473410606 781157118
t_num: 10 finish: 1473410608 561053242 start: 1473410606 376756357
t_num: 31 finish: 1473410608 622964767 start: 1473410607 243736371
t_num: 16 finish: 1473410608 769872158 start: 1473410607 206437375
t_num: 28 finish: 1473410608 871068711 start: 1473410607 793875069
t_num: 8 finish: 1473410609 67833600 start: 1473410607 262181841
t_num: 30 finish: 1473410609 106510401 start: 1473410606 578769261
t_num: 19 finish: 1473410609 129761731 start: 1473410607 708326683
t_num: 4 finish: 1473410609 295352734 start: 1473410608 359237595
t_num: 2 finish: 1473410609 437070410 start: 1473410608 186298633
t_num: 20 finish: 1473410609 642438241 start: 1473410607 937151883
t_num: 26 finish: 1473410609 701767847 start: 1473410607 262213895
t_num: 9 finish: 1473410609 782674199 start: 1473410608 25027326
t_num: 25 finish: 1473410610 155934826 start: 1473410607 708344760
t_num: 6 finish: 1473410610 269247964 start: 1473410608 545272825
t_num: 16 finish: 1473410610 272120131 start: 1473410608 769917319
t_num: 13 finish: 1473410610 279206024 start: 1473410608 23840232
t_num: 5 finish: 1473410610 390654391 start: 1473410608 530270589
t_num: 24 finish: 1473410610 650025873 start: 1473410608 559414145
t_num: 31 finish: 1473410610 853855175 start: 1473410608 623009792
t_num: 20 finish: 1473410611 314563883 start: 1473410609 642479958
t_num: 28 finish: 1473410611 482606567 start: 1473410608 871115380
t_num: 9 finish: 1473410611 555438028 start: 1473410609 782730868
t_num: 30 finish: 1473410611 600682648 start: 1473410609 106540664
t_num: 8 finish: 1473410611 668706749 start: 1473410610 34868099
t_num: 22 finish: 1473410611 715800881 start: 1473410609 910316995
t_num: 25 finish: 1473410611 812594532 start: 1473410610 155976468
t_num: 31 finish: 1473410612 267209095 start: 1473410610 853911748
t_num: 26 finish: 1473410612 341214073 start: 1473410610 585281922
t_num: 3 finish: 1473410612 542141518 start: 1473410610 273584787
t_num: 2 finish: 1473410612 688959015 start: 1473410610 893683407
t_num: 11 finish: 1473410612 864591995 start: 1473410610 525030743
t_num: 27 finish: 1473410613 99418580 start: 1473410611 268820912
t_num: 24 finish: 1473410613 169642506 start: 1473410611 983402218
t_num: 26 finish: 1473410613 170349994 start: 1473410612 341246669
t_num: 4 finish: 1473410613 525682580 start: 1473410611 352401598
t_num: 25 finish: 1473410613 525854631 start: 1473410611 812634087
t_num: 30 finish: 1473410613 609808109 start: 1473410611 600715233
t_num: 6 finish: 1473410613 691758741 start: 1473410611 745597232
t_num: 9 finish: 1473410613 708318269 start: 1473410611 555483893
t_num: 7 finish: 1473410613 771832616 start: 1473410611 103013673
t_num: 2 finish: 1473410613 960069624 start: 1473410612 689002802
t_num: 15 finish: 1473410614 18076613 start: 1473410610 893617450
t_num: 5 finish: 1473410614 44523999 start: 1473410613 130849633
t_num: 11 finish: 1473410614 173816857 start: 1473410612 864631036
t_num: 31 finish: 1473410614 430458339 start: 1473410612 267251440
t_num: 9 finish: 1473410614 546081295 start: 1473410613 708349581
t_num: 22 finish: 1473410614 583605783 start: 1473410613 471769589
t_num: 27 finish: 1473410614 871262940 start: 1473410613 99486970
t_num: 19 finish: 1473410614 931954797 start: 1473410612 727818414
t_num: 3 finish: 1473410615 11629149 start: 1473410613 526123554
t_num: 8 finish: 1473410615 91244193 start: 1473410612 993043511
t_num: 26 finish: 1473410615 227275998 start: 1473410613 170371282
t_num: 18 finish: 1473410615 398539048 start: 1473410613 690621746
t_num: 29 finish: 1473410615 512764604 start: 1473410612 925971741
t_num: 14 finish: 1473410615 512801576 start: 1473410613 773044479
t_num: 4 finish: 1473410615 589678613 start: 1473410614 27176223
t_num: 30 finish: 1473410615 637593847 start: 1473410613 609848495
t_num: 25 finish: 1473410615 656739758 start: 1473410614 484062295
t_num: 5 finish: 1473410615 979247738 start: 1473410614 44545297
t_num: 7 finish: 1473410616 30676485 start: 1473410614 583673061
t_num: 31 finish: 1473410616 255773161 start: 1473410614 430499866
t_num: 19 finish: 1473410616 523292573 start: 1473410615 693220441
t_num: 23 finish: 1473410616 635704290 start: 1473410614 483934740
t_num: 5 finish: 1473410616 680580941 start: 1473410615 979301522
t_num: 30 finish: 1473410616 724642974 start: 1473410615 637627937
t_num: 11 finish: 1473410616 794589699 start: 1473410614 636096251
t_num: 28 finish: 1473410616 794779365 start: 1473410615 368042963
t_num: 6 finish: 1473410617 443282779 start: 1473410615 394190608
t_num: 26 finish: 1473410617 444414405 start: 1473410615 227312942
t_num: 4 finish: 1473410617 861344302 start: 1473410615 589721426
t_num: 8 finish: 1473410617 918977184 start: 1473410615 91292502
t_num: 31 finish: 1473410617 919819582 start: 1473410616 255807319
t_num: 3 finish: 1473410617 953355400 start: 1473410615 11679219
t_num: 25 finish: 1473410617 954285571 start: 1473410616 124435381
t_num: 2 finish: 1473410618 135596595 start: 1473410614 932030450
t_num: 7 finish: 1473410618 176184764 start: 1473410616 30707352
t_num: 28 finish: 1473410618 176283655 start: 1473410616 794816091
t_num: 13 finish: 1473410618 176324269 start: 1473410616 256091064
t_num: 27 finish: 1473410618 635584858 start: 1473410616 724760762
t_num: 8 finish: 1473410618 762402673 start: 1473410617 918998415
t_num: 0 finish: 1473410619 179223353 start: 1473410617 634307424
t_num: 18 finish: 1473410619 179811817 start: 1473410616 189464535
t_num: 27 finish: 1473410619 395281098 start: 1473410618 635623629
t_num: 7 finish: 1473410619 491134302 start: 1473410618 176216370
t_num: 3 finish: 1473410619 528711279 start: 1473410617 953377432
t_num: 11 finish: 1473410619 528742526 start: 1473410617 952901731
t_num: 23 finish: 1473410619 730585290 start: 1473410618 735976209
t_num: 28 finish: 1473410619 788544741 start: 1473410618 176302738
t_num: 5 finish: 1473410620 337902770 start: 1473410617 119039067
t_num: 6 finish: 1473410620 374814930 start: 1473410618 734831213
t_num: 29 finish: 1473410620 566914867 start: 1473410617 918036234
t_num: 13 finish: 1473410620 570533967 start: 1473410618 176342950
t_num: 14 finish: 1473410620 576123685 start: 1473410618 793568612
t_num: 17 finish: 1473410620 577491951 start: 1473410618 416269321
t_num: 7 finish: 1473410620 745730337 start: 1473410619 491172591
t_num: 4 finish: 1473410620 806591014 start: 1473410618 602054856
t_num: 9 finish: 1473410620 833409498 start: 1473410619 196267411
t_num: 31 finish: 1473410620 834274968 start: 1473410617 919840091
t_num: 21 finish: 1473410620 946567020 start: 1473410620 285608528
t_num: 28 finish: 1473410621 305477477 start: 1473410619 788587210
t_num: 16 finish: 1473410621 313600281 start: 1473410618 880211373
t_num: 3 finish: 1473410621 319185646 start: 1473410619 842472937
t_num: 5 finish: 1473410621 413845741 start: 1473410620 337936406
t_num: 8 finish: 1473410621 671776039 start: 1473410619 642349503
t_num: 2 finish: 1473410621 925254226 start: 1473410619 572160860
t_num: 6 finish: 1473410621 956411274 start: 1473410620 374839067
t_num: 4 finish: 1473410622 116948633 start: 1473410620 806637829
t_num: 13 finish: 1473410622 177509988 start: 1473410621 122101660
t_num: 14 finish: 1473410622 338509954 start: 1473410620 576144172
t_num: 11 finish: 1473410622 433680104 start: 1473410620 246897268
t_num: 21 finish: 1473410622 588890410 start: 1473410621 825576296
t_num: 17 finish: 1473410622 666456018 start: 1473410620 577512426
t_num: 0 finish: 1473410622 776174533 start: 1473410621 990440328
t_num: 7 finish: 1473410622 969080441 start: 1473410620 745762724
t_num: 9 finish: 1473410623 185749082 start: 1473410621 813469428
t_num: 18 finish: 1473410623 398069958 start: 1473410621 671801939
t_num: 5 finish: 1473410623 547899432 start: 1473410621 413865649
t_num: 8 finish: 1473410623 603671548 start: 1473410621 671817843
t_num: 6 finish: 1473410623 603710723 start: 1473410621 956442414
t_num: 3 finish: 1473410624 233221744 start: 1473410621 319211511
t_num: 30 finish: 1473410624 259435087 start: 1473410622 481079606
t_num: 22 finish: 1473410624 915437051 start: 1473410621 402806232
t_num: 18 finish: 1473410625 29044882 start: 1473410623 398096641
t_num: 20 finish: 1473410625 404010811 start: 1473410622 776231757
t_num: 13 finish: 1473410625 636069741 start: 1473410623 182017131
t_num: 6 finish: 1473410625 681578334 start: 1473410623 603727516
t_num: 4 finish: 1473410625 681626284 start: 1473410623 657298214
t_num: 8 finish: 1473410625 681700780 start: 1473410623 603712612
t_num: 17 finish: 1473410625 739909057 start: 1473410622 666500702
t_num: 21 finish: 1473410625 740142941 start: 1473410623 184457845
t_num: 27 finish: 1473410626 14037292 start: 1473410624 603259292
t_num: 10 finish: 1473410626 103184108 start: 1473410622 776436427
t_num: 23 finish: 1473410626 224920245 start: 1473410623 657048828
t_num: 14 finish: 1473410626 398523036 start: 1473410624 867491784
t_num: 30 finish: 1473410626 415282100 start: 1473410624 259459079
t_num: 24 finish: 1473410626 617125077 start: 1473410624 435840102
t_num: 2 finish: 1473410626 762966355 start: 1473410624 876604496
t_num: 11 finish: 1473410626 763021859 start: 1473410623 824785867
t_num: 7 finish: 1473410626 818049395 start: 1473410623 809288711
t_num: 1 finish: 1473410627 243482747 start: 1473410625 618422191
t_num: 20 finish: 1473410627 316676132 start: 1473410625 404035174
t_num: 16 finish: 1473410627 368426893 start: 1473410623 657142321
t_num: 8 finish: 1473410627 368443111 start: 1473410625 681717854
t_num: 4 finish: 1473410627 412571786 start: 1473410625 681651767
t_num: 15 finish: 1473410627 962342210 start: 1473410626 640283404
t_num: 7 finish: 1473410627 985652127 start: 1473410626 818075265
t_num: 10 finish: 1473410628 153960342 start: 1473410626 103222076
t_num: 3 finish: 1473410628 203155787 start: 1473410626 13907437
t_num: 21 finish: 1473410628 414993109 start: 1473410625 740176929
t_num: 30 finish: 1473410628 697245930 start: 1473410626 415316400
t_num: 1 finish: 1473410628 699115469 start: 1473410627 243522668
t_num: 26 finish: 1473410628 747794792 start: 1473410627 757082192
t_num: 23 finish: 1473410628 779341209 start: 1473410627 763817240
t_num: 7 finish: 1473410628 833472433 start: 1473410627 985671076
t_num: 11 finish: 1473410629 257814184 start: 1473410626 763041922
t_num: 15 finish: 1473410629 419661773 start: 1473410627 962369615
t_num: 22 finish: 1473410629 419678134 start: 1473410627 962530676
t_num: 12 finish: 1473410629 434231078 start: 1473410627 795380526
t_num: 2 finish: 1473410629 505897635 start: 1473410627 797117354
t_num: 10 finish: 1473410629 527519515 start: 1473410628 154016880
t_num: 21 finish: 1473410629 575461353 start: 1473410628 415022475
t_num: 31 finish: 1473410629 629665157 start: 1473410628 237690450
t_num: 27 finish: 1473410629 759283807 start: 1473410627 765039900
t_num: 25 finish: 1473410629 759353589 start: 1473410628 202847983
t_num: 0 finish: 1473410629 759455947 start: 1473410629 170887362
t_num: 3 finish: 1473410629 857904164 start: 1473410628 203176747
t_num: 18 finish: 1473410630 38118600 start: 1473410628 960140147
t_num: 24 finish: 1473410630 448436121 start: 1473410628 574395295
t_num: 4 finish: 1473410630 501403651 start: 1473410627 962307330
t_num: 16 finish: 1473410630 589080509 start: 1473410628 625953954
t_num: 14 finish: 1473410630 667326833 start: 1473410628 154066136
t_num: 6 finish: 1473410630 786403249 start: 1473410629 519417756
t_num: 28 finish: 1473410630 848175177 start: 1473410629 759309295
t_num: 11 finish: 1473410630 905635137 start: 1473410629 420002772
t_num: 23 finish: 1473410631 147346206 start: 1473410628 779361520
t_num: 15 finish: 1473410631 176040678 start: 1473410629 419699328
t_num: 0 finish: 1473410631 696257545 start: 1473410630 595005011
t_num: 21 finish: 1473410631 820237918 start: 1473410630 594885033
t_num: 25 finish: 1473410631 821577779 start: 1473410630 304262553
t_num: 1 finish: 1473410631 988769728 start: 1473410629 510422255
t_num: 11 finish: 1473410632 370846204 start: 1473410630 905668480
t_num: 3 finish: 1473410632 557154779 start: 1473410629 857944046
t_num: 24 finish: 1473410632 557503307 start: 1473410631 135740203
t_num: 9 finish: 1473410632 566739854 start: 1473410631 647032324
t_num: 2 finish: 1473410632 566782596 start: 1473410631 135203645
t_num: 18 finish: 1473410632 587202802 start: 1473410630 38162630
t_num: 0 finish: 1473410632 704878899 start: 1473410631 696291381
t_num: 14 finish: 1473410632 769673004 start: 1473410630 667369153
t_num: 16 finish: 1473410632 833161658 start: 1473410631 298570811
t_num: 13 finish: 1473410632 874517739 start: 1473410631 336767241
t_num: 25 finish: 1473410632 918010501 start: 1473410631 821598342
t_num: 20 finish: 1473410633 124954903 start: 1473410630 501383088
t_num: 5 finish: 1473410633 296034646 start: 1473410630 740403521
t_num: 9 finish: 1473410633 296045008 start: 1473410632 566760788
t_num: 28 finish: 1473410633 305403313 start: 1473410630 848199304
t_num: 15 finish: 1473410633 426488047 start: 1473410631 176073944
t_num: 18 finish: 1473410633 614493781 start: 1473410632 587223802
t_num: 31 finish: 1473410633 703073629 start: 1473410631 822406959
t_num: 4 finish: 1473410633 760744197 start: 1473410631 813883180
t_num: 10 finish: 1473410634 293491685 start: 1473410631 843494816
t_num: 14 finish: 1473410634 473063484 start: 1473410632 769701866
t_num: 13 finish: 1473410634 651617778 start: 1473410632 874541945
t_num: 2 finish: 1473410634 788235149 start: 1473410633 688884357
t_num: 11 finish: 1473410634 788240474 start: 1473410632 940467603
t_num: 9 finish: 1473410634 872692590 start: 1473410633 296065642
t_num: 3 finish: 1473410634 917368012 start: 1473410633 320317497
t_num: 28 finish: 1473410635 224919207 start: 1473410633 305424585
t_num: 21 finish: 1473410635 331289166 start: 1473410633 175294636
t_num: 20 finish: 1473410635 367715328 start: 1473410633 870374602
t_num: 0 finish: 1473410635 368945198 start: 1473410633 256525126
t_num: 15 finish: 1473410635 369185983 start: 1473410633 426537573
t_num: 18 finish: 1473410635 506773502 start: 1473410633 614531383
t_num: 4 finish: 1473410635 507231029 start: 1473410633 760763242
t_num: 24 finish: 1473410635 742890433 start: 1473410634 79826603
t_num: 10 finish: 1473410635 808772823 start: 1473410634 293550333
t_num: 19 finish: 1473410635 808785280 start: 1473410634 538961987
t_num: 5 finish: 1473410635 914857193 start: 1473410634 724755862
t_num: 25 finish: 1473410636 274341019 start: 1473410634 746859486
t_num: 31 finish: 1473410636 325493496 start: 1473410634 976697433
t_num: 14 finish: 1473410636 381220276 start: 1473410634 746878368
t_num: 7 finish: 1473410636 498708353 start: 1473410634 293520239
t_num: 9 finish: 1473410636 606385100 start: 1473410634 872726809
t_num: 30 finish: 1473410636 721497741 start: 1473410635 368907533
t_num: 18 finish: 1473410636 722213303 start: 1473410635 507010360
t_num: 1 finish: 1473410637 97764341 start: 1473410636 325563475
t_num: 31 finish: 1473410637 277919486 start: 1473410636 325518136
t_num: 4 finish: 1473410637 668526784 start: 1473410635 808726682
t_num: 28 finish: 1473410637 674451293 start: 1473410635 224948715
t_num: 0 finish: 1473410637 683399521 start: 1473410635 368961351
t_num: 20 finish: 1473410637 872968931 start: 1473410635 367748268
t_num: 5 finish: 1473410637 911094077 start: 1473410636 810846699
t_num: 8 finish: 1473410637 976383634 start: 1473410636 536248425
t_num: 15 finish: 1473410637 977183924 start: 1473410635 915567405
t_num: 21 finish: 1473410638 142120797 start: 1473410636 418457482
t_num: 10 finish: 1473410638 180097914 start: 1473410635 808793396
t_num: 13 finish: 1473410638 508240773 start: 1473410636 230205848
t_num: 0 finish: 1473410638 509041101 start: 1473410637 683420434
t_num: 24 finish: 1473410638 569445265 start: 1473410636 273773509
t_num: 19 finish: 1473410638 656622581 start: 1473410635 808818134
t_num: 14 finish: 1473410638 793037565 start: 1473410637 452742316
t_num: 9 finish: 1473410638 920319600 start: 1473410637 231067118
t_num: 18 finish: 1473410639 221952716 start: 1473410636 722232798
t_num: 31 finish: 1473410639 482896181 start: 1473410637 716120760
t_num: 15 finish: 1473410639 567241121 start: 1473410637 977204422
t_num: 17 finish: 1473410639 567259210 start: 1473410636 501347061
t_num: 4 finish: 1473410639 871248445 start: 1473410637 911087656
t_num: 1 finish: 1473410639 872773962 start: 1473410637 673021812
t_num: 28 finish: 1473410640 304873559 start: 1473410637 674472740
t_num: 20 finish: 1473410640 436183666 start: 1473410637 873001624
t_num: 24 finish: 1473410640 606547843 start: 1473410638 951096932
t_num: 9 finish: 1473410640 622450810 start: 1473410638 920344146
t_num: 13 finish: 1473410640 653782037 start: 1473410638 508272850
t_num: 29 finish: 1473410640 654067976 start: 1473410637 976144721
t_num: 10 finish: 1473410641 37517409 start: 1473410638 602259964
t_num: 14 finish: 1473410641 139791842 start: 1473410638 793096812
t_num: 19 finish: 1473410641 277698478 start: 1473410638 656656231
t_num: 26 finish: 1473410641 562574073 start: 1473410638 920278554
t_num: 7 finish: 1473410641 625476287 start: 1473410639 482827805
t_num: 18 finish: 1473410641 732881467 start: 1473410639 864163251
t_num: 5 finish: 1473410641 772266598 start: 1473410639 567590710
t_num: 0 finish: 1473410641 790935377 start: 1473410638 509058895
t_num: 15 finish: 1473410641 889991804 start: 1473410639 567287646
t_num: 26 finish: 1473410642 844387564 start: 1473410641 562617435
t_num: 27 finish: 1473410642 961146803 start: 1473410640 819915853
t_num: 4 finish: 1473410643 34004310 start: 1473410639 871278715
t_num: 20 finish: 1473410643 98223346 start: 1473410640 436232527
t_num: 10 finish: 1473410643 218768135 start: 1473410641 37562491
t_num: 18 finish: 1473410643 234916518 start: 1473410641 732908069
t_num: 9 finish: 1473410643 238577563 start: 1473410640 622473682
t_num: 14 finish: 1473410643 278846225 start: 1473410641 139814404
t_num: 31 finish: 1473410643 325011914 start: 1473410640 653737892
t_num: 17 finish: 1473410643 465800215 start: 1473410641 709562802
t_num: 13 finish: 1473410643 514938171 start: 1473410641 445169488
t_num: 16 finish: 1473410643 609928513 start: 1473410641 72958980
t_num: 7 finish: 1473410643 946635310 start: 1473410641 625512658
t_num: 29 finish: 1473410644 230720325 start: 1473410641 450513626
t_num: 19 finish: 1473410644 322764865 start: 1473410641 462072503
t_num: 24 finish: 1473410644 323766635 start: 1473410640 606592449
t_num: 0 finish: 1473410644 469746165 start: 1473410641 790963443
t_num: 9 finish: 1473410644 551433430 start: 1473410643 238611759
t_num: 3 finish: 1473410644 721864845 start: 1473410643 77972077
t_num: 26 finish: 1473410644 786753310 start: 1473410642 844428087
t_num: 27 finish: 1473410644 828386352 start: 1473410642 961201009
t_num: 29 finish: 1473410644 919292270 start: 1473410644 230752346
t_num: 2 finish: 1473410644 919424044 start: 1473410643 310172445
t_num: 7 finish: 1473410645 245192814 start: 1473410643 946667605
t_num: 18 finish: 1473410645 402292893 start: 1473410643 234937974
t_num: 4 finish: 1473410645 439608863 start: 1473410643 34026321
t_num: 5 finish: 1473410645 963662516 start: 1473410643 465837263
t_num: 15 finish: 1473410645 993017634 start: 1473410644 599285604
t_num: 24 finish: 1473410646 17384107 start: 1473410644 323788323
t_num: 17 finish: 1473410646 17441738 start: 1473410644 358610913
t_num: 20 finish: 1473410646 148947912 start: 1473410644 892536427
t_num: 12 finish: 1473410646 402338214 start: 1473410644 743070733
t_num: 13 finish: 1473410646 423774685 start: 1473410644 743115360
t_num: 10 finish: 1473410646 440362494 start: 1473410645 275706687
t_num: 6 finish: 1473410646 464777455 start: 1473410644 965635425
t_num: 31 finish: 1473410646 504400894 start: 1473410643 325034415
t_num: 9 finish: 1473410646 507489155 start: 1473410645 236616258
t_num: 3 finish: 1473410646 589889811 start: 1473410644 721912022
t_num: 26 finish: 1473410646 787892420 start: 1473410645 308633532
t_num: 18 finish: 1473410647 147449817 start: 1473410645 402330501
t_num: 0 finish: 1473410647 202994333 start: 1473410644 469830854
t_num: 7 finish: 1473410647 365742875 start: 1473410645 245215882
t_num: 2 finish: 1473410647 365750620 start: 1473410645 429979979
t_num: 24 finish: 1473410647 405554943 start: 1473410646 17404517
t_num: 20 finish: 1473410647 634461819 start: 1473410646 747184330
t_num: 6 finish: 1473410648 71607931 start: 1473410646 464793985
t_num: 19 finish: 1473410648 328911150 start: 1473410646 17315320
t_num: 0 finish: 1473410648 425411397 start: 1473410647 203028866
t_num: 3 finish: 1473410648 434081446 start: 1473410647 406073637
t_num: 8 finish: 1473410648 456994270 start: 1473410645 789119586
t_num: 13 finish: 1473410648 550095188 start: 1473410647 405696043
t_num: 22 finish: 1473410648 611068040 start: 1473410646 965088004
t_num: 17 finish: 1473410648 611252844 start: 1473410647 187397902
t_num: 12 finish: 1473410648 941238956 start: 1473410646 402388031
t_num: 6 finish: 1473410649 389066384 start: 1473410648 71635867
t_num: 5 finish: 1473410649 568443559 start: 1473410648 70641610
t_num: 7 finish: 1473410649 641788107 start: 1473410647 365772271
t_num: 10 finish: 1473410649 660911607 start: 1473410647 405627414
t_num: 29 finish: 1473410650 1317382 start: 1473410648 611683816
t_num: 13 finish: 1473410650 206961907 start: 1473410648 941210192
t_num: 25 finish: 1473410650 223104773 start: 1473410647 365436020
t_num: 24 finish: 1473410650 235182907 start: 1473410648 469107609
t_num: 28 finish: 1473410650 602913947 start: 1473410648 736708754
t_num: 20 finish: 1473410650 701638960 start: 1473410648 389312744
t_num: 11 finish: 1473410650 845182541 start: 1473410648 294016712
t_num: 12 finish: 1473410650 868433562 start: 1473410649 660923928
t_num: 26 finish: 1473410650 868463365 start: 1473410649 757347377
t_num: 27 finish: 1473410651 66767838 start: 1473410649 793253269
t_num: 30 finish: 1473410651 66856786 start: 1473410648 611503931
t_num: 19 finish: 1473410651 218280628 start: 1473410648 654875206
t_num: 19 finish: 1473410651 448089265 start: 1473410651 218311315
t_num: 22 finish: 1473410651 455454096 start: 1473410648 611101514
t_num: 17 finish: 1473410651 501726541 start: 1473410649 498523478
t_num: 8 finish: 1473410651 611275757 start: 1473410648 611767070
t_num: 18 finish: 1473410651 652779063 start: 1473410649 712068948
t_num: 7 finish: 1473410651 841216431 start: 1473410649 641817616
t_num: 10 finish: 1473410652 130172476 start: 1473410649 660929315
t_num: 13 finish: 1473410652 667558970 start: 1473410650 822363181
t_num: 18 finish: 1473410652 945511753 start: 1473410652 162114049
t_num: 23 finish: 1473410652 975846935 start: 1473410652 161672223
t_num: 12 finish: 1473410653 316010901 start: 1473410651 886207298
t_num: 29 finish: 1473410653 318416884 start: 1473410652 152825203
t_num: 22 finish: 1473410653 333512275 start: 1473410651 455474271
t_num: 17 finish: 1473410653 385726071 start: 1473410651 501748118
t_num: 26 finish: 1473410653 531581442 start: 1473410650 868479275
t_num: 21 finish: 1473410653 694380476 start: 1473410650 853592355
t_num: 27 finish: 1473410654 72969994 start: 1473410651 66811066
t_num: 25 finish: 1473410654 144562684 start: 1473410650 991871784
t_num: 30 finish: 1473410654 226181887 start: 1473410651 66876059
t_num: 18 finish: 1473410654 495826127 start: 1473410652 945551483
t_num: 4 finish: 1473410654 588285787 start: 1473410652 344072547
t_num: 31 finish: 1473410654 678476006 start: 1473410651 454742240
t_num: 8 finish: 1473410655 81675617 start: 1473410652 961094546
t_num: 5 finish: 1473410655 86418080 start: 1473410653 128749782
t_num: 23 finish: 1473410655 103317369 start: 1473410652 975885322
t_num: 13 finish: 1473410655 166738414 start: 1473410653 320433002
t_num: 7 finish: 1473410655 167048381 start: 1473410653 21559726
t_num: 26 finish: 1473410655 279477189 start: 1473410653 531610472
t_num: 30 finish: 1473410655 354834429 start: 1473410654 226217991
t_num: 18 finish: 1473410655 505347048 start: 1473410654 495850027
t_num: 0 finish: 1473410655 505347058 start: 1473410653 312309228
t_num: 27 finish: 1473410655 649072526 start: 1473410654 73009069
t_num: 25 finish: 1473410655 649164818 start: 1473410654 869393263
t_num: 1 finish: 1473410655 824362172 start: 1473410654 869175039
t_num: 7 finish: 1473410656 78795084 start: 1473410655 167072582
t_num: 11 finish: 1473410656 78926020 start: 1473410654 638426967
t_num: 19 finish: 1473410656 328505650 start: 1473410654 751777871
t_num: 4 finish: 1473410656 376779963 start: 1473410654 588318202
t_num: 31 finish: 1473410656 909763718 start: 1473410654 678543179
t_num: 2 finish: 1473410656 925418932 start: 1473410655 505457906
t_num: 8 finish: 1473410657 277202198 start: 1473410655 81717283
t_num: 16 finish: 1473410657 799055550 start: 1473410654 990926396
t_num: 25 finish: 1473410657 959354616 start: 1473410655 649184391
t_num: 17 finish: 1473410657 959582859 start: 1473410654 869144559
t_num: 31 finish: 1473410657 961200461 start: 1473410656 909805095
t_num: 10 finish: 1473410658 113190730 start: 1473410655 716399331
t_num: 1 finish: 1473410658 113445339 start: 1473410656 756352061
t_num: 21 finish: 1473410658 113488950 start: 1473410657 56386770
t_num: 11 finish: 1473410658 254417554 start: 1473410656 78941010
t_num: 2 finish: 1473410658 281981583 start: 1473410656 925445077
t_num: 24 finish: 1473410658 289415997 start: 1473410656 79161472
t_num: 5 finish: 1473410658 595699538 start: 1473410656 377410792
t_num: 19 finish: 1473410658 637559238 start: 1473410656 328556860
t_num: 28 finish: 1473410658 639572651 start: 1473410655 927728491
t_num: 0 finish: 1473410658 639890312 start: 1473410655 505426445
t_num: 26 finish: 1473410658 741145856 start: 1473410657 390208021
t_num: 27 finish: 1473410659 37088070 start: 1473410657 612135373
t_num: 7 finish: 1473410659 176050884 start: 1473410657 721579066
t_num: 4 finish: 1473410659 387960029 start: 1473410656 376835061
t_num: 31 finish: 1473410659 715545355 start: 1473410657 961238393
t_num: 5 finish: 1473410659 715613092 start: 1473410658 595736869
t_num: 3 finish: 1473410659 717238387 start: 1473410658 369951510
t_num: 10 finish: 1473410659 717930126 start: 1473410658 113228896
t_num: 16 finish: 1473410659 718468039 start: 1473410658 628188362
t_num: 2 finish: 1473410660 406377763 start: 1473410658 282013450
t_num: 1 finish: 1473410660 406379176 start: 1473410658 113464071
t_num: 17 finish: 1473410660 424034261 start: 1473410657 959604401
t_num: 22 finish: 1473410660 424046608 start: 1473410658 637516772
t_num: 30 finish: 1473410660 540878846 start: 1473410659 698859947
t_num: 6 finish: 1473410660 587989306 start: 1473410659 706460300
t_num: 20 finish: 1473410660 624689986 start: 1473410659 711107556
t_num: 23 finish: 1473410660 747972251 start: 1473410660 328947939
t_num: 7 finish: 1473410660 856964156 start: 1473410659 176078772
t_num: 0 finish: 1473410660 857689527 start: 1473410658 639910856
t_num: 21 finish: 1473410661 890938171 start: 1473410659 349766232
t_num: 22 finish: 1473410661 939603860 start: 1473410660 424061875
t_num: 10 finish: 1473410661 975172138 start: 1473410659 717949137
t_num: 27 finish: 1473410661 998646125 start: 1473410659 37132294
t_num: 18 finish: 1473410661 998715900 start: 1473410659 697138305
t_num: 19 finish: 1473410661 998808914 start: 1473410658 637586258
t_num: 3 finish: 1473410662 164209025 start: 1473410659 717259180
t_num: 26 finish: 1473410662 172889927 start: 1473410659 175172115
t_num: 6 finish: 1473410662 173485755 start: 1473410660 588023532
t_num: 4 finish: 1473410662 180631980 start: 1473410660 330948020
t_num: 0 finish: 1473410662 203500243 start: 1473410660 857710055
t_num: 14 finish: 1473410662 279299957 start: 1473410660 750564282
t_num: 2 finish: 1473410662 409822278 start: 1473410660 634175626
t_num: 20 finish: 1473410662 674864046 start: 1473410660 624720809
t_num: 27 finish: 1473410662 847146690 start: 1473410661 998670196
t_num: 7 finish: 1473410662 975768801 start: 1473410661 308569180
t_num: 6 finish: 1473410663 339033762 start: 1473410662 173499648
t_num: 21 finish: 1473410663 672875440 start: 1473410661 890966941
t_num: 30 finish: 1473410663 685328370 start: 1473410660 540913805
t_num: 3 finish: 1473410663 717807444 start: 1473410662 164257433
t_num: 20 finish: 1473410663 783141257 start: 1473410662 674906240
t_num: 11 finish: 1473410663 810083303 start: 1473410661 880196543
t_num: 17 finish: 1473410663 976372636 start: 1473410661 910231658
t_num: 10 finish: 1473410664 84026484 start: 1473410662 519752551
t_num: 27 finish: 1473410664 541599497 start: 1473410662 847182869
t_num: 25 finish: 1473410664 567701113 start: 1473410661 893758344
t_num: 9 finish: 1473410664 758529165 start: 1473410662 975801042
t_num: 8 finish: 1473410664 853264077 start: 1473410663 172659188
t_num: 22 finish: 1473410664 893361554 start: 1473410663 621187548
t_num: 14 finish: 1473410665 283486489 start: 1473410662 279338524
t_num: 20 finish: 1473410665 429702659 start: 1473410663 783182606
t_num: 6 finish: 1473410665 430103805 start: 1473410663 621181599
t_num: 18 finish: 1473410665 473857131 start: 1473410662 556792432
t_num: 24 finish: 1473410665 544115235 start: 1473410663 610862809
t_num: 19 finish: 1473410665 620877867 start: 1473410664 114643707
t_num: 29 finish: 1473410665 621548231 start: 1473410663 465127238
t_num: 25 finish: 1473410665 702358985 start: 1473410664 567736899
t_num: 15 finish: 1473410665 729605053 start: 1473410663 717859561
t_num: 21 finish: 1473410665 783550893 start: 1473410663 672914097
t_num: 5 finish: 1473410665 953759360 start: 1473410663 684387303
t_num: 3 finish: 1473410666 12526586 start: 1473410664 585684989
t_num: 30 finish: 1473410666 90347988 start: 1473410663 685350325
t_num: 12 finish: 1473410666 514298552 start: 1473410665 11196679
t_num: 8 finish: 1473410666 610004656 start: 1473410664 853303636
t_num: 22 finish: 1473410666 671483249 start: 1473410665 430035627
t_num: 24 finish: 1473410666 748513618 start: 1473410665 544158886
t_num: 2 finish: 1473410666 836892083 start: 1473410664 801685959
t_num: 6 finish: 1473410667 16980368 start: 1473410665 430143131
t_num: 27 finish: 1473410667 61931013 start: 1473410665 473839521
t_num: 5 finish: 1473410667 377503596 start: 1473410665 953820759
t_num: 19 finish: 1473410667 453234458 start: 1473410666 242124155
t_num: 17 finish: 1473410667 454503283 start: 1473410666 481373363
t_num: 21 finish: 1473410667 588975319 start: 1473410665 783585866
t_num: 13 finish: 1473410667 697251521 start: 1473410666 37079686
t_num: 25 finish: 1473410667 697262018 start: 1473410666 564366559
t_num: 9 finish: 1473410668 135337851 start: 1473410665 224133585
t_num: 20 finish: 1473410668 166304630 start: 1473410665 429739843
t_num: 30 finish: 1473410668 166818279 start: 1473410666 90372965
t_num: 8 finish: 1473410668 403059830 start: 1473410666 610036775
t_num: 18 finish: 1473410668 441269590 start: 1473410666 495357152
t_num: 14 finish: 1473410668 510808584 start: 1473410666 887128675
t_num: 3 finish: 1473410668 687242977 start: 1473410667 121734656
t_num: 19 finish: 1473410668 867647319 start: 1473410667 453264077
t_num: 23 finish: 1473410669 17229901 start: 1473410667 654988571
t_num: 21 finish: 1473410669 280588058 start: 1473410667 589024958
t_num: 5 finish: 1473410669 587356225 start: 1473410668 839047655
t_num: 13 finish: 1473410669 587559254 start: 1473410667 697284632
t_num: 16 finish: 1473410669 587569870 start: 1473410667 588234646
t_num: 26 finish: 1473410669 635377703 start: 1473410668 854255436
t_num: 25 finish: 1473410669 679260940 start: 1473410667 697298592
t_num: 18 finish: 1473410669 869233790 start: 1473410668 817939764
t_num: 9 finish: 1473410669 907188870 start: 1473410668 135364472
t_num: 11 finish: 1473410669 983766588 start: 1473410668 440641202
t_num: 19 finish: 1473410670 188102080 start: 1473410668 867671406
t_num: 15 finish: 1473410670 560150515 start: 1473410667 535632957
t_num: 2 finish: 1473410670 824472878 start: 1473410668 154046706
t_num: 28 finish: 1473410670 848631358 start: 1473410669 52058603
t_num: 14 finish: 1473410670 905293024 start: 1473410668 510836511
t_num: 21 finish: 1473410671 59518955 start: 1473410669 280633008
t_num: 30 finish: 1473410671 87184416 start: 1473410668 166838700
t_num: 0 finish: 1473410671 545299972 start: 1473410669 290291918
t_num: 2 finish: 1473410671 736653823 start: 1473410670 824507198
t_num: 4 finish: 1473410671 736653840 start: 1473410670 901614031
t_num: 16 finish: 1473410671 866815468 start: 1473410669 587585979
t_num: 19 finish: 1473410671 867690687 start: 1473410670 188146149
t_num: 13 finish: 1473410671 869268635 start: 1473410669 587579923
t_num: 5 finish: 1473410671 951237374 start: 1473410669 587384724
t_num: 18 finish: 1473410672 143678370 start: 1473410669 869286466
t_num: 26 finish: 1473410672 178282513 start: 1473410671 224639706
t_num: 24 finish: 1473410672 203571180 start: 1473410669 403421342
t_num: 1 finish: 1473410672 203704579 start: 1473410670 689261374
t_num: 8 finish: 1473410672 294260324 start: 1473410669 803864407
t_num: 9 finish: 1473410672 294360845 start: 1473410669 907239535
t_num: 14 finish: 1473410672 407977879 start: 1473410670 905319894
t_num: 31 finish: 1473410672 857290086 start: 1473410671 950621347
t_num: 3 finish: 1473410673 124786413 start: 1473410671 867494926
t_num: 22 finish: 1473410673 188183091 start: 1473410671 950675500
t_num: 11 finish: 1473410673 236091671 start: 1473410671 123209526
t_num: 19 finish: 1473410673 236614179 start: 1473410671 867708613
t_num: 0 finish: 1473410673 320808139 start: 1473410671 545323785
t_num: 30 finish: 1473410673 323055237 start: 1473410672 159096520
t_num: 5 finish: 1473410673 413108821 start: 1473410671 951258240
t_num: 15 finish: 1473410673 466367507 start: 1473410671 950729996
t_num: 12 finish: 1473410673 550631216 start: 1473410672 250115094
t_num: 14 finish: 1473410674 119172297 start: 1473410672 856917706
t_num: 13 finish: 1473410674 343328216 start: 1473410673 320075114
t_num: 26 finish: 1473410674 394743591 start: 1473410672 703608606
t_num: 24 finish: 1473410674 425567705 start: 1473410672 203614898
t_num: 1 finish: 1473410674 434500210 start: 1473410672 203738031
t_num: 19 finish: 1473410674 524201759 start: 1473410673 377733493
t_num: 16 finish: 1473410674 644684956 start: 1473410672 703699350
t_num: 0 finish: 1473410674 699452508 start: 1473410673 320828905
t_num: 22 finish: 1473410674 794629411 start: 1473410673 188212187
t_num: 9 finish: 1473410674 928069795 start: 1473410673 320561023
t_num: 18 finish: 1473410675 57785931 start: 1473410673 320017415
t_num: 3 finish: 1473410675 96619450 start: 1473410673 124837328
t_num: 7 finish: 1473410675 141936457 start: 1473410674 206227044
t_num: 4 finish: 1473410675 271245693 start: 1473410673 320702546
t_num: 17 finish: 1473410675 345849475 start: 1473410673 720806584
t_num: 16 finish: 1473410675 625582865 start: 1473410674 644721917
t_num: 13 finish: 1473410675 674013434 start: 1473410674 343371198
t_num: 23 finish: 1473410675 674115916 start: 1473410674 425646937
t_num: 12 finish: 1473410675 738169384 start: 1473410673 550652240
t_num: 21 finish: 1473410675 832616251 start: 1473410673 613945844
t_num: 1 finish: 1473410676 323508196 start: 1473410674 434520432
t_num: 19 finish: 1473410676 684242191 start: 1473410674 524246372
t_num: 18 finish: 1473410676 693597253 start: 1473410675 57838863
t_num: 0 finish: 1473410677 98070223 start: 1473410675 271264233
t_num: 7 finish: 1473410677 150743916 start: 1473410675 141957329
t_num: 22 finish: 1473410677 277756297 start: 1473410674 794669235
t_num: 16 finish: 1473410677 627655321 start: 1473410675 625609707
t_num: 26 finish: 1473410677 719082284 start: 1473410675 271226820
t_num: 27 finish: 1473410677 736110702 start: 1473410676 510891731
t_num: 13 finish: 1473410677 807238579 start: 1473410675 674323749
t_num: 17 finish: 1473410677 813641332 start: 1473410677 185902471
t_num: 23 finish: 1473410678 245543880 start: 1473410675 674135678
t_num: 30 finish: 1473410678 270061444 start: 1473410676 986483683
t_num: 31 finish: 1473410678 344287117 start: 1473410676 286236209
t_num: 21 finish: 1473410678 383061067 start: 1473410675 832644128
t_num: 12 finish: 1473410678 421309858 start: 1473410676 515737173
t_num: 24 finish: 1473410678 571243081 start: 1473410676 394571246
t_num: 9 finish: 1473410678 607588903 start: 1473410676 761589081
t_num: 13 finish: 1473410678 737714056 start: 1473410677 807254691
t_num: 0 finish: 1473410678 773311814 start: 1473410677 713417534
t_num: 16 finish: 1473410678 838858008 start: 1473410677 627706925
t_num: 14 finish: 1473410678 915188701 start: 1473410676 90840820
t_num: 7 finish: 1473410678 915328239 start: 1473410677 709892016
t_num: 1 finish: 1473410679 181748260 start: 1473410676 323543773
t_num: 20 finish: 1473410679 312148026 start: 1473410678 142736396
t_num: 12 finish: 1473410679 320089204 start: 1473410678 421338136
t_num: 28 finish: 1473410679 480332463 start: 1473410677 140366381
t_num: 24 finish: 1473410679 837128177 start: 1473410678 993641573
t_num: 26 finish: 1473410679 859327098 start: 1473410678 738652091
t_num: 18 finish: 1473410680 155224660 start: 1473410677 807221753
t_num: 6 finish: 1473410680 428165196 start: 1473410679 479783085
t_num: 10 finish: 1473410680 523224452 start: 1473410678 993635386
t_num: 17 finish: 1473410680 610847983 start: 1473410677 813662176
t_num: 15 finish: 1473410680 611079132 start: 1473410679 173051450
t_num: 22 finish: 1473410680 655074838 start: 1473410678 738552985
t_num: 0 finish: 1473410680 790962259 start: 1473410678 773339855
t_num: 30 finish: 1473410680 848056554 start: 1473410679 379994619
t_num: 27 finish: 1473410680 942714991 start: 1473410678 993614127
t_num: 31 finish: 1473410680 942762713 start: 1473410678 789422502
t_num: 1 finish: 1473410680 943326851 start: 1473410679 295415654
t_num: 13 finish: 1473410681 183887144 start: 1473410678 737752321
t_num: 23 finish: 1473410681 617074131 start: 1473410679 638217555
t_num: 6 finish: 1473410681 622940065 start: 1473410680 428199764
t_num: 20 finish: 1473410681 668224283 start: 1473410679 472767779
t_num: 7 finish: 1473410681 786098321 start: 1473410679 638135072
t_num: 28 finish: 1473410681 786881318 start: 1473410681 423544670
t_num: 0 finish: 1473410681 922392142 start: 1473410680 791011806
t_num: 18 finish: 1473410682 121514503 start: 1473410680 155262104
t_num: 14 finish: 1473410682 365724269 start: 1473410679 834837845
t_num: 27 finish: 1473410682 383835083 start: 1473410681 183922715
t_num: 19 finish: 1473410682 461095307 start: 1473410680 610381946
t_num: 17 finish: 1473410682 701044057 start: 1473410680 610873871
t_num: 25 finish: 1473410682 704082009 start: 1473410680 450821427
t_num: 24 finish: 1473410682 717155010 start: 1473410679 837157803
t_num: 15 finish: 1473410682 819514900 start: 1473410680 942928250
t_num: 1 finish: 1473410682 848560823 start: 1473410681 711335484
t_num: 22 finish: 1473410683 143598510 start: 1473410680 655096486
t_num: 12 finish: 1473410683 359508454 start: 1473410680 827674819
t_num: 10 finish: 1473410683 425151120 start: 1473410682 84973284
t_num: 13 finish: 1473410683 425728587 start: 1473410681 711229964
t_num: 8 finish: 1473410683 756430080 start: 1473410682 379695454
t_num: 23 finish: 1473410683 757528575 start: 1473410681 617119303
t_num: 0 finish: 1473410684 60468708 start: 1473410681 922417801
t_num: 10 finish: 1473410684 942118968 start: 1473410683 771547827
t_num: 13 finish: 1473410684 994955213 start: 1473410683 425748211
t_num: 8 finish: 1473410685 38310653 start: 1473410684 7074749
t_num: 15 finish: 1473410685 76225179 start: 1473410683 380136949
t_num: 30 finish: 1473410685 78562835 start: 1473410684 60574953
t_num: 22 finish: 1473410685 301840461 start: 1473410683 425191985
t_num: 25 finish: 1473410685 341172269 start: 1473410682 704104590
t_num: 18 finish: 1473410685 395972785 start: 1473410683 142262083
t_num: 14 finish: 1473410685 437601372 start: 1473410682 365757440
t_num: 1 finish: 1473410685 465982715 start: 1473410683 310487708
t_num: 6 finish: 1473410685 535194856 start: 1473410682 704993139
t_num: 24 finish: 1473410685 700599485 start: 1473410682 717175366
t_num: 5 finish: 1473410685 746831924 start: 1473410683 359127631
t_num: 0 finish: 1473410685 832691396 start: 1473410684 535726371
t_num: 10 finish: 1473410685 833503520 start: 1473410684 942161254
t_num: 23 finish: 1473410686 56126120 start: 1473410683 757549283
t_num: 19 finish: 1473410686 57171202 start: 1473410683 779514122
t_num: 12 finish: 1473410686 744158720 start: 1473410684 390885295
t_num: 27 finish: 1473410686 879759550 start: 1473410684 31310939
t_num: 13 finish: 1473410686 922743207 start: 1473410684 994993084
t_num: 7 finish: 1473410687 239329238 start: 1473410685 38282114
t_num: 8 finish: 1473410687 240484730 start: 1473410685 38333102
t_num: 29 finish: 1473410687 575979633 start: 1473410684 665789864
t_num: 4 finish: 1473410687 621931977 start: 1473410685 506566348
t_num: 24 finish: 1473410687 633408232 start: 1473410685 700633249
t_num: 11 finish: 1473410687 726855465 start: 1473410686 845411912
t_num: 23 finish: 1473410687 726924317 start: 1473410686 56170003
t_num: 30 finish: 1473410687 859435946 start: 1473410686 114022820
t_num: 22 finish: 1473410687 941362552 start: 1473410686 148416164
t_num: 15 finish: 1473410687 941373522 start: 1473410686 743881755
t_num: 28 finish: 1473410688 25176292 start: 1473410687 249541860
t_num: 29 finish: 1473410688 107579527 start: 1473410687 576024763
t_num: 1 finish: 1473410688 115013087 start: 1473410685 466004740
t_num: 3 finish: 1473410688 181467657 start: 1473410686 671891861
t_num: 19 finish: 1473410688 527756129 start: 1473410686 671415111
t_num: 25 finish: 1473410688 621170644 start: 1473410686 712542699
t_num: 20 finish: 1473410688 671741855 start: 1473410686 743903472
t_num: 30 finish: 1473410688 740505694 start: 1473410687 859481946
t_num: 15 finish: 1473410688 939913917 start: 1473410687 941414065
t_num: 13 finish: 1473410689 57387742 start: 1473410687 890241646
t_num: 7 finish: 1473410689 248873931 start: 1473410688 325230889
t_num: 22 finish: 1473410689 441035035 start: 1473410688 388768456
t_num: 5 finish: 1473410689 441140783 start: 1473410687 582351700
t_num: 9 finish: 1473410689 441328461 start: 1473410688 175691376
t_num: 6 finish: 1473410689 453895274 start: 1473410688 325842433
t_num: 24 finish: 1473410689 453907339 start: 1473410687 633432468
t_num: 23 finish: 1473410689 634907815 start: 1473410688 338087581
t_num: 4 finish: 1473410689 634907808 start: 1473410687 621965244
t_num: 1 finish: 1473410690 56110510 start: 1473410688 512708404
t_num: 11 finish: 1473410690 86253562 start: 1473410687 726874851
t_num: 8 finish: 1473410690 127467897 start: 1473410687 240506141
t_num: 25 finish: 1473410690 143706949 start: 1473410688 621197326
t_num: 3 finish: 1473410690 189424991 start: 1473410688 181503463
t_num: 20 finish: 1473410690 243396955 start: 1473410688 671769444
t_num: 16 finish: 1473410690 317960268 start: 1473410688 984429331
t_num: 0 finish: 1473410690 429283765 start: 1473410690 16042425
t_num: 9 finish: 1473410690 576121752 start: 1473410689 441347896
t_num: 15 finish: 1473410690 693511658 start: 1473410689 324392176
t_num: 13 finish: 1473410690 693533084 start: 1473410689 564313191
t_num: 25 finish: 1473410690 833339799 start: 1473410690 143744041
t_num: 6 finish: 1473410691 228236538 start: 1473410689 453916397
t_num: 23 finish: 1473410691 362648059 start: 1473410689 634944806
t_num: 29 finish: 1473410691 553906951 start: 1473410689 248824819
t_num: 11 finish: 1473410691 701740693 start: 1473410690 86277235
t_num: 22 finish: 1473410691 844740984 start: 1473410689 441123255
t_num: 0 finish: 1473410691 853821840 start: 1473410690 429311297
t_num: 8 finish: 1473410692 109446467 start: 1473410690 127510191
t_num: 26 finish: 1473410692 135439019 start: 1473410690 595092893
t_num: 10 finish: 1473410692 158325780 start: 1473410690 441479636
t_num: 5 finish: 1473410692 176052927 start: 1473410689 441159564
t_num: 16 finish: 1473410692 300285484 start: 1473410690 318028260
t_num: 25 finish: 1473410692 300647538 start: 1473410691 281548112
t_num: 20 finish: 1473410692 346984326 start: 1473410690 563825707
t_num: 9 finish: 1473410692 432191635 start: 1473410690 576157719
t_num: 18 finish: 1473410692 524833795 start: 1473410691 615619717
t_num: 27 finish: 1473410692 883710536 start: 1473410690 565075125
t_num: 6 finish: 1473410692 890530171 start: 1473410691 228264531
t_num: 22 finish: 1473410693 138573678 start: 1473410692 300235927
t_num: 7 finish: 1473410693 190474861 start: 1473410691 494150110
t_num: 0 finish: 1473410693 275910619 start: 1473410691 853840150
t_num: 23 finish: 1473410693 276847416 start: 1473410691 362687226
t_num: 25 finish: 1473410693 317636428 start: 1473410692 300666651
t_num: 16 finish: 1473410693 557429147 start: 1473410692 300312108
t_num: 26 finish: 1473410693 815096343 start: 1473410692 135486719
t_num: 10 finish: 1473410693 907549740 start: 1473410692 158348918
t_num: 20 finish: 1473410694 87991253 start: 1473410692 952490969
t_num: 28 finish: 1473410694 293846866 start: 1473410693 442762609
t_num: 29 finish: 1473410694 469400359 start: 1473410692 364736200
t_num: 18 finish: 1473410694 474845427 start: 1473410692 524854306
t_num: 5 finish: 1473410694 477020191 start: 1473410692 300213009
t_num: 20 finish: 1473410694 767414727 start: 1473410694 88030216
t_num: 23 finish: 1473410694 767505410 start: 1473410693 276868114
t_num: 6 finish: 1473410695 196128900 start: 1473410693 442908600
t_num: 14 finish: 1473410695 258241807 start: 1473410693 836463703
t_num: 25 finish: 1473410695 259292986 start: 1473410693 317660941
t_num: 7 finish: 1473410695 297684363 start: 1473410693 190495906
t_num: 1 finish: 1473410695 302269933 start: 1473410694 8404139
t_num: 10 finish: 1473410695 410707940 start: 1473410693 907586266
t_num: 28 finish: 1473410695 617914015 start: 1473410694 293882950
t_num: 16 finish: 1473410695 703345169 start: 1473410693 557455115
t_num: 0 finish: 1473410695 920115157 start: 1473410693 275949789
t_num: 30 finish: 1473410696 208772189 start: 1473410694 593768713
t_num: 29 finish: 1473410696 240542054 start: 1473410694 469440669
t_num: 7 finish: 1473410696 472040446 start: 1473410695 297704479
t_num: 6 finish: 1473410696 532737754 start: 1473410695 196156067
t_num: 25 finish: 1473410696 532769031 start: 1473410695 259310004
t_num: 10 finish: 1473410696 947848885 start: 1473410695 410758914
t_num: 15 finish: 1473410697 55961727 start: 1473410695 870883418
t_num: 28 finish: 1473410697 96636240 start: 1473410696 532807935
t_num: 31 finish: 1473410697 96856425 start: 1473410695 918904449
t_num: 8 finish: 1473410697 97320888 start: 1473410694 425108106
t_num: 23 finish: 1473410697 346276333 start: 1473410695 357102676
t_num: 12 finish: 1473410697 410593387 start: 1473410696 162001154
t_num: 5 finish: 1473410697 529786130 start: 1473410695 152900339
t_num: 6 finish: 1473410697 752310151 start: 1473410697 273638877
t_num: 22 finish: 1473410697 780168056 start: 1473410694 593562457
t_num: 7 finish: 1473410697 780230477 start: 1473410696 472079950
t_num: 20 finish: 1473410697 969392905 start: 1473410694 767485395
t_num: 1 finish: 1473410697 980590716 start: 1473410695 870883383
t_num: 2 finish: 1473410697 981176184 start: 1473410696 161782817
t_num: 3 finish: 1473410698 44348337 start: 1473410696 380198511
t_num: 0 finish: 1473410698 190827090 start: 1473410695 920143564
t_num: 29 finish: 1473410698 347644195 start: 1473410696 240565408
t_num: 9 finish: 1473410698 476982861 start: 1473410697 312511405
t_num: 25 finish: 1473410698 476988490 start: 1473410696 532785117
t_num: 8 finish: 1473410698 624101288 start: 1473410697 273001790
t_num: 5 finish: 1473410698 649802829 start: 1473410697 529822224
t_num: 31 finish: 1473410698 724712675 start: 1473410697 96876340
t_num: 0 finish: 1473410698 818579074 start: 1473410698 190860124
t_num: 26 finish: 1473410698 980570429 start: 1473410697 314415763
t_num: 20 finish: 1473410699 128099296 start: 1473410697 969422181
t_num: 1 finish: 1473410699 765063082 start: 1473410697 980613849
t_num: 22 finish: 1473410699 765089082 start: 1473410697 780190121
t_num: 25 finish: 1473410700 626053639 start: 1473410698 477030867
t_num: 10 finish: 1473410700 667675111 start: 1473410697 752200005
t_num: 6 finish: 1473410700 739075007 start: 1473410698 297812937
t_num: 31 finish: 1473410700 788699480 start: 1473410698 724740390
t_num: 26 finish: 1473410700 994548890 start: 1473410698 980608905
t_num: 15 finish: 1473410701 230546945 start: 1473410698 473387802
t_num: 7 finish: 1473410701 234605100 start: 1473410698 477035216
t_num: 17 finish: 1473410701 286233188 start: 1473410699 206175046
t_num: 21 finish: 1473410701 312738485 start: 1473410699 411053185
t_num: 4 finish: 1473410701 363064951 start: 1473410699 391911850
t_num: 29 finish: 1473410702 50645993 start: 1473410699 709246984
t_num: 23 finish: 1473410702 57127796 start: 1473410699 947467042
t_num: 2 finish: 1473410702 57831239 start: 1473410698 883184152
t_num: 17 finish: 1473410702 157526029 start: 1473410701 286254563
t_num: 1 finish: 1473410702 247953870 start: 1473410699 765102811
t_num: 3 finish: 1473410702 415578931 start: 1473410700 993825263
t_num: 13 finish: 1473410702 448888987 start: 1473410700 785696027
t_num: 15 finish: 1473410702 514956229 start: 1473410701 837826252
t_num: 0 finish: 1473410702 601945100 start: 1473410700 787895897
t_num: 9 finish: 1473410702 760425750 start: 1473410701 233021802
t_num: 10 finish: 1473410702 797949809 start: 1473410700 667716999
t_num: 24 finish: 1473410702 797979763 start: 1473410701 50274067
t_num: 25 finish: 1473410702 822887104 start: 1473410701 402523921
t_num: 29 finish: 1473410702 855278036 start: 1473410702 50680872
t_num: 6 finish: 1473410702 855284971 start: 1473410700 739120739
t_num: 14 finish: 1473410703 9671249 start: 1473410702 158303352
t_num: 19 finish: 1473410703 205210741 start: 1473410702 59310387
t_num: 21 finish: 1473410703 277203896 start: 1473410701 312759127
t_num: 1 finish: 1473410703 652607886 start: 1473410702 247997376
t_num: 11 finish: 1473410704 89717425 start: 1473410701 669439623
t_num: 4 finish: 1473410704 188412310 start: 1473410702 249172625
t_num: 25 finish: 1473410704 524512706 start: 1473410702 822916723
t_num: 17 finish: 1473410704 720727500 start: 1473410703 688502527
t_num: 18 finish: 1473410704 769227009 start: 1473410702 601945470
t_num: 29 finish: 1473410704 880363901 start: 1473410703 279961668
t_num: 19 finish: 1473410705 136342790 start: 1473410703 205256413
t_num: 2 finish: 1473410705 235497595 start: 1473410702 710108299
t_num: 13 finish: 1473410705 279435345 start: 1473410702 760406122
t_num: 10 finish: 1473410705 431262032 start: 1473410702 797988606
t_num: 3 finish: 1473410706 123211789 start: 1473410703 688688524
t_num: 14 finish: 1473410706 178758903 start: 1473410703 9710019
t_num: 6 finish: 1473410706 216486361 start: 1473410702 906260327
t_num: 12 finish: 1473410706 367716783 start: 1473410704 421923920
t_num: 16 finish: 1473410706 550107050 start: 1473410705 132971219
t_num: 17 finish: 1473410706 573569611 start: 1473410705 165554394
t_num: 1 finish: 1473410706 861088783 start: 1473410705 254284720
t_num: 28 finish: 1473410706 956276151 start: 1473410705 649529054
t_num: 18 finish: 1473410707 113194414 start: 1473410704 769252405
t_num: 4 finish: 1473410707 174196302 start: 1473410704 524542434
t_num: 8 finish: 1473410707 174267493 start: 1473410705 204314029
t_num: 11 finish: 1473410707 230566718 start: 1473410705 648750499
t_num: 30 finish: 1473410707 308554498 start: 1473410706 219827618
t_num: 25 finish: 1473410707 442356809 start: 1473410704 524554983
t_num: 29 finish: 1473410707 492232591 start: 1473410704 880405973
t_num: 10 finish: 1473410707 571105834 start: 1473410706 178834644
t_num: 15 finish: 1473410707 914290018 start: 1473410704 768763315
t_num: 3 finish: 1473410708 38470064 start: 1473410706 123271147
t_num: 22 finish: 1473410708 595495090 start: 1473410706 47297995
t_num: 27 finish: 1473410708 600665445 start: 1473410705 90768515
t_num: 13 finish: 1473410708 832124506 start: 1473410705 279471499
t_num: 30 finish: 1473410708 852067556 start: 1473410707 308586770
t_num: 14 finish: 1473410708 947149047 start: 1473410707 69306820
t_num: 26 finish: 1473410709 168427173 start: 1473410706 926546160
t_num: 1 finish: 1473410709 273189012 start: 1473410706 861113518
t_num: 19 finish: 1473410709 296227265 start: 1473410707 614146294
t_num: 28 finish: 1473410709 358737005 start: 1473410707 174389601
t_num: 18 finish: 1473410709 432810803 start: 1473410707 113219136
t_num: 11 finish: 1473410709 532434284 start: 1473410707 230612825
t_num: 16 finish: 1473410709 612372530 start: 1473410706 550131161
t_num: 8 finish: 1473410709 744545935 start: 1473410707 174287442
t_num: 31 finish: 1473410709 744590693 start: 1473410707 574915071
t_num: 3 finish: 1473410709 830573231 start: 1473410708 38513733
t_num: 14 finish: 1473410709 866719174 start: 1473410708 947188893
t_num: 15 finish: 1473410709 979202786 start: 1473410707 914324810
t_num: 26 finish: 1473410710 436820343 start: 1473410709 168454878
t_num: 22 finish: 1473410710 477678081 start: 1473410708 947501090
t_num: 19 finish: 1473410710 549280356 start: 1473410709 296248999
t_num: 8 finish: 1473410710 679061629 start: 1473410709 744597693
t_num: 30 finish: 1473410710 679173685 start: 1473410708 852090648
t_num: 5 finish: 1473410710 679348208 start: 1473410708 597629439
t_num: 13 finish: 1473410710 768134674 start: 1473410708 832152103
t_num: 23 finish: 1473410710 917532744 start: 1473410709 997362022
t_num: 4 finish: 1473410710 934535961 start: 1473410709 941241517
t_num: 10 finish: 1473410711 22646278 start: 1473410709 472446090
t_num: 11 finish: 1473410711 22786642 start: 1473410709 532471102
t_num: 24 finish: 1473410711 23063642 start: 1473410709 131339630
t_num: 15 finish: 1473410711 255048857 start: 1473410709 979233267
t_num: 6 finish: 1473410711 351941916 start: 1473410708 588028705
t_num: 9 finish: 1473410711 475395684 start: 1473410710 357110393
t_num: 30 finish: 1473410711 862797388 start: 1473410710 679193472
t_num: 27 finish: 1473410712 251821873 start: 1473410710 739754774
t_num: 18 finish: 1473410712 265128065 start: 1473410709 941212034
t_num: 26 finish: 1473410712 383309772 start: 1473410710 785693500
t_num: 23 finish: 1473410712 876365977 start: 1473410710 917616131
t_num: 16 finish: 1473410712 884915878 start: 1473410710 739776587
t_num: 8 finish: 1473410712 886574672 start: 1473410710 679100311
t_num: 19 finish: 1473410712 922402335 start: 1473410711 473708341
t_num: 10 finish: 1473410712 993137552 start: 1473410711 22683544
t_num: 24 finish: 1473410713 335478315 start: 1473410711 23107221
t_num: 15 finish: 1473410713 336146958 start: 1473410711 638953920
t_num: 30 finish: 1473410713 402244698 start: 1473410711 862830803
t_num: 14 finish: 1473410713 458773425 start: 1473410710 679399770
t_num: 22 finish: 1473410713 459100596 start: 1473410711 473950847
t_num: 19 finish: 1473410713 727520590 start: 1473410712 922424684
t_num: 9 finish: 1473410713 763332092 start: 1473410711 475419328
t_num: 4 finish: 1473410713 763402248 start: 1473410711 475912775
t_num: 27 finish: 1473410713 828423398 start: 1473410712 251866955
t_num: 21 finish: 1473410714 472829870 start: 1473410712 500469502
t_num: 3 finish: 1473410714 694512549 start: 1473410712 319237188
t_num: 15 finish: 1473410714 767716907 start: 1473410713 336163648
t_num: 8 finish: 1473410715 82861374 start: 1473410713 384159735
t_num: 12 finish: 1473410715 513261231 start: 1473410713 670667301
t_num: 18 finish: 1473410715 652056199 start: 1473410713 380260533
t_num: 9 finish: 1473410715 729364280 start: 1473410713 763361738
t_num: 30 finish: 1473410715 751929280 start: 1473410713 402272003
t_num: 23 finish: 1473410715 878113034 start: 1473410713 918212421
t_num: 16 finish: 1473410715 895573210 start: 1473410713 402052110
t_num: 6 finish: 1473410715 954649197 start: 1473410714 474027542
t_num: 2 finish: 1473410716 329851610 start: 1473410714 325245047
t_num: 14 finish: 1473410716 431989680 start: 1473410713 458858601
t_num: 13 finish: 1473410716 432071466 start: 1473410714 495600986
t_num: 29 finish: 1473410716 643022305 start: 1473410715 344063323
t_num: 12 finish: 1473410716 970060132 start: 1473410715 513304100
t_num: 18 finish: 1473410716 975740371 start: 1473410715 652091923
t_num: 19 finish: 1473410717 149969799 start: 1473410714 473449472
t_num: 24 finish: 1473410717 177450379 start: 1473410714 473298831
t_num: 22 finish: 1473410717 198596785 start: 1473410714 415022862
t_num: 31 finish: 1473410717 344623196 start: 1473410714 841233802
t_num: 3 finish: 1473410717 364425102 start: 1473410714 694541037
t_num: 10 finish: 1473410717 457047013 start: 1473410715 979835322
t_num: 23 finish: 1473410717 488827492 start: 1473410716 432067586
t_num: 17 finish: 1473410717 840549869 start: 1473410714 768195195
t_num: 29 finish: 1473410717 882021198 start: 1473410716 643063245
t_num: 30 finish: 1473410717 882329289 start: 1473410715 751949665
t_num: 4 finish: 1473410717 970383169 start: 1473410715 981387009
t_num: 13 finish: 1473410717 970560319 start: 1473410716 432099351
t_num: 26 finish: 1473410717 970738403 start: 1473410716 883556927
t_num: 6 finish: 1473410717 970949404 start: 1473410716 409551237
t_num: 8 finish: 1473410718 254119126 start: 1473410715 981765174
t_num: 11 finish: 1473410718 572791535 start: 1473410716 891224229
t_num: 28 finish: 1473410718 572826082 start: 1473410716 916965995
t_num: 14 finish: 1473410718 851585502 start: 1473410717 266898935
t_num: 7 finish: 1473410718 851613679 start: 1473410717 398812727
t_num: 18 finish: 1473410718 879445311 start: 1473410717 364447377
t_num: 4 finish: 1473410718 879546454 start: 1473410717 970416758
t_num: 23 finish: 1473410718 899580833 start: 1473410717 488850093
t_num: 17 finish: 1473410719 429413804 start: 1473410717 840570520
t_num: 22 finish: 1473410719 429428202 start: 1473410717 840503396
t_num: 13 finish: 1473410719 443089207 start: 1473410718 438736867
t_num: 3 finish: 1473410719 509418304 start: 1473410717 864077847
t_num: 24 finish: 1473410719 559047264 start: 1473410718 116971764
t_num: 30 finish: 1473410719 763553844 start: 1473410717 882348832
t_num: 12 finish: 1473410720 207705781 start: 1473410718 616860225
t_num: 7 finish: 1473410720 321559194 start: 1473410718 851649899
t_num: 26 finish: 1473410720 341268986 start: 1473410717 970756846
t_num: 18 finish: 1473410720 785922650 start: 1473410718 879491681
t_num: 8 finish: 1473410720 785986591 start: 1473410718 254146289
t_num: 9 finish: 1473410720 842838592 start: 1473410717 579104299
t_num: 14 finish: 1473410720 863707495 start: 1473410718 851614772
t_num: 28 finish: 1473410720 863768028 start: 1473410718 572900390
t_num: 23 finish: 1473410721 278378285 start: 1473410718 899601786
t_num: 6 finish: 1473410721 540210925 start: 1473410720 742987518
t_num: 11 finish: 1473410721 636712893 start: 1473410720 19016744
t_num: 29 finish: 1473410722 28587045 start: 1473410720 18980237
t_num: 15 finish: 1473410722 28598325 start: 1473410721 291965376
t_num: 22 finish: 1473410722 91108448 start: 1473410720 863785389
t_num: 24 finish: 1473410722 249700228 start: 1473410719 559090803
t_num: 4 finish: 1473410722 262303413 start: 1473410718 879585041
t_num: 5 finish: 1473410722 404390457 start: 1473410720 778977628
t_num: 20 finish: 1473410722 526674664 start: 1473410719 410643973
t_num: 14 finish: 1473410722 563959705 start: 1473410720 863730273
t_num: 17 finish: 1473410722 668970255 start: 1473410720 340554651
t_num: 30 finish: 1473410722 823086517 start: 1473410719 763602033
t_num: 10 finish: 1473410722 877901248 start: 1473410720 914827143
t_num: 1 finish: 1473410722 963634556 start: 1473410720 842904495
t_num: 25 finish: 1473410722 964053974 start: 1473410721 607729876
t_num: 22 finish: 1473410723 218911519 start: 1473410722 91143758
t_num: 13 finish: 1473410723 231959458 start: 1473410721 541769274
t_num: 12 finish: 1473410723 370945874 start: 1473410720 207750068
t_num: 18 finish: 1473410723 591969483 start: 1473410721 757990756
t_num: 6 finish: 1473410723 645752863 start: 1473410721 540253047
t_num: 29 finish: 1473410724 86089778 start: 1473410722 28624561
t_num: 17 finish: 1473410724 141567883 start: 1473410722 669001859
t_num: 24 finish: 1473410724 255678781 start: 1473410722 249729155
t_num: 7 finish: 1473410724 255685449 start: 1473410721 991260756
t_num: 30 finish: 1473410724 256399777 start: 1473410722 823153390
t_num: 10 finish: 1473410724 373235274 start: 1473410722 877941876
t_num: 22 finish: 1473410724 373314111 start: 1473410723 218948274
t_num: 9 finish: 1473410724 396952664 start: 1473410721 991327443
t_num: 28 finish: 1473410724 447506557 start: 1473410723 693004740
t_num: 11 finish: 1473410724 448621572 start: 1473410723 645517160
t_num: 20 finish: 1473410724 572910377 start: 1473410723 339884289
t_num: 14 finish: 1473410724 609756582 start: 1473410723 176072124
t_num: 16 finish: 1473410725 65460819 start: 1473410723 531480417
t_num: 17 finish: 1473410725 67575933 start: 1473410724 141590235
t_num: 1 finish: 1473410725 165914073 start: 1473410723 645655492
t_num: 18 finish: 1473410725 166068008 start: 1473410723 592007948
t_num: 25 finish: 1473410725 239393982 start: 1473410724 255722000
t_num: 6 finish: 1473410725 805496368 start: 1473410724 397151763
t_num: 30 finish: 1473410725 884203371 start: 1473410724 256419854
t_num: 27 finish: 1473410726 45568059 start: 1473410724 289215081
t_num: 13 finish: 1473410726 184249047 start: 1473410723 231976007
t_num: 22 finish: 1473410726 208811491 start: 1473410724 961790127
t_num: 30 finish: 1473410726 311572948 start: 1473410725 884231209
t_num: 17 finish: 1473410726 311592789 start: 1473410725 67598829
t_num: 11 finish: 1473410726 311834609 start: 1473410724 871830370
t_num: 29 finish: 1473410726 475727294 start: 1473410724 86140587
t_num: 21 finish: 1473410726 500560235 start: 1473410724 397051934
t_num: 14 finish: 1473410726 516663744 start: 1473410724 609774266
t_num: 7 finish: 1473410726 899268257 start: 1473410724 609518136
t_num: 1 finish: 1473410727 560392541 start: 1473410725 165938615
t_num: 9 finish: 1473410727 560507718 start: 1473410725 246944402
t_num: 18 finish: 1473410727 590564224 start: 1473410725 166087065
t_num: 24 finish: 1473410727 705790762 start: 1473410725 94991575
t_num: 31 finish: 1473410728 103463015 start: 1473410725 938937127
t_num: 25 finish: 1473410728 137344683 start: 1473410725 239441410
t_num: 5 finish: 1473410728 289278631 start: 1473410726 475179852
t_num: 28 finish: 1473410728 335974930 start: 1473410724 447547396
t_num: 27 finish: 1473410728 389451667 start: 1473410726 45592523
t_num: 22 finish: 1473410728 448309387 start: 1473410726 208856000
t_num: 30 finish: 1473410728 677748955 start: 1473410726 311621013
t_num: 11 finish: 1473410728 844229144 start: 1473410726 311853082
t_num: 8 finish: 1473410728 921685665 start: 1473410727 434215737
t_num: 15 finish: 1473410729 275120452 start: 1473410726 579182397
t_num: 17 finish: 1473410729 275363580 start: 1473410727 433178007
t_num: 25 finish: 1473410729 318638114 start: 1473410728 137372315
t_num: 13 finish: 1473410729 399906905 start: 1473410728 448293732
t_num: 4 finish: 1473410729 576436002 start: 1473410727 560405769
t_num: 7 finish: 1473410729 631951915 start: 1473410726 899310323
t_num: 24 finish: 1473410729 892398962 start: 1473410727 705823004
t_num: 30 finish: 1473410730 447670721 start: 1473410728 677779445
t_num: 8 finish: 1473410730 643729889 start: 1473410728 921724733
t_num: 28 finish: 1473410730 694631093 start: 1473410728 336000480
t_num: 10 finish: 1473410730 696833212 start: 1473410727 590467980
t_num: 21 finish: 1473410730 773463880 start: 1473410727 435824257
t_num: 13 finish: 1473410730 789960264 start: 1473410729 399933237
t_num: 4 finish: 1473410730 830735077 start: 1473410729 576468111
t_num: 5 finish: 1473410730 890822328 start: 1473410728 289324175
t_num: 6 finish: 1473410730 893824606 start: 1473410729 277056765
t_num: 18 finish: 1473410731 185623834 start: 1473410728 519742179
t_num: 14 finish: 1473410731 260244271 start: 1473410729 274446064
t_num: 3 finish: 1473410731 491287041 start: 1473410729 919130343
t_num: 1 finish: 1473410731 491322691 start: 1473410730 97539703
t_num: 27 finish: 1473410731 826487982 start: 1473410729 919180743
t_num: 15 finish: 1473410731 877190324 start: 1473410729 275150018
t_num: 20 finish: 1473410732 433353857 start: 1473410730 367188510
t_num: 29 finish: 1473410732 590661746 start: 1473410729 399680947
t_num: 11 finish: 1473410732 591328364 start: 1473410730 367357448
t_num: 5 finish: 1473410732 739876163 start: 1473410730 890864655
t_num: 24 finish: 1473410732 741112604 start: 1473410730 367164876
t_num: 12 finish: 1473410733 3905975 start: 1473410729 492769848
t_num: 6 finish: 1473410733 115397324 start: 1473410730 893842495
t_num: 13 finish: 1473410733 152048255 start: 1473410730 789995765
t_num: 28 finish: 1473410733 218301278 start: 1473410730 694669509
t_num: 7 finish: 1473410733 359720984 start: 1473410730 367248365
t_num: 27 finish: 1473410733 637457075 start: 1473410731 826529551
t_num: 15 finish: 1473410733 785562949 start: 1473410731 877214086
t_num: 23 finish: 1473410733 785830955 start: 1473410730 694857455
t_num: 14 finish: 1473410733 900506022 start: 1473410731 260272406
t_num: 30 finish: 1473410733 964928127 start: 1473410731 677177907
t_num: 2 finish: 1473410733 965012723 start: 1473410731 321314427
t_num: 1 finish: 1473410734 423528300 start: 1473410732 522533020
t_num: 8 finish: 1473410734 554631293 start: 1473410731 182572564
t_num: 24 finish: 1473410734 688748604 start: 1473410732 741133819
t_num: 10 finish: 1473410734 950204768 start: 1473410733 633121766
t_num: 8 finish: 1473410735 18003724 start: 1473410734 554660186
t_num: 7 finish: 1473410735 96161428 start: 1473410734 158028976
t_num: 23 finish: 1473410735 576548323 start: 1473410733 785851775
t_num: 29 finish: 1473410735 592557248 start: 1473410733 115714389
t_num: 14 finish: 1473410735 592557248 start: 1473410733 900530205
t_num: 27 finish: 1473410735 592947077 start: 1473410734 310711780
t_num: 28 finish: 1473410735 848088270 start: 1473410733 821626100
t_num: 21 finish: 1473410735 849154592 start: 1473410732 933557312
t_num: 2 finish: 1473410735 973807283 start: 1473410733 965031094
t_num: 12 finish: 1473410735 973849099 start: 1473410733 3945857
t_num: 9 finish: 1473410736 202167265 start: 1473410732 800439317
t_num: 26 finish: 1473410736 267753994 start: 1473410734 254988516
t_num: 29 finish: 1473410736 398095375 start: 1473410735 592602597
t_num: 17 finish: 1473410736 604045308 start: 1473410735 237057292
t_num: 20 finish: 1473410736 849757917 start: 1473410735 973829463
t_num: 0 finish: 1473410737 645037 start: 1473410733 848350932
t_num: 1 finish: 1473410737 51826767 start: 1473410734 423586920
t_num: 7 finish: 1473410737 90843750 start: 1473410735 96222903
t_num: 16 finish: 1473410737 184104495 start: 1473410735 650705465
t_num: 28 finish: 1473410737 310045595 start: 1473410735 848132270
t_num: 24 finish: 1473410737 369968548 start: 1473410735 437082779
t_num: 22 finish: 1473410737 448776732 start: 1473410735 963042205
t_num: 10 finish: 1473410737 448781223 start: 1473410735 333162405
t_num: 27 finish: 1473410737 448812628 start: 1473410735 592967135
t_num: 26 finish: 1473410737 505276325 start: 1473410736 267780473
t_num: 29 finish: 1473410737 544405172 start: 1473410736 398122945
t_num: 23 finish: 1473410737 544405161 start: 1473410735 576593248
t_num: 7 finish: 1473410737 762359691 start: 1473410737 90861916
t_num: 21 finish: 1473410737 762359691 start: 1473410736 293678753
t_num: 0 finish: 1473410738 186623465 start: 1473410737 684196
t_num: 6 finish: 1473410738 186779230 start: 1473410736 461528048
t_num: 9 finish: 1473410738 420414381 start: 1473410736 202214825
t_num: 24 finish: 1473410738 868919442 start: 1473410737 370003361
t_num: 17 finish: 1473410739 252195643 start: 1473410736 604094786
t_num: 1 finish: 1473410739 280746855 start: 1473410737 51857464
t_num: 16 finish: 1473410739 281540640 start: 1473410737 868819455
t_num: 29 finish: 1473410739 315888950 start: 1473410737 544439221
t_num: 12 finish: 1473410739 380620317 start: 1473410736 771942296
t_num: 28 finish: 1473410739 549572646 start: 1473410737 310069305
t_num: 20 finish: 1473410739 552531232 start: 1473410737 395796165
t_num: 21 finish: 1473410739 615803066 start: 1473410737 762422474
t_num: 4 finish: 1473410739 649052806 start: 1473410738 156511106
t_num: 6 finish: 1473410739 755320960 start: 1473410738 731758433
t_num: 11 finish: 1473410739 815461337 start: 1473410738 575461821
t_num: 23 finish: 1473410739 815460428 start: 1473410737 544475470
t_num: 9 finish: 1473410739 925937852 start: 1473410738 420451973
t_num: 0 finish: 1473410740 181504214 start: 1473410738 186649077
t_num: 26 finish: 1473410740 220299712 start: 1473410738 705167120
t_num: 30 finish: 1473410740 256768016 start: 1473410739 132824013
t_num: 14 finish: 1473410740 261561132 start: 1473410738 187570698
t_num: 24 finish: 1473410740 609432773 start: 1473410738 868948239
t_num: 27 finish: 1473410740 614244055 start: 1473410738 168764343
t_num: 31 finish: 1473410740 614742124 start: 1473410738 853113567
t_num: 9 finish: 1473410741 140269418 start: 1473410739 925961947
t_num: 28 finish: 1473410741 141118731 start: 1473410739 549599835
t_num: 16 finish: 1473410741 271177005 start: 1473410739 922385717
t_num: 6 finish: 1473410741 382576981 start: 1473410739 975557686
t_num: 21 finish: 1473410741 508052866 start: 1473410739 897173182
t_num: 17 finish: 1473410741 508074894 start: 1473410739 649065282
t_num: 3 finish: 1473410741 894727251 start: 1473410739 556957540
t_num: 14 finish: 1473410741 896530031 start: 1473410740 261581615
t_num: 26 finish: 1473410741 896579980 start: 1473410740 220335174
t_num: 1 finish: 1473410741 937043098 start: 1473410740 607521178
t_num: 29 finish: 1473410742 100502683 start: 1473410740 597509223
t_num: 23 finish: 1473410742 212830812 start: 1473410739 815533533
t_num: 24 finish: 1473410742 494360732 start: 1473410740 609462287
t_num: 17 finish: 1473410742 695700266 start: 1473410741 508150123
t_num: 11 finish: 1473410742 807245131 start: 1473410740 612780470
t_num: 25 finish: 1473410742 846580020 start: 1473410740 612730132
t_num: 4 finish: 1473410743 21000687 start: 1473410740 126129951
t_num: 31 finish: 1473410743 76123170 start: 1473410741 890751033
t_num: 30 finish: 1473410743 150506364 start: 1473410741 722680892
t_num: 27 finish: 1473410743 416908806 start: 1473410741 92695171
t_num: 21 finish: 1473410743 463048416 start: 1473410741 508117339
t_num: 28 finish: 1473410743 488015751 start: 1473410741 141140315
t_num: 23 finish: 1473410743 677462037 start: 1473410742 212860426
t_num: 26 finish: 1473410743 784176308 start: 1473410741 896599114
t_num: 25 finish: 1473410744 534898472 start: 1473410742 846617667
t_num: 16 finish: 1473410744 821839846 start: 1473410742 100553041
t_num: 7 finish: 1473410744 885891602 start: 1473410742 358883623
t_num: 18 finish: 1473410745 52403303 start: 1473410743 76820972
t_num: 5 finish: 1473410745 90352167 start: 1473410742 586755638
t_num: 25 finish: 1473410745 236375310 start: 1473410744 534922705
t_num: 30 finish: 1473410745 260996539 start: 1473410743 409765215
t_num: 28 finish: 1473410745 391378935 start: 1473410744 497161958
t_num: 24 finish: 1473410745 534096153 start: 1473410742 494410414
t_num: 4 finish: 1473410745 534105219 start: 1473410743 21042978
t_num: 16 finish: 1473410745 534156043 start: 1473410744 840929441
t_num: 21 finish: 1473410745 534186802 start: 1473410743 463074656
t_num: 3 finish: 1473410745 648912051 start: 1473410743 291670453
t_num: 0 finish: 1473410745 653688118 start: 1473410744 534907317
t_num: 27 finish: 1473410745 653690588 start: 1473410743 416986206
t_num: 1 finish: 1473410745 705617090 start: 1473410741 937080844
t_num: 8 finish: 1473410745 937381963 start: 1473410743 481933918
t_num: 10 finish: 1473410746 345764741 start: 1473410745 63103808
t_num: 31 finish: 1473410746 419714892 start: 1473410745 51608713
t_num: 19 finish: 1473410746 420420999 start: 1473410744 88511595
t_num: 23 finish: 1473410746 791545418 start: 1473410743 677497021
t_num: 9 finish: 1473410746 810940503 start: 1473410745 263386371
t_num: 29 finish: 1473410746 877579859 start: 1473410744 935057678
t_num: 7 finish: 1473410746 917950729 start: 1473410745 362252495
t_num: 15 finish: 1473410746 918121596 start: 1473410744 844340947
t_num: 20 finish: 1473410746 947836172 start: 1473410745 39452223
t_num: 4 finish: 1473410747 141288762 start: 1473410745 534148277
t_num: 26 finish: 1473410747 145480426 start: 1473410744 806811975
t_num: 21 finish: 1473410747 189115000 start: 1473410745 534200852
t_num: 0 finish: 1473410747 239334528 start: 1473410745 653744418
t_num: 16 finish: 1473410747 239335682 start: 1473410746 759177284
t_num: 27 finish: 1473410747 664924199 start: 1473410745 653773139
t_num: 8 finish: 1473410747 995707986 start: 1473410745 937426855
t_num: 28 finish: 1473410748 31818317 start: 1473410745 391414614
t_num: 18 finish: 1473410748 100909417 start: 1473410746 759145298
t_num: 7 finish: 1473410748 179723819 start: 1473410746 917991239
t_num: 19 finish: 1473410748 238740503 start: 1473410746 420440757
t_num: 31 finish: 1473410748 251740266 start: 1473410746 818137480
t_num: 21 finish: 1473410748 702732621 start: 1473410747 189161392
t_num: 29 finish: 1473410748 807759699 start: 1473410746 877622989
t_num: 3 finish: 1473410749 2011662 start: 1473410747 63563734
t_num: 9 finish: 1473410749 2194656 start: 1473410746 810964035
t_num: 0 finish: 1473410749 32328345 start: 1473410747 953126297
t_num: 10 finish: 1473410749 436620895 start: 1473410746 947894753
t_num: 20 finish: 1473410749 467451296 start: 1473410746 947865272
t_num: 12 finish: 1473410749 591704786 start: 1473410747 662931158
t_num: 31 finish: 1473410749 698033967 start: 1473410748 251757836
t_num: 28 finish: 1473410750 205128732 start: 1473410749 7548802
t_num: 11 finish: 1473410750 467887131 start: 1473410748 360862557
t_num: 7 finish: 1473410750 527652921 start: 1473410748 179766091
t_num: 18 finish: 1473410750 528039245 start: 1473410749 6883831
t_num: 9 finish: 1473410750 610848355 start: 1473410749 2213744
t_num: 29 finish: 1473410750 689259300 start: 1473410748 807807681
t_num: 8 finish: 1473410750 871384408 start: 1473410749 61642695
t_num: 22 finish: 1473410750 915588221 start: 1473410747 995596317
t_num: 19 finish: 1473410750 950632659 start: 1473410749 429718439
t_num: 3 finish: 1473410750 961586101 start: 1473410749 2039476
t_num: 2 finish: 1473410751 318252031 start: 1473410747 784725774
t_num: 10 finish: 1473410751 348693860 start: 1473410749 888638586
t_num: 12 finish: 1473410751 348857842 start: 1473410749 889461167
t_num: 23 finish: 1473410751 348879880 start: 1473410749 25714469
t_num: 27 finish: 1473410751 348890009 start: 1473410748 995479607
t_num: 26 finish: 1473410751 416154514 start: 1473410749 966242820
t_num: 31 finish: 1473410751 437886341 start: 1473410749 698079332
t_num: 0 finish: 1473410751 604538068 start: 1473410750 250047668
t_num: 9 finish: 1473410751 669333875 start: 1473410750 610879011
t_num: 3 finish: 1473410751 740320518 start: 1473410750 961631374
t_num: 20 finish: 1473410751 785358734 start: 1473410749 888587478
t_num: 7 finish: 1473410752 17377479 start: 1473410750 527685929
t_num: 6 finish: 1473410752 60609822 start: 1473410751 20875803
t_num: 16 finish: 1473410752 159815931 start: 1473410751 590107956
t_num: 31 finish: 1473410752 209844801 start: 1473410751 437904181
t_num: 28 finish: 1473410752 282686859 start: 1473410750 369573147
t_num: 2 finish: 1473410752 576261223 start: 1473410751 318303511
t_num: 23 finish: 1473410752 632641488 start: 1473410751 395315311
t_num: 19 finish: 1473410752 665442057 start: 1473410751 231694162
t_num: 12 finish: 1473410752 667739410 start: 1473410751 348873188
t_num: 26 finish: 1473410752 693875348 start: 1473410751 416182940
t_num: 0 finish: 1473410752 693915096 start: 1473410751 604580735
t_num: 22 finish: 1473410753 77595275 start: 1473410750 915630877
t_num: 1 finish: 1473410753 589368329 start: 1473410751 883351786
t_num: 9 finish: 1473410753 624339766 start: 1473410751 669380223
t_num: 27 finish: 1473410753 983610574 start: 1473410751 349025183
t_num: 8 finish: 1473410754 246037965 start: 1473410752 634047350
t_num: 20 finish: 1473410754 426629176 start: 1473410751 785400995
t_num: 22 finish: 1473410754 458522617 start: 1473410753 77626272
t_num: 10 finish: 1473410754 640501014 start: 1473410752 149937628
t_num: 6 finish: 1473410754 650448770 start: 1473410752 60637991
t_num: 19 finish: 1473410754 688775802 start: 1473410752 665463356
t_num: 3 finish: 1473410754 689630791 start: 1473410752 632641958
t_num: 17 finish: 1473410754 689721759 start: 1473410753 413749874
t_num: 25 finish: 1473410754 690371009 start: 1473410752 646307835
t_num: 14 finish: 1473410755 158578461 start: 1473410752 457217388
t_num: 12 finish: 1473410755 198983824 start: 1473410753 589394301
t_num: 9 finish: 1473410755 274459482 start: 1473410753 624362599
t_num: 8 finish: 1473410755 329364791 start: 1473410754 246079617
t_num: 30 finish: 1473410755 436857894 start: 1473410753 656187894
t_num: 16 finish: 1473410755 804894781 start: 1473410754 442598359
t_num: 0 finish: 1473410755 805573671 start: 1473410752 693929880
t_num: 15 finish: 1473410755 846281775 start: 1473410754 544377163
t_num: 25 finish: 1473410756 138064077 start: 1473410754 690389850
t_num: 10 finish: 1473410756 179788105 start: 1473410754 640524355
t_num: 23 finish: 1473410756 298757282 start: 1473410754 255938319
t_num: 17 finish: 1473410756 344962678 start: 1473410755 590017816
t_num: 31 finish: 1473410756 490898146 start: 1473410753 587146138
t_num: 1 finish: 1473410756 497133203 start: 1473410755 152954599
t_num: 27 finish: 1473410756 550198119 start: 1473410753 983656363
t_num: 28 finish: 1473410756 661392233 start: 1473410753 985991095
t_num: 19 finish: 1473410757 522830597 start: 1473410754 688842328
t_num: 3 finish: 1473410757 729772358 start: 1473410755 792344032
t_num: 4 finish: 1473410757 729778597 start: 1473410755 245106734
t_num: 14 finish: 1473410757 861831074 start: 1473410755 158603077
t_num: 12 finish: 1473410757 862849123 start: 1473410755 199026870
t_num: 6 finish: 1473410758 65724110 start: 1473410756 125248926
t_num: 22 finish: 1473410758 265928062 start: 1473410757 6097676
t_num: 15 finish: 1473410758 313455740 start: 1473410756 550159530
t_num: 30 finish: 1473410758 313549529 start: 1473410755 436949446
t_num: 0 finish: 1473410758 394907696 start: 1473410755 805595133
t_num: 23 finish: 1473410758 571905207 start: 1473410756 298789691
t_num: 28 finish: 1473410758 572127944 start: 1473410756 661432429
t_num: 17 finish: 1473410758 575238385 start: 1473410756 345016660
t_num: 21 finish: 1473410758 867350817 start: 1473410756 603773069
t_num: 29 finish: 1473410758 890932090 start: 1473410756 549964922
t_num: 1 finish: 1473410759 101869626 start: 1473410756 497169717
t_num: 11 finish: 1473410759 101875309 start: 1473410758 335610403
t_num: 6 finish: 1473410759 356318740 start: 1473410758 65763561
t_num: 27 finish: 1473410759 372339770 start: 1473410757 552638035
t_num: 14 finish: 1473410759 642963360 start: 1473410757 861860104
t_num: 16 finish: 1473410759 739054686 start: 1473410756 949847674
t_num: 15 finish: 1473410759 856982921 start: 1473410758 313505392
t_num: 23 finish: 1473410760 31523746 start: 1473410758 571938962
t_num: 1 finish: 1473410760 108562490 start: 1473410759 101913392
t_num: 2 finish: 1473410760 154346180 start: 1473410758 114597787
t_num: 3 finish: 1473410760 314709165 start: 1473410758 677323983
t_num: 22 finish: 1473410760 453382668 start: 1473410758 265995546
t_num: 4 finish: 1473410760 454665081 start: 1473410757 729834085
t_num: 30 finish: 1473410760 488258352 start: 1473410758 842466222
t_num: 15 finish: 1473410760 489733594 start: 1473410759 857023467
t_num: 19 finish: 1473410760 821772986 start: 1473410758 507261365
t_num: 31 finish: 1473410760 920523849 start: 1473410759 563976802
t_num: 7 finish: 1473410761 19528479 start: 1473410758 823238676
t_num: 17 finish: 1473410761 75615911 start: 1473410759 101920960
t_num: 28 finish: 1473410761 256004439 start: 1473410758 572146427
t_num: 29 finish: 1473410761 269965804 start: 1473410758 890976787
t_num: 6 finish: 1473410761 270028722 start: 1473410759 356372324
t_num: 11 finish: 1473410761 270304464 start: 1473410759 944348681
t_num: 2 finish: 1473410761 482051802 start: 1473410760 289615131
t_num: 27 finish: 1473410761 523619906 start: 1473410760 85968966
t_num: 21 finish: 1473410761 569043170 start: 1473410759 541763947
t_num: 24 finish: 1473410762 233759873 start: 1473410760 309356350
t_num: 28 finish: 1473410762 237694624 start: 1473410761 256046273
t_num: 31 finish: 1473410762 308129583 start: 1473410760 920553950
t_num: 4 finish: 1473410762 412131717 start: 1473410760 454685265
t_num: 20 finish: 1473410762 473888148 start: 1473410760 876473048
t_num: 15 finish: 1473410762 519764444 start: 1473410760 489750232
t_num: 18 finish: 1473410762 576789753 start: 1473410761 417216197
t_num: 27 finish: 1473410762 691383437 start: 1473410761 523661598
t_num: 30 finish: 1473410762 854794545 start: 1473410760 488279684
t_num: 1 finish: 1473410762 893878577 start: 1473410760 508439883
t_num: 29 finish: 1473410763 249298734 start: 1473410761 953368479
t_num: 11 finish: 1473410763 367579317 start: 1473410761 270325268
t_num: 13 finish: 1473410763 392760127 start: 1473410761 569864397
t_num: 20 finish: 1473410763 712108423 start: 1473410762 473914853
t_num: 7 finish: 1473410763 866435615 start: 1473410761 636901231
t_num: 21 finish: 1473410764 46216503 start: 1473410761 969661103
t_num: 22 finish: 1473410764 54266439 start: 1473410761 969673776
t_num: 11 finish: 1473410764 54959865 start: 1473410763 367617528
t_num: 2 finish: 1473410764 94439823 start: 1473410761 482088129
t_num: 4 finish: 1473410764 178904036 start: 1473410762 412174899
t_num: 26 finish: 1473410764 258368026 start: 1473410762 291652187
t_num: 18 finish: 1473410764 371618605 start: 1473410762 576818655
t_num: 30 finish: 1473410764 493874819 start: 1473410762 854835379
t_num: 27 finish: 1473410764 555386802 start: 1473410763 85012935
t_num: 7 finish: 1473410764 669576300 start: 1473410763 866491047
t_num: 12 finish: 1473410764 813556799 start: 1473410762 425248982
t_num: 8 finish: 1473410765 301918312 start: 1473410763 153646425
t_num: 5 finish: 1473410765 317293794 start: 1473410763 91590845
t_num: 20 finish: 1473410765 438561587 start: 1473410763 712145289
t_num: 9 finish: 1473410765 470777440 start: 1473410764 50001165
t_num: 28 finish: 1473410765 916848756 start: 1473410763 62734361
t_num: 23 finish: 1473410766 17409875 start: 1473410764 46244676
t_num: 18 finish: 1473410766 59026296 start: 1473410764 371667639
t_num: 8 finish: 1473410766 234990294 start: 1473410765 301952413
t_num: 5 finish: 1473410766 443604862 start: 1473410765 317312946
t_num: 26 finish: 1473410766 443747192 start: 1473410764 258393561
t_num: 4 finish: 1473410766 443947776 start: 1473410764 178949660
t_num: 22 finish: 1473410766 546257927 start: 1473410764 54288582
t_num: 21 finish: 1473410766 624016790 start: 1473410764 429886539
t_num: 27 finish: 1473410766 634468302 start: 1473410765 959330972
t_num: 2 finish: 1473410766 709455773 start: 1473410765 910613169
t_num: 11 finish: 1473410767 102620192 start: 1473410764 779448014
t_num: 20 finish: 1473410767 256945163 start: 1473410765 438591121
t_num: 7 finish: 1473410767 441190743 start: 1473410764 669634974
t_num: 23 finish: 1473410767 461450117 start: 1473410766 17431695
t_num: 10 finish: 1473410767 735939825 start: 1473410765 995053532
t_num: 29 finish: 1473410768 87126949 start: 1473410765 442780499
t_num: 30 finish: 1473410768 101576823 start: 1473410766 85321568
t_num: 1 finish: 1473410768 166353196 start: 1473410765 996603537
t_num: 27 finish: 1473410768 166369743 start: 1473410766 634513622
t_num: 8 finish: 1473410768 234486900 start: 1473410766 235026074
t_num: 13 finish: 1473410768 340640359 start: 1473410765 691806773
t_num: 21 finish: 1473410768 340908117 start: 1473410766 624079601
t_num: 11 finish: 1473410768 535494658 start: 1473410767 102643665
t_num: 5 finish: 1473410768 557730610 start: 1473410766 443647494
t_num: 28 finish: 1473410768 557753015 start: 1473410767 376143180
t_num: 26 finish: 1473410768 740430099 start: 1473410767 285785271
t_num: 10 finish: 1473410769 101241861 start: 1473410767 735975003
t_num: 17 finish: 1473410769 336468577 start: 1473410767 280865767
t_num: 4 finish: 1473410769 337215546 start: 1473410767 926098048
t_num: 19 finish: 1473410769 341455924 start: 1473410767 519186605
t_num: 18 finish: 1473410769 429562847 start: 1473410767 136375181
t_num: 20 finish: 1473410769 500989381 start: 1473410767 256980141
t_num: 27 finish: 1473410769 501231924 start: 1473410768 166439188
t_num: 22 finish: 1473410769 695894466 start: 1473410768 455265630
t_num: 16 finish: 1473410769 880375413 start: 1473410768 486227427
t_num: 26 finish: 1473410769 951717600 start: 1473410769 341438589
t_num: 1 finish: 1473410770 214597678 start: 1473410768 166401929
t_num: 25 finish: 1473410770 250753590 start: 1473410768 247926623
t_num: 27 finish: 1473410770 429830665 start: 1473410769 501250158
t_num: 10 finish: 1473410770 553186692 start: 1473410769 101290501
t_num: 30 finish: 1473410770 603266716 start: 1473410768 101599588
t_num: 17 finish: 1473410770 846308360 start: 1473410769 336512063
t_num: 23 finish: 1473410770 927312639 start: 1473410769 581059304
t_num: 3 finish: 1473410771 234101287 start: 1473410768 870453042
t_num: 24 finish: 1473410771 234704018 start: 1473410769 341466477
t_num: 19 finish: 1473410771 306590971 start: 1473410769 341471995
t_num: 8 finish: 1473410771 494187064 start: 1473410768 558434775
t_num: 28 finish: 1473410771 495147117 start: 1473410769 337915574
t_num: 4 finish: 1473410771 661205566 start: 1473410770 267702327
t_num: 21 finish: 1473410771 708315677 start: 1473410769 340685957
t_num: 20 finish: 1473410772 80497799 start: 1473410769 501032415
t_num: 22 finish: 1473410772 206131553 start: 1473410769 695937518
t_num: 9 finish: 1473410772 864178897 start: 1473410770 553137948
t_num: 13 finish: 1473410772 902957243 start: 1473410771 73030137
t_num: 6 finish: 1473410773 43748727 start: 1473410770 553472926
t_num: 16 finish: 1473410773 354948109 start: 1473410769 880420143
t_num: 3 finish: 1473410773 355632093 start: 1473410771 234144040
t_num: 30 finish: 1473410773 395117478 start: 1473410770 603315355
t_num: 4 finish: 1473410773 506402957 start: 1473410771 661244594
t_num: 0 finish: 1473410773 581138139 start: 1473410771 494992292
t_num: 21 finish: 1473410773 619403496 start: 1473410771 708375367
t_num: 22 finish: 1473410773 674307477 start: 1473410772 544989469
t_num: 15 finish: 1473410773 674325268 start: 1473410771 406262706
t_num: 27 finish: 1473410773 792264219 start: 1473410772 404715556
t_num: 13 finish: 1473410773 851148241 start: 1473410772 902974367
t_num: 28 finish: 1473410774 381710437 start: 1473410771 974495968
t_num: 16 finish: 1473410774 383027328 start: 1473410773 354987738
t_num: 9 finish: 1473410774 383117841 start: 1473410772 864263527
t_num: 12 finish: 1473410774 422265826 start: 1473410771 846843174
t_num: 18 finish: 1473410774 538425765 start: 1473410772 247462462
t_num: 26 finish: 1473410774 607989724 start: 1473410771 559716064
t_num: 24 finish: 1473410774 695121150 start: 1473410771 234722346
t_num: 0 finish: 1473410774 702012577 start: 1473410774 80575321
t_num: 27 finish: 1473410774 804315584 start: 1473410773 792290392
t_num: 21 finish: 1473410774 928691274 start: 1473410773 619459052
t_num: 19 finish: 1473410775 174644457 start: 1473410773 851592125
t_num: 6 finish: 1473410775 308527854 start: 1473410773 43825398
t_num: 13 finish: 1473410775 382919420 start: 1473410773 851171009
t_num: 20 finish: 1473410775 520381429 start: 1473410773 411698528
t_num: 18 finish: 1473410775 547171575 start: 1473410774 538484001
t_num: 2 finish: 1473410775 676523510 start: 1473410773 453718694
t_num: 4 finish: 1473410775 893616349 start: 1473410775 214500074
t_num: 30 finish: 1473410775 893618430 start: 1473410773 792641127
t_num: 31 finish: 1473410776 46314127 start: 1473410774 636974599
t_num: 14 finish: 1473410776 112709708 start: 1473410774 757827394
t_num: 0 finish: 1473410776 210658200 start: 1473410774 702035215
t_num: 29 finish: 1473410776 217627064 start: 1473410775 553236881
t_num: 13 finish: 1473410776 220270127 start: 1473410775 553826434
t_num: 28 finish: 1473410776 491485224 start: 1473410774 381741348
t_num: 3 finish: 1473410776 525199836 start: 1473410774 382092861
t_num: 27 finish: 1473410776 547042743 start: 1473410774 804356853
t_num: 16 finish: 1473410776 664137731 start: 1473410775 807249174
t_num: 17 finish: 1473410776 685519421 start: 1473410775 809158151
t_num: 26 finish: 1473410776 739804495 start: 1473410774 608013429
t_num: 19 finish: 1473410776 787694210 start: 1473410775 174685904
t_num: 25 finish: 1473410776 787694222 start: 1473410775 382098587
t_num: 20 finish: 1473410777 473147023 start: 1473410775 520407224
t_num: 6 finish: 1473410777 473169359 start: 1473410775 308562775
t_num: 8 finish: 1473410777 609509055 start: 1473410776 525270383
t_num: 29 finish: 1473410777 959851146 start: 1473410776 682358755
t_num: 7 finish: 1473410778 152606457 start: 1473410775 803359328
t_num: 24 finish: 1473410778 173824987 start: 1473410775 805664100
t_num: 4 finish: 1473410778 480800275 start: 1473410776 218983715
t_num: 0 finish: 1473410778 499584187 start: 1473410776 219458075
t_num: 15 finish: 1473410778 601714773 start: 1473410776 853567729
t_num: 11 finish: 1473410778 636594844 start: 1473410776 48333275
t_num: 14 finish: 1473410778 667504837 start: 1473410776 112750322
t_num: 2 finish: 1473410778 796243354 start: 1473410776 425565365
t_num: 16 finish: 1473410778 822988362 start: 1473410777 400192660
t_num: 28 finish: 1473410778 907371529 start: 1473410777 21356809
t_num: 6 finish: 1473410778 907393465 start: 1473410777 473215515
t_num: 30 finish: 1473410779 66140906 start: 1473410777 377415341
t_num: 15 finish: 1473410779 95929855 start: 1473410778 601752082
t_num: 26 finish: 1473410779 95948996 start: 1473410776 739829750
t_num: 10 finish: 1473410779 300830889 start: 1473410777 377396664
t_num: 17 finish: 1473410779 465935125 start: 1473410776 685542947
t_num: 0 finish: 1473410779 812231093 start: 1473410778 499616425
t_num: 27 finish: 1473410779 899346708 start: 1473410777 609383054
t_num: 16 finish: 1473410779 942303247 start: 1473410778 823010824
t_num: 14 finish: 1473410780 368254403 start: 1473410778 667545279
t_num: 7 finish: 1473410780 461255225 start: 1473410779 7702757
t_num: 5 finish: 1473410780 571257909 start: 1473410778 667465238
t_num: 3 finish: 1473410780 661876360 start: 1473410778 775684852
t_num: 8 finish: 1473410780 937295060 start: 1473410779 299927604
t_num: 6 finish: 1473410780 958866093 start: 1473410778 907425346
t_num: 17 finish: 1473410780 960941625 start: 1473410779 465959246
t_num: 10 finish: 1473410781 101105407 start: 1473410779 811946946
t_num: 11 finish: 1473410781 156902874 start: 1473410778 636623426
t_num: 2 finish: 1473410781 196185633 start: 1473410778 796272538
t_num: 22 finish: 1473410781 196610045 start: 1473410779 533878655
t_num: 24 finish: 1473410781 820795735 start: 1473410779 812004743
t_num: 19 finish: 1473410781 976241837 start: 1473410779 95953702
t_num: 0 finish: 1473410782 17487887 start: 1473410779 812258081
t_num: 29 finish: 1473410782 197853440 start: 1473410779 534549239
t_num: 21 finish: 1473410782 252160435 start: 1473410779 451497906
t_num: 14 finish: 1473410782 291999226 start: 1473410780 368297303
t_num: 10 finish: 1473410782 385086432 start: 1473410781 101146008
t_num: 15 finish: 1473410782 687471043 start: 1473410780 960922301
t_num: 2 finish: 1473410782 783904944 start: 1473410781 638658739
t_num: 22 finish: 1473410782 847267350 start: 1473410781 196630023
t_num: 7 finish: 1473410782 954089433 start: 1473410781 690940702
t_num: 19 finish: 1473410782 986995460 start: 1473410781 976286032
t_num: 8 finish: 1473410783 162234607 start: 1473410781 415447533
t_num: 4 finish: 1473410783 212610856 start: 1473410781 155979358
t_num: 28 finish: 1473410783 213455713 start: 1473410781 690921191
t_num: 6 finish: 1473410783 472500647 start: 1473410781 196690006
t_num: 13 finish: 1473410783 508512726 start: 1473410782 338355310
t_num: 25 finish: 1473410783 626179387 start: 1473410782 71843364
t_num: 1 finish: 1473410783 954093324 start: 1473410781 513861389
t_num: 16 finish: 1473410784 314135395 start: 1473410782 384877788
t_num: 5 finish: 1473410784 314750796 start: 1473410782 891811507
t_num: 22 finish: 1473410784 509781035 start: 1473410782 847332255
t_num: 7 finish: 1473410784 588007094 start: 1473410782 954116556
t_num: 24 finish: 1473410784 971128930 start: 1473410783 106806541
t_num: 4 finish: 1473410784 986670606 start: 1473410783 212640545
t_num: 25 finish: 1473410785 58244897 start: 1473410783 626211564
t_num: 14 finish: 1473410785 94514730 start: 1473410783 335955376
t_num: 2 finish: 1473410785 439825240 start: 1473410782 783944143
t_num: 29 finish: 1473410785 636389152 start: 1473410783 213209207
t_num: 16 finish: 1473410785 636432821 start: 1473410784 314192380
t_num: 11 finish: 1473410786 31167531 start: 1473410782 891856235
t_num: 3 finish: 1473410786 331189999 start: 1473410784 758728626
t_num: 19 finish: 1473410786 414184947 start: 1473410784 468403499
t_num: 30 finish: 1473410786 457631701 start: 1473410785 140708192
t_num: 5 finish: 1473410786 587023847 start: 1473410784 314768087
t_num: 4 finish: 1473410786 604980938 start: 1473410784 986693116
t_num: 8 finish: 1473410786 605870973 start: 1473410784 668624118
t_num: 6 finish: 1473410786 671255039 start: 1473410783 826207295
t_num: 16 finish: 1473410786 671362524 start: 1473410785 636446769
t_num: 22 finish: 1473410786 724221922 start: 1473410784 509820320
t_num: 18 finish: 1473410786 976764088 start: 1473410785 881431251
t_num: 3 finish: 1473410787 101192626 start: 1473410786 331223971
t_num: 29 finish: 1473410787 244338170 start: 1473410785 636415499
t_num: 1 finish: 1473410787 245073680 start: 1473410784 884777689
t_num: 0 finish: 1473410787 501736570 start: 1473410785 498336410
t_num: 6 finish: 1473410787 501759833 start: 1473410786 671272735
t_num: 5 finish: 1473410787 501981908 start: 1473410786 587068007
t_num: 15 finish: 1473410787 719934955 start: 1473410785 786433817
t_num: 13 finish: 1473410787 985276528 start: 1473410786 671259031
t_num: 28 finish: 1473410788 9581348 start: 1473410786 649815760
t_num: 16 finish: 1473410788 206079737 start: 1473410786 671383351
t_num: 18 finish: 1473410788 238121014 start: 1473410786 976807662
t_num: 14 finish: 1473410788 238160592 start: 1473410787 200789722
t_num: 3 finish: 1473410788 267218106 start: 1473410787 101238689
t_num: 23 finish: 1473410788 366438523 start: 1473410787 406172392
t_num: 0 finish: 1473410788 406788735 start: 1473410787 501761919
t_num: 6 finish: 1473410788 457912426 start: 1473410787 501791260
t_num: 30 finish: 1473410788 457916600 start: 1473410786 654383419
t_num: 24 finish: 1473410788 816993309 start: 1473410787 201347931
t_num: 4 finish: 1473410788 824318231 start: 1473410787 391598547
t_num: 28 finish: 1473410788 876793296 start: 1473410788 267212617
t_num: 15 finish: 1473410788 922351209 start: 1473410787 719977999
t_num: 27 finish: 1473410789 103187835 start: 1473410787 392862810
t_num: 24 finish: 1473410789 644712213 start: 1473410788 817035498
t_num: 14 finish: 1473410789 846568697 start: 1473410788 664219326
t_num: 1 finish: 1473410789 846573856 start: 1473410788 184765701
t_num: 5 finish: 1473410789 846587536 start: 1473410787 502000647
t_num: 13 finish: 1473410790 88247377 start: 1473410787 985314777
t_num: 20 finish: 1473410790 216925434 start: 1473410788 81693053
t_num: 3 finish: 1473410790 217552531 start: 1473410788 267233709
t_num: 26 finish: 1473410790 217666706 start: 1473410788 918394586
t_num: 16 finish: 1473410790 514832789 start: 1473410788 611779918
t_num: 4 finish: 1473410790 785035135 start: 1473410789 58775847
t_num: 0 finish: 1473410791 9188423 start: 1473410788 406823583
t_num: 24 finish: 1473410791 12321300 start: 1473410789 644756688
t_num: 27 finish: 1473410791 50341502 start: 1473410789 103218559
t_num: 11 finish: 1473410791 182599098 start: 1473410789 728563943
t_num: 9 finish: 1473410791 182612735 start: 1473410789 116943714
t_num: 28 finish: 1473410791 183016814 start: 1473410788 876867528
t_num: 12 finish: 1473410791 328973409 start: 1473410789 728533117
t_num: 30 finish: 1473410791 739392613 start: 1473410788 457987215
t_num: 5 finish: 1473410791 741599373 start: 1473410789 846644354
t_num: 0 finish: 1473410792 109493765 start: 1473410791 9255484
t_num: 3 finish: 1473410792 179019980 start: 1473410790 217572607
t_num: 31 finish: 1473410792 480545850 start: 1473410790 144503610
t_num: 11 finish: 1473410792 520019483 start: 1473410791 182652365
t_num: 1 finish: 1473410792 521002971 start: 1473410790 542367244
t_num: 28 finish: 1473410792 550862793 start: 1473410791 183035661
t_num: 6 finish: 1473410792 868832594 start: 1473410790 610646321
t_num: 20 finish: 1473410792 902081673 start: 1473410790 754727890
t_num: 23 finish: 1473410793 220858538 start: 1473410789 684236597
t_num: 26 finish: 1473410793 221132291 start: 1473410790 754126871
t_num: 25 finish: 1473410793 494262577 start: 1473410791 146641073
t_num: 27 finish: 1473410793 497065050 start: 1473410792 357418414
t_num: 12 finish: 1473410793 498575888 start: 1473410792 102652643
t_num: 13 finish: 1473410793 958901616 start: 1473410791 49442680
t_num: 24 finish: 1473410793 962008953 start: 1473410792 357632766
t_num: 10 finish: 1473410794 95474590 start: 1473410792 925458661
t_num: 21 finish: 1473410794 96041915 start: 1473410792 109510674
t_num: 16 finish: 1473410794 133603053 start: 1473410791 241950234
t_num: 3 finish: 1473410794 173171288 start: 1473410792 179053354
t_num: 11 finish: 1473410794 275644829 start: 1473410792 520059939
t_num: 6 finish: 1473410794 303143336 start: 1473410792 868863579
t_num: 9 finish: 1473410794 305116202 start: 1473410792 102347032
t_num: 23 finish: 1473410794 349986617 start: 1473410793 498384139
t_num: 27 finish: 1473410794 394497604 start: 1473410793 683633234
t_num: 1 finish: 1473410794 397901433 start: 1473410792 521022450
t_num: 5 finish: 1473410794 502354523 start: 1473410792 571779261
t_num: 25 finish: 1473410794 570138675 start: 1473410793 494300400
t_num: 28 finish: 1473410794 570185126 start: 1473410793 80034676
t_num: 15 finish: 1473410794 653037236 start: 1473410793 502107707
t_num: 20 finish: 1473410795 147448303 start: 1473410793 685460670
t_num: 6 finish: 1473410795 169960381 start: 1473410794 303179931
t_num: 22 finish: 1473410795 264169548 start: 1473410793 560251033
t_num: 17 finish: 1473410795 385027560 start: 1473410793 560043279
t_num: 11 finish: 1473410795 385322609 start: 1473410794 275678107
t_num: 27 finish: 1473410795 610917442 start: 1473410794 394520311
t_num: 8 finish: 1473410795 726035026 start: 1473410794 501786286
t_num: 10 finish: 1473410795 970483511 start: 1473410794 95520499
t_num: 21 finish: 1473410796 249714561 start: 1473410794 453397295
t_num: 9 finish: 1473410796 255494423 start: 1473410794 833775495
t_num: 7 finish: 1473410796 261780842 start: 1473410794 360286182
t_num: 28 finish: 1473410796 268690347 start: 1473410794 570204681
t_num: 19 finish: 1473410796 360300939 start: 1473410794 655312830
t_num: 26 finish: 1473410796 376199015 start: 1473410794 305959061
t_num: 12 finish: 1473410796 484726141 start: 1473410794 440849882
t_num: 15 finish: 1473410796 512698525 start: 1473410794 653080308
t_num: 13 finish: 1473410796 532504499 start: 1473410794 856012176
t_num: 27 finish: 1473410796 570022796 start: 1473410795 611012103
t_num: 8 finish: 1473410796 688811788 start: 1473410795 726062937
t_num: 9 finish: 1473410796 783925235 start: 1473410796 255518104
t_num: 17 finish: 1473410796 837128366 start: 1473410795 385081248
t_num: 20 finish: 1473410797 225156952 start: 1473410795 147492358
t_num: 1 finish: 1473410797 269655835 start: 1473410795 686889305
t_num: 12 finish: 1473410797 524902731 start: 1473410796 484755487
t_num: 10 finish: 1473410797 586763657 start: 1473410795 970527987
t_num: 23 finish: 1473410797 795746542 start: 1473410795 620338122
t_num: 22 finish: 1473410798 72476662 start: 1473410796 268488657
t_num: 3 finish: 1473410798 104960546 start: 1473410796 77367737
t_num: 8 finish: 1473410798 105685129 start: 1473410796 688841261
t_num: 13 finish: 1473410798 284073865 start: 1473410796 532525940
t_num: 2 finish: 1473410798 556877696 start: 1473410796 697920855
t_num: 21 finish: 1473410798 955322439 start: 1473410796 461757915
t_num: 20 finish: 1473410799 47828546 start: 1473410797 225186637
t_num: 15 finish: 1473410799 63069157 start: 1473410796 781740983
t_num: 28 finish: 1473410799 102304591 start: 1473410798 109314262
t_num: 4 finish: 1473410799 226879433 start: 1473410796 689737784
t_num: 6 finish: 1473410799 408716439 start: 1473410797 226058977
t_num: 1 finish: 1473410799 454031443 start: 1473410797 269682044
t_num: 17 finish: 1473410799 454861328 start: 1473410796 837158425
t_num: 23 finish: 1473410799 458490235 start: 1473410797 795778082
t_num: 22 finish: 1473410799 528202869 start: 1473410798 72510618
t_num: 16 finish: 1473410799 557725650 start: 1473410797 223427828
t_num: 26 finish: 1473410799 615117984 start: 1473410797 481120210
t_num: 15 finish: 1473410800 267849898 start: 1473410799 63090884
t_num: 28 finish: 1473410800 326817459 start: 1473410799 102323051
t_num: 2 finish: 1473410800 612506621 start: 1473410798 556908511
t_num: 5 finish: 1473410800 719329009 start: 1473410798 217914767
t_num: 21 finish: 1473410800 720016450 start: 1473410798 955366323
t_num: 0 finish: 1473410800 721342040 start: 1473410798 284124715
t_num: 4 finish: 1473410800 764903053 start: 1473410799 226925954
t_num: 6 finish: 1473410800 869030149 start: 1473410799 408744843
t_num: 11 finish: 1473410800 941291403 start: 1473410799 47952193
t_num: 8 finish: 1473410800 990132094 start: 1473410799 79640043
t_num: 17 finish: 1473410800 990400762 start: 1473410799 454885141
t_num: 14 finish: 1473410801 43047232 start: 1473410798 956093632
t_num: 7 finish: 1473410801 127382972 start: 1473410799 655829727
t_num: 23 finish: 1473410801 127951435 start: 1473410799 458522900
t_num: 13 finish: 1473410801 139353671 start: 1473410799 359775068
t_num: 20 finish: 1473410801 361677169 start: 1473410799 835462566
t_num: 16 finish: 1473410801 648147265 start: 1473410800 212262026
t_num: 26 finish: 1473410801 784078205 start: 1473410799 615180416
t_num: 22 finish: 1473410801 982828140 start: 1473410799 528224694
t_num: 28 finish: 1473410802 27677819 start: 1473410800 326843015
t_num: 6 finish: 1473410802 419128278 start: 1473410800 869062168
t_num: 4 finish: 1473410802 690717059 start: 1473410800 764920645
t_num: 2 finish: 1473410803 275311075 start: 1473410801 500294768
t_num: 20 finish: 1473410803 373940922 start: 1473410801 361720812
t_num: 8 finish: 1473410803 577631693 start: 1473410801 917356280
t_num: 5 finish: 1473410803 594842626 start: 1473410801 863928224
t_num: 7 finish: 1473410803 636799682 start: 1473410801 127426153
t_num: 14 finish: 1473410803 696868748 start: 1473410801 43092149
t_num: 15 finish: 1473410803 837837336 start: 1473410801 959011576
t_num: 23 finish: 1473410803 882272904 start: 1473410801 709887433
t_num: 21 finish: 1473410803 909618083 start: 1473410801 959039569
t_num: 27 finish: 1473410804 32570455 start: 1473410802 34349333
t_num: 6 finish: 1473410804 107856033 start: 1473410802 419166793
t_num: 28 finish: 1473410804 190311780 start: 1473410802 521563824
t_num: 26 finish: 1473410804 190321346 start: 1473410801 784103397
t_num: 22 finish: 1473410804 336081806 start: 1473410801 982857161
t_num: 16 finish: 1473410804 415078947 start: 1473410802 452199706
t_num: 24 finish: 1473410804 481306969 start: 1473410801 688139078
t_num: 25 finish: 1473410804 613429776 start: 1473410802 932311748
t_num: 13 finish: 1473410804 706514925 start: 1473410803 838602749
t_num: 14 finish: 1473410805 295265852 start: 1473410803 696887835
t_num: 27 finish: 1473410805 353271214 start: 1473410804 32601897
t_num: 21 finish: 1473410805 865039520 start: 1473410803 909639702
t_num: 4 finish: 1473410806 229047500 start: 1473410803 882364083
t_num: 7 finish: 1473410806 230987505 start: 1473410803 636833868
t_num: 5 finish: 1473410806 287757109 start: 1473410803 594869294
t_num: 28 finish: 1473410806 448476889 start: 1473410804 190507896
t_num: 6 finish: 1473410806 452978459 start: 1473410804 107892883
t_num: 2 finish: 1473410806 510405238 start: 1473410803 837985515
t_num: 24 finish: 1473410806 550425667 start: 1473410805 484077232
t_num: 3 finish: 1473410806 577889770 start: 1473410804 852151950
t_num: 20 finish: 1473410806 685985152 start: 1473410804 318229766
t_num: 8 finish: 1473410806 814479677 start: 1473410804 190294538
t_num: 27 finish: 1473410806 814532005 start: 1473410805 353308440
t_num: 13 finish: 1473410806 846502841 start: 1473410804 706573334
t_num: 14 finish: 1473410806 887137801 start: 1473410805 295299419
t_num: 6 finish: 1473410807 257026102 start: 1473410806 452998252
t_num: 12 finish: 1473410807 518849841 start: 1473410805 484323310
t_num: 22 finish: 1473410807 774769847 start: 1473410806 408078417
t_num: 10 finish: 1473410807 776221604 start: 1473410805 810638661
t_num: 28 finish: 1473410807 903917965 start: 1473410806 448506264
t_num: 25 finish: 1473410808 46956159 start: 1473410805 886356272
t_num: 5 finish: 1473410808 70920906 start: 1473410806 611223050
t_num: 13 finish: 1473410808 93187564 start: 1473410806 846526836
t_num: 29 finish: 1473410808 157983992 start: 1473410807 162490564
t_num: 7 finish: 1473410808 290283791 start: 1473410806 231003706
t_num: 4 finish: 1473410808 309250073 start: 1473410807 46155114
t_num: 15 finish: 1473410808 418407540 start: 1473410805 885957594
t_num: 19 finish: 1473410808 501217349 start: 1473410806 600410934
t_num: 0 finish: 1473410808 609371433 start: 1473410806 814756675
t_num: 3 finish: 1473410808 979045746 start: 1473410807 629465928
t_num: 2 finish: 1473410809 135775917 start: 1473410806 510443166
t_num: 27 finish: 1473410809 136039162 start: 1473410808 294504028
t_num: 6 finish: 1473410809 387054815 start: 1473410807 257070078
t_num: 14 finish: 1473410809 430261832 start: 1473410806 887156662
t_num: 8 finish: 1473410809 437205369 start: 1473410806 814510107
t_num: 18 finish: 1473410809 653997982 start: 1473410807 785354998
t_num: 25 finish: 1473410809 674412714 start: 1473410808 47006455
t_num: 28 finish: 1473410809 775571636 start: 1473410807 903960658
t_num: 17 finish: 1473410809 852837515 start: 1473410807 629211837
t_num: 24 finish: 1473410809 967350032 start: 1473410808 356488042
t_num: 5 finish: 1473410809 976387561 start: 1473410808 70942816
t_num: 0 finish: 1473410810 4067706 start: 1473410808 609418553
t_num: 1 finish: 1473410811 231613547 start: 1473410809 524809699
t_num: 0 finish: 1473410811 231690419 start: 1473410810 4097872
t_num: 26 finish: 1473410811 265673003 start: 1473410810 483442844
t_num: 6 finish: 1473410811 265727317 start: 1473410809 387100558
t_num: 27 finish: 1473410811 266645670 start: 1473410809 136058234
t_num: 13 finish: 1473410811 266677988 start: 1473410809 679886302
t_num: 7 finish: 1473410811 282718023 start: 1473410809 679918661
t_num: 17 finish: 1473410811 340543553 start: 1473410809 852874104
t_num: 2 finish: 1473410811 430117925 start: 1473410809 135819895
t_num: 8 finish: 1473410811 737485892 start: 1473410809 437238926
t_num: 3 finish: 1473410812 75362988 start: 1473410810 2696502
t_num: 25 finish: 1473410812 127436927 start: 1473410810 680676672
t_num: 5 finish: 1473410812 129379443 start: 1473410810 718775805
t_num: 14 finish: 1473410812 166567951 start: 1473410809 430296752
t_num: 29 finish: 1473410812 369229621 start: 1473410810 3446629
t_num: 21 finish: 1473410812 369295133 start: 1473410810 211092741
t_num: 0 finish: 1473410812 454290481 start: 1473410811 231708126
t_num: 7 finish: 1473410812 498528533 start: 1473410811 282738328
t_num: 23 finish: 1473410812 498575228 start: 1473410810 799175526
t_num: 26 finish: 1473410812 651482877 start: 1473410811 265694737
t_num: 19 finish: 1473410812 766179824 start: 1473410812 6115094
t_num: 31 finish: 1473410812 941159727 start: 1473410811 667696752
t_num: 11 finish: 1473410812 943323594 start: 1473410811 172744537
t_num: 1 finish: 1473410813 97718340 start: 1473410811 231641755
t_num: 24 finish: 1473410813 100725787 start: 1473410809 967373095
t_num: 17 finish: 1473410813 117874049 start: 1473410811 340579336
t_num: 6 finish: 1473410813 524071242 start: 1473410811 265745533
t_num: 30 finish: 1473410814 271503058 start: 1473410812 28335096
t_num: 29 finish: 1473410814 348340982 start: 1473410812 369292250
t_num: 24 finish: 1473410814 455812700 start: 1473410813 100746287
t_num: 3 finish: 1473410814 505685433 start: 1473410812 547921532
t_num: 5 finish: 1473410814 511253854 start: 1473410812 129399875
t_num: 18 finish: 1473410814 511316014 start: 1473410812 262377495
t_num: 0 finish: 1473410814 609023902 start: 1473410812 454317119
t_num: 30 finish: 1473410814 845200239 start: 1473410814 271528329
t_num: 25 finish: 1473410814 845321208 start: 1473410813 437156854
t_num: 17 finish: 1473410814 944269779 start: 1473410813 437134113
t_num: 26 finish: 1473410814 981964009 start: 1473410813 390152267
t_num: 14 finish: 1473410814 981964009 start: 1473410812 923899100
t_num: 20 finish: 1473410815 20049485 start: 1473410813 415502113
t_num: 16 finish: 1473410815 215201229 start: 1473410812 780697917
t_num: 19 finish: 1473410815 235944149 start: 1473410812 766225597
t_num: 7 finish: 1473410815 321589137 start: 1473410813 293350038
t_num: 15 finish: 1473410815 335884995 start: 1473410814 229107376
t_num: 23 finish: 1473410815 539602702 start: 1473410813 269761214
t_num: 21 finish: 1473410815 760376984 start: 1473410812 923869978
t_num: 31 finish: 1473410815 822274844 start: 1473410814 511387999
t_num: 5 finish: 1473410816 33930985 start: 1473410814 511275107
t_num: 27 finish: 1473410816 89276199 start: 1473410813 437095662
t_num: 0 finish: 1473410816 125173041 start: 1473410814 609052345
t_num: 11 finish: 1473410816 338301350 start: 1473410814 243075440
t_num: 28 finish: 1473410816 374314305 start: 1473410815 620440666
t_num: 18 finish: 1473410816 383631117 start: 1473410814 511333076
t_num: 30 finish: 1473410816 384175100 start: 1473410814 845268470
t_num: 6 finish: 1473410816 545204402 start: 1473410814 601701666
t_num: 19 finish: 1473410816 806910900 start: 1473410815 235974401
t_num: 15 finish: 1473410817 261563726 start: 1473410815 335924467
t_num: 0 finish: 1473410817 957571921 start: 1473410816 125193075
t_num: 22 finish: 1473410817 958884409 start: 1473410815 538935523
t_num: 21 finish: 1473410817 966035558 start: 1473410815 760412434
t_num: 26 finish: 1473410818 181171022 start: 1473410816 908319392
t_num: 30 finish: 1473410818 466695491 start: 1473410817 231232378
t_num: 12 finish: 1473410818 565605356 start: 1473410817 219777494
t_num: 16 finish: 1473410818 567138483 start: 1473410815 962145401
t_num: 1 finish: 1473410818 662055455 start: 1473410817 219495468
t_num: 18 finish: 1473410818 745935247 start: 1473410816 383650692
t_num: 28 finish: 1473410818 884299516 start: 1473410816 374343573
t_num: 6 finish: 1473410818 911019161 start: 1473410816 545258237
t_num: 5 finish: 1473410818 918523256 start: 1473410816 33959882
t_num: 27 finish: 1473410819 20886288 start: 1473410816 89298757
t_num: 11 finish: 1473410819 159144658 start: 1473410816 338335612
t_num: 15 finish: 1473410819 309990537 start: 1473410817 556841564
t_num: 25 finish: 1473410819 372578626 start: 1473410817 847431630
t_num: 31 finish: 1473410819 920539969 start: 1473410816 908873353
t_num: 20 finish: 1473410819 927902209 start: 1473410817 753473588
t_num: 12 finish: 1473410819 930954175 start: 1473410818 565725655
t_num: 26 finish: 1473410819 946637277 start: 1473410818 181209938
t_num: 23 finish: 1473410819 955776862 start: 1473410817 821442192
t_num: 14 finish: 1473410820 88253533 start: 1473410817 753100245
t_num: 21 finish: 1473410820 816877985 start: 1473410819 572477978
t_num: 16 finish: 1473410820 875099512 start: 1473410818 567159551
t_num: 4 finish: 1473410820 971746392 start: 1473410818 308187426
t_num: 13 finish: 1473410821 83434668 start: 1473410819 330442703
t_num: 0 finish: 1473410821 118475205 start: 1473410818 785069476
t_num: 11 finish: 1473410821 159804736 start: 1473410819 159170757
t_num: 2 finish: 1473410821 159943118 start: 1473410819 943833998
t_num: 22 finish: 1473410821 236102263 start: 1473410819 372656476
t_num: 29 finish: 1473410821 287920571 start: 1473410819 386383899
t_num: 25 finish: 1473410821 320879684 start: 1473410819 372602325
t_num: 30 finish: 1473410821 453639654 start: 1473410820 292597922
t_num: 27 finish: 1473410821 582603912 start: 1473410820 353444528
t_num: 14 finish: 1473410821 775355748 start: 1473410820 530527031
t_num: 21 finish: 1473410821 779256096 start: 1473410820 816906733
t_num: 9 finish: 1473410821 816876074 start: 1473410821 11870445
t_num: 31 finish: 1473410821 880267980 start: 1473410819 920590510
t_num: 6 finish: 1473410822 37012894 start: 1473410820 293256297
t_num: 26 finish: 1473410822 129507730 start: 1473410819 946672924
t_num: 13 finish: 1473410822 252677002 start: 1473410821 83462444
t_num: 16 finish: 1473410822 324628596 start: 1473410820 875138404
t_num: 3 finish: 1473410822 494697158 start: 1473410821 54469973
t_num: 19 finish: 1473410822 804627284 start: 1473410821 564964857
t_num: 9 finish: 1473410822 847279695 start: 1473410821 816906635
t_num: 29 finish: 1473410822 913239624 start: 1473410821 287963087
t_num: 30 finish: 1473410822 948713160 start: 1473410821 817073459
t_num: 2 finish: 1473410823 3182132 start: 1473410821 159964162
t_num: 6 finish: 1473410823 3183853 start: 1473410822 37063173
t_num: 0 finish: 1473410823 189530836 start: 1473410821 813887790
t_num: 20 finish: 1473410823 273670982 start: 1473410821 397786102
t_num: 25 finish: 1473410823 358232196 start: 1473410821 320929751
t_num: 13 finish: 1473410823 823769880 start: 1473410822 252733718
t_num: 14 finish: 1473410823 891657710 start: 1473410821 975005700
t_num: 31 finish: 1473410823 891706351 start: 1473410822 948576585
t_num: 30 finish: 1473410824 33375662 start: 1473410822 948731784
t_num: 26 finish: 1473410824 45481106 start: 1473410822 947870149
t_num: 2 finish: 1473410824 472272074 start: 1473410823 3208741
t_num: 11 finish: 1473410824 611563134 start: 1473410823 558214895
t_num: 4 finish: 1473410824 652775331 start: 1473410821 454443744
t_num: 30 finish: 1473410824 735958536 start: 1473410824 33425968
t_num: 17 finish: 1473410824 776415406 start: 1473410823 57153783
t_num: 19 finish: 1473410824 776427620 start: 1473410822 804657019
t_num: 6 finish: 1473410824 799441350 start: 1473410823 3217104
t_num: 29 finish: 1473410824 947550358 start: 1473410822 913271859
t_num: 1 finish: 1473410825 317051008 start: 1473410824 115351381
t_num: 16 finish: 1473410825 454148733 start: 1473410823 273712152
t_num: 20 finish: 1473410825 538973333 start: 1473410823 876418215
t_num: 4 finish: 1473410825 637847089 start: 1473410824 652869149
t_num: 22 finish: 1473410826 91771863 start: 1473410823 233896390
t_num: 2 finish: 1473410826 305495417 start: 1473410824 472299677
t_num: 14 finish: 1473410826 980816059 start: 1473410823 891698522
t_num: 6 finish: 1473410827 87199202 start: 1473410824 799473266
t_num: 13 finish: 1473410827 283068749 start: 1473410825 65151504
t_num: 1 finish: 1473410827 296865820 start: 1473410825 317087486
t_num: 21 finish: 1473410827 520732218 start: 1473410825 454128902
t_num: 29 finish: 1473410827 572580220 start: 1473410824 947699544
t_num: 31 finish: 1473410827 619987993 start: 1473410825 778603967
t_num: 25 finish: 1473410827 732952300 start: 1473410826 589345341
t_num: 26 finish: 1473410827 791707116 start: 1473410826 16003489
t_num: 11 finish: 1473410827 845319587 start: 1473410824 947655676
t_num: 19 finish: 1473410827 896565195 start: 1473410824 776442815
t_num: 23 finish: 1473410827 932448189 start: 1473410825 778622749
t_num: 6 finish: 1473410827 984447099 start: 1473410827 87228882
t_num: 16 finish: 1473410827 988767622 start: 1473410825 454173900
t_num: 30 finish: 1473410827 990714877 start: 1473410827 176707480
t_num: 4 finish: 1473410828 500633862 start: 1473410827 43037427
t_num: 7 finish: 1473410828 573735563 start: 1473410826 537190164
t_num: 3 finish: 1473410828 634614598 start: 1473410827 366194204
t_num: 6 finish: 1473410828 737995716 start: 1473410827 984477065
t_num: 21 finish: 1473410828 749000216 start: 1473410827 520775801
t_num: 10 finish: 1473410828 749008437 start: 1473410827 657602483
t_num: 2 finish: 1473410828 868149157 start: 1473410827 573405937
t_num: 22 finish: 1473410828 948696281 start: 1473410828 308079974
t_num: 14 finish: 1473410828 948696261 start: 1473410828 36380426
t_num: 25 finish: 1473410829 336824275 start: 1473410827 732991756
t_num: 15 finish: 1473410829 472373058 start: 1473410828 330303434
t_num: 10 finish: 1473410829 626133141 start: 1473410828 749041383
t_num: 13 finish: 1473410829 885956516 start: 1473410828 87183425
t_num: 12 finish: 1473410829 945320297 start: 1473410828 72026520
t_num: 11 finish: 1473410829 945330796 start: 1473410828 573825251
t_num: 14 finish: 1473410830 22513392 start: 1473410829 47149831
t_num: 4 finish: 1473410830 114698942 start: 1473410828 949211647
t_num: 29 finish: 1473410830 296565595 start: 1473410828 574055934
t_num: 3 finish: 1473410830 637208985 start: 1473410828 949241746
t_num: 30 finish: 1473410830 701265596 start: 1473410829 80402667
t_num: 5 finish: 1473410830 708206997 start: 1473410828 596594418
t_num: 21 finish: 1473410830 708263531 start: 1473410828 749024192
t_num: 19 finish: 1473410830 762296523 start: 1473410829 286355038
t_num: 12 finish: 1473410831 233538923 start: 1473410829 945371219
t_num: 31 finish: 1473410831 446755937 start: 1473410828 949474558
t_num: 2 finish: 1473410831 492464208 start: 1473410829 620730828
t_num: 14 finish: 1473410831 503942337 start: 1473410830 22549024
t_num: 4 finish: 1473410831 945299179 start: 1473410830 114738130
t_num: 10 finish: 1473410832 185134683 start: 1473410829 626161478
t_num: 21 finish: 1473410832 258310635 start: 1473410830 708277487
t_num: 16 finish: 1473410832 258313463 start: 1473410829 653170757
t_num: 5 finish: 1473410832 291929272 start: 1473410830 708227489
t_num: 15 finish: 1473410832 296747543 start: 1473410829 472416618
t_num: 8 finish: 1473410832 421989019 start: 1473410830 706288241
t_num: 25 finish: 1473410832 437232050 start: 1473410831 444617545
t_num: 23 finish: 1473410832 584713302 start: 1473410829 697835443
t_num: 19 finish: 1473410832 747410737 start: 1473410830 762335521
t_num: 30 finish: 1473410832 840661738 start: 1473410831 503986057
t_num: 11 finish: 1473410832 840763472 start: 1473410829 945473045
t_num: 6 finish: 1473410832 970039825 start: 1473410830 827524736
t_num: 20 finish: 1473410833 170144847 start: 1473410832 39552817
t_num: 5 finish: 1473410833 447737050 start: 1473410832 291955107
t_num: 2 finish: 1473410833 823194425 start: 1473410831 492498044
t_num: 10 finish: 1473410834 13476763 start: 1473410832 185176592
t_num: 21 finish: 1473410834 13481459 start: 1473410832 258337422
t_num: 15 finish: 1473410834 13488365 start: 1473410832 296769737
t_num: 24 finish: 1473410834 36923496 start: 1473410832 39086029
t_num: 31 finish: 1473410834 423498592 start: 1473410831 964773550
t_num: 22 finish: 1473410835 117861374 start: 1473410832 909766534
t_num: 20 finish: 1473410835 303717980 start: 1473410833 708292283
t_num: 30 finish: 1473410835 318772167 start: 1473410832 840707782
t_num: 16 finish: 1473410835 368699755 start: 1473410833 779758927
t_num: 27 finish: 1473410835 369556796 start: 1473410833 829217561
t_num: 14 finish: 1473410835 369583255 start: 1473410832 879994345
t_num: 18 finish: 1473410835 422699869 start: 1473410832 454985505
t_num: 19 finish: 1473410835 457556083 start: 1473410833 167915928
t_num: 0 finish: 1473410835 457976359 start: 1473410833 173764374
t_num: 23 finish: 1473410835 529249384 start: 1473410833 332482449
t_num: 17 finish: 1473410835 577440537 start: 1473410833 975080305
t_num: 2 finish: 1473410835 656243143 start: 1473410833 823244992
t_num: 6 finish: 1473410836 25985633 start: 1473410834 797052249
t_num: 21 finish: 1473410836 49371037 start: 1473410834 796883339
t_num: 31 finish: 1473410836 49372856 start: 1473410834 423542387
t_num: 25 finish: 1473410836 49438267 start: 1473410833 823223703
t_num: 11 finish: 1473410836 80388987 start: 1473410833 736873070
t_num: 9 finish: 1473410836 108991717 start: 1473410833 480983130
t_num: 4 finish: 1473410836 520532987 start: 1473410834 989334744
t_num: 28 finish: 1473410836 681199106 start: 1473410834 669418961
t_num: 2 finish: 1473410836 901485170 start: 1473410835 656266792
t_num: 31 finish: 1473410836 904195494 start: 1473410836 49418646
t_num: 20 finish: 1473410836 933960563 start: 1473410835 857128042
t_num: 1 finish: 1473410837 239166155 start: 1473410836 155718681
t_num: 16 finish: 1473410837 341674380 start: 1473410835 368742942
t_num: 22 finish: 1473410837 421576122 start: 1473410835 117889182
t_num: 14 finish: 1473410837 489645809 start: 1473410835 369601522
t_num: 4 finish: 1473410837 489815890 start: 1473410836 520558940
t_num: 19 finish: 1473410837 774416673 start: 1473410835 457589357
t_num: 30 finish: 1473410837 962606803 start: 1473410835 854031740
t_num: 9 finish: 1473410838 60887270 start: 1473410836 109014407
t_num: 3 finish: 1473410838 153919883 start: 1473410836 568674567
t_num: 10 finish: 1473410838 186300912 start: 1473410836 580634327
t_num: 17 finish: 1473410838 259553550 start: 1473410836 293468616
t_num: 1 finish: 1473410838 347281071 start: 1473410837 384893231
t_num: 25 finish: 1473410838 347303985 start: 1473410837 383446260
t_num: 21 finish: 1473410838 457993897 start: 1473410836 498178266
t_num: 2 finish: 1473410838 510020845 start: 1473410837 383871965
t_num: 0 finish: 1473410838 510088756 start: 1473410838 57120190
t_num: 20 finish: 1473410838 920679134 start: 1473410836 933983299
t_num: 31 finish: 1473410839 68427534 start: 1473410837 383341010
t_num: 16 finish: 1473410839 654340514 start: 1473410837 341734085
t_num: 19 finish: 1473410839 654385149 start: 1473410837 774444119
t_num: 30 finish: 1473410839 881174267 start: 1473410837 962633994
t_num: 7 finish: 1473410839 951643132 start: 1473410837 781285278
t_num: 10 finish: 1473410840 13422268 start: 1473410838 186350100
t_num: 4 finish: 1473410840 13446493 start: 1473410837 489836207
t_num: 6 finish: 1473410840 88791642 start: 1473410836 582474338
t_num: 3 finish: 1473410840 96931642 start: 1473410838 153962208
t_num: 14 finish: 1473410840 159522703 start: 1473410837 956967160
t_num: 11 finish: 1473410840 395932633 start: 1473410837 535735819
t_num: 5 finish: 1473410840 395990766 start: 1473410838 458114037
t_num: 31 finish: 1473410840 664668692 start: 1473410839 478145642
t_num: 25 finish: 1473410840 886536218 start: 1473410838 347429447
t_num: 2 finish: 1473410841 305341038 start: 1473410839 571939013
t_num: 7 finish: 1473410841 537233933 start: 1473410839 951673778
t_num: 20 finish: 1473410841 537285607 start: 1473410839 538909640
t_num: 19 finish: 1473410841 537372479 start: 1473410840 386350899
t_num: 29 finish: 1473410841 538834791 start: 1473410839 135819314
t_num: 1 finish: 1473410841 751335656 start: 1473410839 851898819
t_num: 25 finish: 1473410841 963482121 start: 1473410840 886568037
t_num: 5 finish: 1473410842 118773111 start: 1473410840 396005339
t_num: 27 finish: 1473410842 136256019 start: 1473410839 850248837
t_num: 11 finish: 1473410842 172081629 start: 1473410840 395956521
t_num: 12 finish: 1473410842 243583110 start: 1473410840 537153319
t_num: 30 finish: 1473410842 351358785 start: 1473410840 96953000
t_num: 10 finish: 1473410842 488483787 start: 1473410840 13476879
t_num: 4 finish: 1473410842 755386020 start: 1473410840 13495181
t_num: 29 finish: 1473410842 912790981 start: 1473410841 538854693
t_num: 3 finish: 1473410842 950396402 start: 1473410840 96966530
t_num: 21 finish: 1473410843 141887956 start: 1473410840 655237470
t_num: 7 finish: 1473410843 148900119 start: 1473410841 537271823
t_num: 31 finish: 1473410843 565792688 start: 1473410841 924740362
t_num: 15 finish: 1473410843 567282739 start: 1473410841 280766542
t_num: 8 finish: 1473410843 576540645 start: 1473410841 924712916
t_num: 1 finish: 1473410843 765911995 start: 1473410841 751384215
t_num: 19 finish: 1473410843 799299990 start: 1473410841 537390118
t_num: 3 finish: 1473410843 874227611 start: 1473410842 950419866
t_num: 4 finish: 1473410843 933414717 start: 1473410843 378126680
t_num: 24 finish: 1473410843 934120393 start: 1473410842 411768552
t_num: 5 finish: 1473410843 934293835 start: 1473410842 118807270
t_num: 18 finish: 1473410844 79420092 start: 1473410842 919812524
t_num: 23 finish: 1473410844 448327618 start: 1473410842 708988865
t_num: 2 finish: 1473410844 584938540 start: 1473410843 141054529
t_num: 7 finish: 1473410844 712558457 start: 1473410843 148923050
t_num: 11 finish: 1473410844 852751092 start: 1473410842 172109663
t_num: 27 finish: 1473410844 918666145 start: 1473410842 670736659
t_num: 10 finish: 1473410844 986116777 start: 1473410843 140253691
t_num: 30 finish: 1473410845 11694438 start: 1473410842 351403218
t_num: 28 finish: 1473410845 489354068 start: 1473410843 233226481
t_num: 8 finish: 1473410845 540401490 start: 1473410843 576560443
t_num: 4 finish: 1473410845 582783651 start: 1473410843 933452315
t_num: 19 finish: 1473410846 281925300 start: 1473410843 799322765
t_num: 11 finish: 1473410846 366412282 start: 1473410844 852792582
t_num: 5 finish: 1473410846 366421247 start: 1473410843 934314187
t_num: 10 finish: 1473410846 366483741 start: 1473410844 986159041
t_num: 15 finish: 1473410846 388881547 start: 1473410844 79445148
t_num: 1 finish: 1473410846 422173128 start: 1473410843 765940985
t_num: 7 finish: 1473410846 450723467 start: 1473410844 712594960
t_num: 24 finish: 1473410846 531469745 start: 1473410845 150868438
t_num: 30 finish: 1473410846 531579378 start: 1473410845 11730117
t_num: 18 finish: 1473410847 25582726 start: 1473410844 871539006
t_num: 24 finish: 1473410847 364401691 start: 1473410846 531497701
t_num: 11 finish: 1473410847 364466494 start: 1473410846 366438796
t_num: 28 finish: 1473410847 470858592 start: 1473410846 278493163
t_num: 30 finish: 1473410847 472839327 start: 1473410846 531599549
t_num: 2 finish: 1473410847 491316344 start: 1473410846 386288443
t_num: 26 finish: 1473410847 561852664 start: 1473410844 235772150
t_num: 4 finish: 1473410847 923121691 start: 1473410845 582820426
t_num: 5 finish: 1473410847 924318491 start: 1473410846 872117926
t_num: 0 finish: 1473410848 121805015 start: 1473410845 384036420
t_num: 23 finish: 1473410848 122948893 start: 1473410845 994102581
t_num: 25 finish: 1473410848 169614767 start: 1473410846 244736758
t_num: 8 finish: 1473410848 387436632 start: 1473410846 673488473
t_num: 13 finish: 1473410848 409762751 start: 1473410847 150553386
t_num: 22 finish: 1473410848 454617386 start: 1473410845 994096622
t_num: 3 finish: 1473410848 498131962 start: 1473410846 673470946
t_num: 19 finish: 1473410849 594162117 start: 1473410846 530767673
t_num: 2 finish: 1473410849 594717356 start: 1473410847 923134983
t_num: 24 finish: 1473410849 702258628 start: 1473410847 924047979
t_num: 0 finish: 1473410849 895535730 start: 1473410848 121850173
t_num: 28 finish: 1473410849 912513125 start: 1473410847 850528040
t_num: 26 finish: 1473410849 972602002 start: 1473410848 454723975
t_num: 23 finish: 1473410850 527123888 start: 1473410848 122964301
t_num: 1 finish: 1473410850 601338300 start: 1473410847 746061316
t_num: 11 finish: 1473410850 623069004 start: 1473410847 777401573
t_num: 14 finish: 1473410850 962879459 start: 1473410848 454753324
t_num: 7 finish: 1473410851 70626100 start: 1473410849 251383909
t_num: 22 finish: 1473410851 282079529 start: 1473410848 454638994
t_num: 0 finish: 1473410851 284162655 start: 1473410849 895578118
t_num: 17 finish: 1473410851 407888543 start: 1473410849 232492853
t_num: 16 finish: 1473410851 407891830 start: 1473410849 740631667
t_num: 25 finish: 1473410851 505173764 start: 1473410849 238538853
t_num: 26 finish: 1473410851 525418561 start: 1473410850 314119425
t_num: 3 finish: 1473410851 525423618 start: 1473410848 498154507
t_num: 13 finish: 1473410851 734656934 start: 1473410850 601276924
t_num: 19 finish: 1473410851 992606943 start: 1473410849 781734302
t_num: 15 finish: 1473410852 52716143 start: 1473410849 739730386
t_num: 11 finish: 1473410852 53646692 start: 1473410850 623092493
t_num: 8 finish: 1473410852 134662793 start: 1473410849 739689757
t_num: 31 finish: 1473410852 166269064 start: 1473410849 772094186
t_num: 25 finish: 1473410852 228823745 start: 1473410851 505207480
t_num: 10 finish: 1473410852 430365029 start: 1473410850 109671186
t_num: 6 finish: 1473410852 516157339 start: 1473410851 13865117
t_num: 7 finish: 1473410852 948197967 start: 1473410851 70657308
t_num: 21 finish: 1473410853 762346571 start: 1473410852 702347
t_num: 0 finish: 1473410854 85455984 start: 1473410851 284184235
t_num: 16 finish: 1473410854 135729979 start: 1473410851 407936474
t_num: 3 finish: 1473410854 177185919 start: 1473410851 525472966
t_num: 24 finish: 1473410854 177950011 start: 1473410851 994934779
t_num: 28 finish: 1473410854 278494288 start: 1473410852 605474246
t_num: 25 finish: 1473410854 339859328 start: 1473410852 228858464
t_num: 29 finish: 1473410854 684186677 start: 1473410852 675656242
t_num: 13 finish: 1473410854 836508529 start: 1473410851 734707202
t_num: 10 finish: 1473410855 148273234 start: 1473410852 430405195
t_num: 11 finish: 1473410855 191090252 start: 1473410852 53668207
t_num: 15 finish: 1473410855 192991337 start: 1473410852 518699753
t_num: 26 finish: 1473410855 454855065 start: 1473410852 839470023
t_num: 6 finish: 1473410855 796601872 start: 1473410852 516185632
t_num: 20 finish: 1473410855 922852468 start: 1473410852 575221962
t_num: 3 finish: 1473410856 78200378 start: 1473410854 177212803
t_num: 21 finish: 1473410856 118481191 start: 1473410854 134637360
t_num: 31 finish: 1473410856 119961522 start: 1473410852 793075181
t_num: 12 finish: 1473410856 192930850 start: 1473410854 134617633
t_num: 27 finish: 1473410856 339102525 start: 1473410854 27330139
t_num: 5 finish: 1473410856 515598372 start: 1473410853 962440707
t_num: 19 finish: 1473410856 685941461 start: 1473410853 328746902
t_num: 18 finish: 1473410856 699508961 start: 1473410854 134920845
t_num: 24 finish: 1473410857 5996798 start: 1473410855 553334827
t_num: 13 finish: 1473410857 6751030 start: 1473410854 836542167
t_num: 11 finish: 1473410857 10151548 start: 1473410855 986848535
t_num: 17 finish: 1473410857 94449727 start: 1473410855 513967782
t_num: 23 finish: 1473410857 293406932 start: 1473410855 516155462
t_num: 7 finish: 1473410857 643138175 start: 1473410854 134608083
t_num: 25 finish: 1473410857 828869586 start: 1473410854 339879099
t_num: 19 finish: 1473410858 1989024 start: 1473410856 685969518
t_num: 10 finish: 1473410858 99444059 start: 1473410855 148308065
t_num: 27 finish: 1473410858 267325747 start: 1473410856 339135112
t_num: 28 finish: 1473410858 371958786 start: 1473410854 278547508
t_num: 18 finish: 1473410858 454328381 start: 1473410856 699530194
t_num: 20 finish: 1473410858 471243062 start: 1473410855 922891809
t_num: 11 finish: 1473410858 674769886 start: 1473410857 10171645
t_num: 21 finish: 1473410858 674777846 start: 1473410856 118503809
t_num: 23 finish: 1473410858 771928164 start: 1473410857 523121147
t_num: 29 finish: 1473410859 160681533 start: 1473410855 613511643
t_num: 12 finish: 1473410859 207058389 start: 1473410856 192967488
t_num: 25 finish: 1473410859 368554375 start: 1473410857 828915658
t_num: 7 finish: 1473410859 553389835 start: 1473410857 643175842
t_num: 17 finish: 1473410859 560288831 start: 1473410857 94514601
t_num: 14 finish: 1473410859 602973454 start: 1473410858 461565135
t_num: 0 finish: 1473410859 603743276 start: 1473410857 175241252
t_num: 10 finish: 1473410859 681636967 start: 1473410858 99477246
t_num: 6 finish: 1473410859 758518912 start: 1473410856 688082116
t_num: 26 finish: 1473410859 895696688 start: 1473410857 686471149
t_num: 28 finish: 1473410859 895696654 start: 1473410858 371992508
t_num: 4 finish: 1473410860 85971495 start: 1473410858 577766480
t_num: 21 finish: 1473410860 294631978 start: 1473410858 674848513
t_num: 23 finish: 1473410860 476688810 start: 1473410859 30930712
t_num: 18 finish: 1473410860 591683115 start: 1473410859 30898603
t_num: 29 finish: 1473410860 591831466 start: 1473410859 160709335
t_num: 7 finish: 1473410860 818861084 start: 1473410859 601681127
t_num: 24 finish: 1473410860 925946213 start: 1473410857 991429360
t_num: 19 finish: 1473410861 92301049 start: 1473410858 577569109
t_num: 14 finish: 1473410861 111396793 start: 1473410859 602995142
t_num: 31 finish: 1473410861 153140759 start: 1473410859 148194385
t_num: 25 finish: 1473410861 223060075 start: 1473410859 368594909
t_num: 2 finish: 1473410861 282910345 start: 1473410858 767411482
t_num: 12 finish: 1473410861 283587209 start: 1473410860 591841589
t_num: 11 finish: 1473410861 337917239 start: 1473410858 674798001
t_num: 10 finish: 1473410861 340995344 start: 1473410859 681662199
t_num: 20 finish: 1473410861 563522981 start: 1473410859 337185144
t_num: 18 finish: 1473410861 628723155 start: 1473410860 591716870
t_num: 17 finish: 1473410861 763669510 start: 1473410859 560323461
t_num: 16 finish: 1473410862 190174048 start: 1473410860 661859880
t_num: 28 finish: 1473410862 310271717 start: 1473410860 591775391
t_num: 8 finish: 1473410862 393385422 start: 1473410860 765222568
t_num: 10 finish: 1473410862 470906038 start: 1473410861 341015477
t_num: 0 finish: 1473410862 570586202 start: 1473410861 335722508
t_num: 11 finish: 1473410862 580416534 start: 1473410861 337941578
t_num: 4 finish: 1473410862 670832359 start: 1473410860 86002519
t_num: 29 finish: 1473410862 886845747 start: 1473410861 14570587
t_num: 7 finish: 1473410862 998052971 start: 1473410860 818905330
t_num: 21 finish: 1473410863 31932381 start: 1473410861 13720183
t_num: 18 finish: 1473410863 32017825 start: 1473410862 297219776
t_num: 31 finish: 1473410863 170312026 start: 1473410861 153163309
t_num: 23 finish: 1473410863 289459655 start: 1473410860 476733595
t_num: 2 finish: 1473410863 314007626 start: 1473410861 282932389
t_num: 20 finish: 1473410863 338200488 start: 1473410861 563549401
t_num: 5 finish: 1473410863 700136151 start: 1473410861 686760663
t_num: 25 finish: 1473410863 790957171 start: 1473410861 687004906
t_num: 19 finish: 1473410863 911453620 start: 1473410862 295289184
t_num: 8 finish: 1473410863 914182821 start: 1473410862 393421520
t_num: 12 finish: 1473410863 938443281 start: 1473410862 85641670
t_num: 0 finish: 1473410864 141518260 start: 1473410862 570626718
t_num: 28 finish: 1473410864 256562502 start: 1473410862 310298167
t_num: 11 finish: 1473410864 369084869 start: 1473410863 31980529
t_num: 18 finish: 1473410864 446569696 start: 1473410863 798221531
t_num: 23 finish: 1473410864 467960188 start: 1473410863 289488211
t_num: 17 finish: 1473410864 472539165 start: 1473410862 86251489
t_num: 19 finish: 1473410864 520677270 start: 1473410863 911498901
t_num: 2 finish: 1473410864 541217696 start: 1473410863 660988482
t_num: 22 finish: 1473410864 541771595 start: 1473410862 15825400
t_num: 5 finish: 1473410864 653933216 start: 1473410863 700167206
t_num: 30 finish: 1473410865 42373820 start: 1473410863 913151492
t_num: 21 finish: 1473410865 72550648 start: 1473410863 31970440
t_num: 1 finish: 1473410865 240395399 start: 1473410864 75130570
t_num: 14 finish: 1473410865 391200842 start: 1473410863 450371228
t_num: 7 finish: 1473410865 524532853 start: 1473410863 255546329
t_num: 20 finish: 1473410865 698957750 start: 1473410863 338223136
t_num: 25 finish: 1473410865 705826491 start: 1473410864 141542002
t_num: 23 finish: 1473410865 706943669 start: 1473410864 467981239
t_num: 29 finish: 1473410866 415753826 start: 1473410863 405855593
t_num: 2 finish: 1473410866 445071215 start: 1473410864 541238704
t_num: 15 finish: 1473410866 838299180 start: 1473410864 563387039
t_num: 19 finish: 1473410866 926184093 start: 1473410864 520701423
t_num: 22 finish: 1473410866 926200248 start: 1473410865 484560063
t_num: 16 finish: 1473410866 995397394 start: 1473410864 984198594
t_num: 28 finish: 1473410866 995408595 start: 1473410866 235768310
t_num: 12 finish: 1473410866 995477493 start: 1473410866 164899540
t_num: 5 finish: 1473410867 5523645 start: 1473410864 990497767
t_num: 8 finish: 1473410867 206431024 start: 1473410864 703520108
t_num: 30 finish: 1473410867 280633624 start: 1473410865 42420181
t_num: 0 finish: 1473410867 495178131 start: 1473410865 131957118
t_num: 23 finish: 1473410867 639662387 start: 1473410866 486922174
t_num: 14 finish: 1473410867 853039081 start: 1473410866 536169721
t_num: 18 finish: 1473410867 930352088 start: 1473410865 374684583
t_num: 29 finish: 1473410867 991076908 start: 1473410866 759151738
t_num: 7 finish: 1473410868 292253521 start: 1473410865 524565060
t_num: 25 finish: 1473410868 526905330 start: 1473410866 302304350
t_num: 19 finish: 1473410868 603180308 start: 1473410866 926229856
t_num: 3 finish: 1473410868 603193693 start: 1473410866 311710004
t_num: 16 finish: 1473410869 75584910 start: 1473410866 995428870
t_num: 29 finish: 1473410869 85930980 start: 1473410867 991099987
t_num: 22 finish: 1473410869 318092621 start: 1473410868 263084119
t_num: 2 finish: 1473410869 748900713 start: 1473410867 14878116
t_num: 13 finish: 1473410869 792106486 start: 1473410867 930612744
t_num: 14 finish: 1473410869 814122431 start: 1473410867 853080226
t_num: 8 finish: 1473410869 844298351 start: 1473410867 206474962
t_num: 27 finish: 1473410870 23491064 start: 1473410867 792048555
t_num: 19 finish: 1473410870 77002558 start: 1473410868 603257330
t_num: 15 finish: 1473410870 139774185 start: 1473410867 930663265
t_num: 29 finish: 1473410870 444274270 start: 1473410869 85949112
t_num: 30 finish: 1473410870 623466801 start: 1473410868 428990842
t_num: 26 finish: 1473410870 761625324 start: 1473410869 609457066
t_num: 3 finish: 1473410870 789340137 start: 1473410868 603302932
t_num: 12 finish: 1473410870 792478094 start: 1473410869 748911943
t_num: 31 finish: 1473410871 167552315 start: 1473410869 363975654
t_num: 22 finish: 1473410871 167619853 start: 1473410869 318121319
t_num: 18 finish: 1473410871 293677521 start: 1473410867 930391670
t_num: 24 finish: 1473410871 374283563 start: 1473410869 75611231
t_num: 14 finish: 1473410871 779681468 start: 1473410869 814140652
t_num: 3 finish: 1473410871 824108473 start: 1473410871 127910030
t_num: 8 finish: 1473410872 151396562 start: 1473410870 194342912
t_num: 28 finish: 1473410872 326700885 start: 1473410871 63007218
t_num: 21 finish: 1473410872 326757272 start: 1473410869 248062510
t_num: 19 finish: 1473410872 328136547 start: 1473410870 448125716
t_num: 24 finish: 1473410872 386607954 start: 1473410871 374316784
t_num: 4 finish: 1473410872 506168713 start: 1473410870 76979649
t_num: 29 finish: 1473410872 684867314 start: 1473410870 444320139
t_num: 30 finish: 1473410872 757508089 start: 1473410870 623502080
t_num: 16 finish: 1473410872 880160465 start: 1473410870 987355009
t_num: 18 finish: 1473410872 914117210 start: 1473410871 293711645
t_num: 9 finish: 1473410872 963396555 start: 1473410871 446076600
t_num: 15 finish: 1473410873 175178623 start: 1473410871 637873982
t_num: 26 finish: 1473410873 176163107 start: 1473410872 328451922
t_num: 14 finish: 1473410873 371530560 start: 1473410871 779705950
t_num: 27 finish: 1473410873 372007684 start: 1473410871 36410304
t_num: 2 finish: 1473410873 713505705 start: 1473410871 779700293
t_num: 8 finish: 1473410874 112415970 start: 1473410872 151430232
t_num: 6 finish: 1473410874 160989182 start: 1473410872 88363318
t_num: 18 finish: 1473410874 467563676 start: 1473410872 914138884
t_num: 31 finish: 1473410874 469276128 start: 1473410871 794399697
t_num: 10 finish: 1473410875 254485049 start: 1473410872 924328687
t_num: 29 finish: 1473410875 254485042 start: 1473410872 684891954
t_num: 4 finish: 1473410875 377968540 start: 1473410872 506208924
t_num: 19 finish: 1473410875 455672840 start: 1473410873 883928365
t_num: 17 finish: 1473410875 455695480 start: 1473410873 316872683
t_num: 8 finish: 1473410875 540081633 start: 1473410874 112450383
t_num: 15 finish: 1473410875 585868538 start: 1473410873 561911622
t_num: 0 finish: 1473410875 843388392 start: 1473410873 916213740
t_num: 28 finish: 1473410875 844181690 start: 1473410873 438507431
t_num: 26 finish: 1473410875 845092029 start: 1473410873 176179421
t_num: 14 finish: 1473410875 903827336 start: 1473410873 371568714
t_num: 3 finish: 1473410875 931373351 start: 1473410873 496079450
t_num: 27 finish: 1473410876 265804757 start: 1473410873 372028511
t_num: 2 finish: 1473410876 772571059 start: 1473410874 453265746
t_num: 18 finish: 1473410876 834017612 start: 1473410874 467593662
t_num: 10 finish: 1473410877 63276504 start: 1473410875 837277254
t_num: 5 finish: 1473410877 185489519 start: 1473410876 265922727
t_num: 17 finish: 1473410877 261361737 start: 1473410875 455789411
t_num: 6 finish: 1473410877 279884177 start: 1473410874 161016302
t_num: 16 finish: 1473410877 369497400 start: 1473410874 674570798
t_num: 19 finish: 1473410877 399100800 start: 1473410875 455750037
t_num: 14 finish: 1473410877 797074796 start: 1473410876 452039682
t_num: 23 finish: 1473410877 909355377 start: 1473410875 522156594
t_num: 9 finish: 1473410878 156955617 start: 1473410873 884777806
t_num: 11 finish: 1473410878 220176127 start: 1473410875 943686126
t_num: 20 finish: 1473410878 262904212 start: 1473410876 168666128
t_num: 0 finish: 1473410878 271577762 start: 1473410875 843417594
t_num: 30 finish: 1473410878 336145516 start: 1473410876 452057673
t_num: 5 finish: 1473410878 424696452 start: 1473410877 185530554
t_num: 10 finish: 1473410878 424708432 start: 1473410877 63308437
t_num: 19 finish: 1473410878 459974659 start: 1473410877 399122836
t_num: 15 finish: 1473410878 637053961 start: 1473410875 663291203
t_num: 31 finish: 1473410879 291513813 start: 1473410877 365060945
t_num: 17 finish: 1473410879 292349522 start: 1473410877 261398169
t_num: 2 finish: 1473410879 462377224 start: 1473410876 772653216
t_num: 26 finish: 1473410879 558849823 start: 1473410877 261640751
t_num: 0 finish: 1473410879 954027411 start: 1473410878 271595719
t_num: 9 finish: 1473410880 38234570 start: 1473410878 461363193
t_num: 5 finish: 1473410880 80394705 start: 1473410878 424717624
t_num: 13 finish: 1473410880 162119676 start: 1473410877 747465874
t_num: 10 finish: 1473410880 285058294 start: 1473410879 142150912
t_num: 2 finish: 1473410880 371298988 start: 1473410879 462411511
t_num: 30 finish: 1473410880 619571504 start: 1473410878 336169788
t_num: 12 finish: 1473410880 637174328 start: 1473410878 465123469
t_num: 11 finish: 1473410880 711351486 start: 1473410878 455754883
t_num: 29 finish: 1473410880 858825015 start: 1473410878 465150038
t_num: 27 finish: 1473410881 31095403 start: 1473410879 791273703
t_num: 8 finish: 1473410881 267310933 start: 1473410879 406924556
t_num: 7 finish: 1473410881 382728874 start: 1473410879 661957604
t_num: 22 finish: 1473410881 413818709 start: 1473410880 103469391
t_num: 20 finish: 1473410881 474840399 start: 1473410878 262931773
t_num: 15 finish: 1473410881 517606491 start: 1473410878 637095809
t_num: 23 finish: 1473410882 87493657 start: 1473410878 637824622
t_num: 25 finish: 1473410882 93330264 start: 1473410880 490044038
t_num: 5 finish: 1473410882 156740663 start: 1473410881 231421020
t_num: 31 finish: 1473410882 222488832 start: 1473410879 291553028
t_num: 29 finish: 1473410882 222493803 start: 1473410880 858860631
t_num: 19 finish: 1473410882 431376942 start: 1473410879 292312308
t_num: 17 finish: 1473410882 659645933 start: 1473410880 489996103
t_num: 22 finish: 1473410882 891168730 start: 1473410881 413851795
t_num: 8 finish: 1473410883 10640536 start: 1473410881 267333539
t_num: 0 finish: 1473410883 30448065 start: 1473410881 640339682
t_num: 25 finish: 1473410883 120214882 start: 1473410882 93353461
t_num: 27 finish: 1473410883 139272364 start: 1473410881 31125191
t_num: 13 finish: 1473410883 227516311 start: 1473410881 360117452
t_num: 9 finish: 1473410883 265922757 start: 1473410881 177484155
t_num: 20 finish: 1473410883 810882999 start: 1473410881 474885438
t_num: 5 finish: 1473410883 835130636 start: 1473410883 11614251
t_num: 21 finish: 1473410884 120067835 start: 1473410882 442849792
t_num: 11 finish: 1473410884 212203688 start: 1473410881 640481706
t_num: 31 finish: 1473410884 353717695 start: 1473410882 222568199
t_num: 19 finish: 1473410884 402828042 start: 1473410882 431415722
t_num: 12 finish: 1473410884 449222121 start: 1473410882 653096975
t_num: 24 finish: 1473410884 685155943 start: 1473410882 441255158
t_num: 11 finish: 1473410884 831671449 start: 1473410884 212226178
t_num: 0 finish: 1473410885 53602668 start: 1473410883 30478757
t_num: 22 finish: 1473410885 90951815 start: 1473410882 891192590
t_num: 6 finish: 1473410885 92059363 start: 1473410884 119255106
t_num: 1 finish: 1473410885 236011128 start: 1473410883 32704823
t_num: 9 finish: 1473410885 236749838 start: 1473410883 265958436
t_num: 7 finish: 1473410885 266867237 start: 1473410883 810048498
t_num: 20 finish: 1473410885 458131666 start: 1473410883 948933679
t_num: 3 finish: 1473410885 661730394 start: 1473410883 194002623
t_num: 25 finish: 1473410885 770635662 start: 1473410884 208324266
t_num: 16 finish: 1473410885 776848198 start: 1473410883 906749911
t_num: 19 finish: 1473410885 777450826 start: 1473410884 402852816
t_num: 17 finish: 1473410885 914695476 start: 1473410884 449784367
t_num: 31 finish: 1473410886 242834052 start: 1473410884 353766816
t_num: 21 finish: 1473410886 276821773 start: 1473410884 120096619
t_num: 5 finish: 1473410886 287446341 start: 1473410885 230264308
t_num: 10 finish: 1473410886 384618608 start: 1473410885 401837133
t_num: 28 finish: 1473410886 384790392 start: 1473410884 562741304
t_num: 4 finish: 1473410886 384957919 start: 1473410884 639514011
t_num: 7 finish: 1473410886 409848206 start: 1473410885 266909769
t_num: 9 finish: 1473410886 410957135 start: 1473410885 236770790
t_num: 24 finish: 1473410886 734542346 start: 1473410884 685188218
t_num: 19 finish: 1473410887 365060148 start: 1473410885 777470339
t_num: 0 finish: 1473410887 420972992 start: 1473410885 53625808
t_num: 22 finish: 1473410887 718181586 start: 1473410885 90999368
t_num: 25 finish: 1473410887 909937440 start: 1473410886 595209916
t_num: 14 finish: 1473410888 208850633 start: 1473410886 831084991
t_num: 7 finish: 1473410888 333301866 start: 1473410886 409888940
t_num: 5 finish: 1473410888 333904346 start: 1473410886 287471229
t_num: 26 finish: 1473410888 488183941 start: 1473410887 33276071
t_num: 28 finish: 1473410888 515825399 start: 1473410886 410862967
t_num: 8 finish: 1473410888 592635526 start: 1473410885 669855519
t_num: 31 finish: 1473410888 594082279 start: 1473410886 242870686
t_num: 21 finish: 1473410889 209824172 start: 1473410886 276865568
t_num: 13 finish: 1473410889 243262627 start: 1473410887 70260786
t_num: 9 finish: 1473410889 246668069 start: 1473410886 411040395
t_num: 16 finish: 1473410889 368650316 start: 1473410886 808057016
t_num: 11 finish: 1473410889 657954528 start: 1473410886 410717819
t_num: 26 finish: 1473410889 718711546 start: 1473410888 488225589
t_num: 20 finish: 1473410889 800317070 start: 1473410887 849138902
t_num: 19 finish: 1473410889 800350679 start: 1473410887 365104364
t_num: 27 finish: 1473410890 119533340 start: 1473410886 359370995
t_num: 7 finish: 1473410890 367460000 start: 1473410888 333341137
t_num: 31 finish: 1473410890 367521542 start: 1473410888 661845742
t_num: 18 finish: 1473410890 430793270 start: 1473410887 908565873
t_num: 29 finish: 1473410890 708065146 start: 1473410889 230713598
t_num: 14 finish: 1473410890 735103312 start: 1473410889 172550439
t_num: 25 finish: 1473410890 777234226 start: 1473410889 259231418
t_num: 22 finish: 1473410890 847744570 start: 1473410887 718233844
t_num: 21 finish: 1473410890 847796952 start: 1473410889 398931940
t_num: 16 finish: 1473410890 847942574 start: 1473410889 368675054
t_num: 17 finish: 1473410890 848025117 start: 1473410888 515558800
t_num: 9 finish: 1473410890 931446229 start: 1473410889 246690762
t_num: 28 finish: 1473410890 947982673 start: 1473410888 515850056
t_num: 5 finish: 1473410890 952617955 start: 1473410888 333920873
t_num: 8 finish: 1473410891 152766561 start: 1473410889 213070811
t_num: 10 finish: 1473410891 380800427 start: 1473410888 842963749
t_num: 11 finish: 1473410891 504065765 start: 1473410889 658000754
t_num: 18 finish: 1473410891 562400888 start: 1473410890 430821698
t_num: 25 finish: 1473410891 672107137 start: 1473410890 777268380
t_num: 20 finish: 1473410891 854817742 start: 1473410889 800342379
t_num: 2 finish: 1473410891 857341997 start: 1473410889 933104252
t_num: 13 finish: 1473410892 504000158 start: 1473410890 100732455
t_num: 21 finish: 1473410892 521227874 start: 1473410890 847816830
t_num: 7 finish: 1473410892 521232044 start: 1473410890 367563519
t_num: 0 finish: 1473410892 778318162 start: 1473410891 378324196
t_num: 17 finish: 1473410892 841004511 start: 1473410890 848041210
t_num: 9 finish: 1473410892 967714068 start: 1473410890 931480790
t_num: 29 finish: 1473410892 969096978 start: 1473410891 730781871
t_num: 26 finish: 1473410893 21209381 start: 1473410891 68457604
t_num: 8 finish: 1473410893 389812218 start: 1473410892 245198192
t_num: 2 finish: 1473410893 412477768 start: 1473410892 353207211
t_num: 30 finish: 1473410893 700596152 start: 1473410891 633965864
t_num: 14 finish: 1473410894 303649022 start: 1473410892 190769391
t_num: 17 finish: 1473410894 371024711 start: 1473410892 841051486
t_num: 28 finish: 1473410894 374897927 start: 1473410892 191623608
t_num: 11 finish: 1473410894 376763558 start: 1473410891 504109069
t_num: 18 finish: 1473410894 442471426 start: 1473410891 562426171
t_num: 3 finish: 1473410894 470313583 start: 1473410892 622835293
t_num: 8 finish: 1473410894 611422083 start: 1473410893 389857350
t_num: 7 finish: 1473410894 684927047 start: 1473410892 521271008
t_num: 21 finish: 1473410894 684998090 start: 1473410892 521257984
t_num: 26 finish: 1473410894 782136634 start: 1473410893 21251765
t_num: 16 finish: 1473410894 783789138 start: 1473410892 710966198
t_num: 14 finish: 1473410895 206892770 start: 1473410894 303693097
t_num: 13 finish: 1473410895 260090213 start: 1473410893 596017722
t_num: 10 finish: 1473410895 260668903 start: 1473410892 981335359
t_num: 25 finish: 1473410895 267622966 start: 1473410892 622050518
t_num: 5 finish: 1473410895 440841514 start: 1473410892 669994875
t_num: 6 finish: 1473410895 511335056 start: 1473410893 471885162
t_num: 9 finish: 1473410895 646237786 start: 1473410892 967754126
t_num: 3 finish: 1473410895 883048149 start: 1473410894 470337623
t_num: 26 finish: 1473410896 26298301 start: 1473410894 782167606
t_num: 30 finish: 1473410896 260088641 start: 1473410893 700640296
t_num: 0 finish: 1473410896 312514166 start: 1473410895 27058805
t_num: 28 finish: 1473410896 366785219 start: 1473410895 53200893
t_num: 2 finish: 1473410896 539210639 start: 1473410894 703514251
t_num: 7 finish: 1473410896 635563073 start: 1473410894 684973975
t_num: 4 finish: 1473410896 658307863 start: 1473410895 883509091
t_num: 18 finish: 1473410896 711080322 start: 1473410894 861270319
t_num: 6 finish: 1473410896 711333189 start: 1473410895 511379583
t_num: 10 finish: 1473410896 761317928 start: 1473410895 260689950
t_num: 9 finish: 1473410897 307457382 start: 1473410895 646291384
t_num: 21 finish: 1473410897 458852295 start: 1473410894 685035932
t_num: 13 finish: 1473410897 545760988 start: 1473410896 197138093
t_num: 16 finish: 1473410897 624710130 start: 1473410894 783825675
t_num: 24 finish: 1473410897 863639949 start: 1473410895 990530096
t_num: 6 finish: 1473410898 427009335 start: 1473410896 711354123
t_num: 28 finish: 1473410898 427944135 start: 1473410896 366825730
t_num: 5 finish: 1473410898 428004525 start: 1473410896 244484138
t_num: 17 finish: 1473410898 428112434 start: 1473410896 142383691
t_num: 3 finish: 1473410898 429541314 start: 1473410897 302553444
t_num: 27 finish: 1473410898 654613387 start: 1473410896 493577768
t_num: 1 finish: 1473410898 752146810 start: 1473410897 310798155
t_num: 14 finish: 1473410898 855087253 start: 1473410897 343994115
t_num: 0 finish: 1473410898 965642622 start: 1473410896 312555800
t_num: 4 finish: 1473410899 77310490 start: 1473410896 658350047
t_num: 19 finish: 1473410899 143335895 start: 1473410898 416658407
t_num: 7 finish: 1473410900 8795091 start: 1473410897 681338803
t_num: 21 finish: 1473410900 8794873 start: 1473410898 81854259
t_num: 22 finish: 1473410900 11505034 start: 1473410897 558228436
t_num: 6 finish: 1473410900 45827760 start: 1473410898 427033736
t_num: 30 finish: 1473410900 93301274 start: 1473410896 447829223
t_num: 9 finish: 1473410900 93302766 start: 1473410898 624512829
t_num: 10 finish: 1473410900 93363661 start: 1473410897 681964760
t_num: 29 finish: 1473410900 215978239 start: 1473410899 77886133
t_num: 5 finish: 1473410900 799948266 start: 1473410898 777273876
t_num: 17 finish: 1473410900 822972671 start: 1473410898 856961108
t_num: 16 finish: 1473410900 945592657 start: 1473410897 624731683
t_num: 15 finish: 1473410900 946198396 start: 1473410899 259747816
t_num: 31 finish: 1473410901 14966572 start: 1473410899 853488789
t_num: 14 finish: 1473410901 15022522 start: 1473410898 855120405
t_num: 20 finish: 1473410901 191432977 start: 1473410899 77952119
t_num: 24 finish: 1473410901 244993636 start: 1473410897 863679063
t_num: 12 finish: 1473410901 337395601 start: 1473410900 45768910
t_num: 6 finish: 1473410901 449597428 start: 1473410900 45848406
t_num: 0 finish: 1473410901 611769182 start: 1473410900 801312549
t_num: 7 finish: 1473410901 618437260 start: 1473410900 8846145
t_num: 23 finish: 1473410902 812906590 start: 1473410900 87940836
t_num: 13 finish: 1473410903 93920345 start: 1473410900 46193752
t_num: 29 finish: 1473410903 94600007 start: 1473410900 216007076
t_num: 4 finish: 1473410903 209053956 start: 1473410900 93610929
t_num: 19 finish: 1473410903 268306806 start: 1473410901 580553165
t_num: 22 finish: 1473410903 295281322 start: 1473410901 103503222
t_num: 10 finish: 1473410903 446026532 start: 1473410901 550154531
t_num: 24 finish: 1473410903 466518021 start: 1473410901 245047842
t_num: 1 finish: 1473410903 493787304 start: 1473410902 834457535
t_num: 15 finish: 1473410903 508806445 start: 1473410900 946218946
t_num: 9 finish: 1473410903 626602953 start: 1473410901 447540623
t_num: 16 finish: 1473410903 630854855 start: 1473410901 611891956
t_num: 17 finish: 1473410903 675994757 start: 1473410901 616698087
t_num: 7 finish: 1473410903 705390457 start: 1473410901 618457464
t_num: 6 finish: 1473410903 705616674 start: 1473410903 208075735
t_num: 20 finish: 1473410903 892846132 start: 1473410901 191496176
t_num: 14 finish: 1473410904 76665379 start: 1473410902 580058324
t_num: 30 finish: 1473410904 115887986 start: 1473410901 447474103
t_num: 23 finish: 1473410904 336502170 start: 1473410902 812935462
t_num: 24 finish: 1473410904 657800701 start: 1473410903 466544498
t_num: 5 finish: 1473410904 695382033 start: 1473410902 160565835
t_num: 7 finish: 1473410904 998378649 start: 1473410903 705410561
t_num: 6 finish: 1473410905 125529580 start: 1473410903 705634729
t_num: 29 finish: 1473410905 126417820 start: 1473410903 803725179
t_num: 2 finish: 1473410905 173622369 start: 1473410903 205984272
t_num: 11 finish: 1473410905 354066742 start: 1473410903 703686645
t_num: 17 finish: 1473410905 674858615 start: 1473410904 76752029
t_num: 13 finish: 1473410905 833476680 start: 1473410903 295296847
t_num: 27 finish: 1473410905 848435009 start: 1473410902 835246306
t_num: 20 finish: 1473410906 130854323 start: 1473410903 892873833
t_num: 0 finish: 1473410906 130854366 start: 1473410903 750609475
t_num: 23 finish: 1473410906 131154606 start: 1473410904 336528331
t_num: 19 finish: 1473410906 168194685 start: 1473410904 998351654
t_num: 16 finish: 1473410906 195861913 start: 1473410903 630877819
t_num: 25 finish: 1473410906 419373585 start: 1473410904 97617931
t_num: 30 finish: 1473410906 530747752 start: 1473410905 289109764
t_num: 11 finish: 1473410906 600851264 start: 1473410905 694394007
t_num: 14 finish: 1473410906 717357389 start: 1473410905 289765256
t_num: 17 finish: 1473410907 10138831 start: 1473410905 674900864
t_num: 0 finish: 1473410907 56717979 start: 1473410906 130898034
t_num: 6 finish: 1473410907 73507075 start: 1473410905 174237708
t_num: 25 finish: 1473410907 80007896 start: 1473410906 419415599
t_num: 23 finish: 1473410907 119599829 start: 1473410906 131174156
t_num: 18 finish: 1473410907 129777510 start: 1473410906 169631701
t_num: 8 finish: 1473410907 185582630 start: 1473410906 169605107
t_num: 5 finish: 1473410907 202029142 start: 1473410904 695435346
t_num: 9 finish: 1473410907 307203396 start: 1473410905 288812242
t_num: 19 finish: 1473410907 370073537 start: 1473410906 168217119
t_num: 2 finish: 1473410907 448547844 start: 1473410906 474443843
t_num: 29 finish: 1473410907 527034305 start: 1473410905 126434010
t_num: 7 finish: 1473410907 904631055 start: 1473410904 998406502
t_num: 24 finish: 1473410908 247272867 start: 1473410906 169613543
t_num: 11 finish: 1473410908 952516854 start: 1473410906 600898707
t_num: 17 finish: 1473410908 953229083 start: 1473410907 610785285
t_num: 8 finish: 1473410908 961494969 start: 1473410907 185612110
t_num: 20 finish: 1473410908 977327938 start: 1473410907 119415492
t_num: 21 finish: 1473410909 54491719 start: 1473410907 156886059
t_num: 14 finish: 1473410909 54491719 start: 1473410906 717401256
t_num: 19 finish: 1473410909 146416175 start: 1473410908 647338564
t_num: 25 finish: 1473410909 267215545 start: 1473410907 80040689
t_num: 18 finish: 1473410909 455786691 start: 1473410907 648234310
t_num: 6 finish: 1473410909 796604147 start: 1473410908 669449171
t_num: 11 finish: 1473410909 855610492 start: 1473410908 952559282
t_num: 23 finish: 1473410909 902904632 start: 1473410907 119622481
t_num: 0 finish: 1473410910 39969787 start: 1473410908 669818653
t_num: 2 finish: 1473410910 769373388 start: 1473410907 448568164
t_num: 5 finish: 1473410910 792884080 start: 1473410907 706005965
t_num: 24 finish: 1473410910 960085420 start: 1473410909 146047558
t_num: 3 finish: 1473410910 989606948 start: 1473410908 754190345
t_num: 10 finish: 1473410911 60768395 start: 1473410910 98911115
t_num: 29 finish: 1473410911 172465931 start: 1473410907 527059776
t_num: 28 finish: 1473410911 210300514 start: 1473410909 937212126
t_num: 19 finish: 1473410911 816474115 start: 1473410909 965427179
t_num: 18 finish: 1473410911 816731795 start: 1473410909 455849105
t_num: 16 finish: 1473410911 869367536 start: 1473410910 956409439
t_num: 30 finish: 1473410911 869569202 start: 1473410908 855417213
t_num: 20 finish: 1473410911 890513654 start: 1473410910 98680792
t_num: 24 finish: 1473410911 953611756 start: 1473410910 960108078
t_num: 28 finish: 1473410912 162907160 start: 1473410911 210332240
t_num: 31 finish: 1473410912 163595470 start: 1473410910 726018499
t_num: 8 finish: 1473410912 299105668 start: 1473410910 725628353
t_num: 21 finish: 1473410912 310864955 start: 1473410909 795793516
t_num: 23 finish: 1473410912 553679931 start: 1473410910 508151805
t_num: 1 finish: 1473410912 598303816 start: 1473410910 725577457
t_num: 3 finish: 1473410912 701888810 start: 1473410910 989632075
t_num: 0 finish: 1473410912 872511514 start: 1473410910 817677395
t_num: 29 finish: 1473410913 391558660 start: 1473410911 172495119
t_num: 14 finish: 1473410913 391635511 start: 1473410909 796605856
t_num: 24 finish: 1473410913 687043334 start: 1473410911 953644476
t_num: 31 finish: 1473410914 179371369 start: 1473410912 163628104
t_num: 6 finish: 1473410914 614409262 start: 1473410911 147259401
t_num: 16 finish: 1473410914 771764618 start: 1473410911 869399321
t_num: 21 finish: 1473410914 771829841 start: 1473410912 310886395
t_num: 2 finish: 1473410914 772036527 start: 1473410912 298423304
t_num: 20 finish: 1473410915 141824092 start: 1473410911 890549664
t_num: 19 finish: 1473410915 174026312 start: 1473410911 816503814
t_num: 1 finish: 1473410915 308478730 start: 1473410912 598323313
t_num: 8 finish: 1473410915 308923608 start: 1473410912 299127826
t_num: 5 finish: 1473410915 363940771 start: 1473410912 435586172
t_num: 0 finish: 1473410915 581734598 start: 1473410912 872546767
t_num: 10 finish: 1473410915 604404937 start: 1473410914 481599282
t_num: 7 finish: 1473410915 605176101 start: 1473410914 177502823
t_num: 16 finish: 1473410915 936778076 start: 1473410914 771803353
t_num: 3 finish: 1473410916 120395859 start: 1473410912 701915007
t_num: 14 finish: 1473410916 219760748 start: 1473410913 391654263
t_num: 31 finish: 1473410916 228845527 start: 1473410914 179398126
t_num: 27 finish: 1473410916 286118606 start: 1473410912 597426774
t_num: 9 finish: 1473410916 315861188 start: 1473410913 470850475
t_num: 0 finish: 1473410916 552445635 start: 1473410915 581778235
t_num: 12 finish: 1473410916 635086127 start: 1473410914 390758784
t_num: 27 finish: 1473410916 690497280 start: 1473410916 286152691
t_num: 7 finish: 1473410916 786144155 start: 1473410915 605196829
t_num: 29 finish: 1473410917 258591186 start: 1473410915 452869336
t_num: 8 finish: 1473410917 357728448 start: 1473410915 308958700
t_num: 2 finish: 1473410917 593718657 start: 1473410914 772056065
t_num: 3 finish: 1473410917 672203657 start: 1473410916 120424713
t_num: 10 finish: 1473410917 796554008 start: 1473410915 604430743
t_num: 19 finish: 1473410917 833212682 start: 1473410916 113592393
t_num: 31 finish: 1473410917 926446484 start: 1473410916 228880071
t_num: 18 finish: 1473410918 172106320 start: 1473410916 290251040
t_num: 20 finish: 1473410918 303409675 start: 1473410915 141919498
t_num: 7 finish: 1473410918 326349924 start: 1473410916 786178729
t_num: 23 finish: 1473410918 331343379 start: 1473410916 292058288
t_num: 27 finish: 1473410918 380211922 start: 1473410916 690536680
t_num: 5 finish: 1473410918 566422312 start: 1473410916 291993869
t_num: 14 finish: 1473410918 703622586 start: 1473410917 291411018
t_num: 26 finish: 1473410918 703784515 start: 1473410916 977001671
t_num: 24 finish: 1473410918 704033082 start: 1473410915 894176514
t_num: 2 finish: 1473410918 949576288 start: 1473410917 593738417
t_num: 13 finish: 1473410919 286097593 start: 1473410916 852304334
t_num: 4 finish: 1473410919 451362012 start: 1473410918 448946360
t_num: 31 finish: 1473410919 712176966 start: 1473410917 926492583
t_num: 19 finish: 1473410919 819430650 start: 1473410919 150585610
t_num: 29 finish: 1473410919 972791879 start: 1473410917 258659555
t_num: 12 finish: 1473410919 973956656 start: 1473410917 470444360
t_num: 25 finish: 1473410919 973981637 start: 1473410917 482282531
t_num: 10 finish: 1473410920 5210238 start: 1473410918 746382798
t_num: 0 finish: 1473410920 177637083 start: 1473410918 703625541
t_num: 26 finish: 1473410920 202848687 start: 1473410918 703827398
t_num: 6 finish: 1473410920 323750395 start: 1473410917 570669319
t_num: 13 finish: 1473410920 517211438 start: 1473410919 286159356
t_num: 16 finish: 1473410920 568292493 start: 1473410919 509749582
t_num: 18 finish: 1473410920 879532039 start: 1473410919 711567172
t_num: 23 finish: 1473410920 905319884 start: 1473410918 331365096
t_num: 4 finish: 1473410920 974881816 start: 1473410919 451405390
t_num: 28 finish: 1473410921 177254152 start: 1473410919 150608626
t_num: 24 finish: 1473410921 303573525 start: 1473410918 704052705
t_num: 27 finish: 1473410921 412028442 start: 1473410919 150553742
t_num: 2 finish: 1473410921 426861175 start: 1473410918 949608415
t_num: 25 finish: 1473410921 572735884 start: 1473410919 973999184
t_num: 30 finish: 1473410921 679260234 start: 1473410920 427747962
t_num: 20 finish: 1473410922 151614853 start: 1473410921 412951627
t_num: 29 finish: 1473410922 838445640 start: 1473410920 568932739
t_num: 19 finish: 1473410922 868969264 start: 1473410919 819460892
t_num: 25 finish: 1473410922 869531947 start: 1473410921 572771766
t_num: 14 finish: 1473410923 5662502 start: 1473410920 278887057
t_num: 5 finish: 1473410923 209005838 start: 1473410920 568090665
t_num: 16 finish: 1473410923 253234584 start: 1473410921 426231283
t_num: 21 finish: 1473410923 638410701 start: 1473410922 383181463
t_num: 17 finish: 1473410923 744633552 start: 1473410921 539068360
t_num: 20 finish: 1473410923 744653011 start: 1473410922 151677676
t_num: 13 finish: 1473410923 795369275 start: 1473410920 517265096
t_num: 24 finish: 1473410923 826883974 start: 1473410921 303602395
t_num: 12 finish: 1473410924 56673765 start: 1473410921 468273508
t_num: 3 finish: 1473410924 66929698 start: 1473410921 824571372
t_num: 30 finish: 1473410924 86551974 start: 1473410922 494918564
t_num: 8 finish: 1473410924 145749673 start: 1473410922 563990272
t_num: 25 finish: 1473410924 147397906 start: 1473410923 247042834
t_num: 6 finish: 1473410924 408150986 start: 1473410923 253308823
t_num: 29 finish: 1473410924 471870365 start: 1473410922 838488245
t_num: 22 finish: 1473410924 815004560 start: 1473410923 636406405
t_num: 1 finish: 1473410924 880088249 start: 1473410922 810518343
t_num: 2 finish: 1473410924 896699337 start: 1473410922 48166448
t_num: 7 finish: 1473410925 45569227 start: 1473410923 804521869
t_num: 16 finish: 1473410925 149773984 start: 1473410923 772391244
t_num: 19 finish: 1473410925 305696549 start: 1473410922 868994260
t_num: 21 finish: 1473410925 452565156 start: 1473410924 13608161
t_num: 27 finish: 1473410925 514516656 start: 1473410922 951477900
t_num: 12 finish: 1473410925 670456834 start: 1473410924 56706790
t_num: 24 finish: 1473410925 738045646 start: 1473410924 405191543
t_num: 31 finish: 1473410925 853929323 start: 1473410923 772460827
t_num: 2 finish: 1473410926 91577105 start: 1473410924 896725258
t_num: 1 finish: 1473410926 95437092 start: 1473410924 880125480
t_num: 16 finish: 1473410926 96880115 start: 1473410925 149832247
t_num: 8 finish: 1473410926 263945193 start: 1473410924 145773292
t_num: 17 finish: 1473410926 367327403 start: 1473410923 744687497
t_num: 30 finish: 1473410926 369202230 start: 1473410924 86569537
t_num: 22 finish: 1473410926 640291033 start: 1473410924 815036682
t_num: 7 finish: 1473410926 707317967 start: 1473410925 481628218
t_num: 13 finish: 1473410926 930290613 start: 1473410924 702624668
t_num: 24 finish: 1473410927 221450675 start: 1473410925 738071649
t_num: 18 finish: 1473410927 362644459 start: 1473410925 452279706
t_num: 19 finish: 1473410927 362713249 start: 1473410925 305736195
t_num: 8 finish: 1473410927 845010848 start: 1473410926 263979863
t_num: 30 finish: 1473410927 895299339 start: 1473410926 369222337
t_num: 2 finish: 1473410928 178559179 start: 1473410926 91619322
t_num: 5 finish: 1473410928 178636336 start: 1473410925 684997498
t_num: 6 finish: 1473410928 179350264 start: 1473410926 368432676
t_num: 1 finish: 1473410928 197210234 start: 1473410926 609789962
t_num: 19 finish: 1473410928 301417728 start: 1473410927 362729567
t_num: 31 finish: 1473410928 528508556 start: 1473410925 853989887
t_num: 18 finish: 1473410928 530144201 start: 1473410927 362671433
t_num: 11 finish: 1473410928 578385189 start: 1473410926 410292205
t_num: 10 finish: 1473410928 687403593 start: 1473410927 272559192
t_num: 9 finish: 1473410928 810015270 start: 1473410926 92600045
t_num: 22 finish: 1473410928 893106510 start: 1473410927 805424674
t_num: 28 finish: 1473410929 145717276 start: 1473410926 475585669
t_num: 8 finish: 1473410929 196738510 start: 1473410927 845037555
t_num: 15 finish: 1473410929 246878396 start: 1473410928 10075610
t_num: 24 finish: 1473410929 427838551 start: 1473410927 221485961
t_num: 14 finish: 1473410929 713032071 start: 1473410927 271488279
t_num: 18 finish: 1473410930 228291826 start: 1473410928 530163540
t_num: 12 finish: 1473410930 235832739 start: 1473410928 177986605
t_num: 30 finish: 1473410930 245694463 start: 1473410927 895333676
t_num: 5 finish: 1473410930 306735886 start: 1473410929 86919803
t_num: 7 finish: 1473410930 367504118 start: 1473410928 621724639
t_num: 6 finish: 1473410930 426148486 start: 1473410928 986767882
t_num: 21 finish: 1473410930 482456771 start: 1473410929 18336848
t_num: 26 finish: 1473410930 543346619 start: 1473410929 919405668
t_num: 9 finish: 1473410930 543348803 start: 1473410928 810060733
t_num: 2 finish: 1473410930 614347854 start: 1473410928 178588094
t_num: 31 finish: 1473410930 616854898 start: 1473410928 528551149
t_num: 29 finish: 1473410930 928570116 start: 1473410928 621736349
t_num: 19 finish: 1473410930 936285109 start: 1473410929 86870901
t_num: 18 finish: 1473410930 974977617 start: 1473410930 228318087
t_num: 29 finish: 1473410931 383317526 start: 1473410930 928613915
t_num: 10 finish: 1473410931 461635910 start: 1473410930 206499818
t_num: 22 finish: 1473410931 461690822 start: 1473410930 227839666
t_num: 23 finish: 1473410931 576899882 start: 1473410929 299903307
t_num: 24 finish: 1473410931 690166626 start: 1473410931 40013029
t_num: 0 finish: 1473410931 730404537 start: 1473410930 524866699
t_num: 18 finish: 1473410931 790858787 start: 1473410930 975001100
t_num: 14 finish: 1473410931 826450550 start: 1473410929 713071511
t_num: 15 finish: 1473410931 826451412 start: 1473410929 950030729
t_num: 27 finish: 1473410931 918896840 start: 1473410929 778783668
t_num: 21 finish: 1473410931 961553163 start: 1473410930 778727593
t_num: 2 finish: 1473410932 44707911 start: 1473410931 164651339
t_num: 26 finish: 1473410932 513965477 start: 1473410930 543389555
t_num: 8 finish: 1473410932 515098304 start: 1473410930 618929005
t_num: 19 finish: 1473410932 518662126 start: 1473410931 269739568
t_num: 10 finish: 1473410932 572232932 start: 1473410931 461674311
t_num: 20 finish: 1473410933 132743498 start: 1473410932 373943184
t_num: 21 finish: 1473410933 178912437 start: 1473410932 311373198
t_num: 7 finish: 1473410933 327636622 start: 1473410931 39821673
t_num: 22 finish: 1473410933 376299456 start: 1473410932 328038907
t_num: 0 finish: 1473410933 385390666 start: 1473410931 852603697
t_num: 25 finish: 1473410933 425119241 start: 1473410932 328032651
t_num: 6 finish: 1473410933 459077521 start: 1473410931 852598259
t_num: 29 finish: 1473410933 459135224 start: 1473410931 383354300
t_num: 2 finish: 1473410933 459219285 start: 1473410932 44750297
t_num: 13 finish: 1473410933 531772576 start: 1473410931 309590825
t_num: 15 finish: 1473410933 532102018 start: 1473410931 826534226
t_num: 14 finish: 1473410933 678864003 start: 1473410931 826482845
t_num: 8 finish: 1473410933 856766669 start: 1473410932 515118208
t_num: 17 finish: 1473410933 904810394 start: 1473410932 645700044
t_num: 19 finish: 1473410933 927115125 start: 1473410932 645390456
t_num: 30 finish: 1473410934 270380442 start: 1473410931 461704649
t_num: 27 finish: 1473410934 411449044 start: 1473410932 225096137
t_num: 22 finish: 1473410934 490892326 start: 1473410933 376340835
t_num: 15 finish: 1473410934 554678341 start: 1473410933 532123270
t_num: 9 finish: 1473410934 554905624 start: 1473410933 459549576
t_num: 14 finish: 1473410934 809931584 start: 1473410933 678902084
t_num: 7 finish: 1473410934 882179305 start: 1473410933 327681660
t_num: 23 finish: 1473410935 61146283 start: 1473410933 110606604
t_num: 26 finish: 1473410935 201083390 start: 1473410932 514008294
t_num: 17 finish: 1473410935 201277872 start: 1473410933 904846118
t_num: 3 finish: 1473410935 371322390 start: 1473410933 927350231
t_num: 2 finish: 1473410935 595620357 start: 1473410933 459239460
t_num: 11 finish: 1473410935 906355143 start: 1473410934 470645253
t_num: 26 finish: 1473410936 99710525 start: 1473410935 201138233
t_num: 19 finish: 1473410936 238614132 start: 1473410933 927174636
t_num: 15 finish: 1473410936 271688671 start: 1473410934 554701300
t_num: 7 finish: 1473410936 330529923 start: 1473410935 120034563
t_num: 25 finish: 1473410936 399079044 start: 1473410934 686201359
t_num: 0 finish: 1473410936 778838970 start: 1473410935 584731174
t_num: 19 finish: 1473410936 891796546 start: 1473410936 238651156
t_num: 23 finish: 1473410937 354054842 start: 1473410935 61187477
t_num: 22 finish: 1473410937 377761739 start: 1473410935 845858205
t_num: 9 finish: 1473410937 459637833 start: 1473410935 584140170
t_num: 29 finish: 1473410937 522442452 start: 1473410936 22837175
t_num: 16 finish: 1473410937 549864548 start: 1473410936 25414725
t_num: 30 finish: 1473410937 619432776 start: 1473410935 288784259
t_num: 12 finish: 1473410937 657170543 start: 1473410936 28095153
t_num: 6 finish: 1473410937 657178998 start: 1473410934 470686338
t_num: 28 finish: 1473410937 813440041 start: 1473410936 66822056
t_num: 7 finish: 1473410937 813456642 start: 1473410936 330556212
t_num: 17 finish: 1473410938 88898177 start: 1473410936 484017873
t_num: 19 finish: 1473410938 553164162 start: 1473410936 891825778
t_num: 29 finish: 1473410938 572210608 start: 1473410937 522468558
t_num: 0 finish: 1473410938 794464334 start: 1473410936 778876635
t_num: 4 finish: 1473410938 851331686 start: 1473410937 497356452
t_num: 22 finish: 1473410939 265765618 start: 1473410938 89013787
t_num: 27 finish: 1473410939 315875399 start: 1473410938 83336175
t_num: 12 finish: 1473410939 403395697 start: 1473410937 657217366
t_num: 26 finish: 1473410939 527881671 start: 1473410938 88167048
t_num: 25 finish: 1473410939 542011815 start: 1473410936 782578997
t_num: 30 finish: 1473410939 543828241 start: 1473410938 334963491
t_num: 7 finish: 1473410939 558387556 start: 1473410937 813554527
t_num: 5 finish: 1473410939 717717606 start: 1473410938 445457614
t_num: 10 finish: 1473410939 739735275 start: 1473410938 553255399
t_num: 6 finish: 1473410939 740585899 start: 1473410937 657243840
t_num: 11 finish: 1473410939 780424118 start: 1473410937 866344935
t_num: 1 finish: 1473410939 795210332 start: 1473410938 121995011
t_num: 29 finish: 1473410940 372513017 start: 1473410938 851408842
t_num: 25 finish: 1473410940 709428586 start: 1473410939 911343363
t_num: 4 finish: 1473410940 727810149 start: 1473410938 851374994
t_num: 28 finish: 1473410940 770423459 start: 1473410938 445355693
t_num: 20 finish: 1473410941 385953384 start: 1473410939 543897960
t_num: 11 finish: 1473410941 526343561 start: 1473410939 780447431
t_num: 9 finish: 1473410941 566358800 start: 1473410939 342077370
t_num: 27 finish: 1473410941 601026816 start: 1473410939 315935505
t_num: 26 finish: 1473410941 601137092 start: 1473410939 527915207
t_num: 5 finish: 1473410941 779536890 start: 1473410939 717786991
t_num: 22 finish: 1473410941 822282112 start: 1473410939 738825700
t_num: 10 finish: 1473410942 51505786 start: 1473410939 739777611
t_num: 6 finish: 1473410942 153720374 start: 1473410940 457441385
t_num: 25 finish: 1473410942 204814073 start: 1473410941 95468613
t_num: 19 finish: 1473410942 259784478 start: 1473410939 342095020
t_num: 23 finish: 1473410942 524350135 start: 1473410940 420867203
t_num: 12 finish: 1473410942 616468230 start: 1473410940 420290740
t_num: 20 finish: 1473410942 756957242 start: 1473410941 385997689
t_num: 0 finish: 1473410942 822758677 start: 1473410942 51534077
t_num: 4 finish: 1473410942 946400688 start: 1473410941 434849232
t_num: 6 finish: 1473410943 209323731 start: 1473410942 153764993
t_num: 11 finish: 1473410943 379380000 start: 1473410941 526384014
t_num: 18 finish: 1473410943 379380014 start: 1473410941 95226273
t_num: 28 finish: 1473410943 422999715 start: 1473410940 770449050
t_num: 27 finish: 1473410943 423000946 start: 1473410941 601064683
t_num: 30 finish: 1473410943 680904169 start: 1473410942 259757734
t_num: 13 finish: 1473410943 719473019 start: 1473410942 289458765
t_num: 26 finish: 1473410943 750630573 start: 1473410941 601156756
t_num: 5 finish: 1473410943 750696767 start: 1473410943 5549364
t_num: 31 finish: 1473410944 178774979 start: 1473410942 388539231
t_num: 12 finish: 1473410944 297683530 start: 1473410942 616492682
t_num: 6 finish: 1473410944 936934570 start: 1473410943 750143645
t_num: 13 finish: 1473410945 158500689 start: 1473410943 719505885
t_num: 19 finish: 1473410945 355454611 start: 1473410942 691127689
t_num: 16 finish: 1473410945 540910153 start: 1473410942 953739767
t_num: 25 finish: 1473410945 541000237 start: 1473410942 613314979
t_num: 21 finish: 1473410945 578588860 start: 1473410944 179113481
t_num: 18 finish: 1473410945 920787715 start: 1473410943 379426563
t_num: 27 finish: 1473410946 211575682 start: 1473410943 423031388
t_num: 20 finish: 1473410946 256536854 start: 1473410943 750103803
t_num: 23 finish: 1473410946 256593276 start: 1473410942 953725819
t_num: 4 finish: 1473410946 637298881 start: 1473410943 780110177
t_num: 28 finish: 1473410946 638075382 start: 1473410943 423025458
t_num: 19 finish: 1473410946 933140275 start: 1473410945 355490009
t_num: 31 finish: 1473410946 956136212 start: 1473410944 363635575
t_num: 0 finish: 1473410946 981601459 start: 1473410944 271159677
t_num: 30 finish: 1473410946 990381985 start: 1473410944 92929472
t_num: 13 finish: 1473410947 21835440 start: 1473410945 158533813
t_num: 11 finish: 1473410947 254443790 start: 1473410946 43713630
t_num: 8 finish: 1473410947 432884822 start: 1473410944 815717902
t_num: 18 finish: 1473410947 627879869 start: 1473410946 130317491
t_num: 20 finish: 1473410947 706998310 start: 1473410946 256572151
t_num: 23 finish: 1473410947 820006701 start: 1473410946 256607453
t_num: 26 finish: 1473410947 874934301 start: 1473410943 750653431
t_num: 25 finish: 1473410947 989578980 start: 1473410945 541019582
t_num: 5 finish: 1473410947 990305619 start: 1473410945 191574291
t_num: 27 finish: 1473410948 184123997 start: 1473410946 793759678
t_num: 28 finish: 1473410948 238322526 start: 1473410946 958567925
t_num: 12 finish: 1473410948 238747428 start: 1473410946 555067331
t_num: 21 finish: 1473410948 310830157 start: 1473410945 578630413
t_num: 8 finish: 1473410948 567846425 start: 1473410947 432919251
t_num: 15 finish: 1473410948 795642016 start: 1473410946 876937067
t_num: 13 finish: 1473410948 941924536 start: 1473410947 944161407
t_num: 1 finish: 1473410949 163853301 start: 1473410946 958155156
t_num: 19 finish: 1473410949 380162293 start: 1473410946 933177440
t_num: 31 finish: 1473410949 419454751 start: 1473410947 812701611
t_num: 7 finish: 1473410949 527551618 start: 1473410947 315334380
t_num: 3 finish: 1473410949 527597707 start: 1473410947 817172852
t_num: 30 finish: 1473410949 670921058 start: 1473410948 238359672
t_num: 17 finish: 1473410949 921760898 start: 1473410948 600313842
t_num: 18 finish: 1473410949 991697061 start: 1473410948 640151294
t_num: 21 finish: 1473410950 139385486 start: 1473410948 310860751
t_num: 28 finish: 1473410950 528709868 start: 1473410948 238354649
t_num: 15 finish: 1473410950 528766385 start: 1473410948 892269100
t_num: 12 finish: 1473410950 599578966 start: 1473410948 238768072
t_num: 22 finish: 1473410950 619073147 start: 1473410948 933014867
t_num: 23 finish: 1473410950 683009135 start: 1473410948 422312171
t_num: 8 finish: 1473410950 970371190 start: 1473410948 567889547
t_num: 17 finish: 1473410951 82000095 start: 1473410949 921794447
t_num: 25 finish: 1473410951 182869620 start: 1473410949 162150251
t_num: 20 finish: 1473410951 414974590 start: 1473410949 773656560
t_num: 1 finish: 1473410951 660931080 start: 1473410949 163875653
t_num: 19 finish: 1473410951 687271200 start: 1473410949 380217725
t_num: 18 finish: 1473410951 887739456 start: 1473410949 991723527
t_num: 10 finish: 1473410951 948650595 start: 1473410950 871509905
t_num: 21 finish: 1473410952 270494940 start: 1473410950 139422790
t_num: 0 finish: 1473410952 524382169 start: 1473410951 415001140
t_num: 23 finish: 1473410952 524382208 start: 1473410950 683037288
t_num: 8 finish: 1473410952 616348868 start: 1473410951 770294750
t_num: 12 finish: 1473410952 618691943 start: 1473410950 599617048
t_num: 25 finish: 1473410952 622444718 start: 1473410951 182909056
t_num: 9 finish: 1473410952 793312928 start: 1473410951 415231126
t_num: 13 finish: 1473410952 854598158 start: 1473410950 90966986
t_num: 27 finish: 1473410952 854912372 start: 1473410950 818419402
t_num: 2 finish: 1473410952 854919654 start: 1473410950 653016005
t_num: 22 finish: 1473410952 908579283 start: 1473410950 619090850
t_num: 28 finish: 1473410952 949306769 start: 1473410950 528746888
t_num: 1 finish: 1473410953 274706924 start: 1473410951 660969933
t_num: 31 finish: 1473410953 386608762 start: 1473410951 887813807
t_num: 8 finish: 1473410953 423994173 start: 1473410952 707108707
t_num: 7 finish: 1473410953 554893041 start: 1473410951 251541689
t_num: 29 finish: 1473410953 591731191 start: 1473410952 386119915
t_num: 18 finish: 1473410953 656839200 start: 1473410951 887784085
t_num: 19 finish: 1473410954 13792524 start: 1473410951 887860102
t_num: 0 finish: 1473410954 153685703 start: 1473410952 524422471
t_num: 5 finish: 1473410954 173015793 start: 1473410952 706795522
t_num: 1 finish: 1473410954 328556941 start: 1473410953 274752201
t_num: 23 finish: 1473410954 341161582 start: 1473410952 524434157
t_num: 21 finish: 1473410954 522586025 start: 1473410952 270537916
t_num: 22 finish: 1473410954 627584758 start: 1473410954 13153921
t_num: 13 finish: 1473410954 664597383 start: 1473410952 854641616
t_num: 18 finish: 1473410954 794455028 start: 1473410953 656886799
t_num: 28 finish: 1473410954 993256183 start: 1473410952 949333962
t_num: 4 finish: 1473410955 569122063 start: 1473410953 350261186
t_num: 15 finish: 1473410955 593396429 start: 1473410954 231396761
t_num: 29 finish: 1473410955 593443134 start: 1473410953 591763024
t_num: 2 finish: 1473410955 606183109 start: 1473410953 936894478
t_num: 12 finish: 1473410955 627881247 start: 1473410953 404085327
t_num: 5 finish: 1473410955 701535360 start: 1473410954 173039962
t_num: 23 finish: 1473410955 798489964 start: 1473410954 341179830
t_num: 22 finish: 1473410955 828098759 start: 1473410954 627614973
t_num: 7 finish: 1473410955 828105655 start: 1473410953 554922659
t_num: 27 finish: 1473410955 834395821 start: 1473410953 912711503
t_num: 31 finish: 1473410955 857270653 start: 1473410953 656874008
t_num: 9 finish: 1473410956 661715982 start: 1473410954 76989124
t_num: 29 finish: 1473410956 684264450 start: 1473410955 593461565
t_num: 28 finish: 1473410957 40428714 start: 1473410955 844062812
t_num: 26 finish: 1473410957 40469335 start: 1473410954 437905873
t_num: 6 finish: 1473410957 407976822 start: 1473410954 474872298
t_num: 7 finish: 1473410957 501168417 start: 1473410955 828146894
t_num: 2 finish: 1473410957 588634517 start: 1473410955 976542648
t_num: 27 finish: 1473410957 666680156 start: 1473410956 627406419
t_num: 0 finish: 1473410957 666744504 start: 1473410955 67596104
t_num: 21 finish: 1473410957 666910426 start: 1473410956 358423064
t_num: 14 finish: 1473410957 761846798 start: 1473410955 629298857
t_num: 23 finish: 1473410957 798893518 start: 1473410955 798520751
t_num: 12 finish: 1473410957 848569869 start: 1473410955 627902846
t_num: 18 finish: 1473410957 848598590 start: 1473410954 794478987
t_num: 17 finish: 1473410957 848610183 start: 1473410955 36010228
t_num: 24 finish: 1473410957 979917947 start: 1473410955 462263450
t_num: 13 finish: 1473410958 330654967 start: 1473410954 664636522
t_num: 28 finish: 1473410958 353341999 start: 1473410957 40465999
t_num: 9 finish: 1473410958 821612428 start: 1473410956 661762501
t_num: 31 finish: 1473410959 56044129 start: 1473410956 297067326
t_num: 29 finish: 1473410959 172523419 start: 1473410957 40630448
t_num: 10 finish: 1473410959 178443740 start: 1473410957 521897257
t_num: 23 finish: 1473410959 210636478 start: 1473410957 798936234
t_num: 1 finish: 1473410959 422725545 start: 1473410957 741577361
t_num: 6 finish: 1473410959 425049136 start: 1473410957 408011289
t_num: 0 finish: 1473410959 476838850 start: 1473410957 666759519
t_num: 4 finish: 1473410959 519857074 start: 1473410956 461117162
t_num: 12 finish: 1473410959 519926645 start: 1473410958 329304835
t_num: 18 finish: 1473410959 547805982 start: 1473410957 848616654
t_num: 17 finish: 1473410959 608503557 start: 1473410957 848623097
t_num: 24 finish: 1473410959 608506750 start: 1473410957 979959585
t_num: 14 finish: 1473410960 215019644 start: 1473410957 958728838
t_num: 28 finish: 1473410960 793848272 start: 1473410958 353363496
t_num: 25 finish: 1473410960 900143292 start: 1473410957 958158005
t_num: 23 finish: 1473410960 902303752 start: 1473410959 210668157
t_num: 13 finish: 1473410961 129362080 start: 1473410958 330700997
t_num: 1 finish: 1473410961 129993801 start: 1473410959 422757331
t_num: 17 finish: 1473410961 276929022 start: 1473410959 608534689
t_num: 0 finish: 1473410961 581494136 start: 1473410959 853987541
t_num: 19 finish: 1473410961 629072182 start: 1473410959 547768766
t_num: 29 finish: 1473410961 743817235 start: 1473410959 172546517
t_num: 27 finish: 1473410961 819483278 start: 1473410959 771493641
t_num: 12 finish: 1473410961 927498318 start: 1473410959 519965852
t_num: 30 finish: 1473410961 937719305 start: 1473410959 330687273
t_num: 22 finish: 1473410962 54733180 start: 1473410959 583358460
t_num: 17 finish: 1473410962 202693911 start: 1473410961 276973218
t_num: 9 finish: 1473410962 267598853 start: 1473410960 907857777
t_num: 1 finish: 1473410962 281127945 start: 1473410961 130015903
t_num: 21 finish: 1473410962 322741279 start: 1473410959 854196361
t_num: 6 finish: 1473410962 418174883 start: 1473410959 425070039
t_num: 28 finish: 1473410962 771192950 start: 1473410960 793892893
t_num: 14 finish: 1473410962 811319963 start: 1473410961 614505253
t_num: 13 finish: 1473410962 841592242 start: 1473410961 890684987
t_num: 4 finish: 1473410962 881257656 start: 1473410962 51776210
t_num: 20 finish: 1473410962 979670230 start: 1473410962 133346106
t_num: 8 finish: 1473410963 103228168 start: 1473410962 133385002
t_num: 18 finish: 1473410963 103231576 start: 1473410961 691419998
t_num: 0 finish: 1473410963 207206229 start: 1473410961 581541148
t_num: 19 finish: 1473410963 465434207 start: 1473410962 221013383
t_num: 1 finish: 1473410963 469106646 start: 1473410962 281144961
t_num: 13 finish: 1473410963 525220330 start: 1473410962 841620339
t_num: 12 finish: 1473410963 525220341 start: 1473410961 927534514
t_num: 4 finish: 1473410963 525283362 start: 1473410962 881291855
t_num: 22 finish: 1473410963 595338082 start: 1473410962 54760386
t_num: 25 finish: 1473410964 221884230 start: 1473410962 53322752
t_num: 17 finish: 1473410964 270294120 start: 1473410962 202733376
t_num: 26 finish: 1473410964 328775073 start: 1473410963 166820946
t_num: 6 finish: 1473410964 398655543 start: 1473410962 635117870
t_num: 27 finish: 1473410964 604754817 start: 1473410962 634578675
t_num: 11 finish: 1473410964 678121390 start: 1473410963 595072435
t_num: 21 finish: 1473410964 679129988 start: 1473410963 595102702
t_num: 3 finish: 1473410965 433912731 start: 1473410963 565212449
t_num: 22 finish: 1473410965 526343183 start: 1473410964 677834686
t_num: 4 finish: 1473410965 703619656 start: 1473410963 525297588
t_num: 12 finish: 1473410965 854794780 start: 1473410963 525265093
t_num: 28 finish: 1473410965 957558875 start: 1473410964 426825788
t_num: 20 finish: 1473410965 970327278 start: 1473410963 595294704
t_num: 0 finish: 1473410966 547417963 start: 1473410964 674627896
t_num: 21 finish: 1473410966 565006708 start: 1473410964 679160263
t_num: 13 finish: 1473410966 652183989 start: 1473410964 10565795
t_num: 10 finish: 1473410966 662089291 start: 1473410963 595131992
t_num: 6 finish: 1473410966 714154798 start: 1473410964 398689193
t_num: 19 finish: 1473410966 757674349 start: 1473410963 767529656
t_num: 26 finish: 1473410966 906810350 start: 1473410964 328818678
t_num: 17 finish: 1473410966 931034858 start: 1473410965 85148511
t_num: 11 finish: 1473410967 118566866 start: 1473410965 671275746
t_num: 30 finish: 1473410967 184094813 start: 1473410966 209711282
t_num: 3 finish: 1473410967 323611307 start: 1473410965 433956360
t_num: 27 finish: 1473410967 393029777 start: 1473410964 604792124
t_num: 15 finish: 1473410967 519138330 start: 1473410966 186439725
t_num: 4 finish: 1473410967 519151303 start: 1473410966 529554370
t_num: 31 finish: 1473410967 662087494 start: 1473410964 679146353
t_num: 5 finish: 1473410967 767054891 start: 1473410966 149302276
t_num: 20 finish: 1473410967 913966562 start: 1473410966 498395828
t_num: 16 finish: 1473410968 27665058 start: 1473410965 992249800
t_num: 13 finish: 1473410968 28268523 start: 1473410966 652221071
t_num: 17 finish: 1473410968 512636547 start: 1473410966 931059563
t_num: 21 finish: 1473410968 558552175 start: 1473410966 565033889
t_num: 9 finish: 1473410968 780639316 start: 1473410967 739557034
t_num: 20 finish: 1473410968 815448838 start: 1473410967 914000851
t_num: 16 finish: 1473410968 957389150 start: 1473410968 27705861
t_num: 7 finish: 1473410969 303232888 start: 1473410966 973783821
t_num: 22 finish: 1473410969 357175626 start: 1473410968 483988291
t_num: 23 finish: 1473410969 357348992 start: 1473410967 322910937
t_num: 6 finish: 1473410969 439594171 start: 1473410967 475087389
t_num: 30 finish: 1473410969 439722784 start: 1473410968 372286976
t_num: 17 finish: 1473410969 499189989 start: 1473410968 512672547
t_num: 2 finish: 1473410969 833319491 start: 1473410967 351587115
t_num: 4 finish: 1473410969 895824133 start: 1473410967 519227855
t_num: 12 finish: 1473410970 116576544 start: 1473410968 750632840
t_num: 3 finish: 1473410970 240692096 start: 1473410967 323629245
t_num: 18 finish: 1473410970 352084702 start: 1473410967 972363973
t_num: 20 finish: 1473410970 403053939 start: 1473410968 815476795
t_num: 9 finish: 1473410970 442349617 start: 1473410969 600117818
t_num: 17 finish: 1473410970 442426385 start: 1473410969 499239738
t_num: 21 finish: 1473410970 442622966 start: 1473410968 558583610
t_num: 23 finish: 1473410970 699391017 start: 1473410969 357369778
t_num: 16 finish: 1473410970 888542262 start: 1473410968 957431211
t_num: 25 finish: 1473410970 967751928 start: 1473410969 895849154
t_num: 15 finish: 1473410971 337639582 start: 1473410969 265529140
t_num: 3 finish: 1473410971 399146816 start: 1473410970 240731985
t_num: 31 finish: 1473410971 399322883 start: 1473410969 775853975
t_num: 7 finish: 1473410971 512556372 start: 1473410970 598637788
t_num: 21 finish: 1473410971 836288454 start: 1473410970 442642376
t_num: 4 finish: 1473410971 869718237 start: 1473410969 895864657
t_num: 2 finish: 1473410972 374754955 start: 1473410970 516134363
t_num: 22 finish: 1473410972 543259859 start: 1473410970 557382550
t_num: 9 finish: 1473410972 599414392 start: 1473410970 442391504
t_num: 25 finish: 1473410972 659978121 start: 1473410970 967790343
t_num: 12 finish: 1473410972 774026489 start: 1473410970 116605333
t_num: 5 finish: 1473410972 819997153 start: 1473410970 644119355
t_num: 31 finish: 1473410973 101894307 start: 1473410971 399343845
t_num: 23 finish: 1473410973 101897850 start: 1473410970 699421678
t_num: 18 finish: 1473410973 331197326 start: 1473410971 368992107
t_num: 10 finish: 1473410973 496061848 start: 1473410971 869249675
t_num: 4 finish: 1473410973 515866208 start: 1473410971 869742116
t_num: 24 finish: 1473410973 567443872 start: 1473410972 182069587
t_num: 8 finish: 1473410973 951953150 start: 1473410972 696907985
t_num: 20 finish: 1473410974 189421920 start: 1473410971 653503115
t_num: 31 finish: 1473410974 406275006 start: 1473410973 101975168
t_num: 29 finish: 1473410974 485908710 start: 1473410972 226336015
t_num: 22 finish: 1473410974 693543636 start: 1473410972 543302383
t_num: 26 finish: 1473410974 735645703 start: 1473410972 31319903
t_num: 15 finish: 1473410974 814466663 start: 1473410973 648171425
t_num: 21 finish: 1473410974 925710540 start: 1473410972 227206928
t_num: 2 finish: 1473410974 956218473 start: 1473410972 996607571
t_num: 3 finish: 1473410974 979373823 start: 1473410973 648138460
t_num: 6 finish: 1473410975 35703475 start: 1473410972 359096843
t_num: 25 finish: 1473410975 104105238 start: 1473410972 660019385
t_num: 10 finish: 1473410975 719182408 start: 1473410974 358957633
t_num: 18 finish: 1473410975 771299071 start: 1473410973 872818826
t_num: 24 finish: 1473410975 974925852 start: 1473410973 567477550
t_num: 14 finish: 1473410976 69983632 start: 1473410974 407206296
t_num: 19 finish: 1473410976 602452901 start: 1473410973 823820273
t_num: 8 finish: 1473410976 603095706 start: 1473410974 193830089
t_num: 15 finish: 1473410976 624869265 start: 1473410974 814521709
t_num: 23 finish: 1473410976 627046330 start: 1473410973 971631786
t_num: 22 finish: 1473410976 691728919 start: 1473410974 693579957
t_num: 25 finish: 1473410976 819888362 start: 1473410975 104146576
t_num: 26 finish: 1473410976 826400192 start: 1473410975 831823968
t_num: 21 finish: 1473410976 826738763 start: 1473410974 925773265
t_num: 12 finish: 1473410976 871673275 start: 1473410975 439850141
t_num: 31 finish: 1473410976 890336606 start: 1473410975 687069589
t_num: 27 finish: 1473410977 16738224 start: 1473410975 33231583
t_num: 3 finish: 1473410977 231699750 start: 1473410976 3432863
t_num: 8 finish: 1473410977 802234976 start: 1473410976 687571440
t_num: 4 finish: 1473410977 845560178 start: 1473410974 714303776
t_num: 14 finish: 1473410978 57605669 start: 1473410976 689966000
t_num: 1 finish: 1473410978 57613711 start: 1473410975 477132430
t_num: 6 finish: 1473410978 224441289 start: 1473410976 103185130
t_num: 10 finish: 1473410978 225069093 start: 1473410975 719205938
t_num: 19 finish: 1473410978 446423544 start: 1473410976 602483991
t_num: 21 finish: 1473410978 497373649 start: 1473410976 826758074
t_num: 3 finish: 1473410978 800845940 start: 1473410977 231749479
t_num: 27 finish: 1473410978 842505450 start: 1473410977 16777400
t_num: 7 finish: 1473410978 842521146 start: 1473410976 939630180
t_num: 23 finish: 1473410978 949982683 start: 1473410976 627068792
t_num: 11 finish: 1473410979 23272944 start: 1473410976 552638783
t_num: 26 finish: 1473410979 65143678 start: 1473410976 826419907
t_num: 0 finish: 1473410979 776447748 start: 1473410977 629908315
t_num: 1 finish: 1473410979 805510912 start: 1473410978 57674734
t_num: 15 finish: 1473410979 806349837 start: 1473410977 213692490
t_num: 9 finish: 1473410980 311976228 start: 1473410978 446503816
t_num: 10 finish: 1473410980 312733103 start: 1473410978 497270050
t_num: 12 finish: 1473410980 504469198 start: 1473410977 231845451
t_num: 29 finish: 1473410980 504526245 start: 1473410976 825237338
t_num: 31 finish: 1473410980 504526555 start: 1473410977 327029987
t_num: 24 finish: 1473410980 504959452 start: 1473410977 650360601
t_num: 5 finish: 1473410980 565026448 start: 1473410978 679866823
t_num: 21 finish: 1473410980 738306668 start: 1473410978 497397957
t_num: 3 finish: 1473410980 806416623 start: 1473410978 800898640
t_num: 4 finish: 1473410980 934592398 start: 1473410978 713875037
t_num: 27 finish: 1473410981 54076564 start: 1473410979 899735426
t_num: 11 finish: 1473410981 112566098 start: 1473410979 953067401
t_num: 9 finish: 1473410981 227140069 start: 1473410980 312021503
t_num: 12 finish: 1473410981 363043140 start: 1473410980 504507939
t_num: 24 finish: 1473410981 371431272 start: 1473410980 504978539
t_num: 29 finish: 1473410981 645582213 start: 1473410980 504710056
t_num: 25 finish: 1473410981 765546901 start: 1473410978 842900887
t_num: 16 finish: 1473410981 796623277 start: 1473410979 806439469
t_num: 19 finish: 1473410981 847563501 start: 1473410980 505216373
t_num: 14 finish: 1473410981 847686833 start: 1473410979 775752684
t_num: 0 finish: 1473410982 9608229 start: 1473410980 613852242
t_num: 11 finish: 1473410982 520256495 start: 1473410981 112606973
t_num: 21 finish: 1473410982 520265018 start: 1473410980 738349117
t_num: 1 finish: 1473410982 520336659 start: 1473410979 805541051
t_num: 24 finish: 1473410982 686357231 start: 1473410981 371452025
t_num: 7 finish: 1473410982 961640210 start: 1473410981 336016882
t_num: 28 finish: 1473410982 975108350 start: 1473410981 335813061
t_num: 20 finish: 1473410983 96978257 start: 1473410981 391463565
t_num: 5 finish: 1473410983 96989046 start: 1473410980 565046583
t_num: 10 finish: 1473410983 271926718 start: 1473410981 761366905
t_num: 17 finish: 1473410983 272227380 start: 1473410982 272614663
t_num: 31 finish: 1473410983 305530030 start: 1473410981 173703571
t_num: 18 finish: 1473410983 369246162 start: 1473410982 491177221
t_num: 29 finish: 1473410983 405228077 start: 1473410982 521134142
t_num: 19 finish: 1473410983 796483256 start: 1473410981 847588434
t_num: 21 finish: 1473410983 804196769 start: 1473410982 746073572
t_num: 0 finish: 1473410983 900664570 start: 1473410982 9652523
t_num: 25 finish: 1473410983 925822450 start: 1473410982 746055206
t_num: 12 finish: 1473410983 941551452 start: 1473410982 437942701
t_num: 3 finish: 1473410984 297592759 start: 1473410982 933241409
t_num: 16 finish: 1473410984 401565568 start: 1473410982 357442264
t_num: 9 finish: 1473410984 421714661 start: 1473410981 848322401
t_num: 17 finish: 1473410984 942869496 start: 1473410983 272250224
t_num: 20 finish: 1473410984 967223536 start: 1473410983 97041901
t_num: 19 finish: 1473410984 995375152 start: 1473410983 796518072
t_num: 25 finish: 1473410985 105999894 start: 1473410983 925843762
t_num: 18 finish: 1473410985 142217181 start: 1473410983 854456192
t_num: 10 finish: 1473410985 152219066 start: 1473410983 968498761
t_num: 12 finish: 1473410985 562680562 start: 1473410983 941570119
t_num: 2 finish: 1473410985 810547981 start: 1473410984 421741163
t_num: 7 finish: 1473410985 857418683 start: 1473410983 717431343
t_num: 27 finish: 1473410985 918474976 start: 1473410984 797091875
t_num: 31 finish: 1473410986 64037812 start: 1473410983 305590200
t_num: 6 finish: 1473410986 89289612 start: 1473410983 305549810
t_num: 19 finish: 1473410986 89326279 start: 1473410984 995417641
t_num: 11 finish: 1473410986 285403770 start: 1473410984 796253860
t_num: 17 finish: 1473410986 301004805 start: 1473410984 942915510
t_num: 3 finish: 1473410986 510165288 start: 1473410985 80271577
t_num: 22 finish: 1473410986 743745487 start: 1473410984 956122359
t_num: 0 finish: 1473410986 744014969 start: 1473410984 334610199
t_num: 21 finish: 1473410986 786325168 start: 1473410983 804218167
t_num: 16 finish: 1473410987 100216724 start: 1473410984 401604591
t_num: 2 finish: 1473410987 430684064 start: 1473410985 810589395
t_num: 1 finish: 1473410987 927180266 start: 1473410985 423880716
t_num: 27 finish: 1473410987 965910664 start: 1473410985 918507576
t_num: 20 finish: 1473410987 965917232 start: 1473410986 135306821
t_num: 3 finish: 1473410988 178030496 start: 1473410987 466675153
t_num: 7 finish: 1473410988 180601194 start: 1473410985 857470233
t_num: 17 finish: 1473410988 253999174 start: 1473410986 301030111
t_num: 6 finish: 1473410988 505757555 start: 1473410986 89333383
t_num: 31 finish: 1473410988 601749999 start: 1473410986 64081388
t_num: 21 finish: 1473410988 829892665 start: 1473410986 786361440
t_num: 13 finish: 1473410988 833476692 start: 1473410987 5765412
t_num: 26 finish: 1473410988 870883310 start: 1473410987 536787693
t_num: 14 finish: 1473410988 895726798 start: 1473410986 664661642
t_num: 2 finish: 1473410988 929390517 start: 1473410987 430727363
t_num: 24 finish: 1473410989 2645427 start: 1473410987 998687030
t_num: 27 finish: 1473410989 50229470 start: 1473410987 965958347
t_num: 19 finish: 1473410989 124559517 start: 1473410986 716628164
t_num: 10 finish: 1473410989 353957020 start: 1473410986 680111581
t_num: 3 finish: 1473410989 478409724 start: 1473410988 806225087
t_num: 8 finish: 1473410989 479350807 start: 1473410987 776930459
t_num: 31 finish: 1473410989 900222073 start: 1473410988 601790973
t_num: 6 finish: 1473410990 373360675 start: 1473410988 505813388
t_num: 26 finish: 1473410990 425261940 start: 1473410988 870904532
t_num: 21 finish: 1473410990 819543380 start: 1473410989 579597916
t_num: 9 finish: 1473410990 850143745 start: 1473410989 479766964
t_num: 20 finish: 1473410990 876496658 start: 1473410988 198691794
t_num: 14 finish: 1473410990 876563427 start: 1473410988 895749973
t_num: 13 finish: 1473410990 876932688 start: 1473410989 407541448
t_num: 11 finish: 1473410990 936801056 start: 1473410989 194631239
t_num: 4 finish: 1473410991 6869747 start: 1473410988 251726439
t_num: 0 finish: 1473410991 159913882 start: 1473410988 149352296
t_num: 27 finish: 1473410991 190520665 start: 1473410989 661130694
t_num: 1 finish: 1473410991 469440533 start: 1473410990 765324155
t_num: 8 finish: 1473410991 569458387 start: 1473410989 479372573
t_num: 19 finish: 1473410992 47229336 start: 1473410989 124589263
t_num: 10 finish: 1473410992 176019766 start: 1473410989 354001536
t_num: 15 finish: 1473410992 184967222 start: 1473410990 316414787
t_num: 24 finish: 1473410992 350211882 start: 1473410990 876514755
t_num: 28 finish: 1473410992 536481604 start: 1473410990 765989345
t_num: 4 finish: 1473410992 561970588 start: 1473410991 881698814
t_num: 25 finish: 1473410992 574492123 start: 1473410990 615497783
t_num: 6 finish: 1473410992 712106478 start: 1473410990 823100278
t_num: 1 finish: 1473410992 762894294 start: 1473410991 718733177
t_num: 19 finish: 1473410992 785086886 start: 1473410992 47262163
t_num: 22 finish: 1473410992 881360516 start: 1473410990 765855687
t_num: 20 finish: 1473410992 882090496 start: 1473410990 876535731
t_num: 27 finish: 1473410992 982063727 start: 1473410992 170044718
t_num: 31 finish: 1473410992 982133161 start: 1473410991 6849478
t_num: 13 finish: 1473410992 982748367 start: 1473410990 876953333
t_num: 3 finish: 1473410993 88505634 start: 1473410990 781278995
t_num: 8 finish: 1473410993 211647639 start: 1473410991 569500988
t_num: 21 finish: 1473410993 259998960 start: 1473410991 225032921
t_num: 11 finish: 1473410993 260003493 start: 1473410992 20646208
t_num: 2 finish: 1473410993 260073183 start: 1473410992 172484726
t_num: 7 finish: 1473410993 439640314 start: 1473410991 912553537
t_num: 25 finish: 1473410993 473849101 start: 1473410992 574510192
t_num: 0 finish: 1473410993 682461483 start: 1473410991 297125479
t_num: 15 finish: 1473410993 992236960 start: 1473410992 184989610
t_num: 27 finish: 1473410994 373167631 start: 1473410992 982110565
t_num: 14 finish: 1473410994 390040951 start: 1473410992 561413602
t_num: 22 finish: 1473410994 719713972 start: 1473410992 881401221
t_num: 6 finish: 1473410995 108399284 start: 1473410993 473989708
t_num: 13 finish: 1473410995 130589120 start: 1473410992 982767747
t_num: 5 finish: 1473410995 161078999 start: 1473410993 427773239
t_num: 11 finish: 1473410995 362769223 start: 1473410993 260064649
t_num: 19 finish: 1473410995 653565736 start: 1473410993 87934774
t_num: 3 finish: 1473410995 653615579 start: 1473410993 697712165
t_num: 0 finish: 1473410995 733740380 start: 1473410993 878000573
t_num: 8 finish: 1473410995 907745765 start: 1473410993 697761585
t_num: 26 finish: 1473410995 988724966 start: 1473410994 409305812
t_num: 18 finish: 1473410996 250046498 start: 1473410994 439316181
t_num: 25 finish: 1473410996 280084491 start: 1473410993 473867746
t_num: 24 finish: 1473410996 356547181 start: 1473410992 684946586
t_num: 28 finish: 1473410996 394976260 start: 1473410994 612343290
t_num: 9 finish: 1473410996 599023522 start: 1473410993 698336726
t_num: 30 finish: 1473410996 651995889 start: 1473410995 821916011
t_num: 14 finish: 1473410996 719714784 start: 1473410994 390067171
t_num: 4 finish: 1473410996 932055773 start: 1473410994 371541549
t_num: 2 finish: 1473410997 55921521 start: 1473410993 868532682
t_num: 7 finish: 1473410997 64721097 start: 1473410994 722249443
t_num: 5 finish: 1473410997 64780007 start: 1473410995 161115090
t_num: 11 finish: 1473410997 175058248 start: 1473410995 362803545
t_num: 30 finish: 1473410997 175083206 start: 1473410996 652020621
t_num: 19 finish: 1473410997 251496035 start: 1473410995 653606489
t_num: 21 finish: 1473410997 576364489 start: 1473410996 291841245
t_num: 26 finish: 1473410997 636768480 start: 1473410995 988786282
t_num: 22 finish: 1473410997 636816098 start: 1473410996 752634835
t_num: 4 finish: 1473410997 764810283 start: 1473410996 932090414
t_num: 15 finish: 1473410997 828804768 start: 1473410996 150508729
t_num: 3 finish: 1473410998 165922988 start: 1473410997 64759627
t_num: 14 finish: 1473410998 167115264 start: 1473410997 20574177
t_num: 9 finish: 1473410998 438074256 start: 1473410996 599053607
t_num: 24 finish: 1473410998 755444856 start: 1473410996 539327253
t_num: 16 finish: 1473410998 911101304 start: 1473410996 544161526
t_num: 28 finish: 1473410999 165215229 start: 1473410997 21618938
t_num: 25 finish: 1473410999 167864353 start: 1473410997 902059812
t_num: 8 finish: 1473410999 167876360 start: 1473410997 175132766
t_num: 21 finish: 1473410999 168174202 start: 1473410997 576406459
t_num: 11 finish: 1473410999 168448172 start: 1473410997 175102846
t_num: 19 finish: 1473410999 393546018 start: 1473410998 279371874
t_num: 2 finish: 1473410999 571692373 start: 1473410998 462934981
t_num: 4 finish: 1473410999 571734324 start: 1473410997 764838223
t_num: 14 finish: 1473410999 707783729 start: 1473410998 167132761
t_num: 15 finish: 1473410999 708575582 start: 1473410998 698413018
t_num: 3 finish: 1473410999 803842379 start: 1473410998 944044951
t_num: 17 finish: 1473411000 207483405 start: 1473410998 227775201
t_num: 1 finish: 1473411000 359652079 start: 1473410998 601857855
t_num: 26 finish: 1473411000 550581014 start: 1473410998 225106631
t_num: 9 finish: 1473411000 819270751 start: 1473410999 17100569
t_num: 5 finish: 1473411000 936573002 start: 1473410997 902691453
t_num: 16 finish: 1473411001 184567750 start: 1473410999 571717488
t_num: 19 finish: 1473411001 185310010 start: 1473410999 393595931
t_num: 0 finish: 1473411001 232574356 start: 1473410998 710443473
t_num: 10 finish: 1473411001 441711552 start: 1473410999 687292632
t_num: 20 finish: 1473411001 800640875 start: 1473411000 78848077
t_num: 28 finish: 1473411001 957859417 start: 1473410999 944762977
t_num: 8 finish: 1473411002 331470815 start: 1473410999 167893834
t_num: 21 finish: 1473411002 404797970 start: 1473410999 168195251
t_num: 11 finish: 1473411002 500143292 start: 1473410999 168467795
t_num: 23 finish: 1473411002 562698924 start: 1473411000 440046504
t_num: 17 finish: 1473411002 960107245 start: 1473411001 134944060
t_num: 25 finish: 1473411002 999234118 start: 1473411000 146033250
t_num: 9 finish: 1473411003 72111352 start: 1473411000 819295031
t_num: 20 finish: 1473411003 72416025 start: 1473411001 800684039
t_num: 24 finish: 1473411003 174864015 start: 1473411000 807033084
t_num: 18 finish: 1473411003 263883749 start: 1473411000 801152621
t_num: 13 finish: 1473411003 320862451 start: 1473411000 820514547
t_num: 1 finish: 1473411003 432720791 start: 1473411001 299748763
t_num: 4 finish: 1473411003 470391771 start: 1473411000 473918640
t_num: 10 finish: 1473411003 471137737 start: 1473411002 499434507
t_num: 5 finish: 1473411003 474617703 start: 1473411001 779423763
t_num: 8 finish: 1473411003 522861744 start: 1473411002 331506264
t_num: 14 finish: 1473411003 592563177 start: 1473411001 181276997
t_num: 2 finish: 1473411003 592623221 start: 1473411001 423020076
t_num: 0 finish: 1473411004 94978508 start: 1473411001 779404464
t_num: 31 finish: 1473411004 177196137 start: 1473411003 72142512
t_num: 30 finish: 1473411004 222699943 start: 1473411002 343040006
t_num: 8 finish: 1473411004 230902355 start: 1473411003 522896272
t_num: 19 finish: 1473411004 525564891 start: 1473411002 97654010
t_num: 21 finish: 1473411004 750978828 start: 1473411003 51264705
t_num: 25 finish: 1473411004 953497251 start: 1473411002 999278008
t_num: 24 finish: 1473411004 994339025 start: 1473411003 174904951
t_num: 28 finish: 1473411005 110225273 start: 1473411003 922359510
t_num: 18 finish: 1473411005 279651526 start: 1473411003 263917179
t_num: 20 finish: 1473411005 596483222 start: 1473411003 235147214
t_num: 22 finish: 1473411005 601164749 start: 1473411003 131253029
t_num: 14 finish: 1473411005 753577841 start: 1473411003 592665945
t_num: 10 finish: 1473411005 887752354 start: 1473411003 471156339
t_num: 13 finish: 1473411005 892116965 start: 1473411004 230983904
t_num: 1 finish: 1473411005 944857521 start: 1473411003 751574823
t_num: 9 finish: 1473411005 961189669 start: 1473411003 806380728
t_num: 23 finish: 1473411006 197538571 start: 1473411003 751566397
t_num: 25 finish: 1473411006 199814212 start: 1473411004 953535260
t_num: 17 finish: 1473411006 202912706 start: 1473411004 851615399
t_num: 27 finish: 1473411006 208774688 start: 1473411005 338731049
t_num: 28 finish: 1473411006 558251454 start: 1473411005 110250193
t_num: 8 finish: 1473411006 955899567 start: 1473411004 230930282
t_num: 10 finish: 1473411006 982059930 start: 1473411005 887822933
t_num: 6 finish: 1473411007 50023065 start: 1473411005 168775410
t_num: 31 finish: 1473411007 97859152 start: 1473411005 555010826
t_num: 24 finish: 1473411007 220898903 start: 1473411005 975022245
t_num: 23 finish: 1473411007 220901762 start: 1473411006 197582131
t_num: 21 finish: 1473411007 256221976 start: 1473411005 110202229
t_num: 14 finish: 1473411007 331758846 start: 1473411005 753596291
t_num: 15 finish: 1473411007 578317664 start: 1473411005 601047574
t_num: 20 finish: 1473411007 831002613 start: 1473411005 688671264
t_num: 22 finish: 1473411007 831009500 start: 1473411005 752676663
t_num: 9 finish: 1473411007 888088605 start: 1473411005 961214998
t_num: 13 finish: 1473411008 296674792 start: 1473411006 426255894
t_num: 31 finish: 1473411008 686265841 start: 1473411007 97890152
t_num: 7 finish: 1473411008 783944225 start: 1473411006 665080003
t_num: 28 finish: 1473411008 783956503 start: 1473411006 558319832
t_num: 19 finish: 1473411008 783994073 start: 1473411006 489752439
t_num: 17 finish: 1473411008 830299019 start: 1473411007 692678240
t_num: 24 finish: 1473411008 933480925 start: 1473411007 220930564
t_num: 11 finish: 1473411009 7808001 start: 1473411007 737075923
t_num: 1 finish: 1473411009 114790859 start: 1473411006 558550822
t_num: 10 finish: 1473411009 376753473 start: 1473411007 872472520
t_num: 8 finish: 1473411009 590442268 start: 1473411008 110337349
t_num: 23 finish: 1473411009 622442816 start: 1473411007 221029406
t_num: 21 finish: 1473411010 200108119 start: 1473411008 871114930
t_num: 7 finish: 1473411010 263771811 start: 1473411008 783980399
t_num: 1 finish: 1473411010 307254058 start: 1473411009 114835639
t_num: 6 finish: 1473411010 503246166 start: 1473411007 528929291
t_num: 10 finish: 1473411010 584493458 start: 1473411009 376781812
t_num: 19 finish: 1473411010 625343948 start: 1473411008 784009538
t_num: 15 finish: 1473411010 625396192 start: 1473411009 300037984
t_num: 24 finish: 1473411010 700082859 start: 1473411008 933526070
t_num: 25 finish: 1473411010 766389108 start: 1473411007 992251409
t_num: 9 finish: 1473411011 135808505 start: 1473411009 493410090
t_num: 4 finish: 1473411011 135808525 start: 1473411009 493885078
t_num: 28 finish: 1473411011 211556025 start: 1473411008 784000392
t_num: 0 finish: 1473411011 233931047 start: 1473411009 883645597
t_num: 17 finish: 1473411011 515546661 start: 1473411009 465251913
t_num: 1 finish: 1473411011 632343855 start: 1473411010 307287111
t_num: 18 finish: 1473411011 749014857 start: 1473411010 522888814
t_num: 31 finish: 1473411011 949644760 start: 1473411009 975902022
t_num: 29 finish: 1473411012 42988229 start: 1473411009 622700265
t_num: 15 finish: 1473411012 622828604 start: 1473411010 625423933
t_num: 3 finish: 1473411012 650995885 start: 1473411009 753513664
t_num: 8 finish: 1473411012 898282740 start: 1473411009 590487525
t_num: 16 finish: 1473411012 898308822 start: 1473411011 201682776
t_num: 24 finish: 1473411012 991310836 start: 1473411012 133180759
t_num: 7 finish: 1473411013 12714647 start: 1473411011 135155818
t_num: 9 finish: 1473411013 476204171 start: 1473411011 515870878
t_num: 10 finish: 1473411013 750037765 start: 1473411011 632397775
t_num: 17 finish: 1473411013 838088047 start: 1473411011 515590764
t_num: 12 finish: 1473411013 884495583 start: 1473411011 663822961
t_num: 29 finish: 1473411014 277981391 start: 1473411012 43044018
t_num: 21 finish: 1473411014 287765916 start: 1473411011 800113709
t_num: 16 finish: 1473411014 631947411 start: 1473411012 898324190
t_num: 31 finish: 1473411014 632764608 start: 1473411012 519644044
t_num: 4 finish: 1473411014 687372272 start: 1473411012 266566920
t_num: 18 finish: 1473411014 723961067 start: 1473411011 749065454
t_num: 22 finish: 1473411014 724132355 start: 1473411012 520255420
t_num: 1 finish: 1473411014 989719949 start: 1473411011 632384127
t_num: 11 finish: 1473411015 16916905 start: 1473411011 183498601
t_num: 6 finish: 1473411015 114212298 start: 1473411012 475290262
t_num: 15 finish: 1473411015 115437818 start: 1473411012 622872269
t_num: 5 finish: 1473411015 177534717 start: 1473411012 836523013
t_num: 26 finish: 1473411015 650200103 start: 1473411013 316133784
t_num: 12 finish: 1473411015 775360157 start: 1473411013 884527677
t_num: 29 finish: 1473411015 833889484 start: 1473411014 278029321
t_num: 16 finish: 1473411016 257393822 start: 1473411014 631991600
t_num: 3 finish: 1473411016 299665358 start: 1473411013 316115105
t_num: 27 finish: 1473411016 446976138 start: 1473411014 873017769
t_num: 4 finish: 1473411016 606561764 start: 1473411014 687415543
t_num: 8 finish: 1473411016 822207591 start: 1473411013 749510072
t_num: 17 finish: 1473411016 871890194 start: 1473411013 838116648
t_num: 30 finish: 1473411017 499599353 start: 1473411013 812424764
t_num: 7 finish: 1473411017 499659881 start: 1473411015 176567064
t_num: 6 finish: 1473411017 535018239 start: 1473411015 114254504
t_num: 15 finish: 1473411017 769654925 start: 1473411015 431585427
t_num: 9 finish: 1473411017 770596655 start: 1473411015 899558255
t_num: 4 finish: 1473411017 881001550 start: 1473411016 752676995
t_num: 25 finish: 1473411017 961371189 start: 1473411016 317512859
t_num: 24 finish: 1473411017 983201676 start: 1473411015 470327595
t_num: 29 finish: 1473411018 53963183 start: 1473411015 833936037
t_num: 18 finish: 1473411018 135927218 start: 1473411015 708997060
t_num: 13 finish: 1473411018 199776398 start: 1473411016 897299867
t_num: 26 finish: 1473411018 338780438 start: 1473411015 650236224
t_num: 11 finish: 1473411018 435228635 start: 1473411015 898892961
t_num: 12 finish: 1473411018 442547608 start: 1473411015 775383424
t_num: 5 finish: 1473411018 442587597 start: 1473411015 922241090
t_num: 6 finish: 1473411018 578065021 start: 1473411017 535051134
t_num: 16 finish: 1473411018 578293585 start: 1473411016 257437506
t_num: 19 finish: 1473411019 377322659 start: 1473411018 43581517
t_num: 14 finish: 1473411019 435688448 start: 1473411017 446596473
t_num: 9 finish: 1473411019 437032304 start: 1473411017 770616463
t_num: 30 finish: 1473411019 507359270 start: 1473411017 499638989
t_num: 21 finish: 1473411019 507439013 start: 1473411016 284530258
t_num: 20 finish: 1473411019 507460075 start: 1473411016 343514569
t_num: 3 finish: 1473411019 529058598 start: 1473411016 299688878
t_num: 11 finish: 1473411019 661135359 start: 1473411018 435267767
t_num: 24 finish: 1473411019 661196154 start: 1473411018 743886743
t_num: 23 finish: 1473411019 661229453 start: 1473411018 337621253
t_num: 13 finish: 1473411019 801175502 start: 1473411018 199833906
t_num: 5 finish: 1473411019 960920928 start: 1473411018 442599831
t_num: 25 finish: 1473411020 268848602 start: 1473411018 442593885
t_num: 18 finish: 1473411020 332300636 start: 1473411018 135959836
t_num: 10 finish: 1473411020 434575652 start: 1473411018 890975880
t_num: 4 finish: 1473411020 541557799 start: 1473411018 995828777
t_num: 15 finish: 1473411020 578484905 start: 1473411018 932159867
t_num: 30 finish: 1473411020 725998129 start: 1473411019 507420185
t_num: 17 finish: 1473411020 840198816 start: 1473411018 995883503
t_num: 22 finish: 1473411020 841570079 start: 1473411020 261455913
t_num: 20 finish: 1473411020 915349802 start: 1473411019 507477623
t_num: 11 finish: 1473411020 943077389 start: 1473411019 661193888
t_num: 24 finish: 1473411020 943093931 start: 1473411019 661227357
t_num: 6 finish: 1473411021 37613703 start: 1473411019 516159840
t_num: 28 finish: 1473411021 60069235 start: 1473411019 377148596
t_num: 13 finish: 1473411021 60246026 start: 1473411019 801207430
t_num: 18 finish: 1473411021 221255419 start: 1473411020 332343515
t_num: 23 finish: 1473411021 259123882 start: 1473411019 661244243
t_num: 19 finish: 1473411021 590957491 start: 1473411019 377351020
t_num: 26 finish: 1473411021 626174166 start: 1473411019 886244031
t_num: 16 finish: 1473411021 660591761 start: 1473411020 537605619
t_num: 10 finish: 1473411022 260578953 start: 1473411020 434600706
t_num: 3 finish: 1473411022 442069678 start: 1473411020 472975034
t_num: 14 finish: 1473411022 456749278 start: 1473411020 699087890
t_num: 23 finish: 1473411022 457307963 start: 1473411021 259143020
t_num: 26 finish: 1473411023 179811142 start: 1473411021 949773015
t_num: 25 finish: 1473411023 290987613 start: 1473411021 922462456
t_num: 29 finish: 1473411023 402160368 start: 1473411021 507847295
t_num: 20 finish: 1473411023 405653681 start: 1473411021 725124607
t_num: 11 finish: 1473411023 649143970 start: 1473411020 943147907
t_num: 30 finish: 1473411023 669827226 start: 1473411020 726019056
t_num: 19 finish: 1473411023 748255280 start: 1473411022 734527581
t_num: 24 finish: 1473411023 765199326 start: 1473411021 464092729
t_num: 28 finish: 1473411023 766064108 start: 1473411021 60111316
t_num: 13 finish: 1473411023 957737884 start: 1473411021 538841070
t_num: 6 finish: 1473411023 980551228 start: 1473411021 949882785
t_num: 9 finish: 1473411024 57627521 start: 1473411021 93165909
t_num: 7 finish: 1473411024 139913544 start: 1473411021 841199548
t_num: 18 finish: 1473411024 650087248 start: 1473411022 629584289
t_num: 25 finish: 1473411024 687222396 start: 1473411023 291029222
t_num: 5 finish: 1473411024 797001576 start: 1473411021 427421111
t_num: 14 finish: 1473411024 862442097 start: 1473411023 185161086
t_num: 26 finish: 1473411024 921593040 start: 1473411023 179850954
t_num: 31 finish: 1473411025 944725820 start: 1473411022 935136872
t_num: 1 finish: 1473411025 946917302 start: 1473411023 956968916
t_num: 22 finish: 1473411025 947587714 start: 1473411022 688765743
t_num: 23 finish: 1473411026 42120835 start: 1473411023 489733458
t_num: 19 finish: 1473411026 88201460 start: 1473411023 748287326
t_num: 2 finish: 1473411026 157208084 start: 1473411022 979718535
t_num: 12 finish: 1473411026 417106188 start: 1473411024 383093266
t_num: 29 finish: 1473411026 441756317 start: 1473411024 382745484
t_num: 20 finish: 1473411026 441890466 start: 1473411023 405676756
t_num: 24 finish: 1473411026 534231530 start: 1473411024 535677382
t_num: 13 finish: 1473411026 565660781 start: 1473411023 957774615
t_num: 3 finish: 1473411026 665700334 start: 1473411023 490266761
t_num: 26 finish: 1473411026 926389702 start: 1473411024 921614841
t_num: 19 finish: 1473411027 446111360 start: 1473411026 88233853
t_num: 7 finish: 1473411027 446119331 start: 1473411025 987672760
t_num: 5 finish: 1473411027 446158350 start: 1473411024 797036086
t_num: 18 finish: 1473411027 590127033 start: 1473411025 565585327
t_num: 14 finish: 1473411027 593932100 start: 1473411024 862466642
t_num: 8 finish: 1473411027 689301567 start: 1473411024 534879906
t_num: 16 finish: 1473411027 689535187 start: 1473411026 197412119
t_num: 30 finish: 1473411027 835884604 start: 1473411026 534262546
t_num: 4 finish: 1473411028 111883192 start: 1473411025 705750575
t_num: 1 finish: 1473411028 132387722 start: 1473411026 897378386
t_num: 22 finish: 1473411028 344361277 start: 1473411025 947609239
t_num: 25 finish: 1473411028 345131315 start: 1473411026 232313207
t_num: 24 finish: 1473411028 345682826 start: 1473411026 534256719
t_num: 20 finish: 1473411028 582560375 start: 1473411026 441910643
t_num: 2 finish: 1473411028 605673418 start: 1473411027 477978591
t_num: 15 finish: 1473411028 796570628 start: 1473411026 411449859
t_num: 12 finish: 1473411028 806898998 start: 1473411026 417131552
t_num: 8 finish: 1473411028 914308668 start: 1473411027 689333399
t_num: 14 finish: 1473411029 237817323 start: 1473411027 836637883
t_num: 26 finish: 1473411029 240164596 start: 1473411027 863987825
t_num: 19 finish: 1473411029 384673661 start: 1473411027 446159637
t_num: 7 finish: 1473411029 384816238 start: 1473411027 446195037
t_num: 31 finish: 1473411029 385492421 start: 1473411027 736533513
t_num: 25 finish: 1473411029 387858358 start: 1473411028 345151138
t_num: 29 finish: 1473411029 509314105 start: 1473411027 800329311
t_num: 24 finish: 1473411029 645172444 start: 1473411028 345697485
t_num: 9 finish: 1473411029 645374591 start: 1473411028 622529096
t_num: 2 finish: 1473411029 871736710 start: 1473411028 605711800
t_num: 22 finish: 1473411030 20802851 start: 1473411028 513699690
t_num: 30 finish: 1473411030 199441533 start: 1473411028 806760468
t_num: 4 finish: 1473411030 672586407 start: 1473411029 201900956
t_num: 19 finish: 1473411030 773185441 start: 1473411029 384701795
t_num: 12 finish: 1473411031 301210671 start: 1473411028 806939809
t_num: 24 finish: 1473411031 301871701 start: 1473411029 923014151
t_num: 14 finish: 1473411031 439469356 start: 1473411029 237845256
t_num: 29 finish: 1473411031 475106400 start: 1473411029 509341435
t_num: 22 finish: 1473411031 475111694 start: 1473411030 20844518
t_num: 3 finish: 1473411031 653080998 start: 1473411029 647356989
t_num: 7 finish: 1473411031 966179648 start: 1473411029 384838334
t_num: 19 finish: 1473411031 966233220 start: 1473411030 773215173
t_num: 26 finish: 1473411031 966179648 start: 1473411029 240206328
t_num: 9 finish: 1473411031 995015018 start: 1473411029 645395544
t_num: 4 finish: 1473411032 114548110 start: 1473411030 672626545
t_num: 21 finish: 1473411032 150409992 start: 1473411029 796909872
t_num: 6 finish: 1473411032 190561103 start: 1473411029 295706580
t_num: 29 finish: 1473411032 526330778 start: 1473411031 475163880
t_num: 1 finish: 1473411032 588597856 start: 1473411031 13850050
t_num: 31 finish: 1473411032 588693621 start: 1473411030 21127036
t_num: 10 finish: 1473411032 650787751 start: 1473411030 358613286
t_num: 17 finish: 1473411032 650787742 start: 1473411031 966085710
t_num: 15 finish: 1473411032 650833472 start: 1473411030 358738381
t_num: 0 finish: 1473411032 791879051 start: 1473411031 475189186
t_num: 19 finish: 1473411033 606128099 start: 1473411032 466445977
t_num: 24 finish: 1473411033 694480488 start: 1473411031 301890557
t_num: 3 finish: 1473411033 922813701 start: 1473411032 833493790
t_num: 9 finish: 1473411034 379563916 start: 1473411031 995049268
t_num: 28 finish: 1473411034 386799079 start: 1473411031 171192913
t_num: 30 finish: 1473411034 387538098 start: 1473411031 526825067
t_num: 17 finish: 1473411034 513498758 start: 1473411032 650892072
t_num: 27 finish: 1473411034 566774153 start: 1473411031 965688040
t_num: 7 finish: 1473411034 663810749 start: 1473411033 671764455
t_num: 15 finish: 1473411035 348194456 start: 1473411032 650867095
t_num: 31 finish: 1473411035 349500255 start: 1473411032 588711050
t_num: 4 finish: 1473411035 439002758 start: 1473411032 519383566
t_num: 10 finish: 1473411035 440307590 start: 1473411032 650838348
t_num: 6 finish: 1473411035 586151359 start: 1473411032 833512947
t_num: 0 finish: 1473411035 587438821 start: 1473411032 791915410
t_num: 24 finish: 1473411035 996010025 start: 1473411033 694519969
t_num: 22 finish: 1473411036 165941205 start: 1473411034 868220606
t_num: 19 finish: 1473411036 317414800 start: 1473411033 606175098
t_num: 3 finish: 1473411036 340399948 start: 1473411034 439104336
t_num: 27 finish: 1473411036 404276841 start: 1473411034 566817417
t_num: 1 finish: 1473411036 404353521 start: 1473411033 866591120
t_num: 11 finish: 1473411036 879020846 start: 1473411033 926518839
t_num: 30 finish: 1473411036 885049530 start: 1473411035 848649062
t_num: 21 finish: 1473411036 918558775 start: 1473411034 710256362
t_num: 16 finish: 1473411037 309592553 start: 1473411034 386779614
t_num: 7 finish: 1473411037 313409083 start: 1473411035 349541515
t_num: 4 finish: 1473411037 313478818 start: 1473411035 848670939
t_num: 9 finish: 1473411037 805150169 start: 1473411035 578359039
t_num: 29 finish: 1473411037 808174059 start: 1473411035 589294153
t_num: 19 finish: 1473411037 809129845 start: 1473411036 317440703
t_num: 3 finish: 1473411037 840718480 start: 1473411036 340421877
t_num: 6 finish: 1473411037 884129208 start: 1473411035 586175529
t_num: 10 finish: 1473411037 963588524 start: 1473411036 404604421
t_num: 0 finish: 1473411038 34811258 start: 1473411036 919222469
t_num: 25 finish: 1473411038 79565745 start: 1473411036 507474636
t_num: 30 finish: 1473411038 182052694 start: 1473411036 885070316
t_num: 15 finish: 1473411038 182088249 start: 1473411036 404390249
t_num: 28 finish: 1473411038 243620540 start: 1473411036 264304539
t_num: 18 finish: 1473411038 321885874 start: 1473411036 530474261
t_num: 1 finish: 1473411038 390191213 start: 1473411036 979876129
t_num: 19 finish: 1473411038 410826470 start: 1473411037 809160757
t_num: 25 finish: 1473411038 946364776 start: 1473411038 79590611
t_num: 24 finish: 1473411039 117467382 start: 1473411036 866084042
t_num: 5 finish: 1473411039 118402434 start: 1473411037 957884772
t_num: 6 finish: 1473411039 444619510 start: 1473411038 100986591
t_num: 4 finish: 1473411039 444724636 start: 1473411037 313564941
t_num: 11 finish: 1473411039 465328497 start: 1473411038 101002819
t_num: 16 finish: 1473411039 487196515 start: 1473411037 309631291
t_num: 7 finish: 1473411040 169281229 start: 1473411038 481729477
t_num: 27 finish: 1473411040 188676950 start: 1473411037 658991624
t_num: 0 finish: 1473411040 330475706 start: 1473411039 10577160
t_num: 3 finish: 1473411040 415860789 start: 1473411037 840736573
t_num: 13 finish: 1473411040 474012385 start: 1473411037 957472062
t_num: 28 finish: 1473411040 673772054 start: 1473411039 256839610
t_num: 5 finish: 1473411040 941889071 start: 1473411039 118432671
t_num: 18 finish: 1473411040 968782417 start: 1473411038 321918579
t_num: 12 finish: 1473411041 34275594 start: 1473411038 608956372
t_num: 11 finish: 1473411041 126624459 start: 1473411039 465348654
t_num: 19 finish: 1473411041 128150206 start: 1473411038 862674109
t_num: 22 finish: 1473411041 140830213 start: 1473411038 4314316
t_num: 24 finish: 1473411041 272423564 start: 1473411039 117508067
t_num: 7 finish: 1473411041 427172709 start: 1473411040 169306000
t_num: 9 finish: 1473411041 428900898 start: 1473411039 250860598
t_num: 25 finish: 1473411041 431738967 start: 1473411038 946404301
t_num: 30 finish: 1473411041 611923203 start: 1473411040 28980535
t_num: 16 finish: 1473411041 679445417 start: 1473411039 487217084
t_num: 13 finish: 1473411042 223556508 start: 1473411040 474038466
t_num: 3 finish: 1473411042 281612751 start: 1473411040 415906445
t_num: 10 finish: 1473411042 330724867 start: 1473411040 330507734
t_num: 5 finish: 1473411042 605190485 start: 1473411040 941922228
t_num: 17 finish: 1473411042 841377331 start: 1473411040 578264815
t_num: 19 finish: 1473411042 841403732 start: 1473411041 364681118
t_num: 4 finish: 1473411042 911407124 start: 1473411040 479590981
t_num: 7 finish: 1473411043 310107730 start: 1473411041 427196438
t_num: 24 finish: 1473411043 442983461 start: 1473411041 272449991
t_num: 27 finish: 1473411043 443107073 start: 1473411040 663751775
t_num: 16 finish: 1473411043 577065369 start: 1473411041 679534896
t_num: 25 finish: 1473411043 612459853 start: 1473411042 544001227
t_num: 0 finish: 1473411043 693229804 start: 1473411041 364660896
t_num: 18 finish: 1473411043 745057059 start: 1473411040 968824942
t_num: 30 finish: 1473411044 8721495 start: 1473411041 611960342
t_num: 21 finish: 1473411044 765767439 start: 1473411042 841458619
t_num: 10 finish: 1473411044 978673541 start: 1473411042 330758098
t_num: 23 finish: 1473411045 12913560 start: 1473411043 534913701
t_num: 11 finish: 1473411045 12913715 start: 1473411041 679511988
t_num: 4 finish: 1473411045 46233741 start: 1473411042 911432655
t_num: 13 finish: 1473411045 467792224 start: 1473411042 554231483
t_num: 5 finish: 1473411045 467792231 start: 1473411042 605224930
t_num: 14 finish: 1473411045 538948416 start: 1473411042 169439090
t_num: 27 finish: 1473411045 827003205 start: 1473411043 443127300
t_num: 30 finish: 1473411046 1410277 start: 1473411044 8755342
t_num: 3 finish: 1473411046 1844870 start: 1473411043 398240195
t_num: 19 finish: 1473411046 276990934 start: 1473411043 651314540
t_num: 23 finish: 1473411046 289491007 start: 1473411045 12947314
t_num: 24 finish: 1473411046 290252480 start: 1473411043 443011434
t_num: 25 finish: 1473411046 590329736 start: 1473411043 696942446
t_num: 0 finish: 1473411046 613247890 start: 1473411043 693258759
t_num: 10 finish: 1473411046 618561817 start: 1473411044 978707953
t_num: 31 finish: 1473411046 637486899 start: 1473411044 885574435
t_num: 11 finish: 1473411046 693672587 start: 1473411045 12959436
t_num: 13 finish: 1473411046 694226079 start: 1473411045 467846159
t_num: 18 finish: 1473411046 966548135 start: 1473411044 35850760
t_num: 21 finish: 1473411047 392889458 start: 1473411044 765816959
t_num: 30 finish: 1473411047 677997918 start: 1473411046 1439183
t_num: 14 finish: 1473411047 821630023 start: 1473411045 538982377
t_num: 25 finish: 1473411047 945409656 start: 1473411046 590360970
t_num: 15 finish: 1473411048 88608486 start: 1473411045 998557382
t_num: 27 finish: 1473411048 266986985 start: 1473411045 827044981
t_num: 13 finish: 1473411048 338048745 start: 1473411046 694246026
t_num: 29 finish: 1473411048 471075089 start: 1473411047 392612710
t_num: 12 finish: 1473411048 541504563 start: 1473411047 877195197
t_num: 4 finish: 1473411048 642454315 start: 1473411046 2060351
t_num: 17 finish: 1473411048 707754087 start: 1473411047 159503725
t_num: 0 finish: 1473411048 751743493 start: 1473411046 613277742
t_num: 23 finish: 1473411049 390141754 start: 1473411046 289512911
t_num: 19 finish: 1473411049 392143472 start: 1473411046 277020983
t_num: 2 finish: 1473411049 421372386 start: 1473411047 615890582
t_num: 16 finish: 1473411049 524796240 start: 1473411046 238172392
t_num: 22 finish: 1473411049 564531264 start: 1473411047 737348100
t_num: 5 finish: 1473411049 602263659 start: 1473411047 59268653
t_num: 24 finish: 1473411049 629799224 start: 1473411046 949065004
t_num: 0 finish: 1473411049 877365845 start: 1473411048 751783771
t_num: 30 finish: 1473411049 928693800 start: 1473411047 678042441
t_num: 12 finish: 1473411050 134209389 start: 1473411048 541571443
t_num: 18 finish: 1473411050 226133906 start: 1473411047 993682985
t_num: 17 finish: 1473411050 302446551 start: 1473411048 707789495
t_num: 20 finish: 1473411050 302446988 start: 1473411048 144335958
t_num: 2 finish: 1473411050 771166074 start: 1473411049 421393835
t_num: 29 finish: 1473411050 896717210 start: 1473411048 471135753
t_num: 0 finish: 1473411050 932452600 start: 1473411049 877387830
t_num: 16 finish: 1473411051 208307654 start: 1473411049 524834975
t_num: 23 finish: 1473411051 215410323 start: 1473411049 390178509
t_num: 19 finish: 1473411051 216615106 start: 1473411050 75283524
t_num: 30 finish: 1473411051 261648659 start: 1473411049 928714895
t_num: 18 finish: 1473411051 263135423 start: 1473411050 226162666
t_num: 24 finish: 1473411051 263141203 start: 1473411049 629841652
t_num: 25 finish: 1473411051 442958051 start: 1473411048 541531685
t_num: 12 finish: 1473411051 549991241 start: 1473411051 48683458
t_num: 17 finish: 1473411051 608877979 start: 1473411050 302472772
t_num: 15 finish: 1473411051 654343857 start: 1473411049 775776569
t_num: 7 finish: 1473411051 718609090 start: 1473411049 533834565
t_num: 8 finish: 1473411051 718688922 start: 1473411050 555579834
t_num: 5 finish: 1473411052 7140620 start: 1473411050 70152958
t_num: 2 finish: 1473411052 87279601 start: 1473411050 771195528
t_num: 29 finish: 1473411052 153786086 start: 1473411050 896772425
t_num: 30 finish: 1473411052 445454585 start: 1473411051 261670737
t_num: 6 finish: 1473411052 555588607 start: 1473411051 645626421
t_num: 16 finish: 1473411052 559828114 start: 1473411051 208351163
t_num: 17 finish: 1473411052 795729454 start: 1473411051 742451656
t_num: 31 finish: 1473411052 929344538 start: 1473411051 255273643
t_num: 20 finish: 1473411053 180790176 start: 1473411051 371366745
t_num: 28 finish: 1473411053 336568103 start: 1473411051 485162616
t_num: 0 finish: 1473411053 401502495 start: 1473411051 633980364
t_num: 29 finish: 1473411053 401611762 start: 1473411052 153817913
t_num: 2 finish: 1473411053 446815953 start: 1473411052 87314550
t_num: 7 finish: 1473411053 463365380 start: 1473411052 732496048
t_num: 12 finish: 1473411053 732871064 start: 1473411051 550013575
t_num: 9 finish: 1473411053 920740975 start: 1473411052 797719560
t_num: 31 finish: 1473411054 75910622 start: 1473411052 929377094
t_num: 23 finish: 1473411054 76722021 start: 1473411051 215433397
t_num: 14 finish: 1473411054 210566922 start: 1473411052 792177657
t_num: 30 finish: 1473411054 263356061 start: 1473411052 969614027
t_num: 13 finish: 1473411054 329226344 start: 1473411051 815460719
t_num: 28 finish: 1473411054 564686493 start: 1473411053 336613359
t_num: 18 finish: 1473411054 611461799 start: 1473411052 560907204
t_num: 19 finish: 1473411054 717879242 start: 1473411052 676594398
t_num: 24 finish: 1473411054 759987092 start: 1473411052 970113731
t_num: 6 finish: 1473411054 764427653 start: 1473411053 805848665
t_num: 12 finish: 1473411054 879920813 start: 1473411053 732893539
t_num: 2 finish: 1473411054 944147229 start: 1473411054 155099412
t_num: 22 finish: 1473411054 944239816 start: 1473411053 730614013
t_num: 1 finish: 1473411055 169618811 start: 1473411053 491935663
t_num: 17 finish: 1473411055 381064878 start: 1473411052 795753035
t_num: 0 finish: 1473411055 439909826 start: 1473411053 759285869
t_num: 7 finish: 1473411056 36510055 start: 1473411054 115894505
t_num: 30 finish: 1473411056 196509527 start: 1473411055 130182281
t_num: 31 finish: 1473411056 249430939 start: 1473411055 159543777
t_num: 28 finish: 1473411056 290117903 start: 1473411054 853896957
t_num: 23 finish: 1473411056 328034398 start: 1473411054 76744983
t_num: 17 finish: 1473411056 356467153 start: 1473411055 381095301
t_num: 19 finish: 1473411056 390576469 start: 1473411054 717901893
t_num: 18 finish: 1473411056 410288849 start: 1473411054 611485704
t_num: 20 finish: 1473411056 527804397 start: 1473411054 155072930
t_num: 13 finish: 1473411056 700223621 start: 1473411055 159587471
t_num: 6 finish: 1473411057 588350889 start: 1473411055 157854233
t_num: 0 finish: 1473411057 641006380 start: 1473411055 439947937
t_num: 25 finish: 1473411057 769881187 start: 1473411053 989695175
t_num: 26 finish: 1473411057 865897048 start: 1473411056 571385245
t_num: 1 finish: 1473411057 866117098 start: 1473411055 169648450
t_num: 9 finish: 1473411057 959825753 start: 1473411054 717643505
t_num: 24 finish: 1473411058 304025959 start: 1473411056 571593777
t_num: 23 finish: 1473411058 372335914 start: 1473411056 328056793
t_num: 30 finish: 1473411058 977982384 start: 1473411056 613929575
t_num: 12 finish: 1473411059 427759329 start: 1473411056 290153630
t_num: 19 finish: 1473411059 536531550 start: 1473411057 105251841
t_num: 18 finish: 1473411059 602569354 start: 1473411057 105987223
t_num: 21 finish: 1473411059 766810073 start: 1473411057 810624814
t_num: 28 finish: 1473411059 808800365 start: 1473411057 813061191
t_num: 6 finish: 1473411059 870651808 start: 1473411057 588375597
t_num: 23 finish: 1473411059 884656109 start: 1473411058 372364544
t_num: 5 finish: 1473411060 311216592 start: 1473411057 707408381
t_num: 25 finish: 1473411060 313326300 start: 1473411057 769921005
t_num: 31 finish: 1473411060 392279945 start: 1473411057 428267586
t_num: 11 finish: 1473411060 392305758 start: 1473411059 202436027
t_num: 15 finish: 1473411060 598412254 start: 1473411059 247407443
t_num: 26 finish: 1473411060 642071049 start: 1473411058 675192893
t_num: 13 finish: 1473411061 557048166 start: 1473411059 871482321
t_num: 14 finish: 1473411061 617363225 start: 1473411059 169354723
t_num: 20 finish: 1473411061 724704489 start: 1473411060 218585348
t_num: 24 finish: 1473411061 752431861 start: 1473411058 304056708
t_num: 10 finish: 1473411061 780777072 start: 1473411060 527812064
t_num: 12 finish: 1473411061 954868500 start: 1473411059 427806853
t_num: 17 finish: 1473411061 988785157 start: 1473411059 876502950
t_num: 30 finish: 1473411062 25050443 start: 1473411058 978005038
t_num: 4 finish: 1473411062 67543536 start: 1473411058 967953566
t_num: 25 finish: 1473411062 178718422 start: 1473411060 313342505
t_num: 28 finish: 1473411062 304704193 start: 1473411059 808848149
t_num: 18 finish: 1473411062 498242499 start: 1473411059 602612618
t_num: 3 finish: 1473411062 807489546 start: 1473411059 846910007
t_num: 21 finish: 1473411062 825466410 start: 1473411060 233167354
t_num: 15 finish: 1473411062 929521538 start: 1473411060 848319998
t_num: 19 finish: 1473411063 437518331 start: 1473411060 681464911
t_num: 14 finish: 1473411063 694913757 start: 1473411061 617402668
t_num: 11 finish: 1473411063 716075749 start: 1473411061 778594908
t_num: 24 finish: 1473411063 716862566 start: 1473411061 752468560
t_num: 30 finish: 1473411064 250917089 start: 1473411062 179759824
t_num: 25 finish: 1473411064 510393841 start: 1473411062 178759758
t_num: 20 finish: 1473411064 512017512 start: 1473411062 153161227
t_num: 13 finish: 1473411064 655986614 start: 1473411061 557087550
t_num: 8 finish: 1473411064 658761911 start: 1473411062 479890756
t_num: 31 finish: 1473411065 193883992 start: 1473411062 234289804
t_num: 17 finish: 1473411065 319376152 start: 1473411061 988827956
t_num: 18 finish: 1473411065 365600207 start: 1473411063 906919805
t_num: 5 finish: 1473411065 414182802 start: 1473411063 347608930
t_num: 27 finish: 1473411065 506389054 start: 1473411063 482906183
t_num: 12 finish: 1473411065 506625238 start: 1473411063 351454644
t_num: 15 finish: 1473411065 550774097 start: 1473411062 929563530
t_num: 19 finish: 1473411065 620526053 start: 1473411063 437549383
t_num: 9 finish: 1473411065 727687616 start: 1473411063 753604361
t_num: 2 finish: 1473411065 937839369 start: 1473411064 734176035
t_num: 24 finish: 1473411066 221854724 start: 1473411064 598720188
t_num: 28 finish: 1473411066 453779585 start: 1473411063 103529727
t_num: 25 finish: 1473411066 477389243 start: 1473411064 510431321
t_num: 30 finish: 1473411066 513035227 start: 1473411064 250961596
t_num: 31 finish: 1473411066 547924065 start: 1473411065 193924310
t_num: 14 finish: 1473411066 547968514 start: 1473411063 694982861
t_num: 17 finish: 1473411066 757151237 start: 1473411065 319404608
t_num: 5 finish: 1473411066 814875647 start: 1473411065 414208633
t_num: 8 finish: 1473411066 814878872 start: 1473411064 941556116
t_num: 6 finish: 1473411066 837857159 start: 1473411065 194036764
t_num: 0 finish: 1473411066 839088820 start: 1473411064 941474400
t_num: 9 finish: 1473411067 227982508 start: 1473411065 727720488
t_num: 15 finish: 1473411067 286174453 start: 1473411065 550809181
t_num: 2 finish: 1473411067 346603367 start: 1473411065 937875546
t_num: 27 finish: 1473411067 368073706 start: 1473411066 477269558
t_num: 18 finish: 1473411067 458666398 start: 1473411065 365645885
t_num: 20 finish: 1473411067 593444372 start: 1473411066 444429082
t_num: 26 finish: 1473411067 809249202 start: 1473411066 68497461
t_num: 24 finish: 1473411067 916553110 start: 1473411066 221900281
t_num: 28 finish: 1473411067 998283508 start: 1473411066 453806776
t_num: 21 finish: 1473411068 66176970 start: 1473411066 444408785
t_num: 15 finish: 1473411068 249136491 start: 1473411067 286202701
t_num: 9 finish: 1473411068 337601083 start: 1473411067 228015401
t_num: 22 finish: 1473411068 567944754 start: 1473411066 548002525
t_num: 2 finish: 1473411068 691447933 start: 1473411067 346632758
t_num: 29 finish: 1473411068 940515135 start: 1473411066 547974697
t_num: 3 finish: 1473411068 983137656 start: 1473411067 645082095
t_num: 26 finish: 1473411069 32458743 start: 1473411067 809282648
t_num: 27 finish: 1473411069 32466638 start: 1473411067 368097472
t_num: 28 finish: 1473411069 32490739 start: 1473411067 998334330
t_num: 17 finish: 1473411069 78620111 start: 1473411066 757217958
t_num: 9 finish: 1473411069 621105310 start: 1473411068 337627277
t_num: 0 finish: 1473411069 708616988 start: 1473411066 839110673
t_num: 7 finish: 1473411070 6043155 start: 1473411068 982832096
t_num: 1 finish: 1473411070 46609179 start: 1473411068 18069821
t_num: 15 finish: 1473411070 147221177 start: 1473411068 249187593
t_num: 6 finish: 1473411070 147226631 start: 1473411068 749716914
t_num: 27 finish: 1473411070 281687683 start: 1473411069 32525444
t_num: 8 finish: 1473411070 286667722 start: 1473411067 438183401
t_num: 13 finish: 1473411070 313622721 start: 1473411069 14840455
t_num: 18 finish: 1473411070 341182625 start: 1473411067 458718362
t_num: 21 finish: 1473411070 419402800 start: 1473411069 74771071
t_num: 31 finish: 1473411070 452680176 start: 1473411068 869038755
t_num: 2 finish: 1473411070 602058890 start: 1473411068 691502801
t_num: 26 finish: 1473411070 602059491 start: 1473411069 32492317
t_num: 28 finish: 1473411070 624759190 start: 1473411069 32504937
t_num: 29 finish: 1473411071 27858575 start: 1473411069 378839693
t_num: 0 finish: 1473411071 41657607 start: 1473411069 708643745
t_num: 1 finish: 1473411071 727940498 start: 1473411070 46643537
t_num: 26 finish: 1473411071 830078411 start: 1473411070 602182740
t_num: 13 finish: 1473411071 946437056 start: 1473411070 313643623
t_num: 3 finish: 1473411071 946510265 start: 1473411070 341573354
t_num: 4 finish: 1473411071 949456612 start: 1473411070 303255971
t_num: 8 finish: 1473411071 949733438 start: 1473411070 286689619
t_num: 30 finish: 1473411071 998288461 start: 1473411069 236627213
t_num: 14 finish: 1473411072 94179414 start: 1473411070 998269577
t_num: 21 finish: 1473411072 94237336 start: 1473411070 625175595
t_num: 2 finish: 1473411072 158227607 start: 1473411071 712345095
t_num: 7 finish: 1473411072 199302520 start: 1473411070 6068812
t_num: 29 finish: 1473411072 364635478 start: 1473411071 27890622
t_num: 9 finish: 1473411072 427519277 start: 1473411070 341617524
t_num: 26 finish: 1473411072 427519267 start: 1473411071 830104315
t_num: 1 finish: 1473411072 622917886 start: 1473411071 727961511
t_num: 28 finish: 1473411072 897117101 start: 1473411070 624780078
t_num: 21 finish: 1473411072 939360973 start: 1473411072 94255880
t_num: 22 finish: 1473411072 995873374 start: 1473411072 94325167
t_num: 18 finish: 1473411073 367381801 start: 1473411071 792336074
t_num: 0 finish: 1473411073 385319881 start: 1473411071 264660318
t_num: 27 finish: 1473411073 385364563 start: 1473411070 997493174
t_num: 30 finish: 1473411073 672248911 start: 1473411071 998306343
t_num: 2 finish: 1473411074 20383069 start: 1473411072 158254486
t_num: 8 finish: 1473411074 117456993 start: 1473411072 409319894
t_num: 11 finish: 1473411074 155455475 start: 1473411072 998882829
t_num: 1 finish: 1473411074 246977809 start: 1473411072 622951912
t_num: 20 finish: 1473411074 419242005 start: 1473411073 281834511
t_num: 22 finish: 1473411074 535909951 start: 1473411072 995930540
t_num: 15 finish: 1473411074 599768609 start: 1473411072 53490355
t_num: 9 finish: 1473411074 730009854 start: 1473411072 427556730
t_num: 21 finish: 1473411074 884870861 start: 1473411072 939391960
t_num: 28 finish: 1473411075 34659740 start: 1473411072 897152006
t_num: 9 finish: 1473411075 34948697 start: 1473411074 730054496
t_num: 0 finish: 1473411075 154039767 start: 1473411073 385344248
t_num: 24 finish: 1473411075 431350306 start: 1473411073 288845860
t_num: 7 finish: 1473411075 546412821 start: 1473411073 921280369
t_num: 31 finish: 1473411075 618441944 start: 1473411073 471255223
t_num: 18 finish: 1473411075 723432569 start: 1473411074 83086333
t_num: 20 finish: 1473411075 723432569 start: 1473411074 419572527
t_num: 8 finish: 1473411075 761439196 start: 1473411074 117485258
t_num: 9 finish: 1473411075 832952371 start: 1473411075 34967973
t_num: 1 finish: 1473411076 247146705 start: 1473411074 247013019
t_num: 17 finish: 1473411076 384073645 start: 1473411075 208404976
t_num: 24 finish: 1473411076 432603835 start: 1473411075 431372919
t_num: 10 finish: 1473411076 908775627 start: 1473411074 419986595
t_num: 2 finish: 1473411076 979390984 start: 1473411074 419547271
t_num: 20 finish: 1473411077 21418167 start: 1473411075 723484510
t_num: 5 finish: 1473411077 237379270 start: 1473411074 344811646
t_num: 3 finish: 1473411077 304466877 start: 1473411075 832500713
t_num: 28 finish: 1473411077 309412237 start: 1473411075 34701334
t_num: 13 finish: 1473411077 315178435 start: 1473411074 827280682
t_num: 29 finish: 1473411077 679455253 start: 1473411076 210131765
t_num: 0 finish: 1473411077 691755918 start: 1473411076 68942103
t_num: 19 finish: 1473411077 928773995 start: 1473411075 761348142
t_num: 25 finish: 1473411077 928781499 start: 1473411076 134138218
t_num: 11 finish: 1473411077 928827444 start: 1473411075 723502603
t_num: 1 finish: 1473411078 446501099 start: 1473411077 407858928
t_num: 5 finish: 1473411078 490559783 start: 1473411077 237420609
t_num: 9 finish: 1473411078 520947311 start: 1473411075 832979764
t_num: 8 finish: 1473411078 574234731 start: 1473411076 67536306
t_num: 3 finish: 1473411078 627278527 start: 1473411077 978728694
t_num: 12 finish: 1473411078 627303391 start: 1473411077 64035072
t_num: 20 finish: 1473411078 710067370 start: 1473411077 21444749
t_num: 7 finish: 1473411078 710289956 start: 1473411077 500213581
t_num: 28 finish: 1473411078 748161388 start: 1473411077 309449363
t_num: 21 finish: 1473411078 899143391 start: 1473411076 757004779
t_num: 13 finish: 1473411078 902749984 start: 1473411077 315199605
t_num: 10 finish: 1473411078 953566339 start: 1473411076 908808646
t_num: 24 finish: 1473411079 257339075 start: 1473411077 500126117
t_num: 23 finish: 1473411079 265874850 start: 1473411077 978761927
t_num: 9 finish: 1473411079 340029596 start: 1473411078 520981886
t_num: 4 finish: 1473411079 649370169 start: 1473411078 230406203
t_num: 0 finish: 1473411079 652826885 start: 1473411078 627352094
t_num: 11 finish: 1473411079 853762800 start: 1473411077 928844567
t_num: 13 finish: 1473411079 993878264 start: 1473411078 902769602
t_num: 5 finish: 1473411080 15047049 start: 1473411078 490588560
t_num: 19 finish: 1473411080 251863486 start: 1473411077 928801435
t_num: 7 finish: 1473411080 256906867 start: 1473411078 710308059
t_num: 17 finish: 1473411080 420583044 start: 1473411079 178433807
t_num: 12 finish: 1473411080 420629261 start: 1473411078 627320617
t_num: 27 finish: 1473411080 490841655 start: 1473411078 450087835
t_num: 10 finish: 1473411080 956650144 start: 1473411078 953588796
t_num: 0 finish: 1473411080 956841708 start: 1473411079 652848008
t_num: 1 finish: 1473411081 29999255 start: 1473411078 901233757
t_num: 29 finish: 1473411081 193894298 start: 1473411079 595759999
t_num: 13 finish: 1473411081 315785783 start: 1473411079 993919151
t_num: 8 finish: 1473411081 371392663 start: 1473411079 557643586
t_num: 3 finish: 1473411081 617863592 start: 1473411078 903809995
t_num: 23 finish: 1473411081 727307790 start: 1473411079 265898250
t_num: 5 finish: 1473411081 842182176 start: 1473411080 15076599
t_num: 20 finish: 1473411082 291142049 start: 1473411079 557602600
t_num: 19 finish: 1473411082 294539436 start: 1473411080 251891328
t_num: 14 finish: 1473411082 488027916 start: 1473411081 424494570
t_num: 0 finish: 1473411082 522300988 start: 1473411080 956861497
t_num: 4 finish: 1473411082 576844669 start: 1473411080 892483128
t_num: 10 finish: 1473411082 581545460 start: 1473411080 956712980
t_num: 12 finish: 1473411082 824433253 start: 1473411080 420880191
t_num: 27 finish: 1473411082 895176888 start: 1473411081 345194213
t_num: 3 finish: 1473411082 985633277 start: 1473411081 617905572
t_num: 17 finish: 1473411083 168179277 start: 1473411080 791820164
t_num: 24 finish: 1473411083 168847808 start: 1473411080 956974627
t_num: 1 finish: 1473411083 198830217 start: 1473411082 288725939
t_num: 26 finish: 1473411083 228008743 start: 1473411081 778891380
t_num: 21 finish: 1473411083 411442318 start: 1473411082 297513382
t_num: 2 finish: 1473411083 548715548 start: 1473411081 424287195
t_num: 22 finish: 1473411083 559029608 start: 1473411081 30892215
t_num: 0 finish: 1473411083 895516085 start: 1473411082 522339924
t_num: 29 finish: 1473411083 953719012 start: 1473411081 486075253
t_num: 24 finish: 1473411084 479674867 start: 1473411083 168868564
t_num: 18 finish: 1473411084 665906985 start: 1473411083 92493237
t_num: 23 finish: 1473411084 766310458 start: 1473411082 389632841
t_num: 22 finish: 1473411085 48719185 start: 1473411083 559047800
t_num: 3 finish: 1473411085 120863207 start: 1473411082 985692071
t_num: 19 finish: 1473411085 201098653 start: 1473411082 853116507
t_num: 27 finish: 1473411085 206295769 start: 1473411082 895243716
t_num: 4 finish: 1473411085 207830416 start: 1473411082 576884421
t_num: 21 finish: 1473411085 319653481 start: 1473411083 411470884
t_num: 7 finish: 1473411085 446931589 start: 1473411082 389586343
t_num: 17 finish: 1473411085 716438295 start: 1473411083 168224283
t_num: 24 finish: 1473411085 828311014 start: 1473411084 479702764
t_num: 30 finish: 1473411085 889711620 start: 1473411084 433001910
t_num: 13 finish: 1473411086 259648334 start: 1473411084 283647228
t_num: 3 finish: 1473411086 799165863 start: 1473411085 716417930
t_num: 9 finish: 1473411086 800044619 start: 1473411083 270509668
t_num: 0 finish: 1473411086 800103932 start: 1473411083 895562839
t_num: 29 finish: 1473411087 6818616 start: 1473411084 769995643
t_num: 27 finish: 1473411087 89673856 start: 1473411085 206330657
t_num: 18 finish: 1473411087 94402031 start: 1473411084 665950710
t_num: 7 finish: 1473411087 97148636 start: 1473411085 446963388
t_num: 12 finish: 1473411087 198166176 start: 1473411084 665938150
t_num: 31 finish: 1473411087 257301009 start: 1473411084 479315906
t_num: 24 finish: 1473411087 650200806 start: 1473411085 828335460
t_num: 23 finish: 1473411087 693428775 start: 1473411084 766340600
t_num: 1 finish: 1473411087 693594281 start: 1473411084 944617212
t_num: 5 finish: 1473411087 742260237 start: 1473411086 717924938
t_num: 9 finish: 1473411087 808398045 start: 1473411086 800063606
t_num: 0 finish: 1473411087 864342424 start: 1473411086 800123858
t_num: 4 finish: 1473411088 109823360 start: 1473411085 681832333
t_num: 28 finish: 1473411088 489964241 start: 1473411086 799153894
t_num: 18 finish: 1473411088 990221837 start: 1473411087 94422839
t_num: 8 finish: 1473411089 19224522 start: 1473411087 658988304
t_num: 16 finish: 1473411089 142782240 start: 1473411086 662880905
t_num: 22 finish: 1473411089 285371840 start: 1473411085 738929269
t_num: 1 finish: 1473411089 298411738 start: 1473411087 693630301
t_num: 29 finish: 1473411089 439147196 start: 1473411087 638725950
t_num: 5 finish: 1473411089 618024678 start: 1473411087 742282438
t_num: 31 finish: 1473411089 619012255 start: 1473411087 257333126
t_num: 3 finish: 1473411089 628355073 start: 1473411086 799191347
t_num: 23 finish: 1473411089 628363828 start: 1473411087 693450140
t_num: 30 finish: 1473411089 765526318 start: 1473411086 898227710
t_num: 27 finish: 1473411089 895676124 start: 1473411087 636523471
t_num: 26 finish: 1473411089 944036011 start: 1473411088 313608189
t_num: 6 finish: 1473411090 83869339 start: 1473411087 645543306
t_num: 24 finish: 1473411090 365524141 start: 1473411087 650224024
t_num: 4 finish: 1473411090 648460394 start: 1473411088 109852295
t_num: 29 finish: 1473411090 676985593 start: 1473411089 439181138
t_num: 21 finish: 1473411090 703924788 start: 1473411088 354699850
t_num: 22 finish: 1473411090 880969189 start: 1473411089 285412113
t_num: 18 finish: 1473411090 913031097 start: 1473411088 990265899
t_num: 17 finish: 1473411090 947593260 start: 1473411089 632931739
t_num: 9 finish: 1473411090 947749135 start: 1473411088 779481830
t_num: 7 finish: 1473411091 109012326 start: 1473411088 854715101
t_num: 28 finish: 1473411091 110274204 start: 1473411089 811547261
t_num: 6 finish: 1473411091 478289508 start: 1473411090 83911115
t_num: 27 finish: 1473411091 536841243 start: 1473411089 895705568
t_num: 31 finish: 1473411091 729930885 start: 1473411090 293876259
t_num: 1 finish: 1473411091 971443660 start: 1473411089 944921933
t_num: 10 finish: 1473411092 310790518 start: 1473411090 292259911
t_num: 12 finish: 1473411092 339390742 start: 1473411089 945249877
t_num: 4 finish: 1473411092 349547681 start: 1473411090 648499105
t_num: 29 finish: 1473411092 350177217 start: 1473411090 677010112
t_num: 30 finish: 1473411092 640036325 start: 1473411089 998677289
t_num: 17 finish: 1473411092 727691008 start: 1473411090 947615050
t_num: 5 finish: 1473411092 727736401 start: 1473411090 318840091
t_num: 26 finish: 1473411093 25181242 start: 1473411090 508781482
t_num: 6 finish: 1473411093 277244539 start: 1473411091 478334992
t_num: 16 finish: 1473411093 358107782 start: 1473411091 73223928
t_num: 20 finish: 1473411093 467323740 start: 1473411091 187197884
t_num: 23 finish: 1473411093 467393364 start: 1473411090 855280269
t_num: 22 finish: 1473411093 521171148 start: 1473411091 498407974
t_num: 9 finish: 1473411093 561316275 start: 1473411092 111115275
t_num: 15 finish: 1473411093 591595008 start: 1473411091 162066788
t_num: 31 finish: 1473411093 668596603 start: 1473411092 780423308
t_num: 5 finish: 1473411094 31672321 start: 1473411092 728101584
t_num: 7 finish: 1473411094 45294913 start: 1473411091 897399947
t_num: 4 finish: 1473411094 46492499 start: 1473411092 349588560
t_num: 30 finish: 1473411094 151178376 start: 1473411092 640075381
t_num: 1 finish: 1473411094 247502709 start: 1473411093 388708947
t_num: 6 finish: 1473411094 353934233 start: 1473411093 277276573
t_num: 14 finish: 1473411094 354876550 start: 1473411093 411659209
t_num: 27 finish: 1473411094 434908188 start: 1473411092 640543663
t_num: 0 finish: 1473411094 505213841 start: 1473411092 477616655
t_num: 5 finish: 1473411094 667147705 start: 1473411094 31699608
t_num: 17 finish: 1473411094 767289675 start: 1473411093 733054905
t_num: 16 finish: 1473411094 957116920 start: 1473411094 270941330
t_num: 22 finish: 1473411094 960162484 start: 1473411093 979740364
t_num: 1 finish: 1473411095 153631633 start: 1473411094 247542159
t_num: 23 finish: 1473411095 243248851 start: 1473411093 467411831
t_num: 20 finish: 1473411095 316181372 start: 1473411093 467351444
t_num: 19 finish: 1473411095 580407961 start: 1473411094 567051284
t_num: 18 finish: 1473411095 742015708 start: 1473411093 983218598
t_num: 2 finish: 1473411095 767027789 start: 1473411093 359325481
t_num: 6 finish: 1473411095 827909862 start: 1473411094 353965293
t_num: 17 finish: 1473411095 861194550 start: 1473411094 767327973
t_num: 23 finish: 1473411096 237337771 start: 1473411095 243283449
t_num: 14 finish: 1473411096 237478019 start: 1473411094 354896915
t_num: 7 finish: 1473411096 504515087 start: 1473411094 358701227
t_num: 5 finish: 1473411096 724647979 start: 1473411094 667198490
t_num: 17 finish: 1473411096 885435689 start: 1473411095 861216062
t_num: 18 finish: 1473411096 954467361 start: 1473411095 742057492
t_num: 29 finish: 1473411096 978619145 start: 1473411095 88949718
t_num: 26 finish: 1473411096 978648134 start: 1473411095 827584634
t_num: 0 finish: 1473411096 978620031 start: 1473411094 505239889
t_num: 1 finish: 1473411096 995933701 start: 1473411095 153674967
t_num: 27 finish: 1473411097 40963399 start: 1473411095 88927393
t_num: 20 finish: 1473411097 128481936 start: 1473411095 316219919
t_num: 2 finish: 1473411097 363203761 start: 1473411095 969914602
t_num: 28 finish: 1473411097 407189178 start: 1473411096 205427505
t_num: 23 finish: 1473411097 541133217 start: 1473411096 816873068
t_num: 7 finish: 1473411097 608014244 start: 1473411096 504556403
t_num: 6 finish: 1473411097 893134581 start: 1473411096 404624185
t_num: 3 finish: 1473411097 918575604 start: 1473411095 316458535
t_num: 15 finish: 1473411098 225757141 start: 1473411095 827841956
t_num: 29 finish: 1473411098 271398698 start: 1473411096 978641963
t_num: 14 finish: 1473411098 510355572 start: 1473411096 237496988
t_num: 25 finish: 1473411098 943358547 start: 1473411096 304209121
t_num: 7 finish: 1473411099 48077290 start: 1473411097 608048099
t_num: 17 finish: 1473411099 223385446 start: 1473411096 885473812
t_num: 23 finish: 1473411099 426362648 start: 1473411097 541164061
t_num: 26 finish: 1473411099 587815698 start: 1473411096 978667271
t_num: 31 finish: 1473411099 652321803 start: 1473411097 293142923
t_num: 0 finish: 1473411099 684109281 start: 1473411098 591142834
t_num: 1 finish: 1473411099 757419951 start: 1473411098 444476844
t_num: 12 finish: 1473411099 823424688 start: 1473411098 444528232
t_num: 8 finish: 1473411099 902968053 start: 1473411098 811366572
t_num: 22 finish: 1473411100 2592475 start: 1473411096 923893184
t_num: 29 finish: 1473411100 2684675 start: 1473411098 444906770
t_num: 27 finish: 1473411100 121552011 start: 1473411097 691340941
t_num: 14 finish: 1473411100 121616482 start: 1473411098 510384011
t_num: 5 finish: 1473411100 143026839 start: 1473411097 292570764
t_num: 28 finish: 1473411100 143087687 start: 1473411097 407223035
t_num: 6 finish: 1473411100 363556499 start: 1473411098 852813361
t_num: 2 finish: 1473411100 633468387 start: 1473411098 407693364
t_num: 18 finish: 1473411100 771790683 start: 1473411098 271484000
t_num: 7 finish: 1473411100 841430735 start: 1473411099 48107507
t_num: 24 finish: 1473411100 914534827 start: 1473411099 425326144
t_num: 17 finish: 1473411101 231519633 start: 1473411099 223429260
t_num: 28 finish: 1473411101 375011888 start: 1473411100 143104292
t_num: 14 finish: 1473411101 439388820 start: 1473411100 121634110
t_num: 2 finish: 1473411101 664454614 start: 1473411100 633504180
t_num: 20 finish: 1473411101 681646724 start: 1473411100 483872186
t_num: 18 finish: 1473411101 712759711 start: 1473411100 771844113
t_num: 30 finish: 1473411101 714317859 start: 1473411100 302685186
t_num: 23 finish: 1473411101 785300843 start: 1473411099 623631607
t_num: 6 finish: 1473411101 811182026 start: 1473411100 363596326
t_num: 17 finish: 1473411101 816443947 start: 1473411101 231548875
t_num: 13 finish: 1473411101 885647604 start: 1473411100 859506772
t_num: 22 finish: 1473411102 320467482 start: 1473411100 2637565
t_num: 16 finish: 1473411102 830567519 start: 1473411100 142991087
t_num: 10 finish: 1473411102 856975774 start: 1473411100 771925549
t_num: 31 finish: 1473411102 974742964 start: 1473411101 375030164
t_num: 18 finish: 1473411103 63139495 start: 1473411101 712786918
t_num: 5 finish: 1473411103 110304041 start: 1473411101 208273379
t_num: 19 finish: 1473411103 671973881 start: 1473411101 684368626
t_num: 7 finish: 1473411103 834387651 start: 1473411102 24101515
t_num: 2 finish: 1473411103 834466631 start: 1473411101 664483091
t_num: 23 finish: 1473411103 872041015 start: 1473411101 785340777
t_num: 4 finish: 1473411103 980596586 start: 1473411102 215133897
t_num: 30 finish: 1473411103 980625040 start: 1473411101 714338253
t_num: 31 finish: 1473411104 297787937 start: 1473411102 974782075
t_num: 10 finish: 1473411104 300361547 start: 1473411102 857000162
t_num: 17 finish: 1473411104 754866879 start: 1473411101 816464988
t_num: 12 finish: 1473411104 880409919 start: 1473411103 26869510
t_num: 28 finish: 1473411104 958465504 start: 1473411102 61098330
t_num: 16 finish: 1473411105 523756860 start: 1473411102 830590707
t_num: 29 finish: 1473411105 565752112 start: 1473411103 61879870
t_num: 1 finish: 1473411105 693970604 start: 1473411103 227738913
t_num: 23 finish: 1473411105 939542543 start: 1473411103 872062144
t_num: 5 finish: 1473411105 945116459 start: 1473411103 928274768
t_num: 14 finish: 1473411105 945840557 start: 1473411103 415203585
t_num: 6 finish: 1473411106 184252488 start: 1473411103 160924725
t_num: 7 finish: 1473411106 244436297 start: 1473411103 834421461
t_num: 10 finish: 1473411106 254378718 start: 1473411105 298893760
t_num: 9 finish: 1473411106 502612168 start: 1473411105 156506986
t_num: 22 finish: 1473411106 757113565 start: 1473411104 492948492
t_num: 14 finish: 1473411107 195043204 start: 1473411105 945860450
t_num: 30 finish: 1473411107 301615960 start: 1473411104 957356365
t_num: 19 finish: 1473411107 466359867 start: 1473411104 928840262
t_num: 25 finish: 1473411107 466380901 start: 1473411105 298626633
t_num: 1 finish: 1473411107 491857764 start: 1473411105 693999904
t_num: 4 finish: 1473411107 522051597 start: 1473411104 957579318
t_num: 29 finish: 1473411107 522917963 start: 1473411106 217028255
t_num: 7 finish: 1473411107 600651934 start: 1473411106 244484655
t_num: 28 finish: 1473411107 784085270 start: 1473411106 57413818
t_num: 17 finish: 1473411107 907390536 start: 1473411106 216500459
t_num: 15 finish: 1473411108 763802930 start: 1473411106 191595599
t_num: 5 finish: 1473411108 793774088 start: 1473411107 525444894
t_num: 14 finish: 1473411108 917435730 start: 1473411107 754061857
t_num: 3 finish: 1473411108 961120930 start: 1473411105 523668441
t_num: 12 finish: 1473411109 73071955 start: 1473411106 596284303
t_num: 4 finish: 1473411109 212228635 start: 1473411107 522075568
t_num: 11 finish: 1473411109 344213186 start: 1473411106 724915232
t_num: 22 finish: 1473411109 477881541 start: 1473411107 754081998
t_num: 16 finish: 1473411109 551100992 start: 1473411107 491891811
t_num: 24 finish: 1473411109 593229547 start: 1473411106 503212449
t_num: 29 finish: 1473411109 627767174 start: 1473411107 522937964
t_num: 9 finish: 1473411109 681262299 start: 1473411107 466340604
t_num: 10 finish: 1473411109 802515761 start: 1473411107 369960137
t_num: 25 finish: 1473411110 162152389 start: 1473411108 348700827
t_num: 15 finish: 1473411110 162169509 start: 1473411108 763843463
t_num: 19 finish: 1473411110 162237218 start: 1473411108 793879675
t_num: 5 finish: 1473411110 489382899 start: 1473411108 793818508
t_num: 23 finish: 1473411110 529606130 start: 1473411107 600566854
t_num: 0 finish: 1473411110 613232472 start: 1473411109 908065323
t_num: 8 finish: 1473411110 769457908 start: 1473411108 952643498
t_num: 14 finish: 1473411110 913447656 start: 1473411109 114613241
t_num: 29 finish: 1473411111 91733586 start: 1473411110 31916183
t_num: 3 finish: 1473411111 127216172 start: 1473411108 961145167
t_num: 12 finish: 1473411111 134694561 start: 1473411109 73112787
t_num: 31 finish: 1473411111 372359142 start: 1473411109 240517842
t_num: 16 finish: 1473411111 397194198 start: 1473411109 551127486
t_num: 22 finish: 1473411111 670945156 start: 1473411110 31925778
t_num: 27 finish: 1473411111 708640834 start: 1473411109 905860477
t_num: 24 finish: 1473411111 779745696 start: 1473411109 593255126
t_num: 9 finish: 1473411111 878861154 start: 1473411109 681284700
t_num: 0 finish: 1473411111 992012046 start: 1473411110 613263842
t_num: 14 finish: 1473411112 433031451 start: 1473411110 913485514
t_num: 17 finish: 1473411112 434122918 start: 1473411109 973945583
t_num: 4 finish: 1473411112 546957610 start: 1473411109 212262188
t_num: 19 finish: 1473411112 605569417 start: 1473411110 162251880
t_num: 15 finish: 1473411112 686942628 start: 1473411110 162217281
t_num: 29 finish: 1473411113 413543905 start: 1473411111 712927646
t_num: 24 finish: 1473411113 561388038 start: 1473411111 779772416
t_num: 31 finish: 1473411113 652632687 start: 1473411111 372395096
t_num: 23 finish: 1473411113 676214141 start: 1473411110 923258597
t_num: 5 finish: 1473411113 676219939 start: 1473411110 848005062
t_num: 27 finish: 1473411113 676255832 start: 1473411111 708684058
t_num: 8 finish: 1473411113 756052982 start: 1473411111 928370418
t_num: 14 finish: 1473411113 906833329 start: 1473411112 433076872
t_num: 17 finish: 1473411113 960705931 start: 1473411112 434144211
t_num: 15 finish: 1473411113 960779498 start: 1473411112 686961966
t_num: 13 finish: 1473411114 25421213 start: 1473411111 681804108
t_num: 2 finish: 1473411114 69339039 start: 1473411112 273308323
t_num: 25 finish: 1473411114 69907472 start: 1473411110 848022662
t_num: 22 finish: 1473411114 358310842 start: 1473411111 670980093
t_num: 26 finish: 1473411114 396899586 start: 1473411113 345434431
t_num: 16 finish: 1473411114 428529908 start: 1473411111 991985785
t_num: 30 finish: 1473411114 435533038 start: 1473411112 653946945
t_num: 3 finish: 1473411114 704979228 start: 1473411112 570643700
t_num: 9 finish: 1473411114 704993560 start: 1473411112 862610816
t_num: 27 finish: 1473411114 770834011 start: 1473411113 676268783
t_num: 4 finish: 1473411114 897811828 start: 1473411112 546991541
t_num: 24 finish: 1473411115 212509345 start: 1473411113 561424036
t_num: 5 finish: 1473411115 458311581 start: 1473411113 676262982
t_num: 22 finish: 1473411116 420917476 start: 1473411115 228168468
t_num: 31 finish: 1473411116 439796923 start: 1473411114 25381127
t_num: 8 finish: 1473411116 510158808 start: 1473411114 355758420
t_num: 20 finish: 1473411116 608499358 start: 1473411114 458459756
t_num: 26 finish: 1473411116 658637242 start: 1473411114 396926350
t_num: 15 finish: 1473411116 658682892 start: 1473411113 960834576
t_num: 25 finish: 1473411116 658839063 start: 1473411114 69933045
t_num: 23 finish: 1473411116 727978998 start: 1473411113 676238639
t_num: 12 finish: 1473411116 801019181 start: 1473411114 435096415
t_num: 13 finish: 1473411116 903771313 start: 1473411114 25462490
t_num: 9 finish: 1473411117 341000220 start: 1473411115 230312062
t_num: 4 finish: 1473411117 380988151 start: 1473411114 897832307
t_num: 21 finish: 1473411117 447197388 start: 1473411115 358433563
t_num: 28 finish: 1473411117 986912743 start: 1473411115 403512511
t_num: 5 finish: 1473411118 85097765 start: 1473411115 458335806
t_num: 12 finish: 1473411118 88020356 start: 1473411116 801041933
t_num: 3 finish: 1473411118 105779421 start: 1473411114 897827696
t_num: 29 finish: 1473411118 137613746 start: 1473411114 355831295
t_num: 25 finish: 1473411118 183285123 start: 1473411116 658857192
t_num: 8 finish: 1473411118 299031595 start: 1473411117 492864798
t_num: 31 finish: 1473411118 699487111 start: 1473411116 439848458
t_num: 11 finish: 1473411118 719769116 start: 1473411117 454651616
t_num: 23 finish: 1473411118 754041884 start: 1473411116 728025915
t_num: 20 finish: 1473411118 786057283 start: 1473411116 608543273
t_num: 10 finish: 1473411118 799543555 start: 1473411116 863403753
t_num: 6 finish: 1473411119 104431159 start: 1473411115 360598333
t_num: 7 finish: 1473411119 460325799 start: 1473411117 59566314
t_num: 4 finish: 1473411119 705912187 start: 1473411117 381016052
t_num: 23 finish: 1473411119 729427772 start: 1473411118 754074239
t_num: 27 finish: 1473411119 740186058 start: 1473411118 105734927
t_num: 21 finish: 1473411119 753822674 start: 1473411119 91178293
t_num: 22 finish: 1473411119 798535758 start: 1473411117 444381741
t_num: 0 finish: 1473411119 824458272 start: 1473411117 680874393
t_num: 8 finish: 1473411119 824469641 start: 1473411119 53440684
t_num: 11 finish: 1473411119 973307177 start: 1473411118 719796845
t_num: 25 finish: 1473411120 6322773 start: 1473411118 183306904
t_num: 12 finish: 1473411120 355985491 start: 1473411118 88041035
t_num: 26 finish: 1473411120 377307140 start: 1473411118 754756733
t_num: 4 finish: 1473411120 644321915 start: 1473411119 705962334
t_num: 10 finish: 1473411120 740388463 start: 1473411118 799561860
t_num: 17 finish: 1473411120 781305530 start: 1473411117 986977310
t_num: 6 finish: 1473411120 782350365 start: 1473411119 104459884
t_num: 3 finish: 1473411120 782417875 start: 1473411119 754922118
t_num: 0 finish: 1473411120 847901587 start: 1473411119 863952147
t_num: 20 finish: 1473411120 868482997 start: 1473411119 100091796
t_num: 29 finish: 1473411120 980492398 start: 1473411119 824552733
t_num: 5 finish: 1473411120 980492387 start: 1473411119 569604954
t_num: 8 finish: 1473411120 980558725 start: 1473411119 824571938
t_num: 9 finish: 1473411121 67613049 start: 1473411119 382130195
t_num: 25 finish: 1473411121 222232528 start: 1473411120 6360231
t_num: 18 finish: 1473411121 514256402 start: 1473411119 555706544
t_num: 16 finish: 1473411122 269995321 start: 1473411119 664309565
t_num: 10 finish: 1473411122 521760614 start: 1473411120 740426179
t_num: 17 finish: 1473411122 636811787 start: 1473411120 781342544
t_num: 0 finish: 1473411122 680322130 start: 1473411120 847933850
t_num: 6 finish: 1473411122 723208463 start: 1473411120 782371126
t_num: 7 finish: 1473411122 911648709 start: 1473411120 531359801
t_num: 25 finish: 1473411122 936512983 start: 1473411121 336942947
t_num: 5 finish: 1473411123 10496959 start: 1473411120 980595825
t_num: 15 finish: 1473411123 205724676 start: 1473411120 980575089
t_num: 27 finish: 1473411123 345062084 start: 1473411121 372067363
t_num: 12 finish: 1473411123 513972853 start: 1473411120 356030939
t_num: 9 finish: 1473411123 739570005 start: 1473411122 524743076
t_num: 11 finish: 1473411124 157177925 start: 1473411122 188781114
t_num: 25 finish: 1473411124 280421881 start: 1473411122 936540466
t_num: 29 finish: 1473411124 280630996 start: 1473411120 980537237
t_num: 10 finish: 1473411124 340178628 start: 1473411122 521812880
t_num: 8 finish: 1473411124 340294829 start: 1473411122 524549134
t_num: 19 finish: 1473411124 340659844 start: 1473411121 336938939
t_num: 1 finish: 1473411124 487177667 start: 1473411123 15408497
t_num: 24 finish: 1473411125 126984707 start: 1473411122 827127722
t_num: 6 finish: 1473411125 127213070 start: 1473411123 513141288
t_num: 5 finish: 1473411125 191515155 start: 1473411123 10522203
t_num: 0 finish: 1473411125 304283208 start: 1473411122 680371508
t_num: 25 finish: 1473411125 681456315 start: 1473411124 280454561
t_num: 2 finish: 1473411125 730331094 start: 1473411123 922442833
t_num: 7 finish: 1473411125 887318135 start: 1473411122 911684563
t_num: 1 finish: 1473411125 887380485 start: 1473411124 487209106
t_num: 12 finish: 1473411125 996852318 start: 1473411123 513997494
t_num: 10 finish: 1473411126 41467635 start: 1473411125 127986868
t_num: 4 finish: 1473411126 104647937 start: 1473411123 432253357
t_num: 28 finish: 1473411126 146539923 start: 1473411124 765838190
t_num: 29 finish: 1473411126 434531044 start: 1473411124 280668629
t_num: 21 finish: 1473411126 435191206 start: 1473411124 437603476
t_num: 20 finish: 1473411126 754825280 start: 1473411124 340413787
t_num: 24 finish: 1473411126 754825270 start: 1473411125 127012687
t_num: 6 finish: 1473411127 28473791 start: 1473411126 3182814
t_num: 5 finish: 1473411127 323065094 start: 1473411125 620779404
t_num: 15 finish: 1473411127 399513103 start: 1473411125 730704463
t_num: 19 finish: 1473411127 566337322 start: 1473411125 730432303
t_num: 2 finish: 1473411127 567379673 start: 1473411125 730378854
t_num: 27 finish: 1473411127 594754569 start: 1473411125 606066431
t_num: 10 finish: 1473411127 702540998 start: 1473411126 498417278
t_num: 30 finish: 1473411127 769314931 start: 1473411125 956153625
t_num: 16 finish: 1473411127 769361943 start: 1473411125 617786098
t_num: 13 finish: 1473411127 804742766 start: 1473411125 866226446
t_num: 25 finish: 1473411127 851225410 start: 1473411125 681504163
t_num: 29 finish: 1473411128 247908338 start: 1473411126 434571055
t_num: 4 finish: 1473411128 266641816 start: 1473411126 104681821
t_num: 11 finish: 1473411128 510891813 start: 1473411125 935275534
t_num: 21 finish: 1473411128 639936514 start: 1473411126 435212220
t_num: 5 finish: 1473411128 676328526 start: 1473411127 323131496
t_num: 12 finish: 1473411128 803979087 start: 1473411126 331367427
t_num: 1 finish: 1473411129 112192805 start: 1473411125 887400000
t_num: 27 finish: 1473411129 112961164 start: 1473411127 594798605
t_num: 16 finish: 1473411129 596116142 start: 1473411127 769378531
t_num: 28 finish: 1473411129 629446249 start: 1473411127 323090613
t_num: 17 finish: 1473411129 644602597 start: 1473411127 769319883
t_num: 9 finish: 1473411129 644620612 start: 1473411127 544219939
t_num: 30 finish: 1473411129 802697710 start: 1473411127 769338878
t_num: 15 finish: 1473411129 898007653 start: 1473411127 399554246
t_num: 21 finish: 1473411129 898762756 start: 1473411128 639972382
t_num: 25 finish: 1473411129 911395542 start: 1473411128 259334535
t_num: 24 finish: 1473411130 198425087 start: 1473411128 121143231
t_num: 22 finish: 1473411130 244075330 start: 1473411127 649994899
t_num: 7 finish: 1473411130 324304760 start: 1473411128 291634625
t_num: 2 finish: 1473411130 486869457 start: 1473411129 167176278
t_num: 13 finish: 1473411130 486878803 start: 1473411127 804788509
t_num: 29 finish: 1473411130 565442478 start: 1473411129 88732453
t_num: 0 finish: 1473411130 668343387 start: 1473411128 549132330
t_num: 20 finish: 1473411130 821639265 start: 1473411129 89308224
t_num: 1 finish: 1473411130 883403913 start: 1473411129 112225572
t_num: 25 finish: 1473411131 15159518 start: 1473411129 911412209
t_num: 17 finish: 1473411131 49283418 start: 1473411129 972566432
t_num: 12 finish: 1473411131 235321303 start: 1473411129 898537974
t_num: 19 finish: 1473411131 318773444 start: 1473411129 333934569
t_num: 16 finish: 1473411131 399821359 start: 1473411129 874697120
t_num: 28 finish: 1473411131 445651842 start: 1473411130 159888139
t_num: 5 finish: 1473411131 479237727 start: 1473411130 284108127
t_num: 9 finish: 1473411131 562414378 start: 1473411129 644765064
t_num: 14 finish: 1473411131 884178796 start: 1473411129 845972755
t_num: 1 finish: 1473411132 199827112 start: 1473411130 883458173
t_num: 15 finish: 1473411132 306320166 start: 1473411130 244055342
t_num: 16 finish: 1473411132 306583319 start: 1473411131 399911925
t_num: 4 finish: 1473411132 323332862 start: 1473411130 244030627
t_num: 25 finish: 1473411132 347683770 start: 1473411131 15213120
t_num: 20 finish: 1473411132 391258614 start: 1473411131 479387365
t_num: 29 finish: 1473411132 960899245 start: 1473411130 565463921
t_num: 7 finish: 1473411133 27909374 start: 1473411132 180667082
t_num: 24 finish: 1473411133 117475559 start: 1473411130 893589308
t_num: 12 finish: 1473411133 124903861 start: 1473411131 235361298
t_num: 14 finish: 1473411133 142995061 start: 1473411131 884208465
t_num: 13 finish: 1473411133 194882961 start: 1473411130 668389331
t_num: 0 finish: 1473411133 335288593 start: 1473411130 668367619
t_num: 9 finish: 1473411133 485030864 start: 1473411132 180948460
t_num: 6 finish: 1473411133 485188505 start: 1473411132 86127798
t_num: 4 finish: 1473411133 486866064 start: 1473411132 323355544
t_num: 5 finish: 1473411133 496990506 start: 1473411132 153723005
t_num: 1 finish: 1473411133 559017951 start: 1473411132 199851147
t_num: 30 finish: 1473411133 595537504 start: 1473411130 785754350
t_num: 25 finish: 1473411133 603714113 start: 1473411132 347704649
t_num: 26 finish: 1473411133 660324813 start: 1473411132 914751845
t_num: 0 finish: 1473411134 83579553 start: 1473411133 335318549
t_num: 24 finish: 1473411134 564382321 start: 1473411133 117502518
t_num: 14 finish: 1473411134 639020597 start: 1473411133 143015384
t_num: 3 finish: 1473411134 750069903 start: 1473411132 470024052
t_num: 9 finish: 1473411134 803767065 start: 1473411133 485063194
t_num: 20 finish: 1473411135 32879825 start: 1473411133 340993740
t_num: 7 finish: 1473411135 76241131 start: 1473411133 489465022
t_num: 1 finish: 1473411135 141842749 start: 1473411133 559040030
t_num: 2 finish: 1473411135 291981618 start: 1473411133 420481477
t_num: 13 finish: 1473411135 536528764 start: 1473411133 555962244
t_num: 5 finish: 1473411135 555595947 start: 1473411133 497030281
t_num: 26 finish: 1473411135 597628142 start: 1473411133 660346123
t_num: 0 finish: 1473411135 597698389 start: 1473411134 83614097
t_num: 29 finish: 1473411135 598444022 start: 1473411133 766095483
t_num: 3 finish: 1473411135 770270760 start: 1473411134 750099158
t_num: 28 finish: 1473411135 988633264 start: 1473411134 322372400
t_num: 9 finish: 1473411136 82594212 start: 1473411134 803794845
t_num: 7 finish: 1473411136 248871853 start: 1473411135 76265743
t_num: 19 finish: 1473411136 394124791 start: 1473411134 683984246
t_num: 25 finish: 1473411136 450739090 start: 1473411134 587980768
t_num: 14 finish: 1473411136 559409833 start: 1473411134 639051547
t_num: 1 finish: 1473411136 740568547 start: 1473411135 141868076
t_num: 5 finish: 1473411137 371030422 start: 1473411135 555619057
t_num: 0 finish: 1473411138 67187074 start: 1473411135 597728726
t_num: 29 finish: 1473411138 87744342 start: 1473411135 937392529
t_num: 8 finish: 1473411138 436000264 start: 1473411136 679127156
t_num: 20 finish: 1473411138 489097303 start: 1473411136 558994962
t_num: 13 finish: 1473411138 489290732 start: 1473411135 536574192
t_num: 7 finish: 1473411138 782498973 start: 1473411137 345238523
t_num: 24 finish: 1473411138 859784063 start: 1473411135 691904621
t_num: 31 finish: 1473411139 101554673 start: 1473411137 312601619
t_num: 11 finish: 1473411139 145771779 start: 1473411135 770231556
t_num: 21 finish: 1473411139 210347956 start: 1473411136 518919448
t_num: 28 finish: 1473411139 210475631 start: 1473411135 988677891
t_num: 10 finish: 1473411139 210581221 start: 1473411138 87845389
t_num: 16 finish: 1473411139 267129026 start: 1473411135 644409988
t_num: 2 finish: 1473411139 278480126 start: 1473411137 345251717
t_num: 9 finish: 1473411139 278939635 start: 1473411136 82633931
t_num: 0 finish: 1473411139 462785077 start: 1473411138 67229124
t_num: 25 finish: 1473411139 703877141 start: 1473411136 806312942
t_num: 26 finish: 1473411139 705967293 start: 1473411136 558908980
t_num: 6 finish: 1473411140 444135223 start: 1473411138 141882691
t_num: 9 finish: 1473411141 83627652 start: 1473411139 278959978
t_num: 31 finish: 1473411141 114050186 start: 1473411139 912383907
t_num: 7 finish: 1473411141 114082258 start: 1473411138 782559681
t_num: 5 finish: 1473411141 114050170 start: 1473411138 555153073
t_num: 11 finish: 1473411141 248468169 start: 1473411140 117837858
t_num: 21 finish: 1473411141 248517163 start: 1473411139 210376877
t_num: 10 finish: 1473411141 487610054 start: 1473411139 210599910
t_num: 24 finish: 1473411141 542009861 start: 1473411138 859824815
t_num: 17 finish: 1473411141 751198071 start: 1473411139 498618871
t_num: 20 finish: 1473411141 822990576 start: 1473411140 911363937
t_num: 22 finish: 1473411142 57614264 start: 1473411140 435670111
t_num: 31 finish: 1473411142 58051068 start: 1473411141 114085664
t_num: 29 finish: 1473411142 425809782 start: 1473411139 912413914
t_num: 16 finish: 1473411142 463498488 start: 1473411139 387603532
t_num: 13 finish: 1473411142 494900403 start: 1473411139 387616539
t_num: 27 finish: 1473411142 494987150 start: 1473411139 912393454
t_num: 10 finish: 1473411142 501597929 start: 1473411141 487640594
t_num: 25 finish: 1473411142 558822181 start: 1473411140 914243493
t_num: 23 finish: 1473411142 732787852 start: 1473411140 531224298
t_num: 18 finish: 1473411142 967152857 start: 1473411141 49417367
t_num: 21 finish: 1473411143 153522182 start: 1473411141 248536539
t_num: 15 finish: 1473411143 302184535 start: 1473411141 395149340
t_num: 17 finish: 1473411143 641712649 start: 1473411141 751242912
t_num: 30 finish: 1473411143 891768292 start: 1473411142 377584785
t_num: 0 finish: 1473411143 932001191 start: 1473411141 230092207
t_num: 16 finish: 1473411144 58954895 start: 1473411142 463522369
t_num: 29 finish: 1473411144 206411270 start: 1473411142 425830289
t_num: 13 finish: 1473411144 328425290 start: 1473411142 494924813
t_num: 27 finish: 1473411144 456999458 start: 1473411142 495005978
t_num: 7 finish: 1473411144 477015794 start: 1473411142 56327586
t_num: 5 finish: 1473411144 477021276 start: 1473411142 425818131
t_num: 24 finish: 1473411144 528281802 start: 1473411142 56540995
t_num: 23 finish: 1473411144 910946499 start: 1473411142 732810836
t_num: 31 finish: 1473411145 514228023 start: 1473411142 647698590
t_num: 20 finish: 1473411145 544253585 start: 1473411141 823026813
t_num: 27 finish: 1473411146 442899688 start: 1473411144 457046542
t_num: 0 finish: 1473411146 541047174 start: 1473411144 457061510
t_num: 10 finish: 1473411146 557298524 start: 1473411143 952457792
t_num: 14 finish: 1473411146 698054670 start: 1473411144 910973495
t_num: 15 finish: 1473411146 920086825 start: 1473411143 302224906
t_num: 17 finish: 1473411146 962780508 start: 1473411143 641744767
t_num: 8 finish: 1473411147 241639264 start: 1473411144 742986875
t_num: 29 finish: 1473411147 271278940 start: 1473411144 821902010
t_num: 25 finish: 1473411147 348267727 start: 1473411144 738653500
t_num: 0 finish: 1473411147 558020018 start: 1473411146 541081559
t_num: 12 finish: 1473411147 559597256 start: 1473411145 311045221
t_num: 7 finish: 1473411147 559823622 start: 1473411144 477046133
t_num: 31 finish: 1473411147 559849925 start: 1473411146 99528651
t_num: 24 finish: 1473411147 680881832 start: 1473411144 528308064
t_num: 30 finish: 1473411147 680885290 start: 1473411143 891802846
t_num: 5 finish: 1473411147 923822388 start: 1473411144 477082219
t_num: 19 finish: 1473411148 215519544 start: 1473411146 939758709
t_num: 1 finish: 1473411148 553544361 start: 1473411146 38862752
t_num: 13 finish: 1473411148 580883000 start: 1473411146 644605179
t_num: 29 finish: 1473411148 772920845 start: 1473411147 271302759
t_num: 10 finish: 1473411148 945477887 start: 1473411146 557332953
t_num: 4 finish: 1473411148 945707458 start: 1473411146 35334984
t_num: 20 finish: 1473411148 955473789 start: 1473411147 376154663
t_num: 3 finish: 1473411148 955511702 start: 1473411145 931086402
t_num: 25 finish: 1473411148 977789671 start: 1473411147 348302701
t_num: 7 finish: 1473411149 89616476 start: 1473411148 103610040
t_num: 30 finish: 1473411149 236230824 start: 1473411147 680961746
t_num: 0 finish: 1473411149 538654642 start: 1473411147 558056631
t_num: 17 finish: 1473411149 664531814 start: 1473411146 962828362
t_num: 23 finish: 1473411149 731619749 start: 1473411147 726388716
t_num: 4 finish: 1473411150 184014202 start: 1473411148 945742835
t_num: 28 finish: 1473411150 184030187 start: 1473411148 555845008
t_num: 27 finish: 1473411150 184105825 start: 1473411148 210911369
t_num: 10 finish: 1473411150 544212546 start: 1473411148 945507812
t_num: 31 finish: 1473411151 106857420 start: 1473411148 955415051
t_num: 13 finish: 1473411151 611523238 start: 1473411148 580900072
t_num: 0 finish: 1473411151 611567751 start: 1473411149 538676999
t_num: 27 finish: 1473411151 611840820 start: 1473411150 184132771
t_num: 9 finish: 1473411151 831779678 start: 1473411150 153151712
t_num: 4 finish: 1473411152 253354 start: 1473411150 184068705
t_num: 3 finish: 1473411152 256327 start: 1473411149 612819804
t_num: 23 finish: 1473411152 1032976 start: 1473411149 731652985
t_num: 18 finish: 1473411152 244963591 start: 1473411149 536784431
t_num: 5 finish: 1473411152 253280129 start: 1473411149 275937558
t_num: 1 finish: 1473411152 253412510 start: 1473411149 480149347
t_num: 28 finish: 1473411152 495512368 start: 1473411150 914413050
t_num: 16 finish: 1473411152 822500998 start: 1473411151 611693657
t_num: 25 finish: 1473411152 856058180 start: 1473411148 977831780
t_num: 20 finish: 1473411152 894628546 start: 1473411148 955494515
t_num: 26 finish: 1473411152 939697536 start: 1473411151 942368144
t_num: 15 finish: 1473411152 972259479 start: 1473411150 914434299
t_num: 19 finish: 1473411153 40842093 start: 1473411150 984785575
t_num: 9 finish: 1473411153 275293172 start: 1473411151 831818916
t_num: 0 finish: 1473411153 431509669 start: 1473411151 611586300
t_num: 4 finish: 1473411153 487739984 start: 1473411152 284167
t_num: 13 finish: 1473411153 488439135 start: 1473411152 250942107
t_num: 12 finish: 1473411153 768372577 start: 1473411152 781747458
t_num: 7 finish: 1473411153 812455294 start: 1473411151 25154158
t_num: 31 finish: 1473411153 818594855 start: 1473411151 106890802
t_num: 22 finish: 1473411153 845268402 start: 1473411151 790435983
t_num: 1 finish: 1473411153 845369191 start: 1473411152 253430714
t_num: 10 finish: 1473411153 916291362 start: 1473411151 479405501
t_num: 23 finish: 1473411154 14326146 start: 1473411152 894654735
t_num: 19 finish: 1473411154 139416140 start: 1473411153 40885491
t_num: 27 finish: 1473411154 318648478 start: 1473411152 95191996
t_num: 6 finish: 1473411154 618307435 start: 1473411152 828244334
t_num: 20 finish: 1473411154 685003411 start: 1473411152 894694896
t_num: 28 finish: 1473411154 685004642 start: 1473411153 334897436
t_num: 19 finish: 1473411154 874681884 start: 1473411154 139449544
t_num: 31 finish: 1473411155 552585596 start: 1473411153 818616750
t_num: 5 finish: 1473411155 664713030 start: 1473411153 334841474
t_num: 26 finish: 1473411155 682055228 start: 1473411152 939720695
t_num: 4 finish: 1473411155 682770897 start: 1473411153 487764033
t_num: 1 finish: 1473411155 720351166 start: 1473411154 416899212
t_num: 9 finish: 1473411156 5229088 start: 1473411154 317558315
t_num: 13 finish: 1473411156 127568052 start: 1473411154 417110849
t_num: 8 finish: 1473411156 210298718 start: 1473411154 836438157
t_num: 3 finish: 1473411156 231517034 start: 1473411154 784913513
t_num: 10 finish: 1473411156 398046323 start: 1473411154 417165211
t_num: 11 finish: 1473411156 421810684 start: 1473411155 193462110
t_num: 12 finish: 1473411156 421816081 start: 1473411153 768401803
t_num: 4 finish: 1473411156 542608522 start: 1473411155 682790296
t_num: 27 finish: 1473411156 904717064 start: 1473411154 318675424
t_num: 19 finish: 1473411156 965571879 start: 1473411155 459228161
t_num: 28 finish: 1473411156 996233223 start: 1473411154 685064892
t_num: 0 finish: 1473411156 996240103 start: 1473411154 414639115
t_num: 17 finish: 1473411157 78940906 start: 1473411155 694404518
t_num: 7 finish: 1473411157 109663711 start: 1473411155 477565630
t_num: 13 finish: 1473411157 145996625 start: 1473411156 127626862
t_num: 4 finish: 1473411157 561886085 start: 1473411156 542682360
t_num: 31 finish: 1473411157 562205183 start: 1473411156 210350091
t_num: 9 finish: 1473411157 674048199 start: 1473411156 5265706
t_num: 10 finish: 1473411157 788166321 start: 1473411156 398110188
t_num: 20 finish: 1473411158 292274302 start: 1473411156 165306167
t_num: 28 finish: 1473411158 375595775 start: 1473411156 996257219
t_num: 21 finish: 1473411158 394204611 start: 1473411156 195445828
t_num: 10 finish: 1473411158 394901715 start: 1473411157 788196397
t_num: 0 finish: 1473411158 519718531 start: 1473411156 996296454
t_num: 19 finish: 1473411158 604951023 start: 1473411156 965605232
t_num: 22 finish: 1473411158 605502961 start: 1473411156 905316913
t_num: 3 finish: 1473411158 898132275 start: 1473411157 562152486
t_num: 15 finish: 1473411159 65801081 start: 1473411157 258272327
t_num: 4 finish: 1473411159 65865445 start: 1473411157 561929524
t_num: 30 finish: 1473411159 603500724 start: 1473411157 843324558
t_num: 28 finish: 1473411159 696389116 start: 1473411158 375639414
t_num: 0 finish: 1473411160 58136895 start: 1473411158 519753272
t_num: 21 finish: 1473411160 71860118 start: 1473411158 394246672
t_num: 31 finish: 1473411160 166948542 start: 1473411157 562224494
t_num: 8 finish: 1473411160 319122424 start: 1473411158 67796277
t_num: 26 finish: 1473411160 320242383 start: 1473411158 772065014
t_num: 10 finish: 1473411160 671488967 start: 1473411158 394931985
t_num: 3 finish: 1473411161 648545724 start: 1473411159 888489626
t_num: 29 finish: 1473411161 748884759 start: 1473411159 360697768
t_num: 5 finish: 1473411161 748901083 start: 1473411159 787520797
t_num: 11 finish: 1473411161 897895362 start: 1473411158 607414902
t_num: 24 finish: 1473411162 130140719 start: 1473411158 954749939
t_num: 4 finish: 1473411162 130866485 start: 1473411160 41710658
t_num: 28 finish: 1473411162 198209920 start: 1473411160 71575960
t_num: 6 finish: 1473411162 199274922 start: 1473411158 874803749
t_num: 2 finish: 1473411162 259453426 start: 1473411159 587118818
t_num: 0 finish: 1473411162 727335192 start: 1473411160 233987730
t_num: 20 finish: 1473411163 249082142 start: 1473411161 702054273
t_num: 18 finish: 1473411163 338452963 start: 1473411161 552952158
t_num: 26 finish: 1473411163 383024581 start: 1473411160 320263410
t_num: 13 finish: 1473411163 418763548 start: 1473411160 72979574
t_num: 27 finish: 1473411163 477821004 start: 1473411160 108943127
t_num: 19 finish: 1473411163 663624779 start: 1473411160 949771544
t_num: 10 finish: 1473411163 766402499 start: 1473411162 155030945
t_num: 14 finish: 1473411163 888326512 start: 1473411160 709146918
t_num: 3 finish: 1473411163 888974146 start: 1473411161 648596923
t_num: 21 finish: 1473411164 47589673 start: 1473411161 552945859
t_num: 11 finish: 1473411164 48240218 start: 1473411162 169327617
t_num: 28 finish: 1473411164 480319454 start: 1473411162 198234961
t_num: 31 finish: 1473411164 977036408 start: 1473411162 749062379
t_num: 16 finish: 1473411165 85002885 start: 1473411162 236479070
t_num: 29 finish: 1473411165 86240339 start: 1473411161 748937126
t_num: 20 finish: 1473411165 182254467 start: 1473411163 249125701
t_num: 14 finish: 1473411165 182750288 start: 1473411163 888349490
t_num: 25 finish: 1473411165 182939071 start: 1473411161 370220541
t_num: 23 finish: 1473411165 226195364 start: 1473411162 616184517
t_num: 15 finish: 1473411165 226278902 start: 1473411163 309933931
t_num: 2 finish: 1473411165 243409031 start: 1473411162 259476053
t_num: 24 finish: 1473411165 280384029 start: 1473411162 130162836
t_num: 13 finish: 1473411165 824485218 start: 1473411163 418793291
t_num: 27 finish: 1473411165 939154024 start: 1473411165 86206921
t_num: 3 finish: 1473411166 6858693 start: 1473411163 888989730
t_num: 31 finish: 1473411166 74911528 start: 1473411164 977083107
t_num: 28 finish: 1473411166 74911531 start: 1473411164 480344084
t_num: 1 finish: 1473411166 124189343 start: 1473411163 886436836
t_num: 21 finish: 1473411166 605879140 start: 1473411164 480122132
t_num: 30 finish: 1473411166 732149503 start: 1473411163 721928851
t_num: 0 finish: 1473411167 60652981 start: 1473411163 820931328
t_num: 16 finish: 1473411167 117450875 start: 1473411165 85047115
t_num: 15 finish: 1473411167 210183554 start: 1473411165 226314052
t_num: 24 finish: 1473411167 379759465 start: 1473411165 280435321
t_num: 13 finish: 1473411167 463796550 start: 1473411165 824543087
t_num: 11 finish: 1473411167 596812884 start: 1473411165 780809603
t_num: 26 finish: 1473411167 857207627 start: 1473411165 412296518
t_num: 2 finish: 1473411167 980064192 start: 1473411165 243430869
t_num: 29 finish: 1473411168 62921178 start: 1473411165 280413424
t_num: 14 finish: 1473411168 238848690 start: 1473411165 182773631
t_num: 1 finish: 1473411168 294056254 start: 1473411166 124228840
t_num: 3 finish: 1473411168 433925935 start: 1473411166 555781730
t_num: 23 finish: 1473411168 475221909 start: 1473411167 138632769
t_num: 28 finish: 1473411168 476118767 start: 1473411166 706162357
t_num: 30 finish: 1473411168 539409206 start: 1473411166 732176001
t_num: 21 finish: 1473411168 772577140 start: 1473411166 605926841
t_num: 27 finish: 1473411168 804785514 start: 1473411166 907637984
t_num: 7 finish: 1473411169 164444829 start: 1473411165 824524421
t_num: 13 finish: 1473411169 176719323 start: 1473411167 463824532
t_num: 26 finish: 1473411169 250369301 start: 1473411167 857246971
t_num: 15 finish: 1473411169 251035553 start: 1473411167 210212125
t_num: 18 finish: 1473411169 331169159 start: 1473411168 377692898
t_num: 5 finish: 1473411169 491181296 start: 1473411166 945533483
t_num: 20 finish: 1473411169 629659805 start: 1473411168 293983198
t_num: 3 finish: 1473411169 964280970 start: 1473411168 433958977
t_num: 30 finish: 1473411169 965089180 start: 1473411168 539453637
t_num: 22 finish: 1473411170 150082236 start: 1473411168 803463759
t_num: 11 finish: 1473411170 307967315 start: 1473411168 666561339
t_num: 0 finish: 1473411170 461458348 start: 1473411167 723672387
t_num: 2 finish: 1473411170 613428936 start: 1473411167 980091930
t_num: 31 finish: 1473411170 741571412 start: 1473411167 876028372
t_num: 23 finish: 1473411170 774211040 start: 1473411168 777444388
t_num: 5 finish: 1473411170 835592893 start: 1473411169 491203615
t_num: 16 finish: 1473411170 881093640 start: 1473411168 480637817
t_num: 4 finish: 1473411170 881166482 start: 1473411169 98616531
t_num: 13 finish: 1473411170 883758065 start: 1473411169 685278062
t_num: 14 finish: 1473411171 208812367 start: 1473411169 125886589
t_num: 26 finish: 1473411171 213831228 start: 1473411169 250398577
t_num: 30 finish: 1473411171 289762814 start: 1473411169 965118207
t_num: 29 finish: 1473411171 411938344 start: 1473411168 819355831
t_num: 27 finish: 1473411171 658996103 start: 1473411169 927305273
t_num: 25 finish: 1473411171 830429426 start: 1473411171 205819736
t_num: 24 finish: 1473411171 871405998 start: 1473411170 362127303
t_num: 6 finish: 1473411171 894408466 start: 1473411171 13171802
t_num: 23 finish: 1473411171 927664703 start: 1473411170 774235067
t_num: 16 finish: 1473411172 448934966 start: 1473411170 881121320
t_num: 3 finish: 1473411172 448943817 start: 1473411169 964329346
t_num: 20 finish: 1473411172 497254328 start: 1473411169 629722109
t_num: 2 finish: 1473411172 548090820 start: 1473411170 613454557
t_num: 30 finish: 1473411172 659473463 start: 1473411171 289791765
t_num: 15 finish: 1473411172 711767812 start: 1473411170 151465001
t_num: 7 finish: 1473411172 939822102 start: 1473411171 51203426
t_num: 0 finish: 1473411173 26067272 start: 1473411170 787407576
t_num: 5 finish: 1473411173 302648870 start: 1473411170 835630198
t_num: 18 finish: 1473411173 696749121 start: 1473411170 613373639
t_num: 12 finish: 1473411173 732002531 start: 1473411171 24007737
t_num: 6 finish: 1473411173 766375840 start: 1473411171 894425193
t_num: 27 finish: 1473411174 346749132 start: 1473411171 659031141
t_num: 23 finish: 1473411174 789920153 start: 1473411171 927683068
t_num: 30 finish: 1473411174 819029403 start: 1473411172 659518707
t_num: 25 finish: 1473411174 828369661 start: 1473411171 830464587
t_num: 3 finish: 1473411174 828507962 start: 1473411173 690607497
t_num: 14 finish: 1473411174 925578262 start: 1473411172 627241131
t_num: 24 finish: 1473411175 54361185 start: 1473411171 986442485
t_num: 7 finish: 1473411175 143084217 start: 1473411172 939857652
t_num: 31 finish: 1473411175 193105752 start: 1473411173 373429914
t_num: 15 finish: 1473411175 202844014 start: 1473411172 711844739
t_num: 22 finish: 1473411175 264506025 start: 1473411173 371483070
t_num: 16 finish: 1473411175 326673930 start: 1473411174 202326287
t_num: 5 finish: 1473411175 363032886 start: 1473411173 302709548
t_num: 29 finish: 1473411175 633828297 start: 1473411173 731814737
t_num: 30 finish: 1473411175 704338270 start: 1473411174 819055150
t_num: 19 finish: 1473411175 988175731 start: 1473411173 567227087
t_num: 28 finish: 1473411176 14533898 start: 1473411173 869504397
t_num: 12 finish: 1473411176 70100066 start: 1473411173 732045498
t_num: 9 finish: 1473411176 302070317 start: 1473411174 342561780
t_num: 6 finish: 1473411176 362638572 start: 1473411173 766401076
t_num: 13 finish: 1473411176 414439901 start: 1473411174 790547298
t_num: 24 finish: 1473411176 511222648 start: 1473411175 54391222
t_num: 25 finish: 1473411176 729599611 start: 1473411174 828389757
t_num: 20 finish: 1473411176 822945386 start: 1473411176 75792517
t_num: 14 finish: 1473411176 950964652 start: 1473411174 925598909
t_num: 30 finish: 1473411177 520629078 start: 1473411175 704396843
t_num: 5 finish: 1473411177 545844972 start: 1473411176 304637069
t_num: 26 finish: 1473411177 801059204 start: 1473411176 14611418
t_num: 25 finish: 1473411178 44184266 start: 1473411176 729642034
t_num: 19 finish: 1473411178 109837029 start: 1473411175 988221965
t_num: 12 finish: 1473411178 296447883 start: 1473411176 70135169
t_num: 15 finish: 1473411178 297757728 start: 1473411175 952699919
t_num: 17 finish: 1473411178 307990010 start: 1473411175 263902145
t_num: 21 finish: 1473411178 532927211 start: 1473411177 239716286
t_num: 28 finish: 1473411178 625072682 start: 1473411176 14557282
t_num: 26 finish: 1473411178 683845777 start: 1473411177 801085604
t_num: 3 finish: 1473411178 780367992 start: 1473411176 913039073
t_num: 31 finish: 1473411178 855670300 start: 1473411176 301109852
t_num: 20 finish: 1473411178 979550886 start: 1473411176 822993040
t_num: 29 finish: 1473411179 421968247 start: 1473411177 585335098
t_num: 0 finish: 1473411179 844931712 start: 1473411178 398358948
t_num: 5 finish: 1473411180 31757218 start: 1473411177 545875433
t_num: 1 finish: 1473411180 128378178 start: 1473411178 85921471
t_num: 14 finish: 1473411180 202852409 start: 1473411176 950995291
t_num: 25 finish: 1473411180 487892351 start: 1473411178 44214901
t_num: 30 finish: 1473411180 531225364 start: 1473411178 736917114
t_num: 28 finish: 1473411180 586122574 start: 1473411178 625099815
t_num: 12 finish: 1473411180 586165804 start: 1473411178 296490474
t_num: 21 finish: 1473411180 720314624 start: 1473411178 860334288
t_num: 20 finish: 1473411180 865637159 start: 1473411179 457492819
t_num: 31 finish: 1473411181 379880797 start: 1473411178 855708298
t_num: 10 finish: 1473411181 396469352 start: 1473411178 412046455
t_num: 15 finish: 1473411181 423066887 start: 1473411178 629190923
t_num: 17 finish: 1473411181 515299368 start: 1473411178 412965634
t_num: 14 finish: 1473411181 515760546 start: 1473411180 202883350
t_num: 26 finish: 1473411181 876790499 start: 1473411178 683872505
t_num: 16 finish: 1473411181 955332521 start: 1473411179 624112148
t_num: 5 finish: 1473411182 193482227 start: 1473411180 667871640
t_num: 12 finish: 1473411182 242116152 start: 1473411180 586181874
t_num: 19 finish: 1473411182 299713559 start: 1473411180 291253101
t_num: 8 finish: 1473411182 466687027 start: 1473411179 525322993
t_num: 1 finish: 1473411182 572564667 start: 1473411180 128412522
t_num: 25 finish: 1473411182 593268812 start: 1473411180 487935431
t_num: 29 finish: 1473411182 645797771 start: 1473411179 787399165
t_num: 21 finish: 1473411182 715792168 start: 1473411180 720367383
t_num: 30 finish: 1473411182 786159105 start: 1473411180 531248127
t_num: 27 finish: 1473411183 516552337 start: 1473411179 198028206
t_num: 0 finish: 1473411183 713591759 start: 1473411182 124590036
t_num: 15 finish: 1473411183 729869210 start: 1473411181 423101385
t_num: 12 finish: 1473411184 29293866 start: 1473411182 242144643
t_num: 16 finish: 1473411184 108357338 start: 1473411181 955374955
t_num: 13 finish: 1473411184 108357338 start: 1473411182 493551373
t_num: 22 finish: 1473411184 167965117 start: 1473411182 179390048
t_num: 4 finish: 1473411184 168529887 start: 1473411181 927040049
t_num: 1 finish: 1473411184 278095652 start: 1473411182 876726194
t_num: 5 finish: 1473411184 336228255 start: 1473411182 193508772
t_num: 2 finish: 1473411184 336294289 start: 1473411182 490058006
t_num: 25 finish: 1473411184 376777462 start: 1473411182 593306521
t_num: 21 finish: 1473411184 435403898 start: 1473411182 715821244
t_num: 26 finish: 1473411184 534866629 start: 1473411181 876836026
t_num: 7 finish: 1473411184 758473108 start: 1473411180 763154032
t_num: 8 finish: 1473411184 817238534 start: 1473411182 466730412
t_num: 30 finish: 1473411184 887910982 start: 1473411182 786190350
t_num: 15 finish: 1473411184 929654289 start: 1473411183 729891238
t_num: 25 finish: 1473411185 376561082 start: 1473411184 376845007
t_num: 27 finish: 1473411185 437610613 start: 1473411183 975805279
t_num: 24 finish: 1473411185 752683419 start: 1473411183 714305533
t_num: 5 finish: 1473411185 931679591 start: 1473411184 336250920
t_num: 2 finish: 1473411185 932282289 start: 1473411184 336311380
t_num: 10 finish: 1473411186 493817814 start: 1473411183 886428239
t_num: 18 finish: 1473411186 544653242 start: 1473411184 285310014
t_num: 29 finish: 1473411186 545008663 start: 1473411184 726046199
t_num: 4 finish: 1473411186 642829412 start: 1473411184 168556174
t_num: 26 finish: 1473411186 817174124 start: 1473411184 534891053
t_num: 22 finish: 1473411187 855501447 start: 1473411184 496691781
t_num: 10 finish: 1473411187 993294382 start: 1473411186 493857893
t_num: 24 finish: 1473411188 272286471 start: 1473411185 752728901
t_num: 15 finish: 1473411188 343116179 start: 1473411185 902402770
t_num: 0 finish: 1473411188 343891944 start: 1473411185 903124636
t_num: 27 finish: 1473411188 343968367 start: 1473411185 437642204
t_num: 25 finish: 1473411188 344022402 start: 1473411185 376605707
t_num: 30 finish: 1473411188 670427091 start: 1473411184 887962552
t_num: 2 finish: 1473411188 912562254 start: 1473411185 932300859
t_num: 6 finish: 1473411188 949732590 start: 1473411185 792215535
t_num: 7 finish: 1473411188 969635161 start: 1473411185 903519324
t_num: 1 finish: 1473411189 79916996 start: 1473411186 415949577
t_num: 5 finish: 1473411189 250006874 start: 1473411186 642857041
t_num: 22 finish: 1473411189 360504414 start: 1473411188 287539063
t_num: 29 finish: 1473411189 376077565 start: 1473411186 545029688
t_num: 26 finish: 1473411189 407770075 start: 1473411186 817197423
t_num: 10 finish: 1473411189 471619462 start: 1473411187 993344942
t_num: 21 finish: 1473411189 512422169 start: 1473411187 378833197
t_num: 8 finish: 1473411189 640904482 start: 1473411188 396091422
t_num: 17 finish: 1473411189 642314759 start: 1473411188 234853251
t_num: 0 finish: 1473411189 780980542 start: 1473411188 343922137
t_num: 1 finish: 1473411190 89546625 start: 1473411189 79964523
t_num: 18 finish: 1473411190 154512474 start: 1473411188 721064712
t_num: 14 finish: 1473411190 237106377 start: 1473411187 582296128
t_num: 6 finish: 1473411190 294703172 start: 1473411188 949776714
t_num: 20 finish: 1473411190 551466432 start: 1473411188 618084275
t_num: 30 finish: 1473411190 551513925 start: 1473411189 391923888
t_num: 17 finish: 1473411190 567592186 start: 1473411189 642334848
t_num: 21 finish: 1473411191 145913777 start: 1473411189 512440090
t_num: 5 finish: 1473411191 146607728 start: 1473411189 811846950
t_num: 29 finish: 1473411191 192442440 start: 1473411189 876496193
t_num: 26 finish: 1473411191 344056211 start: 1473411189 407809971
t_num: 27 finish: 1473411191 383229929 start: 1473411188 343985980
t_num: 22 finish: 1473411191 548766039 start: 1473411189 360534252
t_num: 25 finish: 1473411191 656148889 start: 1473411189 363564358
t_num: 0 finish: 1473411191 704858057 start: 1473411189 781014313
t_num: 13 finish: 1473411191 760581868 start: 1473411189 471566279
t_num: 1 finish: 1473411191 815424100 start: 1473411190 496053367
t_num: 6 finish: 1473411191 966595993 start: 1473411190 658098158
t_num: 7 finish: 1473411191 967537915 start: 1473411190 835662180
t_num: 31 finish: 1473411192 144724754 start: 1473411191 383232353
t_num: 5 finish: 1473411192 260530980 start: 1473411191 146638046
t_num: 28 finish: 1473411192 308660041 start: 1473411191 694849567
t_num: 23 finish: 1473411192 743474268 start: 1473411190 794568128
t_num: 18 finish: 1473411192 924683084 start: 1473411190 154578586
t_num: 21 finish: 1473411192 924725137 start: 1473411191 547073576
t_num: 17 finish: 1473411192 930891585 start: 1473411191 366995911
t_num: 25 finish: 1473411193 154142421 start: 1473411191 656176187
t_num: 13 finish: 1473411193 315587737 start: 1473411191 760611707
t_num: 3 finish: 1473411193 630979931 start: 1473411191 515577811
t_num: 19 finish: 1473411193 689498931 start: 1473411192 268450253
t_num: 0 finish: 1473411193 689534106 start: 1473411191 704881179
t_num: 22 finish: 1473411193 728531526 start: 1473411191 548795809
t_num: 23 finish: 1473411193 868305210 start: 1473411192 743517225
t_num: 11 finish: 1473411193 932418674 start: 1473411192 22133737
t_num: 29 finish: 1473411194 109156728 start: 1473411193 42921284
t_num: 27 finish: 1473411194 113395408 start: 1473411192 923862486
t_num: 5 finish: 1473411194 293773569 start: 1473411192 260555771
t_num: 26 finish: 1473411194 550161850 start: 1473411192 925562216
t_num: 25 finish: 1473411194 631671194 start: 1473411193 154185470
t_num: 21 finish: 1473411194 646904432 start: 1473411192 924738359
t_num: 31 finish: 1473411194 725599700 start: 1473411192 144769174
t_num: 2 finish: 1473411194 727332233 start: 1473411192 924657923
t_num: 0 finish: 1473411195 32660798 start: 1473411193 689550176
t_num: 28 finish: 1473411195 150829026 start: 1473411192 968941810
t_num: 1 finish: 1473411195 505538803 start: 1473411192 932389390
t_num: 15 finish: 1473411195 614378657 start: 1473411194 24498026
t_num: 17 finish: 1473411195 754923165 start: 1473411194 411811885
t_num: 5 finish: 1473411195 758274280 start: 1473411194 293817099
t_num: 29 finish: 1473411195 804744105 start: 1473411194 109181694
t_num: 20 finish: 1473411196 55920453 start: 1473411193 868482335
t_num: 18 finish: 1473411196 471486819 start: 1473411192 924707873
t_num: 25 finish: 1473411196 881701710 start: 1473411194 631701817
t_num: 13 finish: 1473411196 947006753 start: 1473411194 293109055
t_num: 31 finish: 1473411197 16032548 start: 1473411194 725687264
t_num: 14 finish: 1473411197 599294721 start: 1473411195 569379751
t_num: 2 finish: 1473411197 732073084 start: 1473411195 29898603
t_num: 21 finish: 1473411197 771312698 start: 1473411194 646931366
t_num: 17 finish: 1473411197 879300079 start: 1473411195 754961055
t_num: 24 finish: 1473411197 949951129 start: 1473411195 323073296
t_num: 16 finish: 1473411198 496328837 start: 1473411195 245026687
t_num: 9 finish: 1473411198 536854559 start: 1473411197 133027096
t_num: 19 finish: 1473411198 643093866 start: 1473411195 505488590
t_num: 20 finish: 1473411198 643163729 start: 1473411196 621300682
t_num: 2 finish: 1473411198 703376254 start: 1473411197 732119208
t_num: 31 finish: 1473411198 940192824 start: 1473411197 16058729
t_num: 5 finish: 1473411199 29214819 start: 1473411195 758307765
t_num: 18 finish: 1473411199 180301875 start: 1473411196 471526519
t_num: 4 finish: 1473411199 180888749 start: 1473411196 125242950
t_num: 29 finish: 1473411199 272998891 start: 1473411196 392372804
t_num: 25 finish: 1473411199 312703603 start: 1473411196 881745433
t_num: 1 finish: 1473411199 441495285 start: 1473411197 450125285
t_num: 23 finish: 1473411199 450659569 start: 1473411197 16114545
t_num: 27 finish: 1473411199 499362522 start: 1473411196 476346767
t_num: 24 finish: 1473411199 856607404 start: 1473411197 949979177
t_num: 17 finish: 1473411199 920154663 start: 1473411197 879335763
t_num: 7 finish: 1473411199 920779448 start: 1473411197 733782265
t_num: 21 finish: 1473411199 980646397 start: 1473411199 27584485
t_num: 29 finish: 1473411200 3154218 start: 1473411199 273024053
t_num: 15 finish: 1473411200 307601730 start: 1473411198 481485682
t_num: 1 finish: 1473411200 422762358 start: 1473411199 441521929
t_num: 18 finish: 1473411200 864941584 start: 1473411199 180339988
t_num: 20 finish: 1473411200 939612213 start: 1473411199 437290194
t_num: 8 finish: 1473411201 44457104 start: 1473411199 551090459
t_num: 28 finish: 1473411201 104723496 start: 1473411198 618284113
t_num: 19 finish: 1473411201 198228748 start: 1473411199 719409238
t_num: 5 finish: 1473411201 485504968 start: 1473411199 29233838
t_num: 9 finish: 1473411201 889812429 start: 1473411199 719374503
t_num: 16 finish: 1473411201 944947936 start: 1473411199 370971684
t_num: 23 finish: 1473411202 116821541 start: 1473411200 307661047
t_num: 15 finish: 1473411202 430442135 start: 1473411200 307680197
t_num: 22 finish: 1473411202 430468731 start: 1473411201 13978678
t_num: 4 finish: 1473411202 430701774 start: 1473411199 970237084
t_num: 25 finish: 1473411202 522808579 start: 1473411201 13998839
t_num: 24 finish: 1473411202 711996651 start: 1473411199 856632957
t_num: 28 finish: 1473411202 899821174 start: 1473411201 104754821
t_num: 17 finish: 1473411203 14528609 start: 1473411201 623179327
t_num: 31 finish: 1473411203 328116261 start: 1473411199 551077675
t_num: 6 finish: 1473411203 688388245 start: 1473411202 36853158
t_num: 18 finish: 1473411203 893366450 start: 1473411200 864985487
t_num: 20 finish: 1473411203 946952416 start: 1473411201 944967631
t_num: 11 finish: 1473411204 109724632 start: 1473411202 386014271
t_num: 16 finish: 1473411204 111105450 start: 1473411201 945015026
t_num: 21 finish: 1473411204 249000133 start: 1473411199 980669704
t_num: 22 finish: 1473411204 433428362 start: 1473411202 430511269
t_num: 4 finish: 1473411204 433436344 start: 1473411202 430722167
t_num: 17 finish: 1473411204 666911661 start: 1473411203 14579171
t_num: 29 finish: 1473411204 730506428 start: 1473411202 209923028
t_num: 2 finish: 1473411204 834427691 start: 1473411202 384262785
t_num: 10 finish: 1473411204 926983575 start: 1473411202 635760506
t_num: 5 finish: 1473411205 184230770 start: 1473411203 267625675
t_num: 8 finish: 1473411205 207236878 start: 1473411202 389880472
t_num: 24 finish: 1473411205 395572395 start: 1473411202 712026193
t_num: 3 finish: 1473411205 437425528 start: 1473411203 578344672
t_num: 13 finish: 1473411205 570734793 start: 1473411204 405544102
t_num: 9 finish: 1473411205 571230910 start: 1473411202 471144410
t_num: 11 finish: 1473411206 52074012 start: 1473411204 668740565
t_num: 17 finish: 1473411206 629146114 start: 1473411205 280414563
t_num: 10 finish: 1473411206 802262685 start: 1473411204 927014979
t_num: 24 finish: 1473411207 188883955 start: 1473411205 395598985
t_num: 23 finish: 1473411207 256551771 start: 1473411203 734459358
t_num: 9 finish: 1473411207 308380909 start: 1473411205 571250087
t_num: 6 finish: 1473411207 321508539 start: 1473411203 688421921
t_num: 2 finish: 1473411207 420793182 start: 1473411204 834447405
t_num: 1 finish: 1473411207 480080827 start: 1473411204 834410585
t_num: 16 finish: 1473411207 534110621 start: 1473411204 111124078
t_num: 30 finish: 1473411207 534131095 start: 1473411205 849339386
t_num: 5 finish: 1473411207 723290938 start: 1473411205 184274445
t_num: 26 finish: 1473411207 806057042 start: 1473411206 625192289
t_num: 4 finish: 1473411207 807219265 start: 1473411206 688653641
t_num: 18 finish: 1473411207 810924220 start: 1473411206 236376355
t_num: 15 finish: 1473411207 851571007 start: 1473411205 395376744
t_num: 3 finish: 1473411207 929564408 start: 1473411205 437466563
t_num: 20 finish: 1473411208 224715076 start: 1473411206 688892464
t_num: 2 finish: 1473411208 228293201 start: 1473411207 420835423
t_num: 10 finish: 1473411208 572589525 start: 1473411207 149865428
t_num: 6 finish: 1473411208 679903641 start: 1473411207 321534646
t_num: 16 finish: 1473411209 408400183 start: 1473411207 534134559
t_num: 8 finish: 1473411209 452605622 start: 1473411208 525348937
t_num: 29 finish: 1473411209 494605140 start: 1473411206 190596920
t_num: 30 finish: 1473411209 542344871 start: 1473411207 534147843
t_num: 23 finish: 1473411209 610446840 start: 1473411207 256597078
t_num: 11 finish: 1473411209 641204878 start: 1473411207 642876336
t_num: 22 finish: 1473411210 126147863 start: 1473411208 123324136
t_num: 31 finish: 1473411210 152422236 start: 1473411207 20474167
t_num: 21 finish: 1473411210 152435422 start: 1473411207 810937643
t_num: 1 finish: 1473411210 152479098 start: 1473411207 480125538
t_num: 15 finish: 1473411210 241922598 start: 1473411209 144326271
t_num: 29 finish: 1473411210 495805922 start: 1473411209 494633813
t_num: 14 finish: 1473411210 737136667 start: 1473411208 183299798
t_num: 20 finish: 1473411210 871277927 start: 1473411208 224747949
t_num: 2 finish: 1473411210 927043834 start: 1473411208 228316643
t_num: 8 finish: 1473411211 41200203 start: 1473411209 452629227
t_num: 6 finish: 1473411211 41259198 start: 1473411209 496854223
t_num: 0 finish: 1473411211 71406796 start: 1473411208 802441435
t_num: 31 finish: 1473411211 170902230 start: 1473411210 152457645
t_num: 24 finish: 1473411211 326267064 start: 1473411208 972392975
t_num: 10 finish: 1473411211 329198262 start: 1473411209 455632770
t_num: 21 finish: 1473411211 341289377 start: 1473411210 152512099
t_num: 27 finish: 1473411211 431350098 start: 1473411209 697326672
t_num: 29 finish: 1473411211 606004303 start: 1473411210 500107055
t_num: 23 finish: 1473411211 898390531 start: 1473411209 610471396
t_num: 4 finish: 1473411212 15245785 start: 1473411210 513541402
t_num: 21 finish: 1473411212 541106765 start: 1473411211 341310083
t_num: 22 finish: 1473411212 663419456 start: 1473411211 530189088
t_num: 29 finish: 1473411212 748232028 start: 1473411211 606034312
t_num: 13 finish: 1473411212 775122814 start: 1473411211 343848356
t_num: 6 finish: 1473411212 933672874 start: 1473411211 41279237
t_num: 0 finish: 1473411213 295715955 start: 1473411211 71437555
t_num: 7 finish: 1473411213 296464305 start: 1473411211 334755633
t_num: 19 finish: 1473411213 317898667 start: 1473411211 530226910
t_num: 8 finish: 1473411213 403405903 start: 1473411211 869560212
t_num: 2 finish: 1473411213 420104977 start: 1473411210 927078901
t_num: 20 finish: 1473411213 722369465 start: 1473411210 871312101
t_num: 10 finish: 1473411213 816861957 start: 1473411212 347301898
t_num: 11 finish: 1473411213 868064605 start: 1473411212 358143161
t_num: 19 finish: 1473411213 911785877 start: 1473411213 317920727
t_num: 21 finish: 1473411213 925832461 start: 1473411213 193783227
t_num: 4 finish: 1473411214 65346921 start: 1473411212 15278320
t_num: 5 finish: 1473411214 138180405 start: 1473411211 761616064
t_num: 28 finish: 1473411214 247755152 start: 1473411213 215344867
t_num: 27 finish: 1473411214 283825149 start: 1473411213 194025564
t_num: 14 finish: 1473411214 406365145 start: 1473411212 404801643
t_num: 2 finish: 1473411214 456525792 start: 1473411213 420128355
t_num: 19 finish: 1473411214 726715369 start: 1473411213 911812099
t_num: 22 finish: 1473411214 744116280 start: 1473411212 663448083
t_num: 7 finish: 1473411214 921035178 start: 1473411213 296484095
t_num: 24 finish: 1473411215 305627668 start: 1473411212 416822978
t_num: 23 finish: 1473411215 446708946 start: 1473411213 415734200
t_num: 0 finish: 1473411215 505347710 start: 1473411213 295757464
t_num: 15 finish: 1473411215 596723939 start: 1473411214 338090640
t_num: 13 finish: 1473411215 655694984 start: 1473411214 110948425
t_num: 27 finish: 1473411215 835634249 start: 1473411214 283855670
t_num: 4 finish: 1473411215 850697578 start: 1473411214 65376056
t_num: 18 finish: 1473411215 947968967 start: 1473411214 422274227
t_num: 8 finish: 1473411216 25361230 start: 1473411214 921843687
t_num: 28 finish: 1473411216 261179531 start: 1473411214 247793258
t_num: 24 finish: 1473411216 324844378 start: 1473411215 305672889
t_num: 2 finish: 1473411216 373977401 start: 1473411214 639326382
t_num: 5 finish: 1473411216 512974310 start: 1473411215 421775124
t_num: 15 finish: 1473411216 579804367 start: 1473411215 596760000
t_num: 26 finish: 1473411216 776833502 start: 1473411214 639392050
t_num: 25 finish: 1473411216 870939191 start: 1473411215 530469781
t_num: 20 finish: 1473411216 871152682 start: 1473411214 407700571
t_num: 13 finish: 1473411217 13731396 start: 1473411215 655748177
t_num: 10 finish: 1473411217 179715598 start: 1473411214 676202496
t_num: 12 finish: 1473411217 294059760 start: 1473411215 882562589
t_num: 11 finish: 1473411217 423420901 start: 1473411215 850218115
t_num: 18 finish: 1473411217 677635228 start: 1473411215 947993725
t_num: 26 finish: 1473411217 714114389 start: 1473411216 776877125
t_num: 14 finish: 1473411217 788734791 start: 1473411215 731704838
t_num: 0 finish: 1473411217 932180222 start: 1473411215 505369553
t_num: 17 finish: 1473411218 164673594 start: 1473411215 909037995
t_num: 13 finish: 1473411218 241784119 start: 1473411217 13768711
t_num: 19 finish: 1473411218 425769133 start: 1473411214 726747146
t_num: 27 finish: 1473411218 478066610 start: 1473411216 639185705
t_num: 28 finish: 1473411218 538908794 start: 1473411216 261223029
t_num: 26 finish: 1473411218 539326706 start: 1473411217 714133530
t_num: 11 finish: 1473411218 661379153 start: 1473411217 423532023
t_num: 24 finish: 1473411218 854698043 start: 1473411217 160715848
t_num: 0 finish: 1473411218 984302682 start: 1473411217 932217660
t_num: 7 finish: 1473411219 507586362 start: 1473411217 571210763
t_num: 23 finish: 1473411219 801881478 start: 1473411218 64875506
t_num: 1 finish: 1473411219 869445221 start: 1473411218 173455120
t_num: 28 finish: 1473411219 967056718 start: 1473411218 538932260
t_num: 9 finish: 1473411220 119897541 start: 1473411217 701867787
t_num: 18 finish: 1473411220 156900313 start: 1473411217 677677131
t_num: 13 finish: 1473411220 157263121 start: 1473411218 241829552
t_num: 26 finish: 1473411220 227815324 start: 1473411218 539347018
t_num: 21 finish: 1473411220 336390980 start: 1473411218 984411902
t_num: 10 finish: 1473411220 377501987 start: 1473411218 576345268
t_num: 19 finish: 1473411220 425681537 start: 1473411218 425815857
t_num: 12 finish: 1473411220 466695245 start: 1473411218 270987693
t_num: 3 finish: 1473411220 515830658 start: 1473411218 375528260
t_num: 14 finish: 1473411220 646163891 start: 1473411217 788758404
t_num: 2 finish: 1473411220 740945522 start: 1473411219 341230677
t_num: 0 finish: 1473411220 923637440 start: 1473411218 984349925
t_num: 23 finish: 1473411220 966719925 start: 1473411219 801942901
t_num: 7 finish: 1473411221 624397721 start: 1473411219 981112133
t_num: 20 finish: 1473411221 625127466 start: 1473411219 419102299
t_num: 18 finish: 1473411221 780280445 start: 1473411220 156934400
t_num: 19 finish: 1473411221 885839989 start: 1473411220 425710122
t_num: 22 finish: 1473411222 163076604 start: 1473411220 132014027
t_num: 0 finish: 1473411222 258175634 start: 1473411220 923699731
t_num: 28 finish: 1473411222 300782662 start: 1473411219 967088830
t_num: 3 finish: 1473411222 301513071 start: 1473411220 515848818
t_num: 21 finish: 1473411222 362884919 start: 1473411220 336425463
t_num: 27 finish: 1473411222 393733918 start: 1473411220 516041520
t_num: 5 finish: 1473411222 640003804 start: 1473411220 929874341
t_num: 18 finish: 1473411223 58981073 start: 1473411221 780316784
t_num: 13 finish: 1473411223 121909292 start: 1473411222 25866099
t_num: 26 finish: 1473411223 182947662 start: 1473411222 26597838
t_num: 2 finish: 1473411223 183593811 start: 1473411221 797444634
t_num: 7 finish: 1473411223 216031624 start: 1473411221 624425850
t_num: 12 finish: 1473411223 220641677 start: 1473411220 930494568
t_num: 20 finish: 1473411223 604937432 start: 1473411222 111289140
t_num: 24 finish: 1473411223 606154626 start: 1473411221 797453589
t_num: 28 finish: 1473411223 643305347 start: 1473411222 300841605
t_num: 22 finish: 1473411224 244734130 start: 1473411222 163111309
t_num: 0 finish: 1473411224 297642208 start: 1473411222 258216875
t_num: 3 finish: 1473411224 318313272 start: 1473411222 301533852
t_num: 21 finish: 1473411224 350686879 start: 1473411222 558183227
t_num: 25 finish: 1473411224 381710303 start: 1473411222 996185371
t_num: 9 finish: 1473411224 425837977 start: 1473411223 423369988
t_num: 15 finish: 1473411224 614427233 start: 1473411223 578011609
t_num: 27 finish: 1473411224 697337193 start: 1473411223 58128344
t_num: 2 finish: 1473411224 757742927 start: 1473411223 183615306
t_num: 6 finish: 1473411224 806166011 start: 1473411222 970353918
t_num: 5 finish: 1473411225 481119011 start: 1473411222 640043791
t_num: 7 finish: 1473411225 512633805 start: 1473411223 216070920
t_num: 29 finish: 1473411225 519483379 start: 1473411223 366369322
t_num: 0 finish: 1473411225 621172241 start: 1473411224 297667681
t_num: 9 finish: 1473411225 809789823 start: 1473411224 425858847
t_num: 20 finish: 1473411225 810382862 start: 1473411223 604965794
t_num: 24 finish: 1473411225 935737865 start: 1473411224 323064658
t_num: 10 finish: 1473411226 169052379 start: 1473411224 322817108
t_num: 30 finish: 1473411226 247168811 start: 1473411224 754184412
t_num: 25 finish: 1473411226 438259460 start: 1473411224 919781761
t_num: 22 finish: 1473411226 503772768 start: 1473411224 557915930
t_num: 6 finish: 1473411226 601460692 start: 1473411225 480933823
t_num: 13 finish: 1473411226 638455199 start: 1473411224 322851484
t_num: 16 finish: 1473411227 505458994 start: 1473411224 777683178
t_num: 27 finish: 1473411227 552207610 start: 1473411224 697367529
t_num: 21 finish: 1473411227 615007457 start: 1473411225 948399525
t_num: 3 finish: 1473411227 615076435 start: 1473411226 636253056
t_num: 12 finish: 1473411227 615318051 start: 1473411224 881969507
t_num: 15 finish: 1473411227 615381207 start: 1473411225 528353148
t_num: 10 finish: 1473411227 615570001 start: 1473411226 169095966
t_num: 8 finish: 1473411227 658430040 start: 1473411226 391986269
t_num: 7 finish: 1473411227 754470527 start: 1473411225 512655636
t_num: 22 finish: 1473411227 824123733 start: 1473411227 205403970
t_num: 5 finish: 1473411228 10569260 start: 1473411225 481142221
t_num: 2 finish: 1473411228 59336139 start: 1473411225 518823362
t_num: 29 finish: 1473411228 154011057 start: 1473411225 519504379
t_num: 6 finish: 1473411228 412241544 start: 1473411226 601480271
t_num: 23 finish: 1473411228 565690876 start: 1473411226 590899990
t_num: 0 finish: 1473411229 13367611 start: 1473411227 603602613
t_num: 13 finish: 1473411229 14842531 start: 1473411226 638476760
t_num: 19 finish: 1473411229 15708809 start: 1473411227 777108743
t_num: 4 finish: 1473411229 357887586 start: 1473411227 603526809
t_num: 12 finish: 1473411229 434321871 start: 1473411227 615337174
t_num: 24 finish: 1473411229 562315628 start: 1473411227 196703837
t_num: 3 finish: 1473411229 574093157 start: 1473411227 615094299
t_num: 8 finish: 1473411229 619520637 start: 1473411227 968618156
t_num: 11 finish: 1473411229 791455781 start: 1473411227 478761571
t_num: 6 finish: 1473411229 856309450 start: 1473411228 412269901
t_num: 15 finish: 1473411229 886930955 start: 1473411229 47692959
t_num: 19 finish: 1473411229 900945125 start: 1473411229 15724788
t_num: 21 finish: 1473411229 944517773 start: 1473411227 615032139
t_num: 2 finish: 1473411230 198234583 start: 1473411229 493684523
t_num: 17 finish: 1473411230 710177085 start: 1473411229 277883068
t_num: 5 finish: 1473411230 710216883 start: 1473411228 10598568
t_num: 23 finish: 1473411230 852068423 start: 1473411229 233150031
t_num: 12 finish: 1473411230 852126835 start: 1473411229 434352434
t_num: 16 finish: 1473411230 977552073 start: 1473411228 408365470
t_num: 8 finish: 1473411231 450347838 start: 1473411230 466831790
t_num: 28 finish: 1473411231 450374154 start: 1473411229 493726899
t_num: 6 finish: 1473411231 729664342 start: 1473411229 856336338
t_num: 14 finish: 1473411231 844276017 start: 1473411229 304121457
t_num: 9 finish: 1473411231 870273653 start: 1473411230 396312190
t_num: 11 finish: 1473411231 870615900 start: 1473411229 791485031
t_num: 19 finish: 1473411231 907751998 start: 1473411229 900962180
t_num: 15 finish: 1473411232 164143906 start: 1473411230 749587709
t_num: 27 finish: 1473411232 483295106 start: 1473411230 273090787
t_num: 22 finish: 1473411232 550878384 start: 1473411229 886225655
t_num: 3 finish: 1473411232 661911010 start: 1473411230 673135271
t_num: 24 finish: 1473411232 689317664 start: 1473411230 123738122
t_num: 1 finish: 1473411232 704207391 start: 1473411230 852059775
t_num: 23 finish: 1473411232 819756060 start: 1473411231 819988780
t_num: 4 finish: 1473411232 934512301 start: 1473411231 836055446
t_num: 7 finish: 1473411233 2298371 start: 1473411230 70686519
t_num: 5 finish: 1473411233 680829194 start: 1473411231 972252993
t_num: 31 finish: 1473411233 680863912 start: 1473411232 285122359
t_num: 0 finish: 1473411233 838400191 start: 1473411233 1327227
t_num: 14 finish: 1473411233 944054921 start: 1473411231 844298855
t_num: 2 finish: 1473411234 64365192 start: 1473411232 750065067
t_num: 6 finish: 1473411234 154876358 start: 1473411231 729711467
t_num: 16 finish: 1473411234 395047012 start: 1473411231 842580926
t_num: 26 finish: 1473411234 395097574 start: 1473411232 836072744
t_num: 4 finish: 1473411234 421824740 start: 1473411233 460999558
t_num: 15 finish: 1473411234 445302222 start: 1473411232 164177751
t_num: 7 finish: 1473411234 550593566 start: 1473411233 2319789
t_num: 3 finish: 1473411234 684158659 start: 1473411233 1395481
t_num: 8 finish: 1473411234 738634099 start: 1473411232 501272512
t_num: 11 finish: 1473411234 757515627 start: 1473411231 870643224
t_num: 18 finish: 1473411234 790790385 start: 1473411233 332172589
t_num: 12 finish: 1473411234 992018254 start: 1473411233 533301382
t_num: 22 finish: 1473411234 992592764 start: 1473411233 447532115
t_num: 7 finish: 1473411235 296035948 start: 1473411234 550614748
t_num: 2 finish: 1473411235 408456278 start: 1473411234 64409833
t_num: 24 finish: 1473411235 483860937 start: 1473411233 405176168
t_num: 12 finish: 1473411235 673219992 start: 1473411234 992063374
t_num: 14 finish: 1473411235 697049942 start: 1473411233 944088512
t_num: 15 finish: 1473411235 697093985 start: 1473411234 445323865
t_num: 23 finish: 1473411235 807830059 start: 1473411234 719157952
t_num: 31 finish: 1473411235 934430288 start: 1473411234 90793274
t_num: 1 finish: 1473411236 90604908 start: 1473411234 280638603
t_num: 13 finish: 1473411236 151744501 start: 1473411234 13049858
t_num: 19 finish: 1473411236 172032621 start: 1473411234 155174437
t_num: 17 finish: 1473411236 239599998 start: 1473411234 896791358
t_num: 20 finish: 1473411236 240206927 start: 1473411234 611570673
t_num: 6 finish: 1473411236 360364682 start: 1473411234 421833015
t_num: 4 finish: 1473411236 704166642 start: 1473411234 639239525
t_num: 16 finish: 1473411236 704285084 start: 1473411234 395078629
t_num: 26 finish: 1473411236 804545325 start: 1473411234 395113104
t_num: 24 finish: 1473411237 169914522 start: 1473411235 483889448
t_num: 28 finish: 1473411237 488159928 start: 1473411235 544464266
t_num: 25 finish: 1473411237 599853213 start: 1473411235 452922662
t_num: 11 finish: 1473411237 772742502 start: 1473411235 246252281
t_num: 12 finish: 1473411237 796760335 start: 1473411235 673307622
t_num: 7 finish: 1473411237 968847687 start: 1473411235 926813223
t_num: 22 finish: 1473411238 159403873 start: 1473411236 663348585
t_num: 24 finish: 1473411238 274111802 start: 1473411237 169956091
t_num: 21 finish: 1473411238 426840614 start: 1473411237 636869776
t_num: 14 finish: 1473411238 433000937 start: 1473411237 637128572
t_num: 0 finish: 1473411238 479412278 start: 1473411237 319020476
t_num: 29 finish: 1473411238 479658452 start: 1473411235 464980902
t_num: 23 finish: 1473411238 486820355 start: 1473411235 807874873
t_num: 31 finish: 1473411238 488043034 start: 1473411237 363168016
t_num: 19 finish: 1473411238 505525101 start: 1473411236 172053002
t_num: 20 finish: 1473411238 517228063 start: 1473411236 240224311
t_num: 15 finish: 1473411238 519833457 start: 1473411236 111143199
t_num: 11 finish: 1473411239 119866527 start: 1473411237 772770775
t_num: 30 finish: 1473411239 146341806 start: 1473411237 637108165
t_num: 25 finish: 1473411239 206121388 start: 1473411237 714636594
t_num: 3 finish: 1473411239 271783273 start: 1473411236 704109283
t_num: 22 finish: 1473411239 271783263 start: 1473411238 159446086
t_num: 4 finish: 1473411239 320081503 start: 1473411236 704194386
t_num: 26 finish: 1473411239 342070175 start: 1473411236 804572508
t_num: 27 finish: 1473411239 605953072 start: 1473411238 481659439
t_num: 8 finish: 1473411239 605963034 start: 1473411237 637532916
t_num: 24 finish: 1473411239 966769103 start: 1473411238 274142066
t_num: 19 finish: 1473411240 38192705 start: 1473411238 505546827
t_num: 25 finish: 1473411240 133314256 start: 1473411239 206150538
t_num: 31 finish: 1473411240 460987292 start: 1473411238 488064398
t_num: 27 finish: 1473411240 875114976 start: 1473411239 606030969
t_num: 21 finish: 1473411241 89978688 start: 1473411238 521432304
t_num: 7 finish: 1473411241 127789299 start: 1473411238 489270312
t_num: 12 finish: 1473411241 302023356 start: 1473411238 947241020
t_num: 30 finish: 1473411241 458866484 start: 1473411239 146359176
t_num: 14 finish: 1473411241 517324532 start: 1473411239 6426275
t_num: 26 finish: 1473411241 589132683 start: 1473411240 125947719
t_num: 3 finish: 1473411241 589334272 start: 1473411239 271837916
t_num: 19 finish: 1473411241 795146113 start: 1473411240 38221976
t_num: 0 finish: 1473411242 59727970 start: 1473411239 911494096
t_num: 2 finish: 1473411242 323603185 start: 1473411240 175994968
t_num: 24 finish: 1473411242 385396914 start: 1473411239 966790688
t_num: 15 finish: 1473411242 385468360 start: 1473411240 224761451
t_num: 22 finish: 1473411242 385852764 start: 1473411239 271848585
t_num: 23 finish: 1473411242 432244102 start: 1473411240 226058142
t_num: 21 finish: 1473411242 739607196 start: 1473411241 553003467
t_num: 10 finish: 1473411242 740369230 start: 1473411242 56418608
t_num: 11 finish: 1473411242 810510205 start: 1473411239 941471495
t_num: 7 finish: 1473411242 875660555 start: 1473411241 127840933
t_num: 4 finish: 1473411242 971689054 start: 1473411241 127822078
t_num: 26 finish: 1473411243 63442989 start: 1473411241 589175095
t_num: 27 finish: 1473411243 178533470 start: 1473411241 360732274
t_num: 18 finish: 1473411243 186763194 start: 1473411242 385383000
t_num: 8 finish: 1473411243 327978388 start: 1473411240 400700657
t_num: 12 finish: 1473411243 327978388 start: 1473411241 302067426
t_num: 9 finish: 1473411243 435362912 start: 1473411242 245028837
t_num: 3 finish: 1473411243 951477020 start: 1473411241 589374037
t_num: 5 finish: 1473411244 129341109 start: 1473411242 603788509
t_num: 4 finish: 1473411244 386045731 start: 1473411242 971718305
t_num: 24 finish: 1473411244 445255774 start: 1473411242 385424163
t_num: 22 finish: 1473411244 557169279 start: 1473411242 385872034
t_num: 21 finish: 1473411244 618984039 start: 1473411242 739650995
t_num: 19 finish: 1473411244 619125499 start: 1473411242 432253704
t_num: 23 finish: 1473411244 658709864 start: 1473411243 178140786
t_num: 0 finish: 1473411245 101388952 start: 1473411242 875722020
t_num: 8 finish: 1473411245 148551250 start: 1473411243 328026194
t_num: 10 finish: 1473411245 148578205 start: 1473411242 740389919
t_num: 3 finish: 1473411245 156641629 start: 1473411243 951512422
t_num: 27 finish: 1473411245 491222048 start: 1473411243 178559198
t_num: 16 finish: 1473411245 582333749 start: 1473411243 178365134
t_num: 13 finish: 1473411245 595315536 start: 1473411244 290266020
t_num: 14 finish: 1473411245 640635526 start: 1473411243 402215898
t_num: 1 finish: 1473411245 760751149 start: 1473411244 264401324
t_num: 5 finish: 1473411245 879800810 start: 1473411244 129383089
t_num: 22 finish: 1473411246 271307507 start: 1473411244 557197176
t_num: 20 finish: 1473411246 446014353 start: 1473411244 352242331
t_num: 24 finish: 1473411246 629883280 start: 1473411244 659013465
t_num: 3 finish: 1473411246 908632399 start: 1473411245 156662682
t_num: 1 finish: 1473411246 909264746 start: 1473411245 760786567
t_num: 11 finish: 1473411246 922566346 start: 1473411244 264158804
t_num: 0 finish: 1473411247 343450917 start: 1473411245 762349411
t_num: 29 finish: 1473411247 476876245 start: 1473411245 101368054
t_num: 27 finish: 1473411247 478178543 start: 1473411245 880177311
t_num: 5 finish: 1473411247 523632362 start: 1473411246 271571863
t_num: 10 finish: 1473411247 672293326 start: 1473411245 879883993
t_num: 30 finish: 1473411248 74799620 start: 1473411245 810380881
t_num: 8 finish: 1473411248 89622984 start: 1473411245 148573877
t_num: 9 finish: 1473411248 366411558 start: 1473411244 659289975
t_num: 14 finish: 1473411248 434550960 start: 1473411245 640660629
t_num: 19 finish: 1473411248 434635015 start: 1473411246 97684317
t_num: 16 finish: 1473411249 101210607 start: 1473411245 582366743
t_num: 20 finish: 1473411249 166798588 start: 1473411246 446048313
t_num: 22 finish: 1473411249 272819585 start: 1473411246 271351664
t_num: 29 finish: 1473411249 457442808 start: 1473411247 672307116
t_num: 12 finish: 1473411249 457530281 start: 1473411246 576670108
t_num: 21 finish: 1473411249 730022103 start: 1473411246 554335683
t_num: 31 finish: 1473411249 769256259 start: 1473411246 520822299
t_num: 28 finish: 1473411250 24456228 start: 1473411247 938748043
t_num: 10 finish: 1473411250 128810117 start: 1473411247 672318704
t_num: 24 finish: 1473411250 275093814 start: 1473411248 278880217
t_num: 0 finish: 1473411250 380417130 start: 1473411247 343479806
t_num: 11 finish: 1473411250 550368913 start: 1473411246 922587796
t_num: 12 finish: 1473411250 620529220 start: 1473411249 457547409
t_num: 8 finish: 1473411250 916327023 start: 1473411248 89642140
t_num: 29 finish: 1473411251 10869983 start: 1473411249 457483333
t_num: 9 finish: 1473411251 10971712 start: 1473411248 366443696
t_num: 26 finish: 1473411251 131512539 start: 1473411248 436530086
t_num: 15 finish: 1473411251 203115738 start: 1473411250 752992261
t_num: 24 finish: 1473411251 458571116 start: 1473411250 275121444
t_num: 31 finish: 1473411251 459764953 start: 1473411249 769288602
t_num: 19 finish: 1473411251 460455788 start: 1473411248 434652961
t_num: 16 finish: 1473411251 493360659 start: 1473411249 101247349
t_num: 11 finish: 1473411251 541368971 start: 1473411250 550412945
t_num: 27 finish: 1473411251 582179994 start: 1473411250 273332047
t_num: 3 finish: 1473411252 772231711 start: 1473411250 938263151
t_num: 14 finish: 1473411252 772280883 start: 1473411249 718221087
t_num: 10 finish: 1473411252 773056272 start: 1473411250 128852507
t_num: 0 finish: 1473411252 992696171 start: 1473411251 202310071
t_num: 8 finish: 1473411253 82042714 start: 1473411250 916357160
t_num: 15 finish: 1473411253 93371141 start: 1473411251 203136328
t_num: 22 finish: 1473411253 275991345 start: 1473411250 946952916
t_num: 12 finish: 1473411253 347289265 start: 1473411250 620558382
t_num: 20 finish: 1473411253 529875031 start: 1473411251 793523723
t_num: 19 finish: 1473411253 662886449 start: 1473411251 460472229
t_num: 27 finish: 1473411253 662895935 start: 1473411251 582206725
t_num: 9 finish: 1473411253 687401395 start: 1473411251 11003346
t_num: 29 finish: 1473411253 859842309 start: 1473411251 534387003
t_num: 16 finish: 1473411254 227843207 start: 1473411251 493381210
t_num: 24 finish: 1473411254 300368095 start: 1473411252 798331364
t_num: 2 finish: 1473411254 468904853 start: 1473411251 988956616
t_num: 12 finish: 1473411254 513587574 start: 1473411253 347309174
t_num: 6 finish: 1473411254 583666169 start: 1473411253 22753366
t_num: 23 finish: 1473411254 661842164 start: 1473411251 539922481
t_num: 0 finish: 1473411254 782365323 start: 1473411252 992739827
t_num: 22 finish: 1473411255 13657441 start: 1473411253 735428227
t_num: 20 finish: 1473411255 78192135 start: 1473411253 529915935
t_num: 11 finish: 1473411255 120605651 start: 1473411253 346316718
t_num: 27 finish: 1473411255 405465110 start: 1473411254 24911497
t_num: 8 finish: 1473411255 481484230 start: 1473411253 82076271
t_num: 10 finish: 1473411255 481720192 start: 1473411253 836046452
t_num: 3 finish: 1473411255 568600100 start: 1473411254 50015151
t_num: 7 finish: 1473411255 768167556 start: 1473411253 367277238
t_num: 30 finish: 1473411255 768254941 start: 1473411254 172040583
t_num: 6 finish: 1473411255 817157561 start: 1473411254 583691368
t_num: 15 finish: 1473411255 884538580 start: 1473411253 732243321
t_num: 0 finish: 1473411255 946867769 start: 1473411254 782408854
t_num: 19 finish: 1473411255 981020416 start: 1473411254 375766826
t_num: 13 finish: 1473411256 3394351 start: 1473411255 334177868
t_num: 26 finish: 1473411256 153655634 start: 1473411253 22924954
t_num: 18 finish: 1473411256 550978188 start: 1473411255 222705134
t_num: 11 finish: 1473411256 551722094 start: 1473411255 120629379
t_num: 16 finish: 1473411256 570026075 start: 1473411254 399464036
t_num: 12 finish: 1473411256 749188713 start: 1473411255 179096408
t_num: 3 finish: 1473411256 770476445 start: 1473411255 947741850
t_num: 2 finish: 1473411256 831714970 start: 1473411255 180054274
t_num: 29 finish: 1473411257 304497041 start: 1473411254 291707530
t_num: 1 finish: 1473411257 356271341 start: 1473411256 165975801
t_num: 30 finish: 1473411257 663734082 start: 1473411255 768273347
t_num: 7 finish: 1473411258 145425588 start: 1473411255 768209035
t_num: 6 finish: 1473411258 223605987 start: 1473411256 592977273
t_num: 18 finish: 1473411258 223616844 start: 1473411256 551012203
t_num: 23 finish: 1473411258 297288379 start: 1473411255 768234727
t_num: 28 finish: 1473411258 395945649 start: 1473411255 821340920
t_num: 8 finish: 1473411258 396619997 start: 1473411256 895109288
t_num: 3 finish: 1473411258 396675218 start: 1473411256 770502060
t_num: 13 finish: 1473411258 398013805 start: 1473411256 690067531
t_num: 26 finish: 1473411258 408095129 start: 1473411256 153695027
t_num: 19 finish: 1473411258 571211821 start: 1473411255 981037615
t_num: 2 finish: 1473411258 815495318 start: 1473411256 831765978
t_num: 12 finish: 1473411258 847493127 start: 1473411256 749233326
t_num: 11 finish: 1473411259 31552541 start: 1473411257 495458367
t_num: 20 finish: 1473411259 172618543 start: 1473411258 145243457
t_num: 29 finish: 1473411259 515253660 start: 1473411257 304559296
t_num: 23 finish: 1473411259 618495053 start: 1473411258 297314410
t_num: 24 finish: 1473411259 720500935 start: 1473411257 387117568
t_num: 21 finish: 1473411259 720533380 start: 1473411258 361493204
t_num: 14 finish: 1473411259 820899554 start: 1473411257 665663003
t_num: 3 finish: 1473411259 942278322 start: 1473411258 806943340
t_num: 7 finish: 1473411259 945810151 start: 1473411258 386386022
t_num: 2 finish: 1473411260 128900155 start: 1473411258 815523783
t_num: 17 finish: 1473411260 367310099 start: 1473411258 914974173
t_num: 18 finish: 1473411260 595893646 start: 1473411258 223666045
t_num: 6 finish: 1473411260 712495804 start: 1473411258 223647459
t_num: 11 finish: 1473411260 821454315 start: 1473411259 31576053
t_num: 28 finish: 1473411260 954133566 start: 1473411258 395972672
t_num: 27 finish: 1473411261 282171374 start: 1473411259 363192630
t_num: 30 finish: 1473411261 284099503 start: 1473411259 618247280
t_num: 5 finish: 1473411261 324991088 start: 1473411258 482199578
t_num: 12 finish: 1473411261 564194888 start: 1473411260 369440021
t_num: 31 finish: 1473411261 685146716 start: 1473411259 526923220
t_num: 26 finish: 1473411261 685953133 start: 1473411258 408115875
t_num: 23 finish: 1473411261 705683722 start: 1473411260 210877737
t_num: 24 finish: 1473411262 196547562 start: 1473411259 720530221
t_num: 19 finish: 1473411262 294645898 start: 1473411259 618611580
t_num: 14 finish: 1473411262 296449924 start: 1473411260 484181654
t_num: 2 finish: 1473411262 299213986 start: 1473411260 387070861
t_num: 29 finish: 1473411262 301026836 start: 1473411260 229134206
t_num: 3 finish: 1473411262 331958631 start: 1473411260 147557192
t_num: 27 finish: 1473411262 334910747 start: 1473411261 282216516
t_num: 13 finish: 1473411262 386556445 start: 1473411259 321108311
t_num: 4 finish: 1473411263 11711764 start: 1473411261 420331667
t_num: 20 finish: 1473411263 625199271 start: 1473411260 596005432
t_num: 17 finish: 1473411263 626714020 start: 1473411261 325581342
t_num: 12 finish: 1473411263 638899369 start: 1473411261 826474831
t_num: 16 finish: 1473411263 959972753 start: 1473411262 300057965
t_num: 19 finish: 1473411264 40662347 start: 1473411262 294679729
t_num: 14 finish: 1473411264 109851094 start: 1473411262 767667496
t_num: 28 finish: 1473411264 297141423 start: 1473411261 394928473
t_num: 1 finish: 1473411264 528853254 start: 1473411262 716664716
t_num: 30 finish: 1473411264 588196371 start: 1473411261 284121511
t_num: 6 finish: 1473411264 588202055 start: 1473411262 677954029
t_num: 29 finish: 1473411264 588379988 start: 1473411262 716836903
t_num: 15 finish: 1473411264 600150262 start: 1473411262 466039601
t_num: 9 finish: 1473411264 686608609 start: 1473411262 249696204
t_num: 13 finish: 1473411264 772225942 start: 1473411263 625351033
t_num: 18 finish: 1473411264 820792425 start: 1473411262 223129866
t_num: 4 finish: 1473411265 19778927 start: 1473411263 11757808
t_num: 23 finish: 1473411265 121655137 start: 1473411261 705704863
t_num: 14 finish: 1473411265 149400213 start: 1473411264 109882817
t_num: 26 finish: 1473411265 311885776 start: 1473411262 575768543
t_num: 30 finish: 1473411265 311910291 start: 1473411264 588237821
t_num: 24 finish: 1473411266 66312295 start: 1473411264 28305986
t_num: 12 finish: 1473411266 101076408 start: 1473411265 214233597
t_num: 5 finish: 1473411266 132321523 start: 1473411264 411786426
t_num: 16 finish: 1473411266 366819539 start: 1473411263 960018223
t_num: 3 finish: 1473411266 551014585 start: 1473411263 626443344
t_num: 20 finish: 1473411266 783051192 start: 1473411265 382069997
t_num: 29 finish: 1473411266 818627882 start: 1473411264 588398816
t_num: 19 finish: 1473411266 979405936 start: 1473411265 105689865
t_num: 14 finish: 1473411267 39346911 start: 1473411265 149424953
t_num: 30 finish: 1473411267 188090875 start: 1473411265 577626367
t_num: 15 finish: 1473411267 409836073 start: 1473411264 600167050
t_num: 24 finish: 1473411267 411016651 start: 1473411266 66358931
t_num: 4 finish: 1473411267 415250014 start: 1473411265 19806008
t_num: 28 finish: 1473411267 417200642 start: 1473411265 311940656
t_num: 26 finish: 1473411267 453138829 start: 1473411265 737798576
t_num: 22 finish: 1473411267 469549067 start: 1473411265 179287749
t_num: 10 finish: 1473411267 469571300 start: 1473411265 528827201
t_num: 9 finish: 1473411267 530022005 start: 1473411264 686646251
t_num: 18 finish: 1473411267 554237035 start: 1473411266 482823997
t_num: 16 finish: 1473411267 855792823 start: 1473411266 366852737
t_num: 12 finish: 1473411268 532896114 start: 1473411266 101101652
t_num: 23 finish: 1473411268 642567444 start: 1473411266 163657424
t_num: 26 finish: 1473411268 879777569 start: 1473411267 453161583
t_num: 2 finish: 1473411268 979583298 start: 1473411267 469828412
t_num: 19 finish: 1473411269 285875369 start: 1473411267 793381051
t_num: 9 finish: 1473411269 286127449 start: 1473411267 530048960
t_num: 1 finish: 1473411269 328434077 start: 1473411267 324219233
t_num: 0 finish: 1473411269 358029589 start: 1473411266 299238273
t_num: 3 finish: 1473411269 395190254 start: 1473411266 551056113
t_num: 22 finish: 1473411269 665992841 start: 1473411267 469608852
t_num: 24 finish: 1473411269 714786064 start: 1473411268 614553415
t_num: 31 finish: 1473411269 784119979 start: 1473411267 81481931
t_num: 15 finish: 1473411269 835023814 start: 1473411267 409878838
t_num: 26 finish: 1473411270 2137295 start: 1473411268 879852783
t_num: 18 finish: 1473411270 2148542 start: 1473411268 642545138
t_num: 19 finish: 1473411270 165308084 start: 1473411269 285911543
t_num: 2 finish: 1473411270 534804282 start: 1473411268 979648924
t_num: 1 finish: 1473411270 730524276 start: 1473411269 328457361
t_num: 5 finish: 1473411270 731096044 start: 1473411269 395602950
t_num: 23 finish: 1473411270 731100826 start: 1473411268 642590371
t_num: 3 finish: 1473411270 774828001 start: 1473411269 395211993
t_num: 10 finish: 1473411270 777943455 start: 1473411268 642776712
t_num: 16 finish: 1473411270 884782299 start: 1473411269 12988118
t_num: 30 finish: 1473411271 967508603 start: 1473411269 487552550
t_num: 24 finish: 1473411271 968841058 start: 1473411269 714802819
t_num: 14 finish: 1473411271 976625989 start: 1473411269 395647537
t_num: 31 finish: 1473411271 979449721 start: 1473411270 770726656
t_num: 1 finish: 1473411272 339634865 start: 1473411270 730553149
t_num: 5 finish: 1473411272 565511103 start: 1473411270 731116982
t_num: 3 finish: 1473411272 566274156 start: 1473411270 774851373
t_num: 0 finish: 1473411272 961411374 start: 1473411269 714796640
t_num: 24 finish: 1473411273 145972194 start: 1473411271 968855656
t_num: 2 finish: 1473411273 145978377 start: 1473411270 534882634
t_num: 27 finish: 1473411273 198942369 start: 1473411272 40494868
t_num: 8 finish: 1473411273 242646143 start: 1473411270 735225436
t_num: 23 finish: 1473411273 325269176 start: 1473411270 731128037
t_num: 26 finish: 1473411273 831413285 start: 1473411271 25440732
t_num: 19 finish: 1473411273 955196010 start: 1473411270 808762161
t_num: 18 finish: 1473411273 996573915 start: 1473411270 851145024
t_num: 17 finish: 1473411273 998793243 start: 1473411272 517895211
t_num: 10 finish: 1473411274 148709905 start: 1473411273 2325440
t_num: 31 finish: 1473411274 182843317 start: 1473411271 979466766
t_num: 22 finish: 1473411274 182882352 start: 1473411271 710516296
t_num: 16 finish: 1473411274 182883144 start: 1473411272 97851436
t_num: 13 finish: 1473411274 183127038 start: 1473411271 968257208
t_num: 25 finish: 1473411274 183130687 start: 1473411273 929838
t_num: 12 finish: 1473411274 409616270 start: 1473411271 152579814
t_num: 28 finish: 1473411274 654176750 start: 1473411273 146055523
t_num: 0 finish: 1473411274 702375261 start: 1473411272 961447340
t_num: 2 finish: 1473411274 705651347 start: 1473411273 146043955
t_num: 11 finish: 1473411274 748278692 start: 1473411272 915461251
t_num: 18 finish: 1473411274 940750852 start: 1473411273 996609634
t_num: 14 finish: 1473411275 284108290 start: 1473411273 325353510
t_num: 22 finish: 1473411275 330418579 start: 1473411274 182902629
t_num: 26 finish: 1473411275 422926761 start: 1473411273 831490440
t_num: 27 finish: 1473411275 447538573 start: 1473411273 198984800
t_num: 28 finish: 1473411275 615391151 start: 1473411274 654204597
t_num: 6 finish: 1473411276 232703 start: 1473411274 747086752
t_num: 25 finish: 1473411276 142566030 start: 1473411274 183167837
t_num: 12 finish: 1473411276 259016615 start: 1473411274 409660536
t_num: 10 finish: 1473411276 391512045 start: 1473411274 614090689
t_num: 11 finish: 1473411276 437108062 start: 1473411275 423207207
t_num: 17 finish: 1473411276 437734257 start: 1473411274 479485832
t_num: 8 finish: 1473411276 437839005 start: 1473411274 746139062
t_num: 3 finish: 1473411276 485851786 start: 1473411273 577637040
t_num: 2 finish: 1473411276 485930206 start: 1473411274 912435163
t_num: 28 finish: 1473411276 551156318 start: 1473411275 615436360
t_num: 0 finish: 1473411276 684684197 start: 1473411274 702403666
t_num: 22 finish: 1473411276 923610022 start: 1473411275 330454639
t_num: 13 finish: 1473411277 64706461 start: 1473411274 707708862
t_num: 23 finish: 1473411277 138981564 start: 1473411276 272388544
t_num: 4 finish: 1473411277 607078183 start: 1473411275 772922267
t_num: 15 finish: 1473411277 680663155 start: 1473411276 284616043
t_num: 26 finish: 1473411277 680900431 start: 1473411276 302964690
t_num: 29 finish: 1473411277 681029985 start: 1473411275 356396622
t_num: 10 finish: 1473411278 413809496 start: 1473411276 391550391
t_num: 2 finish: 1473411278 414474900 start: 1473411277 359288153
t_num: 12 finish: 1473411278 415010162 start: 1473411276 454026545
t_num: 21 finish: 1473411278 696908521 start: 1473411275 828791602
t_num: 17 finish: 1473411278 883899056 start: 1473411276 437754907
t_num: 6 finish: 1473411278 922668132 start: 1473411277 109797560
t_num: 22 finish: 1473411279 95058611 start: 1473411276 923649376
t_num: 0 finish: 1473411279 160813177 start: 1473411277 65723027
t_num: 3 finish: 1473411279 268166306 start: 1473411276 485873064
t_num: 10 finish: 1473411279 373304810 start: 1473411278 413850074
t_num: 26 finish: 1473411279 395120613 start: 1473411277 680920131
t_num: 8 finish: 1473411279 396922408 start: 1473411278 471713041
t_num: 11 finish: 1473411279 413279394 start: 1473411277 66041601
t_num: 27 finish: 1473411279 427581435 start: 1473411277 108968558
t_num: 25 finish: 1473411279 589124908 start: 1473411277 327005355
t_num: 13 finish: 1473411279 589288745 start: 1473411277 681116459
t_num: 6 finish: 1473411279 590027659 start: 1473411278 922709198
t_num: 29 finish: 1473411279 643957655 start: 1473411277 681048991
t_num: 4 finish: 1473411279 943754265 start: 1473411277 757937400
t_num: 17 finish: 1473411280 64266809 start: 1473411278 883942018
t_num: 12 finish: 1473411280 485490958 start: 1473411278 520186486
t_num: 22 finish: 1473411280 486867217 start: 1473411279 95103520
t_num: 21 finish: 1473411280 549262076 start: 1473411278 696974401
t_num: 2 finish: 1473411281 23369870 start: 1473411279 80012936
t_num: 10 finish: 1473411281 402840713 start: 1473411280 63984432
t_num: 25 finish: 1473411281 402940205 start: 1473411279 589152497
t_num: 30 finish: 1473411281 521007992 start: 1473411280 382671792
t_num: 4 finish: 1473411281 521072160 start: 1473411279 943811546
t_num: 27 finish: 1473411281 521638160 start: 1473411279 943715989
t_num: 6 finish: 1473411281 571362444 start: 1473411279 590048298
t_num: 8 finish: 1473411281 619271151 start: 1473411280 64036981
t_num: 13 finish: 1473411281 619530448 start: 1473411280 619124149
t_num: 17 finish: 1473411281 789180699 start: 1473411280 64293943
t_num: 9 finish: 1473411281 894248794 start: 1473411279 561724079
t_num: 26 finish: 1473411281 997823155 start: 1473411279 395144281
t_num: 5 finish: 1473411281 998668609 start: 1473411279 495140814
t_num: 16 finish: 1473411282 239730827 start: 1473411281 66502901
t_num: 3 finish: 1473411282 282226057 start: 1473411280 31960754
t_num: 24 finish: 1473411282 384988734 start: 1473411280 250696718
t_num: 11 finish: 1473411282 535690374 start: 1473411280 648017667
t_num: 27 finish: 1473411282 646817290 start: 1473411281 521658489
t_num: 20 finish: 1473411282 647541571 start: 1473411281 451644106
t_num: 8 finish: 1473411282 697890957 start: 1473411281 619291546
t_num: 22 finish: 1473411282 735340163 start: 1473411280 900973729
t_num: 17 finish: 1473411282 735406928 start: 1473411281 789223519
t_num: 2 finish: 1473411283 346839848 start: 1473411282 93445934
t_num: 0 finish: 1473411283 389644065 start: 1473411281 175924669
t_num: 5 finish: 1473411283 444620585 start: 1473411282 245307628
t_num: 9 finish: 1473411283 530043481 start: 1473411281 894293111
t_num: 16 finish: 1473411283 703944892 start: 1473411282 703419890
t_num: 25 finish: 1473411283 866903959 start: 1473411281 402960035
t_num: 13 finish: 1473411283 866962231 start: 1473411281 619548131
t_num: 23 finish: 1473411283 950101002 start: 1473411282 570378959
t_num: 4 finish: 1473411284 79818676 start: 1473411282 385612987
t_num: 10 finish: 1473411284 81503201 start: 1473411281 402878069
t_num: 7 finish: 1473411284 132086888 start: 1473411283 225564090
t_num: 12 finish: 1473411284 229611280 start: 1473411282 155020399
t_num: 6 finish: 1473411284 370471183 start: 1473411282 617735606
t_num: 27 finish: 1473411284 371076171 start: 1473411282 646863178
t_num: 0 finish: 1473411284 432621149 start: 1473411283 389714109
t_num: 20 finish: 1473411285 38726175 start: 1473411282 647585286
t_num: 2 finish: 1473411285 258544030 start: 1473411283 400950325
t_num: 18 finish: 1473411285 259852279 start: 1473411284 75351758
t_num: 5 finish: 1473411285 262463953 start: 1473411283 840036234
t_num: 11 finish: 1473411285 573864586 start: 1473411282 535736052
t_num: 1 finish: 1473411285 575342131 start: 1473411283 400137660
t_num: 9 finish: 1473411285 606342910 start: 1473411283 530086723
t_num: 16 finish: 1473411285 628931647 start: 1473411284 264040117
t_num: 17 finish: 1473411285 642562114 start: 1473411283 406138234
t_num: 22 finish: 1473411285 763707514 start: 1473411282 735367188
t_num: 29 finish: 1473411285 824931011 start: 1473411284 6106016
t_num: 13 finish: 1473411285 978152819 start: 1473411283 866982547
t_num: 10 finish: 1473411286 110684630 start: 1473411284 131998169
t_num: 18 finish: 1473411286 233611472 start: 1473411285 259872090
t_num: 5 finish: 1473411286 341517613 start: 1473411285 262483099
t_num: 27 finish: 1473411286 369250627 start: 1473411284 371090658
t_num: 10 finish: 1473411286 830253126 start: 1473411286 110726185
t_num: 6 finish: 1473411287 55795738 start: 1473411284 370505098
t_num: 9 finish: 1473411287 55798918 start: 1473411285 978220599
t_num: 24 finish: 1473411287 55842277 start: 1473411286 252854988
t_num: 8 finish: 1473411287 509522750 start: 1473411286 110713558
t_num: 3 finish: 1473411287 548623297 start: 1473411284 214899825
t_num: 11 finish: 1473411287 903793279 start: 1473411285 573908662
t_num: 0 finish: 1473411288 81474258 start: 1473411284 432657549
t_num: 18 finish: 1473411288 132253888 start: 1473411286 233653997
t_num: 26 finish: 1473411288 188092683 start: 1473411284 566143946
t_num: 16 finish: 1473411288 195537845 start: 1473411286 375552626
t_num: 7 finish: 1473411288 432075239 start: 1473411285 261138256
t_num: 29 finish: 1473411288 534635673 start: 1473411286 581417338
t_num: 22 finish: 1473411288 589135027 start: 1473411285 763731006
t_num: 1 finish: 1473411288 669237893 start: 1473411286 403237141
t_num: 21 finish: 1473411288 698616766 start: 1473411287 552010403
t_num: 13 finish: 1473411288 775968078 start: 1473411286 252869083
t_num: 27 finish: 1473411289 69514333 start: 1473411286 369293205
t_num: 5 finish: 1473411289 281903838 start: 1473411286 341553172
t_num: 26 finish: 1473411289 333531879 start: 1473411288 188118753
t_num: 20 finish: 1473411289 521576052 start: 1473411286 253265592
t_num: 9 finish: 1473411289 569647592 start: 1473411287 55987136
t_num: 19 finish: 1473411289 616377047 start: 1473411287 406411698
t_num: 23 finish: 1473411289 706301190 start: 1473411288 194969090
t_num: 21 finish: 1473411289 989820738 start: 1473411288 698639580
t_num: 29 finish: 1473411289 989977694 start: 1473411288 534674356
t_num: 14 finish: 1473411289 990561773 start: 1473411287 932363033
t_num: 6 finish: 1473411289 990714381 start: 1473411288 81936837
t_num: 7 finish: 1473411290 173909828 start: 1473411288 432119627
t_num: 8 finish: 1473411290 283525506 start: 1473411288 724603276
t_num: 22 finish: 1473411290 289582075 start: 1473411288 724559653
t_num: 2 finish: 1473411290 292834126 start: 1473411288 81241561
t_num: 20 finish: 1473411290 535186271 start: 1473411290 282600396
t_num: 30 finish: 1473411290 663785030 start: 1473411289 403131141
t_num: 5 finish: 1473411290 758355532 start: 1473411289 281949323
t_num: 14 finish: 1473411290 778592217 start: 1473411289 990581071
t_num: 16 finish: 1473411290 940158672 start: 1473411290 422531007
t_num: 22 finish: 1473411290 940246606 start: 1473411290 289606280
t_num: 23 finish: 1473411291 21786379 start: 1473411289 706338663
t_num: 27 finish: 1473411291 659529839 start: 1473411289 69565499
t_num: 19 finish: 1473411291 659633254 start: 1473411290 422485932
t_num: 21 finish: 1473411291 806761215 start: 1473411289 989844607
t_num: 15 finish: 1473411291 809215172 start: 1473411289 988773630
t_num: 29 finish: 1473411291 908919714 start: 1473411289 990012915
t_num: 9 finish: 1473411291 937622998 start: 1473411289 569680899
t_num: 3 finish: 1473411291 947015140 start: 1473411290 512030581
t_num: 13 finish: 1473411292 405521249 start: 1473411290 421784389
t_num: 5 finish: 1473411292 405959367 start: 1473411290 758384888
t_num: 6 finish: 1473411292 556436022 start: 1473411290 463879873
t_num: 18 finish: 1473411292 606859497 start: 1473411290 652253268
t_num: 30 finish: 1473411292 765120461 start: 1473411290 663856153
t_num: 7 finish: 1473411292 826932492 start: 1473411290 621867941
t_num: 20 finish: 1473411293 242393356 start: 1473411290 535239402
t_num: 15 finish: 1473411293 252272170 start: 1473411291 809235800
t_num: 16 finish: 1473411293 421481709 start: 1473411291 659298900
t_num: 21 finish: 1473411293 634754972 start: 1473411291 806828390
t_num: 14 finish: 1473411293 712787704 start: 1473411291 937546768
t_num: 10 finish: 1473411293 712810754 start: 1473411292 406860810
t_num: 19 finish: 1473411293 712887054 start: 1473411292 260841485
t_num: 22 finish: 1473411293 713566148 start: 1473411290 940275072
t_num: 3 finish: 1473411293 901390220 start: 1473411292 263270917
t_num: 30 finish: 1473411294 1719144 start: 1473411292 765205441
t_num: 13 finish: 1473411294 243847973 start: 1473411292 405563355
t_num: 29 finish: 1473411294 377293858 start: 1473411292 264073818
t_num: 9 finish: 1473411294 725156111 start: 1473411292 22590999
t_num: 18 finish: 1473411294 909387968 start: 1473411292 859674569
t_num: 31 finish: 1473411295 265206121 start: 1473411292 799229440
t_num: 4 finish: 1473411295 344709016 start: 1473411292 970904784
t_num: 6 finish: 1473411295 404211172 start: 1473411293 250980769
t_num: 29 finish: 1473411295 479013457 start: 1473411294 377315752
t_num: 1 finish: 1473411295 547697983 start: 1473411293 252364341
t_num: 24 finish: 1473411295 677713431 start: 1473411293 913991759
t_num: 15 finish: 1473411295 780809784 start: 1473411293 252294062
t_num: 23 finish: 1473411295 780932349 start: 1473411293 422265817
t_num: 14 finish: 1473411295 781652631 start: 1473411294 243438325
t_num: 19 finish: 1473411296 161175717 start: 1473411294 321259078
t_num: 5 finish: 1473411296 205931986 start: 1473411294 104892923
t_num: 30 finish: 1473411296 258532980 start: 1473411294 1739307
t_num: 7 finish: 1473411296 740649275 start: 1473411294 243017807
t_num: 31 finish: 1473411296 899477985 start: 1473411295 615933603
t_num: 3 finish: 1473411296 900430344 start: 1473411295 443089691
t_num: 6 finish: 1473411296 920571947 start: 1473411295 404244458
t_num: 29 finish: 1473411297 30194678 start: 1473411295 677189429
t_num: 23 finish: 1473411297 234658937 start: 1473411295 780952028
t_num: 21 finish: 1473411297 282762575 start: 1473411295 443753483
t_num: 5 finish: 1473411297 493039770 start: 1473411296 205971141
t_num: 9 finish: 1473411297 517093778 start: 1473411294 985227358
t_num: 14 finish: 1473411297 545564392 start: 1473411296 438503365
t_num: 19 finish: 1473411297 574079279 start: 1473411296 161215135
t_num: 20 finish: 1473411297 579861498 start: 1473411294 838458957
t_num: 17 finish: 1473411297 825515154 start: 1473411296 258565564
t_num: 15 finish: 1473411297 979013092 start: 1473411295 780836683
t_num: 25 finish: 1473411298 132653609 start: 1473411296 686843802
t_num: 6 finish: 1473411298 165852728 start: 1473411296 920589049
t_num: 11 finish: 1473411298 283756476 start: 1473411296 570837970
t_num: 16 finish: 1473411298 297543623 start: 1473411295 780597439
t_num: 21 finish: 1473411298 375959429 start: 1473411297 282825189
t_num: 3 finish: 1473411298 743217812 start: 1473411297 166584283
t_num: 4 finish: 1473411298 743217822 start: 1473411296 958893049
t_num: 29 finish: 1473411298 865298664 start: 1473411297 30219356
t_num: 20 finish: 1473411299 475573310 start: 1473411297 579881646
t_num: 0 finish: 1473411299 524524711 start: 1473411298 377682664
t_num: 15 finish: 1473411299 530771052 start: 1473411297 979044855
t_num: 26 finish: 1473411299 548898382 start: 1473411297 316952709
t_num: 24 finish: 1473411299 686297528 start: 1473411297 317119978
t_num: 23 finish: 1473411299 767476084 start: 1473411297 491946546
t_num: 16 finish: 1473411299 839476815 start: 1473411298 297571264
t_num: 5 finish: 1473411299 977888068 start: 1473411297 493062469
t_num: 27 finish: 1473411300 72382048 start: 1473411298 375111613
t_num: 3 finish: 1473411300 196017358 start: 1473411298 743265793
t_num: 0 finish: 1473411300 451601152 start: 1473411299 524567024
t_num: 7 finish: 1473411300 495628863 start: 1473411297 928891229
t_num: 17 finish: 1473411300 584623385 start: 1473411298 550915743
t_num: 11 finish: 1473411300 653381714 start: 1473411298 569397373
t_num: 10 finish: 1473411300 835677196 start: 1473411299 977876082
t_num: 26 finish: 1473411300 873100299 start: 1473411299 548920348
t_num: 25 finish: 1473411301 87082493 start: 1473411298 605811650
t_num: 28 finish: 1473411301 511225106 start: 1473411299 312250047
t_num: 21 finish: 1473411301 622857840 start: 1473411299 172317419
t_num: 0 finish: 1473411301 623359294 start: 1473411300 451624045
t_num: 23 finish: 1473411301 623489634 start: 1473411300 452572076
t_num: 27 finish: 1473411301 658547812 start: 1473411300 611515201
t_num: 29 finish: 1473411301 713291208 start: 1473411299 595995901
t_num: 6 finish: 1473411301 752560196 start: 1473411299 549695472
t_num: 8 finish: 1473411301 792323685 start: 1473411299 642898898
t_num: 3 finish: 1473411301 792323689 start: 1473411300 196052419
t_num: 16 finish: 1473411301 835882279 start: 1473411300 452617809
t_num: 10 finish: 1473411302 648455081 start: 1473411300 835714161
t_num: 5 finish: 1473411302 648508768 start: 1473411299 977915762
t_num: 26 finish: 1473411302 788561257 start: 1473411300 873131150
t_num: 21 finish: 1473411302 870098622 start: 1473411301 622884971
t_num: 14 finish: 1473411303 19710886 start: 1473411300 212230012
t_num: 7 finish: 1473411303 70476928 start: 1473411301 622825019
t_num: 27 finish: 1473411303 307006638 start: 1473411301 658592040
t_num: 11 finish: 1473411303 362874902 start: 1473411301 548166011
t_num: 29 finish: 1473411303 362970056 start: 1473411301 713335355
t_num: 13 finish: 1473411303 364998432 start: 1473411301 997214453
t_num: 6 finish: 1473411303 705801204 start: 1473411301 752614208
t_num: 18 finish: 1473411303 859989416 start: 1473411300 645988707
t_num: 25 finish: 1473411303 860404171 start: 1473411302 597480483
t_num: 3 finish: 1473411303 891201507 start: 1473411302 685754695
t_num: 16 finish: 1473411304 1130763 start: 1473411302 499805451
t_num: 11 finish: 1473411304 112350715 start: 1473411303 362907338
t_num: 28 finish: 1473411304 175115855 start: 1473411301 511261723
t_num: 5 finish: 1473411304 257050601 start: 1473411302 938455315
t_num: 29 finish: 1473411304 544100084 start: 1473411303 362988400
t_num: 4 finish: 1473411304 723481079 start: 1473411303 308681946
t_num: 31 finish: 1473411304 744742390 start: 1473411303 749426312
t_num: 6 finish: 1473411304 909756825 start: 1473411303 705841110
t_num: 28 finish: 1473411304 947750867 start: 1473411304 175141506
t_num: 22 finish: 1473411304 984815216 start: 1473411303 106095510
t_num: 27 finish: 1473411305 17425069 start: 1473411303 930752052
t_num: 7 finish: 1473411305 60246392 start: 1473411303 481671556
t_num: 10 finish: 1473411305 95437321 start: 1473411302 648551164
t_num: 13 finish: 1473411305 275848205 start: 1473411303 825014623
t_num: 14 finish: 1473411305 700539303 start: 1473411303 826629149
t_num: 3 finish: 1473411305 827572025 start: 1473411304 306288174
t_num: 29 finish: 1473411306 57663456 start: 1473411304 544151388
t_num: 30 finish: 1473411306 74427548 start: 1473411304 388377513
t_num: 23 finish: 1473411306 308828899 start: 1473411304 544136123
t_num: 18 finish: 1473411306 308988232 start: 1473411304 955567570
t_num: 10 finish: 1473411306 699016304 start: 1473411305 95459635
t_num: 1 finish: 1473411306 806359135 start: 1473411304 342232515
t_num: 28 finish: 1473411306 812246371 start: 1473411304 947837452
t_num: 26 finish: 1473411306 812465889 start: 1473411303 931762086
t_num: 5 finish: 1473411306 813232367 start: 1473411304 257082608
t_num: 11 finish: 1473411306 813291118 start: 1473411304 112392771
t_num: 29 finish: 1473411307 80055004 start: 1473411306 57691053
t_num: 24 finish: 1473411307 198952896 start: 1473411306 74407691
t_num: 15 finish: 1473411307 199017378 start: 1473411305 424585004
t_num: 4 finish: 1473411307 331027077 start: 1473411304 723526618
t_num: 12 finish: 1473411307 331811793 start: 1473411306 57389099
t_num: 30 finish: 1473411307 438112692 start: 1473411306 74444949
t_num: 28 finish: 1473411307 440080015 start: 1473411306 812266868
t_num: 14 finish: 1473411307 442957563 start: 1473411306 417732304
t_num: 7 finish: 1473411307 759663455 start: 1473411305 60269057
t_num: 22 finish: 1473411307 856932864 start: 1473411306 417669219
t_num: 18 finish: 1473411308 620605797 start: 1473411306 309030450
t_num: 11 finish: 1473411308 871066725 start: 1473411306 813306958
t_num: 16 finish: 1473411309 74266116 start: 1473411306 772967992
t_num: 10 finish: 1473411309 436015915 start: 1473411306 699060519
t_num: 24 finish: 1473411309 444768929 start: 1473411307 198995449
t_num: 21 finish: 1473411309 445839772 start: 1473411308 304224055
t_num: 23 finish: 1473411309 532400534 start: 1473411307 558946137
t_num: 27 finish: 1473411309 652102474 start: 1473411306 562126535
t_num: 31 finish: 1473411309 670953675 start: 1473411308 634963147
t_num: 15 finish: 1473411309 935973249 start: 1473411307 199033616
t_num: 4 finish: 1473411309 992061511 start: 1473411309 370354466
t_num: 28 finish: 1473411310 604035373 start: 1473411307 440102434
t_num: 7 finish: 1473411310 604814003 start: 1473411307 759694141
t_num: 16 finish: 1473411310 604821670 start: 1473411309 74294824
t_num: 14 finish: 1473411310 681685766 start: 1473411307 971302929
t_num: 8 finish: 1473411310 703345576 start: 1473411308 871087593
t_num: 3 finish: 1473411310 719532792 start: 1473411307 857007399
t_num: 30 finish: 1473411310 724283668 start: 1473411308 962972602
t_num: 1 finish: 1473411311 1585503 start: 1473411307 976848773
t_num: 23 finish: 1473411311 451493997 start: 1473411309 532441018
t_num: 21 finish: 1473411311 709303336 start: 1473411309 445859664
t_num: 2 finish: 1473411311 758694601 start: 1473411310 638250928
t_num: 17 finish: 1473411311 887307141 start: 1473411308 710757565
t_num: 24 finish: 1473411311 887907587 start: 1473411309 444790677
t_num: 11 finish: 1473411312 497346394 start: 1473411310 235003517
t_num: 0 finish: 1473411312 545450627 start: 1473411308 962927995
t_num: 4 finish: 1473411312 656263450 start: 1473411311 1597021
t_num: 15 finish: 1473411312 770750502 start: 1473411309 936009704
t_num: 7 finish: 1473411313 101554031 start: 1473411311 451419605
t_num: 9 finish: 1473411313 183300741 start: 1473411311 678286304
t_num: 23 finish: 1473411313 506664119 start: 1473411311 451538798
t_num: 27 finish: 1473411313 506680049 start: 1473411311 184333756
t_num: 31 finish: 1473411313 545359986 start: 1473411310 581294221
t_num: 21 finish: 1473411313 626482301 start: 1473411311 709337413
t_num: 16 finish: 1473411313 687218216 start: 1473411310 604913972
t_num: 28 finish: 1473411313 749173889 start: 1473411310 604068432
t_num: 13 finish: 1473411313 807377751 start: 1473411311 972678068
t_num: 2 finish: 1473411313 807527453 start: 1473411312 348598675
t_num: 3 finish: 1473411313 831547176 start: 1473411310 719557958
t_num: 10 finish: 1473411313 869405340 start: 1473411312 544698366
t_num: 15 finish: 1473411313 997971978 start: 1473411313 477482686
t_num: 19 finish: 1473411313 998691415 start: 1473411312 56879794
t_num: 29 finish: 1473411314 55273211 start: 1473411312 428970922
t_num: 7 finish: 1473411314 57726272 start: 1473411313 101599055
t_num: 17 finish: 1473411314 134893355 start: 1473411311 887341255
t_num: 24 finish: 1473411314 136383211 start: 1473411312 509169495
t_num: 26 finish: 1473411314 378158956 start: 1473411312 827776566
t_num: 11 finish: 1473411314 391219882 start: 1473411312 497386045
t_num: 8 finish: 1473411314 992670163 start: 1473411312 706822767
t_num: 27 finish: 1473411315 125398390 start: 1473411313 506718538
t_num: 26 finish: 1473411315 259217640 start: 1473411314 378193374
t_num: 21 finish: 1473411315 266326796 start: 1473411313 626527306
t_num: 9 finish: 1473411315 440118510 start: 1473411313 749043294
t_num: 7 finish: 1473411315 474744448 start: 1473411314 378339645
t_num: 22 finish: 1473411315 562938596 start: 1473411313 40437667
t_num: 4 finish: 1473411315 563052052 start: 1473411314 345990089
t_num: 5 finish: 1473411316 19112038 start: 1473411314 731527723
t_num: 10 finish: 1473411316 20102553 start: 1473411313 869431612
t_num: 2 finish: 1473411316 240714747 start: 1473411314 765783817
t_num: 16 finish: 1473411316 300227734 start: 1473411313 687261407
t_num: 24 finish: 1473411316 560495728 start: 1473411314 136402475
t_num: 6 finish: 1473411316 563416222 start: 1473411314 460067449
t_num: 23 finish: 1473411316 977923994 start: 1473411314 458986978
t_num: 21 finish: 1473411317 20360089 start: 1473411315 266350748
t_num: 14 finish: 1473411317 270851465 start: 1473411315 11647074
t_num: 10 finish: 1473411317 327413880 start: 1473411316 20122752
t_num: 19 finish: 1473411317 388036735 start: 1473411313 998724976
t_num: 8 finish: 1473411317 681068065 start: 1473411315 906681512
t_num: 31 finish: 1473411317 793616239 start: 1473411315 168084206
t_num: 4 finish: 1473411317 873778197 start: 1473411315 563072067
t_num: 7 finish: 1473411317 998158021 start: 1473411315 474768869
t_num: 27 finish: 1473411318 148670368 start: 1473411316 299763339
t_num: 26 finish: 1473411318 282459263 start: 1473411315 259250628
t_num: 29 finish: 1473411318 282522140 start: 1473411316 300004800
t_num: 22 finish: 1473411318 792450266 start: 1473411315 562975326
t_num: 4 finish: 1473411318 804846846 start: 1473411317 873829494
t_num: 6 finish: 1473411318 906830529 start: 1473411316 563438532
t_num: 24 finish: 1473411318 925341676 start: 1473411316 560540564
t_num: 31 finish: 1473411319 237843916 start: 1473411317 793644447
t_num: 17 finish: 1473411319 407768893 start: 1473411317 124915603
t_num: 19 finish: 1473411319 413250203 start: 1473411317 388097650
t_num: 16 finish: 1473411319 571860065 start: 1473411317 388186489
t_num: 8 finish: 1473411319 622178761 start: 1473411317 681105234
t_num: 5 finish: 1473411319 622226082 start: 1473411317 870276479
t_num: 27 finish: 1473411319 622265469 start: 1473411318 148713759
t_num: 23 finish: 1473411319 666075306 start: 1473411318 424165911
t_num: 2 finish: 1473411320 375659006 start: 1473411317 124632504
t_num: 18 finish: 1473411320 403095782 start: 1473411317 894177582
t_num: 6 finish: 1473411320 608099971 start: 1473411318 906891458
t_num: 21 finish: 1473411320 803743519 start: 1473411318 166453584
t_num: 4 finish: 1473411320 905625213 start: 1473411318 804890009
t_num: 0 finish: 1473411320 972369339 start: 1473411317 998170885
t_num: 10 finish: 1473411321 7898293 start: 1473411319 334217990
t_num: 17 finish: 1473411321 75390937 start: 1473411319 407826015
t_num: 3 finish: 1473411321 165578215 start: 1473411319 8058188
t_num: 19 finish: 1473411321 321684806 start: 1473411320 761615560
t_num: 5 finish: 1473411321 531771139 start: 1473411319 622245290
t_num: 23 finish: 1473411321 532614065 start: 1473411319 666099105
t_num: 26 finish: 1473411321 795881772 start: 1473411319 334418516
t_num: 0 finish: 1473411321 820572145 start: 1473411320 972393497
t_num: 22 finish: 1473411321 846026857 start: 1473411320 402798706
t_num: 30 finish: 1473411321 875770153 start: 1473411319 884994709
t_num: 27 finish: 1473411321 878686669 start: 1473411319 622280772
t_num: 18 finish: 1473411321 936490080 start: 1473411320 403129621
t_num: 11 finish: 1473411321 966995180 start: 1473411320 608080789
t_num: 29 finish: 1473411321 967294314 start: 1473411319 333655302
t_num: 13 finish: 1473411322 103294399 start: 1473411321 203066225
t_num: 21 finish: 1473411322 712583241 start: 1473411320 803766616
t_num: 2 finish: 1473411322 712695698 start: 1473411321 825755772
t_num: 14 finish: 1473411322 753417468 start: 1473411319 715725134
t_num: 6 finish: 1473411322 826486287 start: 1473411321 531882069
t_num: 30 finish: 1473411322 988242778 start: 1473411321 875792183
t_num: 22 finish: 1473411323 77960738 start: 1473411321 846047879
t_num: 3 finish: 1473411323 78470741 start: 1473411321 165621754
t_num: 17 finish: 1473411323 332208516 start: 1473411321 75432252
t_num: 5 finish: 1473411323 374200602 start: 1473411322 113459923
t_num: 10 finish: 1473411323 575337166 start: 1473411322 458586475
t_num: 16 finish: 1473411323 811419332 start: 1473411321 357378150
t_num: 4 finish: 1473411323 959886846 start: 1473411321 749410262
t_num: 27 finish: 1473411323 960084412 start: 1473411321 878707444
t_num: 24 finish: 1473411324 2897036 start: 1473411322 391781013
t_num: 19 finish: 1473411324 38550506 start: 1473411322 110913318
t_num: 13 finish: 1473411324 132416663 start: 1473411322 538858650
t_num: 18 finish: 1473411324 436604580 start: 1473411321 936515141
t_num: 30 finish: 1473411324 437513725 start: 1473411323 358278906
t_num: 0 finish: 1473411324 592621719 start: 1473411322 460720074
t_num: 20 finish: 1473411324 592621716 start: 1473411322 191693042
t_num: 29 finish: 1473411325 86203511 start: 1473411323 72810820
t_num: 2 finish: 1473411325 530628483 start: 1473411322 712715956
t_num: 3 finish: 1473411325 530642659 start: 1473411323 78599364
t_num: 14 finish: 1473411325 530932457 start: 1473411324 37016568
t_num: 12 finish: 1473411325 560619224 start: 1473411324 3558849
t_num: 10 finish: 1473411325 562695123 start: 1473411323 575380649
t_num: 30 finish: 1473411325 664198571 start: 1473411324 437532657
t_num: 24 finish: 1473411326 161458135 start: 1473411324 977302335
t_num: 26 finish: 1473411326 161524585 start: 1473411322 464439121
t_num: 22 finish: 1473411326 161605870 start: 1473411323 386549138
t_num: 4 finish: 1473411326 291781351 start: 1473411323 959929356
t_num: 5 finish: 1473411326 292536464 start: 1473411324 436423200
t_num: 16 finish: 1473411326 395554394 start: 1473411323 811485806
t_num: 18 finish: 1473411326 621289677 start: 1473411325 362688489
t_num: 20 finish: 1473411326 758160497 start: 1473411324 592686872
t_num: 12 finish: 1473411326 886562123 start: 1473411325 560641927
t_num: 15 finish: 1473411326 886593569 start: 1473411324 949373070
t_num: 0 finish: 1473411326 888043295 start: 1473411324 592668812
t_num: 31 finish: 1473411326 943748037 start: 1473411325 414231446
t_num: 25 finish: 1473411327 26482264 start: 1473411325 344155942
t_num: 6 finish: 1473411327 29382025 start: 1473411326 99276404
t_num: 22 finish: 1473411327 386915489 start: 1473411326 161624410
t_num: 5 finish: 1473411327 580113628 start: 1473411326 760166828
t_num: 24 finish: 1473411327 705923504 start: 1473411326 161484069
t_num: 14 finish: 1473411327 949048638 start: 1473411325 530952115
t_num: 3 finish: 1473411328 28989338 start: 1473411326 128190960
t_num: 10 finish: 1473411328 29078173 start: 1473411326 505803885
t_num: 16 finish: 1473411328 29464309 start: 1473411326 395583670
t_num: 4 finish: 1473411328 239997813 start: 1473411326 291840006
t_num: 15 finish: 1473411328 363137422 start: 1473411326 886611478
t_num: 25 finish: 1473411328 364110356 start: 1473411327 26505405
t_num: 1 finish: 1473411328 364801386 start: 1473411327 580227553
t_num: 30 finish: 1473411328 405358920 start: 1473411327 388018150
t_num: 12 finish: 1473411328 440231195 start: 1473411327 289888096
t_num: 2 finish: 1473411328 600133083 start: 1473411326 887845326
t_num: 27 finish: 1473411329 120372061 start: 1473411326 886477411
t_num: 6 finish: 1473411329 422792696 start: 1473411327 666193634
t_num: 0 finish: 1473411329 634224642 start: 1473411326 888063036
t_num: 16 finish: 1473411329 634242663 start: 1473411328 29482867
t_num: 5 finish: 1473411329 634317820 start: 1473411328 29069474
t_num: 25 finish: 1473411329 713212743 start: 1473411328 364130664
t_num: 1 finish: 1473411329 713935933 start: 1473411328 364817229
t_num: 24 finish: 1473411329 713937976 start: 1473411328 421495412
t_num: 20 finish: 1473411329 899387526 start: 1473411328 420864912
t_num: 3 finish: 1473411330 223321198 start: 1473411328 29024498
t_num: 30 finish: 1473411330 456152833 start: 1473411328 888903502
t_num: 22 finish: 1473411330 476814421 start: 1473411328 199355558
t_num: 5 finish: 1473411330 513354413 start: 1473411329 634348401
t_num: 15 finish: 1473411330 539268042 start: 1473411329 423032489
t_num: 14 finish: 1473411330 630662278 start: 1473411329 557398919
t_num: 0 finish: 1473411331 49827494 start: 1473411329 634278217
t_num: 21 finish: 1473411331 234845378 start: 1473411328 957407301
t_num: 6 finish: 1473411331 235868031 start: 1473411330 173269763
t_num: 16 finish: 1473411331 268613118 start: 1473411329 634320414
t_num: 25 finish: 1473411331 361443092 start: 1473411330 409891470
t_num: 4 finish: 1473411331 363113669 start: 1473411329 556789783
t_num: 14 finish: 1473411331 485879550 start: 1473411330 630688327
t_num: 18 finish: 1473411331 692878427 start: 1473411329 832409234
t_num: 3 finish: 1473411331 693027998 start: 1473411330 223365770
t_num: 22 finish: 1473411331 693306885 start: 1473411330 476834568
t_num: 1 finish: 1473411331 772106139 start: 1473411330 226208722
t_num: 29 finish: 1473411332 124130021 start: 1473411330 411116296
t_num: 2 finish: 1473411332 137655893 start: 1473411329 781925425
t_num: 25 finish: 1473411332 160000560 start: 1473411331 361490465
t_num: 0 finish: 1473411332 353998026 start: 1473411331 49862885
t_num: 16 finish: 1473411332 379832483 start: 1473411331 268635803
t_num: 6 finish: 1473411332 644868383 start: 1473411331 539666967
t_num: 7 finish: 1473411332 704080582 start: 1473411330 892649268
t_num: 14 finish: 1473411332 704220482 start: 1473411331 485905472
t_num: 20 finish: 1473411332 778090182 start: 1473411331 205703030
t_num: 26 finish: 1473411332 778111942 start: 1473411330 893673157
t_num: 21 finish: 1473411332 902862116 start: 1473411331 234878678
t_num: 5 finish: 1473411332 929709514 start: 1473411331 235714641
t_num: 3 finish: 1473411333 66323254 start: 1473411331 693048725
t_num: 18 finish: 1473411333 100848225 start: 1473411331 692920562
t_num: 4 finish: 1473411333 160801097 start: 1473411331 363150916
t_num: 28 finish: 1473411333 314593693 start: 1473411332 205948742
t_num: 6 finish: 1473411334 74919408 start: 1473411332 644893156
t_num: 0 finish: 1473411334 75226021 start: 1473411332 354055390
t_num: 5 finish: 1473411334 203182350 start: 1473411332 929731528
t_num: 20 finish: 1473411334 454299921 start: 1473411332 778140021
t_num: 26 finish: 1473411334 454304318 start: 1473411332 968251956
t_num: 3 finish: 1473411334 553563137 start: 1473411333 66349610
t_num: 9 finish: 1473411334 608659902 start: 1473411332 781968911
t_num: 30 finish: 1473411334 628698289 start: 1473411332 137011586
t_num: 1 finish: 1473411334 734559018 start: 1473411332 250316422
t_num: 4 finish: 1473411334 734597334 start: 1473411333 160826601
t_num: 12 finish: 1473411335 37912099 start: 1473411333 45570386
t_num: 25 finish: 1473411335 38885824 start: 1473411333 559823109
t_num: 14 finish: 1473411335 219441192 start: 1473411332 704241396
t_num: 28 finish: 1473411335 385165624 start: 1473411333 837033070
t_num: 29 finish: 1473411335 625194602 start: 1473411333 941775164
t_num: 24 finish: 1473411335 687136730 start: 1473411334 31346202
t_num: 21 finish: 1473411335 760007138 start: 1473411332 902898002
t_num: 3 finish: 1473411336 46490643 start: 1473411334 553599761
t_num: 30 finish: 1473411336 53390926 start: 1473411334 628740713
t_num: 7 finish: 1473411336 117163029 start: 1473411334 24747369
t_num: 12 finish: 1473411336 176157034 start: 1473411335 37955808
t_num: 2 finish: 1473411336 176832846 start: 1473411333 560241756
t_num: 20 finish: 1473411336 376286637 start: 1473411334 454348325
t_num: 16 finish: 1473411336 901049048 start: 1473411335 298412988
t_num: 9 finish: 1473411337 1096848 start: 1473411335 404947440
t_num: 0 finish: 1473411337 3901633 start: 1473411334 734509898
t_num: 13 finish: 1473411337 5977031 start: 1473411334 209469953
t_num: 3 finish: 1473411337 305299667 start: 1473411336 46532126
t_num: 12 finish: 1473411337 456826017 start: 1473411336 176177800
t_num: 17 finish: 1473411337 978318723 start: 1473411336 638610949
t_num: 29 finish: 1473411338 138982079 start: 1473411335 625238163
t_num: 25 finish: 1473411338 139134015 start: 1473411336 175783121
t_num: 28 finish: 1473411338 139294174 start: 1473411335 385198328
t_num: 0 finish: 1473411338 190375550 start: 1473411337 3923408
t_num: 2 finish: 1473411338 233065647 start: 1473411336 176852695
t_num: 24 finish: 1473411338 268013553 start: 1473411335 687172841
t_num: 18 finish: 1473411338 662511255 start: 1473411337 193620364
t_num: 13 finish: 1473411338 717566178 start: 1473411337 5996788
t_num: 14 finish: 1473411338 844968978 start: 1473411336 174024283
t_num: 4 finish: 1473411338 900965937 start: 1473411336 825792541
t_num: 10 finish: 1473411338 906650235 start: 1473411337 305140508
t_num: 9 finish: 1473411338 908237052 start: 1473411337 1131150
t_num: 3 finish: 1473411338 908299406 start: 1473411337 305324052
t_num: 16 finish: 1473411338 938292663 start: 1473411337 412824897
t_num: 7 finish: 1473411339 164400273 start: 1473411336 825823397
t_num: 24 finish: 1473411339 216562258 start: 1473411338 268048847
t_num: 12 finish: 1473411339 922699864 start: 1473411337 456850601
t_num: 0 finish: 1473411339 924330832 start: 1473411338 525648346
t_num: 22 finish: 1473411339 925096856 start: 1473411337 795902743
t_num: 29 finish: 1473411340 244306529 start: 1473411338 139024019
t_num: 24 finish: 1473411340 507346001 start: 1473411339 216584824
t_num: 4 finish: 1473411340 620037232 start: 1473411338 901014466
t_num: 16 finish: 1473411340 978920359 start: 1473411339 600916877
t_num: 5 finish: 1473411341 36212128 start: 1473411339 917691489
t_num: 17 finish: 1473411341 36436386 start: 1473411339 506560574
t_num: 11 finish: 1473411341 36534691 start: 1473411339 350076630
t_num: 7 finish: 1473411341 36575820 start: 1473411339 164436759
t_num: 14 finish: 1473411341 63216984 start: 1473411338 845001512
t_num: 31 finish: 1473411341 163944525 start: 1473411338 758608273
t_num: 12 finish: 1473411341 164511126 start: 1473411339 922729730
t_num: 19 finish: 1473411341 786398363 start: 1473411340 641608061
t_num: 13 finish: 1473411341 788141895 start: 1473411338 717595614
t_num: 10 finish: 1473411341 873741552 start: 1473411340 370304716
t_num: 18 finish: 1473411341 887597576 start: 1473411340 174769910
t_num: 9 finish: 1473411341 919700979 start: 1473411339 924996317
t_num: 27 finish: 1473411342 397581675 start: 1473411340 176249281
t_num: 24 finish: 1473411342 967036596 start: 1473411340 507375363
t_num: 18 finish: 1473411343 292010199 start: 1473411341 887621755
t_num: 20 finish: 1473411343 355606519 start: 1473411341 964188810
t_num: 3 finish: 1473411343 356531165 start: 1473411340 894424540
t_num: 4 finish: 1473411343 615647536 start: 1473411341 17605107
t_num: 16 finish: 1473411343 615730185 start: 1473411341 78833659
t_num: 17 finish: 1473411343 615929698 start: 1473411341 36455300
t_num: 5 finish: 1473411343 615959690 start: 1473411341 36239191
t_num: 22 finish: 1473411343 641677490 start: 1473411340 787838706
t_num: 9 finish: 1473411343 760033668 start: 1473411342 158302629
t_num: 23 finish: 1473411343 945954104 start: 1473411341 919837050
t_num: 19 finish: 1473411343 966117196 start: 1473411342 747983868
t_num: 25 finish: 1473411344 139242578 start: 1473411342 909667708
t_num: 8 finish: 1473411344 535187023 start: 1473411341 847930684
t_num: 31 finish: 1473411344 535457331 start: 1473411341 163968267
t_num: 27 finish: 1473411344 659670486 start: 1473411343 356602227
t_num: 14 finish: 1473411344 659741439 start: 1473411342 425618199
t_num: 10 finish: 1473411344 926967074 start: 1473411342 748052849
t_num: 24 finish: 1473411344 931910947 start: 1473411343 641813178
t_num: 1 finish: 1473411345 447395932 start: 1473411343 522200467
t_num: 3 finish: 1473411345 454304363 start: 1473411343 356552713
t_num: 22 finish: 1473411345 586285441 start: 1473411343 641699220
t_num: 4 finish: 1473411346 200432269 start: 1473411343 615684268
t_num: 5 finish: 1473411346 200444819 start: 1473411344 364261259
t_num: 26 finish: 1473411346 202505114 start: 1473411343 356827960
t_num: 31 finish: 1473411346 462069121 start: 1473411344 535490704
t_num: 27 finish: 1473411346 504614298 start: 1473411344 659696645
t_num: 12 finish: 1473411346 549958592 start: 1473411343 641773463
t_num: 16 finish: 1473411346 550155723 start: 1473411344 361976077
t_num: 25 finish: 1473411346 550227116 start: 1473411344 659284082
t_num: 20 finish: 1473411346 566829555 start: 1473411343 642093125
t_num: 11 finish: 1473411346 566848423 start: 1473411344 51714672
t_num: 17 finish: 1473411346 591038567 start: 1473411344 659347618
t_num: 23 finish: 1473411346 673080403 start: 1473411345 585456805
t_num: 22 finish: 1473411347 409177672 start: 1473411345 586306320
t_num: 21 finish: 1473411347 534125523 start: 1473411345 667035707
t_num: 2 finish: 1473411347 577031002 start: 1473411345 746487716
t_num: 7 finish: 1473411347 593782733 start: 1473411346 481282553
t_num: 29 finish: 1473411347 889026641 start: 1473411346 458028078
t_num: 20 finish: 1473411347 889947491 start: 1473411346 566869592
t_num: 24 finish: 1473411347 971286047 start: 1473411345 750390526
t_num: 4 finish: 1473411348 344607225 start: 1473411346 200499496
t_num: 26 finish: 1473411348 394921831 start: 1473411346 202541773
t_num: 25 finish: 1473411348 484954745 start: 1473411347 492618133
t_num: 19 finish: 1473411348 613528830 start: 1473411345 636391440
t_num: 3 finish: 1473411349 225745777 start: 1473411346 921575193
t_num: 5 finish: 1473411349 226746065 start: 1473411346 200562091
t_num: 14 finish: 1473411349 227292408 start: 1473411347 632633991
t_num: 12 finish: 1473411349 488967559 start: 1473411346 549992624
t_num: 30 finish: 1473411349 568714586 start: 1473411346 459228165
t_num: 27 finish: 1473411349 568724308 start: 1473411348 46034484
t_num: 17 finish: 1473411349 831021353 start: 1473411348 184657678
t_num: 7 finish: 1473411350 74729852 start: 1473411347 593804667
t_num: 2 finish: 1473411350 144889324 start: 1473411349 487563706
t_num: 20 finish: 1473411350 185826222 start: 1473411348 102720049
t_num: 19 finish: 1473411350 315494183 start: 1473411348 613571450
t_num: 12 finish: 1473411350 318594548 start: 1473411349 488991805
t_num: 21 finish: 1473411350 319472723 start: 1473411347 534192841
t_num: 1 finish: 1473411350 531155665 start: 1473411348 256491050
t_num: 0 finish: 1473411350 665965726 start: 1473411348 938903587
t_num: 23 finish: 1473411350 665970632 start: 1473411349 632270913
t_num: 5 finish: 1473411350 801689144 start: 1473411349 226767440
t_num: 24 finish: 1473411350 802143700 start: 1473411349 559370300
t_num: 28 finish: 1473411350 989155994 start: 1473411348 484700283
t_num: 11 finish: 1473411351 329220284 start: 1473411348 807553912
t_num: 18 finish: 1473411351 352259390 start: 1473411349 8393443
t_num: 17 finish: 1473411351 445281678 start: 1473411349 831064061
t_num: 3 finish: 1473411351 548672215 start: 1473411349 772690140
t_num: 0 finish: 1473411351 950749075 start: 1473411350 666035730
t_num: 7 finish: 1473411352 89761596 start: 1473411350 901900603
t_num: 16 finish: 1473411352 277901261 start: 1473411349 536989917
t_num: 19 finish: 1473411352 301006387 start: 1473411350 802513919
t_num: 3 finish: 1473411352 751053282 start: 1473411351 548698110
t_num: 20 finish: 1473411352 833025394 start: 1473411350 185865419
t_num: 23 finish: 1473411352 983816419 start: 1473411350 666047643
t_num: 24 finish: 1473411353 95976066 start: 1473411350 802163286
t_num: 28 finish: 1473411353 99420748 start: 1473411351 929307009
t_num: 21 finish: 1473411353 170439173 start: 1473411351 681381476
t_num: 1 finish: 1473411353 222153363 start: 1473411351 331508150
t_num: 17 finish: 1473411353 292268185 start: 1473411351 445305866
t_num: 27 finish: 1473411353 454623338 start: 1473411351 611488701
t_num: 9 finish: 1473411353 711880666 start: 1473411352 276946779
t_num: 6 finish: 1473411353 712504385 start: 1473411352 249487621
t_num: 7 finish: 1473411353 712722165 start: 1473411352 89795882
t_num: 31 finish: 1473411353 992002497 start: 1473411351 716413120
t_num: 20 finish: 1473411354 55643693 start: 1473411352 833052307
t_num: 12 finish: 1473411354 159436511 start: 1473411351 715930467
t_num: 15 finish: 1473411354 498189515 start: 1473411352 137399551
t_num: 17 finish: 1473411354 555792008 start: 1473411353 710591596
t_num: 23 finish: 1473411354 566464968 start: 1473411352 983887288
t_num: 13 finish: 1473411354 566529116 start: 1473411352 508789129
t_num: 24 finish: 1473411354 712465351 start: 1473411353 96005929
t_num: 16 finish: 1473411355 14489226 start: 1473411352 277929992
t_num: 31 finish: 1473411355 208109658 start: 1473411353 992030168
t_num: 3 finish: 1473411355 337273757 start: 1473411352 751085456
t_num: 21 finish: 1473411355 500443760 start: 1473411354 494984410
t_num: 2 finish: 1473411355 583667224 start: 1473411354 566600768
t_num: 11 finish: 1473411355 698122172 start: 1473411352 891591732
t_num: 19 finish: 1473411355 882843887 start: 1473411353 291770313
t_num: 15 finish: 1473411355 882856129 start: 1473411354 498215721
t_num: 20 finish: 1473411356 3821401 start: 1473411354 711583751
t_num: 9 finish: 1473411356 224849396 start: 1473411354 654850612
t_num: 5 finish: 1473411356 224905755 start: 1473411353 814572580
t_num: 6 finish: 1473411356 307716110 start: 1473411353 712524674
t_num: 16 finish: 1473411356 309665242 start: 1473411355 14532439
t_num: 8 finish: 1473411356 309754306 start: 1473411354 53757702
t_num: 24 finish: 1473411356 338694451 start: 1473411354 712487153
t_num: 1 finish: 1473411356 538674705 start: 1473411354 55600491
t_num: 13 finish: 1473411356 598322558 start: 1473411355 739532942
t_num: 27 finish: 1473411356 598529418 start: 1473411353 454658167
t_num: 3 finish: 1473411356 711760653 start: 1473411355 337323128
t_num: 23 finish: 1473411356 848641758 start: 1473411355 583693855
t_num: 5 finish: 1473411357 259610000 start: 1473411356 224925235
t_num: 9 finish: 1473411357 278323915 start: 1473411356 224883658
t_num: 26 finish: 1473411357 328451890 start: 1473411356 339297734
t_num: 24 finish: 1473411357 519161476 start: 1473411356 338715351
t_num: 17 finish: 1473411357 519161694 start: 1473411355 929723852
t_num: 8 finish: 1473411357 820617502 start: 1473411356 508827962
t_num: 20 finish: 1473411357 820624832 start: 1473411356 338425017
t_num: 22 finish: 1473411357 956608361 start: 1473411355 882347283
t_num: 21 finish: 1473411357 957218321 start: 1473411355 500488077
t_num: 14 finish: 1473411358 140497055 start: 1473411356 990473754
t_num: 31 finish: 1473411358 252503894 start: 1473411355 962195216
t_num: 23 finish: 1473411358 252637504 start: 1473411356 848668554
t_num: 1 finish: 1473411358 313402014 start: 1473411356 846026915
t_num: 6 finish: 1473411358 313478981 start: 1473411356 307758328
t_num: 9 finish: 1473411358 552846929 start: 1473411357 278354351
t_num: 11 finish: 1473411358 604115560 start: 1473411356 598075275
t_num: 10 finish: 1473411358 817340984 start: 1473411357 219283368
t_num: 15 finish: 1473411358 878682278 start: 1473411356 933006786
t_num: 13 finish: 1473411358 914583009 start: 1473411356 598343843
t_num: 21 finish: 1473411359 52552724 start: 1473411357 957238548
t_num: 20 finish: 1473411359 116395680 start: 1473411357 820688028
t_num: 5 finish: 1473411359 258552219 start: 1473411357 407230425
t_num: 27 finish: 1473411359 341994487 start: 1473411357 689916483
t_num: 8 finish: 1473411359 920995388 start: 1473411357 820655278
t_num: 30 finish: 1473411359 942931108 start: 1473411358 365811611
t_num: 6 finish: 1473411360 718551363 start: 1473411358 742872897
t_num: 21 finish: 1473411360 778260253 start: 1473411359 52577055
t_num: 24 finish: 1473411360 778272342 start: 1473411358 191084448
t_num: 16 finish: 1473411360 878697092 start: 1473411358 780126399
t_num: 12 finish: 1473411360 997553641 start: 1473411359 423377464
t_num: 4 finish: 1473411360 997614091 start: 1473411358 601612724
t_num: 14 finish: 1473411360 997651094 start: 1473411358 140533711
t_num: 13 finish: 1473411361 22475586 start: 1473411358 914618991
t_num: 26 finish: 1473411361 482398467 start: 1473411358 661966388
t_num: 21 finish: 1473411361 542057093 start: 1473411360 778302143
t_num: 8 finish: 1473411361 543573872 start: 1473411359 921027489
t_num: 11 finish: 1473411361 661325684 start: 1473411359 117104946
t_num: 23 finish: 1473411361 722421637 start: 1473411360 7455576
t_num: 9 finish: 1473411361 722621481 start: 1473411359 53038002
t_num: 27 finish: 1473411361 769713634 start: 1473411359 860769782
t_num: 30 finish: 1473411361 772084558 start: 1473411359 942958244
t_num: 5 finish: 1473411362 227874732 start: 1473411359 801087123
t_num: 16 finish: 1473411362 231771366 start: 1473411360 958310490
t_num: 14 finish: 1473411362 350724815 start: 1473411361 260435171
t_num: 25 finish: 1473411362 629565190 start: 1473411360 778375173
t_num: 8 finish: 1473411362 632044694 start: 1473411361 543595213
t_num: 17 finish: 1473411362 820141661 start: 1473411360 778350007
t_num: 20 finish: 1473411362 850045596 start: 1473411361 202607725
t_num: 24 finish: 1473411362 928831075 start: 1473411360 778327425
t_num: 0 finish: 1473411362 990630168 start: 1473411360 249623235
t_num: 4 finish: 1473411363 614199607 start: 1473411360 997630165
t_num: 12 finish: 1473411363 695038645 start: 1473411361 684149188
t_num: 26 finish: 1473411364 59502619 start: 1473411362 501861698
t_num: 9 finish: 1473411364 201862379 start: 1473411361 722641676
t_num: 19 finish: 1473411364 286193128 start: 1473411361 681870002
t_num: 18 finish: 1473411364 344206384 start: 1473411362 231818599
t_num: 13 finish: 1473411364 983593161 start: 1473411361 823966345
t_num: 16 finish: 1473411365 3485452 start: 1473411362 231830049
t_num: 23 finish: 1473411365 75812615 start: 1473411363 35236488
t_num: 30 finish: 1473411365 202524102 start: 1473411361 772119803
t_num: 2 finish: 1473411365 203734775 start: 1473411363 198947341
t_num: 24 finish: 1473411365 236038044 start: 1473411362 928856015
t_num: 31 finish: 1473411365 280226349 start: 1473411362 673584901
t_num: 14 finish: 1473411365 406782699 start: 1473411362 350759962
t_num: 0 finish: 1473411365 544299859 start: 1473411362 990657604
t_num: 17 finish: 1473411365 636676071 start: 1473411362 820239996
t_num: 4 finish: 1473411365 795933239 start: 1473411363 614240265
t_num: 20 finish: 1473411366 155387677 start: 1473411363 738712316
t_num: 27 finish: 1473411366 155778907 start: 1473411363 695937146
t_num: 25 finish: 1473411366 244191956 start: 1473411365 113743954
t_num: 2 finish: 1473411366 471692275 start: 1473411365 203755885
t_num: 7 finish: 1473411366 472492928 start: 1473411364 110396376
t_num: 22 finish: 1473411366 472998263 start: 1473411365 71169653
t_num: 12 finish: 1473411366 571694189 start: 1473411363 695078929
t_num: 3 finish: 1473411366 606984545 start: 1473411364 818258171
t_num: 23 finish: 1473411366 748706479 start: 1473411365 75839956
t_num: 6 finish: 1473411366 748779296 start: 1473411364 110476563
t_num: 26 finish: 1473411366 829933056 start: 1473411364 59548168
t_num: 18 finish: 1473411366 830027765 start: 1473411365 76518962
t_num: 19 finish: 1473411367 24793308 start: 1473411364 286231171
t_num: 14 finish: 1473411367 172673761 start: 1473411365 406825731
t_num: 7 finish: 1473411367 661306022 start: 1473411366 472513718
t_num: 31 finish: 1473411367 722080553 start: 1473411365 280279577
t_num: 2 finish: 1473411367 989886992 start: 1473411366 471728961
t_num: 16 finish: 1473411367 990576780 start: 1473411366 155416810
t_num: 0 finish: 1473411367 993722998 start: 1473411366 934834586
t_num: 27 finish: 1473411368 108561372 start: 1473411366 155812527
t_num: 3 finish: 1473411368 137963583 start: 1473411367 62490331
t_num: 19 finish: 1473411368 193991353 start: 1473411367 24843078
t_num: 20 finish: 1473411368 243066359 start: 1473411366 155429068
t_num: 21 finish: 1473411368 300976928 start: 1473411367 657557990
t_num: 6 finish: 1473411368 458683910 start: 1473411366 748813291
t_num: 25 finish: 1473411368 638072143 start: 1473411366 602932300
t_num: 30 finish: 1473411368 698568127 start: 1473411366 602959390
t_num: 16 finish: 1473411368 783852810 start: 1473411367 990597908
t_num: 23 finish: 1473411368 897688638 start: 1473411366 748733382
t_num: 13 finish: 1473411368 943017647 start: 1473411366 748496641
t_num: 7 finish: 1473411369 121093599 start: 1473411367 661337427
t_num: 22 finish: 1473411369 121412024 start: 1473411366 473018759
t_num: 17 finish: 1473411369 516799338 start: 1473411366 705773434
t_num: 1 finish: 1473411369 516808888 start: 1473411367 107417360
t_num: 0 finish: 1473411369 810444392 start: 1473411367 993743934
t_num: 10 finish: 1473411369 902747181 start: 1473411367 990735326
t_num: 26 finish: 1473411369 956041259 start: 1473411368 698563015
t_num: 16 finish: 1473411369 956485275 start: 1473411368 783877464
t_num: 21 finish: 1473411370 44238942 start: 1473411368 301014120
t_num: 15 finish: 1473411370 230672221 start: 1473411368 513431939
t_num: 19 finish: 1473411370 230826826 start: 1473411368 550388501
t_num: 18 finish: 1473411370 262854802 start: 1473411369 20424389
t_num: 3 finish: 1473411371 32531127 start: 1473411368 138023595
t_num: 2 finish: 1473411371 97573979 start: 1473411369 19668938
t_num: 21 finish: 1473411371 192121547 start: 1473411370 44277182
t_num: 22 finish: 1473411371 192919777 start: 1473411369 121436046
t_num: 30 finish: 1473411371 221589732 start: 1473411368 698587785
t_num: 17 finish: 1473411371 252601520 start: 1473411369 516840273
t_num: 15 finish: 1473411371 385048787 start: 1473411370 230713376
t_num: 27 finish: 1473411371 508479820 start: 1473411369 279384965
t_num: 25 finish: 1473411371 566236779 start: 1473411369 775500894
t_num: 0 finish: 1473411371 595132350 start: 1473411370 230644922
t_num: 16 finish: 1473411371 650694935 start: 1473411369 956506152
t_num: 28 finish: 1473411371 708647359 start: 1473411369 505230105
t_num: 5 finish: 1473411371 864992405 start: 1473411369 380181127
t_num: 9 finish: 1473411371 929386636 start: 1473411370 232280011
t_num: 6 finish: 1473411371 979889776 start: 1473411370 230685957
t_num: 13 finish: 1473411372 8127176 start: 1473411371 108600230
t_num: 14 finish: 1473411372 27883255 start: 1473411370 593757854
t_num: 10 finish: 1473411372 446413535 start: 1473411371 108619753
t_num: 22 finish: 1473411372 473077786 start: 1473411371 192942438
t_num: 2 finish: 1473411372 623821955 start: 1473411371 97605780
t_num: 1 finish: 1473411372 661097659 start: 1473411370 612923179
t_num: 11 finish: 1473411372 719905332 start: 1473411370 729264981
t_num: 27 finish: 1473411372 803311946 start: 1473411371 508521745
t_num: 18 finish: 1473411372 803348837 start: 1473411371 416078068
t_num: 25 finish: 1473411372 889615379 start: 1473411371 774315036
t_num: 20 finish: 1473411372 931249806 start: 1473411372 399680806
t_num: 5 finish: 1473411373 124951013 start: 1473411371 865022072
t_num: 26 finish: 1473411373 361662111 start: 1473411371 416013929
t_num: 19 finish: 1473411373 361867682 start: 1473411371 343748239
t_num: 10 finish: 1473411373 427862924 start: 1473411372 446466807
t_num: 6 finish: 1473411373 841487958 start: 1473411371 979925455
t_num: 5 finish: 1473411373 845813336 start: 1473411373 124993954
t_num: 15 finish: 1473411373 967298725 start: 1473411371 385092546
t_num: 17 finish: 1473411373 967577879 start: 1473411372 157953137
t_num: 22 finish: 1473411374 61701906 start: 1473411372 473099803
t_num: 18 finish: 1473411374 377744828 start: 1473411372 803381367
t_num: 11 finish: 1473411374 840765803 start: 1473411372 719934538
t_num: 13 finish: 1473411374 866722833 start: 1473411373 217318546
t_num: 30 finish: 1473411375 130215160 start: 1473411372 397316392
t_num: 10 finish: 1473411375 239110184 start: 1473411373 427896891
t_num: 28 finish: 1473411375 303260533 start: 1473411373 362108684
t_num: 29 finish: 1473411375 416179216 start: 1473411373 964786459
t_num: 19 finish: 1473411375 704563692 start: 1473411373 922154781
t_num: 21 finish: 1473411375 895440471 start: 1473411373 643524158
t_num: 23 finish: 1473411376 424520197 start: 1473411374 64429235
t_num: 17 finish: 1473411376 621923940 start: 1473411374 400009670
t_num: 18 finish: 1473411376 820594042 start: 1473411375 239138860
t_num: 25 finish: 1473411376 997962093 start: 1473411374 377056902
t_num: 0 finish: 1473411376 998196643 start: 1473411373 967322378
t_num: 6 finish: 1473411377 159135283 start: 1473411374 378213711
t_num: 1 finish: 1473411377 169882312 start: 1473411375 132043060
t_num: 22 finish: 1473411377 244240527 start: 1473411375 94753595
t_num: 9 finish: 1473411377 533425886 start: 1473411374 635395094
t_num: 29 finish: 1473411377 572434566 start: 1473411375 416215022
t_num: 13 finish: 1473411377 572555654 start: 1473411375 796635269
t_num: 2 finish: 1473411377 572997913 start: 1473411374 305425397
t_num: 30 finish: 1473411377 708756588 start: 1473411375 130255842
t_num: 11 finish: 1473411377 840756490 start: 1473411375 796566963
t_num: 19 finish: 1473411378 330602611 start: 1473411375 704621964
t_num: 18 finish: 1473411378 361246407 start: 1473411376 820629239
t_num: 21 finish: 1473411378 462492518 start: 1473411375 895483644
t_num: 16 finish: 1473411378 535803644 start: 1473411376 684131477
t_num: 22 finish: 1473411378 826331547 start: 1473411377 253974633
t_num: 28 finish: 1473411379 25066893 start: 1473411376 792643748
t_num: 17 finish: 1473411379 138323463 start: 1473411377 573023613
t_num: 9 finish: 1473411379 422497812 start: 1473411377 533468903
t_num: 10 finish: 1473411379 507063859 start: 1473411376 877265330
t_num: 4 finish: 1473411379 531702970 start: 1473411376 499576482
t_num: 15 finish: 1473411379 637281716 start: 1473411377 904556690
t_num: 1 finish: 1473411379 672137690 start: 1473411377 903934403
t_num: 13 finish: 1473411380 41270873 start: 1473411377 572575634
t_num: 6 finish: 1473411380 41357743 start: 1473411377 159169015
t_num: 20 finish: 1473411380 168445793 start: 1473411377 293940042
t_num: 18 finish: 1473411380 171737011 start: 1473411378 361289257
t_num: 8 finish: 1473411380 396847722 start: 1473411378 567496655
t_num: 4 finish: 1473411380 398061098 start: 1473411379 531725109
t_num: 28 finish: 1473411380 774212682 start: 1473411379 25124680
t_num: 1 finish: 1473411380 774220882 start: 1473411379 672173660
t_num: 2 finish: 1473411380 841493610 start: 1473411378 87289851
t_num: 31 finish: 1473411381 34087269 start: 1473411377 969185573
t_num: 13 finish: 1473411381 36740535 start: 1473411380 41313689
t_num: 18 finish: 1473411381 278108305 start: 1473411380 774278377
t_num: 7 finish: 1473411381 322477055 start: 1473411379 824714829
t_num: 11 finish: 1473411381 326131420 start: 1473411380 327261104
t_num: 4 finish: 1473411381 331723645 start: 1473411380 398081996
t_num: 19 finish: 1473411381 590510530 start: 1473411379 421282265
t_num: 6 finish: 1473411381 638718277 start: 1473411380 228982180
t_num: 21 finish: 1473411381 790719919 start: 1473411379 835578952
t_num: 9 finish: 1473411382 260033673 start: 1473411379 422549538
t_num: 20 finish: 1473411382 260112402 start: 1473411380 861491247
t_num: 17 finish: 1473411382 275759450 start: 1473411379 138367519
t_num: 1 finish: 1473411382 352330291 start: 1473411380 774317280
t_num: 2 finish: 1473411382 833669095 start: 1473411380 841523871
t_num: 10 finish: 1473411382 834708136 start: 1473411380 551308184
t_num: 22 finish: 1473411382 918236518 start: 1473411380 142905841
t_num: 13 finish: 1473411383 156970934 start: 1473411381 36764329
t_num: 31 finish: 1473411383 157203305 start: 1473411382 220106361
t_num: 11 finish: 1473411383 278156433 start: 1473411381 326148695
t_num: 6 finish: 1473411383 280190249 start: 1473411382 260094966
t_num: 9 finish: 1473411383 405825684 start: 1473411382 260064564
t_num: 21 finish: 1473411383 528257044 start: 1473411382 764173327
t_num: 0 finish: 1473411383 968312450 start: 1473411381 378213623
t_num: 20 finish: 1473411383 969840064 start: 1473411382 260126769
t_num: 7 finish: 1473411384 370724599 start: 1473411382 260901178
t_num: 22 finish: 1473411384 680003107 start: 1473411382 918265924
t_num: 1 finish: 1473411384 847378328 start: 1473411382 352385963
t_num: 17 finish: 1473411385 86829839 start: 1473411383 282213801
t_num: 6 finish: 1473411385 328868288 start: 1473411383 727886489
t_num: 3 finish: 1473411385 375685829 start: 1473411383 955887798
t_num: 11 finish: 1473411385 376368675 start: 1473411383 278186706
t_num: 10 finish: 1473411385 378617254 start: 1473411382 834729948
t_num: 4 finish: 1473411385 396224026 start: 1473411382 849439606
t_num: 31 finish: 1473411385 439742961 start: 1473411383 157222771
t_num: 0 finish: 1473411385 571006300 start: 1473411383 968336620
t_num: 14 finish: 1473411385 572930729 start: 1473411384 752619475
t_num: 12 finish: 1473411385 847133040 start: 1473411383 959968776
t_num: 23 finish: 1473411385 897846170 start: 1473411385 85662617
t_num: 8 finish: 1473411385 989511465 start: 1473411384 370587248
t_num: 24 finish: 1473411386 70698394 start: 1473411385 377347527
t_num: 22 finish: 1473411386 308614529 start: 1473411384 680062969
t_num: 2 finish: 1473411386 329291954 start: 1473411382 833700104
t_num: 26 finish: 1473411386 423944722 start: 1473411385 68894793
t_num: 27 finish: 1473411386 948328706 start: 1473411384 207261678
t_num: 16 finish: 1473411387 435909811 start: 1473411385 499417108
t_num: 5 finish: 1473411387 435994088 start: 1473411385 413218794
t_num: 9 finish: 1473411387 436422954 start: 1473411384 719904603
t_num: 1 finish: 1473411387 740394649 start: 1473411385 489762690
t_num: 7 finish: 1473411387 938495639 start: 1473411384 370753917
t_num: 8 finish: 1473411387 938658615 start: 1473411385 989537582
t_num: 17 finish: 1473411387 998636835 start: 1473411385 86852198
t_num: 27 finish: 1473411388 509222747 start: 1473411386 948388607
t_num: 21 finish: 1473411388 611024569 start: 1473411386 138440283
t_num: 31 finish: 1473411388 611535948 start: 1473411385 439766224
t_num: 6 finish: 1473411388 611606914 start: 1473411386 352424780
t_num: 14 finish: 1473411388 811698623 start: 1473411386 352617612
t_num: 22 finish: 1473411388 851829053 start: 1473411386 308659743
t_num: 2 finish: 1473411388 851850206 start: 1473411386 329332023
t_num: 0 finish: 1473411388 851865119 start: 1473411385 800250009
t_num: 5 finish: 1473411388 886512235 start: 1473411387 436013813
t_num: 30 finish: 1473411388 886562875 start: 1473411386 73074630
t_num: 26 finish: 1473411389 264693399 start: 1473411386 423989823
t_num: 17 finish: 1473411389 452174309 start: 1473411388 313080632
t_num: 19 finish: 1473411389 671096176 start: 1473411387 892765011
t_num: 9 finish: 1473411389 671107090 start: 1473411387 436442596
t_num: 16 finish: 1473411389 870606299 start: 1473411387 740355992
t_num: 31 finish: 1473411389 909564798 start: 1473411388 964474499
t_num: 12 finish: 1473411389 956287675 start: 1473411387 815084565
t_num: 21 finish: 1473411390 51437165 start: 1473411389 308343460
t_num: 13 finish: 1473411390 334252738 start: 1473411388 460935784
t_num: 30 finish: 1473411390 558350304 start: 1473411388 886577615
t_num: 11 finish: 1473411390 558369464 start: 1473411388 322289664
t_num: 0 finish: 1473411390 803222408 start: 1473411388 851877422
t_num: 14 finish: 1473411391 61847568 start: 1473411389 308371380
t_num: 6 finish: 1473411391 62697923 start: 1473411388 971377002
t_num: 8 finish: 1473411391 153059311 start: 1473411387 938678104
t_num: 20 finish: 1473411391 154919102 start: 1473411388 509460821
t_num: 2 finish: 1473411391 157127318 start: 1473411388 851896933
t_num: 28 finish: 1473411391 737600956 start: 1473411389 869657254
t_num: 17 finish: 1473411391 758354711 start: 1473411389 452218637
t_num: 12 finish: 1473411391 978265235 start: 1473411389 956309240
t_num: 27 finish: 1473411392 111630898 start: 1473411389 308352170
t_num: 31 finish: 1473411392 163525648 start: 1473411391 154878653
t_num: 16 finish: 1473411392 511586996 start: 1473411391 320470973
t_num: 11 finish: 1473411392 609921533 start: 1473411390 558425195
t_num: 9 finish: 1473411392 835305949 start: 1473411389 955443769
t_num: 13 finish: 1473411392 835912322 start: 1473411390 334299792
t_num: 1 finish: 1473411392 918633669 start: 1473411391 441975024
t_num: 22 finish: 1473411392 919343830 start: 1473411391 154017881
t_num: 20 finish: 1473411393 285246539 start: 1473411391 154936877
t_num: 27 finish: 1473411393 297776381 start: 1473411392 111674094
t_num: 3 finish: 1473411393 767127069 start: 1473411392 28300808
t_num: 5 finish: 1473411393 767199603 start: 1473411390 558447864
t_num: 19 finish: 1473411393 767314457 start: 1473411391 192271871
t_num: 15 finish: 1473411393 767357257 start: 1473411391 441948576
t_num: 28 finish: 1473411393 830056484 start: 1473411391 737641667
t_num: 12 finish: 1473411394 238976063 start: 1473411392 897830787
t_num: 16 finish: 1473411394 408003528 start: 1473411392 511747801
t_num: 27 finish: 1473411394 436902656 start: 1473411393 297795859
t_num: 0 finish: 1473411394 437161929 start: 1473411392 163627333
t_num: 20 finish: 1473411394 951718208 start: 1473411393 285280019
t_num: 5 finish: 1473411395 83037928 start: 1473411393 767218400
t_num: 31 finish: 1473411395 83076432 start: 1473411392 163559252
t_num: 3 finish: 1473411395 211561520 start: 1473411393 767172055
t_num: 24 finish: 1473411395 369477364 start: 1473411392 894213051
t_num: 11 finish: 1473411395 635440636 start: 1473411393 856383718
t_num: 23 finish: 1473411395 828929764 start: 1473411394 436421938
t_num: 16 finish: 1473411395 986904043 start: 1473411394 408044436
t_num: 1 finish: 1473411395 986920103 start: 1473411392 918660463
t_num: 12 finish: 1473411396 18728856 start: 1473411394 239002574
t_num: 25 finish: 1473411396 174338104 start: 1473411394 676673431
t_num: 29 finish: 1473411396 176360866 start: 1473411392 774073324
t_num: 2 finish: 1473411396 178413543 start: 1473411395 506472162
t_num: 6 finish: 1473411396 452180758 start: 1473411392 946720083
t_num: 13 finish: 1473411396 452248987 start: 1473411394 237636554
t_num: 18 finish: 1473411396 491936427 start: 1473411394 317202408
t_num: 5 finish: 1473411396 514054839 start: 1473411395 83068788
t_num: 31 finish: 1473411396 514549781 start: 1473411395 83094483
t_num: 22 finish: 1473411396 514985504 start: 1473411393 830043610
t_num: 0 finish: 1473411396 524029580 start: 1473411395 519981327
t_num: 3 finish: 1473411396 747467950 start: 1473411395 211600049
t_num: 28 finish: 1473411396 791201352 start: 1473411394 631828633
t_num: 11 finish: 1473411396 791369102 start: 1473411396 189621216
t_num: 24 finish: 1473411397 245134051 start: 1473411395 369499304
t_num: 29 finish: 1473411397 585679462 start: 1473411396 176382473
t_num: 26 finish: 1473411397 710019797 start: 1473411395 369264600
t_num: 12 finish: 1473411397 811480901 start: 1473411396 18750645
t_num: 18 finish: 1473411397 896495302 start: 1473411396 491963092
t_num: 22 finish: 1473411398 50012818 start: 1473411396 515004892
t_num: 11 finish: 1473411398 166920248 start: 1473411396 791388372
t_num: 9 finish: 1473411398 234633819 start: 1473411395 369254444
t_num: 6 finish: 1473411398 281773303 start: 1473411396 452210517
t_num: 25 finish: 1473411398 514370360 start: 1473411396 174376995
t_num: 20 finish: 1473411398 570440621 start: 1473411396 514506362
t_num: 23 finish: 1473411399 154449809 start: 1473411396 861146444
t_num: 11 finish: 1473411399 231570665 start: 1473411398 166980815
t_num: 30 finish: 1473411399 281613055 start: 1473411396 569813502
t_num: 14 finish: 1473411399 283585380 start: 1473411398 457936170
t_num: 24 finish: 1473411399 302530053 start: 1473411397 245170421
t_num: 1 finish: 1473411399 661183734 start: 1473411398 614961539
t_num: 26 finish: 1473411399 704932341 start: 1473411397 710062692
t_num: 0 finish: 1473411399 767364733 start: 1473411398 693849113
t_num: 4 finish: 1473411399 832760075 start: 1473411397 299867406
t_num: 16 finish: 1473411399 832806561 start: 1473411399 29847114
t_num: 20 finish: 1473411400 65787476 start: 1473411398 570475887
t_num: 28 finish: 1473411400 240508685 start: 1473411397 839490419
t_num: 3 finish: 1473411400 241105311 start: 1473411396 747512257
t_num: 30 finish: 1473411400 241295578 start: 1473411399 281648375
t_num: 22 finish: 1473411400 318269431 start: 1473411398 50052114
t_num: 9 finish: 1473411400 358780986 start: 1473411398 234672442
t_num: 6 finish: 1473411400 400106796 start: 1473411398 281827974
t_num: 29 finish: 1473411400 608851987 start: 1473411398 683556295
t_num: 12 finish: 1473411400 976048590 start: 1473411400 37551231
t_num: 0 finish: 1473411400 987273767 start: 1473411399 767413920
t_num: 14 finish: 1473411401 181137070 start: 1473411399 283606356
t_num: 20 finish: 1473411401 272410750 start: 1473411400 65818872
t_num: 26 finish: 1473411401 464976435 start: 1473411399 704953892
t_num: 10 finish: 1473411401 470365279 start: 1473411399 102316211
t_num: 2 finish: 1473411401 688429093 start: 1473411400 241372117
t_num: 22 finish: 1473411401 749191979 start: 1473411400 664456583
t_num: 15 finish: 1473411402 135067511 start: 1473411400 871308240
t_num: 16 finish: 1473411402 205230287 start: 1473411399 832831135
t_num: 8 finish: 1473411402 458977874 start: 1473411401 45546782
t_num: 23 finish: 1473411402 499079307 start: 1473411400 689622282
t_num: 30 finish: 1473411402 565722223 start: 1473411400 241314991
t_num: 17 finish: 1473411402 581529874 start: 1473411400 228924145
t_num: 24 finish: 1473411402 633130615 start: 1473411401 45702653
t_num: 0 finish: 1473411402 637579741 start: 1473411400 987295311
t_num: 9 finish: 1473411402 690849083 start: 1473411400 358821614
t_num: 28 finish: 1473411402 951727801 start: 1473411401 644315356
t_num: 8 finish: 1473411403 487851168 start: 1473411402 459009792
t_num: 15 finish: 1473411403 493219954 start: 1473411402 135091110
t_num: 2 finish: 1473411403 512212311 start: 1473411401 688464889
t_num: 12 finish: 1473411403 646127168 start: 1473411401 181416905
t_num: 20 finish: 1473411403 782034759 start: 1473411401 272436184
t_num: 1 finish: 1473411403 782925904 start: 1473411402 528162389
t_num: 6 finish: 1473411403 783352724 start: 1473411402 118241775
t_num: 14 finish: 1473411403 783725514 start: 1473411402 310222386
t_num: 10 finish: 1473411404 64025228 start: 1473411401 470386791
t_num: 22 finish: 1473411404 234767855 start: 1473411402 349513608
t_num: 7 finish: 1473411404 235492647 start: 1473411402 376136378
t_num: 29 finish: 1473411404 721954853 start: 1473411401 894440153
t_num: 21 finish: 1473411404 960527473 start: 1473411403 234317494
t_num: 24 finish: 1473411405 118872602 start: 1473411402 633175345
t_num: 30 finish: 1473411405 284282781 start: 1473411403 986211872
t_num: 16 finish: 1473411405 539275539 start: 1473411403 560929049
t_num: 31 finish: 1473411405 840678515 start: 1473411402 644190550
t_num: 23 finish: 1473411405 840688281 start: 1473411403 601442888
t_num: 17 finish: 1473411405 901696119 start: 1473411403 916701172
t_num: 27 finish: 1473411405 999878444 start: 1473411403 573634226
t_num: 20 finish: 1473411406 41898331 start: 1473411403 782070206
t_num: 2 finish: 1473411406 86960155 start: 1473411403 512235993
t_num: 0 finish: 1473411406 231945148 start: 1473411403 784361670
t_num: 14 finish: 1473411406 363312436 start: 1473411404 787002165
t_num: 29 finish: 1473411406 477549013 start: 1473411404 721995572
t_num: 9 finish: 1473411406 484264093 start: 1473411404 914043292
t_num: 13 finish: 1473411406 563259312 start: 1473411405 751024859
t_num: 6 finish: 1473411406 563377994 start: 1473411404 269009523
t_num: 7 finish: 1473411406 663074833 start: 1473411405 49853020
t_num: 8 finish: 1473411406 918022877 start: 1473411403 970293113
t_num: 12 finish: 1473411407 181477362 start: 1473411404 134310765
t_num: 24 finish: 1473411407 338205344 start: 1473411406 167054608
t_num: 16 finish: 1473411407 706715091 start: 1473411405 539353865
t_num: 20 finish: 1473411407 707405290 start: 1473411406 41926042
t_num: 2 finish: 1473411407 902443758 start: 1473411406 875522976
t_num: 10 finish: 1473411407 902443758 start: 1473411406 166773441
t_num: 30 finish: 1473411407 919487062 start: 1473411406 155811472
t_num: 1 finish: 1473411408 809065 start: 1473411405 750548402
t_num: 17 finish: 1473411408 104939265 start: 1473411405 901734014
t_num: 29 finish: 1473411408 126765042 start: 1473411406 477582844
t_num: 9 finish: 1473411408 261244823 start: 1473411406 484284364
t_num: 24 finish: 1473411408 670120040 start: 1473411407 338233246
t_num: 6 finish: 1473411408 670237920 start: 1473411406 842152615
t_num: 28 finish: 1473411408 670414237 start: 1473411406 482970301
t_num: 8 finish: 1473411408 733938368 start: 1473411406 918045998
t_num: 11 finish: 1473411409 9639260 start: 1473411407 408250986
t_num: 12 finish: 1473411409 132258522 start: 1473411407 181509629
t_num: 14 finish: 1473411409 132258818 start: 1473411407 782175496
t_num: 30 finish: 1473411409 168317218 start: 1473411407 919506896
t_num: 19 finish: 1473411409 429499398 start: 1473411408 35930503
t_num: 27 finish: 1473411409 487951420 start: 1473411406 889144685
t_num: 22 finish: 1473411409 686595106 start: 1473411408 638570019
t_num: 17 finish: 1473411409 782303866 start: 1473411408 104969873
t_num: 5 finish: 1473411409 782559957 start: 1473411406 947344222
t_num: 29 finish: 1473411409 958963490 start: 1473411408 126789117
t_num: 6 finish: 1473411410 25332972 start: 1473411408 670258268
t_num: 20 finish: 1473411410 336918458 start: 1473411408 547259685
t_num: 9 finish: 1473411410 689946462 start: 1473411408 261273598
t_num: 12 finish: 1473411410 910865606 start: 1473411409 132287858
t_num: 30 finish: 1473411410 972899097 start: 1473411409 168335498
t_num: 7 finish: 1473411410 982089103 start: 1473411407 999539509
t_num: 5 finish: 1473411411 134167557 start: 1473411409 782579520
t_num: 16 finish: 1473411411 134432495 start: 1473411409 56233874
t_num: 23 finish: 1473411411 236237567 start: 1473411408 670142587
t_num: 11 finish: 1473411411 383208315 start: 1473411409 509830035
t_num: 19 finish: 1473411411 427433671 start: 1473411409 429542411
t_num: 26 finish: 1473411411 496112278 start: 1473411409 215888883
t_num: 10 finish: 1473411411 601375452 start: 1473411409 782338904
t_num: 14 finish: 1473411411 601667956 start: 1473411409 487970455
t_num: 1 finish: 1473411411 660816143 start: 1473411410 745113810
t_num: 3 finish: 1473411411 716704464 start: 1473411410 301849683
t_num: 29 finish: 1473411411 814479552 start: 1473411409 959019988
t_num: 20 finish: 1473411412 56499022 start: 1473411410 336962778
t_num: 28 finish: 1473411412 215058569 start: 1473411410 340562441
t_num: 25 finish: 1473411412 424765188 start: 1473411410 515200665
t_num: 10 finish: 1473411412 753038986 start: 1473411411 601413543
t_num: 6 finish: 1473411412 940288559 start: 1473411411 236269917
t_num: 27 finish: 1473411413 6627487 start: 1473411411 716507995
t_num: 30 finish: 1473411413 54681400 start: 1473411410 972932532
t_num: 16 finish: 1473411413 201553888 start: 1473411411 524135231
t_num: 9 finish: 1473411413 308175912 start: 1473411411 426759604
t_num: 8 finish: 1473411413 365805643 start: 1473411410 538701668
t_num: 7 finish: 1473411413 365915665 start: 1473411410 982134713
t_num: 19 finish: 1473411413 758409794 start: 1473411411 427458602
t_num: 5 finish: 1473411413 758429490 start: 1473411411 134219531
t_num: 25 finish: 1473411413 758477912 start: 1473411412 424812096
t_num: 1 finish: 1473411413 810510572 start: 1473411412 539362962
t_num: 7 finish: 1473411414 276831076 start: 1473411413 365952697
t_num: 9 finish: 1473411414 386819536 start: 1473411413 308209904
t_num: 3 finish: 1473411414 388320648 start: 1473411411 716728404
t_num: 16 finish: 1473411414 406637144 start: 1473411413 201597455
t_num: 23 finish: 1473411414 451200770 start: 1473411412 445165882
t_num: 15 finish: 1473411414 598864354 start: 1473411412 989901354
t_num: 28 finish: 1473411414 777732783 start: 1473411413 365999720
t_num: 10 finish: 1473411414 812493599 start: 1473411412 753063856
t_num: 27 finish: 1473411414 852742891 start: 1473411413 459410375
t_num: 2 finish: 1473411414 955204316 start: 1473411413 30320577
t_num: 22 finish: 1473411415 51429636 start: 1473411412 626581117
t_num: 1 finish: 1473411415 336774475 start: 1473411413 810530375
t_num: 9 finish: 1473411415 727228455 start: 1473411414 386864118
t_num: 7 finish: 1473411415 762615592 start: 1473411414 276862048
t_num: 31 finish: 1473411415 762618033 start: 1473411413 759987332
t_num: 26 finish: 1473411415 852042538 start: 1473411413 963235641
t_num: 25 finish: 1473411416 44919282 start: 1473411414 223996362
t_num: 30 finish: 1473411416 131846674 start: 1473411414 223376456
t_num: 4 finish: 1473411416 462439009 start: 1473411414 407789764
t_num: 29 finish: 1473411416 543982143 start: 1473411414 392271271
t_num: 10 finish: 1473411416 617504008 start: 1473411414 812515089
t_num: 2 finish: 1473411416 724078005 start: 1473411414 955243093
t_num: 1 finish: 1473411416 740849538 start: 1473411415 336808907
t_num: 6 finish: 1473411416 788031184 start: 1473411414 408783410
t_num: 16 finish: 1473411416 830890044 start: 1473411414 804975557
t_num: 9 finish: 1473411416 862583852 start: 1473411415 727267022
t_num: 14 finish: 1473411417 84918 start: 1473411414 804966297
t_num: 19 finish: 1473411417 258410387 start: 1473411415 727774098
t_num: 22 finish: 1473411417 503299710 start: 1473411415 51481633
t_num: 3 finish: 1473411418 85898365 start: 1473411416 462418683
t_num: 27 finish: 1473411418 141684077 start: 1473411416 862759123
t_num: 28 finish: 1473411418 178296411 start: 1473411415 727723334
t_num: 30 finish: 1473411418 178547110 start: 1473411416 862359700
t_num: 6 finish: 1473411418 290922967 start: 1473411417 503420225
t_num: 26 finish: 1473411418 290924341 start: 1473411416 538124745
t_num: 7 finish: 1473411418 809225248 start: 1473411416 789074612
t_num: 16 finish: 1473411418 866275579 start: 1473411416 830919705
t_num: 17 finish: 1473411418 866342433 start: 1473411416 789027004
t_num: 4 finish: 1473411418 978593467 start: 1473411417 347528454
t_num: 13 finish: 1473411418 997954932 start: 1473411416 670953717
t_num: 22 finish: 1473411419 45771563 start: 1473411417 503345293
t_num: 14 finish: 1473411419 154098809 start: 1473411417 139589
t_num: 3 finish: 1473411419 189259299 start: 1473411418 85927579
t_num: 29 finish: 1473411419 438972203 start: 1473411417 163291686
t_num: 21 finish: 1473411419 670184816 start: 1473411417 743336406
t_num: 6 finish: 1473411419 740261379 start: 1473411418 290995348
t_num: 28 finish: 1473411419 740318043 start: 1473411418 178321046
t_num: 29 finish: 1473411419 866765156 start: 1473411419 438999863
t_num: 25 finish: 1473411419 993103783 start: 1473411417 503375237
t_num: 24 finish: 1473411419 994017098 start: 1473411418 492412728
t_num: 10 finish: 1473411419 995875943 start: 1473411417 702150964
t_num: 30 finish: 1473411420 152637609 start: 1473411418 678182500
t_num: 1 finish: 1473411420 261186718 start: 1473411416 740872387
t_num: 23 finish: 1473411420 262998149 start: 1473411418 735994519
t_num: 22 finish: 1473411420 327588158 start: 1473411419 671198436
t_num: 19 finish: 1473411420 379065532 start: 1473411418 865071988
t_num: 13 finish: 1473411420 465171274 start: 1473411419 564538189
t_num: 18 finish: 1473411420 465787690 start: 1473411417 779964260
t_num: 14 finish: 1473411420 918059605 start: 1473411419 154153950
t_num: 17 finish: 1473411421 75411661 start: 1473411419 336895756
t_num: 10 finish: 1473411421 172305727 start: 1473411420 262919556
t_num: 2 finish: 1473411421 228488098 start: 1473411418 581657954
t_num: 16 finish: 1473411421 282353612 start: 1473411418 866303369
t_num: 7 finish: 1473411421 540731930 start: 1473411420 261276610
t_num: 21 finish: 1473411421 635293990 start: 1473411419 957842557
t_num: 1 finish: 1473411421 725550444 start: 1473411420 261220106
t_num: 9 finish: 1473411421 790121301 start: 1473411420 42835689
t_num: 4 finish: 1473411422 38064097 start: 1473411420 221854773
t_num: 6 finish: 1473411422 492033551 start: 1473411420 321940637
t_num: 10 finish: 1473411422 535449527 start: 1473411421 172334741
t_num: 14 finish: 1473411422 554086795 start: 1473411420 918100810
t_num: 22 finish: 1473411422 562389528 start: 1473411420 327621915
t_num: 19 finish: 1473411422 585319216 start: 1473411421 985088865
t_num: 0 finish: 1473411422 585918496 start: 1473411419 916279130
t_num: 16 finish: 1473411422 704224404 start: 1473411421 282413489
t_num: 1 finish: 1473411422 890929174 start: 1473411421 725575865
t_num: 30 finish: 1473411423 295120521 start: 1473411421 594431347
t_num: 25 finish: 1473411423 428608185 start: 1473411422 543106658
t_num: 18 finish: 1473411423 475986935 start: 1473411420 465809680
t_num: 7 finish: 1473411423 540788629 start: 1473411421 540776419
t_num: 19 finish: 1473411423 609439375 start: 1473411422 585344634
t_num: 29 finish: 1473411423 730226216 start: 1473411422 617981600
t_num: 13 finish: 1473411423 955765072 start: 1473411421 594452705
t_num: 11 finish: 1473411423 976736587 start: 1473411421 724480622
t_num: 15 finish: 1473411424 75927062 start: 1473411422 152656040
t_num: 2 finish: 1473411424 92656245 start: 1473411422 134845866
t_num: 6 finish: 1473411424 272578785 start: 1473411422 492077637
t_num: 8 finish: 1473411424 667663001 start: 1473411422 770376891
t_num: 22 finish: 1473411424 763422069 start: 1473411423 228920561
t_num: 23 finish: 1473411424 860257407 start: 1473411422 704202402
t_num: 19 finish: 1473411425 391192059 start: 1473411424 140913437
t_num: 16 finish: 1473411425 542263238 start: 1473411424 37018569
t_num: 14 finish: 1473411425 556059658 start: 1473411424 43131929
t_num: 22 finish: 1473411425 575221928 start: 1473411424 763467946
t_num: 18 finish: 1473411425 608514389 start: 1473411423 476025195
t_num: 1 finish: 1473411425 608562548 start: 1473411423 609703272
t_num: 29 finish: 1473411425 608629923 start: 1473411423 730252176
t_num: 2 finish: 1473411425 640686224 start: 1473411424 92680371
t_num: 13 finish: 1473411425 640879624 start: 1473411423 955848214
t_num: 15 finish: 1473411425 680750916 start: 1473411424 75956256
t_num: 0 finish: 1473411425 738873379 start: 1473411423 544163395
t_num: 23 finish: 1473411426 74085531 start: 1473411424 860343034
t_num: 3 finish: 1473411426 676465779 start: 1473411424 890005921
t_num: 8 finish: 1473411426 776433426 start: 1473411425 351141748
t_num: 24 finish: 1473411426 967527153 start: 1473411425 391745167
t_num: 25 finish: 1473411426 968210761 start: 1473411425 391153976
t_num: 20 finish: 1473411426 986890680 start: 1473411424 638420603
t_num: 9 finish: 1473411427 124500337 start: 1473411425 490688734
t_num: 5 finish: 1473411427 446979646 start: 1473411425 948302280
t_num: 2 finish: 1473411427 484248114 start: 1473411425 640709709
t_num: 22 finish: 1473411427 772833823 start: 1473411425 575256985
t_num: 18 finish: 1473411427 833823236 start: 1473411426 230597081
t_num: 1 finish: 1473411427 910372548 start: 1473411425 608585176
t_num: 23 finish: 1473411428 97996089 start: 1473411426 74113867
t_num: 25 finish: 1473411428 98933894 start: 1473411426 968227323
t_num: 19 finish: 1473411428 244127897 start: 1473411425 391234463
t_num: 13 finish: 1473411428 687857903 start: 1473411425 640899499
t_num: 9 finish: 1473411429 64856043 start: 1473411427 484382602
t_num: 1 finish: 1473411429 368393266 start: 1473411427 910415070
t_num: 22 finish: 1473411429 369304063 start: 1473411427 772862187
t_num: 30 finish: 1473411429 369322616 start: 1473411426 823217855
t_num: 3 finish: 1473411429 388615367 start: 1473411426 676508863
t_num: 20 finish: 1473411429 482133385 start: 1473411426 986912545
t_num: 24 finish: 1473411429 776532981 start: 1473411428 538330313
t_num: 18 finish: 1473411429 838120754 start: 1473411427 833854491
t_num: 8 finish: 1473411430 64410831 start: 1473411427 685332888
t_num: 2 finish: 1473411430 64428789 start: 1473411427 732184800
t_num: 26 finish: 1473411430 538440705 start: 1473411428 426345604
t_num: 3 finish: 1473411430 820264088 start: 1473411429 388637707
t_num: 17 finish: 1473411430 820505756 start: 1473411429 489155313
t_num: 9 finish: 1473411430 820524529 start: 1473411429 64917024
t_num: 22 finish: 1473411430 927570750 start: 1473411429 369344096
t_num: 29 finish: 1473411430 956806966 start: 1473411427 911516141
t_num: 15 finish: 1473411430 957031740 start: 1473411428 65902517
t_num: 25 finish: 1473411431 227948925 start: 1473411428 688851057
t_num: 4 finish: 1473411431 268829368 start: 1473411428 931635983
t_num: 21 finish: 1473411431 321774461 start: 1473411430 269070460
t_num: 19 finish: 1473411431 370752995 start: 1473411429 88546570
t_num: 2 finish: 1473411431 499135882 start: 1473411430 64515200
t_num: 5 finish: 1473411431 522515833 start: 1473411427 447009871
t_num: 23 finish: 1473411431 572995434 start: 1473411428 98037632
t_num: 25 finish: 1473411432 53959739 start: 1473411431 228011855
t_num: 3 finish: 1473411432 54296019 start: 1473411430 820286026
t_num: 20 finish: 1473411432 54732266 start: 1473411429 482165415
t_num: 28 finish: 1473411432 421050990 start: 1473411430 539679788
t_num: 29 finish: 1473411432 502563113 start: 1473411430 956826442
t_num: 1 finish: 1473411432 629816831 start: 1473411430 954954066
t_num: 8 finish: 1473411432 896245788 start: 1473411430 64475942
t_num: 13 finish: 1473411432 896881261 start: 1473411429 713257890
t_num: 26 finish: 1473411433 9578733 start: 1473411430 538481555
t_num: 18 finish: 1473411433 83590093 start: 1473411430 820091056
t_num: 17 finish: 1473411433 256221986 start: 1473411430 820525614
t_num: 5 finish: 1473411433 256422187 start: 1473411431 522544745
t_num: 30 finish: 1473411433 302305623 start: 1473411431 824165999
t_num: 4 finish: 1473411433 360690402 start: 1473411431 268876451
t_num: 7 finish: 1473411433 510986427 start: 1473411431 864172212
t_num: 19 finish: 1473411433 921328413 start: 1473411431 864776489
t_num: 23 finish: 1473411434 42991321 start: 1473411431 573014537
t_num: 24 finish: 1473411434 119986997 start: 1473411432 112854153
t_num: 20 finish: 1473411434 300085320 start: 1473411432 54751646
t_num: 21 finish: 1473411434 420370333 start: 1473411432 112625705
t_num: 28 finish: 1473411434 807681892 start: 1473411432 421093086
t_num: 25 finish: 1473411434 879478268 start: 1473411432 54004194
t_num: 1 finish: 1473411434 879487833 start: 1473411432 891885336
t_num: 12 finish: 1473411435 319523044 start: 1473411432 587622693
t_num: 2 finish: 1473411435 447107001 start: 1473411433 187977780
t_num: 13 finish: 1473411435 469528793 start: 1473411432 896902071
t_num: 7 finish: 1473411435 521719389 start: 1473411433 511017532
t_num: 3 finish: 1473411435 600264319 start: 1473411432 772633652
t_num: 21 finish: 1473411435 844159230 start: 1473411434 420432076
t_num: 26 finish: 1473411435 961966263 start: 1473411433 9617139
t_num: 17 finish: 1473411436 8968585 start: 1473411433 598815492
t_num: 5 finish: 1473411436 360461861 start: 1473411433 256441381
t_num: 19 finish: 1473411436 360461843 start: 1473411433 921383530
t_num: 29 finish: 1473411436 615237778 start: 1473411433 903579067
t_num: 23 finish: 1473411436 721571043 start: 1473411434 986012480
t_num: 13 finish: 1473411436 777136606 start: 1473411435 469583084
t_num: 30 finish: 1473411436 788460463 start: 1473411434 698000874
t_num: 25 finish: 1473411436 809898966 start: 1473411435 352083970
t_num: 24 finish: 1473411436 872120467 start: 1473411434 120050965
t_num: 1 finish: 1473411437 328486480 start: 1473411435 737439122
t_num: 16 finish: 1473411437 424326166 start: 1473411434 752725458
t_num: 20 finish: 1473411437 426567030 start: 1473411435 737684472
t_num: 28 finish: 1473411437 470945705 start: 1473411434 807710292
t_num: 31 finish: 1473411437 554527528 start: 1473411435 978234806
t_num: 12 finish: 1473411437 578318966 start: 1473411436 245201841
t_num: 7 finish: 1473411437 831824636 start: 1473411436 34134455
t_num: 10 finish: 1473411437 899785016 start: 1473411435 469561228
t_num: 3 finish: 1473411438 89694314 start: 1473411436 758561468
t_num: 29 finish: 1473411438 128534068 start: 1473411436 615272433
t_num: 24 finish: 1473411438 230325251 start: 1473411436 872149973
t_num: 18 finish: 1473411438 279101827 start: 1473411436 66207632
t_num: 20 finish: 1473411438 655488617 start: 1473411437 426588792
t_num: 21 finish: 1473411438 970152302 start: 1473411435 844201374
t_num: 17 finish: 1473411438 998104277 start: 1473411437 328460001
t_num: 28 finish: 1473411439 55180276 start: 1473411437 470974586
t_num: 23 finish: 1473411439 70886568 start: 1473411437 328441577
t_num: 13 finish: 1473411439 201094818 start: 1473411437 637712005
t_num: 30 finish: 1473411439 333033741 start: 1473411436 788482422
t_num: 16 finish: 1473411439 500362517 start: 1473411437 424371261
t_num: 22 finish: 1473411439 506958102 start: 1473411438 115179744
t_num: 26 finish: 1473411439 585139646 start: 1473411438 655641525
t_num: 27 finish: 1473411439 783338417 start: 1473411437 328429521
t_num: 12 finish: 1473411439 784664691 start: 1473411437 578341805
t_num: 7 finish: 1473411439 784792747 start: 1473411437 831852052
t_num: 3 finish: 1473411439 872013428 start: 1473411438 89729080
t_num: 31 finish: 1473411439 897467395 start: 1473411437 810876870
t_num: 23 finish: 1473411440 221425653 start: 1473411439 70918665
t_num: 17 finish: 1473411440 246250545 start: 1473411438 998123079
t_num: 0 finish: 1473411440 246300802 start: 1473411437 610755505
t_num: 24 finish: 1473411440 290970031 start: 1473411438 230359025
t_num: 4 finish: 1473411440 416480087 start: 1473411439 104625428
t_num: 25 finish: 1473411440 637095307 start: 1473411438 655610247
t_num: 16 finish: 1473411441 47226678 start: 1473411439 896927320
t_num: 3 finish: 1473411441 268570518 start: 1473411439 872049669
t_num: 21 finish: 1473411441 276774320 start: 1473411438 970187296
t_num: 17 finish: 1473411441 415051538 start: 1473411440 246298703
t_num: 30 finish: 1473411441 446260375 start: 1473411439 333067539
t_num: 8 finish: 1473411441 446269068 start: 1473411439 661031737
t_num: 10 finish: 1473411441 446283149 start: 1473411439 660782065
t_num: 7 finish: 1473411441 640142670 start: 1473411440 796227460
t_num: 24 finish: 1473411441 678610093 start: 1473411440 291005535
t_num: 13 finish: 1473411442 171926032 start: 1473411440 190714513
t_num: 12 finish: 1473411442 297242357 start: 1473411439 972722874
t_num: 9 finish: 1473411442 464818997 start: 1473411440 635480196
t_num: 28 finish: 1473411442 684354795 start: 1473411440 98977406
t_num: 23 finish: 1473411443 423317240 start: 1473411441 601756156
t_num: 25 finish: 1473411443 453574727 start: 1473411440 637145567
t_num: 29 finish: 1473411443 644532436 start: 1473411441 574452568
t_num: 0 finish: 1473411443 710039336 start: 1473411440 246318824
t_num: 26 finish: 1473411443 734661334 start: 1473411440 416830814
t_num: 16 finish: 1473411443 757955241 start: 1473411441 162632574
t_num: 3 finish: 1473411444 107048982 start: 1473411441 268600880
t_num: 13 finish: 1473411444 116438386 start: 1473411442 171953371
t_num: 30 finish: 1473411444 116483796 start: 1473411443 212797954
t_num: 14 finish: 1473411444 156493884 start: 1473411442 755559010
t_num: 11 finish: 1473411444 299649950 start: 1473411441 833115830
t_num: 7 finish: 1473411444 354355091 start: 1473411441 640167996
t_num: 24 finish: 1473411444 478602533 start: 1473411441 678642808
t_num: 12 finish: 1473411444 562068993 start: 1473411442 297281778
t_num: 5 finish: 1473411444 562641893 start: 1473411442 684349869
t_num: 15 finish: 1473411444 765305345 start: 1473411442 170909615
t_num: 0 finish: 1473411444 864862307 start: 1473411443 710066553
t_num: 16 finish: 1473411445 106049376 start: 1473411443 757975451
t_num: 25 finish: 1473411445 160176180 start: 1473411443 453605337
t_num: 4 finish: 1473411445 241791152 start: 1473411444 17130278
t_num: 28 finish: 1473411445 354369689 start: 1473411442 684380990
t_num: 8 finish: 1473411445 389248611 start: 1473411442 142446725
t_num: 27 finish: 1473411445 531376666 start: 1473411444 354323979
t_num: 17 finish: 1473411445 709914971 start: 1473411443 708503167
t_num: 7 finish: 1473411445 727629255 start: 1473411444 354382640
t_num: 29 finish: 1473411445 769204296 start: 1473411443 644561546
t_num: 1 finish: 1473411445 790839949 start: 1473411443 643986508
t_num: 11 finish: 1473411445 889409019 start: 1473411444 299694312
t_num: 20 finish: 1473411445 889656817 start: 1473411444 354607593
t_num: 15 finish: 1473411446 244718801 start: 1473411444 765333520
t_num: 3 finish: 1473411446 448210487 start: 1473411444 107094732
t_num: 18 finish: 1473411446 490705125 start: 1473411445 160213990
t_num: 14 finish: 1473411446 621394088 start: 1473411444 156521194
t_num: 23 finish: 1473411446 730996576 start: 1473411444 947253425
t_num: 5 finish: 1473411446 764690411 start: 1473411444 562659020
t_num: 30 finish: 1473411446 764694939 start: 1473411444 758420403
t_num: 25 finish: 1473411446 913202625 start: 1473411445 727987981
t_num: 4 finish: 1473411447 189714682 start: 1473411446 298014770
t_num: 31 finish: 1473411447 243070007 start: 1473411445 727555303
t_num: 1 finish: 1473411447 257790795 start: 1473411445 790861717
t_num: 2 finish: 1473411447 384687425 start: 1473411446 297833301
t_num: 29 finish: 1473411447 422767132 start: 1473411445 769226416
t_num: 6 finish: 1473411447 448144974 start: 1473411445 577433010
t_num: 25 finish: 1473411447 572784666 start: 1473411446 913236005
t_num: 10 finish: 1473411447 664864855 start: 1473411445 932251617
t_num: 18 finish: 1473411447 665789511 start: 1473411446 565394259
t_num: 8 finish: 1473411447 765197206 start: 1473411446 556686976
t_num: 11 finish: 1473411447 939391960 start: 1473411445 889473776
t_num: 15 finish: 1473411447 939484851 start: 1473411446 244782826
t_num: 20 finish: 1473411448 42178532 start: 1473411445 889675205
t_num: 26 finish: 1473411448 113906460 start: 1473411445 359375063
t_num: 1 finish: 1473411448 158063012 start: 1473411447 257820226
t_num: 0 finish: 1473411448 158748139 start: 1473411447 247040726
t_num: 17 finish: 1473411448 171928089 start: 1473411446 298292307
t_num: 23 finish: 1473411448 191933542 start: 1473411446 731020754
t_num: 10 finish: 1473411448 308749186 start: 1473411447 664896448
t_num: 29 finish: 1473411448 319930935 start: 1473411447 422790343
t_num: 27 finish: 1473411448 746280939 start: 1473411446 730797818
t_num: 7 finish: 1473411449 143735857 start: 1473411447 447969009
t_num: 4 finish: 1473411449 265855880 start: 1473411448 112974020
t_num: 18 finish: 1473411449 450703038 start: 1473411448 279190685
t_num: 15 finish: 1473411449 509307898 start: 1473411447 939502009
t_num: 23 finish: 1473411449 509335011 start: 1473411448 191954878
t_num: 26 finish: 1473411449 681490713 start: 1473411448 113932864
t_num: 28 finish: 1473411449 681525800 start: 1473411448 340307992
t_num: 29 finish: 1473411450 49858190 start: 1473411448 874841436
t_num: 20 finish: 1473411450 49934837 start: 1473411448 241386110
t_num: 11 finish: 1473411450 268192534 start: 1473411447 939436261
t_num: 1 finish: 1473411450 268719751 start: 1473411448 158085938
t_num: 8 finish: 1473411450 303351279 start: 1473411447 765247529
t_num: 25 finish: 1473411450 307098875 start: 1473411448 279211790
t_num: 6 finish: 1473411450 346372391 start: 1473411447 448166835
t_num: 0 finish: 1473411450 355924234 start: 1473411448 924318421
t_num: 18 finish: 1473411450 475468051 start: 1473411449 450743588
t_num: 7 finish: 1473411450 477155890 start: 1473411449 143769952
t_num: 16 finish: 1473411450 693373134 start: 1473411448 508744942
t_num: 28 finish: 1473411450 753480980 start: 1473411449 681542737
t_num: 15 finish: 1473411450 817581456 start: 1473411449 509354240
t_num: 11 finish: 1473411450 870955063 start: 1473411450 268221674
t_num: 4 finish: 1473411451 296666385 start: 1473411450 250231984
t_num: 2 finish: 1473411451 297402495 start: 1473411449 979399436
t_num: 14 finish: 1473411451 364006152 start: 1473411450 458583830
t_num: 20 finish: 1473411451 397555353 start: 1473411450 49951656
t_num: 15 finish: 1473411451 403751621 start: 1473411450 817617965
t_num: 27 finish: 1473411451 421307332 start: 1473411449 665550639
t_num: 28 finish: 1473411451 640072801 start: 1473411450 753523513
t_num: 25 finish: 1473411451 727582173 start: 1473411450 307120326
t_num: 23 finish: 1473411451 872628178 start: 1473411451 150758741
t_num: 19 finish: 1473411451 872649098 start: 1473411450 339873512
t_num: 7 finish: 1473411452 72746301 start: 1473411451 397571130
t_num: 8 finish: 1473411452 219312561 start: 1473411450 303393215
t_num: 1 finish: 1473411452 221058211 start: 1473411450 268735311
t_num: 4 finish: 1473411452 646139472 start: 1473411451 296694286
t_num: 30 finish: 1473411452 856245844 start: 1473411451 388614447
t_num: 11 finish: 1473411452 897848388 start: 1473411450 870990298
t_num: 0 finish: 1473411452 948822957 start: 1473411450 355952432
t_num: 25 finish: 1473411453 198308185 start: 1473411451 727615332
t_num: 25 finish: 1473411453 320784951 start: 1473411453 198352087
t_num: 15 finish: 1473411453 601107410 start: 1473411451 403792920
t_num: 31 finish: 1473411453 887523364 start: 1473411452 307381619
t_num: 28 finish: 1473411453 944343299 start: 1473411451 640109543
t_num: 18 finish: 1473411453 945529456 start: 1473411452 673773237
t_num: 21 finish: 1473411453 960761730 start: 1473411453 154425569
t_num: 4 finish: 1473411454 144297425 start: 1473411453 154107766
t_num: 29 finish: 1473411454 206069264 start: 1473411452 154982381
t_num: 27 finish: 1473411454 508279377 start: 1473411453 153891305
t_num: 19 finish: 1473411454 759701657 start: 1473411453 153984750
t_num: 9 finish: 1473411454 773228336 start: 1473411452 667712133
t_num: 2 finish: 1473411455 47457804 start: 1473411453 153741614
t_num: 1 finish: 1473411455 179647992 start: 1473411453 154212046
t_num: 28 finish: 1473411455 354117656 start: 1473411454 43471738
t_num: 31 finish: 1473411455 354676351 start: 1473411453 887538450
t_num: 15 finish: 1473411455 366632145 start: 1473411454 122259897
t_num: 0 finish: 1473411455 544710690 start: 1473411452 948849218
t_num: 25 finish: 1473411455 581375603 start: 1473411453 601278026
t_num: 19 finish: 1473411455 930509160 start: 1473411454 759744177
t_num: 29 finish: 1473411455 967611936 start: 1473411454 584972629
t_num: 23 finish: 1473411456 99118719 start: 1473411453 886895471
t_num: 22 finish: 1473411456 120249426 start: 1473411454 172899401
t_num: 30 finish: 1473411456 183842322 start: 1473411453 601146942
t_num: 13 finish: 1473411456 183866343 start: 1473411454 571392216
t_num: 25 finish: 1473411456 206599750 start: 1473411455 581432871
t_num: 2 finish: 1473411456 263287773 start: 1473411455 47498740
t_num: 3 finish: 1473411456 362394056 start: 1473411455 52727146
t_num: 7 finish: 1473411456 599743876 start: 1473411454 358764672
t_num: 4 finish: 1473411456 829673976 start: 1473411454 144325322
t_num: 31 finish: 1473411456 994417181 start: 1473411455 354697462
t_num: 24 finish: 1473411457 10604333 start: 1473411455 427626680
t_num: 6 finish: 1473411457 224569589 start: 1473411455 857011100
t_num: 1 finish: 1473411457 483942299 start: 1473411455 737185839
t_num: 28 finish: 1473411457 610197900 start: 1473411455 629866003
t_num: 5 finish: 1473411457 645199714 start: 1473411455 874666363
t_num: 23 finish: 1473411457 842460879 start: 1473411456 99227948
t_num: 29 finish: 1473411457 949542221 start: 1473411456 599644854
t_num: 15 finish: 1473411458 311936953 start: 1473411457 153041075
t_num: 7 finish: 1473411458 398124579 start: 1473411456 599771152
t_num: 0 finish: 1473411458 871128405 start: 1473411456 887926374
t_num: 27 finish: 1473411458 871905450 start: 1473411455 829197142
t_num: 29 finish: 1473411458 954907167 start: 1473411457 949572714
t_num: 25 finish: 1473411458 967560429 start: 1473411456 206620898
t_num: 20 finish: 1473411459 157061863 start: 1473411457 859875829
t_num: 17 finish: 1473411459 157137068 start: 1473411457 840785931
t_num: 22 finish: 1473411459 415535153 start: 1473411456 120276458
t_num: 30 finish: 1473411459 415704977 start: 1473411456 183902762
t_num: 6 finish: 1473411459 415765978 start: 1473411457 224602768
t_num: 5 finish: 1473411459 488763484 start: 1473411457 645274193
t_num: 3 finish: 1473411459 488776076 start: 1473411456 932014000
t_num: 13 finish: 1473411459 742872270 start: 1473411457 536878928
t_num: 28 finish: 1473411459 951100729 start: 1473411457 859277740
t_num: 8 finish: 1473411460 48585645 start: 1473411457 360868724
t_num: 29 finish: 1473411460 506164851 start: 1473411458 954929852
t_num: 23 finish: 1473411460 547532666 start: 1473411457 842485920
t_num: 9 finish: 1473411460 547609906 start: 1473411457 725594647
t_num: 1 finish: 1473411460 644955773 start: 1473411458 822329494
t_num: 15 finish: 1473411460 754230906 start: 1473411458 986357785
t_num: 30 finish: 1473411460 757763076 start: 1473411459 415725462
t_num: 7 finish: 1473411460 797452289 start: 1473411459 157090837
t_num: 28 finish: 1473411461 207304383 start: 1473411459 951137639
t_num: 25 finish: 1473411461 297630609 start: 1473411458 967581039
t_num: 18 finish: 1473411461 449345012 start: 1473411459 590824648
t_num: 14 finish: 1473411461 490867768 start: 1473411460 426203706
t_num: 6 finish: 1473411461 712827081 start: 1473411460 70351791
t_num: 24 finish: 1473411461 716551773 start: 1473411460 339361880
t_num: 20 finish: 1473411461 716576639 start: 1473411459 742676982
t_num: 26 finish: 1473411461 747917599 start: 1473411459 402429433
t_num: 22 finish: 1473411461 757503987 start: 1473411460 467226412
t_num: 15 finish: 1473411461 898481345 start: 1473411460 754258343
t_num: 9 finish: 1473411462 3754006 start: 1473411460 547627519
t_num: 7 finish: 1473411462 226800303 start: 1473411460 797477311
t_num: 3 finish: 1473411462 460304870 start: 1473411461 252342509
t_num: 22 finish: 1473411462 546890265 start: 1473411461 757523864
t_num: 23 finish: 1473411462 546965981 start: 1473411460 547566824
t_num: 21 finish: 1473411462 737984119 start: 1473411460 579106319
t_num: 0 finish: 1473411462 821289243 start: 1473411460 745120120
t_num: 28 finish: 1473411463 187056170 start: 1473411461 740341630
t_num: 4 finish: 1473411463 204765354 start: 1473411462 52640782
t_num: 26 finish: 1473411463 459303252 start: 1473411461 747942684
t_num: 25 finish: 1473411463 544830233 start: 1473411461 756884760
t_num: 30 finish: 1473411463 552167675 start: 1473411461 390122931
t_num: 1 finish: 1473411463 552232889 start: 1473411462 413612930
t_num: 20 finish: 1473411463 580880465 start: 1473411461 716593864
t_num: 18 finish: 1473411463 646157794 start: 1473411462 10720406
t_num: 5 finish: 1473411463 705820605 start: 1473411461 871015201
t_num: 6 finish: 1473411463 918993052 start: 1473411462 714647214
t_num: 7 finish: 1473411464 483049562 start: 1473411462 226822905
t_num: 3 finish: 1473411464 521340713 start: 1473411462 460338634
t_num: 23 finish: 1473411464 521360508 start: 1473411462 546991590
t_num: 17 finish: 1473411464 588677718 start: 1473411463 205853877
t_num: 8 finish: 1473411464 700579342 start: 1473411462 737834167
t_num: 30 finish: 1473411465 46035868 start: 1473411463 552189066
t_num: 6 finish: 1473411465 236388497 start: 1473411463 919023338
t_num: 21 finish: 1473411465 592477821 start: 1473411462 738010656
t_num: 3 finish: 1473411465 605317124 start: 1473411464 521387885
t_num: 10 finish: 1473411465 608015512 start: 1473411462 507314358
t_num: 1 finish: 1473411465 764026147 start: 1473411463 880435900
t_num: 20 finish: 1473411466 113815731 start: 1473411464 588579938
t_num: 25 finish: 1473411466 438049928 start: 1473411464 588743476
t_num: 28 finish: 1473411466 439109933 start: 1473411463 187128239
t_num: 30 finish: 1473411466 439706771 start: 1473411465 46065825
t_num: 24 finish: 1473411466 440488646 start: 1473411464 381302870
t_num: 2 finish: 1473411466 519108630 start: 1473411463 846130681
t_num: 5 finish: 1473411466 670743739 start: 1473411465 706559472
t_num: 29 finish: 1473411466 711503875 start: 1473411465 706180496
t_num: 9 finish: 1473411466 757472899 start: 1473411465 90663479
t_num: 21 finish: 1473411466 813144023 start: 1473411465 592520516
t_num: 11 finish: 1473411466 813420025 start: 1473411465 96467503
t_num: 12 finish: 1473411466 813147039 start: 1473411465 807336814
t_num: 7 finish: 1473411466 824408524 start: 1473411465 363049294
t_num: 8 finish: 1473411466 829908963 start: 1473411465 236089854
t_num: 16 finish: 1473411467 95326984 start: 1473411465 236071127
t_num: 10 finish: 1473411467 96222315 start: 1473411465 608032299
t_num: 6 finish: 1473411467 237826265 start: 1473411465 704842717
t_num: 29 finish: 1473411467 858944121 start: 1473411466 711528520
t_num: 23 finish: 1473411468 399522791 start: 1473411466 490484515
t_num: 13 finish: 1473411468 488660836 start: 1473411466 519074858
t_num: 8 finish: 1473411468 528568041 start: 1473411466 829939821
t_num: 31 finish: 1473411468 528597811 start: 1473411466 924945579
t_num: 2 finish: 1473411468 733100585 start: 1473411466 519131310
t_num: 25 finish: 1473411468 773099602 start: 1473411466 438094348
t_num: 7 finish: 1473411468 800231955 start: 1473411466 824429676
t_num: 20 finish: 1473411468 860190812 start: 1473411467 113749027
t_num: 16 finish: 1473411468 911125779 start: 1473411467 737054987
t_num: 10 finish: 1473411469 176831838 start: 1473411467 96243445
t_num: 1 finish: 1473411469 227294449 start: 1473411467 405756492
t_num: 15 finish: 1473411469 567771583 start: 1473411467 122388094
t_num: 3 finish: 1473411469 663813506 start: 1473411466 757170841
t_num: 9 finish: 1473411469 808490299 start: 1473411467 737031629
t_num: 19 finish: 1473411469 912825315 start: 1473411467 366545653
t_num: 21 finish: 1473411469 945667277 start: 1473411468 401438423
t_num: 22 finish: 1473411470 31000528 start: 1473411467 859579959
t_num: 2 finish: 1473411470 73525928 start: 1473411468 733147183
t_num: 16 finish: 1473411470 274221278 start: 1473411468 911162789
t_num: 25 finish: 1473411470 415009490 start: 1473411469 68523310
t_num: 7 finish: 1473411470 498428051 start: 1473411468 978074802
t_num: 23 finish: 1473411470 549797418 start: 1473411468 399568102
t_num: 13 finish: 1473411470 658308701 start: 1473411469 68479310
t_num: 17 finish: 1473411470 708558694 start: 1473411469 382178777
t_num: 31 finish: 1473411470 759438055 start: 1473411469 663099875
t_num: 11 finish: 1473411470 994254686 start: 1473411468 592676328
t_num: 20 finish: 1473411471 182643235 start: 1473411468 860222878
t_num: 8 finish: 1473411471 249887380 start: 1473411469 5021775
t_num: 30 finish: 1473411471 322476983 start: 1473411468 944468969
t_num: 3 finish: 1473411471 656721770 start: 1473411469 663835925
t_num: 28 finish: 1473411472 460789889 start: 1473411470 709267586
t_num: 6 finish: 1473411472 592781675 start: 1473411470 498460258
t_num: 10 finish: 1473411472 697824277 start: 1473411469 176865743
t_num: 7 finish: 1473411472 811668951 start: 1473411470 498471033
t_num: 31 finish: 1473411472 811759646 start: 1473411470 759456482
t_num: 27 finish: 1473411473 361362256 start: 1473411471 251048063
t_num: 19 finish: 1473411473 394800718 start: 1473411471 436219368
t_num: 17 finish: 1473411473 394972113 start: 1473411471 609318182
t_num: 13 finish: 1473411473 445074416 start: 1473411470 658336818
t_num: 22 finish: 1473411473 499165494 start: 1473411472 295608689
t_num: 0 finish: 1473411473 533683352 start: 1473411470 735813286
t_num: 20 finish: 1473411473 569292760 start: 1473411471 492876895
t_num: 21 finish: 1473411473 620684306 start: 1473411470 695117180
t_num: 16 finish: 1473411473 620738645 start: 1473411470 274268087
t_num: 18 finish: 1473411473 702992191 start: 1473411471 618591334
t_num: 3 finish: 1473411473 710133994 start: 1473411471 656765993
t_num: 30 finish: 1473411474 237923833 start: 1473411473 152024842
t_num: 2 finish: 1473411474 238859566 start: 1473411471 249535080
t_num: 8 finish: 1473411474 240357703 start: 1473411473 270727341
t_num: 25 finish: 1473411474 278475206 start: 1473411471 882521411
t_num: 12 finish: 1473411474 278501480 start: 1473411472 733481904
t_num: 31 finish: 1473411474 437272853 start: 1473411472 921886994
t_num: 4 finish: 1473411474 437304548 start: 1473411473 715907419
t_num: 20 finish: 1473411474 887850001 start: 1473411473 569316971
t_num: 16 finish: 1473411474 948831637 start: 1473411473 620754001
t_num: 18 finish: 1473411475 243410370 start: 1473411473 703021269
t_num: 30 finish: 1473411475 447195993 start: 1473411474 237963107
t_num: 19 finish: 1473411475 591799819 start: 1473411473 394835185
t_num: 25 finish: 1473411475 907363228 start: 1473411474 278501224
t_num: 21 finish: 1473411475 912615534 start: 1473411473 620719398
t_num: 0 finish: 1473411475 912632173 start: 1473411473 533716547
t_num: 15 finish: 1473411475 998414831 start: 1473411472 428964056
t_num: 27 finish: 1473411476 58256480 start: 1473411473 361395711
t_num: 9 finish: 1473411476 72370400 start: 1473411474 403478728
t_num: 3 finish: 1473411476 87659086 start: 1473411473 710165838
t_num: 2 finish: 1473411476 177426591 start: 1473411474 238894906
t_num: 28 finish: 1473411476 246165956 start: 1473411473 941642516
t_num: 12 finish: 1473411476 382013512 start: 1473411474 948798553
t_num: 20 finish: 1473411476 429462662 start: 1473411474 887925219
t_num: 8 finish: 1473411476 787060736 start: 1473411476 58216709
t_num: 15 finish: 1473411476 794241186 start: 1473411475 998455681
t_num: 10 finish: 1473411476 999671855 start: 1473411475 346008372
t_num: 25 finish: 1473411477 159205164 start: 1473411475 907406992
t_num: 6 finish: 1473411477 234838141 start: 1473411474 253680283
t_num: 5 finish: 1473411477 237497831 start: 1473411475 339917986
t_num: 7 finish: 1473411477 648809305 start: 1473411475 121455314
t_num: 19 finish: 1473411477 708494733 start: 1473411476 429413192
t_num: 18 finish: 1473411477 762763363 start: 1473411475 514746896
t_num: 11 finish: 1473411478 516840925 start: 1473411477 233734459
t_num: 31 finish: 1473411478 610432122 start: 1473411476 859429172
t_num: 12 finish: 1473411478 655979350 start: 1473411477 299528549
t_num: 9 finish: 1473411478 764283829 start: 1473411476 381744274
t_num: 2 finish: 1473411478 764288732 start: 1473411476 177466353
t_num: 10 finish: 1473411479 389643925 start: 1473411476 999715216
t_num: 28 finish: 1473411479 434412329 start: 1473411476 246188113
t_num: 20 finish: 1473411479 467907077 start: 1473411477 431522570
t_num: 19 finish: 1473411479 517593657 start: 1473411477 708557453
t_num: 16 finish: 1473411479 580145359 start: 1473411477 210650789
t_num: 8 finish: 1473411479 594910192 start: 1473411477 994975145
t_num: 5 finish: 1473411479 644022614 start: 1473411477 237517881
t_num: 15 finish: 1473411479 671909454 start: 1473411476 794271496
t_num: 25 finish: 1473411479 683347401 start: 1473411477 159240474
t_num: 27 finish: 1473411479 853609885 start: 1473411477 432413585
t_num: 2 finish: 1473411479 950374133 start: 1473411478 764329232
t_num: 18 finish: 1473411480 153589538 start: 1473411478 544839175
t_num: 0 finish: 1473411480 427244356 start: 1473411478 545974258
t_num: 11 finish: 1473411480 575190146 start: 1473411478 516896043
t_num: 19 finish: 1473411480 578353494 start: 1473411479 517636715
t_num: 16 finish: 1473411480 619566581 start: 1473411479 580176325
t_num: 7 finish: 1473411480 758466317 start: 1473411477 648846552
t_num: 6 finish: 1473411480 817754216 start: 1473411478 995403244
t_num: 23 finish: 1473411481 57095265 start: 1473411479 225614078
t_num: 10 finish: 1473411481 327973827 start: 1473411479 875957476
t_num: 17 finish: 1473411481 407772785 start: 1473411479 468289508
t_num: 12 finish: 1473411481 463138586 start: 1473411479 468523441
t_num: 31 finish: 1473411481 463141997 start: 1473411480 619565912
t_num: 5 finish: 1473411481 513661887 start: 1473411479 644075320
t_num: 20 finish: 1473411481 553194467 start: 1473411480 571421848
t_num: 0 finish: 1473411481 593454818 start: 1473411480 578547516
t_num: 25 finish: 1473411481 649385659 start: 1473411479 683369768
t_num: 15 finish: 1473411481 945548107 start: 1473411480 152612448
t_num: 2 finish: 1473411482 6669689 start: 1473411479 950401942
t_num: 8 finish: 1473411482 30500679 start: 1473411480 496116426
t_num: 9 finish: 1473411482 399182013 start: 1473411479 843608026
t_num: 26 finish: 1473411482 491295842 start: 1473411479 906922231
t_num: 16 finish: 1473411482 498380556 start: 1473411481 513541236
t_num: 6 finish: 1473411482 530840238 start: 1473411480 817783321
t_num: 7 finish: 1473411482 531749022 start: 1473411480 758524025
t_num: 18 finish: 1473411482 888243475 start: 1473411480 153613151
t_num: 29 finish: 1473411482 978650791 start: 1473411481 327957925
t_num: 27 finish: 1473411483 192509298 start: 1473411481 269470739
t_num: 20 finish: 1473411483 216314854 start: 1473411481 553222759
t_num: 10 finish: 1473411483 294204609 start: 1473411481 327998178
t_num: 30 finish: 1473411483 327222362 start: 1473411481 513278436
t_num: 0 finish: 1473411483 327232731 start: 1473411481 593496901
t_num: 23 finish: 1473411483 373791726 start: 1473411481 875284890
t_num: 16 finish: 1473411483 428726319 start: 1473411482 498401405
t_num: 17 finish: 1473411483 428956393 start: 1473411481 715368101
t_num: 5 finish: 1473411483 538220980 start: 1473411481 513683074
t_num: 31 finish: 1473411483 590930568 start: 1473411482 398396218
t_num: 22 finish: 1473411483 710038812 start: 1473411482 387850552
t_num: 29 finish: 1473411483 975285710 start: 1473411482 978686204
t_num: 3 finish: 1473411484 12658757 start: 1473411482 492873306
t_num: 28 finish: 1473411484 42846657 start: 1473411482 598095599
t_num: 16 finish: 1473411484 398609283 start: 1473411483 428768996
t_num: 27 finish: 1473411484 429590795 start: 1473411483 192544869
t_num: 26 finish: 1473411484 430083552 start: 1473411483 614877514
t_num: 15 finish: 1473411484 439395096 start: 1473411483 150948385
t_num: 0 finish: 1473411484 440905312 start: 1473411483 327340588
t_num: 6 finish: 1473411484 509562507 start: 1473411482 530884859
t_num: 20 finish: 1473411484 683784122 start: 1473411483 216338641
t_num: 5 finish: 1473411485 63039428 start: 1473411483 538261066
t_num: 8 finish: 1473411485 289591450 start: 1473411484 392241687
t_num: 9 finish: 1473411485 349050146 start: 1473411483 947542447
t_num: 31 finish: 1473411485 416784413 start: 1473411483 590968415
t_num: 14 finish: 1473411485 580571892 start: 1473411484 27675571
t_num: 29 finish: 1473411485 659637895 start: 1473411484 400053217
t_num: 22 finish: 1473411485 663118148 start: 1473411483 710082498
t_num: 16 finish: 1473411485 672451296 start: 1473411484 398638541
t_num: 26 finish: 1473411485 806947834 start: 1473411484 430103614
t_num: 28 finish: 1473411485 806967574 start: 1473411484 42869020
t_num: 13 finish: 1473411485 807101020 start: 1473411484 613620700
t_num: 11 finish: 1473411485 807420721 start: 1473411483 809662165
t_num: 3 finish: 1473411486 431273223 start: 1473411484 550239784
t_num: 17 finish: 1473411486 521042599 start: 1473411484 913155425
t_num: 27 finish: 1473411486 521750929 start: 1473411484 653069053
t_num: 29 finish: 1473411486 532876828 start: 1473411485 659675477
t_num: 5 finish: 1473411486 548550044 start: 1473411485 63081048
t_num: 28 finish: 1473411486 829833188 start: 1473411485 807120976
t_num: 31 finish: 1473411486 922685035 start: 1473411485 850710991
t_num: 14 finish: 1473411486 936853761 start: 1473411486 310510516
t_num: 2 finish: 1473411487 94226301 start: 1473411485 519877630
t_num: 20 finish: 1473411487 105212982 start: 1473411486 320242904
t_num: 13 finish: 1473411487 108600392 start: 1473411485 807131792
t_num: 11 finish: 1473411487 146722742 start: 1473411485 807439884
t_num: 8 finish: 1473411487 363145245 start: 1473411485 289619598
t_num: 16 finish: 1473411487 363216674 start: 1473411486 319405022
t_num: 6 finish: 1473411487 441445598 start: 1473411485 290688883
t_num: 18 finish: 1473411487 487320858 start: 1473411485 519184645
t_num: 15 finish: 1473411487 688125419 start: 1473411486 323414572
t_num: 22 finish: 1473411487 770439337 start: 1473411486 310263103
t_num: 2 finish: 1473411487 788928910 start: 1473411487 94260156
t_num: 3 finish: 1473411488 125582635 start: 1473411486 431301775
t_num: 26 finish: 1473411488 360259219 start: 1473411486 309738329
t_num: 16 finish: 1473411488 488611379 start: 1473411487 363232641
t_num: 0 finish: 1473411488 754405662 start: 1473411486 430223141
t_num: 8 finish: 1473411488 839151686 start: 1473411487 363170455
t_num: 22 finish: 1473411488 860402102 start: 1473411487 770489933
t_num: 31 finish: 1473411488 964708645 start: 1473411486 922758353
t_num: 6 finish: 1473411489 150382902 start: 1473411488 600465893
t_num: 7 finish: 1473411489 355155415 start: 1473411488 369069137
t_num: 6 finish: 1473411489 443457139 start: 1473411489 150432471
t_num: 28 finish: 1473411490 212291954 start: 1473411487 788330572
t_num: 20 finish: 1473411490 277939743 start: 1473411488 396118766
t_num: 16 finish: 1473411490 326465557 start: 1473411488 488645428
t_num: 29 finish: 1473411490 335066227 start: 1473411487 301712076
t_num: 22 finish: 1473411490 382204121 start: 1473411488 860426376
t_num: 25 finish: 1473411490 385007783 start: 1473411487 441862929
t_num: 18 finish: 1473411490 557841829 start: 1473411488 435288131
t_num: 17 finish: 1473411490 653454305 start: 1473411487 363197472
t_num: 3 finish: 1473411490 730339808 start: 1473411488 125612574
t_num: 11 finish: 1473411490 870951177 start: 1473411487 959897801
t_num: 4 finish: 1473411491 258075277 start: 1473411490 110828234
t_num: 6 finish: 1473411491 286884098 start: 1473411489 443485314
t_num: 25 finish: 1473411491 423960285 start: 1473411490 385027833
t_num: 8 finish: 1473411491 491243056 start: 1473411490 653464164
t_num: 5 finish: 1473411491 567624823 start: 1473411489 625423496
t_num: 29 finish: 1473411491 601985559 start: 1473411490 335100565
t_num: 0 finish: 1473411491 720312764 start: 1473411489 737442014
t_num: 15 finish: 1473411491 795674447 start: 1473411489 625213666
t_num: 28 finish: 1473411491 801893327 start: 1473411490 212335654
t_num: 7 finish: 1473411491 871246701 start: 1473411489 999893261
t_num: 31 finish: 1473411491 966661117 start: 1473411489 682193719
t_num: 17 finish: 1473411492 22791975 start: 1473411490 653477750
t_num: 30 finish: 1473411492 23420018 start: 1473411490 557946577
t_num: 1 finish: 1473411492 23621921 start: 1473411490 383812046
t_num: 19 finish: 1473411492 93089472 start: 1473411490 327492220
t_num: 23 finish: 1473411492 128518983 start: 1473411491 238142107
t_num: 26 finish: 1473411492 312425505 start: 1473411491 238707818
t_num: 8 finish: 1473411492 696990918 start: 1473411491 491270420
t_num: 28 finish: 1473411492 877403581 start: 1473411491 801929187
t_num: 9 finish: 1473411493 122025036 start: 1473411490 633219277
t_num: 18 finish: 1473411493 265305491 start: 1473411491 873749482
t_num: 13 finish: 1473411493 265371480 start: 1473411491 801916212
t_num: 11 finish: 1473411493 295780686 start: 1473411491 393623191
t_num: 4 finish: 1473411493 362296369 start: 1473411491 258121711
t_num: 31 finish: 1473411493 515768224 start: 1473411491 966688316
t_num: 19 finish: 1473411493 637228253 start: 1473411492 93126775
t_num: 23 finish: 1473411493 773867151 start: 1473411492 128546257
t_num: 0 finish: 1473411493 881816134 start: 1473411492 438023657
t_num: 1 finish: 1473411493 936550266 start: 1473411492 23640179
t_num: 15 finish: 1473411494 23899742 start: 1473411492 878410465
t_num: 25 finish: 1473411494 24231809 start: 1473411492 22903974
t_num: 26 finish: 1473411494 188361833 start: 1473411492 312469052
t_num: 22 finish: 1473411494 732976075 start: 1473411491 488005069
t_num: 5 finish: 1473411494 968995911 start: 1473411493 711188130
t_num: 11 finish: 1473411495 65210085 start: 1473411493 295805499
t_num: 30 finish: 1473411495 140003846 start: 1473411492 790939398
t_num: 6 finish: 1473411495 147045066 start: 1473411493 228451238
t_num: 24 finish: 1473411495 481054699 start: 1473411493 162217419
t_num: 29 finish: 1473411495 529917217 start: 1473411492 561228237
t_num: 0 finish: 1473411495 529986392 start: 1473411493 881854375
t_num: 9 finish: 1473411495 663513768 start: 1473411493 711844367
t_num: 18 finish: 1473411495 993238429 start: 1473411493 265336338
t_num: 3 finish: 1473411496 699779627 start: 1473411494 256612278
t_num: 8 finish: 1473411496 800649376 start: 1473411493 705984333
t_num: 31 finish: 1473411496 849754160 start: 1473411493 515814514
t_num: 1 finish: 1473411496 882795753 start: 1473411495 389563857
t_num: 26 finish: 1473411496 907303411 start: 1473411495 711247184
t_num: 30 finish: 1473411496 907485418 start: 1473411495 140028077
t_num: 9 finish: 1473411497 35372367 start: 1473411495 663561649
t_num: 25 finish: 1473411497 131846221 start: 1473411494 115435679
t_num: 5 finish: 1473411497 215135211 start: 1473411494 969024842
t_num: 24 finish: 1473411497 272073708 start: 1473411495 481085490
t_num: 10 finish: 1473411497 393167178 start: 1473411495 794494492
t_num: 15 finish: 1473411497 528204759 start: 1473411495 564495944
t_num: 23 finish: 1473411497 528204736 start: 1473411494 256247751
t_num: 19 finish: 1473411497 643477692 start: 1473411494 933416358
t_num: 1 finish: 1473411497 751661769 start: 1473411496 882833390
t_num: 26 finish: 1473411498 59814210 start: 1473411496 907339528
t_num: 29 finish: 1473411498 85774016 start: 1473411495 921239288
t_num: 4 finish: 1473411498 222839618 start: 1473411495 927694316
t_num: 16 finish: 1473411498 275581631 start: 1473411497 586558900
t_num: 25 finish: 1473411498 337008124 start: 1473411497 131875107
t_num: 8 finish: 1473411498 450762451 start: 1473411496 800692246
t_num: 18 finish: 1473411498 534760158 start: 1473411496 483262384
t_num: 9 finish: 1473411498 583010291 start: 1473411497 586630430
t_num: 31 finish: 1473411498 583932446 start: 1473411496 849811572
t_num: 15 finish: 1473411498 618225230 start: 1473411497 528244553
t_num: 30 finish: 1473411498 731104587 start: 1473411496 907505459
t_num: 1 finish: 1473411499 7363318 start: 1473411497 751686336
t_num: 5 finish: 1473411499 300123798 start: 1473411497 977066483
t_num: 6 finish: 1473411499 387818878 start: 1473411497 451167412
t_num: 10 finish: 1473411499 389509439 start: 1473411498 87488675
t_num: 9 finish: 1473411499 545120855 start: 1473411498 583040014
t_num: 31 finish: 1473411499 666684865 start: 1473411498 583952097
t_num: 0 finish: 1473411499 682331074 start: 1473411496 483318417
t_num: 18 finish: 1473411499 682392343 start: 1473411498 534811336
t_num: 12 finish: 1473411499 682462252 start: 1473411497 476133139
t_num: 17 finish: 1473411500 55370084 start: 1473411497 980360174
t_num: 14 finish: 1473411500 56108603 start: 1473411498 534895285
t_num: 30 finish: 1473411500 56337801 start: 1473411498 731157931
t_num: 19 finish: 1473411500 189233207 start: 1473411497 643519406
t_num: 25 finish: 1473411500 189587641 start: 1473411498 337034746
t_num: 6 finish: 1473411500 439294501 start: 1473411499 387859951
t_num: 8 finish: 1473411500 755808941 start: 1473411498 450804384
t_num: 18 finish: 1473411500 785460907 start: 1473411499 682411526
t_num: 10 finish: 1473411500 786155161 start: 1473411499 389529277
t_num: 15 finish: 1473411500 815909265 start: 1473411498 618250651
t_num: 1 finish: 1473411501 122676332 start: 1473411499 541350589
t_num: 5 finish: 1473411501 122749725 start: 1473411500 109017905
t_num: 22 finish: 1473411501 221107024 start: 1473411499 794745167
t_num: 3 finish: 1473411501 372759230 start: 1473411499 603203934
t_num: 16 finish: 1473411501 476802785 start: 1473411500 561819921
t_num: 30 finish: 1473411501 503905436 start: 1473411500 56372897
t_num: 4 finish: 1473411501 530521708 start: 1473411499 603188311
t_num: 0 finish: 1473411501 776553469 start: 1473411500 442882788
t_num: 31 finish: 1473411501 777184360 start: 1473411499 666738877
t_num: 27 finish: 1473411502 83739089 start: 1473411500 277287716
t_num: 9 finish: 1473411502 613987289 start: 1473411500 787050094
t_num: 14 finish: 1473411502 675541981 start: 1473411500 786210632
t_num: 8 finish: 1473411502 756094078 start: 1473411500 755848190
t_num: 0 finish: 1473411502 901465332 start: 1473411501 776587575
t_num: 18 finish: 1473411502 985850992 start: 1473411501 504053776
t_num: 22 finish: 1473411503 321293408 start: 1473411501 221146780
t_num: 21 finish: 1473411503 369554011 start: 1473411502 52617830
t_num: 25 finish: 1473411503 474082983 start: 1473411501 122702973
t_num: 31 finish: 1473411503 668958796 start: 1473411502 486530373
t_num: 26 finish: 1473411503 762085566 start: 1473411501 274553927
t_num: 1 finish: 1473411503 808903921 start: 1473411501 958432189
t_num: 3 finish: 1473411503 905083291 start: 1473411501 992846209
t_num: 12 finish: 1473411503 905095838 start: 1473411501 662710497
t_num: 16 finish: 1473411504 310455473 start: 1473411501 476857810
t_num: 27 finish: 1473411504 343762132 start: 1473411502 901557618
t_num: 30 finish: 1473411504 384620561 start: 1473411502 854313249
t_num: 2 finish: 1473411504 435494162 start: 1473411502 696468610
t_num: 22 finish: 1473411504 463129111 start: 1473411503 321337397
t_num: 18 finish: 1473411504 562163233 start: 1473411502 985887464
t_num: 11 finish: 1473411504 640236866 start: 1473411503 329951750
t_num: 0 finish: 1473411504 942209106 start: 1473411502 901499769
t_num: 8 finish: 1473411504 970197732 start: 1473411502 756122112
t_num: 14 finish: 1473411505 314679351 start: 1473411503 966989041
t_num: 5 finish: 1473411505 465762766 start: 1473411502 992451723
t_num: 24 finish: 1473411505 466112400 start: 1473411504 384485436
t_num: 12 finish: 1473411505 583458478 start: 1473411503 905136627
t_num: 6 finish: 1473411505 583634787 start: 1473411503 762241620
t_num: 26 finish: 1473411505 626404442 start: 1473411503 762135025
t_num: 2 finish: 1473411505 681658089 start: 1473411504 435530802
t_num: 4 finish: 1473411505 829995748 start: 1473411503 391369660
t_num: 25 finish: 1473411505 901296677 start: 1473411503 474113984
t_num: 3 finish: 1473411505 934763075 start: 1473411504 384244617
t_num: 30 finish: 1473411506 86209264 start: 1473411504 987996807
t_num: 27 finish: 1473411506 549887343 start: 1473411504 343812462
t_num: 8 finish: 1473411506 708356546 start: 1473411504 970233141
t_num: 6 finish: 1473411506 911199225 start: 1473411505 929024614
t_num: 5 finish: 1473411506 958644184 start: 1473411505 465790929
t_num: 28 finish: 1473411506 988344149 start: 1473411504 970220769
t_num: 11 finish: 1473411507 34184908 start: 1473411505 538001067
t_num: 12 finish: 1473411507 35260657 start: 1473411506 616311690
t_num: 26 finish: 1473411507 316957686 start: 1473411505 626446118
t_num: 30 finish: 1473411507 349299620 start: 1473411506 86239718
t_num: 4 finish: 1473411507 432568444 start: 1473411505 830032872
t_num: 14 finish: 1473411507 449076841 start: 1473411505 314728485
t_num: 1 finish: 1473411507 515989682 start: 1473411506 587742230
t_num: 29 finish: 1473411507 602589982 start: 1473411506 612121184
t_num: 3 finish: 1473411508 112112517 start: 1473411506 728054132
t_num: 15 finish: 1473411508 336727813 start: 1473411506 843503349
t_num: 27 finish: 1473411508 498139412 start: 1473411506 549949224
t_num: 9 finish: 1473411508 780185031 start: 1473411506 972788050
t_num: 24 finish: 1473411508 783614849 start: 1473411507 606225972
t_num: 2 finish: 1473411508 848780058 start: 1473411505 928743407
t_num: 29 finish: 1473411508 849018393 start: 1473411507 602626490
t_num: 26 finish: 1473411508 849308338 start: 1473411507 317000595
t_num: 8 finish: 1473411508 976823309 start: 1473411506 708407889
t_num: 14 finish: 1473411508 976831263 start: 1473411507 449125170
t_num: 21 finish: 1473411509 3990761 start: 1473411506 300555603
t_num: 5 finish: 1473411509 380880522 start: 1473411506 958688948
t_num: 6 finish: 1473411509 594610349 start: 1473411507 443878881
t_num: 25 finish: 1473411510 72622679 start: 1473411508 839529221
t_num: 15 finish: 1473411510 179251834 start: 1473411508 849206715
t_num: 4 finish: 1473411510 250950101 start: 1473411507 432611957
t_num: 21 finish: 1473411510 382853906 start: 1473411509 4017896
t_num: 20 finish: 1473411510 447874664 start: 1473411508 781174066
t_num: 5 finish: 1473411510 447919685 start: 1473411509 380921751
t_num: 1 finish: 1473411510 521105194 start: 1473411509 535739994
t_num: 8 finish: 1473411510 521741962 start: 1473411509 163716015
t_num: 3 finish: 1473411510 585459883 start: 1473411508 112157253
t_num: 14 finish: 1473411510 632830920 start: 1473411509 320481229
t_num: 27 finish: 1473411510 780798658 start: 1473411508 932406958
t_num: 28 finish: 1473411510 891245505 start: 1473411508 450136134
t_num: 12 finish: 1473411511 31620127 start: 1473411508 848816907
t_num: 29 finish: 1473411511 94434787 start: 1473411508 849037083
t_num: 26 finish: 1473411511 94462342 start: 1473411510 248834347
t_num: 25 finish: 1473411511 342076173 start: 1473411510 72717263
t_num: 6 finish: 1473411511 468004533 start: 1473411509 594661196
t_num: 4 finish: 1473411511 489288180 start: 1473411510 250971314
t_num: 9 finish: 1473411511 647201647 start: 1473411510 382684437
t_num: 19 finish: 1473411511 647928862 start: 1473411510 145231436
t_num: 21 finish: 1473411511 792388197 start: 1473411510 382881588
t_num: 17 finish: 1473411511 998749243 start: 1473411510 246311388
t_num: 12 finish: 1473411511 998997775 start: 1473411511 31659281
t_num: 5 finish: 1473411512 109756206 start: 1473411510 447949296
t_num: 15 finish: 1473411512 300618888 start: 1473411510 689181686
t_num: 27 finish: 1473411512 318439193 start: 1473411510 780833506
t_num: 11 finish: 1473411512 553520837 start: 1473411511 40196025
t_num: 25 finish: 1473411512 652348932 start: 1473411511 342108682
t_num: 19 finish: 1473411512 897413632 start: 1473411511 647947368
t_num: 26 finish: 1473411513 18794603 start: 1473411511 94478785
t_num: 4 finish: 1473411513 269280789 start: 1473411511 489326007
t_num: 8 finish: 1473411513 292935871 start: 1473411511 42272735
t_num: 3 finish: 1473411513 485259597 start: 1473411511 234925908
t_num: 13 finish: 1473411513 652384666 start: 1473411511 817305783
t_num: 9 finish: 1473411513 733735820 start: 1473411511 647245795
t_num: 17 finish: 1473411513 733831835 start: 1473411511 998778783
t_num: 28 finish: 1473411513 864088744 start: 1473411511 647309130
t_num: 27 finish: 1473411514 288793434 start: 1473411512 318466228
t_num: 31 finish: 1473411514 439657435 start: 1473411512 586622829
t_num: 7 finish: 1473411514 584820066 start: 1473411512 546844114
t_num: 12 finish: 1473411514 647537621 start: 1473411513 355847511
t_num: 19 finish: 1473411514 820490758 start: 1473411512 897450555
t_num: 30 finish: 1473411515 507349605 start: 1473411513 215288743
t_num: 5 finish: 1473411515 507370617 start: 1473411512 109803377
t_num: 6 finish: 1473411515 533012787 start: 1473411512 980710342
t_num: 26 finish: 1473411515 694959497 start: 1473411513 18822648
t_num: 25 finish: 1473411515 695363581 start: 1473411512 652388567
t_num: 9 finish: 1473411515 746525172 start: 1473411514 646870057
t_num: 8 finish: 1473411515 869945326 start: 1473411513 292977473
t_num: 13 finish: 1473411516 129561434 start: 1473411513 652427811
t_num: 29 finish: 1473411516 242302857 start: 1473411514 386795105
t_num: 31 finish: 1473411516 244868435 start: 1473411514 439700354
t_num: 3 finish: 1473411516 502469469 start: 1473411514 648263473
t_num: 24 finish: 1473411516 719882991 start: 1473411515 735809632
t_num: 15 finish: 1473411516 754768010 start: 1473411513 865373746
t_num: 23 finish: 1473411516 849079753 start: 1473411514 749674350
t_num: 22 finish: 1473411516 948127056 start: 1473411515 742572550
t_num: 6 finish: 1473411516 975966167 start: 1473411515 533030667
t_num: 17 finish: 1473411517 30338830 start: 1473411514 691191464
t_num: 25 finish: 1473411517 222236369 start: 1473411515 695400991
t_num: 5 finish: 1473411517 354353825 start: 1473411515 507456853
t_num: 16 finish: 1473411517 354356435 start: 1473411515 601349177
t_num: 18 finish: 1473411517 388234807 start: 1473411515 507433748
t_num: 27 finish: 1473411517 443962714 start: 1473411516 354845087
t_num: 31 finish: 1473411517 455677655 start: 1473411516 244888575
t_num: 19 finish: 1473411517 697682829 start: 1473411515 734880457
t_num: 4 finish: 1473411517 955533093 start: 1473411516 354828123
t_num: 8 finish: 1473411518 139790725 start: 1473411516 357437967
t_num: 25 finish: 1473411518 140547717 start: 1473411517 222288049
t_num: 22 finish: 1473411518 625132426 start: 1473411516 948171422
t_num: 26 finish: 1473411518 626959600 start: 1473411516 975930035
t_num: 1 finish: 1473411518 728825093 start: 1473411516 948347218
t_num: 24 finish: 1473411518 729319918 start: 1473411517 443321110
t_num: 13 finish: 1473411518 729568663 start: 1473411517 56977985
t_num: 9 finish: 1473411518 729629116 start: 1473411516 849090981
t_num: 29 finish: 1473411518 911529121 start: 1473411516 546012063
t_num: 5 finish: 1473411519 414523190 start: 1473411517 354378121
t_num: 25 finish: 1473411519 463003151 start: 1473411518 140567807
t_num: 19 finish: 1473411519 491198672 start: 1473411517 697717951
t_num: 6 finish: 1473411519 689866105 start: 1473411517 354333675
t_num: 15 finish: 1473411520 260246343 start: 1473411517 724149893
t_num: 18 finish: 1473411520 336068732 start: 1473411518 911586994
t_num: 16 finish: 1473411520 414937923 start: 1473411517 354397221
t_num: 26 finish: 1473411520 555851209 start: 1473411518 626980545
t_num: 23 finish: 1473411520 555930480 start: 1473411518 588285519
t_num: 1 finish: 1473411520 589187981 start: 1473411518 728852091
t_num: 25 finish: 1473411520 854886895 start: 1473411519 463032346
t_num: 8 finish: 1473411521 772966488 start: 1473411518 588519103
t_num: 29 finish: 1473411521 962379035 start: 1473411518 911651214
t_num: 2 finish: 1473411521 985968789 start: 1473411518 142263083
t_num: 3 finish: 1473411521 985978248 start: 1473411518 728759673
t_num: 4 finish: 1473411522 273204964 start: 1473411518 732682253
t_num: 19 finish: 1473411522 315582478 start: 1473411519 830240488
t_num: 9 finish: 1473411522 409945053 start: 1473411518 729650020
t_num: 5 finish: 1473411522 529053604 start: 1473411520 555913628
t_num: 25 finish: 1473411522 535380592 start: 1473411520 854931025
t_num: 23 finish: 1473411522 549929707 start: 1473411520 555948184
t_num: 6 finish: 1473411522 561225401 start: 1473411521 79408452
t_num: 18 finish: 1473411522 622813894 start: 1473411520 336093114
t_num: 26 finish: 1473411522 622846400 start: 1473411520 555896763
t_num: 24 finish: 1473411522 684009162 start: 1473411521 972274700
t_num: 29 finish: 1473411522 743932300 start: 1473411521 962399896
t_num: 1 finish: 1473411522 915714392 start: 1473411521 397385170
t_num: 22 finish: 1473411522 969818021 start: 1473411520 731335306
t_num: 10 finish: 1473411523 92180725 start: 1473411520 783057937
t_num: 3 finish: 1473411523 139486446 start: 1473411521 986012917
t_num: 25 finish: 1473411523 139636297 start: 1473411522 535401044
t_num: 4 finish: 1473411523 141728776 start: 1473411522 273239688
t_num: 14 finish: 1473411523 146033885 start: 1473411522 381363400
t_num: 29 finish: 1473411523 557896095 start: 1473411522 743954940
t_num: 9 finish: 1473411523 557971080 start: 1473411522 409977419
t_num: 23 finish: 1473411523 558390479 start: 1473411522 549951472
t_num: 2 finish: 1473411523 565482030 start: 1473411522 598090885
t_num: 5 finish: 1473411524 62453664 start: 1473411522 529090149
t_num: 24 finish: 1473411524 65676927 start: 1473411522 684038924
t_num: 27 finish: 1473411524 117229516 start: 1473411522 856152270
t_num: 0 finish: 1473411524 152750886 start: 1473411522 955283726
t_num: 25 finish: 1473411524 228561016 start: 1473411523 139654955
t_num: 15 finish: 1473411524 431495090 start: 1473411522 598234679
t_num: 18 finish: 1473411524 688878367 start: 1473411522 727162851
t_num: 29 finish: 1473411525 14041247 start: 1473411523 557924138
t_num: 12 finish: 1473411525 177524795 start: 1473411522 899206722
t_num: 6 finish: 1473411525 179906053 start: 1473411523 92052021
t_num: 24 finish: 1473411525 387315147 start: 1473411524 65717408
t_num: 3 finish: 1473411525 388643312 start: 1473411524 165335959
t_num: 27 finish: 1473411525 388825051 start: 1473411524 117252342
t_num: 28 finish: 1473411525 570008569 start: 1473411523 144438839
t_num: 26 finish: 1473411525 654731125 start: 1473411524 591514285
t_num: 25 finish: 1473411525 654741126 start: 1473411524 228604192
t_num: 10 finish: 1473411525 711684585 start: 1473411523 92208047
t_num: 24 finish: 1473411525 901476616 start: 1473411525 387343931
t_num: 14 finish: 1473411525 945017697 start: 1473411523 146071487
t_num: 2 finish: 1473411525 945321044 start: 1473411524 906206834
t_num: 31 finish: 1473411525 946040526 start: 1473411525 159384936
t_num: 21 finish: 1473411526 17226353 start: 1473411524 398465388
t_num: 20 finish: 1473411526 49493264 start: 1473411525 71738164
t_num: 23 finish: 1473411526 90187485 start: 1473411524 117379303
t_num: 11 finish: 1473411526 364428104 start: 1473411523 238346419
t_num: 0 finish: 1473411526 386960553 start: 1473411524 837225454
t_num: 5 finish: 1473411526 729740625 start: 1473411524 906333358
t_num: 27 finish: 1473411527 112585375 start: 1473411525 388844166
t_num: 17 finish: 1473411527 213103520 start: 1473411525 364064485
t_num: 30 finish: 1473411527 458143913 start: 1473411526 19345052
t_num: 21 finish: 1473411527 459253922 start: 1473411526 17247498
t_num: 25 finish: 1473411527 553476642 start: 1473411525 654816422
t_num: 14 finish: 1473411527 591131047 start: 1473411525 945075284
t_num: 16 finish: 1473411527 591231559 start: 1473411525 481283216
t_num: 0 finish: 1473411527 778861365 start: 1473411526 386986320
t_num: 6 finish: 1473411527 907088478 start: 1473411525 711795196
t_num: 1 finish: 1473411527 965751712 start: 1473411525 945996308
t_num: 2 finish: 1473411528 160154333 start: 1473411525 945342823
t_num: 20 finish: 1473411528 171263597 start: 1473411526 49542729
t_num: 11 finish: 1473411528 538277351 start: 1473411526 364489720
t_num: 26 finish: 1473411528 750691727 start: 1473411527 353805016
t_num: 23 finish: 1473411528 990381249 start: 1473411526 726149446
t_num: 10 finish: 1473411529 140791290 start: 1473411526 681906549
t_num: 3 finish: 1473411529 180561960 start: 1473411526 803451151
t_num: 27 finish: 1473411529 294419362 start: 1473411527 988702368
t_num: 8 finish: 1473411529 434493863 start: 1473411528 500247069
t_num: 6 finish: 1473411529 519365618 start: 1473411527 907117340
t_num: 0 finish: 1473411529 519390583 start: 1473411527 778887944
t_num: 20 finish: 1473411529 519409238 start: 1473411528 171304118
t_num: 21 finish: 1473411529 765191580 start: 1473411527 459276061
t_num: 13 finish: 1473411529 765420002 start: 1473411528 53441488
t_num: 10 finish: 1473411529 765970760 start: 1473411529 140851207
t_num: 9 finish: 1473411529 985724589 start: 1473411527 869319967
t_num: 1 finish: 1473411529 986587845 start: 1473411527 965777665
t_num: 24 finish: 1473411530 54852827 start: 1473411528 41431975
t_num: 25 finish: 1473411530 55889094 start: 1473411528 248991408
t_num: 31 finish: 1473411530 259922918 start: 1473411527 384602755
t_num: 17 finish: 1473411530 431708260 start: 1473411528 40840422
t_num: 14 finish: 1473411530 431715912 start: 1473411527 591187007
t_num: 30 finish: 1473411530 581995563 start: 1473411528 610623064
t_num: 20 finish: 1473411530 582920049 start: 1473411529 519442824
t_num: 26 finish: 1473411530 632131124 start: 1473411528 750722015
t_num: 6 finish: 1473411530 835393832 start: 1473411529 519409898
t_num: 19 finish: 1473411530 880647721 start: 1473411528 171316979
t_num: 29 finish: 1473411530 882366256 start: 1473411530 40819750
t_num: 3 finish: 1473411531 106433297 start: 1473411529 180599276
t_num: 18 finish: 1473411531 619012105 start: 1473411529 970845867
t_num: 17 finish: 1473411531 701706626 start: 1473411530 870059679
t_num: 25 finish: 1473411531 826395112 start: 1473411530 55904413
t_num: 14 finish: 1473411531 937550426 start: 1473411530 431779909
t_num: 27 finish: 1473411531 940989094 start: 1473411530 388619573
t_num: 16 finish: 1473411531 941253907 start: 1473411530 880638169
t_num: 1 finish: 1473411531 942228679 start: 1473411529 986608652
t_num: 24 finish: 1473411531 943170463 start: 1473411530 54877991
t_num: 21 finish: 1473411531 947424262 start: 1473411530 977401056
t_num: 31 finish: 1473411532 24284781 start: 1473411530 923081831
t_num: 10 finish: 1473411532 288215945 start: 1473411530 363582835
t_num: 15 finish: 1473411532 593947608 start: 1473411530 513317341
t_num: 8 finish: 1473411532 807777990 start: 1473411531 701684112
t_num: 20 finish: 1473411532 814211559 start: 1473411530 582941891
t_num: 29 finish: 1473411533 159312719 start: 1473411530 882386141
t_num: 18 finish: 1473411533 271419077 start: 1473411531 619050802
t_num: 16 finish: 1473411533 331840147 start: 1473411531 941273062
t_num: 11 finish: 1473411533 381959737 start: 1473411530 711200722
t_num: 1 finish: 1473411533 471280792 start: 1473411531 942248686
t_num: 9 finish: 1473411533 527606292 start: 1473411531 701749124
t_num: 14 finish: 1473411533 631744860 start: 1473411532 712335549
t_num: 21 finish: 1473411533 639571761 start: 1473411531 947444564
t_num: 6 finish: 1473411533 772434217 start: 1473411531 354158867
t_num: 16 finish: 1473411534 41695064 start: 1473411533 331861815
t_num: 8 finish: 1473411534 175043204 start: 1473411533 438703266
t_num: 24 finish: 1473411534 192121652 start: 1473411531 943191067
t_num: 7 finish: 1473411534 202824771 start: 1473411533 92480734
t_num: 12 finish: 1473411534 203764746 start: 1473411532 344683444
t_num: 29 finish: 1473411534 241188119 start: 1473411533 159335909
t_num: 20 finish: 1473411534 298590186 start: 1473411532 814232892
t_num: 15 finish: 1473411534 298711402 start: 1473411533 331152200
t_num: 22 finish: 1473411534 656034529 start: 1473411532 813993079
t_num: 19 finish: 1473411534 757221430 start: 1473411533 386076314
t_num: 15 finish: 1473411534 757269037 start: 1473411534 298730810
t_num: 11 finish: 1473411534 835211376 start: 1473411534 142749202
t_num: 14 finish: 1473411534 906579397 start: 1473411533 631818580
t_num: 31 finish: 1473411534 906842395 start: 1473411533 351297816
t_num: 3 finish: 1473411535 610737929 start: 1473411533 694820144
t_num: 0 finish: 1473411535 811752667 start: 1473411534 620096080
t_num: 25 finish: 1473411535 811787788 start: 1473411534 161474229
t_num: 6 finish: 1473411535 862901719 start: 1473411533 772461270
t_num: 20 finish: 1473411535 897787540 start: 1473411534 298613210
t_num: 16 finish: 1473411535 898543608 start: 1473411534 41729203
t_num: 21 finish: 1473411536 219961635 start: 1473411534 754578825
t_num: 7 finish: 1473411536 233783544 start: 1473411534 202845727
t_num: 22 finish: 1473411536 556034726 start: 1473411535 470751456
t_num: 3 finish: 1473411536 900110375 start: 1473411535 610775710
t_num: 26 finish: 1473411537 3963822 start: 1473411535 694595229
t_num: 15 finish: 1473411537 196717532 start: 1473411535 158636558
t_num: 8 finish: 1473411537 440564970 start: 1473411535 159343361
t_num: 25 finish: 1473411537 768783914 start: 1473411535 811805214
t_num: 11 finish: 1473411538 103508016 start: 1473411535 694562424
t_num: 4 finish: 1473411538 132948360 start: 1473411536 184345861
t_num: 24 finish: 1473411538 239610479 start: 1473411536 183832165
t_num: 17 finish: 1473411538 307933665 start: 1473411535 503325844
t_num: 5 finish: 1473411538 308158307 start: 1473411536 63248615
t_num: 12 finish: 1473411538 358453294 start: 1473411535 5129314
t_num: 19 finish: 1473411538 359973256 start: 1473411535 994654367
t_num: 16 finish: 1473411538 359990992 start: 1473411535 898564751
t_num: 22 finish: 1473411538 410276469 start: 1473411536 556070279
t_num: 1 finish: 1473411538 510769693 start: 1473411536 853340875
t_num: 21 finish: 1473411538 510772688 start: 1473411536 802435410
t_num: 30 finish: 1473411538 847438228 start: 1473411536 953305483
t_num: 28 finish: 1473411539 39842178 start: 1473411537 276969383
t_num: 26 finish: 1473411539 157486099 start: 1473411537 4002296
t_num: 0 finish: 1473411539 495111965 start: 1473411537 614646896
t_num: 24 finish: 1473411539 545855086 start: 1473411538 239638833
t_num: 22 finish: 1473411539 568648088 start: 1473411538 410305398
t_num: 17 finish: 1473411539 629414233 start: 1473411538 307957751
t_num: 31 finish: 1473411539 796128219 start: 1473411538 524578504
t_num: 23 finish: 1473411539 944366702 start: 1473411538 137822720
t_num: 8 finish: 1473411540 7526894 start: 1473411537 869114375
t_num: 5 finish: 1473411540 54883924 start: 1473411538 308177471
t_num: 11 finish: 1473411540 359081760 start: 1473411538 103625116
t_num: 25 finish: 1473411540 408590530 start: 1473411537 768835133
t_num: 29 finish: 1473411540 843053203 start: 1473411539 94817945
t_num: 19 finish: 1473411540 928761941 start: 1473411538 359994428
t_num: 21 finish: 1473411541 173783505 start: 1473411538 510848885
t_num: 26 finish: 1473411541 223018491 start: 1473411539 157514028
t_num: 31 finish: 1473411541 525865005 start: 1473411539 796191656
t_num: 3 finish: 1473411541 571553465 start: 1473411538 847418034
t_num: 22 finish: 1473411542 56741848 start: 1473411539 568670214
t_num: 27 finish: 1473411542 59736588 start: 1473411540 473846223
t_num: 23 finish: 1473411542 240752330 start: 1473411539 944402428
t_num: 13 finish: 1473411542 282238153 start: 1473411540 667445689
t_num: 24 finish: 1473411542 345000272 start: 1473411540 922010976
t_num: 1 finish: 1473411542 345004126 start: 1473411540 359073938
t_num: 30 finish: 1473411542 656279867 start: 1473411541 305444069
t_num: 17 finish: 1473411542 746392511 start: 1473411539 629438503
t_num: 26 finish: 1473411542 781621861 start: 1473411541 223036562
t_num: 25 finish: 1473411542 853925962 start: 1473411540 408616329
t_num: 31 finish: 1473411542 990376212 start: 1473411541 525890548
t_num: 19 finish: 1473411543 39681821 start: 1473411542 144880283
t_num: 0 finish: 1473411543 95630943 start: 1473411541 116316724
t_num: 12 finish: 1473411543 226958696 start: 1473411539 907913983
t_num: 2 finish: 1473411543 326597439 start: 1473411542 282262489
t_num: 1 finish: 1473411543 382852858 start: 1473411542 701165529
t_num: 10 finish: 1473411543 430474836 start: 1473411541 167415165
t_num: 9 finish: 1473411543 551632047 start: 1473411541 684520548
t_num: 23 finish: 1473411543 551858809 start: 1473411542 240776000
t_num: 22 finish: 1473411543 585616072 start: 1473411542 345790449
t_num: 14 finish: 1473411543 861815873 start: 1473411542 985785744
t_num: 17 finish: 1473411543 861815886 start: 1473411542 746437265
t_num: 30 finish: 1473411544 337096346 start: 1473411542 656324449
t_num: 6 finish: 1473411544 468086169 start: 1473411542 747615359
t_num: 19 finish: 1473411544 610988500 start: 1473411543 39710425
t_num: 31 finish: 1473411544 667342963 start: 1473411542 990405206
t_num: 12 finish: 1473411544 667363511 start: 1473411543 226994664
t_num: 3 finish: 1473411544 690581160 start: 1473411542 991426514
t_num: 17 finish: 1473411544 690584629 start: 1473411543 861872557
t_num: 4 finish: 1473411544 830869567 start: 1473411543 958639397
t_num: 18 finish: 1473411544 889153560 start: 1473411544 56390010
t_num: 26 finish: 1473411544 955404954 start: 1473411544 136700725
t_num: 27 finish: 1473411545 469731 start: 1473411543 116663123
t_num: 20 finish: 1473411545 469731 start: 1473411542 59731518
t_num: 24 finish: 1473411545 338656838 start: 1473411543 361575003
t_num: 22 finish: 1473411545 660401082 start: 1473411544 357429186
t_num: 13 finish: 1473411545 671990572 start: 1473411543 39567879
t_num: 0 finish: 1473411545 671997965 start: 1473411543 740275185
t_num: 10 finish: 1473411545 672044862 start: 1473411544 535227529
t_num: 14 finish: 1473411546 51429050 start: 1473411543 861884605
t_num: 23 finish: 1473411546 51433811 start: 1473411543 551879569
t_num: 9 finish: 1473411546 51840795 start: 1473411544 504166134
t_num: 30 finish: 1473411546 64609978 start: 1473411544 337130075
t_num: 27 finish: 1473411546 536560760 start: 1473411545 505743
t_num: 5 finish: 1473411546 939072275 start: 1473411545 282860215
t_num: 13 finish: 1473411546 939080729 start: 1473411545 672019827
t_num: 26 finish: 1473411546 960060506 start: 1473411544 955434035
t_num: 16 finish: 1473411547 28305834 start: 1473411545 825383607
t_num: 8 finish: 1473411547 391490561 start: 1473411544 667417973
t_num: 17 finish: 1473411547 455466092 start: 1473411544 888845575
t_num: 15 finish: 1473411547 547315453 start: 1473411545 318547162
t_num: 9 finish: 1473411547 592458612 start: 1473411546 51862399
t_num: 12 finish: 1473411547 594063530 start: 1473411546 278587111
t_num: 7 finish: 1473411547 852841162 start: 1473411546 585115122
t_num: 3 finish: 1473411548 20613667 start: 1473411545 617886721
t_num: 27 finish: 1473411548 20696899 start: 1473411546 536625694
t_num: 22 finish: 1473411548 84540590 start: 1473411545 660434675
t_num: 13 finish: 1473411548 114664619 start: 1473411547 471713144
t_num: 30 finish: 1473411548 306555293 start: 1473411546 64626675
t_num: 8 finish: 1473411548 473835979 start: 1473411547 391513602
t_num: 24 finish: 1473411548 694006631 start: 1473411545 338693967
t_num: 31 finish: 1473411548 904838724 start: 1473411546 41673139
t_num: 10 finish: 1473411548 999290586 start: 1473411546 890104433
t_num: 30 finish: 1473411549 87978139 start: 1473411548 306589295
t_num: 7 finish: 1473411549 92866350 start: 1473411548 74615152
t_num: 12 finish: 1473411549 125156686 start: 1473411547 594084659
t_num: 18 finish: 1473411549 315255027 start: 1473411546 908238121
t_num: 19 finish: 1473411549 381822160 start: 1473411547 908464871
t_num: 27 finish: 1473411549 432372991 start: 1473411548 20716012
t_num: 17 finish: 1473411549 494386799 start: 1473411548 70174166
t_num: 9 finish: 1473411549 494429596 start: 1473411547 974534914
t_num: 16 finish: 1473411549 663607850 start: 1473411547 908505567
t_num: 15 finish: 1473411550 669867598 start: 1473411547 848184794
t_num: 8 finish: 1473411550 676700353 start: 1473411548 473901285
t_num: 17 finish: 1473411550 692790011 start: 1473411549 494428341
t_num: 7 finish: 1473411550 717690533 start: 1473411549 92887921
t_num: 18 finish: 1473411551 94010516 start: 1473411549 315280659
t_num: 13 finish: 1473411551 94981505 start: 1473411548 546455507
t_num: 3 finish: 1473411551 147287301 start: 1473411548 694041522
t_num: 12 finish: 1473411551 621720262 start: 1473411549 125190488
t_num: 26 finish: 1473411551 646786180 start: 1473411548 773265167
t_num: 24 finish: 1473411551 721597210 start: 1473411548 694059384
t_num: 10 finish: 1473411551 740965829 start: 1473411550 131946618
t_num: 28 finish: 1473411551 742919586 start: 1473411548 720120075
t_num: 17 finish: 1473411552 230617350 start: 1473411550 692811966
t_num: 14 finish: 1473411552 283209775 start: 1473411549 584486869
t_num: 5 finish: 1473411552 582027223 start: 1473411550 366106751
t_num: 9 finish: 1473411552 635404505 start: 1473411549 494448586
t_num: 16 finish: 1473411552 635403851 start: 1473411549 663685840
t_num: 19 finish: 1473411552 686963816 start: 1473411551 86420668
t_num: 15 finish: 1473411552 735915929 start: 1473411551 94587436
t_num: 7 finish: 1473411552 905187611 start: 1473411550 717712733
t_num: 28 finish: 1473411553 11407156 start: 1473411551 742940133
t_num: 31 finish: 1473411553 104482554 start: 1473411550 523661656
t_num: 0 finish: 1473411553 338492386 start: 1473411552 398060238
t_num: 24 finish: 1473411553 338586713 start: 1473411552 242091843
t_num: 13 finish: 1473411553 348548846 start: 1473411551 798070133
t_num: 3 finish: 1473411553 411646785 start: 1473411551 147308335
t_num: 11 finish: 1473411553 671968748 start: 1473411552 230598011
t_num: 28 finish: 1473411553 798836970 start: 1473411553 11432121
t_num: 30 finish: 1473411553 798893721 start: 1473411551 145833303
t_num: 12 finish: 1473411553 946022661 start: 1473411552 230613302
t_num: 21 finish: 1473411554 337396823 start: 1473411551 569419739
t_num: 13 finish: 1473411554 403108126 start: 1473411553 348570432
t_num: 19 finish: 1473411554 481612052 start: 1473411552 687010231
t_num: 16 finish: 1473411554 558436178 start: 1473411552 635465454
t_num: 10 finish: 1473411554 558818615 start: 1473411551 740990599
t_num: 14 finish: 1473411554 561926294 start: 1473411552 283245384
t_num: 6 finish: 1473411554 736307466 start: 1473411553 9650919
t_num: 31 finish: 1473411554 839410366 start: 1473411553 668855517
t_num: 18 finish: 1473411554 899369673 start: 1473411552 735120118
t_num: 7 finish: 1473411554 899562979 start: 1473411553 338277186
t_num: 28 finish: 1473411554 899865483 start: 1473411553 798875078
t_num: 25 finish: 1473411554 990618478 start: 1473411552 772500845
t_num: 24 finish: 1473411555 178556653 start: 1473411553 338604158
t_num: 29 finish: 1473411555 349210128 start: 1473411553 479196581
t_num: 4 finish: 1473411555 539095145 start: 1473411554 362626538
t_num: 23 finish: 1473411555 577831050 start: 1473411553 670241617
t_num: 30 finish: 1473411555 626792761 start: 1473411553 798909759
t_num: 11 finish: 1473411555 626820187 start: 1473411553 671996753
t_num: 0 finish: 1473411555 808135108 start: 1473411554 599793576
t_num: 3 finish: 1473411556 92054691 start: 1473411554 811232159
t_num: 24 finish: 1473411556 339627930 start: 1473411555 178600038
t_num: 16 finish: 1473411556 425739047 start: 1473411554 558480005
t_num: 22 finish: 1473411556 742101434 start: 1473411555 577761175
t_num: 2 finish: 1473411556 793803773 start: 1473411554 899440559
t_num: 20 finish: 1473411556 874242411 start: 1473411555 478725714
t_num: 10 finish: 1473411557 166706657 start: 1473411554 811188127
t_num: 17 finish: 1473411557 414858706 start: 1473411554 772505103
t_num: 18 finish: 1473411557 600850819 start: 1473411555 277996101
t_num: 15 finish: 1473411557 856488453 start: 1473411555 180815466
t_num: 4 finish: 1473411558 31891193 start: 1473411556 340281873
t_num: 11 finish: 1473411558 50910793 start: 1473411555 626889029
t_num: 21 finish: 1473411558 50982579 start: 1473411555 240662500
t_num: 0 finish: 1473411558 51632851 start: 1473411555 808166818
t_num: 25 finish: 1473411558 382343416 start: 1473411557 68728149
t_num: 19 finish: 1473411558 411722379 start: 1473411555 577814129
t_num: 22 finish: 1473411558 411959472 start: 1473411556 742133216
t_num: 30 finish: 1473411558 559860770 start: 1473411555 627132049
t_num: 24 finish: 1473411558 559882416 start: 1473411556 339671377
t_num: 14 finish: 1473411558 559977033 start: 1473411557 32020077
t_num: 5 finish: 1473411558 587239373 start: 1473411556 793861367
t_num: 7 finish: 1473411559 16533606 start: 1473411557 856529301
t_num: 16 finish: 1473411559 17220596 start: 1473411557 856535246
t_num: 1 finish: 1473411559 69031064 start: 1473411556 641646474
t_num: 12 finish: 1473411559 363685411 start: 1473411557 879997144
t_num: 27 finish: 1473411559 488097525 start: 1473411557 696115657
t_num: 5 finish: 1473411559 712688814 start: 1473411558 587260340
t_num: 2 finish: 1473411559 712727173 start: 1473411557 39062480
t_num: 22 finish: 1473411559 890228799 start: 1473411559 65429773
t_num: 15 finish: 1473411559 943812503 start: 1473411557 856560422
t_num: 4 finish: 1473411560 123550089 start: 1473411558 31929375
t_num: 19 finish: 1473411560 477358488 start: 1473411558 411746818
t_num: 16 finish: 1473411560 552997203 start: 1473411559 17240296
t_num: 13 finish: 1473411560 566522471 start: 1473411559 26763790
t_num: 9 finish: 1473411560 602604750 start: 1473411557 879035794
t_num: 11 finish: 1473411560 748577745 start: 1473411559 104656366
t_num: 20 finish: 1473411560 851480369 start: 1473411558 525292366
t_num: 7 finish: 1473411560 989393539 start: 1473411559 16562551
t_num: 18 finish: 1473411561 38125199 start: 1473411558 411814635
t_num: 2 finish: 1473411561 59889889 start: 1473411559 712755528
t_num: 21 finish: 1473411561 311149923 start: 1473411559 389903576
t_num: 12 finish: 1473411561 347761099 start: 1473411559 363717619
t_num: 22 finish: 1473411561 385574638 start: 1473411559 890266819
t_num: 25 finish: 1473411561 405082687 start: 1473411559 233710979
t_num: 9 finish: 1473411561 636325027 start: 1473411560 602637630
t_num: 0 finish: 1473411561 692040188 start: 1473411559 66320033
t_num: 15 finish: 1473411561 843862055 start: 1473411559 943849804
t_num: 14 finish: 1473411561 999157576 start: 1473411559 302383441
t_num: 10 finish: 1473411562 124706481 start: 1473411559 456310031
t_num: 5 finish: 1473411562 274932647 start: 1473411560 167272749
t_num: 4 finish: 1473411562 319075891 start: 1473411561 59917000
t_num: 24 finish: 1473411562 857238633 start: 1473411560 759995198
t_num: 21 finish: 1473411562 956126497 start: 1473411561 311196782
t_num: 2 finish: 1473411563 14661366 start: 1473411561 59942574
t_num: 12 finish: 1473411563 61619810 start: 1473411561 347783517
t_num: 26 finish: 1473411563 123044976 start: 1473411560 653349929
t_num: 19 finish: 1473411563 222888384 start: 1473411560 892531082
t_num: 18 finish: 1473411563 262932959 start: 1473411561 245986514
t_num: 31 finish: 1473411563 497533677 start: 1473411561 60039605
t_num: 6 finish: 1473411563 497870127 start: 1473411562 323601073
t_num: 4 finish: 1473411563 619713771 start: 1473411562 319109768
t_num: 15 finish: 1473411563 644062146 start: 1473411561 843905252
t_num: 27 finish: 1473411563 704241228 start: 1473411562 320826297
t_num: 10 finish: 1473411563 882323377 start: 1473411562 124733819
t_num: 0 finish: 1473411563 882927722 start: 1473411563 96043985
t_num: 22 finish: 1473411563 911435306 start: 1473411561 385607401
t_num: 7 finish: 1473411563 911437354 start: 1473411562 786628466
t_num: 11 finish: 1473411564 42896425 start: 1473411561 732353422
t_num: 9 finish: 1473411564 113586928 start: 1473411562 732616039
t_num: 5 finish: 1473411564 155644306 start: 1473411562 274962310
t_num: 27 finish: 1473411564 279249873 start: 1473411563 704266016
t_num: 19 finish: 1473411564 373092275 start: 1473411563 414065447
t_num: 14 finish: 1473411564 446590785 start: 1473411561 999194499
t_num: 24 finish: 1473411564 450256671 start: 1473411562 857271858
t_num: 4 finish: 1473411564 451437012 start: 1473411563 619739243
t_num: 21 finish: 1473411564 827326942 start: 1473411563 596384561
t_num: 6 finish: 1473411565 295575385 start: 1473411563 497890713
t_num: 12 finish: 1473411565 389034009 start: 1473411563 465904343
t_num: 31 finish: 1473411565 432967398 start: 1473411563 497578808
t_num: 0 finish: 1473411565 461824504 start: 1473411563 882947002
t_num: 7 finish: 1473411565 649329688 start: 1473411563 911530252
t_num: 2 finish: 1473411565 903610949 start: 1473411563 802914078
t_num: 23 finish: 1473411566 82132054 start: 1473411563 781291539
t_num: 11 finish: 1473411566 140579536 start: 1473411564 42936917
t_num: 4 finish: 1473411566 186780127 start: 1473411564 451457375
t_num: 8 finish: 1473411566 430417687 start: 1473411563 802776758
t_num: 7 finish: 1473411566 643736484 start: 1473411565 649370875
t_num: 21 finish: 1473411566 698694842 start: 1473411565 394708629
t_num: 15 finish: 1473411566 753664496 start: 1473411564 541772926
t_num: 14 finish: 1473411566 753675861 start: 1473411564 446634225
t_num: 26 finish: 1473411566 836498713 start: 1473411564 667146796
t_num: 27 finish: 1473411567 414511 start: 1473411564 279278100
t_num: 23 finish: 1473411567 619062820 start: 1473411566 299139731
t_num: 9 finish: 1473411567 715253146 start: 1473411566 299154753
t_num: 29 finish: 1473411567 834389022 start: 1473411564 978067218
t_num: 5 finish: 1473411567 862190828 start: 1473411565 990943344
t_num: 24 finish: 1473411567 931353197 start: 1473411565 433604038
t_num: 2 finish: 1473411567 931355412 start: 1473411565 903654127
t_num: 7 finish: 1473411567 958570658 start: 1473411566 643779120
t_num: 31 finish: 1473411567 958662556 start: 1473411567 183720120
t_num: 13 finish: 1473411568 91237327 start: 1473411565 981324283
t_num: 19 finish: 1473411568 93322780 start: 1473411564 953791117
t_num: 0 finish: 1473411568 255984916 start: 1473411565 461846357
t_num: 12 finish: 1473411568 765881735 start: 1473411566 150344500
t_num: 27 finish: 1473411569 53312408 start: 1473411567 437886
t_num: 26 finish: 1473411569 294608500 start: 1473411566 836518249
t_num: 8 finish: 1473411569 342550762 start: 1473411567 672979670
t_num: 9 finish: 1473411569 567460220 start: 1473411568 532929681
t_num: 3 finish: 1473411569 667397303 start: 1473411567 619026435
t_num: 5 finish: 1473411569 817011516 start: 1473411567 862210625
t_num: 1 finish: 1473411569 818959463 start: 1473411567 985994575
t_num: 21 finish: 1473411569 820106405 start: 1473411567 713482275
t_num: 6 finish: 1473411569 820245778 start: 1473411566 986368512
t_num: 29 finish: 1473411570 140470147 start: 1473411567 834428574
t_num: 4 finish: 1473411570 309978704 start: 1473411567 703263101
t_num: 5 finish: 1473411570 356067896 start: 1473411569 817041523
t_num: 0 finish: 1473411571 226909713 start: 1473411568 256029443
t_num: 2 finish: 1473411571 401617195 start: 1473411567 931391093
t_num: 26 finish: 1473411571 401617222 start: 1473411569 294655270
t_num: 17 finish: 1473411571 475233612 start: 1473411567 861993299
t_num: 24 finish: 1473411571 588358377 start: 1473411567 931378794
t_num: 18 finish: 1473411571 597134757 start: 1473411569 393580128
t_num: 27 finish: 1473411571 752196421 start: 1473411569 471121165
t_num: 12 finish: 1473411572 8701701 start: 1473411570 310624185
t_num: 19 finish: 1473411572 30354081 start: 1473411569 651553496
t_num: 9 finish: 1473411572 150824599 start: 1473411569 578469958
t_num: 4 finish: 1473411572 157991566 start: 1473411571 56132181
t_num: 22 finish: 1473411572 341410546 start: 1473411568 941108976
t_num: 31 finish: 1473411572 391050758 start: 1473411570 420280183
t_num: 3 finish: 1473411572 406548895 start: 1473411569 667444626
t_num: 8 finish: 1473411572 410610493 start: 1473411569 342593687
t_num: 21 finish: 1473411572 429640766 start: 1473411569 820128012
t_num: 6 finish: 1473411572 431658342 start: 1473411569 820265497
t_num: 23 finish: 1473411572 590203992 start: 1473411571 584202892
t_num: 5 finish: 1473411572 627071750 start: 1473411570 356092700
t_num: 2 finish: 1473411572 634234839 start: 1473411571 582848486
t_num: 0 finish: 1473411572 832629618 start: 1473411571 983357407
t_num: 19 finish: 1473411572 892883554 start: 1473411572 30379507
t_num: 12 finish: 1473411572 892940975 start: 1473411572 8732938
t_num: 10 finish: 1473411572 952695271 start: 1473411571 558891924
t_num: 26 finish: 1473411573 17887583 start: 1473411571 401821343
t_num: 25 finish: 1473411573 518032758 start: 1473411571 945023330
t_num: 24 finish: 1473411574 259791498 start: 1473411571 588436899
t_num: 20 finish: 1473411574 317678810 start: 1473411571 584885721
t_num: 18 finish: 1473411574 383127073 start: 1473411572 37614256
t_num: 0 finish: 1473411574 383292391 start: 1473411572 832659956
t_num: 4 finish: 1473411574 525549254 start: 1473411572 158015541
t_num: 21 finish: 1473411574 525893647 start: 1473411572 429661299
t_num: 8 finish: 1473411574 629539242 start: 1473411572 410631226
t_num: 9 finish: 1473411574 629566550 start: 1473411573 18068126
t_num: 27 finish: 1473411574 949646059 start: 1473411572 728971665
t_num: 2 finish: 1473411574 975827226 start: 1473411572 634256537
t_num: 25 finish: 1473411575 274375169 start: 1473411573 518089189
t_num: 16 finish: 1473411575 352251308 start: 1473411573 647409747
t_num: 22 finish: 1473411575 767606651 start: 1473411572 730452933
t_num: 27 finish: 1473411575 828181911 start: 1473411574 949690754
t_num: 18 finish: 1473411575 876109832 start: 1473411574 383148697
t_num: 29 finish: 1473411576 145126708 start: 1473411574 348808088
t_num: 12 finish: 1473411576 272196952 start: 1473411572 892961411
t_num: 24 finish: 1473411576 308352337 start: 1473411574 259836147
t_num: 1 finish: 1473411576 309273390 start: 1473411574 411217923
t_num: 26 finish: 1473411576 309878086 start: 1473411573 17950392
t_num: 9 finish: 1473411576 310110841 start: 1473411574 629581785
t_num: 23 finish: 1473411576 432048242 start: 1473411573 646827959
t_num: 5 finish: 1473411576 456597396 start: 1473411574 262959464
t_num: 21 finish: 1473411576 521956285 start: 1473411575 17122803
t_num: 6 finish: 1473411576 553486731 start: 1473411573 305452779
t_num: 16 finish: 1473411576 554509842 start: 1473411575 393240761
t_num: 8 finish: 1473411576 556694657 start: 1473411574 629560532
t_num: 0 finish: 1473411576 873294580 start: 1473411575 274376170
t_num: 31 finish: 1473411577 444451389 start: 1473411575 344421100
t_num: 10 finish: 1473411577 445387517 start: 1473411575 436660928
t_num: 5 finish: 1473411577 445449061 start: 1473411576 554459782
t_num: 3 finish: 1473411577 551164736 start: 1473411574 246976374
t_num: 20 finish: 1473411577 581413726 start: 1473411575 358011812
t_num: 26 finish: 1473411577 942364353 start: 1473411576 309898983
t_num: 9 finish: 1473411578 30419099 start: 1473411577 87183816
t_num: 8 finish: 1473411578 46961392 start: 1473411576 556710298
t_num: 1 finish: 1473411578 240733484 start: 1473411576 309294114
t_num: 23 finish: 1473411578 423143452 start: 1473411576 432103049
t_num: 27 finish: 1473411578 423301270 start: 1473411575 828204797
t_num: 16 finish: 1473411578 855543236 start: 1473411576 554526329
t_num: 10 finish: 1473411578 857355965 start: 1473411577 445408694
t_num: 15 finish: 1473411578 861053375 start: 1473411576 564525591
t_num: 24 finish: 1473411578 941372136 start: 1473411576 308391622
t_num: 29 finish: 1473411579 106609149 start: 1473411576 554434142
t_num: 8 finish: 1473411579 273561531 start: 1473411578 47005205
t_num: 12 finish: 1473411579 320272533 start: 1473411576 272237405
t_num: 23 finish: 1473411579 416755960 start: 1473411578 423172522
t_num: 31 finish: 1473411579 474326710 start: 1473411577 444496327
t_num: 5 finish: 1473411579 497537183 start: 1473411578 47066963
t_num: 2 finish: 1473411579 590057462 start: 1473411577 942401441
t_num: 9 finish: 1473411579 622455045 start: 1473411578 30467695
t_num: 24 finish: 1473411579 752187422 start: 1473411578 941405686
t_num: 12 finish: 1473411579 816979632 start: 1473411579 320297258
t_num: 21 finish: 1473411579 923472799 start: 1473411577 581487306
t_num: 27 finish: 1473411580 91009794 start: 1473411578 700874031
t_num: 22 finish: 1473411580 206284043 start: 1473411576 873319785
t_num: 26 finish: 1473411580 732916610 start: 1473411578 423257549
t_num: 29 finish: 1473411580 836461817 start: 1473411579 106650832
t_num: 6 finish: 1473411580 837220173 start: 1473411579 261815743
t_num: 11 finish: 1473411580 988201611 start: 1473411579 323834231
t_num: 16 finish: 1473411581 28318043 start: 1473411578 855586937
t_num: 24 finish: 1473411581 88821953 start: 1473411579 752223097
t_num: 3 finish: 1473411581 150462134 start: 1473411578 700860872
t_num: 5 finish: 1473411581 174790151 start: 1473411579 497559459
t_num: 15 finish: 1473411581 301266466 start: 1473411579 684696664
t_num: 9 finish: 1473411581 301321163 start: 1473411579 622488971
t_num: 22 finish: 1473411581 348886055 start: 1473411580 206324092
t_num: 31 finish: 1473411581 509244301 start: 1473411579 474366793
t_num: 23 finish: 1473411581 611563257 start: 1473411580 253055543
t_num: 21 finish: 1473411581 835430397 start: 1473411579 923495446
t_num: 15 finish: 1473411582 223590668 start: 1473411581 301296769
t_num: 5 finish: 1473411582 445034106 start: 1473411581 174832764
t_num: 3 finish: 1473411582 450020315 start: 1473411581 150483404
t_num: 25 finish: 1473411582 496498369 start: 1473411580 237292821
t_num: 12 finish: 1473411582 649384797 start: 1473411580 988783720
t_num: 30 finish: 1473411582 670405092 start: 1473411581 150331787
t_num: 24 finish: 1473411582 748791678 start: 1473411581 175082814
t_num: 11 finish: 1473411582 820783862 start: 1473411580 988230233
t_num: 6 finish: 1473411582 820884881 start: 1473411581 401784103
t_num: 14 finish: 1473411583 47238877 start: 1473411581 348687114
t_num: 27 finish: 1473411583 82407536 start: 1473411580 730036574
t_num: 1 finish: 1473411583 256817536 start: 1473411581 348478589
t_num: 2 finish: 1473411583 291600247 start: 1473411580 989464904
t_num: 16 finish: 1473411583 837345414 start: 1473411581 28348689
t_num: 29 finish: 1473411584 583068720 start: 1473411581 835458838
t_num: 25 finish: 1473411584 619137843 start: 1473411582 496532820
t_num: 2 finish: 1473411584 818948570 start: 1473411583 291621594
t_num: 14 finish: 1473411584 936914109 start: 1473411583 47284550
t_num: 15 finish: 1473411585 21585187 start: 1473411583 304452896
t_num: 4 finish: 1473411585 232609261 start: 1473411584 266212517
t_num: 3 finish: 1473411585 461934754 start: 1473411583 520751767
t_num: 19 finish: 1473411585 467670231 start: 1473411582 648280129
t_num: 17 finish: 1473411585 479923416 start: 1473411583 376208516
t_num: 30 finish: 1473411585 481169035 start: 1473411584 266182108
t_num: 11 finish: 1473411585 481453744 start: 1473411583 616232435
t_num: 24 finish: 1473411585 528274361 start: 1473411582 748837882
t_num: 1 finish: 1473411585 569644973 start: 1473411583 256843238
t_num: 6 finish: 1473411585 570316596 start: 1473411583 319522042
t_num: 5 finish: 1473411585 610823224 start: 1473411582 670411980
t_num: 12 finish: 1473411585 679615020 start: 1473411584 787465924
t_num: 22 finish: 1473411585 820129161 start: 1473411584 468546049
t_num: 16 finish: 1473411586 153881827 start: 1473411584 266193025
t_num: 13 finish: 1473411586 376279812 start: 1473411582 897945111
t_num: 17 finish: 1473411586 424222079 start: 1473411585 479947613
t_num: 2 finish: 1473411586 424263696 start: 1473411584 818977103
t_num: 23 finish: 1473411586 424659871 start: 1473411585 242944721
t_num: 15 finish: 1473411586 497939489 start: 1473411585 21617981
t_num: 24 finish: 1473411586 665121218 start: 1473411585 528301961
t_num: 3 finish: 1473411586 842758256 start: 1473411585 461978009
t_num: 6 finish: 1473411587 35178295 start: 1473411586 83035786
t_num: 30 finish: 1473411587 271701594 start: 1473411585 481191189
t_num: 5 finish: 1473411587 573872741 start: 1473411585 610861118
t_num: 9 finish: 1473411588 38656034 start: 1473411586 424455791
t_num: 14 finish: 1473411588 40583640 start: 1473411585 610913284
t_num: 16 finish: 1473411588 136175970 start: 1473411586 153910176
t_num: 31 finish: 1473411588 242655450 start: 1473411586 843533557
t_num: 2 finish: 1473411588 265940208 start: 1473411586 424282482
t_num: 17 finish: 1473411588 265962056 start: 1473411586 424248486
t_num: 11 finish: 1473411588 415999560 start: 1473411586 424541632
t_num: 25 finish: 1473411588 420231889 start: 1473411586 839716858
t_num: 28 finish: 1473411588 937223921 start: 1473411586 844661634
t_num: 4 finish: 1473411589 68694686 start: 1473411586 988706627
t_num: 31 finish: 1473411589 201779860 start: 1473411588 242685961
t_num: 13 finish: 1473411589 202103676 start: 1473411586 842156966
t_num: 19 finish: 1473411589 735238258 start: 1473411586 838366708
t_num: 16 finish: 1473411589 738978740 start: 1473411588 136213693
t_num: 23 finish: 1473411589 780455162 start: 1473411586 848360317
t_num: 2 finish: 1473411589 988784007 start: 1473411588 265994164
t_num: 5 finish: 1473411590 129055986 start: 1473411587 573917076
t_num: 24 finish: 1473411590 190737953 start: 1473411588 165089128
t_num: 21 finish: 1473411590 246597588 start: 1473411588 806217525
t_num: 26 finish: 1473411590 268588015 start: 1473411587 886121145
t_num: 17 finish: 1473411590 682108323 start: 1473411588 445285266
t_num: 6 finish: 1473411590 733355078 start: 1473411588 1853623
t_num: 3 finish: 1473411591 30910423 start: 1473411587 948161298
t_num: 20 finish: 1473411591 180448847 start: 1473411589 294623104
t_num: 14 finish: 1473411591 203437456 start: 1473411589 53635229
t_num: 25 finish: 1473411591 229207311 start: 1473411589 42591990
t_num: 31 finish: 1473411591 229278653 start: 1473411589 201804457
t_num: 23 finish: 1473411591 340167708 start: 1473411589 780474221
t_num: 19 finish: 1473411591 392979610 start: 1473411589 735279195
t_num: 4 finish: 1473411591 443442341 start: 1473411590 94443196
t_num: 17 finish: 1473411591 492064857 start: 1473411590 682151486
t_num: 26 finish: 1473411591 542847838 start: 1473411590 268621431
t_num: 30 finish: 1473411591 660260401 start: 1473411589 68046331
t_num: 10 finish: 1473411591 660419225 start: 1473411590 411566829
t_num: 22 finish: 1473411591 683150940 start: 1473411589 736022481
t_num: 5 finish: 1473411591 703923380 start: 1473411590 129087245
t_num: 1 finish: 1473411591 703953094 start: 1473411591 124725374
t_num: 21 finish: 1473411591 871328187 start: 1473411590 246630818
t_num: 2 finish: 1473411591 986222046 start: 1473411590 272900669
t_num: 13 finish: 1473411592 210601407 start: 1473411591 144315948
t_num: 31 finish: 1473411592 618464579 start: 1473411591 229296619
t_num: 11 finish: 1473411592 868364217 start: 1473411591 30891226
t_num: 9 finish: 1473411593 29023216 start: 1473411590 733149241
t_num: 8 finish: 1473411593 138660947 start: 1473411591 660240971
t_num: 14 finish: 1473411593 253509663 start: 1473411591 203461920
t_num: 6 finish: 1473411593 254148187 start: 1473411591 392962599
t_num: 30 finish: 1473411593 444614637 start: 1473411591 660283874
t_num: 22 finish: 1473411593 628049178 start: 1473411591 683171122
t_num: 26 finish: 1473411593 740728995 start: 1473411592 413366968
t_num: 2 finish: 1473411593 806222929 start: 1473411591 986253785
t_num: 20 finish: 1473411593 806270431 start: 1473411591 180487557
t_num: 3 finish: 1473411593 871524308 start: 1473411591 660197308
t_num: 6 finish: 1473411593 976968437 start: 1473411593 254164322
t_num: 8 finish: 1473411594 257166175 start: 1473411593 138700474
t_num: 25 finish: 1473411594 363722698 start: 1473411592 926839190
t_num: 1 finish: 1473411594 421966625 start: 1473411591 703972064
t_num: 18 finish: 1473411594 478903449 start: 1473411592 648711318
t_num: 9 finish: 1473411594 516400788 start: 1473411593 29075303
t_num: 31 finish: 1473411594 516695678 start: 1473411593 384574341
t_num: 17 finish: 1473411594 598979321 start: 1473411591 914982103
t_num: 13 finish: 1473411594 896605305 start: 1473411593 139995442
t_num: 11 finish: 1473411595 341994397 start: 1473411592 868410052
t_num: 5 finish: 1473411595 665648285 start: 1473411593 382677884
t_num: 18 finish: 1473411595 687190169 start: 1473411594 478931002
t_num: 22 finish: 1473411595 688351016 start: 1473411594 425103616
t_num: 10 finish: 1473411595 771339931 start: 1473411592 928324539
t_num: 14 finish: 1473411595 882177970 start: 1473411594 425899073
t_num: 27 finish: 1473411596 19401853 start: 1473411593 431447446
t_num: 31 finish: 1473411596 319327061 start: 1473411594 516716346
t_num: 9 finish: 1473411596 355748769 start: 1473411594 753622885
t_num: 7 finish: 1473411596 414244497 start: 1473411594 424198636
t_num: 28 finish: 1473411596 414244513 start: 1473411595 38852289
t_num: 27 finish: 1473411597 4872344 start: 1473411596 19444299
t_num: 17 finish: 1473411597 275749423 start: 1473411594 599024442
t_num: 18 finish: 1473411597 309864121 start: 1473411595 687211634
t_num: 25 finish: 1473411597 360725559 start: 1473411595 301680686
t_num: 8 finish: 1473411597 365956702 start: 1473411595 399246023
t_num: 2 finish: 1473411597 876555842 start: 1473411595 578714468
t_num: 19 finish: 1473411597 904491892 start: 1473411596 431796498
t_num: 11 finish: 1473411598 112213454 start: 1473411596 414397075
t_num: 1 finish: 1473411598 783067617 start: 1473411595 578768931
t_num: 0 finish: 1473411598 783067617 start: 1473411596 318052831
t_num: 9 finish: 1473411599 373217057 start: 1473411596 355773241
t_num: 8 finish: 1473411599 378724838 start: 1473411597 365973452
t_num: 2 finish: 1473411599 381898835 start: 1473411597 876589973
t_num: 25 finish: 1473411599 383065194 start: 1473411598 109925296
t_num: 29 finish: 1473411599 385562680 start: 1473411595 555905240
t_num: 12 finish: 1473411599 387368168 start: 1473411597 176879465
t_num: 7 finish: 1473411599 420471080 start: 1473411596 414281474
t_num: 20 finish: 1473411599 471350680 start: 1473411597 310379043
t_num: 4 finish: 1473411599 533535303 start: 1473411597 48731675
t_num: 24 finish: 1473411599 533734462 start: 1473411598 255900477
t_num: 26 finish: 1473411599 577000019 start: 1473411598 109963991
t_num: 31 finish: 1473411599 699202855 start: 1473411598 732770035
t_num: 5 finish: 1473411599 948344327 start: 1473411597 309730816
t_num: 28 finish: 1473411600 334345149 start: 1473411597 68956163
t_num: 22 finish: 1473411600 518521218 start: 1473411598 321584438
t_num: 19 finish: 1473411600 563821569 start: 1473411598 905043491
t_num: 1 finish: 1473411600 604054110 start: 1473411598 783114428
t_num: 21 finish: 1473411600 761604926 start: 1473411598 897914117
t_num: 29 finish: 1473411601 381470167 start: 1473411599 385582145
t_num: 12 finish: 1473411601 394123211 start: 1473411599 387388228
t_num: 20 finish: 1473411601 394463924 start: 1473411599 880165846
t_num: 9 finish: 1473411601 396406752 start: 1473411599 373273665
t_num: 24 finish: 1473411601 397299422 start: 1473411599 533766000
t_num: 26 finish: 1473411601 418936680 start: 1473411600 376625035
t_num: 7 finish: 1473411601 803910751 start: 1473411599 932624961
t_num: 18 finish: 1473411601 854765821 start: 1473411599 377562204
t_num: 5 finish: 1473411601 996260989 start: 1473411600 150917734
t_num: 1 finish: 1473411602 356252602 start: 1473411600 604075001
t_num: 16 finish: 1473411602 401676995 start: 1473411600 16252155
t_num: 2 finish: 1473411602 441418527 start: 1473411599 932604244
t_num: 0 finish: 1473411602 500548172 start: 1473411599 932583712
t_num: 19 finish: 1473411602 647225541 start: 1473411601 308995240
t_num: 29 finish: 1473411602 706911207 start: 1473411601 381508398
t_num: 26 finish: 1473411602 770048706 start: 1473411601 418968917
t_num: 10 finish: 1473411602 861671139 start: 1473411601 805022994
t_num: 28 finish: 1473411602 923367968 start: 1473411601 86549507
t_num: 4 finish: 1473411603 90738844 start: 1473411600 818972918
t_num: 25 finish: 1473411603 136873299 start: 1473411600 16015834
t_num: 22 finish: 1473411603 244285193 start: 1473411602 356305133
t_num: 5 finish: 1473411603 302928651 start: 1473411601 996306080
t_num: 23 finish: 1473411603 303012260 start: 1473411600 227523648
t_num: 19 finish: 1473411603 340014334 start: 1473411602 647256283
t_num: 7 finish: 1473411603 397430556 start: 1473411602 88782925
t_num: 3 finish: 1473411603 751191226 start: 1473411601 309013074
t_num: 1 finish: 1473411603 751246032 start: 1473411602 356279916
t_num: 24 finish: 1473411603 944947515 start: 1473411602 317738124
t_num: 8 finish: 1473411603 945277018 start: 1473411601 588481332
t_num: 10 finish: 1473411604 457258067 start: 1473411602 861715931
t_num: 16 finish: 1473411604 534872397 start: 1473411602 401718712
t_num: 9 finish: 1473411604 557136704 start: 1473411603 180696192
t_num: 28 finish: 1473411604 835898114 start: 1473411602 923412274
t_num: 25 finish: 1473411604 871470866 start: 1473411603 136905940
t_num: 26 finish: 1473411604 897637295 start: 1473411604 3278682
t_num: 19 finish: 1473411604 898712102 start: 1473411603 340044300
t_num: 3 finish: 1473411605 5279131 start: 1473411603 751233043
t_num: 6 finish: 1473411605 171630907 start: 1473411604 208533963
t_num: 0 finish: 1473411605 531994417 start: 1473411602 500591075
t_num: 18 finish: 1473411605 532689949 start: 1473411604 457313317
t_num: 22 finish: 1473411605 532696013 start: 1473411603 244329562
t_num: 14 finish: 1473411605 846624164 start: 1473411604 320294942
t_num: 4 finish: 1473411605 849231162 start: 1473411603 90783567
t_num: 24 finish: 1473411605 850006882 start: 1473411604 535924777
t_num: 21 finish: 1473411605 874960030 start: 1473411603 302989977
t_num: 8 finish: 1473411605 940792013 start: 1473411604 535892592
t_num: 5 finish: 1473411605 940791996 start: 1473411603 302973292
t_num: 2 finish: 1473411605 940952943 start: 1473411603 921298971
t_num: 9 finish: 1473411606 137153049 start: 1473411604 557158435
t_num: 0 finish: 1473411606 301124605 start: 1473411605 532036873
t_num: 7 finish: 1473411606 314767096 start: 1473411604 859153008
t_num: 23 finish: 1473411606 670006552 start: 1473411605 5877100
t_num: 20 finish: 1473411606 883015723 start: 1473411604 857251719
t_num: 22 finish: 1473411607 317288089 start: 1473411605 532728120
t_num: 16 finish: 1473411607 318598675 start: 1473411605 171663040
t_num: 10 finish: 1473411607 416382802 start: 1473411605 809482606
t_num: 1 finish: 1473411607 480481357 start: 1473411605 809459174
t_num: 3 finish: 1473411607 576709130 start: 1473411605 848604370
t_num: 18 finish: 1473411607 766660625 start: 1473411606 251132477
t_num: 6 finish: 1473411607 811501716 start: 1473411606 83250347
t_num: 9 finish: 1473411608 313572674 start: 1473411606 137185080
t_num: 24 finish: 1473411608 363184047 start: 1473411605 850027643
t_num: 25 finish: 1473411608 866662791 start: 1473411605 848704474
t_num: 13 finish: 1473411608 944877662 start: 1473411607 576742088
t_num: 14 finish: 1473411609 95743707 start: 1473411606 575164495
t_num: 27 finish: 1473411609 188337822 start: 1473411605 848654915
t_num: 0 finish: 1473411609 300324173 start: 1473411606 843286206
t_num: 7 finish: 1473411609 340402539 start: 1473411607 385265991
t_num: 1 finish: 1473411609 340456815 start: 1473411607 480524564
t_num: 3 finish: 1473411609 445323626 start: 1473411607 576786673
t_num: 12 finish: 1473411609 476886740 start: 1473411607 814454714
t_num: 16 finish: 1473411609 533294955 start: 1473411607 318626908
t_num: 20 finish: 1473411609 533313780 start: 1473411606 883039619
t_num: 18 finish: 1473411610 29576632 start: 1473411607 766694819
t_num: 21 finish: 1473411610 38019338 start: 1473411607 385876091
t_num: 22 finish: 1473411610 244628835 start: 1473411608 568893474
t_num: 4 finish: 1473411610 244635978 start: 1473411608 855198729
t_num: 3 finish: 1473411610 651516433 start: 1473411609 445373046
t_num: 14 finish: 1473411610 699975066 start: 1473411609 95774980
t_num: 11 finish: 1473411610 699975719 start: 1473411609 766553816
t_num: 24 finish: 1473411611 439945859 start: 1473411610 35352643
t_num: 19 finish: 1473411611 478333939 start: 1473411609 766535884
t_num: 6 finish: 1473411611 489159308 start: 1473411609 187721089
t_num: 25 finish: 1473411611 568864957 start: 1473411608 866706013
t_num: 0 finish: 1473411611 649523763 start: 1473411610 31032567
t_num: 7 finish: 1473411611 649661929 start: 1473411609 340434515
t_num: 12 finish: 1473411611 676833672 start: 1473411610 631220225
t_num: 4 finish: 1473411611 845497127 start: 1473411610 244700593
t_num: 18 finish: 1473411611 870005454 start: 1473411610 700027851
t_num: 9 finish: 1473411611 913461072 start: 1473411610 638401479
t_num: 23 finish: 1473411611 915335647 start: 1473411609 87430927
t_num: 29 finish: 1473411612 435002958 start: 1473411609 499499000
t_num: 6 finish: 1473411612 435011983 start: 1473411611 489214137
t_num: 20 finish: 1473411612 510185242 start: 1473411610 36854647
t_num: 31 finish: 1473411612 510234219 start: 1473411610 666025796
t_num: 14 finish: 1473411612 710674029 start: 1473411610 700004516
t_num: 27 finish: 1473411612 890756491 start: 1473411610 244727377
t_num: 23 finish: 1473411612 924562130 start: 1473411611 915352248
t_num: 24 finish: 1473411612 970709576 start: 1473411611 439975663
t_num: 7 finish: 1473411613 89048578 start: 1473411611 649680996
t_num: 11 finish: 1473411613 138913934 start: 1473411610 700171256
t_num: 9 finish: 1473411613 210840853 start: 1473411611 913483347
t_num: 30 finish: 1473411613 533358642 start: 1473411611 577195557
t_num: 26 finish: 1473411614 32779694 start: 1473411612 67494413
t_num: 21 finish: 1473411614 110687133 start: 1473411611 845372074
t_num: 8 finish: 1473411614 168161187 start: 1473411613 294966103
t_num: 0 finish: 1473411614 299471968 start: 1473411611 649554491
t_num: 13 finish: 1473411614 299496439 start: 1473411612 359996938
t_num: 4 finish: 1473411614 387025779 start: 1473411611 845520489
t_num: 20 finish: 1473411614 443106666 start: 1473411612 510221268
t_num: 31 finish: 1473411614 746838267 start: 1473411613 210967142
t_num: 27 finish: 1473411614 901081350 start: 1473411612 890788512
t_num: 19 finish: 1473411614 949030635 start: 1473411613 294710204
t_num: 12 finish: 1473411615 270209708 start: 1473411612 686957121
t_num: 23 finish: 1473411615 270515002 start: 1473411612 924586048
t_num: 5 finish: 1473411615 378704445 start: 1473411612 817143162
t_num: 11 finish: 1473411615 379082745 start: 1473411613 886330690
t_num: 21 finish: 1473411615 471626590 start: 1473411614 110731234
t_num: 24 finish: 1473411615 633680088 start: 1473411613 685509607
t_num: 7 finish: 1473411615 637884517 start: 1473411613 89091730
t_num: 17 finish: 1473411615 741046701 start: 1473411614 643884005
t_num: 4 finish: 1473411615 838915958 start: 1473411614 387077385
t_num: 26 finish: 1473411615 964491197 start: 1473411614 733728087
t_num: 6 finish: 1473411616 228571328 start: 1473411613 476047906
t_num: 5 finish: 1473411616 529819846 start: 1473411615 378730746
t_num: 0 finish: 1473411616 605588707 start: 1473411614 299518520
t_num: 20 finish: 1473411616 908017787 start: 1473411614 443130756
t_num: 29 finish: 1473411616 966020076 start: 1473411615 404091679
t_num: 8 finish: 1473411617 71287668 start: 1473411615 270173285
t_num: 26 finish: 1473411617 194853877 start: 1473411615 964526851
t_num: 27 finish: 1473411617 236603575 start: 1473411615 404203185
t_num: 25 finish: 1473411617 315406640 start: 1473411614 522938520
t_num: 30 finish: 1473411617 549147901 start: 1473411615 280861806
t_num: 24 finish: 1473411617 650296435 start: 1473411615 633721332
t_num: 9 finish: 1473411617 650339504 start: 1473411615 638837060
t_num: 4 finish: 1473411617 789659214 start: 1473411615 838951452
t_num: 6 finish: 1473411617 791943531 start: 1473411616 228605507
t_num: 8 finish: 1473411617 922076674 start: 1473411617 71340444
t_num: 31 finish: 1473411618 314548730 start: 1473411616 340585862
t_num: 25 finish: 1473411618 406056971 start: 1473411617 315435560
t_num: 26 finish: 1473411618 406117013 start: 1473411617 194897119
t_num: 5 finish: 1473411618 436407618 start: 1473411616 529852960
t_num: 17 finish: 1473411618 473058839 start: 1473411616 879122422
t_num: 20 finish: 1473411618 832931894 start: 1473411617 789942184
t_num: 23 finish: 1473411618 883428197 start: 1473411617 71368444
t_num: 29 finish: 1473411619 105528320 start: 1473411616 966053278
t_num: 1 finish: 1473411619 516184823 start: 1473411617 838954013
t_num: 30 finish: 1473411619 516810352 start: 1473411617 549177515
t_num: 27 finish: 1473411619 691308471 start: 1473411617 778977158
t_num: 22 finish: 1473411620 337763800 start: 1473411617 922091997
t_num: 24 finish: 1473411620 440740581 start: 1473411617 650325312
t_num: 31 finish: 1473411620 531391014 start: 1473411618 314608308
t_num: 30 finish: 1473411620 622418735 start: 1473411619 516836864
t_num: 29 finish: 1473411620 622455672 start: 1473411619 105587844
t_num: 26 finish: 1473411620 795267215 start: 1473411618 406134366
t_num: 5 finish: 1473411620 805909944 start: 1473411618 436424120
t_num: 23 finish: 1473411620 805931483 start: 1473411618 883470643
t_num: 25 finish: 1473411621 140654297 start: 1473411618 406078239
t_num: 8 finish: 1473411621 140659540 start: 1473411619 853423194
t_num: 2 finish: 1473411621 140672594 start: 1473411620 33308745
t_num: 28 finish: 1473411621 619112479 start: 1473411620 168505370
t_num: 18 finish: 1473411621 648641117 start: 1473411618 721932240
t_num: 27 finish: 1473411621 742673341 start: 1473411620 168778832
t_num: 17 finish: 1473411621 816233620 start: 1473411620 203984776
t_num: 4 finish: 1473411622 100565652 start: 1473411618 586952506
t_num: 9 finish: 1473411622 101476181 start: 1473411619 690785148
t_num: 20 finish: 1473411622 102079736 start: 1473411619 853370881
t_num: 16 finish: 1473411622 424184882 start: 1473411620 336388395
t_num: 21 finish: 1473411622 534881787 start: 1473411621 24193489
t_num: 22 finish: 1473411622 609558969 start: 1473411620 337792310
t_num: 15 finish: 1473411622 737544274 start: 1473411621 569248425
t_num: 31 finish: 1473411622 782674660 start: 1473411620 531446826
t_num: 26 finish: 1473411622 905125166 start: 1473411620 795294384
t_num: 5 finish: 1473411622 942046459 start: 1473411621 225872684
t_num: 29 finish: 1473411623 67431052 start: 1473411620 622474417
t_num: 4 finish: 1473411623 156269782 start: 1473411622 100588546
t_num: 17 finish: 1473411623 343381327 start: 1473411621 816257716
t_num: 19 finish: 1473411623 428622561 start: 1473411622 697862655
t_num: 25 finish: 1473411623 632262881 start: 1473411622 86791319
t_num: 30 finish: 1473411623 856954842 start: 1473411622 85390593
t_num: 27 finish: 1473411623 917174139 start: 1473411621 742698552
t_num: 0 finish: 1473411623 983453946 start: 1473411621 648719023
t_num: 20 finish: 1473411624 453827043 start: 1473411623 159231129
t_num: 22 finish: 1473411624 453857840 start: 1473411622 609645884
t_num: 29 finish: 1473411624 453918386 start: 1473411623 67506152
t_num: 5 finish: 1473411624 453978892 start: 1473411622 942127946
t_num: 4 finish: 1473411624 454180678 start: 1473411623 227634198
t_num: 11 finish: 1473411624 788740832 start: 1473411622 430565608
t_num: 16 finish: 1473411624 808629703 start: 1473411622 424225978
t_num: 14 finish: 1473411624 850324876 start: 1473411623 161508206
t_num: 15 finish: 1473411624 850329725 start: 1473411623 527015081
t_num: 6 finish: 1473411625 661955171 start: 1473411624 342249432
t_num: 4 finish: 1473411625 704791987 start: 1473411624 454199422
t_num: 7 finish: 1473411625 758337377 start: 1473411622 942146382
t_num: 26 finish: 1473411625 758361138 start: 1473411623 270468176
t_num: 30 finish: 1473411626 10680332 start: 1473411624 723815733
t_num: 22 finish: 1473411626 87956796 start: 1473411625 290350343
t_num: 12 finish: 1473411626 88038295 start: 1473411624 440864372
t_num: 5 finish: 1473411626 144362250 start: 1473411624 791698225
t_num: 20 finish: 1473411626 408689110 start: 1473411625 290944523
t_num: 31 finish: 1473411626 708546291 start: 1473411623 310784794
t_num: 29 finish: 1473411626 709258027 start: 1473411624 453935550
t_num: 0 finish: 1473411626 795333400 start: 1473411623 983475541
t_num: 7 finish: 1473411626 808696426 start: 1473411625 758370094
t_num: 3 finish: 1473411626 844138290 start: 1473411624 478186638
t_num: 17 finish: 1473411626 910627789 start: 1473411624 453880335
t_num: 15 finish: 1473411626 960377745 start: 1473411625 704446036
t_num: 19 finish: 1473411626 992210854 start: 1473411623 428665857
t_num: 9 finish: 1473411626 992219571 start: 1473411623 877679330
t_num: 27 finish: 1473411627 46886771 start: 1473411623 917195959
t_num: 16 finish: 1473411627 462924490 start: 1473411624 808651999
t_num: 11 finish: 1473411627 462924488 start: 1473411626 10702180
t_num: 22 finish: 1473411627 534759966 start: 1473411626 87991508
t_num: 4 finish: 1473411627 744826743 start: 1473411626 88205936
t_num: 19 finish: 1473411628 642936054 start: 1473411626 992235955
t_num: 0 finish: 1473411628 721304100 start: 1473411626 795359528
t_num: 11 finish: 1473411628 746585461 start: 1473411627 462994328
t_num: 27 finish: 1473411629 321831562 start: 1473411627 46935674
t_num: 10 finish: 1473411629 357760784 start: 1473411626 914896503
t_num: 30 finish: 1473411629 586387180 start: 1473411626 487600834
t_num: 31 finish: 1473411629 587490167 start: 1473411626 708583555
t_num: 15 finish: 1473411629 832866851 start: 1473411626 960421875
t_num: 13 finish: 1473411629 943706501 start: 1473411628 167438991
t_num: 7 finish: 1473411629 944337883 start: 1473411626 808717240
t_num: 14 finish: 1473411630 122758570 start: 1473411626 773276498
t_num: 12 finish: 1473411630 381973572 start: 1473411629 227208406
t_num: 16 finish: 1473411630 382840023 start: 1473411627 462976315
t_num: 22 finish: 1473411630 606590894 start: 1473411627 535050451
t_num: 19 finish: 1473411630 692838051 start: 1473411628 642967607
t_num: 5 finish: 1473411631 410747335 start: 1473411628 253316498
t_num: 17 finish: 1473411631 469500907 start: 1473411630 341910963
t_num: 25 finish: 1473411631 470405001 start: 1473411630 87147531
t_num: 29 finish: 1473411631 474243217 start: 1473411628 336478029
t_num: 26 finish: 1473411631 618083864 start: 1473411628 461881508
t_num: 21 finish: 1473411631 718811208 start: 1473411628 944032829
t_num: 7 finish: 1473411631 762655516 start: 1473411629 944352564
t_num: 13 finish: 1473411631 764679667 start: 1473411629 943760510
t_num: 3 finish: 1473411631 955864085 start: 1473411629 848063545
t_num: 27 finish: 1473411632 58762497 start: 1473411629 773673562
t_num: 22 finish: 1473411632 160627373 start: 1473411631 218637030
t_num: 9 finish: 1473411632 238328788 start: 1473411629 265072384
t_num: 14 finish: 1473411632 375518187 start: 1473411631 178841220
t_num: 4 finish: 1473411632 581608858 start: 1473411629 912179581
t_num: 5 finish: 1473411632 925615579 start: 1473411631 410777187
t_num: 30 finish: 1473411632 927944426 start: 1473411631 178560529
t_num: 15 finish: 1473411632 929202650 start: 1473411632 30949134
t_num: 16 finish: 1473411633 11877134 start: 1473411631 327329289
t_num: 3 finish: 1473411633 26876826 start: 1473411631 955891366
t_num: 0 finish: 1473411633 27153506 start: 1473411629 855436442
t_num: 10 finish: 1473411633 95462698 start: 1473411631 137584247
t_num: 13 finish: 1473411633 170687357 start: 1473411631 777975795
t_num: 29 finish: 1473411633 241458400 start: 1473411631 617954472
t_num: 19 finish: 1473411633 686120012 start: 1473411631 358383135
t_num: 25 finish: 1473411633 781917673 start: 1473411632 468217675
t_num: 1 finish: 1473411633 917857165 start: 1473411632 930337920
t_num: 12 finish: 1473411633 930902852 start: 1473411632 739791572
t_num: 14 finish: 1473411634 134313315 start: 1473411632 375552434
t_num: 27 finish: 1473411634 189150505 start: 1473411632 58805335
t_num: 21 finish: 1473411634 231820382 start: 1473411631 718839315
t_num: 7 finish: 1473411634 462644364 start: 1473411631 762679349
t_num: 4 finish: 1473411634 575757876 start: 1473411633 11936747
t_num: 2 finish: 1473411634 648583386 start: 1473411633 685707904
t_num: 13 finish: 1473411634 685119436 start: 1473411633 170722725
t_num: 10 finish: 1473411634 699622407 start: 1473411633 95496602
t_num: 25 finish: 1473411634 826283607 start: 1473411633 781945375
t_num: 7 finish: 1473411634 831454974 start: 1473411634 462671035
t_num: 5 finish: 1473411635 67054046 start: 1473411633 62532373
t_num: 22 finish: 1473411635 439379213 start: 1473411633 62560932
t_num: 18 finish: 1473411635 439451454 start: 1473411633 818774963
t_num: 7 finish: 1473411635 440996843 start: 1473411634 889049450
t_num: 30 finish: 1473411635 475596601 start: 1473411632 927966178
t_num: 29 finish: 1473411635 808164780 start: 1473411633 737356245
t_num: 11 finish: 1473411636 4176579 start: 1473411634 462203562
t_num: 0 finish: 1473411636 7818680 start: 1473411634 288329029
t_num: 31 finish: 1473411636 74959521 start: 1473411634 462383023
t_num: 24 finish: 1473411636 192429459 start: 1473411635 45999981
t_num: 19 finish: 1473411636 192690707 start: 1473411634 2486316
t_num: 26 finish: 1473411636 877593619 start: 1473411634 648569194
t_num: 10 finish: 1473411636 981457864 start: 1473411634 699642109
t_num: 27 finish: 1473411636 990202197 start: 1473411634 462435164
t_num: 2 finish: 1473411636 991473835 start: 1473411635 744158346
t_num: 5 finish: 1473411637 219190848 start: 1473411635 67079676
t_num: 11 finish: 1473411637 307471278 start: 1473411636 721216314
t_num: 18 finish: 1473411637 394024931 start: 1473411635 439466933
t_num: 19 finish: 1473411637 451365578 start: 1473411636 192706852
t_num: 13 finish: 1473411637 468943274 start: 1473411634 685162547
t_num: 29 finish: 1473411637 469530964 start: 1473411636 427859026
t_num: 23 finish: 1473411637 582297305 start: 1473411635 957823979
t_num: 7 finish: 1473411637 688644859 start: 1473411635 441016787
t_num: 16 finish: 1473411637 718410278 start: 1473411635 426643397
t_num: 11 finish: 1473411637 860203294 start: 1473411637 307529194
t_num: 31 finish: 1473411637 909547359 start: 1473411636 427787543
t_num: 0 finish: 1473411637 954390997 start: 1473411636 7835717
t_num: 20 finish: 1473411637 983985472 start: 1473411636 144155802
t_num: 27 finish: 1473411638 90967300 start: 1473411636 990223994
t_num: 24 finish: 1473411638 358176426 start: 1473411636 192449073
t_num: 2 finish: 1473411638 359074107 start: 1473411636 991493880
t_num: 19 finish: 1473411638 583172774 start: 1473411637 451423943
t_num: 30 finish: 1473411638 651207017 start: 1473411636 192443080
t_num: 26 finish: 1473411638 820005670 start: 1473411637 898180713
t_num: 22 finish: 1473411638 820093771 start: 1473411636 4279771
t_num: 11 finish: 1473411638 875592108 start: 1473411637 860247971
t_num: 13 finish: 1473411638 937323067 start: 1473411637 718499094
t_num: 14 finish: 1473411638 973796825 start: 1473411637 148798878
t_num: 5 finish: 1473411639 43356985 start: 1473411638 137890368
t_num: 29 finish: 1473411639 43954277 start: 1473411637 469550459
t_num: 16 finish: 1473411639 306494263 start: 1473411638 820077361
t_num: 20 finish: 1473411639 693439439 start: 1473411637 984016422
t_num: 30 finish: 1473411639 728565508 start: 1473411638 651261441
t_num: 23 finish: 1473411639 741228496 start: 1473411637 582340665
t_num: 26 finish: 1473411639 907173306 start: 1473411638 820067392
t_num: 22 finish: 1473411640 204079533 start: 1473411639 43666903
t_num: 15 finish: 1473411640 382221885 start: 1473411639 114645523
t_num: 13 finish: 1473411640 534203530 start: 1473411638 937346058
t_num: 24 finish: 1473411640 580546919 start: 1473411639 696084920
t_num: 19 finish: 1473411640 580586726 start: 1473411638 583196472
t_num: 10 finish: 1473411640 606520221 start: 1473411638 212118757
t_num: 25 finish: 1473411640 623347486 start: 1473411639 145444822
t_num: 14 finish: 1473411640 646103038 start: 1473411638 973822971
t_num: 0 finish: 1473411640 786101901 start: 1473411639 694712153
t_num: 31 finish: 1473411641 78010624 start: 1473411639 695481617
t_num: 27 finish: 1473411641 143498855 start: 1473411639 641934123
t_num: 22 finish: 1473411641 330523056 start: 1473411640 204140260
t_num: 20 finish: 1473411641 346507843 start: 1473411640 27664264
t_num: 23 finish: 1473411641 651282392 start: 1473411640 99838325
t_num: 25 finish: 1473411642 36203460 start: 1473411640 623367833
t_num: 21 finish: 1473411642 360743200 start: 1473411640 100136572
t_num: 29 finish: 1473411642 454742039 start: 1473411639 858181969
t_num: 9 finish: 1473411642 455396865 start: 1473411640 310417508
t_num: 26 finish: 1473411642 458292300 start: 1473411640 769117236
t_num: 30 finish: 1473411642 907171227 start: 1473411639 728609618
t_num: 14 finish: 1473411642 929493071 start: 1473411640 646123226
t_num: 15 finish: 1473411643 299522479 start: 1473411641 270816687
t_num: 27 finish: 1473411643 388740867 start: 1473411641 143530796
t_num: 10 finish: 1473411643 475825888 start: 1473411640 606543076
t_num: 5 finish: 1473411643 503336873 start: 1473411641 215172438
t_num: 2 finish: 1473411643 544333141 start: 1473411642 360602835
t_num: 17 finish: 1473411643 918451523 start: 1473411642 73791026
t_num: 21 finish: 1473411644 45924901 start: 1473411642 360769672
t_num: 9 finish: 1473411644 45928474 start: 1473411643 11376310
t_num: 22 finish: 1473411644 330890513 start: 1473411642 747740608
t_num: 25 finish: 1473411644 420385515 start: 1473411642 582948963
t_num: 31 finish: 1473411644 498232808 start: 1473411641 78044556
t_num: 0 finish: 1473411644 883846219 start: 1473411642 146453472
t_num: 2 finish: 1473411644 985738253 start: 1473411643 544369862
t_num: 8 finish: 1473411645 168438051 start: 1473411642 929505908
t_num: 19 finish: 1473411645 571457911 start: 1473411643 479224410
t_num: 4 finish: 1473411645 629076363 start: 1473411642 559969843
t_num: 30 finish: 1473411645 692032910 start: 1473411642 907214102
t_num: 15 finish: 1473411645 723189463 start: 1473411643 479075989
t_num: 21 finish: 1473411645 772191116 start: 1473411644 45974991
t_num: 22 finish: 1473411645 915318392 start: 1473411644 330920150
t_num: 3 finish: 1473411645 915689817 start: 1473411644 292731781
t_num: 7 finish: 1473411645 993234912 start: 1473411643 774806479
t_num: 14 finish: 1473411645 993692694 start: 1473411642 929512010
t_num: 5 finish: 1473411646 283465935 start: 1473411644 366524491
t_num: 9 finish: 1473411646 283740877 start: 1473411644 45992189
t_num: 28 finish: 1473411646 379454502 start: 1473411643 401973088
t_num: 8 finish: 1473411646 487146404 start: 1473411645 168504324
t_num: 7 finish: 1473411647 412636211 start: 1473411646 472554723
t_num: 19 finish: 1473411647 412669623 start: 1473411646 283479222
t_num: 0 finish: 1473411647 412637494 start: 1473411646 72948442
t_num: 21 finish: 1473411647 465951781 start: 1473411646 371847019
t_num: 10 finish: 1473411647 493023929 start: 1473411646 72955057
t_num: 11 finish: 1473411648 276768338 start: 1473411646 706486556
t_num: 8 finish: 1473411648 283415174 start: 1473411646 617422859
t_num: 25 finish: 1473411648 418102889 start: 1473411645 788465688
t_num: 2 finish: 1473411648 449962956 start: 1473411645 915376705
t_num: 15 finish: 1473411648 450399376 start: 1473411645 723214329
t_num: 16 finish: 1473411648 454912134 start: 1473411645 202719671
t_num: 4 finish: 1473411648 454975789 start: 1473411645 629114373
t_num: 14 finish: 1473411648 716747622 start: 1473411646 244123686
t_num: 13 finish: 1473411648 964516611 start: 1473411646 768191715
t_num: 9 finish: 1473411649 142517712 start: 1473411646 283782329
t_num: 27 finish: 1473411649 281509754 start: 1473411648 278998931
t_num: 1 finish: 1473411649 423987931 start: 1473411647 740710752
t_num: 18 finish: 1473411649 424250334 start: 1473411647 481143069
t_num: 10 finish: 1473411649 815412279 start: 1473411647 493044799
t_num: 12 finish: 1473411649 966418409 start: 1473411646 867474872
t_num: 19 finish: 1473411650 357431304 start: 1473411647 412741601
t_num: 9 finish: 1473411650 427619477 start: 1473411649 142539705
t_num: 4 finish: 1473411650 675692927 start: 1473411648 454993146
t_num: 29 finish: 1473411650 887054366 start: 1473411648 199114903
t_num: 6 finish: 1473411650 983913461 start: 1473411648 419752682
t_num: 22 finish: 1473411651 165074234 start: 1473411648 449996553
t_num: 13 finish: 1473411651 165165889 start: 1473411649 281266745
t_num: 12 finish: 1473411651 221675511 start: 1473411649 966447708
t_num: 16 finish: 1473411651 226937130 start: 1473411648 454933732
t_num: 1 finish: 1473411651 304836687 start: 1473411649 878177305
t_num: 10 finish: 1473411651 349241497 start: 1473411649 815442622
t_num: 25 finish: 1473411651 349245802 start: 1473411648 418130591
t_num: 15 finish: 1473411651 349265587 start: 1473411648 630801082
t_num: 20 finish: 1473411652 106412259 start: 1473411649 783538182
t_num: 2 finish: 1473411652 108099692 start: 1473411649 278785706
t_num: 11 finish: 1473411652 112573589 start: 1473411650 357810110
t_num: 27 finish: 1473411652 146046518 start: 1473411649 784115509
t_num: 9 finish: 1473411652 158496484 start: 1473411650 427659727
t_num: 23 finish: 1473411652 296178927 start: 1473411649 841702285
t_num: 17 finish: 1473411652 711978052 start: 1473411650 721237857
t_num: 13 finish: 1473411652 937827175 start: 1473411651 245296102
t_num: 24 finish: 1473411653 106911322 start: 1473411650 556965898
t_num: 1 finish: 1473411653 396750230 start: 1473411652 145712712
t_num: 29 finish: 1473411653 582032002 start: 1473411650 887094128
t_num: 22 finish: 1473411653 671696810 start: 1473411651 165119085
t_num: 23 finish: 1473411653 793147553 start: 1473411652 296213146
t_num: 8 finish: 1473411653 833078206 start: 1473411651 760566292
t_num: 6 finish: 1473411654 237014739 start: 1473411650 983954911
t_num: 4 finish: 1473411654 237649540 start: 1473411651 918993186
t_num: 10 finish: 1473411654 249359131 start: 1473411651 349266658
t_num: 26 finish: 1473411654 696730994 start: 1473411652 104614913
t_num: 15 finish: 1473411654 730512323 start: 1473411652 145729285
t_num: 12 finish: 1473411654 879743609 start: 1473411653 14260378
t_num: 20 finish: 1473411654 947921270 start: 1473411653 153482349
t_num: 1 finish: 1473411654 948814158 start: 1473411653 396786846
t_num: 17 finish: 1473411655 397575873 start: 1473411652 712022876
t_num: 25 finish: 1473411655 447588434 start: 1473411652 712047336
t_num: 4 finish: 1473411655 907317600 start: 1473411654 237671190
t_num: 9 finish: 1473411655 907367574 start: 1473411653 399983741
t_num: 15 finish: 1473411656 456062032 start: 1473411654 730535626
t_num: 6 finish: 1473411656 471909047 start: 1473411654 802988567
t_num: 29 finish: 1473411656 471911435 start: 1473411653 582057297
t_num: 24 finish: 1473411656 542427348 start: 1473411654 893769400
t_num: 7 finish: 1473411656 542942184 start: 1473411652 712257983
t_num: 8 finish: 1473411656 824938108 start: 1473411655 79606781
t_num: 5 finish: 1473411656 863776200 start: 1473411655 292101404
t_num: 23 finish: 1473411656 953689333 start: 1473411653 793176945
t_num: 18 finish: 1473411656 953692542 start: 1473411654 893796162
t_num: 11 finish: 1473411657 103145672 start: 1473411655 41264219
t_num: 13 finish: 1473411657 114596651 start: 1473411654 697469325
t_num: 30 finish: 1473411657 239324535 start: 1473411654 696252666
t_num: 14 finish: 1473411657 245357529 start: 1473411654 914483991
t_num: 1 finish: 1473411657 288103112 start: 1473411654 948832244
t_num: 26 finish: 1473411657 288599743 start: 1473411654 696757461
t_num: 12 finish: 1473411657 527734992 start: 1473411655 906166845
t_num: 4 finish: 1473411657 561314845 start: 1473411655 938007642
t_num: 25 finish: 1473411657 961206736 start: 1473411655 959371277
t_num: 24 finish: 1473411657 961294876 start: 1473411657 102807369
t_num: 5 finish: 1473411658 285497838 start: 1473411656 863804463
t_num: 8 finish: 1473411658 511186533 start: 1473411656 824965164
t_num: 27 finish: 1473411658 511292518 start: 1473411656 770434751
t_num: 30 finish: 1473411658 549873225 start: 1473411657 239365203
t_num: 15 finish: 1473411658 551719237 start: 1473411657 288681515
t_num: 26 finish: 1473411658 795199485 start: 1473411657 288627170
t_num: 6 finish: 1473411658 840006666 start: 1473411657 298844848
t_num: 13 finish: 1473411659 70272297 start: 1473411657 114628789
t_num: 7 finish: 1473411659 70316912 start: 1473411656 542963036
t_num: 20 finish: 1473411659 182004167 start: 1473411656 8714549
t_num: 29 finish: 1473411659 274340223 start: 1473411656 471991254
t_num: 1 finish: 1473411659 681224338 start: 1473411657 498255205
t_num: 17 finish: 1473411659 716193088 start: 1473411657 333914006
t_num: 12 finish: 1473411659 718761652 start: 1473411658 335543809
t_num: 5 finish: 1473411659 772090852 start: 1473411658 285563219
t_num: 24 finish: 1473411659 893971774 start: 1473411657 961314887
t_num: 23 finish: 1473411659 941211587 start: 1473411657 333930898
t_num: 15 finish: 1473411660 115931424 start: 1473411658 932648438
t_num: 22 finish: 1473411660 305575049 start: 1473411658 954777007
t_num: 25 finish: 1473411660 349850186 start: 1473411658 28625206
t_num: 31 finish: 1473411660 387130863 start: 1473411658 335522473
t_num: 26 finish: 1473411660 519891889 start: 1473411658 795237695
t_num: 4 finish: 1473411660 522332047 start: 1473411658 902051760
t_num: 6 finish: 1473411660 523945691 start: 1473411658 840036687
t_num: 19 finish: 1473411661 63280026 start: 1473411658 840111667
t_num: 29 finish: 1473411661 335120652 start: 1473411659 274367575
t_num: 0 finish: 1473411661 557109666 start: 1473411659 143136327
t_num: 11 finish: 1473411661 558676626 start: 1473411658 901109376
t_num: 5 finish: 1473411661 647211216 start: 1473411659 772122149
t_num: 17 finish: 1473411661 944405039 start: 1473411660 349848066
t_num: 16 finish: 1473411661 944422695 start: 1473411659 660824297
t_num: 23 finish: 1473411662 210756704 start: 1473411659 941287045
t_num: 22 finish: 1473411662 212490885 start: 1473411660 305616846
t_num: 13 finish: 1473411662 344650287 start: 1473411659 682231663
t_num: 30 finish: 1473411662 398852944 start: 1473411659 712945594
t_num: 14 finish: 1473411662 462287295 start: 1473411660 729585677
t_num: 27 finish: 1473411662 517919857 start: 1473411660 306745426
t_num: 29 finish: 1473411662 672859310 start: 1473411661 335158808
t_num: 19 finish: 1473411662 761466664 start: 1473411661 63303789
t_num: 26 finish: 1473411662 808110864 start: 1473411660 519934912
t_num: 15 finish: 1473411662 926570823 start: 1473411660 115976357
t_num: 24 finish: 1473411662 962210250 start: 1473411660 931389155
t_num: 25 finish: 1473411663 2591383 start: 1473411661 278002328
t_num: 16 finish: 1473411663 79586051 start: 1473411661 944482121
t_num: 4 finish: 1473411663 185726270 start: 1473411660 522353056
t_num: 17 finish: 1473411663 186476764 start: 1473411661 944446358
t_num: 0 finish: 1473411663 227564136 start: 1473411661 557141770
t_num: 23 finish: 1473411663 331935493 start: 1473411662 210793592
t_num: 31 finish: 1473411663 380181709 start: 1473411661 473965098
t_num: 3 finish: 1473411663 481698982 start: 1473411661 993641493
t_num: 11 finish: 1473411663 483985883 start: 1473411661 558716468
t_num: 19 finish: 1473411663 484956113 start: 1473411662 761489976
t_num: 25 finish: 1473411664 59478816 start: 1473411663 2636441
t_num: 22 finish: 1473411664 261172616 start: 1473411662 760381699
t_num: 19 finish: 1473411664 694191709 start: 1473411663 484976257
t_num: 15 finish: 1473411664 759150897 start: 1473411662 926618547
t_num: 24 finish: 1473411664 760216282 start: 1473411662 962252511
t_num: 31 finish: 1473411664 808341046 start: 1473411663 380203043
t_num: 23 finish: 1473411664 808406766 start: 1473411663 331966250
t_num: 29 finish: 1473411664 808765384 start: 1473411663 40835583
t_num: 27 finish: 1473411665 55171032 start: 1473411662 926630671
t_num: 9 finish: 1473411665 55953959 start: 1473411663 487404015
t_num: 17 finish: 1473411665 168132791 start: 1473411663 186514053
t_num: 30 finish: 1473411665 281719868 start: 1473411662 926595263
t_num: 18 finish: 1473411665 577668333 start: 1473411663 380613131
t_num: 10 finish: 1473411665 804648000 start: 1473411663 935460792
t_num: 26 finish: 1473411666 112958292 start: 1473411664 261855203
t_num: 4 finish: 1473411666 417012622 start: 1473411663 549339795
t_num: 24 finish: 1473411666 430669310 start: 1473411664 760237369
t_num: 1 finish: 1473411666 432173803 start: 1473411664 759279904
t_num: 16 finish: 1473411666 433499022 start: 1473411664 59335313
t_num: 9 finish: 1473411666 436313611 start: 1473411665 577660537
t_num: 3 finish: 1473411666 755747387 start: 1473411665 281676743
t_num: 10 finish: 1473411666 865809352 start: 1473411665 804690383
t_num: 23 finish: 1473411666 866137794 start: 1473411665 577716842
t_num: 19 finish: 1473411666 945421891 start: 1473411664 694235880
t_num: 31 finish: 1473411666 970952586 start: 1473411664 808363330
t_num: 29 finish: 1473411667 65526698 start: 1473411664 808785782
t_num: 25 finish: 1473411667 81697038 start: 1473411664 59506133
t_num: 18 finish: 1473411667 278747876 start: 1473411665 577693398
t_num: 0 finish: 1473411667 895233221 start: 1473411666 241138654
t_num: 2 finish: 1473411668 79137316 start: 1473411666 42472867
t_num: 26 finish: 1473411668 133859297 start: 1473411666 754491264
t_num: 22 finish: 1473411668 133930429 start: 1473411666 420416294
t_num: 9 finish: 1473411668 134082057 start: 1473411667 91733288
t_num: 4 finish: 1473411668 266217214 start: 1473411666 417056964
t_num: 20 finish: 1473411668 268060888 start: 1473411665 457681026
t_num: 16 finish: 1473411668 522900876 start: 1473411667 564592663
t_num: 10 finish: 1473411668 566330752 start: 1473411666 865847960
t_num: 31 finish: 1473411668 566404794 start: 1473411666 970974474
t_num: 29 finish: 1473411668 583988917 start: 1473411667 65570227
t_num: 19 finish: 1473411669 10896598 start: 1473411666 945464780
t_num: 1 finish: 1473411669 10966387 start: 1473411667 180089886
t_num: 8 finish: 1473411669 74267957 start: 1473411667 944438205
t_num: 25 finish: 1473411669 79435558 start: 1473411667 81719420
t_num: 17 finish: 1473411669 587877415 start: 1473411668 79437409
t_num: 27 finish: 1473411669 772809837 start: 1473411668 134040711
t_num: 21 finish: 1473411669 970936224 start: 1473411667 578913715
t_num: 2 finish: 1473411670 155042334 start: 1473411668 79181647
t_num: 10 finish: 1473411670 219747809 start: 1473411668 566361210
t_num: 24 finish: 1473411670 246170434 start: 1473411667 646227994
t_num: 29 finish: 1473411670 365727447 start: 1473411668 584005872
t_num: 4 finish: 1473411670 507450410 start: 1473411668 266262206
t_num: 27 finish: 1473411670 637306753 start: 1473411669 772849450
t_num: 31 finish: 1473411670 767214522 start: 1473411668 566419480
t_num: 20 finish: 1473411670 767837634 start: 1473411669 587931123
t_num: 5 finish: 1473411670 770539771 start: 1473411669 85740833
t_num: 22 finish: 1473411670 773992291 start: 1473411668 967567898
t_num: 16 finish: 1473411670 816943375 start: 1473411668 522939892
t_num: 17 finish: 1473411671 11947343 start: 1473411669 587902316
t_num: 25 finish: 1473411671 130019537 start: 1473411670 155148142
t_num: 28 finish: 1473411671 614658322 start: 1473411670 246450554
t_num: 12 finish: 1473411672 226588651 start: 1473411670 666006364
t_num: 13 finish: 1473411672 487567963 start: 1473411670 959185185
t_num: 4 finish: 1473411672 488402671 start: 1473411670 589867163
t_num: 21 finish: 1473411672 510945883 start: 1473411669 970982526
t_num: 23 finish: 1473411672 564346272 start: 1473411670 841445446
t_num: 7 finish: 1473411672 635800377 start: 1473411669 589096314
t_num: 8 finish: 1473411672 635804103 start: 1473411670 246230863
t_num: 19 finish: 1473411672 764109405 start: 1473411670 366486788
t_num: 26 finish: 1473411672 916716841 start: 1473411671 414115179
t_num: 31 finish: 1473411673 151469726 start: 1473411670 767258172
t_num: 2 finish: 1473411673 153066415 start: 1473411670 155089045
t_num: 6 finish: 1473411673 201765925 start: 1473411671 440468785
t_num: 29 finish: 1473411673 342137106 start: 1473411670 904562113
t_num: 22 finish: 1473411673 342234944 start: 1473411671 878178412
t_num: 17 finish: 1473411673 342621404 start: 1473411671 878207371
t_num: 27 finish: 1473411673 367280168 start: 1473411671 821220088
t_num: 10 finish: 1473411673 887160873 start: 1473411671 578206727
t_num: 8 finish: 1473411673 904059899 start: 1473411672 635899549
t_num: 21 finish: 1473411673 910239738 start: 1473411672 510967196
t_num: 15 finish: 1473411673 910368825 start: 1473411670 453769660
t_num: 16 finish: 1473411673 910432159 start: 1473411670 816965273
t_num: 2 finish: 1473411673 948671211 start: 1473411673 153086281
t_num: 4 finish: 1473411673 948671210 start: 1473411672 488424394
t_num: 7 finish: 1473411674 210392706 start: 1473411672 917300281
t_num: 5 finish: 1473411674 411775468 start: 1473411672 488525648
t_num: 23 finish: 1473411674 551670147 start: 1473411672 564390327
t_num: 9 finish: 1473411674 620240440 start: 1473411673 873597617
t_num: 19 finish: 1473411675 103302193 start: 1473411672 764139407
t_num: 27 finish: 1473411675 232278165 start: 1473411674 121096797
t_num: 8 finish: 1473411675 369885801 start: 1473411673 904085834
t_num: 12 finish: 1473411675 369901283 start: 1473411673 444552841
t_num: 4 finish: 1473411675 928490092 start: 1473411673 948726331
t_num: 11 finish: 1473411675 932162453 start: 1473411673 404378994
t_num: 7 finish: 1473411675 932864299 start: 1473411674 485318724
t_num: 13 finish: 1473411675 945687868 start: 1473411673 342021410
t_num: 29 finish: 1473411676 111243722 start: 1473411673 342165525
t_num: 25 finish: 1473411676 119661542 start: 1473411674 790308352
t_num: 15 finish: 1473411676 338248198 start: 1473411673 910387789
t_num: 5 finish: 1473411676 540886867 start: 1473411675 102759838
t_num: 2 finish: 1473411676 948176149 start: 1473411674 834291605
t_num: 22 finish: 1473411676 949138219 start: 1473411674 209303590
t_num: 19 finish: 1473411676 970869471 start: 1473411675 103322820
t_num: 27 finish: 1473411677 24209589 start: 1473411675 847620740
t_num: 17 finish: 1473411677 24220998 start: 1473411675 817215640
t_num: 7 finish: 1473411677 367840799 start: 1473411675 932885591
t_num: 16 finish: 1473411677 435521303 start: 1473411674 551706135
t_num: 8 finish: 1473411677 476626336 start: 1473411675 369929875
t_num: 30 finish: 1473411677 508569966 start: 1473411675 314117638
t_num: 9 finish: 1473411677 604932194 start: 1473411675 847018975
t_num: 29 finish: 1473411677 628583521 start: 1473411676 111288810
t_num: 26 finish: 1473411677 770056119 start: 1473411675 255520917
t_num: 5 finish: 1473411678 3666665 start: 1473411676 540931223
t_num: 2 finish: 1473411678 26307970 start: 1473411676 948221386
t_num: 22 finish: 1473411678 233668556 start: 1473411676 949158123
t_num: 15 finish: 1473411678 234133104 start: 1473411676 338288642
t_num: 25 finish: 1473411678 234315839 start: 1473411676 119678772
t_num: 13 finish: 1473411678 521455069 start: 1473411677 644324277
t_num: 8 finish: 1473411678 572595557 start: 1473411677 476654435
t_num: 27 finish: 1473411678 594655853 start: 1473411677 717509404
t_num: 29 finish: 1473411678 987568767 start: 1473411677 628613692
t_num: 19 finish: 1473411679 835349142 start: 1473411676 970891278
t_num: 20 finish: 1473411679 859649652 start: 1473411677 266235998
t_num: 11 finish: 1473411680 52935116 start: 1473411677 403698814
t_num: 15 finish: 1473411680 116834200 start: 1473411678 234153172
t_num: 18 finish: 1473411680 147587023 start: 1473411677 739550332
t_num: 30 finish: 1473411680 147593928 start: 1473411677 508601595
t_num: 2 finish: 1473411680 175883317 start: 1473411678 95615203
t_num: 25 finish: 1473411680 275412767 start: 1473411678 473677159
t_num: 5 finish: 1473411680 542930723 start: 1473411678 3703425
t_num: 7 finish: 1473411680 686869740 start: 1473411677 715645622
t_num: 22 finish: 1473411680 687041592 start: 1473411678 233696229
t_num: 17 finish: 1473411680 687239344 start: 1473411677 973505742
t_num: 27 finish: 1473411680 978133198 start: 1473411678 594701419
t_num: 0 finish: 1473411680 978451708 start: 1473411678 473171461
t_num: 13 finish: 1473411680 978617215 start: 1473411678 521500222
t_num: 21 finish: 1473411681 362624600 start: 1473411679 840127396
t_num: 19 finish: 1473411681 364082339 start: 1473411679 835392850
t_num: 24 finish: 1473411681 364645702 start: 1473411679 781595007
t_num: 8 finish: 1473411681 541907139 start: 1473411678 572640431
t_num: 25 finish: 1473411681 811381027 start: 1473411680 275452976
t_num: 31 finish: 1473411681 931114665 start: 1473411680 147943031
t_num: 1 finish: 1473411681 994255153 start: 1473411679 59653556
t_num: 15 finish: 1473411682 144345955 start: 1473411680 178745875
t_num: 29 finish: 1473411682 580970652 start: 1473411679 720945460
t_num: 30 finish: 1473411682 581191886 start: 1473411680 809695013
t_num: 26 finish: 1473411682 676219835 start: 1473411679 336419826
t_num: 22 finish: 1473411683 683086797 start: 1473411680 687062742
t_num: 5 finish: 1473411683 683730454 start: 1473411680 542976479
t_num: 8 finish: 1473411683 738948936 start: 1473411681 541943431
t_num: 3 finish: 1473411683 916856040 start: 1473411680 103248407
t_num: 25 finish: 1473411683 917053726 start: 1473411681 811425491
t_num: 13 finish: 1473411683 917119110 start: 1473411680 978634749
t_num: 26 finish: 1473411684 198453105 start: 1473411682 676248079
t_num: 7 finish: 1473411684 564682836 start: 1473411682 676079553
t_num: 1 finish: 1473411684 588266505 start: 1473411681 994296002
t_num: 28 finish: 1473411684 588571106 start: 1473411682 318608410
t_num: 24 finish: 1473411684 655171754 start: 1473411681 364664139
t_num: 11 finish: 1473411684 930248220 start: 1473411680 912730405
t_num: 27 finish: 1473411685 7114155 start: 1473411682 676281636
t_num: 0 finish: 1473411685 68245893 start: 1473411683 323604850
t_num: 19 finish: 1473411685 219762948 start: 1473411682 729014336
t_num: 21 finish: 1473411685 546186618 start: 1473411683 153323737
t_num: 6 finish: 1473411685 932437793 start: 1473411684 625324078
t_num: 17 finish: 1473411686 13901276 start: 1473411683 322304466
t_num: 3 finish: 1473411686 88148104 start: 1473411684 353327901
t_num: 1 finish: 1473411686 88208289 start: 1473411684 588297321
t_num: 28 finish: 1473411686 88327269 start: 1473411684 588589071
t_num: 4 finish: 1473411686 121378326 start: 1473411684 624941718
t_num: 14 finish: 1473411686 121381850 start: 1473411685 172727394
t_num: 15 finish: 1473411686 121423155 start: 1473411684 655269645
t_num: 26 finish: 1473411686 205926879 start: 1473411684 264183451
t_num: 11 finish: 1473411686 246446195 start: 1473411684 930277812
t_num: 10 finish: 1473411686 357335054 start: 1473411684 900395481
t_num: 5 finish: 1473411686 457337820 start: 1473411684 353118198
t_num: 25 finish: 1473411686 457393301 start: 1473411683 917074746
t_num: 29 finish: 1473411686 503849976 start: 1473411684 212638290
t_num: 30 finish: 1473411686 503895455 start: 1473411684 141450369
t_num: 16 finish: 1473411686 667245579 start: 1473411685 235737501
t_num: 13 finish: 1473411686 732045966 start: 1473411684 588526591
t_num: 27 finish: 1473411687 41474344 start: 1473411685 420211631
t_num: 7 finish: 1473411687 60661644 start: 1473411685 723307462
t_num: 15 finish: 1473411687 107428428 start: 1473411686 121440894
t_num: 10 finish: 1473411687 211482267 start: 1473411686 357364223
t_num: 4 finish: 1473411687 231443911 start: 1473411686 121403486
t_num: 0 finish: 1473411687 271367342 start: 1473411685 546142657
t_num: 26 finish: 1473411687 362059393 start: 1473411686 254720668
t_num: 3 finish: 1473411687 474586156 start: 1473411686 88177580
t_num: 14 finish: 1473411687 644250575 start: 1473411686 192842772
t_num: 30 finish: 1473411687 707613280 start: 1473411686 503909749
t_num: 21 finish: 1473411687 888464029 start: 1473411686 667034325
t_num: 13 finish: 1473411688 55677526 start: 1473411686 732086543
t_num: 29 finish: 1473411688 219703656 start: 1473411686 503874922
t_num: 27 finish: 1473411688 389644365 start: 1473411687 285464625
t_num: 17 finish: 1473411688 467500135 start: 1473411686 457516590
t_num: 10 finish: 1473411688 685474145 start: 1473411687 211521318
t_num: 15 finish: 1473411688 780516600 start: 1473411687 107452520
t_num: 21 finish: 1473411689 210772132 start: 1473411687 888492424
t_num: 9 finish: 1473411689 250159803 start: 1473411687 473559480
t_num: 19 finish: 1473411689 318795983 start: 1473411688 79144645
t_num: 14 finish: 1473411689 480009467 start: 1473411687 889891720
t_num: 7 finish: 1473411689 757230760 start: 1473411688 565540475
t_num: 11 finish: 1473411689 757427730 start: 1473411687 473881412
t_num: 24 finish: 1473411689 896114931 start: 1473411687 563364687
t_num: 16 finish: 1473411690 154578744 start: 1473411688 220458724
t_num: 25 finish: 1473411690 155667969 start: 1473411688 170441604
t_num: 0 finish: 1473411690 314565730 start: 1473411688 113100227
t_num: 3 finish: 1473411690 686168771 start: 1473411687 886780279
t_num: 29 finish: 1473411690 686659859 start: 1473411688 219731357
t_num: 30 finish: 1473411690 876542090 start: 1473411687 707663262
t_num: 31 finish: 1473411690 876893717 start: 1473411688 565461207
t_num: 13 finish: 1473411691 18898409 start: 1473411688 511875805
t_num: 27 finish: 1473411691 237026430 start: 1473411689 210783001
t_num: 2 finish: 1473411691 295665552 start: 1473411689 197032065
t_num: 16 finish: 1473411691 510364684 start: 1473411690 315032937
t_num: 15 finish: 1473411691 644807422 start: 1473411690 154387746
t_num: 8 finish: 1473411691 858833950 start: 1473411690 366801935
t_num: 14 finish: 1473411691 918526716 start: 1473411689 480031076
t_num: 9 finish: 1473411691 926900880 start: 1473411690 260456348
t_num: 19 finish: 1473411691 982886278 start: 1473411689 318820437
t_num: 21 finish: 1473411692 151933544 start: 1473411690 314495968
t_num: 7 finish: 1473411692 299705722 start: 1473411690 876571143
t_num: 27 finish: 1473411692 439664227 start: 1473411691 237069891
t_num: 29 finish: 1473411692 533685089 start: 1473411690 686697287
t_num: 17 finish: 1473411692 551145526 start: 1473411689 757091044
t_num: 30 finish: 1473411692 669691289 start: 1473411690 876582560
t_num: 13 finish: 1473411692 734285111 start: 1473411691 18926541
t_num: 24 finish: 1473411692 956747692 start: 1473411690 313698189
t_num: 31 finish: 1473411692 958014289 start: 1473411692 255762690
t_num: 0 finish: 1473411693 182393183 start: 1473411690 314590942
t_num: 15 finish: 1473411693 386490744 start: 1473411691 644851070
t_num: 8 finish: 1473411693 503969587 start: 1473411691 858888157
t_num: 18 finish: 1473411693 504027968 start: 1473411691 239700686
t_num: 11 finish: 1473411693 670188349 start: 1473411692 534927145
t_num: 14 finish: 1473411693 766743062 start: 1473411691 918556320
t_num: 22 finish: 1473411693 946553085 start: 1473411691 256783267
t_num: 9 finish: 1473411694 218501759 start: 1473411692 534567920
t_num: 16 finish: 1473411694 426409092 start: 1473411692 137524560
t_num: 19 finish: 1473411694 648393959 start: 1473411692 898590982
t_num: 21 finish: 1473411694 858020546 start: 1473411692 151961830
t_num: 7 finish: 1473411694 858737464 start: 1473411692 299732066
t_num: 23 finish: 1473411695 107329382 start: 1473411693 182740844
t_num: 13 finish: 1473411695 223121419 start: 1473411692 734309566
t_num: 31 finish: 1473411695 399350593 start: 1473411692 958032115
t_num: 27 finish: 1473411695 399641383 start: 1473411693 181581974
t_num: 1 finish: 1473411695 558265828 start: 1473411692 734569929
t_num: 28 finish: 1473411695 637042039 start: 1473411692 734726589
t_num: 26 finish: 1473411695 958920302 start: 1473411695 397678736
t_num: 24 finish: 1473411695 958995012 start: 1473411693 563320124
t_num: 27 finish: 1473411696 155373383 start: 1473411695 399660636
t_num: 7 finish: 1473411696 155436046 start: 1473411694 858757892
t_num: 8 finish: 1473411696 196669519 start: 1473411694 215731384
t_num: 14 finish: 1473411696 227715165 start: 1473411693 766775248
t_num: 16 finish: 1473411696 230175620 start: 1473411694 426452266
t_num: 18 finish: 1473411696 318042248 start: 1473411693 504048311
t_num: 9 finish: 1473411696 535519334 start: 1473411694 218528569
t_num: 4 finish: 1473411696 599601665 start: 1473411695 180839057
t_num: 17 finish: 1473411696 599606149 start: 1473411694 218454090
t_num: 13 finish: 1473411696 708912232 start: 1473411695 223153176
t_num: 11 finish: 1473411696 771965126 start: 1473411695 713051202
t_num: 23 finish: 1473411696 772489308 start: 1473411695 107377708
t_num: 24 finish: 1473411696 857314692 start: 1473411695 959013280
t_num: 16 finish: 1473411697 187027137 start: 1473411696 230195975
t_num: 28 finish: 1473411697 190248193 start: 1473411696 338718081
t_num: 25 finish: 1473411697 678529702 start: 1473411695 958985904
t_num: 26 finish: 1473411697 839052605 start: 1473411696 536392596
t_num: 31 finish: 1473411697 958535522 start: 1473411695 850883996
t_num: 19 finish: 1473411697 963890289 start: 1473411696 156273000
t_num: 9 finish: 1473411698 76212279 start: 1473411696 535543479
t_num: 22 finish: 1473411698 495058705 start: 1473411695 730721049
t_num: 7 finish: 1473411698 563230640 start: 1473411696 923968716
t_num: 4 finish: 1473411698 827850833 start: 1473411696 599663889
t_num: 27 finish: 1473411698 878007919 start: 1473411697 150643138
t_num: 18 finish: 1473411698 879979843 start: 1473411696 318084491
t_num: 8 finish: 1473411698 880250207 start: 1473411696 196694239
t_num: 5 finish: 1473411699 95243124 start: 1473411697 187297306
t_num: 17 finish: 1473411699 287839313 start: 1473411697 795704322
t_num: 16 finish: 1473411699 664691728 start: 1473411697 927390380
t_num: 20 finish: 1473411699 680828760 start: 1473411697 708136926
t_num: 0 finish: 1473411699 736648224 start: 1473411697 477874182
t_num: 28 finish: 1473411699 737046044 start: 1473411697 190268898
t_num: 25 finish: 1473411699 886958007 start: 1473411697 678564281
t_num: 1 finish: 1473411699 887693189 start: 1473411696 506504145
t_num: 24 finish: 1473411700 203904908 start: 1473411698 759635001
t_num: 7 finish: 1473411700 639849021 start: 1473411698 563258057
t_num: 22 finish: 1473411700 936387907 start: 1473411699 845773005
t_num: 17 finish: 1473411700 963019770 start: 1473411699 287883574
t_num: 4 finish: 1473411701 8585398 start: 1473411698 827948061
t_num: 18 finish: 1473411701 40471321 start: 1473411699 887477766
t_num: 31 finish: 1473411701 41122396 start: 1473411698 495009921
t_num: 0 finish: 1473411701 44550919 start: 1473411699 736679543
t_num: 16 finish: 1473411701 68898977 start: 1473411699 664738532
t_num: 5 finish: 1473411701 82049728 start: 1473411699 737004518
t_num: 30 finish: 1473411701 93766556 start: 1473411697 894455417
t_num: 25 finish: 1473411701 96733891 start: 1473411700 521276809
t_num: 20 finish: 1473411701 125410486 start: 1473411699 680848650
t_num: 15 finish: 1473411701 249339145 start: 1473411698 495087786
t_num: 9 finish: 1473411701 588169533 start: 1473411700 521249482
t_num: 6 finish: 1473411701 711409533 start: 1473411700 519049161
t_num: 5 finish: 1473411701 833458250 start: 1473411701 82082073
t_num: 28 finish: 1473411702 136661978 start: 1473411700 51473619
t_num: 29 finish: 1473411702 136841294 start: 1473411698 889081007
t_num: 22 finish: 1473411702 170757732 start: 1473411700 936416648
t_num: 7 finish: 1473411702 436293271 start: 1473411700 639890271
t_num: 3 finish: 1473411702 458663656 start: 1473411699 162366480
t_num: 24 finish: 1473411702 459667530 start: 1473411700 895405719
t_num: 4 finish: 1473411702 779785114 start: 1473411701 8607132
t_num: 6 finish: 1473411703 137713750 start: 1473411702 171250462
t_num: 16 finish: 1473411703 197825618 start: 1473411701 560000897
t_num: 20 finish: 1473411703 240589793 start: 1473411701 673343419
t_num: 31 finish: 1473411703 439663805 start: 1473411701 41143532
t_num: 1 finish: 1473411703 443032019 start: 1473411700 340798697
t_num: 5 finish: 1473411703 445481542 start: 1473411701 833489248
t_num: 28 finish: 1473411703 564293337 start: 1473411702 136702355
t_num: 27 finish: 1473411703 851265105 start: 1473411701 249290291
t_num: 17 finish: 1473411703 851544501 start: 1473411701 712139239
t_num: 9 finish: 1473411703 851571524 start: 1473411701 588212853
t_num: 15 finish: 1473411703 851698147 start: 1473411701 249363852
t_num: 24 finish: 1473411703 852196449 start: 1473411702 459687550
t_num: 30 finish: 1473411704 149934307 start: 1473411702 90896199
t_num: 29 finish: 1473411704 642989587 start: 1473411702 241324519
t_num: 8 finish: 1473411704 653429115 start: 1473411702 574992751
t_num: 18 finish: 1473411704 782136418 start: 1473411701 673402521
t_num: 3 finish: 1473411705 408006045 start: 1473411703 71892967
t_num: 1 finish: 1473411705 773686710 start: 1473411704 242931132
t_num: 28 finish: 1473411705 774307377 start: 1473411704 659507541
t_num: 27 finish: 1473411705 774438229 start: 1473411703 851306795
t_num: 30 finish: 1473411705 786419427 start: 1473411704 149961704
t_num: 5 finish: 1473411705 978337458 start: 1473411703 477971033
t_num: 31 finish: 1473411706 93737428 start: 1473411703 439707530
t_num: 7 finish: 1473411706 93794073 start: 1473411704 69939738
t_num: 14 finish: 1473411706 93899382 start: 1473411704 150076302
t_num: 26 finish: 1473411706 305395981 start: 1473411704 148561847
t_num: 6 finish: 1473411706 407508039 start: 1473411704 70248656
t_num: 15 finish: 1473411706 455374652 start: 1473411703 851718051
t_num: 21 finish: 1473411706 602899542 start: 1473411703 734624350
t_num: 11 finish: 1473411706 719894175 start: 1473411704 708313323
t_num: 29 finish: 1473411706 758439362 start: 1473411705 534473677
t_num: 4 finish: 1473411706 811078479 start: 1473411703 852037222
t_num: 3 finish: 1473411706 813245341 start: 1473411705 408047917
t_num: 16 finish: 1473411707 72136716 start: 1473411704 901552319
t_num: 6 finish: 1473411707 144824702 start: 1473411706 407554082
t_num: 1 finish: 1473411707 179298987 start: 1473411706 35352377
t_num: 19 finish: 1473411707 376383695 start: 1473411705 475550635
t_num: 14 finish: 1473411707 477422666 start: 1473411706 93918882
t_num: 24 finish: 1473411707 531790127 start: 1473411704 787044631
t_num: 27 finish: 1473411707 795917887 start: 1473411705 774457972
t_num: 13 finish: 1473411707 987267213 start: 1473411706 177179639
t_num: 6 finish: 1473411708 9084678 start: 1473411707 144901093
t_num: 8 finish: 1473411708 255860693 start: 1473411705 964646597
t_num: 9 finish: 1473411708 337678698 start: 1473411706 167361556
t_num: 15 finish: 1473411708 339368315 start: 1473411706 455397886
t_num: 4 finish: 1473411708 360735328 start: 1473411706 811103465
t_num: 11 finish: 1473411708 622303310 start: 1473411706 719932013
t_num: 21 finish: 1473411708 888896198 start: 1473411707 587186771
t_num: 26 finish: 1473411708 888905332 start: 1473411706 602673403
t_num: 2 finish: 1473411708 889391281 start: 1473411707 145487352
t_num: 23 finish: 1473411709 188971777 start: 1473411706 602761840
t_num: 0 finish: 1473411709 189145875 start: 1473411707 883752122
t_num: 16 finish: 1473411709 396140122 start: 1473411707 72199583
t_num: 5 finish: 1473411709 424939978 start: 1473411706 947649546
t_num: 29 finish: 1473411709 537438670 start: 1473411707 986633530
t_num: 4 finish: 1473411710 151896518 start: 1473411708 360774197
t_num: 15 finish: 1473411710 520524086 start: 1473411708 339389580
t_num: 3 finish: 1473411710 595485223 start: 1473411708 888989020
t_num: 6 finish: 1473411710 718709861 start: 1473411709 258130995
t_num: 0 finish: 1473411710 839975583 start: 1473411709 189164500
t_num: 21 finish: 1473411710 840650702 start: 1473411708 888962485
t_num: 8 finish: 1473411710 840652460 start: 1473411708 255884721
t_num: 14 finish: 1473411710 841089282 start: 1473411707 477468471
t_num: 5 finish: 1473411711 141641268 start: 1473411709 424976410
t_num: 26 finish: 1473411711 230889515 start: 1473411708 889043627
t_num: 1 finish: 1473411711 231783224 start: 1473411708 245505748
t_num: 16 finish: 1473411711 599812036 start: 1473411709 396184049
t_num: 25 finish: 1473411711 599839871 start: 1473411709 700996291
t_num: 24 finish: 1473411711 600211889 start: 1473411708 256710365
t_num: 8 finish: 1473411711 619770206 start: 1473411710 840764567
t_num: 31 finish: 1473411711 888604937 start: 1473411709 742041409
t_num: 23 finish: 1473411712 277132771 start: 1473411710 16862845
t_num: 1 finish: 1473411712 332652060 start: 1473411711 231830094
t_num: 0 finish: 1473411712 593946265 start: 1473411710 840016300
t_num: 14 finish: 1473411712 596897843 start: 1473411710 841106986
t_num: 29 finish: 1473411712 772035017 start: 1473411710 774922490
t_num: 3 finish: 1473411713 2414085 start: 1473411710 595534123
t_num: 10 finish: 1473411713 3050100 start: 1473411711 15295883
t_num: 12 finish: 1473411713 28245862 start: 1473411710 456183770
t_num: 20 finish: 1473411713 29028598 start: 1473411709 876507941
t_num: 15 finish: 1473411713 313783252 start: 1473411710 520566301
t_num: 5 finish: 1473411713 376758266 start: 1473411711 888219877
t_num: 16 finish: 1473411713 828880780 start: 1473411711 599840729
t_num: 25 finish: 1473411713 940256814 start: 1473411711 599856965
t_num: 31 finish: 1473411714 74501777 start: 1473411712 332371904
t_num: 4 finish: 1473411714 334429486 start: 1473411711 141606654
t_num: 21 finish: 1473411714 365595327 start: 1473411712 668021641
t_num: 0 finish: 1473411714 367911265 start: 1473411712 593988719
t_num: 14 finish: 1473411714 452016332 start: 1473411712 596918319
t_num: 18 finish: 1473411714 621849533 start: 1473411712 596960835
t_num: 24 finish: 1473411714 763332051 start: 1473411711 888193566
t_num: 27 finish: 1473411714 941654796 start: 1473411712 277257744
t_num: 13 finish: 1473411715 430666096 start: 1473411713 147593803
t_num: 31 finish: 1473411715 682375028 start: 1473411714 74539009
t_num: 12 finish: 1473411715 691608619 start: 1473411713 313808331
t_num: 14 finish: 1473411715 725469954 start: 1473411714 452055550
t_num: 23 finish: 1473411715 738223541 start: 1473411713 361599761
t_num: 7 finish: 1473411715 827098030 start: 1473411714 333961959
t_num: 20 finish: 1473411715 854139733 start: 1473411714 333728351
t_num: 8 finish: 1473411715 913932477 start: 1473411714 226927656
t_num: 3 finish: 1473411715 959884741 start: 1473411713 994798325
t_num: 19 finish: 1473411715 998623647 start: 1473411714 901554840
t_num: 29 finish: 1473411715 998687638 start: 1473411712 772070705
t_num: 16 finish: 1473411716 25733370 start: 1473411713 828918566
t_num: 6 finish: 1473411716 26259175 start: 1473411714 606945831
t_num: 25 finish: 1473411716 28160972 start: 1473411713 940297388
t_num: 21 finish: 1473411716 43779113 start: 1473411714 711155411
t_num: 15 finish: 1473411716 130968298 start: 1473411714 942386072
t_num: 27 finish: 1473411716 502459687 start: 1473411714 941687334
t_num: 12 finish: 1473411716 893400014 start: 1473411715 691640192
t_num: 0 finish: 1473411716 924598851 start: 1473411715 372440237
t_num: 14 finish: 1473411717 107092218 start: 1473411715 725492928
t_num: 13 finish: 1473411717 107149922 start: 1473411715 856243657
t_num: 31 finish: 1473411717 307951938 start: 1473411716 130223311
t_num: 2 finish: 1473411717 418278282 start: 1473411716 441262603
t_num: 23 finish: 1473411717 703035937 start: 1473411715 738245389
t_num: 15 finish: 1473411717 756711453 start: 1473411716 447517261
t_num: 16 finish: 1473411717 805217930 start: 1473411716 25754750
t_num: 29 finish: 1473411717 843205875 start: 1473411715 998706447
t_num: 7 finish: 1473411717 921533632 start: 1473411716 10702033
t_num: 11 finish: 1473411718 47273581 start: 1473411716 443502546
t_num: 30 finish: 1473411718 190229437 start: 1473411716 923344212
t_num: 22 finish: 1473411718 190307824 start: 1473411717 432401982
t_num: 6 finish: 1473411718 190655075 start: 1473411716 26279086
t_num: 3 finish: 1473411718 702905705 start: 1473411715 959917864
t_num: 12 finish: 1473411718 716323491 start: 1473411717 586315168
t_num: 0 finish: 1473411718 716368612 start: 1473411716 924621364
t_num: 4 finish: 1473411719 162287279 start: 1473411716 609514320
t_num: 20 finish: 1473411719 511300185 start: 1473411717 916774962
t_num: 28 finish: 1473411719 512075443 start: 1473411717 757636211
t_num: 14 finish: 1473411719 513383336 start: 1473411717 107127712
t_num: 0 finish: 1473411719 563058012 start: 1473411718 716386411
t_num: 2 finish: 1473411719 563934035 start: 1473411717 418303690
t_num: 1 finish: 1473411719 714195024 start: 1473411718 190174444
t_num: 30 finish: 1473411719 922342443 start: 1473411718 190255965
t_num: 21 finish: 1473411719 926367482 start: 1473411717 43601313
t_num: 12 finish: 1473411719 998091483 start: 1473411718 716351774
t_num: 23 finish: 1473411720 50138328 start: 1473411717 703098285
t_num: 18 finish: 1473411720 53813618 start: 1473411717 43577811
t_num: 26 finish: 1473411720 249912534 start: 1473411718 140011238
t_num: 5 finish: 1473411720 409655587 start: 1473411719 50516503
t_num: 15 finish: 1473411720 488328436 start: 1473411718 328276731
t_num: 3 finish: 1473411720 701082140 start: 1473411719 220993665
t_num: 20 finish: 1473411720 795231048 start: 1473411719 511336810
t_num: 4 finish: 1473411721 569115396 start: 1473411719 162331820
t_num: 11 finish: 1473411721 569115396 start: 1473411719 714129814
t_num: 27 finish: 1473411721 624072802 start: 1473411719 714332318
t_num: 30 finish: 1473411721 863552381 start: 1473411719 922398550
t_num: 28 finish: 1473411721 982785407 start: 1473411719 512101110
t_num: 21 finish: 1473411721 982988458 start: 1473411719 926402941
t_num: 7 finish: 1473411722 82760413 start: 1473411719 222741591
t_num: 29 finish: 1473411722 155195307 start: 1473411720 528784005
t_num: 26 finish: 1473411722 769266586 start: 1473411720 726717737
t_num: 0 finish: 1473411722 872436811 start: 1473411720 758134559
t_num: 6 finish: 1473411722 920350281 start: 1473411719 714642090
t_num: 23 finish: 1473411723 24891838 start: 1473411721 342249145
t_num: 10 finish: 1473411723 24903058 start: 1473411719 997300413
t_num: 2 finish: 1473411723 97920358 start: 1473411719 563966737
t_num: 11 finish: 1473411723 99102117 start: 1473411721 862251384
t_num: 20 finish: 1473411723 133718979 start: 1473411720 795268420
t_num: 29 finish: 1473411723 160799653 start: 1473411722 155235365
t_num: 30 finish: 1473411723 160881019 start: 1473411721 863580868
t_num: 8 finish: 1473411723 213138192 start: 1473411720 973030976
t_num: 4 finish: 1473411723 361815324 start: 1473411721 569148122
t_num: 3 finish: 1473411723 391603011 start: 1473411721 410294515
t_num: 13 finish: 1473411723 551846288 start: 1473411721 985174799
t_num: 27 finish: 1473411723 685440144 start: 1473411721 624102125
t_num: 15 finish: 1473411723 800731406 start: 1473411721 621237830
t_num: 28 finish: 1473411723 821043051 start: 1473411723 98534287
t_num: 2 finish: 1473411723 867494704 start: 1473411723 97952953
t_num: 9 finish: 1473411724 15167271 start: 1473411723 97990580
t_num: 12 finish: 1473411724 105447377 start: 1473411721 984307862
t_num: 29 finish: 1473411724 154224894 start: 1473411723 160824565
t_num: 10 finish: 1473411724 197765827 start: 1473411723 25082993
t_num: 6 finish: 1473411724 374751445 start: 1473411722 920393619
t_num: 24 finish: 1473411724 545829568 start: 1473411722 965044634
t_num: 20 finish: 1473411725 529846109 start: 1473411723 437386612
t_num: 8 finish: 1473411725 536011050 start: 1473411723 213159661
t_num: 13 finish: 1473411725 587996275 start: 1473411723 551894200
t_num: 17 finish: 1473411725 636580325 start: 1473411723 486106995
t_num: 0 finish: 1473411725 659572022 start: 1473411724 196498592
t_num: 25 finish: 1473411725 659745273 start: 1473411723 98962627
t_num: 3 finish: 1473411725 680443110 start: 1473411723 391625251
t_num: 22 finish: 1473411725 872966047 start: 1473411723 328533497
t_num: 26 finish: 1473411725 876818734 start: 1473411723 98729438
t_num: 15 finish: 1473411726 218421933 start: 1473411724 197715785
t_num: 6 finish: 1473411726 222707691 start: 1473411724 374800197
t_num: 23 finish: 1473411726 247999866 start: 1473411723 990496897
t_num: 24 finish: 1473411726 266454295 start: 1473411724 545861527
t_num: 12 finish: 1473411726 518525836 start: 1473411724 105478307
t_num: 9 finish: 1473411726 518567173 start: 1473411724 15193900
t_num: 2 finish: 1473411726 520585207 start: 1473411723 867516837
t_num: 11 finish: 1473411726 579928504 start: 1473411724 332783593
t_num: 4 finish: 1473411726 582862265 start: 1473411725 679147979
t_num: 28 finish: 1473411726 639638709 start: 1473411725 202553671
t_num: 20 finish: 1473411727 63472545 start: 1473411725 659597000
t_num: 13 finish: 1473411727 63475986 start: 1473411725 588025896
t_num: 11 finish: 1473411727 304915835 start: 1473411726 579967702
t_num: 15 finish: 1473411727 305684267 start: 1473411726 218504192
t_num: 8 finish: 1473411727 309876816 start: 1473411726 225759703
t_num: 31 finish: 1473411727 442909192 start: 1473411725 678033693
t_num: 0 finish: 1473411727 587957154 start: 1473411725 659605546
t_num: 3 finish: 1473411727 746009367 start: 1473411726 655226248
t_num: 19 finish: 1473411727 829545408 start: 1473411726 254001145
t_num: 18 finish: 1473411727 829994529 start: 1473411725 680772715
t_num: 25 finish: 1473411728 216055354 start: 1473411725 659760392
t_num: 8 finish: 1473411728 256107440 start: 1473411727 309896793
t_num: 15 finish: 1473411728 504102089 start: 1473411727 305716642
t_num: 9 finish: 1473411728 597898967 start: 1473411726 518583760
t_num: 20 finish: 1473411728 831389316 start: 1473411727 63519632
t_num: 23 finish: 1473411728 832440076 start: 1473411727 235145530
t_num: 12 finish: 1473411728 981879552 start: 1473411726 518573851
t_num: 1 finish: 1473411729 513004628 start: 1473411727 308422954
t_num: 18 finish: 1473411729 771254329 start: 1473411727 830013409
t_num: 24 finish: 1473411729 854973301 start: 1473411727 153964335
t_num: 28 finish: 1473411729 855003922 start: 1473411727 402567912
t_num: 31 finish: 1473411730 145100412 start: 1473411727 442941786
t_num: 14 finish: 1473411730 327459886 start: 1473411728 598276246
t_num: 3 finish: 1473411730 368352994 start: 1473411727 746052783
t_num: 8 finish: 1473411730 558627689 start: 1473411728 256127710
t_num: 7 finish: 1473411730 649253191 start: 1473411728 598282080
t_num: 19 finish: 1473411730 652948577 start: 1473411727 829583643
t_num: 9 finish: 1473411730 785431598 start: 1473411728 597941576
t_num: 22 finish: 1473411730 847534674 start: 1473411728 215613718
t_num: 0 finish: 1473411730 848496986 start: 1473411729 514123813
t_num: 20 finish: 1473411730 849637754 start: 1473411728 831418594
t_num: 29 finish: 1473411730 948522575 start: 1473411728 494335210
t_num: 23 finish: 1473411730 987688553 start: 1473411729 514280650
t_num: 27 finish: 1473411731 198235069 start: 1473411729 561132716
t_num: 15 finish: 1473411731 323646845 start: 1473411730 67590608
t_num: 11 finish: 1473411731 331026934 start: 1473411729 513342144
t_num: 8 finish: 1473411731 859759108 start: 1473411730 558653692
t_num: 28 finish: 1473411732 275305598 start: 1473411729 855029086
t_num: 31 finish: 1473411732 292060348 start: 1473411730 145127298
t_num: 23 finish: 1473411732 324436843 start: 1473411730 987711440
t_num: 27 finish: 1473411732 360812151 start: 1473411731 198270869
t_num: 18 finish: 1473411732 372273077 start: 1473411730 558609157
t_num: 30 finish: 1473411732 719239054 start: 1473411730 368395518
t_num: 24 finish: 1473411732 767245606 start: 1473411730 428299288
t_num: 0 finish: 1473411732 823032283 start: 1473411730 848518623
t_num: 5 finish: 1473411732 823923397 start: 1473411730 118213081
t_num: 13 finish: 1473411732 932397139 start: 1473411730 785305354
t_num: 3 finish: 1473411732 974451303 start: 1473411730 851373500
t_num: 11 finish: 1473411733 134818848 start: 1473411731 331047545
t_num: 15 finish: 1473411733 190465182 start: 1473411731 323685720
t_num: 9 finish: 1473411733 443377254 start: 1473411731 412101436
t_num: 21 finish: 1473411733 750836778 start: 1473411731 329634846
t_num: 12 finish: 1473411733 750980432 start: 1473411730 920499925
t_num: 1 finish: 1473411733 751516306 start: 1473411731 815327335
t_num: 28 finish: 1473411733 957546764 start: 1473411732 275356653
t_num: 29 finish: 1473411734 198748847 start: 1473411732 282203004
t_num: 19 finish: 1473411734 199241470 start: 1473411732 499870866
t_num: 4 finish: 1473411734 403999834 start: 1473411732 522615581
t_num: 30 finish: 1473411734 562031603 start: 1473411732 719263898
t_num: 18 finish: 1473411734 722947633 start: 1473411733 77248658
t_num: 11 finish: 1473411734 725273537 start: 1473411733 134843403
t_num: 7 finish: 1473411734 813181319 start: 1473411732 303782109
t_num: 0 finish: 1473411734 931274725 start: 1473411733 80457583
t_num: 10 finish: 1473411735 140890897 start: 1473411733 957913185
t_num: 5 finish: 1473411735 141531275 start: 1473411733 493629848
t_num: 6 finish: 1473411735 142160898 start: 1473411732 718651050
t_num: 13 finish: 1473411735 143595647 start: 1473411733 955844407
t_num: 24 finish: 1473411735 182849230 start: 1473411732 767283618
t_num: 31 finish: 1473411735 324873976 start: 1473411733 480185980
t_num: 1 finish: 1473411735 674342849 start: 1473411734 58245367
t_num: 15 finish: 1473411735 675021454 start: 1473411733 190491422
t_num: 9 finish: 1473411735 675100174 start: 1473411733 443421971
t_num: 3 finish: 1473411735 796885981 start: 1473411734 495559311
t_num: 21 finish: 1473411735 892510167 start: 1473411733 750863601
t_num: 4 finish: 1473411735 894569559 start: 1473411734 723129843
t_num: 28 finish: 1473411736 278111205 start: 1473411733 957577881
t_num: 2 finish: 1473411736 445488332 start: 1473411735 187494551
t_num: 17 finish: 1473411736 491740064 start: 1473411734 199689629
t_num: 11 finish: 1473411736 541463822 start: 1473411735 143572635
t_num: 31 finish: 1473411737 67067450 start: 1473411735 711984473
t_num: 6 finish: 1473411737 67258277 start: 1473411735 142180238
t_num: 7 finish: 1473411737 103013197 start: 1473411736 64636951
t_num: 21 finish: 1473411737 421773467 start: 1473411735 892537042
t_num: 10 finish: 1473411737 457965714 start: 1473411735 140930080
t_num: 24 finish: 1473411737 827679592 start: 1473411735 182872166
t_num: 22 finish: 1473411737 848865834 start: 1473411736 628106938
t_num: 19 finish: 1473411738 53771943 start: 1473411735 995632744
t_num: 9 finish: 1473411738 53780977 start: 1473411735 675120457
t_num: 3 finish: 1473411738 54046038 start: 1473411736 279007984
t_num: 4 finish: 1473411738 197515575 start: 1473411735 894590097
t_num: 15 finish: 1473411738 455882122 start: 1473411736 862922389
t_num: 13 finish: 1473411738 549303256 start: 1473411735 995624098
t_num: 2 finish: 1473411738 762432857 start: 1473411736 445532344
t_num: 6 finish: 1473411738 762674456 start: 1473411737 418813969
t_num: 30 finish: 1473411738 842678700 start: 1473411737 297562144
t_num: 28 finish: 1473411738 843089454 start: 1473411737 206667528
t_num: 14 finish: 1473411739 45137381 start: 1473411737 809385178
t_num: 17 finish: 1473411739 133974698 start: 1473411736 972700606
t_num: 5 finish: 1473411739 135635714 start: 1473411737 460225941
t_num: 7 finish: 1473411739 182925041 start: 1473411737 293657021
t_num: 1 finish: 1473411739 408556646 start: 1473411737 253945646
t_num: 4 finish: 1473411739 600160030 start: 1473411738 197552210
t_num: 31 finish: 1473411739 757060439 start: 1473411737 67098175
t_num: 3 finish: 1473411739 758405145 start: 1473411738 54066050
t_num: 2 finish: 1473411739 773657859 start: 1473411738 762475263
t_num: 11 finish: 1473411739 773715877 start: 1473411737 293621698
t_num: 15 finish: 1473411739 803325117 start: 1473411738 455922032
t_num: 27 finish: 1473411740 21804693 start: 1473411739 44329351
t_num: 13 finish: 1473411740 213905593 start: 1473411739 117217431
t_num: 5 finish: 1473411740 394876346 start: 1473411739 135656242
t_num: 24 finish: 1473411740 440754887 start: 1473411737 873779196
t_num: 19 finish: 1473411740 607966743 start: 1473411738 456276780
t_num: 6 finish: 1473411740 609310275 start: 1473411738 762696925
t_num: 8 finish: 1473411740 791637049 start: 1473411738 636151289
t_num: 28 finish: 1473411740 791648167 start: 1473411738 843109232
t_num: 14 finish: 1473411740 983584458 start: 1473411739 869293885
t_num: 31 finish: 1473411741 61571818 start: 1473411739 757101349
t_num: 11 finish: 1473411741 814695751 start: 1473411739 773731032
t_num: 1 finish: 1473411741 828238932 start: 1473411739 408593636
t_num: 6 finish: 1473411741 963627725 start: 1473411740 609327939
t_num: 27 finish: 1473411742 497287201 start: 1473411740 21896793
t_num: 24 finish: 1473411742 644956765 start: 1473411741 61600265
t_num: 18 finish: 1473411742 718906201 start: 1473411740 791736071
t_num: 2 finish: 1473411742 719099572 start: 1473411739 773678792
t_num: 5 finish: 1473411742 773071697 start: 1473411741 222747978
t_num: 22 finish: 1473411742 793790907 start: 1473411740 419057645
t_num: 20 finish: 1473411742 793850061 start: 1473411740 262207790
t_num: 19 finish: 1473411742 909813620 start: 1473411740 608003542
t_num: 3 finish: 1473411742 909908395 start: 1473411740 263337035
t_num: 21 finish: 1473411742 941796281 start: 1473411741 504134138
t_num: 24 finish: 1473411742 992146307 start: 1473411742 644984923
t_num: 12 finish: 1473411743 850946416 start: 1473411740 90987417
t_num: 29 finish: 1473411744 124826155 start: 1473411741 835122077
t_num: 23 finish: 1473411744 167537450 start: 1473411741 945780287
t_num: 1 finish: 1473411744 239949656 start: 1473411742 793960814
t_num: 11 finish: 1473411744 330254118 start: 1473411742 64615466
t_num: 27 finish: 1473411744 330254104 start: 1473411742 497310818
t_num: 14 finish: 1473411744 480023312 start: 1473411742 490272198
t_num: 15 finish: 1473411744 663616465 start: 1473411742 63878320
t_num: 23 finish: 1473411744 778413916 start: 1473411744 167556173
t_num: 0 finish: 1473411744 879868949 start: 1473411742 760291705
t_num: 2 finish: 1473411744 880387507 start: 1473411742 719120076
t_num: 8 finish: 1473411744 899642573 start: 1473411742 64671956
t_num: 26 finish: 1473411744 942511853 start: 1473411742 793925064
t_num: 18 finish: 1473411745 268088268 start: 1473411742 718946086
t_num: 1 finish: 1473411745 661924008 start: 1473411744 239999517
t_num: 19 finish: 1473411745 824068822 start: 1473411742 909847688
t_num: 14 finish: 1473411745 905828894 start: 1473411744 480065821
t_num: 10 finish: 1473411745 933647190 start: 1473411744 240206003
t_num: 3 finish: 1473411746 74670248 start: 1473411744 239905779
t_num: 24 finish: 1473411746 102219419 start: 1473411743 582679123
t_num: 16 finish: 1473411746 342225708 start: 1473411743 582700650
t_num: 5 finish: 1473411746 342521696 start: 1473411744 330441705
t_num: 21 finish: 1473411746 343243518 start: 1473411742 941814300
t_num: 18 finish: 1473411747 86331961 start: 1473411745 268136862
t_num: 28 finish: 1473411747 137378805 start: 1473411745 80232089
t_num: 7 finish: 1473411747 137904653 start: 1473411745 886046333
t_num: 15 finish: 1473411747 178136295 start: 1473411746 283709738
t_num: 17 finish: 1473411747 261968630 start: 1473411745 751110853
t_num: 12 finish: 1473411747 334963933 start: 1473411744 880610672
t_num: 2 finish: 1473411747 365077532 start: 1473411745 663122532
t_num: 11 finish: 1473411747 399891384 start: 1473411744 330291419
t_num: 8 finish: 1473411747 435278405 start: 1473411744 899660682
t_num: 23 finish: 1473411747 552908754 start: 1473411745 717661269
t_num: 25 finish: 1473411747 593158038 start: 1473411745 360221211
t_num: 21 finish: 1473411747 599365868 start: 1473411746 343259799
t_num: 27 finish: 1473411747 905860435 start: 1473411744 993029987
t_num: 26 finish: 1473411748 298558296 start: 1473411745 873573987
t_num: 24 finish: 1473411748 447654987 start: 1473411747 1405648
t_num: 3 finish: 1473411748 447662515 start: 1473411746 627680900
t_num: 18 finish: 1473411748 457042479 start: 1473411747 86376972
t_num: 14 finish: 1473411748 500764029 start: 1473411747 364736485
t_num: 9 finish: 1473411748 946212633 start: 1473411746 536868174
t_num: 16 finish: 1473411749 519155241 start: 1473411746 342260212
t_num: 28 finish: 1473411749 555132843 start: 1473411747 137407110
t_num: 11 finish: 1473411750 60282868 start: 1473411747 399934451
t_num: 7 finish: 1473411750 60298810 start: 1473411747 962541082
t_num: 18 finish: 1473411750 60341708 start: 1473411748 457077800
t_num: 3 finish: 1473411750 60784127 start: 1473411748 447705975
t_num: 26 finish: 1473411750 266210227 start: 1473411748 298596431
t_num: 17 finish: 1473411750 374808149 start: 1473411748 447732261
t_num: 24 finish: 1473411750 375333572 start: 1473411748 447701644
t_num: 21 finish: 1473411750 476740515 start: 1473411747 599390116
t_num: 8 finish: 1473411750 596287696 start: 1473411747 599997047
t_num: 19 finish: 1473411750 639031636 start: 1473411749 13812999
t_num: 27 finish: 1473411750 680470526 start: 1473411748 863447467
t_num: 23 finish: 1473411750 983147952 start: 1473411747 552967941
t_num: 12 finish: 1473411750 984205078 start: 1473411749 14005032
t_num: 9 finish: 1473411751 166732357 start: 1473411749 554918782
t_num: 11 finish: 1473411751 618468969 start: 1473411750 60330923
t_num: 16 finish: 1473411751 715624908 start: 1473411749 519196542
t_num: 14 finish: 1473411751 717129613 start: 1473411749 81237336
t_num: 22 finish: 1473411751 717199160 start: 1473411750 772852447
t_num: 8 finish: 1473411751 934543139 start: 1473411750 596331435
t_num: 27 finish: 1473411752 43344999 start: 1473411750 680508704
t_num: 18 finish: 1473411752 396997560 start: 1473411750 60360867
t_num: 17 finish: 1473411752 516921604 start: 1473411750 374860099
t_num: 26 finish: 1473411752 517619250 start: 1473411750 266237992
t_num: 4 finish: 1473411752 790548794 start: 1473411751 191976019
t_num: 6 finish: 1473411752 790811306 start: 1473411749 978428667
t_num: 7 finish: 1473411753 1220860 start: 1473411751 717297087
t_num: 19 finish: 1473411753 89124328 start: 1473411750 639077720
t_num: 28 finish: 1473411753 90051037 start: 1473411751 190361755
t_num: 16 finish: 1473411753 259012995 start: 1473411751 994179904
t_num: 12 finish: 1473411753 259139436 start: 1473411750 984226215
t_num: 15 finish: 1473411753 708469759 start: 1473411753 40709177
t_num: 23 finish: 1473411753 842377440 start: 1473411751 994378555
t_num: 21 finish: 1473411753 843348391 start: 1473411752 94208928
t_num: 17 finish: 1473411754 100620049 start: 1473411752 516963943
t_num: 8 finish: 1473411754 101328047 start: 1473411753 1645949
t_num: 14 finish: 1473411754 392185189 start: 1473411751 717150559
t_num: 11 finish: 1473411754 394692835 start: 1473411752 790580462
t_num: 22 finish: 1473411754 436845641 start: 1473411751 717218183
t_num: 27 finish: 1473411754 468571085 start: 1473411752 577763518
t_num: 9 finish: 1473411754 468574335 start: 1473411751 717648496
t_num: 12 finish: 1473411754 529540051 start: 1473411753 259158438
t_num: 25 finish: 1473411754 549868857 start: 1473411752 318842272
t_num: 24 finish: 1473411754 766174968 start: 1473411751 994572265
t_num: 6 finish: 1473411754 821709774 start: 1473411753 448016529
t_num: 17 finish: 1473411755 253680529 start: 1473411754 100665609
t_num: 11 finish: 1473411755 323031750 start: 1473411754 394712619
t_num: 26 finish: 1473411755 323046024 start: 1473411753 911428885
t_num: 19 finish: 1473411755 369936080 start: 1473411753 89146916
t_num: 28 finish: 1473411755 454390879 start: 1473411753 90071708
t_num: 16 finish: 1473411755 638670651 start: 1473411753 448536745
t_num: 18 finish: 1473411755 787048478 start: 1473411753 560348195
t_num: 29 finish: 1473411756 170641008 start: 1473411753 866433351
t_num: 10 finish: 1473411756 300560529 start: 1473411753 89081188
t_num: 21 finish: 1473411756 546002122 start: 1473411754 552467396
t_num: 6 finish: 1473411756 546028827 start: 1473411754 821750729
t_num: 14 finish: 1473411756 577226506 start: 1473411754 392231675
t_num: 8 finish: 1473411756 753847704 start: 1473411755 253673686
t_num: 16 finish: 1473411757 292316022 start: 1473411755 638701860
t_num: 26 finish: 1473411757 328391682 start: 1473411755 323065534
t_num: 7 finish: 1473411757 330754191 start: 1473411754 825362443
t_num: 25 finish: 1473411757 476294231 start: 1473411754 824729157
t_num: 20 finish: 1473411757 579477551 start: 1473411754 552869004
t_num: 31 finish: 1473411757 689278376 start: 1473411754 860208797
t_num: 24 finish: 1473411758 5683988 start: 1473411755 271623273
t_num: 11 finish: 1473411758 433519362 start: 1473411755 678337828
t_num: 31 finish: 1473411758 473496168 start: 1473411757 689313330
t_num: 18 finish: 1473411758 601582572 start: 1473411756 545973510
t_num: 9 finish: 1473411758 634290441 start: 1473411755 453768989
t_num: 27 finish: 1473411758 678210410 start: 1473411755 926692371
t_num: 28 finish: 1473411758 783435244 start: 1473411755 454414034
t_num: 15 finish: 1473411759 28884160 start: 1473411755 117753607
t_num: 7 finish: 1473411759 73139095 start: 1473411757 330775012
t_num: 6 finish: 1473411759 232172032 start: 1473411757 167096363
t_num: 21 finish: 1473411759 441815497 start: 1473411756 546029737
t_num: 19 finish: 1473411759 474880400 start: 1473411757 853099992
t_num: 8 finish: 1473411759 619787432 start: 1473411756 753881224
t_num: 24 finish: 1473411759 863801799 start: 1473411758 5730643
t_num: 14 finish: 1473411759 926812213 start: 1473411757 539517055
t_num: 9 finish: 1473411760 710027562 start: 1473411758 634326898
t_num: 30 finish: 1473411760 710027550 start: 1473411757 476292877
t_num: 5 finish: 1473411760 904120258 start: 1473411757 798976215
t_num: 15 finish: 1473411761 247091930 start: 1473411759 28927035
t_num: 8 finish: 1473411761 475518300 start: 1473411759 619847051
t_num: 28 finish: 1473411761 573861603 start: 1473411758 783554367
t_num: 6 finish: 1473411761 989824627 start: 1473411759 232214421
t_num: 22 finish: 1473411761 997826798 start: 1473411759 733868032
t_num: 10 finish: 1473411762 76459294 start: 1473411758 783773368
t_num: 11 finish: 1473411762 83495473 start: 1473411760 200714521
t_num: 2 finish: 1473411762 84062565 start: 1473411759 498834852
t_num: 7 finish: 1473411762 239589891 start: 1473411759 73160274
t_num: 9 finish: 1473411762 241779672 start: 1473411761 327270762
t_num: 24 finish: 1473411762 242135314 start: 1473411759 863836876
t_num: 18 finish: 1473411762 289262912 start: 1473411760 97814730
t_num: 20 finish: 1473411762 491958964 start: 1473411759 501984420
t_num: 23 finish: 1473411762 764052706 start: 1473411761 476930125
t_num: 0 finish: 1473411762 916021092 start: 1473411760 593173050
t_num: 9 finish: 1473411762 922662724 start: 1473411762 241813177
t_num: 15 finish: 1473411763 65543434 start: 1473411761 247119581
t_num: 26 finish: 1473411763 71677934 start: 1473411762 383642241
t_num: 17 finish: 1473411763 172976447 start: 1473411762 241754379
t_num: 30 finish: 1473411763 308732163 start: 1473411761 359636398
t_num: 31 finish: 1473411763 484298142 start: 1473411761 46961130
t_num: 3 finish: 1473411763 629996182 start: 1473411761 860169514
t_num: 13 finish: 1473411763 630929344 start: 1473411761 860949831
t_num: 8 finish: 1473411763 631005705 start: 1473411761 475558650
t_num: 19 finish: 1473411764 36518935 start: 1473411761 576670996
t_num: 6 finish: 1473411764 37247733 start: 1473411761 989865362
t_num: 20 finish: 1473411764 37537097 start: 1473411762 492037567
t_num: 29 finish: 1473411764 91119574 start: 1473411762 241726354
t_num: 24 finish: 1473411764 632225522 start: 1473411763 495328008
t_num: 5 finish: 1473411764 678991180 start: 1473411762 241740056
t_num: 10 finish: 1473411765 146407117 start: 1473411763 424724681
t_num: 0 finish: 1473411765 190432858 start: 1473411762 916060584
t_num: 8 finish: 1473411765 208888653 start: 1473411763 631025070
t_num: 28 finish: 1473411765 324361288 start: 1473411763 370632200
t_num: 9 finish: 1473411765 558917890 start: 1473411762 922680153
t_num: 1 finish: 1473411765 624543613 start: 1473411763 90959661
t_num: 2 finish: 1473411765 862612690 start: 1473411763 232247476
t_num: 15 finish: 1473411765 863386256 start: 1473411763 65587272
t_num: 20 finish: 1473411765 864942433 start: 1473411764 37557721
t_num: 4 finish: 1473411766 743452672 start: 1473411764 371566700
t_num: 13 finish: 1473411766 810974414 start: 1473411763 630949497
t_num: 17 finish: 1473411766 963238478 start: 1473411763 173041387
t_num: 31 finish: 1473411766 966643347 start: 1473411763 484323433
t_num: 11 finish: 1473411766 967188868 start: 1473411764 90810349
t_num: 29 finish: 1473411766 967249558 start: 1473411764 91140857
t_num: 19 finish: 1473411767 147990269 start: 1473411764 36564018
t_num: 9 finish: 1473411767 341423282 start: 1473411765 558952865
t_num: 10 finish: 1473411767 525235060 start: 1473411765 146452600
t_num: 16 finish: 1473411767 525565899 start: 1473411765 863273922
t_num: 24 finish: 1473411767 525858024 start: 1473411766 84701548
t_num: 4 finish: 1473411767 525910911 start: 1473411766 743488986
t_num: 17 finish: 1473411767 587111292 start: 1473411766 963283138
t_num: 5 finish: 1473411767 637957431 start: 1473411765 612438034
t_num: 29 finish: 1473411767 639833381 start: 1473411766 967266649
t_num: 1 finish: 1473411767 663816576 start: 1473411765 624567862
t_num: 18 finish: 1473411767 783871298 start: 1473411764 867381213
t_num: 15 finish: 1473411768 291065537 start: 1473411767 115680349
t_num: 31 finish: 1473411768 375520393 start: 1473411767 232121423
t_num: 2 finish: 1473411768 588588161 start: 1473411767 70346883
t_num: 13 finish: 1473411768 588679895 start: 1473411766 811016425
t_num: 23 finish: 1473411768 630766814 start: 1473411766 979879239
t_num: 21 finish: 1473411768 694851765 start: 1473411765 582671665
t_num: 6 finish: 1473411769 34139372 start: 1473411767 525259635
t_num: 22 finish: 1473411769 234112275 start: 1473411767 148591196
t_num: 28 finish: 1473411769 367952072 start: 1473411768 374919472
t_num: 17 finish: 1473411769 371611657 start: 1473411767 587163854
t_num: 11 finish: 1473411769 374432106 start: 1473411767 635696662
t_num: 10 finish: 1473411769 937935979 start: 1473411767 525285988
t_num: 29 finish: 1473411769 937986028 start: 1473411767 639851721
t_num: 2 finish: 1473411770 121577003 start: 1473411768 588630734
t_num: 31 finish: 1473411770 147078557 start: 1473411768 375537274
t_num: 18 finish: 1473411770 183309440 start: 1473411768 694299267
t_num: 4 finish: 1473411770 184308673 start: 1473411767 525929525
t_num: 20 finish: 1473411770 185532090 start: 1473411768 469959622
t_num: 19 finish: 1473411770 738000757 start: 1473411768 607561708
t_num: 24 finish: 1473411770 941565523 start: 1473411768 166149779
t_num: 28 finish: 1473411771 272191539 start: 1473411769 367993423
t_num: 11 finish: 1473411771 350502543 start: 1473411769 574607601
t_num: 21 finish: 1473411771 470172672 start: 1473411769 686192653
t_num: 19 finish: 1473411771 562385883 start: 1473411770 738044781
t_num: 13 finish: 1473411771 742086779 start: 1473411768 588697966
t_num: 10 finish: 1473411771 900662848 start: 1473411769 937980939
t_num: 23 finish: 1473411772 30832697 start: 1473411768 747764676
t_num: 7 finish: 1473411772 279687084 start: 1473411770 187203913
t_num: 22 finish: 1473411772 333933772 start: 1473411769 234161552
t_num: 21 finish: 1473411772 399328106 start: 1473411771 732803761
t_num: 27 finish: 1473411772 765404824 start: 1473411770 739323419
t_num: 6 finish: 1473411772 851752219 start: 1473411770 14882012
t_num: 26 finish: 1473411772 999534439 start: 1473411769 849117055
t_num: 29 finish: 1473411772 999675897 start: 1473411769 938004592
t_num: 1 finish: 1473411773 57113949 start: 1473411770 184265497
t_num: 15 finish: 1473411773 179387987 start: 1473411770 113146023
t_num: 20 finish: 1473411773 653226000 start: 1473411771 470154855
t_num: 7 finish: 1473411773 967399507 start: 1473411772 279723092
t_num: 4 finish: 1473411773 999654969 start: 1473411770 184326107
t_num: 28 finish: 1473411774 12306809 start: 1473411771 272235075
t_num: 31 finish: 1473411774 130411293 start: 1473411771 807937959
t_num: 19 finish: 1473411774 136415546 start: 1473411771 562430960
t_num: 22 finish: 1473411774 224073220 start: 1473411772 333974939
t_num: 23 finish: 1473411774 681407816 start: 1473411772 30878613
t_num: 26 finish: 1473411774 844512904 start: 1473411772 999571078
t_num: 8 finish: 1473411775 72569707 start: 1473411772 711495599
t_num: 12 finish: 1473411775 223127632 start: 1473411773 948678786
t_num: 2 finish: 1473411775 559591042 start: 1473411773 457045599
t_num: 15 finish: 1473411775 623100786 start: 1473411773 179427368
t_num: 1 finish: 1473411775 752358180 start: 1473411773 57140971
t_num: 6 finish: 1473411775 822303063 start: 1473411774 399696301
t_num: 26 finish: 1473411775 914738937 start: 1473411774 844536860
t_num: 11 finish: 1473411775 951286442 start: 1473411772 999632947
t_num: 9 finish: 1473411776 215265198 start: 1473411772 711377694
t_num: 30 finish: 1473411776 255022073 start: 1473411773 968877824
t_num: 20 finish: 1473411776 255945182 start: 1473411774 132280485
t_num: 23 finish: 1473411776 314854279 start: 1473411774 681479114
t_num: 28 finish: 1473411776 486996561 start: 1473411774 45689626
t_num: 18 finish: 1473411776 541990801 start: 1473411774 214125728
t_num: 12 finish: 1473411776 671496932 start: 1473411775 223171528
t_num: 22 finish: 1473411776 719389042 start: 1473411774 224089932
t_num: 0 finish: 1473411776 833963549 start: 1473411774 482516264
t_num: 6 finish: 1473411777 193668183 start: 1473411775 822331007
t_num: 19 finish: 1473411777 343730153 start: 1473411775 820731011
t_num: 2 finish: 1473411777 347349957 start: 1473411775 559624584
t_num: 26 finish: 1473411777 601372904 start: 1473411775 914778537
t_num: 14 finish: 1473411777 653832658 start: 1473411775 424787034
t_num: 18 finish: 1473411777 857167028 start: 1473411776 542033632
t_num: 15 finish: 1473411777 969897893 start: 1473411775 623134023
t_num: 6 finish: 1473411778 32554568 start: 1473411777 193710652
t_num: 23 finish: 1473411778 60736174 start: 1473411777 219238859
t_num: 16 finish: 1473411778 216162084 start: 1473411776 314906838
t_num: 1 finish: 1473411778 233206462 start: 1473411775 752403277
t_num: 9 finish: 1473411778 272493074 start: 1473411777 344924330
t_num: 4 finish: 1473411778 308346996 start: 1473411776 611918648
t_num: 26 finish: 1473411778 341849817 start: 1473411777 601408853
t_num: 3 finish: 1473411778 376157343 start: 1473411776 834372551
t_num: 7 finish: 1473411778 385154234 start: 1473411776 255937031
t_num: 29 finish: 1473411778 665095904 start: 1473411776 257033815
t_num: 18 finish: 1473411778 692977898 start: 1473411777 857210170
t_num: 5 finish: 1473411778 772085655 start: 1473411775 965597942
t_num: 30 finish: 1473411779 24324780 start: 1473411776 255063357
t_num: 17 finish: 1473411779 283855179 start: 1473411776 774327699
t_num: 12 finish: 1473411779 286927618 start: 1473411777 510497560
t_num: 28 finish: 1473411779 537357726 start: 1473411777 691340111
t_num: 16 finish: 1473411779 657997611 start: 1473411778 216189423
t_num: 6 finish: 1473411779 706351408 start: 1473411778 32602232
t_num: 9 finish: 1473411780 46580049 start: 1473411778 937090293
t_num: 15 finish: 1473411780 113740552 start: 1473411777 969943541
t_num: 30 finish: 1473411780 373853631 start: 1473411779 24345132
t_num: 26 finish: 1473411780 398517086 start: 1473411778 341908799
t_num: 28 finish: 1473411780 457733623 start: 1473411779 537385536
t_num: 18 finish: 1473411780 490526641 start: 1473411778 692999945
t_num: 3 finish: 1473411780 498422910 start: 1473411778 771863433
t_num: 24 finish: 1473411780 498430415 start: 1473411778 212860984
t_num: 7 finish: 1473411781 109237871 start: 1473411779 706437047
t_num: 19 finish: 1473411781 291130415 start: 1473411779 207205925
t_num: 20 finish: 1473411781 317708050 start: 1473411778 477231346
t_num: 25 finish: 1473411781 318556804 start: 1473411778 308292426
t_num: 5 finish: 1473411781 475046854 start: 1473411778 772109869
t_num: 11 finish: 1473411781 525833654 start: 1473411778 566117455
t_num: 23 finish: 1473411781 605841984 start: 1473411779 706414658
t_num: 12 finish: 1473411781 682738759 start: 1473411779 286948928
t_num: 13 finish: 1473411781 683645724 start: 1473411780 296675171
t_num: 24 finish: 1473411781 699653742 start: 1473411780 498465452
t_num: 26 finish: 1473411782 130469334 start: 1473411780 398538829
t_num: 29 finish: 1473411782 191672229 start: 1473411780 113720817
t_num: 15 finish: 1473411782 325368962 start: 1473411780 113768238
t_num: 27 finish: 1473411782 328934123 start: 1473411781 63746462
t_num: 8 finish: 1473411782 372531411 start: 1473411780 540426111
t_num: 12 finish: 1473411782 601018396 start: 1473411781 682775832
t_num: 9 finish: 1473411782 645362126 start: 1473411780 878468993
t_num: 26 finish: 1473411782 645636253 start: 1473411782 130513156
t_num: 1 finish: 1473411782 672026845 start: 1473411781 203599279
t_num: 25 finish: 1473411782 700371581 start: 1473411781 318576154
t_num: 28 finish: 1473411782 739433190 start: 1473411780 908161209
t_num: 16 finish: 1473411782 952770441 start: 1473411781 37622772
t_num: 18 finish: 1473411782 952850236 start: 1473411781 918185300
t_num: 19 finish: 1473411783 45400606 start: 1473411781 291159671
t_num: 23 finish: 1473411783 424104951 start: 1473411781 605887372
t_num: 3 finish: 1473411783 523179088 start: 1473411781 823084766
t_num: 9 finish: 1473411783 672164968 start: 1473411782 645405812
t_num: 5 finish: 1473411784 345147740 start: 1473411782 208539402
t_num: 24 finish: 1473411784 347339765 start: 1473411782 952245316
t_num: 8 finish: 1473411784 350933374 start: 1473411782 706777090
t_num: 28 finish: 1473411784 358153072 start: 1473411782 739465846
t_num: 29 finish: 1473411784 375899795 start: 1473411783 106547180
t_num: 10 finish: 1473411784 603866425 start: 1473411782 242676767
t_num: 21 finish: 1473411784 731151668 start: 1473411782 672716906
t_num: 31 finish: 1473411784 832603536 start: 1473411782 645675723
t_num: 25 finish: 1473411784 849135187 start: 1473411782 700394888
t_num: 26 finish: 1473411785 126251343 start: 1473411782 645655420
t_num: 0 finish: 1473411785 393060532 start: 1473411783 922121484
t_num: 19 finish: 1473411785 584048643 start: 1473411783 672216223
t_num: 9 finish: 1473411785 584122833 start: 1473411783 672209171
t_num: 6 finish: 1473411785 661344810 start: 1473411783 329501666
t_num: 5 finish: 1473411785 958593420 start: 1473411784 345191111
t_num: 20 finish: 1473411786 17577818 start: 1473411783 553441864
t_num: 1 finish: 1473411786 117644244 start: 1473411783 921798766
t_num: 25 finish: 1473411786 198884146 start: 1473411784 849160143
t_num: 31 finish: 1473411786 444416439 start: 1473411785 513351497
t_num: 24 finish: 1473411786 523969297 start: 1473411784 347357555
t_num: 15 finish: 1473411786 684341070 start: 1473411784 811371864
t_num: 22 finish: 1473411786 763233161 start: 1473411783 753852160
t_num: 18 finish: 1473411787 89552880 start: 1473411786 141446041
t_num: 19 finish: 1473411787 310049012 start: 1473411785 584076806
t_num: 0 finish: 1473411787 329490185 start: 1473411785 393105989
t_num: 23 finish: 1473411787 381993578 start: 1473411784 532296160
t_num: 29 finish: 1473411787 542099565 start: 1473411786 232464857
t_num: 26 finish: 1473411787 896169011 start: 1473411785 584001323
t_num: 9 finish: 1473411787 897618004 start: 1473411785 584140584
t_num: 14 finish: 1473411787 897670466 start: 1473411785 125354957
t_num: 20 finish: 1473411788 173272691 start: 1473411786 523948737
t_num: 8 finish: 1473411788 173316237 start: 1473411784 848944120
t_num: 17 finish: 1473411788 299764946 start: 1473411784 604030343
t_num: 15 finish: 1473411788 430573609 start: 1473411787 165800119
t_num: 22 finish: 1473411788 501575272 start: 1473411786 763271403
t_num: 18 finish: 1473411788 543911326 start: 1473411787 542943598
t_num: 28 finish: 1473411788 692416186 start: 1473411786 203676437
t_num: 13 finish: 1473411788 693260764 start: 1473411786 613364391
t_num: 6 finish: 1473411788 693442567 start: 1473411787 324913602
t_num: 31 finish: 1473411788 932137183 start: 1473411786 444516873
t_num: 25 finish: 1473411789 120986298 start: 1473411788 173929169
t_num: 19 finish: 1473411789 122531042 start: 1473411788 173578500
t_num: 22 finish: 1473411789 157023048 start: 1473411788 501595236
t_num: 23 finish: 1473411789 251299010 start: 1473411787 382018489
t_num: 8 finish: 1473411789 443211561 start: 1473411788 173333406
t_num: 21 finish: 1473411789 485709491 start: 1473411786 92421096
t_num: 6 finish: 1473411789 515418128 start: 1473411788 693460836
t_num: 15 finish: 1473411790 1491453 start: 1473411788 430616118
t_num: 29 finish: 1473411790 2766999 start: 1473411787 542146170
t_num: 4 finish: 1473411790 5417496 start: 1473411787 650000229
t_num: 13 finish: 1473411790 47364828 start: 1473411788 693280814
t_num: 20 finish: 1473411790 574522096 start: 1473411788 173318164
t_num: 14 finish: 1473411790 808775836 start: 1473411789 229344217
t_num: 28 finish: 1473411791 331271214 start: 1473411788 692446182
t_num: 22 finish: 1473411791 820770612 start: 1473411789 806858814
t_num: 31 finish: 1473411791 875316922 start: 1473411788 932175170
t_num: 18 finish: 1473411791 876497181 start: 1473411789 249331473
t_num: 8 finish: 1473411791 970930345 start: 1473411790 378453
t_num: 0 finish: 1473411792 21460204 start: 1473411788 872881407
t_num: 6 finish: 1473411792 88914011 start: 1473411789 515435609
t_num: 15 finish: 1473411792 126081882 start: 1473411790 1514702
t_num: 19 finish: 1473411792 126126179 start: 1473411789 122586819
t_num: 9 finish: 1473411792 148359682 start: 1473411789 445003054
t_num: 4 finish: 1473411792 212359012 start: 1473411790 5437924
t_num: 23 finish: 1473411792 300823469 start: 1473411790 574373130
t_num: 29 finish: 1473411792 484607495 start: 1473411790 2788050
t_num: 21 finish: 1473411792 506697491 start: 1473411791 884640950
t_num: 20 finish: 1473411792 593041540 start: 1473411791 902502835
t_num: 25 finish: 1473411792 688424753 start: 1473411790 48330600
t_num: 19 finish: 1473411792 688816331 start: 1473411792 126140585
t_num: 30 finish: 1473411792 688858115 start: 1473411791 899266964
t_num: 13 finish: 1473411792 689251121 start: 1473411790 47396140
t_num: 12 finish: 1473411792 689687514 start: 1473411792 209902025
t_num: 0 finish: 1473411792 719810897 start: 1473411792 21488281
t_num: 1 finish: 1473411792 755568034 start: 1473411791 873096500
t_num: 17 finish: 1473411792 755727958 start: 1473411792 148162929
t_num: 31 finish: 1473411793 62803349 start: 1473411792 89038128
t_num: 7 finish: 1473411793 525928901 start: 1473411792 282032784
t_num: 8 finish: 1473411793 576694155 start: 1473411792 529319972
t_num: 29 finish: 1473411793 617349204 start: 1473411792 484648245
t_num: 15 finish: 1473411793 635943852 start: 1473411792 126107890
t_num: 6 finish: 1473411793 710448849 start: 1473411792 88949872
t_num: 19 finish: 1473411793 772416387 start: 1473411792 755725351
t_num: 7 finish: 1473411794 47398401 start: 1473411793 525957069
t_num: 18 finish: 1473411794 328708552 start: 1473411792 578858034
t_num: 25 finish: 1473411794 414575898 start: 1473411792 688450781
t_num: 1 finish: 1473411794 691509773 start: 1473411792 755611165
t_num: 17 finish: 1473411794 691646100 start: 1473411792 755747357
t_num: 22 finish: 1473411795 166531819 start: 1473411792 896475328
t_num: 20 finish: 1473411795 453828679 start: 1473411793 514038291
t_num: 8 finish: 1473411795 678321321 start: 1473411793 576715398
t_num: 13 finish: 1473411795 704203883 start: 1473411792 689271222
t_num: 0 finish: 1473411795 706734645 start: 1473411794 496863487
t_num: 23 finish: 1473411795 835769398 start: 1473411793 407419734
t_num: 21 finish: 1473411795 835997075 start: 1473411793 171393942
t_num: 18 finish: 1473411796 102608048 start: 1473411794 328751396
t_num: 1 finish: 1473411796 177434520 start: 1473411794 691554418
t_num: 19 finish: 1473411796 380053802 start: 1473411793 772460766
t_num: 30 finish: 1473411796 392756812 start: 1473411792 688873733
t_num: 29 finish: 1473411796 461103665 start: 1473411794 822516256
t_num: 6 finish: 1473411796 558702980 start: 1473411795 678282083
t_num: 11 finish: 1473411796 665822626 start: 1473411794 693631957
t_num: 20 finish: 1473411796 696219973 start: 1473411795 453855314
t_num: 7 finish: 1473411796 791566187 start: 1473411794 47448250
t_num: 24 finish: 1473411796 839705502 start: 1473411793 975545197
t_num: 18 finish: 1473411796 888797644 start: 1473411796 102644442
t_num: 13 finish: 1473411796 940636412 start: 1473411795 704229996
t_num: 12 finish: 1473411796 941402862 start: 1473411794 279494983
t_num: 30 finish: 1473411797 109254460 start: 1473411796 392777909
t_num: 8 finish: 1473411797 455743124 start: 1473411795 678341185
t_num: 5 finish: 1473411797 702203146 start: 1473411796 380153736
t_num: 27 finish: 1473411797 969040738 start: 1473411796 434630854
t_num: 11 finish: 1473411798 75313099 start: 1473411796 745321513
t_num: 7 finish: 1473411798 76255121 start: 1473411796 791587294
t_num: 20 finish: 1473411798 225180065 start: 1473411796 696243486
t_num: 30 finish: 1473411798 296052523 start: 1473411797 109278804
t_num: 23 finish: 1473411798 520563389 start: 1473411796 616129582
t_num: 19 finish: 1473411798 547707467 start: 1473411796 380092088
t_num: 29 finish: 1473411798 590681027 start: 1473411797 108518052
t_num: 17 finish: 1473411798 653392304 start: 1473411796 745092267
t_num: 1 finish: 1473411798 775179840 start: 1473411796 516899226
t_num: 12 finish: 1473411798 898391103 start: 1473411796 941423607
t_num: 8 finish: 1473411798 912062888 start: 1473411797 455766556
t_num: 26 finish: 1473411799 13995642 start: 1473411796 733564666
t_num: 18 finish: 1473411799 54194519 start: 1473411798 295287334
t_num: 9 finish: 1473411799 54194527 start: 1473411797 720781042
t_num: 21 finish: 1473411799 396596624 start: 1473411797 109881343
t_num: 13 finish: 1473411799 451948078 start: 1473411798 450836314
t_num: 22 finish: 1473411799 453501820 start: 1473411797 624463039
t_num: 7 finish: 1473411799 873061138 start: 1473411798 76276036
t_num: 8 finish: 1473411799 873131775 start: 1473411798 912087217
t_num: 1 finish: 1473411799 926760263 start: 1473411798 775221406
t_num: 30 finish: 1473411799 929230703 start: 1473411798 296078409
t_num: 16 finish: 1473411800 77186022 start: 1473411798 590635060
t_num: 27 finish: 1473411800 209650331 start: 1473411797 969074258
t_num: 24 finish: 1473411800 277601773 start: 1473411798 899016595
t_num: 23 finish: 1473411800 656515353 start: 1473411798 520588426
t_num: 10 finish: 1473411800 848205885 start: 1473411799 54267717
t_num: 25 finish: 1473411801 416935751 start: 1473411800 77281502
t_num: 26 finish: 1473411801 930330380 start: 1473411799 452398097
t_num: 9 finish: 1473411801 992202600 start: 1473411799 54249736
t_num: 3 finish: 1473411801 992910078 start: 1473411798 905089661
t_num: 8 finish: 1473411802 25393009 start: 1473411799 873147005
t_num: 5 finish: 1473411802 202330592 start: 1473411799 766923905
t_num: 22 finish: 1473411802 223541576 start: 1473411799 946913554
t_num: 7 finish: 1473411802 425104633 start: 1473411799 873105000
t_num: 30 finish: 1473411802 458355416 start: 1473411799 929252208
t_num: 27 finish: 1473411802 499851650 start: 1473411801 717683120
t_num: 14 finish: 1473411802 710255933 start: 1473411801 86036392
t_num: 13 finish: 1473411802 893508580 start: 1473411800 209750297
t_num: 20 finish: 1473411802 893652404 start: 1473411800 410662736
t_num: 23 finish: 1473411802 893733960 start: 1473411800 656552753
t_num: 24 finish: 1473411803 94270972 start: 1473411801 789134102
t_num: 10 finish: 1473411803 94489264 start: 1473411800 848243541
t_num: 8 finish: 1473411803 142769526 start: 1473411802 25426655
t_num: 4 finish: 1473411803 327516151 start: 1473411802 437594948
t_num: 26 finish: 1473411803 427093055 start: 1473411801 930374449
t_num: 3 finish: 1473411803 495588749 start: 1473411801 992930148
t_num: 18 finish: 1473411803 642542809 start: 1473411802 458335408
t_num: 27 finish: 1473411803 662035318 start: 1473411802 499871987
t_num: 6 finish: 1473411803 693431587 start: 1473411802 272082742
t_num: 9 finish: 1473411803 829970582 start: 1473411801 992246795
t_num: 5 finish: 1473411804 70416468 start: 1473411803 326459569
t_num: 23 finish: 1473411804 343580631 start: 1473411803 283542857
t_num: 25 finish: 1473411804 378199911 start: 1473411802 217274591
t_num: 31 finish: 1473411804 712640932 start: 1473411802 461494366
t_num: 30 finish: 1473411804 712643857 start: 1473411802 458371569
t_num: 24 finish: 1473411804 928070302 start: 1473411803 495577406
t_num: 13 finish: 1473411804 969930664 start: 1473411802 893550584
t_num: 14 finish: 1473411805 89610131 start: 1473411803 142841301
t_num: 22 finish: 1473411805 118162875 start: 1473411803 662026392
t_num: 27 finish: 1473411805 373960097 start: 1473411804 105398653
t_num: 20 finish: 1473411805 541087042 start: 1473411802 893672909
t_num: 8 finish: 1473411805 557667897 start: 1473411803 142792517
t_num: 31 finish: 1473411805 689618904 start: 1473411804 712675171
t_num: 16 finish: 1473411805 689618240 start: 1473411802 954069501
t_num: 4 finish: 1473411805 723294563 start: 1473411804 393279688
t_num: 25 finish: 1473411805 724823720 start: 1473411804 378223852
t_num: 3 finish: 1473411805 736926278 start: 1473411803 495628982
t_num: 26 finish: 1473411806 64530762 start: 1473411804 316592720
t_num: 17 finish: 1473411806 301286230 start: 1473411804 910955739
t_num: 15 finish: 1473411806 312675670 start: 1473411804 378414930
t_num: 20 finish: 1473411806 384928828 start: 1473411805 541131873
t_num: 9 finish: 1473411806 766771646 start: 1473411804 651279756
t_num: 23 finish: 1473411806 901420979 start: 1473411805 699339133
t_num: 28 finish: 1473411806 961665421 start: 1473411804 928907687
t_num: 16 finish: 1473411807 618035 start: 1473411805 689712286
t_num: 17 finish: 1473411807 470597641 start: 1473411806 301309581
t_num: 13 finish: 1473411807 574103341 start: 1473411805 664319352
t_num: 15 finish: 1473411807 613357955 start: 1473411806 312693670
t_num: 11 finish: 1473411807 613856516 start: 1473411805 543864331
t_num: 22 finish: 1473411807 684127587 start: 1473411805 118185492
t_num: 10 finish: 1473411807 684305159 start: 1473411805 663312833
t_num: 4 finish: 1473411807 684336786 start: 1473411806 465593745
t_num: 9 finish: 1473411807 845164323 start: 1473411806 766815648
t_num: 26 finish: 1473411808 276720380 start: 1473411806 901349513
t_num: 31 finish: 1473411808 389389766 start: 1473411805 689652261
t_num: 6 finish: 1473411808 413148102 start: 1473411806 516522790
t_num: 1 finish: 1473411808 617990617 start: 1473411806 467611618
t_num: 3 finish: 1473411809 243187341 start: 1473411807 235809761
t_num: 27 finish: 1473411809 379637973 start: 1473411805 781810297
t_num: 16 finish: 1473411809 801244631 start: 1473411807 641330
t_num: 22 finish: 1473411809 945264798 start: 1473411807 684164193
t_num: 25 finish: 1473411809 945934332 start: 1473411807 413958228
t_num: 23 finish: 1473411810 132296483 start: 1473411806 901444843
t_num: 14 finish: 1473411810 159781380 start: 1473411808 926555383
t_num: 13 finish: 1473411810 160196065 start: 1473411807 574148604
t_num: 8 finish: 1473411810 160348670 start: 1473411806 926000453
t_num: 15 finish: 1473411810 160427793 start: 1473411808 750645213
t_num: 0 finish: 1473411810 311542513 start: 1473411808 90808588
t_num: 28 finish: 1473411810 311554541 start: 1473411808 163855303
t_num: 9 finish: 1473411810 384942985 start: 1473411807 845225675
t_num: 1 finish: 1473411810 451935731 start: 1473411808 618014425
t_num: 3 finish: 1473411810 511544200 start: 1473411809 243222182
t_num: 27 finish: 1473411810 861617657 start: 1473411809 552253837
t_num: 24 finish: 1473411810 912813243 start: 1473411808 245853341
t_num: 26 finish: 1473411810 946196762 start: 1473411808 276742869
t_num: 6 finish: 1473411811 23190991 start: 1473411809 826195670
t_num: 23 finish: 1473411811 140529780 start: 1473411810 132335420
t_num: 27 finish: 1473411811 558630686 start: 1473411810 861657393
t_num: 15 finish: 1473411811 660123958 start: 1473411810 635638259
t_num: 17 finish: 1473411811 718455735 start: 1473411809 868791234
t_num: 12 finish: 1473411811 783416610 start: 1473411809 697987290
t_num: 16 finish: 1473411811 914007641 start: 1473411809 801274796
t_num: 1 finish: 1473411812 277569512 start: 1473411810 945663700
t_num: 9 finish: 1473411812 280579574 start: 1473411810 384970183
t_num: 14 finish: 1473411812 326741092 start: 1473411810 609068558
t_num: 21 finish: 1473411812 400876356 start: 1473411810 747088190
t_num: 28 finish: 1473411812 400902816 start: 1473411810 311648029
t_num: 2 finish: 1473411812 400928138 start: 1473411809 604274665
t_num: 3 finish: 1473411812 560621220 start: 1473411810 511573385
t_num: 24 finish: 1473411812 606474640 start: 1473411810 912854049
t_num: 8 finish: 1473411813 291819016 start: 1473411810 160367739
t_num: 22 finish: 1473411813 292058301 start: 1473411810 235937147
t_num: 27 finish: 1473411813 899256709 start: 1473411811 558675656
t_num: 18 finish: 1473411813 902629122 start: 1473411812 401813512
t_num: 15 finish: 1473411813 907580237 start: 1473411811 660157572
t_num: 6 finish: 1473411814 66221680 start: 1473411811 818342069
t_num: 23 finish: 1473411814 146045442 start: 1473411812 240282195
t_num: 3 finish: 1473411814 189019646 start: 1473411812 560673852
t_num: 16 finish: 1473411814 416867558 start: 1473411812 283788856
t_num: 24 finish: 1473411814 477488405 start: 1473411812 606498898
t_num: 30 finish: 1473411815 185815385 start: 1473411813 662332623
t_num: 14 finish: 1473411815 221673205 start: 1473411813 198632833
t_num: 11 finish: 1473411815 354538339 start: 1473411813 367062067
t_num: 15 finish: 1473411815 354540921 start: 1473411813 907600049
t_num: 22 finish: 1473411815 443739372 start: 1473411814 325544449
t_num: 12 finish: 1473411815 509924879 start: 1473411814 589403940
t_num: 26 finish: 1473411815 510766840 start: 1473411813 15009317
t_num: 3 finish: 1473411815 511722794 start: 1473411814 189037635
t_num: 8 finish: 1473411815 581262039 start: 1473411813 291844992
t_num: 28 finish: 1473411815 940531849 start: 1473411814 376063245
t_num: 5 finish: 1473411815 940550075 start: 1473411813 579223093
t_num: 23 finish: 1473411815 940571869 start: 1473411814 146076127
t_num: 21 finish: 1473411815 994288873 start: 1473411813 251270897
t_num: 24 finish: 1473411816 20571718 start: 1473411814 477525413
t_num: 16 finish: 1473411816 323200839 start: 1473411814 416895876
t_num: 13 finish: 1473411816 606318680 start: 1473411815 235773705
t_num: 27 finish: 1473411817 23482296 start: 1473411814 794745944
t_num: 15 finish: 1473411817 86334658 start: 1473411815 354616579
t_num: 30 finish: 1473411817 226008417 start: 1473411815 185837866
t_num: 7 finish: 1473411817 378285090 start: 1473411814 626995714
t_num: 26 finish: 1473411817 445359549 start: 1473411815 510786880
t_num: 22 finish: 1473411817 677012145 start: 1473411815 443773504
t_num: 28 finish: 1473411817 677103822 start: 1473411815 940580336
t_num: 8 finish: 1473411817 730802434 start: 1473411815 581284162
t_num: 14 finish: 1473411817 813813621 start: 1473411816 468209184
t_num: 21 finish: 1473411817 933616716 start: 1473411817 23507488
t_num: 10 finish: 1473411817 995522114 start: 1473411817 159552244
t_num: 24 finish: 1473411818 272381310 start: 1473411816 20617415
t_num: 18 finish: 1473411818 835225422 start: 1473411815 623126272
t_num: 16 finish: 1473411818 927557206 start: 1473411816 323224131
t_num: 29 finish: 1473411819 62292365 start: 1473411817 394923343
t_num: 26 finish: 1473411819 343280393 start: 1473411817 445381936
t_num: 0 finish: 1473411819 368867504 start: 1473411817 159344874
t_num: 5 finish: 1473411819 513096099 start: 1473411817 159307430
t_num: 24 finish: 1473411819 515237064 start: 1473411818 272425057
t_num: 15 finish: 1473411819 517354483 start: 1473411817 86358228
t_num: 23 finish: 1473411819 838454011 start: 1473411817 515677207
t_num: 13 finish: 1473411819 976090422 start: 1473411816 606363774
t_num: 30 finish: 1473411820 188293783 start: 1473411817 226054087
t_num: 12 finish: 1473411820 220690487 start: 1473411817 226088487
t_num: 22 finish: 1473411820 388382224 start: 1473411817 677048456
t_num: 28 finish: 1473411820 432879885 start: 1473411818 546977916
t_num: 27 finish: 1473411820 536691067 start: 1473411818 595359698
t_num: 20 finish: 1473411820 539129176 start: 1473411818 700124363
t_num: 26 finish: 1473411820 746562719 start: 1473411819 343317860
t_num: 14 finish: 1473411820 889665351 start: 1473411819 295673185
t_num: 0 finish: 1473411821 83281495 start: 1473411819 623075776
t_num: 18 finish: 1473411821 124598574 start: 1473411818 835267343
t_num: 23 finish: 1473411821 140688204 start: 1473411819 838516339
t_num: 8 finish: 1473411821 143967035 start: 1473411820 144490371
t_num: 10 finish: 1473411821 243744956 start: 1473411819 447136457
t_num: 12 finish: 1473411821 316756910 start: 1473411820 220715176
t_num: 24 finish: 1473411821 434783287 start: 1473411819 515258082
t_num: 29 finish: 1473411821 435118727 start: 1473411819 62324239
t_num: 20 finish: 1473411821 624823026 start: 1473411820 539163273
t_num: 5 finish: 1473411821 722055026 start: 1473411819 513128911
t_num: 15 finish: 1473411821 727871610 start: 1473411820 185830188
t_num: 25 finish: 1473411822 29522732 start: 1473411820 298590467
t_num: 9 finish: 1473411822 432003690 start: 1473411820 914057379
t_num: 27 finish: 1473411822 620222280 start: 1473411820 580966264
t_num: 15 finish: 1473411822 886562489 start: 1473411821 727894191
t_num: 31 finish: 1473411822 887224949 start: 1473411820 557548043
t_num: 23 finish: 1473411822 887264191 start: 1473411821 140722671
t_num: 0 finish: 1473411823 314065108 start: 1473411821 83326407
t_num: 16 finish: 1473411823 353612091 start: 1473411821 364422760
t_num: 20 finish: 1473411823 354423654 start: 1473411821 624862969
t_num: 19 finish: 1473411823 440787112 start: 1473411822 97619115
t_num: 28 finish: 1473411823 440841734 start: 1473411821 722160353
t_num: 21 finish: 1473411823 717038717 start: 1473411822 224125788
t_num: 24 finish: 1473411823 759573925 start: 1473411821 434807924
t_num: 5 finish: 1473411823 865521276 start: 1473411821 722099788
t_num: 31 finish: 1473411823 884989779 start: 1473411822 887303904
t_num: 25 finish: 1473411823 940748302 start: 1473411822 29585665
t_num: 14 finish: 1473411823 940788893 start: 1473411821 435074986
t_num: 12 finish: 1473411824 56076780 start: 1473411822 887291068
t_num: 1 finish: 1473411824 56983787 start: 1473411823 304435092
t_num: 26 finish: 1473411824 57576624 start: 1473411820 746608672
t_num: 9 finish: 1473411824 299968829 start: 1473411822 432052523
t_num: 23 finish: 1473411824 329726663 start: 1473411822 887283125
t_num: 19 finish: 1473411824 865627661 start: 1473411823 440820518
t_num: 30 finish: 1473411824 977409025 start: 1473411823 923118218
t_num: 8 finish: 1473411824 978376591 start: 1473411822 887242145
t_num: 6 finish: 1473411825 335221772 start: 1473411824 358590501
t_num: 10 finish: 1473411825 337714996 start: 1473411823 354384032
t_num: 16 finish: 1473411825 352983459 start: 1473411823 940746903
t_num: 5 finish: 1473411825 420910031 start: 1473411823 865559360
t_num: 14 finish: 1473411825 613787918 start: 1473411823 940818979
t_num: 27 finish: 1473411825 688949246 start: 1473411824 32727616
t_num: 20 finish: 1473411825 741362120 start: 1473411823 354443292
t_num: 31 finish: 1473411825 838899330 start: 1473411823 885015579
t_num: 0 finish: 1473411825 905323381 start: 1473411824 663366755
t_num: 1 finish: 1473411826 36445858 start: 1473411825 577349383
t_num: 17 finish: 1473411826 38112221 start: 1473411824 432070678
t_num: 25 finish: 1473411826 197214379 start: 1473411824 300109551
t_num: 9 finish: 1473411826 210066367 start: 1473411824 854709864
t_num: 15 finish: 1473411826 285357627 start: 1473411825 347964288
t_num: 30 finish: 1473411826 507005950 start: 1473411825 512423811
t_num: 8 finish: 1473411826 593460977 start: 1473411824 978396569
t_num: 10 finish: 1473411826 731210031 start: 1473411825 337735550
t_num: 23 finish: 1473411826 927652269 start: 1473411824 329744135
t_num: 19 finish: 1473411827 14311845 start: 1473411824 865656763
t_num: 21 finish: 1473411827 340480447 start: 1473411825 336669194
t_num: 13 finish: 1473411827 393695237 start: 1473411825 813783341
t_num: 14 finish: 1473411827 459738671 start: 1473411825 613840007
t_num: 20 finish: 1473411827 510270983 start: 1473411825 741391351
t_num: 24 finish: 1473411827 510279108 start: 1473411825 338153848
t_num: 0 finish: 1473411827 743462781 start: 1473411826 310304936
t_num: 27 finish: 1473411828 676937146 start: 1473411825 814098024
t_num: 15 finish: 1473411828 677940944 start: 1473411826 285379045
t_num: 7 finish: 1473411828 691221968 start: 1473411826 927387327
t_num: 18 finish: 1473411828 788391249 start: 1473411826 476650265
t_num: 21 finish: 1473411828 796275619 start: 1473411827 340509002
t_num: 23 finish: 1473411828 900027976 start: 1473411826 927678550
t_num: 9 finish: 1473411829 18766645 start: 1473411826 210099257
t_num: 1 finish: 1473411829 189100822 start: 1473411826 648260892
t_num: 20 finish: 1473411829 194550501 start: 1473411827 510297434
t_num: 31 finish: 1473411829 365198150 start: 1473411826 643764492
t_num: 10 finish: 1473411829 376102675 start: 1473411826 731244848
t_num: 2 finish: 1473411829 442347562 start: 1473411827 579941832
t_num: 14 finish: 1473411829 560728220 start: 1473411827 459765229
t_num: 29 finish: 1473411829 561478899 start: 1473411828 159709238
t_num: 0 finish: 1473411829 616077322 start: 1473411827 743514427
t_num: 25 finish: 1473411829 616156142 start: 1473411828 155418768
t_num: 17 finish: 1473411830 110080703 start: 1473411828 780018413
t_num: 21 finish: 1473411830 468192169 start: 1473411828 796295138
t_num: 27 finish: 1473411830 468243062 start: 1473411828 676980949
t_num: 7 finish: 1473411830 469142165 start: 1473411828 691242234
t_num: 19 finish: 1473411830 508502231 start: 1473411828 476231114
t_num: 6 finish: 1473411830 789348789 start: 1473411828 122554408
t_num: 28 finish: 1473411830 821595384 start: 1473411829 893270888
t_num: 23 finish: 1473411830 918159807 start: 1473411828 900061830
t_num: 17 finish: 1473411830 918159807 start: 1473411830 110103968
t_num: 13 finish: 1473411831 98657807 start: 1473411829 892273830
t_num: 1 finish: 1473411831 160861996 start: 1473411829 189131554
t_num: 15 finish: 1473411831 232363440 start: 1473411829 193322116
t_num: 2 finish: 1473411831 708131858 start: 1473411829 442379367
t_num: 24 finish: 1473411831 708311024 start: 1473411830 468960422
t_num: 28 finish: 1473411831 955048163 start: 1473411830 821640493
t_num: 0 finish: 1473411831 955481653 start: 1473411829 616102741
t_num: 14 finish: 1473411832 136567973 start: 1473411829 560772392
t_num: 18 finish: 1473411832 409843762 start: 1473411829 194508860
t_num: 20 finish: 1473411832 513508674 start: 1473411829 893222653
t_num: 13 finish: 1473411832 705285642 start: 1473411831 98714042
t_num: 31 finish: 1473411832 968838601 start: 1473411829 365236740
t_num: 27 finish: 1473411833 89283815 start: 1473411830 556659560
t_num: 6 finish: 1473411833 278876830 start: 1473411831 98692791
t_num: 15 finish: 1473411833 403381390 start: 1473411831 232406116
t_num: 21 finish: 1473411833 450828203 start: 1473411832 135523494
t_num: 23 finish: 1473411833 496887037 start: 1473411832 134373673
t_num: 1 finish: 1473411833 544233760 start: 1473411832 135270276
t_num: 19 finish: 1473411833 592925359 start: 1473411831 768003291
t_num: 28 finish: 1473411833 636831227 start: 1473411831 955088218
t_num: 0 finish: 1473411833 636907954 start: 1473411831 955500252
t_num: 29 finish: 1473411834 184291479 start: 1473411832 547551477
t_num: 3 finish: 1473411834 301670804 start: 1473411833 176760651
t_num: 6 finish: 1473411834 367692485 start: 1473411833 278902131
t_num: 25 finish: 1473411834 368832245 start: 1473411831 907086312
t_num: 16 finish: 1473411834 413782376 start: 1473411832 410938540
t_num: 15 finish: 1473411834 478241238 start: 1473411833 403425200
t_num: 30 finish: 1473411834 540832530 start: 1473411833 889702379
t_num: 20 finish: 1473411834 579844915 start: 1473411832 513571694
t_num: 8 finish: 1473411834 580121935 start: 1473411832 546837919
t_num: 28 finish: 1473411834 634792656 start: 1473411833 636852288
t_num: 31 finish: 1473411834 634799877 start: 1473411832 968878494
t_num: 19 finish: 1473411834 634966270 start: 1473411834 186741229
t_num: 21 finish: 1473411834 860914610 start: 1473411833 450873656
t_num: 12 finish: 1473411834 929883812 start: 1473411833 177991186
t_num: 17 finish: 1473411834 943748526 start: 1473411833 176965337
t_num: 1 finish: 1473411835 19293057 start: 1473411833 544255595
t_num: 15 finish: 1473411835 422875523 start: 1473411834 478268204
t_num: 2 finish: 1473411835 492216542 start: 1473411833 788737871
t_num: 13 finish: 1473411835 492219745 start: 1473411834 371294277
t_num: 26 finish: 1473411835 562232277 start: 1473411833 432227239
t_num: 25 finish: 1473411835 578666882 start: 1473411834 790324627
t_num: 17 finish: 1473411835 759128276 start: 1473411834 943765793
t_num: 29 finish: 1473411836 256196669 start: 1473411834 788737200
t_num: 0 finish: 1473411836 456087929 start: 1473411834 186885082
t_num: 31 finish: 1473411836 481237082 start: 1473411834 634854236
t_num: 20 finish: 1473411836 661840392 start: 1473411835 784616109
t_num: 10 finish: 1473411836 664270250 start: 1473411834 861472910
t_num: 28 finish: 1473411836 664274254 start: 1473411834 634816254
t_num: 30 finish: 1473411836 706466494 start: 1473411834 715828156
t_num: 18 finish: 1473411836 763184966 start: 1473411835 696268831
t_num: 14 finish: 1473411836 807441194 start: 1473411835 161344761
t_num: 19 finish: 1473411837 54281812 start: 1473411834 634983528
t_num: 16 finish: 1473411837 114155079 start: 1473411835 376154825
t_num: 25 finish: 1473411837 114204046 start: 1473411835 578684063
t_num: 7 finish: 1473411837 266617350 start: 1473411836 599419695
t_num: 1 finish: 1473411837 369160639 start: 1473411835 376688724
t_num: 2 finish: 1473411837 419775681 start: 1473411836 439601581
t_num: 15 finish: 1473411837 443549645 start: 1473411835 422905278
t_num: 10 finish: 1473411837 443592928 start: 1473411836 664292386
t_num: 31 finish: 1473411837 443734640 start: 1473411836 481259343
t_num: 13 finish: 1473411837 508833539 start: 1473411835 492253365
t_num: 30 finish: 1473411838 189105470 start: 1473411837 183914027
t_num: 18 finish: 1473411838 283944366 start: 1473411836 934219698
t_num: 28 finish: 1473411838 477937840 start: 1473411837 114237361
t_num: 3 finish: 1473411838 584753132 start: 1473411836 596608892
t_num: 0 finish: 1473411838 633131508 start: 1473411837 7899089
t_num: 22 finish: 1473411838 818741779 start: 1473411837 181353183
t_num: 17 finish: 1473411838 871423287 start: 1473411837 148705490
t_num: 24 finish: 1473411839 71506970 start: 1473411837 686992849
t_num: 30 finish: 1473411839 73755644 start: 1473411838 189156248
t_num: 25 finish: 1473411839 90720899 start: 1473411837 114223911
t_num: 27 finish: 1473411839 191518226 start: 1473411837 53827432
t_num: 18 finish: 1473411839 192321198 start: 1473411838 283968587
t_num: 7 finish: 1473411839 192849858 start: 1473411837 266653041
t_num: 13 finish: 1473411839 439455949 start: 1473411837 508867353
t_num: 31 finish: 1473411839 439613989 start: 1473411837 443776589
t_num: 10 finish: 1473411839 443983444 start: 1473411837 443609977
t_num: 1 finish: 1473411839 447859332 start: 1473411838 319545531
t_num: 9 finish: 1473411840 738955974 start: 1473411838 405845502
t_num: 23 finish: 1473411841 407749157 start: 1473411839 17421785
t_num: 15 finish: 1473411841 431266610 start: 1473411838 342561181
t_num: 28 finish: 1473411841 434351898 start: 1473411838 477967719
t_num: 7 finish: 1473411841 446058577 start: 1473411839 192869901
t_num: 22 finish: 1473411841 663550993 start: 1473411838 818762833
t_num: 30 finish: 1473411841 677640706 start: 1473411839 73780163
t_num: 17 finish: 1473411841 679233728 start: 1473411839 99596489
t_num: 3 finish: 1473411841 712555102 start: 1473411839 417132831
t_num: 13 finish: 1473411841 804877797 start: 1473411839 439480203
t_num: 0 finish: 1473411841 853727599 start: 1473411839 209913388
t_num: 15 finish: 1473411842 1527388 start: 1473411841 431316079
t_num: 19 finish: 1473411842 1562727 start: 1473411838 818234874
t_num: 21 finish: 1473411842 1721502 start: 1473411839 583044321
t_num: 14 finish: 1473411842 92220452 start: 1473411839 244567780
t_num: 23 finish: 1473411842 168599802 start: 1473411841 407777861
t_num: 11 finish: 1473411842 355643076 start: 1473411841 662067960
t_num: 26 finish: 1473411842 391789688 start: 1473411840 739473561
t_num: 25 finish: 1473411842 559947517 start: 1473411840 739751871
t_num: 21 finish: 1473411842 574043826 start: 1473411842 1737146
t_num: 7 finish: 1473411842 697652549 start: 1473411841 906149949
t_num: 27 finish: 1473411842 772967357 start: 1473411841 438360923
t_num: 28 finish: 1473411842 870750951 start: 1473411841 434386246
t_num: 3 finish: 1473411843 280671919 start: 1473411841 982451749
t_num: 14 finish: 1473411843 530615456 start: 1473411842 92251012
t_num: 10 finish: 1473411843 558167734 start: 1473411841 853734483
t_num: 19 finish: 1473411843 558209436 start: 1473411842 1579229
t_num: 22 finish: 1473411843 678200560 start: 1473411842 746054822
t_num: 0 finish: 1473411843 789457976 start: 1473411842 748686022
t_num: 13 finish: 1473411843 794140840 start: 1473411842 682491088
t_num: 8 finish: 1473411844 181672135 start: 1473411841 685811501
t_num: 15 finish: 1473411844 312001057 start: 1473411842 1564387
t_num: 3 finish: 1473411844 358474307 start: 1473411843 280717485
t_num: 12 finish: 1473411844 359979676 start: 1473411843 6750356
t_num: 4 finish: 1473411844 361553590 start: 1473411843 558124770
t_num: 25 finish: 1473411844 385871923 start: 1473411842 559985919
t_num: 27 finish: 1473411844 422742581 start: 1473411842 773001746
t_num: 18 finish: 1473411844 500622017 start: 1473411841 684091413
t_num: 11 finish: 1473411844 557552303 start: 1473411842 748951812
t_num: 21 finish: 1473411844 658938560 start: 1473411842 574075341
t_num: 14 finish: 1473411844 890523852 start: 1473411843 530659647
t_num: 8 finish: 1473411844 979508183 start: 1473411844 181716420
t_num: 13 finish: 1473411844 980326690 start: 1473411843 794166126
t_num: 19 finish: 1473411845 149607351 start: 1473411843 558223987
t_num: 0 finish: 1473411845 155053914 start: 1473411844 62478509
t_num: 6 finish: 1473411845 925241821 start: 1473411844 360373635
t_num: 16 finish: 1473411846 207618050 start: 1473411844 985743190
t_num: 15 finish: 1473411846 282763854 start: 1473411844 312032480
t_num: 28 finish: 1473411846 319288959 start: 1473411844 359626557
t_num: 29 finish: 1473411846 441943960 start: 1473411845 48398392
t_num: 26 finish: 1473411846 724503204 start: 1473411845 551926482
t_num: 13 finish: 1473411846 839736671 start: 1473411844 980347116
t_num: 10 finish: 1473411846 843850038 start: 1473411844 656401430
t_num: 12 finish: 1473411846 975872365 start: 1473411844 359999651
t_num: 14 finish: 1473411846 981716221 start: 1473411845 451990998
t_num: 18 finish: 1473411847 52990043 start: 1473411845 925254739
t_num: 27 finish: 1473411847 162171765 start: 1473411844 422760940
t_num: 21 finish: 1473411847 176515914 start: 1473411845 558424756
t_num: 2 finish: 1473411847 266492846 start: 1473411844 765988237
t_num: 25 finish: 1473411847 295910073 start: 1473411844 660435408
t_num: 4 finish: 1473411847 401490344 start: 1473411845 451960302
t_num: 11 finish: 1473411847 466818412 start: 1473411845 432406927
t_num: 22 finish: 1473411848 75720424 start: 1473411845 250891029
t_num: 23 finish: 1473411848 306401725 start: 1473411845 928493337
t_num: 6 finish: 1473411848 308023865 start: 1473411846 168042449
t_num: 8 finish: 1473411848 497612693 start: 1473411845 665616777
t_num: 10 finish: 1473411848 934225947 start: 1473411846 843871469
t_num: 15 finish: 1473411849 284410135 start: 1473411846 282799856
t_num: 12 finish: 1473411849 291169345 start: 1473411847 540883904
t_num: 18 finish: 1473411849 353035680 start: 1473411847 344721480
t_num: 26 finish: 1473411849 366481575 start: 1473411846 724546669
t_num: 21 finish: 1473411849 799206131 start: 1473411847 176542581
t_num: 16 finish: 1473411849 868538544 start: 1473411846 983111508
t_num: 11 finish: 1473411849 868604078 start: 1473411847 853058023
t_num: 28 finish: 1473411849 868539673 start: 1473411847 17592887
t_num: 2 finish: 1473411849 901099690 start: 1473411847 266597790
t_num: 13 finish: 1473411850 123711464 start: 1473411847 868861837
t_num: 4 finish: 1473411850 177481240 start: 1473411847 401524681
t_num: 31 finish: 1473411850 202023828 start: 1473411846 550086688
t_num: 22 finish: 1473411850 311902365 start: 1473411848 478440292
t_num: 29 finish: 1473411850 460173659 start: 1473411847 716963835
t_num: 25 finish: 1473411851 40196440 start: 1473411849 868846933
t_num: 6 finish: 1473411851 40216508 start: 1473411848 571942853
t_num: 8 finish: 1473411851 40230518 start: 1473411848 497643912
t_num: 17 finish: 1473411851 131759911 start: 1473411850 237733677
t_num: 18 finish: 1473411851 194444565 start: 1473411849 353071381
t_num: 27 finish: 1473411851 224846868 start: 1473411848 315378205
t_num: 20 finish: 1473411851 675445062 start: 1473411849 444827262
t_num: 13 finish: 1473411852 18612245 start: 1473411850 123748330
t_num: 10 finish: 1473411852 18896316 start: 1473411848 934264835
t_num: 28 finish: 1473411852 18966160 start: 1473411850 605024040
t_num: 23 finish: 1473411852 318700324 start: 1473411848 745606710
t_num: 3 finish: 1473411852 324451196 start: 1473411850 464162122
t_num: 31 finish: 1473411852 487982689 start: 1473411850 255505897
t_num: 4 finish: 1473411852 513677465 start: 1473411850 398417558
t_num: 9 finish: 1473411852 542386271 start: 1473411848 331003494
t_num: 15 finish: 1473411852 543178777 start: 1473411850 124304305
t_num: 7 finish: 1473411852 580233448 start: 1473411850 402979293
t_num: 2 finish: 1473411852 727173521 start: 1473411851 135699362
t_num: 12 finish: 1473411852 727192499 start: 1473411850 254864309
t_num: 13 finish: 1473411852 727212246 start: 1473411852 18640568
t_num: 22 finish: 1473411852 965490263 start: 1473411850 311929402
t_num: 11 finish: 1473411852 969563723 start: 1473411851 227269471
t_num: 27 finish: 1473411852 969624741 start: 1473411851 972352180
t_num: 28 finish: 1473411853 617659232 start: 1473411852 515806533
t_num: 17 finish: 1473411853 632813943 start: 1473411851 131832550
t_num: 25 finish: 1473411853 632820718 start: 1473411852 321609755
t_num: 5 finish: 1473411853 810999654 start: 1473411851 731327322
t_num: 29 finish: 1473411853 815175386 start: 1473411850 894780597
t_num: 3 finish: 1473411853 815635117 start: 1473411852 324469478
t_num: 31 finish: 1473411853 975219871 start: 1473411852 488015058
t_num: 0 finish: 1473411853 990434117 start: 1473411852 319622946
t_num: 6 finish: 1473411854 812665836 start: 1473411852 751091883
t_num: 5 finish: 1473411854 856204755 start: 1473411853 811031943
t_num: 20 finish: 1473411855 72546391 start: 1473411852 476733112
t_num: 11 finish: 1473411855 72546401 start: 1473411853 915111877
t_num: 8 finish: 1473411855 156201680 start: 1473411853 632926242
t_num: 4 finish: 1473411855 367245214 start: 1473411852 513707503
t_num: 10 finish: 1473411855 371454187 start: 1473411853 826992326
t_num: 2 finish: 1473411855 493008005 start: 1473411853 452956275
t_num: 27 finish: 1473411855 501051201 start: 1473411853 827031122
t_num: 30 finish: 1473411855 687114936 start: 1473411854 502756930
t_num: 9 finish: 1473411856 91626006 start: 1473411853 633447120
t_num: 3 finish: 1473411856 131377980 start: 1473411854 499550065
t_num: 14 finish: 1473411856 223006004 start: 1473411854 691628712
t_num: 28 finish: 1473411856 283060541 start: 1473411853 617703298
t_num: 25 finish: 1473411856 361256954 start: 1473411853 632865883
t_num: 6 finish: 1473411856 576513232 start: 1473411854 812695270
t_num: 0 finish: 1473411856 902376749 start: 1473411854 720927369
t_num: 5 finish: 1473411856 969109489 start: 1473411854 856227844
t_num: 7 finish: 1473411856 969689356 start: 1473411854 586459392
t_num: 2 finish: 1473411857 674592144 start: 1473411855 493042256
t_num: 27 finish: 1473411857 674702161 start: 1473411855 501077283
t_num: 15 finish: 1473411857 750395386 start: 1473411853 925746933
t_num: 8 finish: 1473411857 783102708 start: 1473411855 156225318
t_num: 25 finish: 1473411857 797722243 start: 1473411856 853771213
t_num: 28 finish: 1473411857 990822972 start: 1473411856 787252088
t_num: 24 finish: 1473411857 995860449 start: 1473411856 526112237
t_num: 4 finish: 1473411858 3127077 start: 1473411855 873060745
t_num: 3 finish: 1473411858 6717432 start: 1473411856 400201692
t_num: 7 finish: 1473411858 23316548 start: 1473411856 969708320
t_num: 31 finish: 1473411858 192284022 start: 1473411855 134955410
t_num: 9 finish: 1473411858 627642150 start: 1473411856 91664437
t_num: 1 finish: 1473411858 629543801 start: 1473411856 967902415
t_num: 16 finish: 1473411858 688602783 start: 1473411857 757376534
t_num: 30 finish: 1473411858 688902974 start: 1473411857 127836027
t_num: 23 finish: 1473411858 689159077 start: 1473411856 173007084
t_num: 20 finish: 1473411858 727264150 start: 1473411855 777180869
t_num: 31 finish: 1473411859 65834866 start: 1473411858 192336499
t_num: 10 finish: 1473411859 168472378 start: 1473411857 797740732
t_num: 13 finish: 1473411859 203511793 start: 1473411856 876038281
t_num: 15 finish: 1473411859 308231668 start: 1473411857 750438853
t_num: 6 finish: 1473411859 312100909 start: 1473411856 968551404
t_num: 8 finish: 1473411859 372730554 start: 1473411857 783151659
t_num: 9 finish: 1473411859 443674769 start: 1473411858 773936755
t_num: 25 finish: 1473411859 512350063 start: 1473411858 116132356
t_num: 18 finish: 1473411859 512477206 start: 1473411858 478885259
t_num: 17 finish: 1473411859 584307230 start: 1473411857 762450582
t_num: 28 finish: 1473411859 723514308 start: 1473411859 44138057
t_num: 30 finish: 1473411859 854059328 start: 1473411858 688923444
t_num: 7 finish: 1473411859 854257162 start: 1473411858 688670495
t_num: 0 finish: 1473411859 855254321 start: 1473411858 773782121
t_num: 12 finish: 1473411859 855401737 start: 1473411858 572477457
t_num: 4 finish: 1473411859 938217085 start: 1473411858 3165319
t_num: 16 finish: 1473411859 938220991 start: 1473411859 44917034
t_num: 1 finish: 1473411860 65105338 start: 1473411858 629564950
t_num: 8 finish: 1473411860 777068031 start: 1473411859 372753602
t_num: 15 finish: 1473411860 959148542 start: 1473411859 329285796
t_num: 9 finish: 1473411860 960256286 start: 1473411859 443698662
t_num: 4 finish: 1473411860 960429243 start: 1473411859 938244294
t_num: 19 finish: 1473411860 983120105 start: 1473411859 800739171
t_num: 0 finish: 1473411861 179021677 start: 1473411859 855274325
t_num: 18 finish: 1473411861 355547693 start: 1473411859 826028045
t_num: 12 finish: 1473411861 426260438 start: 1473411859 855420201
t_num: 10 finish: 1473411861 777422048 start: 1473411860 798913743
t_num: 28 finish: 1473411861 856423458 start: 1473411860 809837616
t_num: 3 finish: 1473411861 908912684 start: 1473411860 225387537
t_num: 9 finish: 1473411862 374366845 start: 1473411861 727472218
t_num: 1 finish: 1473411862 516071110 start: 1473411860 809778276
t_num: 25 finish: 1473411862 541816908 start: 1473411860 421952040
t_num: 23 finish: 1473411862 544909567 start: 1473411861 777122479
t_num: 19 finish: 1473411862 560363271 start: 1473411860 983140870
t_num: 4 finish: 1473411862 607445473 start: 1473411860 960449823
t_num: 27 finish: 1473411863 147623099 start: 1473411860 352646726
t_num: 30 finish: 1473411863 149051982 start: 1473411860 809736449
t_num: 17 finish: 1473411863 228331314 start: 1473411860 651568073
t_num: 4 finish: 1473411863 397075945 start: 1473411862 607463764
t_num: 9 finish: 1473411863 397199106 start: 1473411862 374407860
t_num: 12 finish: 1473411863 612431859 start: 1473411861 426292945
t_num: 28 finish: 1473411863 619883596 start: 1473411862 187144399
t_num: 1 finish: 1473411863 619946043 start: 1473411862 516095942
t_num: 29 finish: 1473411863 632409920 start: 1473411862 516090206
t_num: 7 finish: 1473411863 669820965 start: 1473411861 752533635
t_num: 15 finish: 1473411863 720815050 start: 1473411861 994400708
t_num: 31 finish: 1473411863 839919191 start: 1473411861 320555446
t_num: 8 finish: 1473411864 9216285 start: 1473411862 300487194
t_num: 22 finish: 1473411864 177089535 start: 1473411862 545844342
t_num: 10 finish: 1473411864 239423103 start: 1473411861 777450922
t_num: 27 finish: 1473411864 429908050 start: 1473411863 399670154
t_num: 7 finish: 1473411864 988525365 start: 1473411863 669890924
t_num: 1 finish: 1473411865 293898633 start: 1473411863 619963092
t_num: 8 finish: 1473411865 305924354 start: 1473411864 9251082
t_num: 27 finish: 1473411865 899394864 start: 1473411864 429938677
t_num: 30 finish: 1473411865 909649230 start: 1473411863 149086750
t_num: 24 finish: 1473411865 919759825 start: 1473411864 93256959
t_num: 3 finish: 1473411865 921047810 start: 1473411863 228349887
t_num: 23 finish: 1473411865 921233115 start: 1473411863 838390290
t_num: 28 finish: 1473411865 923138087 start: 1473411863 619904264
t_num: 15 finish: 1473411866 93927974 start: 1473411864 532127211
t_num: 26 finish: 1473411866 310859473 start: 1473411864 825745513
t_num: 10 finish: 1473411866 374348290 start: 1473411865 32953851
t_num: 7 finish: 1473411866 606063312 start: 1473411864 988585684
t_num: 17 finish: 1473411866 665893755 start: 1473411864 348664580
t_num: 11 finish: 1473411866 666632878 start: 1473411864 375319898
t_num: 22 finish: 1473411866 811005370 start: 1473411866 93938338
t_num: 13 finish: 1473411866 908706369 start: 1473411865 33895880
t_num: 12 finish: 1473411867 285216505 start: 1473411865 306000117
t_num: 19 finish: 1473411867 291341391 start: 1473411864 45234677
t_num: 6 finish: 1473411867 295687640 start: 1473411865 305980665
t_num: 0 finish: 1473411867 520359545 start: 1473411865 33008846
t_num: 25 finish: 1473411867 550339921 start: 1473411866 10156566
t_num: 24 finish: 1473411867 586572459 start: 1473411866 121867525
t_num: 17 finish: 1473411867 586682779 start: 1473411866 665917658
t_num: 26 finish: 1473411867 615299947 start: 1473411866 310902673
t_num: 22 finish: 1473411868 92843540 start: 1473411866 811029463
t_num: 31 finish: 1473411868 111647077 start: 1473411866 307165398
t_num: 8 finish: 1473411868 268714503 start: 1473411866 664542117
t_num: 15 finish: 1473411868 300363906 start: 1473411866 374359389
t_num: 28 finish: 1473411868 552181870 start: 1473411865 923176253
t_num: 10 finish: 1473411868 617920834 start: 1473411866 760624128
t_num: 7 finish: 1473411868 672228331 start: 1473411866 606099014
t_num: 3 finish: 1473411868 693811292 start: 1473411865 921069410
t_num: 13 finish: 1473411868 898701573 start: 1473411866 908745703
t_num: 19 finish: 1473411868 972555054 start: 1473411867 291363339
t_num: 11 finish: 1473411869 94123504 start: 1473411866 666652274
t_num: 6 finish: 1473411869 418948425 start: 1473411867 615287911
t_num: 17 finish: 1473411869 447265496 start: 1473411867 670061272
t_num: 8 finish: 1473411869 570508542 start: 1473411868 268744774
t_num: 15 finish: 1473411869 646968581 start: 1473411868 300393917
t_num: 25 finish: 1473411869 646976769 start: 1473411868 428725091
t_num: 22 finish: 1473411869 803426977 start: 1473411868 92874773
t_num: 30 finish: 1473411870 590468077 start: 1473411868 115446507
t_num: 21 finish: 1473411870 590487264 start: 1473411868 430472381
t_num: 10 finish: 1473411870 824601744 start: 1473411868 617977753
t_num: 15 finish: 1473411870 926449756 start: 1473411869 646994392
t_num: 16 finish: 1473411870 943952244 start: 1473411869 477237668
t_num: 28 finish: 1473411870 953769776 start: 1473411869 8240708
t_num: 13 finish: 1473411870 953851165 start: 1473411868 898745430
t_num: 17 finish: 1473411870 958984594 start: 1473411869 447307734
t_num: 20 finish: 1473411870 987871466 start: 1473411870 71222771
t_num: 31 finish: 1473411871 146057083 start: 1473411869 7067605
t_num: 25 finish: 1473411871 373051021 start: 1473411869 647015176
t_num: 29 finish: 1473411871 422417007 start: 1473411869 736527937
t_num: 7 finish: 1473411871 497124944 start: 1473411869 690043416
t_num: 22 finish: 1473411871 544585701 start: 1473411869 803459248
t_num: 4 finish: 1473411871 556442959 start: 1473411870 70189139
t_num: 27 finish: 1473411871 672260604 start: 1473411870 608753118
t_num: 20 finish: 1473411872 272114404 start: 1473411870 987891081
t_num: 19 finish: 1473411872 413334826 start: 1473411870 368341477
t_num: 18 finish: 1473411872 567925643 start: 1473411870 590648720
t_num: 29 finish: 1473411872 614316230 start: 1473411871 422459269
t_num: 11 finish: 1473411872 663743123 start: 1473411869 94155164
t_num: 31 finish: 1473411872 664195492 start: 1473411871 146094783
t_num: 8 finish: 1473411872 769786373 start: 1473411870 738189642
t_num: 6 finish: 1473411872 885563576 start: 1473411870 986261271
t_num: 21 finish: 1473411872 938954290 start: 1473411871 672077626
t_num: 14 finish: 1473411873 412025509 start: 1473411871 672028644
t_num: 17 finish: 1473411873 412747828 start: 1473411871 544842810
t_num: 4 finish: 1473411873 417759785 start: 1473411871 556481807
t_num: 18 finish: 1473411873 578811744 start: 1473411872 567952727
t_num: 30 finish: 1473411873 634994649 start: 1473411870 590537355
t_num: 11 finish: 1473411873 686019058 start: 1473411872 663792875
t_num: 1 finish: 1473411873 695605443 start: 1473411871 730198149
t_num: 10 finish: 1473411874 276165 start: 1473411872 663889038
t_num: 25 finish: 1473411874 40697473 start: 1473411871 373099213
t_num: 13 finish: 1473411874 41400947 start: 1473411872 542140597
t_num: 7 finish: 1473411874 127025636 start: 1473411871 497183975
t_num: 28 finish: 1473411874 501252264 start: 1473411872 664218405
t_num: 6 finish: 1473411874 502063338 start: 1473411872 885603248
t_num: 20 finish: 1473411874 643199175 start: 1473411872 827353199
t_num: 31 finish: 1473411874 751322252 start: 1473411872 664242265
t_num: 2 finish: 1473411874 751608658 start: 1473411873 418897468
t_num: 9 finish: 1473411874 779411014 start: 1473411872 268924382
t_num: 17 finish: 1473411874 879674059 start: 1473411873 513228794
t_num: 21 finish: 1473411875 340305669 start: 1473411873 831922370
t_num: 4 finish: 1473411875 551908486 start: 1473411873 417781625
t_num: 1 finish: 1473411875 701993189 start: 1473411873 695627773
t_num: 12 finish: 1473411875 765697724 start: 1473411874 643211969
t_num: 19 finish: 1473411875 766855835 start: 1473411874 158536569
t_num: 30 finish: 1473411876 269250060 start: 1473411874 721609415
t_num: 25 finish: 1473411876 325780645 start: 1473411874 40723409
t_num: 12 finish: 1473411876 549865797 start: 1473411875 765739511
t_num: 21 finish: 1473411876 587346340 start: 1473411875 340340512
t_num: 28 finish: 1473411876 781512373 start: 1473411874 501292253
t_num: 26 finish: 1473411876 826938483 start: 1473411875 659007836
t_num: 8 finish: 1473411876 857804364 start: 1473411874 232286315
t_num: 18 finish: 1473411876 889911375 start: 1473411874 232560815
t_num: 1 finish: 1473411876 930561128 start: 1473411875 702028551
t_num: 9 finish: 1473411876 956812932 start: 1473411876 117510175
t_num: 13 finish: 1473411876 957518718 start: 1473411875 624553165
t_num: 6 finish: 1473411877 73764285 start: 1473411874 502084671
t_num: 17 finish: 1473411877 180484544 start: 1473411874 879710870
t_num: 11 finish: 1473411877 232409595 start: 1473411874 232298671
t_num: 2 finish: 1473411877 663669676 start: 1473411875 595132175
t_num: 8 finish: 1473411877 767099761 start: 1473411876 857820965
t_num: 23 finish: 1473411877 978160421 start: 1473411876 854375344
t_num: 9 finish: 1473411878 53505604 start: 1473411876 956833904
t_num: 25 finish: 1473411878 53692293 start: 1473411876 325825748
t_num: 1 finish: 1473411878 53756443 start: 1473411876 930579228
t_num: 7 finish: 1473411878 124171289 start: 1473411875 624758169
t_num: 4 finish: 1473411878 221743355 start: 1473411876 324447431
t_num: 30 finish: 1473411878 281455744 start: 1473411877 335229807
t_num: 6 finish: 1473411878 659947666 start: 1473411877 73788632
t_num: 15 finish: 1473411878 674443663 start: 1473411877 767130499
t_num: 16 finish: 1473411878 676862484 start: 1473411877 484313977
t_num: 28 finish: 1473411878 992252842 start: 1473411877 305406781
t_num: 11 finish: 1473411879 19267484 start: 1473411878 339836094
t_num: 26 finish: 1473411879 90691985 start: 1473411876 826969497
t_num: 17 finish: 1473411879 205113986 start: 1473411877 180510567
t_num: 12 finish: 1473411879 441114022 start: 1473411877 25852004
t_num: 0 finish: 1473411879 496981496 start: 1473411877 335196230
t_num: 30 finish: 1473411879 499021863 start: 1473411878 281480953
t_num: 9 finish: 1473411879 513219690 start: 1473411878 338901249
t_num: 22 finish: 1473411879 636704634 start: 1473411877 484243944
t_num: 4 finish: 1473411879 637371469 start: 1473411878 221774802
t_num: 8 finish: 1473411879 972318274 start: 1473411877 978954713
t_num: 7 finish: 1473411880 177039040 start: 1473411878 124193183
t_num: 16 finish: 1473411880 177039076 start: 1473411878 676882622
t_num: 19 finish: 1473411880 359102804 start: 1473411879 15286421
t_num: 11 finish: 1473411880 706940334 start: 1473411879 19289918
t_num: 17 finish: 1473411881 86851571 start: 1473411879 205152805
t_num: 13 finish: 1473411881 584930848 start: 1473411879 15100782
t_num: 10 finish: 1473411881 587963217 start: 1473411879 451137146
t_num: 5 finish: 1473411881 588087653 start: 1473411880 117000894
t_num: 29 finish: 1473411881 589034018 start: 1473411879 500955974
t_num: 6 finish: 1473411881 915147810 start: 1473411879 451035998
t_num: 28 finish: 1473411882 6990845 start: 1473411878 992289437
t_num: 15 finish: 1473411882 7059653 start: 1473411880 117646876
t_num: 3 finish: 1473411882 201799488 start: 1473411880 653470604
t_num: 24 finish: 1473411882 228821191 start: 1473411881 29960585
t_num: 4 finish: 1473411882 229808395 start: 1473411880 679324546
t_num: 17 finish: 1473411882 297709581 start: 1473411881 86908239
t_num: 9 finish: 1473411882 298480525 start: 1473411880 110517993
t_num: 7 finish: 1473411882 321457307 start: 1473411880 177080747
t_num: 25 finish: 1473411882 864356082 start: 1473411879 451808377
t_num: 0 finish: 1473411882 925231976 start: 1473411880 538246129
t_num: 14 finish: 1473411883 328174530 start: 1473411882 733764297
t_num: 19 finish: 1473411884 113882302 start: 1473411881 253613332
t_num: 7 finish: 1473411884 114730577 start: 1473411882 321490246
t_num: 17 finish: 1473411884 158071172 start: 1473411882 297733342
t_num: 30 finish: 1473411884 180901908 start: 1473411881 253030648
t_num: 13 finish: 1473411884 661696610 start: 1473411881 584984400
t_num: 4 finish: 1473411884 754893289 start: 1473411882 229829364
t_num: 2 finish: 1473411884 890597635 start: 1473411883 318422430
t_num: 10 finish: 1473411885 67715948 start: 1473411881 587984429
t_num: 18 finish: 1473411885 124940186 start: 1473411881 587390317
t_num: 19 finish: 1473411885 125022929 start: 1473411884 113927681
t_num: 15 finish: 1473411885 125034802 start: 1473411882 735402041
t_num: 30 finish: 1473411885 279324890 start: 1473411884 180918413
t_num: 0 finish: 1473411885 504728329 start: 1473411882 925276244
t_num: 7 finish: 1473411885 706123547 start: 1473411884 114751181
t_num: 9 finish: 1473411885 851600044 start: 1473411882 298508473
t_num: 5 finish: 1473411885 962407987 start: 1473411883 682583990
t_num: 14 finish: 1473411886 54756048 start: 1473411883 328206915
t_num: 27 finish: 1473411886 190746300 start: 1473411883 971166296
t_num: 6 finish: 1473411886 391695969 start: 1473411883 118403836
t_num: 17 finish: 1473411886 461287275 start: 1473411885 157900579
t_num: 12 finish: 1473411886 521429126 start: 1473411882 807676619
t_num: 15 finish: 1473411886 766286897 start: 1473411885 125049166
t_num: 20 finish: 1473411886 820703528 start: 1473411884 173010157
t_num: 31 finish: 1473411886 820705951 start: 1473411882 834713878
t_num: 9 finish: 1473411886 867242368 start: 1473411885 851625113
t_num: 16 finish: 1473411886 888823485 start: 1473411884 443592523
t_num: 5 finish: 1473411886 995313829 start: 1473411885 962452742
t_num: 18 finish: 1473411887 416786391 start: 1473411885 279362874
t_num: 20 finish: 1473411887 621610530 start: 1473411886 820743021
t_num: 27 finish: 1473411887 837123074 start: 1473411886 190770489
t_num: 26 finish: 1473411888 98059012 start: 1473411886 317488240
t_num: 13 finish: 1473411888 134249447 start: 1473411885 836233032
t_num: 17 finish: 1473411888 516489827 start: 1473411886 461330446
t_num: 1 finish: 1473411888 886258639 start: 1473411887 287104719
t_num: 30 finish: 1473411888 916514298 start: 1473411886 58020681
t_num: 7 finish: 1473411889 86857624 start: 1473411885 706147221
t_num: 21 finish: 1473411889 86880247 start: 1473411887 43523531
t_num: 4 finish: 1473411889 86948795 start: 1473411886 990874265
t_num: 12 finish: 1473411889 137582053 start: 1473411886 521468886
t_num: 27 finish: 1473411889 378442144 start: 1473411887 837166654
t_num: 15 finish: 1473411889 512306580 start: 1473411886 766324764
t_num: 5 finish: 1473411889 552501097 start: 1473411886 995341189
t_num: 25 finish: 1473411889 712933252 start: 1473411888 229597195
t_num: 20 finish: 1473411889 713206642 start: 1473411888 729590248
t_num: 30 finish: 1473411889 716776854 start: 1473411888 916542811
t_num: 11 finish: 1473411889 821019093 start: 1473411887 372650159
t_num: 18 finish: 1473411890 91286962 start: 1473411887 416815320
t_num: 16 finish: 1473411890 251360664 start: 1473411888 810748373
t_num: 14 finish: 1473411890 456777416 start: 1473411887 421289113
t_num: 26 finish: 1473411890 477299375 start: 1473411888 98101394
t_num: 13 finish: 1473411890 655234265 start: 1473411888 948087609
t_num: 5 finish: 1473411890 799342337 start: 1473411889 552542636
t_num: 8 finish: 1473411890 800045028 start: 1473411889 226713984
t_num: 23 finish: 1473411890 987593054 start: 1473411889 215111291
t_num: 7 finish: 1473411891 222339292 start: 1473411889 86925322
t_num: 17 finish: 1473411891 249126522 start: 1473411888 948059388
t_num: 20 finish: 1473411891 454989348 start: 1473411889 713226998
t_num: 26 finish: 1473411891 537115176 start: 1473411890 477320202
t_num: 16 finish: 1473411891 774071769 start: 1473411890 251451465
t_num: 15 finish: 1473411891 885593929 start: 1473411890 380981868
t_num: 10 finish: 1473411892 60533909 start: 1473411890 380414557
t_num: 28 finish: 1473411892 251207953 start: 1473411891 251551304
t_num: 21 finish: 1473411892 252234227 start: 1473411889 949359956
t_num: 24 finish: 1473411892 374488603 start: 1473411889 679175511
t_num: 18 finish: 1473411892 462807089 start: 1473411890 91330150
t_num: 17 finish: 1473411892 462833777 start: 1473411891 249148985
t_num: 20 finish: 1473411892 550855792 start: 1473411891 455024305
t_num: 30 finish: 1473411892 624373661 start: 1473411889 716811085
t_num: 14 finish: 1473411892 624509992 start: 1473411890 456836149
t_num: 8 finish: 1473411892 677360162 start: 1473411891 396480336
t_num: 22 finish: 1473411892 678044871 start: 1473411890 251398536
t_num: 7 finish: 1473411893 384156957 start: 1473411891 895575077
t_num: 13 finish: 1473411893 461395698 start: 1473411890 802827620
t_num: 4 finish: 1473411893 708881360 start: 1473411891 941656978
t_num: 24 finish: 1473411893 891326287 start: 1473411892 374534411
t_num: 8 finish: 1473411893 941518935 start: 1473411893 208886177
t_num: 15 finish: 1473411894 5961313 start: 1473411891 885633133
t_num: 26 finish: 1473411894 326029887 start: 1473411891 537142151
t_num: 22 finish: 1473411894 328860632 start: 1473411892 678065263
t_num: 10 finish: 1473411894 328902196 start: 1473411892 60597890
t_num: 28 finish: 1473411894 419744740 start: 1473411892 251249974
t_num: 25 finish: 1473411894 532218360 start: 1473411892 962307382
t_num: 30 finish: 1473411894 556326434 start: 1473411892 624416669
t_num: 18 finish: 1473411894 558171905 start: 1473411892 962177346
t_num: 0 finish: 1473411894 614574842 start: 1473411893 1960668
t_num: 24 finish: 1473411894 650995922 start: 1473411894 190068445
t_num: 31 finish: 1473411894 888770293 start: 1473411893 941648767
t_num: 29 finish: 1473411895 25616224 start: 1473411892 837356192
t_num: 20 finish: 1473411895 268406205 start: 1473411892 550895757
t_num: 22 finish: 1473411895 321446611 start: 1473411894 328884097
t_num: 4 finish: 1473411895 409787748 start: 1473411894 463447363
t_num: 9 finish: 1473411895 435271740 start: 1473411893 518412374
t_num: 25 finish: 1473411895 470671794 start: 1473411894 532250879
t_num: 5 finish: 1473411895 595907762 start: 1473411893 570196251
t_num: 14 finish: 1473411895 719300559 start: 1473411894 556421079
t_num: 7 finish: 1473411895 819911733 start: 1473411894 722652052
t_num: 15 finish: 1473411895 946617009 start: 1473411894 6021800
t_num: 26 finish: 1473411896 257710442 start: 1473411894 326081178
t_num: 10 finish: 1473411896 405885929 start: 1473411894 614572450
t_num: 24 finish: 1473411896 900126559 start: 1473411894 651013303
t_num: 3 finish: 1473411897 57855019 start: 1473411894 464210369
t_num: 22 finish: 1473411897 453850957 start: 1473411895 321467106
t_num: 0 finish: 1473411897 563471460 start: 1473411894 614596218
t_num: 12 finish: 1473411897 564062669 start: 1473411894 614600003
t_num: 5 finish: 1473411897 590231986 start: 1473411895 595949722
t_num: 4 finish: 1473411898 341451653 start: 1473411896 8333790
t_num: 31 finish: 1473411898 342096066 start: 1473411896 8307013
t_num: 11 finish: 1473411898 372334801 start: 1473411896 405983134
t_num: 20 finish: 1473411898 483210427 start: 1473411895 268475875
t_num: 6 finish: 1473411898 511349656 start: 1473411895 885217467
t_num: 9 finish: 1473411898 544840113 start: 1473411895 435293856
t_num: 26 finish: 1473411898 735761676 start: 1473411897 601041608
t_num: 28 finish: 1473411898 793224959 start: 1473411897 632246781
t_num: 3 finish: 1473411898 793366395 start: 1473411897 57894172
t_num: 5 finish: 1473411898 865039224 start: 1473411897 590255631
t_num: 10 finish: 1473411898 928350467 start: 1473411896 405928923
t_num: 15 finish: 1473411899 54186232 start: 1473411897 564119668
t_num: 0 finish: 1473411899 54765235 start: 1473411898 367571368
t_num: 7 finish: 1473411899 54825266 start: 1473411895 819941946
t_num: 22 finish: 1473411899 681698985 start: 1473411897 453914873
t_num: 12 finish: 1473411900 89330734 start: 1473411898 366871181
t_num: 11 finish: 1473411900 123047913 start: 1473411898 372380738
t_num: 31 finish: 1473411900 179640615 start: 1473411898 342117092
t_num: 20 finish: 1473411900 179730597 start: 1473411898 483247479
t_num: 16 finish: 1473411900 932936671 start: 1473411899 579261458
t_num: 5 finish: 1473411901 8400834 start: 1473411898 865082730
t_num: 0 finish: 1473411901 30149473 start: 1473411899 54785400
t_num: 9 finish: 1473411901 30177013 start: 1473411898 735777528
t_num: 3 finish: 1473411901 428420250 start: 1473411899 750835722
t_num: 28 finish: 1473411901 488231640 start: 1473411899 362738370
t_num: 27 finish: 1473411901 690606342 start: 1473411899 929881389
t_num: 25 finish: 1473411901 690657949 start: 1473411899 575362581
t_num: 31 finish: 1473411901 690923465 start: 1473411900 179670765
t_num: 26 finish: 1473411901 905490458 start: 1473411900 30082671
t_num: 1 finish: 1473411901 905669872 start: 1473411900 904192614
t_num: 17 finish: 1473411902 42153868 start: 1473411900 762812648
t_num: 7 finish: 1473411902 179287618 start: 1473411899 54841872
t_num: 12 finish: 1473411902 596728706 start: 1473411900 89353849
t_num: 15 finish: 1473411902 683338042 start: 1473411899 54218333
t_num: 23 finish: 1473411903 84341279 start: 1473411900 815098375
t_num: 17 finish: 1473411903 86210341 start: 1473411902 42198413
t_num: 0 finish: 1473411903 111999601 start: 1473411901 30165870
t_num: 4 finish: 1473411903 113016738 start: 1473411900 155061589
t_num: 20 finish: 1473411903 113673205 start: 1473411900 179748886
t_num: 27 finish: 1473411903 171021882 start: 1473411901 690695611
t_num: 31 finish: 1473411903 173692285 start: 1473411901 690942936
t_num: 5 finish: 1473411903 449494176 start: 1473411901 8441079
t_num: 9 finish: 1473411903 615483495 start: 1473411901 30193216
t_num: 18 finish: 1473411903 663012154 start: 1473411899 816867770
t_num: 16 finish: 1473411903 770461209 start: 1473411901 498337278
t_num: 25 finish: 1473411903 851521571 start: 1473411901 690673587
t_num: 3 finish: 1473411904 4398481 start: 1473411902 873381963
t_num: 17 finish: 1473411904 486306907 start: 1473411903 86237561
t_num: 26 finish: 1473411904 759912956 start: 1473411901 905519126
t_num: 0 finish: 1473411904 821161587 start: 1473411903 112022776
t_num: 7 finish: 1473411904 848856598 start: 1473411902 179332221
t_num: 28 finish: 1473411904 959632471 start: 1473411901 488273445
t_num: 22 finish: 1473411905 672215704 start: 1473411903 86251387
t_num: 12 finish: 1473411905 977344174 start: 1473411903 229833048
t_num: 21 finish: 1473411905 977344172 start: 1473411903 674440757
t_num: 20 finish: 1473411905 977399243 start: 1473411903 113688916
t_num: 13 finish: 1473411905 983289595 start: 1473411902 978028140
t_num: 5 finish: 1473411906 120829329 start: 1473411903 449534697
t_num: 4 finish: 1473411906 283221061 start: 1473411903 714873362
t_num: 30 finish: 1473411906 555763478 start: 1473411904 573590270
t_num: 25 finish: 1473411906 602581834 start: 1473411903 851553640
t_num: 26 finish: 1473411906 722205630 start: 1473411905 525076282
t_num: 2 finish: 1473411906 723262042 start: 1473411904 637273976
t_num: 31 finish: 1473411906 790946097 start: 1473411905 145344898
t_num: 13 finish: 1473411906 852846894 start: 1473411905 983310811
t_num: 20 finish: 1473411906 931381670 start: 1473411906 88986932
t_num: 18 finish: 1473411906 998096350 start: 1473411904 878129688
t_num: 3 finish: 1473411907 36377407 start: 1473411904 657567881
t_num: 17 finish: 1473411907 289453070 start: 1473411904 817452494
t_num: 7 finish: 1473411907 390043255 start: 1473411906 467242165
t_num: 16 finish: 1473411907 390042677 start: 1473411903 770508103
t_num: 26 finish: 1473411907 557080678 start: 1473411906 722235483
t_num: 0 finish: 1473411907 621218362 start: 1473411906 102909395
t_num: 6 finish: 1473411907 621244560 start: 1473411906 340282112
t_num: 28 finish: 1473411907 621315317 start: 1473411905 90650536
t_num: 5 finish: 1473411907 984718514 start: 1473411906 120866509
t_num: 8 finish: 1473411908 130579165 start: 1473411906 555049288
t_num: 1 finish: 1473411908 196663632 start: 1473411906 554150906
t_num: 14 finish: 1473411908 260250017 start: 1473411907 125889582
t_num: 22 finish: 1473411908 264692757 start: 1473411905 672253898
t_num: 24 finish: 1473411908 432602852 start: 1473411906 716360983
t_num: 30 finish: 1473411908 499327304 start: 1473411907 480461436
t_num: 18 finish: 1473411908 499686628 start: 1473411907 504659176
t_num: 15 finish: 1473411908 539216452 start: 1473411907 193077438
t_num: 20 finish: 1473411909 2278640 start: 1473411907 744945662
t_num: 13 finish: 1473411909 276872794 start: 1473411906 852896584
t_num: 6 finish: 1473411909 362709876 start: 1473411908 539111420
t_num: 4 finish: 1473411909 426504311 start: 1473411907 289471142
t_num: 0 finish: 1473411909 518492750 start: 1473411907 621289965
t_num: 1 finish: 1473411909 544308168 start: 1473411908 196727895
t_num: 2 finish: 1473411909 591198941 start: 1473411907 769785755
t_num: 14 finish: 1473411909 690543022 start: 1473411908 580546072
t_num: 26 finish: 1473411909 737771162 start: 1473411907 557125241
t_num: 3 finish: 1473411909 945956436 start: 1473411907 488708571
t_num: 17 finish: 1473411909 946687957 start: 1473411907 693861900
t_num: 7 finish: 1473411910 31452054 start: 1473411908 108665143
t_num: 5 finish: 1473411910 187652812 start: 1473411907 984751866
t_num: 20 finish: 1473411910 291680228 start: 1473411909 2310430
t_num: 23 finish: 1473411910 361398053 start: 1473411909 265840628
t_num: 4 finish: 1473411910 541159122 start: 1473411909 426540886
t_num: 13 finish: 1473411910 542553627 start: 1473411909 276898044
t_num: 28 finish: 1473411910 637069582 start: 1473411908 269076289
t_num: 25 finish: 1473411910 676774204 start: 1473411908 580559604
t_num: 22 finish: 1473411910 744641649 start: 1473411909 277525296
t_num: 15 finish: 1473411910 786206583 start: 1473411908 539238236
t_num: 1 finish: 1473411910 786458536 start: 1473411909 544334710
t_num: 14 finish: 1473411910 860100892 start: 1473411909 690572500
t_num: 18 finish: 1473411911 75921307 start: 1473411909 265147166
t_num: 9 finish: 1473411911 508545547 start: 1473411909 925186742
t_num: 0 finish: 1473411911 883075198 start: 1473411910 786203617
t_num: 14 finish: 1473411911 983164638 start: 1473411910 860144580
t_num: 25 finish: 1473411912 19236242 start: 1473411910 676824420
t_num: 1 finish: 1473411912 476861200 start: 1473411910 786478610
t_num: 17 finish: 1473411912 574882816 start: 1473411911 15703465
t_num: 6 finish: 1473411912 598256038 start: 1473411910 786060801
t_num: 12 finish: 1473411912 598259574 start: 1473411911 431893478
t_num: 5 finish: 1473411912 651256029 start: 1473411911 748604823
t_num: 3 finish: 1473411912 680128719 start: 1473411909 945987877
t_num: 22 finish: 1473411912 772931216 start: 1473411910 744679766
t_num: 13 finish: 1473411912 778182254 start: 1473411910 542586965
t_num: 19 finish: 1473411912 778337146 start: 1473411910 785769479
t_num: 18 finish: 1473411912 984773692 start: 1473411911 705018547
t_num: 15 finish: 1473411913 478474234 start: 1473411911 464106862
t_num: 7 finish: 1473411913 559854208 start: 1473411910 785747490
t_num: 4 finish: 1473411913 706831486 start: 1473411910 860047979
t_num: 9 finish: 1473411914 75989721 start: 1473411911 508590954
t_num: 5 finish: 1473411914 172349530 start: 1473411912 651282016
t_num: 28 finish: 1473411914 733079489 start: 1473411911 616273567
t_num: 22 finish: 1473411914 749994927 start: 1473411912 772973051
t_num: 16 finish: 1473411914 790397146 start: 1473411913 270377212
t_num: 19 finish: 1473411914 792729369 start: 1473411912 778357474
t_num: 1 finish: 1473411915 73639873 start: 1473411913 599349076
t_num: 14 finish: 1473411915 75139911 start: 1473411912 598337857
t_num: 13 finish: 1473411915 224506596 start: 1473411914 328008
t_num: 12 finish: 1473411915 368099377 start: 1473411913 836396321
t_num: 11 finish: 1473411915 680459018 start: 1473411913 759659711
t_num: 9 finish: 1473411915 699127126 start: 1473411914 76012474
t_num: 17 finish: 1473411915 921143165 start: 1473411913 755756989
t_num: 15 finish: 1473411916 123884223 start: 1473411913 478508879
t_num: 4 finish: 1473411916 145581775 start: 1473411913 706875889
t_num: 0 finish: 1473411916 176245978 start: 1473411915 172518228
t_num: 5 finish: 1473411916 317186279 start: 1473411914 792711913
t_num: 27 finish: 1473411916 672546176 start: 1473411914 679458020
t_num: 16 finish: 1473411916 674565462 start: 1473411914 790428833
t_num: 19 finish: 1473411916 837634553 start: 1473411914 792745178
t_num: 20 finish: 1473411917 253453013 start: 1473411916 399318999
t_num: 1 finish: 1473411917 286466379 start: 1473411915 73682960
t_num: 12 finish: 1473411917 286659466 start: 1473411916 45927349
t_num: 7 finish: 1473411917 289352882 start: 1473411914 75375428
t_num: 0 finish: 1473411917 527116582 start: 1473411916 176276884
t_num: 14 finish: 1473411917 585764015 start: 1473411915 701300801
t_num: 9 finish: 1473411917 586354908 start: 1473411915 699151523
t_num: 24 finish: 1473411917 643829433 start: 1473411914 956606514
t_num: 4 finish: 1473411917 713161520 start: 1473411916 145613352
t_num: 5 finish: 1473411917 752547287 start: 1473411916 474668123
t_num: 15 finish: 1473411917 786789205 start: 1473411916 123929625
t_num: 28 finish: 1473411917 856678753 start: 1473411916 475107147
t_num: 2 finish: 1473411918 176879151 start: 1473411915 699899885
t_num: 13 finish: 1473411918 479052147 start: 1473411916 474902028
t_num: 11 finish: 1473411918 906270458 start: 1473411916 684641289
t_num: 17 finish: 1473411919 88735074 start: 1473411917 291636042
t_num: 12 finish: 1473411919 88751711 start: 1473411917 286678827
t_num: 1 finish: 1473411919 89062052 start: 1473411917 286507628
t_num: 21 finish: 1473411919 138931119 start: 1473411916 267354794
t_num: 4 finish: 1473411919 337312846 start: 1473411917 713194790
t_num: 2 finish: 1473411919 571648097 start: 1473411918 176925973
t_num: 15 finish: 1473411919 623491444 start: 1473411917 786815977
t_num: 5 finish: 1473411919 885668315 start: 1473411917 752578061
t_num: 20 finish: 1473411919 943886343 start: 1473411917 253490990
t_num: 14 finish: 1473411920 26851402 start: 1473411919 139427115
t_num: 30 finish: 1473411920 48675330 start: 1473411918 400892381
t_num: 13 finish: 1473411920 214403297 start: 1473411918 479084411
t_num: 16 finish: 1473411920 214603328 start: 1473411918 181224086
t_num: 18 finish: 1473411920 436448083 start: 1473411918 568171182
t_num: 1 finish: 1473411921 240900405 start: 1473411919 491862944
t_num: 8 finish: 1473411921 240907182 start: 1473411918 962929483
t_num: 9 finish: 1473411921 240941066 start: 1473411918 669828924
t_num: 20 finish: 1473411921 240990954 start: 1473411919 943921782
t_num: 4 finish: 1473411921 270721782 start: 1473411919 337383330
t_num: 12 finish: 1473411921 301246163 start: 1473411919 624815578
t_num: 25 finish: 1473411921 547487492 start: 1473411920 204834827
t_num: 17 finish: 1473411921 551771666 start: 1473411919 88827709
t_num: 14 finish: 1473411921 840049295 start: 1473411920 153902541
t_num: 31 finish: 1473411922 43831992 start: 1473411919 744719423
t_num: 28 finish: 1473411922 290931974 start: 1473411919 337412399
t_num: 20 finish: 1473411922 290942518 start: 1473411921 241009265
t_num: 11 finish: 1473411922 291013692 start: 1473411920 312640330
t_num: 24 finish: 1473411922 356247111 start: 1473411920 49536642
t_num: 19 finish: 1473411922 393333076 start: 1473411920 139472085
t_num: 18 finish: 1473411922 417696220 start: 1473411920 737068423
t_num: 16 finish: 1473411922 655568149 start: 1473411920 214642850
t_num: 8 finish: 1473411922 743507089 start: 1473411921 241038218
t_num: 23 finish: 1473411922 744391747 start: 1473411920 703457066
t_num: 5 finish: 1473411922 972321246 start: 1473411920 891012465
t_num: 24 finish: 1473411923 162109893 start: 1473411922 356287281
t_num: 26 finish: 1473411923 329313574 start: 1473411920 710044507
t_num: 2 finish: 1473411923 392413147 start: 1473411921 938162709
t_num: 13 finish: 1473411923 392432699 start: 1473411921 301265124
t_num: 3 finish: 1473411923 537460670 start: 1473411922 607975579
t_num: 18 finish: 1473411923 853850389 start: 1473411922 417720195
t_num: 8 finish: 1473411923 901089830 start: 1473411922 743545736
t_num: 4 finish: 1473411923 914319347 start: 1473411922 233582789
t_num: 6 finish: 1473411923 967034013 start: 1473411922 241213720
t_num: 24 finish: 1473411924 77182855 start: 1473411923 162151995
t_num: 20 finish: 1473411924 87553722 start: 1473411922 290970345
t_num: 28 finish: 1473411924 240334568 start: 1473411922 291026697
t_num: 14 finish: 1473411924 540974684 start: 1473411922 706385989
t_num: 29 finish: 1473411924 617280665 start: 1473411923 17057286
t_num: 26 finish: 1473411924 649636479 start: 1473411923 329354063
t_num: 0 finish: 1473411925 69257586 start: 1473411924 89341631
t_num: 4 finish: 1473411925 160066264 start: 1473411923 914340507
t_num: 10 finish: 1473411925 198623184 start: 1473411923 702905279
t_num: 13 finish: 1473411925 328540658 start: 1473411923 392504592
t_num: 2 finish: 1473411925 329525919 start: 1473411923 392473460
t_num: 23 finish: 1473411925 356749650 start: 1473411923 296415140
t_num: 18 finish: 1473411926 268223009 start: 1473411923 853902633
t_num: 28 finish: 1473411926 275503918 start: 1473411924 240359083
t_num: 8 finish: 1473411926 443256823 start: 1473411923 901128874
t_num: 14 finish: 1473411926 550015072 start: 1473411924 541023912
t_num: 29 finish: 1473411926 554105195 start: 1473411924 955086422
t_num: 5 finish: 1473411926 554355542 start: 1473411925 67993076
t_num: 31 finish: 1473411926 554870496 start: 1473411924 85988811
t_num: 19 finish: 1473411926 555020834 start: 1473411924 180070070
t_num: 12 finish: 1473411926 707679355 start: 1473411924 86304073
t_num: 0 finish: 1473411926 710658536 start: 1473411925 69287339
t_num: 23 finish: 1473411926 782455174 start: 1473411925 356767333
t_num: 2 finish: 1473411926 979608857 start: 1473411925 329545395
t_num: 26 finish: 1473411927 181424815 start: 1473411924 910526903
t_num: 4 finish: 1473411927 189145385 start: 1473411926 469303994
t_num: 20 finish: 1473411927 214632095 start: 1473411924 649827818
t_num: 10 finish: 1473411927 258203379 start: 1473411925 198645803
t_num: 25 finish: 1473411927 354061237 start: 1473411925 652340910
t_num: 13 finish: 1473411927 411279588 start: 1473411925 328584765
t_num: 22 finish: 1473411927 539319822 start: 1473411926 568588309
t_num: 11 finish: 1473411927 666189190 start: 1473411926 858809091
t_num: 18 finish: 1473411928 15799356 start: 1473411926 554393410
t_num: 12 finish: 1473411928 249086338 start: 1473411927 304676912
t_num: 0 finish: 1473411928 251280648 start: 1473411926 710680529
t_num: 15 finish: 1473411928 609131484 start: 1473411926 923495967
t_num: 29 finish: 1473411928 880849000 start: 1473411926 554138430
t_num: 31 finish: 1473411928 909697555 start: 1473411927 23902142
t_num: 8 finish: 1473411929 56141213 start: 1473411926 443299440
t_num: 19 finish: 1473411929 167968363 start: 1473411926 555039166
t_num: 2 finish: 1473411929 344039968 start: 1473411926 979648918
t_num: 23 finish: 1473411929 452280475 start: 1473411926 782484452
t_num: 30 finish: 1473411929 452327400 start: 1473411927 489095132
t_num: 4 finish: 1473411929 751789853 start: 1473411927 189170834
t_num: 25 finish: 1473411929 786140681 start: 1473411927 991564301
t_num: 15 finish: 1473411929 985964012 start: 1473411928 609176702
t_num: 31 finish: 1473411930 59283448 start: 1473411928 909719184
t_num: 0 finish: 1473411930 182120531 start: 1473411928 251302157
t_num: 10 finish: 1473411930 536657718 start: 1473411928 989571904
t_num: 30 finish: 1473411930 580526199 start: 1473411929 452346478
t_num: 17 finish: 1473411930 618069124 start: 1473411929 625416667
t_num: 14 finish: 1473411930 618254327 start: 1473411929 837535840
t_num: 29 finish: 1473411930 734782820 start: 1473411928 880879801
t_num: 26 finish: 1473411931 212498553 start: 1473411928 999225668
t_num: 25 finish: 1473411931 219983467 start: 1473411929 786177621
t_num: 19 finish: 1473411931 221156476 start: 1473411929 829892737
t_num: 12 finish: 1473411931 334981665 start: 1473411928 999164964
t_num: 11 finish: 1473411931 395460068 start: 1473411928 998950251
t_num: 8 finish: 1473411931 481480750 start: 1473411929 721190236
t_num: 2 finish: 1473411931 686346658 start: 1473411930 386417656
t_num: 6 finish: 1473411931 691715614 start: 1473411930 305484245
t_num: 22 finish: 1473411931 775126115 start: 1473411929 927762665
t_num: 15 finish: 1473411931 917026907 start: 1473411929 985985904
t_num: 30 finish: 1473411932 274731202 start: 1473411930 580581170
t_num: 29 finish: 1473411932 317514410 start: 1473411930 734832648
t_num: 18 finish: 1473411932 486900370 start: 1473411931 395322503
t_num: 12 finish: 1473411932 523914375 start: 1473411931 335042573
t_num: 31 finish: 1473411932 581457566 start: 1473411930 59335943
t_num: 3 finish: 1473411932 591515893 start: 1473411931 276337415
t_num: 9 finish: 1473411932 593782257 start: 1473411930 307900425
t_num: 8 finish: 1473411932 649738483 start: 1473411931 481503108
t_num: 0 finish: 1473411932 787794267 start: 1473411930 810332903
t_num: 19 finish: 1473411932 855629175 start: 1473411931 732181092
t_num: 11 finish: 1473411932 907384385 start: 1473411931 395486456
t_num: 29 finish: 1473411932 986789084 start: 1473411932 317540287
t_num: 15 finish: 1473411933 63753255 start: 1473411931 917059715
t_num: 25 finish: 1473411933 155967103 start: 1473411931 421212247
t_num: 21 finish: 1473411933 406926968 start: 1473411930 671029223
t_num: 18 finish: 1473411933 441955365 start: 1473411932 486927646
t_num: 10 finish: 1473411933 510035026 start: 1473411931 196163873
t_num: 2 finish: 1473411933 595190701 start: 1473411932 592140780
t_num: 28 finish: 1473411933 632100472 start: 1473411932 671785320
t_num: 14 finish: 1473411933 935096884 start: 1473411931 691791809
t_num: 22 finish: 1473411934 473988892 start: 1473411931 856886225
t_num: 21 finish: 1473411934 476366247 start: 1473411933 406950780
t_num: 19 finish: 1473411934 476366247 start: 1473411932 855658843
t_num: 29 finish: 1473411934 532883266 start: 1473411932 986832151
t_num: 9 finish: 1473411934 546084210 start: 1473411933 173194390
t_num: 18 finish: 1473411934 584716267 start: 1473411933 441984531
t_num: 31 finish: 1473411934 706642725 start: 1473411933 96817389
t_num: 11 finish: 1473411934 754862960 start: 1473411932 907414716
t_num: 25 finish: 1473411935 197246444 start: 1473411933 155993954
t_num: 24 finish: 1473411935 210468283 start: 1473411934 509998595
t_num: 22 finish: 1473411935 362803625 start: 1473411934 474032198
t_num: 31 finish: 1473411935 421955826 start: 1473411934 706686152
t_num: 21 finish: 1473411935 421955818 start: 1473411934 476388441
t_num: 19 finish: 1473411935 735786037 start: 1473411934 476398778
t_num: 10 finish: 1473411935 782266719 start: 1473411934 532402425
t_num: 8 finish: 1473411936 80491009 start: 1473411933 442973687
t_num: 9 finish: 1473411936 253973931 start: 1473411934 546105950
t_num: 14 finish: 1473411936 327492068 start: 1473411933 935140544
t_num: 16 finish: 1473411936 370416649 start: 1473411934 532471501
t_num: 21 finish: 1473411936 413459303 start: 1473411935 422025770
t_num: 3 finish: 1473411936 594577240 start: 1473411934 978272396
t_num: 11 finish: 1473411936 627784304 start: 1473411934 754887264
t_num: 30 finish: 1473411936 628496667 start: 1473411934 621034539
t_num: 2 finish: 1473411936 802527560 start: 1473411935 617972761
t_num: 5 finish: 1473411936 969646736 start: 1473411935 108723156
t_num: 9 finish: 1473411937 40316514 start: 1473411936 254001427
t_num: 8 finish: 1473411937 170989179 start: 1473411936 80531637
t_num: 24 finish: 1473411937 266878626 start: 1473411935 210500719
t_num: 22 finish: 1473411937 380947087 start: 1473411935 362860963
t_num: 17 finish: 1473411937 667838677 start: 1473411935 543230466
t_num: 14 finish: 1473411937 670422168 start: 1473411936 327523701
t_num: 19 finish: 1473411937 728720105 start: 1473411935 735828541
t_num: 30 finish: 1473411937 945261459 start: 1473411936 628517306
t_num: 25 finish: 1473411938 94800721 start: 1473411936 124134722
t_num: 23 finish: 1473411938 298036222 start: 1473411935 656996257
t_num: 21 finish: 1473411938 450594855 start: 1473411936 413485526
t_num: 3 finish: 1473411938 473951197 start: 1473411936 594616829
t_num: 2 finish: 1473411938 684038514 start: 1473411936 802571042
t_num: 9 finish: 1473411938 744045221 start: 1473411937 40353353
t_num: 27 finish: 1473411938 747271748 start: 1473411937 133269756
t_num: 17 finish: 1473411938 923136471 start: 1473411937 667877391
t_num: 0 finish: 1473411938 990417135 start: 1473411937 777318242
t_num: 5 finish: 1473411939 150454928 start: 1473411937 776228307
t_num: 11 finish: 1473411939 394376904 start: 1473411938 50071042
t_num: 22 finish: 1473411939 683716541 start: 1473411937 380971292
t_num: 10 finish: 1473411939 821098572 start: 1473411937 380624417
t_num: 31 finish: 1473411939 913288916 start: 1473411937 511630268
t_num: 3 finish: 1473411939 976723061 start: 1473411938 473972815
t_num: 7 finish: 1473411940 485217653 start: 1473411937 772134926
t_num: 25 finish: 1473411940 525950123 start: 1473411938 94829202
t_num: 6 finish: 1473411940 616478299 start: 1473411938 567452954
t_num: 14 finish: 1473411940 727927985 start: 1473411939 150643145
t_num: 9 finish: 1473411940 830077336 start: 1473411939 374272117
t_num: 15 finish: 1473411940 830076860 start: 1473411938 874854958
t_num: 4 finish: 1473411940 830165177 start: 1473411938 346877130
t_num: 27 finish: 1473411940 953389443 start: 1473411939 150485480
t_num: 8 finish: 1473411941 96912317 start: 1473411940 156467279
t_num: 19 finish: 1473411941 247537891 start: 1473411938 611820621
t_num: 21 finish: 1473411941 420354259 start: 1473411938 450623862
t_num: 11 finish: 1473411941 607259310 start: 1473411940 312591757
t_num: 28 finish: 1473411941 608483817 start: 1473411939 454647097
t_num: 23 finish: 1473411941 709202412 start: 1473411938 298082085
t_num: 10 finish: 1473411941 751662251 start: 1473411939 821134434
t_num: 5 finish: 1473411941 800413019 start: 1473411940 269933971
t_num: 4 finish: 1473411942 282011416 start: 1473411940 830182776
t_num: 31 finish: 1473411942 540977022 start: 1473411939 913323731
t_num: 25 finish: 1473411942 872691848 start: 1473411940 525993036
t_num: 3 finish: 1473411942 977474852 start: 1473411941 977291604
t_num: 5 finish: 1473411943 44603938 start: 1473411942 437671536
t_num: 15 finish: 1473411943 190117551 start: 1473411942 60543664
t_num: 9 finish: 1473411943 244130276 start: 1473411940 830117464
t_num: 21 finish: 1473411943 549449039 start: 1473411942 202519272
t_num: 6 finish: 1473411943 598708218 start: 1473411942 451696688
t_num: 8 finish: 1473411943 659639067 start: 1473411941 751644019
t_num: 26 finish: 1473411943 778847482 start: 1473411941 977272915
t_num: 7 finish: 1473411943 869345668 start: 1473411941 847707205
t_num: 28 finish: 1473411943 869355807 start: 1473411942 403001606
t_num: 18 finish: 1473411943 869502019 start: 1473411942 483246561
t_num: 10 finish: 1473411943 869618697 start: 1473411941 751679496
t_num: 4 finish: 1473411944 16715135 start: 1473411942 282043582
t_num: 25 finish: 1473411944 274794082 start: 1473411942 872713541
t_num: 29 finish: 1473411944 299680382 start: 1473411941 751670745
t_num: 3 finish: 1473411944 319198036 start: 1473411942 977514118
t_num: 5 finish: 1473411944 714014398 start: 1473411943 44634896
t_num: 31 finish: 1473411944 738477022 start: 1473411943 389700176
t_num: 13 finish: 1473411944 872875901 start: 1473411942 865503872
t_num: 1 finish: 1473411944 988108690 start: 1473411941 280282621
t_num: 3 finish: 1473411945 76297204 start: 1473411944 319229359
t_num: 28 finish: 1473411945 248750986 start: 1473411943 869397539
t_num: 9 finish: 1473411945 436840921 start: 1473411943 714004587
t_num: 30 finish: 1473411945 564122679 start: 1473411943 223571900
t_num: 4 finish: 1473411945 567901243 start: 1473411944 321314945
t_num: 8 finish: 1473411945 567968672 start: 1473411943 659690904
t_num: 10 finish: 1473411945 568313417 start: 1473411944 360750922
t_num: 21 finish: 1473411945 584436806 start: 1473411943 549483856
t_num: 5 finish: 1473411945 713075048 start: 1473411944 714056591
t_num: 25 finish: 1473411945 808800699 start: 1473411944 274828575
t_num: 7 finish: 1473411945 808859954 start: 1473411943 869383840
t_num: 24 finish: 1473411945 876836274 start: 1473411945 173371966
t_num: 22 finish: 1473411946 543206582 start: 1473411944 353752121
t_num: 12 finish: 1473411946 544024024 start: 1473411943 992074218
t_num: 18 finish: 1473411946 659303133 start: 1473411944 361517084
t_num: 9 finish: 1473411946 720132413 start: 1473411945 436886245
t_num: 23 finish: 1473411946 720145851 start: 1473411945 31104747
t_num: 5 finish: 1473411946 989824625 start: 1473411945 713108998
t_num: 21 finish: 1473411947 142061972 start: 1473411945 584458157
t_num: 7 finish: 1473411947 215743248 start: 1473411945 808886012
t_num: 28 finish: 1473411947 393462221 start: 1473411945 248793122
t_num: 18 finish: 1473411947 650449220 start: 1473411946 659332526
t_num: 26 finish: 1473411947 978738530 start: 1473411945 34583925
t_num: 1 finish: 1473411948 53643308 start: 1473411945 568292016
t_num: 3 finish: 1473411948 127705683 start: 1473411945 493527037
t_num: 14 finish: 1473411948 185432899 start: 1473411946 725984418
t_num: 17 finish: 1473411948 278716353 start: 1473411947 643146019
t_num: 31 finish: 1473411948 307897345 start: 1473411947 614389224
t_num: 7 finish: 1473411948 340701953 start: 1473411947 643060509
t_num: 25 finish: 1473411948 446156873 start: 1473411946 726206223
t_num: 5 finish: 1473411948 463373364 start: 1473411946 989861687
t_num: 21 finish: 1473411948 464545210 start: 1473411947 655715961
t_num: 13 finish: 1473411948 502101536 start: 1473411945 748059224
t_num: 23 finish: 1473411948 681768626 start: 1473411947 642874184
t_num: 28 finish: 1473411948 682907010 start: 1473411947 393496583
t_num: 4 finish: 1473411948 958378795 start: 1473411946 605494222
t_num: 1 finish: 1473411949 72768808 start: 1473411948 53673155
t_num: 22 finish: 1473411949 104883303 start: 1473411948 131578082
t_num: 30 finish: 1473411949 160203862 start: 1473411946 725944067
t_num: 9 finish: 1473411949 327375542 start: 1473411947 77396181
t_num: 12 finish: 1473411949 327375542 start: 1473411946 544040566
t_num: 17 finish: 1473411949 566956034 start: 1473411948 278743951
t_num: 31 finish: 1473411949 633418984 start: 1473411948 307918993
t_num: 15 finish: 1473411949 633933235 start: 1473411948 238747013
t_num: 6 finish: 1473411949 702847199 start: 1473411948 389941106
t_num: 14 finish: 1473411949 952515269 start: 1473411948 185457227
t_num: 28 finish: 1473411950 42559622 start: 1473411949 20880051
t_num: 13 finish: 1473411950 379954921 start: 1473411948 502122024
t_num: 20 finish: 1473411950 404779932 start: 1473411948 498858809
t_num: 11 finish: 1473411950 422856167 start: 1473411948 935959292
t_num: 25 finish: 1473411950 557637733 start: 1473411948 446182828
t_num: 22 finish: 1473411951 559222758 start: 1473411949 104934806
t_num: 1 finish: 1473411951 570608559 start: 1473411949 72798756
t_num: 6 finish: 1473411951 597934910 start: 1473411950 154600314
t_num: 9 finish: 1473411951 689490965 start: 1473411949 327413581
t_num: 13 finish: 1473411951 693709230 start: 1473411950 379982089
t_num: 31 finish: 1473411952 112989805 start: 1473411949 633443624
t_num: 17 finish: 1473411952 114273857 start: 1473411950 296149234
t_num: 25 finish: 1473411952 280269308 start: 1473411950 557681963
t_num: 15 finish: 1473411952 470429084 start: 1473411950 1724274
t_num: 3 finish: 1473411952 473539401 start: 1473411949 476395935
t_num: 11 finish: 1473411952 485417384 start: 1473411950 422878189
t_num: 28 finish: 1473411952 565847240 start: 1473411951 92109903
t_num: 19 finish: 1473411952 598445942 start: 1473411950 115162741
t_num: 9 finish: 1473411952 598664199 start: 1473411951 689517579
t_num: 26 finish: 1473411952 737243948 start: 1473411949 803632965
t_num: 21 finish: 1473411952 798264992 start: 1473411950 381543758
t_num: 15 finish: 1473411953 315662540 start: 1473411952 470457945
t_num: 22 finish: 1473411953 359282992 start: 1473411951 559264544
t_num: 6 finish: 1473411953 441944859 start: 1473411951 597958607
t_num: 4 finish: 1473411953 466470084 start: 1473411950 345705116
t_num: 3 finish: 1473411953 639804018 start: 1473411952 473559793
t_num: 7 finish: 1473411953 642809018 start: 1473411951 560866479
t_num: 0 finish: 1473411953 692813126 start: 1473411952 485511944
t_num: 20 finish: 1473411953 742768809 start: 1473411952 469508218
t_num: 24 finish: 1473411953 769136310 start: 1473411953 262547894
t_num: 17 finish: 1473411953 769172084 start: 1473411952 485062918
t_num: 27 finish: 1473411953 854577231 start: 1473411953 46664237
t_num: 25 finish: 1473411953 854625739 start: 1473411952 280314895
t_num: 10 finish: 1473411953 912485580 start: 1473411953 77989396
t_num: 19 finish: 1473411954 57986570 start: 1473411952 598467587
t_num: 28 finish: 1473411954 170752356 start: 1473411952 565894761
t_num: 22 finish: 1473411954 536223705 start: 1473411953 359314431
t_num: 9 finish: 1473411955 84258884 start: 1473411952 598684225
t_num: 6 finish: 1473411955 293459550 start: 1473411953 441997808
t_num: 24 finish: 1473411955 428235006 start: 1473411953 769156571
t_num: 2 finish: 1473411956 177764479 start: 1473411954 769785967
t_num: 28 finish: 1473411956 228386886 start: 1473411954 170784042
t_num: 22 finish: 1473411956 299538963 start: 1473411954 536267562
t_num: 3 finish: 1473411956 299604222 start: 1473411953 781112044
t_num: 9 finish: 1473411956 300360462 start: 1473411955 292855392
t_num: 17 finish: 1473411956 388201100 start: 1473411953 769186657
t_num: 5 finish: 1473411956 407030474 start: 1473411955 123668677
t_num: 0 finish: 1473411956 493188264 start: 1473411955 147966148
t_num: 27 finish: 1473411956 634968549 start: 1473411954 446845964
t_num: 30 finish: 1473411956 647538913 start: 1473411955 295769298
t_num: 7 finish: 1473411956 676146705 start: 1473411954 912001540
t_num: 26 finish: 1473411956 800254630 start: 1473411953 273117585
t_num: 25 finish: 1473411957 265956674 start: 1473411953 854644282
t_num: 6 finish: 1473411957 452716713 start: 1473411956 35204983
t_num: 13 finish: 1473411957 478080922 start: 1473411955 366379514
t_num: 29 finish: 1473411957 568406532 start: 1473411955 1242380
t_num: 1 finish: 1473411957 741820858 start: 1473411956 110897490
t_num: 22 finish: 1473411957 821302423 start: 1473411956 299577767
t_num: 0 finish: 1473411957 881030601 start: 1473411956 644637880
t_num: 7 finish: 1473411958 30292309 start: 1473411956 676180116
t_num: 24 finish: 1473411958 30383942 start: 1473411955 428262966
t_num: 28 finish: 1473411958 30751614 start: 1473411956 647612705
t_num: 10 finish: 1473411958 31439077 start: 1473411955 968282660
t_num: 23 finish: 1473411958 64572974 start: 1473411956 644372861
t_num: 19 finish: 1473411958 64766116 start: 1473411956 830630650
t_num: 2 finish: 1473411958 463068746 start: 1473411957 327595271
t_num: 5 finish: 1473411958 700799522 start: 1473411956 407055457
t_num: 30 finish: 1473411958 774356199 start: 1473411956 647560543
t_num: 3 finish: 1473411958 813742079 start: 1473411956 299624501
t_num: 13 finish: 1473411959 122323190 start: 1473411957 478105175
t_num: 4 finish: 1473411959 343941376 start: 1473411956 606830512
t_num: 18 finish: 1473411959 406825549 start: 1473411956 916249685
t_num: 25 finish: 1473411959 755028067 start: 1473411958 30849524
t_num: 28 finish: 1473411959 802695359 start: 1473411958 30772091
t_num: 29 finish: 1473411959 904006283 start: 1473411958 65347195
t_num: 26 finish: 1473411959 933288979 start: 1473411956 800293161
t_num: 11 finish: 1473411960 248499137 start: 1473411958 97720239
t_num: 21 finish: 1473411960 248510467 start: 1473411958 64887782
t_num: 22 finish: 1473411960 249282702 start: 1473411958 750401530
t_num: 12 finish: 1473411960 250248679 start: 1473411959 122946519
t_num: 23 finish: 1473411960 274572682 start: 1473411958 64614171
t_num: 1 finish: 1473411960 570057107 start: 1473411958 608246428
t_num: 2 finish: 1473411960 618049887 start: 1473411958 463095991
t_num: 25 finish: 1473411960 618123024 start: 1473411959 755061046
t_num: 13 finish: 1473411960 665686786 start: 1473411959 122351210
t_num: 19 finish: 1473411960 665832879 start: 1473411960 3381930
t_num: 30 finish: 1473411960 953126335 start: 1473411958 774385567
t_num: 28 finish: 1473411960 961556781 start: 1473411959 802722145
t_num: 18 finish: 1473411961 79727150 start: 1473411959 406853800
t_num: 23 finish: 1473411961 148269010 start: 1473411960 274592687
t_num: 5 finish: 1473411961 231397163 start: 1473411959 684884514
t_num: 7 finish: 1473411961 447304567 start: 1473411960 251546391
t_num: 8 finish: 1473411961 483891850 start: 1473411959 565963358
t_num: 21 finish: 1473411961 521153069 start: 1473411960 248561372
t_num: 26 finish: 1473411961 561329969 start: 1473411960 248600693
t_num: 12 finish: 1473411962 332652931 start: 1473411960 250268548
t_num: 29 finish: 1473411962 618538793 start: 1473411959 904046736
t_num: 4 finish: 1473411962 746484846 start: 1473411960 227149422
t_num: 24 finish: 1473411962 979758019 start: 1473411961 225172213
t_num: 21 finish: 1473411963 10348729 start: 1473411962 191224000
t_num: 18 finish: 1473411963 57058007 start: 1473411961 79764044
t_num: 6 finish: 1473411963 112634744 start: 1473411960 248965711
t_num: 19 finish: 1473411963 378789544 start: 1473411961 593907913
t_num: 13 finish: 1473411963 418393984 start: 1473411960 665714904
t_num: 7 finish: 1473411963 418412325 start: 1473411961 447332658
t_num: 2 finish: 1473411963 432698032 start: 1473411961 593988889
t_num: 28 finish: 1473411963 575131447 start: 1473411962 190006323
t_num: 27 finish: 1473411963 747755977 start: 1473411962 331279318
t_num: 29 finish: 1473411963 781729113 start: 1473411962 618571029
t_num: 20 finish: 1473411963 781735217 start: 1473411962 812024227
t_num: 5 finish: 1473411963 877441525 start: 1473411961 231427654
t_num: 1 finish: 1473411963 877501642 start: 1473411961 332141755
t_num: 23 finish: 1473411964 414899146 start: 1473411961 148307359
t_num: 6 finish: 1473411964 464915626 start: 1473411963 112672954
t_num: 18 finish: 1473411964 688673651 start: 1473411963 57104222
t_num: 12 finish: 1473411964 791517670 start: 1473411962 332681452
t_num: 22 finish: 1473411964 876174486 start: 1473411962 960407932
t_num: 25 finish: 1473411964 877366774 start: 1473411962 253087823
t_num: 20 finish: 1473411964 922908921 start: 1473411963 781770697
t_num: 7 finish: 1473411965 364434691 start: 1473411963 418606684
t_num: 8 finish: 1473411965 826046848 start: 1473411963 311309011
t_num: 30 finish: 1473411965 858965683 start: 1473411963 432945671
t_num: 27 finish: 1473411965 858991208 start: 1473411963 747788813
t_num: 26 finish: 1473411966 14082884 start: 1473411964 209346646
t_num: 23 finish: 1473411966 57895565 start: 1473411964 414933676
t_num: 4 finish: 1473411966 365624076 start: 1473411963 520228860
t_num: 16 finish: 1473411966 617162376 start: 1473411965 83686699
t_num: 20 finish: 1473411966 653367991 start: 1473411965 157356716
t_num: 17 finish: 1473411966 676788063 start: 1473411964 273251782
t_num: 19 finish: 1473411966 768524485 start: 1473411964 209064715
t_num: 1 finish: 1473411966 768546832 start: 1473411963 877535713
t_num: 10 finish: 1473411967 124550290 start: 1473411964 595994795
t_num: 25 finish: 1473411967 125402385 start: 1473411964 877387442
t_num: 22 finish: 1473411967 127860078 start: 1473411964 876219521
t_num: 18 finish: 1473411967 459211351 start: 1473411964 688703289
t_num: 12 finish: 1473411967 704470237 start: 1473411966 195086541
t_num: 28 finish: 1473411967 897560911 start: 1473411965 467196312
t_num: 24 finish: 1473411968 56427008 start: 1473411964 341889864
t_num: 14 finish: 1473411968 160562815 start: 1473411966 768592689
t_num: 15 finish: 1473411968 161518500 start: 1473411965 949209602
t_num: 7 finish: 1473411968 258798676 start: 1473411965 592204283
t_num: 6 finish: 1473411968 471709301 start: 1473411965 27060775
t_num: 10 finish: 1473411968 844900569 start: 1473411967 124607011
t_num: 0 finish: 1473411968 888720340 start: 1473411966 922795652
t_num: 23 finish: 1473411968 888726167 start: 1473411966 57919577
t_num: 3 finish: 1473411969 52308599 start: 1473411966 845829334
t_num: 18 finish: 1473411969 52313201 start: 1473411967 459258807
t_num: 20 finish: 1473411969 52572510 start: 1473411966 653417658
t_num: 12 finish: 1473411969 294435004 start: 1473411967 704494710
t_num: 16 finish: 1473411969 390262954 start: 1473411967 694774974
t_num: 15 finish: 1473411969 562826689 start: 1473411968 161535085
t_num: 24 finish: 1473411969 698618080 start: 1473411968 56450547
t_num: 4 finish: 1473411969 719396089 start: 1473411966 365665322
t_num: 25 finish: 1473411969 823951874 start: 1473411968 684772319
t_num: 29 finish: 1473411969 966607921 start: 1473411968 671031466
t_num: 13 finish: 1473411970 91456182 start: 1473411967 163994776
t_num: 0 finish: 1473411970 304955201 start: 1473411968 888759305
t_num: 6 finish: 1473411970 359974831 start: 1473411968 640752823
t_num: 22 finish: 1473411970 359990192 start: 1473411967 127881117
t_num: 20 finish: 1473411970 360327622 start: 1473411969 52589875
t_num: 17 finish: 1473411970 743392701 start: 1473411969 466866211
t_num: 9 finish: 1473411970 836099190 start: 1473411969 391981515
t_num: 26 finish: 1473411970 876415457 start: 1473411968 161523868
t_num: 7 finish: 1473411971 297492782 start: 1473411968 671636393
t_num: 10 finish: 1473411971 362580684 start: 1473411968 844945309
t_num: 24 finish: 1473411971 418193293 start: 1473411969 698663952
t_num: 25 finish: 1473411971 474440301 start: 1473411969 999284775
t_num: 3 finish: 1473411971 496981251 start: 1473411969 52355482
t_num: 16 finish: 1473411971 497054411 start: 1473411969 616557287
t_num: 0 finish: 1473411972 391884455 start: 1473411970 304996688
t_num: 9 finish: 1473411972 392983680 start: 1473411970 836141192
t_num: 1 finish: 1473411972 535869814 start: 1473411969 999011873
t_num: 6 finish: 1473411972 536325022 start: 1473411970 360027867
t_num: 13 finish: 1473411972 604905580 start: 1473411971 392711937
t_num: 4 finish: 1473411972 604911438 start: 1473411970 410754903
t_num: 21 finish: 1473411972 604958138 start: 1473411969 998967049
t_num: 11 finish: 1473411972 789248572 start: 1473411970 458797914
t_num: 23 finish: 1473411972 949415155 start: 1473411970 233100357
t_num: 30 finish: 1473411972 967059147 start: 1473411971 807082299
t_num: 17 finish: 1473411972 967963720 start: 1473411970 743442998
t_num: 29 finish: 1473411972 998452799 start: 1473411970 410725182
t_num: 5 finish: 1473411973 365755364 start: 1473411971 578197576
t_num: 7 finish: 1473411973 831026260 start: 1473411971 297521347
t_num: 15 finish: 1473411974 159832705 start: 1473411971 620151308
t_num: 28 finish: 1473411974 243633606 start: 1473411972 393005418
t_num: 4 finish: 1473411974 389004372 start: 1473411972 605014245
t_num: 25 finish: 1473411974 413311382 start: 1473411972 756065962
t_num: 17 finish: 1473411974 416505144 start: 1473411972 967994251
t_num: 31 finish: 1473411974 537389147 start: 1473411971 786404799
t_num: 30 finish: 1473411974 546047167 start: 1473411972 967080908
t_num: 22 finish: 1473411974 547506238 start: 1473411972 439901119
t_num: 0 finish: 1473411974 707270723 start: 1473411973 80674315
t_num: 23 finish: 1473411974 735959763 start: 1473411972 949461938
t_num: 24 finish: 1473411974 777118950 start: 1473411972 767661615
t_num: 16 finish: 1473411975 37240024 start: 1473411971 865108651
t_num: 7 finish: 1473411975 74120046 start: 1473411973 831068266
t_num: 30 finish: 1473411975 170358859 start: 1473411974 546067276
t_num: 11 finish: 1473411975 360971758 start: 1473411974 533160179
t_num: 6 finish: 1473411975 361145757 start: 1473411973 365917715
t_num: 15 finish: 1473411975 393135686 start: 1473411974 159876043
t_num: 29 finish: 1473411975 578812213 start: 1473411973 596997475
t_num: 3 finish: 1473411976 23236821 start: 1473411973 694802530
t_num: 31 finish: 1473411976 75987364 start: 1473411974 537411637
t_num: 9 finish: 1473411976 143867826 start: 1473411974 413173780
t_num: 19 finish: 1473411976 458569525 start: 1473411974 243924535
t_num: 23 finish: 1473411976 697911232 start: 1473411974 781363873
t_num: 4 finish: 1473411976 697973958 start: 1473411975 393207559
t_num: 11 finish: 1473411976 697985047 start: 1473411975 361014387
t_num: 20 finish: 1473411976 698019232 start: 1473411975 361244070
t_num: 25 finish: 1473411976 799276533 start: 1473411974 413332465
t_num: 0 finish: 1473411977 19178168 start: 1473411974 707296944
t_num: 12 finish: 1473411977 384706736 start: 1473411974 771678514
t_num: 24 finish: 1473411977 388491595 start: 1473411974 777142438
t_num: 30 finish: 1473411977 449828951 start: 1473411975 170406779
t_num: 31 finish: 1473411977 643209765 start: 1473411976 76009089
t_num: 1 finish: 1473411977 696107642 start: 1473411975 361095798
t_num: 17 finish: 1473411977 847014413 start: 1473411975 734760921
t_num: 25 finish: 1473411977 857104703 start: 1473411976 799313303
t_num: 3 finish: 1473411977 908106554 start: 1473411976 23279681
t_num: 12 finish: 1473411977 933762561 start: 1473411977 384727024
t_num: 29 finish: 1473411978 34766024 start: 1473411976 640132457
t_num: 16 finish: 1473411978 140311331 start: 1473411976 627346878
t_num: 20 finish: 1473411978 757180382 start: 1473411976 698034780
t_num: 27 finish: 1473411979 230765251 start: 1473411978 191123391
t_num: 30 finish: 1473411979 482235860 start: 1473411977 449865710
t_num: 16 finish: 1473411979 588038456 start: 1473411978 344595427
t_num: 17 finish: 1473411979 992404059 start: 1473411978 555514077
t_num: 24 finish: 1473411979 992460339 start: 1473411978 344379639
t_num: 8 finish: 1473411980 38884572 start: 1473411977 505689532
t_num: 19 finish: 1473411980 239291421 start: 1473411978 344710351
t_num: 31 finish: 1473411980 240215053 start: 1473411977 643242955
t_num: 18 finish: 1473411980 318630008 start: 1473411978 233999511
t_num: 20 finish: 1473411980 346357057 start: 1473411979 162180703
t_num: 11 finish: 1473411980 346425135 start: 1473411977 388565298
t_num: 12 finish: 1473411980 384153695 start: 1473411977 933788454
t_num: 6 finish: 1473411980 525876522 start: 1473411977 207732371
t_num: 5 finish: 1473411980 525948346 start: 1473411978 79407494
t_num: 1 finish: 1473411980 662763064 start: 1473411977 696139422
t_num: 2 finish: 1473411981 123753553 start: 1473411978 773160422
t_num: 29 finish: 1473411981 411953137 start: 1473411979 230043393
t_num: 12 finish: 1473411981 679959864 start: 1473411980 384181692
t_num: 30 finish: 1473411981 755179528 start: 1473411979 482333744
t_num: 27 finish: 1473411981 873173039 start: 1473411979 992430249
t_num: 17 finish: 1473411981 926473687 start: 1473411981 268808011
t_num: 31 finish: 1473411982 52452782 start: 1473411980 240235664
t_num: 14 finish: 1473411982 52462112 start: 1473411980 159395851
t_num: 11 finish: 1473411982 206299511 start: 1473411980 346444723
t_num: 25 finish: 1473411982 206316315 start: 1473411980 890595266
t_num: 22 finish: 1473411982 483431623 start: 1473411981 233924776
t_num: 26 finish: 1473411982 485712136 start: 1473411979 730595440
t_num: 24 finish: 1473411982 784883668 start: 1473411979 992475695
t_num: 23 finish: 1473411982 839584223 start: 1473411981 269963758
t_num: 30 finish: 1473411982 891235973 start: 1473411981 755212537
t_num: 29 finish: 1473411983 219913113 start: 1473411981 411995787
t_num: 16 finish: 1473411983 219933708 start: 1473411980 289123141
t_num: 8 finish: 1473411983 256783557 start: 1473411980 38913041
t_num: 20 finish: 1473411983 277936428 start: 1473411981 50376491
t_num: 22 finish: 1473411983 722352531 start: 1473411982 483477001
t_num: 5 finish: 1473411983 725293686 start: 1473411981 873123677
t_num: 2 finish: 1473411983 725527594 start: 1473411981 901485590
t_num: 31 finish: 1473411984 28234596 start: 1473411983 86144051
t_num: 6 finish: 1473411984 264050983 start: 1473411981 474619649
t_num: 29 finish: 1473411984 264050983 start: 1473411983 219959135
t_num: 14 finish: 1473411984 334973027 start: 1473411982 52600531
t_num: 1 finish: 1473411984 381985536 start: 1473411980 662797183
t_num: 17 finish: 1473411984 382381012 start: 1473411983 324400348
t_num: 20 finish: 1473411984 382440852 start: 1473411983 277956584
t_num: 19 finish: 1473411984 547537486 start: 1473411982 572920514
t_num: 11 finish: 1473411984 628111514 start: 1473411983 256739215
t_num: 18 finish: 1473411984 630298708 start: 1473411982 52558502
t_num: 27 finish: 1473411984 802225316 start: 1473411983 324966492
t_num: 16 finish: 1473411985 31290588 start: 1473411983 219988343
t_num: 23 finish: 1473411985 369496082 start: 1473411982 839626225
t_num: 8 finish: 1473411985 563067835 start: 1473411983 256826427
t_num: 24 finish: 1473411985 645224653 start: 1473411983 647965844
t_num: 12 finish: 1473411985 702498208 start: 1473411984 382172577
t_num: 16 finish: 1473411986 136749392 start: 1473411985 400483262
t_num: 14 finish: 1473411986 138408228 start: 1473411984 335016688
t_num: 11 finish: 1473411986 158756770 start: 1473411984 628153106
t_num: 1 finish: 1473411986 211384187 start: 1473411984 382021990
t_num: 7 finish: 1473411986 352733068 start: 1473411984 578919844
t_num: 19 finish: 1473411986 398930813 start: 1473411984 547571086
t_num: 2 finish: 1473411986 582276672 start: 1473411984 335048239
t_num: 20 finish: 1473411986 594116111 start: 1473411984 382461024
t_num: 4 finish: 1473411986 595860297 start: 1473411984 839329345
t_num: 27 finish: 1473411986 607737866 start: 1473411985 400462366
t_num: 28 finish: 1473411987 40521893 start: 1473411984 212042391
t_num: 17 finish: 1473411987 247576469 start: 1473411984 688989105
t_num: 25 finish: 1473411987 248143922 start: 1473411984 964203954
t_num: 22 finish: 1473411987 371623248 start: 1473411985 400429718
t_num: 10 finish: 1473411987 465888000 start: 1473411985 640953360
t_num: 9 finish: 1473411987 497509241 start: 1473411985 741933226
t_num: 16 finish: 1473411987 586093368 start: 1473411986 398061021
t_num: 14 finish: 1473411987 894619337 start: 1473411986 138425553
t_num: 25 finish: 1473411987 967971932 start: 1473411987 248163654
t_num: 24 finish: 1473411987 972528054 start: 1473411986 604625137
t_num: 4 finish: 1473411988 62393379 start: 1473411986 595881543
t_num: 1 finish: 1473411988 208068556 start: 1473411986 211432866
t_num: 15 finish: 1473411988 242345903 start: 1473411986 250964891
t_num: 11 finish: 1473411988 320773478 start: 1473411986 158780973
t_num: 19 finish: 1473411988 373662375 start: 1473411986 398956135
t_num: 22 finish: 1473411988 422167524 start: 1473411987 371665317
t_num: 7 finish: 1473411988 619660943 start: 1473411987 497528817
t_num: 20 finish: 1473411988 919247345 start: 1473411986 892874924
t_num: 14 finish: 1473411989 313109480 start: 1473411987 894656942
t_num: 27 finish: 1473411989 383475846 start: 1473411987 157254718
t_num: 3 finish: 1473411989 384812715 start: 1473411988 137178027
t_num: 17 finish: 1473411989 415885920 start: 1473411987 497943986
t_num: 6 finish: 1473411989 549821769 start: 1473411987 465455723
t_num: 1 finish: 1473411989 719274392 start: 1473411988 516430223
t_num: 11 finish: 1473411989 783515610 start: 1473411988 320816909
t_num: 5 finish: 1473411989 830390849 start: 1473411987 586828306
t_num: 24 finish: 1473411989 864835289 start: 1473411987 972546473
t_num: 16 finish: 1473411989 873108269 start: 1473411987 586132374
t_num: 4 finish: 1473411989 893801837 start: 1473411989 156238188
t_num: 25 finish: 1473411989 972954650 start: 1473411987 968005433
t_num: 26 finish: 1473411990 67725949 start: 1473411988 685883941
t_num: 20 finish: 1473411990 146161293 start: 1473411989 294943947
t_num: 7 finish: 1473411990 146170927 start: 1473411989 287210576
t_num: 3 finish: 1473411990 699746770 start: 1473411989 384845912
t_num: 13 finish: 1473411990 810375310 start: 1473411988 511344451
t_num: 22 finish: 1473411991 155926974 start: 1473411988 422210805
t_num: 6 finish: 1473411991 158113970 start: 1473411989 549855426
t_num: 31 finish: 1473411991 167501201 start: 1473411988 955867866
t_num: 14 finish: 1473411991 176170760 start: 1473411989 313136451
t_num: 17 finish: 1473411991 182277393 start: 1473411989 873851700
t_num: 1 finish: 1473411991 330283239 start: 1473411989 719317391
t_num: 9 finish: 1473411991 332685536 start: 1473411988 356393290
t_num: 18 finish: 1473411991 361729210 start: 1473411989 861267602
t_num: 12 finish: 1473411991 407164175 start: 1473411990 698821885
t_num: 27 finish: 1473411991 462742714 start: 1473411989 874062722
t_num: 25 finish: 1473411991 602697044 start: 1473411990 621396530
t_num: 26 finish: 1473411992 10817064 start: 1473411990 699467545
t_num: 0 finish: 1473411992 565748572 start: 1473411990 329378221
t_num: 15 finish: 1473411992 566829093 start: 1473411991 104606448
t_num: 3 finish: 1473411992 654338753 start: 1473411990 699774613
t_num: 13 finish: 1473411992 707479729 start: 1473411990 810407774
t_num: 21 finish: 1473411992 754470001 start: 1473411990 129753086
t_num: 7 finish: 1473411992 754469986 start: 1473411990 146236214
t_num: 5 finish: 1473411992 878163788 start: 1473411991 168144378
t_num: 9 finish: 1473411993 88227509 start: 1473411991 332705978
t_num: 20 finish: 1473411993 88314628 start: 1473411990 698749369
t_num: 17 finish: 1473411993 416203526 start: 1473411991 182294979
t_num: 6 finish: 1473411993 551364535 start: 1473411991 322549878
t_num: 31 finish: 1473411993 748461402 start: 1473411991 167534148
t_num: 12 finish: 1473411993 784368738 start: 1473411991 407189615
t_num: 13 finish: 1473411993 925179032 start: 1473411992 707507959
t_num: 29 finish: 1473411994 49492676 start: 1473411992 98108690
t_num: 14 finish: 1473411994 110750074 start: 1473411991 176192658
t_num: 8 finish: 1473411994 168861359 start: 1473411992 563839419
t_num: 26 finish: 1473411994 483485450 start: 1473411993 88280605
t_num: 0 finish: 1473411994 829086984 start: 1473411993 48232683
t_num: 15 finish: 1473411994 865744038 start: 1473411992 566850624
t_num: 18 finish: 1473411994 900932599 start: 1473411992 903075291
t_num: 3 finish: 1473411994 901917016 start: 1473411993 748308181
t_num: 9 finish: 1473411995 366578907 start: 1473411994 421648258
t_num: 21 finish: 1473411995 488923052 start: 1473411993 850194325
t_num: 7 finish: 1473411995 559667880 start: 1473411992 754529815
t_num: 1 finish: 1473411995 582413945 start: 1473411992 589199810
t_num: 12 finish: 1473411995 612171469 start: 1473411993 784391972
t_num: 6 finish: 1473411995 614951078 start: 1473411994 168895908
t_num: 11 finish: 1473411995 737257166 start: 1473411993 158212591
t_num: 8 finish: 1473411995 787431535 start: 1473411994 953378361
t_num: 13 finish: 1473411995 787521993 start: 1473411993 925219436
t_num: 20 finish: 1473411995 827322877 start: 1473411994 522826237
t_num: 0 finish: 1473411995 970767952 start: 1473411994 829120278
t_num: 15 finish: 1473411996 133493714 start: 1473411994 865776270
t_num: 19 finish: 1473411996 823946823 start: 1473411994 648219903
t_num: 24 finish: 1473411996 963047069 start: 1473411995 614960288
t_num: 9 finish: 1473411997 55688482 start: 1473411995 366611908
t_num: 2 finish: 1473411997 180499475 start: 1473411995 54086212
t_num: 0 finish: 1473411997 181766114 start: 1473411995 970853407
t_num: 8 finish: 1473411997 181921283 start: 1473411995 787474833
t_num: 13 finish: 1473411997 354342252 start: 1473411995 787559601
t_num: 23 finish: 1473411997 374723980 start: 1473411995 353986076
t_num: 30 finish: 1473411997 436498868 start: 1473411995 589026860
t_num: 26 finish: 1473411997 631020412 start: 1473411997 49450775
t_num: 20 finish: 1473411997 909215361 start: 1473411995 827346435
t_num: 7 finish: 1473411998 182660342 start: 1473411995 740196518
t_num: 5 finish: 1473411998 182661160 start: 1473411995 412113465
t_num: 28 finish: 1473411998 236434586 start: 1473411996 90660428
t_num: 1 finish: 1473411998 313453726 start: 1473411996 323435681
t_num: 0 finish: 1473411998 625204150 start: 1473411997 181991350
t_num: 24 finish: 1473411998 714297906 start: 1473411996 963074432
t_num: 23 finish: 1473411999 16779619 start: 1473411997 374756657
t_num: 11 finish: 1473411999 17572134 start: 1473411996 905724427
t_num: 6 finish: 1473411999 98680611 start: 1473411996 868855740
t_num: 16 finish: 1473411999 118608806 start: 1473411997 558995175
t_num: 13 finish: 1473411999 119390908 start: 1473411997 354382733
t_num: 21 finish: 1473411999 385260928 start: 1473411996 868836462
t_num: 8 finish: 1473411999 481348124 start: 1473411997 181940689
t_num: 12 finish: 1473411999 537110700 start: 1473411997 185629974
t_num: 30 finish: 1473411999 537317057 start: 1473411998 610595487
t_num: 9 finish: 1473411999 649918566 start: 1473411997 55709064
t_num: 28 finish: 1473411999 682858905 start: 1473411998 236477258
t_num: 7 finish: 1473412000 20082422 start: 1473411998 182704299
t_num: 20 finish: 1473412000 518244046 start: 1473411998 602479971
t_num: 17 finish: 1473412000 520352844 start: 1473411998 313526597
t_num: 2 finish: 1473412000 638965952 start: 1473411997 806212992
t_num: 26 finish: 1473412000 692699251 start: 1473411999 650134613
t_num: 13 finish: 1473412000 818138988 start: 1473411999 119411488
t_num: 5 finish: 1473412001 319404213 start: 1473411999 118573247
t_num: 7 finish: 1473412001 353345515 start: 1473412000 89292704
t_num: 9 finish: 1473412001 486458397 start: 1473412000 82374814
t_num: 8 finish: 1473412001 654473830 start: 1473411999 481372139
t_num: 30 finish: 1473412001 796711880 start: 1473411999 537336214
t_num: 12 finish: 1473412002 199329500 start: 1473412000 421833739
t_num: 23 finish: 1473412002 199348760 start: 1473412000 59347394
t_num: 25 finish: 1473412002 286353588 start: 1473412001 198613826
t_num: 3 finish: 1473412002 379287654 start: 1473412001 224090452
t_num: 21 finish: 1473412002 426588194 start: 1473411999 385280435
t_num: 13 finish: 1473412002 646322868 start: 1473412000 818165453
t_num: 0 finish: 1473412002 753369265 start: 1473412000 518193677
t_num: 9 finish: 1473412002 925798489 start: 1473412001 486497615
t_num: 24 finish: 1473412002 959454810 start: 1473412000 419656778
t_num: 7 finish: 1473412003 53385928 start: 1473412001 353387704
t_num: 19 finish: 1473412003 67742449 start: 1473412000 569038676
t_num: 28 finish: 1473412003 195901594 start: 1473411999 682882058
t_num: 8 finish: 1473412003 439454506 start: 1473412001 654508674
t_num: 7 finish: 1473412003 675808555 start: 1473412003 53413988
t_num: 23 finish: 1473412003 806322662 start: 1473412002 199363436
t_num: 2 finish: 1473412003 964273203 start: 1473412002 287991214
t_num: 30 finish: 1473412004 19583380 start: 1473412002 219204579
t_num: 3 finish: 1473412004 71974476 start: 1473412002 379316157
t_num: 12 finish: 1473412004 122181129 start: 1473412002 199353594
t_num: 31 finish: 1473412004 153054879 start: 1473412002 639886692
t_num: 22 finish: 1473412004 536674743 start: 1473412002 644609645
t_num: 0 finish: 1473412004 764132465 start: 1473412003 368155000
t_num: 6 finish: 1473412005 21988274 start: 1473412002 860536192
t_num: 17 finish: 1473412005 39870394 start: 1473412003 195606452
t_num: 13 finish: 1473412005 42032468 start: 1473412002 646349644
t_num: 20 finish: 1473412005 427754851 start: 1473412002 725643575
t_num: 28 finish: 1473412005 457071703 start: 1473412003 195929695
t_num: 8 finish: 1473412005 457364205 start: 1473412003 660912868
t_num: 22 finish: 1473412005 457402810 start: 1473412004 536713270
t_num: 24 finish: 1473412005 505885213 start: 1473412003 627949500
t_num: 31 finish: 1473412005 555582016 start: 1473412004 153096131
t_num: 30 finish: 1473412005 557940786 start: 1473412004 19607568
t_num: 18 finish: 1473412005 675289445 start: 1473412003 568852515
t_num: 23 finish: 1473412005 775271030 start: 1473412004 894127515
t_num: 2 finish: 1473412005 906369455 start: 1473412003 964318904
t_num: 7 finish: 1473412005 977052368 start: 1473412004 937768573
t_num: 4 finish: 1473412006 209235353 start: 1473412005 75232065
t_num: 17 finish: 1473412006 471118278 start: 1473412005 39892240
t_num: 3 finish: 1473412006 830521936 start: 1473412004 462833139
t_num: 12 finish: 1473412006 849107444 start: 1473412004 999419747
t_num: 1 finish: 1473412007 141290300 start: 1473412005 856600783
t_num: 22 finish: 1473412007 453194619 start: 1473412005 977366986
t_num: 3 finish: 1473412007 485901628 start: 1473412006 830552479
t_num: 6 finish: 1473412007 740455942 start: 1473412005 619840054
t_num: 18 finish: 1473412007 916740994 start: 1473412005 675314758
t_num: 0 finish: 1473412008 82626538 start: 1473412004 764155631
t_num: 7 finish: 1473412008 225191446 start: 1473412005 977113550
t_num: 19 finish: 1473412008 272855635 start: 1473412005 459107481
t_num: 11 finish: 1473412008 275562367 start: 1473412005 977425043
t_num: 28 finish: 1473412008 646297955 start: 1473412006 192074179
t_num: 2 finish: 1473412008 646655611 start: 1473412005 906425719
t_num: 0 finish: 1473412008 712323482 start: 1473412008 82676832
t_num: 4 finish: 1473412008 849088900 start: 1473412007 786952389
t_num: 8 finish: 1473412009 95701280 start: 1473412007 458023497
t_num: 25 finish: 1473412009 151635844 start: 1473412007 655629719
t_num: 20 finish: 1473412009 236127865 start: 1473412007 800155509
t_num: 1 finish: 1473412009 258949839 start: 1473412007 141335530
t_num: 3 finish: 1473412009 364740462 start: 1473412007 485924618
t_num: 15 finish: 1473412009 364851841 start: 1473412007 95109030
t_num: 16 finish: 1473412009 538297686 start: 1473412008 247876613
t_num: 24 finish: 1473412009 744906945 start: 1473412005 505919653
t_num: 2 finish: 1473412009 818318658 start: 1473412008 646675149
t_num: 17 finish: 1473412010 177285765 start: 1473412007 371724634
t_num: 6 finish: 1473412010 251103533 start: 1473412007 740490072
t_num: 23 finish: 1473412010 620937779 start: 1473412007 569762259
t_num: 11 finish: 1473412010 669883575 start: 1473412009 436690375
t_num: 19 finish: 1473412010 846988001 start: 1473412008 272877841
t_num: 0 finish: 1473412010 895957159 start: 1473412008 712371046
t_num: 7 finish: 1473412010 926758695 start: 1473412008 646250859
t_num: 28 finish: 1473412010 943059131 start: 1473412008 646320906
t_num: 31 finish: 1473412011 74192916 start: 1473412008 673419159
t_num: 18 finish: 1473412011 74256983 start: 1473412010 383815773
t_num: 9 finish: 1473412011 120161768 start: 1473412010 177317590
t_num: 15 finish: 1473412011 293390803 start: 1473412010 703118724
t_num: 17 finish: 1473412011 332368173 start: 1473412010 739040797
t_num: 20 finish: 1473412011 425166648 start: 1473412009 236170744
t_num: 23 finish: 1473412011 563417336 start: 1473412010 620980128
t_num: 16 finish: 1473412011 853187813 start: 1473412009 538329630
t_num: 24 finish: 1473412011 960211381 start: 1473412009 744952997
t_num: 7 finish: 1473412011 986532967 start: 1473412010 926800522
t_num: 17 finish: 1473412012 40052163 start: 1473412011 332403798
t_num: 4 finish: 1473412012 77245367 start: 1473412010 739525480
t_num: 19 finish: 1473412012 77245381 start: 1473412010 847025923
t_num: 2 finish: 1473412012 251536665 start: 1473412010 884561918
t_num: 8 finish: 1473412012 335264995 start: 1473412010 726005710
t_num: 11 finish: 1473412012 546791930 start: 1473412010 669908253
t_num: 15 finish: 1473412012 943168702 start: 1473412011 293424001
t_num: 9 finish: 1473412012 987416541 start: 1473412011 120180174
t_num: 31 finish: 1473412013 15677064 start: 1473412011 767125658
t_num: 23 finish: 1473412013 148061445 start: 1473412011 563449161
t_num: 5 finish: 1473412013 662127704 start: 1473412011 956564473
t_num: 12 finish: 1473412013 749321617 start: 1473412012 397262449
t_num: 17 finish: 1473412014 286808913 start: 1473412012 40076480
t_num: 11 finish: 1473412014 356059953 start: 1473412012 546849469
t_num: 25 finish: 1473412014 371460263 start: 1473412012 972481108
t_num: 4 finish: 1473412014 725344691 start: 1473412012 77269419
t_num: 19 finish: 1473412014 740271525 start: 1473412013 259735752
t_num: 26 finish: 1473412014 759828216 start: 1473412013 344934349
t_num: 21 finish: 1473412014 927572597 start: 1473412013 599121481
t_num: 24 finish: 1473412014 927575158 start: 1473412013 444727692
t_num: 28 finish: 1473412014 973375982 start: 1473412011 999294328
t_num: 7 finish: 1473412015 32317370 start: 1473412011 986557689
t_num: 15 finish: 1473412015 144056459 start: 1473412012 943198593
t_num: 1 finish: 1473412015 220528616 start: 1473412013 66315801
t_num: 23 finish: 1473412015 570527367 start: 1473412014 210830884
t_num: 27 finish: 1473412015 762647031 start: 1473412014 260823497
t_num: 14 finish: 1473412015 762832723 start: 1473412013 103763132
t_num: 1 finish: 1473412015 917629381 start: 1473412015 220552010
t_num: 25 finish: 1473412015 936532801 start: 1473412014 371503655
t_num: 21 finish: 1473412015 981268059 start: 1473412014 927602199
t_num: 16 finish: 1473412015 981430385 start: 1473412013 930279992
t_num: 8 finish: 1473412016 174258859 start: 1473412013 444763352
t_num: 12 finish: 1473412016 247732586 start: 1473412014 594792736
t_num: 28 finish: 1473412016 536557456 start: 1473412014 973400260
t_num: 24 finish: 1473412016 575517797 start: 1473412015 483447257
t_num: 15 finish: 1473412016 604267545 start: 1473412015 144107060
t_num: 16 finish: 1473412016 697138364 start: 1473412015 981462574
t_num: 31 finish: 1473412016 847383009 start: 1473412014 688595896
t_num: 17 finish: 1473412017 38163231 start: 1473412014 594750083
t_num: 5 finish: 1473412017 41369015 start: 1473412015 762609525
t_num: 10 finish: 1473412017 193671538 start: 1473412014 928302776
t_num: 23 finish: 1473412017 421381628 start: 1473412015 570547930
t_num: 15 finish: 1473412017 533582719 start: 1473412016 604288417
t_num: 12 finish: 1473412017 678585499 start: 1473412016 247773109
t_num: 14 finish: 1473412017 760986707 start: 1473412016 603885930
t_num: 27 finish: 1473412018 366341407 start: 1473412016 634012260
t_num: 19 finish: 1473412018 648118284 start: 1473412015 528496385
t_num: 23 finish: 1473412018 716924845 start: 1473412017 421418634
t_num: 30 finish: 1473412018 749531121 start: 1473412016 774133159
t_num: 1 finish: 1473412019 75331592 start: 1473412015 917665008
t_num: 17 finish: 1473412019 229343765 start: 1473412017 38205570
t_num: 22 finish: 1473412019 231913230 start: 1473412017 548613430
t_num: 27 finish: 1473412019 234346358 start: 1473412018 366384670
t_num: 24 finish: 1473412019 344912305 start: 1473412018 185145508
t_num: 26 finish: 1473412019 388421342 start: 1473412016 697086365
t_num: 12 finish: 1473412019 437449278 start: 1473412018 540380909
t_num: 8 finish: 1473412019 517480074 start: 1473412018 209471919
t_num: 25 finish: 1473412019 610503352 start: 1473412016 604193274
t_num: 11 finish: 1473412019 837278390 start: 1473412016 696710527
t_num: 29 finish: 1473412019 904972272 start: 1473412018 160006018
t_num: 10 finish: 1473412020 214752547 start: 1473412019 82043418
t_num: 15 finish: 1473412020 565067430 start: 1473412018 186153923
t_num: 24 finish: 1473412020 669302401 start: 1473412019 344943874
t_num: 20 finish: 1473412020 670776135 start: 1473412018 540373476
t_num: 27 finish: 1473412020 700546701 start: 1473412019 234366276
t_num: 6 finish: 1473412020 708257046 start: 1473412018 700187117
t_num: 5 finish: 1473412020 715722332 start: 1473412018 540351874
t_num: 30 finish: 1473412020 943736238 start: 1473412019 82763525
t_num: 23 finish: 1473412020 943743815 start: 1473412018 716954671
t_num: 1 finish: 1473412021 239983227 start: 1473412019 75361463
t_num: 3 finish: 1473412021 663620751 start: 1473412020 426103351
t_num: 26 finish: 1473412021 719826300 start: 1473412020 171826636
t_num: 2 finish: 1473412021 922530826 start: 1473412019 996852087
t_num: 8 finish: 1473412022 41220210 start: 1473412019 517504027
t_num: 22 finish: 1473412022 295956050 start: 1473412019 617639421
t_num: 29 finish: 1473412022 315071656 start: 1473412019 905031537
t_num: 30 finish: 1473412022 339208576 start: 1473412020 943803080
t_num: 27 finish: 1473412022 533520392 start: 1473412020 700568080
t_num: 6 finish: 1473412022 656448477 start: 1473412020 708277094
t_num: 4 finish: 1473412022 661752874 start: 1473412020 800129798
t_num: 1 finish: 1473412022 791115963 start: 1473412021 240023946
t_num: 10 finish: 1473412023 120162257 start: 1473412020 214789337
t_num: 18 finish: 1473412023 373822922 start: 1473412021 443015538
t_num: 28 finish: 1473412023 390098137 start: 1473412021 305857399
t_num: 30 finish: 1473412023 404187463 start: 1473412022 339234103
t_num: 15 finish: 1473412023 415718639 start: 1473412020 565109494
t_num: 29 finish: 1473412023 923120621 start: 1473412022 315109667
t_num: 27 finish: 1473412024 85122162 start: 1473412022 533541562
t_num: 16 finish: 1473412024 149307942 start: 1473412021 785014462
t_num: 26 finish: 1473412024 149360761 start: 1473412021 719871936
t_num: 20 finish: 1473412024 300338569 start: 1473412021 461335693
t_num: 2 finish: 1473412024 300425676 start: 1473412021 922595767
t_num: 30 finish: 1473412024 346400061 start: 1473412023 572293746
t_num: 23 finish: 1473412024 517703225 start: 1473412023 418158133
t_num: 9 finish: 1473412024 746028893 start: 1473412023 523559668
t_num: 24 finish: 1473412024 852554115 start: 1473412022 711832718
t_num: 15 finish: 1473412024 958968747 start: 1473412023 415737599
t_num: 16 finish: 1473412025 10227758 start: 1473412024 149331331
t_num: 2 finish: 1473412025 27814585 start: 1473412024 300445049
t_num: 11 finish: 1473412025 52690552 start: 1473412022 911478305
t_num: 8 finish: 1473412025 53235394 start: 1473412023 299498873
t_num: 4 finish: 1473412025 217691993 start: 1473412023 149229697
t_num: 18 finish: 1473412025 283507649 start: 1473412023 373861609
t_num: 23 finish: 1473412025 591419098 start: 1473412024 517744000
t_num: 26 finish: 1473412025 591711845 start: 1473412024 149380007
t_num: 7 finish: 1473412026 16177203 start: 1473412023 572320964
t_num: 30 finish: 1473412026 202945827 start: 1473412024 346423075
t_num: 15 finish: 1473412026 276060149 start: 1473412024 958997871
t_num: 14 finish: 1473412026 320396874 start: 1473412025 217746369
t_num: 4 finish: 1473412026 527213618 start: 1473412025 217718775
t_num: 24 finish: 1473412026 527259343 start: 1473412024 852610061
t_num: 22 finish: 1473412026 624652401 start: 1473412025 128409457
t_num: 25 finish: 1473412026 624776590 start: 1473412024 860095256
t_num: 1 finish: 1473412026 679744351 start: 1473412025 134987720
t_num: 11 finish: 1473412026 874169865 start: 1473412025 52709924
t_num: 7 finish: 1473412027 406904904 start: 1473412026 16206047
t_num: 31 finish: 1473412027 438888120 start: 1473412025 892210777
t_num: 9 finish: 1473412027 438890364 start: 1473412024 746062645
t_num: 19 finish: 1473412027 541974834 start: 1473412024 852591749
t_num: 18 finish: 1473412027 558146237 start: 1473412026 169513568
t_num: 20 finish: 1473412027 558149981 start: 1473412025 580548170
t_num: 26 finish: 1473412027 834240954 start: 1473412025 950747834
t_num: 23 finish: 1473412027 880944664 start: 1473412025 591465385
t_num: 8 finish: 1473412027 881616101 start: 1473412025 53249354
t_num: 29 finish: 1473412028 119096736 start: 1473412025 511528039
t_num: 0 finish: 1473412028 308232667 start: 1473412026 633062596
t_num: 31 finish: 1473412028 308487239 start: 1473412027 438913952
t_num: 22 finish: 1473412028 650868827 start: 1473412026 624695958
t_num: 14 finish: 1473412028 651519091 start: 1473412026 320423268
t_num: 11 finish: 1473412028 942226363 start: 1473412027 235051515
t_num: 16 finish: 1473412029 68827207 start: 1473412026 275395109
t_num: 29 finish: 1473412029 380300973 start: 1473412028 618443353
t_num: 25 finish: 1473412029 453782924 start: 1473412027 230776465
t_num: 0 finish: 1473412029 453816559 start: 1473412028 308284441
t_num: 30 finish: 1473412029 453854680 start: 1473412026 203003809
t_num: 18 finish: 1473412029 498184926 start: 1473412027 558184687
t_num: 7 finish: 1473412029 636576110 start: 1473412027 406936919
t_num: 19 finish: 1473412030 109585037 start: 1473412027 542013607
t_num: 23 finish: 1473412030 167186390 start: 1473412027 880983893
t_num: 31 finish: 1473412030 208312395 start: 1473412028 308506296
t_num: 28 finish: 1473412030 744021069 start: 1473412028 650931003
t_num: 15 finish: 1473412030 778900399 start: 1473412027 658020280
t_num: 30 finish: 1473412031 22888857 start: 1473412029 453869234
t_num: 12 finish: 1473412031 88148135 start: 1473412029 939949568
t_num: 8 finish: 1473412031 99066880 start: 1473412029 165712534
t_num: 7 finish: 1473412031 200444425 start: 1473412029 636606921
t_num: 16 finish: 1473412031 439661273 start: 1473412029 691360645
t_num: 14 finish: 1473412031 483791478 start: 1473412029 627490995
t_num: 29 finish: 1473412031 514930481 start: 1473412029 380329940
t_num: 21 finish: 1473412031 982786178 start: 1473412029 497576207
t_num: 10 finish: 1473412032 62921520 start: 1473412030 778819721
t_num: 4 finish: 1473412032 88361417 start: 1473412029 166951145
t_num: 6 finish: 1473412032 255744764 start: 1473412030 528006163
t_num: 25 finish: 1473412032 336999907 start: 1473412029 828328208
t_num: 17 finish: 1473412032 778755238 start: 1473412029 629042573
t_num: 18 finish: 1473412033 149503951 start: 1473412030 752737797
t_num: 16 finish: 1473412033 161434298 start: 1473412031 439692325
t_num: 26 finish: 1473412033 395796723 start: 1473412031 175771053
t_num: 5 finish: 1473412033 430368159 start: 1473412032 406977446
t_num: 21 finish: 1473412033 430529538 start: 1473412032 412110714
t_num: 13 finish: 1473412033 539817815 start: 1473412030 873246605
t_num: 28 finish: 1473412033 542196211 start: 1473412030 744054366
t_num: 4 finish: 1473412033 599896958 start: 1473412032 88386656
t_num: 30 finish: 1473412033 717243282 start: 1473412031 22933150
t_num: 14 finish: 1473412034 287584932 start: 1473412032 862141410
t_num: 8 finish: 1473412034 292399286 start: 1473412032 836925028
t_num: 25 finish: 1473412034 295323329 start: 1473412032 337033030
t_num: 7 finish: 1473412034 331366480 start: 1473412031 200483080
t_num: 29 finish: 1473412034 353074367 start: 1473412031 514975056
t_num: 20 finish: 1473412034 673228088 start: 1473412032 411740595
t_num: 12 finish: 1473412034 899167605 start: 1473412032 396616814
t_num: 0 finish: 1473412035 80114176 start: 1473412032 893014437
t_num: 28 finish: 1473412035 131889914 start: 1473412033 542217151
t_num: 16 finish: 1473412035 198583938 start: 1473412033 161454841
t_num: 23 finish: 1473412035 385761520 start: 1473412033 544358423
t_num: 29 finish: 1473412035 440079933 start: 1473412034 353093910
t_num: 30 finish: 1473412035 498474508 start: 1473412034 2288724
t_num: 13 finish: 1473412035 498771310 start: 1473412033 539858877
t_num: 27 finish: 1473412035 498869226 start: 1473412033 386026358
t_num: 4 finish: 1473412035 629901000 start: 1473412034 111622907
t_num: 15 finish: 1473412035 679194376 start: 1473412033 600005324
t_num: 18 finish: 1473412035 869825538 start: 1473412033 599955810
t_num: 14 finish: 1473412036 6740010 start: 1473412034 287627576
t_num: 1 finish: 1473412036 123124606 start: 1473412034 570819508
t_num: 19 finish: 1473412036 123167203 start: 1473412034 111564104
t_num: 6 finish: 1473412036 123253171 start: 1473412034 672041228
t_num: 12 finish: 1473412036 240671239 start: 1473412034 899202900
t_num: 27 finish: 1473412037 19868109 start: 1473412035 498888263
t_num: 13 finish: 1473412037 408323341 start: 1473412035 498791286
t_num: 18 finish: 1473412037 436471285 start: 1473412035 869848423
t_num: 20 finish: 1473412037 534813718 start: 1473412034 673269682
t_num: 23 finish: 1473412037 572601842 start: 1473412035 385816630
t_num: 3 finish: 1473412037 712997551 start: 1473412035 914652677
t_num: 5 finish: 1473412037 775606303 start: 1473412034 352289727
t_num: 16 finish: 1473412037 964617544 start: 1473412035 867945217
t_num: 19 finish: 1473412038 214250591 start: 1473412036 123180180
t_num: 9 finish: 1473412038 215350243 start: 1473412036 965814766
t_num: 8 finish: 1473412038 215609466 start: 1473412036 859101692
t_num: 4 finish: 1473412038 321391406 start: 1473412036 235988225
t_num: 28 finish: 1473412038 442235472 start: 1473412035 952122198
t_num: 30 finish: 1473412038 605947839 start: 1473412035 498518043
t_num: 6 finish: 1473412038 624508847 start: 1473412036 123270937
t_num: 3 finish: 1473412038 624589433 start: 1473412037 713027009
t_num: 21 finish: 1473412038 664034007 start: 1473412036 855300007
t_num: 13 finish: 1473412038 765266766 start: 1473412037 408368559
t_num: 2 finish: 1473412038 765580801 start: 1473412037 696543781
t_num: 24 finish: 1473412038 794094538 start: 1473412036 597421044
t_num: 12 finish: 1473412039 298905720 start: 1473412036 240697931
t_num: 20 finish: 1473412039 304073270 start: 1473412037 914565402
t_num: 27 finish: 1473412039 456962484 start: 1473412037 19895599
t_num: 5 finish: 1473412039 489972865 start: 1473412037 775640763
t_num: 22 finish: 1473412039 522879011 start: 1473412037 933606772
t_num: 4 finish: 1473412039 544144892 start: 1473412038 321454980
t_num: 15 finish: 1473412039 602189744 start: 1473412037 644596173
t_num: 6 finish: 1473412039 773734641 start: 1473412038 624549927
t_num: 16 finish: 1473412039 999247036 start: 1473412037 964654187
t_num: 19 finish: 1473412040 228897473 start: 1473412038 514479794
t_num: 28 finish: 1473412040 795663373 start: 1473412038 793415008
t_num: 30 finish: 1473412040 795663366 start: 1473412038 605986988
t_num: 24 finish: 1473412040 827493045 start: 1473412038 794148379
t_num: 8 finish: 1473412040 828261524 start: 1473412038 967242444
t_num: 16 finish: 1473412040 980237132 start: 1473412039 999277734
t_num: 27 finish: 1473412040 980241894 start: 1473412039 549442746
t_num: 2 finish: 1473412041 9966815 start: 1473412038 765605829
t_num: 18 finish: 1473412041 570360188 start: 1473412039 304863614
t_num: 26 finish: 1473412041 636857243 start: 1473412040 228239531
t_num: 4 finish: 1473412041 749215124 start: 1473412039 544165169
t_num: 20 finish: 1473412041 755501391 start: 1473412039 501711013
t_num: 7 finish: 1473412041 776893957 start: 1473412039 106674909
t_num: 15 finish: 1473412041 953855321 start: 1473412040 980293629
t_num: 5 finish: 1473412041 957326359 start: 1473412040 795873209
t_num: 3 finish: 1473412042 55269676 start: 1473412039 916908973
t_num: 31 finish: 1473412042 123518947 start: 1473412040 144465179
t_num: 6 finish: 1473412042 156449591 start: 1473412040 692818500
t_num: 12 finish: 1473412042 290892935 start: 1473412040 951329810
t_num: 1 finish: 1473412042 330845998 start: 1473412039 760089154
t_num: 17 finish: 1473412042 420638181 start: 1473412041 563289415
t_num: 8 finish: 1473412042 423754423 start: 1473412040 828282950
t_num: 2 finish: 1473412042 434893614 start: 1473412041 9990286
t_num: 28 finish: 1473412042 737645710 start: 1473412040 861123862
t_num: 29 finish: 1473412042 841249443 start: 1473412041 47354322
t_num: 30 finish: 1473412042 841316311 start: 1473412040 795841134
t_num: 18 finish: 1473412043 48882914 start: 1473412041 570385641
t_num: 4 finish: 1473412043 114432163 start: 1473412041 749259000
t_num: 26 finish: 1473412043 277602297 start: 1473412041 636959047
t_num: 16 finish: 1473412043 572790953 start: 1473412041 251230708
t_num: 11 finish: 1473412043 774740152 start: 1473412042 420594283
t_num: 1 finish: 1473412044 73511991 start: 1473412042 330871915
t_num: 2 finish: 1473412044 172573041 start: 1473412042 434914777
t_num: 12 finish: 1473412044 499274637 start: 1473412042 922268484
t_num: 15 finish: 1473412044 500060997 start: 1473412042 330044995
t_num: 3 finish: 1473412044 545755555 start: 1473412042 55293888
t_num: 21 finish: 1473412044 572613350 start: 1473412043 207867746
t_num: 29 finish: 1473412044 586735208 start: 1473412043 48823155
t_num: 6 finish: 1473412044 586744090 start: 1473412042 156495683
t_num: 25 finish: 1473412044 674529657 start: 1473412043 267107096
t_num: 5 finish: 1473412044 750003139 start: 1473412041 957348428
t_num: 30 finish: 1473412044 750006617 start: 1473412043 574119646
t_num: 31 finish: 1473412044 750223693 start: 1473412042 903054988
t_num: 7 finish: 1473412044 795841880 start: 1473412042 419548373
t_num: 18 finish: 1473412044 795845846 start: 1473412043 48904164
t_num: 0 finish: 1473412045 700015755 start: 1473412043 713097631
t_num: 2 finish: 1473412045 747253160 start: 1473412044 172608495
t_num: 16 finish: 1473412045 762863809 start: 1473412043 572826985
t_num: 26 finish: 1473412045 772159637 start: 1473412043 277631437
t_num: 22 finish: 1473412045 920030706 start: 1473412044 357436517
t_num: 14 finish: 1473412046 213730719 start: 1473412043 887015461
t_num: 24 finish: 1473412046 279726780 start: 1473412044 306012540
t_num: 25 finish: 1473412046 279920292 start: 1473412044 674567233
t_num: 12 finish: 1473412046 333924056 start: 1473412044 499311858
t_num: 21 finish: 1473412046 444258718 start: 1473412044 796002560
t_num: 31 finish: 1473412046 793683632 start: 1473412045 734543819
t_num: 4 finish: 1473412047 60317746 start: 1473412044 523129900
t_num: 15 finish: 1473412047 60425245 start: 1473412044 500090342
t_num: 18 finish: 1473412047 61242312 start: 1473412045 698812641
t_num: 29 finish: 1473412047 480386827 start: 1473412044 586763653
t_num: 13 finish: 1473412047 485485535 start: 1473412045 875741014
t_num: 2 finish: 1473412047 526225793 start: 1473412045 747283571
t_num: 6 finish: 1473412047 650396278 start: 1473412045 842140805
t_num: 5 finish: 1473412047 685037236 start: 1473412044 750041055
t_num: 24 finish: 1473412047 685102503 start: 1473412046 279752855
t_num: 11 finish: 1473412047 709968390 start: 1473412045 759980777
t_num: 7 finish: 1473412047 765769630 start: 1473412045 762970897
t_num: 22 finish: 1473412047 853164727 start: 1473412047 446545660
t_num: 10 finish: 1473412047 862666966 start: 1473412045 875146755
t_num: 9 finish: 1473412047 980859052 start: 1473412045 875717568
t_num: 26 finish: 1473412048 55940006 start: 1473412045 772180338
t_num: 16 finish: 1473412048 100029492 start: 1473412046 279485385
t_num: 0 finish: 1473412048 100032329 start: 1473412046 279522314
t_num: 15 finish: 1473412048 283013692 start: 1473412047 60457611
t_num: 31 finish: 1473412048 420840265 start: 1473412046 793747049
t_num: 23 finish: 1473412048 464641136 start: 1473412046 689156054
t_num: 20 finish: 1473412048 560601403 start: 1473412046 795102474
t_num: 13 finish: 1473412048 869390688 start: 1473412048 131205247
t_num: 4 finish: 1473412049 33928550 start: 1473412047 60359628
t_num: 19 finish: 1473412049 35640486 start: 1473412047 541880227
t_num: 10 finish: 1473412049 414352003 start: 1473412047 862706255
t_num: 18 finish: 1473412049 463875118 start: 1473412047 526187664
t_num: 7 finish: 1473412049 499335750 start: 1473412048 30990732
t_num: 29 finish: 1473412049 499353632 start: 1473412047 988119609
t_num: 2 finish: 1473412049 524163070 start: 1473412048 131909558
t_num: 22 finish: 1473412049 524610705 start: 1473412047 853210149
t_num: 5 finish: 1473412049 840828153 start: 1473412048 131956595
t_num: 9 finish: 1473412050 41922555 start: 1473412047 980881720
t_num: 6 finish: 1473412050 104744020 start: 1473412048 134265131
t_num: 8 finish: 1473412050 222957248 start: 1473412048 425576414
t_num: 12 finish: 1473412050 279607722 start: 1473412049 818334720
t_num: 21 finish: 1473412050 611616865 start: 1473412048 766658277
t_num: 22 finish: 1473412050 665697899 start: 1473412049 524628861
t_num: 7 finish: 1473412050 820107772 start: 1473412049 499378055
t_num: 16 finish: 1473412050 842483449 start: 1473412048 100075888
t_num: 27 finish: 1473412050 925296873 start: 1473412049 261762175
t_num: 31 finish: 1473412050 966805281 start: 1473412049 262539778
t_num: 4 finish: 1473412051 5326637 start: 1473412049 389046242
t_num: 9 finish: 1473412051 266590362 start: 1473412050 41985100
t_num: 6 finish: 1473412051 278216857 start: 1473412050 104775379
t_num: 13 finish: 1473412051 278226406 start: 1473412049 524126435
t_num: 12 finish: 1473412051 313515969 start: 1473412050 279646191
t_num: 19 finish: 1473412051 482982042 start: 1473412049 35662086
t_num: 11 finish: 1473412051 540721476 start: 1473412048 998485811
t_num: 23 finish: 1473412051 868338887 start: 1473412050 104921860
t_num: 18 finish: 1473412051 868369958 start: 1473412049 463898824
t_num: 8 finish: 1473412051 868717351 start: 1473412050 222987215
t_num: 5 finish: 1473412051 889670190 start: 1473412050 554103985
t_num: 2 finish: 1473412052 22403325 start: 1473412050 809596585
t_num: 26 finish: 1473412052 816827913 start: 1473412050 342427157
t_num: 22 finish: 1473412052 853116291 start: 1473412050 665722789
t_num: 28 finish: 1473412052 855721298 start: 1473412051 4986337
t_num: 19 finish: 1473412053 298473034 start: 1473412051 483024424
t_num: 29 finish: 1473412053 726149461 start: 1473412051 183365922
t_num: 12 finish: 1473412053 765413466 start: 1473412051 313534207
t_num: 18 finish: 1473412053 766130494 start: 1473412051 868387069
t_num: 9 finish: 1473412053 840930882 start: 1473412051 266615438
t_num: 15 finish: 1473412054 204655006 start: 1473412052 721300530
t_num: 16 finish: 1473412054 328445258 start: 1473412051 231998466
t_num: 22 finish: 1473412054 334200012 start: 1473412052 853152404
t_num: 21 finish: 1473412054 384906793 start: 1473412052 134547148
t_num: 5 finish: 1473412054 487766054 start: 1473412051 889688030
t_num: 6 finish: 1473412054 595712183 start: 1473412052 356737999
t_num: 4 finish: 1473412054 595752128 start: 1473412051 540787683
t_num: 2 finish: 1473412054 596113261 start: 1473412052 22429812
t_num: 30 finish: 1473412054 597876831 start: 1473412052 891956918
t_num: 23 finish: 1473412054 653362014 start: 1473412051 868368097
t_num: 24 finish: 1473412055 288573381 start: 1473412052 862176169
t_num: 17 finish: 1473412055 346811560 start: 1473412052 860041051
t_num: 11 finish: 1473412055 500001913 start: 1473412051 540756681
t_num: 26 finish: 1473412055 725133859 start: 1473412053 805098664
t_num: 28 finish: 1473412055 725169008 start: 1473412053 775861454
t_num: 14 finish: 1473412055 725136419 start: 1473412054 525807596
t_num: 19 finish: 1473412055 832551826 start: 1473412054 566581744
t_num: 4 finish: 1473412055 854384770 start: 1473412054 927081184
t_num: 15 finish: 1473412055 876441809 start: 1473412054 204698351
t_num: 8 finish: 1473412055 921045928 start: 1473412053 766179569
t_num: 22 finish: 1473412055 921089238 start: 1473412055 283052256
t_num: 5 finish: 1473412056 111327579 start: 1473412055 346738532
t_num: 12 finish: 1473412056 281412759 start: 1473412054 252323265
t_num: 23 finish: 1473412056 343935334 start: 1473412055 347732045
t_num: 6 finish: 1473412056 493739658 start: 1473412055 153519382
t_num: 10 finish: 1473412056 494306988 start: 1473412055 499151667
t_num: 9 finish: 1473412056 600562941 start: 1473412054 926409578
t_num: 2 finish: 1473412056 830373466 start: 1473412054 596133168
t_num: 21 finish: 1473412056 830429604 start: 1473412055 346755755
t_num: 30 finish: 1473412057 116274445 start: 1473412055 347745260
t_num: 7 finish: 1473412057 339883201 start: 1473412055 655939747
t_num: 11 finish: 1473412057 621430694 start: 1473412055 771795966
t_num: 9 finish: 1473412057 678625137 start: 1473412056 600601904
t_num: 6 finish: 1473412057 679185860 start: 1473412056 843372606
t_num: 25 finish: 1473412057 767078904 start: 1473412055 368163345
t_num: 14 finish: 1473412057 995293410 start: 1473412055 725234985
t_num: 21 finish: 1473412058 143934181 start: 1473412056 830442635
t_num: 12 finish: 1473412058 302106644 start: 1473412056 312746384
t_num: 28 finish: 1473412058 602129882 start: 1473412056 296595466
t_num: 19 finish: 1473412058 724906385 start: 1473412055 832595775
t_num: 30 finish: 1473412058 726070616 start: 1473412057 116313492
t_num: 2 finish: 1473412058 881589910 start: 1473412056 830412940
t_num: 10 finish: 1473412059 384912712 start: 1473412057 639401397
t_num: 5 finish: 1473412059 384925554 start: 1473412057 631649981
t_num: 7 finish: 1473412059 437116701 start: 1473412058 143942072
t_num: 11 finish: 1473412059 704996206 start: 1473412058 441763995
t_num: 19 finish: 1473412059 864312313 start: 1473412058 724938437
t_num: 4 finish: 1473412059 865103480 start: 1473412056 817873637
t_num: 13 finish: 1473412059 907816549 start: 1473412057 308690042
t_num: 25 finish: 1473412059 907913637 start: 1473412058 588631843
t_num: 22 finish: 1473412060 276354702 start: 1473412056 966237699
t_num: 26 finish: 1473412060 378194201 start: 1473412058 871222948
t_num: 15 finish: 1473412060 964275319 start: 1473412058 273229178
t_num: 18 finish: 1473412060 964860637 start: 1473412059 803186307
t_num: 2 finish: 1473412061 97014233 start: 1473412058 881616175
t_num: 22 finish: 1473412061 110021406 start: 1473412060 276401098
t_num: 21 finish: 1473412061 170211235 start: 1473412059 783242576
t_num: 28 finish: 1473412061 255125892 start: 1473412058 602167222
t_num: 3 finish: 1473412061 334677963 start: 1473412058 128132947
t_num: 1 finish: 1473412061 336481899 start: 1473412059 105453383
t_num: 7 finish: 1473412061 485331464 start: 1473412059 751850296
t_num: 11 finish: 1473412061 669006920 start: 1473412059 705088410
t_num: 10 finish: 1473412061 669089339 start: 1473412059 708992068
t_num: 30 finish: 1473412061 982981562 start: 1473412058 726091640
t_num: 6 finish: 1473412062 236435014 start: 1473412059 184429843
t_num: 15 finish: 1473412062 465476945 start: 1473412060 964315324
t_num: 16 finish: 1473412062 605809323 start: 1473412061 283456003
t_num: 26 finish: 1473412062 725258466 start: 1473412060 378269807
t_num: 22 finish: 1473412062 725846897 start: 1473412061 110043600
t_num: 13 finish: 1473412063 242334360 start: 1473412061 899491686
t_num: 28 finish: 1473412063 242463489 start: 1473412061 255163490
t_num: 19 finish: 1473412063 244764725 start: 1473412059 864344844
t_num: 18 finish: 1473412063 430707359 start: 1473412060 964874986
t_num: 25 finish: 1473412063 550006926 start: 1473412061 283483314
t_num: 31 finish: 1473412063 920187550 start: 1473412061 169388933
t_num: 22 finish: 1473412063 920579082 start: 1473412062 725866952
t_num: 9 finish: 1473412063 920755950 start: 1473412061 283437936
t_num: 11 finish: 1473412064 510394402 start: 1473412061 669044596
t_num: 15 finish: 1473412064 510394552 start: 1473412062 981752706
t_num: 5 finish: 1473412064 554189529 start: 1473412061 900286820
t_num: 30 finish: 1473412064 690946176 start: 1473412061 983013952
t_num: 17 finish: 1473412064 727198284 start: 1473412061 688953284
t_num: 13 finish: 1473412064 924963827 start: 1473412063 621703914
t_num: 24 finish: 1473412064 925168059 start: 1473412063 245587757
t_num: 28 finish: 1473412064 990238191 start: 1473412063 242483138
t_num: 2 finish: 1473412065 126593812 start: 1473412062 522042223
t_num: 16 finish: 1473412065 184080429 start: 1473412062 605844059
t_num: 15 finish: 1473412065 498107291 start: 1473412064 510465201
t_num: 22 finish: 1473412065 498951686 start: 1473412064 541523311
t_num: 18 finish: 1473412065 500096006 start: 1473412063 430770332
t_num: 6 finish: 1473412065 500367083 start: 1473412063 128037170
t_num: 11 finish: 1473412065 537998326 start: 1473412064 924693747
t_num: 4 finish: 1473412065 581302505 start: 1473412064 636611231
t_num: 20 finish: 1473412066 10872880 start: 1473412063 685961723
t_num: 26 finish: 1473412066 438548722 start: 1473412063 895778806
t_num: 0 finish: 1473412066 552209837 start: 1473412063 990278787
t_num: 13 finish: 1473412066 686259550 start: 1473412064 924990983
t_num: 15 finish: 1473412067 259440650 start: 1473412065 498150262
t_num: 6 finish: 1473412067 288073701 start: 1473412065 885710718
t_num: 18 finish: 1473412067 306569932 start: 1473412065 734228376
t_num: 2 finish: 1473412067 308010781 start: 1473412065 500168409
t_num: 5 finish: 1473412067 434938816 start: 1473412064 554212972
t_num: 9 finish: 1473412067 465237386 start: 1473412065 951206620
t_num: 3 finish: 1473412067 465250081 start: 1473412064 990478536
t_num: 11 finish: 1473412067 465379756 start: 1473412065 778868288
t_num: 16 finish: 1473412067 553971155 start: 1473412065 184123480
t_num: 24 finish: 1473412067 554014297 start: 1473412065 931590620
t_num: 4 finish: 1473412067 654712449 start: 1473412065 674266728
t_num: 29 finish: 1473412067 725685678 start: 1473412066 97111351
t_num: 31 finish: 1473412067 770094356 start: 1473412065 86449680
t_num: 12 finish: 1473412067 841124048 start: 1473412065 212452022
t_num: 0 finish: 1473412067 875590898 start: 1473412066 552252688
t_num: 28 finish: 1473412067 875716576 start: 1473412064 990261928
t_num: 20 finish: 1473412067 960748134 start: 1473412066 709906709
t_num: 14 finish: 1473412068 302523361 start: 1473412067 283834456
t_num: 27 finish: 1473412068 377237652 start: 1473412067 307467673
t_num: 18 finish: 1473412068 460432433 start: 1473412067 306590700
t_num: 26 finish: 1473412068 835786244 start: 1473412067 500239901
t_num: 5 finish: 1473412068 885018313 start: 1473412067 434982563
t_num: 13 finish: 1473412068 931159172 start: 1473412067 300301109
t_num: 15 finish: 1473412069 92715502 start: 1473412067 259462385
t_num: 19 finish: 1473412069 183278236 start: 1473412066 716733502
t_num: 12 finish: 1473412069 239547197 start: 1473412067 841155093
t_num: 16 finish: 1473412069 309627511 start: 1473412068 251073892
t_num: 23 finish: 1473412069 366461675 start: 1473412067 773529853
t_num: 2 finish: 1473412069 780985295 start: 1473412068 161211736
t_num: 31 finish: 1473412070 30193590 start: 1473412067 770130935
t_num: 0 finish: 1473412070 103012678 start: 1473412067 875616554
t_num: 12 finish: 1473412070 201554169 start: 1473412069 239580351
t_num: 15 finish: 1473412070 421043079 start: 1473412069 92764039
t_num: 28 finish: 1473412070 488110513 start: 1473412067 875736796
t_num: 13 finish: 1473412070 575923719 start: 1473412068 931178679
t_num: 27 finish: 1473412070 585675957 start: 1473412069 372042631
t_num: 23 finish: 1473412070 590909237 start: 1473412069 822851290
t_num: 5 finish: 1473412070 786509584 start: 1473412068 885046693
t_num: 16 finish: 1473412070 979265420 start: 1473412069 309661048
t_num: 9 finish: 1473412070 999364883 start: 1473412068 931171817
t_num: 21 finish: 1473412070 999389314 start: 1473412068 835660996
t_num: 7 finish: 1473412071 131558143 start: 1473412069 401410400
t_num: 3 finish: 1473412071 558577983 start: 1473412068 377300493
t_num: 1 finish: 1473412071 628387414 start: 1473412070 179450770
t_num: 4 finish: 1473412071 765309238 start: 1473412069 368992500
t_num: 16 finish: 1473412072 19337528 start: 1473412070 979309915
t_num: 30 finish: 1473412072 37324761 start: 1473412070 574505805
t_num: 0 finish: 1473412072 123008167 start: 1473412071 60503
t_num: 2 finish: 1473412072 226240902 start: 1473412070 349342811
t_num: 14 finish: 1473412072 571200235 start: 1473412070 314256348
t_num: 22 finish: 1473412072 605224865 start: 1473412071 131593116
t_num: 15 finish: 1473412072 878444056 start: 1473412071 328885713
t_num: 31 finish: 1473412072 904737757 start: 1473412070 30228799
t_num: 29 finish: 1473412072 916128408 start: 1473412071 34267214
t_num: 16 finish: 1473412073 69266139 start: 1473412072 492769865
t_num: 27 finish: 1473412073 70012402 start: 1473412070 585694986
t_num: 1 finish: 1473412073 401781913 start: 1473412071 628421883
t_num: 21 finish: 1473412073 402030176 start: 1473412070 999406266
t_num: 9 finish: 1473412073 496715373 start: 1473412070 999391594
t_num: 12 finish: 1473412073 497085205 start: 1473412071 831732261
t_num: 10 finish: 1473412074 163601415 start: 1473412072 330579961
t_num: 28 finish: 1473412074 201315595 start: 1473412071 328558716
t_num: 14 finish: 1473412074 490657817 start: 1473412072 571241602
t_num: 15 finish: 1473412074 559336769 start: 1473412072 878484559
t_num: 0 finish: 1473412074 660863350 start: 1473412072 949398188
t_num: 29 finish: 1473412074 723946086 start: 1473412073 496840800
t_num: 7 finish: 1473412075 100059501 start: 1473412073 191769935
t_num: 21 finish: 1473412075 101172119 start: 1473412073 402050410
t_num: 11 finish: 1473412075 125842435 start: 1473412073 882838697
t_num: 22 finish: 1473412075 270377092 start: 1473412072 605258608
t_num: 24 finish: 1473412075 359044322 start: 1473412072 962022968
t_num: 5 finish: 1473412075 359053288 start: 1473412072 803050751
t_num: 27 finish: 1473412075 433717466 start: 1473412073 70030521
t_num: 25 finish: 1473412075 510389078 start: 1473412074 216706931
t_num: 4 finish: 1473412075 581470882 start: 1473412072 492851089
t_num: 13 finish: 1473412075 876827696 start: 1473412073 119005765
t_num: 17 finish: 1473412076 248675712 start: 1473412074 627784307
t_num: 16 finish: 1473412076 469013187 start: 1473412073 590438041
t_num: 5 finish: 1473412076 522313665 start: 1473412075 359084552
t_num: 31 finish: 1473412076 556976358 start: 1473412075 99349625
t_num: 4 finish: 1473412076 793929807 start: 1473412075 581492759
t_num: 11 finish: 1473412076 794108226 start: 1473412075 125863550
t_num: 9 finish: 1473412076 883245910 start: 1473412074 218115491
t_num: 1 finish: 1473412076 946815052 start: 1473412075 99446432
t_num: 22 finish: 1473412076 946832799 start: 1473412075 270420311
t_num: 23 finish: 1473412077 256843066 start: 1473412076 429896993
t_num: 21 finish: 1473412077 470353596 start: 1473412075 510227481
t_num: 27 finish: 1473412077 559597103 start: 1473412076 56390750
t_num: 16 finish: 1473412077 559657370 start: 1473412076 469034833
t_num: 13 finish: 1473412077 732176683 start: 1473412075 876874168
t_num: 25 finish: 1473412077 876107893 start: 1473412076 430594776
t_num: 10 finish: 1473412077 876116084 start: 1473412075 101123269
t_num: 14 finish: 1473412077 876141618 start: 1473412076 426185495
t_num: 15 finish: 1473412078 251033147 start: 1473412075 510186735
t_num: 6 finish: 1473412078 360315184 start: 1473412077 431168642
t_num: 5 finish: 1473412078 751067324 start: 1473412077 197278446
t_num: 29 finish: 1473412078 797249126 start: 1473412075 299847444
t_num: 24 finish: 1473412078 827086123 start: 1473412077 559919098
t_num: 27 finish: 1473412078 840269178 start: 1473412077 559663964
t_num: 31 finish: 1473412078 898566107 start: 1473412076 557000311
t_num: 21 finish: 1473412078 923256221 start: 1473412077 973934853
t_num: 4 finish: 1473412079 139481674 start: 1473412077 559617307
t_num: 14 finish: 1473412079 465849822 start: 1473412077 876156142
t_num: 10 finish: 1473412079 466913334 start: 1473412078 551855386
t_num: 1 finish: 1473412079 517386000 start: 1473412077 876642008
t_num: 0 finish: 1473412079 645788538 start: 1473412077 876997557
t_num: 23 finish: 1473412079 836262284 start: 1473412078 653606160
t_num: 21 finish: 1473412080 11023872 start: 1473412079 71718186
t_num: 26 finish: 1473412080 114908748 start: 1473412077 981053954
t_num: 6 finish: 1473412080 170652549 start: 1473412078 794992668
t_num: 9 finish: 1473412080 275362121 start: 1473412079 275026218
t_num: 31 finish: 1473412080 303128984 start: 1473412078 898590133
t_num: 1 finish: 1473412080 344555161 start: 1473412079 517407033
t_num: 29 finish: 1473412080 344569559 start: 1473412079 274876539
t_num: 15 finish: 1473412080 344686172 start: 1473412078 685387947
t_num: 20 finish: 1473412080 385610229 start: 1473412077 876756723
t_num: 10 finish: 1473412080 677388087 start: 1473412079 466933770
t_num: 27 finish: 1473412080 677471085 start: 1473412078 840344723
t_num: 24 finish: 1473412080 695824763 start: 1473412078 827128492
t_num: 11 finish: 1473412080 945688387 start: 1473412079 161951954
t_num: 4 finish: 1473412080 956103257 start: 1473412079 139504392
t_num: 13 finish: 1473412081 480453714 start: 1473412080 344665555
t_num: 5 finish: 1473412081 480692640 start: 1473412080 271340514
t_num: 6 finish: 1473412081 497091304 start: 1473412080 170697746
t_num: 23 finish: 1473412081 743658237 start: 1473412079 836303591
t_num: 21 finish: 1473412081 743657124 start: 1473412081 187978887
t_num: 28 finish: 1473412081 809956815 start: 1473412080 677541679
t_num: 0 finish: 1473412081 924783695 start: 1473412079 904024155
t_num: 27 finish: 1473412082 47700613 start: 1473412080 677488565
t_num: 15 finish: 1473412082 49695869 start: 1473412080 344701983
t_num: 26 finish: 1473412082 49759026 start: 1473412080 677773097
t_num: 8 finish: 1473412082 67346846 start: 1473412079 109350956
t_num: 20 finish: 1473412082 138714052 start: 1473412080 385633640
t_num: 13 finish: 1473412082 352954143 start: 1473412081 480486419
t_num: 31 finish: 1473412082 412074190 start: 1473412080 303172021
t_num: 29 finish: 1473412082 412300740 start: 1473412081 159828007
t_num: 22 finish: 1473412082 452325316 start: 1473412080 344634569
t_num: 26 finish: 1473412083 121140952 start: 1473412082 49775366
t_num: 5 finish: 1473412083 185465132 start: 1473412081 480711807
t_num: 20 finish: 1473412083 546335663 start: 1473412082 138775267
t_num: 10 finish: 1473412083 567788679 start: 1473412081 469950864
t_num: 19 finish: 1473412083 567988314 start: 1473412081 417196900
t_num: 23 finish: 1473412083 616502171 start: 1473412081 743702696
t_num: 8 finish: 1473412083 814138570 start: 1473412082 138745311
t_num: 11 finish: 1473412083 814997733 start: 1473412082 50605947
t_num: 24 finish: 1473412083 964005158 start: 1473412082 413008796
t_num: 2 finish: 1473412084 128437823 start: 1473412082 695868102
t_num: 21 finish: 1473412084 421333270 start: 1473412082 412898135
t_num: 27 finish: 1473412084 422487159 start: 1473412082 743836998
t_num: 22 finish: 1473412084 423289360 start: 1473412082 452347036
t_num: 28 finish: 1473412084 577098028 start: 1473412082 412876519
t_num: 15 finish: 1473412084 859437323 start: 1473412083 911328570
t_num: 29 finish: 1473412085 90888452 start: 1473412082 412320879
t_num: 19 finish: 1473412085 188897938 start: 1473412083 568013838
t_num: 23 finish: 1473412085 214160018 start: 1473412083 640976947
t_num: 13 finish: 1473412085 316286694 start: 1473412083 361255034
t_num: 5 finish: 1473412085 324945259 start: 1473412083 907621820
t_num: 4 finish: 1473412085 444242126 start: 1473412082 949155581
t_num: 28 finish: 1473412085 448061747 start: 1473412084 577128623
t_num: 27 finish: 1473412085 687271387 start: 1473412084 422511580
t_num: 11 finish: 1473412085 737220812 start: 1473412083 815019058
t_num: 10 finish: 1473412085 837393087 start: 1473412084 393868107
t_num: 12 finish: 1473412085 837443952 start: 1473412085 90896868
t_num: 18 finish: 1473412085 837467086 start: 1473412084 593010442
t_num: 26 finish: 1473412085 838876144 start: 1473412083 615058151
t_num: 2 finish: 1473412086 137171098 start: 1473412085 90490778
t_num: 30 finish: 1473412086 138361937 start: 1473412084 206413790
t_num: 28 finish: 1473412086 418897206 start: 1473412085 448093053
t_num: 8 finish: 1473412086 448262028 start: 1473412084 289396615
t_num: 24 finish: 1473412086 483714217 start: 1473412084 715519408
t_num: 19 finish: 1473412086 720900903 start: 1473412085 188929101
t_num: 13 finish: 1473412086 842207683 start: 1473412085 444255797
t_num: 11 finish: 1473412087 163555809 start: 1473412085 737258492
t_num: 31 finish: 1473412087 163559131 start: 1473412083 758440881
t_num: 23 finish: 1473412087 524591401 start: 1473412085 214203588
t_num: 27 finish: 1473412087 524598950 start: 1473412085 687316066
t_num: 6 finish: 1473412087 852684836 start: 1473412085 737549599
t_num: 29 finish: 1473412087 853196807 start: 1473412086 91354922
t_num: 12 finish: 1473412088 14992752 start: 1473412085 837459689
t_num: 25 finish: 1473412088 18249190 start: 1473412086 558969484
t_num: 26 finish: 1473412088 51929688 start: 1473412086 576175751
t_num: 18 finish: 1473412088 80955804 start: 1473412085 837485824
t_num: 8 finish: 1473412088 198042419 start: 1473412086 448284004
t_num: 13 finish: 1473412088 198060352 start: 1473412086 842229243
t_num: 23 finish: 1473412088 819170245 start: 1473412087 682190359
t_num: 30 finish: 1473412088 820536852 start: 1473412086 559129012
t_num: 24 finish: 1473412088 952877292 start: 1473412086 483737766
t_num: 4 finish: 1473412088 952970436 start: 1473412085 795359162
t_num: 14 finish: 1473412088 953011696 start: 1473412086 842924271
t_num: 11 finish: 1473412088 953205932 start: 1473412087 525692053
t_num: 6 finish: 1473412089 75259053 start: 1473412087 852730446
t_num: 31 finish: 1473412089 129677825 start: 1473412087 163623529
t_num: 7 finish: 1473412089 177389184 start: 1473412087 615216934
t_num: 19 finish: 1473412089 263873984 start: 1473412087 524357944
t_num: 26 finish: 1473412089 298817226 start: 1473412088 51952052
t_num: 1 finish: 1473412089 301638894 start: 1473412087 526914760
t_num: 10 finish: 1473412089 360376778 start: 1473412088 415653743
t_num: 15 finish: 1473412089 950310669 start: 1473412088 20011804
t_num: 9 finish: 1473412090 4814860 start: 1473412088 415624267
t_num: 5 finish: 1473412090 81594629 start: 1473412088 19063907
t_num: 6 finish: 1473412090 460658679 start: 1473412089 75286434
t_num: 1 finish: 1473412090 644313815 start: 1473412089 301660233
t_num: 8 finish: 1473412090 705870163 start: 1473412089 297491878
t_num: 13 finish: 1473412091 184656903 start: 1473412088 198194960
t_num: 23 finish: 1473412091 184751426 start: 1473412089 594645424
t_num: 4 finish: 1473412091 185484466 start: 1473412088 952989994
t_num: 29 finish: 1473412091 241463316 start: 1473412090 5138076
t_num: 30 finish: 1473412091 261722310 start: 1473412088 820558364
t_num: 11 finish: 1473412091 363215048 start: 1473412088 953224848
t_num: 15 finish: 1473412091 363478661 start: 1473412089 950355999
t_num: 10 finish: 1473412091 791238214 start: 1473412089 360407386
t_num: 26 finish: 1473412092 84649637 start: 1473412090 113640150
t_num: 13 finish: 1473412092 389703066 start: 1473412091 184701593
t_num: 9 finish: 1473412092 567263416 start: 1473412090 4852656
t_num: 14 finish: 1473412092 630964260 start: 1473412088 953025316
t_num: 7 finish: 1473412092 878331496 start: 1473412091 187541351
t_num: 20 finish: 1473412093 54301488 start: 1473412090 151554306
t_num: 5 finish: 1473412093 354759027 start: 1473412090 817042793
t_num: 22 finish: 1473412093 356540235 start: 1473412090 951524066
t_num: 4 finish: 1473412093 357752209 start: 1473412091 185504936
t_num: 11 finish: 1473412093 760725358 start: 1473412091 363241096
t_num: 16 finish: 1473412093 760911021 start: 1473412092 533475791
t_num: 0 finish: 1473412093 760976870 start: 1473412091 399436179
t_num: 27 finish: 1473412093 882140801 start: 1473412091 411646094
t_num: 13 finish: 1473412093 984092457 start: 1473412092 389748340
t_num: 24 finish: 1473412094 87044119 start: 1473412091 359930993
t_num: 23 finish: 1473412094 254536549 start: 1473412092 715364068
t_num: 29 finish: 1473412094 282387809 start: 1473412091 241492585
t_num: 2 finish: 1473412094 340133955 start: 1473412091 988579841
t_num: 5 finish: 1473412094 609052468 start: 1473412093 354809778
t_num: 15 finish: 1473412094 631561508 start: 1473412091 791195367
t_num: 26 finish: 1473412094 763761385 start: 1473412092 631464445
t_num: 11 finish: 1473412094 764050017 start: 1473412093 760769258
t_num: 1 finish: 1473412094 779083019 start: 1473412092 877901593
t_num: 8 finish: 1473412094 920693198 start: 1473412092 519196814
t_num: 20 finish: 1473412095 112200634 start: 1473412093 245550427
t_num: 3 finish: 1473412095 234477482 start: 1473412093 966816717
t_num: 13 finish: 1473412095 251524604 start: 1473412093 984118681
t_num: 4 finish: 1473412095 279518394 start: 1473412093 357774094
t_num: 25 finish: 1473412095 283235367 start: 1473412092 878284544
t_num: 30 finish: 1473412095 424318414 start: 1473412093 358227188
t_num: 9 finish: 1473412095 469109394 start: 1473412092 567298247
t_num: 31 finish: 1473412095 572051510 start: 1473412094 86922760
t_num: 1 finish: 1473412095 943701861 start: 1473412094 779103469
t_num: 13 finish: 1473412095 972925559 start: 1473412095 251556864
t_num: 23 finish: 1473412095 974292659 start: 1473412094 254569371
t_num: 2 finish: 1473412096 14293868 start: 1473412094 340175003
t_num: 29 finish: 1473412096 14755303 start: 1473412094 282413238
t_num: 11 finish: 1473412096 15828709 start: 1473412094 764070585
t_num: 5 finish: 1473412096 323862252 start: 1473412094 609096953
t_num: 14 finish: 1473412096 324078136 start: 1473412095 206037477
t_num: 22 finish: 1473412096 491858630 start: 1473412095 395320640
t_num: 20 finish: 1473412096 676591394 start: 1473412095 112229762
t_num: 4 finish: 1473412096 781017769 start: 1473412095 279551238
t_num: 15 finish: 1473412096 849363468 start: 1473412095 80668381
t_num: 24 finish: 1473412096 853123403 start: 1473412095 283214268
t_num: 29 finish: 1473412097 215101929 start: 1473412096 14774654
t_num: 23 finish: 1473412097 354467477 start: 1473412095 974312451
t_num: 25 finish: 1473412097 624390145 start: 1473412095 822260658
t_num: 27 finish: 1473412097 912647146 start: 1473412095 424281328
t_num: 26 finish: 1473412098 224189640 start: 1473412095 544933652
t_num: 14 finish: 1473412098 461084172 start: 1473412096 494046450
t_num: 5 finish: 1473412098 587205343 start: 1473412096 323892101
t_num: 30 finish: 1473412098 587207108 start: 1473412096 928525241
t_num: 24 finish: 1473412098 589497967 start: 1473412096 853143392
t_num: 13 finish: 1473412098 591061382 start: 1473412095 972958184
t_num: 20 finish: 1473412098 657627941 start: 1473412097 361603981
t_num: 1 finish: 1473412098 733865119 start: 1473412095 943740152
t_num: 22 finish: 1473412099 334346777 start: 1473412096 491901217
t_num: 4 finish: 1473412099 398702602 start: 1473412096 781045067
t_num: 10 finish: 1473412099 838233475 start: 1473412097 841444292
t_num: 23 finish: 1473412099 838255886 start: 1473412097 354511144
t_num: 25 finish: 1473412099 905243759 start: 1473412097 624427282
t_num: 31 finish: 1473412100 15736620 start: 1473412096 850167857
t_num: 14 finish: 1473412100 59849671 start: 1473412098 461112223
t_num: 1 finish: 1473412100 60167062 start: 1473412098 733903742
t_num: 13 finish: 1473412100 84363256 start: 1473412098 591082167
t_num: 17 finish: 1473412100 84425347 start: 1473412098 459808024
t_num: 5 finish: 1473412100 129944276 start: 1473412098 587244878
t_num: 26 finish: 1473412100 381176187 start: 1473412098 459866692
t_num: 3 finish: 1473412100 436361875 start: 1473412099 172197573
t_num: 11 finish: 1473412100 508097180 start: 1473412099 142730455
t_num: 20 finish: 1473412100 573377614 start: 1473412099 582883860
t_num: 19 finish: 1473412100 787851093 start: 1473412098 461316494
t_num: 12 finish: 1473412100 920408526 start: 1473412099 491835707
t_num: 30 finish: 1473412101 206606921 start: 1473412099 173121985
t_num: 1 finish: 1473412101 290855938 start: 1473412100 60186320
t_num: 17 finish: 1473412101 318802888 start: 1473412100 84444346
t_num: 18 finish: 1473412101 381840378 start: 1473412098 495787684
t_num: 26 finish: 1473412101 424977618 start: 1473412100 381210393
t_num: 25 finish: 1473412101 688992882 start: 1473412099 905279098
t_num: 21 finish: 1473412102 96403364 start: 1473412100 15677003
t_num: 28 finish: 1473412102 96877349 start: 1473412099 665682566
t_num: 6 finish: 1473412102 100700238 start: 1473412099 669704048
t_num: 30 finish: 1473412102 119188703 start: 1473412101 206649316
t_num: 23 finish: 1473412102 206132538 start: 1473412100 253324548
t_num: 24 finish: 1473412102 206196751 start: 1473412100 15872199
t_num: 5 finish: 1473412102 206749328 start: 1473412100 129963347
t_num: 3 finish: 1473412102 297604653 start: 1473412100 436395039
t_num: 1 finish: 1473412102 301907565 start: 1473412101 290896438
t_num: 19 finish: 1473412102 485530100 start: 1473412100 787895499
t_num: 20 finish: 1473412102 485746006 start: 1473412100 573492020
t_num: 25 finish: 1473412102 666442072 start: 1473412101 689033707
t_num: 18 finish: 1473412102 731326598 start: 1473412101 381880728
t_num: 22 finish: 1473412102 933004573 start: 1473412100 573413183
t_num: 13 finish: 1473412102 933047288 start: 1473412101 358776315
t_num: 1 finish: 1473412103 85413625 start: 1473412102 301929232
t_num: 12 finish: 1473412103 286626894 start: 1473412102 96612342
t_num: 30 finish: 1473412103 289002456 start: 1473412102 303380036
t_num: 26 finish: 1473412103 407280141 start: 1473412101 425008494
t_num: 21 finish: 1473412103 829470284 start: 1473412102 96447200
t_num: 24 finish: 1473412103 829546028 start: 1473412102 206215203
t_num: 5 finish: 1473412103 898695418 start: 1473412102 206770083
t_num: 6 finish: 1473412104 22926100 start: 1473412102 100720493
t_num: 0 finish: 1473412104 22930861 start: 1473412102 358550198
t_num: 3 finish: 1473412104 191120283 start: 1473412102 297646971
t_num: 8 finish: 1473412104 330934031 start: 1473412101 802873541
t_num: 28 finish: 1473412104 365452123 start: 1473412102 206927683
t_num: 9 finish: 1473412104 423632342 start: 1473412102 797159950
t_num: 2 finish: 1473412104 426781001 start: 1473412103 299642188
t_num: 20 finish: 1473412104 676502115 start: 1473412102 485766368
t_num: 26 finish: 1473412104 770382581 start: 1473412103 407330124
t_num: 21 finish: 1473412104 771349820 start: 1473412103 829512573
t_num: 5 finish: 1473412105 8148143 start: 1473412103 898722846
t_num: 4 finish: 1473412105 260907444 start: 1473412103 762869447
t_num: 30 finish: 1473412105 482194086 start: 1473412103 289024727
t_num: 13 finish: 1473412105 653897536 start: 1473412104 264342154
t_num: 23 finish: 1473412105 683192874 start: 1473412104 402011304
t_num: 16 finish: 1473412105 683277591 start: 1473412104 676596163
t_num: 24 finish: 1473412105 730896478 start: 1473412104 819897170
t_num: 18 finish: 1473412105 862690325 start: 1473412104 87283670
t_num: 3 finish: 1473412105 914091105 start: 1473412104 191158515
t_num: 8 finish: 1473412105 934863952 start: 1473412104 817821829
t_num: 9 finish: 1473412105 935156846 start: 1473412104 423655674
t_num: 27 finish: 1473412106 390452513 start: 1473412104 328589173
t_num: 30 finish: 1473412106 526727060 start: 1473412105 482236826
t_num: 26 finish: 1473412107 222814080 start: 1473412104 770420304
t_num: 19 finish: 1473412107 290311273 start: 1473412104 820674029
t_num: 23 finish: 1473412107 293523363 start: 1473412105 683216058
t_num: 24 finish: 1473412107 293547118 start: 1473412105 730914180
t_num: 22 finish: 1473412107 293566510 start: 1473412104 627893940
t_num: 14 finish: 1473412107 293745649 start: 1473412105 730908578
t_num: 9 finish: 1473412107 386788303 start: 1473412105 935176237
t_num: 0 finish: 1473412107 446785877 start: 1473412104 916871232
t_num: 28 finish: 1473412107 642307267 start: 1473412106 262961902
t_num: 17 finish: 1473412107 924996293 start: 1473412106 175349693
t_num: 16 finish: 1473412107 986875818 start: 1473412105 683292882
t_num: 8 finish: 1473412108 164170046 start: 1473412105 934901657
t_num: 2 finish: 1473412108 215334506 start: 1473412106 525970737
t_num: 10 finish: 1473412108 514650373 start: 1473412107 321739061
t_num: 13 finish: 1473412108 639303230 start: 1473412105 653926408
t_num: 26 finish: 1473412108 700886723 start: 1473412107 222858470
t_num: 14 finish: 1473412108 701611713 start: 1473412107 293764160
t_num: 27 finish: 1473412108 701645776 start: 1473412106 771767019
t_num: 4 finish: 1473412108 701981516 start: 1473412106 526775910
t_num: 20 finish: 1473412108 702173445 start: 1473412107 446551178
t_num: 22 finish: 1473412108 895138208 start: 1473412107 293579444
t_num: 23 finish: 1473412108 964637997 start: 1473412107 293546217
t_num: 31 finish: 1473412109 56543889 start: 1473412108 57208997
t_num: 9 finish: 1473412109 229091499 start: 1473412108 243207533
t_num: 30 finish: 1473412109 478406943 start: 1473412107 447522712
t_num: 19 finish: 1473412109 799526053 start: 1473412108 253958257
t_num: 26 finish: 1473412109 799837771 start: 1473412108 700915024
t_num: 15 finish: 1473412109 864313169 start: 1473412107 469755696
t_num: 25 finish: 1473412110 8929048 start: 1473412107 293608503
t_num: 13 finish: 1473412110 716604019 start: 1473412108 862880206
t_num: 20 finish: 1473412110 983791387 start: 1473412108 702193070
t_num: 14 finish: 1473412111 111744139 start: 1473412109 367089610
t_num: 24 finish: 1473412111 135493384 start: 1473412108 557515847
t_num: 28 finish: 1473412111 135574063 start: 1473412108 699060785
t_num: 9 finish: 1473412111 205226154 start: 1473412109 799777581
t_num: 0 finish: 1473412111 206203245 start: 1473412108 398422559
t_num: 25 finish: 1473412111 316519552 start: 1473412110 8960157
t_num: 8 finish: 1473412111 316593042 start: 1473412108 514753312
t_num: 10 finish: 1473412111 349367847 start: 1473412108 701620030
t_num: 16 finish: 1473412111 425481582 start: 1473412110 110629765
t_num: 29 finish: 1473412111 544062931 start: 1473412108 735148615
t_num: 23 finish: 1473412111 596273304 start: 1473412109 800945908
t_num: 26 finish: 1473412111 794619040 start: 1473412110 350306650
t_num: 15 finish: 1473412111 979557152 start: 1473412109 864337469
t_num: 20 finish: 1473412111 979569469 start: 1473412110 983847006
t_num: 12 finish: 1473412111 979608835 start: 1473412109 800021773
t_num: 7 finish: 1473412112 38852155 start: 1473412110 422976328
t_num: 30 finish: 1473412112 42568434 start: 1473412110 109724379
t_num: 5 finish: 1473412112 297117596 start: 1473412110 686433333
t_num: 8 finish: 1473412112 488655463 start: 1473412111 316628076
t_num: 9 finish: 1473412112 854281885 start: 1473412111 205251057
t_num: 3 finish: 1473412112 885203656 start: 1473412111 662773434
t_num: 19 finish: 1473412112 953609157 start: 1473412112 37964129
t_num: 16 finish: 1473412113 112143119 start: 1473412111 425511276
t_num: 6 finish: 1473412113 423297781 start: 1473412111 965794930
t_num: 11 finish: 1473412113 436531562 start: 1473412110 552638230
t_num: 28 finish: 1473412113 436540822 start: 1473412111 929232203
t_num: 12 finish: 1473412113 436637454 start: 1473412112 436266944
t_num: 29 finish: 1473412113 553916905 start: 1473412111 544115292
t_num: 24 finish: 1473412113 628390379 start: 1473412111 135515947
t_num: 31 finish: 1473412113 819789908 start: 1473412112 292970426
t_num: 20 finish: 1473412113 888857053 start: 1473412111 979620375
t_num: 30 finish: 1473412114 25695026 start: 1473412112 42585029
t_num: 25 finish: 1473412114 48339798 start: 1473412112 154833268
t_num: 15 finish: 1473412114 85220609 start: 1473412112 348920988
t_num: 1 finish: 1473412114 181414212 start: 1473412111 689391494
t_num: 5 finish: 1473412114 276038536 start: 1473412113 228641644
t_num: 28 finish: 1473412114 587595198 start: 1473412113 436601353
t_num: 16 finish: 1473412114 662227613 start: 1473412113 112186789
t_num: 26 finish: 1473412114 663330679 start: 1473412112 547773992
t_num: 3 finish: 1473412114 680253037 start: 1473412112 885234472
t_num: 19 finish: 1473412115 87314289 start: 1473412113 436935057
t_num: 6 finish: 1473412115 203039923 start: 1473412113 423342144
t_num: 10 finish: 1473412115 710894431 start: 1473412113 978640694
t_num: 29 finish: 1473412115 930018387 start: 1473412113 553945496
t_num: 7 finish: 1473412116 157435273 start: 1473412114 145644198
t_num: 25 finish: 1473412116 254670360 start: 1473412114 793272694
t_num: 24 finish: 1473412116 254670360 start: 1473412113 628418385
t_num: 11 finish: 1473412116 308777665 start: 1473412113 436575547
t_num: 1 finish: 1473412116 311154506 start: 1473412114 181433727
t_num: 2 finish: 1473412116 967114906 start: 1473412114 990992837
t_num: 27 finish: 1473412116 967345585 start: 1473412114 663293784
t_num: 8 finish: 1473412116 968768313 start: 1473412113 764751386
t_num: 21 finish: 1473412116 969007184 start: 1473412114 36560205
t_num: 18 finish: 1473412117 259693731 start: 1473412114 587586185
t_num: 12 finish: 1473412117 304322221 start: 1473412115 386890157
t_num: 4 finish: 1473412117 498088430 start: 1473412116 176036161
t_num: 30 finish: 1473412117 579283698 start: 1473412114 760838482
t_num: 20 finish: 1473412117 730384189 start: 1473412114 662288919
t_num: 10 finish: 1473412117 730682960 start: 1473412115 930277054
t_num: 3 finish: 1473412117 736290156 start: 1473412114 680274420
t_num: 15 finish: 1473412117 799679895 start: 1473412115 203113343
t_num: 17 finish: 1473412118 310245618 start: 1473412116 656608520
t_num: 19 finish: 1473412118 313987855 start: 1473412115 87365280
t_num: 29 finish: 1473412118 673978527 start: 1473412115 930059601
t_num: 6 finish: 1473412118 738350996 start: 1473412116 966764772
t_num: 8 finish: 1473412118 742276580 start: 1473412116 968789446
t_num: 2 finish: 1473412118 745089209 start: 1473412116 967139644
t_num: 7 finish: 1473412118 908325123 start: 1473412116 870528378
t_num: 11 finish: 1473412119 117013058 start: 1473412116 308823769
t_num: 1 finish: 1473412119 126703637 start: 1473412116 717746823
t_num: 15 finish: 1473412119 180600353 start: 1473412117 799706948
t_num: 10 finish: 1473412119 225566021 start: 1473412117 730702851
t_num: 3 finish: 1473412119 246205344 start: 1473412117 736309727
t_num: 13 finish: 1473412119 248840595 start: 1473412117 263862622
t_num: 23 finish: 1473412119 334072653 start: 1473412118 780237078
t_num: 12 finish: 1473412119 364866242 start: 1473412117 304364272
t_num: 25 finish: 1473412119 962980007 start: 1473412117 208937251
t_num: 11 finish: 1473412120 447037989 start: 1473412119 117041624
t_num: 20 finish: 1473412120 449422743 start: 1473412118 740904834
t_num: 19 finish: 1473412120 614335118 start: 1473412118 741787049
t_num: 22 finish: 1473412120 616020638 start: 1473412118 677089893
t_num: 8 finish: 1473412120 700950383 start: 1473412119 118401267
t_num: 3 finish: 1473412120 777016320 start: 1473412119 246231239
t_num: 21 finish: 1473412120 860721486 start: 1473412118 740072292
t_num: 12 finish: 1473412120 908176632 start: 1473412119 364885505
t_num: 29 finish: 1473412121 67783756 start: 1473412118 806159657
t_num: 1 finish: 1473412121 282941094 start: 1473412119 126724698
t_num: 2 finish: 1473412121 283882599 start: 1473412119 680138051
t_num: 25 finish: 1473412121 291191745 start: 1473412119 963024402
t_num: 17 finish: 1473412121 381929795 start: 1473412119 65734299
t_num: 15 finish: 1473412121 382004974 start: 1473412119 180625795
t_num: 7 finish: 1473412121 383368164 start: 1473412120 325996212
t_num: 0 finish: 1473412121 679494988 start: 1473412119 546856802
t_num: 29 finish: 1473412121 911095005 start: 1473412121 67841262
t_num: 27 finish: 1473412121 989388144 start: 1473412120 701180291
t_num: 11 finish: 1473412122 156194948 start: 1473412120 900936140
t_num: 19 finish: 1473412122 204569088 start: 1473412120 614358148
t_num: 24 finish: 1473412122 211590322 start: 1473412120 615864716
t_num: 22 finish: 1473412122 264392301 start: 1473412121 218284111
t_num: 20 finish: 1473412122 268838953 start: 1473412120 449444199
t_num: 14 finish: 1473412122 404227243 start: 1473412120 93902710
t_num: 13 finish: 1473412122 567242280 start: 1473412120 615921935
t_num: 8 finish: 1473412122 581970501 start: 1473412120 700984274
t_num: 0 finish: 1473412123 118462247 start: 1473412121 679537561
t_num: 5 finish: 1473412123 174811522 start: 1473412121 381882406
t_num: 17 finish: 1473412123 411034271 start: 1473412122 210600738
t_num: 7 finish: 1473412123 423453903 start: 1473412121 383389735
t_num: 21 finish: 1473412123 516568360 start: 1473412121 449332855
t_num: 12 finish: 1473412123 668181708 start: 1473412120 908198877
t_num: 13 finish: 1473412123 943414695 start: 1473412122 567270713
t_num: 1 finish: 1473412124 1143431 start: 1473412121 348103693
t_num: 19 finish: 1473412124 272629407 start: 1473412122 204606019
t_num: 14 finish: 1473412124 272696079 start: 1473412122 404254102
t_num: 25 finish: 1473412124 274028672 start: 1473412123 344392356
t_num: 16 finish: 1473412124 440179247 start: 1473412122 319562131
t_num: 28 finish: 1473412124 448960306 start: 1473412123 211081300
t_num: 7 finish: 1473412124 624259990 start: 1473412123 423470039
t_num: 29 finish: 1473412124 897232372 start: 1473412121 911127364
t_num: 21 finish: 1473412124 916624868 start: 1473412123 516595350
t_num: 12 finish: 1473412124 972725205 start: 1473412123 668201792
t_num: 5 finish: 1473412125 47552228 start: 1473412123 997865112
t_num: 6 finish: 1473412125 294085760 start: 1473412124 249946209
t_num: 13 finish: 1473412125 294677671 start: 1473412123 943444327
t_num: 8 finish: 1473412125 328050035 start: 1473412122 581997939
t_num: 14 finish: 1473412125 431183810 start: 1473412124 272712728
t_num: 17 finish: 1473412125 668706612 start: 1473412123 939792129
t_num: 25 finish: 1473412125 942173006 start: 1473412124 369914674
t_num: 0 finish: 1473412125 943017373 start: 1473412123 592815412
t_num: 16 finish: 1473412126 18194622 start: 1473412124 440206930
t_num: 13 finish: 1473412126 42169879 start: 1473412125 294694594
t_num: 31 finish: 1473412126 58729978 start: 1473412124 255629388
t_num: 5 finish: 1473412126 179890741 start: 1473412125 47603878
t_num: 11 finish: 1473412126 230912253 start: 1473412123 373142743
t_num: 22 finish: 1473412126 315868674 start: 1473412124 49119270
t_num: 7 finish: 1473412126 535102047 start: 1473412124 624302423
t_num: 27 finish: 1473412126 583075314 start: 1473412123 967839183
t_num: 2 finish: 1473412126 585650412 start: 1473412124 972750170
t_num: 28 finish: 1473412126 601744179 start: 1473412125 407398488
t_num: 1 finish: 1473412126 613000366 start: 1473412125 126346074
t_num: 30 finish: 1473412126 633465025 start: 1473412125 366970337
t_num: 26 finish: 1473412126 635089593 start: 1473412125 547453375
t_num: 8 finish: 1473412126 928274016 start: 1473412125 328068277
t_num: 17 finish: 1473412127 49218108 start: 1473412125 668749461
t_num: 3 finish: 1473412127 119338929 start: 1473412125 524228142
t_num: 5 finish: 1473412127 384270127 start: 1473412126 179930452
t_num: 14 finish: 1473412127 527245931 start: 1473412125 431215598
t_num: 7 finish: 1473412127 746082106 start: 1473412126 846509568
t_num: 25 finish: 1473412128 133861025 start: 1473412125 942216964
t_num: 11 finish: 1473412128 582068420 start: 1473412126 886514626
t_num: 16 finish: 1473412128 614412206 start: 1473412127 119289095
t_num: 18 finish: 1473412128 851545240 start: 1473412127 385972845
t_num: 0 finish: 1473412128 944107589 start: 1473412126 201033366
t_num: 21 finish: 1473412128 945145691 start: 1473412126 180273721
t_num: 22 finish: 1473412128 945275116 start: 1473412126 886441006
t_num: 1 finish: 1473412128 955468240 start: 1473412126 613017199
t_num: 6 finish: 1473412129 107269497 start: 1473412126 705249685
t_num: 2 finish: 1473412129 265079702 start: 1473412126 585672823
t_num: 27 finish: 1473412129 450535190 start: 1473412126 583097783
t_num: 3 finish: 1473412129 480099927 start: 1473412127 119360708
t_num: 28 finish: 1473412129 516523298 start: 1473412126 601761198
t_num: 11 finish: 1473412129 553779496 start: 1473412128 582115956
t_num: 8 finish: 1473412129 820894687 start: 1473412127 712695736
t_num: 24 finish: 1473412130 145685040 start: 1473412128 615345879
t_num: 12 finish: 1473412130 270856559 start: 1473412128 558307654
t_num: 14 finish: 1473412130 274007190 start: 1473412127 527291579
t_num: 31 finish: 1473412130 315445875 start: 1473412128 559360214
t_num: 17 finish: 1473412130 365026637 start: 1473412128 133448483
t_num: 23 finish: 1473412130 365594883 start: 1473412129 374341511
t_num: 11 finish: 1473412130 365664758 start: 1473412129 553818145
t_num: 22 finish: 1473412130 366163936 start: 1473412128 945294941
t_num: 2 finish: 1473412130 641549042 start: 1473412129 265120990
t_num: 30 finish: 1473412130 689348110 start: 1473412129 447774101
t_num: 5 finish: 1473412130 946952513 start: 1473412128 946770579
t_num: 25 finish: 1473412130 947626208 start: 1473412130 147740622
t_num: 1 finish: 1473412131 29395414 start: 1473412129 651957508
t_num: 17 finish: 1473412131 158704916 start: 1473412130 365057120
t_num: 28 finish: 1473412131 183537405 start: 1473412129 516614388
t_num: 9 finish: 1473412131 215430185 start: 1473412129 76266818
t_num: 7 finish: 1473412131 380678409 start: 1473412129 449180363
t_num: 14 finish: 1473412131 441521387 start: 1473412130 274028920
t_num: 6 finish: 1473412131 569351924 start: 1473412130 365278835
t_num: 15 finish: 1473412131 866546803 start: 1473412130 365286287
t_num: 2 finish: 1473412131 871595029 start: 1473412130 641572723
t_num: 30 finish: 1473412132 26210671 start: 1473412130 689370268
t_num: 8 finish: 1473412132 201620646 start: 1473412129 820953728
t_num: 18 finish: 1473412132 224747599 start: 1473412130 431385908
t_num: 3 finish: 1473412132 224783141 start: 1473412130 431619099
t_num: 20 finish: 1473412132 476442382 start: 1473412129 516549062
t_num: 26 finish: 1473412132 534401137 start: 1473412130 643920516
t_num: 7 finish: 1473412132 686426879 start: 1473412131 380704119
t_num: 5 finish: 1473412132 686758699 start: 1473412130 946993775
t_num: 17 finish: 1473412132 758815254 start: 1473412131 158732373
t_num: 9 finish: 1473412132 759611158 start: 1473412131 215467870
t_num: 4 finish: 1473412132 857557644 start: 1473412131 63154875
t_num: 24 finish: 1473412133 35479498 start: 1473412130 689010437
t_num: 8 finish: 1473412133 435089642 start: 1473412132 201665692
t_num: 28 finish: 1473412133 666211922 start: 1473412132 367543298
t_num: 20 finish: 1473412133 711848849 start: 1473412132 476469713
t_num: 19 finish: 1473412133 971038883 start: 1473412133 119319416
t_num: 1 finish: 1473412134 45432766 start: 1473412131 569149275
t_num: 12 finish: 1473412134 362053408 start: 1473412132 51713436
t_num: 13 finish: 1473412134 390650316 start: 1473412131 768020940
t_num: 4 finish: 1473412134 453823967 start: 1473412132 857584953
t_num: 9 finish: 1473412134 606376144 start: 1473412132 759631268
t_num: 18 finish: 1473412134 757657255 start: 1473412132 224771107
t_num: 27 finish: 1473412134 817860572 start: 1473412132 346617501
t_num: 5 finish: 1473412134 818003238 start: 1473412133 378340708
t_num: 16 finish: 1473412134 844026274 start: 1473412133 586317841
t_num: 7 finish: 1473412134 844028674 start: 1473412132 686465096
t_num: 24 finish: 1473412134 931724746 start: 1473412133 35518654
t_num: 20 finish: 1473412134 944108284 start: 1473412133 711877841
t_num: 25 finish: 1473412135 201041310 start: 1473412132 289477948
t_num: 15 finish: 1473412135 201042970 start: 1473412132 787878839
t_num: 8 finish: 1473412135 291321402 start: 1473412133 435126158
t_num: 13 finish: 1473412135 366293623 start: 1473412134 390676357
t_num: 30 finish: 1473412135 403902159 start: 1473412133 883037299
t_num: 12 finish: 1473412135 596203803 start: 1473412134 362073236
t_num: 6 finish: 1473412135 816297710 start: 1473412132 686713386
t_num: 1 finish: 1473412135 951946254 start: 1473412134 249761534
t_num: 26 finish: 1473412135 952623269 start: 1473412134 333901445
t_num: 16 finish: 1473412136 176191302 start: 1473412135 105853219
t_num: 19 finish: 1473412136 208523587 start: 1473412134 724370773
t_num: 28 finish: 1473412136 214187619 start: 1473412134 333286809
t_num: 4 finish: 1473412136 314783446 start: 1473412135 58120730
t_num: 15 finish: 1473412136 400423417 start: 1473412135 201117085
t_num: 24 finish: 1473412136 625415862 start: 1473412134 931759117
t_num: 27 finish: 1473412137 47892888 start: 1473412134 817916168
t_num: 29 finish: 1473412137 47956473 start: 1473412135 409681747
t_num: 20 finish: 1473412137 111539368 start: 1473412135 730718603
t_num: 21 finish: 1473412137 144369336 start: 1473412136 176037977
t_num: 7 finish: 1473412137 144390667 start: 1473412134 844091592
t_num: 12 finish: 1473412137 144463125 start: 1473412135 596235766
t_num: 0 finish: 1473412137 605182894 start: 1473412136 208949495
t_num: 1 finish: 1473412137 665896740 start: 1473412135 951988722
t_num: 6 finish: 1473412137 700910580 start: 1473412135 816329397
t_num: 26 finish: 1473412138 202047569 start: 1473412135 952643815
t_num: 8 finish: 1473412138 202077510 start: 1473412135 366351154
t_num: 4 finish: 1473412138 388576692 start: 1473412136 314832206
t_num: 29 finish: 1473412138 462812970 start: 1473412137 47986585
t_num: 10 finish: 1473412138 523809003 start: 1473412135 742675382
t_num: 7 finish: 1473412138 588911095 start: 1473412137 144537685
t_num: 23 finish: 1473412138 606602745 start: 1473412136 923509696
t_num: 19 finish: 1473412138 691253644 start: 1473412136 208548827
t_num: 8 finish: 1473412139 285139968 start: 1473412138 202094997
t_num: 30 finish: 1473412139 288415727 start: 1473412136 798993432
t_num: 12 finish: 1473412139 349147317 start: 1473412137 841094126
t_num: 16 finish: 1473412139 494189867 start: 1473412136 176219086
t_num: 10 finish: 1473412139 494198479 start: 1473412138 523854276
t_num: 6 finish: 1473412139 865574316 start: 1473412138 588325088
t_num: 21 finish: 1473412139 890948551 start: 1473412138 388573224
t_num: 3 finish: 1473412139 968516385 start: 1473412138 865309249
t_num: 0 finish: 1473412140 335395300 start: 1473412137 605223374
t_num: 27 finish: 1473412140 378342646 start: 1473412139 244087900
t_num: 13 finish: 1473412140 489901909 start: 1473412138 173301537
t_num: 28 finish: 1473412140 558555690 start: 1473412137 703615083
t_num: 29 finish: 1473412140 630333084 start: 1473412139 202777672
t_num: 26 finish: 1473412140 781276749 start: 1473412139 245404832
t_num: 20 finish: 1473412141 39837673 start: 1473412138 776097326
t_num: 23 finish: 1473412141 291620227 start: 1473412138 606624477
t_num: 2 finish: 1473412141 342847901 start: 1473412138 173467438
t_num: 7 finish: 1473412141 473222258 start: 1473412138 645359792
t_num: 30 finish: 1473412141 965231919 start: 1473412139 288437003
t_num: 8 finish: 1473412141 974642115 start: 1473412139 285170282
t_num: 3 finish: 1473412142 277308495 start: 1473412140 896128121
t_num: 11 finish: 1473412142 314702223 start: 1473412141 114414731
t_num: 12 finish: 1473412142 314957494 start: 1473412139 883816521
t_num: 19 finish: 1473412142 315267440 start: 1473412139 969155183
t_num: 26 finish: 1473412142 342138962 start: 1473412140 781307113
t_num: 0 finish: 1473412142 429482325 start: 1473412141 310952265
t_num: 28 finish: 1473412142 429501854 start: 1473412140 558601032
t_num: 6 finish: 1473412142 472693666 start: 1473412139 865636498
t_num: 29 finish: 1473412142 632792109 start: 1473412140 630364477
t_num: 18 finish: 1473412143 32851716 start: 1473412140 825478771
t_num: 23 finish: 1473412143 32852368 start: 1473412141 291649094
t_num: 3 finish: 1473412143 234099649 start: 1473412142 277346542
t_num: 24 finish: 1473412143 612243232 start: 1473412142 193475098
t_num: 13 finish: 1473412143 652812229 start: 1473412140 489940725
t_num: 27 finish: 1473412143 653578488 start: 1473412140 378381514
t_num: 8 finish: 1473412143 665920005 start: 1473412141 974664023
t_num: 17 finish: 1473412143 732098699 start: 1473412142 192781672
t_num: 26 finish: 1473412143 813277773 start: 1473412143 32011679
t_num: 2 finish: 1473412143 813361344 start: 1473412142 315337482
t_num: 11 finish: 1473412143 985149305 start: 1473412142 314741442
t_num: 23 finish: 1473412144 26701655 start: 1473412143 32909251
t_num: 18 finish: 1473412144 81948821 start: 1473412143 61210302
t_num: 6 finish: 1473412144 239406016 start: 1473412142 472731249
t_num: 21 finish: 1473412144 640720614 start: 1473412141 885261545
t_num: 29 finish: 1473412144 793048662 start: 1473412142 632828060
t_num: 0 finish: 1473412144 822293193 start: 1473412142 429527578
t_num: 7 finish: 1473412145 30646479 start: 1473412142 473024906
t_num: 3 finish: 1473412145 30769610 start: 1473412143 234119130
t_num: 8 finish: 1473412145 32121370 start: 1473412143 665941906
t_num: 20 finish: 1473412145 90495445 start: 1473412143 182368105
t_num: 28 finish: 1473412145 768137875 start: 1473412143 638783736
t_num: 22 finish: 1473412145 891778949 start: 1473412144 159159264
t_num: 13 finish: 1473412145 897247931 start: 1473412143 652836895
t_num: 11 finish: 1473412145 978911212 start: 1473412143 985182818
t_num: 23 finish: 1473412146 434831247 start: 1473412144 26724802
t_num: 21 finish: 1473412146 690985416 start: 1473412144 640753146
t_num: 27 finish: 1473412146 770324679 start: 1473412143 919993230
t_num: 6 finish: 1473412146 893548488 start: 1473412144 239443264
t_num: 19 finish: 1473412146 938938716 start: 1473412144 184151886
t_num: 7 finish: 1473412146 939540699 start: 1473412145 30673206
t_num: 0 finish: 1473412146 942739812 start: 1473412144 822335906
t_num: 8 finish: 1473412146 969988364 start: 1473412145 32143188
t_num: 20 finish: 1473412146 981822056 start: 1473412145 655422971
t_num: 3 finish: 1473412147 126882196 start: 1473412145 30789400
t_num: 2 finish: 1473412147 540655182 start: 1473412145 623206532
t_num: 9 finish: 1473412147 545219455 start: 1473412145 914510724
t_num: 29 finish: 1473412147 731529665 start: 1473412145 71629235
t_num: 28 finish: 1473412147 771091539 start: 1473412145 768170526
t_num: 24 finish: 1473412147 838333155 start: 1473412144 587966265
t_num: 4 finish: 1473412147 858368415 start: 1473412145 899534421
t_num: 21 finish: 1473412147 948883376 start: 1473412146 691011504
t_num: 5 finish: 1473412148 177004899 start: 1473412146 826067696
t_num: 23 finish: 1473412148 563984072 start: 1473412146 434870748
t_num: 13 finish: 1473412148 633853294 start: 1473412145 897268860
t_num: 19 finish: 1473412148 633872280 start: 1473412146 938978895
t_num: 0 finish: 1473412148 796367994 start: 1473412146 942756654
t_num: 31 finish: 1473412149 65734510 start: 1473412146 567709837
t_num: 28 finish: 1473412149 66364689 start: 1473412147 771114344
t_num: 2 finish: 1473412149 66364735 start: 1473412147 546870407
t_num: 17 finish: 1473412149 116094947 start: 1473412146 825415178
t_num: 20 finish: 1473412149 261060584 start: 1473412146 981864187
t_num: 9 finish: 1473412149 484443940 start: 1473412148 110325861
t_num: 29 finish: 1473412149 562658947 start: 1473412147 731557693
t_num: 10 finish: 1473412149 687709780 start: 1473412148 300728019
t_num: 14 finish: 1473412149 864644306 start: 1473412148 177630414
t_num: 31 finish: 1473412149 953916332 start: 1473412149 65779010
t_num: 21 finish: 1473412150 104238879 start: 1473412147 948945477
t_num: 30 finish: 1473412150 188706406 start: 1473412149 207496202
t_num: 24 finish: 1473412150 222793468 start: 1473412148 354654110
t_num: 4 finish: 1473412150 258431405 start: 1473412147 858394137
t_num: 7 finish: 1473412150 291394967 start: 1473412148 796387652
t_num: 17 finish: 1473412150 495510986 start: 1473412149 116120864
t_num: 27 finish: 1473412150 495705254 start: 1473412148 109430183
t_num: 28 finish: 1473412150 625274303 start: 1473412149 66387642
t_num: 3 finish: 1473412150 747453548 start: 1473412149 201375507
t_num: 23 finish: 1473412150 747615870 start: 1473412148 564030171
t_num: 13 finish: 1473412150 765348665 start: 1473412149 415544608
t_num: 2 finish: 1473412150 769125102 start: 1473412149 66398513
t_num: 31 finish: 1473412151 135490587 start: 1473412149 953961482
t_num: 9 finish: 1473412151 219013050 start: 1473412149 484471998
t_num: 19 finish: 1473412151 624007973 start: 1473412148 633928025
t_num: 5 finish: 1473412151 624007978 start: 1473412150 313954473
t_num: 13 finish: 1473412151 649722925 start: 1473412150 765369458
t_num: 27 finish: 1473412151 913169361 start: 1473412150 495723968
t_num: 2 finish: 1473412152 68493115 start: 1473412150 769145821
t_num: 29 finish: 1473412152 335807778 start: 1473412150 104250766
t_num: 4 finish: 1473412152 432085829 start: 1473412151 219124931
t_num: 26 finish: 1473412152 484438026 start: 1473412151 285292414
t_num: 15 finish: 1473412152 484482112 start: 1473412151 141642744
t_num: 7 finish: 1473412152 484551540 start: 1473412151 218300887
t_num: 16 finish: 1473412152 688663169 start: 1473412150 104851278
t_num: 17 finish: 1473412152 727413615 start: 1473412150 495556654
t_num: 24 finish: 1473412152 727818183 start: 1473412150 222852169
t_num: 23 finish: 1473412152 978732159 start: 1473412151 219186064
t_num: 28 finish: 1473412152 978812670 start: 1473412151 141866198
t_num: 13 finish: 1473412153 577777070 start: 1473412151 649747866
t_num: 8 finish: 1473412153 711478898 start: 1473412150 313984609
t_num: 25 finish: 1473412154 400019965 start: 1473412151 410021416
t_num: 14 finish: 1473412154 400096072 start: 1473412152 431504611
t_num: 7 finish: 1473412154 439038195 start: 1473412152 484568909
t_num: 24 finish: 1473412154 956007516 start: 1473412153 504438183
t_num: 12 finish: 1473412154 956027528 start: 1473412151 958348771
t_num: 13 finish: 1473412154 956168533 start: 1473412153 577825102
t_num: 9 finish: 1473412154 956234455 start: 1473412151 777134677
t_num: 23 finish: 1473412154 956608880 start: 1473412152 978760853
t_num: 27 finish: 1473412154 968241924 start: 1473412151 913242878
t_num: 26 finish: 1473412155 113761067 start: 1473412153 504660288
t_num: 17 finish: 1473412155 230981620 start: 1473412152 727447459
t_num: 28 finish: 1473412155 356723790 start: 1473412154 17880452
t_num: 16 finish: 1473412155 399921493 start: 1473412152 688708740
t_num: 29 finish: 1473412155 955678251 start: 1473412153 354014218
t_num: 22 finish: 1473412156 121758841 start: 1473412153 812720944
t_num: 1 finish: 1473412156 608851531 start: 1473412152 978574733
t_num: 13 finish: 1473412156 615841897 start: 1473412154 956188109
t_num: 27 finish: 1473412156 639565055 start: 1473412154 968263474
t_num: 25 finish: 1473412157 31020847 start: 1473412154 400046763
t_num: 8 finish: 1473412157 35702547 start: 1473412154 399667635
t_num: 26 finish: 1473412157 278638820 start: 1473412155 113786424
t_num: 23 finish: 1473412157 418066613 start: 1473412154 956628356
t_num: 6 finish: 1473412157 738460403 start: 1473412155 234937298
t_num: 20 finish: 1473412157 738504644 start: 1473412156 122126866
t_num: 18 finish: 1473412157 738673645 start: 1473412156 122180950
t_num: 9 finish: 1473412157 825946498 start: 1473412154 956252134
t_num: 28 finish: 1473412157 874608983 start: 1473412156 221970081
t_num: 29 finish: 1473412158 113399548 start: 1473412156 479859038
t_num: 24 finish: 1473412158 451645149 start: 1473412156 844998959
t_num: 27 finish: 1473412158 465034952 start: 1473412156 639588103
t_num: 13 finish: 1473412158 500362067 start: 1473412156 615864026
t_num: 1 finish: 1473412158 501108842 start: 1473412156 894903331
t_num: 22 finish: 1473412158 620923080 start: 1473412156 121813143
t_num: 25 finish: 1473412158 803659705 start: 1473412157 31061262
t_num: 21 finish: 1473412158 935134026 start: 1473412156 484503927
t_num: 14 finish: 1473412158 992652331 start: 1473412154 923377663
t_num: 4 finish: 1473412159 16566263 start: 1473412155 226871016
t_num: 18 finish: 1473412159 92618999 start: 1473412157 738692165
t_num: 5 finish: 1473412159 232369379 start: 1473412157 248976297
t_num: 0 finish: 1473412159 343034403 start: 1473412157 35465763
t_num: 20 finish: 1473412159 370260691 start: 1473412157 738522661
t_num: 23 finish: 1473412159 514062197 start: 1473412157 418094718
t_num: 8 finish: 1473412159 607571294 start: 1473412158 113427730
t_num: 27 finish: 1473412160 9539865 start: 1473412158 465057038
t_num: 7 finish: 1473412160 83788022 start: 1473412157 417954569
t_num: 2 finish: 1473412160 161241791 start: 1473412156 929345191
t_num: 18 finish: 1473412160 317546013 start: 1473412159 92655550
t_num: 29 finish: 1473412160 539212062 start: 1473412158 463633274
t_num: 1 finish: 1473412160 905144697 start: 1473412159 231369336
t_num: 6 finish: 1473412161 135653038 start: 1473412159 994613283
t_num: 14 finish: 1473412161 304810744 start: 1473412158 992714877
t_num: 13 finish: 1473412161 377998037 start: 1473412158 500393749
t_num: 23 finish: 1473412161 379517597 start: 1473412159 514125762
t_num: 7 finish: 1473412161 380116907 start: 1473412160 83835679
t_num: 0 finish: 1473412161 810151584 start: 1473412159 343062982
t_num: 18 finish: 1473412161 811011269 start: 1473412160 317603827
t_num: 11 finish: 1473412161 976582421 start: 1473412159 309369913
t_num: 10 finish: 1473412162 153511874 start: 1473412160 380544383
t_num: 20 finish: 1473412162 204784693 start: 1473412160 220879394
t_num: 21 finish: 1473412162 204829681 start: 1473412160 380282242
t_num: 22 finish: 1473412162 255567325 start: 1473412160 220974315
t_num: 30 finish: 1473412162 556812727 start: 1473412160 380119326
t_num: 12 finish: 1473412162 556865855 start: 1473412158 501985564
t_num: 2 finish: 1473412162 732521302 start: 1473412160 952235780
t_num: 24 finish: 1473412163 39103278 start: 1473412160 220720983
t_num: 6 finish: 1473412163 97139157 start: 1473412161 135713294
t_num: 27 finish: 1473412163 436695283 start: 1473412160 711731054
t_num: 29 finish: 1473412163 580697366 start: 1473412160 539241062
t_num: 14 finish: 1473412163 707387194 start: 1473412162 716428009
t_num: 4 finish: 1473412163 863925041 start: 1473412161 489157026
t_num: 16 finish: 1473412163 863988715 start: 1473412161 268421866
t_num: 12 finish: 1473412163 894333026 start: 1473412162 556883816
t_num: 0 finish: 1473412163 895206254 start: 1473412161 810195308
t_num: 3 finish: 1473412163 910387367 start: 1473412162 203266301
t_num: 19 finish: 1473412163 946596357 start: 1473412161 978516763
t_num: 10 finish: 1473412163 999417857 start: 1473412162 153551593
t_num: 15 finish: 1473412163 999510656 start: 1473412163 153099067
t_num: 18 finish: 1473412163 999671337 start: 1473412162 556852934
t_num: 7 finish: 1473412164 108131723 start: 1473412161 380134817
t_num: 1 finish: 1473412164 275950928 start: 1473412161 550471659
t_num: 13 finish: 1473412164 348411498 start: 1473412162 4720220
t_num: 21 finish: 1473412164 429978468 start: 1473412162 204843997
t_num: 10 finish: 1473412164 715981193 start: 1473412163 999449299
t_num: 26 finish: 1473412164 964575337 start: 1473412163 580521300
t_num: 19 finish: 1473412165 227337889 start: 1473412163 946624713
t_num: 23 finish: 1473412165 258106146 start: 1473412162 202900045
t_num: 6 finish: 1473412165 354887158 start: 1473412163 97179030
t_num: 2 finish: 1473412165 414002729 start: 1473412163 863856625
t_num: 20 finish: 1473412165 584266454 start: 1473412163 237727123
t_num: 13 finish: 1473412165 584390556 start: 1473412164 456316555
t_num: 30 finish: 1473412165 585739832 start: 1473412163 899146174
t_num: 7 finish: 1473412165 673520521 start: 1473412164 108162504
t_num: 27 finish: 1473412165 737795786 start: 1473412164 248326649
t_num: 29 finish: 1473412165 790050602 start: 1473412164 430038495
t_num: 4 finish: 1473412165 796029501 start: 1473412164 826199595
t_num: 11 finish: 1473412165 835237010 start: 1473412164 624981882
t_num: 1 finish: 1473412166 4973777 start: 1473412164 275978947
t_num: 12 finish: 1473412166 53316088 start: 1473412163 894361801
t_num: 3 finish: 1473412166 199511562 start: 1473412164 435017359
t_num: 10 finish: 1473412166 430980048 start: 1473412164 716009540
t_num: 0 finish: 1473412166 492332901 start: 1473412164 715140945
t_num: 26 finish: 1473412166 492464317 start: 1473412164 964619044
t_num: 13 finish: 1473412167 54631504 start: 1473412165 584410136
t_num: 23 finish: 1473412167 356013081 start: 1473412165 258135880
t_num: 7 finish: 1473412167 412354506 start: 1473412165 673553291
t_num: 18 finish: 1473412167 558420163 start: 1473412165 728922006
t_num: 28 finish: 1473412167 559394523 start: 1473412165 737894899
t_num: 30 finish: 1473412167 565543300 start: 1473412166 155988897
t_num: 11 finish: 1473412167 715102895 start: 1473412165 835257663
t_num: 29 finish: 1473412168 19013290 start: 1473412165 790073776
t_num: 8 finish: 1473412168 34137420 start: 1473412165 585705751
t_num: 26 finish: 1473412168 201847599 start: 1473412166 492483256
t_num: 4 finish: 1473412168 503678555 start: 1473412165 796051324
t_num: 31 finish: 1473412168 503890546 start: 1473412167 95457057
t_num: 21 finish: 1473412168 585033874 start: 1473412166 5526750
t_num: 25 finish: 1473412168 782492580 start: 1473412166 423743517
t_num: 13 finish: 1473412169 14353874 start: 1473412167 54659534
t_num: 12 finish: 1473412169 398199752 start: 1473412167 356042869
t_num: 2 finish: 1473412169 562511049 start: 1473412167 938954072
t_num: 9 finish: 1473412169 819365222 start: 1473412167 528068734
t_num: 11 finish: 1473412170 40138815 start: 1473412167 715142890
t_num: 6 finish: 1473412170 40821076 start: 1473412167 472881203
t_num: 18 finish: 1473412170 157311842 start: 1473412167 558445849
t_num: 23 finish: 1473412170 210346317 start: 1473412168 791464706
t_num: 26 finish: 1473412170 217058585 start: 1473412168 201880280
t_num: 22 finish: 1473412170 595895688 start: 1473412167 978732036
t_num: 3 finish: 1473412170 596141250 start: 1473412168 160568779
t_num: 13 finish: 1473412170 596238062 start: 1473412169 14383390
t_num: 8 finish: 1473412170 615637028 start: 1473412169 397431004
t_num: 30 finish: 1473412171 46427806 start: 1473412167 565564667
t_num: 25 finish: 1473412171 175852288 start: 1473412168 782525784
t_num: 9 finish: 1473412171 269380503 start: 1473412169 819384951
t_num: 20 finish: 1473412171 424226337 start: 1473412169 819344871
t_num: 2 finish: 1473412171 970842125 start: 1473412169 562542544
t_num: 0 finish: 1473412172 62441623 start: 1473412169 653476312
t_num: 23 finish: 1473412172 62550561 start: 1473412170 210364501
t_num: 29 finish: 1473412172 253485401 start: 1473412169 877084209
t_num: 3 finish: 1473412172 470825982 start: 1473412170 596182704
t_num: 15 finish: 1473412172 558437680 start: 1473412170 596158876
t_num: 7 finish: 1473412172 746539622 start: 1473412170 373129037
t_num: 22 finish: 1473412172 746640659 start: 1473412170 595940080
t_num: 18 finish: 1473412172 746668347 start: 1473412171 267104805
t_num: 21 finish: 1473412172 838482924 start: 1473412169 756721222
t_num: 6 finish: 1473412173 312672655 start: 1473412172 63513997
t_num: 24 finish: 1473412173 532858460 start: 1473412171 753224409
t_num: 26 finish: 1473412173 533651088 start: 1473412171 319378884
t_num: 11 finish: 1473412173 624070089 start: 1473412170 40184340
t_num: 3 finish: 1473412173 625619607 start: 1473412172 470853483
t_num: 12 finish: 1473412173 657517809 start: 1473412171 639459404
t_num: 9 finish: 1473412173 826297895 start: 1473412172 568168897
t_num: 20 finish: 1473412173 886613996 start: 1473412171 424263819
t_num: 14 finish: 1473412173 932828500 start: 1473412172 590012521
t_num: 8 finish: 1473412173 970323079 start: 1473412171 639431615
t_num: 23 finish: 1473412174 218839178 start: 1473412172 62569214
t_num: 30 finish: 1473412174 505580381 start: 1473412172 88647640
t_num: 31 finish: 1473412174 696918383 start: 1473412173 75486414
t_num: 21 finish: 1473412174 946763176 start: 1473412172 838516869
t_num: 13 finish: 1473412175 206049404 start: 1473412172 63297391
t_num: 19 finish: 1473412175 206131396 start: 1473412173 886757110
t_num: 7 finish: 1473412175 206554583 start: 1473412172 746603961
t_num: 24 finish: 1473412175 423544759 start: 1473412173 532903799
t_num: 3 finish: 1473412175 525474750 start: 1473412173 625642382
t_num: 22 finish: 1473412175 567985812 start: 1473412172 746670535
t_num: 23 finish: 1473412175 665181291 start: 1473412174 218866518
t_num: 26 finish: 1473412175 665245009 start: 1473412173 533670043
t_num: 1 finish: 1473412175 914233716 start: 1473412173 8410162
t_num: 31 finish: 1473412176 243137178 start: 1473412174 696943259
t_num: 11 finish: 1473412176 243137178 start: 1473412174 590862616
t_num: 14 finish: 1473412176 475043006 start: 1473412173 932853961
t_num: 8 finish: 1473412176 496495803 start: 1473412173 970358570
t_num: 18 finish: 1473412176 976613988 start: 1473412174 153207428
t_num: 23 finish: 1473412176 976865800 start: 1473412175 665223718
t_num: 7 finish: 1473412177 61228059 start: 1473412175 206574464
t_num: 19 finish: 1473412177 61345185 start: 1473412175 206175222
t_num: 24 finish: 1473412177 63770000 start: 1473412175 423581513
t_num: 12 finish: 1473412177 102911088 start: 1473412174 791948156
t_num: 1 finish: 1473412177 121213530 start: 1473412175 914259969
t_num: 20 finish: 1473412177 230201591 start: 1473412173 886649327
t_num: 4 finish: 1473412177 284115570 start: 1473412176 108064505
t_num: 13 finish: 1473412177 631102070 start: 1473412175 206078681
t_num: 26 finish: 1473412177 669075462 start: 1473412175 665260564
t_num: 30 finish: 1473412177 723510788 start: 1473412175 713850689
t_num: 27 finish: 1473412177 885004890 start: 1473412176 91479754
t_num: 6 finish: 1473412178 129708491 start: 1473412176 108091852
t_num: 3 finish: 1473412178 426392936 start: 1473412176 785688851
t_num: 8 finish: 1473412178 428900772 start: 1473412176 496520282
t_num: 10 finish: 1473412178 463771611 start: 1473412175 768783739
t_num: 24 finish: 1473412178 482729451 start: 1473412177 63805321
t_num: 22 finish: 1473412178 760904202 start: 1473412176 123122606
t_num: 11 finish: 1473412179 57527673 start: 1473412176 243214769
t_num: 27 finish: 1473412179 355484828 start: 1473412177 885042928
t_num: 26 finish: 1473412179 356860298 start: 1473412177 669122524
t_num: 7 finish: 1473412179 360730313 start: 1473412177 61266196
t_num: 19 finish: 1473412179 935945302 start: 1473412178 481651903
t_num: 17 finish: 1473412179 936062827 start: 1473412178 506896506
t_num: 4 finish: 1473412179 998145709 start: 1473412177 284150272
t_num: 6 finish: 1473412180 49259339 start: 1473412178 129732623
t_num: 31 finish: 1473412180 163307705 start: 1473412176 976858242
t_num: 14 finish: 1473412180 527527741 start: 1473412177 924533904
t_num: 27 finish: 1473412180 563653192 start: 1473412179 355512445
t_num: 16 finish: 1473412180 593225824 start: 1473412177 925488030
t_num: 29 finish: 1473412180 645546251 start: 1473412177 924309176
t_num: 26 finish: 1473412180 995199819 start: 1473412179 356878894
t_num: 20 finish: 1473412180 995273063 start: 1473412178 642532671
t_num: 3 finish: 1473412180 995307911 start: 1473412178 582416782
t_num: 1 finish: 1473412181 489214971 start: 1473412178 524900264
t_num: 0 finish: 1473412181 490138278 start: 1473412178 426476991
t_num: 10 finish: 1473412181 738759299 start: 1473412179 936165982
t_num: 2 finish: 1473412181 738971048 start: 1473412179 325627925
t_num: 11 finish: 1473412181 958247423 start: 1473412179 57572039
t_num: 23 finish: 1473412182 39054925 start: 1473412178 655127527
t_num: 16 finish: 1473412182 215166978 start: 1473412180 593253829
t_num: 22 finish: 1473412182 215248064 start: 1473412179 935977177
t_num: 2 finish: 1473412182 230117954 start: 1473412181 738991499
t_num: 17 finish: 1473412182 249842937 start: 1473412180 644880808
t_num: 14 finish: 1473412182 460603026 start: 1473412181 793460668
t_num: 8 finish: 1473412182 620280757 start: 1473412180 61074419
t_num: 3 finish: 1473412182 665471934 start: 1473412180 995324655
t_num: 31 finish: 1473412182 712348317 start: 1473412181 939278845
t_num: 20 finish: 1473412182 747887923 start: 1473412182 249859284
t_num: 12 finish: 1473412182 776134778 start: 1473412179 644467769
t_num: 6 finish: 1473412182 888796455 start: 1473412180 49302871
t_num: 4 finish: 1473412182 946691941 start: 1473412180 955751026
t_num: 22 finish: 1473412183 286323193 start: 1473412182 215262578
t_num: 15 finish: 1473412183 287248907 start: 1473412181 730971477
t_num: 0 finish: 1473412183 291657590 start: 1473412181 490192591
t_num: 5 finish: 1473412183 292528772 start: 1473412181 750253981
t_num: 10 finish: 1473412183 516123117 start: 1473412181 738808480
t_num: 29 finish: 1473412183 660854170 start: 1473412181 943295969
t_num: 25 finish: 1473412183 708139079 start: 1473412181 909247387
t_num: 1 finish: 1473412183 922850689 start: 1473412182 462639685
t_num: 20 finish: 1473412183 922951410 start: 1473412182 747916574
t_num: 27 finish: 1473412184 17056650 start: 1473412182 36402542
t_num: 17 finish: 1473412184 17139543 start: 1473412182 249877564
t_num: 4 finish: 1473412184 88571217 start: 1473412182 946715011
t_num: 16 finish: 1473412184 301864986 start: 1473412182 215256635
t_num: 6 finish: 1473412184 571022111 start: 1473412182 888836701
t_num: 12 finish: 1473412184 687059414 start: 1473412182 776175716
t_num: 31 finish: 1473412185 17877504 start: 1473412183 328838608
t_num: 22 finish: 1473412185 61800340 start: 1473412183 286368730
t_num: 14 finish: 1473412185 199158798 start: 1473412182 888972498
t_num: 11 finish: 1473412185 200529558 start: 1473412182 888911835
t_num: 3 finish: 1473412185 474395999 start: 1473412182 665499006
t_num: 5 finish: 1473412185 622067112 start: 1473412184 89373855
t_num: 2 finish: 1473412185 666937099 start: 1473412184 681068854
t_num: 17 finish: 1473412185 672727129 start: 1473412184 588327447
t_num: 27 finish: 1473412185 679653770 start: 1473412185 13267548
t_num: 18 finish: 1473412185 680390674 start: 1473412183 660881078
t_num: 29 finish: 1473412185 854739245 start: 1473412183 660995198
t_num: 8 finish: 1473412185 930356725 start: 1473412182 948755949
t_num: 0 finish: 1473412185 930631734 start: 1473412184 135227081
t_num: 16 finish: 1473412185 930673167 start: 1473412184 588921571
t_num: 25 finish: 1473412186 433159699 start: 1473412183 708166978
t_num: 14 finish: 1473412186 553591184 start: 1473412185 199195603
t_num: 6 finish: 1473412186 724815164 start: 1473412184 833183845
t_num: 21 finish: 1473412186 725784181 start: 1473412184 466281454
t_num: 3 finish: 1473412186 778250068 start: 1473412185 474421262
t_num: 11 finish: 1473412186 778489394 start: 1473412185 200565618
t_num: 31 finish: 1473412186 954999286 start: 1473412185 621329559
t_num: 4 finish: 1473412187 219235016 start: 1473412184 88602269
t_num: 2 finish: 1473412187 636859450 start: 1473412186 431505994
t_num: 1 finish: 1473412187 747658854 start: 1473412185 474404305
t_num: 3 finish: 1473412187 772843816 start: 1473412186 778276190
t_num: 26 finish: 1473412187 773292222 start: 1473412185 622284225
t_num: 13 finish: 1473412187 773353081 start: 1473412186 778316528
t_num: 16 finish: 1473412188 43970940 start: 1473412185 930688688
t_num: 5 finish: 1473412188 44068814 start: 1473412185 622093846
t_num: 18 finish: 1473412188 108821082 start: 1473412185 680413135
t_num: 11 finish: 1473412188 487911936 start: 1473412186 778506707
t_num: 29 finish: 1473412188 509649818 start: 1473412185 854784257
t_num: 8 finish: 1473412188 621171371 start: 1473412186 906239275
t_num: 25 finish: 1473412188 621516672 start: 1473412186 433188474
t_num: 2 finish: 1473412188 800348916 start: 1473412187 636922016
t_num: 21 finish: 1473412188 845011213 start: 1473412187 660925225
t_num: 28 finish: 1473412189 130418060 start: 1473412187 468285658
t_num: 12 finish: 1473412189 130599389 start: 1473412186 602398561
t_num: 31 finish: 1473412189 262880972 start: 1473412188 43900672
t_num: 26 finish: 1473412189 269585690 start: 1473412187 773311727
t_num: 24 finish: 1473412189 324386993 start: 1473412187 393987897
t_num: 3 finish: 1473412189 381468007 start: 1473412187 772889812
t_num: 13 finish: 1473412189 464928914 start: 1473412187 773370581
t_num: 6 finish: 1473412189 667369655 start: 1473412186 724842865
t_num: 27 finish: 1473412190 30652099 start: 1473412188 797673648
t_num: 8 finish: 1473412190 30684686 start: 1473412188 621208792
t_num: 11 finish: 1473412190 133390723 start: 1473412188 487946055
t_num: 7 finish: 1473412190 312973386 start: 1473412187 471695283
t_num: 19 finish: 1473412190 427893881 start: 1473412188 797571898
t_num: 29 finish: 1473412190 671170557 start: 1473412189 229146278
t_num: 16 finish: 1473412190 793613851 start: 1473412188 588154997
t_num: 8 finish: 1473412190 940641490 start: 1473412190 169826943
t_num: 27 finish: 1473412190 941376028 start: 1473412190 30696017
t_num: 28 finish: 1473412191 131446173 start: 1473412189 852387170
t_num: 21 finish: 1473412191 162471197 start: 1473412188 845033878
t_num: 26 finish: 1473412191 163020015 start: 1473412189 269631965
t_num: 1 finish: 1473412191 354772313 start: 1473412189 346302668
t_num: 2 finish: 1473412191 707370592 start: 1473412188 800377709
t_num: 18 finish: 1473412191 996611699 start: 1473412189 269617711
t_num: 6 finish: 1473412192 276909037 start: 1473412189 859467020
t_num: 27 finish: 1473412192 278498739 start: 1473412190 941395596
t_num: 31 finish: 1473412192 279277832 start: 1473412190 84496956
t_num: 24 finish: 1473412192 282006594 start: 1473412189 324418170
t_num: 13 finish: 1473412192 284149752 start: 1473412189 859265823
t_num: 29 finish: 1473412192 284829719 start: 1473412190 671191868
t_num: 25 finish: 1473412192 328618963 start: 1473412190 527837430
t_num: 21 finish: 1473412192 390465510 start: 1473412191 162488895
t_num: 7 finish: 1473412192 390497113 start: 1473412190 312998360
t_num: 23 finish: 1473412192 481708553 start: 1473412190 670222998
t_num: 8 finish: 1473412192 701524224 start: 1473412191 555767461
t_num: 19 finish: 1473412192 883304162 start: 1473412191 161687373
t_num: 22 finish: 1473412192 920144223 start: 1473412191 423934354
t_num: 10 finish: 1473412192 999117106 start: 1473412191 945867611
t_num: 1 finish: 1473412193 96656231 start: 1473412191 623906847
t_num: 16 finish: 1473412193 140108421 start: 1473412190 793658003
t_num: 28 finish: 1473412193 386742097 start: 1473412191 997353530
t_num: 9 finish: 1473412193 530458064 start: 1473412191 277355938
t_num: 21 finish: 1473412193 565066738 start: 1473412192 390508813
t_num: 27 finish: 1473412193 732425296 start: 1473412192 278520133
t_num: 13 finish: 1473412193 995356396 start: 1473412192 284169834
t_num: 1 finish: 1473412193 998060326 start: 1473412193 96684910
t_num: 6 finish: 1473412194 167125835 start: 1473412192 276953579
t_num: 31 finish: 1473412194 261178524 start: 1473412192 279298649
t_num: 8 finish: 1473412194 336298957 start: 1473412193 364155321
t_num: 2 finish: 1473412194 390759890 start: 1473412192 701411676
t_num: 29 finish: 1473412194 454781744 start: 1473412192 284850503
t_num: 12 finish: 1473412194 638283495 start: 1473412192 825387563
t_num: 21 finish: 1473412194 849478217 start: 1473412193 565109918
t_num: 9 finish: 1473412194 850594368 start: 1473412193 612817391
t_num: 20 finish: 1473412195 275130518 start: 1473412193 732474711
t_num: 28 finish: 1473412195 378437974 start: 1473412193 386791434
t_num: 29 finish: 1473412195 463992289 start: 1473412194 454833091
t_num: 19 finish: 1473412195 481735327 start: 1473412192 883344377
t_num: 30 finish: 1473412195 748037856 start: 1473412194 263668533
t_num: 11 finish: 1473412195 848982481 start: 1473412193 732414633
t_num: 31 finish: 1473412195 945693208 start: 1473412194 261203584
t_num: 27 finish: 1473412196 83064373 start: 1473412193 732451750
t_num: 12 finish: 1473412196 357261697 start: 1473412194 638326772
t_num: 29 finish: 1473412196 532227353 start: 1473412195 464094510
t_num: 9 finish: 1473412196 570273833 start: 1473412194 850616277
t_num: 28 finish: 1473412196 570316560 start: 1473412195 378469031
t_num: 16 finish: 1473412196 570425709 start: 1473412194 920540363
t_num: 0 finish: 1473412196 811405984 start: 1473412195 387884600
t_num: 19 finish: 1473412197 21179778 start: 1473412195 481766390
t_num: 3 finish: 1473412197 78636280 start: 1473412194 653308146
t_num: 21 finish: 1473412197 78691455 start: 1473412195 327169260
t_num: 24 finish: 1473412197 116103488 start: 1473412195 553192298
t_num: 2 finish: 1473412197 277157727 start: 1473412194 957584971
t_num: 6 finish: 1473412197 280813326 start: 1473412194 849739552
t_num: 30 finish: 1473412197 344140694 start: 1473412195 748081564
t_num: 25 finish: 1473412197 593442257 start: 1473412194 905917302
t_num: 10 finish: 1473412197 594008687 start: 1473412195 851677729
t_num: 20 finish: 1473412197 653061058 start: 1473412196 227819180
t_num: 11 finish: 1473412197 658607866 start: 1473412195 849006715
t_num: 16 finish: 1473412198 166739950 start: 1473412196 601609116
t_num: 4 finish: 1473412198 207179000 start: 1473412196 423323776
t_num: 3 finish: 1473412198 412776104 start: 1473412197 78672179
t_num: 6 finish: 1473412198 669084545 start: 1473412197 280833798
t_num: 19 finish: 1473412198 692310076 start: 1473412197 21219315
t_num: 28 finish: 1473412198 985847256 start: 1473412196 570331852
t_num: 20 finish: 1473412199 190341938 start: 1473412197 653097154
t_num: 9 finish: 1473412199 190359946 start: 1473412197 977693324
t_num: 11 finish: 1473412199 282001042 start: 1473412197 658623675
t_num: 1 finish: 1473412199 494179448 start: 1473412197 277238972
t_num: 0 finish: 1473412199 505401305 start: 1473412197 344645603
t_num: 31 finish: 1473412199 676333877 start: 1473412197 276441987
t_num: 29 finish: 1473412199 697341013 start: 1473412196 532257040
t_num: 25 finish: 1473412199 774350706 start: 1473412197 593504170
t_num: 27 finish: 1473412199 886086372 start: 1473412198 208926468
t_num: 10 finish: 1473412199 886308668 start: 1473412198 208783379
t_num: 2 finish: 1473412199 990831663 start: 1473412197 594628662
t_num: 16 finish: 1473412200 261217857 start: 1473412198 696105648
t_num: 13 finish: 1473412200 373995713 start: 1473412198 751209959
t_num: 18 finish: 1473412200 403602584 start: 1473412198 614426237
t_num: 6 finish: 1473412200 609697275 start: 1473412199 597340232
t_num: 31 finish: 1473412200 625770617 start: 1473412199 676361462
t_num: 29 finish: 1473412201 178539601 start: 1473412199 697359074
t_num: 1 finish: 1473412201 203983606 start: 1473412199 494215000
t_num: 3 finish: 1473412201 204134722 start: 1473412198 412830996
t_num: 0 finish: 1473412201 225163881 start: 1473412199 505422096
t_num: 4 finish: 1473412201 306753602 start: 1473412199 190160341
t_num: 9 finish: 1473412201 506743651 start: 1473412200 205482131
t_num: 28 finish: 1473412202 476128 start: 1473412198 985913128
t_num: 13 finish: 1473412202 163769402 start: 1473412200 898820570
t_num: 22 finish: 1473412202 389112014 start: 1473412200 403634363
t_num: 25 finish: 1473412202 713280917 start: 1473412199 774389202
t_num: 0 finish: 1473412202 787812705 start: 1473412201 225181942
t_num: 8 finish: 1473412202 787839277 start: 1473412199 301792340
t_num: 5 finish: 1473412202 947489516 start: 1473412201 225147693
t_num: 16 finish: 1473412203 49710135 start: 1473412200 261262450
t_num: 10 finish: 1473412203 88251852 start: 1473412200 898838526
t_num: 2 finish: 1473412203 254848205 start: 1473412199 990868672
t_num: 7 finish: 1473412203 256160128 start: 1473412200 190356598
t_num: 11 finish: 1473412203 430765177 start: 1473412200 637681009
t_num: 3 finish: 1473412203 431393865 start: 1473412201 204157400
t_num: 18 finish: 1473412203 527209038 start: 1473412200 403652438
t_num: 29 finish: 1473412203 527209038 start: 1473412201 178579720
t_num: 4 finish: 1473412203 645293545 start: 1473412201 734498350
t_num: 8 finish: 1473412204 12483064 start: 1473412202 787854059
t_num: 10 finish: 1473412204 114088409 start: 1473412203 88277107
t_num: 6 finish: 1473412204 130307248 start: 1473412201 225338594
t_num: 25 finish: 1473412204 174349853 start: 1473412203 87481051
t_num: 9 finish: 1473412204 178941084 start: 1473412202 524835239
t_num: 1 finish: 1473412204 604944428 start: 1473412201 731679797
t_num: 16 finish: 1473412205 180725517 start: 1473412203 49751980
t_num: 28 finish: 1473412205 274431428 start: 1473412202 788056096
t_num: 17 finish: 1473412205 307767591 start: 1473412204 177559655
t_num: 5 finish: 1473412205 349775058 start: 1473412203 359591035
t_num: 2 finish: 1473412205 653186435 start: 1473412203 254890782
t_num: 7 finish: 1473412205 675491256 start: 1473412203 256181833
t_num: 4 finish: 1473412205 742321426 start: 1473412204 719489087
t_num: 11 finish: 1473412205 786459974 start: 1473412203 430792150
t_num: 14 finish: 1473412205 787016462 start: 1473412203 370574961
t_num: 13 finish: 1473412205 821117695 start: 1473412204 61483917
t_num: 25 finish: 1473412205 848305896 start: 1473412204 174385794
t_num: 20 finish: 1473412206 131381375 start: 1473412204 144587694
t_num: 17 finish: 1473412206 549562266 start: 1473412205 307789665
t_num: 10 finish: 1473412206 549598607 start: 1473412204 114131902
t_num: 8 finish: 1473412206 866360580 start: 1473412204 12522713
t_num: 0 finish: 1473412206 958603804 start: 1473412204 719437697
t_num: 27 finish: 1473412206 961838245 start: 1473412205 308207951
t_num: 28 finish: 1473412207 89696442 start: 1473412205 675509782
t_num: 16 finish: 1473412207 289444529 start: 1473412205 180762766
t_num: 1 finish: 1473412207 303399013 start: 1473412205 740034902
t_num: 6 finish: 1473412207 350309222 start: 1473412204 399593118
t_num: 3 finish: 1473412207 353669486 start: 1473412205 461618705
t_num: 9 finish: 1473412207 404228205 start: 1473412205 85065349
t_num: 13 finish: 1473412207 459166070 start: 1473412206 622495538
t_num: 25 finish: 1473412208 41945208 start: 1473412205 848326882
t_num: 11 finish: 1473412208 42342630 start: 1473412206 971421154
t_num: 16 finish: 1473412208 189566313 start: 1473412207 289473957
t_num: 5 finish: 1473412208 261239980 start: 1473412206 742026508
t_num: 1 finish: 1473412208 287286885 start: 1473412207 303419392
t_num: 27 finish: 1473412208 458488367 start: 1473412206 995883015
t_num: 2 finish: 1473412208 458871985 start: 1473412206 957951194
t_num: 14 finish: 1473412208 733848932 start: 1473412205 787036957
t_num: 9 finish: 1473412208 763405697 start: 1473412207 763892799
t_num: 4 finish: 1473412208 763412164 start: 1473412206 445961203
t_num: 0 finish: 1473412208 851045942 start: 1473412206 958642819
t_num: 26 finish: 1473412208 851095270 start: 1473412207 943135651
t_num: 10 finish: 1473412208 980609833 start: 1473412206 549633190
t_num: 17 finish: 1473412209 260456018 start: 1473412206 980955830
t_num: 30 finish: 1473412209 261453806 start: 1473412207 872450874
t_num: 21 finish: 1473412209 261639197 start: 1473412206 829993556
t_num: 11 finish: 1473412209 555791509 start: 1473412208 42377746
t_num: 15 finish: 1473412209 633272041 start: 1473412207 89505747
t_num: 2 finish: 1473412209 809079022 start: 1473412208 458893299
t_num: 31 finish: 1473412209 916016039 start: 1473412209 261606922
t_num: 16 finish: 1473412209 916084007 start: 1473412208 493703085
t_num: 3 finish: 1473412209 977620389 start: 1473412207 910338053
t_num: 9 finish: 1473412209 978267204 start: 1473412208 763448214
t_num: 6 finish: 1473412210 29667561 start: 1473412207 945227217
t_num: 19 finish: 1473412210 97008362 start: 1473412209 86650669
t_num: 11 finish: 1473412210 197855316 start: 1473412209 555838254
t_num: 14 finish: 1473412210 257094411 start: 1473412208 733891369
t_num: 5 finish: 1473412210 260939974 start: 1473412209 259451942
t_num: 2 finish: 1473412210 444730458 start: 1473412209 809122829
t_num: 23 finish: 1473412211 124825779 start: 1473412209 730728049
t_num: 31 finish: 1473412211 442088848 start: 1473412209 916060211
t_num: 30 finish: 1473412211 679528790 start: 1473412209 916838526
t_num: 9 finish: 1473412211 684149909 start: 1473412210 390071966
t_num: 17 finish: 1473412211 685998104 start: 1473412209 260486000
t_num: 14 finish: 1473412211 694439306 start: 1473412211 127684051
t_num: 18 finish: 1473412211 705514216 start: 1473412210 28180147
t_num: 8 finish: 1473412211 876597924 start: 1473412208 453316713
t_num: 31 finish: 1473412211 910867238 start: 1473412211 442127558
t_num: 20 finish: 1473412212 72343190 start: 1473412209 634242139
t_num: 17 finish: 1473412212 88608157 start: 1473412211 686018559
t_num: 3 finish: 1473412212 90710514 start: 1473412209 977658803
t_num: 15 finish: 1473412212 263813512 start: 1473412210 704064886
t_num: 24 finish: 1473412212 300428986 start: 1473412210 165214717
t_num: 5 finish: 1473412212 300672413 start: 1473412210 260962768
t_num: 11 finish: 1473412212 623429239 start: 1473412210 703480968
t_num: 10 finish: 1473412212 654755949 start: 1473412210 390048043
t_num: 21 finish: 1473412213 27701857 start: 1473412211 560328740
t_num: 23 finish: 1473412213 74605500 start: 1473412211 124853564
t_num: 3 finish: 1473412213 160984625 start: 1473412212 90749203
t_num: 1 finish: 1473412213 539322039 start: 1473412211 699771285
t_num: 9 finish: 1473412213 539491430 start: 1473412212 27539868
t_num: 18 finish: 1473412213 657957126 start: 1473412211 705578574
t_num: 31 finish: 1473412213 688161581 start: 1473412211 910906867
t_num: 24 finish: 1473412213 803626083 start: 1473412212 300455405
t_num: 15 finish: 1473412214 102260528 start: 1473412212 263868921
t_num: 19 finish: 1473412214 102534640 start: 1473412212 180626832
t_num: 17 finish: 1473412214 225040718 start: 1473412212 88646002
t_num: 28 finish: 1473412214 581043920 start: 1473412211 818697071
t_num: 30 finish: 1473412214 611723506 start: 1473412212 27873357
t_num: 0 finish: 1473412214 614971256 start: 1473412211 965229665
t_num: 11 finish: 1473412214 637907441 start: 1473412213 274581225
t_num: 1 finish: 1473412214 932208881 start: 1473412213 539358356
t_num: 29 finish: 1473412215 88666480 start: 1473412212 977061970
t_num: 21 finish: 1473412215 226320436 start: 1473412213 27742056
t_num: 27 finish: 1473412215 299492444 start: 1473412213 514847141
t_num: 6 finish: 1473412215 872632830 start: 1473412212 691315311
t_num: 31 finish: 1473412216 45576943 start: 1473412213 688180368
t_num: 3 finish: 1473412216 265638260 start: 1473412214 21931584
t_num: 11 finish: 1473412216 413687275 start: 1473412214 637927168
t_num: 1 finish: 1473412216 413686964 start: 1473412214 932248166
t_num: 23 finish: 1473412216 417188516 start: 1473412213 731378212
t_num: 9 finish: 1473412216 742794764 start: 1473412214 102455614
t_num: 16 finish: 1473412216 800081136 start: 1473412213 515526604
t_num: 17 finish: 1473412216 838056179 start: 1473412214 225086572
t_num: 30 finish: 1473412216 864883984 start: 1473412214 611741710
t_num: 29 finish: 1473412216 966220706 start: 1473412216 42466011
t_num: 13 finish: 1473412216 969696917 start: 1473412215 313322309
t_num: 27 finish: 1473412217 202065209 start: 1473412215 299558051
t_num: 28 finish: 1473412217 202856382 start: 1473412216 45040418
t_num: 20 finish: 1473412217 306948015 start: 1473412216 44980297
t_num: 22 finish: 1473412217 346576831 start: 1473412216 45811588
t_num: 18 finish: 1473412217 379495865 start: 1473412213 657991894
t_num: 12 finish: 1473412217 434747957 start: 1473412215 299584308
t_num: 31 finish: 1473412217 512704754 start: 1473412216 45603822
t_num: 25 finish: 1473412217 695750269 start: 1473412216 970283979
t_num: 21 finish: 1473412217 740760575 start: 1473412216 539557398
t_num: 9 finish: 1473412218 571001568 start: 1473412217 48468388
t_num: 1 finish: 1473412218 586227769 start: 1473412216 413912878
t_num: 23 finish: 1473412218 747482752 start: 1473412216 417209027
t_num: 3 finish: 1473412218 866546821 start: 1473412216 521689708
t_num: 28 finish: 1473412218 913072968 start: 1473412217 202876950
t_num: 16 finish: 1473412219 77297129 start: 1473412216 800107213
t_num: 13 finish: 1473412219 122894371 start: 1473412216 969717565
t_num: 11 finish: 1473412219 209339344 start: 1473412217 379256885
t_num: 22 finish: 1473412219 289491759 start: 1473412218 93865485
t_num: 20 finish: 1473412219 478384812 start: 1473412218 199474450
t_num: 29 finish: 1473412219 567495768 start: 1473412218 262364387
t_num: 25 finish: 1473412219 798189857 start: 1473412217 695795659
t_num: 27 finish: 1473412219 843999232 start: 1473412218 289716391
t_num: 2 finish: 1473412219 845829107 start: 1473412217 380342507
t_num: 22 finish: 1473412219 923370013 start: 1473412219 289517749
t_num: 8 finish: 1473412220 137582679 start: 1473412218 726386463
t_num: 23 finish: 1473412220 309937551 start: 1473412218 747516258
t_num: 1 finish: 1473412220 350869701 start: 1473412218 586263592
t_num: 13 finish: 1473412220 352993859 start: 1473412219 421274736
t_num: 3 finish: 1473412220 502640560 start: 1473412218 866580890
t_num: 30 finish: 1473412220 806016084 start: 1473412218 973528418
t_num: 16 finish: 1473412220 806320322 start: 1473412219 843771335
t_num: 26 finish: 1473412220 888911732 start: 1473412219 567483682
t_num: 9 finish: 1473412220 991606907 start: 1473412218 571042955
t_num: 2 finish: 1473412221 20201873 start: 1473412219 845849599
t_num: 11 finish: 1473412221 360650928 start: 1473412219 847950217
t_num: 29 finish: 1473412221 547874317 start: 1473412219 567518075
t_num: 14 finish: 1473412221 948934803 start: 1473412220 94350284
t_num: 25 finish: 1473412221 969622554 start: 1473412219 798219290
t_num: 27 finish: 1473412222 51868079 start: 1473412219 844020012
t_num: 23 finish: 1473412222 164007042 start: 1473412220 419743512
t_num: 18 finish: 1473412222 164128052 start: 1473412220 383880277
t_num: 15 finish: 1473412222 164368902 start: 1473412220 309969292
t_num: 1 finish: 1473412222 564906532 start: 1473412220 350893382
t_num: 8 finish: 1473412222 583628564 start: 1473412220 137616245
t_num: 2 finish: 1473412222 673975742 start: 1473412222 163738866
t_num: 30 finish: 1473412222 701162447 start: 1473412220 806092337
t_num: 9 finish: 1473412222 793923051 start: 1473412220 991658356
t_num: 18 finish: 1473412222 820392745 start: 1473412222 164161461
t_num: 26 finish: 1473412222 823088807 start: 1473412220 888973469
t_num: 4 finish: 1473412223 9112710 start: 1473412222 128968772
t_num: 11 finish: 1473412223 166321151 start: 1473412221 360692746
t_num: 31 finish: 1473412223 211237397 start: 1473412221 158955848
t_num: 25 finish: 1473412223 544432475 start: 1473412221 969640994
t_num: 23 finish: 1473412223 546660188 start: 1473412222 164029328
t_num: 0 finish: 1473412223 546720806 start: 1473412222 165394188
t_num: 8 finish: 1473412223 598440038 start: 1473412222 583649857
t_num: 16 finish: 1473412223 642420055 start: 1473412220 806340299
t_num: 1 finish: 1473412223 642445157 start: 1473412222 564958540
t_num: 3 finish: 1473412223 642706365 start: 1473412221 317988644
t_num: 14 finish: 1473412223 642780332 start: 1473412222 330522344
t_num: 29 finish: 1473412224 37727417 start: 1473412222 569355476
t_num: 31 finish: 1473412224 497369045 start: 1473412223 211256492
t_num: 22 finish: 1473412224 498127566 start: 1473412222 529229824
t_num: 23 finish: 1473412224 644750341 start: 1473412223 546680866
t_num: 18 finish: 1473412224 718203467 start: 1473412222 927723647
t_num: 5 finish: 1473412224 893647980 start: 1473412224 106788737
t_num: 19 finish: 1473412225 280577847 start: 1473412222 973501310
t_num: 3 finish: 1473412225 326119830 start: 1473412223 642724725
t_num: 11 finish: 1473412225 431304583 start: 1473412223 166353438
t_num: 9 finish: 1473412225 459373761 start: 1473412223 598420939
t_num: 0 finish: 1473412225 556420149 start: 1473412223 546738012
t_num: 7 finish: 1473412225 959645829 start: 1473412224 62037650
t_num: 4 finish: 1473412225 982389713 start: 1473412223 9143218
t_num: 24 finish: 1473412226 33033265 start: 1473412224 851224754
t_num: 17 finish: 1473412226 200241131 start: 1473412224 111992758
t_num: 1 finish: 1473412226 200453403 start: 1473412223 642477502
t_num: 26 finish: 1473412226 200489039 start: 1473412224 369126204
t_num: 5 finish: 1473412226 219874040 start: 1473412224 893692861
t_num: 14 finish: 1473412226 220358131 start: 1473412224 368946997
t_num: 2 finish: 1473412226 261230087 start: 1473412224 718152843
t_num: 3 finish: 1473412226 722559828 start: 1473412225 326155427
t_num: 12 finish: 1473412227 67336755 start: 1473412224 855584220
t_num: 22 finish: 1473412227 274335499 start: 1473412225 982177442
t_num: 31 finish: 1473412227 274472971 start: 1473412225 982185501
t_num: 9 finish: 1473412227 339829334 start: 1473412226 626626784
t_num: 23 finish: 1473412227 383471248 start: 1473412225 879481363
t_num: 29 finish: 1473412227 383480283 start: 1473412225 982158033
t_num: 18 finish: 1473412227 634615942 start: 1473412225 806512140
t_num: 3 finish: 1473412227 719761264 start: 1473412226 722605046
t_num: 5 finish: 1473412227 779826093 start: 1473412226 219893727
t_num: 8 finish: 1473412227 907824944 start: 1473412225 806484328
t_num: 2 finish: 1473412227 970070343 start: 1473412226 261266261
t_num: 11 finish: 1473412228 27969623 start: 1473412225 431351262
t_num: 0 finish: 1473412228 618847767 start: 1473412226 68648379
t_num: 14 finish: 1473412228 659049597 start: 1473412226 220377775
t_num: 31 finish: 1473412228 878062534 start: 1473412227 274492891
t_num: 29 finish: 1473412229 41646114 start: 1473412227 383527234
t_num: 20 finish: 1473412229 282594081 start: 1473412227 282718602
t_num: 26 finish: 1473412229 283154777 start: 1473412226 627186538
t_num: 6 finish: 1473412229 685801186 start: 1473412227 274834230
t_num: 1 finish: 1473412230 146841527 start: 1473412226 959435956
t_num: 5 finish: 1473412230 223031092 start: 1473412227 779859686
t_num: 25 finish: 1473412230 399564606 start: 1473412227 720019995
t_num: 8 finish: 1473412230 438821387 start: 1473412228 567743929
t_num: 0 finish: 1473412230 787582151 start: 1473412228 618873486
t_num: 19 finish: 1473412230 787599982 start: 1473412228 878156596
t_num: 11 finish: 1473412230 788631735 start: 1473412228 28011514
t_num: 9 finish: 1473412230 791951611 start: 1473412228 158386273
t_num: 30 finish: 1473412230 952464552 start: 1473412229 551647273
t_num: 14 finish: 1473412231 28272826 start: 1473412228 659072546
t_num: 21 finish: 1473412231 84727232 start: 1473412227 588114823
t_num: 12 finish: 1473412231 432629900 start: 1473412229 397923306
t_num: 22 finish: 1473412231 435025060 start: 1473412227 956959450
t_num: 29 finish: 1473412231 811505162 start: 1473412229 41683818
t_num: 20 finish: 1473412231 841463916 start: 1473412230 149560325
t_num: 13 finish: 1473412231 841505995 start: 1473412230 148073416
t_num: 19 finish: 1473412232 290919585 start: 1473412230 787694980
t_num: 18 finish: 1473412232 290972523 start: 1473412230 149842427
t_num: 0 finish: 1473412232 291023637 start: 1473412230 787629531
t_num: 30 finish: 1473412232 291512037 start: 1473412230 952495084
t_num: 22 finish: 1473412232 377467973 start: 1473412231 435047490
t_num: 1 finish: 1473412232 477451560 start: 1473412230 146884082
t_num: 14 finish: 1473412232 591228779 start: 1473412231 28301092
t_num: 15 finish: 1473412232 591249959 start: 1473412231 813555309
t_num: 16 finish: 1473412232 591311464 start: 1473412231 27752319
t_num: 3 finish: 1473412232 680428612 start: 1473412230 275944589
t_num: 25 finish: 1473412232 803179297 start: 1473412230 399607348
t_num: 19 finish: 1473412232 803228624 start: 1473412232 290983200
t_num: 29 finish: 1473412233 452078587 start: 1473412231 811534124
t_num: 23 finish: 1473412233 452865371 start: 1473412231 886619094
t_num: 21 finish: 1473412233 569169238 start: 1473412231 84769724
t_num: 20 finish: 1473412233 569962325 start: 1473412232 44812196
t_num: 1 finish: 1473412233 774367066 start: 1473412232 477491621
t_num: 12 finish: 1473412233 774402703 start: 1473412231 763395568
t_num: 14 finish: 1473412234 218520816 start: 1473412232 591266605
t_num: 13 finish: 1473412234 342200125 start: 1473412232 612007832
t_num: 0 finish: 1473412234 343552216 start: 1473412232 291052408
t_num: 15 finish: 1473412234 423656601 start: 1473412232 591291265
t_num: 8 finish: 1473412234 532403930 start: 1473412232 291324440
t_num: 22 finish: 1473412234 650659845 start: 1473412232 612021740
t_num: 18 finish: 1473412235 15277386 start: 1473412232 291006645
t_num: 3 finish: 1473412235 250674581 start: 1473412233 569070172
t_num: 23 finish: 1473412235 329366614 start: 1473412233 452898477
t_num: 9 finish: 1473412235 348996127 start: 1473412234 181347530
t_num: 29 finish: 1473412235 704257044 start: 1473412233 452113402
t_num: 14 finish: 1473412235 775288422 start: 1473412234 218540127
t_num: 30 finish: 1473412235 778531882 start: 1473412234 218535614
t_num: 8 finish: 1473412235 779002716 start: 1473412234 532431612
t_num: 2 finish: 1473412235 844688331 start: 1473412234 134515597
t_num: 4 finish: 1473412236 79991276 start: 1473412232 735304968
t_num: 10 finish: 1473412236 80530077 start: 1473412233 968750017
t_num: 6 finish: 1473412236 132948011 start: 1473412233 569846840
t_num: 20 finish: 1473412236 421514501 start: 1473412233 569983337
t_num: 13 finish: 1473412236 432818249 start: 1473412234 342239120
t_num: 0 finish: 1473412236 721072140 start: 1473412234 343568971
t_num: 3 finish: 1473412237 520406834 start: 1473412235 250737159
t_num: 1 finish: 1473412237 626397841 start: 1473412235 250888518
t_num: 24 finish: 1473412237 626461426 start: 1473412234 959352484
t_num: 13 finish: 1473412237 739760455 start: 1473412236 432857303
t_num: 22 finish: 1473412237 740557917 start: 1473412235 334896884
t_num: 9 finish: 1473412238 27903794 start: 1473412235 349037407
t_num: 23 finish: 1473412238 40758129 start: 1473412235 329397504
t_num: 15 finish: 1473412238 61212820 start: 1473412236 17188010
t_num: 7 finish: 1473412238 136194112 start: 1473412235 778358880
t_num: 28 finish: 1473412238 401820240 start: 1473412235 778958520
t_num: 6 finish: 1473412238 417118545 start: 1473412236 132984440
t_num: 18 finish: 1473412238 553761064 start: 1473412235 903773748
t_num: 30 finish: 1473412238 625408457 start: 1473412235 778552701
t_num: 0 finish: 1473412238 764758085 start: 1473412236 721111959
t_num: 29 finish: 1473412238 907761660 start: 1473412236 80296750
t_num: 1 finish: 1473412239 218870005 start: 1473412237 626440153
t_num: 3 finish: 1473412239 221139138 start: 1473412237 520465908
t_num: 14 finish: 1473412239 333600320 start: 1473412236 433173709
t_num: 20 finish: 1473412239 418897475 start: 1473412237 413635084
t_num: 22 finish: 1473412239 699170485 start: 1473412237 740578914
t_num: 30 finish: 1473412239 701218749 start: 1473412238 625445512
t_num: 29 finish: 1473412239 972463456 start: 1473412238 907816615
t_num: 24 finish: 1473412239 975653642 start: 1473412237 626475459
t_num: 2 finish: 1473412240 78355663 start: 1473412237 463795758
t_num: 13 finish: 1473412240 258001827 start: 1473412238 402582255
t_num: 28 finish: 1473412240 269371421 start: 1473412238 401861194
t_num: 8 finish: 1473412240 321862441 start: 1473412238 135337702
t_num: 0 finish: 1473412240 688320861 start: 1473412238 764802044
t_num: 19 finish: 1473412240 703619845 start: 1473412238 704602473
t_num: 3 finish: 1473412240 926800999 start: 1473412239 701024632
t_num: 6 finish: 1473412240 972759951 start: 1473412238 417140604
t_num: 24 finish: 1473412241 75626105 start: 1473412239 975674644
t_num: 10 finish: 1473412241 190556420 start: 1473412238 820830420
t_num: 11 finish: 1473412241 191754405 start: 1473412239 970899760
t_num: 14 finish: 1473412241 538961258 start: 1473412239 856459866
t_num: 27 finish: 1473412242 127144509 start: 1473412240 632085423
t_num: 9 finish: 1473412242 130975110 start: 1473412240 238886884
t_num: 26 finish: 1473412242 394618646 start: 1473412239 365769011
t_num: 0 finish: 1473412242 541516228 start: 1473412240 688350551
t_num: 21 finish: 1473412242 615259024 start: 1473412240 118938741
t_num: 7 finish: 1473412242 693362169 start: 1473412240 78389123
t_num: 19 finish: 1473412242 695476541 start: 1473412240 703643417
t_num: 31 finish: 1473412242 795051633 start: 1473412240 725916285
t_num: 8 finish: 1473412242 795464428 start: 1473412240 321893738
t_num: 20 finish: 1473412243 21064120 start: 1473412240 240006826
t_num: 11 finish: 1473412243 21768082 start: 1473412241 191775238
t_num: 2 finish: 1473412243 277848838 start: 1473412240 794788182
t_num: 24 finish: 1473412243 357533820 start: 1473412241 75658953
t_num: 22 finish: 1473412243 358116168 start: 1473412242 380975610
t_num: 10 finish: 1473412243 581659771 start: 1473412242 206685144
t_num: 1 finish: 1473412243 581665649 start: 1473412241 40958811
t_num: 7 finish: 1473412244 20632660 start: 1473412242 693396694
t_num: 27 finish: 1473412244 79559043 start: 1473412242 127180549
t_num: 6 finish: 1473412244 370670837 start: 1473412240 972846555
t_num: 9 finish: 1473412244 407645202 start: 1473412242 130995696
t_num: 11 finish: 1473412244 424737199 start: 1473412243 21786084
t_num: 3 finish: 1473412244 430674363 start: 1473412242 131187175
t_num: 0 finish: 1473412244 774915592 start: 1473412242 541552244
t_num: 10 finish: 1473412245 252551095 start: 1473412243 581692968
t_num: 22 finish: 1473412245 385044449 start: 1473412243 358135270
t_num: 20 finish: 1473412245 531911843 start: 1473412243 883983270
t_num: 13 finish: 1473412245 668825486 start: 1473412243 519776130
t_num: 1 finish: 1473412245 689293307 start: 1473412243 581706621
t_num: 31 finish: 1473412245 689363694 start: 1473412242 795085438
t_num: 5 finish: 1473412245 979473284 start: 1473412243 113424657
t_num: 23 finish: 1473412245 979783436 start: 1473412242 705500354
t_num: 26 finish: 1473412245 980869165 start: 1473412242 795534694
t_num: 12 finish: 1473412245 980883633 start: 1473412243 357299507
t_num: 24 finish: 1473412246 418116702 start: 1473412245 307339203
t_num: 16 finish: 1473412246 647332082 start: 1473412244 326973899
t_num: 10 finish: 1473412246 659310327 start: 1473412245 252581280
t_num: 27 finish: 1473412246 860694094 start: 1473412244 436619714
t_num: 31 finish: 1473412246 929462221 start: 1473412245 689389123
t_num: 8 finish: 1473412247 25002993 start: 1473412243 232116615
t_num: 21 finish: 1473412247 441094538 start: 1473412244 551355334
t_num: 11 finish: 1473412247 441846315 start: 1473412245 242443225
t_num: 4 finish: 1473412247 572460786 start: 1473412246 34873765
t_num: 22 finish: 1473412247 595463476 start: 1473412245 385072477
t_num: 9 finish: 1473412247 648477586 start: 1473412245 433340207
t_num: 23 finish: 1473412247 678834811 start: 1473412246 259094123
t_num: 1 finish: 1473412247 679456457 start: 1473412245 689332101
t_num: 5 finish: 1473412248 181809954 start: 1473412245 979538756
t_num: 26 finish: 1473412248 872562611 start: 1473412246 918943867
t_num: 27 finish: 1473412248 872620053 start: 1473412246 860716809
t_num: 17 finish: 1473412248 872654820 start: 1473412246 254696366
t_num: 11 finish: 1473412248 968317904 start: 1473412247 441867409
t_num: 24 finish: 1473412249 269707621 start: 1473412247 87963676
t_num: 7 finish: 1473412249 271198195 start: 1473412247 87230383
t_num: 10 finish: 1473412249 326215343 start: 1473412246 659327322
t_num: 16 finish: 1473412249 512647846 start: 1473412246 647374094
t_num: 21 finish: 1473412249 512669083 start: 1473412247 441139246
t_num: 31 finish: 1473412249 566054506 start: 1473412246 929483632
t_num: 18 finish: 1473412249 772306855 start: 1473412247 442758978
t_num: 8 finish: 1473412249 809142447 start: 1473412248 381918013
t_num: 27 finish: 1473412250 384891397 start: 1473412248 872635603
t_num: 23 finish: 1473412250 384899313 start: 1473412247 678861416
t_num: 4 finish: 1473412250 384927405 start: 1473412248 51621187
t_num: 1 finish: 1473412250 755355235 start: 1473412249 185397705
t_num: 21 finish: 1473412250 757753082 start: 1473412249 512684390
t_num: 28 finish: 1473412250 782943748 start: 1473412247 519441151
t_num: 20 finish: 1473412250 784178922 start: 1473412247 256107361
t_num: 7 finish: 1473412251 217250360 start: 1473412249 271219328
t_num: 16 finish: 1473412251 342681339 start: 1473412249 967927208
t_num: 31 finish: 1473412251 370832956 start: 1473412249 566078992
t_num: 24 finish: 1473412251 772105911 start: 1473412249 269749503
t_num: 5 finish: 1473412251 774876779 start: 1473412249 512239769
t_num: 15 finish: 1473412251 778856268 start: 1473412248 708151925
t_num: 21 finish: 1473412251 779076796 start: 1473412250 757771002
t_num: 8 finish: 1473412251 828858108 start: 1473412249 809206796
t_num: 27 finish: 1473412252 47033280 start: 1473412251 91367308
t_num: 29 finish: 1473412252 87160326 start: 1473412249 886515963
t_num: 2 finish: 1473412252 116105296 start: 1473412250 384966230
t_num: 1 finish: 1473412252 326952318 start: 1473412250 755398596
t_num: 17 finish: 1473412252 416987150 start: 1473412250 936440743
t_num: 12 finish: 1473412252 542206574 start: 1473412249 889341340
t_num: 4 finish: 1473412253 11382673 start: 1473412250 384943590
t_num: 20 finish: 1473412253 180580785 start: 1473412250 784211521
t_num: 2 finish: 1473412253 289643381 start: 1473412252 116124722
t_num: 16 finish: 1473412253 417568027 start: 1473412251 509368192
t_num: 9 finish: 1473412253 462367134 start: 1473412251 345915960
t_num: 6 finish: 1473412253 462422135 start: 1473412251 345644781
t_num: 7 finish: 1473412253 494394837 start: 1473412251 500909526
t_num: 29 finish: 1473412253 555353171 start: 1473412252 87197080
t_num: 15 finish: 1473412253 720734784 start: 1473412251 778874687
t_num: 27 finish: 1473412253 789768000 start: 1473412252 47064778
t_num: 18 finish: 1473412254 35263760 start: 1473412251 342685725
t_num: 21 finish: 1473412254 56266976 start: 1473412252 100538385
t_num: 25 finish: 1473412254 315108885 start: 1473412252 920323390
t_num: 12 finish: 1473412254 374767654 start: 1473412252 542238738
t_num: 28 finish: 1473412254 400117007 start: 1473412252 148113270
t_num: 8 finish: 1473412254 498901043 start: 1473412252 327345426
t_num: 13 finish: 1473412254 631529708 start: 1473412252 458918328
t_num: 19 finish: 1473412254 781274482 start: 1473412253 859103503
t_num: 17 finish: 1473412254 978299070 start: 1473412253 555917686
t_num: 6 finish: 1473412255 435706218 start: 1473412253 462435668
t_num: 16 finish: 1473412255 465072990 start: 1473412253 417629275
t_num: 0 finish: 1473412255 589168716 start: 1473412254 239989338
t_num: 4 finish: 1473412256 447456171 start: 1473412253 11413087
t_num: 21 finish: 1473412256 629133720 start: 1473412254 56287940
t_num: 20 finish: 1473412257 149316508 start: 1473412253 872618296
t_num: 1 finish: 1473412257 197656769 start: 1473412253 859294614
t_num: 27 finish: 1473412257 198826804 start: 1473412253 789799794
t_num: 16 finish: 1473412257 221751370 start: 1473412255 465094187
t_num: 2 finish: 1473412257 243305625 start: 1473412253 289682821
t_num: 8 finish: 1473412257 317078885 start: 1473412255 91417508
t_num: 29 finish: 1473412257 375992449 start: 1473412255 223143045
t_num: 22 finish: 1473412257 444839372 start: 1473412255 652390319
t_num: 28 finish: 1473412257 444932776 start: 1473412257 7859692
t_num: 21 finish: 1473412257 548149383 start: 1473412256 629176752
t_num: 9 finish: 1473412257 548516937 start: 1473412255 386074880
t_num: 13 finish: 1473412257 551719124 start: 1473412255 352099918
t_num: 10 finish: 1473412257 551726482 start: 1473412257 7206147
t_num: 7 finish: 1473412257 649068163 start: 1473412254 799105418
t_num: 17 finish: 1473412257 758755551 start: 1473412254 978343558
t_num: 19 finish: 1473412257 799205457 start: 1473412255 386411990
t_num: 25 finish: 1473412257 912407104 start: 1473412256 834684401
t_num: 8 finish: 1473412257 948811475 start: 1473412257 317114208
t_num: 21 finish: 1473412257 948837327 start: 1473412257 548234726
t_num: 4 finish: 1473412258 16173418 start: 1473412257 201216168
t_num: 27 finish: 1473412258 92367015 start: 1473412257 198848101
t_num: 10 finish: 1473412258 129923801 start: 1473412257 551764127
t_num: 2 finish: 1473412258 143826072 start: 1473412257 243356803
t_num: 23 finish: 1473412258 158012983 start: 1473412257 243322249
t_num: 3 finish: 1473412258 191828163 start: 1473412257 853739813
t_num: 19 finish: 1473412258 253178704 start: 1473412257 799245185
t_num: 9 finish: 1473412258 393875346 start: 1473412257 799226208
t_num: 21 finish: 1473412258 509766600 start: 1473412257 948979627
t_num: 16 finish: 1473412258 530490840 start: 1473412257 758565845
t_num: 11 finish: 1473412258 605032323 start: 1473412257 676664806
t_num: 28 finish: 1473412258 790915336 start: 1473412257 444984339
t_num: 29 finish: 1473412259 138685027 start: 1473412258 125528975
t_num: 20 finish: 1473412259 159904665 start: 1473412257 758592806
t_num: 9 finish: 1473412259 387876074 start: 1473412258 626472320
t_num: 27 finish: 1473412259 447749599 start: 1473412258 92412030
t_num: 1 finish: 1473412259 612839648 start: 1473412258 94055334
t_num: 26 finish: 1473412259 612842719 start: 1473412258 599664554
t_num: 10 finish: 1473412259 840351260 start: 1473412258 627168461
t_num: 7 finish: 1473412260 123970642 start: 1473412258 267548851
t_num: 21 finish: 1473412260 239548810 start: 1473412258 792884316
t_num: 19 finish: 1473412260 400560824 start: 1473412258 253208817
t_num: 14 finish: 1473412260 652675002 start: 1473412259 159467189
t_num: 4 finish: 1473412260 683703515 start: 1473412258 16218535
t_num: 29 finish: 1473412260 727320461 start: 1473412259 138712133
t_num: 25 finish: 1473412260 797539387 start: 1473412258 818676581
t_num: 16 finish: 1473412260 956619625 start: 1473412258 530513152
t_num: 13 finish: 1473412261 25337955 start: 1473412258 430429683
t_num: 11 finish: 1473412261 25588327 start: 1473412259 138608966
t_num: 3 finish: 1473412261 193807773 start: 1473412259 877468999
t_num: 7 finish: 1473412261 208955205 start: 1473412260 124017203
t_num: 15 finish: 1473412261 997494745 start: 1473412259 423964522
t_num: 2 finish: 1473412262 89955888 start: 1473412259 139187338
t_num: 23 finish: 1473412262 201653139 start: 1473412259 365374382
t_num: 4 finish: 1473412262 491084420 start: 1473412260 683746190
t_num: 1 finish: 1473412262 539246520 start: 1473412259 612896604
t_num: 7 finish: 1473412262 671693001 start: 1473412261 208984762
t_num: 14 finish: 1473412262 844333691 start: 1473412261 209160614
t_num: 12 finish: 1473412262 929707143 start: 1473412260 872903233
t_num: 27 finish: 1473412262 929941527 start: 1473412260 189028027
t_num: 9 finish: 1473412262 964944790 start: 1473412260 658527311
t_num: 26 finish: 1473412262 964946056 start: 1473412260 658474359
t_num: 20 finish: 1473412263 16664173 start: 1473412259 877598872
t_num: 19 finish: 1473412263 38906712 start: 1473412260 400607905
t_num: 30 finish: 1473412263 39386697 start: 1473412261 996811052
t_num: 21 finish: 1473412263 223168647 start: 1473412260 719737004
t_num: 25 finish: 1473412263 446783023 start: 1473412261 388143766
t_num: 22 finish: 1473412263 446870847 start: 1473412262 301585445
t_num: 11 finish: 1473412263 470584529 start: 1473412261 964138893
t_num: 29 finish: 1473412263 534108300 start: 1473412262 98716456
t_num: 2 finish: 1473412263 718921960 start: 1473412262 90005974
t_num: 7 finish: 1473412263 990535181 start: 1473412262 671736910
t_num: 30 finish: 1473412264 102434983 start: 1473412263 39406142
t_num: 23 finish: 1473412264 257917320 start: 1473412262 201679694
t_num: 4 finish: 1473412264 515490248 start: 1473412262 491128717
t_num: 13 finish: 1473412264 515823045 start: 1473412262 896977969
t_num: 29 finish: 1473412264 707732441 start: 1473412263 534148722
t_num: 24 finish: 1473412264 717931023 start: 1473412262 683480710
t_num: 22 finish: 1473412264 717935449 start: 1473412263 446891642
t_num: 3 finish: 1473412264 748830815 start: 1473412262 199544236
t_num: 15 finish: 1473412264 748852387 start: 1473412262 631424633
t_num: 27 finish: 1473412264 749127521 start: 1473412263 39583781
t_num: 9 finish: 1473412264 795537302 start: 1473412262 964976684
t_num: 25 finish: 1473412264 895868916 start: 1473412264 167689037
t_num: 1 finish: 1473412265 741952326 start: 1473412263 66407314
t_num: 7 finish: 1473412265 930045936 start: 1473412263 990572933
t_num: 12 finish: 1473412265 948983321 start: 1473412264 118972448
t_num: 19 finish: 1473412265 974190898 start: 1473412263 572179388
t_num: 13 finish: 1473412265 974286790 start: 1473412264 515845871
t_num: 25 finish: 1473412266 76946239 start: 1473412264 895892521
t_num: 6 finish: 1473412266 206485767 start: 1473412263 741765476
t_num: 24 finish: 1473412266 206570716 start: 1473412264 717954732
t_num: 9 finish: 1473412266 336128360 start: 1473412265 179478006
t_num: 27 finish: 1473412266 777913730 start: 1473412264 749147384
t_num: 28 finish: 1473412266 789602303 start: 1473412264 515499117
t_num: 0 finish: 1473412266 855556591 start: 1473412264 413053767
t_num: 30 finish: 1473412266 940562542 start: 1473412265 826121733
t_num: 29 finish: 1473412267 88779517 start: 1473412265 2136081
t_num: 3 finish: 1473412267 216237000 start: 1473412265 799744319
t_num: 13 finish: 1473412267 222705628 start: 1473412265 974303304
t_num: 23 finish: 1473412267 302707563 start: 1473412264 257950187
t_num: 5 finish: 1473412267 471085972 start: 1473412264 966314787
t_num: 17 finish: 1473412267 652161291 start: 1473412265 917722431
t_num: 15 finish: 1473412267 728131011 start: 1473412265 740142580
t_num: 6 finish: 1473412267 769750394 start: 1473412266 206549542
t_num: 11 finish: 1473412267 769812975 start: 1473412264 711602462
t_num: 24 finish: 1473412267 986713830 start: 1473412266 206586018
t_num: 14 finish: 1473412268 140389733 start: 1473412265 826055142
t_num: 29 finish: 1473412268 408348035 start: 1473412267 88809394
t_num: 19 finish: 1473412268 416154530 start: 1473412266 777057429
t_num: 8 finish: 1473412268 471476812 start: 1473412267 214100677
t_num: 15 finish: 1473412268 557544737 start: 1473412267 728155866
t_num: 7 finish: 1473412268 630701664 start: 1473412266 77567191
t_num: 3 finish: 1473412268 718930309 start: 1473412267 216265840
t_num: 1 finish: 1473412268 854083628 start: 1473412267 302430165
t_num: 25 finish: 1473412269 3853022 start: 1473412266 769871916
t_num: 18 finish: 1473412269 78042691 start: 1473412267 349958503
t_num: 27 finish: 1473412269 78687882 start: 1473412267 418002138
t_num: 12 finish: 1473412269 78696655 start: 1473412267 693036217
t_num: 5 finish: 1473412269 79920694 start: 1473412268 407004905
t_num: 13 finish: 1473412269 178368890 start: 1473412267 693331025
t_num: 6 finish: 1473412269 301596304 start: 1473412267 769771681
t_num: 31 finish: 1473412269 802113935 start: 1473412267 922065349
t_num: 11 finish: 1473412269 862802341 start: 1473412268 417232200
t_num: 28 finish: 1473412269 932363077 start: 1473412268 757872503
t_num: 29 finish: 1473412269 988173180 start: 1473412268 408376366
t_num: 3 finish: 1473412270 51685383 start: 1473412268 718973123
t_num: 30 finish: 1473412270 241779381 start: 1473412268 126593010
t_num: 8 finish: 1473412270 282658869 start: 1473412269 77072299
t_num: 9 finish: 1473412270 345362542 start: 1473412267 693052321
t_num: 5 finish: 1473412270 391013101 start: 1473412269 79936138
t_num: 18 finish: 1473412270 427615424 start: 1473412269 78066201
t_num: 12 finish: 1473412270 451853867 start: 1473412269 78714627
t_num: 17 finish: 1473412270 486353013 start: 1473412268 757048873
t_num: 6 finish: 1473412270 602698400 start: 1473412269 301617361
t_num: 24 finish: 1473412271 129220249 start: 1473412268 809349010
t_num: 7 finish: 1473412271 427927827 start: 1473412268 630742300
t_num: 13 finish: 1473412271 698502960 start: 1473412270 246254085
t_num: 11 finish: 1473412271 837898731 start: 1473412269 862837538
t_num: 29 finish: 1473412271 841218231 start: 1473412270 451936687
t_num: 8 finish: 1473412271 856046887 start: 1473412270 982806330
t_num: 6 finish: 1473412271 895945835 start: 1473412270 602736979
t_num: 14 finish: 1473412271 915088403 start: 1473412270 245483734
t_num: 18 finish: 1473412272 137167465 start: 1473412270 570741426
t_num: 25 finish: 1473412272 182256676 start: 1473412269 988239266
t_num: 24 finish: 1473412272 205852400 start: 1473412271 129270530
t_num: 31 finish: 1473412272 205858401 start: 1473412270 182026782
t_num: 9 finish: 1473412272 360719718 start: 1473412270 345381575
t_num: 0 finish: 1473412272 448404924 start: 1473412270 92361554
t_num: 5 finish: 1473412272 449055176 start: 1473412271 462632868
t_num: 1 finish: 1473412272 715245315 start: 1473412270 247043114
t_num: 12 finish: 1473412272 778405765 start: 1473412271 762757161
t_num: 11 finish: 1473412273 106634347 start: 1473412271 837936988
t_num: 29 finish: 1473412273 256805481 start: 1473412272 634268518
t_num: 14 finish: 1473412273 409652768 start: 1473412271 915108336
t_num: 28 finish: 1473412273 460918716 start: 1473412270 391059245
t_num: 22 finish: 1473412273 585796685 start: 1473412271 618135867
t_num: 19 finish: 1473412273 672072804 start: 1473412272 360984449
t_num: 3 finish: 1473412273 751239034 start: 1473412271 233327320
t_num: 10 finish: 1473412273 817324598 start: 1473412271 915160989
t_num: 25 finish: 1473412274 53167480 start: 1473412272 182297828
t_num: 9 finish: 1473412274 53723178 start: 1473412272 360751471
t_num: 8 finish: 1473412274 317471027 start: 1473412273 230687200
t_num: 6 finish: 1473412274 348454817 start: 1473412271 918116444
t_num: 30 finish: 1473412274 349165222 start: 1473412273 76869067
t_num: 1 finish: 1473412274 535179934 start: 1473412272 715307597
t_num: 21 finish: 1473412275 57344041 start: 1473412273 27709364
t_num: 24 finish: 1473412275 91442816 start: 1473412273 601621514
t_num: 11 finish: 1473412275 107450930 start: 1473412273 602487246
t_num: 18 finish: 1473412275 141905419 start: 1473412273 77458197
t_num: 26 finish: 1473412275 216183905 start: 1473412273 256012631
t_num: 12 finish: 1473412275 419224297 start: 1473412273 601968035
t_num: 5 finish: 1473412276 219108489 start: 1473412274 374336207
t_num: 4 finish: 1473412276 220299612 start: 1473412274 534962365
t_num: 3 finish: 1473412276 250739389 start: 1473412274 374656470
t_num: 8 finish: 1473412276 313884612 start: 1473412275 549709988
t_num: 29 finish: 1473412276 340989279 start: 1473412274 366033484
t_num: 31 finish: 1473412276 484248262 start: 1473412273 564351427
t_num: 10 finish: 1473412276 484325566 start: 1473412274 374388121
t_num: 12 finish: 1473412276 484446978 start: 1473412275 419265313
t_num: 19 finish: 1473412276 497507838 start: 1473412274 346733995
t_num: 1 finish: 1473412276 532916071 start: 1473412274 535205511
t_num: 4 finish: 1473412276 806988762 start: 1473412276 220333345
t_num: 26 finish: 1473412276 886738423 start: 1473412275 216226293
t_num: 24 finish: 1473412277 71352721 start: 1473412275 91463749
t_num: 6 finish: 1473412277 72277002 start: 1473412275 85711048
t_num: 16 finish: 1473412277 703094354 start: 1473412275 90546283
t_num: 11 finish: 1473412277 737719887 start: 1473412276 224269349
t_num: 18 finish: 1473412277 737727057 start: 1473412275 141949493
t_num: 14 finish: 1473412277 819289781 start: 1473412276 477721716
t_num: 21 finish: 1473412277 870900572 start: 1473412275 57388838
t_num: 4 finish: 1473412278 155650849 start: 1473412276 807014745
t_num: 24 finish: 1473412278 435651934 start: 1473412277 71393806
t_num: 1 finish: 1473412278 765447376 start: 1473412276 806756443
t_num: 3 finish: 1473412279 3685591 start: 1473412277 503234705
t_num: 15 finish: 1473412279 199537294 start: 1473412276 484248237
t_num: 14 finish: 1473412279 233820672 start: 1473412277 819316692
t_num: 10 finish: 1473412279 288836662 start: 1473412276 484343345
t_num: 19 finish: 1473412279 425752411 start: 1473412276 497528611
t_num: 29 finish: 1473412279 481424226 start: 1473412277 590755533
t_num: 2 finish: 1473412279 632146470 start: 1473412277 363006880
t_num: 26 finish: 1473412279 632426910 start: 1473412276 886782147
t_num: 30 finish: 1473412279 673710617 start: 1473412277 397552996
t_num: 8 finish: 1473412279 696194120 start: 1473412276 982004928
t_num: 5 finish: 1473412279 696255172 start: 1473412277 590515684
t_num: 23 finish: 1473412280 547487703 start: 1473412276 772379805
t_num: 3 finish: 1473412280 897586015 start: 1473412279 3717703
t_num: 31 finish: 1473412280 909514640 start: 1473412278 534837413
t_num: 11 finish: 1473412280 909584513 start: 1473412277 737773587
t_num: 27 finish: 1473412280 910372934 start: 1473412278 430309730
t_num: 17 finish: 1473412281 4223758 start: 1473412279 320020412
t_num: 26 finish: 1473412281 200015554 start: 1473412279 632445932
t_num: 19 finish: 1473412281 217376139 start: 1473412279 425806934
t_num: 4 finish: 1473412281 223081390 start: 1473412278 155708760
t_num: 15 finish: 1473412281 254417420 start: 1473412279 199581988
t_num: 14 finish: 1473412281 750703796 start: 1473412279 233872663
t_num: 29 finish: 1473412281 758363798 start: 1473412280 128696937
t_num: 1 finish: 1473412281 802019107 start: 1473412280 748550097
t_num: 7 finish: 1473412281 825247655 start: 1473412280 56163620
t_num: 21 finish: 1473412281 867594328 start: 1473412280 218297621
t_num: 10 finish: 1473412281 916739187 start: 1473412280 840724872
t_num: 30 finish: 1473412282 267921776 start: 1473412279 673753413
t_num: 17 finish: 1473412282 267968350 start: 1473412281 4247595
t_num: 12 finish: 1473412282 288312828 start: 1473412280 722652180
t_num: 16 finish: 1473412282 359305713 start: 1473412279 622737062
t_num: 2 finish: 1473412282 399541768 start: 1473412279 632173822
t_num: 15 finish: 1473412282 775518092 start: 1473412281 254435299
t_num: 5 finish: 1473412282 775520515 start: 1473412279 696270863
t_num: 29 finish: 1473412283 28982224 start: 1473412281 758379860
t_num: 26 finish: 1473412283 552223415 start: 1473412281 916771540
t_num: 3 finish: 1473412283 564827003 start: 1473412281 808853723
t_num: 27 finish: 1473412283 584470870 start: 1473412281 394380378
t_num: 23 finish: 1473412284 160303503 start: 1473412281 808731571
t_num: 4 finish: 1473412284 160394161 start: 1473412282 742427561
t_num: 30 finish: 1473412284 171711446 start: 1473412282 742352854
t_num: 7 finish: 1473412284 314026932 start: 1473412281 825271666
t_num: 31 finish: 1473412284 406996826 start: 1473412282 399609563
t_num: 14 finish: 1473412284 572381361 start: 1473412282 201898413
t_num: 19 finish: 1473412284 573320892 start: 1473412281 808131472
t_num: 1 finish: 1473412284 613406044 start: 1473412282 201020504
t_num: 2 finish: 1473412284 687533204 start: 1473412282 848420740
t_num: 5 finish: 1473412284 722938807 start: 1473412282 775596678
t_num: 9 finish: 1473412284 722982808 start: 1473412283 397995517
t_num: 25 finish: 1473412284 931397009 start: 1473412282 288754908
t_num: 28 finish: 1473412285 52364720 start: 1473412282 584204907
t_num: 3 finish: 1473412285 53796204 start: 1473412283 564856067
t_num: 16 finish: 1473412285 57514285 start: 1473412283 911151687
t_num: 12 finish: 1473412285 217894987 start: 1473412282 288335070
t_num: 29 finish: 1473412285 495624150 start: 1473412284 133679813
t_num: 7 finish: 1473412285 965540800 start: 1473412284 314088518
t_num: 2 finish: 1473412286 365807681 start: 1473412284 687562276
t_num: 31 finish: 1473412286 386416362 start: 1473412284 407030645
t_num: 6 finish: 1473412286 389473972 start: 1473412283 701078182
t_num: 9 finish: 1473412286 411212093 start: 1473412284 723001273
t_num: 26 finish: 1473412286 459947690 start: 1473412284 13484021
t_num: 28 finish: 1473412287 222888485 start: 1473412285 52408601
t_num: 4 finish: 1473412287 270488237 start: 1473412284 160441073
t_num: 5 finish: 1473412287 311772475 start: 1473412286 407665721
t_num: 30 finish: 1473412287 352949738 start: 1473412285 60784213
t_num: 21 finish: 1473412287 370471840 start: 1473412284 591753621
t_num: 8 finish: 1473412287 430793349 start: 1473412285 576403378
t_num: 27 finish: 1473412287 480385802 start: 1473412284 777064255
t_num: 2 finish: 1473412287 875567951 start: 1473412286 365835032
t_num: 0 finish: 1473412287 876658713 start: 1473412286 123448042
t_num: 6 finish: 1473412288 351231546 start: 1473412286 389496224
t_num: 13 finish: 1473412288 431043106 start: 1473412286 365756473
t_num: 26 finish: 1473412288 431655405 start: 1473412287 430941555
t_num: 30 finish: 1473412288 462373578 start: 1473412287 844192081
t_num: 10 finish: 1473412288 472300864 start: 1473412286 459970050
t_num: 23 finish: 1473412288 513526643 start: 1473412284 778701767
t_num: 11 finish: 1473412288 548288010 start: 1473412287 224346186
t_num: 25 finish: 1473412288 601586789 start: 1473412285 522554213
t_num: 20 finish: 1473412288 707638866 start: 1473412285 509271411
t_num: 21 finish: 1473412288 918967593 start: 1473412287 370499623
t_num: 1 finish: 1473412289 37655304 start: 1473412287 311718434
t_num: 28 finish: 1473412289 38287411 start: 1473412287 222934237
t_num: 8 finish: 1473412289 199317379 start: 1473412287 430839550
t_num: 27 finish: 1473412289 723163347 start: 1473412287 590434221
t_num: 29 finish: 1473412289 725817076 start: 1473412288 104417148
t_num: 30 finish: 1473412290 1332352 start: 1473412288 462415530
t_num: 9 finish: 1473412290 58739358 start: 1473412287 541456097
t_num: 31 finish: 1473412290 58756649 start: 1473412287 311852882
t_num: 0 finish: 1473412290 382139713 start: 1473412288 641731278
t_num: 27 finish: 1473412290 448498996 start: 1473412289 723184519
t_num: 2 finish: 1473412290 533600519 start: 1473412288 820373177
t_num: 1 finish: 1473412290 838029683 start: 1473412289 37697039
t_num: 24 finish: 1473412290 857024654 start: 1473412288 641793414
t_num: 13 finish: 1473412290 882554122 start: 1473412288 431067745
t_num: 5 finish: 1473412290 921578572 start: 1473412289 892755303
t_num: 11 finish: 1473412291 208088230 start: 1473412288 548326755
t_num: 18 finish: 1473412291 276659775 start: 1473412289 66637779
t_num: 16 finish: 1473412291 317080753 start: 1473412288 284703604
t_num: 20 finish: 1473412291 317178432 start: 1473412289 723099752
t_num: 26 finish: 1473412291 666868852 start: 1473412288 431676398
t_num: 28 finish: 1473412292 258109135 start: 1473412289 895911452
t_num: 25 finish: 1473412292 259185155 start: 1473412289 723249896
t_num: 30 finish: 1473412292 350303855 start: 1473412290 1394674
t_num: 23 finish: 1473412292 578314631 start: 1473412290 789707600
t_num: 18 finish: 1473412292 690295283 start: 1473412291 276688005
t_num: 9 finish: 1473412292 818464541 start: 1473412290 58785393
t_num: 20 finish: 1473412292 820416897 start: 1473412291 317217320
t_num: 27 finish: 1473412292 882597988 start: 1473412290 448525826
t_num: 29 finish: 1473412292 945428117 start: 1473412289 725838024
t_num: 19 finish: 1473412293 132765111 start: 1473412292 232325252
t_num: 12 finish: 1473412293 552359077 start: 1473412292 259697011
t_num: 1 finish: 1473412293 603706094 start: 1473412290 838058894
t_num: 5 finish: 1473412293 607422746 start: 1473412292 259648298
t_num: 22 finish: 1473412293 721596852 start: 1473412291 904944355
t_num: 26 finish: 1473412293 729372995 start: 1473412291 666902036
t_num: 4 finish: 1473412293 814861757 start: 1473412292 819559375
t_num: 16 finish: 1473412293 816376778 start: 1473412292 254249212
t_num: 29 finish: 1473412293 940537943 start: 1473412292 945450486
t_num: 28 finish: 1473412293 993375695 start: 1473412292 258141302
t_num: 14 finish: 1473412294 36745618 start: 1473412292 962371460
t_num: 8 finish: 1473412294 322449224 start: 1473412292 489593465
t_num: 25 finish: 1473412294 373942347 start: 1473412292 259206638
t_num: 23 finish: 1473412294 402117775 start: 1473412292 578350870
t_num: 15 finish: 1473412294 402143325 start: 1473412292 692812819
t_num: 0 finish: 1473412294 545930532 start: 1473412292 259441950
t_num: 13 finish: 1473412294 636686289 start: 1473412293 488357722
t_num: 27 finish: 1473412294 669867803 start: 1473412293 798864016
t_num: 24 finish: 1473412295 6698122 start: 1473412293 78136780
t_num: 29 finish: 1473412295 280009348 start: 1473412293 940561528
t_num: 8 finish: 1473412295 398709698 start: 1473412294 322498431
t_num: 20 finish: 1473412295 565610037 start: 1473412293 477855129
t_num: 1 finish: 1473412295 594560689 start: 1473412293 603739724
t_num: 5 finish: 1473412295 652563599 start: 1473412293 943248810
t_num: 19 finish: 1473412295 652837004 start: 1473412293 227319266
t_num: 6 finish: 1473412295 689783505 start: 1473412294 707911652
t_num: 25 finish: 1473412295 801605291 start: 1473412294 373989496
t_num: 3 finish: 1473412296 179826841 start: 1473412295 203380061
t_num: 26 finish: 1473412296 240392828 start: 1473412295 202732892
t_num: 14 finish: 1473412296 240397976 start: 1473412294 36765729
t_num: 11 finish: 1473412296 240460193 start: 1473412294 76717810
t_num: 21 finish: 1473412296 343090951 start: 1473412294 561080052
t_num: 16 finish: 1473412296 396620183 start: 1473412293 816394837
t_num: 4 finish: 1473412296 473024064 start: 1473412294 482731794
t_num: 0 finish: 1473412296 647360118 start: 1473412294 545953388
t_num: 7 finish: 1473412296 941101197 start: 1473412295 205462726
t_num: 6 finish: 1473412297 30517224 start: 1473412295 689819206
t_num: 22 finish: 1473412297 62017169 start: 1473412294 519189162
t_num: 25 finish: 1473412297 478561662 start: 1473412296 557886092
t_num: 5 finish: 1473412297 795406831 start: 1473412296 241088093
t_num: 19 finish: 1473412298 63341723 start: 1473412295 986809024
t_num: 28 finish: 1473412298 131645324 start: 1473412295 987356375
t_num: 15 finish: 1473412298 316618559 start: 1473412297 30971921
t_num: 3 finish: 1473412298 336853732 start: 1473412296 179932420
t_num: 7 finish: 1473412298 366113038 start: 1473412296 941133080
t_num: 14 finish: 1473412298 693890270 start: 1473412296 240443367
t_num: 26 finish: 1473412298 846498018 start: 1473412296 240418672
t_num: 13 finish: 1473412298 894213614 start: 1473412295 988272987
t_num: 1 finish: 1473412298 968663967 start: 1473412297 134115085
t_num: 0 finish: 1473412298 973754020 start: 1473412298 209142951
t_num: 18 finish: 1473412298 974764691 start: 1473412298 318211229
t_num: 25 finish: 1473412298 978056496 start: 1473412298 10686254
t_num: 20 finish: 1473412298 978487204 start: 1473412297 30362826
t_num: 4 finish: 1473412298 999744217 start: 1473412296 473044686
t_num: 6 finish: 1473412299 5882949 start: 1473412297 30535695
t_num: 8 finish: 1473412299 55924756 start: 1473412297 960518641
t_num: 7 finish: 1473412299 422260596 start: 1473412298 366131285
t_num: 16 finish: 1473412299 801440100 start: 1473412298 295355791
t_num: 28 finish: 1473412299 912096987 start: 1473412298 131687008
t_num: 22 finish: 1473412300 78287934 start: 1473412298 246829454
t_num: 6 finish: 1473412300 258335871 start: 1473412299 5900449
t_num: 2 finish: 1473412300 297032676 start: 1473412298 799791238
t_num: 8 finish: 1473412300 297695793 start: 1473412299 55957392
t_num: 19 finish: 1473412300 420541991 start: 1473412298 63378649
t_num: 3 finish: 1473412300 420550285 start: 1473412298 336875575
t_num: 15 finish: 1473412300 420572247 start: 1473412298 974568147
t_num: 25 finish: 1473412300 703664021 start: 1473412298 978076513
t_num: 18 finish: 1473412300 706453891 start: 1473412299 344809236
t_num: 24 finish: 1473412300 774475630 start: 1473412299 798671194
t_num: 1 finish: 1473412300 929262452 start: 1473412299 136351794
t_num: 10 finish: 1473412301 95540619 start: 1473412298 735207157
t_num: 16 finish: 1473412301 110298126 start: 1473412299 854547093
t_num: 4 finish: 1473412301 204920465 start: 1473412299 193394089
t_num: 12 finish: 1473412301 231474573 start: 1473412298 894165457
t_num: 14 finish: 1473412301 462704851 start: 1473412300 378362771
t_num: 17 finish: 1473412301 651852113 start: 1473412299 793950694
t_num: 1 finish: 1473412301 651853025 start: 1473412300 929289031
t_num: 3 finish: 1473412301 744455304 start: 1473412300 420604892
t_num: 28 finish: 1473412301 744517976 start: 1473412300 831444570
t_num: 7 finish: 1473412301 760361565 start: 1473412300 257703929
t_num: 20 finish: 1473412301 791616030 start: 1473412299 972033133
t_num: 24 finish: 1473412302 134939949 start: 1473412300 774519797
t_num: 5 finish: 1473412302 445538731 start: 1473412301 68913087
t_num: 14 finish: 1473412302 446574566 start: 1473412301 462727731
t_num: 26 finish: 1473412302 803294377 start: 1473412301 142562458
t_num: 15 finish: 1473412302 920050010 start: 1473412300 831777982
t_num: 30 finish: 1473412302 986625388 start: 1473412301 203646381
t_num: 28 finish: 1473412303 663629681 start: 1473412301 744534405
t_num: 8 finish: 1473412303 672773360 start: 1473412301 169920443
t_num: 10 finish: 1473412303 690772148 start: 1473412301 277876011
t_num: 31 finish: 1473412303 853157468 start: 1473412302 131353686
t_num: 17 finish: 1473412304 158755009 start: 1473412301 651895091
t_num: 18 finish: 1473412304 195240939 start: 1473412301 745549128
t_num: 19 finish: 1473412304 268575201 start: 1473412301 415061447
t_num: 5 finish: 1473412304 268684993 start: 1473412302 445580310
t_num: 16 finish: 1473412304 311242905 start: 1473412302 568372511
t_num: 3 finish: 1473412304 491486230 start: 1473412301 744477943
t_num: 26 finish: 1473412304 503451552 start: 1473412302 803340127
t_num: 9 finish: 1473412304 938733632 start: 1473412303 553338563
t_num: 6 finish: 1473412304 964251343 start: 1473412301 744100114
t_num: 10 finish: 1473412305 75182808 start: 1473412303 690789460
t_num: 15 finish: 1473412305 93768633 start: 1473412302 920093595
t_num: 7 finish: 1473412305 138312020 start: 1473412301 760383559
t_num: 11 finish: 1473412305 257377324 start: 1473412303 855914521
t_num: 4 finish: 1473412305 257430979 start: 1473412302 397828859
t_num: 28 finish: 1473412305 275260145 start: 1473412303 663692564
t_num: 2 finish: 1473412305 747125896 start: 1473412304 271442871
t_num: 24 finish: 1473412305 747173386 start: 1473412304 268744154
t_num: 30 finish: 1473412305 946147191 start: 1473412304 503040165
t_num: 16 finish: 1473412306 70480298 start: 1473412304 311268687
t_num: 23 finish: 1473412306 110481659 start: 1473412303 664220857
t_num: 10 finish: 1473412306 399275879 start: 1473412305 214943228
t_num: 26 finish: 1473412306 404829696 start: 1473412304 503471890
t_num: 29 finish: 1473412306 408015733 start: 1473412305 357289952
t_num: 3 finish: 1473412306 476358288 start: 1473412304 491529955
t_num: 20 finish: 1473412306 498454754 start: 1473412305 141081383
t_num: 5 finish: 1473412306 543493967 start: 1473412305 274052429
t_num: 4 finish: 1473412306 584176815 start: 1473412305 747220603
t_num: 7 finish: 1473412306 584183157 start: 1473412305 138355346
t_num: 19 finish: 1473412306 745951543 start: 1473412304 971613392
t_num: 0 finish: 1473412307 483470726 start: 1473412305 680615628
t_num: 29 finish: 1473412307 512606003 start: 1473412306 408035465
t_num: 2 finish: 1473412307 772101405 start: 1473412305 747169652
t_num: 10 finish: 1473412307 918516539 start: 1473412306 399348140
t_num: 4 finish: 1473412308 62251708 start: 1473412306 584199325
t_num: 26 finish: 1473412308 82146328 start: 1473412306 404849966
t_num: 17 finish: 1473412308 197866987 start: 1473412306 337054345
t_num: 20 finish: 1473412308 198091715 start: 1473412306 498475814
t_num: 6 finish: 1473412308 256579481 start: 1473412307 349614415
t_num: 7 finish: 1473412308 354204897 start: 1473412306 817131736
t_num: 22 finish: 1473412308 354660842 start: 1473412306 543223615
t_num: 3 finish: 1473412308 391000422 start: 1473412306 476379558
t_num: 18 finish: 1473412308 502315197 start: 1473412307 349652902
t_num: 5 finish: 1473412308 576549382 start: 1473412306 884165497
t_num: 12 finish: 1473412308 576631336 start: 1473412307 773069438
t_num: 27 finish: 1473412308 682301246 start: 1473412307 772147720
t_num: 9 finish: 1473412308 682462800 start: 1473412306 633579939
t_num: 29 finish: 1473412308 939878974 start: 1473412307 512623309
t_num: 16 finish: 1473412308 940474287 start: 1473412307 745198141
t_num: 10 finish: 1473412309 535577977 start: 1473412307 918559822
t_num: 0 finish: 1473412309 552382392 start: 1473412307 772081884
t_num: 24 finish: 1473412309 633979619 start: 1473412307 483837066
t_num: 8 finish: 1473412310 253233494 start: 1473412308 354550449
t_num: 16 finish: 1473412310 330956749 start: 1473412308 940494754
t_num: 13 finish: 1473412310 362756824 start: 1473412308 231803825
t_num: 2 finish: 1473412310 529602262 start: 1473412308 231782484
t_num: 3 finish: 1473412310 529602097 start: 1473412308 391018223
t_num: 10 finish: 1473412310 613829333 start: 1473412309 535713148
t_num: 5 finish: 1473412310 689276393 start: 1473412308 576583940
t_num: 24 finish: 1473412311 456284091 start: 1473412309 634014327
t_num: 2 finish: 1473412311 481124413 start: 1473412310 529635524
t_num: 22 finish: 1473412311 484826736 start: 1473412309 552557779
t_num: 27 finish: 1473412311 791867510 start: 1473412309 535616140
t_num: 21 finish: 1473412311 959358178 start: 1473412309 647584315
t_num: 4 finish: 1473412312 8622633 start: 1473412309 209840853
t_num: 25 finish: 1473412312 8643797 start: 1473412310 704106944
t_num: 8 finish: 1473412312 8687742 start: 1473412310 253267229
t_num: 18 finish: 1473412312 104167626 start: 1473412309 204910590
t_num: 13 finish: 1473412312 431531338 start: 1473412310 362812890
t_num: 5 finish: 1473412312 432164108 start: 1473412310 689317805
t_num: 12 finish: 1473412312 459495240 start: 1473412309 647388108
t_num: 6 finish: 1473412312 804707086 start: 1473412309 203429580
t_num: 7 finish: 1473412312 832483940 start: 1473412310 613502090
t_num: 10 finish: 1473412313 53503137 start: 1473412310 613852387
t_num: 5 finish: 1473412313 767283470 start: 1473412312 432184634
t_num: 4 finish: 1473412313 918503776 start: 1473412312 8668865
t_num: 21 finish: 1473412313 918643101 start: 1473412311 959391371
t_num: 3 finish: 1473412313 919583393 start: 1473412311 481185140
t_num: 7 finish: 1473412314 34291906 start: 1473412313 53531691
t_num: 18 finish: 1473412314 181595558 start: 1473412312 104196025
t_num: 16 finish: 1473412314 213711557 start: 1473412313 21240754
t_num: 26 finish: 1473412314 308085567 start: 1473412310 416807966
t_num: 24 finish: 1473412314 338076048 start: 1473412311 456329910
t_num: 27 finish: 1473412314 338850067 start: 1473412311 791903856
t_num: 0 finish: 1473412314 634706843 start: 1473412312 94462904
t_num: 11 finish: 1473412314 635164676 start: 1473412311 869055113
t_num: 14 finish: 1473412314 707562220 start: 1473412312 902650537
t_num: 13 finish: 1473412315 15420951 start: 1473412312 431571324
t_num: 17 finish: 1473412315 717036426 start: 1473412313 722424260
t_num: 25 finish: 1473412315 811482599 start: 1473412313 454923368
t_num: 10 finish: 1473412315 811869267 start: 1473412313 53584731
t_num: 3 finish: 1473412315 822182755 start: 1473412313 919601021
t_num: 23 finish: 1473412315 892878996 start: 1473412313 846311531
t_num: 11 finish: 1473412315 920920623 start: 1473412314 635184231
t_num: 8 finish: 1473412316 4598262 start: 1473412314 635685072
t_num: 5 finish: 1473412316 183733710 start: 1473412313 767314964
t_num: 24 finish: 1473412316 251337511 start: 1473412314 338097287
t_num: 27 finish: 1473412316 289184234 start: 1473412314 338889529
t_num: 26 finish: 1473412316 337228630 start: 1473412314 661907294
t_num: 9 finish: 1473412316 371591988 start: 1473412314 610234316
t_num: 29 finish: 1473412316 582477641 start: 1473412315 356889569
t_num: 3 finish: 1473412316 794151700 start: 1473412315 822207319
t_num: 7 finish: 1473412316 794338356 start: 1473412315 237380603
t_num: 15 finish: 1473412316 990521563 start: 1473412315 97241880
t_num: 11 finish: 1473412317 74635475 start: 1473412316 65207363
t_num: 14 finish: 1473412317 85436201 start: 1473412314 707596402
t_num: 4 finish: 1473412317 158067628 start: 1473412315 578021187
t_num: 13 finish: 1473412317 201221763 start: 1473412315 622151490
t_num: 5 finish: 1473412317 202425231 start: 1473412316 183776430
t_num: 21 finish: 1473412317 205369451 start: 1473412315 182932163
t_num: 9 finish: 1473412317 283737535 start: 1473412316 371619292
t_num: 17 finish: 1473412317 431724741 start: 1473412315 717063001
t_num: 27 finish: 1473412317 953157898 start: 1473412316 289207209
t_num: 24 finish: 1473412318 377738085 start: 1473412316 251384564
t_num: 0 finish: 1473412318 378368918 start: 1473412315 356869138
t_num: 30 finish: 1473412318 378771322 start: 1473412316 753665751
t_num: 21 finish: 1473412318 429237147 start: 1473412317 205389523
t_num: 3 finish: 1473412318 521236706 start: 1473412316 794180799
t_num: 6 finish: 1473412318 599091682 start: 1473412316 922243438
t_num: 28 finish: 1473412318 628097371 start: 1473412315 938484488
t_num: 26 finish: 1473412318 752918752 start: 1473412317 73704427
t_num: 7 finish: 1473412318 886536137 start: 1473412316 794359360
t_num: 15 finish: 1473412318 931391689 start: 1473412316 990562208
t_num: 13 finish: 1473412318 931448178 start: 1473412317 201256326
t_num: 16 finish: 1473412319 27007878 start: 1473412317 556412501
t_num: 17 finish: 1473412319 83648526 start: 1473412317 784279426
t_num: 24 finish: 1473412319 221703696 start: 1473412318 377765557
t_num: 8 finish: 1473412319 532889996 start: 1473412317 159395147
t_num: 23 finish: 1473412319 667836618 start: 1473412318 469337967
t_num: 3 finish: 1473412319 679536290 start: 1473412318 521274123
t_num: 1 finish: 1473412319 730076865 start: 1473412318 461075487
t_num: 5 finish: 1473412319 956366255 start: 1473412317 202446947
t_num: 28 finish: 1473412320 267228352 start: 1473412318 628114502
t_num: 0 finish: 1473412320 268143897 start: 1473412318 378389408
t_num: 12 finish: 1473412320 289560574 start: 1473412318 752985754
t_num: 2 finish: 1473412320 290117006 start: 1473412318 378440411
t_num: 30 finish: 1473412320 336094144 start: 1473412318 378791134
t_num: 8 finish: 1473412320 529443719 start: 1473412319 532931980
t_num: 27 finish: 1473412320 529449420 start: 1473412318 931465067
t_num: 4 finish: 1473412320 663811730 start: 1473412318 931521884
t_num: 13 finish: 1473412320 766385972 start: 1473412318 931577641
t_num: 10 finish: 1473412320 819380999 start: 1473412318 628109481
t_num: 23 finish: 1473412320 913864323 start: 1473412319 667888829
t_num: 21 finish: 1473412320 975982494 start: 1473412319 83052877
t_num: 24 finish: 1473412321 310569783 start: 1473412319 796563085
t_num: 20 finish: 1473412321 367447414 start: 1473412320 45688882
t_num: 16 finish: 1473412321 600497064 start: 1473412319 27030877
t_num: 7 finish: 1473412321 868426232 start: 1473412319 438274187
t_num: 3 finish: 1473412321 964372876 start: 1473412319 679557812
t_num: 30 finish: 1473412322 47987371 start: 1473412320 336119002
t_num: 27 finish: 1473412322 175475043 start: 1473412320 529503949
t_num: 26 finish: 1473412322 379977701 start: 1473412319 985479797
t_num: 12 finish: 1473412322 432370737 start: 1473412320 289582165
t_num: 10 finish: 1473412322 519537785 start: 1473412320 819450662
t_num: 20 finish: 1473412322 953427580 start: 1473412321 367507076
t_num: 17 finish: 1473412322 964955817 start: 1473412321 655144734
t_num: 8 finish: 1473412323 159582371 start: 1473412320 529484522
t_num: 5 finish: 1473412323 283197956 start: 1473412321 367629073
t_num: 21 finish: 1473412323 289131998 start: 1473412321 699239557
t_num: 2 finish: 1473412323 379524913 start: 1473412321 561351102
t_num: 16 finish: 1473412323 451456936 start: 1473412321 927756453
t_num: 28 finish: 1473412323 521915465 start: 1473412321 367540944
t_num: 3 finish: 1473412323 583375268 start: 1473412321 964414109
t_num: 6 finish: 1473412323 895203126 start: 1473412322 953232400
t_num: 1 finish: 1473412323 895329685 start: 1473412322 558427944
t_num: 10 finish: 1473412324 209156746 start: 1473412322 519582063
t_num: 27 finish: 1473412324 281602291 start: 1473412322 316410514
t_num: 30 finish: 1473412324 484504460 start: 1473412322 48031872
t_num: 26 finish: 1473412324 521752176 start: 1473412322 380020272
t_num: 18 finish: 1473412325 126523579 start: 1473412323 19217138
t_num: 21 finish: 1473412325 143447029 start: 1473412323 895409777
t_num: 16 finish: 1473412325 240158930 start: 1473412324 234273429
t_num: 22 finish: 1473412325 277604729 start: 1473412322 775028955
t_num: 19 finish: 1473412325 545878321 start: 1473412323 467557191
t_num: 24 finish: 1473412325 635967248 start: 1473412322 951596549
t_num: 8 finish: 1473412325 918880384 start: 1473412324 235737673
t_num: 6 finish: 1473412325 919561220 start: 1473412323 895271391
t_num: 3 finish: 1473412325 966187052 start: 1473412324 367724117
t_num: 17 finish: 1473412326 452737535 start: 1473412324 232373452
t_num: 9 finish: 1473412326 698697661 start: 1473412323 451494591
t_num: 10 finish: 1473412326 885246416 start: 1473412324 209179802
t_num: 18 finish: 1473412326 947762510 start: 1473412325 424675647
t_num: 25 finish: 1473412327 39937538 start: 1473412324 725732605
t_num: 5 finish: 1473412327 412125245 start: 1473412324 239936452
t_num: 28 finish: 1473412327 446198202 start: 1473412323 521944263
t_num: 19 finish: 1473412327 519144872 start: 1473412325 545925050
t_num: 14 finish: 1473412327 638596442 start: 1473412326 231227434
t_num: 17 finish: 1473412327 684661549 start: 1473412326 452761323
t_num: 30 finish: 1473412327 722953092 start: 1473412324 652488694
t_num: 24 finish: 1473412327 770405409 start: 1473412326 452744464
t_num: 31 finish: 1473412327 858573623 start: 1473412325 192995720
t_num: 3 finish: 1473412327 972200079 start: 1473412326 885276948
t_num: 22 finish: 1473412328 143089937 start: 1473412325 645545191
t_num: 16 finish: 1473412328 373221294 start: 1473412325 240191870
t_num: 27 finish: 1473412328 415735392 start: 1473412326 53923986
t_num: 7 finish: 1473412328 585207759 start: 1473412327 331250669
t_num: 18 finish: 1473412328 647942541 start: 1473412326 947820874
t_num: 15 finish: 1473412328 763258972 start: 1473412326 694599003
t_num: 31 finish: 1473412328 921494458 start: 1473412327 858618096
t_num: 10 finish: 1473412329 27425486 start: 1473412326 885326051
t_num: 17 finish: 1473412329 27724276 start: 1473412327 684682241
t_num: 8 finish: 1473412329 195373204 start: 1473412326 437656987
t_num: 30 finish: 1473412329 324214759 start: 1473412328 242426598
t_num: 20 finish: 1473412329 452904419 start: 1473412327 649308517
t_num: 26 finish: 1473412329 665212762 start: 1473412327 654785873
t_num: 13 finish: 1473412329 737835912 start: 1473412326 146716054
t_num: 11 finish: 1473412329 812047257 start: 1473412328 391067214
t_num: 0 finish: 1473412329 890749163 start: 1473412327 684675559
t_num: 3 finish: 1473412330 17246998 start: 1473412327 972243671
t_num: 16 finish: 1473412330 90868249 start: 1473412328 373263585
t_num: 5 finish: 1473412330 315277933 start: 1473412328 196031988
t_num: 22 finish: 1473412330 339875469 start: 1473412328 143123068
t_num: 29 finish: 1473412330 410484927 start: 1473412329 28923896
t_num: 23 finish: 1473412330 664304305 start: 1473412329 322180175
t_num: 17 finish: 1473412330 843065608 start: 1473412329 589930122
t_num: 10 finish: 1473412330 943982644 start: 1473412329 27470891
t_num: 12 finish: 1473412331 29414729 start: 1473412329 326816657
t_num: 0 finish: 1473412331 189991059 start: 1473412329 890789649
t_num: 29 finish: 1473412331 227228125 start: 1473412330 410507913
t_num: 28 finish: 1473412331 419029273 start: 1473412329 495110114
t_num: 18 finish: 1473412331 669321154 start: 1473412330 16395484
t_num: 16 finish: 1473412331 669952605 start: 1473412330 90909484
t_num: 8 finish: 1473412331 773494856 start: 1473412329 195423247
t_num: 7 finish: 1473412331 910732685 start: 1473412330 606651440
t_num: 24 finish: 1473412332 2035730 start: 1473412329 737728147
t_num: 26 finish: 1473412332 95807784 start: 1473412330 485366603
t_num: 15 finish: 1473412332 124961659 start: 1473412330 17260599
t_num: 22 finish: 1473412332 210602480 start: 1473412330 739335279
t_num: 0 finish: 1473412332 348262898 start: 1473412331 190036242
t_num: 23 finish: 1473412332 413611347 start: 1473412330 664334972
t_num: 5 finish: 1473412332 413611397 start: 1473412330 676416563
t_num: 27 finish: 1473412332 764028313 start: 1473412330 401802881
t_num: 11 finish: 1473412332 771549599 start: 1473412331 309817164
t_num: 3 finish: 1473412332 816773937 start: 1473412330 17271376
t_num: 2 finish: 1473412333 301818360 start: 1473412331 798272734
t_num: 7 finish: 1473412333 335786589 start: 1473412331 910877558
t_num: 13 finish: 1473412333 340917251 start: 1473412331 273200461
t_num: 8 finish: 1473412333 341433465 start: 1473412331 773556549
t_num: 10 finish: 1473412333 807647829 start: 1473412331 986284887
t_num: 15 finish: 1473412333 810189217 start: 1473412332 125005352
t_num: 17 finish: 1473412333 934029882 start: 1473412332 843225377
t_num: 23 finish: 1473412333 934164943 start: 1473412332 413658834
t_num: 26 finish: 1473412334 154037094 start: 1473412332 95838870
t_num: 22 finish: 1473412334 157044053 start: 1473412332 210646311
t_num: 18 finish: 1473412334 253333517 start: 1473412332 817596398
t_num: 7 finish: 1473412334 253391677 start: 1473412333 335834416
t_num: 12 finish: 1473412334 505344305 start: 1473412332 295562824
t_num: 27 finish: 1473412334 505352531 start: 1473412332 764067859
t_num: 11 finish: 1473412334 505525874 start: 1473412333 595896742
t_num: 17 finish: 1473412334 750194812 start: 1473412333 934075104
t_num: 10 finish: 1473412335 210024637 start: 1473412333 807677000
t_num: 3 finish: 1473412335 560399674 start: 1473412334 91761657
t_num: 2 finish: 1473412335 828584566 start: 1473412334 505406249
t_num: 8 finish: 1473412335 831284693 start: 1473412333 947025803
t_num: 12 finish: 1473412335 833113729 start: 1473412334 505396526
t_num: 0 finish: 1473412336 302655925 start: 1473412333 594161635
t_num: 23 finish: 1473412336 455586773 start: 1473412333 934198931
t_num: 5 finish: 1473412336 491466311 start: 1473412333 852060652
t_num: 11 finish: 1473412336 559970237 start: 1473412334 505544685
t_num: 15 finish: 1473412336 617493189 start: 1473412333 810209023
t_num: 29 finish: 1473412336 652967637 start: 1473412334 717488999
t_num: 17 finish: 1473412336 664585767 start: 1473412334 750234125
t_num: 6 finish: 1473412336 838500379 start: 1473412335 257235641
t_num: 22 finish: 1473412336 838743860 start: 1473412334 157064897
t_num: 13 finish: 1473412337 57934598 start: 1473412335 210732584
t_num: 23 finish: 1473412337 243768877 start: 1473412336 455638918
t_num: 26 finish: 1473412337 441277844 start: 1473412335 650090573
t_num: 0 finish: 1473412337 478957813 start: 1473412336 302698905
t_num: 4 finish: 1473412337 539190453 start: 1473412334 975983157
t_num: 18 finish: 1473412337 739813596 start: 1473412335 553577348
t_num: 15 finish: 1473412337 766249347 start: 1473412336 972169539
t_num: 24 finish: 1473412337 766341711 start: 1473412335 944552703
t_num: 30 finish: 1473412338 213866083 start: 1473412335 992260522
t_num: 27 finish: 1473412338 281741884 start: 1473412335 961571401
t_num: 31 finish: 1473412338 314919500 start: 1473412336 609815752
t_num: 13 finish: 1473412338 314962588 start: 1473412337 57994992
t_num: 5 finish: 1473412338 448259141 start: 1473412336 491488850
t_num: 6 finish: 1473412338 462129515 start: 1473412336 838530346
t_num: 8 finish: 1473412338 462226560 start: 1473412335 831317188
t_num: 1 finish: 1473412339 169311767 start: 1473412337 499244149
t_num: 22 finish: 1473412339 171434191 start: 1473412336 838762644
t_num: 30 finish: 1473412339 178626936 start: 1473412338 213901128
t_num: 18 finish: 1473412339 370200599 start: 1473412338 315429114
t_num: 13 finish: 1473412339 413003933 start: 1473412338 314975415
t_num: 0 finish: 1473412339 420739724 start: 1473412337 478981175
t_num: 15 finish: 1473412339 556179977 start: 1473412339 160402906
t_num: 29 finish: 1473412339 627096692 start: 1473412336 883231349
t_num: 31 finish: 1473412339 628325967 start: 1473412338 314942656
t_num: 1 finish: 1473412339 662818158 start: 1473412339 169338965
t_num: 5 finish: 1473412339 740286860 start: 1473412338 448281775
t_num: 26 finish: 1473412339 740349064 start: 1473412338 447797927
t_num: 19 finish: 1473412339 941179321 start: 1473412337 499093631
t_num: 8 finish: 1473412340 292577296 start: 1473412338 462246135
t_num: 24 finish: 1473412340 292879458 start: 1473412338 447818303
t_num: 27 finish: 1473412340 356388113 start: 1473412339 181023257
t_num: 23 finish: 1473412340 356407216 start: 1473412337 243816899
t_num: 31 finish: 1473412340 454396062 start: 1473412339 628345265
t_num: 30 finish: 1473412340 698041187 start: 1473412339 804241754
t_num: 15 finish: 1473412340 829101835 start: 1473412339 556224633
t_num: 4 finish: 1473412340 995293239 start: 1473412338 447838114
t_num: 9 finish: 1473412341 99221245 start: 1473412339 628612295
t_num: 7 finish: 1473412341 609398917 start: 1473412339 421869644
t_num: 29 finish: 1473412341 609587773 start: 1473412340 683785702
t_num: 24 finish: 1473412341 656038367 start: 1473412340 292899018
t_num: 0 finish: 1473412341 720330181 start: 1473412339 658174822
t_num: 31 finish: 1473412341 924669930 start: 1473412340 454420981
t_num: 8 finish: 1473412341 927280937 start: 1473412340 292614836
t_num: 23 finish: 1473412341 991868349 start: 1473412340 356442695
t_num: 6 finish: 1473412341 992867841 start: 1473412339 462380134
t_num: 5 finish: 1473412342 180341978 start: 1473412339 941239258
t_num: 4 finish: 1473412342 484171269 start: 1473412340 995319448
t_num: 20 finish: 1473412342 928759518 start: 1473412341 548115395
t_num: 25 finish: 1473412342 943741884 start: 1473412340 994988310
t_num: 18 finish: 1473412343 82654149 start: 1473412341 609321804
t_num: 19 finish: 1473412343 131778200 start: 1473412339 941220708
t_num: 29 finish: 1473412343 466206173 start: 1473412341 609606964
t_num: 0 finish: 1473412343 573278372 start: 1473412341 720365644
t_num: 27 finish: 1473412343 701453462 start: 1473412340 995102769
t_num: 22 finish: 1473412343 766552070 start: 1473412341 589516097
t_num: 6 finish: 1473412343 813330455 start: 1473412341 992889181
t_num: 5 finish: 1473412344 56520178 start: 1473412342 180375694
t_num: 18 finish: 1473412344 59713126 start: 1473412343 82687010
t_num: 9 finish: 1473412344 91169834 start: 1473412341 99262764
t_num: 24 finish: 1473412344 204621455 start: 1473412341 656075016
t_num: 30 finish: 1473412344 307647333 start: 1473412341 811017199
t_num: 23 finish: 1473412344 347043613 start: 1473412341 991891004
t_num: 31 finish: 1473412344 753611534 start: 1473412343 776188163
t_num: 15 finish: 1473412344 816144331 start: 1473412342 766072566
t_num: 3 finish: 1473412345 466095270 start: 1473412343 776767134
t_num: 5 finish: 1473412345 519365681 start: 1473412344 56548279
t_num: 23 finish: 1473412345 674164010 start: 1473412344 347067492
t_num: 8 finish: 1473412345 674176182 start: 1473412343 669025134
t_num: 28 finish: 1473412345 730473400 start: 1473412344 53978455
t_num: 27 finish: 1473412345 767713607 start: 1473412343 701486521
t_num: 29 finish: 1473412345 780039093 start: 1473412343 466272597
t_num: 25 finish: 1473412346 20986073 start: 1473412343 676911072
t_num: 20 finish: 1473412346 227602370 start: 1473412343 812486260
t_num: 7 finish: 1473412346 275966081 start: 1473412343 385743308
t_num: 10 finish: 1473412346 282948568 start: 1473412344 840374777
t_num: 24 finish: 1473412346 435333074 start: 1473412344 204665871
t_num: 6 finish: 1473412346 437755363 start: 1473412344 55296211
t_num: 9 finish: 1473412346 775972923 start: 1473412344 91193658
t_num: 12 finish: 1473412347 53663865 start: 1473412344 252850087
t_num: 3 finish: 1473412347 467081301 start: 1473412345 991409787
t_num: 5 finish: 1473412347 488389978 start: 1473412345 519389344
t_num: 14 finish: 1473412347 513510126 start: 1473412346 294101828
t_num: 23 finish: 1473412347 751513129 start: 1473412345 674213765
t_num: 27 finish: 1473412347 864612650 start: 1473412345 767745781
t_num: 28 finish: 1473412347 925322772 start: 1473412345 730498052
t_num: 20 finish: 1473412347 995324550 start: 1473412346 227632022
t_num: 30 finish: 1473412347 995441448 start: 1473412345 567202207
t_num: 8 finish: 1473412347 996260798 start: 1473412346 729167516
t_num: 9 finish: 1473412347 996267037 start: 1473412346 776003564
t_num: 18 finish: 1473412348 108351599 start: 1473412346 519115149
t_num: 25 finish: 1473412348 282358885 start: 1473412346 21018645
t_num: 6 finish: 1473412348 344094307 start: 1473412346 437789457
t_num: 29 finish: 1473412348 344235304 start: 1473412345 780074462
t_num: 19 finish: 1473412348 864400170 start: 1473412346 206835110
t_num: 21 finish: 1473412348 985009945 start: 1473412347 20756455
t_num: 3 finish: 1473412348 985012188 start: 1473412347 467106467
t_num: 31 finish: 1473412348 995145994 start: 1473412346 471047267
t_num: 17 finish: 1473412349 184199922 start: 1473412347 674164440
t_num: 13 finish: 1473412349 185086441 start: 1473412347 49584664
t_num: 26 finish: 1473412349 332952230 start: 1473412347 432312793
t_num: 25 finish: 1473412349 333752519 start: 1473412348 282401452
t_num: 9 finish: 1473412349 382233802 start: 1473412347 996298756
t_num: 6 finish: 1473412349 422346105 start: 1473412348 344151139
t_num: 10 finish: 1473412349 907496100 start: 1473412346 358338223
t_num: 20 finish: 1473412349 921446479 start: 1473412348 153937254
t_num: 5 finish: 1473412349 939621813 start: 1473412348 56946396
t_num: 2 finish: 1473412349 943787276 start: 1473412348 64598531
t_num: 29 finish: 1473412349 956169665 start: 1473412348 344254593
t_num: 24 finish: 1473412350 89633151 start: 1473412348 745745230
t_num: 30 finish: 1473412350 177659222 start: 1473412348 943061768
t_num: 23 finish: 1473412350 198829055 start: 1473412347 751541375
t_num: 27 finish: 1473412350 242555744 start: 1473412348 153959143
t_num: 8 finish: 1473412350 243399003 start: 1473412349 237661648
t_num: 0 finish: 1473412350 455196169 start: 1473412349 255912854
t_num: 4 finish: 1473412350 457028602 start: 1473412349 490169234
t_num: 21 finish: 1473412350 797790387 start: 1473412349 299662265
t_num: 17 finish: 1473412351 9005198 start: 1473412349 824762696
t_num: 1 finish: 1473412351 242049962 start: 1473412350 352549904
t_num: 26 finish: 1473412351 302105921 start: 1473412349 332976751
t_num: 25 finish: 1473412351 565783353 start: 1473412349 333783832
t_num: 10 finish: 1473412351 631372077 start: 1473412349 907529022
t_num: 20 finish: 1473412352 49989535 start: 1473412350 660114074
t_num: 19 finish: 1473412352 130794752 start: 1473412350 29755151
t_num: 24 finish: 1473412352 143648440 start: 1473412350 89658223
t_num: 8 finish: 1473412352 290840988 start: 1473412350 243415994
t_num: 3 finish: 1473412352 506863195 start: 1473412349 982641034
t_num: 0 finish: 1473412352 557971167 start: 1473412350 455232289
t_num: 5 finish: 1473412352 595904838 start: 1473412349 939666158
t_num: 13 finish: 1473412352 595911598 start: 1473412350 554738497
t_num: 2 finish: 1473412352 891050519 start: 1473412350 457959405
t_num: 6 finish: 1473412353 35421121 start: 1473412350 229681985
t_num: 21 finish: 1473412353 193784574 start: 1473412351 441626278
t_num: 4 finish: 1473412353 251575577 start: 1473412352 46598054
t_num: 7 finish: 1473412353 382452519 start: 1473412352 15749387
t_num: 17 finish: 1473412353 843955119 start: 1473412351 243950449
t_num: 1 finish: 1473412353 872865038 start: 1473412351 242094763
t_num: 10 finish: 1473412353 970990346 start: 1473412352 483557848
t_num: 25 finish: 1473412354 59328032 start: 1473412352 949144451
t_num: 0 finish: 1473412354 272025227 start: 1473412352 558013230
t_num: 9 finish: 1473412354 349152867 start: 1473412352 397624314
t_num: 26 finish: 1473412354 351497261 start: 1473412351 302150919
t_num: 4 finish: 1473412354 518560216 start: 1473412353 251610005
t_num: 20 finish: 1473412354 829822643 start: 1473412352 50009260
t_num: 7 finish: 1473412355 119550637 start: 1473412353 382478987
t_num: 8 finish: 1473412355 145452767 start: 1473412353 39320374
t_num: 30 finish: 1473412355 374969389 start: 1473412352 113247490
t_num: 12 finish: 1473412355 447138460 start: 1473412353 34928247
t_num: 21 finish: 1473412355 447219973 start: 1473412353 193828336
t_num: 5 finish: 1473412355 497254912 start: 1473412354 350192372
t_num: 16 finish: 1473412355 559322424 start: 1473412352 210931972
t_num: 17 finish: 1473412355 667064322 start: 1473412354 770775208
t_num: 1 finish: 1473412355 667280386 start: 1473412354 654266281
t_num: 13 finish: 1473412356 129080105 start: 1473412354 962629369
t_num: 19 finish: 1473412356 129080105 start: 1473412352 625563863
t_num: 10 finish: 1473412356 170870843 start: 1473412353 971033459
t_num: 22 finish: 1473412356 386968707 start: 1473412353 366493457
t_num: 28 finish: 1473412356 394951892 start: 1473412354 697103297
t_num: 8 finish: 1473412356 396625689 start: 1473412355 145492522
t_num: 0 finish: 1473412356 540410767 start: 1473412354 272075651
t_num: 13 finish: 1473412356 775175312 start: 1473412356 129135509
t_num: 6 finish: 1473412356 932898115 start: 1473412354 770937884
t_num: 16 finish: 1473412357 48972960 start: 1473412355 559381868
t_num: 24 finish: 1473412357 700137644 start: 1473412356 393476975
t_num: 21 finish: 1473412357 774472495 start: 1473412355 447234387
t_num: 12 finish: 1473412357 828941574 start: 1473412355 447176253
t_num: 22 finish: 1473412357 828945718 start: 1473412356 387016789
t_num: 6 finish: 1473412357 829012127 start: 1473412356 932942899
t_num: 1 finish: 1473412357 892925406 start: 1473412356 540191292
t_num: 20 finish: 1473412357 892931749 start: 1473412355 951706244
t_num: 15 finish: 1473412358 948387285 start: 1473412356 738014256
t_num: 10 finish: 1473412358 952878445 start: 1473412356 170903106
t_num: 7 finish: 1473412359 40782019 start: 1473412355 119585631
t_num: 8 finish: 1473412359 479416867 start: 1473412356 396646557
t_num: 13 finish: 1473412359 518030997 start: 1473412357 472983076
t_num: 1 finish: 1473412359 689824329 start: 1473412357 892954805
t_num: 0 finish: 1473412359 752267373 start: 1473412357 701305128
t_num: 30 finish: 1473412359 777358905 start: 1473412357 532265246
t_num: 14 finish: 1473412359 969094247 start: 1473412357 872477373
t_num: 23 finish: 1473412360 45962968 start: 1473412357 254638187
t_num: 24 finish: 1473412360 46144382 start: 1473412358 316828549
t_num: 12 finish: 1473412360 161049610 start: 1473412357 828970432
t_num: 19 finish: 1473412360 286586022 start: 1473412358 947900637
t_num: 2 finish: 1473412360 776189380 start: 1473412359 168030261
t_num: 11 finish: 1473412360 804800955 start: 1473412357 433404790
t_num: 28 finish: 1473412360 807170908 start: 1473412358 212305086
t_num: 10 finish: 1473412361 131041166 start: 1473412358 952914368
t_num: 12 finish: 1473412361 230703276 start: 1473412360 161077998
t_num: 22 finish: 1473412361 400073752 start: 1473412358 950676174
t_num: 6 finish: 1473412361 400106976 start: 1473412357 829028157
t_num: 16 finish: 1473412361 469787024 start: 1473412358 950443913
t_num: 8 finish: 1473412361 649314043 start: 1473412360 148216338
t_num: 21 finish: 1473412361 753174284 start: 1473412358 950498575
t_num: 18 finish: 1473412362 49291571 start: 1473412360 651903809
t_num: 13 finish: 1473412362 50048168 start: 1473412359 518066552
t_num: 31 finish: 1473412362 377616652 start: 1473412359 969420381
t_num: 23 finish: 1473412362 520680832 start: 1473412361 199717648
t_num: 20 finish: 1473412362 538252516 start: 1473412360 476121672
t_num: 14 finish: 1473412362 690917908 start: 1473412359 969153979
t_num: 19 finish: 1473412362 752772961 start: 1473412360 875484707
t_num: 27 finish: 1473412362 925570026 start: 1473412361 294434932
t_num: 24 finish: 1473412363 249612723 start: 1473412360 46165433
t_num: 1 finish: 1473412363 250344600 start: 1473412361 296754488
t_num: 11 finish: 1473412363 476706626 start: 1473412360 804823841
t_num: 31 finish: 1473412363 615417477 start: 1473412362 377705868
t_num: 29 finish: 1473412363 805510805 start: 1473412361 686314619
t_num: 23 finish: 1473412363 949751030 start: 1473412362 520716621
t_num: 18 finish: 1473412364 103050099 start: 1473412362 49333388
t_num: 16 finish: 1473412364 417387447 start: 1473412361 469830269
t_num: 21 finish: 1473412364 419718915 start: 1473412362 925406850
t_num: 14 finish: 1473412364 482220536 start: 1473412362 690952480
t_num: 24 finish: 1473412364 482304746 start: 1473412363 249656371
t_num: 2 finish: 1473412364 482324298 start: 1473412362 378368115
t_num: 0 finish: 1473412364 482525657 start: 1473412361 332709657
t_num: 6 finish: 1473412364 492421556 start: 1473412361 400124600
t_num: 27 finish: 1473412364 492442001 start: 1473412362 925591691
t_num: 28 finish: 1473412364 588891885 start: 1473412361 686559351
t_num: 1 finish: 1473412364 737316062 start: 1473412363 250364857
t_num: 3 finish: 1473412364 817523379 start: 1473412362 925359867
t_num: 8 finish: 1473412364 839935981 start: 1473412363 533971684
t_num: 11 finish: 1473412364 845995109 start: 1473412363 476767010
t_num: 9 finish: 1473412365 216298224 start: 1473412364 336014513
t_num: 31 finish: 1473412365 250487103 start: 1473412363 740009997
t_num: 20 finish: 1473412365 331774830 start: 1473412363 728749162
t_num: 19 finish: 1473412365 515805854 start: 1473412363 791925198
t_num: 27 finish: 1473412365 578944297 start: 1473412364 492540701
t_num: 5 finish: 1473412365 598330599 start: 1473412363 584417143
t_num: 8 finish: 1473412365 600448316 start: 1473412364 839960349
t_num: 14 finish: 1473412365 615513670 start: 1473412364 482283158
t_num: 6 finish: 1473412365 697471465 start: 1473412364 492479511
t_num: 24 finish: 1473412365 739988095 start: 1473412364 482320564
t_num: 23 finish: 1473412365 922625826 start: 1473412364 409462781
t_num: 26 finish: 1473412365 954414458 start: 1473412363 722604401
t_num: 17 finish: 1473412366 628925693 start: 1473412365 462404430
t_num: 23 finish: 1473412366 959298506 start: 1473412365 922670851
t_num: 21 finish: 1473412366 976224120 start: 1473412364 764598122
t_num: 31 finish: 1473412367 88924515 start: 1473412365 250511286
t_num: 3 finish: 1473412367 337220042 start: 1473412364 817549702
t_num: 22 finish: 1473412367 368180796 start: 1473412365 786004215
t_num: 16 finish: 1473412367 368585441 start: 1473412365 462576362
t_num: 2 finish: 1473412367 368654688 start: 1473412364 764585959
t_num: 11 finish: 1473412367 370381929 start: 1473412364 846011662
t_num: 30 finish: 1473412367 518900622 start: 1473412365 705783295
t_num: 17 finish: 1473412367 929428774 start: 1473412366 628948505
t_num: 5 finish: 1473412367 972272216 start: 1473412365 615419267
t_num: 7 finish: 1473412367 972842512 start: 1473412365 254682099
t_num: 19 finish: 1473412368 461517713 start: 1473412366 622439838
t_num: 9 finish: 1473412368 520046120 start: 1473412365 786017291
t_num: 29 finish: 1473412368 520060056 start: 1473412366 200254076
t_num: 31 finish: 1473412368 824327334 start: 1473412367 88968668
t_num: 14 finish: 1473412368 868070763 start: 1473412367 567672434
t_num: 7 finish: 1473412369 381707801 start: 1473412367 972879259
t_num: 3 finish: 1473412369 420375565 start: 1473412367 337253840
t_num: 27 finish: 1473412369 660601386 start: 1473412365 578967877
t_num: 20 finish: 1473412369 819590241 start: 1473412365 955356785
t_num: 21 finish: 1473412369 819597557 start: 1473412368 106587145
t_num: 2 finish: 1473412369 986235468 start: 1473412367 368671220
t_num: 14 finish: 1473412369 986276178 start: 1473412368 868107229
t_num: 11 finish: 1473412369 986237841 start: 1473412368 317037472
t_num: 24 finish: 1473412370 549778418 start: 1473412367 437835075
t_num: 22 finish: 1473412370 648112672 start: 1473412368 355098070
t_num: 16 finish: 1473412370 661241838 start: 1473412367 368614518
t_num: 9 finish: 1473412370 662640886 start: 1473412368 520092364
t_num: 25 finish: 1473412371 39698035 start: 1473412369 561969665
t_num: 19 finish: 1473412371 67604459 start: 1473412368 461563164
t_num: 23 finish: 1473412371 228290221 start: 1473412369 658157322
t_num: 15 finish: 1473412371 320606639 start: 1473412368 175771655
t_num: 27 finish: 1473412371 373356366 start: 1473412369 660630164
t_num: 31 finish: 1473412371 374275785 start: 1473412368 824369639
t_num: 14 finish: 1473412371 423294524 start: 1473412369 986291668
t_num: 29 finish: 1473412371 494996560 start: 1473412368 520128751
t_num: 0 finish: 1473412371 495064896 start: 1473412368 992998656
t_num: 21 finish: 1473412371 768607422 start: 1473412370 468924136
t_num: 16 finish: 1473412371 982676121 start: 1473412370 661262183
t_num: 7 finish: 1473412372 127844257 start: 1473412370 757534012
t_num: 26 finish: 1473412372 551163953 start: 1473412371 67655684
t_num: 11 finish: 1473412372 551249236 start: 1473412369 986319300
t_num: 24 finish: 1473412372 858434450 start: 1473412370 549825062
t_num: 6 finish: 1473412373 12721044 start: 1473412370 930579244
t_num: 22 finish: 1473412373 304835285 start: 1473412370 648138071
t_num: 2 finish: 1473412373 312007949 start: 1473412371 373645454
t_num: 9 finish: 1473412373 665982211 start: 1473412372 233480174
t_num: 29 finish: 1473412373 719222016 start: 1473412371 495025301
t_num: 27 finish: 1473412373 719244007 start: 1473412371 373409212
t_num: 23 finish: 1473412373 777216274 start: 1473412371 762127627
t_num: 31 finish: 1473412373 810875967 start: 1473412371 374295406
t_num: 6 finish: 1473412374 28274510 start: 1473412373 12759693
t_num: 3 finish: 1473412374 101317430 start: 1473412371 374052123
t_num: 1 finish: 1473412374 143231550 start: 1473412371 815677858
t_num: 15 finish: 1473412374 247537667 start: 1473412372 447437857
t_num: 19 finish: 1473412374 377422700 start: 1473412373 61180965
t_num: 14 finish: 1473412374 431384464 start: 1473412372 272028946
t_num: 11 finish: 1473412374 696774335 start: 1473412373 613293352
t_num: 24 finish: 1473412374 720618526 start: 1473412372 858468436
t_num: 26 finish: 1473412374 721258176 start: 1473412372 551201717
t_num: 16 finish: 1473412374 752471447 start: 1473412373 607523229
t_num: 7 finish: 1473412375 73234653 start: 1473412373 13779443
t_num: 25 finish: 1473412375 154426501 start: 1473412373 73942748
t_num: 27 finish: 1473412375 549891318 start: 1473412373 719317741
t_num: 10 finish: 1473412375 549937351 start: 1473412372 243633799
t_num: 19 finish: 1473412375 662918798 start: 1473412374 377455247
t_num: 15 finish: 1473412375 881910719 start: 1473412374 934022036
t_num: 20 finish: 1473412376 323110183 start: 1473412374 57870495
t_num: 29 finish: 1473412376 580235746 start: 1473412373 719276319
t_num: 3 finish: 1473412377 57681577 start: 1473412374 101351909
t_num: 26 finish: 1473412377 158036855 start: 1473412374 721280651
t_num: 2 finish: 1473412377 158079258 start: 1473412373 613271217
t_num: 7 finish: 1473412377 162271073 start: 1473412375 73268421
t_num: 24 finish: 1473412377 162986496 start: 1473412375 378924526
t_num: 1 finish: 1473412377 163156459 start: 1473412374 143284301
t_num: 16 finish: 1473412377 163177781 start: 1473412374 752499728
t_num: 14 finish: 1473412377 191203237 start: 1473412374 431444063
t_num: 22 finish: 1473412377 575415839 start: 1473412374 483470519
t_num: 31 finish: 1473412377 577833962 start: 1473412376 52545932
t_num: 27 finish: 1473412377 805763647 start: 1473412375 549934149
t_num: 28 finish: 1473412378 240085736 start: 1473412375 662890032
t_num: 29 finish: 1473412378 332223076 start: 1473412376 580274168
t_num: 22 finish: 1473412378 443666236 start: 1473412377 575439073
t_num: 7 finish: 1473412378 443741612 start: 1473412377 162291551
t_num: 11 finish: 1473412378 443902232 start: 1473412376 863048452
t_num: 15 finish: 1473412378 571738178 start: 1473412377 137840648
t_num: 25 finish: 1473412378 572401546 start: 1473412375 837037064
t_num: 3 finish: 1473412378 572450282 start: 1473412377 577827279
t_num: 26 finish: 1473412378 745055260 start: 1473412377 787542079
t_num: 10 finish: 1473412378 976889898 start: 1473412377 158775961
t_num: 17 finish: 1473412379 171882486 start: 1473412376 384415085
t_num: 0 finish: 1473412379 352597462 start: 1473412377 191222409
t_num: 31 finish: 1473412379 518109033 start: 1473412377 577853681
t_num: 5 finish: 1473412379 580550996 start: 1473412377 638334740
t_num: 14 finish: 1473412379 708265830 start: 1473412378 49622630
t_num: 3 finish: 1473412380 44146931 start: 1473412378 572469347
t_num: 28 finish: 1473412380 44674616 start: 1473412378 545598724
t_num: 10 finish: 1473412380 350970958 start: 1473412378 976924494
t_num: 20 finish: 1473412380 376704820 start: 1473412377 573984265
t_num: 16 finish: 1473412380 620428307 start: 1473412378 443690653
t_num: 1 finish: 1473412380 706825698 start: 1473412379 415145827
t_num: 17 finish: 1473412380 768666737 start: 1473412379 171918101
t_num: 7 finish: 1473412380 769295601 start: 1473412378 798014189
t_num: 8 finish: 1473412380 790167294 start: 1473412379 848999943
t_num: 31 finish: 1473412380 790167273 start: 1473412379 518156135
t_num: 15 finish: 1473412381 169386346 start: 1473412379 428250604
t_num: 24 finish: 1473412381 351515080 start: 1473412379 920336849
t_num: 2 finish: 1473412381 659942997 start: 1473412378 117490042
t_num: 29 finish: 1473412381 776609212 start: 1473412379 402037525
t_num: 0 finish: 1473412381 875374021 start: 1473412379 352638757
t_num: 21 finish: 1473412381 904289241 start: 1473412380 768435424
t_num: 26 finish: 1473412382 131826115 start: 1473412380 288078093
t_num: 5 finish: 1473412382 131893120 start: 1473412379 580584053
t_num: 3 finish: 1473412382 195056073 start: 1473412380 620435198
t_num: 16 finish: 1473412382 208725487 start: 1473412380 620470950
t_num: 1 finish: 1473412382 272264591 start: 1473412380 706862878
t_num: 30 finish: 1473412382 312501741 start: 1473412380 620306864
t_num: 15 finish: 1473412382 553725373 start: 1473412381 169426750
t_num: 28 finish: 1473412382 822242939 start: 1473412381 721849061
t_num: 2 finish: 1473412382 827986764 start: 1473412381 659987080
t_num: 18 finish: 1473412383 35758418 start: 1473412382 131167137
t_num: 11 finish: 1473412383 338889259 start: 1473412380 984824653
t_num: 8 finish: 1473412383 410028420 start: 1473412381 544068529
t_num: 15 finish: 1473412383 506372849 start: 1473412382 553756899
t_num: 0 finish: 1473412383 506449204 start: 1473412381 875528926
t_num: 31 finish: 1473412383 659358606 start: 1473412382 194882825
t_num: 9 finish: 1473412383 669049068 start: 1473412382 72329408
t_num: 21 finish: 1473412383 919971597 start: 1473412381 904327746
t_num: 12 finish: 1473412384 139239751 start: 1473412382 131310246
t_num: 16 finish: 1473412384 290994078 start: 1473412382 208764506
t_num: 20 finish: 1473412384 630843237 start: 1473412382 20623943
t_num: 17 finish: 1473412384 630858477 start: 1473412383 564620788
t_num: 10 finish: 1473412384 854312319 start: 1473412381 920611727
t_num: 18 finish: 1473412384 856113447 start: 1473412383 35803005
t_num: 28 finish: 1473412384 856131461 start: 1473412382 822287365
t_num: 22 finish: 1473412385 68422503 start: 1473412383 506442497
t_num: 0 finish: 1473412385 197030336 start: 1473412383 506466324
t_num: 8 finish: 1473412385 346758769 start: 1473412383 410075923
t_num: 6 finish: 1473412385 404548645 start: 1473412383 840394648
t_num: 7 finish: 1473412385 404583409 start: 1473412382 920664315
t_num: 30 finish: 1473412385 437665167 start: 1473412383 321174766
t_num: 18 finish: 1473412385 666637152 start: 1473412384 856160884
t_num: 5 finish: 1473412385 666706438 start: 1473412383 373324901
t_num: 27 finish: 1473412385 738808781 start: 1473412384 630724468
t_num: 12 finish: 1473412385 771630632 start: 1473412384 139284082
t_num: 15 finish: 1473412386 4224742 start: 1473412383 506398095
t_num: 27 finish: 1473412386 716047884 start: 1473412385 738831554
t_num: 28 finish: 1473412387 165689870 start: 1473412384 856202629
t_num: 12 finish: 1473412387 198174807 start: 1473412385 771649066
t_num: 20 finish: 1473412387 212392527 start: 1473412384 707439405
t_num: 22 finish: 1473412387 401466106 start: 1473412385 68465000
t_num: 31 finish: 1473412387 405152991 start: 1473412384 289376913
t_num: 21 finish: 1473412387 442411764 start: 1473412384 630689729
t_num: 15 finish: 1473412387 597008173 start: 1473412386 4253160
t_num: 8 finish: 1473412387 640140476 start: 1473412385 346814938
t_num: 5 finish: 1473412387 640260537 start: 1473412385 666748060
t_num: 4 finish: 1473412387 670875772 start: 1473412385 125056216
t_num: 28 finish: 1473412387 736364403 start: 1473412387 165733335
t_num: 7 finish: 1473412387 767451274 start: 1473412386 143179505
t_num: 30 finish: 1473412387 857421188 start: 1473412385 437687509
t_num: 11 finish: 1473412387 857426892 start: 1473412386 605101246
t_num: 6 finish: 1473412387 857487790 start: 1473412386 266089005
t_num: 29 finish: 1473412388 37345881 start: 1473412386 143229890
t_num: 18 finish: 1473412388 296361170 start: 1473412386 142516281
t_num: 27 finish: 1473412388 381579008 start: 1473412387 457513233
t_num: 21 finish: 1473412388 547814066 start: 1473412387 442445568
t_num: 17 finish: 1473412388 777629672 start: 1473412387 360130560
t_num: 22 finish: 1473412388 779311474 start: 1473412387 401499151
t_num: 2 finish: 1473412388 869304074 start: 1473412386 500254085
t_num: 4 finish: 1473412389 28358312 start: 1473412387 670895155
t_num: 0 finish: 1473412389 86988882 start: 1473412387 670853171
t_num: 28 finish: 1473412389 481692976 start: 1473412388 150735778
t_num: 31 finish: 1473412389 481739955 start: 1473412387 592164940
t_num: 19 finish: 1473412389 608550328 start: 1473412388 233718346
t_num: 7 finish: 1473412390 265058059 start: 1473412388 504798452
t_num: 5 finish: 1473412390 268814757 start: 1473412387 640281788
t_num: 27 finish: 1473412390 268832592 start: 1473412388 381602006
t_num: 4 finish: 1473412390 341052255 start: 1473412389 28391137
t_num: 15 finish: 1473412390 374447667 start: 1473412388 547772400
t_num: 6 finish: 1473412390 526677013 start: 1473412387 857501492
t_num: 14 finish: 1473412390 596858800 start: 1473412388 739436305
t_num: 11 finish: 1473412390 702318361 start: 1473412387 857471680
t_num: 3 finish: 1473412390 766172229 start: 1473412388 296396508
t_num: 0 finish: 1473412390 766265508 start: 1473412389 87034392
t_num: 30 finish: 1473412390 793293950 start: 1473412388 848522540
t_num: 21 finish: 1473412391 66618994 start: 1473412389 953180755
t_num: 12 finish: 1473412391 270454513 start: 1473412389 659283871
t_num: 4 finish: 1473412391 298130390 start: 1473412390 341076789
t_num: 10 finish: 1473412391 476583081 start: 1473412389 659226216
t_num: 23 finish: 1473412391 735072292 start: 1473412390 956869414
t_num: 30 finish: 1473412391 805937369 start: 1473412390 793322592
t_num: 5 finish: 1473412391 806067514 start: 1473412390 268862828
t_num: 17 finish: 1473412391 904675189 start: 1473412389 255685322
t_num: 7 finish: 1473412391 905954708 start: 1473412390 265096516
t_num: 24 finish: 1473412391 906691704 start: 1473412390 166466636
t_num: 26 finish: 1473412391 951344095 start: 1473412390 505553934
t_num: 31 finish: 1473412391 997369325 start: 1473412390 440689028
t_num: 18 finish: 1473412392 39221791 start: 1473412389 481814485
t_num: 14 finish: 1473412392 100341479 start: 1473412390 893907567
t_num: 12 finish: 1473412392 310668426 start: 1473412391 270476684
t_num: 15 finish: 1473412392 310687669 start: 1473412390 374469435
t_num: 10 finish: 1473412392 464673506 start: 1473412391 476606433
t_num: 11 finish: 1473412392 669221176 start: 1473412390 702347177
t_num: 29 finish: 1473412392 942038447 start: 1473412391 259323229
t_num: 4 finish: 1473412393 228239720 start: 1473412391 570134206
t_num: 21 finish: 1473412393 450809174 start: 1473412391 290357385
t_num: 1 finish: 1473412393 471268895 start: 1473412391 135656206
t_num: 5 finish: 1473412393 576256650 start: 1473412391 806086463
t_num: 23 finish: 1473412393 581468415 start: 1473412391 735111177
t_num: 7 finish: 1473412393 595121695 start: 1473412392 396985271
t_num: 20 finish: 1473412393 660944596 start: 1473412392 554645317
t_num: 30 finish: 1473412393 734369440 start: 1473412391 805983641
t_num: 24 finish: 1473412393 755658401 start: 1473412391 906713275
t_num: 14 finish: 1473412393 755669435 start: 1473412392 471305163
t_num: 12 finish: 1473412393 891700101 start: 1473412392 310745288
t_num: 17 finish: 1473412394 276092413 start: 1473412392 544409617
t_num: 22 finish: 1473412394 386062698 start: 1473412391 847126486
t_num: 15 finish: 1473412394 465582528 start: 1473412392 310777734
t_num: 0 finish: 1473412394 829980592 start: 1473412391 519022199
t_num: 26 finish: 1473412394 951205776 start: 1473412392 543740034
t_num: 16 finish: 1473412394 996507897 start: 1473412392 944926266
t_num: 31 finish: 1473412395 205274931 start: 1473412393 456983759
t_num: 1 finish: 1473412395 212557367 start: 1473412393 471296783
t_num: 21 finish: 1473412395 221966492 start: 1473412393 450852739
t_num: 4 finish: 1473412395 226937673 start: 1473412393 228276025
t_num: 10 finish: 1473412395 698874408 start: 1473412394 322892831
t_num: 2 finish: 1473412395 872996785 start: 1473412394 465694201
t_num: 6 finish: 1473412395 956201985 start: 1473412393 755742464
t_num: 26 finish: 1473412396 125774161 start: 1473412394 951234170
t_num: 14 finish: 1473412396 148877235 start: 1473412394 242747492
t_num: 30 finish: 1473412396 212579922 start: 1473412393 734394871
t_num: 24 finish: 1473412396 639298018 start: 1473412393 755682078
t_num: 7 finish: 1473412396 640679754 start: 1473412393 595139341
t_num: 5 finish: 1473412396 644006121 start: 1473412395 217200800
t_num: 11 finish: 1473412396 645587148 start: 1473412394 171748376
t_num: 12 finish: 1473412396 659949481 start: 1473412393 891744072
t_num: 31 finish: 1473412396 661130614 start: 1473412395 205312009
t_num: 1 finish: 1473412396 801406806 start: 1473412395 212587976
t_num: 2 finish: 1473412396 993017809 start: 1473412395 873041017
t_num: 12 finish: 1473412397 559713844 start: 1473412396 659969598
t_num: 15 finish: 1473412397 560023912 start: 1473412395 118972082
t_num: 26 finish: 1473412397 560115973 start: 1473412396 125795788
t_num: 29 finish: 1473412398 199870912 start: 1473412396 214256825
t_num: 13 finish: 1473412398 200699319 start: 1473412396 501039841
t_num: 22 finish: 1473412398 202318968 start: 1473412396 668325413
t_num: 10 finish: 1473412398 383077582 start: 1473412395 698907755
t_num: 0 finish: 1473412398 412860319 start: 1473412396 124133162
t_num: 23 finish: 1473412398 451270729 start: 1473412395 487322776
t_num: 7 finish: 1473412398 525627470 start: 1473412396 640700472
t_num: 1 finish: 1473412398 525634523 start: 1473412396 801453936
t_num: 6 finish: 1473412398 549715870 start: 1473412396 478354614
t_num: 5 finish: 1473412399 294349739 start: 1473412396 654078108
t_num: 15 finish: 1473412399 387629934 start: 1473412397 560040772
t_num: 21 finish: 1473412399 523067279 start: 1473412396 752387664
t_num: 26 finish: 1473412399 918102272 start: 1473412397 560133817
t_num: 8 finish: 1473412399 959594537 start: 1473412396 755576247
t_num: 30 finish: 1473412400 64968625 start: 1473412396 859642638
t_num: 4 finish: 1473412400 93770356 start: 1473412398 413199086
t_num: 12 finish: 1473412400 93789664 start: 1473412397 559745749
t_num: 29 finish: 1473412400 175142438 start: 1473412398 451228385
t_num: 24 finish: 1473412400 399467711 start: 1473412398 413021260
t_num: 2 finish: 1473412401 61395106 start: 1473412399 345222328
t_num: 0 finish: 1473412401 89540958 start: 1473412398 412889467
t_num: 10 finish: 1473412401 108553791 start: 1473412398 383142720
t_num: 9 finish: 1473412401 108562127 start: 1473412398 944966418
t_num: 31 finish: 1473412401 361325693 start: 1473412398 412952336
t_num: 4 finish: 1473412401 423189513 start: 1473412400 93828632
t_num: 19 finish: 1473412401 486914801 start: 1473412400 150640081
t_num: 7 finish: 1473412401 586929345 start: 1473412400 343040999
t_num: 26 finish: 1473412401 898941029 start: 1473412399 918146744
t_num: 5 finish: 1473412401 915381001 start: 1473412399 294394385
t_num: 21 finish: 1473412401 919514734 start: 1473412399 523089055
t_num: 23 finish: 1473412402 286254887 start: 1473412400 764605098
t_num: 6 finish: 1473412402 323290567 start: 1473412401 456503007
t_num: 10 finish: 1473412402 340406581 start: 1473412401 108577833
t_num: 12 finish: 1473412402 341362652 start: 1473412400 93924758
t_num: 11 finish: 1473412402 341402655 start: 1473412400 627295779
t_num: 24 finish: 1473412402 391545959 start: 1473412400 399513570
t_num: 31 finish: 1473412402 440279744 start: 1473412401 361433196
t_num: 8 finish: 1473412402 455448776 start: 1473412401 423032354
t_num: 7 finish: 1473412402 455674344 start: 1473412401 586956193
t_num: 29 finish: 1473412402 455748942 start: 1473412400 175178555
t_num: 9 finish: 1473412402 579240434 start: 1473412401 108595902
t_num: 2 finish: 1473412403 2790087 start: 1473412401 522389856
t_num: 21 finish: 1473412403 98385709 start: 1473412401 919531452
t_num: 17 finish: 1473412403 379072928 start: 1473412402 455507951
t_num: 12 finish: 1473412403 421223398 start: 1473412402 341380686
t_num: 4 finish: 1473412403 668929173 start: 1473412402 455478246
t_num: 3 finish: 1473412404 38644286 start: 1473412402 260019018
t_num: 23 finish: 1473412404 54727989 start: 1473412402 286298950
t_num: 26 finish: 1473412404 236875311 start: 1473412401 898989970
t_num: 11 finish: 1473412404 237113099 start: 1473412402 341420702
t_num: 27 finish: 1473412404 322081793 start: 1473412401 942723664
t_num: 7 finish: 1473412404 355559979 start: 1473412402 455693378
t_num: 10 finish: 1473412404 355559991 start: 1473412402 834260187
t_num: 24 finish: 1473412404 465552238 start: 1473412403 421473010
t_num: 22 finish: 1473412404 465560923 start: 1473412403 428035360
t_num: 5 finish: 1473412404 465609221 start: 1473412402 341298953
t_num: 21 finish: 1473412404 575113364 start: 1473412403 98424259
t_num: 9 finish: 1473412404 779364868 start: 1473412403 325956360
t_num: 4 finish: 1473412404 780924660 start: 1473412403 668951774
t_num: 19 finish: 1473412405 184415771 start: 1473412403 421362649
t_num: 6 finish: 1473412405 217369293 start: 1473412402 746022769
t_num: 20 finish: 1473412405 364956110 start: 1473412403 440449425
t_num: 26 finish: 1473412405 412372023 start: 1473412404 236897951
t_num: 30 finish: 1473412405 605167929 start: 1473412404 291660783
t_num: 17 finish: 1473412405 647440889 start: 1473412404 164808771
t_num: 2 finish: 1473412405 647464825 start: 1473412403 890208398
t_num: 8 finish: 1473412405 647513636 start: 1473412404 236847915
t_num: 21 finish: 1473412405 736379341 start: 1473412404 575143992
t_num: 27 finish: 1473412405 837886549 start: 1473412405 110312356
t_num: 18 finish: 1473412405 911066450 start: 1473412403 976616488
t_num: 23 finish: 1473412405 956715580 start: 1473412404 54747206
t_num: 14 finish: 1473412406 662684705 start: 1473412405 365706826
t_num: 15 finish: 1473412406 750599582 start: 1473412405 480401229
t_num: 9 finish: 1473412406 754967538 start: 1473412404 779389746
t_num: 10 finish: 1473412406 916616728 start: 1473412405 112699516
t_num: 24 finish: 1473412406 951192167 start: 1473412404 465590076
t_num: 3 finish: 1473412407 356447369 start: 1473412404 38677638
t_num: 8 finish: 1473412407 391327536 start: 1473412405 647530779
t_num: 2 finish: 1473412407 693575120 start: 1473412405 647482116
t_num: 17 finish: 1473412407 694266857 start: 1473412405 647464704
t_num: 21 finish: 1473412407 694872987 start: 1473412406 19728338
t_num: 7 finish: 1473412407 801122984 start: 1473412404 782813851
t_num: 25 finish: 1473412407 810307250 start: 1473412406 799988065
t_num: 29 finish: 1473412408 184193660 start: 1473412406 342196506
t_num: 27 finish: 1473412408 230999475 start: 1473412405 837913695
t_num: 19 finish: 1473412408 232696440 start: 1473412405 184454750
t_num: 14 finish: 1473412408 234202456 start: 1473412406 662714605
t_num: 26 finish: 1473412408 774144400 start: 1473412406 343787816
t_num: 15 finish: 1473412408 858694629 start: 1473412406 951170655
t_num: 2 finish: 1473412408 905993438 start: 1473412407 693620656
t_num: 24 finish: 1473412408 907829861 start: 1473412406 951209045
t_num: 11 finish: 1473412409 126085471 start: 1473412406 23883577
t_num: 7 finish: 1473412409 164138802 start: 1473412407 801176959
t_num: 20 finish: 1473412409 366396051 start: 1473412406 414644258
t_num: 21 finish: 1473412409 455652292 start: 1473412408 530097274
t_num: 9 finish: 1473412409 701509091 start: 1473412407 805429289
t_num: 10 finish: 1473412409 701512733 start: 1473412407 810660999
t_num: 25 finish: 1473412409 857619877 start: 1473412407 810327721
t_num: 19 finish: 1473412409 910457945 start: 1473412408 591025428
t_num: 15 finish: 1473412410 98986879 start: 1473412408 858734724
t_num: 16 finish: 1473412410 622720417 start: 1473412408 638779246
t_num: 1 finish: 1473412410 622887551 start: 1473412406 883847991
t_num: 11 finish: 1473412410 623202021 start: 1473412409 126120142
t_num: 14 finish: 1473412410 624174036 start: 1473412408 234222729
t_num: 4 finish: 1473412410 831311700 start: 1473412407 685053319
t_num: 8 finish: 1473412411 80114809 start: 1473412408 474653298
t_num: 25 finish: 1473412411 396905073 start: 1473412409 857641627
t_num: 7 finish: 1473412411 481546652 start: 1473412409 164164958
t_num: 2 finish: 1473412411 741364985 start: 1473412408 906030895
t_num: 24 finish: 1473412411 797298843 start: 1473412409 857415788
t_num: 0 finish: 1473412411 966965894 start: 1473412410 623492946
t_num: 14 finish: 1473412412 5200609 start: 1473412410 624193627
t_num: 9 finish: 1473412412 176216726 start: 1473412409 701579257
t_num: 30 finish: 1473412412 417072788 start: 1473412411 329904850
t_num: 16 finish: 1473412412 432813940 start: 1473412410 622762516
t_num: 28 finish: 1473412412 439734214 start: 1473412409 910501353
t_num: 8 finish: 1473412412 439787853 start: 1473412411 80145849
t_num: 26 finish: 1473412412 442102340 start: 1473412409 455697540
t_num: 25 finish: 1473412412 543753185 start: 1473412411 396927818
t_num: 10 finish: 1473412412 691598649 start: 1473412410 632697368
t_num: 13 finish: 1473412412 821239009 start: 1473412411 271298366
t_num: 4 finish: 1473412413 37026992 start: 1473412410 831337014
t_num: 20 finish: 1473412413 411061146 start: 1473412411 508021050
t_num: 19 finish: 1473412413 512069167 start: 1473412412 181453531
t_num: 10 finish: 1473412413 634482586 start: 1473412412 691628403
t_num: 26 finish: 1473412414 78072755 start: 1473412412 822308598
t_num: 9 finish: 1473412414 78296879 start: 1473412412 176240641
t_num: 16 finish: 1473412414 109186934 start: 1473412412 432837314
t_num: 15 finish: 1473412414 113373495 start: 1473412412 174620346
t_num: 17 finish: 1473412414 122740951 start: 1473412412 947116925
t_num: 0 finish: 1473412414 168130238 start: 1473412412 50868144
t_num: 1 finish: 1473412414 475597495 start: 1473412412 365916903
t_num: 25 finish: 1473412414 612890645 start: 1473412412 543787615
t_num: 30 finish: 1473412414 779287647 start: 1473412412 417113399
t_num: 22 finish: 1473412414 873301707 start: 1473412412 838906315
t_num: 26 finish: 1473412415 356810282 start: 1473412414 783317763
t_num: 4 finish: 1473412415 509320154 start: 1473412414 130232676
t_num: 13 finish: 1473412415 543547771 start: 1473412412 821267664
t_num: 10 finish: 1473412415 631772116 start: 1473412414 51653854
t_num: 1 finish: 1473412415 681020192 start: 1473412414 475622470
t_num: 15 finish: 1473412415 681086048 start: 1473412414 113395559
t_num: 8 finish: 1473412415 776803550 start: 1473412413 344875030
t_num: 16 finish: 1473412415 971139909 start: 1473412414 109225719
t_num: 17 finish: 1473412416 179157416 start: 1473412414 539153984
t_num: 31 finish: 1473412416 179928026 start: 1473412413 898893035
t_num: 29 finish: 1473412416 635020366 start: 1473412413 898998866
t_num: 5 finish: 1473412416 642248917 start: 1473412415 510200300
t_num: 19 finish: 1473412416 653611242 start: 1473412413 822457757
t_num: 7 finish: 1473412416 758201354 start: 1473412415 509273804
t_num: 12 finish: 1473412416 764317645 start: 1473412413 823683168
t_num: 30 finish: 1473412417 90295005 start: 1473412414 870307416
t_num: 14 finish: 1473412417 451351513 start: 1473412415 3560485
t_num: 25 finish: 1473412417 668004824 start: 1473412414 612916882
t_num: 18 finish: 1473412417 924756629 start: 1473412414 581710830
t_num: 10 finish: 1473412417 924907895 start: 1473412415 631791692
t_num: 16 finish: 1473412418 55054797 start: 1473412415 971202321
t_num: 13 finish: 1473412418 112833336 start: 1473412416 887951706
t_num: 26 finish: 1473412418 553868089 start: 1473412416 612202094
t_num: 17 finish: 1473412418 727877784 start: 1473412416 179189863
t_num: 7 finish: 1473412418 773520926 start: 1473412416 758243834
t_num: 1 finish: 1473412418 818934612 start: 1473412416 637591538
t_num: 19 finish: 1473412418 846208918 start: 1473412416 653632975
t_num: 6 finish: 1473412419 1465038 start: 1473412416 134227522
t_num: 12 finish: 1473412419 175699328 start: 1473412416 764351944
t_num: 29 finish: 1473412419 366860624 start: 1473412417 457895055
t_num: 10 finish: 1473412419 367475335 start: 1473412417 924927347
t_num: 18 finish: 1473412419 367481878 start: 1473412417 924846031
t_num: 30 finish: 1473412419 430716412 start: 1473412417 456973114
t_num: 5 finish: 1473412419 431016539 start: 1473412417 300001972
t_num: 22 finish: 1473412419 526543063 start: 1473412418 360710805
t_num: 4 finish: 1473412419 567778448 start: 1473412417 37599379
t_num: 16 finish: 1473412419 586381930 start: 1473412418 55082519
t_num: 3 finish: 1473412419 642393557 start: 1473412418 255452862
t_num: 31 finish: 1473412420 26026995 start: 1473412418 198927427
t_num: 8 finish: 1473412420 26615661 start: 1473412418 170082452
t_num: 11 finish: 1473412420 322207720 start: 1473412417 868152905
t_num: 21 finish: 1473412420 755357748 start: 1473412419 310286709
t_num: 25 finish: 1473412420 954754032 start: 1473412418 835792757
t_num: 7 finish: 1473412420 980802769 start: 1473412418 773556654
t_num: 29 finish: 1473412420 981089537 start: 1473412419 366919156
t_num: 0 finish: 1473412421 303337887 start: 1473412419 686446188
t_num: 6 finish: 1473412421 306322153 start: 1473412419 1506110
t_num: 3 finish: 1473412421 434665834 start: 1473412419 642415028
t_num: 31 finish: 1473412421 498288905 start: 1473412420 26083590
t_num: 24 finish: 1473412421 611379086 start: 1473412419 399886477
t_num: 4 finish: 1473412421 620733900 start: 1473412419 567798521
t_num: 25 finish: 1473412421 620739404 start: 1473412420 954822254
t_num: 7 finish: 1473412421 751760123 start: 1473412420 980824665
t_num: 6 finish: 1473412421 782438274 start: 1473412421 306341847
t_num: 30 finish: 1473412421 865460940 start: 1473412420 992106812
t_num: 12 finish: 1473412421 922376791 start: 1473412419 567763344
t_num: 5 finish: 1473412421 925030036 start: 1473412420 133592564
t_num: 10 finish: 1473412422 142087769 start: 1473412420 369612871
t_num: 2 finish: 1473412422 263230310 start: 1473412419 913365815
t_num: 8 finish: 1473412422 263491014 start: 1473412420 327609483
t_num: 21 finish: 1473412422 406453987 start: 1473412420 755401794
t_num: 31 finish: 1473412422 407162411 start: 1473412421 498330402
t_num: 16 finish: 1473412422 407276414 start: 1473412419 586404099
t_num: 26 finish: 1473412422 593105733 start: 1473412420 894704092
t_num: 3 finish: 1473412423 14793315 start: 1473412421 434694185
t_num: 7 finish: 1473412423 91604801 start: 1473412421 751784760
t_num: 30 finish: 1473412423 497322769 start: 1473412421 865488926
t_num: 15 finish: 1473412423 549941143 start: 1473412422 286018258
t_num: 24 finish: 1473412423 752954245 start: 1473412421 611399965
t_num: 20 finish: 1473412423 753204536 start: 1473412422 665944036
t_num: 0 finish: 1473412424 16031940 start: 1473412421 360093153
t_num: 16 finish: 1473412424 61943209 start: 1473412422 407296324
t_num: 21 finish: 1473412424 364477193 start: 1473412422 406489956
t_num: 23 finish: 1473412424 389875879 start: 1473412423 498971080
t_num: 6 finish: 1473412424 390421629 start: 1473412421 782457908
t_num: 14 finish: 1473412424 454045399 start: 1473412422 173061932
t_num: 2 finish: 1473412424 538716413 start: 1473412422 263272437
t_num: 31 finish: 1473412424 539727596 start: 1473412423 217982594
t_num: 10 finish: 1473412424 670385329 start: 1473412422 142122264
t_num: 4 finish: 1473412424 671187086 start: 1473412423 678652369
t_num: 3 finish: 1473412424 755212272 start: 1473412423 950171817
t_num: 8 finish: 1473412424 899131858 start: 1473412423 501430972
t_num: 26 finish: 1473412424 956132338 start: 1473412422 593147563
t_num: 9 finish: 1473412425 22554740 start: 1473412423 949981007
t_num: 7 finish: 1473412425 166584660 start: 1473412423 949953796
t_num: 16 finish: 1473412425 166648342 start: 1473412424 61965084
t_num: 18 finish: 1473412425 166764680 start: 1473412422 523107837
t_num: 30 finish: 1473412425 167288429 start: 1473412423 497360421
t_num: 28 finish: 1473412425 222124893 start: 1473412422 286662572
t_num: 2 finish: 1473412425 237348176 start: 1473412424 538769166
t_num: 24 finish: 1473412425 379002641 start: 1473412423 752979065
t_num: 21 finish: 1473412425 684656081 start: 1473412424 364522599
t_num: 13 finish: 1473412425 953208975 start: 1473412424 639104867
t_num: 20 finish: 1473412426 82127161 start: 1473412423 753224107
t_num: 18 finish: 1473412426 271495633 start: 1473412425 166783050
t_num: 8 finish: 1473412426 329100350 start: 1473412424 899175960
t_num: 14 finish: 1473412426 434886055 start: 1473412424 454070294
t_num: 19 finish: 1473412426 563022450 start: 1473412425 88604943
t_num: 29 finish: 1473412426 563051726 start: 1473412424 234110879
t_num: 6 finish: 1473412426 563024240 start: 1473412425 805667449
t_num: 2 finish: 1473412426 683544239 start: 1473412425 237365443
t_num: 0 finish: 1473412427 97015444 start: 1473412425 166878139
t_num: 3 finish: 1473412427 236444790 start: 1473412426 74866859
t_num: 25 finish: 1473412427 520340362 start: 1473412426 408067845
t_num: 30 finish: 1473412427 655981429 start: 1473412426 168390460
t_num: 10 finish: 1473412427 664758931 start: 1473412426 139581943
t_num: 6 finish: 1473412427 666710347 start: 1473412426 563074391
t_num: 26 finish: 1473412427 694679019 start: 1473412425 629391790
t_num: 13 finish: 1473412427 828958393 start: 1473412426 237925546
t_num: 27 finish: 1473412428 78670710 start: 1473412427 225409533
t_num: 28 finish: 1473412428 146461433 start: 1473412426 434963019
t_num: 12 finish: 1473412428 176685786 start: 1473412427 450192829
t_num: 7 finish: 1473412428 176951475 start: 1473412425 684666962
t_num: 24 finish: 1473412428 362678828 start: 1473412425 379042640
t_num: 20 finish: 1473412428 427329402 start: 1473412426 82157131
t_num: 16 finish: 1473412428 579562402 start: 1473412427 231644248
t_num: 18 finish: 1473412428 644004951 start: 1473412426 271528353
t_num: 2 finish: 1473412428 690369750 start: 1473412427 560123917
t_num: 30 finish: 1473412428 734767259 start: 1473412427 693387294
t_num: 14 finish: 1473412428 789990704 start: 1473412427 341668541
t_num: 1 finish: 1473412428 895716910 start: 1473412426 999276181
t_num: 25 finish: 1473412429 186739544 start: 1473412427 520403118
t_num: 6 finish: 1473412429 263139321 start: 1473412427 666731514
t_num: 19 finish: 1473412429 306189717 start: 1473412427 285939187
t_num: 10 finish: 1473412429 385224680 start: 1473412428 736016072
t_num: 5 finish: 1473412429 425102973 start: 1473412427 236460344
t_num: 29 finish: 1473412429 581022502 start: 1473412427 257775495
t_num: 28 finish: 1473412429 728258784 start: 1473412428 146503204
t_num: 13 finish: 1473412430 99149554 start: 1473412428 840780114
t_num: 0 finish: 1473412430 377091726 start: 1473412428 735870745
t_num: 3 finish: 1473412430 536060202 start: 1473412428 735967113
t_num: 7 finish: 1473412430 664711082 start: 1473412429 187432908
t_num: 25 finish: 1473412430 806612267 start: 1473412429 642636449
t_num: 2 finish: 1473412431 211948236 start: 1473412428 690398742
t_num: 24 finish: 1473412431 234978276 start: 1473412428 790425325
t_num: 19 finish: 1473412431 235982718 start: 1473412429 306231972
t_num: 31 finish: 1473412431 485836235 start: 1473412430 582899836
t_num: 18 finish: 1473412431 510679993 start: 1473412429 583913170
t_num: 5 finish: 1473412431 589838437 start: 1473412429 425126968
t_num: 29 finish: 1473412431 747453344 start: 1473412429 581064965
t_num: 3 finish: 1473412431 942966344 start: 1473412430 536087002
t_num: 6 finish: 1473412432 46393376 start: 1473412429 263186370
t_num: 16 finish: 1473412432 227406274 start: 1473412430 25369658
t_num: 28 finish: 1473412432 362875552 start: 1473412429 728319572
t_num: 21 finish: 1473412432 378236682 start: 1473412431 279470838
t_num: 2 finish: 1473412432 529307036 start: 1473412431 211991345
t_num: 10 finish: 1473412432 817823065 start: 1473412431 463789712
t_num: 13 finish: 1473412432 917095611 start: 1473412430 99224934
t_num: 0 finish: 1473412433 435000191 start: 1473412430 377155627
t_num: 28 finish: 1473412433 740024905 start: 1473412432 362904289
t_num: 11 finish: 1473412433 821142712 start: 1473412431 238004816
t_num: 30 finish: 1473412433 889717533 start: 1473412430 582915346
t_num: 7 finish: 1473412433 889880619 start: 1473412431 485853973
t_num: 18 finish: 1473412434 130570056 start: 1473412431 510704946
t_num: 16 finish: 1473412434 200347748 start: 1473412432 227438223
t_num: 3 finish: 1473412434 221099508 start: 1473412431 993159374
t_num: 24 finish: 1473412434 336564777 start: 1473412432 770841015
t_num: 12 finish: 1473412434 426215054 start: 1473412431 991913265
t_num: 31 finish: 1473412434 552309165 start: 1473412432 710021704
t_num: 2 finish: 1473412434 587313773 start: 1473412432 529327046
t_num: 13 finish: 1473412434 828151850 start: 1473412432 917150315
t_num: 0 finish: 1473412434 849838267 start: 1473412433 435033089
t_num: 26 finish: 1473412435 261857361 start: 1473412434 319973991
t_num: 22 finish: 1473412435 406719240 start: 1473412433 890264868
t_num: 1 finish: 1473412435 445094293 start: 1473412434 81781125
t_num: 7 finish: 1473412435 458238282 start: 1473412433 889900889
t_num: 10 finish: 1473412435 689447678 start: 1473412433 368054057
t_num: 2 finish: 1473412435 780259651 start: 1473412434 713426564
t_num: 29 finish: 1473412435 844386172 start: 1473412433 24344417
t_num: 4 finish: 1473412435 898929631 start: 1473412434 800956013
t_num: 18 finish: 1473412436 265447669 start: 1473412434 713195904
t_num: 3 finish: 1473412436 266290985 start: 1473412434 221138495
t_num: 1 finish: 1473412436 316196476 start: 1473412435 445114205
t_num: 26 finish: 1473412436 444706119 start: 1473412435 261890758
t_num: 30 finish: 1473412436 444709465 start: 1473412433 889746626
t_num: 11 finish: 1473412436 657794040 start: 1473412433 821206637
t_num: 2 finish: 1473412436 705531354 start: 1473412435 780283060
t_num: 0 finish: 1473412436 786151112 start: 1473412435 447584023
t_num: 24 finish: 1473412436 869199299 start: 1473412434 336601832
t_num: 10 finish: 1473412436 908826200 start: 1473412435 689476415
t_num: 1 finish: 1473412437 83236032 start: 1473412436 316238059
t_num: 5 finish: 1473412437 83236029 start: 1473412435 443586201
t_num: 25 finish: 1473412437 236913287 start: 1473412436 614660850
t_num: 12 finish: 1473412437 290875020 start: 1473412434 426261349
t_num: 15 finish: 1473412437 467307412 start: 1473412435 529041273
t_num: 18 finish: 1473412437 468051099 start: 1473412436 265506083
t_num: 9 finish: 1473412437 515860448 start: 1473412435 844524648
t_num: 28 finish: 1473412437 772131313 start: 1473412436 444779789
t_num: 6 finish: 1473412437 827943811 start: 1473412435 998585815
t_num: 20 finish: 1473412437 871717510 start: 1473412435 898887638
t_num: 12 finish: 1473412438 35068254 start: 1473412437 290905884
t_num: 29 finish: 1473412438 52800993 start: 1473412435 844418301
t_num: 22 finish: 1473412438 52933626 start: 1473412436 60289545
t_num: 3 finish: 1473412438 89080503 start: 1473412436 940032889
t_num: 10 finish: 1473412438 139609761 start: 1473412436 908852645
t_num: 5 finish: 1473412438 485510173 start: 1473412437 83305772
t_num: 8 finish: 1473412438 644557641 start: 1473412437 241419717
t_num: 28 finish: 1473412438 712069987 start: 1473412437 921320129
t_num: 24 finish: 1473412438 712075240 start: 1473412436 869237007
t_num: 9 finish: 1473412438 858396593 start: 1473412437 515896689
t_num: 26 finish: 1473412438 878105035 start: 1473412437 410632768
t_num: 29 finish: 1473412439 20293885 start: 1473412438 52822641
t_num: 13 finish: 1473412439 71146195 start: 1473412437 360219251
t_num: 1 finish: 1473412439 125246532 start: 1473412437 83287566
t_num: 17 finish: 1473412439 215342565 start: 1473412437 681365264
t_num: 14 finish: 1473412439 216199550 start: 1473412438 330905362
t_num: 10 finish: 1473412439 346202599 start: 1473412438 139636634
t_num: 22 finish: 1473412439 641886561 start: 1473412438 52954105
t_num: 26 finish: 1473412440 110437226 start: 1473412438 878134523
t_num: 29 finish: 1473412440 167962371 start: 1473412439 20339085
t_num: 30 finish: 1473412440 291494865 start: 1473412438 52850496
t_num: 28 finish: 1473412440 486285652 start: 1473412439 71304524
t_num: 5 finish: 1473412440 500586989 start: 1473412438 485541673
t_num: 27 finish: 1473412440 908237605 start: 1473412439 223091582
t_num: 13 finish: 1473412440 942062441 start: 1473412439 71167331
t_num: 2 finish: 1473412441 365135107 start: 1473412439 390841680
t_num: 3 finish: 1473412441 434199272 start: 1473412439 70677151
t_num: 14 finish: 1473412441 440408446 start: 1473412439 831292324
t_num: 15 finish: 1473412441 594125685 start: 1473412438 517721693
t_num: 22 finish: 1473412441 642939674 start: 1473412440 244475449
t_num: 10 finish: 1473412441 655643692 start: 1473412440 433792544
t_num: 17 finish: 1473412441 748629413 start: 1473412440 214976682
t_num: 26 finish: 1473412441 919410382 start: 1473412440 110483246
t_num: 24 finish: 1473412442 141784229 start: 1473412439 70928884
t_num: 12 finish: 1473412442 184388090 start: 1473412439 957924028
t_num: 5 finish: 1473412442 562768606 start: 1473412440 500627495
t_num: 9 finish: 1473412442 989809603 start: 1473412439 886498763
t_num: 15 finish: 1473412442 990142539 start: 1473412441 594163708
t_num: 29 finish: 1473412443 82720888 start: 1473412441 318304640
t_num: 30 finish: 1473412443 84526181 start: 1473412441 434230372
t_num: 28 finish: 1473412443 86023398 start: 1473412441 280164525
t_num: 3 finish: 1473412443 628661058 start: 1473412441 434276001
t_num: 23 finish: 1473412443 753245114 start: 1473412441 888908741
t_num: 19 finish: 1473412443 905042297 start: 1473412441 280199857
t_num: 29 finish: 1473412444 188542384 start: 1473412443 82762342
t_num: 17 finish: 1473412444 330918671 start: 1473412441 748664326
t_num: 7 finish: 1473412444 331708080 start: 1473412440 942081601
t_num: 12 finish: 1473412444 457297039 start: 1473412442 184420994
t_num: 27 finish: 1473412444 799994820 start: 1473412441 917460862
t_num: 10 finish: 1473412444 906210159 start: 1473412442 883433580
t_num: 28 finish: 1473412444 906237415 start: 1473412443 86043493
t_num: 2 finish: 1473412444 920926899 start: 1473412443 161613628
t_num: 24 finish: 1473412444 921066034 start: 1473412442 141829427
t_num: 30 finish: 1473412445 32039467 start: 1473412443 422862409
t_num: 17 finish: 1473412445 386282237 start: 1473412444 330962812
t_num: 16 finish: 1473412445 386330065 start: 1473412443 381102387
t_num: 14 finish: 1473412445 421777588 start: 1473412443 271277283
t_num: 12 finish: 1473412445 441220270 start: 1473412444 457331261
t_num: 27 finish: 1473412445 504654329 start: 1473412444 800034557
t_num: 3 finish: 1473412445 506557770 start: 1473412444 554621166
t_num: 26 finish: 1473412445 548456861 start: 1473412443 429996194
t_num: 25 finish: 1473412445 796494638 start: 1473412443 591370216
t_num: 29 finish: 1473412446 34768743 start: 1473412444 763529949
t_num: 0 finish: 1473412446 261814095 start: 1473412444 763548685
t_num: 2 finish: 1473412446 262071330 start: 1473412444 920942069
t_num: 15 finish: 1473412446 292135421 start: 1473412444 331894909
t_num: 8 finish: 1473412446 333750015 start: 1473412445 386895308
t_num: 23 finish: 1473412446 373765950 start: 1473412445 124167384
t_num: 24 finish: 1473412446 373792822 start: 1473412444 921085089
t_num: 28 finish: 1473412446 374055712 start: 1473412444 906385535
t_num: 6 finish: 1473412446 425007184 start: 1473412445 386354759
t_num: 7 finish: 1473412446 578092847 start: 1473412445 355308808
t_num: 19 finish: 1473412446 754043563 start: 1473412445 643766362
t_num: 31 finish: 1473412446 962784150 start: 1473412445 428791549
t_num: 0 finish: 1473412447 1746519 start: 1473412446 261836311
t_num: 26 finish: 1473412447 294810527 start: 1473412445 548477373
t_num: 17 finish: 1473412447 299421667 start: 1473412445 386311353
t_num: 27 finish: 1473412447 342087418 start: 1473412446 425066253
t_num: 30 finish: 1473412447 363745479 start: 1473412445 32076199
t_num: 29 finish: 1473412447 719695044 start: 1473412446 34855511
t_num: 21 finish: 1473412447 909305091 start: 1473412446 919007884
t_num: 24 finish: 1473412448 15184569 start: 1473412446 373829136
t_num: 0 finish: 1473412448 159637227 start: 1473412447 1770996
t_num: 19 finish: 1473412448 301577116 start: 1473412446 754079438
t_num: 2 finish: 1473412448 719441945 start: 1473412447 517222768
t_num: 14 finish: 1473412448 748565685 start: 1473412446 196536561
t_num: 6 finish: 1473412448 748650607 start: 1473412446 425053763
t_num: 20 finish: 1473412448 911228363 start: 1473412447 510254136
t_num: 7 finish: 1473412448 966463125 start: 1473412446 578137320
t_num: 8 finish: 1473412449 290094705 start: 1473412446 333791127
t_num: 25 finish: 1473412449 291369179 start: 1473412446 425123373
t_num: 12 finish: 1473412449 291370246 start: 1473412446 401830198
t_num: 17 finish: 1473412449 321401709 start: 1473412447 517279848
t_num: 28 finish: 1473412449 505300687 start: 1473412447 342042151
t_num: 27 finish: 1473412449 577307606 start: 1473412447 870423959
t_num: 18 finish: 1473412449 688057039 start: 1473412448 233385324
t_num: 21 finish: 1473412450 111035011 start: 1473412448 158440315
t_num: 31 finish: 1473412450 111096225 start: 1473412448 590039125
t_num: 19 finish: 1473412450 153284727 start: 1473412448 718561904
t_num: 24 finish: 1473412450 191188792 start: 1473412448 928074612
t_num: 0 finish: 1473412450 486394063 start: 1473412448 159664385
t_num: 14 finish: 1473412450 889901878 start: 1473412448 748601390
t_num: 10 finish: 1473412450 913901472 start: 1473412449 339013089
t_num: 25 finish: 1473412450 998141185 start: 1473412449 291392932
t_num: 20 finish: 1473412451 103992364 start: 1473412448 911271985
t_num: 9 finish: 1473412451 420414490 start: 1473412449 712665022
t_num: 29 finish: 1473412451 667547799 start: 1473412449 505390826
t_num: 6 finish: 1473412451 838214377 start: 1473412449 354619717
t_num: 1 finish: 1473412451 937850232 start: 1473412449 374303671
t_num: 20 finish: 1473412451 988967360 start: 1473412451 104034920
t_num: 7 finish: 1473412452 4919159 start: 1473412450 336264794
t_num: 21 finish: 1473412452 4920846 start: 1473412450 111073478
t_num: 19 finish: 1473412452 253721202 start: 1473412450 153310725
t_num: 28 finish: 1473412452 521207596 start: 1473412450 153387655
t_num: 25 finish: 1473412452 649056428 start: 1473412450 998173384
t_num: 18 finish: 1473412452 731214439 start: 1473412450 830733843
t_num: 24 finish: 1473412452 771179816 start: 1473412451 420655648
t_num: 6 finish: 1473412452 772033605 start: 1473412451 838258657
t_num: 3 finish: 1473412452 827238823 start: 1473412451 104355900
t_num: 17 finish: 1473412452 837421647 start: 1473412451 779677657
t_num: 27 finish: 1473412453 274051635 start: 1473412451 362888101
t_num: 20 finish: 1473412453 274733887 start: 1473412451 988994790
t_num: 7 finish: 1473412453 277003129 start: 1473412452 614517907
t_num: 0 finish: 1473412453 586084977 start: 1473412451 587695811
t_num: 5 finish: 1473412453 588792215 start: 1473412452 581932962
t_num: 23 finish: 1473412453 693629831 start: 1473412451 989055409
t_num: 28 finish: 1473412453 719702992 start: 1473412452 521246428
t_num: 10 finish: 1473412453 788871066 start: 1473412451 879579918
t_num: 29 finish: 1473412453 812568260 start: 1473412452 421419653
t_num: 21 finish: 1473412453 825662566 start: 1473412452 4954443
t_num: 3 finish: 1473412453 825891508 start: 1473412452 827274020
t_num: 20 finish: 1473412454 431936838 start: 1473412453 274755042
t_num: 25 finish: 1473412454 733179762 start: 1473412452 649086539
t_num: 19 finish: 1473412455 117019420 start: 1473412453 277535813
t_num: 21 finish: 1473412455 254545555 start: 1473412453 825689975
t_num: 5 finish: 1473412455 340722345 start: 1473412453 588808363
t_num: 10 finish: 1473412455 415939711 start: 1473412453 788909039
t_num: 13 finish: 1473412455 541965594 start: 1473412453 539443610
t_num: 17 finish: 1473412455 579300073 start: 1473412452 837442247
t_num: 30 finish: 1473412455 579364209 start: 1473412453 78309846
t_num: 18 finish: 1473412455 754121952 start: 1473412454 487634012
t_num: 24 finish: 1473412455 762663292 start: 1473412455 18574789
t_num: 29 finish: 1473412455 904221315 start: 1473412453 812615211
t_num: 28 finish: 1473412456 259545124 start: 1473412453 719972567
t_num: 15 finish: 1473412456 287013115 start: 1473412454 636438071
t_num: 23 finish: 1473412456 336650519 start: 1473412454 224387303
t_num: 21 finish: 1473412456 344442242 start: 1473412455 254586939
t_num: 5 finish: 1473412456 384171142 start: 1473412455 340768428
t_num: 27 finish: 1473412456 393673962 start: 1473412453 539508279
t_num: 25 finish: 1473412456 571984652 start: 1473412454 733213096
t_num: 12 finish: 1473412456 640521667 start: 1473412455 137210433
t_num: 30 finish: 1473412457 285658222 start: 1473412455 579382173
t_num: 0 finish: 1473412457 335506494 start: 1473412454 962747691
t_num: 19 finish: 1473412457 375843183 start: 1473412455 117064405
t_num: 18 finish: 1473412457 380619281 start: 1473412455 836784555
t_num: 24 finish: 1473412457 385905038 start: 1473412456 200157864
t_num: 8 finish: 1473412457 397705006 start: 1473412453 825440320
t_num: 29 finish: 1473412457 662104115 start: 1473412456 393698302
t_num: 17 finish: 1473412458 96359168 start: 1473412455 713407883
t_num: 13 finish: 1473412458 96452568 start: 1473412455 542004406
t_num: 4 finish: 1473412458 96655921 start: 1473412455 720211115
t_num: 19 finish: 1473412459 212186854 start: 1473412457 375880839
t_num: 2 finish: 1473412459 212188047 start: 1473412456 472631194
t_num: 20 finish: 1473412459 246253840 start: 1473412455 762620291
t_num: 0 finish: 1473412459 320012668 start: 1473412457 335551578
t_num: 9 finish: 1473412459 396753530 start: 1473412457 530376598
t_num: 14 finish: 1473412459 461826720 start: 1473412456 727394873
t_num: 10 finish: 1473412459 462309604 start: 1473412456 343315174
t_num: 12 finish: 1473412460 35900662 start: 1473412458 122785272
t_num: 15 finish: 1473412460 39740543 start: 1473412456 287045809
t_num: 5 finish: 1473412460 56594830 start: 1473412458 188401517
t_num: 16 finish: 1473412460 110667406 start: 1473412458 631982187
t_num: 24 finish: 1473412460 168469845 start: 1473412457 385927059
t_num: 22 finish: 1473412460 328147262 start: 1473412459 203478461
t_num: 10 finish: 1473412460 449746099 start: 1473412459 462329704
t_num: 2 finish: 1473412460 449746096 start: 1473412459 212242899
t_num: 23 finish: 1473412460 449854737 start: 1473412457 582314772
t_num: 25 finish: 1473412460 754499845 start: 1473412458 96314704
t_num: 20 finish: 1473412461 72638862 start: 1473412459 461764037
t_num: 21 finish: 1473412461 74222487 start: 1473412457 662128679
t_num: 18 finish: 1473412461 305197157 start: 1473412458 96345200
t_num: 8 finish: 1473412461 316210802 start: 1473412458 503515118
t_num: 11 finish: 1473412461 479812689 start: 1473412460 167649778
t_num: 19 finish: 1473412461 589924768 start: 1473412459 212217252
t_num: 31 finish: 1473412461 757752058 start: 1473412460 787290139
t_num: 16 finish: 1473412461 880419448 start: 1473412460 110712313
t_num: 12 finish: 1473412462 264422398 start: 1473412461 517747003
t_num: 22 finish: 1473412462 409279151 start: 1473412460 328183591
t_num: 24 finish: 1473412462 651196035 start: 1473412460 450260246
t_num: 2 finish: 1473412462 660828012 start: 1473412460 449801478
t_num: 23 finish: 1473412462 703268161 start: 1473412460 449870148
t_num: 0 finish: 1473412462 920438396 start: 1473412461 168812455
t_num: 8 finish: 1473412463 331701642 start: 1473412461 316231174
t_num: 20 finish: 1473412463 338290407 start: 1473412461 517729465
t_num: 5 finish: 1473412463 338529423 start: 1473412461 653729444
t_num: 9 finish: 1473412463 450963515 start: 1473412460 449820833
t_num: 16 finish: 1473412463 458280861 start: 1473412461 880467803
t_num: 1 finish: 1473412463 459075433 start: 1473412461 78229786
t_num: 27 finish: 1473412463 461184048 start: 1473412461 434918533
t_num: 7 finish: 1473412463 595010514 start: 1473412461 590156094
t_num: 17 finish: 1473412463 595068669 start: 1473412460 788145331
t_num: 25 finish: 1473412463 775268844 start: 1473412461 654217803
t_num: 19 finish: 1473412464 11790679 start: 1473412461 863730835
t_num: 22 finish: 1473412464 72421041 start: 1473412462 409305574
t_num: 31 finish: 1473412464 248680247 start: 1473412462 265127898
t_num: 18 finish: 1473412464 248683937 start: 1473412461 757753468
t_num: 26 finish: 1473412464 699726413 start: 1473412461 994923380
t_num: 3 finish: 1473412465 18883339 start: 1473412462 108825336
t_num: 10 finish: 1473412465 206590184 start: 1473412463 455537750
t_num: 12 finish: 1473412465 231681147 start: 1473412462 264467016
t_num: 24 finish: 1473412465 232560943 start: 1473412462 651239518
t_num: 9 finish: 1473412465 774149969 start: 1473412463 451018352
t_num: 5 finish: 1473412465 774650992 start: 1473412463 338552394
t_num: 19 finish: 1473412465 945171578 start: 1473412464 11813989
t_num: 8 finish: 1473412466 15598084 start: 1473412464 585081350
t_num: 29 finish: 1473412466 221674356 start: 1473412464 500837065
t_num: 17 finish: 1473412466 301832011 start: 1473412463 595084926
t_num: 23 finish: 1473412466 309871177 start: 1473412464 405701984
t_num: 10 finish: 1473412466 310717224 start: 1473412465 206629525
t_num: 16 finish: 1473412466 364746051 start: 1473412463 458303766
t_num: 0 finish: 1473412466 367414144 start: 1473412463 453919342
t_num: 25 finish: 1473412466 371385677 start: 1473412463 775303585
t_num: 30 finish: 1473412466 383906123 start: 1473412463 561474551
t_num: 21 finish: 1473412466 422558177 start: 1473412463 238676817
t_num: 18 finish: 1473412466 422648928 start: 1473412465 19736914
t_num: 3 finish: 1473412466 501111508 start: 1473412465 18927692
t_num: 7 finish: 1473412466 531057755 start: 1473412464 640246125
t_num: 24 finish: 1473412466 985327067 start: 1473412466 13660790
t_num: 5 finish: 1473412467 493429247 start: 1473412465 774668657
t_num: 28 finish: 1473412467 916408453 start: 1473412466 422609722
t_num: 6 finish: 1473412467 931863092 start: 1473412465 608531492
t_num: 20 finish: 1473412467 965356191 start: 1473412466 385590106
t_num: 27 finish: 1473412468 15514497 start: 1473412465 945748495
t_num: 24 finish: 1473412468 119596701 start: 1473412467 167942651
t_num: 16 finish: 1473412468 122402046 start: 1473412466 364787277
t_num: 12 finish: 1473412468 123366648 start: 1473412466 531352803
t_num: 22 finish: 1473412468 469600142 start: 1473412465 232423467
t_num: 23 finish: 1473412468 552308135 start: 1473412466 309896509
t_num: 15 finish: 1473412468 555502431 start: 1473412466 366603976
t_num: 21 finish: 1473412468 584055344 start: 1473412466 607344289
t_num: 29 finish: 1473412468 637627270 start: 1473412467 263001448
t_num: 9 finish: 1473412468 689005461 start: 1473412466 809243284
t_num: 18 finish: 1473412468 689077081 start: 1473412466 422663898
t_num: 3 finish: 1473412468 735420705 start: 1473412466 501148751
t_num: 10 finish: 1473412468 925361356 start: 1473412467 168291559
t_num: 28 finish: 1473412469 2156299 start: 1473412467 916435193
t_num: 4 finish: 1473412469 206304590 start: 1473412468 464782026
t_num: 8 finish: 1473412469 215217224 start: 1473412468 429369404
t_num: 7 finish: 1473412469 410062933 start: 1473412466 531100387
t_num: 17 finish: 1473412469 437935577 start: 1473412467 917111159
t_num: 23 finish: 1473412469 542462823 start: 1473412468 552351814
t_num: 20 finish: 1473412469 542599565 start: 1473412467 965380112
t_num: 27 finish: 1473412469 563373939 start: 1473412468 15544719
t_num: 5 finish: 1473412469 644130651 start: 1473412467 852890702
t_num: 24 finish: 1473412469 644764335 start: 1473412468 119655494
t_num: 30 finish: 1473412469 694933448 start: 1473412468 688747951
t_num: 21 finish: 1473412469 696348172 start: 1473412468 584082298
t_num: 12 finish: 1473412469 697337377 start: 1473412468 217886659
t_num: 10 finish: 1473412470 220474809 start: 1473412468 925398760
t_num: 15 finish: 1473412470 243051648 start: 1473412469 277052443
t_num: 16 finish: 1473412470 678833008 start: 1473412468 122424066
t_num: 17 finish: 1473412470 678878014 start: 1473412469 437963088
t_num: 23 finish: 1473412470 724715565 start: 1473412469 542489947
t_num: 3 finish: 1473412470 787304408 start: 1473412469 540602974
t_num: 4 finish: 1473412471 232739621 start: 1473412469 206354974
t_num: 28 finish: 1473412471 234348373 start: 1473412469 615257380
t_num: 8 finish: 1473412471 234493313 start: 1473412469 540754471
t_num: 30 finish: 1473412471 234515014 start: 1473412469 694968576
t_num: 22 finish: 1473412471 366492752 start: 1473412469 407587505
t_num: 24 finish: 1473412471 419641423 start: 1473412470 173825271
t_num: 16 finish: 1473412471 620914024 start: 1473412470 678876354
t_num: 17 finish: 1473412471 668126838 start: 1473412470 678895498
t_num: 12 finish: 1473412471 976061415 start: 1473412470 966765983
t_num: 9 finish: 1473412472 77183714 start: 1473412469 434480608
t_num: 8 finish: 1473412472 219032793 start: 1473412471 317998482
t_num: 27 finish: 1473412472 221823450 start: 1473412471 186078806
t_num: 10 finish: 1473412472 291108231 start: 1473412470 220496322
t_num: 21 finish: 1473412472 292895906 start: 1473412470 254910695
t_num: 3 finish: 1473412472 364565748 start: 1473412470 787337562
t_num: 17 finish: 1473412472 419358491 start: 1473412471 668153886
t_num: 24 finish: 1473412472 460861443 start: 1473412471 419722353
t_num: 5 finish: 1473412472 549902645 start: 1473412470 724595254
t_num: 2 finish: 1473412472 660558475 start: 1473412471 271250152
t_num: 18 finish: 1473412472 755487218 start: 1473412470 834311221
t_num: 30 finish: 1473412473 53912557 start: 1473412471 234533131
t_num: 23 finish: 1473412473 90280988 start: 1473412470 724742770
t_num: 28 finish: 1473412473 516089915 start: 1473412471 623390390
t_num: 10 finish: 1473412473 611473111 start: 1473412472 291157539
t_num: 1 finish: 1473412473 674143212 start: 1473412472 363706974
t_num: 16 finish: 1473412474 49554922 start: 1473412471 620956648
t_num: 27 finish: 1473412474 222709012 start: 1473412472 485847471
t_num: 9 finish: 1473412474 244395036 start: 1473412472 77221756
t_num: 25 finish: 1473412474 246556187 start: 1473412471 741657996
t_num: 23 finish: 1473412474 250246639 start: 1473412473 90311374
t_num: 17 finish: 1473412474 602896287 start: 1473412472 419392609
t_num: 12 finish: 1473412474 792492076 start: 1473412471 976084290
t_num: 5 finish: 1473412474 939369809 start: 1473412472 549930999
t_num: 22 finish: 1473412475 128042246 start: 1473412472 486106643
t_num: 1 finish: 1473412475 222503384 start: 1473412473 674172737
t_num: 21 finish: 1473412475 350232026 start: 1473412473 480163298
t_num: 16 finish: 1473412475 477248813 start: 1473412474 49583669
t_num: 6 finish: 1473412475 612467269 start: 1473412473 294125551
t_num: 18 finish: 1473412475 832766943 start: 1473412473 566895884
t_num: 28 finish: 1473412475 857371046 start: 1473412474 249332226
t_num: 10 finish: 1473412475 857423398 start: 1473412474 473422994
t_num: 31 finish: 1473412475 880882822 start: 1473412473 174490509
t_num: 3 finish: 1473412475 994902819 start: 1473412473 827792417
t_num: 19 finish: 1473412476 211603675 start: 1473412474 974105158
t_num: 21 finish: 1473412476 299477038 start: 1473412475 350277351
t_num: 11 finish: 1473412476 330506600 start: 1473412473 566484316
t_num: 15 finish: 1473412476 330574872 start: 1473412474 142154837
t_num: 5 finish: 1473412476 354887018 start: 1473412474 939405739
t_num: 17 finish: 1473412476 566055780 start: 1473412475 609250903
t_num: 13 finish: 1473412476 603879442 start: 1473412474 38256634
t_num: 30 finish: 1473412476 603927580 start: 1473412475 481608790
t_num: 12 finish: 1473412476 759298035 start: 1473412474 792535101
t_num: 22 finish: 1473412476 793374774 start: 1473412475 128085104
t_num: 1 finish: 1473412477 178351180 start: 1473412475 222542106
t_num: 3 finish: 1473412477 275381407 start: 1473412475 994929677
t_num: 19 finish: 1473412477 629062254 start: 1473412476 211625369
t_num: 16 finish: 1473412477 658515827 start: 1473412476 173461919
t_num: 18 finish: 1473412477 664200050 start: 1473412475 832811174
t_num: 17 finish: 1473412477 754894485 start: 1473412476 566098246
t_num: 10 finish: 1473412477 775354389 start: 1473412476 72065882
t_num: 7 finish: 1473412478 460498894 start: 1473412475 788488357
t_num: 23 finish: 1473412478 787443932 start: 1473412477 177662609
t_num: 25 finish: 1473412478 788812864 start: 1473412476 603935689
t_num: 11 finish: 1473412478 844597826 start: 1473412476 330533586
t_num: 0 finish: 1473412479 179164099 start: 1473412477 200754642
t_num: 1 finish: 1473412479 261262982 start: 1473412477 178373429
t_num: 5 finish: 1473412479 516010629 start: 1473412476 604117035
t_num: 10 finish: 1473412479 516016038 start: 1473412477 775374233
t_num: 12 finish: 1473412479 771028470 start: 1473412477 329192322
t_num: 3 finish: 1473412479 848928615 start: 1473412477 775204223
t_num: 19 finish: 1473412479 925157821 start: 1473412477 629102018
t_num: 11 finish: 1473412479 925281808 start: 1473412479 3443433
t_num: 9 finish: 1473412480 24711228 start: 1473412477 330631660
t_num: 13 finish: 1473412480 220358910 start: 1473412477 510126798
t_num: 31 finish: 1473412480 220448296 start: 1473412477 729033203
t_num: 21 finish: 1473412480 232203784 start: 1473412477 207378728
t_num: 17 finish: 1473412480 780496653 start: 1473412478 788268104
t_num: 2 finish: 1473412480 780560398 start: 1473412479 469840190
t_num: 18 finish: 1473412481 118133097 start: 1473412478 208267207
t_num: 16 finish: 1473412481 147206445 start: 1473412479 317665699
t_num: 29 finish: 1473412481 147399042 start: 1473412478 221149023
t_num: 26 finish: 1473412481 148227566 start: 1473412478 118080701
t_num: 14 finish: 1473412481 619898522 start: 1473412479 51461736
t_num: 7 finish: 1473412482 279360622 start: 1473412479 51483252
t_num: 12 finish: 1473412482 426604468 start: 1473412479 771064307
t_num: 11 finish: 1473412482 427471358 start: 1473412479 925304351
t_num: 0 finish: 1473412482 466749911 start: 1473412479 179227689
t_num: 13 finish: 1473412482 574232419 start: 1473412480 982757654
t_num: 25 finish: 1473412482 575145994 start: 1473412480 782002494
t_num: 18 finish: 1473412482 575565069 start: 1473412481 118168151
t_num: 26 finish: 1473412482 577080390 start: 1473412481 148247306
t_num: 17 finish: 1473412482 577962911 start: 1473412480 780522631
t_num: 3 finish: 1473412482 577967124 start: 1473412480 846865759
t_num: 21 finish: 1473412482 633087885 start: 1473412480 232224738
t_num: 29 finish: 1473412482 940587130 start: 1473412481 147418509
t_num: 1 finish: 1473412483 266814100 start: 1473412481 310549298
t_num: 2 finish: 1473412483 458121286 start: 1473412480 780575583
t_num: 31 finish: 1473412483 507457820 start: 1473412481 150032442
t_num: 20 finish: 1473412483 782345974 start: 1473412481 621934497
t_num: 16 finish: 1473412483 782566889 start: 1473412481 147235883
t_num: 4 finish: 1473412483 932484401 start: 1473412481 271595670
t_num: 28 finish: 1473412484 157850703 start: 1473412482 467024061
t_num: 7 finish: 1473412484 161406916 start: 1473412482 476001838
t_num: 13 finish: 1473412484 264807891 start: 1473412482 574272440
t_num: 1 finish: 1473412484 296117557 start: 1473412483 266871694
t_num: 0 finish: 1473412484 302413580 start: 1473412482 466779578
t_num: 8 finish: 1473412484 370456583 start: 1473412482 711041461
t_num: 29 finish: 1473412484 421730307 start: 1473412482 940622862
t_num: 11 finish: 1473412484 471891694 start: 1473412483 193737059
t_num: 10 finish: 1473412484 641808288 start: 1473412481 462736761
t_num: 31 finish: 1473412485 160673501 start: 1473412484 264236159
t_num: 2 finish: 1473412485 195645773 start: 1473412483 458155952
t_num: 21 finish: 1473412485 274403144 start: 1473412483 287934271
t_num: 12 finish: 1473412485 481592803 start: 1473412483 713667735
t_num: 3 finish: 1473412485 516633812 start: 1473412483 782875097
t_num: 17 finish: 1473412485 574261285 start: 1473412484 97948304
t_num: 25 finish: 1473412485 917668206 start: 1473412482 899278364
t_num: 30 finish: 1473412486 175671007 start: 1473412484 526441227
t_num: 13 finish: 1473412486 188338652 start: 1473412484 264839755
t_num: 7 finish: 1473412486 253388714 start: 1473412484 483534603
t_num: 27 finish: 1473412486 386892747 start: 1473412484 97785980
t_num: 20 finish: 1473412486 386915970 start: 1473412483 782385177
t_num: 9 finish: 1473412486 434172306 start: 1473412485 517523378
t_num: 4 finish: 1473412486 434639496 start: 1473412483 932529806
t_num: 6 finish: 1473412486 434788038 start: 1473412485 154622689
t_num: 30 finish: 1473412486 470875410 start: 1473412486 175701634
t_num: 31 finish: 1473412486 482772429 start: 1473412485 333150959
t_num: 28 finish: 1473412486 882905805 start: 1473412484 682421177
t_num: 8 finish: 1473412487 43117818 start: 1473412484 907285493
t_num: 15 finish: 1473412487 63079022 start: 1473412484 956584140
t_num: 25 finish: 1473412487 233777439 start: 1473412485 917700751
t_num: 18 finish: 1473412487 759185926 start: 1473412484 682892528
t_num: 3 finish: 1473412487 827762617 start: 1473412485 516663091
t_num: 0 finish: 1473412488 36085344 start: 1473412486 530591339
t_num: 9 finish: 1473412488 36914874 start: 1473412486 434198877
t_num: 4 finish: 1473412488 38480886 start: 1473412486 434659580
t_num: 7 finish: 1473412488 131794172 start: 1473412486 253410482
t_num: 12 finish: 1473412488 201315435 start: 1473412486 325861810
t_num: 6 finish: 1473412488 453309133 start: 1473412486 434822237
t_num: 29 finish: 1473412488 552518220 start: 1473412485 958780740
t_num: 15 finish: 1473412488 896824534 start: 1473412487 63097392
t_num: 20 finish: 1473412489 182044458 start: 1473412487 440253746
t_num: 25 finish: 1473412489 750242066 start: 1473412488 584169081
t_num: 9 finish: 1473412489 881796053 start: 1473412488 818924517
t_num: 18 finish: 1473412489 914340252 start: 1473412487 759231339
t_num: 30 finish: 1473412489 919383594 start: 1473412486 470898820
t_num: 3 finish: 1473412490 63481860 start: 1473412487 827787059
t_num: 28 finish: 1473412490 219850757 start: 1473412487 761130672
t_num: 5 finish: 1473412490 220133287 start: 1473412488 815488677
t_num: 21 finish: 1473412490 271649290 start: 1473412488 269966741
t_num: 24 finish: 1473412490 568964812 start: 1473412488 818315469
t_num: 13 finish: 1473412490 810049676 start: 1473412487 351702013
t_num: 4 finish: 1473412491 406582471 start: 1473412488 38516067
t_num: 14 finish: 1473412491 406589261 start: 1473412488 872901844
t_num: 29 finish: 1473412491 445666462 start: 1473412488 552552893
t_num: 21 finish: 1473412491 605190319 start: 1473412490 271673312
t_num: 18 finish: 1473412491 642531829 start: 1473412490 161415315
t_num: 6 finish: 1473412491 824346312 start: 1473412489 565540653
t_num: 9 finish: 1473412491 857629649 start: 1473412489 881825576
t_num: 16 finish: 1473412491 857691378 start: 1473412489 845754916
t_num: 27 finish: 1473412491 880626813 start: 1473412490 219850025
t_num: 3 finish: 1473412491 936452792 start: 1473412490 63516402
t_num: 25 finish: 1473412492 74074716 start: 1473412490 730073716
t_num: 7 finish: 1473412492 86916367 start: 1473412491 289560034
t_num: 19 finish: 1473412492 155674392 start: 1473412490 443443928
t_num: 28 finish: 1473412492 213520359 start: 1473412490 219907974
t_num: 20 finish: 1473412492 258905976 start: 1473412489 880678955
t_num: 24 finish: 1473412492 284191235 start: 1473412490 569000614
t_num: 29 finish: 1473412492 458849956 start: 1473412491 445706389
t_num: 12 finish: 1473412492 474541750 start: 1473412490 155172350
t_num: 14 finish: 1473412492 474627521 start: 1473412491 912851288
t_num: 21 finish: 1473412492 552169345 start: 1473412491 605229242
t_num: 8 finish: 1473412492 572562010 start: 1473412490 219932938
t_num: 4 finish: 1473412492 732536390 start: 1473412491 406628147
t_num: 31 finish: 1473412492 774122881 start: 1473412491 494089083
t_num: 6 finish: 1473412493 305022988 start: 1473412492 155848049
t_num: 18 finish: 1473412493 308486749 start: 1473412491 642563406
t_num: 25 finish: 1473412493 308635213 start: 1473412492 74092825
t_num: 20 finish: 1473412493 389203126 start: 1473412492 258934756
t_num: 23 finish: 1473412493 434312978 start: 1473412491 914328268
t_num: 28 finish: 1473412493 623271195 start: 1473412492 213550418
t_num: 26 finish: 1473412493 708304694 start: 1473412492 27894194
t_num: 22 finish: 1473412493 817948868 start: 1473412492 72615445
t_num: 18 finish: 1473412493 961429090 start: 1473412493 308506899
t_num: 21 finish: 1473412493 966504060 start: 1473412493 291906550
t_num: 7 finish: 1473412493 967364064 start: 1473412492 86938216
t_num: 29 finish: 1473412494 116359787 start: 1473412493 309781386
t_num: 24 finish: 1473412494 577884713 start: 1473412492 284232701
t_num: 13 finish: 1473412494 683705619 start: 1473412493 960506531
t_num: 27 finish: 1473412494 713203853 start: 1473412492 552101318
t_num: 8 finish: 1473412494 728217483 start: 1473412492 572582965
t_num: 3 finish: 1473412494 728808290 start: 1473412493 236058790
t_num: 1 finish: 1473412494 739679505 start: 1473412493 957130667
t_num: 0 finish: 1473412494 913736986 start: 1473412493 336409366
t_num: 18 finish: 1473412494 977847410 start: 1473412493 961469064
t_num: 12 finish: 1473412495 22067441 start: 1473412493 721266206
t_num: 9 finish: 1473412495 344103821 start: 1473412493 316361977
t_num: 25 finish: 1473412495 558054839 start: 1473412493 308655256
t_num: 13 finish: 1473412495 558190863 start: 1473412494 683747520
t_num: 21 finish: 1473412495 871550351 start: 1473412493 966524985
t_num: 24 finish: 1473412496 38196731 start: 1473412494 577924050
t_num: 20 finish: 1473412496 38251920 start: 1473412493 389232885
t_num: 16 finish: 1473412496 159722052 start: 1473412494 457971791
t_num: 8 finish: 1473412496 292978842 start: 1473412494 728239619
t_num: 11 finish: 1473412496 295133638 start: 1473412494 458592502
t_num: 3 finish: 1473412496 305082407 start: 1473412494 728823091
t_num: 28 finish: 1473412496 305848663 start: 1473412494 730594451
t_num: 29 finish: 1473412496 470043173 start: 1473412495 343166862
t_num: 0 finish: 1473412496 470562198 start: 1473412495 557426673
t_num: 9 finish: 1473412496 841859005 start: 1473412495 344127286
t_num: 1 finish: 1473412496 844502639 start: 1473412494 814176202
t_num: 18 finish: 1473412496 871076768 start: 1473412494 977878742
t_num: 19 finish: 1473412497 223463754 start: 1473412495 974411780
t_num: 28 finish: 1473412497 251336963 start: 1473412496 305866762
t_num: 20 finish: 1473412497 364242035 start: 1473412496 38271066
t_num: 25 finish: 1473412497 365484837 start: 1473412495 558083144
t_num: 23 finish: 1473412497 369299717 start: 1473412495 933621082
t_num: 24 finish: 1473412497 395760428 start: 1473412496 38225838
t_num: 12 finish: 1473412497 654994526 start: 1473412496 133881579
t_num: 0 finish: 1473412497 673616387 start: 1473412496 770889611
t_num: 13 finish: 1473412497 673672257 start: 1473412496 215736910
t_num: 11 finish: 1473412498 3201766 start: 1473412496 580918314
t_num: 8 finish: 1473412498 153979423 start: 1473412497 201756798
t_num: 9 finish: 1473412498 267644473 start: 1473412496 841888170
t_num: 1 finish: 1473412498 378594982 start: 1473412497 365177932
t_num: 21 finish: 1473412498 432816483 start: 1473412496 841643034
t_num: 25 finish: 1473412498 520107271 start: 1473412497 365504700
t_num: 3 finish: 1473412498 587657000 start: 1473412496 469954203
t_num: 30 finish: 1473412498 588106337 start: 1473412497 249911799
t_num: 29 finish: 1473412498 619569598 start: 1473412497 818307947
t_num: 7 finish: 1473412498 780997351 start: 1473412497 673695889
t_num: 13 finish: 1473412498 783792227 start: 1473412497 673688437
t_num: 23 finish: 1473412499 76887976 start: 1473412498 13428920
t_num: 20 finish: 1473412499 78104549 start: 1473412498 121781020
t_num: 0 finish: 1473412499 100480317 start: 1473412497 673652048
t_num: 28 finish: 1473412499 477843506 start: 1473412498 13479836
t_num: 12 finish: 1473412499 574582846 start: 1473412497 655039599
t_num: 8 finish: 1473412499 637196777 start: 1473412498 587201964
t_num: 9 finish: 1473412500 223868472 start: 1473412498 612440340
t_num: 25 finish: 1473412500 262079371 start: 1473412498 520129567
t_num: 1 finish: 1473412500 330378655 start: 1473412499 77595497
t_num: 2 finish: 1473412500 508721590 start: 1473412499 195789038
t_num: 21 finish: 1473412500 628682131 start: 1473412498 432847987
t_num: 10 finish: 1473412500 720281503 start: 1473412498 567897014
t_num: 28 finish: 1473412500 735566172 start: 1473412499 477887857
t_num: 20 finish: 1473412500 801128715 start: 1473412499 78123765
t_num: 29 finish: 1473412500 872922265 start: 1473412498 619608488
t_num: 7 finish: 1473412500 872975658 start: 1473412498 781036468
t_num: 15 finish: 1473412500 963579550 start: 1473412499 434340517
t_num: 25 finish: 1473412501 213137422 start: 1473412500 262119370
t_num: 17 finish: 1473412501 341611422 start: 1473412498 850626172
t_num: 13 finish: 1473412501 471004233 start: 1473412499 612800045
t_num: 23 finish: 1473412501 566208789 start: 1473412499 728337386
t_num: 8 finish: 1473412501 567062852 start: 1473412499 637223773
t_num: 28 finish: 1473412501 687248181 start: 1473412500 735583823
t_num: 3 finish: 1473412501 913702859 start: 1473412499 728513934
t_num: 1 finish: 1473412502 206436932 start: 1473412500 330420866
t_num: 10 finish: 1473412502 323261288 start: 1473412501 469551878
t_num: 20 finish: 1473412502 515211425 start: 1473412500 801157958
t_num: 11 finish: 1473412502 666007067 start: 1473412500 751310427
t_num: 16 finish: 1473412502 717834846 start: 1473412500 872903978
t_num: 4 finish: 1473412502 787863294 start: 1473412501 739752634
t_num: 27 finish: 1473412502 790354393 start: 1473412501 352118365
t_num: 30 finish: 1473412503 149236462 start: 1473412501 454174813
t_num: 12 finish: 1473412503 183527228 start: 1473412501 470432619
t_num: 21 finish: 1473412503 283011666 start: 1473412501 971765506
t_num: 0 finish: 1473412503 700552100 start: 1473412502 365457751
t_num: 7 finish: 1473412503 722872930 start: 1473412502 2557483
t_num: 17 finish: 1473412503 895312045 start: 1473412501 341655408
t_num: 8 finish: 1473412503 925848543 start: 1473412501 567081613
t_num: 27 finish: 1473412504 139129303 start: 1473412502 790403982
t_num: 19 finish: 1473412504 141366163 start: 1473412502 440741716
t_num: 16 finish: 1473412504 196020542 start: 1473412502 717878904
t_num: 1 finish: 1473412504 225895323 start: 1473412502 206474034
t_num: 9 finish: 1473412504 226646090 start: 1473412502 2587224
t_num: 6 finish: 1473412504 278702729 start: 1473412502 534544464
t_num: 25 finish: 1473412504 358736186 start: 1473412502 378011442
t_num: 12 finish: 1473412504 515072808 start: 1473412503 183549229
t_num: 23 finish: 1473412504 627560923 start: 1473412501 566236328
t_num: 31 finish: 1473412504 723941212 start: 1473412501 934478111
t_num: 14 finish: 1473412504 835623023 start: 1473412503 58528350
t_num: 11 finish: 1473412505 7144935 start: 1473412502 666045170
t_num: 1 finish: 1473412505 108287109 start: 1473412504 225937999
t_num: 0 finish: 1473412505 501300853 start: 1473412503 700596007
t_num: 3 finish: 1473412505 501642785 start: 1473412503 326956810
t_num: 9 finish: 1473412505 514127155 start: 1473412504 226674319
t_num: 10 finish: 1473412505 641215840 start: 1473412503 980074302
t_num: 14 finish: 1473412505 733223832 start: 1473412504 835646290
t_num: 20 finish: 1473412506 124318754 start: 1473412504 451163352
t_num: 31 finish: 1473412506 134838085 start: 1473412504 723983924
t_num: 12 finish: 1473412506 139803167 start: 1473412504 515108665
t_num: 24 finish: 1473412506 262790895 start: 1473412504 626573025
t_num: 21 finish: 1473412506 315740688 start: 1473412505 147184867
t_num: 6 finish: 1473412506 700312179 start: 1473412504 278733144
t_num: 16 finish: 1473412506 744309082 start: 1473412505 698834996
t_num: 19 finish: 1473412506 959409763 start: 1473412504 141394085
t_num: 22 finish: 1473412506 959534936 start: 1473412505 570675567
t_num: 23 finish: 1473412507 56539550 start: 1473412504 627588338
t_num: 12 finish: 1473412507 81066226 start: 1473412506 139831896
t_num: 3 finish: 1473412507 124387858 start: 1473412505 501663595
t_num: 11 finish: 1473412507 127028152 start: 1473412505 7164846
t_num: 10 finish: 1473412507 164428965 start: 1473412505 641238384
t_num: 1 finish: 1473412507 201414536 start: 1473412506 124848639
t_num: 15 finish: 1473412507 613496565 start: 1473412506 217601384
t_num: 31 finish: 1473412507 716189454 start: 1473412506 315786861
t_num: 9 finish: 1473412507 791473620 start: 1473412505 514148829
t_num: 2 finish: 1473412507 877433657 start: 1473412505 962630760
t_num: 18 finish: 1473412507 974824965 start: 1473412507 3834445
t_num: 8 finish: 1473412508 180262244 start: 1473412505 440999099
t_num: 25 finish: 1473412508 180692419 start: 1473412505 501054139
t_num: 23 finish: 1473412508 180770204 start: 1473412507 56573206
t_num: 20 finish: 1473412508 180783885 start: 1473412506 124357739
t_num: 13 finish: 1473412508 333454226 start: 1473412506 902859172
t_num: 16 finish: 1473412509 59631175 start: 1473412506 992161673
t_num: 9 finish: 1473412509 328918894 start: 1473412507 791514424
t_num: 22 finish: 1473412509 328943060 start: 1473412506 959554836
t_num: 10 finish: 1473412509 414253532 start: 1473412507 164470515
t_num: 12 finish: 1473412509 507041614 start: 1473412507 81094698
t_num: 17 finish: 1473412509 743053359 start: 1473412506 134857430
t_num: 29 finish: 1473412509 752200980 start: 1473412508 208778366
t_num: 8 finish: 1473412509 955825955 start: 1473412508 466332761
t_num: 20 finish: 1473412510 73928469 start: 1473412508 180818727
t_num: 1 finish: 1473412510 168268704 start: 1473412507 201449010
t_num: 18 finish: 1473412510 226444916 start: 1473412507 974859982
t_num: 23 finish: 1473412510 292123767 start: 1473412508 180790372
t_num: 19 finish: 1473412510 364993355 start: 1473412509 507114958
t_num: 16 finish: 1473412510 430146071 start: 1473412509 59656690
t_num: 12 finish: 1473412510 545705619 start: 1473412509 507495875
t_num: 2 finish: 1473412510 545705619 start: 1473412508 618054585
t_num: 25 finish: 1473412510 612109844 start: 1473412508 436716630
t_num: 21 finish: 1473412510 747046095 start: 1473412508 435972297
t_num: 30 finish: 1473412510 807991761 start: 1473412509 965121377
t_num: 0 finish: 1473412510 842571374 start: 1473412510 63504624
t_num: 13 finish: 1473412510 899332110 start: 1473412508 899487611
t_num: 11 finish: 1473412511 64852427 start: 1473412509 849704473
t_num: 14 finish: 1473412511 255454694 start: 1473412509 664001130
t_num: 10 finish: 1473412511 326720513 start: 1473412509 414292605
t_num: 16 finish: 1473412511 418655973 start: 1473412510 612899867
t_num: 31 finish: 1473412511 458593355 start: 1473412509 18718665
t_num: 17 finish: 1473412511 668894713 start: 1473412509 743098032
t_num: 13 finish: 1473412511 913974750 start: 1473412510 899353177
t_num: 9 finish: 1473412511 927851709 start: 1473412510 2760320
t_num: 12 finish: 1473412511 949107509 start: 1473412510 545762721
t_num: 29 finish: 1473412512 67648847 start: 1473412509 752230266
t_num: 4 finish: 1473412512 621167068 start: 1473412510 897814241
t_num: 1 finish: 1473412512 742939774 start: 1473412510 291173574
t_num: 22 finish: 1473412512 880689359 start: 1473412510 897924599
t_num: 8 finish: 1473412513 241032886 start: 1473412510 822557884
t_num: 20 finish: 1473412513 411751939 start: 1473412510 499914777
t_num: 11 finish: 1473412513 415093983 start: 1473412511 668927758
t_num: 10 finish: 1473412513 680364305 start: 1473412512 368802863
t_num: 23 finish: 1473412513 689953440 start: 1473412511 797299408
t_num: 9 finish: 1473412513 690548745 start: 1473412511 927873229
t_num: 31 finish: 1473412513 756449496 start: 1473412511 458625269
t_num: 14 finish: 1473412513 822712729 start: 1473412511 798489370
t_num: 29 finish: 1473412513 885432619 start: 1473412512 562252329
t_num: 19 finish: 1473412513 922265193 start: 1473412513 259559569
t_num: 0 finish: 1473412514 29156343 start: 1473412513 413781021
t_num: 17 finish: 1473412514 234278727 start: 1473412511 669011947
t_num: 23 finish: 1473412514 737527498 start: 1473412513 689976689
t_num: 26 finish: 1473412514 820285094 start: 1473412512 310328135
t_num: 13 finish: 1473412514 821006552 start: 1473412511 914018988
t_num: 11 finish: 1473412514 821360469 start: 1473412513 415114985
t_num: 1 finish: 1473412514 821431325 start: 1473412512 742990386
t_num: 22 finish: 1473412515 150879828 start: 1473412513 756433820
t_num: 16 finish: 1473412515 343886352 start: 1473412513 201400278
t_num: 25 finish: 1473412515 369319545 start: 1473412511 563593426
t_num: 19 finish: 1473412515 369345926 start: 1473412513 922288031
t_num: 8 finish: 1473412515 546537864 start: 1473412513 241070559
t_num: 27 finish: 1473412515 808236721 start: 1473412514 233315486
t_num: 4 finish: 1473412516 55507148 start: 1473412513 705642467
t_num: 9 finish: 1473412516 458103846 start: 1473412514 526816207
t_num: 19 finish: 1473412516 552320875 start: 1473412515 369395752
t_num: 31 finish: 1473412516 553828667 start: 1473412513 756471303
t_num: 18 finish: 1473412517 14385489 start: 1473412515 114351417
t_num: 29 finish: 1473412517 170334490 start: 1473412513 885459995
t_num: 16 finish: 1473412517 197802950 start: 1473412515 343928036
t_num: 1 finish: 1473412517 504861720 start: 1473412514 821449315
t_num: 10 finish: 1473412517 588384956 start: 1473412514 529970294
t_num: 4 finish: 1473412517 652880482 start: 1473412516 55535091
t_num: 5 finish: 1473412517 818428768 start: 1473412516 54940182
t_num: 11 finish: 1473412517 847143502 start: 1473412514 821380969
t_num: 22 finish: 1473412517 858178968 start: 1473412515 150905352
t_num: 13 finish: 1473412517 902376890 start: 1473412514 821028737
t_num: 19 finish: 1473412518 96001581 start: 1473412516 552364373
t_num: 27 finish: 1473412518 96305686 start: 1473412515 808271963
t_num: 23 finish: 1473412518 97005357 start: 1473412517 151499903
t_num: 18 finish: 1473412518 382317129 start: 1473412517 285613365
t_num: 3 finish: 1473412518 575826640 start: 1473412516 164727500
t_num: 15 finish: 1473412518 575920252 start: 1473412516 623217009
t_num: 8 finish: 1473412518 823993649 start: 1473412517 211976351
t_num: 14 finish: 1473412519 165821763 start: 1473412516 165479456
t_num: 2 finish: 1473412519 372567946 start: 1473412517 862459113
t_num: 13 finish: 1473412519 433427670 start: 1473412517 902441607
t_num: 25 finish: 1473412519 448839110 start: 1473412517 151486651
t_num: 18 finish: 1473412519 459931027 start: 1473412518 918195441
t_num: 11 finish: 1473412519 632746736 start: 1473412517 847188443
t_num: 29 finish: 1473412519 703803189 start: 1473412517 720384808
t_num: 8 finish: 1473412519 791339088 start: 1473412518 824036007
t_num: 1 finish: 1473412519 791339073 start: 1473412517 504914232
t_num: 30 finish: 1473412519 972214260 start: 1473412518 406209334
t_num: 22 finish: 1473412519 978944657 start: 1473412518 523231506
t_num: 10 finish: 1473412520 41522087 start: 1473412518 55270726
t_num: 17 finish: 1473412520 180325331 start: 1473412518 825050580
t_num: 5 finish: 1473412520 370451349 start: 1473412518 607669055
t_num: 14 finish: 1473412520 393253259 start: 1473412519 165848952
t_num: 27 finish: 1473412520 458270426 start: 1473412518 607717997
t_num: 23 finish: 1473412520 459852298 start: 1473412519 114670779
t_num: 9 finish: 1473412520 584155037 start: 1473412519 165334917
t_num: 19 finish: 1473412520 762805530 start: 1473412519 368822778
t_num: 3 finish: 1473412521 160553423 start: 1473412518 575866114
t_num: 2 finish: 1473412521 357456235 start: 1473412520 179145347
t_num: 8 finish: 1473412521 481188890 start: 1473412519 791387626
t_num: 10 finish: 1473412521 539426930 start: 1473412520 582938767
t_num: 18 finish: 1473412521 600598047 start: 1473412520 196547481
t_num: 25 finish: 1473412521 600668344 start: 1473412519 448877828
t_num: 0 finish: 1473412521 860741125 start: 1473412520 808086353
t_num: 15 finish: 1473412521 911149779 start: 1473412520 854239570
t_num: 7 finish: 1473412521 966163536 start: 1473412520 268695913
t_num: 27 finish: 1473412522 8625788 start: 1473412520 458304296
t_num: 23 finish: 1473412522 80069315 start: 1473412520 459874149
t_num: 11 finish: 1473412522 292830904 start: 1473412519 909370467
t_num: 17 finish: 1473412522 392478660 start: 1473412520 180354302
t_num: 5 finish: 1473412522 603832049 start: 1473412520 370502367
t_num: 25 finish: 1473412523 326792774 start: 1473412521 600700582
t_num: 1 finish: 1473412523 328044736 start: 1473412521 28145593
t_num: 14 finish: 1473412523 376772845 start: 1473412520 762875826
t_num: 7 finish: 1473412523 742138283 start: 1473412521 966201202
t_num: 19 finish: 1473412523 809421362 start: 1473412521 738660464
t_num: 10 finish: 1473412523 880240542 start: 1473412521 539476418
t_num: 24 finish: 1473412524 80201763 start: 1473412521 348049593
t_num: 15 finish: 1473412524 80264619 start: 1473412521 911188919
t_num: 18 finish: 1473412524 141357372 start: 1473412522 453949155
t_num: 2 finish: 1473412524 204444792 start: 1473412521 738631631
t_num: 0 finish: 1473412524 212343998 start: 1473412521 860780002
t_num: 22 finish: 1473412524 293165701 start: 1473412521 298999174
t_num: 1 finish: 1473412524 487183030 start: 1473412523 328064144
t_num: 14 finish: 1473412524 510725059 start: 1473412523 376806975
t_num: 30 finish: 1473412524 529062573 start: 1473412522 751831879
t_num: 13 finish: 1473412524 805543262 start: 1473412522 751917876
t_num: 25 finish: 1473412525 171089432 start: 1473412523 723516014
t_num: 16 finish: 1473412525 272381317 start: 1473412523 939761288
t_num: 6 finish: 1473412525 517234701 start: 1473412523 721982945
t_num: 27 finish: 1473412525 628460779 start: 1473412523 375887019
t_num: 7 finish: 1473412525 628514874 start: 1473412524 142292313
t_num: 10 finish: 1473412525 691041836 start: 1473412523 880281560
t_num: 21 finish: 1473412525 691070634 start: 1473412522 853210424
t_num: 23 finish: 1473412525 994591191 start: 1473412523 939595405
t_num: 19 finish: 1473412526 22126975 start: 1473412524 142093153
t_num: 18 finish: 1473412526 65207433 start: 1473412524 141388934
t_num: 11 finish: 1473412526 67371984 start: 1473412524 142310184
t_num: 13 finish: 1473412526 482255493 start: 1473412524 805570056
t_num: 22 finish: 1473412526 529103658 start: 1473412525 50162055
t_num: 30 finish: 1473412526 808113308 start: 1473412524 529086016
t_num: 2 finish: 1473412526 865198588 start: 1473412525 50223578
t_num: 24 finish: 1473412526 865261463 start: 1473412525 520451788
t_num: 15 finish: 1473412526 866175198 start: 1473412524 80313529
t_num: 8 finish: 1473412527 170124697 start: 1473412525 344249028
t_num: 25 finish: 1473412527 224330595 start: 1473412525 171165846
t_num: 6 finish: 1473412527 257948353 start: 1473412525 517278216
t_num: 14 finish: 1473412527 565759614 start: 1473412526 277286847
t_num: 7 finish: 1473412527 721031290 start: 1473412526 431253901
t_num: 27 finish: 1473412527 750959050 start: 1473412525 628517628
t_num: 23 finish: 1473412527 751016220 start: 1473412526 342892609
t_num: 31 finish: 1473412527 868311632 start: 1473412526 360030145
t_num: 21 finish: 1473412527 889371201 start: 1473412525 691089619
t_num: 26 finish: 1473412527 890154969 start: 1473412526 482365250
t_num: 13 finish: 1473412528 110258697 start: 1473412526 873797055
t_num: 9 finish: 1473412528 542559999 start: 1473412526 991624910
t_num: 25 finish: 1473412528 561092683 start: 1473412527 224348707
t_num: 10 finish: 1473412528 603406601 start: 1473412526 674652723
t_num: 2 finish: 1473412528 681211567 start: 1473412526 865221625
t_num: 30 finish: 1473412528 686944797 start: 1473412527 399642940
t_num: 6 finish: 1473412528 714734889 start: 1473412527 745318342
t_num: 4 finish: 1473412528 774026734 start: 1473412526 204686905
t_num: 19 finish: 1473412528 849087311 start: 1473412526 22158901
t_num: 8 finish: 1473412528 849281104 start: 1473412527 497430775
t_num: 28 finish: 1473412528 944484045 start: 1473412527 223112563
t_num: 3 finish: 1473412528 944520176 start: 1473412526 808739003
t_num: 18 finish: 1473412529 381886256 start: 1473412528 43474924
t_num: 13 finish: 1473412529 382379422 start: 1473412528 110294824
t_num: 27 finish: 1473412529 493866499 start: 1473412527 750978482
t_num: 21 finish: 1473412529 770714369 start: 1473412527 889403182
t_num: 28 finish: 1473412529 844379747 start: 1473412528 944520610
t_num: 25 finish: 1473412529 918490125 start: 1473412528 849372884
t_num: 31 finish: 1473412529 938230453 start: 1473412528 453762785
t_num: 7 finish: 1473412529 978030750 start: 1473412527 721076775
t_num: 6 finish: 1473412530 25018247 start: 1473412528 714751897
t_num: 15 finish: 1473412530 707836602 start: 1473412528 778952245
t_num: 10 finish: 1473412530 707932683 start: 1473412528 603430103
t_num: 8 finish: 1473412530 730558630 start: 1473412528 849300721
t_num: 30 finish: 1473412530 756030760 start: 1473412528 893526346
t_num: 5 finish: 1473412530 806261370 start: 1473412529 619295298
t_num: 12 finish: 1473412531 30790913 start: 1473412529 757604043
t_num: 2 finish: 1473412531 575244226 start: 1473412529 619226506
t_num: 27 finish: 1473412531 595352182 start: 1473412529 493910462
t_num: 4 finish: 1473412531 595521563 start: 1473412529 619495884
t_num: 26 finish: 1473412531 595633460 start: 1473412529 382169744
t_num: 28 finish: 1473412531 595674507 start: 1473412529 844422654
t_num: 3 finish: 1473412531 866427574 start: 1473412529 619167566
t_num: 21 finish: 1473412532 94590515 start: 1473412529 770742752
t_num: 10 finish: 1473412532 277751346 start: 1473412530 707978193
t_num: 18 finish: 1473412532 469618362 start: 1473412529 381933388
t_num: 25 finish: 1473412532 516703692 start: 1473412531 107632006
t_num: 15 finish: 1473412532 724652312 start: 1473412530 707885268
t_num: 13 finish: 1473412532 835829947 start: 1473412530 660843103
t_num: 17 finish: 1473412532 903508225 start: 1473412531 292619442
t_num: 29 finish: 1473412532 999836275 start: 1473412530 373188576
t_num: 5 finish: 1473412533 434638279 start: 1473412531 775754391
t_num: 16 finish: 1473412533 436031319 start: 1473412531 30924067
t_num: 12 finish: 1473412533 811618121 start: 1473412531 30817422
t_num: 21 finish: 1473412533 811908923 start: 1473412532 94624128
t_num: 26 finish: 1473412533 947139290 start: 1473412531 776660458
t_num: 2 finish: 1473412533 948005821 start: 1473412531 575288748
t_num: 8 finish: 1473412533 948349457 start: 1473412531 28720790
t_num: 14 finish: 1473412534 37757928 start: 1473412531 362095517
t_num: 30 finish: 1473412534 101817058 start: 1473412531 123519230
t_num: 7 finish: 1473412534 583976743 start: 1473412532 346498481
t_num: 3 finish: 1473412534 585881710 start: 1473412531 866454531
t_num: 31 finish: 1473412534 588241922 start: 1473412531 30764766
t_num: 25 finish: 1473412534 868128607 start: 1473412532 516744058
t_num: 0 finish: 1473412534 868717811 start: 1473412531 760902729
t_num: 22 finish: 1473412535 30961073 start: 1473412533 146173262
t_num: 17 finish: 1473412535 461522181 start: 1473412532 903554459
t_num: 27 finish: 1473412535 589032068 start: 1473412533 436644299
t_num: 29 finish: 1473412535 928030963 start: 1473412533 737584307
t_num: 20 finish: 1473412535 953219237 start: 1473412533 603348671
t_num: 8 finish: 1473412535 968332675 start: 1473412533 948368945
t_num: 2 finish: 1473412536 88991574 start: 1473412533 948025904
t_num: 21 finish: 1473412536 154847561 start: 1473412534 582768327
t_num: 30 finish: 1473412536 325153223 start: 1473412534 101854458
t_num: 5 finish: 1473412536 391076190 start: 1473412534 139958336
t_num: 28 finish: 1473412536 391086147 start: 1473412533 344162145
t_num: 31 finish: 1473412536 391124949 start: 1473412534 870385360
t_num: 13 finish: 1473412536 391125441 start: 1473412533 737601648
t_num: 23 finish: 1473412536 703553081 start: 1473412534 135365069
t_num: 18 finish: 1473412536 709442823 start: 1473412534 742507377
t_num: 3 finish: 1473412537 38097915 start: 1473412534 585902634
t_num: 16 finish: 1473412537 39140521 start: 1473412533 581946765
t_num: 0 finish: 1473412537 39401859 start: 1473412534 868738011
t_num: 19 finish: 1473412537 366587509 start: 1473412535 285726558
t_num: 22 finish: 1473412537 551732894 start: 1473412536 348150909
t_num: 9 finish: 1473412537 904758644 start: 1473412536 707939978
t_num: 31 finish: 1473412538 106117218 start: 1473412536 391283184
t_num: 24 finish: 1473412538 177547355 start: 1473412536 929524072
t_num: 14 finish: 1473412538 275117049 start: 1473412535 285749424
t_num: 20 finish: 1473412538 496621105 start: 1473412535 953242325
t_num: 25 finish: 1473412538 496905812 start: 1473412536 652290330
t_num: 18 finish: 1473412538 496981937 start: 1473412536 709465048
t_num: 23 finish: 1473412538 497208144 start: 1473412537 23081320
t_num: 16 finish: 1473412538 497438211 start: 1473412537 39160964
t_num: 2 finish: 1473412538 497940040 start: 1473412537 22611559
t_num: 27 finish: 1473412538 499349345 start: 1473412536 654413109
t_num: 28 finish: 1473412538 535957968 start: 1473412537 21728278
t_num: 0 finish: 1473412538 800544614 start: 1473412537 441936283
t_num: 26 finish: 1473412538 842509066 start: 1473412536 10947540
t_num: 29 finish: 1473412539 113911157 start: 1473412537 22414185
t_num: 21 finish: 1473412539 256949098 start: 1473412536 928913375
t_num: 13 finish: 1473412539 451707696 start: 1473412537 22339686
t_num: 19 finish: 1473412539 519536219 start: 1473412537 366632590
t_num: 11 finish: 1473412539 519536219 start: 1473412538 106364852
t_num: 0 finish: 1473412540 154926379 start: 1473412538 800588462
t_num: 29 finish: 1473412540 768174454 start: 1473412539 113971461
t_num: 23 finish: 1473412541 29450797 start: 1473412538 497228156
t_num: 22 finish: 1473412541 154317656 start: 1473412538 556512095
t_num: 28 finish: 1473412541 286526174 start: 1473412538 535980820
t_num: 31 finish: 1473412541 468525014 start: 1473412538 106159423
t_num: 6 finish: 1473412541 468611630 start: 1473412539 363578027
t_num: 21 finish: 1473412541 468862160 start: 1473412539 256984891
t_num: 19 finish: 1473412541 469820359 start: 1473412539 519584131
t_num: 16 finish: 1473412541 641334572 start: 1473412540 518597834
t_num: 27 finish: 1473412541 776462059 start: 1473412540 518163425
t_num: 24 finish: 1473412541 836337854 start: 1473412539 853323026
t_num: 1 finish: 1473412541 890832195 start: 1473412540 374070710
t_num: 4 finish: 1473412542 286250565 start: 1473412540 33608740
t_num: 22 finish: 1473412542 800143138 start: 1473412541 154337816
t_num: 10 finish: 1473412542 961627751 start: 1473412540 516402901
t_num: 11 finish: 1473412543 51327208 start: 1473412539 519602709
t_num: 9 finish: 1473412543 86591037 start: 1473412540 516654561
t_num: 14 finish: 1473412543 87423507 start: 1473412540 248061231
t_num: 28 finish: 1473412543 126178506 start: 1473412541 286553855
t_num: 13 finish: 1473412543 165162605 start: 1473412540 676787027
t_num: 26 finish: 1473412543 184940358 start: 1473412541 139644227
t_num: 31 finish: 1473412543 295070457 start: 1473412541 468563511
t_num: 20 finish: 1473412543 378676986 start: 1473412542 121885929
t_num: 19 finish: 1473412543 398127177 start: 1473412541 634330759
t_num: 29 finish: 1473412543 566938140 start: 1473412541 636427016
t_num: 12 finish: 1473412543 699631448 start: 1473412540 860876846
t_num: 30 finish: 1473412543 787702891 start: 1473412541 491420621
t_num: 6 finish: 1473412544 159368244 start: 1473412541 492217168
t_num: 22 finish: 1473412544 231005672 start: 1473412542 800206492
t_num: 13 finish: 1473412544 234156156 start: 1473412543 165187087
t_num: 28 finish: 1473412544 270725451 start: 1473412543 126199156
t_num: 9 finish: 1473412544 272911560 start: 1473412543 86614426
t_num: 11 finish: 1473412544 312722023 start: 1473412543 211302719
t_num: 21 finish: 1473412544 342799721 start: 1473412541 909678019
t_num: 15 finish: 1473412544 487391616 start: 1473412543 173247756
t_num: 14 finish: 1473412544 487498662 start: 1473412543 87440397
t_num: 0 finish: 1473412545 6098621 start: 1473412543 53765844
t_num: 10 finish: 1473412545 10208034 start: 1473412542 961689505
t_num: 24 finish: 1473412545 71877531 start: 1473412543 166344665
t_num: 3 finish: 1473412545 578191892 start: 1473412543 907189118
t_num: 26 finish: 1473412545 587623517 start: 1473412544 312230091
t_num: 1 finish: 1473412545 668814537 start: 1473412544 228911023
t_num: 12 finish: 1473412545 786595444 start: 1473412543 699674910
t_num: 29 finish: 1473412545 786691696 start: 1473412544 448236809
t_num: 13 finish: 1473412545 890848896 start: 1473412544 234176852
t_num: 28 finish: 1473412545 955813477 start: 1473412544 824036516
t_num: 22 finish: 1473412546 34783932 start: 1473412545 63129809
t_num: 19 finish: 1473412546 365603165 start: 1473412544 44047413
t_num: 17 finish: 1473412546 368094420 start: 1473412544 342413391
t_num: 23 finish: 1473412546 403242527 start: 1473412543 473084693
t_num: 24 finish: 1473412546 600724103 start: 1473412545 71938901
t_num: 3 finish: 1473412546 600774297 start: 1473412545 578234707
t_num: 27 finish: 1473412546 601084780 start: 1473412545 71968523
t_num: 15 finish: 1473412547 508131297 start: 1473412544 487422071
t_num: 26 finish: 1473412547 508139917 start: 1473412545 587657872
t_num: 0 finish: 1473412547 599975210 start: 1473412545 859930624
t_num: 12 finish: 1473412547 923780523 start: 1473412545 786625019
t_num: 13 finish: 1473412547 925193655 start: 1473412545 890870837
t_num: 18 finish: 1473412547 994334496 start: 1473412545 581250547
t_num: 21 finish: 1473412548 82406075 start: 1473412546 402443213
t_num: 10 finish: 1473412548 147681656 start: 1473412545 771781061
t_num: 9 finish: 1473412548 291823676 start: 1473412546 600316457
t_num: 20 finish: 1473412548 423479958 start: 1473412546 876877915
t_num: 30 finish: 1473412548 423637262 start: 1473412545 891220000
t_num: 27 finish: 1473412548 552896940 start: 1473412546 601103684
t_num: 7 finish: 1473412548 914999802 start: 1473412547 678977061
t_num: 19 finish: 1473412549 4555376 start: 1473412547 313731021
t_num: 17 finish: 1473412549 19218174 start: 1473412547 600830862
t_num: 14 finish: 1473412549 242631273 start: 1473412547 507648015
t_num: 3 finish: 1473412549 516380771 start: 1473412547 599268095
t_num: 24 finish: 1473412549 516993704 start: 1473412546 600832590
t_num: 28 finish: 1473412549 615629759 start: 1473412547 568206835
t_num: 23 finish: 1473412549 616869928 start: 1473412546 403264935
t_num: 5 finish: 1473412549 650171440 start: 1473412547 814275614
t_num: 18 finish: 1473412550 47496121 start: 1473412547 994359522
t_num: 29 finish: 1473412550 140963079 start: 1473412547 742371620
t_num: 11 finish: 1473412550 524131774 start: 1473412547 919576531
t_num: 17 finish: 1473412550 524200413 start: 1473412549 19234955
t_num: 21 finish: 1473412550 524452020 start: 1473412548 263651252
t_num: 13 finish: 1473412550 525196024 start: 1473412548 147704185
t_num: 30 finish: 1473412550 525393390 start: 1473412548 423657009
t_num: 7 finish: 1473412550 600764039 start: 1473412548 915021087
t_num: 10 finish: 1473412550 913820748 start: 1473412548 908751835
t_num: 27 finish: 1473412551 14182775 start: 1473412548 552934863
t_num: 4 finish: 1473412551 218329233 start: 1473412548 908261070
t_num: 20 finish: 1473412551 329378839 start: 1473412548 914214302
t_num: 6 finish: 1473412551 409187000 start: 1473412550 192474046
t_num: 2 finish: 1473412551 619967975 start: 1473412548 914220975
t_num: 19 finish: 1473412551 625503840 start: 1473412550 47559681
t_num: 7 finish: 1473412551 998579032 start: 1473412550 600819584
t_num: 25 finish: 1473412552 372782695 start: 1473412548 493044846
t_num: 24 finish: 1473412552 391788379 start: 1473412550 48397201
t_num: 31 finish: 1473412552 443898753 start: 1473412548 667912663
t_num: 29 finish: 1473412552 540535457 start: 1473412550 140991084
t_num: 23 finish: 1473412552 889499336 start: 1473412550 524151947
t_num: 18 finish: 1473412553 112913906 start: 1473412550 536184803
t_num: 5 finish: 1473412553 158049257 start: 1473412550 47708757
t_num: 27 finish: 1473412553 158151996 start: 1473412551 14229138
t_num: 14 finish: 1473412553 177522260 start: 1473412551 202910127
t_num: 11 finish: 1473412553 234414256 start: 1473412551 330197683
t_num: 13 finish: 1473412553 234509804 start: 1473412550 525216894
t_num: 30 finish: 1473412553 235193346 start: 1473412550 525412982
t_num: 16 finish: 1473412553 373631805 start: 1473412550 259129930
t_num: 3 finish: 1473412553 950179137 start: 1473412551 623926736
t_num: 31 finish: 1473412554 157792777 start: 1473412552 443922935
t_num: 6 finish: 1473412554 371593682 start: 1473412551 409211610
t_num: 19 finish: 1473412554 596455523 start: 1473412551 625537845
t_num: 14 finish: 1473412555 33022607 start: 1473412553 177560250
t_num: 29 finish: 1473412555 34614022 start: 1473412552 540580364
t_num: 15 finish: 1473412555 35281288 start: 1473412552 387512799
t_num: 5 finish: 1473412555 395505266 start: 1473412553 158081634
t_num: 20 finish: 1473412555 464033197 start: 1473412552 617584422
t_num: 27 finish: 1473412555 518834160 start: 1473412553 158172524
t_num: 30 finish: 1473412555 578253336 start: 1473412554 375898619
t_num: 16 finish: 1473412555 598422800 start: 1473412553 373674123
t_num: 24 finish: 1473412555 978944723 start: 1473412553 23228666
t_num: 13 finish: 1473412556 199630969 start: 1473412553 234524526
t_num: 11 finish: 1473412556 264200223 start: 1473412554 491950103
t_num: 14 finish: 1473412556 305726568 start: 1473412555 33047324
t_num: 23 finish: 1473412556 544202118 start: 1473412553 899819172
t_num: 10 finish: 1473412556 608294640 start: 1473412554 559136940
t_num: 7 finish: 1473412556 608300566 start: 1473412553 950136746
t_num: 8 finish: 1473412556 628730222 start: 1473412554 42340476
t_num: 27 finish: 1473412556 963065894 start: 1473412555 518867803
t_num: 0 finish: 1473412556 970716220 start: 1473412553 900050673
t_num: 5 finish: 1473412557 83875816 start: 1473412555 395627044
t_num: 11 finish: 1473412557 362641163 start: 1473412556 264223817
t_num: 30 finish: 1473412557 362742576 start: 1473412555 578290660
t_num: 28 finish: 1473412557 364123565 start: 1473412555 349665061
t_num: 3 finish: 1473412557 464556676 start: 1473412556 144301340
t_num: 31 finish: 1473412557 525019957 start: 1473412554 157851638
t_num: 12 finish: 1473412557 722193933 start: 1473412555 671725942
t_num: 4 finish: 1473412557 769977852 start: 1473412554 991633113
t_num: 20 finish: 1473412558 127418014 start: 1473412555 464079027
t_num: 8 finish: 1473412558 127460244 start: 1473412557 276267145
t_num: 14 finish: 1473412558 127421357 start: 1473412557 227131897
t_num: 1 finish: 1473412558 242655028 start: 1473412556 313854662
t_num: 17 finish: 1473412558 337849671 start: 1473412556 925371956
t_num: 29 finish: 1473412558 547598347 start: 1473412556 117500697
t_num: 26 finish: 1473412558 972715759 start: 1473412557 606036079
t_num: 24 finish: 1473412558 973108731 start: 1473412556 265318197
t_num: 15 finish: 1473412558 990630649 start: 1473412556 75671810
t_num: 23 finish: 1473412559 170173524 start: 1473412557 364729386
t_num: 16 finish: 1473412559 289853283 start: 1473412557 146191179
t_num: 11 finish: 1473412559 626926110 start: 1473412557 523592247
t_num: 30 finish: 1473412559 626926110 start: 1473412557 362761879
t_num: 28 finish: 1473412559 699050425 start: 1473412557 364140455
t_num: 2 finish: 1473412559 782766232 start: 1473412557 991575741
t_num: 3 finish: 1473412559 830810036 start: 1473412557 721459138
t_num: 29 finish: 1473412559 864926963 start: 1473412558 547628823
t_num: 1 finish: 1473412559 912139348 start: 1473412558 242698647
t_num: 10 finish: 1473412560 108791490 start: 1473412557 928564131
t_num: 0 finish: 1473412560 188720762 start: 1473412558 498421319
t_num: 26 finish: 1473412560 570583946 start: 1473412558 972770333
t_num: 14 finish: 1473412560 641874829 start: 1473412558 783908182
t_num: 20 finish: 1473412560 687556872 start: 1473412558 841209966
t_num: 31 finish: 1473412561 688843 start: 1473412558 242729374
t_num: 15 finish: 1473412561 94272695 start: 1473412558 990653936
t_num: 23 finish: 1473412561 119302397 start: 1473412559 170202050
t_num: 12 finish: 1473412561 283497604 start: 1473412559 164980428
t_num: 16 finish: 1473412561 295049621 start: 1473412559 289884240
t_num: 3 finish: 1473412561 534767803 start: 1473412559 830842717
t_num: 20 finish: 1473412561 535108207 start: 1473412560 687579261
t_num: 17 finish: 1473412561 633108658 start: 1473412558 888654370
t_num: 0 finish: 1473412561 674054884 start: 1473412560 188770710
t_num: 6 finish: 1473412561 683733672 start: 1473412560 643499600
t_num: 28 finish: 1473412561 683866873 start: 1473412560 108568241
t_num: 30 finish: 1473412561 720144450 start: 1473412559 627008903
t_num: 4 finish: 1473412561 958212782 start: 1473412559 626977583
t_num: 26 finish: 1473412562 54222927 start: 1473412561 94276900
t_num: 2 finish: 1473412562 122001968 start: 1473412560 189070301
t_num: 1 finish: 1473412562 128117820 start: 1473412560 764049485
t_num: 0 finish: 1473412562 404494670 start: 1473412561 674076981
t_num: 15 finish: 1473412562 847398318 start: 1473412561 94294403
t_num: 9 finish: 1473412562 987567868 start: 1473412561 302813217
t_num: 14 finish: 1473412563 158472433 start: 1473412561 181436688
t_num: 13 finish: 1473412563 851770683 start: 1473412561 596967853
t_num: 30 finish: 1473412563 865651271 start: 1473412561 720181043
t_num: 11 finish: 1473412563 996755748 start: 1473412562 66592686
t_num: 31 finish: 1473412563 996988998 start: 1473412561 681702121
t_num: 17 finish: 1473412564 255622816 start: 1473412561 633152749
t_num: 0 finish: 1473412564 450997816 start: 1473412562 404536474
t_num: 2 finish: 1473412564 566161363 start: 1473412562 122030616
t_num: 1 finish: 1473412564 728773258 start: 1473412562 128138064
t_num: 14 finish: 1473412564 745597294 start: 1473412563 158507823
t_num: 10 finish: 1473412564 884404983 start: 1473412561 681751097
t_num: 22 finish: 1473412564 884514681 start: 1473412562 987637066
t_num: 21 finish: 1473412564 941904093 start: 1473412561 534747842
t_num: 18 finish: 1473412564 941971057 start: 1473412562 54658974
t_num: 30 finish: 1473412564 979687617 start: 1473412563 865677573
t_num: 5 finish: 1473412565 81257291 start: 1473412562 988070650
t_num: 4 finish: 1473412565 375170596 start: 1473412561 958252365
t_num: 31 finish: 1473412565 546534967 start: 1473412563 997008422
t_num: 9 finish: 1473412565 595737032 start: 1473412562 987659378
t_num: 23 finish: 1473412565 948449387 start: 1473412564 884513164
t_num: 26 finish: 1473412565 949129822 start: 1473412564 421873224
t_num: 30 finish: 1473412565 963524059 start: 1473412564 979725568
t_num: 12 finish: 1473412566 105025877 start: 1473412564 450226119
t_num: 1 finish: 1473412566 105829249 start: 1473412565 320167725
t_num: 5 finish: 1473412566 173535039 start: 1473412565 81285967
t_num: 0 finish: 1473412566 242650153 start: 1473412564 451026373
t_num: 25 finish: 1473412566 242720906 start: 1473412563 418464209
t_num: 7 finish: 1473412566 243176465 start: 1473412564 450504042
t_num: 3 finish: 1473412566 243207000 start: 1473412564 450301796
t_num: 21 finish: 1473412566 565127642 start: 1473412564 941947281
t_num: 22 finish: 1473412566 717839117 start: 1473412565 209466704
t_num: 13 finish: 1473412566 939525287 start: 1473412565 245527558
t_num: 10 finish: 1473412566 940171288 start: 1473412565 353810123
t_num: 9 finish: 1473412566 983531706 start: 1473412565 986366238
t_num: 19 finish: 1473412567 195476563 start: 1473412565 245574403
t_num: 4 finish: 1473412567 491151803 start: 1473412565 375200723
t_num: 14 finish: 1473412567 686988821 start: 1473412565 492497547
t_num: 15 finish: 1473412567 697691099 start: 1473412565 694187498
t_num: 19 finish: 1473412567 749007779 start: 1473412567 195499278
t_num: 0 finish: 1473412567 844783693 start: 1473412566 242700759
t_num: 3 finish: 1473412567 845014236 start: 1473412566 243224984
t_num: 23 finish: 1473412567 978669909 start: 1473412566 493838786
t_num: 11 finish: 1473412568 93659277 start: 1473412566 488721243
t_num: 17 finish: 1473412568 93814767 start: 1473412565 921722018
t_num: 10 finish: 1473412568 151004005 start: 1473412566 940190937
t_num: 26 finish: 1473412568 196277494 start: 1473412565 949151394
t_num: 4 finish: 1473412568 419421753 start: 1473412567 491179693
t_num: 30 finish: 1473412568 687258537 start: 1473412567 29499523
t_num: 21 finish: 1473412568 799076561 start: 1473412566 565156173
t_num: 24 finish: 1473412568 832043697 start: 1473412566 606635289
t_num: 12 finish: 1473412568 961571624 start: 1473412566 691348056
t_num: 17 finish: 1473412569 93584790 start: 1473412568 93832415
t_num: 1 finish: 1473412569 94120189 start: 1473412567 642499113
t_num: 13 finish: 1473412569 471693791 start: 1473412566 939567109
t_num: 28 finish: 1473412569 578439785 start: 1473412568 183659302
t_num: 0 finish: 1473412569 694993127 start: 1473412567 844843853
t_num: 26 finish: 1473412570 31748080 start: 1473412568 196303730
t_num: 23 finish: 1473412570 75123385 start: 1473412568 151823626
t_num: 16 finish: 1473412570 121940264 start: 1473412567 195902144
t_num: 19 finish: 1473412570 340292326 start: 1473412568 686511736
t_num: 22 finish: 1473412570 342202826 start: 1473412568 741209574
t_num: 14 finish: 1473412570 394839087 start: 1473412568 36617703
t_num: 24 finish: 1473412570 676749235 start: 1473412569 819163193
t_num: 21 finish: 1473412570 858613547 start: 1473412569 199048046
t_num: 12 finish: 1473412571 444466473 start: 1473412568 961616153
t_num: 15 finish: 1473412571 547735404 start: 1473412568 769352309
t_num: 27 finish: 1473412571 548057254 start: 1473412568 200405363
t_num: 18 finish: 1473412571 598230329 start: 1473412568 927879765
t_num: 28 finish: 1473412571 641052428 start: 1473412569 578483400
t_num: 23 finish: 1473412571 712893581 start: 1473412570 75146523
t_num: 10 finish: 1473412571 782379552 start: 1473412569 471754192
t_num: 13 finish: 1473412571 785278105 start: 1473412569 471738821
t_num: 4 finish: 1473412572 49989736 start: 1473412568 419476270
t_num: 11 finish: 1473412572 50554878 start: 1473412569 695024439
t_num: 24 finish: 1473412572 239348121 start: 1473412570 676791861
t_num: 8 finish: 1473412572 255057353 start: 1473412570 73476454
t_num: 16 finish: 1473412572 336084981 start: 1473412570 121963243
t_num: 1 finish: 1473412572 503816839 start: 1473412570 240723856
t_num: 26 finish: 1473412572 732886924 start: 1473412570 31788387
t_num: 28 finish: 1473412572 841526886 start: 1473412571 641076038
t_num: 15 finish: 1473412572 852858995 start: 1473412571 547780207
t_num: 0 finish: 1473412572 934494031 start: 1473412571 605539921
t_num: 14 finish: 1473412573 340986232 start: 1473412571 243099312
t_num: 8 finish: 1473412573 718403616 start: 1473412572 255073961
t_num: 23 finish: 1473412573 988240365 start: 1473412571 712926160
t_num: 6 finish: 1473412573 989914176 start: 1473412570 988170064
t_num: 19 finish: 1473412574 298374005 start: 1473412571 242372650
t_num: 27 finish: 1473412574 386169566 start: 1473412572 140196870
t_num: 21 finish: 1473412574 683045965 start: 1473412571 548778645
t_num: 4 finish: 1473412574 806117103 start: 1473412573 749476487
t_num: 14 finish: 1473412574 806125960 start: 1473412573 341035907
t_num: 24 finish: 1473412574 806158995 start: 1473412572 239377176
t_num: 31 finish: 1473412574 831483876 start: 1473412573 687941574
t_num: 2 finish: 1473412574 831698393 start: 1473412573 688076326
t_num: 26 finish: 1473412575 194518823 start: 1473412572 732926607
t_num: 18 finish: 1473412575 451128891 start: 1473412573 747408886
t_num: 1 finish: 1473412575 538991191 start: 1473412572 503844147
t_num: 11 finish: 1473412575 586720389 start: 1473412572 439917990
t_num: 27 finish: 1473412575 732847987 start: 1473412574 386212218
t_num: 13 finish: 1473412575 954847542 start: 1473412572 335512782
t_num: 2 finish: 1473412575 967110291 start: 1473412574 831718149
t_num: 28 finish: 1473412575 967204248 start: 1473412572 841580153
t_num: 20 finish: 1473412576 6945202 start: 1473412572 978926824
t_num: 15 finish: 1473412576 175637720 start: 1473412574 239390997
t_num: 0 finish: 1473412576 343587048 start: 1473412572 934534673
t_num: 6 finish: 1473412576 561005768 start: 1473412574 417520187
t_num: 19 finish: 1473412576 606158565 start: 1473412574 298407504
t_num: 7 finish: 1473412576 948714975 start: 1473412574 707267640
t_num: 8 finish: 1473412576 967398295 start: 1473412575 539723809
t_num: 23 finish: 1473412577 332764404 start: 1473412575 658192162
t_num: 26 finish: 1473412577 362582421 start: 1473412575 914047480
t_num: 31 finish: 1473412577 423407129 start: 1473412574 831507337
t_num: 14 finish: 1473412577 424164720 start: 1473412574 806200775
t_num: 21 finish: 1473412577 468697515 start: 1473412574 683075259
t_num: 20 finish: 1473412577 468741649 start: 1473412576 6968288
t_num: 15 finish: 1473412577 506722856 start: 1473412576 175671986
t_num: 25 finish: 1473412577 738288316 start: 1473412574 562328699
t_num: 22 finish: 1473412577 741633325 start: 1473412576 606732243
t_num: 19 finish: 1473412577 984605562 start: 1473412576 606196860
t_num: 1 finish: 1473412578 107092769 start: 1473412575 539027888
t_num: 7 finish: 1473412578 410657233 start: 1473412576 948747540
t_num: 24 finish: 1473412578 654801154 start: 1473412575 903789110
t_num: 0 finish: 1473412578 746523460 start: 1473412576 343630687
t_num: 11 finish: 1473412579 631008196 start: 1473412576 606449945
t_num: 28 finish: 1473412579 663150182 start: 1473412576 802439612
t_num: 13 finish: 1473412579 719914732 start: 1473412576 682945292
t_num: 15 finish: 1473412579 901650666 start: 1473412577 506744446
t_num: 14 finish: 1473412579 904958256 start: 1473412577 424185550
t_num: 1 finish: 1473412579 941038464 start: 1473412578 774523959
t_num: 0 finish: 1473412579 972574898 start: 1473412578 746554227
t_num: 8 finish: 1473412580 206163761 start: 1473412578 526040662
t_num: 26 finish: 1473412580 249286950 start: 1473412579 210697433
t_num: 2 finish: 1473412580 249295507 start: 1473412577 373505842
t_num: 27 finish: 1473412580 313014053 start: 1473412577 640215669
t_num: 31 finish: 1473412580 424007668 start: 1473412577 423441035
t_num: 20 finish: 1473412580 443076685 start: 1473412579 262087611
t_num: 10 finish: 1473412580 443096629 start: 1473412579 795162614
t_num: 15 finish: 1473412580 901866514 start: 1473412579 901693324
t_num: 22 finish: 1473412581 54741474 start: 1473412579 209798409
t_num: 24 finish: 1473412581 66287628 start: 1473412579 554297668
t_num: 25 finish: 1473412581 98969815 start: 1473412579 210927053
t_num: 19 finish: 1473412581 185226392 start: 1473412579 120337476
t_num: 12 finish: 1473412581 186126441 start: 1473412577 448457769
t_num: 23 finish: 1473412581 186137628 start: 1473412578 776086136
t_num: 7 finish: 1473412581 316030645 start: 1473412578 410699741
t_num: 1 finish: 1473412581 406910952 start: 1473412579 941060750
t_num: 11 finish: 1473412581 674948806 start: 1473412579 631053685
t_num: 14 finish: 1473412581 785722445 start: 1473412579 904976055
t_num: 31 finish: 1473412581 892403216 start: 1473412580 424049500
t_num: 26 finish: 1473412582 15818623 start: 1473412580 249326421
t_num: 20 finish: 1473412582 166075366 start: 1473412580 443129585
t_num: 25 finish: 1473412582 280369087 start: 1473412581 98997003
t_num: 0 finish: 1473412582 280378836 start: 1473412579 972593346
t_num: 24 finish: 1473412582 338970844 start: 1473412581 66310751
t_num: 1 finish: 1473412582 613236486 start: 1473412581 406951259
t_num: 5 finish: 1473412583 111248702 start: 1473412581 227949842
t_num: 27 finish: 1473412583 223376521 start: 1473412581 548108589
t_num: 2 finish: 1473412583 245995822 start: 1473412581 60584662
t_num: 23 finish: 1473412583 589232295 start: 1473412581 186152511
t_num: 12 finish: 1473412583 711654760 start: 1473412582 102587556
t_num: 31 finish: 1473412583 780443459 start: 1473412581 892440178
t_num: 18 finish: 1473412584 233645538 start: 1473412582 706979445
t_num: 27 finish: 1473412584 442912497 start: 1473412583 223404176
t_num: 26 finish: 1473412584 590521506 start: 1473412582 15861776
t_num: 19 finish: 1473412584 711195969 start: 1473412583 246910241
t_num: 9 finish: 1473412584 711264738 start: 1473412582 474663945
t_num: 7 finish: 1473412584 834780321 start: 1473412581 877734927
t_num: 3 finish: 1473412584 874458291 start: 1473412581 847971793
t_num: 24 finish: 1473412585 73212145 start: 1473412582 751906699
t_num: 0 finish: 1473412585 119584081 start: 1473412583 472047559
t_num: 1 finish: 1473412585 138978693 start: 1473412583 427417504
t_num: 30 finish: 1473412585 291906582 start: 1473412583 60529114
t_num: 12 finish: 1473412585 690832195 start: 1473412583 711743332
t_num: 18 finish: 1473412585 712814677 start: 1473412584 834700242
t_num: 25 finish: 1473412585 775162335 start: 1473412584 589211782
t_num: 5 finish: 1473412585 790325629 start: 1473412583 719954761
t_num: 9 finish: 1473412585 805442578 start: 1473412584 711280495
t_num: 16 finish: 1473412585 828012136 start: 1473412583 684273006
t_num: 21 finish: 1473412586 29664487 start: 1473412583 719940250
t_num: 20 finish: 1473412586 364006851 start: 1473412584 587624435
t_num: 23 finish: 1473412586 492958524 start: 1473412584 834641925
t_num: 26 finish: 1473412586 616245750 start: 1473412584 590544977
t_num: 1 finish: 1473412586 628705586 start: 1473412585 139000768
t_num: 6 finish: 1473412586 893974138 start: 1473412584 665382311
t_num: 3 finish: 1473412586 947066947 start: 1473412585 291938432
t_num: 9 finish: 1473412587 23881998 start: 1473412585 805459865
t_num: 18 finish: 1473412587 63473533 start: 1473412585 712831765
t_num: 30 finish: 1473412587 543754886 start: 1473412585 291951189
t_num: 0 finish: 1473412587 803372900 start: 1473412585 119634624
t_num: 7 finish: 1473412587 832563937 start: 1473412585 916284244
t_num: 19 finish: 1473412587 844687043 start: 1473412584 711223744
t_num: 24 finish: 1473412588 557679442 start: 1473412585 626876017
t_num: 20 finish: 1473412588 639588612 start: 1473412586 364040578
t_num: 16 finish: 1473412588 745737634 start: 1473412586 30975376
t_num: 8 finish: 1473412588 820717242 start: 1473412586 616226543
t_num: 23 finish: 1473412588 860777505 start: 1473412586 492994997
t_num: 6 finish: 1473412588 878617478 start: 1473412586 894017078
t_num: 1 finish: 1473412589 14933717 start: 1473412586 894165783
t_num: 30 finish: 1473412589 39782543 start: 1473412587 543823130
t_num: 9 finish: 1473412589 158698279 start: 1473412587 23929822
t_num: 0 finish: 1473412589 159738278 start: 1473412587 803411701
t_num: 24 finish: 1473412589 840288975 start: 1473412588 557708231
t_num: 26 finish: 1473412589 936411495 start: 1473412588 746028600
t_num: 16 finish: 1473412589 937410437 start: 1473412588 745762848
t_num: 25 finish: 1473412589 939942710 start: 1473412588 896680852
t_num: 30 finish: 1473412589 942746001 start: 1473412589 39818837
t_num: 6 finish: 1473412590 23620269 start: 1473412588 878644789
t_num: 5 finish: 1473412590 113741219 start: 1473412587 657538997
t_num: 18 finish: 1473412590 556748438 start: 1473412587 63499636
t_num: 29 finish: 1473412590 560935669 start: 1473412587 814183649
t_num: 19 finish: 1473412590 643409264 start: 1473412589 137282458
t_num: 28 finish: 1473412590 643859989 start: 1473412589 309373228
t_num: 15 finish: 1473412590 648191829 start: 1473412589 15755005
t_num: 22 finish: 1473412590 771641123 start: 1473412589 320816048
t_num: 8 finish: 1473412590 771713424 start: 1473412588 820744337
t_num: 0 finish: 1473412590 785739791 start: 1473412589 402142475
t_num: 3 finish: 1473412590 815098878 start: 1473412589 396208549
t_num: 30 finish: 1473412590 834458009 start: 1473412589 942781136
t_num: 1 finish: 1473412591 133073912 start: 1473412590 643539302
t_num: 6 finish: 1473412591 162534120 start: 1473412590 23649854
t_num: 17 finish: 1473412591 302097486 start: 1473412589 394579719
t_num: 9 finish: 1473412591 302123156 start: 1473412590 60477705
t_num: 23 finish: 1473412591 586726241 start: 1473412590 728952060
t_num: 25 finish: 1473412591 682926307 start: 1473412589 939965581
t_num: 26 finish: 1473412591 715216823 start: 1473412590 560880194
t_num: 29 finish: 1473412591 762697261 start: 1473412590 560954969
t_num: 18 finish: 1473412591 833832502 start: 1473412590 556777585
t_num: 8 finish: 1473412591 833853470 start: 1473412590 771732642
t_num: 5 finish: 1473412591 986665545 start: 1473412590 113775929
t_num: 28 finish: 1473412592 188826728 start: 1473412591 302145965
t_num: 3 finish: 1473412592 213749656 start: 1473412590 906613345
t_num: 16 finish: 1473412592 311409580 start: 1473412590 815300747
t_num: 6 finish: 1473412592 475830845 start: 1473412591 162560802
t_num: 14 finish: 1473412592 476633376 start: 1473412590 560313825
t_num: 19 finish: 1473412592 572890818 start: 1473412591 344125721
t_num: 30 finish: 1473412592 628179530 start: 1473412590 834478416
t_num: 12 finish: 1473412592 666718858 start: 1473412590 786229503
t_num: 27 finish: 1473412592 667211648 start: 1473412590 815090348
t_num: 26 finish: 1473412592 765161879 start: 1473412591 880327255
t_num: 23 finish: 1473412593 517012094 start: 1473412591 586747545
t_num: 5 finish: 1473412594 25013411 start: 1473412591 986955736
t_num: 18 finish: 1473412594 314317329 start: 1473412592 212242394
t_num: 25 finish: 1473412594 642347063 start: 1473412591 682960676
t_num: 1 finish: 1473412594 883599474 start: 1473412592 283557487
t_num: 0 finish: 1473412594 938694396 start: 1473412592 282094324
t_num: 9 finish: 1473412594 940123628 start: 1473412591 545895658
t_num: 3 finish: 1473412594 940128995 start: 1473412592 213771469
t_num: 29 finish: 1473412595 111481265 start: 1473412592 928067950
t_num: 19 finish: 1473412595 167207299 start: 1473412592 572937730
t_num: 30 finish: 1473412595 208612517 start: 1473412593 638374932
t_num: 17 finish: 1473412595 212849329 start: 1473412593 639995069
t_num: 14 finish: 1473412595 286370773 start: 1473412592 476653508
t_num: 27 finish: 1473412595 649946349 start: 1473412592 667233314
t_num: 0 finish: 1473412596 181613216 start: 1473412594 938719129
t_num: 10 finish: 1473412596 182682153 start: 1473412592 376040868
t_num: 22 finish: 1473412596 221506926 start: 1473412593 639272596
t_num: 5 finish: 1473412596 306126570 start: 1473412594 320381966
t_num: 7 finish: 1473412596 340904705 start: 1473412594 409082183
t_num: 16 finish: 1473412596 342040106 start: 1473412593 638637645
t_num: 9 finish: 1473412596 365594691 start: 1473412594 940144335
t_num: 25 finish: 1473412596 595656718 start: 1473412595 89629553
t_num: 21 finish: 1473412596 657267382 start: 1473412595 214066705
t_num: 4 finish: 1473412596 697382672 start: 1473412594 406021185
t_num: 0 finish: 1473412596 900171787 start: 1473412596 181641783
t_num: 11 finish: 1473412597 305875694 start: 1473412595 166610875
t_num: 5 finish: 1473412597 920599216 start: 1473412596 306153554
t_num: 29 finish: 1473412597 953381812 start: 1473412595 111510751
t_num: 18 finish: 1473412597 970186070 start: 1473412595 265871877
t_num: 6 finish: 1473412598 439374471 start: 1473412595 90200548
t_num: 1 finish: 1473412598 585360117 start: 1473412594 883638492
t_num: 22 finish: 1473412598 645194858 start: 1473412596 221525420
t_num: 21 finish: 1473412598 645232373 start: 1473412596 657300744
t_num: 11 finish: 1473412599 20173244 start: 1473412597 574654412
t_num: 14 finish: 1473412599 31703863 start: 1473412597 165378681
t_num: 24 finish: 1473412599 31843097 start: 1473412597 305935256
t_num: 17 finish: 1473412599 32492299 start: 1473412597 953500127
t_num: 30 finish: 1473412599 56879341 start: 1473412596 537027057
t_num: 4 finish: 1473412599 68853942 start: 1473412596 697407889
t_num: 28 finish: 1473412599 278120267 start: 1473412596 167432328
t_num: 9 finish: 1473412599 320479217 start: 1473412597 521910357
t_num: 16 finish: 1473412599 343195857 start: 1473412597 305903175
t_num: 0 finish: 1473412599 343276654 start: 1473412596 900216584
t_num: 25 finish: 1473412600 41082636 start: 1473412596 595698859
t_num: 27 finish: 1473412600 584084698 start: 1473412597 574623415
t_num: 7 finish: 1473412600 584109789 start: 1473412597 523227462
t_num: 4 finish: 1473412600 585297555 start: 1473412599 278126933
t_num: 2 finish: 1473412600 587910481 start: 1473412598 457059591
t_num: 16 finish: 1473412600 678736651 start: 1473412599 343216477
t_num: 1 finish: 1473412600 806243410 start: 1473412599 348232013
t_num: 28 finish: 1473412600 940656340 start: 1473412599 548372891
t_num: 18 finish: 1473412600 940715214 start: 1473412598 443237940
t_num: 6 finish: 1473412600 996314958 start: 1473412598 439417253
t_num: 21 finish: 1473412601 26850133 start: 1473412599 93124759
t_num: 29 finish: 1473412601 249388008 start: 1473412598 647444097
t_num: 17 finish: 1473412601 553157300 start: 1473412599 93369906
t_num: 11 finish: 1473412601 564842264 start: 1473412599 20216704
t_num: 8 finish: 1473412601 725107926 start: 1473412598 424889034
t_num: 22 finish: 1473412602 141091419 start: 1473412599 670685779
t_num: 27 finish: 1473412602 141296108 start: 1473412600 584113703
t_num: 18 finish: 1473412602 173861071 start: 1473412600 940729583
t_num: 31 finish: 1473412602 247931813 start: 1473412600 810297237
t_num: 1 finish: 1473412602 465792453 start: 1473412601 565662231
t_num: 28 finish: 1473412602 470248470 start: 1473412600 940694224
t_num: 25 finish: 1473412602 501910496 start: 1473412601 396712635
t_num: 30 finish: 1473412602 523225356 start: 1473412599 56910218
t_num: 21 finish: 1473412602 524399591 start: 1473412601 26879015
t_num: 23 finish: 1473412602 574874969 start: 1473412601 396754825
t_num: 24 finish: 1473412602 608710731 start: 1473412600 578664563
t_num: 26 finish: 1473412602 642950475 start: 1473412601 302680768
t_num: 4 finish: 1473412602 672381795 start: 1473412600 585320705
t_num: 12 finish: 1473412602 697938644 start: 1473412600 591666321
t_num: 18 finish: 1473412602 918961727 start: 1473412602 173878811
t_num: 28 finish: 1473412603 349759196 start: 1473412602 470268337
t_num: 7 finish: 1473412603 351387131 start: 1473412602 173685644
t_num: 25 finish: 1473412603 352429849 start: 1473412602 501931764
t_num: 28 finish: 1473412603 830564196 start: 1473412603 349782453
t_num: 8 finish: 1473412604 818115631 start: 1473412601 976994360
t_num: 21 finish: 1473412604 819422380 start: 1473412602 524419915
t_num: 22 finish: 1473412604 819756957 start: 1473412602 141132604
t_num: 12 finish: 1473412605 15306414 start: 1473412602 697962340
t_num: 29 finish: 1473412605 71775262 start: 1473412602 286501333
t_num: 23 finish: 1473412605 111158321 start: 1473412603 82637855
t_num: 11 finish: 1473412605 217649653 start: 1473412602 469832329
t_num: 26 finish: 1473412605 542166880 start: 1473412604 10430996
t_num: 30 finish: 1473412605 542356808 start: 1473412602 523247020
t_num: 24 finish: 1473412605 611998700 start: 1473412603 591919165
t_num: 20 finish: 1473412605 739179493 start: 1473412604 88250252
t_num: 15 finish: 1473412605 795560717 start: 1473412604 88105643
t_num: 25 finish: 1473412605 983274960 start: 1473412603 352450393
t_num: 23 finish: 1473412606 235576754 start: 1473412605 460180926
t_num: 29 finish: 1473412606 578845567 start: 1473412605 71826542
t_num: 28 finish: 1473412606 579544792 start: 1473412603 830622320
t_num: 18 finish: 1473412606 751719583 start: 1473412605 519947671
t_num: 25 finish: 1473412606 959380637 start: 1473412605 983321012
t_num: 2 finish: 1473412607 55134383 start: 1473412604 641932689
t_num: 3 finish: 1473412607 86601230 start: 1473412605 194707142
t_num: 4 finish: 1473412607 326419007 start: 1473412603 724233792
t_num: 24 finish: 1473412607 327144537 start: 1473412605 612032048
t_num: 1 finish: 1473412607 394342312 start: 1473412604 367410946
t_num: 21 finish: 1473412607 483351341 start: 1473412604 819443214
t_num: 13 finish: 1473412607 483924572 start: 1473412604 732608678
t_num: 12 finish: 1473412607 658157630 start: 1473412605 15338751
t_num: 11 finish: 1473412607 806250815 start: 1473412605 217677596
t_num: 8 finish: 1473412607 806426265 start: 1473412605 375268882
t_num: 19 finish: 1473412608 1722665 start: 1473412605 767052798
t_num: 31 finish: 1473412608 29454845 start: 1473412606 42378876
t_num: 28 finish: 1473412608 29688691 start: 1473412606 579563251
t_num: 15 finish: 1473412608 321215020 start: 1473412605 795608152
t_num: 0 finish: 1473412608 322741299 start: 1473412606 143200885
t_num: 4 finish: 1473412608 490259618 start: 1473412607 326463706
t_num: 9 finish: 1473412608 524534548 start: 1473412606 578887859
t_num: 3 finish: 1473412608 633927812 start: 1473412607 86637199
t_num: 11 finish: 1473412608 693060399 start: 1473412607 806294207
t_num: 10 finish: 1473412609 60336159 start: 1473412607 718186885
t_num: 1 finish: 1473412609 60761028 start: 1473412607 394365414
t_num: 20 finish: 1473412609 270843145 start: 1473412606 497737254
t_num: 2 finish: 1473412609 356894449 start: 1473412608 299675011
t_num: 5 finish: 1473412609 515281003 start: 1473412607 395343902
t_num: 19 finish: 1473412609 894203726 start: 1473412608 1757645
t_num: 23 finish: 1473412610 355304257 start: 1473412608 299824605
t_num: 10 finish: 1473412610 905779099 start: 1473412609 60375472
t_num: 8 finish: 1473412610 935824143 start: 1473412608 29494470
t_num: 20 finish: 1473412610 958670405 start: 1473412609 270886466
t_num: 21 finish: 1473412610 985224275 start: 1473412608 520649035
t_num: 2 finish: 1473412611 96808849 start: 1473412609 356951579
t_num: 26 finish: 1473412611 98649573 start: 1473412607 856005868
t_num: 0 finish: 1473412611 141818079 start: 1473412608 740018808
t_num: 12 finish: 1473412611 141822158 start: 1473412607 658200795
t_num: 28 finish: 1473412611 141894901 start: 1473412608 29707147
t_num: 5 finish: 1473412611 212206012 start: 1473412609 515335702
t_num: 11 finish: 1473412611 249002915 start: 1473412608 693096782
t_num: 29 finish: 1473412611 272158971 start: 1473412608 852137678
t_num: 4 finish: 1473412611 297673595 start: 1473412608 490305297
t_num: 27 finish: 1473412611 409394797 start: 1473412610 221891844
t_num: 15 finish: 1473412611 409583989 start: 1473412610 24011289
t_num: 14 finish: 1473412611 477689820 start: 1473412610 851933900
t_num: 19 finish: 1473412612 341396146 start: 1473412609 894238518
t_num: 6 finish: 1473412612 341857601 start: 1473412611 212234498
t_num: 4 finish: 1473412612 372729619 start: 1473412611 297693454
t_num: 2 finish: 1473412612 380690992 start: 1473412611 121480181
t_num: 10 finish: 1473412612 492523082 start: 1473412611 230796487
t_num: 31 finish: 1473412612 775976219 start: 1473412610 780732428
t_num: 21 finish: 1473412612 812545579 start: 1473412610 985246598
t_num: 12 finish: 1473412613 33956082 start: 1473412611 141868284
t_num: 20 finish: 1473412613 263088166 start: 1473412610 958692831
t_num: 7 finish: 1473412613 285494397 start: 1473412611 762075445
t_num: 29 finish: 1473412613 307643256 start: 1473412611 404181560
t_num: 17 finish: 1473412613 582755084 start: 1473412611 987881296
t_num: 19 finish: 1473412613 653071448 start: 1473412612 344632748
t_num: 24 finish: 1473412613 716621722 start: 1473412612 268404272
t_num: 23 finish: 1473412613 819472009 start: 1473412611 212296238
t_num: 28 finish: 1473412613 871066587 start: 1473412612 43689818
t_num: 11 finish: 1473412613 924921603 start: 1473412611 249032340
t_num: 30 finish: 1473412613 958278691 start: 1473412612 789325182
t_num: 16 finish: 1473412613 958298029 start: 1473412612 268002523
t_num: 27 finish: 1473412613 991043320 start: 1473412611 779640142
t_num: 4 finish: 1473412614 375245579 start: 1473412613 94907983
t_num: 18 finish: 1473412614 534083352 start: 1473412613 11584361
t_num: 31 finish: 1473412614 683156250 start: 1473412612 776019096
t_num: 17 finish: 1473412614 763773061 start: 1473412613 582781170
t_num: 28 finish: 1473412614 806172590 start: 1473412613 871118170
t_num: 10 finish: 1473412614 806232054 start: 1473412612 492573372
t_num: 6 finish: 1473412614 806425209 start: 1473412612 341875267
t_num: 14 finish: 1473412615 174749216 start: 1473412612 851927521
t_num: 12 finish: 1473412615 281724638 start: 1473412613 34007123
t_num: 22 finish: 1473412615 282923995 start: 1473412613 92714654
t_num: 24 finish: 1473412615 283038652 start: 1473412613 716645358
t_num: 21 finish: 1473412615 629147397 start: 1473412612 812576210
t_num: 16 finish: 1473412615 711942967 start: 1473412613 958318226
t_num: 7 finish: 1473412615 762888903 start: 1473412613 285531040
t_num: 19 finish: 1473412616 11420292 start: 1473412615 72718103
t_num: 4 finish: 1473412616 211754586 start: 1473412614 375297700
t_num: 10 finish: 1473412616 314740998 start: 1473412614 806251048
t_num: 21 finish: 1473412616 616037048 start: 1473412615 629181248
t_num: 2 finish: 1473412616 714416382 start: 1473412613 991002863
t_num: 9 finish: 1473412616 933150627 start: 1473412615 219446651
t_num: 11 finish: 1473412617 268451311 start: 1473412615 814462383
t_num: 7 finish: 1473412617 429347075 start: 1473412615 762932598
t_num: 4 finish: 1473412617 585058670 start: 1473412616 211785483
t_num: 12 finish: 1473412617 585333258 start: 1473412616 11727462
t_num: 29 finish: 1473412617 684846019 start: 1473412615 683624464
t_num: 10 finish: 1473412617 822276355 start: 1473412616 314764295
t_num: 23 finish: 1473412617 822338276 start: 1473412614 907659461
t_num: 25 finish: 1473412617 868327267 start: 1473412616 707526680
t_num: 14 finish: 1473412617 868333505 start: 1473412615 174782814
t_num: 20 finish: 1473412617 931419856 start: 1473412615 260513135
t_num: 19 finish: 1473412617 937436254 start: 1473412616 444550486
t_num: 28 finish: 1473412618 412775855 start: 1473412615 506719119
t_num: 17 finish: 1473412618 442681986 start: 1473412614 922548926
t_num: 3 finish: 1473412618 452599980 start: 1473412616 617142944
t_num: 27 finish: 1473412618 545266872 start: 1473412617 430231091
t_num: 4 finish: 1473412618 588410976 start: 1473412617 585088472
t_num: 6 finish: 1473412618 598338429 start: 1473412616 715131818
t_num: 31 finish: 1473412618 937982779 start: 1473412617 585546601
t_num: 16 finish: 1473412619 518258795 start: 1473412616 747967116
t_num: 23 finish: 1473412619 656771408 start: 1473412617 822351744
t_num: 10 finish: 1473412619 656961200 start: 1473412617 822318746
t_num: 2 finish: 1473412620 141556917 start: 1473412617 120008761
t_num: 15 finish: 1473412620 200618847 start: 1473412618 346558712
t_num: 7 finish: 1473412620 279063896 start: 1473412617 429392385
t_num: 11 finish: 1473412620 279063896 start: 1473412617 268513117
t_num: 19 finish: 1473412620 774980523 start: 1473412617 937459298
t_num: 25 finish: 1473412620 775271084 start: 1473412618 894612040
t_num: 8 finish: 1473412620 915223370 start: 1473412618 44229512
t_num: 9 finish: 1473412620 998000916 start: 1473412618 442730709
t_num: 28 finish: 1473412621 118783253 start: 1473412618 412835602
t_num: 20 finish: 1473412621 196791876 start: 1473412617 931450042
t_num: 3 finish: 1473412621 531950966 start: 1473412619 549181913
t_num: 14 finish: 1473412621 566340347 start: 1473412618 760109679
t_num: 6 finish: 1473412621 594250595 start: 1473412618 598373781
t_num: 4 finish: 1473412621 610525726 start: 1473412619 895412517
t_num: 8 finish: 1473412621 694851216 start: 1473412620 915264328
t_num: 2 finish: 1473412621 694980622 start: 1473412620 141600234
t_num: 7 finish: 1473412621 900306507 start: 1473412620 279119772
t_num: 19 finish: 1473412621 971252362 start: 1473412620 775042997
t_num: 26 finish: 1473412621 971325020 start: 1473412620 824269146
t_num: 27 finish: 1473412622 186845945 start: 1473412620 304997326
t_num: 20 finish: 1473412622 424773198 start: 1473412621 196827619
t_num: 5 finish: 1473412622 479822587 start: 1473412620 667147277
t_num: 6 finish: 1473412622 630058446 start: 1473412621 594272251
t_num: 9 finish: 1473412622 679671059 start: 1473412621 501775168
t_num: 26 finish: 1473412622 727453553 start: 1473412621 971338649
t_num: 28 finish: 1473412622 769674235 start: 1473412621 118824319
t_num: 8 finish: 1473412622 840471882 start: 1473412621 694895535
t_num: 16 finish: 1473412622 842617718 start: 1473412619 518310826
t_num: 14 finish: 1473412623 692894601 start: 1473412621 566417343
t_num: 25 finish: 1473412624 22084865 start: 1473412622 715858143
t_num: 13 finish: 1473412624 117566382 start: 1473412621 758863350
t_num: 7 finish: 1473412624 312487201 start: 1473412621 900369079
t_num: 26 finish: 1473412624 312507754 start: 1473412622 727478137
t_num: 31 finish: 1473412624 312522486 start: 1473412622 630111620
t_num: 21 finish: 1473412624 409127736 start: 1473412623 229504123
t_num: 19 finish: 1473412624 409342949 start: 1473412621 971297507
t_num: 24 finish: 1473412624 559526172 start: 1473412622 713687873
t_num: 5 finish: 1473412624 559618333 start: 1473412622 479864618
t_num: 6 finish: 1473412624 559851127 start: 1473412622 630186501
t_num: 3 finish: 1473412624 588241616 start: 1473412622 186634641
t_num: 2 finish: 1473412624 650023563 start: 1473412621 695000959
t_num: 27 finish: 1473412624 782187135 start: 1473412622 186873468
t_num: 8 finish: 1473412625 108351329 start: 1473412623 913958601
t_num: 28 finish: 1473412625 110737513 start: 1473412622 769713711
t_num: 10 finish: 1473412625 129367936 start: 1473412622 630077843
t_num: 21 finish: 1473412625 799008489 start: 1473412624 409147570
t_num: 27 finish: 1473412625 851151437 start: 1473412624 782211511
t_num: 19 finish: 1473412625 915611049 start: 1473412624 409362653
t_num: 14 finish: 1473412625 935180099 start: 1473412623 692938899
t_num: 7 finish: 1473412625 984536912 start: 1473412625 887937
t_num: 9 finish: 1473412626 143185558 start: 1473412623 958089627
t_num: 1 finish: 1473412626 144550494 start: 1473412624 650663359
t_num: 20 finish: 1473412626 251356974 start: 1473412624 123997292
t_num: 8 finish: 1473412626 681380113 start: 1473412625 108395311
t_num: 25 finish: 1473412626 746958247 start: 1473412624 22138860
t_num: 31 finish: 1473412626 763254394 start: 1473412625 499468694
t_num: 10 finish: 1473412626 819260316 start: 1473412625 129408083
t_num: 13 finish: 1473412626 871353937 start: 1473412625 916124643
t_num: 26 finish: 1473412626 989387297 start: 1473412624 312554239
t_num: 28 finish: 1473412627 55825742 start: 1473412625 110756316
t_num: 5 finish: 1473412627 56824319 start: 1473412624 559638958
t_num: 2 finish: 1473412627 56878124 start: 1473412625 376092497
t_num: 3 finish: 1473412627 276271553 start: 1473412625 935614045
t_num: 27 finish: 1473412627 290403412 start: 1473412625 851175178
t_num: 19 finish: 1473412627 345733838 start: 1473412625 915640229
t_num: 30 finish: 1473412627 501121925 start: 1473412625 317394978
t_num: 1 finish: 1473412627 558627663 start: 1473412626 144570020
t_num: 11 finish: 1473412627 559110760 start: 1473412625 480648187
t_num: 14 finish: 1473412627 606589930 start: 1473412625 935202730
t_num: 12 finish: 1473412628 123348638 start: 1473412625 971081242
t_num: 10 finish: 1473412628 124780067 start: 1473412626 819302838
t_num: 7 finish: 1473412628 143775397 start: 1473412627 129520211
t_num: 31 finish: 1473412628 541994290 start: 1473412626 763276193
t_num: 26 finish: 1473412628 648569711 start: 1473412626 989441326
t_num: 20 finish: 1473412628 778146928 start: 1473412627 335864230
t_num: 8 finish: 1473412628 934529872 start: 1473412627 337757934
t_num: 3 finish: 1473412628 934546197 start: 1473412627 811250993
t_num: 0 finish: 1473412628 947761006 start: 1473412627 770457018
t_num: 1 finish: 1473412629 511012264 start: 1473412627 558673231
t_num: 17 finish: 1473412629 691762573 start: 1473412627 798530724
t_num: 25 finish: 1473412629 722646396 start: 1473412628 259623100
t_num: 31 finish: 1473412629 807288493 start: 1473412628 542034615
t_num: 15 finish: 1473412629 875683188 start: 1473412628 124695007
t_num: 26 finish: 1473412629 934424480 start: 1473412628 648626240
t_num: 13 finish: 1473412630 29730725 start: 1473412627 672664242
t_num: 20 finish: 1473412630 165911346 start: 1473412628 778184847
t_num: 11 finish: 1473412630 165956912 start: 1473412628 691392971
t_num: 5 finish: 1473412630 165987217 start: 1473412627 456497393
t_num: 7 finish: 1473412630 617786033 start: 1473412628 691585974
t_num: 19 finish: 1473412630 623065436 start: 1473412627 956264956
t_num: 30 finish: 1473412630 734197389 start: 1473412628 691537690
t_num: 1 finish: 1473412630 785601690 start: 1473412629 511051331
t_num: 24 finish: 1473412630 998363054 start: 1473412628 379173184
t_num: 20 finish: 1473412631 709537405 start: 1473412630 165939897
t_num: 1 finish: 1473412631 985580347 start: 1473412630 785628046
t_num: 19 finish: 1473412632 72495347 start: 1473412630 989831346
t_num: 31 finish: 1473412632 200764255 start: 1473412629 807323552
t_num: 25 finish: 1473412632 229699110 start: 1473412629 722668478
t_num: 3 finish: 1473412632 229872452 start: 1473412628 934586899
t_num: 11 finish: 1473412632 360216558 start: 1473412630 165975432
t_num: 8 finish: 1473412632 428885983 start: 1473412630 166203455
t_num: 29 finish: 1473412632 432521455 start: 1473412630 379986182
t_num: 5 finish: 1473412632 457104156 start: 1473412630 166004063
t_num: 17 finish: 1473412632 593721301 start: 1473412629 691785659
t_num: 27 finish: 1473412632 807005652 start: 1473412630 990453052
t_num: 7 finish: 1473412632 810307919 start: 1473412630 617819590
t_num: 26 finish: 1473412632 810865900 start: 1473412630 988998048
t_num: 19 finish: 1473412632 814859387 start: 1473412632 72528321
t_num: 30 finish: 1473412632 850138408 start: 1473412631 601941158
t_num: 15 finish: 1473412632 965270490 start: 1473412630 966170970
t_num: 6 finish: 1473412633 16609970 start: 1473412631 545548703
t_num: 1 finish: 1473412633 411684033 start: 1473412631 985614936
t_num: 20 finish: 1473412633 411711312 start: 1473412631 709564553
t_num: 10 finish: 1473412633 411684013 start: 1473412632 195739668
t_num: 26 finish: 1473412633 609526454 start: 1473412632 810886324
t_num: 8 finish: 1473412633 777118449 start: 1473412632 428932924
t_num: 22 finish: 1473412633 834054477 start: 1473412632 231008370
t_num: 25 finish: 1473412634 54210169 start: 1473412632 229722182
t_num: 14 finish: 1473412634 59743987 start: 1473412632 355313053
t_num: 11 finish: 1473412634 114715347 start: 1473412632 593648424
t_num: 18 finish: 1473412634 205602956 start: 1473412633 146133220
t_num: 3 finish: 1473412634 419421254 start: 1473412632 593433844
t_num: 7 finish: 1473412634 469386633 start: 1473412632 810329527
t_num: 20 finish: 1473412634 648648198 start: 1473412633 411748871
t_num: 16 finish: 1473412634 682639995 start: 1473412632 547507968
t_num: 13 finish: 1473412634 851635106 start: 1473412633 244051844
t_num: 1 finish: 1473412634 948929583 start: 1473412633 411727126
t_num: 15 finish: 1473412634 948932330 start: 1473412632 965301966
t_num: 19 finish: 1473412634 948972748 start: 1473412632 814879759
t_num: 29 finish: 1473412634 950038713 start: 1473412633 16695226
t_num: 30 finish: 1473412635 226054150 start: 1473412632 889894954
t_num: 6 finish: 1473412635 291100802 start: 1473412633 16681674
t_num: 12 finish: 1473412635 419897357 start: 1473412632 593486061
t_num: 8 finish: 1473412635 472557860 start: 1473412634 453311881
t_num: 15 finish: 1473412635 815773243 start: 1473412634 949005024
t_num: 24 finish: 1473412635 952970050 start: 1473412634 455092428
t_num: 5 finish: 1473412635 954857245 start: 1473412634 455896967
t_num: 14 finish: 1473412635 955001833 start: 1473412634 257115916
t_num: 11 finish: 1473412635 955223436 start: 1473412635 226187258
t_num: 13 finish: 1473412636 58397329 start: 1473412634 851678267
t_num: 3 finish: 1473412636 106533674 start: 1473412634 419464730
t_num: 18 finish: 1473412636 106929673 start: 1473412634 489420109
t_num: 29 finish: 1473412636 300868437 start: 1473412635 226390198
t_num: 22 finish: 1473412636 782907621 start: 1473412634 556473717
t_num: 12 finish: 1473412636 875406905 start: 1473412635 419924324
t_num: 20 finish: 1473412637 199904639 start: 1473412635 180793524
t_num: 1 finish: 1473412637 414533494 start: 1473412636 141446826
t_num: 6 finish: 1473412637 502414737 start: 1473412635 291129063
t_num: 29 finish: 1473412637 776618881 start: 1473412636 634085961
t_num: 26 finish: 1473412637 787691822 start: 1473412635 844600409
t_num: 11 finish: 1473412637 854706438 start: 1473412635 955241877
t_num: 9 finish: 1473412637 854712808 start: 1473412635 954966272
t_num: 27 finish: 1473412637 970082785 start: 1473412635 601155287
t_num: 8 finish: 1473412638 15462756 start: 1473412635 954984115
t_num: 5 finish: 1473412638 218998505 start: 1473412636 171553416
t_num: 15 finish: 1473412638 421607995 start: 1473412636 355627432
t_num: 25 finish: 1473412638 422472857 start: 1473412637 496404384
t_num: 1 finish: 1473412638 429023933 start: 1473412637 414577253
t_num: 21 finish: 1473412638 483493996 start: 1473412636 746250758
t_num: 0 finish: 1473412639 77253202 start: 1473412636 714069571
t_num: 17 finish: 1473412639 100836974 start: 1473412637 512114626
t_num: 14 finish: 1473412639 243400578 start: 1473412637 851815497
t_num: 16 finish: 1473412639 301165848 start: 1473412637 501764235
t_num: 25 finish: 1473412639 430097298 start: 1473412638 422493193
t_num: 20 finish: 1473412639 485195786 start: 1473412637 199941985
t_num: 24 finish: 1473412639 523254543 start: 1473412637 486628839
t_num: 4 finish: 1473412639 652578163 start: 1473412637 907434016
t_num: 18 finish: 1473412639 823789970 start: 1473412638 638034961
t_num: 28 finish: 1473412639 823897533 start: 1473412638 15528162
t_num: 0 finish: 1473412640 7268638 start: 1473412639 77276163
t_num: 11 finish: 1473412640 7268638 start: 1473412638 421563036
t_num: 29 finish: 1473412640 45156558 start: 1473412638 957905517
t_num: 15 finish: 1473412640 173359538 start: 1473412639 47186666
t_num: 27 finish: 1473412640 174770510 start: 1473412638 421454361
t_num: 22 finish: 1473412640 228009183 start: 1473412637 776576453
t_num: 21 finish: 1473412640 584333302 start: 1473412638 483538581
t_num: 13 finish: 1473412640 802551440 start: 1473412637 708265488
t_num: 5 finish: 1473412640 802676561 start: 1473412638 219050098
t_num: 14 finish: 1473412640 860882223 start: 1473412639 243441439
t_num: 4 finish: 1473412641 37356809 start: 1473412639 652620034
t_num: 20 finish: 1473412641 128309287 start: 1473412640 577501458
t_num: 29 finish: 1473412641 128351719 start: 1473412640 45180980
t_num: 8 finish: 1473412641 290759323 start: 1473412640 9588626
t_num: 24 finish: 1473412641 351529345 start: 1473412639 823906554
t_num: 1 finish: 1473412641 423521082 start: 1473412638 994654018
t_num: 17 finish: 1473412641 501790726 start: 1473412639 487927055
t_num: 11 finish: 1473412641 573230482 start: 1473412640 7356920
t_num: 22 finish: 1473412641 847121151 start: 1473412640 228034380
t_num: 15 finish: 1473412641 997838801 start: 1473412640 638322555
t_num: 10 finish: 1473412642 196611362 start: 1473412641 822957103
t_num: 27 finish: 1473412642 314541937 start: 1473412640 174791895
t_num: 24 finish: 1473412642 434655077 start: 1473412641 351558345
t_num: 23 finish: 1473412642 458968464 start: 1473412641 55401007
t_num: 13 finish: 1473412642 530546901 start: 1473412640 802582379
t_num: 5 finish: 1473412643 1340639 start: 1473412640 802697657
t_num: 4 finish: 1473412643 95882911 start: 1473412641 37397267
t_num: 21 finish: 1473412643 153170105 start: 1473412640 584361699
t_num: 20 finish: 1473412643 294304797 start: 1473412641 528111687
t_num: 27 finish: 1473412643 295051279 start: 1473412642 314577875
t_num: 1 finish: 1473412643 331642128 start: 1473412641 423558472
t_num: 31 finish: 1473412643 332102764 start: 1473412642 21292824
t_num: 12 finish: 1473412643 332102730 start: 1473412641 728739302
t_num: 25 finish: 1473412643 351266740 start: 1473412641 55270880
t_num: 26 finish: 1473412643 862386469 start: 1473412641 172106359
t_num: 2 finish: 1473412644 249261592 start: 1473412642 26414907
t_num: 1 finish: 1473412644 494356687 start: 1473412643 331685934
t_num: 4 finish: 1473412644 495087779 start: 1473412643 95907782
t_num: 27 finish: 1473412644 554419986 start: 1473412643 295071731
t_num: 25 finish: 1473412644 554634708 start: 1473412643 351306420
t_num: 29 finish: 1473412644 589484894 start: 1473412642 145243848
t_num: 17 finish: 1473412644 675927315 start: 1473412641 501848778
t_num: 13 finish: 1473412644 677030169 start: 1473412642 530578638
t_num: 22 finish: 1473412644 801038620 start: 1473412642 434565505
t_num: 12 finish: 1473412644 851522953 start: 1473412643 332159260
t_num: 6 finish: 1473412645 125358514 start: 1473412643 332849300
t_num: 21 finish: 1473412645 138311748 start: 1473412643 153199041
t_num: 31 finish: 1473412645 216400474 start: 1473412643 332124836
t_num: 15 finish: 1473412645 224489024 start: 1473412643 332834460
t_num: 24 finish: 1473412645 389267090 start: 1473412642 434682233
t_num: 28 finish: 1473412645 425612751 start: 1473412642 214381569
t_num: 20 finish: 1473412645 906468764 start: 1473412643 609939420
t_num: 7 finish: 1473412646 7599056 start: 1473412643 225420700
t_num: 18 finish: 1473412646 414156992 start: 1473412644 554274544
t_num: 15 finish: 1473412646 826398250 start: 1473412645 224513919
t_num: 13 finish: 1473412646 880716352 start: 1473412644 677049116
t_num: 29 finish: 1473412646 959494307 start: 1473412644 589505619
t_num: 1 finish: 1473412647 260791370 start: 1473412645 606763033
t_num: 17 finish: 1473412647 260853149 start: 1473412644 675952928
t_num: 20 finish: 1473412647 304071140 start: 1473412646 242986071
t_num: 28 finish: 1473412647 435221135 start: 1473412645 425655010
t_num: 4 finish: 1473412647 435361407 start: 1473412644 589714442
t_num: 25 finish: 1473412647 467607997 start: 1473412644 897848398
t_num: 2 finish: 1473412647 700713128 start: 1473412646 87941660
t_num: 3 finish: 1473412647 806774377 start: 1473412646 9137673
t_num: 11 finish: 1473412647 843036469 start: 1473412646 676600941
t_num: 30 finish: 1473412647 882312333 start: 1473412646 171701403
t_num: 18 finish: 1473412647 948902624 start: 1473412646 826653545
t_num: 22 finish: 1473412648 123571159 start: 1473412644 801105408
t_num: 24 finish: 1473412648 351855277 start: 1473412646 340853625
t_num: 31 finish: 1473412648 364509321 start: 1473412645 216433385
t_num: 15 finish: 1473412648 364529286 start: 1473412646 826434847
t_num: 1 finish: 1473412648 683559272 start: 1473412647 260836002
t_num: 29 finish: 1473412648 714101177 start: 1473412646 959565752
t_num: 7 finish: 1473412648 872379465 start: 1473412646 7628040
t_num: 13 finish: 1473412648 977480847 start: 1473412646 880739483
t_num: 18 finish: 1473412649 289914608 start: 1473412647 948943017
t_num: 23 finish: 1473412649 327239394 start: 1473412647 949443117
t_num: 16 finish: 1473412649 327260123 start: 1473412647 260892994
t_num: 4 finish: 1473412649 544236807 start: 1473412647 882892842
t_num: 15 finish: 1473412649 600308960 start: 1473412648 364563989
t_num: 2 finish: 1473412649 666678532 start: 1473412647 700759094
t_num: 19 finish: 1473412649 759909556 start: 1473412648 954155630
t_num: 22 finish: 1473412649 760655030 start: 1473412648 771087043
t_num: 6 finish: 1473412649 760712453 start: 1473412646 990650985
t_num: 1 finish: 1473412649 761584847 start: 1473412648 683605174
t_num: 3 finish: 1473412649 886250838 start: 1473412647 806825117
t_num: 11 finish: 1473412649 975480357 start: 1473412648 802893218
t_num: 20 finish: 1473412650 166793194 start: 1473412647 949234806
t_num: 16 finish: 1473412650 384838202 start: 1473412649 327409010
t_num: 13 finish: 1473412650 982034159 start: 1473412648 977510197
t_num: 18 finish: 1473412651 103464887 start: 1473412649 289958421
t_num: 0 finish: 1473412651 103548416 start: 1473412649 428771374
t_num: 9 finish: 1473412651 243335700 start: 1473412648 802416559
t_num: 6 finish: 1473412651 486774045 start: 1473412649 760727450
t_num: 24 finish: 1473412651 584836624 start: 1473412650 458863894
t_num: 15 finish: 1473412652 228596757 start: 1473412649 600344179
t_num: 29 finish: 1473412652 252198330 start: 1473412649 832903779
t_num: 2 finish: 1473412652 274710339 start: 1473412649 666727549
t_num: 3 finish: 1473412652 411281876 start: 1473412649 886295857
t_num: 22 finish: 1473412652 609814462 start: 1473412651 372261437
t_num: 19 finish: 1473412652 692144190 start: 1473412650 381256367
t_num: 23 finish: 1473412652 798114569 start: 1473412649 327298929
t_num: 1 finish: 1473412652 835007049 start: 1473412650 929816392
t_num: 17 finish: 1473412652 947216139 start: 1473412649 714747776
t_num: 12 finish: 1473412653 252875 start: 1473412651 103495681
t_num: 16 finish: 1473412653 265290998 start: 1473412650 747139684
t_num: 7 finish: 1473412653 273506669 start: 1473412650 166709309
t_num: 13 finish: 1473412653 663332098 start: 1473412650 982073363
t_num: 6 finish: 1473412653 903572992 start: 1473412651 486807845
t_num: 0 finish: 1473412654 182879315 start: 1473412651 103563393
t_num: 22 finish: 1473412654 342151102 start: 1473412652 609853923
t_num: 23 finish: 1473412654 342165076 start: 1473412653 27718207
t_num: 10 finish: 1473412654 447296847 start: 1473412651 241414104
t_num: 19 finish: 1473412654 447944171 start: 1473412652 835274043
t_num: 2 finish: 1473412654 484838684 start: 1473412652 945924086
t_num: 3 finish: 1473412654 687439632 start: 1473412652 411309503
t_num: 29 finish: 1473412654 691062242 start: 1473412652 835027452
t_num: 7 finish: 1473412654 921157944 start: 1473412653 903553757
t_num: 31 finish: 1473412654 922412620 start: 1473412653 221408964
t_num: 11 finish: 1473412654 992038659 start: 1473412651 779380336
t_num: 12 finish: 1473412655 289888327 start: 1473412653 278910
t_num: 5 finish: 1473412655 328020552 start: 1473412653 410843873
t_num: 24 finish: 1473412655 530519288 start: 1473412653 187987243
t_num: 14 finish: 1473412655 533890453 start: 1473412654 278518242
t_num: 28 finish: 1473412655 533960051 start: 1473412653 331476414
t_num: 0 finish: 1473412655 636729593 start: 1473412654 182906716
t_num: 16 finish: 1473412655 880056301 start: 1473412653 650813100
t_num: 22 finish: 1473412656 568397987 start: 1473412654 994882611
t_num: 31 finish: 1473412656 704404497 start: 1473412654 922447661
t_num: 23 finish: 1473412656 706838103 start: 1473412655 260982288
t_num: 6 finish: 1473412656 709262741 start: 1473412653 903599140
t_num: 21 finish: 1473412656 719160922 start: 1473412654 278500192
t_num: 12 finish: 1473412656 763199799 start: 1473412655 534746662
t_num: 1 finish: 1473412656 763918755 start: 1473412655 795466955
t_num: 19 finish: 1473412656 973331172 start: 1473412654 447964645
t_num: 29 finish: 1473412657 41591688 start: 1473412655 528915733
t_num: 15 finish: 1473412657 55420443 start: 1473412655 290844853
t_num: 11 finish: 1473412657 102847818 start: 1473412655 155687350
t_num: 5 finish: 1473412657 258574104 start: 1473412655 328042025
t_num: 27 finish: 1473412657 359664914 start: 1473412655 910839863
t_num: 2 finish: 1473412657 545008094 start: 1473412654 484865945
t_num: 24 finish: 1473412657 764495008 start: 1473412655 530547722
t_num: 8 finish: 1473412658 40012074 start: 1473412655 590206189
t_num: 28 finish: 1473412658 40022882 start: 1473412656 483594197
t_num: 20 finish: 1473412658 40038708 start: 1473412656 619715047
t_num: 19 finish: 1473412658 535149102 start: 1473412656 973372892
t_num: 1 finish: 1473412659 46678013 start: 1473412657 594834807
t_num: 5 finish: 1473412659 47717652 start: 1473412657 258616276
t_num: 23 finish: 1473412659 201851840 start: 1473412656 706860270
t_num: 31 finish: 1473412659 236161399 start: 1473412657 700263409
t_num: 22 finish: 1473412659 239341282 start: 1473412656 568432839
t_num: 28 finish: 1473412659 440012751 start: 1473412658 40072530
t_num: 3 finish: 1473412659 440246736 start: 1473412656 709216624
t_num: 15 finish: 1473412659 604189020 start: 1473412657 701857024
t_num: 12 finish: 1473412659 605490328 start: 1473412657 363578781
t_num: 17 finish: 1473412659 728092692 start: 1473412658 597558063
t_num: 20 finish: 1473412659 801246758 start: 1473412658 40092318
t_num: 29 finish: 1473412660 20820783 start: 1473412657 544982352
t_num: 16 finish: 1473412660 20824160 start: 1473412658 330835690
t_num: 27 finish: 1473412660 30783343 start: 1473412657 608211916
t_num: 11 finish: 1473412660 172908275 start: 1473412658 961016683
t_num: 22 finish: 1473412660 483312909 start: 1473412659 239357099
t_num: 8 finish: 1473412660 493507383 start: 1473412659 16205282
t_num: 15 finish: 1473412660 515217078 start: 1473412659 604216415
t_num: 31 finish: 1473412660 556280210 start: 1473412659 236185172
t_num: 1 finish: 1473412660 886515244 start: 1473412659 46706256
t_num: 4 finish: 1473412660 887571924 start: 1473412659 46714855
t_num: 18 finish: 1473412660 952202210 start: 1473412658 961039463
t_num: 6 finish: 1473412660 980933383 start: 1473412659 201215272
t_num: 17 finish: 1473412661 58707883 start: 1473412660 142938743
t_num: 30 finish: 1473412661 123200758 start: 1473412660 418739456
t_num: 26 finish: 1473412662 319019892 start: 1473412659 924130858
t_num: 5 finish: 1473412662 363905627 start: 1473412659 693995074
t_num: 16 finish: 1473412662 648184852 start: 1473412660 771688725
t_num: 20 finish: 1473412662 648264052 start: 1473412660 825124960
t_num: 28 finish: 1473412662 717425110 start: 1473412660 227050839
t_num: 11 finish: 1473412662 717445502 start: 1473412660 172935585
t_num: 22 finish: 1473412662 769065388 start: 1473412660 483353386
t_num: 8 finish: 1473412662 809174734 start: 1473412660 493530432
t_num: 30 finish: 1473412662 930691606 start: 1473412661 123278703
t_num: 12 finish: 1473412662 995284033 start: 1473412660 825740084
t_num: 18 finish: 1473412662 995364436 start: 1473412661 477257314
t_num: 29 finish: 1473412662 995833343 start: 1473412661 123231480
t_num: 5 finish: 1473412663 69636662 start: 1473412662 363929066
t_num: 27 finish: 1473412663 248695821 start: 1473412661 658414284
t_num: 15 finish: 1473412663 251878633 start: 1473412661 300101199
t_num: 1 finish: 1473412663 360904873 start: 1473412662 647915363
t_num: 9 finish: 1473412663 482744079 start: 1473412661 671798380
t_num: 16 finish: 1473412663 527648427 start: 1473412662 648211389
t_num: 14 finish: 1473412663 621615397 start: 1473412660 980914160
t_num: 31 finish: 1473412663 670292690 start: 1473412662 341350537
t_num: 6 finish: 1473412663 709274783 start: 1473412660 980958329
t_num: 22 finish: 1473412663 912390844 start: 1473412662 769110924
t_num: 26 finish: 1473412663 995028264 start: 1473412662 930724882
t_num: 12 finish: 1473412664 44276650 start: 1473412662 995309433
t_num: 18 finish: 1473412664 169885015 start: 1473412662 995383625
t_num: 8 finish: 1473412664 459080090 start: 1473412662 809232817
t_num: 15 finish: 1473412664 703986744 start: 1473412663 448392572
t_num: 17 finish: 1473412664 726151194 start: 1473412663 261456703
t_num: 20 finish: 1473412664 792122589 start: 1473412663 52148769
t_num: 14 finish: 1473412664 868033617 start: 1473412663 621658898
t_num: 30 finish: 1473412664 988929432 start: 1473412663 254195901
t_num: 6 finish: 1473412665 136539488 start: 1473412663 709292807
t_num: 29 finish: 1473412665 368775503 start: 1473412663 859733766
t_num: 18 finish: 1473412665 444113930 start: 1473412664 169926945
t_num: 13 finish: 1473412665 494039572 start: 1473412662 799448076
t_num: 1 finish: 1473412665 663907107 start: 1473412663 360961288
t_num: 27 finish: 1473412665 735011529 start: 1473412663 248731143
t_num: 7 finish: 1473412665 868996967 start: 1473412664 334335141
t_num: 15 finish: 1473412665 868997156 start: 1473412664 704031506
t_num: 31 finish: 1473412665 992774728 start: 1473412665 48442129
t_num: 2 finish: 1473412665 998210028 start: 1473412664 794249378
t_num: 17 finish: 1473412666 374525963 start: 1473412664 726192002
t_num: 24 finish: 1473412666 474130030 start: 1473412664 816928775
t_num: 8 finish: 1473412667 151589709 start: 1473412665 48505302
t_num: 9 finish: 1473412667 320665356 start: 1473412664 880770924
t_num: 5 finish: 1473412668 62631742 start: 1473412665 442255033
t_num: 20 finish: 1473412668 62693388 start: 1473412665 113155560
t_num: 7 finish: 1473412668 185005380 start: 1473412665 869033695
t_num: 13 finish: 1473412668 302303663 start: 1473412665 642206427
t_num: 29 finish: 1473412668 403584792 start: 1473412665 643903253
t_num: 30 finish: 1473412668 433905438 start: 1473412666 421441869
t_num: 2 finish: 1473412668 490570908 start: 1473412667 172266326
t_num: 27 finish: 1473412668 570571735 start: 1473412665 735036187
t_num: 10 finish: 1473412668 593938805 start: 1473412667 972970490
t_num: 9 finish: 1473412668 614840752 start: 1473412667 320716598
t_num: 6 finish: 1473412668 640668814 start: 1473412665 442294562
t_num: 24 finish: 1473412668 640870809 start: 1473412666 474172292
t_num: 14 finish: 1473412668 731502788 start: 1473412665 679429153
t_num: 15 finish: 1473412668 958916359 start: 1473412665 869055501
t_num: 12 finish: 1473412669 344325876 start: 1473412666 764263533
t_num: 5 finish: 1473412669 527548894 start: 1473412668 62671587
t_num: 23 finish: 1473412669 624948566 start: 1473412668 62736068
t_num: 7 finish: 1473412669 647122124 start: 1473412668 185045746
t_num: 18 finish: 1473412669 647128120 start: 1473412667 206771343
t_num: 11 finish: 1473412669 647140086 start: 1473412668 403214545
t_num: 30 finish: 1473412669 749196406 start: 1473412668 433925124
t_num: 1 finish: 1473412669 797586688 start: 1473412667 149245893
t_num: 8 finish: 1473412670 44473370 start: 1473412668 628273885
t_num: 12 finish: 1473412670 145246824 start: 1473412669 344370752
t_num: 21 finish: 1473412670 369158334 start: 1473412668 960337943
t_num: 31 finish: 1473412670 371769687 start: 1473412668 343329161
t_num: 28 finish: 1473412670 610847083 start: 1473412668 889263549
t_num: 15 finish: 1473412670 620084735 start: 1473412668 958953457
t_num: 25 finish: 1473412670 692436600 start: 1473412669 39989323
t_num: 6 finish: 1473412670 921538168 start: 1473412669 6421079
t_num: 24 finish: 1473412671 131700217 start: 1473412669 409350179
t_num: 18 finish: 1473412671 137735815 start: 1473412669 647188680
t_num: 20 finish: 1473412671 294902850 start: 1473412669 6735738
t_num: 8 finish: 1473412671 296130309 start: 1473412670 44509868
t_num: 22 finish: 1473412671 383502049 start: 1473412670 105187880
t_num: 25 finish: 1473412671 752595936 start: 1473412670 692464479
t_num: 7 finish: 1473412671 752664305 start: 1473412669 647159709
t_num: 27 finish: 1473412671 836784840 start: 1473412669 981383378
t_num: 14 finish: 1473412671 922363822 start: 1473412669 476752407
t_num: 11 finish: 1473412672 118245660 start: 1473412670 368429126
t_num: 31 finish: 1473412672 119816207 start: 1473412670 371790714
t_num: 28 finish: 1473412672 351783317 start: 1473412670 689114596
t_num: 30 finish: 1473412672 508542273 start: 1473412670 552816396
t_num: 19 finish: 1473412672 508610787 start: 1473412671 325605970
t_num: 5 finish: 1473412672 670166088 start: 1473412670 435428998
t_num: 20 finish: 1473412672 713971748 start: 1473412671 294957948
t_num: 15 finish: 1473412672 837890540 start: 1473412670 850617059
t_num: 11 finish: 1473412672 909107039 start: 1473412672 118289922
t_num: 13 finish: 1473412672 970987802 start: 1473412670 413847152
t_num: 14 finish: 1473412673 5425991 start: 1473412671 922392349
t_num: 7 finish: 1473412673 17155175 start: 1473412671 752678029
t_num: 22 finish: 1473412673 18418738 start: 1473412671 383527611
t_num: 18 finish: 1473412673 225792594 start: 1473412671 137762154
t_num: 0 finish: 1473412673 459398643 start: 1473412671 217489009
t_num: 26 finish: 1473412673 459483701 start: 1473412671 593433062
t_num: 6 finish: 1473412673 530252773 start: 1473412671 836842084
t_num: 16 finish: 1473412673 581495015 start: 1473412672 449202871
t_num: 19 finish: 1473412673 901324672 start: 1473412672 508626879
t_num: 12 finish: 1473412674 52036272 start: 1473412672 261514607
t_num: 7 finish: 1473412674 608210741 start: 1473412673 17176432
t_num: 0 finish: 1473412674 610081219 start: 1473412673 459425491
t_num: 24 finish: 1473412674 818777119 start: 1473412671 957268986
t_num: 25 finish: 1473412674 866152589 start: 1473412671 752641442
t_num: 12 finish: 1473412674 964488154 start: 1473412674 52072766
t_num: 11 finish: 1473412674 965183413 start: 1473412672 909149569
t_num: 30 finish: 1473412674 976223196 start: 1473412672 971872038
t_num: 10 finish: 1473412675 116070519 start: 1473412673 599572235
t_num: 13 finish: 1473412675 229760654 start: 1473412673 940085085
t_num: 15 finish: 1473412675 377393890 start: 1473412673 516950063
t_num: 6 finish: 1473412675 621203531 start: 1473412673 814126342
t_num: 3 finish: 1473412675 621593459 start: 1473412672 971788986
t_num: 28 finish: 1473412675 706968772 start: 1473412673 106367660
t_num: 18 finish: 1473412675 829876920 start: 1473412673 225851719
t_num: 31 finish: 1473412675 927659802 start: 1473412673 334058153
t_num: 22 finish: 1473412676 171575091 start: 1473412674 337837690
t_num: 13 finish: 1473412676 868099096 start: 1473412675 229797346
t_num: 6 finish: 1473412676 871176859 start: 1473412675 621262152
t_num: 24 finish: 1473412677 35654291 start: 1473412674 818818026
t_num: 11 finish: 1473412677 57243665 start: 1473412674 965204610
t_num: 0 finish: 1473412677 84726008 start: 1473412674 610102097
t_num: 15 finish: 1473412677 85282876 start: 1473412675 377413356
t_num: 25 finish: 1473412677 290536324 start: 1473412674 866173541
t_num: 5 finish: 1473412677 290536308 start: 1473412674 550574332
t_num: 30 finish: 1473412677 526952540 start: 1473412675 621395110
t_num: 7 finish: 1473412677 527043716 start: 1473412674 608249828
t_num: 10 finish: 1473412677 671658390 start: 1473412676 174388297
t_num: 3 finish: 1473412677 781693053 start: 1473412675 621613383
t_num: 16 finish: 1473412677 919258547 start: 1473412675 371050413
t_num: 12 finish: 1473412677 949974156 start: 1473412675 927702386
t_num: 24 finish: 1473412678 230073512 start: 1473412677 35694539
t_num: 17 finish: 1473412678 371202146 start: 1473412676 797328402
t_num: 28 finish: 1473412678 570988564 start: 1473412676 827986672
t_num: 0 finish: 1473412678 658274073 start: 1473412677 457846812
t_num: 27 finish: 1473412678 703086487 start: 1473412675 580839320
t_num: 19 finish: 1473412678 751264985 start: 1473412677 111263877
t_num: 31 finish: 1473412678 873477168 start: 1473412675 927708054
t_num: 5 finish: 1473412678 938479170 start: 1473412677 290613220
t_num: 10 finish: 1473412679 260842519 start: 1473412678 8339592
t_num: 25 finish: 1473412679 269611339 start: 1473412677 905206221
t_num: 11 finish: 1473412679 277415919 start: 1473412677 57266710
t_num: 6 finish: 1473412679 539312566 start: 1473412676 871198304
t_num: 15 finish: 1473412679 539356111 start: 1473412677 458069170
t_num: 30 finish: 1473412679 549782304 start: 1473412677 526989055
t_num: 27 finish: 1473412679 907986146 start: 1473412678 703110586
t_num: 18 finish: 1473412680 139871287 start: 1473412677 248667333
t_num: 0 finish: 1473412680 142727752 start: 1473412678 658302404
t_num: 3 finish: 1473412680 240620668 start: 1473412677 781736158
t_num: 25 finish: 1473412680 247081688 start: 1473412679 269631339
t_num: 22 finish: 1473412680 348139068 start: 1473412678 660026200
t_num: 1 finish: 1473412680 536759308 start: 1473412678 705646035
t_num: 24 finish: 1473412680 693030940 start: 1473412678 230136707
t_num: 23 finish: 1473412680 710590622 start: 1473412679 295128789
t_num: 31 finish: 1473412680 741244175 start: 1473412678 873510827
t_num: 16 finish: 1473412681 170643277 start: 1473412678 230106744
t_num: 28 finish: 1473412681 205727723 start: 1473412678 571018125
t_num: 10 finish: 1473412681 206415763 start: 1473412679 260887258
t_num: 17 finish: 1473412681 497513653 start: 1473412680 290477308
t_num: 12 finish: 1473412681 497743319 start: 1473412679 296111619
t_num: 8 finish: 1473412681 623438686 start: 1473412680 387612798
t_num: 3 finish: 1473412681 623606046 start: 1473412680 632744838
t_num: 27 finish: 1473412681 707313924 start: 1473412679 908020195
t_num: 11 finish: 1473412681 790062566 start: 1473412679 375193929
t_num: 30 finish: 1473412681 878850056 start: 1473412679 588973390
t_num: 14 finish: 1473412681 934201261 start: 1473412679 695268826
t_num: 20 finish: 1473412682 16037931 start: 1473412681 170007733
t_num: 1 finish: 1473412682 62560768 start: 1473412680 536817279
t_num: 19 finish: 1473412682 228882367 start: 1473412679 261244889
t_num: 10 finish: 1473412682 665886744 start: 1473412681 537476151
t_num: 0 finish: 1473412682 667785612 start: 1473412680 142749276
t_num: 16 finish: 1473412682 744543485 start: 1473412681 170664538
t_num: 23 finish: 1473412682 744546308 start: 1473412680 710615070
t_num: 5 finish: 1473412682 859467189 start: 1473412680 243962139
t_num: 30 finish: 1473412683 107907140 start: 1473412681 878886395
t_num: 24 finish: 1473412683 147867631 start: 1473412682 272992834
t_num: 13 finish: 1473412683 247019562 start: 1473412681 454666404
t_num: 19 finish: 1473412683 290708445 start: 1473412682 228916645
t_num: 21 finish: 1473412683 291478249 start: 1473412680 973700003
t_num: 29 finish: 1473412683 497280506 start: 1473412682 436068835
t_num: 1 finish: 1473412683 497354562 start: 1473412682 62601060
t_num: 25 finish: 1473412683 553986283 start: 1473412681 878910236
t_num: 17 finish: 1473412684 35622362 start: 1473412682 272941197
t_num: 3 finish: 1473412684 36226970 start: 1473412681 623625740
t_num: 0 finish: 1473412684 265828537 start: 1473412682 881325049
t_num: 14 finish: 1473412684 474483421 start: 1473412681 934220681
t_num: 31 finish: 1473412684 728407148 start: 1473412683 115816703
t_num: 28 finish: 1473412684 751855153 start: 1473412682 595993305
t_num: 4 finish: 1473412684 923656394 start: 1473412683 470931821
t_num: 16 finish: 1473412684 924144872 start: 1473412682 744588645
t_num: 12 finish: 1473412684 924203094 start: 1473412682 667666302
t_num: 3 finish: 1473412685 57338392 start: 1473412684 573303553
t_num: 30 finish: 1473412685 57964018 start: 1473412683 107953604
t_num: 19 finish: 1473412685 421529820 start: 1473412684 563254720
t_num: 1 finish: 1473412685 593882409 start: 1473412683 497369768
t_num: 10 finish: 1473412685 594133082 start: 1473412683 366809586
t_num: 14 finish: 1473412685 668699191 start: 1473412684 474519633
t_num: 21 finish: 1473412685 858417677 start: 1473412683 692325174
t_num: 17 finish: 1473412685 890893792 start: 1473412684 35666174
t_num: 8 finish: 1473412685 912568923 start: 1473412683 471023366
t_num: 13 finish: 1473412685 912599026 start: 1473412683 247046579
t_num: 3 finish: 1473412686 533613505 start: 1473412685 57376535
t_num: 28 finish: 1473412687 216334486 start: 1473412684 751896521
t_num: 16 finish: 1473412687 220130612 start: 1473412685 472094226
t_num: 11 finish: 1473412687 222353052 start: 1473412684 570441314
t_num: 9 finish: 1473412687 600504059 start: 1473412685 92001244
t_num: 13 finish: 1473412687 604245230 start: 1473412685 912616809
t_num: 2 finish: 1473412687 709508627 start: 1473412685 567019579
t_num: 10 finish: 1473412687 713340551 start: 1473412685 594148139
t_num: 31 finish: 1473412687 938597015 start: 1473412684 728446145
t_num: 26 finish: 1473412687 955286493 start: 1473412685 955232563
t_num: 21 finish: 1473412687 955291207 start: 1473412686 493636185
t_num: 1 finish: 1473412688 64823107 start: 1473412685 593911829
t_num: 8 finish: 1473412688 132516513 start: 1473412685 912591273
t_num: 30 finish: 1473412688 548407374 start: 1473412686 432600398
t_num: 18 finish: 1473412688 609649983 start: 1473412685 641530727
t_num: 6 finish: 1473412689 97614822 start: 1473412685 593946507
t_num: 11 finish: 1473412689 186997032 start: 1473412687 222372400
t_num: 10 finish: 1473412689 214764610 start: 1473412687 713360135
t_num: 28 finish: 1473412689 337109418 start: 1473412687 710589035
t_num: 12 finish: 1473412689 690220681 start: 1473412685 790348830
t_num: 4 finish: 1473412689 690760204 start: 1473412685 824284854
t_num: 2 finish: 1473412689 871471465 start: 1473412687 766406111
t_num: 14 finish: 1473412690 54236623 start: 1473412685 988688730
t_num: 7 finish: 1473412690 134659681 start: 1473412687 604044411
t_num: 21 finish: 1473412690 143962547 start: 1473412687 955329858
t_num: 15 finish: 1473412690 162511131 start: 1473412689 293740738
t_num: 27 finish: 1473412690 374187764 start: 1473412688 47790240
t_num: 1 finish: 1473412690 374491950 start: 1473412688 64855326
t_num: 26 finish: 1473412690 574682584 start: 1473412687 955316127
t_num: 13 finish: 1473412690 777488680 start: 1473412687 604265611
t_num: 6 finish: 1473412690 871615131 start: 1473412689 97650409
t_num: 31 finish: 1473412690 874199193 start: 1473412687 938642325
t_num: 17 finish: 1473412690 879951362 start: 1473412688 676972483
t_num: 0 finish: 1473412690 881853289 start: 1473412687 603940054
t_num: 18 finish: 1473412690 908534910 start: 1473412689 407824311
t_num: 28 finish: 1473412690 928300518 start: 1473412689 337138680
t_num: 10 finish: 1473412691 218830488 start: 1473412690 183974370
t_num: 4 finish: 1473412691 682583321 start: 1473412689 690781737
t_num: 22 finish: 1473412691 684336428 start: 1473412689 891309151
t_num: 27 finish: 1473412691 985209365 start: 1473412690 374230372
t_num: 12 finish: 1473412692 63752492 start: 1473412689 690265991
t_num: 8 finish: 1473412692 104787441 start: 1473412690 695704708
t_num: 14 finish: 1473412692 422857894 start: 1473412690 374254180
t_num: 15 finish: 1473412692 431958973 start: 1473412690 685289695
t_num: 2 finish: 1473412692 540865215 start: 1473412691 107758827
t_num: 28 finish: 1473412692 626309633 start: 1473412691 564353512
t_num: 1 finish: 1473412692 681230452 start: 1473412690 685228618
t_num: 7 finish: 1473412692 755399225 start: 1473412690 134695904
t_num: 24 finish: 1473412692 785984010 start: 1473412691 547809283
t_num: 21 finish: 1473412692 848613510 start: 1473412690 682890629
t_num: 13 finish: 1473412692 915806387 start: 1473412690 777524158
t_num: 10 finish: 1473412692 915889299 start: 1473412691 218852498
t_num: 5 finish: 1473412692 964331130 start: 1473412690 909200916
t_num: 17 finish: 1473412693 24092785 start: 1473412690 879972352
t_num: 8 finish: 1473412693 235446299 start: 1473412692 104838479
t_num: 18 finish: 1473412693 272627439 start: 1473412691 391947236
t_num: 12 finish: 1473412693 273077151 start: 1473412692 392945465
t_num: 27 finish: 1473412693 273143956 start: 1473412692 392356558
t_num: 23 finish: 1473412693 699502168 start: 1473412692 407319920
t_num: 2 finish: 1473412694 34930728 start: 1473412692 540897982
t_num: 16 finish: 1473412694 138311996 start: 1473412691 306925017
t_num: 30 finish: 1473412694 139721458 start: 1473412693 141870092
t_num: 31 finish: 1473412694 584664278 start: 1473412691 822819508
t_num: 9 finish: 1473412694 927770793 start: 1473412692 392925908
t_num: 12 finish: 1473412695 126187168 start: 1473412693 273097146
t_num: 17 finish: 1473412695 480283236 start: 1473412693 699448710
t_num: 19 finish: 1473412695 507215233 start: 1473412693 515537191
t_num: 21 finish: 1473412695 816066960 start: 1473412692 848644762
t_num: 20 finish: 1473412696 116865144 start: 1473412693 316849737
t_num: 13 finish: 1473412696 173592998 start: 1473412693 950069415
t_num: 10 finish: 1473412696 275547910 start: 1473412692 915904890
t_num: 23 finish: 1473412696 278721490 start: 1473412693 699527015
t_num: 18 finish: 1473412696 285457800 start: 1473412693 272693072
t_num: 1 finish: 1473412696 304970717 start: 1473412693 506631664
t_num: 7 finish: 1473412696 378628214 start: 1473412694 99961813
t_num: 31 finish: 1473412696 378677053 start: 1473412694 584705959
t_num: 22 finish: 1473412697 14592860 start: 1473412693 537528771
t_num: 5 finish: 1473412697 69184161 start: 1473412694 929122061
t_num: 15 finish: 1473412697 98109995 start: 1473412693 637784759
t_num: 27 finish: 1473412697 101201897 start: 1473412695 328160915
t_num: 9 finish: 1473412697 119277814 start: 1473412694 927834886
t_num: 28 finish: 1473412697 786557035 start: 1473412695 169486180
t_num: 4 finish: 1473412697 798116310 start: 1473412694 34977860
t_num: 25 finish: 1473412697 869353906 start: 1473412696 557517396
t_num: 19 finish: 1473412698 21234148 start: 1473412695 882033172
t_num: 30 finish: 1473412698 146799415 start: 1473412696 440501201
t_num: 17 finish: 1473412698 284879641 start: 1473412695 884515380
t_num: 1 finish: 1473412698 376874147 start: 1473412696 304991895
t_num: 23 finish: 1473412698 451779631 start: 1473412696 649355975
t_num: 9 finish: 1473412698 656883837 start: 1473412697 119298461
t_num: 29 finish: 1473412698 742118279 start: 1473412696 623077193
t_num: 18 finish: 1473412698 805595395 start: 1473412696 871408300
t_num: 24 finish: 1473412698 805610214 start: 1473412696 15324627
t_num: 5 finish: 1473412699 25715552 start: 1473412697 474187125
t_num: 20 finish: 1473412699 613308382 start: 1473412696 116901287
t_num: 13 finish: 1473412699 637783132 start: 1473412697 95786431
t_num: 15 finish: 1473412699 661058249 start: 1473412697 700234172
t_num: 31 finish: 1473412699 702629919 start: 1473412696 378696468
t_num: 22 finish: 1473412699 736989395 start: 1473412697 585071156
t_num: 21 finish: 1473412699 826578071 start: 1473412697 784882923
t_num: 3 finish: 1473412699 878975531 start: 1473412696 856148970
t_num: 14 finish: 1473412699 878981968 start: 1473412698 79420785
t_num: 4 finish: 1473412700 206012679 start: 1473412697 798153584
t_num: 8 finish: 1473412700 533997688 start: 1473412698 422503301
t_num: 29 finish: 1473412700 534048971 start: 1473412699 426756394
t_num: 17 finish: 1473412700 534084424 start: 1473412698 284909253
t_num: 30 finish: 1473412700 534087725 start: 1473412698 693900287
t_num: 20 finish: 1473412700 534988294 start: 1473412699 613353851
t_num: 9 finish: 1473412700 754618773 start: 1473412698 656909374
t_num: 10 finish: 1473412700 812557704 start: 1473412698 742136894
t_num: 23 finish: 1473412701 23190399 start: 1473412698 451818287
t_num: 24 finish: 1473412701 23343056 start: 1473412699 424958797
t_num: 5 finish: 1473412701 423332443 start: 1473412699 25754673
t_num: 14 finish: 1473412701 575576517 start: 1473412699 879014825
t_num: 0 finish: 1473412701 817436656 start: 1473412700 532683442
t_num: 31 finish: 1473412701 938954270 start: 1473412699 760486044
t_num: 1 finish: 1473412702 218049441 start: 1473412698 376908134
t_num: 21 finish: 1473412702 219553621 start: 1473412701 290480447
t_num: 30 finish: 1473412702 529716541 start: 1473412700 534103541
t_num: 22 finish: 1473412702 546670837 start: 1473412699 737012472
t_num: 4 finish: 1473412702 604455533 start: 1473412700 206049674
t_num: 26 finish: 1473412702 790758607 start: 1473412699 699568673
t_num: 28 finish: 1473412702 847582201 start: 1473412701 283673483
t_num: 15 finish: 1473412702 910534256 start: 1473412699 661095712
t_num: 20 finish: 1473412702 992338340 start: 1473412700 535008050
t_num: 23 finish: 1473412703 58211592 start: 1473412701 509722546
t_num: 0 finish: 1473412703 293555364 start: 1473412701 817472908
t_num: 8 finish: 1473412703 337752685 start: 1473412700 534118484
t_num: 29 finish: 1473412703 337758797 start: 1473412701 638363559
t_num: 17 finish: 1473412703 386075622 start: 1473412700 534097780
t_num: 16 finish: 1473412703 416631543 start: 1473412701 560873382
t_num: 9 finish: 1473412703 475864761 start: 1473412700 754656616
t_num: 22 finish: 1473412703 737171875 start: 1473412702 546704847
t_num: 27 finish: 1473412704 168372826 start: 1473412701 696888793
t_num: 26 finish: 1473412704 169505207 start: 1473412702 790817177
t_num: 1 finish: 1473412704 261448529 start: 1473412702 678940846
t_num: 5 finish: 1473412704 479129984 start: 1473412702 368567213
t_num: 16 finish: 1473412704 598116784 start: 1473412703 416653266
t_num: 15 finish: 1473412704 659965050 start: 1473412702 910633299
t_num: 9 finish: 1473412704 660020470 start: 1473412703 475886949
t_num: 31 finish: 1473412704 774402215 start: 1473412702 326635117
t_num: 30 finish: 1473412705 113381117 start: 1473412703 381848705
t_num: 29 finish: 1473412705 159690079 start: 1473412704 125227056
t_num: 20 finish: 1473412705 346910000 start: 1473412702 992373158
t_num: 16 finish: 1473412705 596464179 start: 1473412704 598158065
t_num: 7 finish: 1473412705 597667946 start: 1473412704 125234895
t_num: 21 finish: 1473412705 611132236 start: 1473412702 583164814
t_num: 8 finish: 1473412705 654187048 start: 1473412703 337776824
t_num: 14 finish: 1473412706 92712319 start: 1473412704 125161250
t_num: 28 finish: 1473412706 121179682 start: 1473412704 733098303
t_num: 24 finish: 1473412706 128215340 start: 1473412704 451804604
t_num: 12 finish: 1473412706 161876206 start: 1473412704 17292590
t_num: 26 finish: 1473412706 312256978 start: 1473412704 169525711
t_num: 15 finish: 1473412706 397371995 start: 1473412704 660157132
t_num: 22 finish: 1473412706 450466938 start: 1473412704 125198745
t_num: 1 finish: 1473412706 497246056 start: 1473412704 261471312
t_num: 9 finish: 1473412706 687884936 start: 1473412704 660036345
t_num: 31 finish: 1473412706 689268963 start: 1473412704 774446876
t_num: 27 finish: 1473412706 737977678 start: 1473412705 183197905
t_num: 30 finish: 1473412706 812674178 start: 1473412705 113410094
t_num: 16 finish: 1473412707 120752565 start: 1473412705 596516196
t_num: 14 finish: 1473412707 121371596 start: 1473412706 92744952
t_num: 5 finish: 1473412707 472796521 start: 1473412705 42357735
t_num: 18 finish: 1473412707 518691575 start: 1473412706 128221548
t_num: 15 finish: 1473412707 519038367 start: 1473412706 397400463
t_num: 20 finish: 1473412707 803595099 start: 1473412706 608987789
t_num: 0 finish: 1473412707 812171637 start: 1473412705 963037416
t_num: 31 finish: 1473412707 882802289 start: 1473412706 689287889
t_num: 8 finish: 1473412707 920922796 start: 1473412706 450586960
t_num: 26 finish: 1473412708 53252660 start: 1473412707 148953818
t_num: 11 finish: 1473412708 81457549 start: 1473412706 772268684
t_num: 29 finish: 1473412708 159589212 start: 1473412707 120131800
t_num: 11 finish: 1473412708 164884276 start: 1473412708 81491601
t_num: 4 finish: 1473412708 280333784 start: 1473412705 461091531
t_num: 9 finish: 1473412708 759409724 start: 1473412706 687923006
t_num: 12 finish: 1473412708 759437934 start: 1473412706 161898963
t_num: 30 finish: 1473412708 997042505 start: 1473412706 812708260
t_num: 26 finish: 1473412708 997136153 start: 1473412708 155140295
t_num: 0 finish: 1473412709 46892551 start: 1473412707 812192468
t_num: 18 finish: 1473412709 116950055 start: 1473412707 518736485
t_num: 21 finish: 1473412709 119831627 start: 1473412706 689210476
t_num: 25 finish: 1473412709 154585565 start: 1473412707 376785217
t_num: 5 finish: 1473412709 464220627 start: 1473412707 472843507
t_num: 20 finish: 1473412709 491117988 start: 1473412707 803638423
t_num: 8 finish: 1473412709 507480089 start: 1473412708 561236636
t_num: 29 finish: 1473412709 689508946 start: 1473412708 204040228
t_num: 16 finish: 1473412709 732866895 start: 1473412707 533656259
t_num: 9 finish: 1473412709 849135671 start: 1473412708 759435010
t_num: 11 finish: 1473412709 849620030 start: 1473412708 164904909
t_num: 24 finish: 1473412709 902383201 start: 1473412707 994380664
t_num: 30 finish: 1473412709 958871564 start: 1473412708 997115317
t_num: 12 finish: 1473412710 617388461 start: 1473412708 759455391
t_num: 8 finish: 1473412710 816468093 start: 1473412709 507505234
t_num: 20 finish: 1473412711 5812175 start: 1473412709 491147052
t_num: 16 finish: 1473412711 17045838 start: 1473412709 732889711
t_num: 19 finish: 1473412711 17664787 start: 1473412709 688729335
t_num: 29 finish: 1473412711 17673395 start: 1473412709 689536140
t_num: 4 finish: 1473412711 48246498 start: 1473412708 737990885
t_num: 21 finish: 1473412711 200605164 start: 1473412710 277483553
t_num: 13 finish: 1473412711 316252152 start: 1473412710 362007946
t_num: 5 finish: 1473412711 561267116 start: 1473412709 464259922
t_num: 31 finish: 1473412711 868656598 start: 1473412709 810829575
t_num: 12 finish: 1473412712 72882667 start: 1473412711 51975796
t_num: 27 finish: 1473412712 412879662 start: 1473412709 876431685
t_num: 29 finish: 1473412712 692385776 start: 1473412711 17691515
t_num: 9 finish: 1473412712 839324723 start: 1473412710 520738346
t_num: 24 finish: 1473412712 900731514 start: 1473412710 730658405
t_num: 20 finish: 1473412713 358873353 start: 1473412711 5844516
t_num: 26 finish: 1473412713 663646878 start: 1473412711 203567679
t_num: 5 finish: 1473412713 717711930 start: 1473412711 561310588
t_num: 0 finish: 1473412713 764509054 start: 1473412710 730631106
t_num: 21 finish: 1473412713 789618768 start: 1473412711 200639887
t_num: 2 finish: 1473412713 798349088 start: 1473412710 881924713
t_num: 7 finish: 1473412713 836342615 start: 1473412711 925106301
t_num: 11 finish: 1473412713 904636759 start: 1473412710 519880559
t_num: 16 finish: 1473412713 950245488 start: 1473412711 424541938
t_num: 19 finish: 1473412713 950350269 start: 1473412712 63655172
t_num: 30 finish: 1473412714 11165239 start: 1473412711 106077102
t_num: 27 finish: 1473412714 331183687 start: 1473412712 412923059
t_num: 31 finish: 1473412714 503342697 start: 1473412711 868701706
t_num: 22 finish: 1473412714 536429131 start: 1473412713 134824559
t_num: 4 finish: 1473412715 98842074 start: 1473412713 131952942
t_num: 2 finish: 1473412715 101832446 start: 1473412713 798365251
t_num: 20 finish: 1473412715 127818790 start: 1473412714 103338111
t_num: 17 finish: 1473412715 244408962 start: 1473412712 423843336
t_num: 16 finish: 1473412715 284824159 start: 1473412714 366928331
t_num: 10 finish: 1473412715 285042940 start: 1473412713 134839863
t_num: 18 finish: 1473412715 305043680 start: 1473412713 717495943
t_num: 29 finish: 1473412715 395259375 start: 1473412712 692431410
t_num: 9 finish: 1473412715 644268224 start: 1473412713 425668066
t_num: 22 finish: 1473412715 699399302 start: 1473412715 40201101
t_num: 3 finish: 1473412715 931090477 start: 1473412713 731506582
t_num: 30 finish: 1473412715 943087942 start: 1473412714 575334523
t_num: 24 finish: 1473412715 974807950 start: 1473412715 85768910
t_num: 31 finish: 1473412716 228690652 start: 1473412715 238858807
t_num: 7 finish: 1473412716 229287416 start: 1473412714 363482204
t_num: 19 finish: 1473412716 253061055 start: 1473412713 950370742
t_num: 17 finish: 1473412716 435626741 start: 1473412715 244436775
t_num: 0 finish: 1473412716 436902403 start: 1473412713 764534045
t_num: 29 finish: 1473412716 846184741 start: 1473412715 395304808
t_num: 20 finish: 1473412716 914388611 start: 1473412715 127840525
t_num: 16 finish: 1473412717 59489862 start: 1473412715 284846307
t_num: 4 finish: 1473412717 59522650 start: 1473412715 244695796
t_num: 22 finish: 1473412717 248482849 start: 1473412715 699425964
t_num: 27 finish: 1473412717 248734900 start: 1473412715 674681742
t_num: 11 finish: 1473412717 314889163 start: 1473412716 138833877
t_num: 31 finish: 1473412717 970981817 start: 1473412716 228727937
t_num: 9 finish: 1473412718 244924410 start: 1473412715 644306102
t_num: 14 finish: 1473412718 306721209 start: 1473412716 95133388
t_num: 18 finish: 1473412718 552563511 start: 1473412715 931036302
t_num: 20 finish: 1473412718 552570837 start: 1473412716 914429957
t_num: 0 finish: 1473412718 552606334 start: 1473412716 976782784
t_num: 30 finish: 1473412718 752536615 start: 1473412715 943107028
t_num: 19 finish: 1473412718 791632191 start: 1473412716 253082352
t_num: 10 finish: 1473412718 875302073 start: 1473412717 248588761
t_num: 4 finish: 1473412719 131394834 start: 1473412717 59539721
t_num: 23 finish: 1473412719 222101528 start: 1473412716 846374160
t_num: 28 finish: 1473412719 254377747 start: 1473412717 882926564
t_num: 15 finish: 1473412719 257887869 start: 1473412717 907358999
t_num: 7 finish: 1473412719 257895857 start: 1473412717 248599635
t_num: 29 finish: 1473412719 667506610 start: 1473412716 846230584
t_num: 0 finish: 1473412719 861813377 start: 1473412718 552624017
t_num: 24 finish: 1473412719 914753219 start: 1473412718 35231214
t_num: 13 finish: 1473412720 56282973 start: 1473412718 164243369
t_num: 18 finish: 1473412720 56356530 start: 1473412718 552608107
t_num: 19 finish: 1473412720 812049829 start: 1473412718 791671542
t_num: 1 finish: 1473412721 35834859 start: 1473412718 824824733
t_num: 27 finish: 1473412721 233996408 start: 1473412718 496575070
t_num: 4 finish: 1473412721 305850246 start: 1473412719 131440329
t_num: 20 finish: 1473412721 305904108 start: 1473412719 807154140
t_num: 31 finish: 1473412721 586179550 start: 1473412718 792267812
t_num: 10 finish: 1473412721 741487543 start: 1473412720 618266454
t_num: 13 finish: 1473412721 795136006 start: 1473412720 56330468
t_num: 24 finish: 1473412721 795207416 start: 1473412720 440460970
t_num: 30 finish: 1473412721 795498811 start: 1473412720 880527098
t_num: 15 finish: 1473412721 958229439 start: 1473412719 257916297
t_num: 28 finish: 1473412721 959450294 start: 1473412719 864424865
t_num: 0 finish: 1473412722 42834314 start: 1473412719 861848684
t_num: 29 finish: 1473412722 178498601 start: 1473412719 667539824
t_num: 23 finish: 1473412722 326711859 start: 1473412720 56348405
t_num: 18 finish: 1473412722 468510985 start: 1473412720 56519837
t_num: 26 finish: 1473412722 468587220 start: 1473412721 13318356
t_num: 19 finish: 1473412722 468697360 start: 1473412720 812088564
t_num: 7 finish: 1473412722 524761621 start: 1473412721 251913392
t_num: 12 finish: 1473412722 684146715 start: 1473412721 984986500
t_num: 6 finish: 1473412723 122928254 start: 1473412721 191303182
t_num: 2 finish: 1473412723 193443837 start: 1473412721 586821594
t_num: 22 finish: 1473412723 300266876 start: 1473412721 234095192
t_num: 9 finish: 1473412723 352035197 start: 1473412720 880548776
t_num: 4 finish: 1473412723 421120384 start: 1473412721 305888932
t_num: 10 finish: 1473412723 582052797 start: 1473412721 741525484
t_num: 3 finish: 1473412723 623434776 start: 1473412722 164233593
t_num: 27 finish: 1473412723 697091865 start: 1473412721 665883273
t_num: 13 finish: 1473412724 163406746 start: 1473412722 114686836
t_num: 24 finish: 1473412724 276486364 start: 1473412722 116934696
t_num: 28 finish: 1473412724 366735721 start: 1473412721 959472335
t_num: 20 finish: 1473412724 648935707 start: 1473412722 467952606
t_num: 0 finish: 1473412724 665557673 start: 1473412722 42869047
t_num: 6 finish: 1473412724 697262521 start: 1473412723 122962397
t_num: 18 finish: 1473412724 823638003 start: 1473412722 468538599
t_num: 2 finish: 1473412724 833190855 start: 1473412723 193471000
t_num: 29 finish: 1473412724 930523541 start: 1473412722 367183542
t_num: 12 finish: 1473412724 931304159 start: 1473412722 684191061
t_num: 13 finish: 1473412725 102669510 start: 1473412724 163433588
t_num: 15 finish: 1473412725 157782883 start: 1473412724 423927474
t_num: 10 finish: 1473412725 245113937 start: 1473412723 582077343
t_num: 27 finish: 1473412725 332288687 start: 1473412724 394250117
t_num: 7 finish: 1473412725 913099038 start: 1473412723 488782036
t_num: 22 finish: 1473412725 934236184 start: 1473412723 818749716
t_num: 21 finish: 1473412725 955665086 start: 1473412723 580447521
t_num: 9 finish: 1473412725 988711597 start: 1473412724 210567935
t_num: 28 finish: 1473412726 194910854 start: 1473412724 366769838
t_num: 4 finish: 1473412726 266750664 start: 1473412724 112914172
t_num: 20 finish: 1473412726 431175145 start: 1473412724 648982508
t_num: 3 finish: 1473412726 522775641 start: 1473412723 623482421
t_num: 30 finish: 1473412726 675250552 start: 1473412724 665569313
t_num: 16 finish: 1473412726 747728354 start: 1473412724 599859971
t_num: 27 finish: 1473412727 4683118 start: 1473412725 332331417
t_num: 2 finish: 1473412727 52354086 start: 1473412724 833216281
t_num: 7 finish: 1473412727 93633742 start: 1473412725 913143451
t_num: 10 finish: 1473412727 93656458 start: 1473412725 245166072
t_num: 31 finish: 1473412727 442983487 start: 1473412726 577148297
t_num: 6 finish: 1473412727 516025146 start: 1473412724 697279821
t_num: 30 finish: 1473412727 684966388 start: 1473412726 675287388
t_num: 24 finish: 1473412727 729123568 start: 1473412726 746968228
t_num: 7 finish: 1473412727 969636225 start: 1473412727 93675055
t_num: 9 finish: 1473412727 970302470 start: 1473412725 988739911
t_num: 18 finish: 1473412727 970700636 start: 1473412726 223115231
t_num: 22 finish: 1473412728 9394440 start: 1473412725 934304230
t_num: 11 finish: 1473412728 274561559 start: 1473412727 515034416
t_num: 3 finish: 1473412728 282973910 start: 1473412727 367484078
t_num: 13 finish: 1473412728 320202225 start: 1473412726 223134127
t_num: 28 finish: 1473412728 495371865 start: 1473412727 751609103
t_num: 29 finish: 1473412728 751162878 start: 1473412726 535489181
t_num: 25 finish: 1473412728 919477362 start: 1473412726 223106091
t_num: 6 finish: 1473412728 921223275 start: 1473412727 516053890
t_num: 22 finish: 1473412729 59430250 start: 1473412728 9429298
t_num: 4 finish: 1473412729 143132010 start: 1473412727 772911016
t_num: 27 finish: 1473412729 160103635 start: 1473412727 667697994
t_num: 9 finish: 1473412729 472253193 start: 1473412728 305528463
t_num: 10 finish: 1473412729 590831685 start: 1473412727 416225816
t_num: 8 finish: 1473412729 643320290 start: 1473412728 217972816
t_num: 24 finish: 1473412729 787557222 start: 1473412728 686602863
t_num: 15 finish: 1473412729 838357217 start: 1473412728 280456686
t_num: 14 finish: 1473412729 903461290 start: 1473412728 314598399
t_num: 13 finish: 1473412729 903471664 start: 1473412728 320221607
t_num: 29 finish: 1473412730 32933992 start: 1473412728 751195804
t_num: 12 finish: 1473412730 154177467 start: 1473412728 278954702
t_num: 7 finish: 1473412730 603415039 start: 1473412729 240064498
t_num: 2 finish: 1473412730 660087477 start: 1473412729 590070271
t_num: 22 finish: 1473412730 754831957 start: 1473412729 59466276
t_num: 10 finish: 1473412731 135494882 start: 1473412729 838593210
t_num: 7 finish: 1473412731 686640530 start: 1473412730 603477410
t_num: 14 finish: 1473412731 728694858 start: 1473412729 903491641
t_num: 4 finish: 1473412731 728780614 start: 1473412730 145173976
t_num: 15 finish: 1473412731 728981604 start: 1473412729 838378068
t_num: 8 finish: 1473412731 746300508 start: 1473412729 643343999
t_num: 29 finish: 1473412731 775640977 start: 1473412730 32985312
t_num: 28 finish: 1473412731 799838475 start: 1473412730 642674052
t_num: 24 finish: 1473412732 55403563 start: 1473412729 787585593
t_num: 22 finish: 1473412732 55421243 start: 1473412730 754865870
t_num: 18 finish: 1473412732 239275462 start: 1473412729 838125442
t_num: 19 finish: 1473412732 251128431 start: 1473412729 726522893
t_num: 9 finish: 1473412732 450458548 start: 1473412729 472292186
t_num: 10 finish: 1473412732 450460231 start: 1473412731 396210522
t_num: 27 finish: 1473412732 661206986 start: 1473412730 152401446
t_num: 16 finish: 1473412732 908799063 start: 1473412731 713897663
t_num: 1 finish: 1473412732 908882588 start: 1473412730 846204267
t_num: 25 finish: 1473412732 911535318 start: 1473412730 143880958
t_num: 0 finish: 1473412732 960367432 start: 1473412730 240343113
t_num: 9 finish: 1473412733 129452077 start: 1473412732 450485212
t_num: 26 finish: 1473412733 601983583 start: 1473412732 115240120
t_num: 22 finish: 1473412733 606693851 start: 1473412732 55519154
t_num: 21 finish: 1473412733 611889558 start: 1473412731 326606604
t_num: 4 finish: 1473412733 647190194 start: 1473412731 728822828
t_num: 14 finish: 1473412734 284648055 start: 1473412731 728716072
t_num: 24 finish: 1473412734 289111509 start: 1473412732 55479993
t_num: 7 finish: 1473412734 381584643 start: 1473412732 415704873
t_num: 6 finish: 1473412734 531894228 start: 1473412733 129494912
t_num: 22 finish: 1473412734 616833575 start: 1473412733 606713149
t_num: 8 finish: 1473412734 681284491 start: 1473412733 572518427
t_num: 15 finish: 1473412735 4921816 start: 1473412732 403290325
t_num: 1 finish: 1473412735 45501240 start: 1473412732 908911332
t_num: 27 finish: 1473412735 45709259 start: 1473412732 661245739
t_num: 23 finish: 1473412735 449108389 start: 1473412733 605914204
t_num: 8 finish: 1473412735 529411942 start: 1473412734 944886399
t_num: 10 finish: 1473412735 654197469 start: 1473412734 610695267
t_num: 30 finish: 1473412735 721593750 start: 1473412732 890271540
t_num: 24 finish: 1473412735 857312877 start: 1473412734 289129777
t_num: 0 finish: 1473412735 861245928 start: 1473412733 513567033
t_num: 21 finish: 1473412735 861912554 start: 1473412733 611927896
t_num: 14 finish: 1473412735 903530085 start: 1473412734 284691700
t_num: 12 finish: 1473412736 538760777 start: 1473412733 698175307
t_num: 22 finish: 1473412736 542425882 start: 1473412734 616854163
t_num: 25 finish: 1473412736 668414758 start: 1473412733 937646763
t_num: 4 finish: 1473412736 839833816 start: 1473412733 647216127
t_num: 16 finish: 1473412737 86485521 start: 1473412734 944857324
t_num: 30 finish: 1473412737 130553763 start: 1473412735 721641553
t_num: 17 finish: 1473412737 138897537 start: 1473412735 16413114
t_num: 10 finish: 1473412737 196306091 start: 1473412736 448949155
t_num: 6 finish: 1473412737 740114840 start: 1473412735 449092498
t_num: 7 finish: 1473412737 740132667 start: 1473412735 721709666
t_num: 8 finish: 1473412737 787974718 start: 1473412736 359747717
t_num: 15 finish: 1473412738 107351605 start: 1473412736 46767575
t_num: 24 finish: 1473412738 532643302 start: 1473412735 857353483
t_num: 25 finish: 1473412738 733081018 start: 1473412736 668442083
t_num: 12 finish: 1473412738 785858568 start: 1473412736 538822284
t_num: 5 finish: 1473412738 972379937 start: 1473412736 48224757
t_num: 0 finish: 1473412738 974163443 start: 1473412735 861266711
t_num: 22 finish: 1473412738 975968708 start: 1473412736 542453541
t_num: 9 finish: 1473412739 135379034 start: 1473412735 900270567
t_num: 8 finish: 1473412739 483514067 start: 1473412737 787993223
t_num: 30 finish: 1473412739 484129631 start: 1473412737 130597251
t_num: 4 finish: 1473412739 816536980 start: 1473412737 59138289
t_num: 14 finish: 1473412740 87351688 start: 1473412737 654668768
t_num: 19 finish: 1473412740 128687222 start: 1473412737 740089112
t_num: 16 finish: 1473412740 373043868 start: 1473412737 86509990
t_num: 7 finish: 1473412740 373256147 start: 1473412737 740145975
t_num: 10 finish: 1473412740 373984981 start: 1473412737 196334217
t_num: 23 finish: 1473412740 373995575 start: 1473412737 603786518
t_num: 29 finish: 1473412740 493114029 start: 1473412738 923140143
t_num: 25 finish: 1473412740 734003399 start: 1473412738 733121897
t_num: 12 finish: 1473412740 946052687 start: 1473412738 785899972
t_num: 22 finish: 1473412740 947561324 start: 1473412739 904987006
t_num: 20 finish: 1473412741 420571877 start: 1473412739 749068611
t_num: 6 finish: 1473412741 421628807 start: 1473412739 749013201
t_num: 11 finish: 1473412741 486577124 start: 1473412737 847866909
t_num: 30 finish: 1473412741 486576960 start: 1473412740 300483709
t_num: 9 finish: 1473412741 486634253 start: 1473412739 135475379
t_num: 21 finish: 1473412741 623731834 start: 1473412738 733239220
t_num: 17 finish: 1473412741 889509440 start: 1473412738 365121663
t_num: 16 finish: 1473412741 892948747 start: 1473412740 373063013
t_num: 26 finish: 1473412741 916328312 start: 1473412740 376233721
t_num: 2 finish: 1473412741 943141077 start: 1473412740 373056382
t_num: 24 finish: 1473412741 943922568 start: 1473412740 372063961
t_num: 8 finish: 1473412741 986378003 start: 1473412739 483560000
t_num: 23 finish: 1473412742 211809259 start: 1473412740 374011302
t_num: 28 finish: 1473412742 272114848 start: 1473412740 398826996
t_num: 25 finish: 1473412742 548113706 start: 1473412741 70603586
t_num: 9 finish: 1473412743 47281978 start: 1473412741 486647113
t_num: 14 finish: 1473412743 47346430 start: 1473412740 611669760
t_num: 12 finish: 1473412743 47493325 start: 1473412741 476330172
t_num: 0 finish: 1473412743 552062957 start: 1473412740 875686129
t_num: 10 finish: 1473412743 586930006 start: 1473412741 123932979
t_num: 4 finish: 1473412743 649038553 start: 1473412740 892556823
t_num: 6 finish: 1473412743 862902024 start: 1473412741 421646823
t_num: 5 finish: 1473412743 884571635 start: 1473412741 477185608
t_num: 26 finish: 1473412744 63397564 start: 1473412741 916350175
t_num: 7 finish: 1473412744 450874176 start: 1473412740 876225366
t_num: 22 finish: 1473412744 622888248 start: 1473412742 305565176
t_num: 29 finish: 1473412744 623908913 start: 1473412741 486533798
t_num: 30 finish: 1473412744 681812809 start: 1473412743 398542305
t_num: 2 finish: 1473412744 776646840 start: 1473412742 978363833
t_num: 1 finish: 1473412744 776646848 start: 1473412743 135266911
t_num: 23 finish: 1473412745 32686314 start: 1473412742 211851660
t_num: 8 finish: 1473412745 209832587 start: 1473412743 586941964
t_num: 28 finish: 1473412745 212231966 start: 1473412743 197227830
t_num: 10 finish: 1473412745 773840836 start: 1473412743 723897630
t_num: 17 finish: 1473412745 813492497 start: 1473412741 889551117
t_num: 24 finish: 1473412745 860648123 start: 1473412741 943943930
t_num: 9 finish: 1473412745 860675355 start: 1473412743 47323088
t_num: 13 finish: 1473412745 929826183 start: 1473412744 645508956
t_num: 14 finish: 1473412745 997040237 start: 1473412743 47365745
t_num: 31 finish: 1473412746 229576207 start: 1473412743 730505078
t_num: 30 finish: 1473412746 262533530 start: 1473412744 681841924
t_num: 12 finish: 1473412746 308093482 start: 1473412744 464495007
t_num: 5 finish: 1473412746 350101172 start: 1473412744 595480732
t_num: 6 finish: 1473412746 531673028 start: 1473412743 862943395
t_num: 2 finish: 1473412746 804689256 start: 1473412744 776696450
t_num: 15 finish: 1473412746 869435466 start: 1473412745 64168322
t_num: 28 finish: 1473412746 869445655 start: 1473412745 212248202
t_num: 21 finish: 1473412747 20940162 start: 1473412744 845245385
t_num: 7 finish: 1473412747 219920715 start: 1473412744 626302426
t_num: 22 finish: 1473412747 687789811 start: 1473412744 622923987
t_num: 3 finish: 1473412747 688385146 start: 1473412745 996782974
t_num: 31 finish: 1473412747 851534826 start: 1473412746 229627687
t_num: 5 finish: 1473412747 964812351 start: 1473412746 350130749
t_num: 18 finish: 1473412748 23945731 start: 1473412745 648178115
t_num: 10 finish: 1473412748 71463418 start: 1473412745 773869468
t_num: 29 finish: 1473412748 92792646 start: 1473412746 869493508
t_num: 30 finish: 1473412748 93020322 start: 1473412746 262562748
t_num: 17 finish: 1473412748 179896209 start: 1473412745 813525035
t_num: 26 finish: 1473412748 245885313 start: 1473412746 828812014
t_num: 28 finish: 1473412748 276842086 start: 1473412746 869515949
t_num: 21 finish: 1473412748 503301368 start: 1473412747 20976264
t_num: 7 finish: 1473412748 610961273 start: 1473412747 219965092
t_num: 22 finish: 1473412748 654815395 start: 1473412747 687847901
t_num: 1 finish: 1473412748 982426673 start: 1473412745 693858146
t_num: 9 finish: 1473412749 56377607 start: 1473412746 405110478
t_num: 14 finish: 1473412749 56426687 start: 1473412747 304199321
t_num: 2 finish: 1473412749 417992458 start: 1473412747 695571235
t_num: 27 finish: 1473412749 452555935 start: 1473412746 836526249
t_num: 25 finish: 1473412749 488091598 start: 1473412747 23366750
t_num: 13 finish: 1473412749 650615092 start: 1473412747 334056174
t_num: 26 finish: 1473412749 650880324 start: 1473412748 825510840
t_num: 10 finish: 1473412749 693493130 start: 1473412748 71521716
t_num: 5 finish: 1473412749 714637135 start: 1473412747 964853233
t_num: 30 finish: 1473412749 999285638 start: 1473412748 610995281
t_num: 22 finish: 1473412750 28743275 start: 1473412748 654836664
t_num: 6 finish: 1473412750 77857816 start: 1473412747 700442779
t_num: 15 finish: 1473412750 163846110 start: 1473412748 827308491
t_num: 31 finish: 1473412750 294731372 start: 1473412747 851574933
t_num: 21 finish: 1473412750 294731358 start: 1473412748 503333244
t_num: 19 finish: 1473412750 659173544 start: 1473412749 192730840
t_num: 8 finish: 1473412750 832600914 start: 1473412749 922687038
t_num: 3 finish: 1473412750 962431083 start: 1473412749 87724262
t_num: 13 finish: 1473412751 32582422 start: 1473412749 650638169
t_num: 9 finish: 1473412751 436685302 start: 1473412749 637452352
t_num: 7 finish: 1473412751 744338679 start: 1473412749 934648014
t_num: 26 finish: 1473412751 877281755 start: 1473412749 650900662
t_num: 11 finish: 1473412751 948371003 start: 1473412749 582545776
t_num: 15 finish: 1473412751 948451156 start: 1473412750 163886883
t_num: 2 finish: 1473412752 171112092 start: 1473412749 418031422
t_num: 18 finish: 1473412752 268549760 start: 1473412749 604532681
t_num: 27 finish: 1473412752 433194832 start: 1473412749 452593609
t_num: 10 finish: 1473412752 473545000 start: 1473412750 511834045
t_num: 29 finish: 1473412752 593906308 start: 1473412749 975242497
t_num: 22 finish: 1473412752 700425832 start: 1473412750 963020095
t_num: 30 finish: 1473412752 701024784 start: 1473412749 999309526
t_num: 8 finish: 1473412752 703287282 start: 1473412750 832639951
t_num: 7 finish: 1473412753 430017329 start: 1473412751 744376802
t_num: 21 finish: 1473412753 575475869 start: 1473412750 294871445
t_num: 30 finish: 1473412754 129922083 start: 1473412752 701038810
t_num: 3 finish: 1473412754 332909015 start: 1473412750 962489272
t_num: 10 finish: 1473412754 454601135 start: 1473412752 473586456
t_num: 1 finish: 1473412754 798221134 start: 1473412751 398813029
t_num: 20 finish: 1473412754 805445558 start: 1473412751 400439906
t_num: 15 finish: 1473412755 356302160 start: 1473412751 948466882
t_num: 21 finish: 1473412755 458769824 start: 1473412753 575510750
t_num: 19 finish: 1473412755 500550091 start: 1473412751 756320842
t_num: 22 finish: 1473412755 641353165 start: 1473412752 700466409
t_num: 4 finish: 1473412755 697532627 start: 1473412752 268584886
t_num: 12 finish: 1473412755 822504257 start: 1473412753 812022418
t_num: 0 finish: 1473412755 897770520 start: 1473412753 144157842
t_num: 6 finish: 1473412755 954803829 start: 1473412752 959526345
t_num: 8 finish: 1473412756 65567709 start: 1473412752 703307799
t_num: 11 finish: 1473412756 184119189 start: 1473412752 949408181
t_num: 28 finish: 1473412756 233817159 start: 1473412754 742414811
t_num: 29 finish: 1473412756 306642073 start: 1473412752 593955699
t_num: 20 finish: 1473412756 359202174 start: 1473412754 805467311
t_num: 16 finish: 1473412756 412438125 start: 1473412754 367784521
t_num: 21 finish: 1473412756 412529601 start: 1473412755 458813348
t_num: 26 finish: 1473412756 888572310 start: 1473412754 579081983
t_num: 1 finish: 1473412756 993681990 start: 1473412754 798263786
t_num: 19 finish: 1473412757 55922594 start: 1473412756 233840100
t_num: 7 finish: 1473412757 56490596 start: 1473412755 817916308
t_num: 14 finish: 1473412757 167436108 start: 1473412755 126870193
t_num: 0 finish: 1473412757 326337300 start: 1473412755 897787652
t_num: 13 finish: 1473412757 327068842 start: 1473412755 473871190
t_num: 3 finish: 1473412757 663815269 start: 1473412756 440361476
t_num: 27 finish: 1473412758 191842505 start: 1473412754 524951704
t_num: 6 finish: 1473412758 192586651 start: 1473412756 934740150
t_num: 31 finish: 1473412758 192630625 start: 1473412756 66156066
t_num: 11 finish: 1473412758 193138224 start: 1473412756 440349156
t_num: 15 finish: 1473412758 543349712 start: 1473412755 974607778
t_num: 14 finish: 1473412758 576867939 start: 1473412757 167472131
t_num: 16 finish: 1473412758 578777168 start: 1473412756 412487948
t_num: 24 finish: 1473412758 821982120 start: 1473412757 210021333
t_num: 22 finish: 1473412758 874897522 start: 1473412756 795485837
t_num: 20 finish: 1473412759 10780130 start: 1473412756 359225313
t_num: 29 finish: 1473412759 63280685 start: 1473412757 195692511
t_num: 23 finish: 1473412759 160951466 start: 1473412756 992379315
t_num: 13 finish: 1473412759 371877658 start: 1473412757 327089808
t_num: 0 finish: 1473412759 372423952 start: 1473412757 774617538
t_num: 12 finish: 1473412759 403518977 start: 1473412757 57756888
t_num: 14 finish: 1473412759 541597135 start: 1473412758 576895071
t_num: 3 finish: 1473412759 595550746 start: 1473412757 663863939
t_num: 27 finish: 1473412760 213151905 start: 1473412758 875222516
t_num: 26 finish: 1473412760 272234850 start: 1473412757 774488563
t_num: 24 finish: 1473412760 820844069 start: 1473412758 822047212
t_num: 12 finish: 1473412760 849690437 start: 1473412759 403544210
t_num: 16 finish: 1473412760 854897998 start: 1473412758 578809941
t_num: 14 finish: 1473412761 79490590 start: 1473412759 541637345
t_num: 13 finish: 1473412761 207900643 start: 1473412760 92257187
t_num: 3 finish: 1473412761 209125645 start: 1473412759 595587247
t_num: 25 finish: 1473412761 209338735 start: 1473412758 573548285
t_num: 11 finish: 1473412761 331743165 start: 1473412758 875287525
t_num: 20 finish: 1473412761 333158881 start: 1473412760 45473412
t_num: 22 finish: 1473412761 399294514 start: 1473412758 874941424
t_num: 17 finish: 1473412761 426291971 start: 1473412758 578953287
t_num: 6 finish: 1473412761 443774284 start: 1473412758 575872274
t_num: 21 finish: 1473412761 444447360 start: 1473412758 135673768
t_num: 2 finish: 1473412761 633405674 start: 1473412759 855401402
t_num: 0 finish: 1473412761 807316536 start: 1473412759 372444980
t_num: 13 finish: 1473412762 247084 start: 1473412761 207943654
t_num: 23 finish: 1473412762 24266259 start: 1473412760 644718631
t_num: 31 finish: 1473412762 189020981 start: 1473412758 875331727
t_num: 10 finish: 1473412762 730994456 start: 1473412761 443712364
t_num: 26 finish: 1473412762 731056559 start: 1473412760 861386108
t_num: 14 finish: 1473412762 783352266 start: 1473412761 79534095
t_num: 21 finish: 1473412762 902761628 start: 1473412761 542573498
t_num: 7 finish: 1473412762 988999126 start: 1473412760 515206496
t_num: 0 finish: 1473412763 37126019 start: 1473412761 969188189
t_num: 25 finish: 1473412763 59296347 start: 1473412761 209357330
t_num: 22 finish: 1473412763 491649876 start: 1473412761 542824475
t_num: 17 finish: 1473412763 591058780 start: 1473412762 25026232
t_num: 5 finish: 1473412763 611290518 start: 1473412761 739247009
t_num: 3 finish: 1473412763 705179972 start: 1473412761 209146229
t_num: 11 finish: 1473412763 904904266 start: 1473412761 331788571
t_num: 10 finish: 1473412763 967775354 start: 1473412762 944326439
t_num: 30 finish: 1473412764 136021928 start: 1473412761 904951408
t_num: 20 finish: 1473412764 181074043 start: 1473412762 503735497
t_num: 9 finish: 1473412764 541650665 start: 1473412763 103681352
t_num: 13 finish: 1473412764 543411669 start: 1473412762 504009701
t_num: 24 finish: 1473412764 839739941 start: 1473412762 24735486
t_num: 17 finish: 1473412764 871464582 start: 1473412763 591097964
t_num: 14 finish: 1473412764 871475632 start: 1473412762 783387961
t_num: 23 finish: 1473412765 20870306 start: 1473412762 642607862
t_num: 6 finish: 1473412765 531859107 start: 1473412762 866241344
t_num: 21 finish: 1473412765 532495488 start: 1473412763 491621309
t_num: 10 finish: 1473412765 533376203 start: 1473412763 967828078
t_num: 20 finish: 1473412765 599447936 start: 1473412764 181107641
t_num: 24 finish: 1473412765 968233165 start: 1473412764 839895736
t_num: 22 finish: 1473412766 24881753 start: 1473412763 491678300
t_num: 30 finish: 1473412766 74544194 start: 1473412765 126190753
t_num: 9 finish: 1473412766 622602396 start: 1473412764 541693763
t_num: 14 finish: 1473412766 642719707 start: 1473412764 871552743
t_num: 28 finish: 1473412766 646166592 start: 1473412764 416824352
t_num: 20 finish: 1473412766 650746014 start: 1473412765 599469286
t_num: 25 finish: 1473412766 749456098 start: 1473412765 998030870
t_num: 11 finish: 1473412766 765546302 start: 1473412764 402973980
t_num: 23 finish: 1473412766 774105562 start: 1473412765 20903980
t_num: 21 finish: 1473412766 847842599 start: 1473412766 13487895
t_num: 10 finish: 1473412767 104599455 start: 1473412765 849247307
t_num: 17 finish: 1473412767 207531746 start: 1473412764 871518698
t_num: 8 finish: 1473412767 211409392 start: 1473412765 849171249
t_num: 3 finish: 1473412767 375754467 start: 1473412765 849027274
t_num: 6 finish: 1473412767 376165364 start: 1473412765 531896195
t_num: 1 finish: 1473412767 413860338 start: 1473412765 949689224
t_num: 15 finish: 1473412767 800926737 start: 1473412765 997929841
t_num: 13 finish: 1473412767 810533879 start: 1473412765 997962583
t_num: 24 finish: 1473412767 833993805 start: 1473412765 968260162
t_num: 14 finish: 1473412768 148507313 start: 1473412766 642740778
t_num: 20 finish: 1473412768 176229448 start: 1473412766 650766732
t_num: 23 finish: 1473412768 238111365 start: 1473412766 774124074
t_num: 28 finish: 1473412768 545573580 start: 1473412767 375785734
t_num: 29 finish: 1473412768 737070349 start: 1473412766 645465571
t_num: 9 finish: 1473412768 837758211 start: 1473412767 376680067
t_num: 26 finish: 1473412768 869393441 start: 1473412766 605729781
t_num: 10 finish: 1473412768 869945777 start: 1473412767 104640884
t_num: 21 finish: 1473412769 290305803 start: 1473412767 903623970
t_num: 8 finish: 1473412769 290314016 start: 1473412767 211424703
t_num: 23 finish: 1473412769 656103715 start: 1473412768 495810853
t_num: 22 finish: 1473412769 695482148 start: 1473412768 203347115
t_num: 3 finish: 1473412769 785504473 start: 1473412767 375799366
t_num: 15 finish: 1473412769 887377429 start: 1473412767 800964682
t_num: 9 finish: 1473412769 888355495 start: 1473412768 837813764
t_num: 1 finish: 1473412769 889820383 start: 1473412767 413881252
t_num: 28 finish: 1473412770 309554679 start: 1473412768 545619604
t_num: 24 finish: 1473412770 425097332 start: 1473412768 504812744
t_num: 30 finish: 1473412770 448950182 start: 1473412768 203375431
t_num: 29 finish: 1473412770 533645455 start: 1473412768 737095344
t_num: 19 finish: 1473412770 587571541 start: 1473412767 898887847
t_num: 5 finish: 1473412770 622133177 start: 1473412768 972978135
t_num: 25 finish: 1473412771 5225236 start: 1473412768 595625059
t_num: 22 finish: 1473412771 5230260 start: 1473412769 695508679
t_num: 15 finish: 1473412771 5273970 start: 1473412769 887422674
t_num: 1 finish: 1473412771 473511838 start: 1473412769 889840095
t_num: 14 finish: 1473412771 662390129 start: 1473412769 524713161
t_num: 3 finish: 1473412771 825387786 start: 1473412770 532620028
t_num: 27 finish: 1473412771 826860471 start: 1473412769 157231290
t_num: 6 finish: 1473412772 47836040 start: 1473412769 740632676
t_num: 0 finish: 1473412772 93314503 start: 1473412771 440848909
t_num: 5 finish: 1473412772 93886239 start: 1473412770 622165389
t_num: 28 finish: 1473412772 93898041 start: 1473412770 309595240
t_num: 19 finish: 1473412772 146799072 start: 1473412770 587611055
t_num: 30 finish: 1473412772 552507244 start: 1473412771 441691910
t_num: 26 finish: 1473412772 965104919 start: 1473412770 622367291
t_num: 3 finish: 1473412772 965116440 start: 1473412771 825431274
t_num: 8 finish: 1473412773 20129251 start: 1473412771 443077864
t_num: 22 finish: 1473412773 217466642 start: 1473412771 5321743
t_num: 5 finish: 1473412773 498329886 start: 1473412772 251307787
t_num: 21 finish: 1473412773 498351222 start: 1473412770 622692047
t_num: 1 finish: 1473412773 498393119 start: 1473412771 473540092
t_num: 25 finish: 1473412773 498573693 start: 1473412771 831974018
t_num: 9 finish: 1473412773 619391086 start: 1473412771 87456054
t_num: 29 finish: 1473412773 672463380 start: 1473412771 859280905
t_num: 16 finish: 1473412773 708844593 start: 1473412771 765073806
t_num: 19 finish: 1473412774 748028665 start: 1473412772 146830681
t_num: 28 finish: 1473412774 748066555 start: 1473412772 582100732
t_num: 30 finish: 1473412774 816691279 start: 1473412772 552559911
t_num: 8 finish: 1473412774 876655711 start: 1473412773 20160388
t_num: 6 finish: 1473412774 876678843 start: 1473412772 234776246
t_num: 14 finish: 1473412775 153572458 start: 1473412771 662421558
t_num: 24 finish: 1473412775 401635585 start: 1473412771 924988604
t_num: 0 finish: 1473412775 463994443 start: 1473412773 216821611
t_num: 22 finish: 1473412775 526824408 start: 1473412773 217490500
t_num: 17 finish: 1473412775 526899019 start: 1473412773 672499619
t_num: 26 finish: 1473412775 626388720 start: 1473412774 748840742
t_num: 5 finish: 1473412775 880560374 start: 1473412773 498374298
t_num: 15 finish: 1473412776 75660754 start: 1473412772 487989351
t_num: 25 finish: 1473412776 147514540 start: 1473412773 969350661
t_num: 9 finish: 1473412776 288030779 start: 1473412773 619454043
t_num: 16 finish: 1473412776 548099162 start: 1473412775 275429125
t_num: 21 finish: 1473412776 551581346 start: 1473412773 498400137
t_num: 13 finish: 1473412776 576811976 start: 1473412774 477358208
t_num: 18 finish: 1473412776 579007488 start: 1473412774 709082917
t_num: 24 finish: 1473412776 959848727 start: 1473412775 401690366
t_num: 19 finish: 1473412776 959851128 start: 1473412774 748052901
t_num: 8 finish: 1473412777 21202860 start: 1473412774 876940892
t_num: 20 finish: 1473412777 87837936 start: 1473412774 624695468
t_num: 6 finish: 1473412777 204597023 start: 1473412775 431920931
t_num: 17 finish: 1473412777 364146544 start: 1473412775 526914938
t_num: 4 finish: 1473412777 364344263 start: 1473412775 185958124
t_num: 28 finish: 1473412777 410170135 start: 1473412775 347456581
t_num: 16 finish: 1473412777 459400431 start: 1473412776 548194422
t_num: 26 finish: 1473412777 547394225 start: 1473412775 626434037
t_num: 1 finish: 1473412777 547962787 start: 1473412775 846153533
t_num: 3 finish: 1473412777 851620284 start: 1473412775 646802070
t_num: 15 finish: 1473412778 40148667 start: 1473412777 139029436
t_num: 5 finish: 1473412778 87494295 start: 1473412775 880596273
t_num: 0 finish: 1473412778 378626330 start: 1473412777 170964550
t_num: 16 finish: 1473412778 449976583 start: 1473412777 459425402
t_num: 27 finish: 1473412778 754942778 start: 1473412776 766834129
t_num: 6 finish: 1473412778 806088987 start: 1473412777 204624799
t_num: 4 finish: 1473412778 869394145 start: 1473412777 364364353
t_num: 22 finish: 1473412778 873618600 start: 1473412776 181022200
t_num: 24 finish: 1473412778 873711032 start: 1473412776 959889516
t_num: 18 finish: 1473412778 945984478 start: 1473412776 579027449
t_num: 3 finish: 1473412779 201200435 start: 1473412777 851653864
t_num: 19 finish: 1473412779 387313425 start: 1473412777 410301853
t_num: 25 finish: 1473412779 412294128 start: 1473412776 147556407
t_num: 13 finish: 1473412779 535574925 start: 1473412777 785900429
t_num: 26 finish: 1473412779 558869819 start: 1473412777 547421611
t_num: 1 finish: 1473412779 562527943 start: 1473412778 342804463
t_num: 4 finish: 1473412779 757018988 start: 1473412778 869427698
t_num: 27 finish: 1473412779 873689737 start: 1473412778 754982942
t_num: 10 finish: 1473412780 845314440 start: 1473412778 305901520
t_num: 13 finish: 1473412780 845315692 start: 1473412779 535617299
t_num: 18 finish: 1473412780 845556798 start: 1473412778 946003355
t_num: 19 finish: 1473412781 210534154 start: 1473412779 387350322
t_num: 28 finish: 1473412781 691778225 start: 1473412777 999943193
t_num: 24 finish: 1473412781 762672916 start: 1473412779 635400690
t_num: 25 finish: 1473412781 821733594 start: 1473412779 412329952
t_num: 17 finish: 1473412782 212513093 start: 1473412778 87617591
t_num: 22 finish: 1473412782 274668941 start: 1473412779 312744843
t_num: 26 finish: 1473412782 431489845 start: 1473412779 558911771
t_num: 3 finish: 1473412782 995155088 start: 1473412779 635380161
t_num: 18 finish: 1473412783 17942833 start: 1473412780 845575572
t_num: 7 finish: 1473412783 133031456 start: 1473412780 8245577
t_num: 10 finish: 1473412783 133223499 start: 1473412780 845346697
t_num: 20 finish: 1473412783 133606247 start: 1473412779 203921842
t_num: 19 finish: 1473412783 378946204 start: 1473412781 210570738
t_num: 12 finish: 1473412783 504082151 start: 1473412782 68714994
t_num: 2 finish: 1473412784 79458490 start: 1473412781 443910129
t_num: 31 finish: 1473412784 132117720 start: 1473412780 720762580
t_num: 25 finish: 1473412784 135676151 start: 1473412781 821761179
t_num: 5 finish: 1473412784 269039900 start: 1473412780 845638159
t_num: 7 finish: 1473412784 376621026 start: 1473412783 133074665
t_num: 11 finish: 1473412784 399933864 start: 1473412782 984560164
t_num: 10 finish: 1473412784 468917346 start: 1473412783 133242515
t_num: 27 finish: 1473412784 775435604 start: 1473412780 845692281
t_num: 24 finish: 1473412784 775463875 start: 1473412782 501188447
t_num: 19 finish: 1473412784 775822969 start: 1473412783 379007720
t_num: 23 finish: 1473412785 26910224 start: 1473412782 925268348
t_num: 3 finish: 1473412785 28427104 start: 1473412783 164316689
t_num: 26 finish: 1473412785 71635810 start: 1473412782 431530474
t_num: 28 finish: 1473412785 135742015 start: 1473412782 501201432
t_num: 15 finish: 1473412785 135782961 start: 1473412783 410765179
t_num: 22 finish: 1473412785 135832218 start: 1473412782 999303477
t_num: 14 finish: 1473412785 604580594 start: 1473412783 163421173
t_num: 27 finish: 1473412785 869793192 start: 1473412784 775494103
t_num: 25 finish: 1473412785 921469573 start: 1473412784 135697624
t_num: 18 finish: 1473412785 943161256 start: 1473412784 267227191
t_num: 31 finish: 1473412786 116546269 start: 1473412784 132155092
t_num: 24 finish: 1473412786 429548329 start: 1473412785 285184822
t_num: 2 finish: 1473412786 493081182 start: 1473412784 596875659
t_num: 10 finish: 1473412786 493113768 start: 1473412784 468943423
t_num: 22 finish: 1473412786 570054781 start: 1473412785 135849241
t_num: 16 finish: 1473412786 632917499 start: 1473412784 439532284
t_num: 5 finish: 1473412786 765429214 start: 1473412785 135753566
t_num: 6 finish: 1473412786 968502277 start: 1473412785 880928763
t_num: 29 finish: 1473412787 52733798 start: 1473412785 576494539
t_num: 26 finish: 1473412787 195511417 start: 1473412785 71670075
t_num: 14 finish: 1473412787 196153907 start: 1473412785 604610455
t_num: 23 finish: 1473412787 282468964 start: 1473412785 660411599
t_num: 24 finish: 1473412787 339091476 start: 1473412786 429575971
t_num: 21 finish: 1473412787 697783444 start: 1473412786 493338417
t_num: 15 finish: 1473412787 760804599 start: 1473412785 135799488
t_num: 13 finish: 1473412787 817597722 start: 1473412786 429237963
t_num: 10 finish: 1473412787 817845888 start: 1473412786 493245307
t_num: 2 finish: 1473412788 31272395 start: 1473412786 493144440
t_num: 0 finish: 1473412788 54412341 start: 1473412787 90759387
t_num: 26 finish: 1473412788 298072014 start: 1473412787 195549080
t_num: 22 finish: 1473412788 316691076 start: 1473412786 570084320
t_num: 27 finish: 1473412788 335435154 start: 1473412786 493210202
t_num: 25 finish: 1473412788 426591798 start: 1473412785 921497573
t_num: 6 finish: 1473412788 538017722 start: 1473412787 295368803
t_num: 28 finish: 1473412788 612896474 start: 1473412786 570368637
t_num: 14 finish: 1473412788 613004925 start: 1473412787 196191596
t_num: 3 finish: 1473412788 755015130 start: 1473412787 9788531
t_num: 5 finish: 1473412788 776075932 start: 1473412786 765471395
t_num: 11 finish: 1473412788 810209606 start: 1473412787 392604362
t_num: 10 finish: 1473412788 810600052 start: 1473412787 817864925
t_num: 13 finish: 1473412788 842245490 start: 1473412787 817639061
t_num: 7 finish: 1473412789 31107903 start: 1473412788 298099922
t_num: 24 finish: 1473412789 31604715 start: 1473412787 339122125
t_num: 18 finish: 1473412789 423482936 start: 1473412788 215182015
t_num: 26 finish: 1473412789 459983170 start: 1473412788 298120528
t_num: 15 finish: 1473412789 460925831 start: 1473412787 760833666
t_num: 20 finish: 1473412789 461568506 start: 1473412788 257764783
t_num: 3 finish: 1473412789 516785338 start: 1473412788 755056793
t_num: 2 finish: 1473412789 623059245 start: 1473412788 31317457
t_num: 27 finish: 1473412789 660286837 start: 1473412788 335476012
t_num: 0 finish: 1473412789 846829581 start: 1473412788 54447660
t_num: 5 finish: 1473412789 964943915 start: 1473412788 776097011
t_num: 10 finish: 1473412789 965220646 start: 1473412788 810642388
t_num: 7 finish: 1473412790 33368644 start: 1473412789 31135942
t_num: 4 finish: 1473412790 655574851 start: 1473412789 442003204
t_num: 3 finish: 1473412790 710768870 start: 1473412789 516824782
t_num: 25 finish: 1473412790 724906636 start: 1473412789 337290585
t_num: 6 finish: 1473412790 996256860 start: 1473412789 337876374
t_num: 15 finish: 1473412791 113084786 start: 1473412789 460946100
t_num: 24 finish: 1473412791 113898147 start: 1473412789 31624240
t_num: 2 finish: 1473412791 420451431 start: 1473412789 623104673
t_num: 5 finish: 1473412791 705974419 start: 1473412790 655718299
t_num: 18 finish: 1473412792 9583957 start: 1473412790 548335553
t_num: 17 finish: 1473412792 9682587 start: 1473412789 894597258
t_num: 20 finish: 1473412792 101367653 start: 1473412790 149425955
t_num: 11 finish: 1473412792 154196078 start: 1473412789 894649329
t_num: 7 finish: 1473412792 222408228 start: 1473412790 33410406
t_num: 0 finish: 1473412792 712185349 start: 1473412789 846883790
t_num: 15 finish: 1473412792 750577580 start: 1473412791 113126569
t_num: 4 finish: 1473412792 772178682 start: 1473412791 124095656
t_num: 19 finish: 1473412792 854400301 start: 1473412790 547086900
t_num: 6 finish: 1473412793 209280827 start: 1473412792 9636629
t_num: 31 finish: 1473412793 385635377 start: 1473412792 470054068
t_num: 5 finish: 1473412793 385888267 start: 1473412791 706041719
t_num: 26 finish: 1473412793 488221204 start: 1473412790 437263198
t_num: 7 finish: 1473412793 641896513 start: 1473412792 222434599
t_num: 20 finish: 1473412793 643696040 start: 1473412792 113526541
t_num: 28 finish: 1473412793 644172795 start: 1473412791 31686105
t_num: 17 finish: 1473412793 661426007 start: 1473412792 9699886
t_num: 9 finish: 1473412793 695302406 start: 1473412792 467298565
t_num: 10 finish: 1473412793 732597553 start: 1473412791 957207777
t_num: 14 finish: 1473412793 858135902 start: 1473412792 854495450
t_num: 15 finish: 1473412793 871869034 start: 1473412792 750615836
t_num: 18 finish: 1473412793 872089095 start: 1473412792 9666832
t_num: 11 finish: 1473412794 527737708 start: 1473412792 881339039
t_num: 29 finish: 1473412794 689628571 start: 1473412792 881281459
t_num: 6 finish: 1473412794 705749401 start: 1473412793 209310069
t_num: 17 finish: 1473412795 570346269 start: 1473412793 661465722
t_num: 14 finish: 1473412795 855092387 start: 1473412793 858167366
t_num: 2 finish: 1473412795 979320499 start: 1473412793 448296688
t_num: 28 finish: 1473412796 178358991 start: 1473412794 382547982
t_num: 9 finish: 1473412796 178697627 start: 1473412793 695323368
t_num: 12 finish: 1473412796 179553092 start: 1473412794 440673989
t_num: 31 finish: 1473412796 374879692 start: 1473412793 385681380
t_num: 8 finish: 1473412796 374882866 start: 1473412794 347099771
t_num: 10 finish: 1473412796 388622099 start: 1473412793 981094575
t_num: 6 finish: 1473412796 437605945 start: 1473412795 387451733
t_num: 13 finish: 1473412796 437675249 start: 1473412793 795916985
t_num: 15 finish: 1473412796 438935857 start: 1473412793 871891787
t_num: 25 finish: 1473412796 470412562 start: 1473412794 604739029
t_num: 21 finish: 1473412796 573744960 start: 1473412795 900692116
t_num: 30 finish: 1473412796 859061689 start: 1473412794 749655856
t_num: 0 finish: 1473412796 859134173 start: 1473412794 616053418
t_num: 19 finish: 1473412796 936567663 start: 1473412793 661764351
t_num: 16 finish: 1473412797 416490428 start: 1473412796 178505892
t_num: 26 finish: 1473412797 499422613 start: 1473412794 723270307
t_num: 17 finish: 1473412797 544349400 start: 1473412795 979334346
t_num: 5 finish: 1473412797 564292407 start: 1473412794 996571044
t_num: 12 finish: 1473412797 575576829 start: 1473412796 179573432
t_num: 2 finish: 1473412797 952907339 start: 1473412796 392198728
t_num: 6 finish: 1473412798 182631786 start: 1473412796 437630352
t_num: 7 finish: 1473412798 253923772 start: 1473412796 573211674
t_num: 14 finish: 1473412798 253974445 start: 1473412795 855122812
t_num: 21 finish: 1473412798 285626559 start: 1473412796 573766022
t_num: 16 finish: 1473412798 347298033 start: 1473412797 416524686
t_num: 27 finish: 1473412798 522875821 start: 1473412796 526326325
t_num: 29 finish: 1473412798 643886591 start: 1473412795 841564467
t_num: 15 finish: 1473412798 689026902 start: 1473412796 438956432
t_num: 12 finish: 1473412798 746526900 start: 1473412797 575596798
t_num: 30 finish: 1473412798 824243706 start: 1473412796 859088075
t_num: 25 finish: 1473412798 856942768 start: 1473412796 470434109
t_num: 1 finish: 1473412799 96193867 start: 1473412797 356138617
t_num: 0 finish: 1473412799 97363000 start: 1473412797 227734405
t_num: 3 finish: 1473412799 198048584 start: 1473412797 709502242
t_num: 8 finish: 1473412799 198650339 start: 1473412797 258238174
t_num: 23 finish: 1473412799 857322154 start: 1473412798 157693114
t_num: 29 finish: 1473412799 988256196 start: 1473412798 643930581
t_num: 10 finish: 1473412800 138768036 start: 1473412797 544707464
t_num: 26 finish: 1473412800 481006256 start: 1473412797 499460542
t_num: 2 finish: 1473412800 573008733 start: 1473412797 952945389
t_num: 19 finish: 1473412800 644085420 start: 1473412797 802072338
t_num: 6 finish: 1473412800 644088681 start: 1473412798 182670145
t_num: 14 finish: 1473412800 796469920 start: 1473412798 253993667
t_num: 5 finish: 1473412800 998362572 start: 1473412798 286992756
t_num: 12 finish: 1473412801 331235788 start: 1473412799 779802115
t_num: 7 finish: 1473412801 473582036 start: 1473412798 253967088
t_num: 21 finish: 1473412801 521426453 start: 1473412798 689015951
t_num: 15 finish: 1473412801 521493783 start: 1473412799 206435437
t_num: 8 finish: 1473412801 589810950 start: 1473412799 198665144
t_num: 19 finish: 1473412801 672487527 start: 1473412800 644133567
t_num: 11 finish: 1473412801 794020489 start: 1473412800 755149387
t_num: 3 finish: 1473412801 834873615 start: 1473412799 198088661
t_num: 29 finish: 1473412801 925870813 start: 1473412799 988291130
t_num: 0 finish: 1473412802 55341445 start: 1473412800 644165908
t_num: 26 finish: 1473412802 167785000 start: 1473412800 481048672
t_num: 27 finish: 1473412802 173447360 start: 1473412798 522918377
t_num: 30 finish: 1473412802 525812126 start: 1473412800 435635948
t_num: 31 finish: 1473412802 555930539 start: 1473412800 644416807
t_num: 7 finish: 1473412802 591290458 start: 1473412801 473619061
t_num: 14 finish: 1473412802 699956010 start: 1473412800 796518295
t_num: 4 finish: 1473412802 750758000 start: 1473412801 419847139
t_num: 16 finish: 1473412802 777797436 start: 1473412801 860217998
t_num: 8 finish: 1473412803 263090802 start: 1473412801 589845823
t_num: 15 finish: 1473412803 294857512 start: 1473412801 521512330
t_num: 10 finish: 1473412803 295087397 start: 1473412802 168534430
t_num: 26 finish: 1473412803 337441232 start: 1473412802 230420691
t_num: 3 finish: 1473412803 337502173 start: 1473412801 834918780
t_num: 6 finish: 1473412803 421060776 start: 1473412802 114714089
t_num: 21 finish: 1473412803 506066737 start: 1473412801 521468018
t_num: 2 finish: 1473412803 560187072 start: 1473412801 565559367
t_num: 11 finish: 1473412803 650750181 start: 1473412802 173526042
t_num: 27 finish: 1473412803 710189648 start: 1473412802 173469864
t_num: 4 finish: 1473412803 998853420 start: 1473412802 750799845
t_num: 20 finish: 1473412804 123869960 start: 1473412803 128346506
t_num: 7 finish: 1473412804 262966979 start: 1473412803 442228220
t_num: 14 finish: 1473412804 289832841 start: 1473412803 75824969
t_num: 21 finish: 1473412804 364281238 start: 1473412803 506117693
t_num: 11 finish: 1473412804 365067692 start: 1473412803 650776894
t_num: 0 finish: 1473412804 375896041 start: 1473412802 620866073
t_num: 5 finish: 1473412804 561738467 start: 1473412803 561748208
t_num: 8 finish: 1473412804 664234549 start: 1473412803 263124595
t_num: 30 finish: 1473412804 853071522 start: 1473412803 224319721
t_num: 26 finish: 1473412804 965440658 start: 1473412803 337478328
t_num: 18 finish: 1473412804 997346647 start: 1473412802 701733094
t_num: 10 finish: 1473412805 103703496 start: 1473412803 295109273
t_num: 0 finish: 1473412805 211326876 start: 1473412804 375917367
t_num: 0 finish: 1473412805 673817267 start: 1473412805 220234415
t_num: 24 finish: 1473412805 673879564 start: 1473412804 136804981
t_num: 17 finish: 1473412805 712247192 start: 1473412804 605294386
t_num: 19 finish: 1473412806 2186973 start: 1473412803 756429333
t_num: 6 finish: 1473412806 3765566 start: 1473412804 491245704
t_num: 30 finish: 1473412806 78320572 start: 1473412804 853129720
t_num: 15 finish: 1473412806 78940246 start: 1473412803 756440504
t_num: 5 finish: 1473412806 385693458 start: 1473412805 53728300
t_num: 27 finish: 1473412806 401662886 start: 1473412804 333256855
t_num: 29 finish: 1473412806 401712706 start: 1473412804 664029562
t_num: 23 finish: 1473412806 402340794 start: 1473412805 510147069
t_num: 28 finish: 1473412806 402950441 start: 1473412804 174718307
t_num: 26 finish: 1473412806 889716869 start: 1473412804 965471065
t_num: 7 finish: 1473412806 909555525 start: 1473412805 186286953
t_num: 8 finish: 1473412807 7595492 start: 1473412804 664261771
t_num: 4 finish: 1473412807 71923337 start: 1473412805 999384025
t_num: 6 finish: 1473412807 124883231 start: 1473412806 3786373
t_num: 17 finish: 1473412807 139179973 start: 1473412805 712278034
t_num: 27 finish: 1473412807 519239960 start: 1473412806 401710572
t_num: 15 finish: 1473412807 573355716 start: 1473412806 511499586
t_num: 2 finish: 1473412807 638481050 start: 1473412805 184750749
t_num: 14 finish: 1473412807 804936322 start: 1473412806 402117029
t_num: 0 finish: 1473412807 995528891 start: 1473412806 889454654
t_num: 11 finish: 1473412808 9124146 start: 1473412806 511432750
t_num: 29 finish: 1473412808 112925813 start: 1473412806 401728703
t_num: 10 finish: 1473412808 392127411 start: 1473412806 401691214
t_num: 30 finish: 1473412808 392810617 start: 1473412806 909555265
t_num: 7 finish: 1473412808 420729864 start: 1473412806 909573651
t_num: 8 finish: 1473412808 448751659 start: 1473412807 7640086
t_num: 6 finish: 1473412808 448754375 start: 1473412807 124907218
t_num: 24 finish: 1473412808 483605599 start: 1473412806 889431405
t_num: 22 finish: 1473412808 529862928 start: 1473412807 638535189
t_num: 16 finish: 1473412808 784572037 start: 1473412806 868516339
t_num: 4 finish: 1473412808 861157554 start: 1473412807 71946011
t_num: 19 finish: 1473412809 839028405 start: 1473412808 112263309
t_num: 30 finish: 1473412809 948751756 start: 1473412808 392831022
t_num: 15 finish: 1473412809 972533471 start: 1473412807 728554682
t_num: 28 finish: 1473412809 996824300 start: 1473412808 392188749
t_num: 7 finish: 1473412809 999102527 start: 1473412808 420752465
t_num: 16 finish: 1473412810 26904550 start: 1473412808 784599695
t_num: 8 finish: 1473412810 28078824 start: 1473412808 448782011
t_num: 1 finish: 1473412810 32224404 start: 1473412808 355327964
t_num: 29 finish: 1473412810 33617470 start: 1473412808 447880536
t_num: 6 finish: 1473412810 35481724 start: 1473412808 448970702
t_num: 5 finish: 1473412810 158501650 start: 1473412808 355293402
t_num: 23 finish: 1473412810 326973489 start: 1473412807 994774313
t_num: 24 finish: 1473412810 754607952 start: 1473412809 233944950
t_num: 11 finish: 1473412810 755171615 start: 1473412808 784490087
t_num: 4 finish: 1473412810 859325986 start: 1473412808 861184353
t_num: 10 finish: 1473412811 144519310 start: 1473412808 912143708
t_num: 16 finish: 1473412811 322598526 start: 1473412810 171419135
t_num: 1 finish: 1473412811 415477428 start: 1473412810 32245970
t_num: 21 finish: 1473412811 477200613 start: 1473412809 453209809
t_num: 30 finish: 1473412811 477238852 start: 1473412810 148681197
t_num: 0 finish: 1473412811 477305403 start: 1473412808 713603002
t_num: 19 finish: 1473412811 937248609 start: 1473412809 839056284
t_num: 7 finish: 1473412812 191236869 start: 1473412809 999122188
t_num: 13 finish: 1473412812 191279827 start: 1473412810 274473114
t_num: 5 finish: 1473412812 191366856 start: 1473412810 158539510
t_num: 27 finish: 1473412812 272403886 start: 1473412810 651104281
t_num: 8 finish: 1473412812 444867655 start: 1473412811 99143413
t_num: 23 finish: 1473412812 680209315 start: 1473412810 788330114
t_num: 12 finish: 1473412813 483824419 start: 1473412811 353493611
t_num: 0 finish: 1473412813 629230263 start: 1473412811 477323906
t_num: 16 finish: 1473412813 638424246 start: 1473412811 322640127
t_num: 29 finish: 1473412813 639002048 start: 1473412810 859349333
t_num: 10 finish: 1473412813 640410036 start: 1473412811 901942000
t_num: 25 finish: 1473412813 643716522 start: 1473412810 280074986
t_num: 28 finish: 1473412813 725416691 start: 1473412810 702484776
t_num: 11 finish: 1473412813 858912017 start: 1473412810 755192800
t_num: 24 finish: 1473412813 870739536 start: 1473412811 279505781
t_num: 22 finish: 1473412814 93526150 start: 1473412812 728215201
t_num: 4 finish: 1473412814 155953404 start: 1473412813 238024859
t_num: 1 finish: 1473412814 216254347 start: 1473412812 191396647
t_num: 23 finish: 1473412814 255626613 start: 1473412812 680241671
t_num: 19 finish: 1473412814 519275770 start: 1473412811 937277564
t_num: 13 finish: 1473412814 519285998 start: 1473412813 482524317
t_num: 11 finish: 1473412814 694044830 start: 1473412813 858954500
t_num: 18 finish: 1473412814 708757848 start: 1473412812 596942740
t_num: 8 finish: 1473412814 736681760 start: 1473412812 444906968
t_num: 3 finish: 1473412814 914468635 start: 1473412813 583022104
t_num: 0 finish: 1473412815 14112800 start: 1473412813 629272592
t_num: 5 finish: 1473412815 334154520 start: 1473412814 156643769
t_num: 9 finish: 1473412815 790092707 start: 1473412813 646634726
t_num: 14 finish: 1473412815 874917032 start: 1473412814 155952193
t_num: 20 finish: 1473412815 945552447 start: 1473412814 821419769
t_num: 7 finish: 1473412816 9681719 start: 1473412813 870775038
t_num: 29 finish: 1473412816 257302715 start: 1473412814 519355206
t_num: 1 finish: 1473412816 426861313 start: 1473412814 216286876
t_num: 28 finish: 1473412816 429865600 start: 1473412813 725441644
t_num: 24 finish: 1473412816 505248852 start: 1473412814 56840690
t_num: 26 finish: 1473412816 545850110 start: 1473412815 24427242
t_num: 0 finish: 1473412816 939897043 start: 1473412815 75185961
t_num: 19 finish: 1473412816 991435473 start: 1473412814 519333512
t_num: 11 finish: 1473412817 71816367 start: 1473412814 694079641
t_num: 18 finish: 1473412817 177323883 start: 1473412815 124806437
t_num: 9 finish: 1473412817 419588679 start: 1473412815 790137599
t_num: 5 finish: 1473412817 472400209 start: 1473412815 874949997
t_num: 16 finish: 1473412817 610667874 start: 1473412816 42439991
t_num: 25 finish: 1473412817 610673275 start: 1473412815 75145189
t_num: 20 finish: 1473412817 801413458 start: 1473412815 945587465
t_num: 14 finish: 1473412817 830422271 start: 1473412816 430601882
t_num: 7 finish: 1473412817 830489750 start: 1473412816 9725657
t_num: 3 finish: 1473412817 902754618 start: 1473412816 429829967
t_num: 13 finish: 1473412817 902814461 start: 1473412816 241630116
t_num: 26 finish: 1473412818 180907230 start: 1473412816 545872432
t_num: 24 finish: 1473412818 543720321 start: 1473412816 505296726
t_num: 11 finish: 1473412818 547080648 start: 1473412817 71901876
t_num: 8 finish: 1473412819 158651641 start: 1473412816 341808118
t_num: 13 finish: 1473412819 260866174 start: 1473412817 902834020
t_num: 18 finish: 1473412819 274654808 start: 1473412817 177362256
t_num: 0 finish: 1473412819 275701533 start: 1473412816 939936589
t_num: 2 finish: 1473412819 395392231 start: 1473412817 332919992
t_num: 24 finish: 1473412819 440314618 start: 1473412818 543794940
t_num: 9 finish: 1473412819 508876422 start: 1473412817 419636119
t_num: 26 finish: 1473412819 609528501 start: 1473412818 180942095
t_num: 20 finish: 1473412819 609647081 start: 1473412817 801443834
t_num: 25 finish: 1473412819 646033097 start: 1473412818 183919553
t_num: 17 finish: 1473412819 832171476 start: 1473412818 556838823
t_num: 16 finish: 1473412820 38497871 start: 1473412817 610714869
t_num: 4 finish: 1473412820 38497856 start: 1473412818 973100796
t_num: 31 finish: 1473412820 180252610 start: 1473412817 918094887
t_num: 14 finish: 1473412820 688985292 start: 1473412818 167067407
t_num: 5 finish: 1473412820 689054796 start: 1473412818 581439291
t_num: 29 finish: 1473412820 882424477 start: 1473412818 672061331
t_num: 10 finish: 1473412821 96843837 start: 1473412818 546289404
t_num: 13 finish: 1473412821 107340025 start: 1473412819 260905268
t_num: 11 finish: 1473412821 187286075 start: 1473412818 946544407
t_num: 0 finish: 1473412821 264841595 start: 1473412819 275722951
t_num: 16 finish: 1473412821 326321957 start: 1473412820 38545300
t_num: 18 finish: 1473412821 499550915 start: 1473412819 274679215
t_num: 7 finish: 1473412821 665193386 start: 1473412819 321330778
t_num: 21 finish: 1473412821 672999936 start: 1473412820 143429674
t_num: 27 finish: 1473412822 167815064 start: 1473412820 690223455
t_num: 4 finish: 1473412822 341719625 start: 1473412820 481736806
t_num: 11 finish: 1473412822 550946230 start: 1473412821 187307462
t_num: 26 finish: 1473412822 608710290 start: 1473412819 609564151
t_num: 14 finish: 1473412822 717027718 start: 1473412820 962119525
t_num: 25 finish: 1473412822 845170259 start: 1473412820 962622403
t_num: 31 finish: 1473412822 848921456 start: 1473412820 180284900
t_num: 5 finish: 1473412822 930179472 start: 1473412820 689072916
t_num: 0 finish: 1473412822 952839782 start: 1473412821 264873701
t_num: 18 finish: 1473412822 952955717 start: 1473412821 499593823
t_num: 7 finish: 1473412823 137888159 start: 1473412821 665220844
t_num: 16 finish: 1473412823 247261715 start: 1473412821 326356550
t_num: 13 finish: 1473412823 319020058 start: 1473412822 196892206
t_num: 29 finish: 1473412823 344471767 start: 1473412820 882449482
t_num: 10 finish: 1473412823 627434724 start: 1473412821 96938770
t_num: 24 finish: 1473412823 650174192 start: 1473412822 279764193
t_num: 25 finish: 1473412823 655161547 start: 1473412822 845212855
t_num: 22 finish: 1473412823 668291067 start: 1473412822 4950507
t_num: 31 finish: 1473412824 82789173 start: 1473412822 848941021
t_num: 9 finish: 1473412824 83737826 start: 1473412822 458723494
t_num: 18 finish: 1473412824 85307366 start: 1473412822 952975833
t_num: 15 finish: 1473412824 129485491 start: 1473412822 362201943
t_num: 30 finish: 1473412824 133820956 start: 1473412822 194747975
t_num: 8 finish: 1473412824 168014767 start: 1473412822 196687366
t_num: 7 finish: 1473412824 384490854 start: 1473412823 137915950
t_num: 30 finish: 1473412824 884384479 start: 1473412824 133840671
t_num: 27 finish: 1473412824 951774323 start: 1473412824 86037567
t_num: 16 finish: 1473412825 319321771 start: 1473412823 247297189
t_num: 5 finish: 1473412825 319321785 start: 1473412823 960809488
t_num: 26 finish: 1473412825 333747543 start: 1473412822 608751055
t_num: 13 finish: 1473412825 350544699 start: 1473412824 130125920
t_num: 8 finish: 1473412825 500014898 start: 1473412824 168034052
t_num: 29 finish: 1473412825 623878520 start: 1473412824 201767791
t_num: 12 finish: 1473412825 623896379 start: 1473412823 735270446
t_num: 24 finish: 1473412825 623917477 start: 1473412823 650201253
t_num: 17 finish: 1473412825 748566861 start: 1473412823 136368287
t_num: 28 finish: 1473412825 749254199 start: 1473412824 336683488
t_num: 9 finish: 1473412826 190932024 start: 1473412824 724235017
t_num: 18 finish: 1473412826 191828730 start: 1473412825 336859945
t_num: 15 finish: 1473412826 408865395 start: 1473412824 129517104
t_num: 14 finish: 1473412826 702476535 start: 1473412825 319982292
t_num: 27 finish: 1473412826 797260492 start: 1473412824 951801734
t_num: 7 finish: 1473412826 827955035 start: 1473412825 318702289
t_num: 8 finish: 1473412826 828008504 start: 1473412825 500059019
t_num: 30 finish: 1473412826 862786200 start: 1473412824 884418569
t_num: 10 finish: 1473412827 274039926 start: 1473412825 349694387
t_num: 17 finish: 1473412827 482751501 start: 1473412825 748595639
t_num: 5 finish: 1473412827 540699025 start: 1473412825 319356766
t_num: 26 finish: 1473412827 895075053 start: 1473412826 323044684
t_num: 11 finish: 1473412828 89215130 start: 1473412825 441038240
t_num: 28 finish: 1473412828 180934824 start: 1473412826 308875584
t_num: 15 finish: 1473412828 181168287 start: 1473412826 408895084
t_num: 0 finish: 1473412828 309460001 start: 1473412827 124718539
t_num: 25 finish: 1473412828 835578771 start: 1473412825 801109359
t_num: 5 finish: 1473412828 852981931 start: 1473412827 540723661
t_num: 2 finish: 1473412828 853756302 start: 1473412826 767838293
t_num: 13 finish: 1473412829 84012106 start: 1473412826 122568290
t_num: 7 finish: 1473412829 84828706 start: 1473412826 827986009
t_num: 12 finish: 1473412829 89592852 start: 1473412827 272207333
t_num: 16 finish: 1473412829 222710512 start: 1473412825 921579012
t_num: 10 finish: 1473412829 289080322 start: 1473412827 274069818
t_num: 23 finish: 1473412829 318788489 start: 1473412827 427933382
t_num: 18 finish: 1473412829 457556173 start: 1473412828 394335525
t_num: 8 finish: 1473412829 550760527 start: 1473412826 828022250
t_num: 19 finish: 1473412829 571877269 start: 1473412828 288165788
t_num: 26 finish: 1473412829 665399767 start: 1473412827 895107725
t_num: 21 finish: 1473412829 871979923 start: 1473412828 793074346
t_num: 1 finish: 1473412829 872018156 start: 1473412827 302932511
t_num: 5 finish: 1473412829 872283963 start: 1473412828 853006461
t_num: 13 finish: 1473412829 982116204 start: 1473412829 84056623
t_num: 0 finish: 1473412830 340938410 start: 1473412829 224038587
t_num: 11 finish: 1473412830 341211064 start: 1473412828 572147665
t_num: 15 finish: 1473412830 341629928 start: 1473412828 181188013
t_num: 7 finish: 1473412830 435484273 start: 1473412829 84851398
t_num: 28 finish: 1473412830 712816165 start: 1473412828 180977265
t_num: 19 finish: 1473412830 916639598 start: 1473412829 571917481
t_num: 20 finish: 1473412831 367699490 start: 1473412829 222406926
t_num: 5 finish: 1473412831 494522041 start: 1473412829 872303063
t_num: 21 finish: 1473412831 495132584 start: 1473412830 341639009
t_num: 1 finish: 1473412831 602996925 start: 1473412829 872037334
t_num: 19 finish: 1473412831 642433188 start: 1473412830 916683087
t_num: 30 finish: 1473412831 691765012 start: 1473412830 341264417
t_num: 0 finish: 1473412831 796320158 start: 1473412830 340983256
t_num: 10 finish: 1473412831 865726782 start: 1473412829 289117611
t_num: 13 finish: 1473412832 105870865 start: 1473412830 922469029
t_num: 16 finish: 1473412832 105927071 start: 1473412829 598334763
t_num: 18 finish: 1473412832 166920681 start: 1473412829 787158217
t_num: 2 finish: 1473412832 228052432 start: 1473412829 318863889
t_num: 23 finish: 1473412832 232396475 start: 1473412830 341900810
t_num: 7 finish: 1473412832 335161483 start: 1473412831 134573789
t_num: 30 finish: 1473412832 442783722 start: 1473412831 691797373
t_num: 4 finish: 1473412832 668321297 start: 1473412831 458824753
t_num: 19 finish: 1473412832 868779322 start: 1473412831 642477600
t_num: 22 finish: 1473412832 919462107 start: 1473412831 295414406
t_num: 13 finish: 1473412833 102835006 start: 1473412832 105916764
t_num: 2 finish: 1473412833 637631288 start: 1473412832 228076823
t_num: 17 finish: 1473412833 637984662 start: 1473412831 742337094
t_num: 26 finish: 1473412833 638011581 start: 1473412830 341486420
t_num: 4 finish: 1473412833 737461637 start: 1473412832 668358218
t_num: 20 finish: 1473412833 740074514 start: 1473412831 367735889
t_num: 29 finish: 1473412833 816826982 start: 1473412833 192253983
t_num: 30 finish: 1473412833 875525697 start: 1473412832 442829168
t_num: 3 finish: 1473412833 916832698 start: 1473412831 904123571
t_num: 16 finish: 1473412834 239429665 start: 1473412832 105945809
t_num: 21 finish: 1473412834 267600276 start: 1473412832 200880600
t_num: 15 finish: 1473412834 280054097 start: 1473412831 796394794
t_num: 13 finish: 1473412834 441641288 start: 1473412833 102878407
t_num: 0 finish: 1473412834 479074188 start: 1473412832 671188644
t_num: 7 finish: 1473412834 773551140 start: 1473412833 674550696
t_num: 18 finish: 1473412834 911049409 start: 1473412833 124655046
t_num: 2 finish: 1473412835 174575507 start: 1473412833 637680400
t_num: 17 finish: 1473412835 184406688 start: 1473412833 638026890
t_num: 26 finish: 1473412835 184406715 start: 1473412833 638049686
t_num: 28 finish: 1473412835 249915332 start: 1473412833 984703396
t_num: 19 finish: 1473412835 250326838 start: 1473412833 183924784
t_num: 4 finish: 1473412835 271253029 start: 1473412834 372425230
t_num: 18 finish: 1473412835 272931102 start: 1473412834 911072605
t_num: 21 finish: 1473412835 717367215 start: 1473412834 340422329
t_num: 7 finish: 1473412835 932964673 start: 1473412834 773586745
t_num: 10 finish: 1473412835 966775921 start: 1473412833 679893285
t_num: 16 finish: 1473412835 988853369 start: 1473412834 239464288
t_num: 0 finish: 1473412836 195583264 start: 1473412834 479103569
t_num: 19 finish: 1473412836 456758860 start: 1473412835 250346601
t_num: 13 finish: 1473412836 579516323 start: 1473412835 131484453
t_num: 8 finish: 1473412836 719291338 start: 1473412834 598505273
t_num: 25 finish: 1473412836 721662930 start: 1473412835 125562235
t_num: 28 finish: 1473412837 141552399 start: 1473412835 249955344
t_num: 22 finish: 1473412837 166046546 start: 1473412834 877146788
t_num: 30 finish: 1473412837 259115734 start: 1473412834 821134312
t_num: 2 finish: 1473412837 538629938 start: 1473412835 988300047
t_num: 9 finish: 1473412837 597548762 start: 1473412834 966645536
t_num: 10 finish: 1473412837 597704207 start: 1473412835 966799126
t_num: 6 finish: 1473412837 787089431 start: 1473412835 941373167
t_num: 17 finish: 1473412838 124402015 start: 1473412835 429975671
t_num: 4 finish: 1473412838 240992338 start: 1473412837 70330
t_num: 20 finish: 1473412838 303787693 start: 1473412835 364505633
t_num: 7 finish: 1473412838 313175825 start: 1473412835 933003280
t_num: 21 finish: 1473412838 386570070 start: 1473412835 717419483
t_num: 25 finish: 1473412838 427860196 start: 1473412836 968625080
t_num: 8 finish: 1473412838 583459109 start: 1473412836 719355460
t_num: 14 finish: 1473412838 922076340 start: 1473412836 195616133
t_num: 31 finish: 1473412838 943289010 start: 1473412836 396445826
t_num: 22 finish: 1473412839 129596848 start: 1473412837 597555804
t_num: 2 finish: 1473412839 129613363 start: 1473412837 538674073
t_num: 27 finish: 1473412839 143292169 start: 1473412836 538103619
t_num: 12 finish: 1473412839 589142126 start: 1473412836 502387319
t_num: 17 finish: 1473412839 722175796 start: 1473412838 124445709
t_num: 10 finish: 1473412839 722935426 start: 1473412837 597723061
t_num: 7 finish: 1473412839 723002372 start: 1473412838 313196967
t_num: 13 finish: 1473412839 723063138 start: 1473412837 539708710
t_num: 28 finish: 1473412839 911906285 start: 1473412837 669075665
t_num: 16 finish: 1473412840 52753869 start: 1473412836 976466678
t_num: 14 finish: 1473412840 372583562 start: 1473412838 922115799
t_num: 30 finish: 1473412840 423439529 start: 1473412837 991389608
t_num: 11 finish: 1473412840 681992279 start: 1473412839 600909198
t_num: 20 finish: 1473412840 682695447 start: 1473412838 303829875
t_num: 1 finish: 1473412840 760603285 start: 1473412839 86138010
t_num: 21 finish: 1473412841 52741696 start: 1473412840 84043502
t_num: 2 finish: 1473412841 52746623 start: 1473412839 129679212
t_num: 13 finish: 1473412841 280222959 start: 1473412839 723080663
t_num: 25 finish: 1473412841 701056482 start: 1473412840 226825468
t_num: 27 finish: 1473412841 788868383 start: 1473412840 226826624
t_num: 12 finish: 1473412841 813351776 start: 1473412839 589185005
t_num: 30 finish: 1473412841 856507678 start: 1473412840 423487514
t_num: 22 finish: 1473412842 133208723 start: 1473412840 865268168
t_num: 31 finish: 1473412842 173894284 start: 1473412840 226781923
t_num: 0 finish: 1473412842 173894284 start: 1473412839 128919496
t_num: 28 finish: 1473412842 419677694 start: 1473412839 911941370
t_num: 24 finish: 1473412842 486250929 start: 1473412839 530379881
t_num: 11 finish: 1473412842 547983903 start: 1473412840 682026840
t_num: 10 finish: 1473412842 792839308 start: 1473412840 646513043
t_num: 5 finish: 1473412842 820435103 start: 1473412841 69072881
t_num: 2 finish: 1473412842 877618448 start: 1473412841 512034153
t_num: 16 finish: 1473412842 954473928 start: 1473412840 866488178
t_num: 17 finish: 1473412843 23785171 start: 1473412840 638922553
t_num: 4 finish: 1473412843 59810350 start: 1473412841 513516619
t_num: 21 finish: 1473412843 171669839 start: 1473412841 813296962
t_num: 20 finish: 1473412843 387088347 start: 1473412842 28840426
t_num: 14 finish: 1473412843 391103945 start: 1473412842 547940857
t_num: 30 finish: 1473412843 846393502 start: 1473412841 856529495
t_num: 31 finish: 1473412843 916299339 start: 1473412842 173940595
t_num: 0 finish: 1473412844 116902771 start: 1473412842 173957813
t_num: 10 finish: 1473412844 117587547 start: 1473412842 792876646
t_num: 13 finish: 1473412844 243829655 start: 1473412842 547956573
t_num: 20 finish: 1473412844 414569806 start: 1473412843 387126308
t_num: 5 finish: 1473412844 457700611 start: 1473412842 820455001
t_num: 19 finish: 1473412844 464159740 start: 1473412843 342646818
t_num: 24 finish: 1473412844 587828421 start: 1473412842 486295163
t_num: 22 finish: 1473412844 657239917 start: 1473412842 133249332
t_num: 14 finish: 1473412844 702368706 start: 1473412843 391124595
t_num: 11 finish: 1473412844 920766583 start: 1473412843 391409901
t_num: 31 finish: 1473412844 920934905 start: 1473412844 321490011
t_num: 4 finish: 1473412844 921040715 start: 1473412843 59827803
t_num: 16 finish: 1473412845 36316194 start: 1473412842 954517385
t_num: 23 finish: 1473412845 212516241 start: 1473412844 426234558
t_num: 6 finish: 1473412845 361240852 start: 1473412843 530920180
t_num: 21 finish: 1473412845 929277877 start: 1473412844 507308236
t_num: 2 finish: 1473412845 957887483 start: 1473412843 785220301
t_num: 17 finish: 1473412846 236108601 start: 1473412843 23839458
t_num: 0 finish: 1473412846 291934543 start: 1473412844 168448898
t_num: 25 finish: 1473412846 306700183 start: 1473412844 507234078
t_num: 1 finish: 1473412846 765783852 start: 1473412844 173992988
t_num: 30 finish: 1473412846 956389667 start: 1473412844 702448756
t_num: 18 finish: 1473412847 198800270 start: 1473412844 513612535
t_num: 5 finish: 1473412847 206831409 start: 1473412844 457723582
t_num: 14 finish: 1473412847 262302732 start: 1473412844 702424055
t_num: 16 finish: 1473412847 313746436 start: 1473412845 36360937
t_num: 10 finish: 1473412847 405050048 start: 1473412845 795100283
t_num: 19 finish: 1473412847 578738759 start: 1473412845 366852067
t_num: 31 finish: 1473412847 880244339 start: 1473412845 739612770
t_num: 21 finish: 1473412847 983364060 start: 1473412845 929325856
t_num: 11 finish: 1473412848 270193699 start: 1473412844 920841908
t_num: 2 finish: 1473412848 330800881 start: 1473412845 957911697
t_num: 4 finish: 1473412848 384937728 start: 1473412845 633369557
t_num: 23 finish: 1473412848 811332871 start: 1473412845 929517512
t_num: 25 finish: 1473412848 817577954 start: 1473412846 306723951
t_num: 17 finish: 1473412848 818953336 start: 1473412846 765812193
t_num: 5 finish: 1473412848 849384609 start: 1473412847 206853784
t_num: 10 finish: 1473412848 855538199 start: 1473412847 405089731
t_num: 29 finish: 1473412848 855860079 start: 1473412848 133847841
t_num: 1 finish: 1473412848 889941692 start: 1473412846 765834301
t_num: 9 finish: 1473412848 994547380 start: 1473412847 756259551
t_num: 26 finish: 1473412849 192810612 start: 1473412846 16240876
t_num: 31 finish: 1473412849 226685216 start: 1473412847 880279969
t_num: 28 finish: 1473412849 520278809 start: 1473412848 227378774
t_num: 19 finish: 1473412849 633339676 start: 1473412847 578780524
t_num: 18 finish: 1473412849 737936391 start: 1473412847 198842516
t_num: 14 finish: 1473412849 817980194 start: 1473412847 612155461
t_num: 16 finish: 1473412850 235239882 start: 1473412847 313766491
t_num: 10 finish: 1473412850 277874658 start: 1473412848 855567333
t_num: 21 finish: 1473412850 449033118 start: 1473412847 983397929
t_num: 4 finish: 1473412850 560395612 start: 1473412848 384972909
t_num: 14 finish: 1473412850 616926393 start: 1473412849 818003110
t_num: 17 finish: 1473412850 617174861 start: 1473412848 818973174
t_num: 23 finish: 1473412850 617441540 start: 1473412848 811395947
t_num: 26 finish: 1473412850 667619352 start: 1473412849 192843729
t_num: 2 finish: 1473412850 778699130 start: 1473412848 330837522
t_num: 8 finish: 1473412851 102178561 start: 1473412849 636628999
t_num: 15 finish: 1473412851 102213435 start: 1473412850 161228231
t_num: 24 finish: 1473412851 205421672 start: 1473412848 947004602
t_num: 3 finish: 1473412852 82300789 start: 1473412848 856046016
t_num: 25 finish: 1473412852 83152760 start: 1473412850 173881087
t_num: 28 finish: 1473412852 141712254 start: 1473412849 520305196
t_num: 19 finish: 1473412852 141712246 start: 1473412849 667639391
t_num: 10 finish: 1473412852 787209922 start: 1473412850 277902680
t_num: 7 finish: 1473412852 787744035 start: 1473412849 890594822
t_num: 8 finish: 1473412853 257390098 start: 1473412851 102202414
t_num: 2 finish: 1473412853 257399928 start: 1473412850 778733218
t_num: 14 finish: 1473412853 608235164 start: 1473412850 616962138
t_num: 4 finish: 1473412853 723642947 start: 1473412850 560434915
t_num: 16 finish: 1473412853 723710140 start: 1473412850 903507091
t_num: 29 finish: 1473412853 840193644 start: 1473412849 790614501
t_num: 3 finish: 1473412854 824453007 start: 1473412852 82336415
t_num: 0 finish: 1473412855 384391044 start: 1473412851 519539086
t_num: 31 finish: 1473412855 420883045 start: 1473412852 190523647
t_num: 18 finish: 1473412855 421074489 start: 1473412851 102191401
t_num: 2 finish: 1473412855 421165010 start: 1473412853 257557021
t_num: 24 finish: 1473412855 421501207 start: 1473412851 205451035
t_num: 15 finish: 1473412855 422035366 start: 1473412852 82646291
t_num: 16 finish: 1473412855 422312318 start: 1473412853 723728132
t_num: 28 finish: 1473412855 422312318 start: 1473412853 948973666
t_num: 8 finish: 1473412855 856117881 start: 1473412853 257437434
t_num: 6 finish: 1473412855 856766174 start: 1473412852 82539347
t_num: 19 finish: 1473412857 443281259 start: 1473412854 649485328
t_num: 23 finish: 1473412857 443362896 start: 1473412852 788145469
t_num: 27 finish: 1473412857 444239124 start: 1473412853 810466847
t_num: 16 finish: 1473412857 978660554 start: 1473412855 422338689
t_num: 4 finish: 1473412857 978661631 start: 1473412853 723669121
t_num: 7 finish: 1473412858 130940343 start: 1473412853 658426079
t_num: 25 finish: 1473412858 131042902 start: 1473412855 422118593
t_num: 17 finish: 1473412858 873402341 start: 1473412855 421095917
t_num: 2 finish: 1473412858 873571515 start: 1473412855 421182333
t_num: 8 finish: 1473412858 873621865 start: 1473412855 856168545
t_num: 29 finish: 1473412859 89065929 start: 1473412855 421040876
t_num: 5 finish: 1473412860 107032717 start: 1473412857 444790175
t_num: 24 finish: 1473412860 176132736 start: 1473412857 443459528
t_num: 19 finish: 1473412860 176219521 start: 1473412857 443319352
t_num: 16 finish: 1473412860 176875766 start: 1473412857 978715242
t_num: 25 finish: 1473412860 372051282 start: 1473412858 131062694
t_num: 6 finish: 1473412860 372062408 start: 1473412857 443418522
t_num: 15 finish: 1473412861 12943582 start: 1473412855 422055828
t_num: 29 finish: 1473412861 18816495 start: 1473412859 89105701
t_num: 31 finish: 1473412861 118101359 start: 1473412858 873577360
t_num: 11 finish: 1473412861 275657941 start: 1473412856 236640426
t_num: 28 finish: 1473412861 367729153 start: 1473412858 300321430
t_num: 22 finish: 1473412861 593594176 start: 1473412857 428958731
t_num: 7 finish: 1473412862 9979459 start: 1473412859 709002922
t_num: 27 finish: 1473412862 915908987 start: 1473412859 802213717
t_num: 3 finish: 1473412862 962018858 start: 1473412855 420964142
t_num: 24 finish: 1473412864 209980968 start: 1473412860 589629851
t_num: 7 finish: 1473412864 489262478 start: 1473412862 10007552
t_num: 31 finish: 1473412864 546237811 start: 1473412861 118126799
t_num: 8 finish: 1473412865 236670991 start: 1473412861 113544959
t_num: 19 finish: 1473412865 427109033 start: 1473412860 176240624
t_num: 25 finish: 1473412865 868475813 start: 1473412860 372123006
t_num: 28 finish: 1473412865 869162554 start: 1473412861 367776624
t_num: 3 finish: 1473412865 883775427 start: 1473412862 962040799
t_num: 7 finish: 1473412865 982379392 start: 1473412864 489305446
t_num: 1 finish: 1473412866 521270026 start: 1473412860 589910116
t_num: 17 finish: 1473412867 425269360 start: 1473412862 74071452
t_num: 11 finish: 1473412867 582944800 start: 1473412861 275704955
t_num: 4 finish: 1473412867 634668514 start: 1473412864 432520870
t_num: 6 finish: 1473412867 634729481 start: 1473412861 729801140
t_num: 19 finish: 1473412868 87253988 start: 1473412865 875236877
t_num: 15 finish: 1473412868 496523372 start: 1473412862 962092962
t_num: 23 finish: 1473412869 276014575 start: 1473412865 427117512
t_num: 3 finish: 1473412869 399116268 start: 1473412865 883810075
t_num: 8 finish: 1473412869 399210590 start: 1473412866 154010125
t_num: 16 finish: 1473412869 399256048 start: 1473412865 365102685
t_num: 27 finish: 1473412869 610170632 start: 1473412865 364680864
t_num: 29 finish: 1473412869 747878799 start: 1473412865 294677627
t_num: 13 finish: 1473412870 499022536 start: 1473412866 521087770
t_num: 28 finish: 1473412870 707408326 start: 1473412865 872173808
t_num: 14 finish: 1473412872 188610338 start: 1473412865 550158396
t_num: 26 finish: 1473412872 260810456 start: 1473412867 41610372
t_num: 9 finish: 1473412872 403184526 start: 1473412868 87286664
t_num: 15 finish: 1473412872 525121621 start: 1473412870 190584689
t_num: 0 finish: 1473412872 525121162 start: 1473412869 748143474
t_num: 1 finish: 1473412872 747571462 start: 1473412870 365340965
t_num: 17 finish: 1473412872 872819160 start: 1473412867 425314263
t_num: 6 finish: 1473412873 475595551 start: 1473412867 634749453
t_num: 8 finish: 1473412874 217268027 start: 1473412869 399229103
t_num: 3 finish: 1473412874 869339608 start: 1473412869 399173016
t_num: 27 finish: 1473412874 869394853 start: 1473412869 610306070
t_num: 14 finish: 1473412874 869577036 start: 1473412872 188741449
t_num: 19 finish: 1473412875 103199956 start: 1473412869 610200130
t_num: 15 finish: 1473412875 155532533 start: 1473412872 525151478
t_num: 25 finish: 1473412875 254312342 start: 1473412869 107331809
t_num: 23 finish: 1473412875 710351490 start: 1473412873 468167429
t_num: 16 finish: 1473412876 408602662 start: 1473412872 99115931
t_num: 17 finish: 1473412876 477153038 start: 1473412872 872907699
t_num: 4 finish: 1473412876 477170877 start: 1473412869 747909900
t_num: 2 finish: 1473412876 477932725 start: 1473412871 159697703
t_num: 28 finish: 1473412876 595011930 start: 1473412872 332190225
t_num: 0 finish: 1473412877 661823557 start: 1473412872 525166810
t_num: 9 finish: 1473412877 821293757 start: 1473412873 771049347
t_num: 1 finish: 1473412877 822699533 start: 1473412874 801008401
t_num: 6 finish: 1473412878 163614230 start: 1473412874 869239551
t_num: 10 finish: 1473412878 561166171 start: 1473412873 613936991
t_num: 26 finish: 1473412878 744264645 start: 1473412872 524150681
t_num: 17 finish: 1473412879 143364034 start: 1473412876 477174952
t_num: 15 finish: 1473412879 143733272 start: 1473412875 155588072
t_num: 24 finish: 1473412879 143900430 start: 1473412877 390765542
t_num: 8 finish: 1473412879 923435138 start: 1473412876 477106148
t_num: 23 finish: 1473412880 42662924 start: 1473412875 710385956
t_num: 15 finish: 1473412880 43299846 start: 1473412879 143753271
t_num: 25 finish: 1473412880 104148414 start: 1473412877 225838762
t_num: 28 finish: 1473412880 104152543 start: 1473412877 940480977
t_num: 27 finish: 1473412880 339227277 start: 1473412875 839809188
t_num: 12 finish: 1473412881 424470788 start: 1473412876 249396951
t_num: 6 finish: 1473412881 494079738 start: 1473412878 163648592
t_num: 5 finish: 1473412881 494084855 start: 1473412876 310779851
t_num: 24 finish: 1473412882 782022856 start: 1473412879 143951791
t_num: 4 finish: 1473412882 996064042 start: 1473412878 613810513
t_num: 1 finish: 1473412884 28351092 start: 1473412877 822721813
t_num: 16 finish: 1473412884 28708454 start: 1473412879 143161772
t_num: 8 finish: 1473412884 384043103 start: 1473412879 923478424
t_num: 20 finish: 1473412884 669674129 start: 1473412879 923510272
t_num: 28 finish: 1473412884 848948474 start: 1473412880 104221862
t_num: 21 finish: 1473412884 849006147 start: 1473412878 978312974
t_num: 22 finish: 1473412884 849044731 start: 1473412881 620739523
t_num: 27 finish: 1473412885 590505354 start: 1473412882 895507431
t_num: 6 finish: 1473412885 819308245 start: 1473412881 494116064
t_num: 16 finish: 1473412885 819324239 start: 1473412884 28727597
t_num: 9 finish: 1473412885 991681106 start: 1473412882 525959093
t_num: 0 finish: 1473412886 598213401 start: 1473412878 811287766
t_num: 12 finish: 1473412887 469412129 start: 1473412882 330253685
t_num: 17 finish: 1473412887 799927482 start: 1473412881 494167925
t_num: 15 finish: 1473412887 799930013 start: 1473412882 526244045
t_num: 23 finish: 1473412888 835539146 start: 1473412883 240523978
t_num: 26 finish: 1473412889 293971492 start: 1473412885 819025171
t_num: 0 finish: 1473412889 685761347 start: 1473412886 598259708
t_num: 21 finish: 1473412889 746270801 start: 1473412884 849025417
t_num: 18 finish: 1473412889 817927129 start: 1473412885 284313384
t_num: 4 finish: 1473412889 925767313 start: 1473412882 996086460
t_num: 6 finish: 1473412889 926065422 start: 1473412885 819334823
t_num: 5 finish: 1473412890 109906509 start: 1473412885 992523110
t_num: 28 finish: 1473412890 216292436 start: 1473412888 861234584
t_num: 31 finish: 1473412890 864248346 start: 1473412887 408464959
t_num: 16 finish: 1473412891 57828037 start: 1473412887 408883627
t_num: 22 finish: 1473412891 275486788 start: 1473412887 407486580
t_num: 23 finish: 1473412892 407132493 start: 1473412888 835582629
t_num: 8 finish: 1473412892 432077524 start: 1473412889 297125020
t_num: 17 finish: 1473412892 511944045 start: 1473412887 799975891
t_num: 15 finish: 1473412892 725292671 start: 1473412888 507218063
t_num: 3 finish: 1473412892 868727172 start: 1473412889 296893336
t_num: 12 finish: 1473412892 901890759 start: 1473412887 469445464
t_num: 11 finish: 1473412893 852475321 start: 1473412889 537276453
t_num: 4 finish: 1473412893 852518181 start: 1473412889 925806763
t_num: 0 finish: 1473412893 853008768 start: 1473412891 492169522
t_num: 26 finish: 1473412894 806455923 start: 1473412891 115603917
t_num: 30 finish: 1473412894 996371574 start: 1473412891 492191883
t_num: 18 finish: 1473412895 422577248 start: 1473412889 817960005
t_num: 27 finish: 1473412896 280994267 start: 1473412889 296886906
t_num: 16 finish: 1473412896 641221399 start: 1473412892 993325070
t_num: 5 finish: 1473412896 762710858 start: 1473412891 262828237
t_num: 29 finish: 1473412896 763011957 start: 1473412894 887150357
t_num: 28 finish: 1473412897 665119815 start: 1473412891 838035590
t_num: 1 finish: 1473412898 144849170 start: 1473412894 450406187
t_num: 12 finish: 1473412898 395752141 start: 1473412892 901916869
t_num: 3 finish: 1473412898 576870920 start: 1473412892 868762069
t_num: 6 finish: 1473412898 576969931 start: 1473412894 99690045
t_num: 17 finish: 1473412898 576998512 start: 1473412895 745636419
t_num: 15 finish: 1473412898 686620330 start: 1473412892 725350848
t_num: 19 finish: 1473412898 799825864 start: 1473412895 961647001
t_num: 2 finish: 1473412898 909878616 start: 1473412896 645195162
t_num: 5 finish: 1473412898 983284972 start: 1473412896 762745100
t_num: 8 finish: 1473412898 983449762 start: 1473412896 682122203
t_num: 0 finish: 1473412899 265011489 start: 1473412893 853030362
t_num: 23 finish: 1473412900 127732644 start: 1473412896 968489361
t_num: 14 finish: 1473412900 128539063 start: 1473412893 767713999
t_num: 29 finish: 1473412900 456968198 start: 1473412896 763031953
t_num: 10 finish: 1473412900 910059681 start: 1473412897 890669008
t_num: 26 finish: 1473412900 910518156 start: 1473412894 806500288
t_num: 3 finish: 1473412901 49208644 start: 1473412898 576931705
t_num: 7 finish: 1473412901 482717085 start: 1473412896 173642228
t_num: 25 finish: 1473412902 694390021 start: 1473412896 731874963
t_num: 9 finish: 1473412902 694570933 start: 1473412901 633981599
t_num: 2 finish: 1473412903 473751880 start: 1473412901 49279031
t_num: 1 finish: 1473412903 473755253 start: 1473412898 144886078
t_num: 17 finish: 1473412903 473841184 start: 1473412898 577033754
t_num: 8 finish: 1473412903 473908532 start: 1473412900 909806637
t_num: 27 finish: 1473412903 943970677 start: 1473412899 471314803
t_num: 12 finish: 1473412903 944072101 start: 1473412900 528807202
t_num: 28 finish: 1473412903 971063606 start: 1473412897 900388711
t_num: 15 finish: 1473412904 638806521 start: 1473412898 686662520
t_num: 3 finish: 1473412904 638979597 start: 1473412901 636319468
t_num: 5 finish: 1473412905 6256397 start: 1473412903 307519803
t_num: 0 finish: 1473412905 724706208 start: 1473412902 234776386
t_num: 2 finish: 1473412905 759388066 start: 1473412903 473772808
t_num: 20 finish: 1473412906 424533018 start: 1473412903 473947510
t_num: 19 finish: 1473412906 507128850 start: 1473412902 641271078
t_num: 29 finish: 1473412906 507152946 start: 1473412900 457004477
t_num: 10 finish: 1473412906 507274074 start: 1473412900 910087895
t_num: 5 finish: 1473412906 507964933 start: 1473412905 6294136
t_num: 25 finish: 1473412906 508605761 start: 1473412902 694442978
t_num: 28 finish: 1473412906 508627764 start: 1473412903 971081404
t_num: 14 finish: 1473412907 625530307 start: 1473412902 641248419
t_num: 9 finish: 1473412907 646845055 start: 1473412904 638891553
t_num: 27 finish: 1473412908 611760484 start: 1473412903 944008948
t_num: 22 finish: 1473412908 611826967 start: 1473412905 83756836
t_num: 12 finish: 1473412908 746974763 start: 1473412904 756784330
t_num: 2 finish: 1473412908 746980568 start: 1473412905 759409743
t_num: 1 finish: 1473412908 906575610 start: 1473412904 638958827
t_num: 16 finish: 1473412909 945301635 start: 1473412906 645461135
t_num: 13 finish: 1473412909 945380959 start: 1473412907 41782377
t_num: 24 finish: 1473412909 945467606 start: 1473412905 83775078
t_num: 28 finish: 1473412909 945596128 start: 1473412906 508645025
t_num: 19 finish: 1473412910 237160764 start: 1473412906 507193035
t_num: 3 finish: 1473412910 708117414 start: 1473412904 638996625
t_num: 30 finish: 1473412910 836233206 start: 1473412906 795574729
t_num: 29 finish: 1473412911 324981162 start: 1473412908 500250063
t_num: 9 finish: 1473412911 372678374 start: 1473412907 646868821
t_num: 20 finish: 1473412911 546947094 start: 1473412906 424594016
t_num: 23 finish: 1473412911 665105902 start: 1473412906 508159065
t_num: 12 finish: 1473412911 665152335 start: 1473412908 747022782
t_num: 1 finish: 1473412911 922258757 start: 1473412908 906609621
t_num: 0 finish: 1473412912 844632077 start: 1473412908 191810785
t_num: 27 finish: 1473412913 44327594 start: 1473412908 611804588
t_num: 29 finish: 1473412913 474601599 start: 1473412911 325005730
t_num: 15 finish: 1473412914 190207412 start: 1473412906 508095763
t_num: 30 finish: 1473412914 190213894 start: 1473412910 836268757
t_num: 9 finish: 1473412914 358293078 start: 1473412911 372732593
t_num: 24 finish: 1473412914 723668847 start: 1473412909 945486936
t_num: 5 finish: 1473412914 730319760 start: 1473412909 225650255
t_num: 4 finish: 1473412914 862998791 start: 1473412912 223085150
t_num: 16 finish: 1473412914 963786793 start: 1473412911 883613407
t_num: 25 finish: 1473412915 723178611 start: 1473412910 650415479
t_num: 12 finish: 1473412916 392274284 start: 1473412911 665172263
t_num: 13 finish: 1473412916 521641888 start: 1473412911 883654011
t_num: 22 finish: 1473412916 867565222 start: 1473412911 247087266
t_num: 29 finish: 1473412916 867576926 start: 1473412913 474639849
t_num: 23 finish: 1473412916 867647747 start: 1473412911 665148854
t_num: 21 finish: 1473412917 136869425 start: 1473412913 229180451
t_num: 9 finish: 1473412918 37901784 start: 1473412914 358335375
t_num: 30 finish: 1473412918 229751438 start: 1473412914 721369722
t_num: 1 finish: 1473412918 229771210 start: 1473412914 49356064
t_num: 27 finish: 1473412918 278528619 start: 1473412916 390213758
t_num: 4 finish: 1473412918 278677157 start: 1473412914 863068449
t_num: 7 finish: 1473412918 278830320 start: 1473412915 646351408
t_num: 18 finish: 1473412918 630930692 start: 1473412916 764069208
t_num: 24 finish: 1473412918 786713623 start: 1473412914 723694959
t_num: 25 finish: 1473412918 835006105 start: 1473412916 783317792
t_num: 15 finish: 1473412919 995540852 start: 1473412916 13777538
t_num: 20 finish: 1473412920 7310932 start: 1473412914 121397976
t_num: 23 finish: 1473412920 768475200 start: 1473412916 867717405
t_num: 25 finish: 1473412920 974287319 start: 1473412918 835032439
t_num: 27 finish: 1473412920 989452348 start: 1473412918 278576197
t_num: 18 finish: 1473412922 548090336 start: 1473412918 630992901
t_num: 28 finish: 1473412922 548168438 start: 1473412915 673545615
t_num: 1 finish: 1473412922 548243362 start: 1473412918 229895321
t_num: 2 finish: 1473412922 548331615 start: 1473412919 693737688
t_num: 6 finish: 1473412922 930985981 start: 1473412916 767020407
t_num: 11 finish: 1473412922 957907993 start: 1473412918 156302147
t_num: 22 finish: 1473412923 65564586 start: 1473412918 37928282
t_num: 10 finish: 1473412923 91662777 start: 1473412918 37953108
t_num: 26 finish: 1473412923 325865998 start: 1473412920 6809117
t_num: 8 finish: 1473412924 516003202 start: 1473412921 351572048
t_num: 0 finish: 1473412924 516066259 start: 1473412920 348518624
t_num: 13 finish: 1473412924 516272396 start: 1473412920 768748918
t_num: 18 finish: 1473412924 518006777 start: 1473412922 548120333
t_num: 15 finish: 1473412924 518093935 start: 1473412919 995584508
t_num: 7 finish: 1473412924 627910382 start: 1473412920 7054814
t_num: 21 finish: 1473412924 733323747 start: 1473412920 348374776
t_num: 27 finish: 1473412925 357172370 start: 1473412920 989477249
t_num: 30 finish: 1473412925 589309669 start: 1473412920 768508452
t_num: 10 finish: 1473412926 234420268 start: 1473412923 91682733
t_num: 25 finish: 1473412927 63972127 start: 1473412920 974326014
t_num: 0 finish: 1473412927 170098794 start: 1473412924 516241372
t_num: 16 finish: 1473412927 170288173 start: 1473412924 517093707
t_num: 17 finish: 1473412927 170849518 start: 1473412921 390990760
t_num: 12 finish: 1473412927 284597532 start: 1473412921 298855176
t_num: 28 finish: 1473412927 471674291 start: 1473412924 517104449
t_num: 24 finish: 1473412927 515332014 start: 1473412925 980766514
t_num: 22 finish: 1473412927 515399800 start: 1473412923 65599960
t_num: 29 finish: 1473412927 961543508 start: 1473412925 841491657
t_num: 19 finish: 1473412927 992109772 start: 1473412926 671443959
t_num: 23 finish: 1473412928 870492482 start: 1473412926 172172456
t_num: 2 finish: 1473412929 662100398 start: 1473412922 548350977
t_num: 21 finish: 1473412929 662100398 start: 1473412924 733366026
t_num: 10 finish: 1473412931 241915589 start: 1473412926 234451423
t_num: 11 finish: 1473412931 584187846 start: 1473412927 169861821
t_num: 31 finish: 1473412931 584192644 start: 1473412927 170014516
t_num: 29 finish: 1473412931 584511555 start: 1473412927 961587009
t_num: 19 finish: 1473412931 584551465 start: 1473412929 189408139
t_num: 12 finish: 1473412931 953873722 start: 1473412927 284635939
t_num: 5 finish: 1473412931 990218514 start: 1473412927 854490006
t_num: 6 finish: 1473412932 84326019 start: 1473412927 829137132
t_num: 21 finish: 1473412932 87697270 start: 1473412929 662212903
t_num: 28 finish: 1473412932 605437197 start: 1473412927 471718816
t_num: 8 finish: 1473412932 636600333 start: 1473412927 169890203
t_num: 15 finish: 1473412932 650949536 start: 1473412927 854477108
t_num: 18 finish: 1473412933 367367503 start: 1473412930 889040356
t_num: 0 finish: 1473412933 372705667 start: 1473412927 170125090
t_num: 2 finish: 1473412933 373631157 start: 1473412930 238327371
t_num: 24 finish: 1473412933 889161630 start: 1473412931 557677481
t_num: 22 finish: 1473412934 400246473 start: 1473412927 515415131
t_num: 31 finish: 1473412934 555716289 start: 1473412931 584394462
t_num: 17 finish: 1473412934 555757289 start: 1473412931 584156579
t_num: 25 finish: 1473412934 945529724 start: 1473412930 546537532
t_num: 5 finish: 1473412934 969243424 start: 1473412931 990242504
t_num: 30 finish: 1473412935 367500375 start: 1473412930 950466148
t_num: 23 finish: 1473412935 976926841 start: 1473412932 276386731
t_num: 15 finish: 1473412936 296324557 start: 1473412932 650970801
t_num: 12 finish: 1473412936 662862997 start: 1473412931 953922224
t_num: 0 finish: 1473412936 667964732 start: 1473412934 402245737
t_num: 29 finish: 1473412936 671904181 start: 1473412931 584531051
t_num: 22 finish: 1473412936 951613689 start: 1473412934 400290069
t_num: 4 finish: 1473412937 192488389 start: 1473412935 230845904
t_num: 31 finish: 1473412937 202930125 start: 1473412934 555745229
t_num: 24 finish: 1473412937 202937004 start: 1473412933 889206837
t_num: 8 finish: 1473412937 202998141 start: 1473412934 442627673
t_num: 25 finish: 1473412937 203199413 start: 1473412934 945569064
t_num: 2 finish: 1473412937 905237729 start: 1473412933 373652296
t_num: 14 finish: 1473412937 905287697 start: 1473412934 154838701
t_num: 11 finish: 1473412938 140612941 start: 1473412931 584239242
t_num: 5 finish: 1473412939 429755975 start: 1473412934 969260304
t_num: 21 finish: 1473412939 850851516 start: 1473412934 891792783
t_num: 6 finish: 1473412940 108933646 start: 1473412934 891824787
t_num: 0 finish: 1473412940 399182047 start: 1473412937 147526922
t_num: 2 finish: 1473412940 790834968 start: 1473412937 905265836
t_num: 29 finish: 1473412940 791639645 start: 1473412936 671937609
t_num: 1 finish: 1473412941 87502981 start: 1473412938 139777849
t_num: 18 finish: 1473412941 140223697 start: 1473412936 664466558
t_num: 22 finish: 1473412941 183131505 start: 1473412936 951649301
t_num: 24 finish: 1473412941 556611849 start: 1473412937 202990541
t_num: 30 finish: 1473412941 620121559 start: 1473412938 97669165
t_num: 15 finish: 1473412941 620122788 start: 1473412937 838763361
t_num: 26 finish: 1473412941 817505862 start: 1473412938 99532753
t_num: 12 finish: 1473412942 282598279 start: 1473412937 345665565
t_num: 28 finish: 1473412942 696705814 start: 1473412938 936919019
t_num: 6 finish: 1473412942 955435984 start: 1473412940 108976356
t_num: 8 finish: 1473412943 346164999 start: 1473412939 737209537
t_num: 3 finish: 1473412943 349740883 start: 1473412939 103210141
t_num: 18 finish: 1473412944 425192898 start: 1473412941 140243746
t_num: 5 finish: 1473412944 629366744 start: 1473412939 429799564
t_num: 24 finish: 1473412944 762464147 start: 1473412941 556649842
t_num: 19 finish: 1473412944 763425605 start: 1473412942 152355468
t_num: 11 finish: 1473412944 763639175 start: 1473412941 491816710
t_num: 9 finish: 1473412944 764846962 start: 1473412941 139964598
t_num: 25 finish: 1473412944 840387597 start: 1473412941 183105647
t_num: 20 finish: 1473412944 840578857 start: 1473412942 380135658
t_num: 1 finish: 1473412944 840582260 start: 1473412943 834757150
t_num: 21 finish: 1473412945 105439608 start: 1473412940 721652206
t_num: 22 finish: 1473412945 171574682 start: 1473412941 183154344
t_num: 30 finish: 1473412945 280425509 start: 1473412943 877907512
t_num: 26 finish: 1473412945 448859603 start: 1473412941 817551893
t_num: 29 finish: 1473412945 448877781 start: 1473412943 279772093
t_num: 15 finish: 1473412945 492224400 start: 1473412941 620198311
t_num: 28 finish: 1473412946 743226602 start: 1473412942 696734352
t_num: 3 finish: 1473412946 744051443 start: 1473412944 840455188
t_num: 21 finish: 1473412947 545972637 start: 1473412945 105476201
t_num: 25 finish: 1473412947 546031583 start: 1473412944 840415783
t_num: 27 finish: 1473412947 905318849 start: 1473412942 697602303
t_num: 13 finish: 1473412948 44283656 start: 1473412944 269716648
t_num: 17 finish: 1473412948 45123381 start: 1473412943 350376342
t_num: 29 finish: 1473412948 988885388 start: 1473412945 448917446
t_num: 1 finish: 1473412948 988935625 start: 1473412944 840616777
t_num: 19 finish: 1473412948 989095113 start: 1473412944 763448828
t_num: 30 finish: 1473412948 989279223 start: 1473412945 280446581
t_num: 3 finish: 1473412949 705532120 start: 1473412946 744072253
t_num: 20 finish: 1473412949 732133579 start: 1473412945 832779155
t_num: 4 finish: 1473412950 169355445 start: 1473412945 280437906
t_num: 9 finish: 1473412950 267351797 start: 1473412944 764867119
t_num: 24 finish: 1473412950 434709547 start: 1473412947 117317339
t_num: 7 finish: 1473412952 321309504 start: 1473412948 988703386
t_num: 5 finish: 1473412952 321380524 start: 1473412947 117425805
t_num: 17 finish: 1473412952 563598250 start: 1473412948 989208371
t_num: 28 finish: 1473412952 972197261 start: 1473412948 988579197
t_num: 16 finish: 1473412953 634157831 start: 1473412947 756679848
t_num: 8 finish: 1473412953 634555186 start: 1473412948 988916092
t_num: 21 finish: 1473412953 634624867 start: 1473412948 988670693
t_num: 24 finish: 1473412953 635037010 start: 1473412950 434747846
t_num: 20 finish: 1473412953 729287276 start: 1473412949 732159063
t_num: 25 finish: 1473412954 221645565 start: 1473412947 546051674
t_num: 19 finish: 1473412954 582992284 start: 1473412951 469333107
t_num: 15 finish: 1473412954 711052923 start: 1473412948 923274089
t_num: 26 finish: 1473412954 711289188 start: 1473412948 298677256
t_num: 6 finish: 1473412954 855547469 start: 1473412952 563540099
t_num: 30 finish: 1473412955 40129572 start: 1473412952 967036644
t_num: 27 finish: 1473412955 40164975 start: 1473412948 989967153
t_num: 1 finish: 1473412955 40131178 start: 1473412951 469254555
t_num: 4 finish: 1473412956 117280291 start: 1473412950 169401106
t_num: 29 finish: 1473412956 117490687 start: 1473412951 321445900
t_num: 17 finish: 1473412956 117518875 start: 1473412953 448986334
t_num: 5 finish: 1473412956 337090059 start: 1473412956 117471913
t_num: 24 finish: 1473412956 726958200 start: 1473412953 635056793
t_num: 9 finish: 1473412957 175888485 start: 1473412952 455663790
t_num: 30 finish: 1473412958 237884499 start: 1473412955 40176822
t_num: 0 finish: 1473412958 237949436 start: 1473412954 583118110
t_num: 1 finish: 1473412958 306267050 start: 1473412955 40213021
t_num: 10 finish: 1473412958 386199096 start: 1473412952 883204867
t_num: 7 finish: 1473412958 386207019 start: 1473412952 321353275
t_num: 4 finish: 1473412958 386259188 start: 1473412956 195679976
t_num: 23 finish: 1473412959 155448196 start: 1473412956 606905163
t_num: 16 finish: 1473412959 390479442 start: 1473412953 634222805
t_num: 28 finish: 1473412960 358525156 start: 1473412954 711312742
t_num: 17 finish: 1473412960 612784943 start: 1473412957 635186714
t_num: 18 finish: 1473412961 88166309 start: 1473412957 423341320
t_num: 29 finish: 1473412961 595670757 start: 1473412958 306358924
t_num: 1 finish: 1473412961 607039067 start: 1473412958 306316161
t_num: 6 finish: 1473412961 961877331 start: 1473412954 855592538
t_num: 27 finish: 1473412962 41755997 start: 1473412956 117578834
t_num: 15 finish: 1473412962 588857865 start: 1473412954 711084641
t_num: 20 finish: 1473412962 588901558 start: 1473412956 55012862
t_num: 14 finish: 1473412962 807927844 start: 1473412958 578807393
t_num: 18 finish: 1473412962 946284764 start: 1473412961 88210313
t_num: 9 finish: 1473412963 796881253 start: 1473412958 578825967
t_num: 0 finish: 1473412964 20580830 start: 1473412958 237965583
t_num: 5 finish: 1473412964 190676788 start: 1473412960 301355104
t_num: 21 finish: 1473412964 640193838 start: 1473412960 358620232
t_num: 16 finish: 1473412964 778942568 start: 1473412961 196079418
t_num: 28 finish: 1473412964 936491144 start: 1473412960 358561041
t_num: 7 finish: 1473412964 936495255 start: 1473412958 386302665
t_num: 17 finish: 1473412965 491337830 start: 1473412962 158001144
t_num: 29 finish: 1473412965 722420758 start: 1473412962 685083596
t_num: 15 finish: 1473412965 722441213 start: 1473412962 588898845
t_num: 0 finish: 1473412966 610510834 start: 1473412964 20623527
t_num: 1 finish: 1473412967 430363742 start: 1473412961 607061054
t_num: 14 finish: 1473412967 436070841 start: 1473412962 807970110
t_num: 18 finish: 1473412967 954539413 start: 1473412962 946329004
t_num: 20 finish: 1473412968 110754564 start: 1473412962 588920290
t_num: 29 finish: 1473412968 850151081 start: 1473412965 722489020
t_num: 31 finish: 1473412969 321102598 start: 1473412966 291531352
t_num: 16 finish: 1473412969 595617551 start: 1473412964 778981880
t_num: 8 finish: 1473412969 714957580 start: 1473412966 411963814
t_num: 21 finish: 1473412969 845451151 start: 1473412965 423905325
t_num: 12 finish: 1473412971 233085550 start: 1473412965 428031241
t_num: 19 finish: 1473412972 38370101 start: 1473412966 283435206
t_num: 28 finish: 1473412972 38376842 start: 1473412966 366319560
t_num: 31 finish: 1473412972 483779106 start: 1473412969 321145990
t_num: 15 finish: 1473412972 484042254 start: 1473412968 24901358
t_num: 18 finish: 1473412972 484535024 start: 1473412967 954587855
t_num: 7 finish: 1473412972 484616885 start: 1473412966 528627715
t_num: 22 finish: 1473412972 584777592 start: 1473412968 572242556
t_num: 0 finish: 1473412972 585007844 start: 1473412969 494102657
t_num: 9 finish: 1473412973 463661006 start: 1473412970 613011938
t_num: 1 finish: 1473412973 999545427 start: 1473412967 430394941
t_num: 5 finish: 1473412974 356121559 start: 1473412966 410094798
t_num: 21 finish: 1473412974 975827915 start: 1473412969 845483696
t_num: 17 finish: 1473412974 975845963 start: 1473412971 866217872
t_num: 29 finish: 1473412975 145522002 start: 1473412968 850179474
t_num: 18 finish: 1473412975 274972822 start: 1473412972 484554272
t_num: 20 finish: 1473412975 276832314 start: 1473412969 715718789
t_num: 30 finish: 1473412975 428484946 start: 1473412969 493939437
t_num: 12 finish: 1473412975 858363199 start: 1473412971 233110748
t_num: 19 finish: 1473412976 25929736 start: 1473412972 38420419
t_num: 8 finish: 1473412976 345287948 start: 1473412971 233101467
t_num: 22 finish: 1473412976 345589079 start: 1473412972 584823022
t_num: 15 finish: 1473412976 484309690 start: 1473412974 356209957
t_num: 4 finish: 1473412977 401910849 start: 1473412972 483810645
t_num: 7 finish: 1473412977 401926436 start: 1473412972 484635814
t_num: 0 finish: 1473412977 402714634 start: 1473412972 585028629
t_num: 17 finish: 1473412978 3567726 start: 1473412975 274908218
t_num: 19 finish: 1473412978 296044912 start: 1473412976 25963574
t_num: 20 finish: 1473412978 367439277 start: 1473412975 276850900
t_num: 29 finish: 1473412978 657396092 start: 1473412975 145558637
t_num: 16 finish: 1473412979 508812032 start: 1473412975 767505502
t_num: 10 finish: 1473412979 543563693 start: 1473412976 638938526
t_num: 11 finish: 1473412979 862433691 start: 1473412976 287887399
t_num: 28 finish: 1473412980 523115882 start: 1473412976 327735786
t_num: 18 finish: 1473412980 540845699 start: 1473412975 274992117
t_num: 12 finish: 1473412980 540912600 start: 1473412977 343102083
t_num: 4 finish: 1473412980 787852962 start: 1473412977 401964631
t_num: 30 finish: 1473412981 19388346 start: 1473412975 428529007
t_num: 26 finish: 1473412981 769289059 start: 1473412979 403355110
t_num: 16 finish: 1473412981 828640915 start: 1473412979 508896120
t_num: 29 finish: 1473412982 158292936 start: 1473412979 350724028
t_num: 7 finish: 1473412982 158309345 start: 1473412977 402016458
t_num: 19 finish: 1473412982 248620600 start: 1473412978 296066594
t_num: 2 finish: 1473412982 716308741 start: 1473412979 768110991
t_num: 25 finish: 1473412982 849368523 start: 1473412977 403088908
t_num: 15 finish: 1473412983 257341867 start: 1473412976 484350708
t_num: 3 finish: 1473412983 771370081 start: 1473412979 142255287
t_num: 23 finish: 1473412983 819441848 start: 1473412979 131142313
t_num: 17 finish: 1473412983 947010945 start: 1473412981 188612080
t_num: 0 finish: 1473412983 947105113 start: 1473412977 704326172
t_num: 1 finish: 1473412984 1157304 start: 1473412979 773126375
t_num: 20 finish: 1473412984 1157297 start: 1473412978 367487048
t_num: 30 finish: 1473412984 1209031 start: 1473412981 19415206
t_num: 8 finish: 1473412984 90948661 start: 1473412981 18433489
t_num: 19 finish: 1473412984 443453220 start: 1473412982 248654275
t_num: 11 finish: 1473412984 505158194 start: 1473412981 19668842
t_num: 29 finish: 1473412984 786375480 start: 1473412982 158359788
t_num: 10 finish: 1473412985 105466247 start: 1473412981 19440582
t_num: 26 finish: 1473412985 332496162 start: 1473412983 286434400
t_num: 11 finish: 1473412985 698577473 start: 1473412984 505211758
t_num: 25 finish: 1473412985 699170395 start: 1473412982 849403470
t_num: 16 finish: 1473412986 126217384 start: 1473412983 164762819
t_num: 2 finish: 1473412986 665710086 start: 1473412983 141456459
t_num: 6 finish: 1473412987 431910013 start: 1473412983 98584410
t_num: 4 finish: 1473412987 747186971 start: 1473412985 170281396
t_num: 15 finish: 1473412987 841043167 start: 1473412983 257382333
t_num: 20 finish: 1473412988 450968522 start: 1473412984 1206964
t_num: 3 finish: 1473412988 580388399 start: 1473412983 771406900
t_num: 5 finish: 1473412989 687982591 start: 1473412985 95382974
t_num: 6 finish: 1473412989 927252623 start: 1473412987 432020974
t_num: 4 finish: 1473412990 61539025 start: 1473412987 747230917
t_num: 1 finish: 1473412990 144398461 start: 1473412986 607724233
t_num: 25 finish: 1473412990 145250448 start: 1473412985 699191287
t_num: 8 finish: 1473412990 145968934 start: 1473412986 789476014
t_num: 10 finish: 1473412990 637418736 start: 1473412985 105491586
t_num: 26 finish: 1473412990 637633680 start: 1473412988 274278026
t_num: 19 finish: 1473412990 976565374 start: 1473412986 70241122
t_num: 24 finish: 1473412990 976608637 start: 1473412986 735787432
t_num: 23 finish: 1473412990 976641279 start: 1473412984 785816352
t_num: 17 finish: 1473412990 977088993 start: 1473412986 177481312
t_num: 14 finish: 1473412992 37939774 start: 1473412985 443520429
t_num: 15 finish: 1473412992 123081492 start: 1473412988 450991335
t_num: 22 finish: 1473412992 765508060 start: 1473412988 379285907
t_num: 5 finish: 1473412993 331012221 start: 1473412991 160725500
t_num: 19 finish: 1473412993 331423433 start: 1473412990 976589261
t_num: 16 finish: 1473412993 576425825 start: 1473412990 261413429
t_num: 2 finish: 1473412994 527930099 start: 1473412988 451050245
t_num: 1 finish: 1473412994 652181386 start: 1473412992 606426049
t_num: 8 finish: 1473412995 423342985 start: 1473412990 145985517
t_num: 25 finish: 1473412995 520352415 start: 1473412990 145272862
t_num: 28 finish: 1473412995 653275841 start: 1473412990 976548672
t_num: 24 finish: 1473412996 274844902 start: 1473412990 976622464
t_num: 13 finish: 1473412996 413691581 start: 1473412992 766167587
t_num: 10 finish: 1473412996 446162867 start: 1473412990 976544735
t_num: 27 finish: 1473412996 974652872 start: 1473412990 637432305
t_num: 31 finish: 1473412997 26375578 start: 1473412992 120556027
t_num: 6 finish: 1473412997 26639055 start: 1473412989 927298350
t_num: 15 finish: 1473412997 230921941 start: 1473412993 316673864
t_num: 16 finish: 1473412997 775413632 start: 1473412993 576456823
t_num: 20 finish: 1473412998 6585170 start: 1473412991 707054572
t_num: 14 finish: 1473412998 101564428 start: 1473412992 37980494
t_num: 8 finish: 1473412998 974877960 start: 1473412995 423406438
t_num: 11 finish: 1473412998 974953265 start: 1473412995 174333206
t_num: 1 finish: 1473412999 83012646 start: 1473412995 778967052
t_num: 18 finish: 1473412999 84036780 start: 1473412994 543960980
t_num: 14 finish: 1473412999 758816429 start: 1473412998 101600786
t_num: 24 finish: 1473412999 759640247 start: 1473412996 274888112
t_num: 13 finish: 1473413000 171697860 start: 1473412996 413722429
t_num: 22 finish: 1473413000 171697879 start: 1473412998 148579044
t_num: 0 finish: 1473413000 910134846 start: 1473412997 442098200
t_num: 16 finish: 1473413001 11231333 start: 1473412997 775448166
t_num: 28 finish: 1473413001 12369000 start: 1473412995 653333217
t_num: 2 finish: 1473413001 13645914 start: 1473412998 975037828
t_num: 31 finish: 1473413001 13715329 start: 1473412997 26418154
t_num: 19 finish: 1473413001 13779401 start: 1473412996 504837223
t_num: 11 finish: 1473413001 15124409 start: 1473412998 974970378
t_num: 15 finish: 1473413001 346793353 start: 1473412999 83174734
t_num: 10 finish: 1473413002 288256978 start: 1473412998 505474555
t_num: 5 finish: 1473413002 288303228 start: 1473412996 482827457
t_num: 20 finish: 1473413002 358488013 start: 1473412998 6626648
t_num: 27 finish: 1473413002 778228682 start: 1473412998 796713716
t_num: 8 finish: 1473413002 880507108 start: 1473412998 974923516
t_num: 2 finish: 1473413002 880509547 start: 1473413001 13666377
t_num: 13 finish: 1473413004 120290609 start: 1473413000 171749513
t_num: 11 finish: 1473413004 121173438 start: 1473413001 15140059
t_num: 12 finish: 1473413004 332724194 start: 1473413001 800484243
t_num: 14 finish: 1473413004 968076470 start: 1473413001 664389615
t_num: 22 finish: 1473413004 968391630 start: 1473413001 664353803
t_num: 6 finish: 1473413005 206050609 start: 1473412999 879007251
t_num: 0 finish: 1473413006 203430036 start: 1473413000 910193235
t_num: 18 finish: 1473413006 428897804 start: 1473413001 11251777
t_num: 30 finish: 1473413006 591781524 start: 1473413002 288208166
t_num: 16 finish: 1473413007 93473869 start: 1473413001 11256325
t_num: 27 finish: 1473413007 154975729 start: 1473413002 778272810
t_num: 2 finish: 1473413007 154990269 start: 1473413002 880591399
t_num: 22 finish: 1473413007 510601597 start: 1473413004 968434149
t_num: 28 finish: 1473413008 2498284 start: 1473413002 288096953
t_num: 12 finish: 1473413008 271058149 start: 1473413004 332768254
t_num: 4 finish: 1473413008 508289876 start: 1473413003 741946099
t_num: 6 finish: 1473413009 538106002 start: 1473413005 206084676
t_num: 31 finish: 1473413010 91515314 start: 1473413003 458797632
t_num: 11 finish: 1473413010 273784315 start: 1473413004 121190624
t_num: 2 finish: 1473413010 273851866 start: 1473413007 155109276
t_num: 0 finish: 1473413010 401768567 start: 1473413006 203482565
t_num: 17 finish: 1473413010 401768567 start: 1473413004 157286419
t_num: 14 finish: 1473413010 401837526 start: 1473413004 968104244
t_num: 8 finish: 1473413010 401868237 start: 1473413006 591812405
t_num: 30 finish: 1473413010 476124352 start: 1473413006 591845139
t_num: 5 finish: 1473413011 812245644 start: 1473413007 143815466
t_num: 3 finish: 1473413011 902349745 start: 1473413006 592035269
t_num: 15 finish: 1473413011 971481438 start: 1473413006 552584413
t_num: 16 finish: 1473413011 971488434 start: 1473413007 93516208
t_num: 20 finish: 1473413011 971610742 start: 1473413009 541485674
t_num: 28 finish: 1473413011 971985874 start: 1473413008 2541214
t_num: 18 finish: 1473413012 78401285 start: 1473413007 211034506
t_num: 27 finish: 1473413012 488083198 start: 1473413009 472822088
t_num: 17 finish: 1473413012 630358114 start: 1473413010 401846249
t_num: 4 finish: 1473413013 482608681 start: 1473413009 286964556
t_num: 22 finish: 1473413013 660666128 start: 1473413009 986530191
t_num: 23 finish: 1473413014 391534386 start: 1473413009 58755428
t_num: 20 finish: 1473413014 391577309 start: 1473413011 971638376
t_num: 3 finish: 1473413014 436656463 start: 1473413011 902391555
t_num: 10 finish: 1473413014 436852184 start: 1473413009 288805879
t_num: 11 finish: 1473413014 437470170 start: 1473413010 273827364
t_num: 2 finish: 1473413014 535818507 start: 1473413010 273872373
t_num: 16 finish: 1473413015 430704172 start: 1473413011 971576239
t_num: 25 finish: 1473413015 561820483 start: 1473413010 795190430
t_num: 14 finish: 1473413015 841365628 start: 1473413012 78210048
t_num: 15 finish: 1473413016 672611859 start: 1473413011 971544581
t_num: 31 finish: 1473413017 45014265 start: 1473413011 674133750
t_num: 22 finish: 1473413017 700203519 start: 1473413014 438835922
t_num: 16 finish: 1473413017 987984362 start: 1473413015 430741877
t_num: 4 finish: 1473413017 988040027 start: 1473413013 913270151
t_num: 18 finish: 1473413017 988122008 start: 1473413012 78425939
t_num: 17 finish: 1473413018 859813783 start: 1473413013 616137862
t_num: 11 finish: 1473413018 868470097 start: 1473413014 437490458
t_num: 28 finish: 1473413018 868527418 start: 1473413011 972005542
t_num: 25 finish: 1473413019 114137365 start: 1473413015 561850417
t_num: 27 finish: 1473413019 284434146 start: 1473413012 488147164
t_num: 31 finish: 1473413019 358248671 start: 1473413017 45058178
t_num: 1 finish: 1473413020 758885523 start: 1473413015 22998502
t_num: 2 finish: 1473413020 866362301 start: 1473413017 700221681
t_num: 30 finish: 1473413021 167738778 start: 1473413014 437551557
t_num: 20 finish: 1473413021 167793371 start: 1473413015 853232152
t_num: 15 finish: 1473413021 233350672 start: 1473413016 672663938
t_num: 8 finish: 1473413021 568725888 start: 1473413015 182225468
t_num: 23 finish: 1473413021 800812303 start: 1473413014 391580505
t_num: 10 finish: 1473413022 892000376 start: 1473413019 239790809
t_num: 13 finish: 1473413022 892041382 start: 1473413019 448498348
t_num: 4 finish: 1473413023 190767137 start: 1473413017 988071951
t_num: 17 finish: 1473413023 191089066 start: 1473413018 859837052
t_num: 28 finish: 1473413023 191145878 start: 1473413020 6186489
t_num: 11 finish: 1473413023 644343727 start: 1473413018 868490546
t_num: 3 finish: 1473413023 996504205 start: 1473413019 89383691
t_num: 18 finish: 1473413024 833326448 start: 1473413021 663060121
t_num: 30 finish: 1473413024 947051821 start: 1473413021 167835085
t_num: 27 finish: 1473413024 947349586 start: 1473413021 758743377
t_num: 4 finish: 1473413025 801031955 start: 1473413023 190812620
t_num: 7 finish: 1473413025 859251121 start: 1473413022 515750877
t_num: 20 finish: 1473413025 859321572 start: 1473413021 167810934
t_num: 23 finish: 1473413025 859434258 start: 1473413023 991329360
t_num: 8 finish: 1473413025 859498462 start: 1473413021 568770623
t_num: 24 finish: 1473413025 859687192 start: 1473413021 447054545
t_num: 25 finish: 1473413026 86028611 start: 1473413023 191096155
t_num: 16 finish: 1473413026 168534562 start: 1473413024 833316989
t_num: 17 finish: 1473413026 348398702 start: 1473413023 191107624
t_num: 1 finish: 1473413026 449033907 start: 1473413023 191136907
t_num: 19 finish: 1473413027 84817681 start: 1473413022 202796543
t_num: 8 finish: 1473413029 9247975 start: 1473413025 859513966
t_num: 27 finish: 1473413029 105509688 start: 1473413024 947370054
t_num: 3 finish: 1473413029 729469790 start: 1473413023 996527646
t_num: 12 finish: 1473413030 141693037 start: 1473413026 168316795
t_num: 31 finish: 1473413030 834347925 start: 1473413023 835232727
t_num: 6 finish: 1473413031 264102850 start: 1473413028 50335945
t_num: 14 finish: 1473413031 264199963 start: 1473413025 859565232
t_num: 7 finish: 1473413031 264264801 start: 1473413025 859283564
t_num: 28 finish: 1473413031 505992056 start: 1473413025 801079379
t_num: 17 finish: 1473413031 551847119 start: 1473413026 348445210
t_num: 18 finish: 1473413033 443950016 start: 1473413027 177029642
t_num: 0 finish: 1473413033 450865441 start: 1473413029 527163750
t_num: 30 finish: 1473413033 594047153 start: 1473413030 141647886
t_num: 31 finish: 1473413034 122829918 start: 1473413030 834390421
t_num: 21 finish: 1473413034 123512331 start: 1473413031 264431032
t_num: 19 finish: 1473413034 144269465 start: 1473413028 835415583
t_num: 24 finish: 1473413034 192442525 start: 1473413028 500453018
t_num: 16 finish: 1473413034 474396310 start: 1473413028 30909614
t_num: 7 finish: 1473413034 647130279 start: 1473413031 264282350
t_num: 25 finish: 1473413034 973318486 start: 1473413026 86065762
t_num: 17 finish: 1473413035 548429116 start: 1473413032 499680509
t_num: 3 finish: 1473413035 893042543 start: 1473413032 137978740
t_num: 12 finish: 1473413036 466241672 start: 1473413030 141721645
t_num: 16 finish: 1473413036 535412471 start: 1473413034 474426618
t_num: 25 finish: 1473413036 612775216 start: 1473413034 973362568
t_num: 11 finish: 1473413036 612827681 start: 1473413032 952678944
t_num: 22 finish: 1473413036 626832555 start: 1473413033 382189836
t_num: 31 finish: 1473413037 326698182 start: 1473413035 65430256
t_num: 8 finish: 1473413037 462749555 start: 1473413031 506587200
t_num: 14 finish: 1473413037 607744545 start: 1473413031 264219278
t_num: 6 finish: 1473413038 108911245 start: 1473413031 264130519
t_num: 2 finish: 1473413038 436662152 start: 1473413032 137935251
t_num: 19 finish: 1473413038 531493270 start: 1473413035 114198261
t_num: 5 finish: 1473413038 627977688 start: 1473413033 453988719
t_num: 29 finish: 1473413038 632763610 start: 1473413033 902667649
t_num: 3 finish: 1473413038 751188275 start: 1473413035 893076267
t_num: 24 finish: 1473413039 118172121 start: 1473413034 192465639
t_num: 21 finish: 1473413040 594964704 start: 1473413035 625044807
t_num: 14 finish: 1473413041 462098178 start: 1473413037 607767320
t_num: 22 finish: 1473413041 598506283 start: 1473413037 606143806
t_num: 7 finish: 1473413041 819652339 start: 1473413035 476901360
t_num: 12 finish: 1473413041 819654888 start: 1473413036 466311670
t_num: 10 finish: 1473413041 871344527 start: 1473413037 836054
t_num: 16 finish: 1473413041 871374776 start: 1473413036 535443276
t_num: 17 finish: 1473413041 871693112 start: 1473413038 532617775
t_num: 18 finish: 1473413041 871859949 start: 1473413035 479313669
t_num: 31 finish: 1473413043 902076410 start: 1473413037 326734891
t_num: 26 finish: 1473413043 956896711 start: 1473413037 52370863
t_num: 29 finish: 1473413043 956948783 start: 1473413038 632780198
t_num: 3 finish: 1473413043 956952628 start: 1473413038 751222099
t_num: 27 finish: 1473413044 59409150 start: 1473413040 530501207
t_num: 0 finish: 1473413044 363682435 start: 1473413037 951671838
t_num: 2 finish: 1473413045 325320077 start: 1473413038 436707296
t_num: 5 finish: 1473413045 325342408 start: 1473413041 407326088
t_num: 21 finish: 1473413045 823444895 start: 1473413042 778546344
t_num: 22 finish: 1473413045 838909563 start: 1473413041 598545194
t_num: 13 finish: 1473413045 838909576 start: 1473413040 530647910
t_num: 27 finish: 1473413046 668995393 start: 1473413044 59453584
t_num: 14 finish: 1473413046 668995042 start: 1473413043 957060658
t_num: 25 finish: 1473413046 776989517 start: 1473413040 713873174
t_num: 6 finish: 1473413046 986124665 start: 1473413038 108970699
t_num: 7 finish: 1473413047 8000868 start: 1473413041 819714346
t_num: 11 finish: 1473413047 8008098 start: 1473413040 369084013
t_num: 8 finish: 1473413047 398455950 start: 1473413040 530736616
t_num: 10 finish: 1473413047 398618907 start: 1473413045 35633189
t_num: 28 finish: 1473413047 669986335 start: 1473413044 222682302
t_num: 17 finish: 1473413048 24175084 start: 1473413042 778576455
t_num: 0 finish: 1473413048 664629853 start: 1473413045 824251698
t_num: 4 finish: 1473413049 306036358 start: 1473413046 986170502
t_num: 26 finish: 1473413049 306176751 start: 1473413043 956929086
t_num: 18 finish: 1473413050 178580518 start: 1473413045 326222064
t_num: 15 finish: 1473413050 585979540 start: 1473413047 398222521
t_num: 20 finish: 1473413050 595902809 start: 1473413047 398068181
t_num: 2 finish: 1473413050 611901542 start: 1473413045 325399332
t_num: 9 finish: 1473413051 722890491 start: 1473413046 779004357
t_num: 7 finish: 1473413051 722953043 start: 1473413048 686023968
t_num: 6 finish: 1473413051 722987392 start: 1473413046 986214433
t_num: 25 finish: 1473413051 723028040 start: 1473413046 777029391
t_num: 28 finish: 1473413051 766336269 start: 1473413047 670049084
t_num: 14 finish: 1473413052 597869550 start: 1473413047 268457853
t_num: 8 finish: 1473413052 752158516 start: 1473413047 398483580
t_num: 17 finish: 1473413052 752309258 start: 1473413048 24210431
t_num: 11 finish: 1473413052 809826337 start: 1473413047 8049954
t_num: 26 finish: 1473413053 327918496 start: 1473413049 306213852
t_num: 18 finish: 1473413053 360541444 start: 1473413050 178652789
t_num: 2 finish: 1473413053 360672977 start: 1473413050 611921743
t_num: 21 finish: 1473413054 200892067 start: 1473413047 398365465
t_num: 3 finish: 1473413054 571951358 start: 1473413050 898904940
t_num: 22 finish: 1473413054 895067647 start: 1473413050 565705234
t_num: 5 finish: 1473413056 197439544 start: 1473413048 350990031
t_num: 15 finish: 1473413056 197636887 start: 1473413053 134431867
t_num: 30 finish: 1473413056 197961861 start: 1473413052 567415902
t_num: 20 finish: 1473413056 198000675 start: 1473413052 702888271
t_num: 11 finish: 1473413057 175922794 start: 1473413053 465289238
t_num: 9 finish: 1473413057 201742170 start: 1473413051 722917835
t_num: 0 finish: 1473413057 201764344 start: 1473413051 722886443
t_num: 26 finish: 1473413057 202263935 start: 1473413053 327963730
t_num: 17 finish: 1473413057 202633634 start: 1473413052 752328399
t_num: 6 finish: 1473413057 202673147 start: 1473413054 200627114
t_num: 21 finish: 1473413057 800617163 start: 1473413054 200916392
t_num: 28 finish: 1473413058 281997033 start: 1473413051 766360960
t_num: 3 finish: 1473413059 398925376 start: 1473413054 571996935
t_num: 18 finish: 1473413059 523136322 start: 1473413054 79111075
t_num: 8 finish: 1473413059 524209361 start: 1473413052 752183344
t_num: 7 finish: 1473413059 524270122 start: 1473413051 722970669
t_num: 30 finish: 1473413059 843426939 start: 1473413056 197980904
t_num: 14 finish: 1473413060 166320306 start: 1473413057 801367409
t_num: 19 finish: 1473413060 403009411 start: 1473413057 202083102
t_num: 2 finish: 1473413061 61918055 start: 1473413055 172419296
t_num: 31 finish: 1473413061 248215400 start: 1473413056 655130035
t_num: 26 finish: 1473413061 248218578 start: 1473413057 958832996
t_num: 8 finish: 1473413062 308120542 start: 1473413059 524239551
t_num: 12 finish: 1473413062 508014076 start: 1473413056 197740665
t_num: 18 finish: 1473413062 784464212 start: 1473413059 523176812
t_num: 0 finish: 1473413062 784897049 start: 1473413057 201799493
t_num: 17 finish: 1473413062 925278568 start: 1473413057 202653554
t_num: 14 finish: 1473413063 279668974 start: 1473413060 402990675
t_num: 11 finish: 1473413063 335095218 start: 1473413057 175963208
t_num: 20 finish: 1473413063 929683366 start: 1473413056 198019583
t_num: 9 finish: 1473413064 513307621 start: 1473413057 201786295
t_num: 24 finish: 1473413064 578924483 start: 1473413058 776523342
t_num: 2 finish: 1473413065 419545599 start: 1473413061 61968773
t_num: 15 finish: 1473413065 657164417 start: 1473413059 784352275
t_num: 16 finish: 1473413065 657449975 start: 1473413062 306632711
t_num: 1 finish: 1473413065 738449921 start: 1473413062 784947390
t_num: 21 finish: 1473413065 738526230 start: 1473413058 770010123
t_num: 3 finish: 1473413066 71619060 start: 1473413059 398973141
t_num: 26 finish: 1473413066 76968338 start: 1473413061 248388973
t_num: 8 finish: 1473413066 248919152 start: 1473413062 308148542
t_num: 17 finish: 1473413066 504206695 start: 1473413062 925311702
t_num: 13 finish: 1473413066 630759841 start: 1473413062 508039183
t_num: 28 finish: 1473413067 736976521 start: 1473413062 508237510
t_num: 31 finish: 1473413068 69329122 start: 1473413061 248276583
t_num: 30 finish: 1473413068 401356880 start: 1473413063 879631182
t_num: 0 finish: 1473413068 402627373 start: 1473413062 784918257
t_num: 16 finish: 1473413068 482614983 start: 1473413065 657470113
t_num: 14 finish: 1473413068 557949280 start: 1473413063 279707036
t_num: 20 finish: 1473413068 557962997 start: 1473413063 929739488
t_num: 17 finish: 1473413068 845395956 start: 1473413066 504245423
t_num: 3 finish: 1473413068 845432993 start: 1473413066 71655485
t_num: 27 finish: 1473413069 226622795 start: 1473413067 339940959
t_num: 22 finish: 1473413069 715059857 start: 1473413066 268405402
t_num: 15 finish: 1473413069 766973490 start: 1473413065 657202158
t_num: 26 finish: 1473413070 226316197 start: 1473413066 76993999
t_num: 9 finish: 1473413070 350150371 start: 1473413067 674039018
t_num: 27 finish: 1473413071 11709141 start: 1473413069 226679794
t_num: 20 finish: 1473413071 11992484 start: 1473413068 558017346
t_num: 0 finish: 1473413071 12144346 start: 1473413068 402648010
t_num: 1 finish: 1473413071 607788438 start: 1473413065 738472727
t_num: 29 finish: 1473413071 607834862 start: 1473413068 795733859
t_num: 13 finish: 1473413071 703258043 start: 1473413069 375009978
t_num: 25 finish: 1473413071 798124390 start: 1473413069 375349182
t_num: 8 finish: 1473413073 472444192 start: 1473413069 455337516
t_num: 3 finish: 1473413074 258380188 start: 1473413068 845449286
t_num: 16 finish: 1473413074 258564104 start: 1473413069 725468081
t_num: 27 finish: 1473413074 990299211 start: 1473413071 11770645
t_num: 28 finish: 1473413075 255973447 start: 1473413071 11761334
t_num: 0 finish: 1473413075 481870846 start: 1473413071 12162155
t_num: 26 finish: 1473413075 618604357 start: 1473413070 226360797
t_num: 9 finish: 1473413075 618609493 start: 1473413073 472360331
t_num: 10 finish: 1473413075 618645074 start: 1473413073 136320121
t_num: 1 finish: 1473413075 619504775 start: 1473413071 607833255
t_num: 22 finish: 1473413075 620243850 start: 1473413071 608007534
t_num: 5 finish: 1473413075 692558578 start: 1473413069 375280784
t_num: 29 finish: 1473413075 692558572 start: 1473413071 607853353
t_num: 31 finish: 1473413076 595903817 start: 1473413071 510442442
t_num: 20 finish: 1473413076 966367623 start: 1473413072 358506036
t_num: 8 finish: 1473413077 544456947 start: 1473413074 258637467
t_num: 23 finish: 1473413077 990122847 start: 1473413073 472411868
t_num: 25 finish: 1473413078 217705149 start: 1473413074 258460854
t_num: 0 finish: 1473413078 526450903 start: 1473413075 481951566
t_num: 7 finish: 1473413079 232178140 start: 1473413074 200315302
t_num: 15 finish: 1473413079 363836455 start: 1473413074 258418302
t_num: 21 finish: 1473413079 364072116 start: 1473413076 604516561
t_num: 31 finish: 1473413079 456243410 start: 1473413076 595930910
t_num: 13 finish: 1473413079 867912818 start: 1473413073 472148458
t_num: 28 finish: 1473413079 867985439 start: 1473413076 92230597
t_num: 3 finish: 1473413080 19251949 start: 1473413075 95019142
t_num: 25 finish: 1473413081 465916372 start: 1473413078 217742657
t_num: 6 finish: 1473413081 466029482 start: 1473413076 343501254
t_num: 5 finish: 1473413082 915723366 start: 1473413075 692607979
t_num: 22 finish: 1473413082 915723366 start: 1473413075 620264402
t_num: 20 finish: 1473413082 986142165 start: 1473413077 162596733
t_num: 12 finish: 1473413083 103363648 start: 1473413078 19929754
t_num: 23 finish: 1473413083 822984420 start: 1473413077 990150069
t_num: 19 finish: 1473413083 916405067 start: 1473413081 274909858
t_num: 7 finish: 1473413084 55467326 start: 1473413081 147221845
t_num: 3 finish: 1473413084 55507894 start: 1473413080 19285521
t_num: 10 finish: 1473413084 55699281 start: 1473413075 618666079
t_num: 31 finish: 1473413084 191731576 start: 1473413081 274664540
t_num: 0 finish: 1473413084 191856235 start: 1473413078 526488521
t_num: 8 finish: 1473413084 192057058 start: 1473413079 456306379
t_num: 20 finish: 1473413084 390283735 start: 1473413082 986159900
t_num: 5 finish: 1473413084 889188831 start: 1473413082 915770235
t_num: 21 finish: 1473413084 889257269 start: 1473413079 364091755
t_num: 4 finish: 1473413085 7638813 start: 1473413082 193607395
t_num: 10 finish: 1473413086 3553967 start: 1473413084 55717980
t_num: 30 finish: 1473413086 24527081 start: 1473413081 274973457
t_num: 21 finish: 1473413086 155228443 start: 1473413084 889271844
t_num: 15 finish: 1473413086 369169520 start: 1473413081 275314162
t_num: 22 finish: 1473413086 369829399 start: 1473413084 888037173
t_num: 23 finish: 1473413086 831391101 start: 1473413083 823026289
t_num: 12 finish: 1473413086 970103427 start: 1473413083 103403640
t_num: 20 finish: 1473413087 552302840 start: 1473413084 390345852
t_num: 24 finish: 1473413087 553892184 start: 1473413082 986123155
t_num: 31 finish: 1473413088 802255948 start: 1473413084 191775968
t_num: 11 finish: 1473413088 924980691 start: 1473413086 267618206
t_num: 17 finish: 1473413089 33630628 start: 1473413084 858412783
t_num: 10 finish: 1473413089 43106213 start: 1473413086 3598474
t_num: 4 finish: 1473413089 387855507 start: 1473413085 7668189
t_num: 8 finish: 1473413089 767922952 start: 1473413084 192077741
t_num: 7 finish: 1473413090 490861159 start: 1473413084 888966647
t_num: 24 finish: 1473413090 557740150 start: 1473413087 553910740
t_num: 23 finish: 1473413091 242901075 start: 1473413086 831430181
t_num: 20 finish: 1473413091 344452262 start: 1473413087 552334328
t_num: 17 finish: 1473413091 562379854 start: 1473413089 33685520
t_num: 15 finish: 1473413091 639706233 start: 1473413089 387775806
t_num: 13 finish: 1473413092 122050806 start: 1473413087 487599851
t_num: 2 finish: 1473413092 699278939 start: 1473413088 111041579
t_num: 19 finish: 1473413092 699353625 start: 1473413089 50071511
t_num: 22 finish: 1473413092 748899749 start: 1473413086 369850151
t_num: 21 finish: 1473413092 748908398 start: 1473413089 758949154
t_num: 29 finish: 1473413093 44811148 start: 1473413087 498053702
t_num: 12 finish: 1473413093 167296987 start: 1473413086 970138350
t_num: 31 finish: 1473413093 167302339 start: 1473413090 561208189
t_num: 11 finish: 1473413093 167611454 start: 1473413089 388644391
t_num: 5 finish: 1473413094 512774282 start: 1473413090 945835986
t_num: 30 finish: 1473413094 513186707 start: 1473413087 553846509
t_num: 0 finish: 1473413094 524567556 start: 1473413090 811768714
t_num: 7 finish: 1473413094 797740275 start: 1473413090 945804280
t_num: 8 finish: 1473413095 62038189 start: 1473413089 767948965
t_num: 16 finish: 1473413095 536885935 start: 1473413091 382979150
t_num: 12 finish: 1473413095 945007298 start: 1473413093 167340242
t_num: 13 finish: 1473413096 845808153 start: 1473413092 122092185
t_num: 23 finish: 1473413096 846824603 start: 1473413095 110582948
t_num: 17 finish: 1473413096 847035956 start: 1473413091 562419634
t_num: 29 finish: 1473413096 847077296 start: 1473413093 44844255
t_num: 26 finish: 1473413097 436066052 start: 1473413091 971236066
t_num: 2 finish: 1473413097 436216118 start: 1473413092 699409286
t_num: 21 finish: 1473413097 436342076 start: 1473413092 748963486
t_num: 18 finish: 1473413097 509238224 start: 1473413091 242933865
t_num: 20 finish: 1473413097 509498916 start: 1473413091 344497674
t_num: 19 finish: 1473413098 251182784 start: 1473413092 699373867
t_num: 0 finish: 1473413099 247778338 start: 1473413094 967613902
t_num: 28 finish: 1473413099 248599482 start: 1473413096 140845382
t_num: 7 finish: 1473413099 248821267 start: 1473413095 789943113
t_num: 25 finish: 1473413099 494661686 start: 1473413095 537323328
t_num: 1 finish: 1473413100 740769795 start: 1473413096 846877566
t_num: 31 finish: 1473413100 740778713 start: 1473413093 167475580
t_num: 21 finish: 1473413101 599461232 start: 1473413097 436361741
t_num: 23 finish: 1473413101 630239441 start: 1473413096 846845471
t_num: 8 finish: 1473413102 594393086 start: 1473413095 62071671
t_num: 11 finish: 1473413102 594743096 start: 1473413095 945043673
t_num: 3 finish: 1473413102 721360277 start: 1473413099 248318349
t_num: 12 finish: 1473413103 146435447 start: 1473413095 945118148
t_num: 20 finish: 1473413103 350629024 start: 1473413097 509517052
t_num: 9 finish: 1473413103 631670321 start: 1473413100 740622185
t_num: 6 finish: 1473413103 816976127 start: 1473413101 457051440
t_num: 2 finish: 1473413104 59219551 start: 1473413097 436237334
t_num: 28 finish: 1473413104 914549326 start: 1473413099 248618648
t_num: 22 finish: 1473413104 914662987 start: 1473413097 509570566
t_num: 1 finish: 1473413104 984990059 start: 1473413100 740814993
t_num: 7 finish: 1473413104 985059711 start: 1473413100 741087217
t_num: 30 finish: 1473413104 985352882 start: 1473413099 248816659
t_num: 25 finish: 1473413104 985546003 start: 1473413100 740448182
t_num: 17 finish: 1473413104 986680245 start: 1473413102 276597977
t_num: 0 finish: 1473413104 987390810 start: 1473413100 741287839
t_num: 14 finish: 1473413104 987417755 start: 1473413101 14212117
t_num: 27 finish: 1473413104 987579992 start: 1473413100 741226358
t_num: 11 finish: 1473413105 854091341 start: 1473413102 594763578
t_num: 19 finish: 1473413105 854178305 start: 1473413101 591398640
t_num: 21 finish: 1473413106 372602139 start: 1473413103 471092987
t_num: 6 finish: 1473413106 943739761 start: 1473413103 817014296
t_num: 7 finish: 1473413106 943888607 start: 1473413104 985075626
t_num: 29 finish: 1473413107 35042868 start: 1473413102 594198060
t_num: 22 finish: 1473413107 790622190 start: 1473413104 914681684
t_num: 9 finish: 1473413107 803188069 start: 1473413104 642045636
t_num: 27 finish: 1473413109 266820290 start: 1473413104 987614309
t_num: 3 finish: 1473413109 353357408 start: 1473413106 486380641
t_num: 6 finish: 1473413109 640636377 start: 1473413106 943799076
t_num: 28 finish: 1473413109 640636390 start: 1473413104 914592724
t_num: 30 finish: 1473413110 30480512 start: 1473413104 985372238
t_num: 14 finish: 1473413110 122853400 start: 1473413104 987435950
t_num: 7 finish: 1473413110 326413974 start: 1473413106 943927066
t_num: 2 finish: 1473413110 621699982 start: 1473413107 35748746
t_num: 0 finish: 1473413110 662015717 start: 1473413104 987412085
t_num: 17 finish: 1473413110 663766523 start: 1473413107 792044806
t_num: 12 finish: 1473413110 851851550 start: 1473413104 985006358
t_num: 20 finish: 1473413111 299251743 start: 1473413107 804201246
t_num: 9 finish: 1473413111 299486002 start: 1473413107 803210947
t_num: 31 finish: 1473413111 300899206 start: 1473413108 18181710
t_num: 29 finish: 1473413111 637462405 start: 1473413107 35063012
t_num: 4 finish: 1473413111 806438193 start: 1473413108 920521559
t_num: 8 finish: 1473413111 903193756 start: 1473413108 918413930
t_num: 27 finish: 1473413111 903286854 start: 1473413109 929344568
t_num: 10 finish: 1473413112 634853437 start: 1473413107 804268361
t_num: 25 finish: 1473413112 680794516 start: 1473413108 419297670
t_num: 15 finish: 1473413113 711830494 start: 1473413109 641191541
t_num: 14 finish: 1473413114 476775750 start: 1473413110 122893383
t_num: 30 finish: 1473413114 709916059 start: 1473413110 30521988
t_num: 9 finish: 1473413115 20897749 start: 1473413111 299505312
t_num: 29 finish: 1473413115 50764855 start: 1473413111 637500416
t_num: 20 finish: 1473413116 5750712 start: 1473413111 299280992
t_num: 4 finish: 1473413116 298877561 start: 1473413111 806481609
t_num: 23 finish: 1473413116 340705836 start: 1473413114 63054659
t_num: 31 finish: 1473413116 429848741 start: 1473413111 300919452
t_num: 7 finish: 1473413116 430485493 start: 1473413114 477535461
t_num: 6 finish: 1473413116 443853019 start: 1473413111 299632997
t_num: 18 finish: 1473413117 991256436 start: 1473413113 747022593
t_num: 17 finish: 1473413117 991326571 start: 1473413113 305302356
t_num: 5 finish: 1473413118 538778667 start: 1473413114 556011240
t_num: 25 finish: 1473413118 821050111 start: 1473413114 372041275
t_num: 8 finish: 1473413118 832489422 start: 1473413111 903236388
t_num: 16 finish: 1473413119 522849823 start: 1473413113 746504846
t_num: 6 finish: 1473413119 655496695 start: 1473413116 443877507
t_num: 14 finish: 1473413119 674933447 start: 1473413115 437333319
t_num: 29 finish: 1473413119 901825279 start: 1473413115 50883199
t_num: 26 finish: 1473413119 943982687 start: 1473413113 399809895
t_num: 9 finish: 1473413120 339635253 start: 1473413115 20940656
t_num: 7 finish: 1473413120 578077121 start: 1473413116 430506408
t_num: 28 finish: 1473413120 578400175 start: 1473413112 353869320
t_num: 23 finish: 1473413120 729507498 start: 1473413118 820377829
t_num: 1 finish: 1473413120 729519345 start: 1473413117 991562901
t_num: 18 finish: 1473413120 729745020 start: 1473413117 991317564
t_num: 20 finish: 1473413121 235071683 start: 1473413116 5810364
t_num: 17 finish: 1473413121 371526069 start: 1473413118 861038457
t_num: 30 finish: 1473413121 724977627 start: 1473413118 733638712
t_num: 19 finish: 1473413121 782086525 start: 1473413118 822002744
t_num: 5 finish: 1473413122 15926848 start: 1473413118 538821501
t_num: 7 finish: 1473413122 274327676 start: 1473413120 578121238
t_num: 13 finish: 1473413122 274352909 start: 1473413117 806344207
t_num: 23 finish: 1473413123 934582052 start: 1473413120 729533528
t_num: 29 finish: 1473413123 934896064 start: 1473413119 901865977
t_num: 14 finish: 1473413124 225598857 start: 1473413120 729499261
t_num: 26 finish: 1473413125 584930253 start: 1473413119 944025773
t_num: 12 finish: 1473413125 585003983 start: 1473413120 729315549
t_num: 25 finish: 1473413126 418861078 start: 1473413119 912919540
t_num: 17 finish: 1473413126 805640561 start: 1473413121 371561059
t_num: 16 finish: 1473413127 327949817 start: 1473413120 729879511
t_num: 0 finish: 1473413127 384861113 start: 1473413122 19781441
t_num: 20 finish: 1473413127 385965473 start: 1473413121 235136624
t_num: 11 finish: 1473413127 574089835 start: 1473413122 119155522
t_num: 18 finish: 1473413127 887506707 start: 1473413120 729764511
t_num: 6 finish: 1473413128 894717953 start: 1473413123 833979565
t_num: 8 finish: 1473413129 183378540 start: 1473413124 510807088
t_num: 16 finish: 1473413129 921858379 start: 1473413127 327995094
t_num: 5 finish: 1473413129 921858367 start: 1473413122 15970070
t_num: 23 finish: 1473413129 922115879 start: 1473413123 934623514
t_num: 13 finish: 1473413130 617644274 start: 1473413122 274428525
t_num: 19 finish: 1473413130 617668779 start: 1473413123 834278114
t_num: 21 finish: 1473413130 710601286 start: 1473413125 584984232
t_num: 11 finish: 1473413131 245178466 start: 1473413127 574124543
t_num: 20 finish: 1473413131 247156283 start: 1473413127 385980800
t_num: 7 finish: 1473413131 250433923 start: 1473413125 227705469
t_num: 6 finish: 1473413131 271798330 start: 1473413128 894762362
t_num: 29 finish: 1473413131 426779086 start: 1473413125 585254007
t_num: 17 finish: 1473413131 428028660 start: 1473413126 805687477
t_num: 25 finish: 1473413131 499312005 start: 1473413127 887944627
t_num: 30 finish: 1473413131 565546132 start: 1473413125 585165426
t_num: 0 finish: 1473413132 263719348 start: 1473413127 384893180
t_num: 31 finish: 1473413132 437919768 start: 1473413129 232281324
t_num: 12 finish: 1473413133 655168625 start: 1473413128 621183821
t_num: 22 finish: 1473413133 863832498 start: 1473413128 621153692
t_num: 18 finish: 1473413133 926060130 start: 1473413127 887554127
t_num: 23 finish: 1473413134 138608555 start: 1473413129 922135456
t_num: 3 finish: 1473413135 54222379 start: 1473413131 251725269
t_num: 2 finish: 1473413135 131620860 start: 1473413130 733831391
t_num: 26 finish: 1473413135 624141304 start: 1473413131 254232763
t_num: 29 finish: 1473413135 624185432 start: 1473413131 426838330
t_num: 31 finish: 1473413135 917005221 start: 1473413132 812054440
t_num: 17 finish: 1473413135 947730370 start: 1473413132 454671336
t_num: 27 finish: 1473413135 982718866 start: 1473413128 894859812
t_num: 5 finish: 1473413136 982875306 start: 1473413132 437614886
t_num: 21 finish: 1473413137 13412774 start: 1473413130 710628802
t_num: 18 finish: 1473413137 70562425 start: 1473413134 485255991
t_num: 20 finish: 1473413137 369520748 start: 1473413131 247178762
t_num: 30 finish: 1473413138 326584194 start: 1473413131 565580354
t_num: 12 finish: 1473413138 508269027 start: 1473413133 655201512
t_num: 0 finish: 1473413138 718068049 start: 1473413134 486224153
t_num: 4 finish: 1473413138 718163131 start: 1473413135 3415083
t_num: 3 finish: 1473413139 254060200 start: 1473413135 54284030
t_num: 8 finish: 1473413139 254619078 start: 1473413132 718648330
t_num: 22 finish: 1473413139 324498941 start: 1473413133 863868193
t_num: 15 finish: 1473413139 351262158 start: 1473413137 13730981
t_num: 6 finish: 1473413139 372579166 start: 1473413134 480957483
t_num: 29 finish: 1473413139 598527759 start: 1473413135 624201626
t_num: 27 finish: 1473413139 602490947 start: 1473413137 13467307
t_num: 25 finish: 1473413139 949001532 start: 1473413134 484854213
t_num: 20 finish: 1473413140 160874131 start: 1473413138 189043483
t_num: 25 finish: 1473413142 589649438 start: 1473413139 949047364
t_num: 18 finish: 1473413142 691151237 start: 1473413137 70600897
t_num: 24 finish: 1473413142 969873472 start: 1473413140 589298801
t_num: 21 finish: 1473413143 3769461 start: 1473413137 13521643
t_num: 6 finish: 1473413143 3774466 start: 1473413141 32607661
t_num: 10 finish: 1473413143 49859393 start: 1473413139 190666145
t_num: 4 finish: 1473413143 253352653 start: 1473413138 718180271
t_num: 31 finish: 1473413143 526132295 start: 1473413136 889218015
t_num: 27 finish: 1473413143 527093159 start: 1473413139 602526800
t_num: 12 finish: 1473413143 527119570 start: 1473413140 943900958
t_num: 8 finish: 1473413143 975906288 start: 1473413139 254632818
t_num: 9 finish: 1473413144 707091821 start: 1473413139 603522086
t_num: 13 finish: 1473413144 860740259 start: 1473413140 156653231
t_num: 3 finish: 1473413145 138884910 start: 1473413139 254096767
t_num: 22 finish: 1473413145 258486215 start: 1473413139 324521540
t_num: 17 finish: 1473413145 258533515 start: 1473413142 163728966
t_num: 25 finish: 1473413145 401567020 start: 1473413143 526598384
t_num: 6 finish: 1473413145 490911743 start: 1473413143 3845264
t_num: 1 finish: 1473413146 434270508 start: 1473413143 643274098
t_num: 5 finish: 1473413146 668439613 start: 1473413140 165643263
t_num: 10 finish: 1473413146 668687165 start: 1473413143 49885075
t_num: 30 finish: 1473413147 209475929 start: 1473413140 502088952
t_num: 21 finish: 1473413147 589005969 start: 1473413144 622623888
t_num: 18 finish: 1473413147 748254896 start: 1473413144 482109206
t_num: 24 finish: 1473413148 810585290 start: 1473413142 969946160
t_num: 28 finish: 1473413148 810685012 start: 1473413141 291981957
t_num: 31 finish: 1473413149 216968418 start: 1473413143 526158202
t_num: 12 finish: 1473413149 577563495 start: 1473413145 258485234
t_num: 0 finish: 1473413149 662501957 start: 1473413145 401596288
t_num: 8 finish: 1473413150 542713940 start: 1473413145 259696616
t_num: 3 finish: 1473413150 542748342 start: 1473413145 138930612
t_num: 10 finish: 1473413150 542715323 start: 1473413146 668707108
t_num: 4 finish: 1473413150 692687669 start: 1473413144 622827336
t_num: 21 finish: 1473413150 872492156 start: 1473413147 589039820
t_num: 14 finish: 1473413151 304486865 start: 1473413145 490941772
t_num: 24 finish: 1473413151 883228637 start: 1473413148 810613315
t_num: 17 finish: 1473413152 632301983 start: 1473413146 668892322
t_num: 16 finish: 1473413152 632662395 start: 1473413148 208319729
t_num: 11 finish: 1473413152 633140223 start: 1473413148 537278341
t_num: 28 finish: 1473413152 819294713 start: 1473413148 810705129
t_num: 19 finish: 1473413152 920253774 start: 1473413149 544402134
t_num: 9 finish: 1473413153 294468542 start: 1473413148 810318364
t_num: 31 finish: 1473413154 660437666 start: 1473413150 692632705
t_num: 13 finish: 1473413154 714659852 start: 1473413148 537372666
t_num: 30 finish: 1473413155 418431068 start: 1473413147 209506506
t_num: 8 finish: 1473413155 518743895 start: 1473413150 542763240
t_num: 0 finish: 1473413156 357062508 start: 1473413151 911452871
t_num: 1 finish: 1473413156 364933473 start: 1473413149 546351273
t_num: 12 finish: 1473413156 597571029 start: 1473413150 543536680
t_num: 16 finish: 1473413157 168066302 start: 1473413152 632682545
t_num: 23 finish: 1473413157 811394805 start: 1473413154 89500074
t_num: 18 finish: 1473413157 860297273 start: 1473413148 810770742
t_num: 14 finish: 1473413157 987416774 start: 1473413151 304574639
t_num: 24 finish: 1473413158 129018424 start: 1473413152 632968628
t_num: 17 finish: 1473413158 487657593 start: 1473413152 632342120
t_num: 7 finish: 1473413158 812710649 start: 1473413153 632328075
t_num: 11 finish: 1473413158 848922858 start: 1473413152 633159462
t_num: 31 finish: 1473413159 557553476 start: 1473413155 518775809
t_num: 10 finish: 1473413159 602920757 start: 1473413152 436059401
t_num: 19 finish: 1473413159 602974669 start: 1473413152 920298685
t_num: 21 finish: 1473413159 657873326 start: 1473413153 690407939
t_num: 15 finish: 1473413160 277375318 start: 1473413154 974707456
t_num: 1 finish: 1473413161 208519562 start: 1473413156 364955938
t_num: 23 finish: 1473413162 13779920 start: 1473413157 811434134
t_num: 8 finish: 1473413162 27134230 start: 1473413158 86595528
t_num: 19 finish: 1473413162 80592421 start: 1473413159 603079091
t_num: 29 finish: 1473413162 81101734 start: 1473413156 846967330
t_num: 9 finish: 1473413162 140462733 start: 1473413156 479272594
t_num: 31 finish: 1473413162 175008243 start: 1473413159 557596820
t_num: 24 finish: 1473413162 176394050 start: 1473413158 129043937
t_num: 14 finish: 1473413162 701277402 start: 1473413157 987458863
t_num: 10 finish: 1473413162 701379367 start: 1473413159 602955477
t_num: 27 finish: 1473413162 701661505 start: 1473413160 301758231
t_num: 18 finish: 1473413163 954004331 start: 1473413159 602991283
t_num: 13 finish: 1473413163 960061511 start: 1473413158 639527305
t_num: 17 finish: 1473413164 70247351 start: 1473413158 487694001
t_num: 30 finish: 1473413164 142595414 start: 1473413160 152564933
t_num: 11 finish: 1473413164 770237220 start: 1473413158 848951668
t_num: 21 finish: 1473413164 903297793 start: 1473413159 657914542
t_num: 6 finish: 1473413165 498065315 start: 1473413161 109520944
t_num: 7 finish: 1473413165 504471262 start: 1473413159 657669354
t_num: 10 finish: 1473413165 506028147 start: 1473413162 701396340
t_num: 18 finish: 1473413166 49618663 start: 1473413164 115272035
t_num: 4 finish: 1473413166 107640529 start: 1473413163 988752994
t_num: 24 finish: 1473413166 622175286 start: 1473413163 673749834
t_num: 27 finish: 1473413166 834620494 start: 1473413164 72218827
t_num: 5 finish: 1473413167 583324084 start: 1473413164 34218935
t_num: 14 finish: 1473413167 717748291 start: 1473413162 701323623
t_num: 11 finish: 1473413167 718445170 start: 1473413164 770306295
t_num: 8 finish: 1473413167 718685783 start: 1473413162 27185875
t_num: 31 finish: 1473413167 718725831 start: 1473413162 175050835
t_num: 19 finish: 1473413167 825530737 start: 1473413162 80620040
t_num: 20 finish: 1473413167 825576117 start: 1473413162 490021657
t_num: 6 finish: 1473413169 219015761 start: 1473413165 498107423
t_num: 21 finish: 1473413169 283016050 start: 1473413164 903335920
t_num: 30 finish: 1473413169 283057914 start: 1473413164 142621847
t_num: 29 finish: 1473413169 430332897 start: 1473413163 961122840
t_num: 23 finish: 1473413170 376005628 start: 1473413164 770369169
t_num: 25 finish: 1473413170 376135941 start: 1473413166 105518556
t_num: 24 finish: 1473413170 376491999 start: 1473413166 622211787
t_num: 17 finish: 1473413170 376640153 start: 1473413166 190774778
t_num: 13 finish: 1473413170 376871649 start: 1473413167 719230894
t_num: 7 finish: 1473413170 661256411 start: 1473413165 504494900
t_num: 4 finish: 1473413171 974248726 start: 1473413167 97878466
t_num: 1 finish: 1473413172 374880741 start: 1473413166 835044149
t_num: 27 finish: 1473413172 447926749 start: 1473413166 834664442
t_num: 2 finish: 1473413173 265505407 start: 1473413167 717700484
t_num: 6 finish: 1473413173 412089434 start: 1473413169 219059099
t_num: 19 finish: 1473413173 412089434 start: 1473413167 825563533
t_num: 11 finish: 1473413173 938208035 start: 1473413167 718466287
t_num: 8 finish: 1473413174 304306191 start: 1473413168 992984881
t_num: 5 finish: 1473413175 576342469 start: 1473413171 187948743
t_num: 1 finish: 1473413175 918380509 start: 1473413172 374910160
t_num: 4 finish: 1473413175 918418883 start: 1473413171 974334532
t_num: 24 finish: 1473413175 918380509 start: 1473413170 376511768
t_num: 23 finish: 1473413175 973343926 start: 1473413170 376052116
t_num: 7 finish: 1473413176 505080855 start: 1473413170 661289863
t_num: 6 finish: 1473413176 710542359 start: 1473413173 412159811
t_num: 10 finish: 1473413176 710570729 start: 1473413172 921169163
t_num: 2 finish: 1473413176 897348244 start: 1473413173 265549297
t_num: 30 finish: 1473413177 586366040 start: 1473413170 442040706
t_num: 26 finish: 1473413177 586437553 start: 1473413173 651236895
t_num: 21 finish: 1473413178 149446264 start: 1473413170 441800118
t_num: 14 finish: 1473413178 287638917 start: 1473413172 920979164
t_num: 25 finish: 1473413178 605228466 start: 1473413172 333561541
t_num: 29 finish: 1473413178 677481303 start: 1473413174 386473197
t_num: 16 finish: 1473413178 677728502 start: 1473413175 509832504
t_num: 19 finish: 1473413179 384662840 start: 1473413173 412185981
t_num: 7 finish: 1473413179 903879147 start: 1473413176 505137476
t_num: 6 finish: 1473413179 978872798 start: 1473413177 340561020
t_num: 27 finish: 1473413180 371965106 start: 1473413172 447972075
t_num: 0 finish: 1473413180 801381491 start: 1473413175 576448600
t_num: 8 finish: 1473413180 805371403 start: 1473413175 576294848
t_num: 10 finish: 1473413180 890101680 start: 1473413176 710587767
t_num: 24 finish: 1473413180 900879680 start: 1473413175 918463467
t_num: 30 finish: 1473413182 359349357 start: 1473413177 586410125
t_num: 25 finish: 1473413182 359614414 start: 1473413179 978902420
t_num: 4 finish: 1473413182 468925768 start: 1473413177 744393688
t_num: 28 finish: 1473413182 545981764 start: 1473413180 800346821
t_num: 26 finish: 1473413182 546136519 start: 1473413177 586457699
t_num: 23 finish: 1473413182 932116889 start: 1473413177 340291021
t_num: 3 finish: 1473413183 168848816 start: 1473413177 769546939
t_num: 21 finish: 1473413183 223954230 start: 1473413178 149494727
t_num: 14 finish: 1473413183 397486300 start: 1473413181 320897881
t_num: 19 finish: 1473413183 398568394 start: 1473413179 384719591
t_num: 5 finish: 1473413183 698456855 start: 1473413178 266281289
t_num: 29 finish: 1473413184 41349531 start: 1473413178 677518958
t_num: 8 finish: 1473413184 42671918 start: 1473413180 805392815
t_num: 10 finish: 1473413184 188349947 start: 1473413180 890123083
t_num: 9 finish: 1473413184 862119814 start: 1473413179 286920608
t_num: 6 finish: 1473413185 32376968 start: 1473413180 811155116
t_num: 30 finish: 1473413185 218215491 start: 1473413182 359392469
t_num: 28 finish: 1473413185 314552884 start: 1473413183 398591191
t_num: 25 finish: 1473413185 843132823 start: 1473413182 359633465
t_num: 15 finish: 1473413185 843213580 start: 1473413180 879399903
t_num: 27 finish: 1473413185 843525657 start: 1473413180 372013996
t_num: 4 finish: 1473413187 603828082 start: 1473413183 58999881
t_num: 21 finish: 1473413187 684264843 start: 1473413183 223974863
t_num: 3 finish: 1473413187 755246318 start: 1473413183 168888736
t_num: 0 finish: 1473413187 755495938 start: 1473413181 967687140
t_num: 18 finish: 1473413189 71344055 start: 1473413185 121875155
t_num: 28 finish: 1473413189 126524556 start: 1473413185 314591996
t_num: 5 finish: 1473413189 129101674 start: 1473413183 698501400
t_num: 15 finish: 1473413189 129845784 start: 1473413185 843231286
t_num: 31 finish: 1473413189 636731348 start: 1473413181 527137502
t_num: 29 finish: 1473413189 983336356 start: 1473413185 32413292
t_num: 26 finish: 1473413190 179748437 start: 1473413185 137564502
t_num: 30 finish: 1473413190 179831684 start: 1473413185 218256952
t_num: 10 finish: 1473413190 244801792 start: 1473413185 454202429
t_num: 8 finish: 1473413190 734606527 start: 1473413186 901625913
t_num: 27 finish: 1473413190 829561019 start: 1473413185 961901593
t_num: 4 finish: 1473413190 852278033 start: 1473413187 603865855
t_num: 3 finish: 1473413190 856540434 start: 1473413187 755287494
t_num: 0 finish: 1473413191 49994260 start: 1473413187 755514330
t_num: 18 finish: 1473413191 997794407 start: 1473413189 71384270
t_num: 19 finish: 1473413192 129175081 start: 1473413187 189570205
t_num: 9 finish: 1473413192 705488377 start: 1473413184 862164147
t_num: 17 finish: 1473413192 754175043 start: 1473413187 779660587
t_num: 31 finish: 1473413192 779871963 start: 1473413189 636780930
t_num: 23 finish: 1473413192 830203556 start: 1473413189 72556895
t_num: 20 finish: 1473413193 802265748 start: 1473413190 127124550
t_num: 29 finish: 1473413194 38209239 start: 1473413189 983380451
t_num: 24 finish: 1473413194 194824514 start: 1473413188 136267737
t_num: 22 finish: 1473413194 534842987 start: 1473413189 137284126
t_num: 0 finish: 1473413194 708179067 start: 1473413191 50037180
t_num: 25 finish: 1473413195 11424820 start: 1473413190 523115088
t_num: 21 finish: 1473413195 575454386 start: 1473413193 43381709
t_num: 28 finish: 1473413195 971423068 start: 1473413193 481745376
t_num: 10 finish: 1473413196 3069069 start: 1473413190 244837717
t_num: 4 finish: 1473413196 3200445 start: 1473413192 753979647
t_num: 12 finish: 1473413196 460359743 start: 1473413191 252078832
t_num: 30 finish: 1473413196 858699485 start: 1473413193 166190219
t_num: 20 finish: 1473413196 879878422 start: 1473413195 281024983
t_num: 8 finish: 1473413196 906002779 start: 1473413192 754190755
t_num: 18 finish: 1473413196 986678401 start: 1473413191 997839698
t_num: 15 finish: 1473413197 759212581 start: 1473413191 359325071
t_num: 23 finish: 1473413197 759300500 start: 1473413192 830226811
t_num: 29 finish: 1473413197 759534967 start: 1473413194 38251348
t_num: 9 finish: 1473413197 759640601 start: 1473413193 802036904
t_num: 11 finish: 1473413198 389418692 start: 1473413192 753942178
t_num: 3 finish: 1473413199 565922718 start: 1473413196 575902112
t_num: 12 finish: 1473413200 98847330 start: 1473413196 460408102
t_num: 30 finish: 1473413200 199538653 start: 1473413196 858738165
t_num: 23 finish: 1473413200 199847667 start: 1473413197 759319507
t_num: 15 finish: 1473413200 272215375 start: 1473413197 759240364
t_num: 10 finish: 1473413200 735348548 start: 1473413197 664291720
t_num: 21 finish: 1473413201 393096735 start: 1473413196 630650471
t_num: 19 finish: 1473413201 790245993 start: 1473413198 389447306
t_num: 16 finish: 1473413201 938695402 start: 1473413194 194951574
t_num: 18 finish: 1473413201 938775297 start: 1473413196 986716700
t_num: 20 finish: 1473413202 65890980 start: 1473413197 759093785
t_num: 8 finish: 1473413202 65902032 start: 1473413196 906037607
t_num: 28 finish: 1473413202 65992272 start: 1473413195 971492427
t_num: 2 finish: 1473413202 66237755 start: 1473413195 736391743
t_num: 7 finish: 1473413202 66369286 start: 1473413195 736511074
t_num: 11 finish: 1473413202 66481957 start: 1473413199 209102550
t_num: 15 finish: 1473413202 623611172 start: 1473413200 272253539
t_num: 22 finish: 1473413202 656695371 start: 1473413198 955574880
t_num: 30 finish: 1473413202 842605175 start: 1473413200 199589176
t_num: 9 finish: 1473413203 846450504 start: 1473413197 759659536
t_num: 12 finish: 1473413204 106427924 start: 1473413201 530576381
t_num: 4 finish: 1473413204 679214979 start: 1473413200 199314356
t_num: 10 finish: 1473413204 679278688 start: 1473413201 540417109
t_num: 1 finish: 1473413205 568236645 start: 1473413199 209081858
t_num: 19 finish: 1473413205 717483593 start: 1473413201 790306537
t_num: 23 finish: 1473413206 7480955 start: 1473413200 199866735
t_num: 10 finish: 1473413206 517617569 start: 1473413204 679297764
t_num: 9 finish: 1473413206 877265147 start: 1473413203 846487027
t_num: 15 finish: 1473413206 877321163 start: 1473413202 623655712
t_num: 4 finish: 1473413206 881944208 start: 1473413204 679252215
t_num: 30 finish: 1473413206 952501273 start: 1473413202 842655689
t_num: 7 finish: 1473413207 362610995 start: 1473413202 66389113
t_num: 2 finish: 1473413207 530682155 start: 1473413202 66257875
t_num: 21 finish: 1473413207 724462932 start: 1473413205 132663152
t_num: 6 finish: 1473413208 261379580 start: 1473413204 555971421
t_num: 16 finish: 1473413208 874282192 start: 1473413204 106243185
t_num: 20 finish: 1473413208 881389862 start: 1473413202 65953224
t_num: 13 finish: 1473413208 882144040 start: 1473413204 106746832
t_num: 12 finish: 1473413208 882876401 start: 1473413204 106449088
t_num: 19 finish: 1473413209 663975130 start: 1473413206 510585505
t_num: 18 finish: 1473413210 78646131 start: 1473413206 1431108
t_num: 15 finish: 1473413210 158270393 start: 1473413206 877340299
t_num: 1 finish: 1473413210 776996565 start: 1473413205 568278418
t_num: 29 finish: 1473413210 819466708 start: 1473413207 443193614
t_num: 30 finish: 1473413210 819511344 start: 1473413208 882989298
t_num: 9 finish: 1473413211 390818379 start: 1473413207 922681378
t_num: 28 finish: 1473413211 480422586 start: 1473413207 621097071
t_num: 10 finish: 1473413211 484382025 start: 1473413206 517648833
t_num: 12 finish: 1473413212 920366947 start: 1473413208 882895897
t_num: 11 finish: 1473413213 327751845 start: 1473413205 568632299
t_num: 19 finish: 1473413213 563164328 start: 1473413209 663998482
t_num: 16 finish: 1473413213 664069479 start: 1473413208 874325332
t_num: 23 finish: 1473413213 748160573 start: 1473413208 882147549
t_num: 26 finish: 1473413213 750662388 start: 1473413210 383988964
t_num: 9 finish: 1473413214 16334740 start: 1473413211 390854670
t_num: 21 finish: 1473413214 762334749 start: 1473413211 53447143
t_num: 15 finish: 1473413214 965384943 start: 1473413210 158337851
t_num: 2 finish: 1473413215 118263151 start: 1473413209 769786973
t_num: 13 finish: 1473413215 405628215 start: 1473413210 469213417
t_num: 30 finish: 1473413216 685940352 start: 1473413211 296189404
t_num: 20 finish: 1473413216 983315337 start: 1473413212 841831124
t_num: 31 finish: 1473413217 865146393 start: 1473413212 441783306
t_num: 17 finish: 1473413217 865386206 start: 1473413212 439226407
t_num: 23 finish: 1473413217 929273199 start: 1473413213 748216414
t_num: 21 finish: 1473413218 66752659 start: 1473413216 461477746
t_num: 1 finish: 1473413218 66763222 start: 1473413211 925843709
t_num: 10 finish: 1473413218 555455921 start: 1473413211 484404345
t_num: 0 finish: 1473413218 957292183 start: 1473413215 878579658
t_num: 19 finish: 1473413218 957319031 start: 1473413215 396777043
t_num: 13 finish: 1473413219 480745512 start: 1473413215 405658444
t_num: 26 finish: 1473413219 480758434 start: 1473413216 266287783
t_num: 9 finish: 1473413219 826352498 start: 1473413214 16378245
t_num: 25 finish: 1473413219 888404860 start: 1473413215 405841576
t_num: 14 finish: 1473413219 993478816 start: 1473413214 700620951
t_num: 8 finish: 1473413220 303672504 start: 1473413214 809654284
t_num: 2 finish: 1473413220 821423185 start: 1473413215 118323077
t_num: 31 finish: 1473413221 280446282 start: 1473413217 865190075
t_num: 22 finish: 1473413221 348094790 start: 1473413218 740615603
t_num: 23 finish: 1473413221 348232465 start: 1473413218 890219162
t_num: 0 finish: 1473413221 610059865 start: 1473413218 957325049
t_num: 28 finish: 1473413221 801364066 start: 1473413213 748327600
t_num: 24 finish: 1473413222 270666681 start: 1473413216 750413976
t_num: 7 finish: 1473413222 401158493 start: 1473413218 680458213
t_num: 17 finish: 1473413222 631480456 start: 1473413217 865405849
t_num: 8 finish: 1473413222 927215917 start: 1473413220 303698312
t_num: 16 finish: 1473413222 927352418 start: 1473413219 19227217
t_num: 1 finish: 1473413222 927521497 start: 1473413219 993469794
t_num: 14 finish: 1473413223 350087873 start: 1473413219 993503870
t_num: 30 finish: 1473413223 351055892 start: 1473413218 66795289
t_num: 5 finish: 1473413223 758515094 start: 1473413218 357120209
t_num: 10 finish: 1473413224 323624057 start: 1473413220 285191182
t_num: 26 finish: 1473413224 439062531 start: 1473413221 280476952
t_num: 9 finish: 1473413225 65828726 start: 1473413221 664943395
t_num: 0 finish: 1473413225 363950151 start: 1473413221 610115301
t_num: 21 finish: 1473413225 665477534 start: 1473413219 993457827
t_num: 16 finish: 1473413225 665559657 start: 1473413222 927369928
t_num: 25 finish: 1473413226 11604888 start: 1473413223 279792079
t_num: 2 finish: 1473413226 147828421 start: 1473413222 376248653
t_num: 30 finish: 1473413226 147833163 start: 1473413223 351077866
t_num: 19 finish: 1473413226 369101226 start: 1473413222 101628727
t_num: 14 finish: 1473413227 333953292 start: 1473413223 350131871
t_num: 13 finish: 1473413227 512486572 start: 1473413223 96963501
t_num: 31 finish: 1473413227 968569714 start: 1473413221 280570960
t_num: 21 finish: 1473413228 7441416 start: 1473413225 665503709
t_num: 2 finish: 1473413228 7653933 start: 1473413226 147870800
t_num: 10 finish: 1473413228 263607800 start: 1473413224 323666501
t_num: 1 finish: 1473413228 711011660 start: 1473413222 927583387
t_num: 8 finish: 1473413228 711470905 start: 1473413225 665238476
t_num: 6 finish: 1473413228 711702699 start: 1473413226 172742744
t_num: 25 finish: 1473413229 283650771 start: 1473413226 11650433
t_num: 4 finish: 1473413229 385963072 start: 1473413223 101618167
t_num: 26 finish: 1473413229 916033012 start: 1473413226 667454470
t_num: 30 finish: 1473413229 945743219 start: 1473413227 122814986
t_num: 0 finish: 1473413229 945801497 start: 1473413228 8539480
t_num: 14 finish: 1473413230 90780305 start: 1473413227 333987977
t_num: 13 finish: 1473413230 91087974 start: 1473413227 512526648
t_num: 21 finish: 1473413230 426840813 start: 1473413228 7485227
t_num: 22 finish: 1473413231 304122634 start: 1473413227 763226322
t_num: 2 finish: 1473413231 615781895 start: 1473413228 7672323
t_num: 29 finish: 1473413231 857193018 start: 1473413229 450991089
t_num: 28 finish: 1473413232 538482613 start: 1473413224 812198977
t_num: 4 finish: 1473413233 68560769 start: 1473413229 386004056
t_num: 17 finish: 1473413233 360466711 start: 1473413228 322164472
t_num: 30 finish: 1473413233 662984230 start: 1473413230 898148632
t_num: 18 finish: 1473413233 662989981 start: 1473413228 119692581
t_num: 22 finish: 1473413233 773519482 start: 1473413231 304155879
t_num: 8 finish: 1473413233 850935278 start: 1473413228 711491702
t_num: 10 finish: 1473413234 415656185 start: 1473413230 898523936
t_num: 31 finish: 1473413234 914210049 start: 1473413231 525773902
t_num: 23 finish: 1473413234 914743778 start: 1473413230 898560935
t_num: 11 finish: 1473413235 84936343 start: 1473413228 323914571
t_num: 2 finish: 1473413235 252770441 start: 1473413231 615824914
t_num: 19 finish: 1473413235 662871427 start: 1473413232 327686818
t_num: 6 finish: 1473413236 119263492 start: 1473413228 711722495
t_num: 28 finish: 1473413236 167455348 start: 1473413232 538520564
t_num: 23 finish: 1473413236 393561032 start: 1473413234 914759471
t_num: 18 finish: 1473413236 881630545 start: 1473413234 758561483
t_num: 8 finish: 1473413236 907567989 start: 1473413233 850962902
t_num: 14 finish: 1473413236 923336624 start: 1473413233 663055996
t_num: 8 finish: 1473413237 276963772 start: 1473413236 922427204
t_num: 2 finish: 1473413237 757104289 start: 1473413235 252791638
t_num: 0 finish: 1473413237 886041465 start: 1473413232 400553540
t_num: 27 finish: 1473413237 886076454 start: 1473413235 594686258
t_num: 26 finish: 1473413237 886045309 start: 1473413232 401708588
t_num: 29 finish: 1473413239 910962671 start: 1473413233 361625652
t_num: 30 finish: 1473413239 910962679 start: 1473413233 663030976
t_num: 18 finish: 1473413240 273830261 start: 1473413237 270769091
t_num: 15 finish: 1473413240 331387432 start: 1473413236 522483928
t_num: 16 finish: 1473413241 439840959 start: 1473413235 252072748
t_num: 26 finish: 1473413241 818237978 start: 1473413237 886119921
t_num: 22 finish: 1473413241 863045958 start: 1473413233 773555625
t_num: 28 finish: 1473413242 34979688 start: 1473413236 167509718
t_num: 25 finish: 1473413242 695147844 start: 1473413236 235900699
t_num: 10 finish: 1473413242 695233393 start: 1473413236 235570707
t_num: 8 finish: 1473413242 695346773 start: 1473413237 276986620
t_num: 29 finish: 1473413242 695916147 start: 1473413239 911029382
t_num: 6 finish: 1473413243 134948747 start: 1473413237 377930412
t_num: 23 finish: 1473413243 307670219 start: 1473413236 393617172
t_num: 27 finish: 1473413243 404693373 start: 1473413237 886094145
t_num: 7 finish: 1473413243 425687146 start: 1473413238 492517929
t_num: 2 finish: 1473413243 829383445 start: 1473413237 757137965
t_num: 4 finish: 1473413243 843883957 start: 1473413239 249787435
t_num: 3 finish: 1473413243 859975268 start: 1473413240 732017906
t_num: 26 finish: 1473413244 815545641 start: 1473413241 818269311
t_num: 12 finish: 1473413244 815784415 start: 1473413241 14789081
t_num: 15 finish: 1473413245 373238348 start: 1473413243 67638631
t_num: 18 finish: 1473413245 901811365 start: 1473413241 587935680
t_num: 0 finish: 1473413246 938066455 start: 1473413239 827756985
t_num: 16 finish: 1473413247 50861526 start: 1473413241 439885634
t_num: 6 finish: 1473413247 51097258 start: 1473413243 134984369
t_num: 27 finish: 1473413247 918431619 start: 1473413244 303249951
t_num: 8 finish: 1473413248 74037084 start: 1473413242 695365969
t_num: 10 finish: 1473413248 273120049 start: 1473413244 771902624
t_num: 2 finish: 1473413248 323611940 start: 1473413243 829448640
t_num: 26 finish: 1473413249 287398427 start: 1473413244 815591347
t_num: 7 finish: 1473413249 287938813 start: 1473413243 425706860
t_num: 29 finish: 1473413249 288604906 start: 1473413243 859984220
t_num: 11 finish: 1473413249 385788068 start: 1473413243 321115954
t_num: 4 finish: 1473413249 385788053 start: 1473413244 771962539
t_num: 1 finish: 1473413249 385855413 start: 1473413245 373265811
t_num: 23 finish: 1473413249 386335837 start: 1473413244 491419035
t_num: 10 finish: 1473413250 84851248 start: 1473413248 273164302
t_num: 6 finish: 1473413250 841504034 start: 1473413247 51116779
t_num: 18 finish: 1473413251 408402532 start: 1473413245 901861508
t_num: 0 finish: 1473413251 937081995 start: 1473413247 608677386
t_num: 3 finish: 1473413252 177552418 start: 1473413247 50091090
t_num: 23 finish: 1473413252 177604312 start: 1473413249 386355104
t_num: 28 finish: 1473413252 177672375 start: 1473413247 326774023
t_num: 2 finish: 1473413252 177739519 start: 1473413249 288369821
t_num: 24 finish: 1473413252 229595034 start: 1473413248 60337211
t_num: 12 finish: 1473413252 463005333 start: 1473413247 701239097
t_num: 26 finish: 1473413252 795961082 start: 1473413249 287442987
t_num: 15 finish: 1473413252 931581768 start: 1473413249 799712935
t_num: 25 finish: 1473413253 239525036 start: 1473413250 265216223
t_num: 18 finish: 1473413253 239591224 start: 1473413251 408449978
t_num: 4 finish: 1473413253 793479978 start: 1473413249 385836769
t_num: 7 finish: 1473413253 996301676 start: 1473413251 408742652
t_num: 11 finish: 1473413253 996423377 start: 1473413251 410103985
t_num: 6 finish: 1473413255 166908756 start: 1473413250 841531765
t_num: 28 finish: 1473413255 524016621 start: 1473413252 177690177
t_num: 8 finish: 1473413255 591525470 start: 1473413251 409921228
t_num: 26 finish: 1473413255 904462436 start: 1473413252 796020705
t_num: 31 finish: 1473413256 11853629 start: 1473413249 669087724
t_num: 21 finish: 1473413256 212023941 start: 1473413251 797308932
t_num: 4 finish: 1473413256 897013942 start: 1473413253 793509099
t_num: 10 finish: 1473413256 897021108 start: 1473413251 409007495
t_num: 9 finish: 1473413257 93980967 start: 1473413250 265197855
t_num: 20 finish: 1473413257 346974682 start: 1473413250 841452845
t_num: 7 finish: 1473413257 682211229 start: 1473413253 996345818
t_num: 1 finish: 1473413257 872513626 start: 1473413253 996504189
t_num: 6 finish: 1473413258 344409061 start: 1473413255 166939743
t_num: 23 finish: 1473413258 344409072 start: 1473413255 234454992
t_num: 28 finish: 1473413258 706437405 start: 1473413255 524043335
t_num: 26 finish: 1473413258 799922989 start: 1473413255 904513415
t_num: 2 finish: 1473413258 800789422 start: 1473413254 508625150
t_num: 11 finish: 1473413259 92334458 start: 1473413256 896476562
t_num: 31 finish: 1473413259 211671319 start: 1473413256 11890527
t_num: 9 finish: 1473413260 243753346 start: 1473413257 94009158
t_num: 3 finish: 1473413260 828670111 start: 1473413256 144677803
t_num: 17 finish: 1473413260 829282939 start: 1473413256 211086644
t_num: 10 finish: 1473413261 529252170 start: 1473413256 897051391
t_num: 30 finish: 1473413261 529421991 start: 1473413256 706885708
t_num: 25 finish: 1473413261 529941823 start: 1473413256 959095930
t_num: 1 finish: 1473413261 797567449 start: 1473413257 872539410
t_num: 11 finish: 1473413261 817841946 start: 1473413259 92389267
t_num: 24 finish: 1473413261 817924901 start: 1473413254 508652721
t_num: 22 finish: 1473413262 256781546 start: 1473413258 563610851
t_num: 15 finish: 1473413262 464924161 start: 1473413259 211705826
t_num: 7 finish: 1473413262 590759396 start: 1473413257 682235267
t_num: 4 finish: 1473413263 105486176 start: 1473413256 897043160
t_num: 14 finish: 1473413263 396385722 start: 1473413260 48768913
t_num: 31 finish: 1473413263 400743069 start: 1473413259 211758641
t_num: 9 finish: 1473413264 35903694 start: 1473413260 243787129
t_num: 2 finish: 1473413264 35916622 start: 1473413258 800807217
t_num: 25 finish: 1473413264 251112224 start: 1473413261 529961955
t_num: 6 finish: 1473413264 305392909 start: 1473413259 620982614
t_num: 23 finish: 1473413264 421981296 start: 1473413260 977294080
t_num: 26 finish: 1473413265 679472235 start: 1473413260 868982144
t_num: 14 finish: 1473413266 332721999 start: 1473413263 396428998
t_num: 16 finish: 1473413266 575899484 start: 1473413262 115666661
t_num: 11 finish: 1473413266 718111387 start: 1473413261 817884423
t_num: 17 finish: 1473413266 718254541 start: 1473413263 106195897
t_num: 30 finish: 1473413266 824310234 start: 1473413261 529447572
t_num: 2 finish: 1473413266 824310227 start: 1473413264 988562627
t_num: 9 finish: 1473413266 824375870 start: 1473413264 35932631
t_num: 23 finish: 1473413267 736941316 start: 1473413264 988744328
t_num: 29 finish: 1473413267 784688935 start: 1473413261 820084238
t_num: 4 finish: 1473413268 251815626 start: 1473413264 18545125
t_num: 24 finish: 1473413268 556061422 start: 1473413263 697006111
t_num: 27 finish: 1473413269 677011747 start: 1473413265 300189408
t_num: 1 finish: 1473413269 677349425 start: 1473413264 35956184
t_num: 10 finish: 1473413269 677412245 start: 1473413263 399671858
t_num: 18 finish: 1473413269 677640453 start: 1473413263 439099881
t_num: 3 finish: 1473413269 811172338 start: 1473413263 106190292
t_num: 7 finish: 1473413270 106551049 start: 1473413266 576011938
t_num: 25 finish: 1473413270 106593630 start: 1473413264 251163528
t_num: 19 finish: 1473413270 952566523 start: 1473413269 677301679
t_num: 15 finish: 1473413270 957702517 start: 1473413267 736153521
t_num: 2 finish: 1473413271 120620359 start: 1473413266 824358230
t_num: 29 finish: 1473413271 737183700 start: 1473413268 317763153
t_num: 0 finish: 1473413272 325082111 start: 1473413268 851713583
t_num: 14 finish: 1473413272 874284979 start: 1473413266 332786017
t_num: 9 finish: 1473413273 68539189 start: 1473413268 252003939
t_num: 6 finish: 1473413273 68712664 start: 1473413267 736196612
t_num: 31 finish: 1473413273 69527446 start: 1473413268 687507554
t_num: 16 finish: 1473413273 523769948 start: 1473413269 811190474
t_num: 23 finish: 1473413273 987936596 start: 1473413269 418337172
t_num: 27 finish: 1473413273 993177520 start: 1473413269 677073096
t_num: 11 finish: 1473413274 435739614 start: 1473413270 182804064
t_num: 3 finish: 1473413274 626230616 start: 1473413269 811244882
t_num: 18 finish: 1473413274 892674519 start: 1473413269 677659855
t_num: 8 finish: 1473413275 509143062 start: 1473413270 182823660
t_num: 9 finish: 1473413275 707206043 start: 1473413273 68640802
t_num: 28 finish: 1473413275 707988268 start: 1473413273 68936830
t_num: 1 finish: 1473413275 708659734 start: 1473413270 106650790
t_num: 24 finish: 1473413277 404207645 start: 1473413269 677461581
t_num: 10 finish: 1473413277 406233766 start: 1473413272 286225874
t_num: 2 finish: 1473413277 469008566 start: 1473413273 68617519
t_num: 29 finish: 1473413278 424108081 start: 1473413271 737232176
t_num: 23 finish: 1473413278 553632384 start: 1473413273 987998987
t_num: 30 finish: 1473413278 644829344 start: 1473413273 402816108
t_num: 25 finish: 1473413278 698660625 start: 1473413271 872265097
t_num: 6 finish: 1473413278 698671226 start: 1473413274 810611994
t_num: 21 finish: 1473413279 367783888 start: 1473413273 69079227
t_num: 12 finish: 1473413279 450616753 start: 1473413272 756324298
t_num: 16 finish: 1473413279 451393452 start: 1473413275 299540143
t_num: 28 finish: 1473413279 748768710 start: 1473413275 708008232
t_num: 3 finish: 1473413280 76947598 start: 1473413274 626265737
t_num: 18 finish: 1473413280 301113808 start: 1473413274 892703811
t_num: 31 finish: 1473413280 866485437 start: 1473413277 410434270
t_num: 8 finish: 1473413281 35895992 start: 1473413275 509186366
t_num: 2 finish: 1473413281 133492856 start: 1473413277 469051885
t_num: 22 finish: 1473413281 968864531 start: 1473413278 227293856
t_num: 11 finish: 1473413282 31111515 start: 1473413277 486509319
t_num: 20 finish: 1473413282 88778658 start: 1473413276 914974987
t_num: 6 finish: 1473413282 625522365 start: 1473413278 698703748
t_num: 24 finish: 1473413283 574790911 start: 1473413277 704895655
t_num: 12 finish: 1473413283 765116004 start: 1473413279 450653007
t_num: 21 finish: 1473413283 882217902 start: 1473413279 367843423
t_num: 1 finish: 1473413284 348607784 start: 1473413276 146358183
t_num: 2 finish: 1473413284 348874346 start: 1473413281 133518575
t_num: 15 finish: 1473413284 349106153 start: 1473413279 65888853
t_num: 4 finish: 1473413284 495947437 start: 1473413282 941280714
t_num: 10 finish: 1473413284 539477424 start: 1473413281 132895677
t_num: 8 finish: 1473413284 768697465 start: 1473413281 35987006
t_num: 6 finish: 1473413285 699301385 start: 1473413282 625563288
t_num: 31 finish: 1473413286 152788945 start: 1473413280 866526187
t_num: 26 finish: 1473413286 373284668 start: 1473413281 552971586
t_num: 11 finish: 1473413286 723402055 start: 1473413284 6777571
t_num: 17 finish: 1473413286 985593106 start: 1473413284 413143249
t_num: 24 finish: 1473413287 160879220 start: 1473413284 728453928
t_num: 1 finish: 1473413287 160892616 start: 1473413284 348650765
t_num: 30 finish: 1473413287 298223349 start: 1473413281 133441475
t_num: 28 finish: 1473413287 298232017 start: 1473413282 779844328
t_num: 23 finish: 1473413287 298321276 start: 1473413281 132930314
t_num: 18 finish: 1473413287 536583705 start: 1473413285 414964549
t_num: 21 finish: 1473413287 536911829 start: 1473413283 882259199
t_num: 29 finish: 1473413288 285134357 start: 1473413284 6796222
t_num: 0 finish: 1473413289 248694379 start: 1473413286 332944717
t_num: 24 finish: 1473413289 248880130 start: 1473413287 160941161
t_num: 25 finish: 1473413289 248973949 start: 1473413284 413223405
t_num: 15 finish: 1473413289 249653726 start: 1473413284 349127754
t_num: 4 finish: 1473413289 399619710 start: 1473413285 549385950
t_num: 22 finish: 1473413289 990481922 start: 1473413285 312804197
t_num: 2 finish: 1473413290 99368672 start: 1473413284 348894280
t_num: 17 finish: 1473413290 195438096 start: 1473413286 985648198
t_num: 7 finish: 1473413290 195454092 start: 1473413287 161192271
t_num: 12 finish: 1473413290 247998778 start: 1473413283 765165002
t_num: 1 finish: 1473413290 793208138 start: 1473413287 161020236
t_num: 3 finish: 1473413291 542545064 start: 1473413288 818043488
t_num: 18 finish: 1473413291 883238602 start: 1473413287 536628970
t_num: 11 finish: 1473413291 883292929 start: 1473413288 940184871
t_num: 6 finish: 1473413292 734822927 start: 1473413289 248723350
t_num: 23 finish: 1473413293 93610004 start: 1473413289 399386621
t_num: 29 finish: 1473413293 246302672 start: 1473413290 361052576
t_num: 19 finish: 1473413293 541120445 start: 1473413288 814315883
t_num: 15 finish: 1473413293 570755038 start: 1473413289 249670284
t_num: 28 finish: 1473413293 765301321 start: 1473413290 98890505
t_num: 26 finish: 1473413294 585627801 start: 1473413286 373309921
t_num: 22 finish: 1473413294 585841975 start: 1473413289 990529502
t_num: 17 finish: 1473413294 868334953 start: 1473413291 156935326
t_num: 30 finish: 1473413294 906246108 start: 1473413289 249635325
t_num: 8 finish: 1473413295 116078214 start: 1473413291 542999727
t_num: 3 finish: 1473413295 188534955 start: 1473413291 542703389
t_num: 24 finish: 1473413295 924119902 start: 1473413290 820765841
t_num: 12 finish: 1473413295 924717894 start: 1473413290 248035559
t_num: 14 finish: 1473413295 924858230 start: 1473413291 543034490
t_num: 18 finish: 1473413297 142855010 start: 1473413291 883335733
t_num: 0 finish: 1473413297 143294996 start: 1473413292 654113628
t_num: 11 finish: 1473413297 143494545 start: 1473413291 883310159
t_num: 26 finish: 1473413297 274493899 start: 1473413294 585675616
t_num: 21 finish: 1473413297 571877024 start: 1473413291 883271556
t_num: 7 finish: 1473413297 881183757 start: 1473413293 246332674
t_num: 27 finish: 1473413298 604176377 start: 1473413296 323502322
t_num: 29 finish: 1473413299 346951194 start: 1473413293 246420264
t_num: 3 finish: 1473413299 347336568 start: 1473413295 188567039
t_num: 2 finish: 1473413299 347648171 start: 1473413291 883388539
t_num: 12 finish: 1473413299 347718297 start: 1473413295 924737553
t_num: 20 finish: 1473413299 528982771 start: 1473413297 143064019
t_num: 26 finish: 1473413299 919877363 start: 1473413297 274522686
t_num: 28 finish: 1473413300 77866777 start: 1473413293 765343586
t_num: 25 finish: 1473413301 18053664 start: 1473413298 604022128
t_num: 14 finish: 1473413301 76682560 start: 1473413296 818762257
t_num: 0 finish: 1473413301 367341497 start: 1473413297 143314924
t_num: 4 finish: 1473413301 471584602 start: 1473413297 274318540
t_num: 2 finish: 1473413301 595342812 start: 1473413299 347668611
t_num: 19 finish: 1473413301 678386171 start: 1473413297 142085377
t_num: 11 finish: 1473413302 318221210 start: 1473413298 603930892
t_num: 26 finish: 1473413303 100169247 start: 1473413299 919905351
t_num: 24 finish: 1473413303 100204249 start: 1473413299 919642340
t_num: 1 finish: 1473413303 357327565 start: 1473413300 640429248
t_num: 18 finish: 1473413303 357400158 start: 1473413301 406650164
t_num: 8 finish: 1473413303 357512242 start: 1473413299 347115735
t_num: 4 finish: 1473413303 757867898 start: 1473413301 471628568
t_num: 21 finish: 1473413303 872026789 start: 1473413299 279050405
t_num: 12 finish: 1473413303 972289001 start: 1473413299 919942097
t_num: 2 finish: 1473413305 22842158 start: 1473413301 595386722
t_num: 14 finish: 1473413305 22863245 start: 1473413301 76724914
t_num: 25 finish: 1473413305 177601966 start: 1473413301 18080967
t_num: 3 finish: 1473413305 851623779 start: 1473413299 768403425
t_num: 27 finish: 1473413305 851671282 start: 1473413299 346968068
t_num: 19 finish: 1473413305 851792016 start: 1473413301 678414375
t_num: 18 finish: 1473413305 915460055 start: 1473413303 357415152
t_num: 28 finish: 1473413306 698819271 start: 1473413300 77914421
t_num: 0 finish: 1473413306 700310633 start: 1473413302 434051751
t_num: 29 finish: 1473413306 766604326 start: 1473413303 13160256
t_num: 31 finish: 1473413306 822814576 start: 1473413300 946956015
t_num: 2 finish: 1473413306 905509375 start: 1473413305 22873872
t_num: 24 finish: 1473413306 992209036 start: 1473413303 284275057
t_num: 10 finish: 1473413307 20445009 start: 1473413303 185792746
t_num: 25 finish: 1473413307 56248956 start: 1473413305 177644853
t_num: 14 finish: 1473413308 263028823 start: 1473413305 22878583
t_num: 6 finish: 1473413308 459089453 start: 1473413304 56932979
t_num: 21 finish: 1473413308 459138871 start: 1473413303 872066200
t_num: 17 finish: 1473413308 517571840 start: 1473413306 178083033
t_num: 0 finish: 1473413308 587886649 start: 1473413306 700326960
t_num: 3 finish: 1473413309 231253182 start: 1473413305 851708714
t_num: 4 finish: 1473413310 19673049 start: 1473413303 757895159
t_num: 1 finish: 1473413310 92050841 start: 1473413306 72286620
t_num: 19 finish: 1473413311 735804481 start: 1473413305 851826237
t_num: 30 finish: 1473413311 735900614 start: 1473413308 385773984
t_num: 15 finish: 1473413312 10130740 start: 1473413308 261524198
t_num: 18 finish: 1473413312 195334466 start: 1473413310 44276936
t_num: 14 finish: 1473413312 195345974 start: 1473413310 7970646
t_num: 31 finish: 1473413312 195334488 start: 1473413308 853714407
t_num: 27 finish: 1473413312 207559994 start: 1473413307 138407070
t_num: 28 finish: 1473413312 207562070 start: 1473413307 456094567
t_num: 16 finish: 1473413312 497101639 start: 1473413306 588525337
t_num: 24 finish: 1473413312 509892949 start: 1473413308 690621868
t_num: 6 finish: 1473413313 969226482 start: 1473413308 459121330
t_num: 11 finish: 1473413313 969230151 start: 1473413308 363658493
t_num: 10 finish: 1473413313 969420550 start: 1473413310 968358962
t_num: 19 finish: 1473413314 374458776 start: 1473413311 735833325
t_num: 4 finish: 1473413314 517419596 start: 1473413312 964372832
t_num: 20 finish: 1473413314 655461590 start: 1473413311 735860199
t_num: 16 finish: 1473413314 699517621 start: 1473413312 497145022
t_num: 3 finish: 1473413315 552696120 start: 1473413309 231298604
t_num: 2 finish: 1473413315 705994555 start: 1473413310 963149472
t_num: 23 finish: 1473413315 706225627 start: 1473413311 697425334
t_num: 0 finish: 1473413315 706292717 start: 1473413308 587908995
t_num: 30 finish: 1473413315 834475473 start: 1473413311 735918686
t_num: 24 finish: 1473413316 391150639 start: 1473413312 509915116
t_num: 31 finish: 1473413316 392076163 start: 1473413314 284229745
t_num: 15 finish: 1473413316 482217068 start: 1473413312 10205411
t_num: 16 finish: 1473413316 554583658 start: 1473413314 699562730
t_num: 15 finish: 1473413317 136861072 start: 1473413316 482254066
t_num: 30 finish: 1473413317 144219124 start: 1473413315 834506794
t_num: 28 finish: 1473413317 774444279 start: 1473413315 706289834
t_num: 14 finish: 1473413320 122210666 start: 1473413313 831166002
t_num: 24 finish: 1473413320 122459965 start: 1473413318 321724763
t_num: 23 finish: 1473413320 625995883 start: 1473413315 706244482
t_num: 10 finish: 1473413320 965873231 start: 1473413313 969439652
t_num: 16 finish: 1473413320 965895970 start: 1473413316 554649346
t_num: 20 finish: 1473413321 462337212 start: 1473413315 765897551
t_num: 6 finish: 1473413321 514858701 start: 1473413313 969270492
t_num: 29 finish: 1473413321 557704023 start: 1473413316 90764312
t_num: 28 finish: 1473413321 695962809 start: 1473413317 774483984
t_num: 19 finish: 1473413321 711248941 start: 1473413318 320720331
t_num: 13 finish: 1473413322 322919767 start: 1473413315 706029652
t_num: 27 finish: 1473413322 324072107 start: 1473413315 707097278
t_num: 9 finish: 1473413322 325517075 start: 1473413319 605768527
t_num: 2 finish: 1473413322 326253853 start: 1473413316 482352908
t_num: 31 finish: 1473413322 500380980 start: 1473413319 421558636
t_num: 16 finish: 1473413322 907244584 start: 1473413320 965955962
t_num: 10 finish: 1473413322 922225391 start: 1473413320 965940008
t_num: 0 finish: 1473413323 298053543 start: 1473413320 10289777
t_num: 26 finish: 1473413323 649673918 start: 1473413321 840900371
t_num: 18 finish: 1473413324 483549533 start: 1473413322 323018982
t_num: 24 finish: 1473413324 907543177 start: 1473413320 122479979
t_num: 14 finish: 1473413324 907621330 start: 1473413320 122237496
t_num: 12 finish: 1473413325 332323948 start: 1473413320 121900781
t_num: 29 finish: 1473413325 395640220 start: 1473413321 557749576
t_num: 4 finish: 1473413325 499474514 start: 1473413321 596608582
t_num: 6 finish: 1473413325 531492189 start: 1473413321 514912667
t_num: 19 finish: 1473413325 621124191 start: 1473413322 500129985
t_num: 23 finish: 1473413326 314118574 start: 1473413320 626041553
t_num: 31 finish: 1473413326 612853341 start: 1473413322 500407375
t_num: 16 finish: 1473413327 166299470 start: 1473413322 907296982
t_num: 20 finish: 1473413327 167031906 start: 1473413324 752798394
t_num: 24 finish: 1473413327 330775787 start: 1473413324 907569568
t_num: 21 finish: 1473413327 467248028 start: 1473413324 753036369
t_num: 28 finish: 1473413328 320660120 start: 1473413324 752860973
t_num: 23 finish: 1473413328 555798705 start: 1473413326 314157791
t_num: 13 finish: 1473413328 555862935 start: 1473413324 907521576
t_num: 29 finish: 1473413328 747512839 start: 1473413325 395665844
t_num: 10 finish: 1473413329 262934387 start: 1473413324 753876158
t_num: 25 finish: 1473413329 353858190 start: 1473413325 395497128
t_num: 18 finish: 1473413329 402531969 start: 1473413325 395507562
t_num: 14 finish: 1473413329 459561285 start: 1473413324 907637968
t_num: 11 finish: 1473413329 459627351 start: 1473413324 759940773
t_num: 2 finish: 1473413329 771352476 start: 1473413326 742001444
t_num: 24 finish: 1473413330 197710694 start: 1473413327 330829159
t_num: 6 finish: 1473413330 254162622 start: 1473413327 774075888
t_num: 3 finish: 1473413330 479958051 start: 1473413327 680135251
t_num: 19 finish: 1473413330 523006921 start: 1473413326 613292801
t_num: 26 finish: 1473413331 20172245 start: 1473413324 907723331
t_num: 8 finish: 1473413331 997425428 start: 1473413326 741376463
t_num: 12 finish: 1473413331 998532512 start: 1473413329 459229843
t_num: 25 finish: 1473413332 249375455 start: 1473413329 353895855
t_num: 29 finish: 1473413332 696267648 start: 1473413328 747544549
t_num: 15 finish: 1473413332 859267690 start: 1473413329 459146530
t_num: 17 finish: 1473413332 969474352 start: 1473413328 682279737
t_num: 1 finish: 1473413333 213459806 start: 1473413331 952372778
t_num: 13 finish: 1473413333 736339722 start: 1473413331 20246324
t_num: 16 finish: 1473413334 267646578 start: 1473413331 997541814
t_num: 9 finish: 1473413335 785620072 start: 1473413331 232908398
t_num: 11 finish: 1473413335 837749041 start: 1473413330 973009243
t_num: 2 finish: 1473413335 837847045 start: 1473413329 771387101
t_num: 24 finish: 1473413336 562824220 start: 1473413330 383156202
t_num: 23 finish: 1473413336 796406876 start: 1473413330 209692591
t_num: 10 finish: 1473413337 848157545 start: 1473413329 262973760
t_num: 6 finish: 1473413337 866758467 start: 1473413331 20201613
t_num: 29 finish: 1473413337 866785209 start: 1473413332 696311916
t_num: 15 finish: 1473413337 866758467 start: 1473413332 859342333
t_num: 28 finish: 1473413338 810693833 start: 1473413328 320707304
t_num: 12 finish: 1473413338 876017809 start: 1473413333 111305366
t_num: 22 finish: 1473413339 635029110 start: 1473413333 611791393
t_num: 21 finish: 1473413340 554135791 start: 1473413335 891753940
t_num: 9 finish: 1473413340 719991095 start: 1473413337 816183774
t_num: 2 finish: 1473413340 845492026 start: 1473413335 837866066
t_num: 16 finish: 1473413340 865361396 start: 1473413335 837895770
t_num: 23 finish: 1473413341 262320074 start: 1473413336 796450591
t_num: 13 finish: 1473413341 728342419 start: 1473413337 756000529
t_num: 29 finish: 1473413342 143058000 start: 1473413337 866820350
t_num: 0 finish: 1473413342 143096300 start: 1473413337 260339612
t_num: 24 finish: 1473413342 296234609 start: 1473413336 562869706
t_num: 19 finish: 1473413342 450892422 start: 1473413337 755956068
t_num: 3 finish: 1473413342 467488820 start: 1473413335 837823896
t_num: 6 finish: 1473413342 503297549 start: 1473413337 866781701
t_num: 7 finish: 1473413342 760184516 start: 1473413337 919342488
t_num: 22 finish: 1473413343 503310837 start: 1473413339 635054042
t_num: 17 finish: 1473413343 503400857 start: 1473413337 265539331
t_num: 1 finish: 1473413343 503500085 start: 1473413336 796435241
t_num: 12 finish: 1473413344 864673079 start: 1473413339 873523840
t_num: 0 finish: 1473413344 865068979 start: 1473413342 143112566
t_num: 10 finish: 1473413344 865455323 start: 1473413339 494045704
t_num: 29 finish: 1473413344 988283115 start: 1473413342 143100381
t_num: 28 finish: 1473413345 297564814 start: 1473413340 554130368
t_num: 5 finish: 1473413345 408130061 start: 1473413341 728435381
t_num: 23 finish: 1473413345 408138098 start: 1473413341 262364206
t_num: 2 finish: 1473413345 408173316 start: 1473413340 845530948
t_num: 24 finish: 1473413345 595843332 start: 1473413342 296262526
t_num: 16 finish: 1473413345 596486350 start: 1473413343 726315045
t_num: 6 finish: 1473413345 596669594 start: 1473413342 503314576
t_num: 13 finish: 1473413345 596683689 start: 1473413341 728412638
t_num: 3 finish: 1473413346 644289087 start: 1473413342 467511912
t_num: 31 finish: 1473413347 893415283 start: 1473413345 293010517
t_num: 7 finish: 1473413347 894221134 start: 1473413343 504305161
t_num: 28 finish: 1473413347 894289636 start: 1473413345 297587412
t_num: 10 finish: 1473413348 79617190 start: 1473413344 865474495
t_num: 0 finish: 1473413348 80007249 start: 1473413344 865089822
t_num: 2 finish: 1473413348 134910122 start: 1473413345 408190514
t_num: 17 finish: 1473413348 324180966 start: 1473413343 503420270
t_num: 25 finish: 1473413348 629316125 start: 1473413343 504348103
t_num: 6 finish: 1473413349 644958702 start: 1473413345 596688793
t_num: 3 finish: 1473413349 645983617 start: 1473413346 644315571
t_num: 9 finish: 1473413350 211114535 start: 1473413344 683343141
t_num: 18 finish: 1473413350 803719747 start: 1473413347 345453195
t_num: 4 finish: 1473413350 805229599 start: 1473413347 256343884
t_num: 1 finish: 1473413350 806725781 start: 1473413346 640864015
t_num: 13 finish: 1473413350 806793465 start: 1473413347 34305158
t_num: 12 finish: 1473413351 157846474 start: 1473413345 73046697
t_num: 16 finish: 1473413351 196894427 start: 1473413347 345470443
t_num: 26 finish: 1473413351 502669330 start: 1473413348 79731643
t_num: 17 finish: 1473413351 903538496 start: 1473413348 324215433
t_num: 7 finish: 1473413352 376969212 start: 1473413347 894243563
t_num: 10 finish: 1473413352 529076271 start: 1473413348 79662881
t_num: 3 finish: 1473413352 529632630 start: 1473413349 646017375
t_num: 14 finish: 1473413352 667695245 start: 1473413348 923923190
t_num: 8 finish: 1473413352 756244241 start: 1473413350 444107273
t_num: 9 finish: 1473413352 756333184 start: 1473413350 211148792
t_num: 24 finish: 1473413352 807939218 start: 1473413348 204810940
t_num: 29 finish: 1473413352 985263430 start: 1473413347 974901734
t_num: 25 finish: 1473413352 985974966 start: 1473413350 887015699
t_num: 28 finish: 1473413353 451133070 start: 1473413349 648461525
t_num: 1 finish: 1473413353 451878113 start: 1473413350 806747022
t_num: 31 finish: 1473413353 701011065 start: 1473413348 134963093
t_num: 18 finish: 1473413353 895939157 start: 1473413351 333092930
t_num: 3 finish: 1473413354 835859522 start: 1473413352 529652489
t_num: 30 finish: 1473413354 967556757 start: 1473413350 81720424
t_num: 10 finish: 1473413355 359229616 start: 1473413352 529099939
t_num: 23 finish: 1473413355 359289796 start: 1473413350 853761479
t_num: 14 finish: 1473413355 454383985 start: 1473413352 667723772
t_num: 22 finish: 1473413355 985763799 start: 1473413351 158273688
t_num: 4 finish: 1473413356 478591792 start: 1473413352 667662048
t_num: 7 finish: 1473413356 716793585 start: 1473413352 377012760
t_num: 11 finish: 1473413357 568550008 start: 1473413352 807999244
t_num: 26 finish: 1473413357 765536211 start: 1473413353 359207349
t_num: 17 finish: 1473413358 296385931 start: 1473413353 574567346
t_num: 6 finish: 1473413358 329036963 start: 1473413353 451142734
t_num: 24 finish: 1473413358 329057935 start: 1473413355 358913730
t_num: 1 finish: 1473413358 658370276 start: 1473413355 985743940
t_num: 31 finish: 1473413359 118562421 start: 1473413353 701052168
t_num: 20 finish: 1473413359 942193512 start: 1473413354 904053160
t_num: 10 finish: 1473413359 942193512 start: 1473413357 561926306
t_num: 2 finish: 1473413360 437846048 start: 1473413359 565000446
t_num: 17 finish: 1473413360 511206999 start: 1473413358 296424981
t_num: 26 finish: 1473413360 621221862 start: 1473413357 765575081
t_num: 23 finish: 1473413360 676852575 start: 1473413357 267182171
t_num: 30 finish: 1473413360 676852573 start: 1473413354 967597883
t_num: 28 finish: 1473413361 301153840 start: 1473413357 945293741
t_num: 16 finish: 1473413361 680984918 start: 1473413357 68437488
t_num: 12 finish: 1473413361 681855827 start: 1473413355 985760838
t_num: 22 finish: 1473413361 957264236 start: 1473413357 619288329
t_num: 29 finish: 1473413362 61060152 start: 1473413355 305505852
t_num: 31 finish: 1473413363 135752131 start: 1473413359 118605253
t_num: 3 finish: 1473413363 606561791 start: 1473413355 278463028
t_num: 6 finish: 1473413363 910965401 start: 1473413358 329087928
t_num: 18 finish: 1473413363 983377322 start: 1473413358 906780249
t_num: 28 finish: 1473413364 436532676 start: 1473413361 301196749
t_num: 26 finish: 1473413364 510548405 start: 1473413360 621266156
t_num: 12 finish: 1473413364 592209388 start: 1473413361 681875788
t_num: 1 finish: 1473413364 665165759 start: 1473413361 539000275
t_num: 15 finish: 1473413364 708192874 start: 1473413359 245605475
t_num: 2 finish: 1473413364 944332029 start: 1473413360 437891638
t_num: 22 finish: 1473413365 651889168 start: 1473413361 957307042
t_num: 20 finish: 1473413365 805190119 start: 1473413361 680947211
t_num: 31 finish: 1473413365 843098886 start: 1473413363 135796672
t_num: 24 finish: 1473413365 891232953 start: 1473413362 666696523
t_num: 10 finish: 1473413365 934985365 start: 1473413363 35787718
t_num: 23 finish: 1473413365 935005640 start: 1473413360 676884540
t_num: 3 finish: 1473413366 331123494 start: 1473413363 606608425
t_num: 20 finish: 1473413366 725802715 start: 1473413365 805241716
t_num: 13 finish: 1473413367 87182109 start: 1473413364 548921886
t_num: 22 finish: 1473413367 262036144 start: 1473413365 651931257
t_num: 4 finish: 1473413368 406125837 start: 1473413362 180743187
t_num: 18 finish: 1473413368 556952155 start: 1473413364 707946363
t_num: 23 finish: 1473413368 661923259 start: 1473413365 935021595
t_num: 16 finish: 1473413368 662189205 start: 1473413366 3657447
t_num: 31 finish: 1473413369 785508684 start: 1473413365 843120926
t_num: 3 finish: 1473413370 703059763 start: 1473413366 331164137
t_num: 26 finish: 1473413370 703082446 start: 1473413364 510608614
t_num: 2 finish: 1473413370 703123603 start: 1473413366 492903576
t_num: 12 finish: 1473413370 703160239 start: 1473413364 592237020
t_num: 10 finish: 1473413370 816754571 start: 1473413366 603679747
t_num: 13 finish: 1473413370 816776436 start: 1473413367 685072368
t_num: 7 finish: 1473413372 12959017 start: 1473413365 174690315
t_num: 0 finish: 1473413372 13296368 start: 1473413368 40352773
t_num: 8 finish: 1473413372 180000127 start: 1473413369 307120213
t_num: 6 finish: 1473413372 186425478 start: 1473413366 492882066
t_num: 11 finish: 1473413372 205131593 start: 1473413366 38124369
t_num: 19 finish: 1473413372 205141926 start: 1473413365 887900962
t_num: 22 finish: 1473413372 205183126 start: 1473413367 262125251
t_num: 23 finish: 1473413372 299897061 start: 1473413368 661966240
t_num: 16 finish: 1473413372 300502748 start: 1473413368 662204443
t_num: 13 finish: 1473413373 724951841 start: 1473413370 816958568
t_num: 31 finish: 1473413374 519241823 start: 1473413369 785532724
t_num: 3 finish: 1473413375 689969739 start: 1473413370 703106302
t_num: 24 finish: 1473413375 742059928 start: 1473413372 183841867
t_num: 9 finish: 1473413375 792240166 start: 1473413371 598182978
t_num: 26 finish: 1473413376 296020672 start: 1473413373 215585067
t_num: 7 finish: 1473413376 296028282 start: 1473413372 12986266
t_num: 12 finish: 1473413376 647502442 start: 1473413371 594482672
t_num: 16 finish: 1473413377 60182661 start: 1473413372 300522623
t_num: 25 finish: 1473413377 123118829 start: 1473413372 766327322
t_num: 22 finish: 1473413377 258025885 start: 1473413373 427111870
t_num: 14 finish: 1473413377 326310680 start: 1473413372 299925036
t_num: 2 finish: 1473413377 379710223 start: 1473413370 703141054
t_num: 10 finish: 1473413377 499593155 start: 1473413373 427657635
t_num: 19 finish: 1473413377 977634853 start: 1473413373 427717787
t_num: 11 finish: 1473413377 977640407 start: 1473413372 205159877
t_num: 23 finish: 1473413377 977720813 start: 1473413372 877833369
t_num: 6 finish: 1473413378 55312319 start: 1473413372 186446600
t_num: 0 finish: 1473413379 344594917 start: 1473413373 711574890
t_num: 16 finish: 1473413379 427788937 start: 1473413377 60219283
t_num: 13 finish: 1473413379 427791894 start: 1473413373 724980895
t_num: 12 finish: 1473413379 427879122 start: 1473413376 647540924
t_num: 31 finish: 1473413379 892886937 start: 1473413376 267618355
t_num: 7 finish: 1473413379 893686416 start: 1473413376 296095686
t_num: 28 finish: 1473413380 26430965 start: 1473413376 191933512
t_num: 10 finish: 1473413380 146932895 start: 1473413377 499630961
t_num: 1 finish: 1473413381 216429212 start: 1473413378 259174556
t_num: 30 finish: 1473413381 216474836 start: 1473413375 690754826
t_num: 11 finish: 1473413381 340465186 start: 1473413377 977672621
t_num: 9 finish: 1473413381 340661047 start: 1473413375 792260526
t_num: 22 finish: 1473413381 528681852 start: 1473413377 978211940
t_num: 3 finish: 1473413381 616385966 start: 1473413380 220954455
t_num: 24 finish: 1473413382 190640797 start: 1473413378 201012149
t_num: 10 finish: 1473413382 281319711 start: 1473413380 146975434
t_num: 0 finish: 1473413382 281382741 start: 1473413379 344637978
t_num: 17 finish: 1473413382 281964060 start: 1473413377 258684665
t_num: 6 finish: 1473413382 953320087 start: 1473413379 428529186
t_num: 1 finish: 1473413384 156665184 start: 1473413381 216515603
t_num: 14 finish: 1473413384 330514755 start: 1473413380 318168328
t_num: 16 finish: 1473413384 330699273 start: 1473413379 427828547
t_num: 24 finish: 1473413384 801425713 start: 1473413382 190683782
t_num: 30 finish: 1473413384 810876583 start: 1473413382 281337828
t_num: 3 finish: 1473413385 151696045 start: 1473413382 96457792
t_num: 13 finish: 1473413385 330109401 start: 1473413380 844428432
t_num: 18 finish: 1473413386 227464931 start: 1473413382 828713579
t_num: 29 finish: 1473413386 227623255 start: 1473413380 26403872
t_num: 0 finish: 1473413386 275159350 start: 1473413382 281401386
t_num: 22 finish: 1473413386 794267669 start: 1473413381 528717389
t_num: 12 finish: 1473413386 973101092 start: 1473413384 299813512
t_num: 6 finish: 1473413387 130912080 start: 1473413383 916225257
t_num: 27 finish: 1473413387 130984837 start: 1473413382 831417954
t_num: 31 finish: 1473413387 289008932 start: 1473413383 996019895
t_num: 9 finish: 1473413387 969785883 start: 1473413381 340682061
t_num: 24 finish: 1473413388 48377006 start: 1473413384 801477840
t_num: 17 finish: 1473413388 48484516 start: 1473413384 809425754
t_num: 14 finish: 1473413388 212031211 start: 1473413384 330550715
t_num: 28 finish: 1473413388 491551869 start: 1473413385 265706832
t_num: 7 finish: 1473413389 564763401 start: 1473413384 808236770
t_num: 2 finish: 1473413389 922393316 start: 1473413386 972997070
t_num: 0 finish: 1473413389 922400799 start: 1473413386 275178230
t_num: 18 finish: 1473413390 58815210 start: 1473413386 227532225
t_num: 30 finish: 1473413390 724722471 start: 1473413386 227603244
t_num: 3 finish: 1473413391 106359081 start: 1473413386 972975137
t_num: 27 finish: 1473413391 204699362 start: 1473413387 131000551
t_num: 14 finish: 1473413391 465657415 start: 1473413388 212077401
t_num: 31 finish: 1473413392 956276638 start: 1473413387 289058958
t_num: 28 finish: 1473413393 74728007 start: 1473413389 147082980
t_num: 0 finish: 1473413393 267263068 start: 1473413389 922467206
t_num: 15 finish: 1473413393 337754298 start: 1473413387 968894529
t_num: 20 finish: 1473413393 714005466 start: 1473413390 788117571
t_num: 4 finish: 1473413393 714006455 start: 1473413390 725980791
t_num: 22 finish: 1473413393 714390944 start: 1473413388 740608875
t_num: 27 finish: 1473413394 132446409 start: 1473413391 447567625
t_num: 6 finish: 1473413394 159577279 start: 1473413387 130955519
t_num: 17 finish: 1473413394 393936814 start: 1473413388 48502948
t_num: 1 finish: 1473413394 399275520 start: 1473413388 532933845
t_num: 7 finish: 1473413395 89319495 start: 1473413389 564823178
t_num: 13 finish: 1473413395 863408754 start: 1473413387 969763314
t_num: 3 finish: 1473413396 877756518 start: 1473413391 106383836
t_num: 14 finish: 1473413396 877945600 start: 1473413392 854886113
t_num: 4 finish: 1473413396 877945558 start: 1473413393 714167640
t_num: 25 finish: 1473413397 690936726 start: 1473413395 516088430
t_num: 26 finish: 1473413397 896520228 start: 1473413392 278009218
t_num: 31 finish: 1473413397 985483857 start: 1473413392 956307004
t_num: 2 finish: 1473413398 108966413 start: 1473413392 316834602
t_num: 28 finish: 1473413398 606937642 start: 1473413394 998941240
t_num: 19 finish: 1473413398 608205834 start: 1473413394 755692101
t_num: 29 finish: 1473413398 608550885 start: 1473413395 89208069
t_num: 5 finish: 1473413398 886776623 start: 1473413390 298430155
t_num: 17 finish: 1473413398 996014882 start: 1473413394 393996890
t_num: 21 finish: 1473413399 310746001 start: 1473413392 163466445
t_num: 22 finish: 1473413399 310751005 start: 1473413394 236485468
t_num: 30 finish: 1473413399 856901468 start: 1473413395 89236795
t_num: 6 finish: 1473413400 882711791 start: 1473413394 159613204
t_num: 20 finish: 1473413400 884464860 start: 1473413395 89222668
t_num: 15 finish: 1473413401 3458232 start: 1473413395 90436215
t_num: 0 finish: 1473413401 4214379 start: 1473413394 173253027
t_num: 23 finish: 1473413401 774034393 start: 1473413395 858559874
t_num: 12 finish: 1473413401 814510115 start: 1473413395 89300251
t_num: 0 finish: 1473413403 772749615 start: 1473413401 4236013
t_num: 13 finish: 1473413403 849394230 start: 1473413397 741995670
t_num: 30 finish: 1473413403 988200494 start: 1473413399 856934770
t_num: 17 finish: 1473413404 279459936 start: 1473413401 599164778
t_num: 11 finish: 1473413404 473115777 start: 1473413400 13749771
t_num: 16 finish: 1473413404 473115777 start: 1473413401 77578261
t_num: 3 finish: 1473413404 838767520 start: 1473413398 861275231
t_num: 5 finish: 1473413404 867665784 start: 1473413402 707162358
t_num: 4 finish: 1473413404 867748503 start: 1473413398 607989057
t_num: 22 finish: 1473413404 867828680 start: 1473413399 310812546
t_num: 25 finish: 1473413404 868004852 start: 1473413398 529871193
t_num: 14 finish: 1473413405 460868287 start: 1473413401 599301304
t_num: 20 finish: 1473413405 610535953 start: 1473413402 914757499
t_num: 8 finish: 1473413405 652993603 start: 1473413401 924623843
t_num: 31 finish: 1473413405 653650443 start: 1473413400 870015492
t_num: 21 finish: 1473413406 11143602 start: 1473413403 736071404
t_num: 24 finish: 1473413406 391643817 start: 1473413402 16876309
t_num: 7 finish: 1473413406 498293362 start: 1473413400 983436282
t_num: 28 finish: 1473413406 706060679 start: 1473413402 945573912
t_num: 17 finish: 1473413406 709631611 start: 1473413404 475227970
t_num: 10 finish: 1473413406 988762731 start: 1473413403 225780785
t_num: 12 finish: 1473413407 807735519 start: 1473413402 838418793
t_num: 25 finish: 1473413407 808462214 start: 1473413404 868020717
t_num: 11 finish: 1473413407 909318603 start: 1473413404 473158898
t_num: 0 finish: 1473413408 102993563 start: 1473413404 867969287
t_num: 16 finish: 1473413408 216086343 start: 1473413404 473184910
t_num: 20 finish: 1473413408 701867029 start: 1473413406 536466448
t_num: 7 finish: 1473413408 963477557 start: 1473413406 498330990
t_num: 21 finish: 1473413409 657244678 start: 1473413407 710322177
t_num: 24 finish: 1473413409 837150578 start: 1473413406 391678446
t_num: 22 finish: 1473413409 929631704 start: 1473413404 867847911
t_num: 5 finish: 1473413410 199691145 start: 1473413404 867710283
t_num: 1 finish: 1473413410 249992836 start: 1473413407 710299097
t_num: 6 finish: 1473413410 385374381 start: 1473413404 380065815
t_num: 26 finish: 1473413410 385545367 start: 1473413407 807666062
t_num: 11 finish: 1473413410 533013188 start: 1473413407 909346813
t_num: 17 finish: 1473413411 303556575 start: 1473413406 709683909
t_num: 16 finish: 1473413411 496184139 start: 1473413408 216134321
t_num: 0 finish: 1473413411 956464091 start: 1473413408 103021354
t_num: 8 finish: 1473413412 543789292 start: 1473413407 294938642
t_num: 21 finish: 1473413412 543839360 start: 1473413409 657288559
t_num: 18 finish: 1473413412 973369856 start: 1473413410 385479333
t_num: 22 finish: 1473413413 142691013 start: 1473413409 929675609
t_num: 10 finish: 1473413413 241679078 start: 1473413409 440909119
t_num: 30 finish: 1473413413 578674957 start: 1473413409 837356719
t_num: 31 finish: 1473413413 654515151 start: 1473413409 525601234
t_num: 24 finish: 1473413414 305965534 start: 1473413409 837213830
t_num: 12 finish: 1473413414 305973369 start: 1473413409 837200742
t_num: 7 finish: 1473413414 306852981 start: 1473413408 963520760
t_num: 25 finish: 1473413415 63030016 start: 1473413413 27010460
t_num: 11 finish: 1473413415 136795333 start: 1473413410 533040095
t_num: 16 finish: 1473413415 305203294 start: 1473413411 496279758
t_num: 17 finish: 1473413415 395933585 start: 1473413411 303599973
t_num: 8 finish: 1473413415 512536936 start: 1473413412 543887921
t_num: 3 finish: 1473413416 505616483 start: 1473413411 956488337
t_num: 26 finish: 1473413416 549040101 start: 1473413410 385564448
t_num: 27 finish: 1473413416 575002450 start: 1473413413 934066430
t_num: 20 finish: 1473413417 138531491 start: 1473413413 519248890
t_num: 1 finish: 1473413418 707625106 start: 1473413413 616219970
t_num: 29 finish: 1473413418 943318340 start: 1473413414 306042632
t_num: 18 finish: 1473413419 792486481 start: 1473413412 973414035
t_num: 8 finish: 1473413419 792504400 start: 1473413415 512571555
t_num: 12 finish: 1473413419 818614282 start: 1473413416 497780987
t_num: 10 finish: 1473413419 818618516 start: 1473413415 401305922
t_num: 25 finish: 1473413419 818687405 start: 1473413415 63073134
t_num: 0 finish: 1473413419 877714336 start: 1473413413 519279671
t_num: 16 finish: 1473413419 954721189 start: 1473413415 305266901
t_num: 17 finish: 1473413419 986310515 start: 1473413418 527206302
t_num: 11 finish: 1473413420 682420475 start: 1473413415 136837707
t_num: 14 finish: 1473413420 775326462 start: 1473413415 863552776
t_num: 3 finish: 1473413422 193710331 start: 1473413418 527172719
t_num: 29 finish: 1473413422 287993880 start: 1473413418 943355196
t_num: 9 finish: 1473413422 296036560 start: 1473413417 511710606
t_num: 1 finish: 1473413423 177315701 start: 1473413418 707659585
t_num: 31 finish: 1473413423 267507661 start: 1473413413 654556975
t_num: 15 finish: 1473413423 267508863 start: 1473413419 599098821
t_num: 27 finish: 1473413423 366763053 start: 1473413419 793061970
t_num: 19 finish: 1473413424 300625683 start: 1473413419 792440047
t_num: 25 finish: 1473413424 301434770 start: 1473413419 818719877
t_num: 0 finish: 1473413424 614135821 start: 1473413420 349315892
t_num: 11 finish: 1473413425 397217394 start: 1473413420 682455220
t_num: 2 finish: 1473413425 752748753 start: 1473413420 774168728
t_num: 13 finish: 1473413425 814251334 start: 1473413422 202392292
t_num: 10 finish: 1473413426 125080708 start: 1473413419 818670126
t_num: 1 finish: 1473413426 825095640 start: 1473413423 177358501
t_num: 29 finish: 1473413427 390896967 start: 1473413422 288021427
t_num: 15 finish: 1473413427 616215585 start: 1473413423 672509683
t_num: 20 finish: 1473413427 741026324 start: 1473413423 1599866
t_num: 17 finish: 1473413428 70261552 start: 1473413423 1653140
t_num: 28 finish: 1473413428 738220725 start: 1473413422 285724651
t_num: 6 finish: 1473413428 739516475 start: 1473413423 665416921
t_num: 30 finish: 1473413428 741162616 start: 1473413423 561009
t_num: 9 finish: 1473413429 435097941 start: 1473413422 296052925
t_num: 0 finish: 1473413429 505723259 start: 1473413424 614178427
t_num: 16 finish: 1473413429 505728632 start: 1473413422 640009399
t_num: 27 finish: 1473413429 859324289 start: 1473413424 877204324
t_num: 30 finish: 1473413430 186157934 start: 1473413428 741179917
t_num: 2 finish: 1473413430 186207169 start: 1473413425 752791187
t_num: 13 finish: 1473413430 902620874 start: 1473413425 814274795
t_num: 11 finish: 1473413430 902777553 start: 1473413425 893597453
t_num: 12 finish: 1473413430 979878850 start: 1473413424 98181939
t_num: 14 finish: 1473413431 75862172 start: 1473413424 874477770
t_num: 29 finish: 1473413431 175005413 start: 1473413427 390932540
t_num: 6 finish: 1473413431 268525682 start: 1473413429 204311451
t_num: 28 finish: 1473413431 709009424 start: 1473413428 738263203
t_num: 10 finish: 1473413432 455434450 start: 1473413426 125161776
t_num: 27 finish: 1473413433 317691445 start: 1473413430 84278472
t_num: 22 finish: 1473413433 402393196 start: 1473413428 332856182
t_num: 25 finish: 1473413433 619534593 start: 1473413428 69760989
t_num: 20 finish: 1473413433 829753361 start: 1473413427 741059474
t_num: 15 finish: 1473413434 808454076 start: 1473413430 698880472
t_num: 31 finish: 1473413434 893760842 start: 1473413429 865398823
t_num: 16 finish: 1473413435 65534000 start: 1473413429 505787946
t_num: 4 finish: 1473413435 65534000 start: 1473413428 811987002
t_num: 26 finish: 1473413435 474375862 start: 1473413429 875511366
t_num: 5 finish: 1473413435 890196450 start: 1473413428 5894070
t_num: 28 finish: 1473413435 905229263 start: 1473413431 709048717
t_num: 30 finish: 1473413435 959890168 start: 1473413430 186187488
t_num: 0 finish: 1473413436 293044117 start: 1473413429 505764619
t_num: 10 finish: 1473413436 554430499 start: 1473413432 455484619
t_num: 9 finish: 1473413436 554824426 start: 1473413432 812174845
t_num: 17 finish: 1473413436 554944957 start: 1473413432 455537606
t_num: 11 finish: 1473413436 772234127 start: 1473413435 519133900
t_num: 7 finish: 1473413436 905395343 start: 1473413432 74975084
t_num: 6 finish: 1473413436 905399062 start: 1473413431 268568421
t_num: 30 finish: 1473413437 949329250 start: 1473413435 959913337
t_num: 19 finish: 1473413438 636216840 start: 1473413432 455478437
t_num: 16 finish: 1473413438 828690912 start: 1473413435 65607755
t_num: 22 finish: 1473413438 855331408 start: 1473413435 928950818
t_num: 4 finish: 1473413438 942462112 start: 1473413435 65634673
t_num: 14 finish: 1473413439 1618128 start: 1473413434 893844353
t_num: 13 finish: 1473413439 39404670 start: 1473413433 402426963
t_num: 25 finish: 1473413439 57474919 start: 1473413433 619576515
t_num: 23 finish: 1473413439 68940658 start: 1473413434 447382421
t_num: 27 finish: 1473413440 545928227 start: 1473413434 894084921
t_num: 31 finish: 1473413440 838946594 start: 1473413437 505272805
t_num: 1 finish: 1473413441 36010922 start: 1473413437 859941346
t_num: 10 finish: 1473413441 173800706 start: 1473413436 554464461
t_num: 17 finish: 1473413441 865829409 start: 1473413436 554963113
t_num: 28 finish: 1473413441 976847598 start: 1473413437 860007454
t_num: 0 finish: 1473413442 186751229 start: 1473413437 505244695
t_num: 20 finish: 1473413442 186752342 start: 1473413437 505357768
t_num: 22 finish: 1473413443 132977181 start: 1473413438 855353645
t_num: 7 finish: 1473413443 419283054 start: 1473413440 50654158
t_num: 19 finish: 1473413443 549325621 start: 1473413438 636273771
t_num: 13 finish: 1473413444 444764727 start: 1473413440 247018841
t_num: 6 finish: 1473413444 444775985 start: 1473413440 247070767
t_num: 16 finish: 1473413444 444815909 start: 1473413438 828721363
t_num: 27 finish: 1473413444 537688147 start: 1473413440 545974995
t_num: 31 finish: 1473413444 538712477 start: 1473413440 838985156
t_num: 14 finish: 1473413445 328073953 start: 1473413442 460755675
t_num: 18 finish: 1473413445 727452376 start: 1473413440 247051840
t_num: 22 finish: 1473413446 22080490 start: 1473413443 133002492
t_num: 0 finish: 1473413447 86930378 start: 1473413442 186800955
t_num: 16 finish: 1473413447 86966127 start: 1473413444 444833504
t_num: 24 finish: 1473413447 180926897 start: 1473413442 474166110
t_num: 20 finish: 1473413447 181036133 start: 1473413442 186813811
t_num: 25 finish: 1473413447 232468955 start: 1473413444 426422771
t_num: 7 finish: 1473413447 541253071 start: 1473413443 419319326
t_num: 14 finish: 1473413448 77104597 start: 1473413445 328107294
t_num: 28 finish: 1473413448 171064511 start: 1473413444 159154112
t_num: 10 finish: 1473413448 365965521 start: 1473413444 236527187
t_num: 27 finish: 1473413448 367012408 start: 1473413445 494744663
t_num: 23 finish: 1473413448 367086197 start: 1473413443 132981115
t_num: 11 finish: 1473413448 368351351 start: 1473413442 466020865
t_num: 22 finish: 1473413449 8032160 start: 1473413446 22138263
t_num: 17 finish: 1473413449 8046072 start: 1473413441 865872442
t_num: 1 finish: 1473413450 363614200 start: 1473413446 512217240
t_num: 6 finish: 1473413450 399083381 start: 1473413444 444857712
t_num: 2 finish: 1473413450 647087966 start: 1473413448 77224581
t_num: 25 finish: 1473413450 761014902 start: 1473413447 232511771
t_num: 15 finish: 1473413451 254344530 start: 1473413447 495704853
t_num: 24 finish: 1473413451 351869235 start: 1473413448 78452606
t_num: 11 finish: 1473413451 526214873 start: 1473413448 368372200
t_num: 21 finish: 1473413452 244126245 start: 1473413446 965786420
t_num: 0 finish: 1473413452 308672447 start: 1473413449 487588339
t_num: 17 finish: 1473413452 308714472 start: 1473413449 8174962
t_num: 7 finish: 1473413453 18759225 start: 1473413447 541280153
t_num: 22 finish: 1473413453 231765627 start: 1473413449 8073726
t_num: 10 finish: 1473413453 268277019 start: 1473413448 867618103
t_num: 23 finish: 1473413453 500524860 start: 1473413448 367102275
t_num: 6 finish: 1473413453 519829734 start: 1473413450 399104163
t_num: 14 finish: 1473413453 658567693 start: 1473413449 753123462
t_num: 3 finish: 1473413453 724121465 start: 1473413448 363878225
t_num: 11 finish: 1473413454 218229344 start: 1473413451 526271843
t_num: 27 finish: 1473413454 219260858 start: 1473413448 867639482
t_num: 9 finish: 1473413454 374962506 start: 1473413448 77145599
t_num: 1 finish: 1473413454 526622430 start: 1473413450 363652149
t_num: 29 finish: 1473413454 954282461 start: 1473413450 348196449
t_num: 2 finish: 1473413454 978174968 start: 1473413452 95838614
t_num: 24 finish: 1473413455 44684690 start: 1473413453 301313670
t_num: 17 finish: 1473413455 125095639 start: 1473413452 308732028
t_num: 0 finish: 1473413455 274638382 start: 1473413452 308712182
t_num: 10 finish: 1473413455 399086406 start: 1473413453 268294290
t_num: 25 finish: 1473413456 93247471 start: 1473413452 164664128
t_num: 17 finish: 1473413456 111627715 start: 1473413455 125118161
t_num: 26 finish: 1473413456 206589738 start: 1473413452 885368224
t_num: 19 finish: 1473413456 573937170 start: 1473413454 623695700
t_num: 3 finish: 1473413456 938913790 start: 1473413453 724142660
t_num: 24 finish: 1473413458 249946473 start: 1473413455 44704662
t_num: 16 finish: 1473413459 325986629 start: 1473413453 307125797
t_num: 7 finish: 1473413459 433503616 start: 1473413455 44333330
t_num: 21 finish: 1473413459 620718427 start: 1473413452 888548013
t_num: 29 finish: 1473413459 620738093 start: 1473413454 954343780
t_num: 3 finish: 1473413459 620780721 start: 1473413456 938941356
t_num: 15 finish: 1473413459 620781421 start: 1473413456 938625911
t_num: 9 finish: 1473413459 621452724 start: 1473413457 804031947
t_num: 19 finish: 1473413459 656554282 start: 1473413456 573977401
t_num: 24 finish: 1473413459 656557690 start: 1473413458 249990666
t_num: 0 finish: 1473413460 505473205 start: 1473413455 274676040
t_num: 22 finish: 1473413460 723877691 start: 1473413454 375004918
t_num: 6 finish: 1473413461 152575727 start: 1473413456 27850459
t_num: 14 finish: 1473413461 485671631 start: 1473413455 274966296
t_num: 26 finish: 1473413461 783627218 start: 1473413456 206610997
t_num: 19 finish: 1473413461 974720966 start: 1473413459 656576891
t_num: 27 finish: 1473413461 974778256 start: 1473413456 37215801
t_num: 7 finish: 1473413462 276611623 start: 1473413459 433544792
t_num: 16 finish: 1473413462 733819704 start: 1473413459 326030709
t_num: 25 finish: 1473413463 97504500 start: 1473413457 682727333
t_num: 3 finish: 1473413463 126993602 start: 1473413459 620904459
t_num: 7 finish: 1473413464 205488977 start: 1473413462 276643654
t_num: 0 finish: 1473413464 205488977 start: 1473413460 505505467
t_num: 4 finish: 1473413465 62734593 start: 1473413461 974761510
t_num: 15 finish: 1473413465 63347997 start: 1473413462 604083327
t_num: 27 finish: 1473413465 858382973 start: 1473413461 974814094
t_num: 25 finish: 1473413466 143760989 start: 1473413463 97546129
t_num: 16 finish: 1473413466 293091019 start: 1473413462 733863764
t_num: 6 finish: 1473413466 670727583 start: 1473413461 152600432
t_num: 29 finish: 1473413466 670750114 start: 1473413461 355158139
t_num: 19 finish: 1473413467 193539124 start: 1473413465 63493135
t_num: 26 finish: 1473413467 406419225 start: 1473413462 484459431
t_num: 5 finish: 1473413468 707151030 start: 1473413463 132697428
t_num: 10 finish: 1473413468 707206049 start: 1473413463 589676536
t_num: 15 finish: 1473413468 707218317 start: 1473413465 63368478
t_num: 25 finish: 1473413468 707950128 start: 1473413466 143802675
t_num: 24 finish: 1473413468 708006603 start: 1473413464 922668912
t_num: 0 finish: 1473413468 708379070 start: 1473413464 205559838
t_num: 13 finish: 1473413468 708645176 start: 1473413464 632121441
t_num: 14 finish: 1473413469 143541825 start: 1473413467 348683546
t_num: 9 finish: 1473413469 317734228 start: 1473413464 617177969
t_num: 18 finish: 1473413469 369556708 start: 1473413468 344768096
t_num: 28 finish: 1473413470 249756255 start: 1473413468 177004822
t_num: 3 finish: 1473413470 249811612 start: 1473413465 62740717
t_num: 20 finish: 1473413470 448885667 start: 1473413465 560817898
t_num: 6 finish: 1473413471 600767139 start: 1473413466 670776843
t_num: 9 finish: 1473413471 695703032 start: 1473413469 317767809
t_num: 19 finish: 1473413471 695758427 start: 1473413467 193617342
t_num: 5 finish: 1473413472 301757460 start: 1473413468 707197765
t_num: 11 finish: 1473413472 546383575 start: 1473413467 406973025
t_num: 15 finish: 1473413473 582954148 start: 1473413470 250074635
t_num: 26 finish: 1473413473 872491896 start: 1473413468 708395791
t_num: 0 finish: 1473413474 301164767 start: 1473413470 251137147
t_num: 3 finish: 1473413474 725248849 start: 1473413470 249829466
t_num: 7 finish: 1473413475 320043514 start: 1473413470 249850048
t_num: 30 finish: 1473413475 357624517 start: 1473413472 644116670
t_num: 5 finish: 1473413475 554559664 start: 1473413472 301783613
t_num: 18 finish: 1473413475 635575306 start: 1473413472 979841550
t_num: 2 finish: 1473413476 392514454 start: 1473413472 242560870
t_num: 6 finish: 1473413476 460976119 start: 1473413471 600830514
t_num: 14 finish: 1473413476 596116309 start: 1473413469 143581543
t_num: 26 finish: 1473413476 596165789 start: 1473413473 872517515
t_num: 13 finish: 1473413476 933739052 start: 1473413472 276023832
t_num: 0 finish: 1473413476 933763056 start: 1473413474 301226062
t_num: 10 finish: 1473413477 64286345 start: 1473413470 249879053
t_num: 19 finish: 1473413477 137506984 start: 1473413473 373827920
t_num: 9 finish: 1473413477 613164012 start: 1473413473 630141047
t_num: 27 finish: 1473413477 782382232 start: 1473413472 655306975
t_num: 24 finish: 1473413477 941470359 start: 1473413468 708026562
t_num: 20 finish: 1473413478 28355828 start: 1473413474 426530443
t_num: 7 finish: 1473413478 642851939 start: 1473413475 320086140
t_num: 1 finish: 1473413478 726288633 start: 1473413473 613564236
t_num: 10 finish: 1473413481 246819717 start: 1473413477 64307591
t_num: 6 finish: 1473413481 272764369 start: 1473413476 461020683
t_num: 8 finish: 1473413481 329006985 start: 1473413476 596315199
t_num: 18 finish: 1473413481 342928015 start: 1473413475 635606026
t_num: 3 finish: 1473413481 383948476 start: 1473413474 725276531
t_num: 26 finish: 1473413482 378237237 start: 1473413479 539521395
t_num: 17 finish: 1473413482 378273655 start: 1473413476 933719135
t_num: 30 finish: 1473413482 378664941 start: 1473413476 843239949
t_num: 0 finish: 1473413482 378664938 start: 1473413477 685140575
t_num: 22 finish: 1473413482 611667373 start: 1473413477 730443831
t_num: 1 finish: 1473413482 727084880 start: 1473413478 726308808
t_num: 5 finish: 1473413483 131313846 start: 1473413478 26379967
t_num: 9 finish: 1473413484 352551056 start: 1473413479 768851163
t_num: 29 finish: 1473413484 352763616 start: 1473413480 197684082
t_num: 14 finish: 1473413484 353070654 start: 1473413479 495452290
t_num: 27 finish: 1473413484 353097595 start: 1473413477 782401046
t_num: 8 finish: 1473413484 437273402 start: 1473413481 329047208
t_num: 23 finish: 1473413484 437290956 start: 1473413480 341993966
t_num: 20 finish: 1473413484 908885244 start: 1473413478 28379363
t_num: 2 finish: 1473413485 92237134 start: 1473413481 383954252
t_num: 10 finish: 1473413485 93602906 start: 1473413481 246854477
t_num: 16 finish: 1473413486 86756320 start: 1473413482 378685788
t_num: 12 finish: 1473413486 374868548 start: 1473413481 818996588
t_num: 19 finish: 1473413486 482666595 start: 1473413478 556196529
t_num: 18 finish: 1473413486 654852718 start: 1473413481 342951613
t_num: 30 finish: 1473413487 341372514 start: 1473413483 423655909
t_num: 17 finish: 1473413488 375931369 start: 1473413483 862070771
t_num: 3 finish: 1473413488 703408654 start: 1473413484 690310529
t_num: 22 finish: 1473413489 43867786 start: 1473413484 185764150
t_num: 0 finish: 1473413489 88846907 start: 1473413483 862051786
t_num: 20 finish: 1473413489 88913118 start: 1473413484 908954382
t_num: 13 finish: 1473413489 138405605 start: 1473413481 548443646
t_num: 9 finish: 1473413489 455634775 start: 1473413484 352575204
t_num: 4 finish: 1473413489 949489639 start: 1473413486 374902593
t_num: 31 finish: 1473413490 669562829 start: 1473413487 110339091
t_num: 23 finish: 1473413491 68803719 start: 1473413486 466770705
t_num: 25 finish: 1473413491 166879567 start: 1473413485 846709418
t_num: 18 finish: 1473413491 391044648 start: 1473413486 654892868
t_num: 21 finish: 1473413491 391151327 start: 1473413487 898963210
t_num: 2 finish: 1473413491 391287481 start: 1473413485 594835682
t_num: 29 finish: 1473413492 335145012 start: 1473413486 112725479
t_num: 10 finish: 1473413492 335240840 start: 1473413485 93624104
t_num: 14 finish: 1473413492 348024908 start: 1473413489 160957221
t_num: 27 finish: 1473413492 348077726 start: 1473413484 353115998
t_num: 30 finish: 1473413492 348120829 start: 1473413487 341421043
t_num: 19 finish: 1473413492 348134679 start: 1473413486 482692469
t_num: 3 finish: 1473413492 348948031 start: 1473413489 545311105
t_num: 2 finish: 1473413493 699331565 start: 1473413491 391305407
t_num: 13 finish: 1473413494 565923408 start: 1473413489 949539008
t_num: 22 finish: 1473413494 794733415 start: 1473413489 43909788
t_num: 12 finish: 1473413494 942814769 start: 1473413487 898989516
t_num: 18 finish: 1473413495 362719314 start: 1473413491 391108354
t_num: 9 finish: 1473413495 762568416 start: 1473413491 423672479
t_num: 3 finish: 1473413496 27410370 start: 1473413492 348967228
t_num: 27 finish: 1473413496 359493091 start: 1473413492 348136899
t_num: 20 finish: 1473413496 460047022 start: 1473413489 88932168
t_num: 21 finish: 1473413496 553004811 start: 1473413494 325733925
t_num: 15 finish: 1473413496 553120045 start: 1473413493 505503859
t_num: 30 finish: 1473413496 668234692 start: 1473413492 348274332
t_num: 28 finish: 1473413496 996269746 start: 1473413490 330460859
t_num: 25 finish: 1473413497 57046219 start: 1473413493 78603723
t_num: 7 finish: 1473413497 285883477 start: 1473413492 989469466
t_num: 14 finish: 1473413497 753974392 start: 1473413492 348070613
t_num: 4 finish: 1473413497 914417676 start: 1473413495 511691408
t_num: 29 finish: 1473413498 699912809 start: 1473413492 335217525
t_num: 22 finish: 1473413499 336406548 start: 1473413494 794757068
t_num: 6 finish: 1473413499 435676692 start: 1473413495 511751320
t_num: 15 finish: 1473413500 307665294 start: 1473413497 649124799
t_num: 2 finish: 1473413500 407395284 start: 1473413495 511720375
t_num: 1 finish: 1473413500 896367060 start: 1473413494 660039313
t_num: 24 finish: 1473413501 107887420 start: 1473413494 760935097
t_num: 4 finish: 1473413501 109393739 start: 1473413497 914446886
t_num: 30 finish: 1473413501 530039093 start: 1473413497 914644455
t_num: 19 finish: 1473413501 610280114 start: 1473413494 523762505
t_num: 3 finish: 1473413501 697061591 start: 1473413497 57084335
t_num: 25 finish: 1473413501 771362853 start: 1473413499 147964878
t_num: 18 finish: 1473413502 742122799 start: 1473413496 553036707
t_num: 20 finish: 1473413502 814554597 start: 1473413497 649140741
t_num: 21 finish: 1473413502 814558351 start: 1473413496 553047892
t_num: 8 finish: 1473413502 814625290 start: 1473413499 488826873
t_num: 12 finish: 1473413502 815325973 start: 1473413496 953781314
t_num: 6 finish: 1473413502 815942619 start: 1473413501 22541562
t_num: 29 finish: 1473413502 932621203 start: 1473413498 699953391
t_num: 28 finish: 1473413504 114646464 start: 1473413498 459965852
t_num: 1 finish: 1473413504 284016119 start: 1473413500 896410150
t_num: 27 finish: 1473413505 507203087 start: 1473413497 52028043
t_num: 24 finish: 1473413505 908351386 start: 1473413501 107924684
t_num: 13 finish: 1473413506 635514522 start: 1473413500 176121639
t_num: 22 finish: 1473413507 11441287 start: 1473413499 336471500
t_num: 7 finish: 1473413507 92775775 start: 1473413501 21914086
t_num: 21 finish: 1473413507 224661526 start: 1473413503 920302160
t_num: 15 finish: 1473413507 334776010 start: 1473413500 307724298
t_num: 25 finish: 1473413507 413284345 start: 1473413501 771389965
t_num: 14 finish: 1473413507 948422750 start: 1473413500 386845637
t_num: 5 finish: 1473413508 329256999 start: 1473413505 190039219
t_num: 24 finish: 1473413508 462400217 start: 1473413505 908394575
t_num: 29 finish: 1473413508 578509341 start: 1473413503 937451670
t_num: 8 finish: 1473413508 616198355 start: 1473413503 694193903
t_num: 13 finish: 1473413508 626766596 start: 1473413506 635558174
t_num: 0 finish: 1473413508 906979252 start: 1473413507 801026084
t_num: 29 finish: 1473413509 164156114 start: 1473413508 827299750
t_num: 19 finish: 1473413509 629470910 start: 1473413502 266911589
t_num: 16 finish: 1473413509 630845205 start: 1473413503 874873183
t_num: 13 finish: 1473413509 634083829 start: 1473413508 626783356
t_num: 22 finish: 1473413509 637624288 start: 1473413507 11516603
t_num: 4 finish: 1473413509 638651097 start: 1473413502 815853946
t_num: 28 finish: 1473413509 644402161 start: 1473413505 124418177
t_num: 18 finish: 1473413510 572353543 start: 1473413502 742165299
t_num: 29 finish: 1473413510 962834888 start: 1473413509 164188451
t_num: 6 finish: 1473413511 731724052 start: 1473413504 60100606
t_num: 20 finish: 1473413511 757357429 start: 1473413503 967161221
t_num: 11 finish: 1473413512 296007638 start: 1473413510 310928725
t_num: 21 finish: 1473413512 296347595 start: 1473413510 962927050
t_num: 14 finish: 1473413512 466030079 start: 1473413507 948486260
t_num: 1 finish: 1473413512 708090366 start: 1473413505 909252842
t_num: 10 finish: 1473413513 523846267 start: 1473413510 366604163
t_num: 27 finish: 1473413514 305725343 start: 1473413505 507245624
t_num: 0 finish: 1473413514 311013411 start: 1473413509 577303309
t_num: 25 finish: 1473413515 10456528 start: 1473413508 110654156
t_num: 16 finish: 1473413515 191062981 start: 1473413511 967699134
t_num: 18 finish: 1473413515 321983747 start: 1473413510 572386968
t_num: 4 finish: 1473413516 356451500 start: 1473413509 638672112
t_num: 13 finish: 1473413516 367560566 start: 1473413511 731943079
t_num: 28 finish: 1473413516 367760987 start: 1473413511 731879180
t_num: 23 finish: 1473413516 368212253 start: 1473413511 757397633
t_num: 21 finish: 1473413516 497835531 start: 1473413512 296367959
t_num: 9 finish: 1473413516 704305222 start: 1473413515 452174196
t_num: 19 finish: 1473413516 949472752 start: 1473413514 7610745
t_num: 6 finish: 1473413516 949516564 start: 1473413511 731771499
t_num: 26 finish: 1473413517 37336859 start: 1473413509 949806009
t_num: 14 finish: 1473413517 106279871 start: 1473413512 466072196
t_num: 11 finish: 1473413517 118929377 start: 1473413514 353139196
t_num: 15 finish: 1473413518 981992346 start: 1473413514 254160532
t_num: 1 finish: 1473413519 60277869 start: 1473413512 708133389
t_num: 9 finish: 1473413519 273661255 start: 1473413516 704347620
t_num: 5 finish: 1473413519 414201431 start: 1473413515 321650996
t_num: 21 finish: 1473413519 429908620 start: 1473413516 497876567
t_num: 26 finish: 1473413520 412434075 start: 1473413517 37373364
t_num: 16 finish: 1473413520 716582726 start: 1473413515 191110026
t_num: 13 finish: 1473413521 18319098 start: 1473413518 989914542
t_num: 23 finish: 1473413521 19086706 start: 1473413517 572719325
t_num: 19 finish: 1473413521 514404875 start: 1473413516 949512230
t_num: 7 finish: 1473413521 695613133 start: 1473413516 368282372
t_num: 0 finish: 1473413521 938335100 start: 1473413515 11357897
t_num: 10 finish: 1473413522 500410246 start: 1473413516 455872066
t_num: 27 finish: 1473413522 714134376 start: 1473413517 886995496
t_num: 2 finish: 1473413522 795568925 start: 1473413517 694876490
t_num: 30 finish: 1473413522 861513673 start: 1473413517 761204868
t_num: 12 finish: 1473413523 124030128 start: 1473413517 691954250
t_num: 9 finish: 1473413523 213934837 start: 1473413519 273704065
t_num: 1 finish: 1473413523 281394713 start: 1473413519 60299485
t_num: 26 finish: 1473413524 79768633 start: 1473413520 412492505
t_num: 16 finish: 1473413524 874809542 start: 1473413520 716606105
t_num: 11 finish: 1473413525 264514617 start: 1473413520 172200824
t_num: 3 finish: 1473413525 609088376 start: 1473413520 716553765
t_num: 23 finish: 1473413525 622506299 start: 1473413522 860919863
t_num: 25 finish: 1473413525 622507936 start: 1473413521 861518451
t_num: 7 finish: 1473413525 727745474 start: 1473413521 695638512
t_num: 15 finish: 1473413525 936185836 start: 1473413521 530948892
t_num: 12 finish: 1473413526 447518805 start: 1473413523 124074618
t_num: 0 finish: 1473413527 127395481 start: 1473413521 938375283
t_num: 27 finish: 1473413527 647279539 start: 1473413524 516155652
t_num: 31 finish: 1473413527 692131396 start: 1473413524 834330385
t_num: 1 finish: 1473413527 692242597 start: 1473413523 281452735
t_num: 14 finish: 1473413527 692310335 start: 1473413523 503289868
t_num: 21 finish: 1473413527 761226212 start: 1473413524 751871043
t_num: 30 finish: 1473413527 761594894 start: 1473413522 861535164
t_num: 13 finish: 1473413528 236145465 start: 1473413521 18361845
t_num: 5 finish: 1473413528 493670973 start: 1473413524 954678948
t_num: 2 finish: 1473413528 889673144 start: 1473413524 845930012
t_num: 19 finish: 1473413529 562076074 start: 1473413524 516173845
t_num: 16 finish: 1473413529 838843783 start: 1473413527 590179541
t_num: 25 finish: 1473413530 594691445 start: 1473413525 622553194
t_num: 13 finish: 1473413530 703007638 start: 1473413528 236189195
t_num: 31 finish: 1473413531 391596257 start: 1473413527 692175986
t_num: 2 finish: 1473413531 391930427 start: 1473413528 889707178
t_num: 12 finish: 1473413531 731918285 start: 1473413528 158487275
t_num: 21 finish: 1473413531 740206545 start: 1473413528 453471043
t_num: 22 finish: 1473413532 480745968 start: 1473413528 317009192
t_num: 6 finish: 1473413532 564008377 start: 1473413525 520694828
t_num: 30 finish: 1473413532 647692523 start: 1473413527 761614116
t_num: 11 finish: 1473413532 658298691 start: 1473413525 264552719
t_num: 14 finish: 1473413532 658298691 start: 1473413527 692328112
t_num: 27 finish: 1473413532 868068393 start: 1473413527 647305753
t_num: 0 finish: 1473413533 36351265 start: 1473413529 846177814
t_num: 26 finish: 1473413533 613795932 start: 1473413529 461075411
t_num: 16 finish: 1473413533 706273833 start: 1473413529 838880356
t_num: 25 finish: 1473413533 995737052 start: 1473413531 656944948
t_num: 20 finish: 1473413534 134610473 start: 1473413530 607140265
t_num: 22 finish: 1473413534 135975251 start: 1473413532 480785667
t_num: 11 finish: 1473413534 203719233 start: 1473413532 658321873
t_num: 8 finish: 1473413534 352563674 start: 1473413531 286192721
t_num: 15 finish: 1473413535 443899107 start: 1473413530 708437579
t_num: 27 finish: 1473413535 574047620 start: 1473413532 868112883
t_num: 28 finish: 1473413535 574393314 start: 1473413530 217779001
t_num: 24 finish: 1473413535 574465196 start: 1473413529 795351531
t_num: 0 finish: 1473413536 135363733 start: 1473413533 36392848
t_num: 30 finish: 1473413536 576354437 start: 1473413533 614053051
t_num: 20 finish: 1473413536 826270955 start: 1473413534 134653972
t_num: 22 finish: 1473413536 826342047 start: 1473413534 135996583
t_num: 12 finish: 1473413537 835488248 start: 1473413533 706342531
t_num: 5 finish: 1473413538 746405605 start: 1473413533 744844836
t_num: 19 finish: 1473413538 747768160 start: 1473413531 779755019
t_num: 21 finish: 1473413538 747859913 start: 1473413535 574892920
t_num: 28 finish: 1473413538 748644009 start: 1473413535 574413079
t_num: 6 finish: 1473413538 749297677 start: 1473413534 603403564
t_num: 15 finish: 1473413538 749493045 start: 1473413535 443935703
t_num: 8 finish: 1473413538 750285445 start: 1473413534 352607128
t_num: 11 finish: 1473413539 155158029 start: 1473413536 576430240
t_num: 0 finish: 1473413539 175610364 start: 1473413536 135422074
t_num: 4 finish: 1473413539 261948677 start: 1473413535 574078390
t_num: 24 finish: 1473413539 662019174 start: 1473413538 4634772
t_num: 14 finish: 1473413539 662098470 start: 1473413536 851483003
t_num: 19 finish: 1473413539 662191419 start: 1473413538 747789084
t_num: 20 finish: 1473413541 429688800 start: 1473413536 826317816
t_num: 18 finish: 1473413541 429736506 start: 1473413537 879458773
t_num: 12 finish: 1473413541 429760116 start: 1473413537 835532872
t_num: 16 finish: 1473413541 842705495 start: 1473413536 284913653
t_num: 11 finish: 1473413541 843133130 start: 1473413539 155198491
t_num: 21 finish: 1473413542 779068322 start: 1473413538 747877112
t_num: 0 finish: 1473413543 262764429 start: 1473413539 175643669
t_num: 30 finish: 1473413543 563040237 start: 1473413539 662727710
t_num: 5 finish: 1473413543 804337309 start: 1473413540 270078790
t_num: 15 finish: 1473413543 963716790 start: 1473413538 749510400
t_num: 12 finish: 1473413544 387940677 start: 1473413541 429774124
t_num: 8 finish: 1473413544 491930748 start: 1473413541 481900267
t_num: 27 finish: 1473413544 491994302 start: 1473413538 746493174
t_num: 23 finish: 1473413545 328632787 start: 1473413542 994941498
t_num: 24 finish: 1473413546 32589107 start: 1473413540 490599420
t_num: 4 finish: 1473413546 32695322 start: 1473413539 261992197
t_num: 13 finish: 1473413546 32760575 start: 1473413542 932505357
t_num: 20 finish: 1473413546 729589301 start: 1473413542 995175512
t_num: 18 finish: 1473413546 847862966 start: 1473413544 491945339
t_num: 17 finish: 1473413547 440636759 start: 1473413541 843207105
t_num: 27 finish: 1473413547 533514111 start: 1473413544 492008256
t_num: 21 finish: 1473413548 32359390 start: 1473413545 30420255
t_num: 22 finish: 1473413548 32418870 start: 1473413541 429409189
t_num: 11 finish: 1473413548 32574679 start: 1473413541 843153606
t_num: 5 finish: 1473413548 33093624 start: 1473413544 492121882
t_num: 0 finish: 1473413548 381662660 start: 1473413543 492040932
t_num: 24 finish: 1473413548 416126453 start: 1473413546 32616082
t_num: 20 finish: 1473413548 521502899 start: 1473413546 729633155
t_num: 13 finish: 1473413548 572509730 start: 1473413546 32777709
t_num: 15 finish: 1473413548 773002774 start: 1473413543 963757650
t_num: 14 finish: 1473413549 179996175 start: 1473413542 3499409
t_num: 9 finish: 1473413549 336571127 start: 1473413546 729779756
t_num: 8 finish: 1473413550 729950465 start: 1473413544 491976498
t_num: 24 finish: 1473413552 473404009 start: 1473413548 416149716
t_num: 14 finish: 1473413552 983385620 start: 1473413550 18712391
t_num: 5 finish: 1473413553 148017381 start: 1473413548 33112224
t_num: 9 finish: 1473413553 600310910 start: 1473413549 336633390
t_num: 22 finish: 1473413553 726908189 start: 1473413548 32437735
t_num: 19 finish: 1473413553 726961591 start: 1473413547 950213332
t_num: 21 finish: 1473413553 727049079 start: 1473413548 32401942
t_num: 0 finish: 1473413554 168699462 start: 1473413548 381712974
t_num: 13 finish: 1473413554 314491809 start: 1473413548 572529258
t_num: 15 finish: 1473413554 314509057 start: 1473413548 773060719
t_num: 28 finish: 1473413554 314581553 start: 1473413545 30512246
t_num: 24 finish: 1473413554 383269596 start: 1473413552 473449196
t_num: 3 finish: 1473413554 383276397 start: 1473413551 589826203
t_num: 31 finish: 1473413554 962459236 start: 1473413550 353123459
t_num: 23 finish: 1473413555 591261126 start: 1473413548 33049834
t_num: 4 finish: 1473413555 633353798 start: 1473413548 416177901
t_num: 1 finish: 1473413555 719135595 start: 1473413548 572340175
t_num: 27 finish: 1473413556 437716182 start: 1473413551 599528146
t_num: 25 finish: 1473413556 500278409 start: 1473413551 601096815
t_num: 8 finish: 1473413556 811342633 start: 1473413550 729987369
t_num: 6 finish: 1473413556 979551268 start: 1473413551 902981976
t_num: 17 finish: 1473413557 103710615 start: 1473413549 718052018
t_num: 13 finish: 1473413557 457392839 start: 1473413554 314558060
t_num: 14 finish: 1473413557 510511696 start: 1473413555 550664251
t_num: 19 finish: 1473413557 681421123 start: 1473413553 726995246
t_num: 21 finish: 1473413558 595826821 start: 1473413555 407049805
t_num: 2 finish: 1473413558 596371902 start: 1473413552 837481022
t_num: 26 finish: 1473413558 710004376 start: 1473413555 344631514
t_num: 24 finish: 1473413558 872122467 start: 1473413555 448037706
t_num: 30 finish: 1473413560 200492189 start: 1473413555 343942076
t_num: 28 finish: 1473413560 305416612 start: 1473413555 326451978
t_num: 3 finish: 1473413560 305444320 start: 1473413555 192481571
t_num: 15 finish: 1473413560 305606737 start: 1473413554 314659494
t_num: 4 finish: 1473413560 305774351 start: 1473413555 633376443
t_num: 23 finish: 1473413560 306477158 start: 1473413556 164139859
t_num: 8 finish: 1473413560 306740812 start: 1473413556 811368222
t_num: 25 finish: 1473413560 307125780 start: 1473413556 500315176
t_num: 31 finish: 1473413560 307164839 start: 1473413554 962494901
t_num: 19 finish: 1473413560 774432106 start: 1473413557 681469823
t_num: 13 finish: 1473413560 855829457 start: 1473413557 457433114
t_num: 17 finish: 1473413561 137808113 start: 1473413557 103758205
t_num: 9 finish: 1473413561 778087014 start: 1473413556 807285829
t_num: 24 finish: 1473413562 98979451 start: 1473413558 872145777
t_num: 14 finish: 1473413562 274263454 start: 1473413557 510547428
t_num: 6 finish: 1473413562 401592879 start: 1473413559 209111295
t_num: 29 finish: 1473413563 913719780 start: 1473413558 166355702
t_num: 15 finish: 1473413564 224383566 start: 1473413561 629445913
t_num: 27 finish: 1473413564 689956700 start: 1473413562 891446229
t_num: 9 finish: 1473413564 840038168 start: 1473413561 778114707
t_num: 30 finish: 1473413565 521818243 start: 1473413561 778209830
t_num: 19 finish: 1473413565 749484583 start: 1473413560 774472347
t_num: 7 finish: 1473413565 783554063 start: 1473413560 307378991
t_num: 26 finish: 1473413566 720432060 start: 1473413560 307231621
t_num: 31 finish: 1473413566 720497491 start: 1473413560 307179982
t_num: 16 finish: 1473413566 743787122 start: 1473413560 855793208
t_num: 17 finish: 1473413566 743897629 start: 1473413561 137852519
t_num: 12 finish: 1473413566 744250104 start: 1473413562 706270369
t_num: 25 finish: 1473413566 744348602 start: 1473413562 274319564
t_num: 24 finish: 1473413566 929037391 start: 1473413562 99040256
t_num: 28 finish: 1473413567 941372842 start: 1473413561 628514034
t_num: 29 finish: 1473413568 24908832 start: 1473413563 913761198
t_num: 4 finish: 1473413568 24909233 start: 1473413563 986824645
t_num: 23 finish: 1473413568 144537440 start: 1473413565 260654678
t_num: 19 finish: 1473413568 861606198 start: 1473413567 499556305
t_num: 17 finish: 1473413568 910688921 start: 1473413566 743927405
t_num: 10 finish: 1473413568 910701905 start: 1473413565 303864637
t_num: 8 finish: 1473413569 110964165 start: 1473413562 401612690
t_num: 27 finish: 1473413570 158303008 start: 1473413566 247237310
t_num: 7 finish: 1473413570 706715970 start: 1473413566 927710705
t_num: 15 finish: 1473413570 706905459 start: 1473413565 83833893
t_num: 6 finish: 1473413570 808216784 start: 1473413566 745113757
t_num: 9 finish: 1473413570 808358107 start: 1473413566 247852456
t_num: 25 finish: 1473413571 401402896 start: 1473413567 96296908
t_num: 4 finish: 1473413571 401426501 start: 1473413568 25030846
t_num: 23 finish: 1473413571 401466621 start: 1473413568 144555712
t_num: 26 finish: 1473413571 401467237 start: 1473413566 720475426
t_num: 16 finish: 1473413571 422961602 start: 1473413566 743828612
t_num: 29 finish: 1473413571 423017868 start: 1473413568 24969447
t_num: 12 finish: 1473413571 876210225 start: 1473413569 772719739
t_num: 27 finish: 1473413571 876762829 start: 1473413570 158331559
t_num: 20 finish: 1473413572 176798112 start: 1473413568 58013756
t_num: 31 finish: 1473413575 93101348 start: 1473413566 720513591
t_num: 1 finish: 1473413575 93143138 start: 1473413571 869512173
t_num: 15 finish: 1473413575 287269987 start: 1473413571 423923697
t_num: 17 finish: 1473413575 365297915 start: 1473413574 27601046
t_num: 4 finish: 1473413575 523616458 start: 1473413571 401483211
t_num: 8 finish: 1473413576 189741527 start: 1473413569 111028708
t_num: 10 finish: 1473413576 234857835 start: 1473413568 910852472
t_num: 26 finish: 1473413576 301675795 start: 1473413571 765273664
t_num: 16 finish: 1473413576 302717539 start: 1473413571 765983107
t_num: 6 finish: 1473413576 421589424 start: 1473413572 737383826
t_num: 1 finish: 1473413576 979538727 start: 1473413575 93160209
t_num: 12 finish: 1473413577 103484349 start: 1473413571 876233989
t_num: 11 finish: 1473413577 103489485 start: 1473413573 587103193
t_num: 23 finish: 1473413577 167804411 start: 1473413571 401525313
t_num: 21 finish: 1473413577 168042918 start: 1473413571 422897329
t_num: 20 finish: 1473413577 564027700 start: 1473413575 93097281
t_num: 19 finish: 1473413577 569571863 start: 1473413571 423532670
t_num: 9 finish: 1473413577 690242005 start: 1473413575 93080622
t_num: 31 finish: 1473413577 869880114 start: 1473413576 231064991
t_num: 8 finish: 1473413579 633392316 start: 1473413576 189779208
t_num: 15 finish: 1473413579 916675489 start: 1473413575 287308336
t_num: 25 finish: 1473413580 171853189 start: 1473413576 135587254
t_num: 23 finish: 1473413581 125603387 start: 1473413577 167829131
t_num: 14 finish: 1473413581 186661186 start: 1473413577 562965222
t_num: 8 finish: 1473413581 187209555 start: 1473413579 633431704
t_num: 4 finish: 1473413581 187222892 start: 1473413575 523700029
t_num: 26 finish: 1473413581 672799594 start: 1473413576 979348666
t_num: 29 finish: 1473413581 825335877 start: 1473413577 168084450
t_num: 2 finish: 1473413581 921224424 start: 1473413577 692038538
t_num: 3 finish: 1473413581 922009519 start: 1473413576 819262051
t_num: 12 finish: 1473413582 767887081 start: 1473413577 103542835
t_num: 9 finish: 1473413582 768503371 start: 1473413577 690269967
t_num: 31 finish: 1473413583 19858788 start: 1473413579 833864608
t_num: 13 finish: 1473413583 47358385 start: 1473413576 12132242
t_num: 28 finish: 1473413583 610593895 start: 1473413578 464448066
t_num: 21 finish: 1473413583 762592587 start: 1473413579 916078481
t_num: 19 finish: 1473413583 770118101 start: 1473413580 99946567
t_num: 11 finish: 1473413584 556444559 start: 1473413580 21836861
t_num: 6 finish: 1473413584 642667059 start: 1473413579 663298505
t_num: 14 finish: 1473413584 642731978 start: 1473413581 186692383
t_num: 16 finish: 1473413584 728689977 start: 1473413579 112448748
t_num: 29 finish: 1473413585 429594662 start: 1473413581 825368002
t_num: 20 finish: 1473413585 507839696 start: 1473413583 86746506
t_num: 28 finish: 1473413586 755755524 start: 1473413583 610628796
t_num: 2 finish: 1473413586 881049507 start: 1473413583 404679227
t_num: 3 finish: 1473413586 881381642 start: 1473413581 922031335
t_num: 12 finish: 1473413587 87077098 start: 1473413583 504263449
t_num: 0 finish: 1473413587 208643938 start: 1473413583 148880853
t_num: 4 finish: 1473413587 240174911 start: 1473413582 81405415
t_num: 15 finish: 1473413588 124645366 start: 1473413583 19075691
t_num: 21 finish: 1473413588 132710370 start: 1473413583 762629513
t_num: 24 finish: 1473413588 132743102 start: 1473413584 154670799
t_num: 8 finish: 1473413588 132711930 start: 1473413582 392898460
t_num: 14 finish: 1473413589 540616049 start: 1473413585 133035869
t_num: 9 finish: 1473413589 540633202 start: 1473413582 768524640
t_num: 29 finish: 1473413589 965556864 start: 1473413588 78291003
t_num: 25 finish: 1473413590 552256417 start: 1473413586 881029893
t_num: 16 finish: 1473413590 813997786 start: 1473413584 728714399
t_num: 12 finish: 1473413590 814064275 start: 1473413587 87140822
t_num: 28 finish: 1473413590 814093815 start: 1473413586 755800363
t_num: 13 finish: 1473413590 874172160 start: 1473413583 47404237
t_num: 21 finish: 1473413591 779033796 start: 1473413588 132738792
t_num: 14 finish: 1473413591 779342694 start: 1473413589 540640315
t_num: 11 finish: 1473413591 779415143 start: 1473413587 819623210
t_num: 6 finish: 1473413591 779639893 start: 1473413587 819751759
t_num: 18 finish: 1473413591 780557901 start: 1473413588 950398768
t_num: 9 finish: 1473413591 780880527 start: 1473413589 540648479
t_num: 0 finish: 1473413592 292836427 start: 1473413587 208707166
t_num: 29 finish: 1473413592 360179347 start: 1473413589 965601129
t_num: 4 finish: 1473413592 791252508 start: 1473413587 240194013
t_num: 8 finish: 1473413593 719119313 start: 1473413588 132790548
t_num: 30 finish: 1473413593 746775577 start: 1473413590 144237493
t_num: 15 finish: 1473413593 747341717 start: 1473413590 198995335
t_num: 28 finish: 1473413593 747352679 start: 1473413590 814105290
t_num: 14 finish: 1473413593 747499884 start: 1473413591 779363069
t_num: 9 finish: 1473413593 747653579 start: 1473413591 780901268
t_num: 25 finish: 1473413593 747736572 start: 1473413590 552299818
t_num: 13 finish: 1473413593 748094580 start: 1473413590 874197460
t_num: 11 finish: 1473413593 796718661 start: 1473413591 779434170
t_num: 12 finish: 1473413594 621644201 start: 1473413591 781034790
t_num: 30 finish: 1473413596 396903442 start: 1473413593 746822968
t_num: 13 finish: 1473413596 397021323 start: 1473413593 748113314
t_num: 8 finish: 1473413596 649160987 start: 1473413593 719146263
t_num: 29 finish: 1473413596 816225165 start: 1473413593 747147036
t_num: 23 finish: 1473413596 897655617 start: 1473413595 609216948
t_num: 1 finish: 1473413597 20113356 start: 1473413593 719590163
t_num: 15 finish: 1473413597 760761043 start: 1473413593 747361491
t_num: 27 finish: 1473413597 762588601 start: 1473413591 779063986
t_num: 8 finish: 1473413597 921528082 start: 1473413596 649218650
t_num: 24 finish: 1473413598 320935675 start: 1473413593 718950318
t_num: 9 finish: 1473413598 339772254 start: 1473413593 747672866
t_num: 28 finish: 1473413598 339772267 start: 1473413593 747367579
t_num: 6 finish: 1473413598 786352746 start: 1473413596 396358343
t_num: 2 finish: 1473413598 999154712 start: 1473413593 718979006
t_num: 12 finish: 1473413600 369299941 start: 1473413594 621673980
t_num: 21 finish: 1473413600 369349248 start: 1473413594 620981243
t_num: 29 finish: 1473413600 841621637 start: 1473413596 816256165
t_num: 2 finish: 1473413601 482381781 start: 1473413598 999185479
t_num: 20 finish: 1473413601 588775670 start: 1473413598 643961182
t_num: 6 finish: 1473413601 626958314 start: 1473413598 786391375
t_num: 27 finish: 1473413602 464813262 start: 1473413597 762610406
t_num: 25 finish: 1473413602 464954022 start: 1473413599 537298700
t_num: 14 finish: 1473413602 709913985 start: 1473413596 396915812
t_num: 10 finish: 1473413602 955270080 start: 1473413600 232278240
t_num: 11 finish: 1473413603 566052569 start: 1473413597 275726858
t_num: 7 finish: 1473413603 566140818 start: 1473413596 814088965
t_num: 28 finish: 1473413603 796829905 start: 1473413598 339820672
t_num: 2 finish: 1473413603 851028168 start: 1473413601 482416413
t_num: 17 finish: 1473413604 963934174 start: 1473413599 43756530
t_num: 1 finish: 1473413605 15304460 start: 1473413600 232061881
t_num: 13 finish: 1473413605 618514409 start: 1473413601 30005923
t_num: 6 finish: 1473413606 18954174 start: 1473413601 626999106
t_num: 12 finish: 1473413606 219685167 start: 1473413600 369339279
t_num: 21 finish: 1473413606 385964850 start: 1473413602 710011544
t_num: 9 finish: 1473413606 449871200 start: 1473413602 400152734
t_num: 30 finish: 1473413606 450910225 start: 1473413602 709873416
t_num: 20 finish: 1473413606 744278414 start: 1473413602 704233678
t_num: 29 finish: 1473413606 746403802 start: 1473413600 841673831
t_num: 8 finish: 1473413607 210519258 start: 1473413603 796950325
t_num: 1 finish: 1473413607 270970545 start: 1473413605 15325356
t_num: 31 finish: 1473413607 344979408 start: 1473413604 785287797
t_num: 19 finish: 1473413608 219450436 start: 1473413603 386112876
t_num: 14 finish: 1473413609 170611072 start: 1473413604 766100897
t_num: 28 finish: 1473413609 170837303 start: 1473413603 796863667
t_num: 27 finish: 1473413609 419170611 start: 1473413603 304721824
t_num: 12 finish: 1473413610 356105490 start: 1473413606 219729227
t_num: 2 finish: 1473413610 356109729 start: 1473413603 851070687
t_num: 11 finish: 1473413610 685672102 start: 1473413605 550489412
t_num: 27 finish: 1473413611 175709164 start: 1473413609 419195572
t_num: 25 finish: 1473413611 329012322 start: 1473413608 147761115
t_num: 21 finish: 1473413611 329019034 start: 1473413606 385997772
t_num: 17 finish: 1473413611 329362488 start: 1473413605 550685420
t_num: 19 finish: 1473413611 610995418 start: 1473413608 219482652
t_num: 9 finish: 1473413611 611411052 start: 1473413608 369860536
t_num: 7 finish: 1473413611 831672052 start: 1473413608 420742324
t_num: 13 finish: 1473413613 413879266 start: 1473413609 419143695
t_num: 20 finish: 1473413613 413886463 start: 1473413606 744321536
t_num: 5 finish: 1473413614 65403426 start: 1473413606 786392177
t_num: 3 finish: 1473413614 65473892 start: 1473413609 319778240
t_num: 30 finish: 1473413614 206302352 start: 1473413606 450927368
t_num: 24 finish: 1473413614 964763384 start: 1473413606 495205311
t_num: 11 finish: 1473413615 307519507 start: 1473413610 685706410
t_num: 1 finish: 1473413615 331379578 start: 1473413609 941566170
t_num: 31 finish: 1473413615 364029261 start: 1473413609 880328647
t_num: 25 finish: 1473413616 696027751 start: 1473413611 329060147
t_num: 12 finish: 1473413616 696103639 start: 1473413612 489602902
t_num: 8 finish: 1473413616 696237435 start: 1473413611 329067630
t_num: 2 finish: 1473413616 875905308 start: 1473413612 489414509
t_num: 18 finish: 1473413616 978575827 start: 1473413613 916950727
t_num: 5 finish: 1473413617 141936165 start: 1473413614 65446432
t_num: 28 finish: 1473413617 141954597 start: 1473413613 195365771
t_num: 19 finish: 1473413617 142078004 start: 1473413611 611040110
t_num: 24 finish: 1473413617 879241604 start: 1473413614 964786735
t_num: 7 finish: 1473413618 254615601 start: 1473413613 373814183
t_num: 17 finish: 1473413618 323280867 start: 1473413611 329382489
t_num: 3 finish: 1473413618 841141060 start: 1473413614 65492887
t_num: 9 finish: 1473413618 861636161 start: 1473413613 316268999
t_num: 4 finish: 1473413619 249621233 start: 1473413615 269562275
t_num: 27 finish: 1473413619 540550212 start: 1473413614 964603886
t_num: 21 finish: 1473413619 605859727 start: 1473413616 41604403
t_num: 28 finish: 1473413619 605862883 start: 1473413617 142042013
t_num: 1 finish: 1473413620 587683002 start: 1473413615 331419410
t_num: 24 finish: 1473413620 587875241 start: 1473413617 879279840
t_num: 2 finish: 1473413620 786716136 start: 1473413617 969962822
t_num: 17 finish: 1473413621 780567262 start: 1473413618 323305162
t_num: 30 finish: 1473413621 782186456 start: 1473413616 556408388
t_num: 19 finish: 1473413621 883126498 start: 1473413618 841043678
t_num: 20 finish: 1473413622 286523750 start: 1473413616 25760433
t_num: 6 finish: 1473413623 84296453 start: 1473413621 145611648
t_num: 18 finish: 1473413623 84406486 start: 1473413616 978639942
t_num: 0 finish: 1473413623 135680020 start: 1473413617 680718483
t_num: 21 finish: 1473413623 502699580 start: 1473413619 605891837
t_num: 2 finish: 1473413623 506681482 start: 1473413620 786839044
t_num: 10 finish: 1473413623 564069468 start: 1473413621 157028230
t_num: 27 finish: 1473413623 636744418 start: 1473413619 540580234
t_num: 9 finish: 1473413623 636825263 start: 1473413621 465419737
t_num: 25 finish: 1473413624 303098888 start: 1473413618 504002362
t_num: 1 finish: 1473413624 606026495 start: 1473413620 587725154
t_num: 13 finish: 1473413624 721566636 start: 1473413618 398400027
t_num: 23 finish: 1473413624 800486934 start: 1473413620 283346484
t_num: 11 finish: 1473413625 959403991 start: 1473413621 522032510
t_num: 20 finish: 1473413626 271783997 start: 1473413622 286618564
t_num: 26 finish: 1473413626 632131683 start: 1473413619 249648183
t_num: 24 finish: 1473413626 632174778 start: 1473413620 587895157
t_num: 16 finish: 1473413626 632328110 start: 1473413624 34941412
t_num: 7 finish: 1473413626 973519442 start: 1473413622 523014257
t_num: 10 finish: 1473413627 466962277 start: 1473413624 111047339
t_num: 1 finish: 1473413627 571913958 start: 1473413624 606060099
t_num: 6 finish: 1473413627 572644474 start: 1473413623 84337135
t_num: 12 finish: 1473413627 931139259 start: 1473413623 135786695
t_num: 28 finish: 1473413628 566744083 start: 1473413625 898816904
t_num: 0 finish: 1473413628 812695647 start: 1473413625 654798149
t_num: 2 finish: 1473413628 829491693 start: 1473413623 506756358
t_num: 12 finish: 1473413629 29605176 start: 1473413627 931181285
t_num: 18 finish: 1473413629 30449713 start: 1473413623 84425857
t_num: 25 finish: 1473413629 279130678 start: 1473413625 575668329
t_num: 17 finish: 1473413629 302305716 start: 1473413623 470346090
t_num: 27 finish: 1473413629 366032239 start: 1473413623 636789261
t_num: 21 finish: 1473413629 366258030 start: 1473413625 581497323
t_num: 20 finish: 1473413629 723539372 start: 1473413626 271839840
t_num: 13 finish: 1473413629 826438497 start: 1473413624 721596574
t_num: 4 finish: 1473413630 789408894 start: 1473413624 802126332
t_num: 29 finish: 1473413630 812500601 start: 1473413624 808403676
t_num: 22 finish: 1473413630 812607167 start: 1473413628 132826718
t_num: 7 finish: 1473413630 812829714 start: 1473413628 132726185
t_num: 26 finish: 1473413632 338640844 start: 1473413628 561541832
t_num: 6 finish: 1473413632 597155281 start: 1473413627 572665268
t_num: 20 finish: 1473413632 703753416 start: 1473413629 723584640
t_num: 24 finish: 1473413632 704021186 start: 1473413626 632193835
t_num: 1 finish: 1473413632 780124166 start: 1473413628 564061622
t_num: 21 finish: 1473413632 949384605 start: 1473413629 366291092
t_num: 0 finish: 1473413633 157572577 start: 1473413631 187440018
t_num: 13 finish: 1473413633 662034285 start: 1473413629 826495279
t_num: 19 finish: 1473413633 662594778 start: 1473413630 813489878
t_num: 18 finish: 1473413633 726429299 start: 1473413629 30470403
t_num: 2 finish: 1473413635 406787687 start: 1473413631 187743496
t_num: 24 finish: 1473413635 781983209 start: 1473413632 704042485
t_num: 17 finish: 1473413635 798201462 start: 1473413629 931902730
t_num: 4 finish: 1473413636 5351073 start: 1473413631 624005401
t_num: 25 finish: 1473413636 99351685 start: 1473413631 187611780
t_num: 8 finish: 1473413636 187454327 start: 1473413632 780215800
t_num: 20 finish: 1473413636 381603226 start: 1473413632 703792207
t_num: 7 finish: 1473413636 436498974 start: 1473413631 187625519
t_num: 0 finish: 1473413636 778046691 start: 1473413633 157620211
t_num: 29 finish: 1473413636 929289426 start: 1473413630 812536187
t_num: 22 finish: 1473413638 963154160 start: 1473413636 134936179
t_num: 13 finish: 1473413638 963896963 start: 1473413633 662059446
t_num: 11 finish: 1473413639 195881666 start: 1473413634 822225795
t_num: 19 finish: 1473413639 334952677 start: 1473413633 662615098
t_num: 6 finish: 1473413639 340319395 start: 1473413632 597200657
t_num: 18 finish: 1473413639 874752084 start: 1473413633 726451919
t_num: 4 finish: 1473413640 277315517 start: 1473413636 5379569
t_num: 1 finish: 1473413640 277647560 start: 1473413632 780173007
t_num: 27 finish: 1473413640 570567207 start: 1473413636 719544503
t_num: 30 finish: 1473413641 146623919 start: 1473413636 719821450
t_num: 26 finish: 1473413641 530477986 start: 1473413634 822192616
t_num: 17 finish: 1473413641 551661060 start: 1473413636 661239481
t_num: 24 finish: 1473413642 242899550 start: 1473413636 719879201
t_num: 20 finish: 1473413642 242899550 start: 1473413637 523849462
t_num: 22 finish: 1473413642 714068538 start: 1473413638 963194247
t_num: 1 finish: 1473413642 951851020 start: 1473413640 277667271
t_num: 7 finish: 1473413643 119161754 start: 1473413637 686839753
t_num: 4 finish: 1473413643 263768015 start: 1473413640 277359200
t_num: 16 finish: 1473413644 458946335 start: 1473413641 9711114
t_num: 8 finish: 1473413644 459208513 start: 1473413638 525230140
t_num: 18 finish: 1473413644 825165684 start: 1473413640 946112124
t_num: 27 finish: 1473413645 29004912 start: 1473413640 570616409
t_num: 31 finish: 1473413646 164813797 start: 1473413640 452272631
t_num: 22 finish: 1473413646 166353648 start: 1473413642 714093661
t_num: 11 finish: 1473413646 166380371 start: 1473413639 195925660
t_num: 6 finish: 1473413647 303951354 start: 1473413642 157029163
t_num: 3 finish: 1473413647 403506468 start: 1473413641 683058303
t_num: 15 finish: 1473413647 640139293 start: 1473413642 788090
t_num: 30 finish: 1473413647 666636100 start: 1473413641 146656512
t_num: 4 finish: 1473413648 101385505 start: 1473413643 263823932
t_num: 28 finish: 1473413648 101471398 start: 1473413642 832717
t_num: 8 finish: 1473413648 977587829 start: 1473413644 459228007
t_num: 27 finish: 1473413649 397381690 start: 1473413645 29052697
t_num: 18 finish: 1473413649 435283111 start: 1473413644 825209228
t_num: 26 finish: 1473413649 501627199 start: 1473413643 985344925
t_num: 7 finish: 1473413649 559596563 start: 1473413643 119191319
t_num: 28 finish: 1473413649 964101596 start: 1473413648 101541772
t_num: 10 finish: 1473413649 993130583 start: 1473413648 224958618
t_num: 11 finish: 1473413649 993154416 start: 1473413647 37372739
t_num: 31 finish: 1473413649 993177763 start: 1473413646 164839857
t_num: 13 finish: 1473413649 993218215 start: 1473413646 164814285
t_num: 9 finish: 1473413649 993325216 start: 1473413647 131654469
t_num: 20 finish: 1473413650 84358386 start: 1473413644 559292124
t_num: 23 finish: 1473413650 486319368 start: 1473413647 441760332
t_num: 24 finish: 1473413650 618236587 start: 1473413648 102168716
t_num: 14 finish: 1473413651 841416837 start: 1473413649 845395337
t_num: 12 finish: 1473413651 841416847 start: 1473413647 553025125
t_num: 27 finish: 1473413652 420903797 start: 1473413651 18190401
t_num: 30 finish: 1473413653 909261171 start: 1473413648 102223266
t_num: 7 finish: 1473413653 910068140 start: 1473413649 559618708
t_num: 5 finish: 1473413653 992677272 start: 1473413650 486330188
t_num: 3 finish: 1473413654 189835200 start: 1473413648 463252898
t_num: 9 finish: 1473413654 281942561 start: 1473413649 993372088
t_num: 18 finish: 1473413654 368830670 start: 1473413649 435313058
t_num: 11 finish: 1473413654 478725387 start: 1473413649 993171055
t_num: 25 finish: 1473413654 855550532 start: 1473413650 680905618
t_num: 13 finish: 1473413654 968458505 start: 1473413651 340612197
t_num: 6 finish: 1473413654 968522656 start: 1473413647 303995230
t_num: 28 finish: 1473413655 778780278 start: 1473413649 964143721
t_num: 8 finish: 1473413656 34207757 start: 1473413649 991299258
t_num: 5 finish: 1473413656 603829143 start: 1473413653 992702088
t_num: 0 finish: 1473413656 794269024 start: 1473413653 592552809
t_num: 14 finish: 1473413657 73236011 start: 1473413651 841465393
t_num: 13 finish: 1473413657 73505529 start: 1473413654 968502130
t_num: 27 finish: 1473413657 165960935 start: 1473413653 31285702
t_num: 4 finish: 1473413657 561990938 start: 1473413652 142115342
t_num: 23 finish: 1473413657 772481841 start: 1473413651 648428294
t_num: 31 finish: 1473413657 772487655 start: 1473413653 593274131
t_num: 7 finish: 1473413657 947626344 start: 1473413653 910088844
t_num: 10 finish: 1473413658 383277228 start: 1473413651 399421542
t_num: 24 finish: 1473413658 420038204 start: 1473413653 883527586
t_num: 19 finish: 1473413658 420108801 start: 1473413654 855570752
t_num: 11 finish: 1473413658 680645079 start: 1473413656 608331942
t_num: 8 finish: 1473413658 766679076 start: 1473413656 34229825
t_num: 9 finish: 1473413659 493593872 start: 1473413656 125863433
t_num: 0 finish: 1473413659 493742534 start: 1473413656 794315424
t_num: 25 finish: 1473413660 109912382 start: 1473413654 855591477
t_num: 28 finish: 1473413660 266846991 start: 1473413655 778813493
t_num: 6 finish: 1473413660 273760107 start: 1473413657 946612683
t_num: 24 finish: 1473413661 228487594 start: 1473413658 420064409
t_num: 27 finish: 1473413661 228504497 start: 1473413657 165989620
t_num: 30 finish: 1473413661 863301201 start: 1473413655 809906295
t_num: 1 finish: 1473413662 740301308 start: 1473413657 166026578
t_num: 14 finish: 1473413662 740422216 start: 1473413658 420091655
t_num: 31 finish: 1473413662 764096448 start: 1473413657 772551386
t_num: 13 finish: 1473413662 764552231 start: 1473413658 871590245
t_num: 23 finish: 1473413663 358853810 start: 1473413657 772534097
t_num: 27 finish: 1473413663 933669154 start: 1473413661 228603013
t_num: 10 finish: 1473413664 46292500 start: 1473413659 538225368
t_num: 6 finish: 1473413664 219920890 start: 1473413660 273779435
t_num: 21 finish: 1473413664 429051979 start: 1473413662 764434560
t_num: 17 finish: 1473413664 571476547 start: 1473413660 343147682
t_num: 0 finish: 1473413664 601223045 start: 1473413660 852448534
t_num: 12 finish: 1473413664 759159391 start: 1473413659 493276771
t_num: 19 finish: 1473413665 173267290 start: 1473413662 764350925
t_num: 30 finish: 1473413665 216556575 start: 1473413661 863338902
t_num: 2 finish: 1473413665 321872537 start: 1473413663 269147617
t_num: 11 finish: 1473413665 327156302 start: 1473413660 273213487
t_num: 5 finish: 1473413665 390284850 start: 1473413659 796941058
t_num: 28 finish: 1473413665 430326901 start: 1473413660 266889227
t_num: 22 finish: 1473413665 994528954 start: 1473413663 462092774
t_num: 16 finish: 1473413666 520359696 start: 1473413663 769603692
t_num: 6 finish: 1473413666 520920605 start: 1473413664 219955617
t_num: 1 finish: 1473413667 235973720 start: 1473413662 740345779
t_num: 12 finish: 1473413667 378247713 start: 1473413664 759207573
t_num: 23 finish: 1473413667 533016992 start: 1473413665 173051958
t_num: 14 finish: 1473413667 872016829 start: 1473413662 740452400
t_num: 10 finish: 1473413668 75974186 start: 1473413664 46323652
t_num: 26 finish: 1473413668 372188444 start: 1473413663 707395222
t_num: 13 finish: 1473413668 437062606 start: 1473413664 601358615
t_num: 30 finish: 1473413668 614863081 start: 1473413666 171565939
t_num: 31 finish: 1473413668 768647500 start: 1473413663 933833443
t_num: 5 finish: 1473413669 352243356 start: 1473413665 390303564
t_num: 9 finish: 1473413669 352397479 start: 1473413663 727443827
t_num: 27 finish: 1473413669 460228627 start: 1473413664 659590111
t_num: 17 finish: 1473413670 395645365 start: 1473413665 23900222
t_num: 4 finish: 1473413670 662331842 start: 1473413665 931539782
t_num: 2 finish: 1473413671 544635837 start: 1473413665 321919507
t_num: 23 finish: 1473413671 545046870 start: 1473413667 533055749
t_num: 28 finish: 1473413671 545284072 start: 1473413667 517097657
t_num: 20 finish: 1473413671 845499567 start: 1473413666 520945666
t_num: 14 finish: 1473413672 478845730 start: 1473413667 872045157
t_num: 18 finish: 1473413674 226596534 start: 1473413670 53814184
t_num: 21 finish: 1473413674 476894094 start: 1473413668 75950748
t_num: 26 finish: 1473413674 522409765 start: 1473413670 395575312
t_num: 6 finish: 1473413674 522447478 start: 1473413669 352267643
t_num: 17 finish: 1473413674 522691655 start: 1473413670 395673437
t_num: 3 finish: 1473413674 599983625 start: 1473413670 395922915
t_num: 0 finish: 1473413675 88902516 start: 1473413667 864107086
t_num: 28 finish: 1473413675 189659712 start: 1473413671 545305425
t_num: 10 finish: 1473413675 299731942 start: 1473413668 76002238
t_num: 19 finish: 1473413675 299780432 start: 1473413668 614896067
t_num: 1 finish: 1473413675 633920802 start: 1473413669 297535707
t_num: 12 finish: 1473413675 814010311 start: 1473413669 865734885
t_num: 2 finish: 1473413675 814041508 start: 1473413673 513299651
t_num: 4 finish: 1473413675 905782972 start: 1473413671 544685340
t_num: 30 finish: 1473413676 777669336 start: 1473413670 395736265
t_num: 25 finish: 1473413676 869921053 start: 1473413672 932244689
t_num: 23 finish: 1473413677 567272669 start: 1473413671 545067178
t_num: 15 finish: 1473413677 760251365 start: 1473413673 439977445
t_num: 10 finish: 1473413677 821828948 start: 1473413675 737938569
t_num: 1 finish: 1473413677 822125290 start: 1473413675 633961639
t_num: 4 finish: 1473413677 822665693 start: 1473413675 905823108
t_num: 5 finish: 1473413677 823051672 start: 1473413672 6623255
t_num: 19 finish: 1473413678 269107964 start: 1473413675 299799128
t_num: 9 finish: 1473413678 526070172 start: 1473413674 316717578
t_num: 14 finish: 1473413678 659202487 start: 1473413672 478880338
t_num: 7 finish: 1473413679 38847724 start: 1473413675 67654176
t_num: 20 finish: 1473413679 908185179 start: 1473413673 899293066
t_num: 6 finish: 1473413680 475931718 start: 1473413675 49002820
t_num: 17 finish: 1473413680 476027080 start: 1473413676 679960401
t_num: 8 finish: 1473413680 708956858 start: 1473413677 721516097
t_num: 5 finish: 1473413681 380691187 start: 1473413677 823071516
t_num: 28 finish: 1473413681 499134056 start: 1473413676 678376397
t_num: 27 finish: 1473413682 455293190 start: 1473413679 343260849
t_num: 30 finish: 1473413682 455293190 start: 1473413679 234272933
t_num: 12 finish: 1473413682 529237218 start: 1473413677 718568859
t_num: 1 finish: 1473413682 885013858 start: 1473413677 822144856
t_num: 7 finish: 1473413683 93408489 start: 1473413679 38883440
t_num: 11 finish: 1473413683 589939103 start: 1473413681 304768807
t_num: 8 finish: 1473413683 592161567 start: 1473413680 708993581
t_num: 10 finish: 1473413683 759036612 start: 1473413678 453588873
t_num: 20 finish: 1473413683 915148791 start: 1473413679 908228946
t_num: 9 finish: 1473413683 915202686 start: 1473413678 526098948
t_num: 2 finish: 1473413683 915907335 start: 1473413679 234254712
t_num: 14 finish: 1473413684 76468088 start: 1473413678 659246565
t_num: 30 finish: 1473413685 452418154 start: 1473413682 455386472
t_num: 28 finish: 1473413685 590394134 start: 1473413681 499178968
t_num: 15 finish: 1473413685 815897493 start: 1473413681 304854102
t_num: 6 finish: 1473413686 182182127 start: 1473413680 475990287
t_num: 27 finish: 1473413686 246640672 start: 1473413682 455338757
t_num: 5 finish: 1473413687 40380031 start: 1473413681 380726410
t_num: 8 finish: 1473413687 303441626 start: 1473413683 592206588
t_num: 17 finish: 1473413687 303718374 start: 1473413680 476063681
t_num: 20 finish: 1473413687 472628056 start: 1473413683 915182754
t_num: 24 finish: 1473413687 574539737 start: 1473413684 360580735
t_num: 29 finish: 1473413687 797221758 start: 1473413683 758856506
t_num: 1 finish: 1473413687 797221789 start: 1473413682 885058327
t_num: 2 finish: 1473413688 751561033 start: 1473413683 915937228
t_num: 15 finish: 1473413688 754307950 start: 1473413685 815969364
t_num: 18 finish: 1473413688 754310990 start: 1473413685 590560374
t_num: 0 finish: 1473413688 754654324 start: 1473413685 816007566
t_num: 16 finish: 1473413688 755206779 start: 1473413685 452444052
t_num: 14 finish: 1473413689 41081508 start: 1473413685 453571243
t_num: 8 finish: 1473413689 331584416 start: 1473413687 303483313
t_num: 6 finish: 1473413689 462882442 start: 1473413686 182217207
t_num: 5 finish: 1473413689 578318076 start: 1473413687 40417535
t_num: 27 finish: 1473413689 578404683 start: 1473413686 704990979
t_num: 9 finish: 1473413690 506894091 start: 1473413683 915221987
t_num: 30 finish: 1473413690 507197444 start: 1473413687 176901541
t_num: 3 finish: 1473413690 507356565 start: 1473413685 453341918
t_num: 10 finish: 1473413691 151846863 start: 1473413685 888762038
t_num: 24 finish: 1473413692 133986180 start: 1473413687 574566006
t_num: 14 finish: 1473413692 134465361 start: 1473413689 41123134
t_num: 16 finish: 1473413692 257937634 start: 1473413688 755227034
t_num: 1 finish: 1473413692 258046990 start: 1473413687 797293028
t_num: 21 finish: 1473413692 427122490 start: 1473413687 574487356
t_num: 11 finish: 1473413693 33048997 start: 1473413688 754445858
t_num: 8 finish: 1473413693 33115391 start: 1473413689 331628368
t_num: 27 finish: 1473413693 33148898 start: 1473413690 712476213
t_num: 3 finish: 1473413693 71000420 start: 1473413690 507374793
t_num: 0 finish: 1473413693 197394925 start: 1473413691 20347635
t_num: 2 finish: 1473413693 459890852 start: 1473413689 578351923
t_num: 15 finish: 1473413694 79132484 start: 1473413689 463358704
t_num: 14 finish: 1473413694 419232500 start: 1473413692 134485120
t_num: 11 finish: 1473413695 647254001 start: 1473413693 33096228
t_num: 24 finish: 1473413695 741373878 start: 1473413692 134052719
t_num: 16 finish: 1473413695 855407922 start: 1473413692 257964858
t_num: 13 finish: 1473413696 556316910 start: 1473413692 608693999
t_num: 9 finish: 1473413696 556420093 start: 1473413692 802871420
t_num: 30 finish: 1473413697 724260291 start: 1473413692 427224452
t_num: 5 finish: 1473413697 774423401 start: 1473413692 802784095
t_num: 8 finish: 1473413697 835907093 start: 1473413693 33129540
t_num: 1 finish: 1473413698 874761840 start: 1473413692 258067700
t_num: 16 finish: 1473413698 947971217 start: 1473413695 855458360
t_num: 19 finish: 1473413699 84341062 start: 1473413697 558906589
t_num: 27 finish: 1473413700 246282163 start: 1473413694 428099807
t_num: 9 finish: 1473413700 324600161 start: 1473413696 556438887
t_num: 11 finish: 1473413700 579251019 start: 1473413695 647287678
t_num: 10 finish: 1473413700 744629647 start: 1473413696 556474012
t_num: 3 finish: 1473413701 401644952 start: 1473413696 556160277
t_num: 16 finish: 1473413701 666947647 start: 1473413698 947995092
t_num: 20 finish: 1473413701 699025646 start: 1473413698 391105143
t_num: 24 finish: 1473413701 929593103 start: 1473413695 741422387
t_num: 21 finish: 1473413702 265258223 start: 1473413697 460171605
t_num: 15 finish: 1473413702 336434763 start: 1473413698 443174202
t_num: 0 finish: 1473413702 336458613 start: 1473413697 273408713
t_num: 13 finish: 1473413702 336545803 start: 1473413696 556343971
t_num: 22 finish: 1473413702 410972577 start: 1473413699 268448414
t_num: 19 finish: 1473413702 411019621 start: 1473413699 84367283
t_num: 5 finish: 1473413702 851718940 start: 1473413697 774446935
t_num: 7 finish: 1473413703 536691010 start: 1473413697 375420493
t_num: 11 finish: 1473413703 679735567 start: 1473413700 579302087
t_num: 31 finish: 1473413704 564990558 start: 1473413701 465118198
t_num: 23 finish: 1473413704 935215408 start: 1473413697 723375449
t_num: 26 finish: 1473413705 46367230 start: 1473413702 265201621
t_num: 3 finish: 1473413705 489441927 start: 1473413701 401680199
t_num: 16 finish: 1473413705 565991131 start: 1473413701 666988854
t_num: 22 finish: 1473413705 775342706 start: 1473413702 411060947
t_num: 1 finish: 1473413706 563195337 start: 1473413703 351682885
t_num: 0 finish: 1473413706 665701785 start: 1473413702 336504493
t_num: 10 finish: 1473413706 833356728 start: 1473413701 667280911
t_num: 9 finish: 1473413706 834232374 start: 1473413703 249153416
t_num: 27 finish: 1473413708 39436354 start: 1473413702 410996335
t_num: 30 finish: 1473413708 78154683 start: 1473413701 751810479
t_num: 20 finish: 1473413708 79688844 start: 1473413703 313252207
t_num: 15 finish: 1473413708 250077341 start: 1473413704 564792643
t_num: 11 finish: 1473413708 909421348 start: 1473413706 205928601
t_num: 24 finish: 1473413709 328753534 start: 1473413705 163718482
t_num: 29 finish: 1473413709 577520681 start: 1473413705 664771544
t_num: 4 finish: 1473413709 577566568 start: 1473413705 487505309
t_num: 28 finish: 1473413709 815300923 start: 1473413707 999389079
t_num: 31 finish: 1473413709 932399047 start: 1473413704 565013496
t_num: 16 finish: 1473413709 965009148 start: 1473413706 394242634
t_num: 1 finish: 1473413710 556603802 start: 1473413706 563237298
t_num: 7 finish: 1473413710 968423118 start: 1473413705 774910095
t_num: 20 finish: 1473413711 32856003 start: 1473413708 79705922
t_num: 22 finish: 1473413711 358404222 start: 1473413706 397039133
t_num: 15 finish: 1473413711 358411960 start: 1473413708 250101647
t_num: 11 finish: 1473413711 358656545 start: 1473413708 909449279
t_num: 12 finish: 1473413711 358781062 start: 1473413708 556935282
t_num: 27 finish: 1473413711 856172210 start: 1473413708 39482672
t_num: 26 finish: 1473413711 856455352 start: 1473413706 834272465
t_num: 0 finish: 1473413711 945267568 start: 1473413709 577386274
t_num: 25 finish: 1473413711 945269384 start: 1473413706 563421752
t_num: 30 finish: 1473413712 115925843 start: 1473413708 78179167
t_num: 29 finish: 1473413712 753795747 start: 1473413709 577547929
t_num: 6 finish: 1473413713 36191921 start: 1473413709 890913266
t_num: 10 finish: 1473413714 456204266 start: 1473413712 34110560
t_num: 9 finish: 1473413715 111807993 start: 1473413710 557371404
t_num: 22 finish: 1473413715 232273028 start: 1473413712 363650126
t_num: 20 finish: 1473413715 232337546 start: 1473413711 856406082
t_num: 24 finish: 1473413715 232374395 start: 1473413709 328811129
t_num: 11 finish: 1473413715 616478092 start: 1473413711 358692519
t_num: 4 finish: 1473413715 724235602 start: 1473413711 32907349
t_num: 12 finish: 1473413715 724384777 start: 1473413711 358816002
t_num: 27 finish: 1473413715 724414935 start: 1473413711 856204991
t_num: 6 finish: 1473413715 823846691 start: 1473413713 36236013
t_num: 19 finish: 1473413716 614382865 start: 1473413713 817912537
t_num: 29 finish: 1473413716 662303307 start: 1473413712 753837676
t_num: 30 finish: 1473413716 662312784 start: 1473413712 115975656
t_num: 18 finish: 1473413717 984058942 start: 1473413713 363348347
t_num: 0 finish: 1473413718 714212559 start: 1473413711 945302555
t_num: 19 finish: 1473413719 180207661 start: 1473413716 614425666
t_num: 6 finish: 1473413720 149168336 start: 1473413715 823894699
t_num: 20 finish: 1473413720 194527396 start: 1473413715 232353391
t_num: 26 finish: 1473413720 737427243 start: 1473413716 367279467
t_num: 29 finish: 1473413720 783233957 start: 1473413716 662332944
t_num: 30 finish: 1473413720 906339767 start: 1473413716 662345853
t_num: 14 finish: 1473413720 913142900 start: 1473413715 616576295
t_num: 15 finish: 1473413721 23536743 start: 1473413711 358524425
t_num: 4 finish: 1473413721 499402656 start: 1473413715 724274001
t_num: 10 finish: 1473413721 602362888 start: 1473413718 962012540
t_num: 9 finish: 1473413722 63564559 start: 1473413717 131164600
t_num: 27 finish: 1473413722 63570643 start: 1473413717 983873554
t_num: 18 finish: 1473413723 91598254 start: 1473413719 179934524
t_num: 0 finish: 1473413723 212659777 start: 1473413720 229207839
t_num: 13 finish: 1473413723 214002068 start: 1473413720 113047358
t_num: 22 finish: 1473413723 302062835 start: 1473413721 332385756
t_num: 19 finish: 1473413723 302101770 start: 1473413721 38921202
t_num: 7 finish: 1473413723 380005064 start: 1473413716 492180772
t_num: 11 finish: 1473413723 640775103 start: 1473413719 900085046
t_num: 24 finish: 1473413723 849421087 start: 1473413717 982819775
t_num: 12 finish: 1473413724 25678742 start: 1473413719 179878802
t_num: 25 finish: 1473413724 822921864 start: 1473413719 179912443
t_num: 4 finish: 1473413725 552543541 start: 1473413722 572748727
t_num: 20 finish: 1473413725 773775146 start: 1473413720 194559802
t_num: 27 finish: 1473413725 828148563 start: 1473413722 63639563
t_num: 3 finish: 1473413726 3138067 start: 1473413721 935433498
t_num: 6 finish: 1473413727 665776203 start: 1473413723 212992479
t_num: 14 finish: 1473413727 722926262 start: 1473413723 212691378
t_num: 9 finish: 1473413727 929186099 start: 1473413722 63610827
t_num: 30 finish: 1473413728 452180636 start: 1473413724 684843495
t_num: 29 finish: 1473413728 454692483 start: 1473413723 213771185
t_num: 20 finish: 1473413728 791620848 start: 1473413725 773822215
t_num: 4 finish: 1473413728 988671369 start: 1473413725 552577113
t_num: 18 finish: 1473413729 334442458 start: 1473413723 91642019
t_num: 22 finish: 1473413729 498786763 start: 1473413723 302110708
t_num: 12 finish: 1473413729 910394377 start: 1473413724 25713808
t_num: 10 finish: 1473413729 979939919 start: 1473413724 5631857
t_num: 27 finish: 1473413730 398991013 start: 1473413725 828177304
t_num: 11 finish: 1473413730 489554652 start: 1473413725 119921193
t_num: 13 finish: 1473413730 555628016 start: 1473413725 278373399
t_num: 0 finish: 1473413731 297289781 start: 1473413729 334576107
t_num: 5 finish: 1473413731 361665183 start: 1473413730 255298877
t_num: 29 finish: 1473413731 929692190 start: 1473413728 454710345
t_num: 18 finish: 1473413732 963954845 start: 1473413729 334504365
t_num: 28 finish: 1473413732 965361851 start: 1473413729 334646108
t_num: 9 finish: 1473413732 966374795 start: 1473413728 800659417
t_num: 12 finish: 1473413732 987542354 start: 1473413729 910437008
t_num: 14 finish: 1473413733 382985016 start: 1473413727 722959160
t_num: 21 finish: 1473413733 863937267 start: 1473413731 936120678
t_num: 6 finish: 1473413733 884722117 start: 1473413728 799870341
t_num: 23 finish: 1473413734 59061748 start: 1473413730 630332450
t_num: 5 finish: 1473413734 714663844 start: 1473413731 361694746
t_num: 21 finish: 1473413735 867526865 start: 1473413733 863980001
t_num: 1 finish: 1473413736 105856452 start: 1473413731 505553524
t_num: 12 finish: 1473413736 105982019 start: 1473413732 987562672
t_num: 18 finish: 1473413736 106021710 start: 1473413732 963996399
t_num: 10 finish: 1473413736 172498437 start: 1473413730 999392737
t_num: 16 finish: 1473413736 240439288 start: 1473413730 465128339
t_num: 4 finish: 1473413736 240482401 start: 1473413728 988710571
t_num: 30 finish: 1473413736 415434615 start: 1473413732 516085053
t_num: 29 finish: 1473413736 423258388 start: 1473413732 662890569
t_num: 28 finish: 1473413736 696881747 start: 1473413732 965383686
t_num: 31 finish: 1473413736 700062466 start: 1473413731 23377179
t_num: 7 finish: 1473413736 703775913 start: 1473413729 498883043
t_num: 17 finish: 1473413736 772377563 start: 1473413733 327041875
t_num: 6 finish: 1473413737 416369995 start: 1473413733 884765354
t_num: 9 finish: 1473413737 869053598 start: 1473413734 59640983
t_num: 27 finish: 1473413737 932142434 start: 1473413730 399018988
t_num: 24 finish: 1473413738 44079259 start: 1473413734 789538905
t_num: 18 finish: 1473413738 522117604 start: 1473413736 106035125
t_num: 5 finish: 1473413738 750308935 start: 1473413734 714709295
t_num: 28 finish: 1473413739 264188008 start: 1473413736 696909588
t_num: 10 finish: 1473413740 550430779 start: 1473413736 172544704
t_num: 16 finish: 1473413740 550985550 start: 1473413736 240461149
t_num: 17 finish: 1473413740 962120859 start: 1473413736 772397285
t_num: 24 finish: 1473413741 418305868 start: 1473413738 44122936
t_num: 30 finish: 1473413741 657546435 start: 1473413736 415475162
t_num: 21 finish: 1473413741 658663599 start: 1473413736 704602020
t_num: 19 finish: 1473413741 726152962 start: 1473413737 416384421
t_num: 28 finish: 1473413742 151446261 start: 1473413739 264296278
t_num: 14 finish: 1473413742 348550774 start: 1473413738 750176238
t_num: 27 finish: 1473413742 536356606 start: 1473413737 932180882
t_num: 15 finish: 1473413743 415580124 start: 1473413741 155976249
t_num: 6 finish: 1473413743 415610743 start: 1473413737 416395905
t_num: 5 finish: 1473413743 416530667 start: 1473413738 750337521
t_num: 18 finish: 1473413743 802512125 start: 1473413738 522162591
t_num: 16 finish: 1473413744 268988742 start: 1473413740 750651720
t_num: 7 finish: 1473413744 289667466 start: 1473413740 550937250
t_num: 28 finish: 1473413744 555069618 start: 1473413742 151489041
t_num: 24 finish: 1473413744 563696956 start: 1473413741 418347464
t_num: 2 finish: 1473413745 42486382 start: 1473413740 929403482
t_num: 26 finish: 1473413745 42690643 start: 1473413738 750128276
t_num: 21 finish: 1473413745 158902311 start: 1473413741 658683081
t_num: 9 finish: 1473413745 414244312 start: 1473413740 961931640
t_num: 19 finish: 1473413746 291666133 start: 1473413741 726180307
t_num: 15 finish: 1473413746 761664849 start: 1473413743 415606791
t_num: 14 finish: 1473413746 761664851 start: 1473413742 348596308
t_num: 0 finish: 1473413747 52408093 start: 1473413743 62657323
t_num: 17 finish: 1473413747 435718567 start: 1473413743 416479278
t_num: 27 finish: 1473413747 556043163 start: 1473413744 778964524
t_num: 4 finish: 1473413748 46043807 start: 1473413744 712311349
t_num: 6 finish: 1473413748 46504629 start: 1473413743 415626459
t_num: 7 finish: 1473413748 46517947 start: 1473413745 93781938
t_num: 25 finish: 1473413748 309831920 start: 1473413741 658339229
t_num: 5 finish: 1473413748 509815877 start: 1473413746 878057998
t_num: 10 finish: 1473413748 509859631 start: 1473413743 213717636
t_num: 1 finish: 1473413748 706303390 start: 1473413744 441933283
t_num: 0 finish: 1473413748 934561551 start: 1473413747 52475715
t_num: 19 finish: 1473413749 83544298 start: 1473413746 291709971
t_num: 3 finish: 1473413749 83611774 start: 1473413744 637976661
t_num: 28 finish: 1473413749 696919612 start: 1473413747 296220564
t_num: 16 finish: 1473413749 921052130 start: 1473413744 269029635
t_num: 15 finish: 1473413750 660661869 start: 1473413746 761714782
t_num: 14 finish: 1473413751 846039199 start: 1473413746 761732544
t_num: 4 finish: 1473413751 846140894 start: 1473413748 923095107
t_num: 31 finish: 1473413752 160233917 start: 1473413749 93090350
t_num: 0 finish: 1473413752 294381955 start: 1473413748 934591566
t_num: 5 finish: 1473413752 786333582 start: 1473413748 509860869
t_num: 18 finish: 1473413752 786984552 start: 1473413748 46063447
t_num: 8 finish: 1473413752 867582113 start: 1473413747 435746938
t_num: 26 finish: 1473413753 258172136 start: 1473413747 46934467
t_num: 23 finish: 1473413753 409547457 start: 1473413751 502783367
t_num: 15 finish: 1473413753 908314453 start: 1473413750 660692222
t_num: 11 finish: 1473413754 485177675 start: 1473413748 46123622
t_num: 19 finish: 1473413754 780843372 start: 1473413750 260168502
t_num: 21 finish: 1473413754 780977787 start: 1473413750 260850590
t_num: 28 finish: 1473413754 882807239 start: 1473413751 846038976
t_num: 14 finish: 1473413754 882820481 start: 1473413751 846068603
t_num: 20 finish: 1473413755 629575567 start: 1473413752 784729370
t_num: 27 finish: 1473413756 128377012 start: 1473413752 294363391
t_num: 3 finish: 1473413756 682240224 start: 1473413749 83659200
t_num: 5 finish: 1473413756 875670262 start: 1473413752 786356522
t_num: 9 finish: 1473413756 936785737 start: 1473413753 909232805
t_num: 11 finish: 1473413757 467880476 start: 1473413754 485202758
t_num: 8 finish: 1473413757 472206868 start: 1473413752 867603187
t_num: 18 finish: 1473413757 727261349 start: 1473413752 787004857
t_num: 16 finish: 1473413758 177206240 start: 1473413752 925363483
t_num: 19 finish: 1473413758 652267760 start: 1473413754 780930930
t_num: 14 finish: 1473413758 652345468 start: 1473413754 882931933
t_num: 31 finish: 1473413758 686852047 start: 1473413753 283122422
t_num: 28 finish: 1473413759 213181747 start: 1473413754 882890271
t_num: 13 finish: 1473413759 224583669 start: 1473413753 908347424
t_num: 30 finish: 1473413759 224583669 start: 1473413754 727722238
t_num: 10 finish: 1473413759 837262057 start: 1473413753 331965547
t_num: 20 finish: 1473413759 952553566 start: 1473413755 859293230
t_num: 15 finish: 1473413760 394731731 start: 1473413754 780872876
t_num: 21 finish: 1473413760 395802177 start: 1473413754 780996147
t_num: 4 finish: 1473413760 869814116 start: 1473413755 248478438
t_num: 18 finish: 1473413761 243887253 start: 1473413757 727305592
t_num: 9 finish: 1473413761 244493918 start: 1473413756 936839552
t_num: 16 finish: 1473413762 5321160 start: 1473413758 177247559
t_num: 6 finish: 1473413762 135901160 start: 1473413758 652059466
t_num: 26 finish: 1473413762 312654924 start: 1473413757 518091819
t_num: 5 finish: 1473413762 386413248 start: 1473413756 875697772
t_num: 24 finish: 1473413762 658316808 start: 1473413761 38850781
t_num: 30 finish: 1473413762 952942512 start: 1473413759 224702268
t_num: 8 finish: 1473413762 953055095 start: 1473413757 472233127
t_num: 23 finish: 1473413764 88707056 start: 1473413759 600861190
t_num: 15 finish: 1473413764 867315446 start: 1473413761 515416911
t_num: 9 finish: 1473413764 980828867 start: 1473413761 244510089
t_num: 13 finish: 1473413765 475311299 start: 1473413760 212461055
t_num: 20 finish: 1473413766 103824184 start: 1473413762 953009089
t_num: 19 finish: 1473413766 103920449 start: 1473413762 952974130
t_num: 27 finish: 1473413766 103938808 start: 1473413760 654877901
t_num: 6 finish: 1473413766 220226125 start: 1473413762 135936129
t_num: 18 finish: 1473413766 248789166 start: 1473413761 243922793
t_num: 10 finish: 1473413766 611487428 start: 1473413759 837307463
t_num: 26 finish: 1473413766 635193613 start: 1473413762 312704038
t_num: 8 finish: 1473413767 414161135 start: 1473413762 953071968
t_num: 16 finish: 1473413768 65014900 start: 1473413762 5385710
t_num: 25 finish: 1473413768 183439531 start: 1473413763 24856824
t_num: 12 finish: 1473413768 920596285 start: 1473413763 678273177
t_num: 23 finish: 1473413768 920729668 start: 1473413764 89113876
t_num: 4 finish: 1473413769 146562439 start: 1473413767 248524187
t_num: 24 finish: 1473413769 255056058 start: 1473413764 980575115
t_num: 19 finish: 1473413769 631234622 start: 1473413766 103936280
t_num: 30 finish: 1473413769 712490382 start: 1473413765 269228810
t_num: 18 finish: 1473413769 715876363 start: 1473413766 248827669
t_num: 13 finish: 1473413769 717006645 start: 1473413765 475356157
t_num: 9 finish: 1473413770 195596131 start: 1473413766 343222029
t_num: 6 finish: 1473413770 196340957 start: 1473413766 220250868
t_num: 25 finish: 1473413770 486258917 start: 1473413768 183489775
t_num: 11 finish: 1473413770 486272541 start: 1473413767 211883271
t_num: 20 finish: 1473413770 506702627 start: 1473413766 103899597
t_num: 8 finish: 1473413770 506713929 start: 1473413767 414193766
t_num: 28 finish: 1473413770 948306969 start: 1473413766 635148465
t_num: 26 finish: 1473413770 948369195 start: 1473413767 414348307
t_num: 23 finish: 1473413771 879099153 start: 1473413768 920764268
t_num: 30 finish: 1473413772 8718670 start: 1473413769 712530566
t_num: 8 finish: 1473413772 485544999 start: 1473413770 506773464
t_num: 20 finish: 1473413772 677725524 start: 1473413770 506748320
t_num: 12 finish: 1473413772 681589772 start: 1473413770 486073298
t_num: 8 finish: 1473413772 733138756 start: 1473413772 485575257
t_num: 7 finish: 1473413772 751771459 start: 1473413771 575874049
t_num: 20 finish: 1473413773 18358550 start: 1473413772 677772081
t_num: 18 finish: 1473413773 300869269 start: 1473413769 715897930
t_num: 7 finish: 1473413773 814720693 start: 1473413772 751795343
t_num: 29 finish: 1473413774 111700723 start: 1473413770 195308842
t_num: 26 finish: 1473413774 560275878 start: 1473413770 950679989
t_num: 12 finish: 1473413774 605673746 start: 1473413772 681610989
t_num: 22 finish: 1473413774 721928763 start: 1473413769 247253161
t_num: 30 finish: 1473413776 325870112 start: 1473413772 8775864
t_num: 22 finish: 1473413777 384247621 start: 1473413774 721954736
t_num: 9 finish: 1473413777 635871846 start: 1473413770 195624367
t_num: 25 finish: 1473413777 637130202 start: 1473413770 486289918
t_num: 11 finish: 1473413778 260081009 start: 1473413774 498550383
t_num: 17 finish: 1473413778 321147153 start: 1473413773 301002712
t_num: 4 finish: 1473413778 515976649 start: 1473413771 144091390
t_num: 18 finish: 1473413778 910119811 start: 1473413776 251539787
t_num: 29 finish: 1473413778 915156180 start: 1473413775 895032353
t_num: 20 finish: 1473413778 915218517 start: 1473413773 18401438
t_num: 26 finish: 1473413778 917639632 start: 1473413774 560304289
t_num: 27 finish: 1473413779 352970860 start: 1473413775 663213261
t_num: 30 finish: 1473413779 429759812 start: 1473413777 237133175
t_num: 25 finish: 1473413779 443038586 start: 1473413777 637147125
t_num: 0 finish: 1473413780 356400867 start: 1473413774 560106924
t_num: 1 finish: 1473413780 358341371 start: 1473413777 162717424
t_num: 12 finish: 1473413780 832548887 start: 1473413774 813098949
t_num: 3 finish: 1473413780 832631779 start: 1473413777 307409416
t_num: 13 finish: 1473413781 264965294 start: 1473413776 491748668
t_num: 28 finish: 1473413781 669972621 start: 1473413774 111518783
t_num: 18 finish: 1473413783 82540425 start: 1473413780 10412100
t_num: 30 finish: 1473413783 82590136 start: 1473413779 966493196
t_num: 9 finish: 1473413783 328912247 start: 1473413777 635936215
t_num: 12 finish: 1473413783 397645396 start: 1473413780 832585337
t_num: 7 finish: 1473413783 429363303 start: 1473413778 914978044
t_num: 25 finish: 1473413784 10475980 start: 1473413782 323264692
t_num: 27 finish: 1473413784 325974919 start: 1473413779 353010279
t_num: 22 finish: 1473413784 326677382 start: 1473413778 914858418
t_num: 4 finish: 1473413784 942019799 start: 1473413779 816080327
t_num: 1 finish: 1473413785 226174219 start: 1473413780 358363320
t_num: 28 finish: 1473413785 298566541 start: 1473413783 77934031
t_num: 7 finish: 1473413785 666200722 start: 1473413783 429381087
t_num: 17 finish: 1473413785 721722998 start: 1473413782 751929493
t_num: 3 finish: 1473413785 721769335 start: 1473413783 83953969
t_num: 20 finish: 1473413785 777792793 start: 1473413778 915237439
t_num: 29 finish: 1473413785 831913923 start: 1473413778 989468516
t_num: 8 finish: 1473413786 120267339 start: 1473413782 385389711
t_num: 26 finish: 1473413786 599560654 start: 1473413783 856235646
t_num: 25 finish: 1473413786 599784093 start: 1473413784 10509825
t_num: 12 finish: 1473413787 178616561 start: 1473413783 397699806
t_num: 13 finish: 1473413787 885110380 start: 1473413782 200409498
t_num: 9 finish: 1473413788 119791611 start: 1473413783 328954483
t_num: 24 finish: 1473413788 217233465 start: 1473413784 198551151
t_num: 18 finish: 1473413788 555641974 start: 1473413785 777845227
t_num: 28 finish: 1473413788 673236513 start: 1473413785 298654735
t_num: 27 finish: 1473413788 684987544 start: 1473413785 298628587
t_num: 17 finish: 1473413788 967085272 start: 1473413785 721757104
t_num: 4 finish: 1473413789 183950334 start: 1473413786 450406969
t_num: 25 finish: 1473413789 844841764 start: 1473413786 599818288
t_num: 19 finish: 1473413789 844861320 start: 1473413785 50220134
t_num: 1 finish: 1473413789 844902257 start: 1473413785 226216385
t_num: 30 finish: 1473413790 743854734 start: 1473413787 463182802
t_num: 27 finish: 1473413790 744109952 start: 1473413788 685005232
t_num: 0 finish: 1473413791 149274700 start: 1473413787 795998713
t_num: 10 finish: 1473413791 406680868 start: 1473413789 581765226
t_num: 2 finish: 1473413791 406743656 start: 1473413787 719069261
t_num: 16 finish: 1473413791 424526127 start: 1473413788 119573332
t_num: 3 finish: 1473413791 596819209 start: 1473413788 503364387
t_num: 7 finish: 1473413792 70377289 start: 1473413787 779447193
t_num: 19 finish: 1473413792 670559237 start: 1473413789 844971405
t_num: 28 finish: 1473413793 86879700 start: 1473413788 673300050
t_num: 26 finish: 1473413793 650604424 start: 1473413789 237089764
t_num: 18 finish: 1473413794 510448031 start: 1473413788 555682021
t_num: 12 finish: 1473413794 510447800 start: 1473413787 178656455
t_num: 1 finish: 1473413795 99947210 start: 1473413789 844946166
t_num: 2 finish: 1473413795 139922201 start: 1473413791 406780100
t_num: 17 finish: 1473413796 958009888 start: 1473413790 280157526
t_num: 14 finish: 1473413796 958202146 start: 1473413792 670502720
t_num: 0 finish: 1473413797 180035762 start: 1473413792 406905616
t_num: 30 finish: 1473413797 301079887 start: 1473413791 424653666
t_num: 20 finish: 1473413798 261113792 start: 1473413796 341052341
t_num: 21 finish: 1473413798 353971779 start: 1473413792 670472876
t_num: 27 finish: 1473413798 370823646 start: 1473413792 406832890
t_num: 6 finish: 1473413798 969084094 start: 1473413793 745763785
t_num: 15 finish: 1473413798 969161634 start: 1473413791 177559340
t_num: 12 finish: 1473413798 969202432 start: 1473413794 510532897
t_num: 23 finish: 1473413798 969332019 start: 1473413790 934301968
t_num: 19 finish: 1473413798 969411466 start: 1473413792 670586295
t_num: 18 finish: 1473413798 969713135 start: 1473413796 372119000
t_num: 17 finish: 1473413798 970491914 start: 1473413796 958051064
t_num: 26 finish: 1473413799 569833279 start: 1473413793 650640673
t_num: 2 finish: 1473413800 148128759 start: 1473413795 537918382
t_num: 11 finish: 1473413801 59192091 start: 1473413797 301271780
t_num: 24 finish: 1473413801 577405658 start: 1473413796 201902693
t_num: 10 finish: 1473413801 673610392 start: 1473413794 370568296
t_num: 8 finish: 1473413801 673611751 start: 1473413794 280306315
t_num: 0 finish: 1473413801 700087188 start: 1473413797 180104164
t_num: 13 finish: 1473413801 803533485 start: 1473413797 301215235
t_num: 19 finish: 1473413802 43822074 start: 1473413798 969426812
t_num: 23 finish: 1473413802 135043905 start: 1473413798 969350134
t_num: 15 finish: 1473413802 584440198 start: 1473413798 969177616
t_num: 20 finish: 1473413802 795309866 start: 1473413799 386841261
t_num: 7 finish: 1473413803 883065534 start: 1473413798 969042128
t_num: 11 finish: 1473413803 941140170 start: 1473413801 59216559
t_num: 17 finish: 1473413803 959388655 start: 1473413798 970512947
t_num: 31 finish: 1473413804 226327665 start: 1473413800 123853045
t_num: 29 finish: 1473413804 233946366 start: 1473413799 399633385
t_num: 23 finish: 1473413804 697817606 start: 1473413802 135091446
t_num: 6 finish: 1473413804 763140293 start: 1473413798 969111402
t_num: 9 finish: 1473413804 763166914 start: 1473413801 543444453
t_num: 21 finish: 1473413804 846036425 start: 1473413798 354017920
t_num: 18 finish: 1473413804 846281273 start: 1473413798 969734760
t_num: 5 finish: 1473413805 36012981 start: 1473413798 810411833
t_num: 19 finish: 1473413805 36184651 start: 1473413803 514922508
t_num: 1 finish: 1473413806 69904113 start: 1473413802 465083036
t_num: 10 finish: 1473413806 565724704 start: 1473413801 673643606
t_num: 29 finish: 1473413806 595629013 start: 1473413804 233963515
t_num: 22 finish: 1473413807 74283516 start: 1473413802 172000187
t_num: 15 finish: 1473413807 95315417 start: 1473413802 584473803
t_num: 18 finish: 1473413807 492543012 start: 1473413804 846299589
t_num: 27 finish: 1473413807 499133406 start: 1473413803 699807989
t_num: 30 finish: 1473413807 989320570 start: 1473413804 846052570
t_num: 0 finish: 1473413808 46009298 start: 1473413801 700108292
t_num: 23 finish: 1473413809 345331478 start: 1473413805 184574350
t_num: 21 finish: 1473413809 345465794 start: 1473413804 846135337
t_num: 5 finish: 1473413809 757169372 start: 1473413806 576292622
t_num: 26 finish: 1473413809 760261562 start: 1473413806 896862146
t_num: 19 finish: 1473413810 286535403 start: 1473413806 778620087
t_num: 10 finish: 1473413810 947507141 start: 1473413806 565747438
t_num: 29 finish: 1473413810 995988148 start: 1473413806 595655703
t_num: 27 finish: 1473413811 33975377 start: 1473413807 499154144
t_num: 1 finish: 1473413811 74528595 start: 1473413807 119382078
t_num: 2 finish: 1473413811 121626538 start: 1473413805 957896353
t_num: 6 finish: 1473413811 316205350 start: 1473413804 763171199
t_num: 0 finish: 1473413811 430616722 start: 1473413809 102792462
t_num: 13 finish: 1473413812 52200873 start: 1473413807 497692256
t_num: 22 finish: 1473413812 153433181 start: 1473413807 74324658
t_num: 31 finish: 1473413812 183862379 start: 1473413806 553081770
t_num: 24 finish: 1473413812 234266133 start: 1473413805 213357535
t_num: 7 finish: 1473413812 244740041 start: 1473413804 846089037
t_num: 27 finish: 1473413812 433668358 start: 1473413811 34005750
t_num: 23 finish: 1473413812 433782306 start: 1473413809 345360069
t_num: 15 finish: 1473413812 526144588 start: 1473413807 95346161
t_num: 25 finish: 1473413812 526304585 start: 1473413810 94455978
t_num: 16 finish: 1473413813 839839866 start: 1473413807 112419902
t_num: 28 finish: 1473413813 913327428 start: 1473413809 344371003
t_num: 18 finish: 1473413813 978235645 start: 1473413810 43643011
t_num: 2 finish: 1473413813 978713098 start: 1473413811 880441031
t_num: 9 finish: 1473413813 978822550 start: 1473413808 873205087
t_num: 19 finish: 1473413814 51795678 start: 1473413810 286566733
t_num: 0 finish: 1473413814 380887555 start: 1473413811 430647657
t_num: 1 finish: 1473413814 867202321 start: 1473413811 74568860
t_num: 27 finish: 1473413815 688433886 start: 1473413812 433732488
t_num: 9 finish: 1473413815 964555449 start: 1473413813 978842354
t_num: 6 finish: 1473413816 49532640 start: 1473413811 316229503
t_num: 23 finish: 1473413816 778660003 start: 1473413813 913339425
t_num: 25 finish: 1473413817 139171911 start: 1473413812 526324501
t_num: 24 finish: 1473413817 991128735 start: 1473413815 964828700
t_num: 19 finish: 1473413818 160600714 start: 1473413814 51840519
t_num: 26 finish: 1473413818 171249293 start: 1473413811 261376715
t_num: 13 finish: 1473413818 515131172 start: 1473413812 903867818
t_num: 9 finish: 1473413818 639629503 start: 1473413815 964599821
t_num: 1 finish: 1473413818 749252561 start: 1473413814 867246993
t_num: 12 finish: 1473413818 893225132 start: 1473413816 779323034
t_num: 2 finish: 1473413819 387661611 start: 1473413813 978735295
t_num: 19 finish: 1473413819 829343417 start: 1473413818 160642440
t_num: 29 finish: 1473413820 132359608 start: 1473413817 204793437
t_num: 0 finish: 1473413820 905881113 start: 1473413814 380930563
t_num: 17 finish: 1473413820 906504274 start: 1473413817 899083142
t_num: 28 finish: 1473413821 46618019 start: 1473413816 950497905
t_num: 7 finish: 1473413821 46705917 start: 1473413815 565308123
t_num: 12 finish: 1473413821 47048167 start: 1473413818 893266040
t_num: 6 finish: 1473413821 47085271 start: 1473413816 49559089
t_num: 26 finish: 1473413821 633230221 start: 1473413818 171271213
t_num: 14 finish: 1473413821 673076182 start: 1473413817 899102356
t_num: 23 finish: 1473413821 825370414 start: 1473413816 778728802
t_num: 29 finish: 1473413821 992697355 start: 1473413820 132404032
t_num: 15 finish: 1473413822 765487109 start: 1473413818 314185290
t_num: 18 finish: 1473413823 388920585 start: 1473413819 881705251
t_num: 8 finish: 1473413823 454801680 start: 1473413819 881756688
t_num: 24 finish: 1473413823 942439060 start: 1473413819 829288499
t_num: 19 finish: 1473413824 490358165 start: 1473413819 829403689
t_num: 28 finish: 1473413824 685058376 start: 1473413821 467875073
t_num: 4 finish: 1473413824 685080616 start: 1473413820 906004554
t_num: 29 finish: 1473413825 938196708 start: 1473413821 992747916
t_num: 15 finish: 1473413825 939464195 start: 1473413822 765513936
t_num: 21 finish: 1473413826 78479250 start: 1473413820 341551523
t_num: 6 finish: 1473413826 80330074 start: 1473413821 47122860
t_num: 23 finish: 1473413826 568218236 start: 1473413822 911473493
t_num: 13 finish: 1473413827 199600015 start: 1473413822 765299123
t_num: 3 finish: 1473413827 199688122 start: 1473413822 765076578
t_num: 1 finish: 1473413827 278908580 start: 1473413823 19195845
t_num: 12 finish: 1473413827 279099526 start: 1473413821 47067833
t_num: 18 finish: 1473413827 483881231 start: 1473413825 929427953
t_num: 0 finish: 1473413827 484009526 start: 1473413822 911425429
t_num: 2 finish: 1473413827 880630503 start: 1473413824 627646806
t_num: 27 finish: 1473413828 89462592 start: 1473413822 765258247
t_num: 24 finish: 1473413828 870002413 start: 1473413823 942481837
t_num: 19 finish: 1473413828 873897304 start: 1473413824 490394172
t_num: 28 finish: 1473413829 14749821 start: 1473413824 685124363
t_num: 7 finish: 1473413829 14810509 start: 1473413826 295882987
t_num: 1 finish: 1473413829 656604243 start: 1473413827 278937086
t_num: 29 finish: 1473413830 919666978 start: 1473413825 938239835
t_num: 12 finish: 1473413831 47104742 start: 1473413827 279119873
t_num: 13 finish: 1473413831 169765329 start: 1473413827 199666527
t_num: 26 finish: 1473413831 211631025 start: 1473413823 654789814
t_num: 8 finish: 1473413831 712446705 start: 1473413827 141845841
t_num: 6 finish: 1473413831 849614775 start: 1473413828 515234926
t_num: 21 finish: 1473413832 32631526 start: 1473413827 362918717
t_num: 18 finish: 1473413832 551164181 start: 1473413827 483940251
t_num: 0 finish: 1473413832 749941272 start: 1473413827 484027566
t_num: 29 finish: 1473413832 885880271 start: 1473413830 919691668
t_num: 15 finish: 1473413832 885881183 start: 1473413828 301989175
t_num: 1 finish: 1473413833 275838661 start: 1473413829 656646513
t_num: 5 finish: 1473413833 275911382 start: 1473413828 88835269
t_num: 21 finish: 1473413833 276355852 start: 1473413832 32661664
t_num: 24 finish: 1473413833 510010577 start: 1473413830 877681130
t_num: 12 finish: 1473413833 510242317 start: 1473413831 47147312
t_num: 8 finish: 1473413834 582002364 start: 1473413831 712486455
t_num: 2 finish: 1473413835 32579697 start: 1473413830 287779560
t_num: 16 finish: 1473413835 33434177 start: 1473413829 418260474
t_num: 19 finish: 1473413835 75062408 start: 1473413828 873921209
t_num: 0 finish: 1473413835 982549934 start: 1473413832 749985952
t_num: 30 finish: 1473413836 557929278 start: 1473413833 774090419
t_num: 10 finish: 1473413836 867621036 start: 1473413834 377180650
t_num: 23 finish: 1473413836 868394243 start: 1473413830 395609485
t_num: 6 finish: 1473413838 64610610 start: 1473413832 749971842
t_num: 18 finish: 1473413838 207524764 start: 1473413833 571714523
t_num: 8 finish: 1473413838 207547299 start: 1473413834 582042921
t_num: 16 finish: 1473413838 207611236 start: 1473413835 844020567
t_num: 5 finish: 1473413838 207650674 start: 1473413833 275946623
t_num: 2 finish: 1473413838 208379921 start: 1473413835 32620122
t_num: 31 finish: 1473413838 208416615 start: 1473413835 470965216
t_num: 22 finish: 1473413838 208418456 start: 1473413833 315074030
t_num: 24 finish: 1473413838 208546704 start: 1473413833 510047912
t_num: 27 finish: 1473413838 208633235 start: 1473413833 571480488
t_num: 9 finish: 1473413838 208672068 start: 1473413835 34637741
t_num: 29 finish: 1473413838 209833546 start: 1473413835 769932208
t_num: 23 finish: 1473413839 761518482 start: 1473413836 868415290
t_num: 1 finish: 1473413839 949795152 start: 1473413833 275901530
t_num: 0 finish: 1473413840 481556424 start: 1473413835 982589377
t_num: 30 finish: 1473413840 662503171 start: 1473413836 557974042
t_num: 15 finish: 1473413841 411276332 start: 1473413832 885924493
t_num: 29 finish: 1473413841 739911556 start: 1473413840 481650711
t_num: 28 finish: 1473413841 739911765 start: 1473413839 760964476
t_num: 31 finish: 1473413842 231814700 start: 1473413838 208433849
t_num: 25 finish: 1473413842 232030024 start: 1473413840 311040057
t_num: 7 finish: 1473413842 336206796 start: 1473413839 760891014
t_num: 10 finish: 1473413842 949985105 start: 1473413838 207690585
t_num: 22 finish: 1473413843 158709402 start: 1473413838 208619864
t_num: 14 finish: 1473413843 255991229 start: 1473413839 860293823
t_num: 9 finish: 1473413843 310044857 start: 1473413838 208686000
t_num: 23 finish: 1473413844 64961664 start: 1473413839 761544808
t_num: 18 finish: 1473413844 201987795 start: 1473413838 207572982
t_num: 2 finish: 1473413844 347405268 start: 1473413839 761471316
t_num: 16 finish: 1473413844 347505683 start: 1473413838 207631362
t_num: 26 finish: 1473413844 347405284 start: 1473413838 38632726
t_num: 30 finish: 1473413844 527655850 start: 1473413840 662547252
t_num: 24 finish: 1473413844 527655850 start: 1473413840 481302835
t_num: 28 finish: 1473413844 768256856 start: 1473413842 103954700
t_num: 29 finish: 1473413845 933177101 start: 1473413841 739955614
t_num: 14 finish: 1473413846 783857263 start: 1473413843 256033007
t_num: 15 finish: 1473413846 948426796 start: 1473413841 411321986
t_num: 26 finish: 1473413847 401087687 start: 1473413845 238736445
t_num: 27 finish: 1473413847 771302969 start: 1473413841 717111660
t_num: 1 finish: 1473413847 771668984 start: 1473413843 638024435
t_num: 23 finish: 1473413847 771713858 start: 1473413844 65005729
t_num: 28 finish: 1473413847 932192618 start: 1473413845 610956099
t_num: 10 finish: 1473413848 724231253 start: 1473413846 78835739
t_num: 2 finish: 1473413848 929420282 start: 1473413844 347452417
t_num: 24 finish: 1473413849 16010715 start: 1473413844 527811695
t_num: 31 finish: 1473413849 154036881 start: 1473413842 231939865
t_num: 25 finish: 1473413849 217184717 start: 1473413844 203230253
t_num: 26 finish: 1473413849 840273627 start: 1473413847 401129048
t_num: 0 finish: 1473413849 895349061 start: 1473413842 231983917
t_num: 7 finish: 1473413850 546971 start: 1473413845 14581701
t_num: 11 finish: 1473413850 45892690 start: 1473413846 948466586
t_num: 1 finish: 1473413850 476028138 start: 1473413847 771688552
t_num: 29 finish: 1473413851 564603337 start: 1473413845 933240224
t_num: 24 finish: 1473413852 218597949 start: 1473413849 16042447
t_num: 23 finish: 1473413852 345006346 start: 1473413847 771729582
t_num: 1 finish: 1473413853 414726531 start: 1473413850 630674122
t_num: 0 finish: 1473413853 417748047 start: 1473413849 895400754
t_num: 16 finish: 1473413853 590026079 start: 1473413846 658252405
t_num: 30 finish: 1473413854 102777949 start: 1473413847 771377908
t_num: 6 finish: 1473413854 104288152 start: 1473413849 768688700
t_num: 26 finish: 1473413854 373257667 start: 1473413850 756810728
t_num: 15 finish: 1473413854 684036173 start: 1473413848 709190856
t_num: 31 finish: 1473413854 731375471 start: 1473413849 154080393
t_num: 20 finish: 1473413854 960541123 start: 1473413850 100950481
t_num: 10 finish: 1473413854 967977060 start: 1473413851 452364642
t_num: 27 finish: 1473413855 398602665 start: 1473413851 453076677
t_num: 2 finish: 1473413855 695740754 start: 1473413848 929454102
t_num: 25 finish: 1473413857 26893947 start: 1473413849 217211742
t_num: 21 finish: 1473413857 80040660 start: 1473413850 754270131
t_num: 3 finish: 1473413857 80077349 start: 1473413849 972275278
t_num: 12 finish: 1473413857 181896891 start: 1473413852 783665474
t_num: 26 finish: 1473413857 333955952 start: 1473413854 373313405
t_num: 19 finish: 1473413858 146640348 start: 1473413852 345068240
t_num: 27 finish: 1473413858 147330779 start: 1473413855 398643708
t_num: 22 finish: 1473413858 337758405 start: 1473413855 171964363
t_num: 9 finish: 1473413858 843954647 start: 1473413856 214599208
t_num: 23 finish: 1473413859 356916055 start: 1473413852 676626734
t_num: 15 finish: 1473413859 384945040 start: 1473413854 684079762
t_num: 16 finish: 1473413859 422819636 start: 1473413853 590068766
t_num: 2 finish: 1473413859 491431296 start: 1473413855 695785106
t_num: 6 finish: 1473413859 534569457 start: 1473413854 104310789
t_num: 3 finish: 1473413860 672329957 start: 1473413857 80095435
t_num: 31 finish: 1473413860 705590058 start: 1473413855 98006021
t_num: 17 finish: 1473413861 237501901 start: 1473413858 3173394
t_num: 0 finish: 1473413861 645425862 start: 1473413858 2369759
t_num: 29 finish: 1473413861 646930871 start: 1473413855 745787864
t_num: 12 finish: 1473413861 646991069 start: 1473413857 181929776
t_num: 10 finish: 1473413861 649435004 start: 1473413857 824191223
t_num: 16 finish: 1473413862 751199532 start: 1473413859 422837315
t_num: 27 finish: 1473413863 67795110 start: 1473413858 147350799
t_num: 5 finish: 1473413863 267627951 start: 1473413860 673352200
t_num: 13 finish: 1473413863 945931960 start: 1473413857 18943095
t_num: 19 finish: 1473413864 9648423 start: 1473413859 209502327
t_num: 20 finish: 1473413864 9771959 start: 1473413860 221480789
t_num: 14 finish: 1473413864 9936673 start: 1473413860 376619356
t_num: 22 finish: 1473413864 474051097 start: 1473413862 622540813
t_num: 24 finish: 1473413864 825582271 start: 1473413862 622478138
t_num: 17 finish: 1473413864 855464605 start: 1473413861 237545203
t_num: 15 finish: 1473413864 926190584 start: 1473413859 384968006
t_num: 2 finish: 1473413864 956416583 start: 1473413859 491453949
t_num: 6 finish: 1473413865 776104986 start: 1473413859 534588565
t_num: 25 finish: 1473413865 776155562 start: 1473413861 43675102
t_num: 5 finish: 1473413865 776355996 start: 1473413863 267664283
t_num: 21 finish: 1473413865 776385472 start: 1473413859 209540292
t_num: 27 finish: 1473413865 776588735 start: 1473413863 67843706
t_num: 0 finish: 1473413865 789536372 start: 1473413861 645470050
t_num: 10 finish: 1473413866 675323552 start: 1473413863 945931130
t_num: 27 finish: 1473413867 502930301 start: 1473413865 776607257
t_num: 15 finish: 1473413867 666803898 start: 1473413864 926221340
t_num: 20 finish: 1473413868 263379789 start: 1473413864 9792185
t_num: 24 finish: 1473413868 398786277 start: 1473413864 825647159
t_num: 30 finish: 1473413868 519735586 start: 1473413865 776971804
t_num: 17 finish: 1473413868 519860706 start: 1473413864 855487918
t_num: 18 finish: 1473413868 520211449 start: 1473413865 102884190
t_num: 5 finish: 1473413868 754953002 start: 1473413865 776375482
t_num: 26 finish: 1473413869 580870492 start: 1473413866 405470632
t_num: 0 finish: 1473413869 580870480 start: 1473413865 789555269
t_num: 2 finish: 1473413869 581452578 start: 1473413864 956444118
t_num: 12 finish: 1473413869 581525320 start: 1473413863 945834635
t_num: 6 finish: 1473413869 581755211 start: 1473413865 856367519
t_num: 10 finish: 1473413870 119753194 start: 1473413868 398901481
t_num: 19 finish: 1473413870 131270031 start: 1473413867 42419530
t_num: 29 finish: 1473413870 180150767 start: 1473413864 677819496
t_num: 16 finish: 1473413870 213053479 start: 1473413865 822301413
t_num: 22 finish: 1473413871 36102268 start: 1473413865 776446151
t_num: 2 finish: 1473413871 151374638 start: 1473413869 581470657
t_num: 31 finish: 1473413871 604441724 start: 1473413865 52344338
t_num: 17 finish: 1473413871 704365996 start: 1473413868 519882338
t_num: 7 finish: 1473413872 133718840 start: 1473413867 899035276
t_num: 29 finish: 1473413872 261492924 start: 1473413870 180172722
t_num: 18 finish: 1473413873 175637502 start: 1473413870 169590988
t_num: 21 finish: 1473413873 175664371 start: 1473413868 398822687
t_num: 1 finish: 1473413873 175746258 start: 1473413871 151469535
t_num: 0 finish: 1473413873 254223835 start: 1473413871 593428885
t_num: 11 finish: 1473413873 254244562 start: 1473413869 581233246
t_num: 20 finish: 1473413873 824177980 start: 1473413868 263420409
t_num: 22 finish: 1473413874 416767519 start: 1473413871 36176847
t_num: 19 finish: 1473413874 494841193 start: 1473413871 443534297
t_num: 4 finish: 1473413874 513588962 start: 1473413869 918315074
t_num: 12 finish: 1473413874 793878855 start: 1473413869 581543514
t_num: 5 finish: 1473413875 24076189 start: 1473413871 150865318
t_num: 25 finish: 1473413875 213121159 start: 1473413870 410970529
t_num: 16 finish: 1473413875 761303824 start: 1473413871 150896591
t_num: 10 finish: 1473413876 59135616 start: 1473413871 150914714
t_num: 26 finish: 1473413876 506486948 start: 1473413873 750010327
t_num: 21 finish: 1473413876 825970734 start: 1473413873 175789837
t_num: 12 finish: 1473413877 93468009 start: 1473413874 793916748
t_num: 18 finish: 1473413877 111536479 start: 1473413874 187219691
t_num: 31 finish: 1473413877 340913587 start: 1473413872 902147513
t_num: 15 finish: 1473413877 946222189 start: 1473413871 150954660
t_num: 11 finish: 1473413878 88110783 start: 1473413873 254261240
t_num: 23 finish: 1473413879 132454290 start: 1473413874 412553681
t_num: 20 finish: 1473413879 523829876 start: 1473413873 824231678
t_num: 9 finish: 1473413879 621153904 start: 1473413874 817705079
t_num: 1 finish: 1473413879 690259739 start: 1473413876 825213496
t_num: 12 finish: 1473413879 690314468 start: 1473413877 93499184
t_num: 5 finish: 1473413879 782317540 start: 1473413875 24102931
t_num: 20 finish: 1473413879 881147006 start: 1473413879 523874140
t_num: 15 finish: 1473413880 547866755 start: 1473413877 946259471
t_num: 26 finish: 1473413881 153172538 start: 1473413876 506521385
t_num: 21 finish: 1473413881 523393109 start: 1473413876 825990836
t_num: 4 finish: 1473413881 838853038 start: 1473413875 705147873
t_num: 25 finish: 1473413881 839499594 start: 1473413877 754890094
t_num: 28 finish: 1473413882 202522954 start: 1473413878 674354442
t_num: 13 finish: 1473413882 316568330 start: 1473413876 877399673
t_num: 11 finish: 1473413882 349431130 start: 1473413879 552312709
t_num: 31 finish: 1473413882 486084412 start: 1473413879 131785237
t_num: 1 finish: 1473413882 573684509 start: 1473413879 690292969
t_num: 19 finish: 1473413883 31956633 start: 1473413877 755464730
t_num: 29 finish: 1473413883 333078346 start: 1473413877 755473619
t_num: 7 finish: 1473413883 334108558 start: 1473413878 183850079
t_num: 12 finish: 1473413883 638100597 start: 1473413880 906717803
t_num: 15 finish: 1473413883 646792217 start: 1473413880 652788199
t_num: 4 finish: 1473413884 162494918 start: 1473413881 838932554
t_num: 28 finish: 1473413884 286347224 start: 1473413882 202565533
t_num: 8 finish: 1473413884 392655314 start: 1473413881 153071214
t_num: 20 finish: 1473413884 482170007 start: 1473413879 881210336
t_num: 10 finish: 1473413884 498890021 start: 1473413878 965903914
t_num: 21 finish: 1473413884 996105432 start: 1473413881 523436709
t_num: 18 finish: 1473413885 305559139 start: 1473413881 682768758
t_num: 23 finish: 1473413886 205558722 start: 1473413880 497502825
t_num: 26 finish: 1473413886 236771756 start: 1473413882 204688506
t_num: 25 finish: 1473413886 373210008 start: 1473413881 839516725
t_num: 9 finish: 1473413886 835319513 start: 1473413881 735738193
t_num: 29 finish: 1473413888 546040812 start: 1473413885 834559643
t_num: 12 finish: 1473413888 704480319 start: 1473413883 638142237
t_num: 28 finish: 1473413888 704595163 start: 1473413884 286381228
t_num: 27 finish: 1473413888 704658572 start: 1473413886 678970145
t_num: 24 finish: 1473413888 835156829 start: 1473413883 203239534
t_num: 13 finish: 1473413889 122048246 start: 1473413884 894566977
t_num: 10 finish: 1473413889 153255819 start: 1473413884 498908247
t_num: 15 finish: 1473413889 153513040 start: 1473413885 305852147
t_num: 8 finish: 1473413889 830236673 start: 1473413885 868401466
t_num: 19 finish: 1473413889 895217138 start: 1473413884 488441118
t_num: 4 finish: 1473413889 896059231 start: 1473413885 472408858
t_num: 21 finish: 1473413889 896131087 start: 1473413886 203752996
t_num: 9 finish: 1473413889 896403536 start: 1473413886 835345240
t_num: 20 finish: 1473413890 244881939 start: 1473413885 245038935
t_num: 23 finish: 1473413890 565978570 start: 1473413886 205588438
t_num: 5 finish: 1473413891 40693987 start: 1473413887 507165368
t_num: 25 finish: 1473413891 471819800 start: 1473413886 373247728
t_num: 26 finish: 1473413891 617346181 start: 1473413886 236822952
t_num: 8 finish: 1473413891 856095208 start: 1473413889 830282058
t_num: 0 finish: 1473413892 791066872 start: 1473413889 895249959
t_num: 17 finish: 1473413892 809355633 start: 1473413889 896200971
t_num: 14 finish: 1473413892 833305815 start: 1473413887 490097222
t_num: 12 finish: 1473413892 931936105 start: 1473413889 896385437
t_num: 27 finish: 1473413892 969323067 start: 1473413888 704692393
t_num: 4 finish: 1473413893 596137394 start: 1473413889 896079031
t_num: 30 finish: 1473413893 596170930 start: 1473413888 102065708
t_num: 10 finish: 1473413893 596139846 start: 1473413889 153304154
t_num: 11 finish: 1473413894 488598094 start: 1473413892 437614417
t_num: 26 finish: 1473413894 561240452 start: 1473413893 312112971
t_num: 19 finish: 1473413894 561339832 start: 1473413891 470620358
t_num: 21 finish: 1473413894 561458934 start: 1473413891 470665945
t_num: 0 finish: 1473413894 840546537 start: 1473413892 791110842
t_num: 6 finish: 1473413894 952037457 start: 1473413892 159033865
t_num: 5 finish: 1473413895 366885109 start: 1473413891 40728236
t_num: 25 finish: 1473413895 473890714 start: 1473413891 740984150
t_num: 24 finish: 1473413895 474493616 start: 1473413891 470770852
t_num: 20 finish: 1473413895 474518984 start: 1473413893 312141680
t_num: 12 finish: 1473413895 475514832 start: 1473413892 931955090
t_num: 30 finish: 1473413895 980569200 start: 1473413893 596187619
t_num: 29 finish: 1473413896 81869140 start: 1473413893 190691474
t_num: 13 finish: 1473413896 172988576 start: 1473413893 312337104
t_num: 4 finish: 1473413896 329564004 start: 1473413893 596182750
t_num: 15 finish: 1473413896 959171814 start: 1473413891 740310149
t_num: 6 finish: 1473413897 195002876 start: 1473413894 952067095
t_num: 16 finish: 1473413897 195018953 start: 1473413894 494033470
t_num: 17 finish: 1473413897 245343538 start: 1473413895 473847396
t_num: 2 finish: 1473413897 245521359 start: 1473413894 560988707
t_num: 8 finish: 1473413897 654827271 start: 1473413895 474686742
t_num: 26 finish: 1473413899 166553597 start: 1473413896 959197558
t_num: 27 finish: 1473413899 282823364 start: 1473413895 473942888
t_num: 30 finish: 1473413899 348122098 start: 1473413895 980620172
t_num: 13 finish: 1473413899 377990412 start: 1473413896 173011444
t_num: 0 finish: 1473413900 8292376 start: 1473413894 840610402
t_num: 21 finish: 1473413900 359388808 start: 1473413896 959598374
t_num: 2 finish: 1473413900 498498916 start: 1473413897 245540648
t_num: 29 finish: 1473413901 98086659 start: 1473413896 81902124
t_num: 30 finish: 1473413901 142207109 start: 1473413899 348140877
t_num: 5 finish: 1473413901 662299564 start: 1473413895 366947416
t_num: 19 finish: 1473413901 662918018 start: 1473413897 549508065
t_num: 25 finish: 1473413901 713830146 start: 1473413895 473917291
t_num: 4 finish: 1473413902 572895201 start: 1473413898 51934583
t_num: 31 finish: 1473413903 148620606 start: 1473413900 112386253
t_num: 15 finish: 1473413903 148626429 start: 1473413896 959268680
t_num: 9 finish: 1473413904 897249796 start: 1473413900 883358158
t_num: 20 finish: 1473413904 897264793 start: 1473413899 864459151
t_num: 26 finish: 1473413905 520837387 start: 1473413900 879525324
t_num: 19 finish: 1473413905 744442227 start: 1473413901 662934505
t_num: 3 finish: 1473413905 992401840 start: 1473413899 275532171
t_num: 17 finish: 1473413905 993050939 start: 1473413898 580321445
t_num: 11 finish: 1473413906 157668491 start: 1473413901 682970876
t_num: 21 finish: 1473413906 470338356 start: 1473413900 359438583
t_num: 27 finish: 1473413906 512174973 start: 1473413899 282852095
t_num: 0 finish: 1473413907 218867618 start: 1473413903 604850580
t_num: 2 finish: 1473413907 218926551 start: 1473413903 269600240
t_num: 13 finish: 1473413907 218957122 start: 1473413899 378024738
t_num: 11 finish: 1473413907 459314662 start: 1473413906 157690529
t_num: 31 finish: 1473413907 459616421 start: 1473413904 217655095
t_num: 30 finish: 1473413907 459658475 start: 1473413903 876250077
t_num: 20 finish: 1473413908 232575868 start: 1473413904 897295697
t_num: 15 finish: 1473413908 552300350 start: 1473413903 148726611
t_num: 6 finish: 1473413908 956077336 start: 1473413903 730185725
t_num: 29 finish: 1473413909 186028772 start: 1473413902 473949792
t_num: 18 finish: 1473413909 186038196 start: 1473413906 354110762
t_num: 19 finish: 1473413909 603689487 start: 1473413906 378987750
t_num: 13 finish: 1473413909 953033951 start: 1473413907 218972853
t_num: 3 finish: 1473413910 708482816 start: 1473413905 992445401
t_num: 2 finish: 1473413911 95173343 start: 1473413907 218945828
t_num: 0 finish: 1473413911 95181221 start: 1473413907 218910950
t_num: 21 finish: 1473413911 294077243 start: 1473413906 470369964
t_num: 11 finish: 1473413911 397508342 start: 1473413907 459358819
t_num: 28 finish: 1473413911 465602644 start: 1473413905 996030598
t_num: 4 finish: 1473413912 2722680 start: 1473413906 157470649
t_num: 8 finish: 1473413912 121777517 start: 1473413907 459423503
t_num: 22 finish: 1473413912 513925801 start: 1473413907 878482571
t_num: 6 finish: 1473413912 710031842 start: 1473413908 956121863
t_num: 3 finish: 1473413913 427804240 start: 1473413910 708525282
t_num: 1 finish: 1473413914 698669495 start: 1473413908 979950477
t_num: 20 finish: 1473413914 886031926 start: 1473413909 762610315
t_num: 30 finish: 1473413914 886171122 start: 1473413908 494787390
t_num: 15 finish: 1473413914 887178148 start: 1473413908 552332536
t_num: 27 finish: 1473413914 887221121 start: 1473413908 232122778
t_num: 0 finish: 1473413914 887246066 start: 1473413913 859918904
t_num: 28 finish: 1473413914 887694372 start: 1473413911 465629116
t_num: 2 finish: 1473413914 925978969 start: 1473413911 95221876
t_num: 3 finish: 1473413914 926055122 start: 1473413913 427835561
t_num: 6 finish: 1473413916 762944348 start: 1473413912 710060607
t_num: 4 finish: 1473413916 765672079 start: 1473413912 658601189
t_num: 31 finish: 1473413916 766685697 start: 1473413911 835211512
t_num: 22 finish: 1473413917 791008474 start: 1473413912 514005832
t_num: 30 finish: 1473413917 791137025 start: 1473413915 700306379
t_num: 8 finish: 1473413918 478539250 start: 1473413914 887319195
t_num: 11 finish: 1473413918 581140856 start: 1473413912 2751783
t_num: 20 finish: 1473413918 811481692 start: 1473413916 767139659
t_num: 13 finish: 1473413918 958965784 start: 1473413914 886276338
t_num: 2 finish: 1473413918 959012333 start: 1473413914 925999359
t_num: 1 finish: 1473413918 959060884 start: 1473413914 698713030
t_num: 12 finish: 1473413920 124761713 start: 1473413915 558553041
t_num: 27 finish: 1473413920 125294313 start: 1473413916 764384384
t_num: 7 finish: 1473413920 646302729 start: 1473413916 236669111
t_num: 0 finish: 1473413920 848859559 start: 1473413914 887262308
t_num: 10 finish: 1473413921 360817834 start: 1473413911 882363898
t_num: 18 finish: 1473413921 702329184 start: 1473413915 555890782
t_num: 17 finish: 1473413921 807005032 start: 1473413915 700339794
t_num: 11 finish: 1473413921 807007811 start: 1473413918 581183918
t_num: 28 finish: 1473413921 808519051 start: 1473413918 217266651
t_num: 22 finish: 1473413921 925066122 start: 1473413917 791590935
t_num: 24 finish: 1473413922 340906268 start: 1473413920 17532600
t_num: 8 finish: 1473413922 373203983 start: 1473413920 956067657
t_num: 5 finish: 1473413922 461890539 start: 1473413918 27770678
t_num: 31 finish: 1473413922 505651011 start: 1473413916 766707401
t_num: 30 finish: 1473413923 108415668 start: 1473413917 791155399
t_num: 3 finish: 1473413923 353160162 start: 1473413918 960633262
t_num: 13 finish: 1473413923 353178574 start: 1473413918 959011365
t_num: 7 finish: 1473413923 425578250 start: 1473413921 702266486
t_num: 20 finish: 1473413923 760737078 start: 1473413918 811523378
t_num: 11 finish: 1473413923 760770754 start: 1473413921 807080658
t_num: 19 finish: 1473413923 760792640 start: 1473413920 849101360
t_num: 6 finish: 1473413923 760951787 start: 1473413920 543711846
t_num: 9 finish: 1473413923 761450862 start: 1473413920 764348183
t_num: 12 finish: 1473413923 761494166 start: 1473413921 807759678
t_num: 4 finish: 1473413925 120449728 start: 1473413922 799064192
t_num: 27 finish: 1473413925 635798376 start: 1473413920 125315716
t_num: 22 finish: 1473413925 716628104 start: 1473413923 214043002
t_num: 18 finish: 1473413926 71871868 start: 1473413923 107613260
t_num: 28 finish: 1473413926 620602107 start: 1473413923 111560643
t_num: 19 finish: 1473413926 637984056 start: 1473413925 524596240
t_num: 26 finish: 1473413927 175690417 start: 1473413924 468810103
t_num: 17 finish: 1473413927 307509160 start: 1473413923 214151751
t_num: 5 finish: 1473413927 422295334 start: 1473413923 706136271
t_num: 11 finish: 1473413928 60751558 start: 1473413924 151382527
t_num: 15 finish: 1473413928 277929425 start: 1473413922 556061364
t_num: 10 finish: 1473413928 409087478 start: 1473413925 524792468
t_num: 14 finish: 1473413928 548401978 start: 1473413924 719260242
t_num: 7 finish: 1473413928 639402393 start: 1473413923 425610876
t_num: 18 finish: 1473413928 647937852 start: 1473413926 71932107
t_num: 13 finish: 1473413928 929534686 start: 1473413923 353216436
t_num: 28 finish: 1473413929 51915768 start: 1473413926 620646972
t_num: 3 finish: 1473413930 166041607 start: 1473413925 524756128
t_num: 31 finish: 1473413930 312072526 start: 1473413925 451484535
t_num: 9 finish: 1473413930 312848218 start: 1473413923 761471495
t_num: 28 finish: 1473413931 808983002 start: 1473413929 51939225
t_num: 12 finish: 1473413931 872000195 start: 1473413928 60957685
t_num: 19 finish: 1473413932 74654568 start: 1473413926 638023159
t_num: 13 finish: 1473413932 129524517 start: 1473413928 929571234
t_num: 5 finish: 1473413932 369299717 start: 1473413928 60721383
t_num: 26 finish: 1473413933 109432852 start: 1473413927 175721604
t_num: 15 finish: 1473413933 162797665 start: 1473413928 277953716
t_num: 10 finish: 1473413933 162804993 start: 1473413928 409146075
t_num: 4 finish: 1473413933 242930746 start: 1473413928 60734553
t_num: 20 finish: 1473413933 242947362 start: 1473413929 366485926
t_num: 21 finish: 1473413933 243014548 start: 1473413930 741253490
t_num: 7 finish: 1473413933 288875014 start: 1473413929 357551284
t_num: 16 finish: 1473413933 431108555 start: 1473413929 51093804
t_num: 0 finish: 1473413933 524041371 start: 1473413930 76910671
t_num: 23 finish: 1473413934 11918955 start: 1473413929 958835227
t_num: 14 finish: 1473413934 488669664 start: 1473413928 548465194
t_num: 9 finish: 1473413935 356973338 start: 1473413930 312864596
t_num: 21 finish: 1473413935 357129817 start: 1473413933 243028258
t_num: 18 finish: 1473413935 430413018 start: 1473413931 872321530
t_num: 20 finish: 1473413935 466983978 start: 1473413933 243015399
t_num: 12 finish: 1473413935 823474740 start: 1473413931 872093551
t_num: 23 finish: 1473413936 157444045 start: 1473413934 11982429
t_num: 3 finish: 1473413936 469333383 start: 1473413933 24583579
t_num: 27 finish: 1473413937 203360163 start: 1473413930 63604851
t_num: 31 finish: 1473413937 203429597 start: 1473413932 318182005
t_num: 0 finish: 1473413937 960658342 start: 1473413933 524073373
t_num: 13 finish: 1473413937 994703133 start: 1473413932 129564285
t_num: 23 finish: 1473413937 995120533 start: 1473413936 157466298
t_num: 14 finish: 1473413937 995692841 start: 1473413934 488712721
t_num: 12 finish: 1473413938 874550690 start: 1473413935 823519016
t_num: 16 finish: 1473413938 992853888 start: 1473413933 431154223
t_num: 29 finish: 1473413938 992909049 start: 1473413934 979777231
t_num: 18 finish: 1473413939 103251929 start: 1473413936 157393127
t_num: 15 finish: 1473413939 103251949 start: 1473413934 980011626
t_num: 10 finish: 1473413939 789688433 start: 1473413936 354476587
t_num: 5 finish: 1473413940 574310653 start: 1473413937 203581647
t_num: 7 finish: 1473413940 574657095 start: 1473413937 960726416
t_num: 31 finish: 1473413940 902164879 start: 1473413937 203449148
t_num: 26 finish: 1473413941 80703234 start: 1473413937 995086887
t_num: 29 finish: 1473413942 100676956 start: 1473413938 992950488
t_num: 20 finish: 1473413942 234500366 start: 1473413937 994860239
t_num: 10 finish: 1473413943 188187774 start: 1473413939 789716582
t_num: 18 finish: 1473413943 218354386 start: 1473413939 103288955
t_num: 12 finish: 1473413943 218464607 start: 1473413941 174710875
t_num: 27 finish: 1473413943 218617665 start: 1473413937 995072113
t_num: 21 finish: 1473413943 218664366 start: 1473413937 861230745
t_num: 1 finish: 1473413943 562948551 start: 1473413941 174734926
t_num: 24 finish: 1473413943 626223861 start: 1473413938 686479811
t_num: 25 finish: 1473413944 955578148 start: 1473413941 159235887
t_num: 14 finish: 1473413946 190948070 start: 1473413940 200828490
t_num: 9 finish: 1473413946 224836357 start: 1473413940 551765514
t_num: 20 finish: 1473413946 624837235 start: 1473413942 234528559
t_num: 22 finish: 1473413947 598037107 start: 1473413942 100295582
t_num: 13 finish: 1473413947 742453607 start: 1473413940 574615809
t_num: 26 finish: 1473413948 102417172 start: 1473413941 80745789
t_num: 10 finish: 1473413948 102783152 start: 1473413943 188234554
t_num: 21 finish: 1473413948 102979366 start: 1473413945 236524031
t_num: 6 finish: 1473413948 583246397 start: 1473413944 547438569
t_num: 24 finish: 1473413948 723458362 start: 1473413945 309902647
t_num: 30 finish: 1473413949 64359064 start: 1473413945 467178382
t_num: 11 finish: 1473413949 64371553 start: 1473413945 179217832
t_num: 27 finish: 1473413949 412425174 start: 1473413943 218637597
t_num: 31 finish: 1473413949 412430914 start: 1473413942 664337459
t_num: 17 finish: 1473413950 412861378 start: 1473413949 3165228
t_num: 11 finish: 1473413950 545583358 start: 1473413949 64463407
t_num: 19 finish: 1473413950 623482284 start: 1473413947 554471571
t_num: 22 finish: 1473413950 806481267 start: 1473413947 598071036
t_num: 25 finish: 1473413950 992908696 start: 1473413944 955607672
t_num: 1 finish: 1473413950 995714184 start: 1473413943 563012031
t_num: 8 finish: 1473413951 298081341 start: 1473413946 36435673
t_num: 20 finish: 1473413951 382626360 start: 1473413948 583102129
t_num: 6 finish: 1473413952 866333961 start: 1473413948 583271354
t_num: 23 finish: 1473413953 11125290 start: 1473413947 222001670
t_num: 14 finish: 1473413953 164334411 start: 1473413946 190977257
t_num: 27 finish: 1473413954 437449566 start: 1473413949 412471885
t_num: 11 finish: 1473413954 500661500 start: 1473413950 545619564
t_num: 12 finish: 1473413954 712443527 start: 1473413947 334000708
t_num: 26 finish: 1473413954 903362415 start: 1473413948 102513531
t_num: 21 finish: 1473413954 941713139 start: 1473413948 102999254
t_num: 4 finish: 1473413955 217863800 start: 1473413952 742640177
t_num: 10 finish: 1473413955 796146935 start: 1473413951 651184378
t_num: 25 finish: 1473413955 874355644 start: 1473413950 992948787
t_num: 13 finish: 1473413955 963291014 start: 1473413951 998845391
t_num: 17 finish: 1473413956 74162448 start: 1473413950 412890899
t_num: 9 finish: 1473413956 509874930 start: 1473413951 652895653
t_num: 8 finish: 1473413956 754222978 start: 1473413951 298123152
t_num: 15 finish: 1473413956 877021770 start: 1473413953 933878982
t_num: 30 finish: 1473413957 553493955 start: 1473413951 51460184
t_num: 6 finish: 1473413957 563859829 start: 1473413952 866394716
t_num: 1 finish: 1473413957 951528250 start: 1473413953 362846954
t_num: 12 finish: 1473413957 951546332 start: 1473413954 712487365
t_num: 22 finish: 1473413957 951628696 start: 1473413953 949670361
t_num: 21 finish: 1473413958 394929928 start: 1473413954 941738818
t_num: 19 finish: 1473413958 722755941 start: 1473413951 906791840
t_num: 11 finish: 1473413959 164973624 start: 1473413956 114211895
t_num: 27 finish: 1473413959 260022407 start: 1473413955 963908519
t_num: 28 finish: 1473413959 260089280 start: 1473413954 46042694
t_num: 4 finish: 1473413959 443462049 start: 1473413955 217931506
t_num: 15 finish: 1473413960 18139380 start: 1473413956 877041848
t_num: 2 finish: 1473413960 106981040 start: 1473413957 558081145
t_num: 23 finish: 1473413960 109137959 start: 1473413956 104867931
t_num: 8 finish: 1473413960 696071669 start: 1473413956 754256911
t_num: 16 finish: 1473413960 696079662 start: 1473413955 657885077
t_num: 24 finish: 1473413960 820628960 start: 1473413956 812741931
t_num: 7 finish: 1473413960 858618884 start: 1473413959 58434671
t_num: 25 finish: 1473413960 858702936 start: 1473413957 173139752
t_num: 10 finish: 1473413961 564051187 start: 1473413956 854011912
t_num: 12 finish: 1473413961 617306642 start: 1473413959 315109245
t_num: 1 finish: 1473413961 633265200 start: 1473413957 951592047
t_num: 3 finish: 1473413962 521434090 start: 1473413956 186355164
t_num: 30 finish: 1473413962 521810638 start: 1473413957 553538265
t_num: 27 finish: 1473413962 521832209 start: 1473413959 484600228
t_num: 4 finish: 1473413963 275650804 start: 1473413960 338749391
t_num: 21 finish: 1473413963 275663272 start: 1473413961 262502113
t_num: 13 finish: 1473413963 367178711 start: 1473413960 455706893
t_num: 22 finish: 1473413963 367793009 start: 1473413958 828366870
t_num: 11 finish: 1473413963 367889308 start: 1473413959 165005134
t_num: 18 finish: 1473413963 368560403 start: 1473413960 577261594
t_num: 9 finish: 1473413964 81270302 start: 1473413960 41637473
t_num: 25 finish: 1473413964 300909605 start: 1473413960 858731523
t_num: 5 finish: 1473413964 478972706 start: 1473413960 14057709
t_num: 10 finish: 1473413964 489626879 start: 1473413961 564099168
t_num: 15 finish: 1473413965 435233639 start: 1473413960 18166831
t_num: 28 finish: 1473413965 435279925 start: 1473413962 330736053
t_num: 19 finish: 1473413966 12848859 start: 1473413958 722791250
t_num: 23 finish: 1473413966 12908143 start: 1473413962 521467156
t_num: 12 finish: 1473413966 277194301 start: 1473413961 617337897
t_num: 21 finish: 1473413967 72013963 start: 1473413963 275682237
t_num: 1 finish: 1473413968 22030076 start: 1473413961 633286628
t_num: 11 finish: 1473413968 22930250 start: 1473413965 121255709
t_num: 24 finish: 1473413968 183764880 start: 1473413962 801317854
t_num: 25 finish: 1473413968 345294756 start: 1473413964 300943558
t_num: 28 finish: 1473413968 345294726 start: 1473413965 435298172
t_num: 18 finish: 1473413968 736878694 start: 1473413966 451137206
t_num: 13 finish: 1473413969 71297986 start: 1473413965 287550171
t_num: 4 finish: 1473413969 139718995 start: 1473413966 680970079
t_num: 19 finish: 1473413969 200727089 start: 1473413966 12894079
t_num: 27 finish: 1473413969 208723002 start: 1473413964 738748724
t_num: 30 finish: 1473413969 521554029 start: 1473413964 81246830
t_num: 13 finish: 1473413970 548972641 start: 1473413969 71334683
t_num: 12 finish: 1473413970 549129190 start: 1473413966 277217625
t_num: 17 finish: 1473413970 549363194 start: 1473413965 550226741
t_num: 10 finish: 1473413970 549484900 start: 1473413968 21878174
t_num: 28 finish: 1473413970 549527735 start: 1473413968 345340269
t_num: 31 finish: 1473413970 549641474 start: 1473413967 559890974
t_num: 20 finish: 1473413971 503509131 start: 1473413967 680468301
t_num: 23 finish: 1473413971 538026748 start: 1473413968 611346184
t_num: 11 finish: 1473413972 232880801 start: 1473413968 22950798
t_num: 23 finish: 1473413973 980108368 start: 1473413971 538070166
t_num: 18 finish: 1473413974 102529545 start: 1473413968 736916651
t_num: 2 finish: 1473413974 186672971 start: 1473413970 549719723
t_num: 27 finish: 1473413974 587037459 start: 1473413970 548582217
t_num: 10 finish: 1473413974 669615336 start: 1473413970 549504244
t_num: 25 finish: 1473413975 28217509 start: 1473413970 547715278
t_num: 13 finish: 1473413975 28395158 start: 1473413970 549000824
t_num: 7 finish: 1473413975 272537578 start: 1473413970 548501743
t_num: 30 finish: 1473413975 693587085 start: 1473413972 70251662
t_num: 5 finish: 1473413975 870956112 start: 1473413972 69730859
t_num: 28 finish: 1473413976 86413804 start: 1473413971 306296939
t_num: 12 finish: 1473413976 722350231 start: 1473413973 85560858
t_num: 1 finish: 1473413976 824433097 start: 1473413970 548829900
t_num: 19 finish: 1473413976 899132966 start: 1473413969 200755304
t_num: 18 finish: 1473413977 13928066 start: 1473413974 102574242
t_num: 14 finish: 1473413977 40365239 start: 1473413970 466319673
t_num: 17 finish: 1473413977 765550162 start: 1473413973 976934510
t_num: 20 finish: 1473413978 278410956 start: 1473413971 503557383
t_num: 25 finish: 1473413978 733069124 start: 1473413975 28261402
t_num: 24 finish: 1473413978 776637089 start: 1473413972 553883552
t_num: 23 finish: 1473413978 889481999 start: 1473413975 28311206
t_num: 10 finish: 1473413979 44500165 start: 1473413975 28567148
t_num: 11 finish: 1473413979 547816347 start: 1473413972 232925111
t_num: 18 finish: 1473413979 635713989 start: 1473413977 13965965
t_num: 5 finish: 1473413981 900618890 start: 1473413977 842004655
t_num: 28 finish: 1473413981 919543727 start: 1473413976 86457759
t_num: 12 finish: 1473413982 95179616 start: 1473413976 722394729
t_num: 30 finish: 1473413982 95924914 start: 1473413975 693631835
t_num: 29 finish: 1473413982 96589604 start: 1473413978 123333493
t_num: 14 finish: 1473413982 255003960 start: 1473413977 40403384
t_num: 7 finish: 1473413982 255010885 start: 1473413976 824426608
t_num: 20 finish: 1473413982 255112287 start: 1473413979 547825747
t_num: 11 finish: 1473413982 332015774 start: 1473413980 182441559
t_num: 18 finish: 1473413982 984393895 start: 1473413979 635742894
t_num: 10 finish: 1473413982 984480226 start: 1473413979 44528091
t_num: 25 finish: 1473413983 667918273 start: 1473413978 733158504
t_num: 29 finish: 1473413983 970996363 start: 1473413982 96607960
t_num: 1 finish: 1473413984 675809585 start: 1473413978 733101461
t_num: 14 finish: 1473413984 851645381 start: 1473413982 255058834
t_num: 0 finish: 1473413985 745610477 start: 1473413983 56443522
t_num: 31 finish: 1473413985 746932939 start: 1473413981 933075846
t_num: 21 finish: 1473413987 98785882 start: 1473413982 114007452
t_num: 24 finish: 1473413987 99493091 start: 1473413981 751277402
t_num: 19 finish: 1473413987 109222663 start: 1473413982 177843117
t_num: 18 finish: 1473413987 304476102 start: 1473413982 984457886
t_num: 20 finish: 1473413987 517400893 start: 1473413982 557549489
t_num: 8 finish: 1473413987 765294626 start: 1473413984 23563252
t_num: 23 finish: 1473413987 766660722 start: 1473413979 925772965
t_num: 28 finish: 1473413987 851252559 start: 1473413981 919570032
t_num: 3 finish: 1473413988 599621377 start: 1473413981 903384083
t_num: 17 finish: 1473413988 761244400 start: 1473413982 454404893
t_num: 6 finish: 1473413988 761277892 start: 1473413982 501699800
t_num: 5 finish: 1473413989 826067576 start: 1473413981 900649017
t_num: 29 finish: 1473413989 826110072 start: 1473413985 104304393
t_num: 25 finish: 1473413989 909927406 start: 1473413983 667963298
t_num: 21 finish: 1473413989 909972085 start: 1473413987 98833639
t_num: 12 finish: 1473413989 910195425 start: 1473413985 302195170
t_num: 28 finish: 1473413990 238927272 start: 1473413987 851281557
t_num: 31 finish: 1473413991 187844228 start: 1473413987 301171989
t_num: 19 finish: 1473413991 248703862 start: 1473413987 109255699
t_num: 26 finish: 1473413991 248728418 start: 1473413988 44904930
t_num: 17 finish: 1473413991 540144690 start: 1473413988 761271132
t_num: 3 finish: 1473413992 223104300 start: 1473413988 599665493
t_num: 10 finish: 1473413992 223189359 start: 1473413984 622509473
t_num: 14 finish: 1473413992 223291948 start: 1473413987 74941122
t_num: 22 finish: 1473413992 428849153 start: 1473413990 218350901
t_num: 11 finish: 1473413993 66070672 start: 1473413985 789842405
t_num: 21 finish: 1473413993 102028586 start: 1473413989 909990621
t_num: 24 finish: 1473413993 284123860 start: 1473413987 99513821
t_num: 6 finish: 1473413994 102364618 start: 1473413990 334721075
t_num: 12 finish: 1473413994 514062302 start: 1473413989 910234383
t_num: 20 finish: 1473413994 514635415 start: 1473413989 557329144
t_num: 26 finish: 1473413995 126522787 start: 1473413992 429075461
t_num: 23 finish: 1473413995 368871559 start: 1473413988 678575735
t_num: 10 finish: 1473413995 391015055 start: 1473413992 223208252
t_num: 29 finish: 1473413995 696496808 start: 1473413990 334759545
t_num: 25 finish: 1473413995 716878811 start: 1473413993 66172306
t_num: 19 finish: 1473413996 687691941 start: 1473413993 722016768
t_num: 5 finish: 1473413996 687756245 start: 1473413994 13324308
t_num: 17 finish: 1473413996 688647926 start: 1473413993 101674775
t_num: 16 finish: 1473413997 179806927 start: 1473413991 248686607
t_num: 18 finish: 1473413998 691108 start: 1473413991 910189679
t_num: 4 finish: 1473413998 691109 start: 1473413989 910211168
t_num: 12 finish: 1473413998 99591180 start: 1473413994 514125362
t_num: 6 finish: 1473413998 99594868 start: 1473413994 102393581
t_num: 24 finish: 1473413998 99935226 start: 1473413993 284167696
t_num: 30 finish: 1473413998 100352791 start: 1473413996 872659713
t_num: 14 finish: 1473413998 100420011 start: 1473413992 223311316
t_num: 27 finish: 1473413998 948494198 start: 1473413993 749177623
t_num: 31 finish: 1473413998 948830368 start: 1473413993 436272567
t_num: 25 finish: 1473413998 950024491 start: 1473413996 687822814
t_num: 19 finish: 1473413998 950964490 start: 1473413996 687735061
t_num: 20 finish: 1473413998 951028034 start: 1473413998 175543124
t_num: 2 finish: 1473413999 54096014 start: 1473413994 102847895
t_num: 17 finish: 1473413999 145594349 start: 1473413996 688668927
t_num: 4 finish: 1473413999 893197115 start: 1473413998 438058589
t_num: 6 finish: 1473414000 493261103 start: 1473413998 99687601
t_num: 5 finish: 1473414001 136765097 start: 1473413998 948545296
t_num: 31 finish: 1473414001 223512647 start: 1473413998 948849941
t_num: 30 finish: 1473414001 711290217 start: 1473413998 100372740
t_num: 16 finish: 1473414001 769757623 start: 1473413997 179837607
t_num: 13 finish: 1473414002 888549278 start: 1473413999 532717158
t_num: 3 finish: 1473414003 436498012 start: 1473413998 885430653
t_num: 5 finish: 1473414004 293633955 start: 1473414001 136823431
t_num: 15 finish: 1473414004 293638777 start: 1473413998 950265513
t_num: 26 finish: 1473414004 293713680 start: 1473414000 164736308
t_num: 23 finish: 1473414004 294030923 start: 1473413995 368935564
t_num: 18 finish: 1473414004 294248034 start: 1473414000 411503772
t_num: 12 finish: 1473414004 646118159 start: 1473413998 950438835
t_num: 31 finish: 1473414005 409052370 start: 1473414001 223534273
t_num: 17 finish: 1473414005 472599173 start: 1473413999 145624933
t_num: 9 finish: 1473414005 579567318 start: 1473414000 717942551
t_num: 6 finish: 1473414005 792711069 start: 1473414000 493304089
t_num: 25 finish: 1473414006 331029315 start: 1473413998 950045653
t_num: 10 finish: 1473414006 544697742 start: 1473414003 520496018
t_num: 7 finish: 1473414006 695538994 start: 1473414002 879996050
t_num: 19 finish: 1473414006 787838687 start: 1473414002 876868159
t_num: 1 finish: 1473414006 793447906 start: 1473414003 520770120
t_num: 16 finish: 1473414007 136818553 start: 1473414001 769800854
t_num: 5 finish: 1473414008 272383818 start: 1473414004 293691101
t_num: 11 finish: 1473414008 353053010 start: 1473414004 515864438
t_num: 15 finish: 1473414008 815275410 start: 1473414004 759858138
t_num: 4 finish: 1473414009 114821670 start: 1473414002 879474351
t_num: 8 finish: 1473414009 428446780 start: 1473414001 770057287
t_num: 30 finish: 1473414009 514755253 start: 1473414005 384500433
t_num: 22 finish: 1473414010 921137197 start: 1473414007 73090635
t_num: 31 finish: 1473414010 922538679 start: 1473414005 409087577
t_num: 6 finish: 1473414010 922854777 start: 1473414005 792745178
t_num: 17 finish: 1473414010 924065918 start: 1473414007 431098694
t_num: 15 finish: 1473414011 472078099 start: 1473414008 815309211
t_num: 12 finish: 1473414011 499064712 start: 1473414004 646155676
t_num: 16 finish: 1473414011 563693466 start: 1473414007 136851591
t_num: 4 finish: 1473414011 590988532 start: 1473414009 114865288
t_num: 25 finish: 1473414011 622379880 start: 1473414008 860461548
t_num: 9 finish: 1473414011 654897674 start: 1473414007 530486573
t_num: 21 finish: 1473414012 421007318 start: 1473414008 268561920
t_num: 10 finish: 1473414012 728614873 start: 1473414006 544744889
t_num: 3 finish: 1473414013 409892094 start: 1473414005 961273581
t_num: 23 finish: 1473414013 991406200 start: 1473414008 861139784
t_num: 19 finish: 1473414014 947730862 start: 1473414010 152211058
t_num: 0 finish: 1473414014 948078380 start: 1473414011 311650270
t_num: 15 finish: 1473414015 56473701 start: 1473414011 472123237
t_num: 16 finish: 1473414015 56927916 start: 1473414011 563719734
t_num: 6 finish: 1473414016 752733155 start: 1473414010 922873724
t_num: 8 finish: 1473414017 257582377 start: 1473414013 93346364
t_num: 4 finish: 1473414017 302722231 start: 1473414011 591006429
t_num: 5 finish: 1473414017 302756814 start: 1473414010 26750032
t_num: 20 finish: 1473414017 302827624 start: 1473414014 571961545
t_num: 9 finish: 1473414017 822096476 start: 1473414011 654930972
t_num: 17 finish: 1473414018 13525634 start: 1473414012 286958098
t_num: 13 finish: 1473414018 14408779 start: 1473414009 482441497
t_num: 7 finish: 1473414018 14431164 start: 1473414014 240910202
t_num: 24 finish: 1473414018 216754226 start: 1473414016 293310684
t_num: 19 finish: 1473414018 730301322 start: 1473414014 947822661
t_num: 25 finish: 1473414018 856770923 start: 1473414013 943172769
t_num: 0 finish: 1473414018 856776559 start: 1473414014 948097339
t_num: 11 finish: 1473414018 906651433 start: 1473414014 947797777
t_num: 10 finish: 1473414019 69698150 start: 1473414012 728652472
t_num: 16 finish: 1473414020 192797055 start: 1473414015 56948041
t_num: 23 finish: 1473414020 699588165 start: 1473414018 13432153
t_num: 28 finish: 1473414020 736689056 start: 1473414014 947759458
t_num: 22 finish: 1473414020 736723077 start: 1473414018 13851595
t_num: 8 finish: 1473414021 715391685 start: 1473414017 257766238
t_num: 3 finish: 1473414022 5453300 start: 1473414015 439183788
t_num: 6 finish: 1473414022 611257443 start: 1473414017 302972234
t_num: 20 finish: 1473414022 611587119 start: 1473414017 302858689
t_num: 27 finish: 1473414023 126063820 start: 1473414018 13486969
t_num: 24 finish: 1473414023 154968314 start: 1473414018 216794582
t_num: 11 finish: 1473414023 930337800 start: 1473414018 906692271
t_num: 17 finish: 1473414024 611698100 start: 1473414021 257474490
t_num: 25 finish: 1473414024 951261525 start: 1473414018 856861553
t_num: 0 finish: 1473414024 952158158 start: 1473414020 347405922
t_num: 18 finish: 1473414025 206583022 start: 1473414018 243728919
t_num: 14 finish: 1473414026 177387731 start: 1473414021 794410442
t_num: 15 finish: 1473414026 182492368 start: 1473414020 347103784
t_num: 6 finish: 1473414026 295200020 start: 1473414022 611889722
t_num: 24 finish: 1473414026 818775088 start: 1473414023 155001154
t_num: 11 finish: 1473414026 905734646 start: 1473414024 756959254
t_num: 23 finish: 1473414027 21528054 start: 1473414022 234230212
t_num: 8 finish: 1473414027 21573812 start: 1473414022 611544355
t_num: 5 finish: 1473414027 21630563 start: 1473414021 631017209
t_num: 13 finish: 1473414027 628623593 start: 1473414023 80056921
t_num: 3 finish: 1473414028 348045804 start: 1473414022 5496972
t_num: 19 finish: 1473414029 163117258 start: 1473414022 611293736
t_num: 21 finish: 1473414029 285851694 start: 1473414023 401095035
t_num: 28 finish: 1473414030 215571947 start: 1473414022 233904118
t_num: 16 finish: 1473414030 933149615 start: 1473414024 951086165
t_num: 10 finish: 1473414031 49821620 start: 1473414022 5483846
t_num: 8 finish: 1473414031 360245830 start: 1473414027 21607123
t_num: 0 finish: 1473414031 360252871 start: 1473414026 585661035
t_num: 24 finish: 1473414031 796230876 start: 1473414028 797424469
t_num: 18 finish: 1473414032 753456335 start: 1473414028 679257112
t_num: 5 finish: 1473414032 858939734 start: 1473414027 21645463
t_num: 30 finish: 1473414033 310559659 start: 1473414028 681977931
t_num: 27 finish: 1473414033 310699404 start: 1473414023 126122494
t_num: 14 finish: 1473414033 311254909 start: 1473414026 177422427
t_num: 3 finish: 1473414033 391423740 start: 1473414028 910404758
t_num: 15 finish: 1473414033 484648005 start: 1473414026 182512565
t_num: 1 finish: 1473414033 579160773 start: 1473414030 189856241
t_num: 11 finish: 1473414033 579164363 start: 1473414026 905775780
t_num: 25 finish: 1473414034 264566888 start: 1473414031 685126183
t_num: 23 finish: 1473414034 264706754 start: 1473414028 679544019
t_num: 2 finish: 1473414034 406459214 start: 1473414030 215277627
t_num: 19 finish: 1473414034 708910516 start: 1473414029 163181641
t_num: 24 finish: 1473414035 695590627 start: 1473414031 796267132
t_num: 5 finish: 1473414035 940074561 start: 1473414032 858976603
t_num: 13 finish: 1473414036 40698385 start: 1473414027 628688863
t_num: 7 finish: 1473414036 764745483 start: 1473414032 911220238
t_num: 16 finish: 1473414036 765293791 start: 1473414030 933176430
t_num: 1 finish: 1473414036 766082201 start: 1473414033 579187612
t_num: 17 finish: 1473414036 869313887 start: 1473414032 581588172
t_num: 14 finish: 1473414036 869463106 start: 1473414033 311275942
t_num: 18 finish: 1473414036 988853506 start: 1473414034 338748515
t_num: 10 finish: 1473414037 573521154 start: 1473414032 580089413
t_num: 3 finish: 1473414037 718555257 start: 1473414033 391486818
t_num: 30 finish: 1473414037 719817176 start: 1473414035 103307805
t_num: 2 finish: 1473414037 719990133 start: 1473414034 406500682
t_num: 22 finish: 1473414038 284005607 start: 1473414032 911729092
t_num: 27 finish: 1473414038 441680106 start: 1473414034 264897681
t_num: 15 finish: 1473414039 25357602 start: 1473414033 734796801
t_num: 26 finish: 1473414039 82740644 start: 1473414033 31423398
t_num: 28 finish: 1473414039 280310769 start: 1473414033 314572857
t_num: 19 finish: 1473414039 381240320 start: 1473414034 708945056
t_num: 20 finish: 1473414039 704894403 start: 1473414036 764960337
t_num: 8 finish: 1473414040 159633337 start: 1473414033 310725668
t_num: 17 finish: 1473414040 861924839 start: 1473414036 869373926
t_num: 25 finish: 1473414040 861965127 start: 1473414038 185705517
t_num: 13 finish: 1473414041 357076800 start: 1473414036 40729638
t_num: 3 finish: 1473414041 358581609 start: 1473414037 718578694
t_num: 10 finish: 1473414041 475558348 start: 1473414039 212273467
t_num: 26 finish: 1473414041 475571854 start: 1473414040 722608118
t_num: 2 finish: 1473414041 475638847 start: 1473414037 720008354
t_num: 9 finish: 1473414041 987487761 start: 1473414035 871397412
t_num: 27 finish: 1473414042 105209093 start: 1473414038 441721926
t_num: 16 finish: 1473414042 311073866 start: 1473414038 605444423
t_num: 28 finish: 1473414042 399237069 start: 1473414039 790964662
t_num: 8 finish: 1473414043 231771004 start: 1473414040 159693523
t_num: 19 finish: 1473414044 46416596 start: 1473414039 381290006
t_num: 0 finish: 1473414044 47230891 start: 1473414036 869479856
t_num: 2 finish: 1473414044 48159777 start: 1473414041 475656982
t_num: 10 finish: 1473414044 49413023 start: 1473414041 475611416
t_num: 13 finish: 1473414044 49439817 start: 1473414041 357289376
t_num: 18 finish: 1473414044 49511352 start: 1473414036 988887112
t_num: 9 finish: 1473414044 49888301 start: 1473414041 987514729
t_num: 24 finish: 1473414044 107986966 start: 1473414039 704728736
t_num: 20 finish: 1473414044 603983502 start: 1473414042 968779154
t_num: 31 finish: 1473414045 35252200 start: 1473414042 347885262
t_num: 22 finish: 1473414046 299180527 start: 1473414039 253832403
t_num: 5 finish: 1473414046 530231654 start: 1473414041 881375994
t_num: 12 finish: 1473414046 551731749 start: 1473414041 356962304
t_num: 27 finish: 1473414047 223218444 start: 1473414042 105232820
t_num: 26 finish: 1473414047 470237521 start: 1473414041 475768989
t_num: 3 finish: 1473414047 470307573 start: 1473414042 968757379
t_num: 2 finish: 1473414047 530755099 start: 1473414044 48180968
t_num: 19 finish: 1473414047 686135387 start: 1473414044 46664177
t_num: 16 finish: 1473414048 220478751 start: 1473414044 107671511
t_num: 12 finish: 1473414048 645960865 start: 1473414046 551753353
t_num: 25 finish: 1473414048 960602744 start: 1473414045 341023475
t_num: 9 finish: 1473414049 181251274 start: 1473414044 49907818
t_num: 13 finish: 1473414049 427348896 start: 1473414044 49460058
t_num: 29 finish: 1473414049 546853612 start: 1473414045 485135913
t_num: 27 finish: 1473414049 804479973 start: 1473414047 223260664
t_num: 20 finish: 1473414049 877493515 start: 1473414044 604029395
t_num: 18 finish: 1473414049 877859289 start: 1473414044 49529871
t_num: 31 finish: 1473414050 449162901 start: 1473414047 686205113
t_num: 26 finish: 1473414050 532298007 start: 1473414047 829347165
t_num: 0 finish: 1473414050 764742999 start: 1473414046 60845920
t_num: 22 finish: 1473414051 834114040 start: 1473414046 299259290
t_num: 5 finish: 1473414051 999209534 start: 1473414046 530272071
t_num: 16 finish: 1473414051 999267878 start: 1473414049 877979024
t_num: 19 finish: 1473414052 832384410 start: 1473414047 686180101
t_num: 0 finish: 1473414052 972630557 start: 1473414050 764791123
t_num: 9 finish: 1473414053 9520726 start: 1473414049 877885054
t_num: 18 finish: 1473414053 493813890 start: 1473414049 877878878
t_num: 31 finish: 1473414053 499390868 start: 1473414050 449224467
t_num: 2 finish: 1473414053 658092000 start: 1473414049 877479663
t_num: 13 finish: 1473414053 658343226 start: 1473414049 427378555
t_num: 14 finish: 1473414053 658730756 start: 1473414052 125167238
t_num: 29 finish: 1473414053 857411647 start: 1473414050 531669341
t_num: 25 finish: 1473414053 949686299 start: 1473414048 960648149
t_num: 30 finish: 1473414054 478567717 start: 1473414051 196148073
t_num: 19 finish: 1473414054 630480423 start: 1473414052 832428581
t_num: 4 finish: 1473414054 630585742 start: 1473414049 215298584
t_num: 10 finish: 1473414054 630836196 start: 1473414049 533512819
t_num: 24 finish: 1473414054 630981374 start: 1473414049 329673334
t_num: 1 finish: 1473414054 768886657 start: 1473414051 999198715
t_num: 4 finish: 1473414056 456263226 start: 1473414054 630604594
t_num: 0 finish: 1473414056 604241167 start: 1473414052 972653956
t_num: 16 finish: 1473414056 870791331 start: 1473414051 999286341
t_num: 13 finish: 1473414056 874599001 start: 1473414053 658378215
t_num: 22 finish: 1473414056 875314632 start: 1473414051 834161158
t_num: 25 finish: 1473414057 327333351 start: 1473414053 949712427
t_num: 23 finish: 1473414057 786440308 start: 1473414055 510387367
t_num: 27 finish: 1473414057 874035672 start: 1473414053 658254728
t_num: 19 finish: 1473414058 18124370 start: 1473414054 630526309
t_num: 14 finish: 1473414059 542964640 start: 1473414053 658750740
t_num: 0 finish: 1473414059 767823269 start: 1473414056 604274663
t_num: 2 finish: 1473414059 821761508 start: 1473414054 705179004
t_num: 7 finish: 1473414059 822223174 start: 1473414057 238504567
t_num: 3 finish: 1473414060 329704377 start: 1473414055 197265355
t_num: 12 finish: 1473414060 329791983 start: 1473414055 720949403
t_num: 29 finish: 1473414060 422260232 start: 1473414053 857456779
t_num: 9 finish: 1473414061 546564314 start: 1473414054 630690824
t_num: 11 finish: 1473414062 19216491 start: 1473414056 773255543
t_num: 30 finish: 1473414062 594556700 start: 1473414056 763194870
t_num: 28 finish: 1473414062 594896707 start: 1473414056 870061274
t_num: 15 finish: 1473414062 752476260 start: 1473414057 276814477
t_num: 8 finish: 1473414062 807624380 start: 1473414057 246997210
t_num: 4 finish: 1473414062 853211078 start: 1473414059 110331985
t_num: 14 finish: 1473414063 408157024 start: 1473414059 543011377
t_num: 0 finish: 1473414064 214569100 start: 1473414059 767915517
t_num: 25 finish: 1473414064 261507038 start: 1473414057 440941836
t_num: 19 finish: 1473414064 541456115 start: 1473414058 18186267
t_num: 3 finish: 1473414064 765552558 start: 1473414062 15818248
t_num: 16 finish: 1473414064 972093447 start: 1473414056 870819483
t_num: 13 finish: 1473414065 203024780 start: 1473414061 546601011
t_num: 1 finish: 1473414066 126979716 start: 1473414058 241750374
t_num: 10 finish: 1473414066 127029456 start: 1473414059 543045779
t_num: 8 finish: 1473414066 127139101 start: 1473414062 807644319
t_num: 29 finish: 1473414066 127308772 start: 1473414062 18815111
t_num: 0 finish: 1473414066 328952440 start: 1473414064 214612173
t_num: 26 finish: 1473414066 379243397 start: 1473414064 683052251
t_num: 7 finish: 1473414066 381143151 start: 1473414059 822244669
t_num: 2 finish: 1473414066 599196926 start: 1473414062 804523109
t_num: 17 finish: 1473414066 599248004 start: 1473414061 825951038
t_num: 4 finish: 1473414067 654053668 start: 1473414062 853232959
t_num: 28 finish: 1473414067 710548003 start: 1473414062 594917127
t_num: 16 finish: 1473414067 982192727 start: 1473414064 972127560
t_num: 25 finish: 1473414068 770844144 start: 1473414064 261551165
t_num: 1 finish: 1473414069 169726778 start: 1473414066 127026594
t_num: 19 finish: 1473414070 284095275 start: 1473414064 541500927
t_num: 7 finish: 1473414070 284270587 start: 1473414066 381163768
t_num: 14 finish: 1473414070 284947200 start: 1473414066 599386085
t_num: 2 finish: 1473414070 285208666 start: 1473414066 599228607
t_num: 0 finish: 1473414070 285281138 start: 1473414066 516724170
t_num: 31 finish: 1473414070 285696065 start: 1473414066 80795446
t_num: 28 finish: 1473414070 478695560 start: 1473414067 710587217
t_num: 1 finish: 1473414070 768605205 start: 1473414069 169763052
t_num: 16 finish: 1473414071 923939248 start: 1473414067 982226173
t_num: 8 finish: 1473414072 129931906 start: 1473414066 127158246
t_num: 17 finish: 1473414072 573963114 start: 1473414068 599218709
t_num: 10 finish: 1473414072 783710763 start: 1473414070 285114679
t_num: 9 finish: 1473414072 860672272 start: 1473414066 497151680
t_num: 14 finish: 1473414072 916160537 start: 1473414070 284967568
t_num: 12 finish: 1473414072 926851448 start: 1473414068 737167
t_num: 3 finish: 1473414073 501911950 start: 1473414066 497200237
t_num: 5 finish: 1473414073 964041812 start: 1473414070 285407940
t_num: 19 finish: 1473414073 964043729 start: 1473414070 284121501
t_num: 0 finish: 1473414073 964730107 start: 1473414071 574793405
t_num: 20 finish: 1473414074 305806351 start: 1473414071 451043941
t_num: 2 finish: 1473414074 461626033 start: 1473414070 285227678
t_num: 30 finish: 1473414074 461677680 start: 1473414071 842543932
t_num: 24 finish: 1473414075 271535830 start: 1473414072 129947498
t_num: 29 finish: 1473414075 390343845 start: 1473414070 285043428
t_num: 8 finish: 1473414075 493567471 start: 1473414072 129956916
t_num: 25 finish: 1473414075 493572442 start: 1473414071 564227966
t_num: 16 finish: 1473414075 494319947 start: 1473414071 923969377
t_num: 12 finish: 1473414075 665833269 start: 1473414073 928985755
t_num: 10 finish: 1473414075 888960502 start: 1473414072 783744737
t_num: 7 finish: 1473414076 193984232 start: 1473414071 465384254
t_num: 9 finish: 1473414076 848048740 start: 1473414072 860698142
t_num: 4 finish: 1473414077 473233824 start: 1473414073 432008993
t_num: 17 finish: 1473414077 474293203 start: 1473414073 501959962
t_num: 14 finish: 1473414077 474375401 start: 1473414072 916192193
t_num: 29 finish: 1473414077 474418475 start: 1473414075 390369132
t_num: 3 finish: 1473414077 587015040 start: 1473414074 970658489
t_num: 1 finish: 1473414078 309237393 start: 1473414075 617661727
t_num: 10 finish: 1473414078 333810195 start: 1473414075 889013993
t_num: 2 finish: 1473414078 376552574 start: 1473414074 461665637
t_num: 5 finish: 1473414078 901141535 start: 1473414074 821078930
t_num: 25 finish: 1473414078 936619259 start: 1473414075 493678904
t_num: 24 finish: 1473414079 568491819 start: 1473414075 271565580
t_num: 0 finish: 1473414080 71261572 start: 1473414075 617680569
t_num: 14 finish: 1473414080 176183139 start: 1473414077 474394841
t_num: 30 finish: 1473414080 312783583 start: 1473414077 92028890
t_num: 10 finish: 1473414081 79727604 start: 1473414078 333831797
t_num: 19 finish: 1473414081 435413473 start: 1473414077 586872124
t_num: 1 finish: 1473414082 102370740 start: 1473414078 309274613
t_num: 12 finish: 1473414082 221518285 start: 1473414075 665859756
t_num: 5 finish: 1473414082 901353282 start: 1473414078 901175876
t_num: 0 finish: 1473414083 64501567 start: 1473414080 71298735
t_num: 28 finish: 1473414083 90107709 start: 1473414079 58788868
t_num: 25 finish: 1473414083 606141870 start: 1473414078 936656000
t_num: 3 finish: 1473414083 634423677 start: 1473414077 587037149
t_num: 11 finish: 1473414083 654128375 start: 1473414079 568640924
t_num: 8 finish: 1473414084 511331151 start: 1473414080 375690815
t_num: 10 finish: 1473414084 512310648 start: 1473414081 79767922
t_num: 15 finish: 1473414085 212279269 start: 1473414080 769633079
t_num: 29 finish: 1473414085 574944501 start: 1473414080 458455299
t_num: 18 finish: 1473414086 154051470 start: 1473414079 485543316
t_num: 13 finish: 1473414086 972643475 start: 1473414083 90908156
t_num: 9 finish: 1473414087 112320076 start: 1473414083 866204566
t_num: 7 finish: 1473414087 122022981 start: 1473414084 909298642
t_num: 11 finish: 1473414087 529381961 start: 1473414084 534452557
t_num: 25 finish: 1473414087 606602646 start: 1473414084 931993317
t_num: 26 finish: 1473414087 701356731 start: 1473414082 175845598
t_num: 17 finish: 1473414087 701364868 start: 1473414083 91194180
t_num: 28 finish: 1473414087 743137710 start: 1473414083 90132018
t_num: 23 finish: 1473414087 743847461 start: 1473414082 327912684
t_num: 12 finish: 1473414087 746900937 start: 1473414082 221555676
t_num: 19 finish: 1473414088 650868736 start: 1473414081 987684824
t_num: 24 finish: 1473414088 739681360 start: 1473414083 687010483
t_num: 30 finish: 1473414089 157195966 start: 1473414081 970010373
t_num: 28 finish: 1473414089 915743113 start: 1473414088 132605916
t_num: 12 finish: 1473414090 95046591 start: 1473414087 746919376
t_num: 29 finish: 1473414090 95370972 start: 1473414087 406810181
t_num: 18 finish: 1473414090 95449270 start: 1473414086 154096598
t_num: 8 finish: 1473414090 137473173 start: 1473414084 511376818
t_num: 3 finish: 1473414091 732469401 start: 1473414086 77854674
t_num: 25 finish: 1473414091 881514046 start: 1473414087 606631180
t_num: 14 finish: 1473414091 881518335 start: 1473414087 124342070
t_num: 20 finish: 1473414092 687322461 start: 1473414088 469626675
t_num: 23 finish: 1473414092 784476938 start: 1473414087 743867264
t_num: 11 finish: 1473414093 11575694 start: 1473414087 529425730
t_num: 19 finish: 1473414093 151984430 start: 1473414088 650909689
t_num: 29 finish: 1473414093 664225625 start: 1473414090 95389456
t_num: 15 finish: 1473414093 800971299 start: 1473414087 124408223
t_num: 12 finish: 1473414093 897127962 start: 1473414090 95090205
t_num: 21 finish: 1473414094 484215958 start: 1473414090 517023581
t_num: 5 finish: 1473414094 885779603 start: 1473414091 11073857
t_num: 6 finish: 1473414095 108368840 start: 1473414090 334419597
t_num: 20 finish: 1473414095 267697047 start: 1473414092 687363633
t_num: 8 finish: 1473414095 631022281 start: 1473414090 137505896
t_num: 28 finish: 1473414096 400598398 start: 1473414089 915813634
t_num: 31 finish: 1473414096 960386276 start: 1473414091 881594301
t_num: 13 finish: 1473414097 413467251 start: 1473414091 732448959
t_num: 3 finish: 1473414097 413639323 start: 1473414091 732494329
t_num: 14 finish: 1473414097 623016608 start: 1473414094 484178779
t_num: 7 finish: 1473414097 881988199 start: 1473414093 149504489
t_num: 15 finish: 1473414098 58802466 start: 1473414093 801031265
t_num: 19 finish: 1473414099 513253778 start: 1473414093 152006386
t_num: 30 finish: 1473414099 513274489 start: 1473414092 547155972
t_num: 20 finish: 1473414099 513289184 start: 1473414095 267739935
t_num: 9 finish: 1473414099 628381887 start: 1473414091 732537728
t_num: 29 finish: 1473414100 271550020 start: 1473414095 267778751
t_num: 4 finish: 1473414100 611238488 start: 1473414096 56434864
t_num: 31 finish: 1473414100 751635410 start: 1473414096 960437786
t_num: 2 finish: 1473414100 771808554 start: 1473414095 108394092
t_num: 28 finish: 1473414100 780309135 start: 1473414098 583254328
t_num: 12 finish: 1473414100 811325932 start: 1473414096 500111515
t_num: 9 finish: 1473414101 4983655 start: 1473414099 628432548
t_num: 5 finish: 1473414101 176559619 start: 1473414094 885822746
t_num: 27 finish: 1473414101 176574259 start: 1473414096 463591864
t_num: 30 finish: 1473414101 547230551 start: 1473414099 513319525
t_num: 7 finish: 1473414101 549911270 start: 1473414097 882083340
t_num: 6 finish: 1473414101 549921730 start: 1473414099 137153082
t_num: 23 finish: 1473414101 549957212 start: 1473414095 267919772
t_num: 16 finish: 1473414102 176465491 start: 1473414097 688852784
t_num: 25 finish: 1473414102 405648324 start: 1473414094 484188376
t_num: 13 finish: 1473414103 409680061 start: 1473414099 10142104
t_num: 22 finish: 1473414104 922255158 start: 1473414102 900903350
t_num: 31 finish: 1473414105 493272462 start: 1473414100 751678598
t_num: 1 finish: 1473414105 639247224 start: 1473414101 47288295
t_num: 19 finish: 1473414105 706657495 start: 1473414100 611330191
t_num: 23 finish: 1473414105 707042742 start: 1473414101 549984669
t_num: 10 finish: 1473414105 707364774 start: 1473414099 869929567
t_num: 7 finish: 1473414105 854355663 start: 1473414101 549957565
t_num: 29 finish: 1473414107 235916603 start: 1473414100 271595253
t_num: 6 finish: 1473414107 610011923 start: 1473414101 550026083
t_num: 28 finish: 1473414107 650482800 start: 1473414101 464455276
t_num: 20 finish: 1473414107 839964945 start: 1473414102 272591801
t_num: 22 finish: 1473414107 993384212 start: 1473414104 922284248
t_num: 14 finish: 1473414108 540905328 start: 1473414102 272294641
t_num: 15 finish: 1473414108 644388475 start: 1473414103 682095580
t_num: 1 finish: 1473414109 644326800 start: 1473414105 639290195
t_num: 23 finish: 1473414109 909279484 start: 1473414105 707073004
t_num: 22 finish: 1473414109 914376083 start: 1473414107 993420741
t_num: 4 finish: 1473414110 646117795 start: 1473414103 600818105
t_num: 5 finish: 1473414110 701279445 start: 1473414107 128748294
t_num: 0 finish: 1473414110 842833183 start: 1473414105 353688461
t_num: 31 finish: 1473414110 904553537 start: 1473414105 493319924
t_num: 3 finish: 1473414110 962382598 start: 1473414107 295233117
t_num: 13 finish: 1473414111 109353300 start: 1473414104 887242944
t_num: 16 finish: 1473414111 110006159 start: 1473414107 613585584
t_num: 25 finish: 1473414111 267290651 start: 1473414108 375666093
t_num: 28 finish: 1473414111 699724372 start: 1473414107 650505067
t_num: 17 finish: 1473414111 748149234 start: 1473414109 157700990
t_num: 10 finish: 1473414112 307093417 start: 1473414105 707385616
t_num: 26 finish: 1473414112 307194218 start: 1473414109 902586179
t_num: 15 finish: 1473414112 398728567 start: 1473414109 627895929
t_num: 6 finish: 1473414112 852639930 start: 1473414107 610047527
t_num: 1 finish: 1473414113 519097632 start: 1473414109 644356234
t_num: 26 finish: 1473414114 627271652 start: 1473414112 307223841
t_num: 25 finish: 1473414114 627480485 start: 1473414111 267319850
t_num: 16 finish: 1473414114 696536188 start: 1473414111 110023492
t_num: 3 finish: 1473414115 12146289 start: 1473414110 962401574
t_num: 28 finish: 1473414115 12154129 start: 1473414111 699768299
t_num: 5 finish: 1473414115 412395908 start: 1473414110 701323801
t_num: 17 finish: 1473414115 444148575 start: 1473414111 748175143
t_num: 4 finish: 1473414115 528782970 start: 1473414113 378448270
t_num: 29 finish: 1473414115 563449575 start: 1473414109 50624004
t_num: 6 finish: 1473414115 849816796 start: 1473414112 852682692
t_num: 20 finish: 1473414116 880440431 start: 1473414113 143318764
t_num: 22 finish: 1473414117 558265807 start: 1473414114 627123209
t_num: 18 finish: 1473414117 971819345 start: 1473414113 167929613
t_num: 21 finish: 1473414117 971837805 start: 1473414114 142409682
t_num: 31 finish: 1473414117 972209157 start: 1473414110 904590431
t_num: 13 finish: 1473414118 694581207 start: 1473414113 684801436
t_num: 5 finish: 1473414119 155755515 start: 1473414115 412452356
t_num: 24 finish: 1473414119 219328799 start: 1473414113 167875101
t_num: 23 finish: 1473414119 219459850 start: 1473414113 167820006
t_num: 30 finish: 1473414119 554132251 start: 1473414116 290985210
t_num: 10 finish: 1473414119 751702530 start: 1473414116 290995989
t_num: 28 finish: 1473414119 930221065 start: 1473414117 166332552
t_num: 26 finish: 1473414120 532471532 start: 1473414115 544772328
t_num: 21 finish: 1473414120 617223149 start: 1473414117 971852096
t_num: 29 finish: 1473414120 770106685 start: 1473414117 166108604
t_num: 8 finish: 1473414120 788837525 start: 1473414114 627327762
t_num: 4 finish: 1473414121 89150192 start: 1473414115 528838636
t_num: 23 finish: 1473414122 138091866 start: 1473414119 219478007
t_num: 31 finish: 1473414122 450810323 start: 1473414117 972227895
t_num: 20 finish: 1473414122 451152724 start: 1473414116 880486029
t_num: 25 finish: 1473414122 451329153 start: 1473414115 722733051
t_num: 10 finish: 1473414122 451518358 start: 1473414119 751743394
t_num: 16 finish: 1473414123 280044128 start: 1473414114 696560363
t_num: 11 finish: 1473414123 280372141 start: 1473414119 219279183
t_num: 1 finish: 1473414123 345354679 start: 1473414116 290968222
t_num: 18 finish: 1473414123 345880246 start: 1473414118 562137922
t_num: 13 finish: 1473414123 346098031 start: 1473414119 219215293
t_num: 6 finish: 1473414124 588968910 start: 1473414118 83306457
t_num: 5 finish: 1473414125 518289436 start: 1473414122 451501516
t_num: 12 finish: 1473414125 518485191 start: 1473414121 493736463
t_num: 26 finish: 1473414125 535130302 start: 1473414120 532509734
t_num: 30 finish: 1473414126 284401079 start: 1473414120 410876767
t_num: 28 finish: 1473414126 470070543 start: 1473414121 493549589
t_num: 4 finish: 1473414126 470113177 start: 1473414121 89194103
t_num: 17 finish: 1473414127 84370490 start: 1473414119 751719672
t_num: 23 finish: 1473414127 84378280 start: 1473414122 497512971
t_num: 1 finish: 1473414127 84414174 start: 1473414123 345392020
t_num: 14 finish: 1473414127 85168673 start: 1473414123 467822077
t_num: 21 finish: 1473414128 430078944 start: 1473414122 450835014
t_num: 18 finish: 1473414129 48388691 start: 1473414123 345920336
t_num: 0 finish: 1473414129 381093831 start: 1473414123 280056948
t_num: 11 finish: 1473414129 931606843 start: 1473414123 280392404
t_num: 20 finish: 1473414129 942766374 start: 1473414126 284651801
t_num: 4 finish: 1473414130 290888658 start: 1473414126 470132153
t_num: 23 finish: 1473414130 332338456 start: 1473414128 110267124
t_num: 28 finish: 1473414130 643490108 start: 1473414126 470102137
t_num: 10 finish: 1473414131 111879411 start: 1473414126 514200988
t_num: 25 finish: 1473414131 241940053 start: 1473414124 588921936
t_num: 14 finish: 1473414131 890333741 start: 1473414127 85189181
t_num: 16 finish: 1473414131 962676830 start: 1473414123 280064415
t_num: 5 finish: 1473414132 263861400 start: 1473414127 306184435
t_num: 18 finish: 1473414132 588848496 start: 1473414130 251042648
t_num: 8 finish: 1473414133 381468274 start: 1473414128 664819235
t_num: 26 finish: 1473414133 381492178 start: 1473414129 48819648
t_num: 29 finish: 1473414133 381542061 start: 1473414126 709011080
t_num: 9 finish: 1473414133 381544543 start: 1473414130 254954318
t_num: 19 finish: 1473414133 381579565 start: 1473414126 693203335
t_num: 23 finish: 1473414133 382651630 start: 1473414130 332365675
t_num: 6 finish: 1473414133 382713384 start: 1473414127 763008466
t_num: 30 finish: 1473414133 518329916 start: 1473414126 284463004
t_num: 20 finish: 1473414134 228365983 start: 1473414129 942788423
t_num: 18 finish: 1473414135 456441527 start: 1473414132 588891591
t_num: 1 finish: 1473414136 76445517 start: 1473414128 865244237
t_num: 25 finish: 1473414136 341539894 start: 1473414131 241978203
t_num: 29 finish: 1473414136 383451751 start: 1473414133 381557670
t_num: 11 finish: 1473414136 383474800 start: 1473414130 524360658
t_num: 3 finish: 1473414137 359156879 start: 1473414130 462848805
t_num: 28 finish: 1473414137 788777786 start: 1473414132 610788093
t_num: 19 finish: 1473414137 836220665 start: 1473414133 381595919
t_num: 8 finish: 1473414138 61210793 start: 1473414133 381522135
t_num: 1 finish: 1473414138 452364933 start: 1473414136 76487451
t_num: 20 finish: 1473414138 569591245 start: 1473414134 228408697
t_num: 14 finish: 1473414138 569657517 start: 1473414131 890368354
t_num: 5 finish: 1473414139 6599613 start: 1473414133 306226914
t_num: 29 finish: 1473414139 6709406 start: 1473414136 383493228
t_num: 7 finish: 1473414139 6767760 start: 1473414132 591711112
t_num: 6 finish: 1473414139 6823285 start: 1473414134 982009865
t_num: 9 finish: 1473414140 806292242 start: 1473414136 311959550
t_num: 11 finish: 1473414141 173518757 start: 1473414136 383507796
t_num: 22 finish: 1473414141 286636320 start: 1473414137 371224184
t_num: 10 finish: 1473414141 286649983 start: 1473414134 234150177
t_num: 30 finish: 1473414141 507967354 start: 1473414133 518354809
t_num: 1 finish: 1473414141 520284812 start: 1473414138 452425129
t_num: 20 finish: 1473414142 28255218 start: 1473414138 569633620
t_num: 23 finish: 1473414142 29244307 start: 1473414134 516009548
t_num: 7 finish: 1473414142 469219466 start: 1473414139 6786697
t_num: 26 finish: 1473414143 648702654 start: 1473414140 806499810
t_num: 3 finish: 1473414144 903165814 start: 1473414137 359195107
t_num: 14 finish: 1473414144 903589220 start: 1473414138 569672894
t_num: 2 finish: 1473414144 903853694 start: 1473414140 109462859
t_num: 11 finish: 1473414144 903952719 start: 1473414141 173580270
t_num: 28 finish: 1473414145 732920628 start: 1473414143 213843011
t_num: 31 finish: 1473414145 732938595 start: 1473414141 925661603
t_num: 12 finish: 1473414145 732978602 start: 1473414143 506408551
t_num: 10 finish: 1473414145 733558519 start: 1473414142 29116029
t_num: 5 finish: 1473414145 733648807 start: 1473414141 666144576
t_num: 7 finish: 1473414145 733944320 start: 1473414142 469254320
t_num: 19 finish: 1473414145 795543283 start: 1473414138 879681113
t_num: 6 finish: 1473414145 808802877 start: 1473414139 6839209
t_num: 13 finish: 1473414145 895428492 start: 1473414141 113396951
t_num: 25 finish: 1473414146 561580426 start: 1473414141 286721188
t_num: 16 finish: 1473414147 150531529 start: 1473414141 409224579
t_num: 6 finish: 1473414147 384932566 start: 1473414146 51649669
t_num: 8 finish: 1473414148 82539981 start: 1473414141 388936497
t_num: 14 finish: 1473414148 461782272 start: 1473414144 903609171
t_num: 19 finish: 1473414149 206037340 start: 1473414146 3644335
t_num: 26 finish: 1473414149 522116225 start: 1473414144 903254265
t_num: 10 finish: 1473414149 563888535 start: 1473414145 733578485
t_num: 17 finish: 1473414149 606456427 start: 1473414145 733006975
t_num: 12 finish: 1473414150 246646236 start: 1473414145 732996041
t_num: 22 finish: 1473414150 610476042 start: 1473414144 853372691
t_num: 2 finish: 1473414151 468188215 start: 1473414146 355784498
t_num: 11 finish: 1473414152 26941126 start: 1473414148 435361009
t_num: 20 finish: 1473414152 149405767 start: 1473414147 917364734
t_num: 9 finish: 1473414152 177073645 start: 1473414145 733055839
t_num: 30 finish: 1473414152 308391710 start: 1473414145 733958761
t_num: 7 finish: 1473414152 361659396 start: 1473414145 734062548
t_num: 10 finish: 1473414152 361745980 start: 1473414149 563918382
t_num: 13 finish: 1473414152 800469595 start: 1473414147 150529143
t_num: 6 finish: 1473414152 932381181 start: 1473414149 550306310
t_num: 14 finish: 1473414152 999996102 start: 1473414148 461805305
t_num: 26 finish: 1473414153 214236799 start: 1473414151 227008642
t_num: 8 finish: 1473414153 953115248 start: 1473414149 552862933
t_num: 1 finish: 1473414154 53861751 start: 1473414150 247613050
t_num: 25 finish: 1473414154 259748773 start: 1473414149 480057153
t_num: 0 finish: 1473414154 395240844 start: 1473414148 346561064
t_num: 28 finish: 1473414154 769401655 start: 1473414147 150492308
t_num: 7 finish: 1473414154 907011930 start: 1473414152 361709441
t_num: 21 finish: 1473414155 449059990 start: 1473414150 702210234
t_num: 19 finish: 1473414155 471338984 start: 1473414151 398309630
t_num: 11 finish: 1473414155 530086879 start: 1473414152 26978113
t_num: 2 finish: 1473414155 615364971 start: 1473414153 130020914
t_num: 8 finish: 1473414156 198095041 start: 1473414153 953155960
t_num: 27 finish: 1473414156 576180774 start: 1473414152 185566322
t_num: 0 finish: 1473414156 720026039 start: 1473414154 395269138
t_num: 4 finish: 1473414156 750316084 start: 1473414151 574560923
t_num: 30 finish: 1473414157 97228959 start: 1473414153 214254683
t_num: 17 finish: 1473414157 655019112 start: 1473414150 610534582
t_num: 14 finish: 1473414157 732207604 start: 1473414155 454363265
t_num: 2 finish: 1473414157 781428837 start: 1473414155 615399526
t_num: 7 finish: 1473414158 631007050 start: 1473414155 721695198
t_num: 9 finish: 1473414158 632447858 start: 1473414153 214285330
t_num: 28 finish: 1473414158 648689373 start: 1473414154 769446199
t_num: 10 finish: 1473414158 824306896 start: 1473414153 149462111
t_num: 24 finish: 1473414158 824400994 start: 1473414155 477888064
t_num: 26 finish: 1473414158 910272041 start: 1473414153 214295412
t_num: 20 finish: 1473414159 142962334 start: 1473414154 936183746
t_num: 6 finish: 1473414159 272686235 start: 1473414154 452268500
t_num: 11 finish: 1473414159 919491868 start: 1473414156 645757076
t_num: 25 finish: 1473414160 80651033 start: 1473414155 446549829
t_num: 27 finish: 1473414161 113939748 start: 1473414157 600566994
t_num: 1 finish: 1473414161 731282050 start: 1473414157 227440162
t_num: 24 finish: 1473414163 60495504 start: 1473414159 809825252
t_num: 8 finish: 1473414163 61322433 start: 1473414158 748337538
t_num: 2 finish: 1473414163 422653364 start: 1473414160 461822611
t_num: 30 finish: 1473414163 649063949 start: 1473414159 934556458
t_num: 1 finish: 1473414163 649662625 start: 1473414161 731318760
t_num: 10 finish: 1473414163 848884306 start: 1473414158 824348851
t_num: 29 finish: 1473414164 516406057 start: 1473414160 115057443
t_num: 5 finish: 1473414164 915986753 start: 1473414161 47782970
t_num: 23 finish: 1473414164 916060885 start: 1473414161 788538518
t_num: 14 finish: 1473414165 73454 start: 1473414160 291521727
t_num: 11 finish: 1473414165 219446 start: 1473414159 919535958
t_num: 4 finish: 1473414165 282335792 start: 1473414157 731131795
t_num: 28 finish: 1473414165 479143775 start: 1473414161 194837772
t_num: 7 finish: 1473414165 479178933 start: 1473414158 631036704
t_num: 16 finish: 1473414165 762367926 start: 1473414162 203888177
t_num: 19 finish: 1473414166 78992753 start: 1473414158 104232574
t_num: 6 finish: 1473414166 726791546 start: 1473414162 876165939
t_num: 27 finish: 1473414167 108555791 start: 1473414161 113968293
t_num: 2 finish: 1473414168 871461728 start: 1473414163 422692977
t_num: 17 finish: 1473414168 871523587 start: 1473414163 908417456
t_num: 7 finish: 1473414168 871606208 start: 1473414165 479193538
t_num: 9 finish: 1473414168 872060662 start: 1473414165 479252065
t_num: 15 finish: 1473414168 956358687 start: 1473414163 64114802
t_num: 1 finish: 1473414168 956368142 start: 1473414163 649696786
t_num: 8 finish: 1473414168 956388454 start: 1473414164 655180640
t_num: 6 finish: 1473414169 295253245 start: 1473414166 726879277
t_num: 4 finish: 1473414169 353576275 start: 1473414165 282380431
t_num: 28 finish: 1473414169 527729048 start: 1473414165 479189054
t_num: 24 finish: 1473414170 404102893 start: 1473414166 79069990
t_num: 18 finish: 1473414171 113657375 start: 1473414168 96956039
t_num: 31 finish: 1473414171 211945153 start: 1473414168 96929435
t_num: 7 finish: 1473414171 212125077 start: 1473414168 871622945
t_num: 1 finish: 1473414171 212138547 start: 1473414168 956422922
t_num: 17 finish: 1473414171 212486679 start: 1473414168 871537068
t_num: 14 finish: 1473414171 212575660 start: 1473414167 108582536
t_num: 30 finish: 1473414171 212740896 start: 1473414168 613497499
t_num: 28 finish: 1473414172 206796406 start: 1473414169 527753742
t_num: 11 finish: 1473414172 633802502 start: 1473414168 50378415
t_num: 16 finish: 1473414172 998766075 start: 1473414168 872055801
t_num: 22 finish: 1473414173 508073960 start: 1473414170 120375083
t_num: 19 finish: 1473414173 508132018 start: 1473414166 79037696
t_num: 29 finish: 1473414173 599572999 start: 1473414167 553338288
t_num: 15 finish: 1473414174 543204255 start: 1473414168 956390311
t_num: 17 finish: 1473414175 563809136 start: 1473414171 212505892
t_num: 11 finish: 1473414175 907990786 start: 1473414172 633835865
t_num: 12 finish: 1473414175 937566650 start: 1473414170 931454638
t_num: 24 finish: 1473414176 504033310 start: 1473414171 113710114
t_num: 14 finish: 1473414176 504037844 start: 1473414173 599651542
t_num: 9 finish: 1473414177 94361468 start: 1473414174 543401342
t_num: 8 finish: 1473414177 111392024 start: 1473414170 697059120
t_num: 31 finish: 1473414177 169741279 start: 1473414171 212008024
t_num: 25 finish: 1473414177 230140627 start: 1473414171 212650046
t_num: 10 finish: 1473414177 395888370 start: 1473414171 212438448
t_num: 13 finish: 1473414177 396117023 start: 1473414175 331404775
t_num: 18 finish: 1473414179 61853667 start: 1473414171 114143668
t_num: 3 finish: 1473414179 418276155 start: 1473414175 562510036
t_num: 15 finish: 1473414179 418428421 start: 1473414174 543265760
t_num: 16 finish: 1473414179 527038196 start: 1473414175 368560485
t_num: 6 finish: 1473414179 527063171 start: 1473414173 508183658
t_num: 2 finish: 1473414179 527111684 start: 1473414173 599231920
t_num: 30 finish: 1473414179 541639042 start: 1473414172 206803953
t_num: 17 finish: 1473414180 532685156 start: 1473414175 563836753
t_num: 11 finish: 1473414180 532687459 start: 1473414175 908024582
t_num: 31 finish: 1473414181 575406728 start: 1473414177 169760888
t_num: 14 finish: 1473414181 579338131 start: 1473414176 504104104
t_num: 25 finish: 1473414181 636400235 start: 1473414179 526458263
t_num: 19 finish: 1473414181 757185749 start: 1473414173 508167410
t_num: 15 finish: 1473414182 905890394 start: 1473414179 418450887
t_num: 9 finish: 1473414183 66627288 start: 1473414177 230335785
t_num: 29 finish: 1473414183 224728521 start: 1473414176 502839435
t_num: 13 finish: 1473414183 224766851 start: 1473414177 396138243
t_num: 5 finish: 1473414183 645767496 start: 1473414179 511654338
t_num: 22 finish: 1473414183 708635201 start: 1473414180 865908308
t_num: 24 finish: 1473414183 838004952 start: 1473414179 526364892
t_num: 3 finish: 1473414184 127865190 start: 1473414179 418314530
t_num: 2 finish: 1473414184 165530872 start: 1473414179 527128680
t_num: 23 finish: 1473414184 485057491 start: 1473414179 490840086
t_num: 10 finish: 1473414184 753627135 start: 1473414179 61339655
t_num: 27 finish: 1473414184 928700192 start: 1473414180 270850391
t_num: 30 finish: 1473414184 929294307 start: 1473414179 541672386
t_num: 11 finish: 1473414184 929361985 start: 1473414182 53493003
t_num: 15 finish: 1473414185 90255725 start: 1473414182 905933658
t_num: 4 finish: 1473414185 529825850 start: 1473414181 875341516
t_num: 18 finish: 1473414185 826139241 start: 1473414181 38827005
t_num: 6 finish: 1473414185 826145889 start: 1473414182 143186767
t_num: 20 finish: 1473414186 71307737 start: 1473414181 588605783
t_num: 13 finish: 1473414186 787634665 start: 1473414183 224784392
t_num: 25 finish: 1473414186 879310197 start: 1473414182 53463770
t_num: 12 finish: 1473414186 879351122 start: 1473414182 53512014
t_num: 31 finish: 1473414187 454246163 start: 1473414183 66962598
t_num: 24 finish: 1473414187 681888787 start: 1473414183 838038856
t_num: 14 finish: 1473414187 938141159 start: 1473414184 601274596
t_num: 30 finish: 1473414188 967132016 start: 1473414184 929315076
t_num: 6 finish: 1473414189 188591559 start: 1473414185 826177807
t_num: 8 finish: 1473414189 587556782 start: 1473414184 601306781
t_num: 13 finish: 1473414189 775187619 start: 1473414186 787676665
t_num: 19 finish: 1473414189 830672219 start: 1473414185 529300653
t_num: 29 finish: 1473414190 178972372 start: 1473414184 601658723
t_num: 15 finish: 1473414190 684929340 start: 1473414186 288546110
t_num: 2 finish: 1473414190 685031478 start: 1473414187 681927016
t_num: 24 finish: 1473414190 685461442 start: 1473414187 682010263
t_num: 18 finish: 1473414190 686478219 start: 1473414185 826171097
t_num: 4 finish: 1473414190 804747457 start: 1473414185 529845760
t_num: 22 finish: 1473414191 249225493 start: 1473414188 15788623
t_num: 25 finish: 1473414191 280340898 start: 1473414186 879335980
t_num: 3 finish: 1473414191 425601323 start: 1473414184 928810339
t_num: 5 finish: 1473414191 544189802 start: 1473414188 530943950
t_num: 8 finish: 1473414191 555753218 start: 1473414189 587786035
t_num: 30 finish: 1473414191 661763587 start: 1473414188 967166503
t_num: 27 finish: 1473414192 491925764 start: 1473414188 492242316
t_num: 12 finish: 1473414193 969755631 start: 1473414186 879368869
t_num: 10 finish: 1473414194 797602280 start: 1473414190 805277264
t_num: 26 finish: 1473414194 797653110 start: 1473414192 275656868
t_num: 22 finish: 1473414194 797824981 start: 1473414191 249265709
t_num: 28 finish: 1473414195 5457310 start: 1473414191 962831444
t_num: 11 finish: 1473414196 125488864 start: 1473414192 275700870
t_num: 15 finish: 1473414196 168547863 start: 1473414190 684996524
t_num: 0 finish: 1473414196 168821653 start: 1473414189 587595130
t_num: 28 finish: 1473414196 169220812 start: 1473414195 5521082
t_num: 8 finish: 1473414196 169259986 start: 1473414191 555874493
t_num: 17 finish: 1473414196 169285867 start: 1473414190 685169786
t_num: 2 finish: 1473414196 169353867 start: 1473414190 685056954
t_num: 13 finish: 1473414196 797635577 start: 1473414190 375944167
t_num: 1 finish: 1473414196 844758274 start: 1473414193 989092593
t_num: 3 finish: 1473414197 5845252 start: 1473414191 425669983
t_num: 30 finish: 1473414197 23428251 start: 1473414191 661799127
t_num: 18 finish: 1473414197 24268467 start: 1473414192 632746459
t_num: 19 finish: 1473414197 24331096 start: 1473414191 475529006
t_num: 5 finish: 1473414197 25146657 start: 1473414191 544244075
t_num: 25 finish: 1473414197 437885648 start: 1473414193 641173090
t_num: 29 finish: 1473414197 617003568 start: 1473414193 899056273
t_num: 24 finish: 1473414200 70116258 start: 1473414194 690527739
t_num: 17 finish: 1473414201 396808348 start: 1473414196 169304149
t_num: 1 finish: 1473414201 412344211 start: 1473414196 844783821
t_num: 28 finish: 1473414201 453159420 start: 1473414196 900823471
t_num: 15 finish: 1473414201 453840653 start: 1473414196 168604455
t_num: 3 finish: 1473414202 139354068 start: 1473414199 165494116
t_num: 12 finish: 1473414202 218446727 start: 1473414196 925708486
t_num: 13 finish: 1473414202 248402599 start: 1473414197 617346404
t_num: 21 finish: 1473414202 248458300 start: 1473414196 943501998
t_num: 8 finish: 1473414202 489675618 start: 1473414197 617006304
t_num: 2 finish: 1473414202 681370423 start: 1473414196 169371337
t_num: 24 finish: 1473414202 730768631 start: 1473414200 70151638
t_num: 26 finish: 1473414203 96575150 start: 1473414196 595847736
t_num: 5 finish: 1473414203 418256782 start: 1473414197 25166847
t_num: 29 finish: 1473414204 103454529 start: 1473414197 617029085
t_num: 19 finish: 1473414204 818535336 start: 1473414197 617400011
t_num: 9 finish: 1473414205 101668081 start: 1473414201 531189883
t_num: 16 finish: 1473414205 179188853 start: 1473414199 712267347
t_num: 22 finish: 1473414205 622499502 start: 1473414203 97139768
t_num: 5 finish: 1473414205 703967826 start: 1473414203 418281756
t_num: 24 finish: 1473414205 811821121 start: 1473414202 730786465
t_num: 1 finish: 1473414205 811836358 start: 1473414201 412362088
t_num: 28 finish: 1473414206 155744113 start: 1473414201 453188265
t_num: 21 finish: 1473414206 287756672 start: 1473414203 392395118
t_num: 8 finish: 1473414206 433164480 start: 1473414202 489720595
t_num: 17 finish: 1473414206 632705098 start: 1473414202 810785036
t_num: 9 finish: 1473414207 4027689 start: 1473414205 101710609
t_num: 13 finish: 1473414207 160608647 start: 1473414202 248439079
t_num: 20 finish: 1473414207 165482803 start: 1473414204 57506285
t_num: 31 finish: 1473414207 399757181 start: 1473414203 385426154
t_num: 3 finish: 1473414207 400329035 start: 1473414205 255251268
t_num: 6 finish: 1473414207 495181002 start: 1473414205 475813135
t_num: 23 finish: 1473414208 750018251 start: 1473414205 480425132
t_num: 21 finish: 1473414209 579776130 start: 1473414207 553336607
t_num: 14 finish: 1473414210 82666505 start: 1473414205 480434998
t_num: 17 finish: 1473414210 388847634 start: 1473414206 632740211
t_num: 22 finish: 1473414210 388938921 start: 1473414205 622550431
t_num: 9 finish: 1473414210 450290108 start: 1473414207 4059696
t_num: 16 finish: 1473414210 565035322 start: 1473414205 480626099
t_num: 12 finish: 1473414211 591464196 start: 1473414207 873325776
t_num: 27 finish: 1473414211 774929903 start: 1473414208 917334134
t_num: 24 finish: 1473414211 775812729 start: 1473414207 872743720
t_num: 26 finish: 1473414211 793849540 start: 1473414206 157270418
t_num: 5 finish: 1473414212 153712750 start: 1473414208 137727337
t_num: 19 finish: 1473414212 243677658 start: 1473414207 873341094
t_num: 28 finish: 1473414212 245881798 start: 1473414208 985366738
t_num: 6 finish: 1473414212 621885143 start: 1473414207 495206086
t_num: 23 finish: 1473414212 948702446 start: 1473414210 315137512
t_num: 12 finish: 1473414213 844068490 start: 1473414211 591508106
t_num: 26 finish: 1473414213 900229115 start: 1473414211 793865538
t_num: 21 finish: 1473414213 900263363 start: 1473414210 844943247
t_num: 20 finish: 1473414214 310754481 start: 1473414207 165504700
t_num: 16 finish: 1473414214 351279447 start: 1473414210 565062749
t_num: 5 finish: 1473414214 420850621 start: 1473414212 153754882
t_num: 8 finish: 1473414214 464256232 start: 1473414206 433192753
t_num: 9 finish: 1473414214 537841400 start: 1473414210 450314282
t_num: 13 finish: 1473414214 736516918 start: 1473414210 768362864
t_num: 30 finish: 1473414214 810085796 start: 1473414212 243663556
t_num: 31 finish: 1473414215 109986357 start: 1473414210 635869930
t_num: 14 finish: 1473414215 478988130 start: 1473414213 542464627
t_num: 24 finish: 1473414215 479054337 start: 1473414211 775834195
t_num: 23 finish: 1473414216 68312045 start: 1473414212 948762053
t_num: 19 finish: 1473414216 768839829 start: 1473414213 673092124
t_num: 0 finish: 1473414216 955917989 start: 1473414213 28728343
t_num: 20 finish: 1473414217 87783617 start: 1473414214 310796307
t_num: 27 finish: 1473414217 211471710 start: 1473414211 774961334
t_num: 22 finish: 1473414218 357072251 start: 1473414214 200877033
t_num: 30 finish: 1473414218 357371417 start: 1473414214 810119404
t_num: 3 finish: 1473414219 82198220 start: 1473414213 672767212
t_num: 21 finish: 1473414219 83077919 start: 1473414213 900281564
t_num: 24 finish: 1473414219 83153201 start: 1473414215 479089723
t_num: 16 finish: 1473414219 329535042 start: 1473414216 69929353
t_num: 14 finish: 1473414219 766260763 start: 1473414216 332252442
t_num: 31 finish: 1473414219 916017548 start: 1473414218 24358094
t_num: 26 finish: 1473414219 989040659 start: 1473414213 900268460
t_num: 28 finish: 1473414220 396339589 start: 1473414215 232723773
t_num: 8 finish: 1473414220 602848564 start: 1473414214 464289400
t_num: 13 finish: 1473414221 225670964 start: 1473414214 736557839
t_num: 23 finish: 1473414221 354420409 start: 1473414217 122029300
t_num: 22 finish: 1473414222 771776391 start: 1473414218 357100325
t_num: 19 finish: 1473414222 772062485 start: 1473414218 255435744
t_num: 20 finish: 1473414222 772105946 start: 1473414220 120541957
t_num: 30 finish: 1473414223 159949678 start: 1473414218 357391847
t_num: 10 finish: 1473414224 65380228 start: 1473414218 38091911
t_num: 25 finish: 1473414224 65590583 start: 1473414219 916057208
t_num: 21 finish: 1473414224 65644424 start: 1473414219 83099472
t_num: 24 finish: 1473414224 66767616 start: 1473414219 83173294
t_num: 6 finish: 1473414224 66882632 start: 1473414218 357042807
t_num: 11 finish: 1473414225 341562140 start: 1473414222 99081402
t_num: 16 finish: 1473414225 341628060 start: 1473414222 772081238
t_num: 27 finish: 1473414225 341977844 start: 1473414219 409103368
t_num: 19 finish: 1473414225 342519624 start: 1473414222 772305058
t_num: 23 finish: 1473414225 342907521 start: 1473414221 354448792
t_num: 28 finish: 1473414225 342945610 start: 1473414222 771804249
t_num: 3 finish: 1473414225 343221495 start: 1473414219 916059982
t_num: 8 finish: 1473414225 697899862 start: 1473414220 602934516
t_num: 14 finish: 1473414226 665472799 start: 1473414220 308371389
t_num: 30 finish: 1473414227 973335300 start: 1473414223 159998598
t_num: 6 finish: 1473414228 246929923 start: 1473414224 66902764
t_num: 10 finish: 1473414228 527934631 start: 1473414224 65424668
t_num: 21 finish: 1473414228 793253342 start: 1473414224 392300929
t_num: 24 finish: 1473414228 836168367 start: 1473414226 367465683
t_num: 4 finish: 1473414228 836953641 start: 1473414225 341599394
t_num: 22 finish: 1473414229 373414200 start: 1473414224 473344646
t_num: 28 finish: 1473414229 423008170 start: 1473414225 342960378
t_num: 14 finish: 1473414229 908557682 start: 1473414226 665498359
t_num: 25 finish: 1473414229 955528730 start: 1473414224 65610642
t_num: 11 finish: 1473414230 122284022 start: 1473414225 341669888
t_num: 16 finish: 1473414230 181859991 start: 1473414228 528645920
t_num: 8 finish: 1473414230 285114921 start: 1473414227 213472879
t_num: 15 finish: 1473414230 689256484 start: 1473414227 303712135
t_num: 27 finish: 1473414230 690193383 start: 1473414227 303663067
t_num: 18 finish: 1473414230 690375877 start: 1473414226 754049684
t_num: 19 finish: 1473414230 773908730 start: 1473414225 342550384
t_num: 3 finish: 1473414231 964961784 start: 1473414227 303263169
t_num: 6 finish: 1473414231 967220006 start: 1473414228 246972896
t_num: 26 finish: 1473414232 143170263 start: 1473414228 528000610
t_num: 11 finish: 1473414232 588370156 start: 1473414230 122347138
t_num: 14 finish: 1473414232 626583053 start: 1473414229 908598301
t_num: 29 finish: 1473414232 626862157 start: 1473414227 144796356
t_num: 23 finish: 1473414232 822122468 start: 1473414228 314597191
t_num: 21 finish: 1473414232 907628256 start: 1473414228 793297119
t_num: 19 finish: 1473414232 907715622 start: 1473414230 773928106
t_num: 8 finish: 1473414232 913442235 start: 1473414230 285207191
t_num: 24 finish: 1473414233 6331495 start: 1473414230 285151352
t_num: 18 finish: 1473414233 322251448 start: 1473414230 690394265
t_num: 16 finish: 1473414234 132434630 start: 1473414230 181911988
t_num: 1 finish: 1473414234 472415725 start: 1473414232 143165583
t_num: 3 finish: 1473414234 476232174 start: 1473414231 964990570
t_num: 27 finish: 1473414234 537525679 start: 1473414231 991272721
t_num: 7 finish: 1473414235 539770956 start: 1473414232 514356367
t_num: 26 finish: 1473414235 614840918 start: 1473414232 143197399
t_num: 29 finish: 1473414235 718813934 start: 1473414232 822148147
t_num: 15 finish: 1473414235 718824248 start: 1473414230 689294798
t_num: 17 finish: 1473414236 272574730 start: 1473414231 814471055
t_num: 11 finish: 1473414236 369706615 start: 1473414233 7925923
t_num: 19 finish: 1473414236 370022575 start: 1473414232 907735630
t_num: 23 finish: 1473414236 773013061 start: 1473414235 313116399
t_num: 6 finish: 1473414236 773761681 start: 1473414233 327850055
t_num: 27 finish: 1473414236 773764123 start: 1473414234 537551663
t_num: 4 finish: 1473414236 818774094 start: 1473414233 695099681
t_num: 5 finish: 1473414237 496374879 start: 1473414235 233764400
t_num: 18 finish: 1473414237 664638783 start: 1473414234 659397044
t_num: 9 finish: 1473414238 452872998 start: 1473414232 628195925
t_num: 8 finish: 1473414238 521973388 start: 1473414233 934985164
t_num: 10 finish: 1473414238 559720110 start: 1473414232 85956515
t_num: 29 finish: 1473414238 812704963 start: 1473414236 193173835
t_num: 19 finish: 1473414239 613858370 start: 1473414236 370040917
t_num: 15 finish: 1473414239 846659350 start: 1473414235 718986862
t_num: 17 finish: 1473414239 846940279 start: 1473414236 272604030
t_num: 21 finish: 1473414240 158544608 start: 1473414236 369721653
t_num: 1 finish: 1473414240 345846693 start: 1473414234 692306356
t_num: 22 finish: 1473414241 288286458 start: 1473414235 764186008
t_num: 26 finish: 1473414241 477098241 start: 1473414239 27607292
t_num: 25 finish: 1473414241 712952645 start: 1473414235 672102627
t_num: 4 finish: 1473414241 712971843 start: 1473414239 27644133
t_num: 18 finish: 1473414242 279859985 start: 1473414237 664681743
t_num: 8 finish: 1473414242 280309030 start: 1473414238 522044291
t_num: 11 finish: 1473414242 402236091 start: 1473414237 199429752
t_num: 19 finish: 1473414242 402998463 start: 1473414241 196586038
t_num: 29 finish: 1473414242 798030227 start: 1473414238 812750175
t_num: 9 finish: 1473414243 116707833 start: 1473414239 846435201
t_num: 3 finish: 1473414243 533089332 start: 1473414236 197773729
t_num: 27 finish: 1473414243 714160051 start: 1473414239 970751998
t_num: 19 finish: 1473414244 71119120 start: 1473414242 403018073
t_num: 1 finish: 1473414244 71279428 start: 1473414240 345881954
t_num: 5 finish: 1473414244 147085698 start: 1473414241 605765809
t_num: 10 finish: 1473414245 711734861 start: 1473414241 288307170
t_num: 21 finish: 1473414245 778869915 start: 1473414241 713048794
t_num: 15 finish: 1473414246 462661824 start: 1473414239 846687928
t_num: 17 finish: 1473414246 587594140 start: 1473414239 846960911
t_num: 22 finish: 1473414247 220138481 start: 1473414242 751201297
t_num: 31 finish: 1473414247 457749946 start: 1473414240 484438802
t_num: 16 finish: 1473414247 600075674 start: 1473414240 914403449
t_num: 0 finish: 1473414247 600139390 start: 1473414244 147080234
t_num: 25 finish: 1473414247 600270727 start: 1473414244 147136799
t_num: 29 finish: 1473414247 600483492 start: 1473414245 240678860
t_num: 17 finish: 1473414247 684384607 start: 1473414246 587641079
t_num: 4 finish: 1473414247 684511161 start: 1473414241 713018558
t_num: 31 finish: 1473414248 184172412 start: 1473414247 457793388
t_num: 20 finish: 1473414248 657207444 start: 1473414246 344503870
t_num: 12 finish: 1473414249 642874651 start: 1473414243 253472445
t_num: 9 finish: 1473414249 774128323 start: 1473414245 711763781
t_num: 19 finish: 1473414250 192463 start: 1473414246 297327433
t_num: 3 finish: 1473414250 326810 start: 1473414245 469361468
t_num: 5 finish: 1473414250 456430949 start: 1473414245 711796081
t_num: 15 finish: 1473414250 456430949 start: 1473414247 220095626
t_num: 24 finish: 1473414250 888394550 start: 1473414247 194178827
t_num: 1 finish: 1473414251 5165847 start: 1473414247 220051651
t_num: 25 finish: 1473414251 175096630 start: 1473414247 600289812
t_num: 17 finish: 1473414252 177215441 start: 1473414247 684409350
t_num: 29 finish: 1473414252 913393043 start: 1473414247 600499979
t_num: 12 finish: 1473414252 959943841 start: 1473414249 642904107
t_num: 4 finish: 1473414252 960015348 start: 1473414249 774148924
t_num: 20 finish: 1473414252 994267019 start: 1473414248 657251141
t_num: 22 finish: 1473414252 994945107 start: 1473414247 925597627
t_num: 16 finish: 1473414253 770771636 start: 1473414247 600113043
t_num: 27 finish: 1473414253 770839942 start: 1473414250 308630
t_num: 28 finish: 1473414253 771856729 start: 1473414251 513362373
t_num: 3 finish: 1473414253 936296911 start: 1473414250 343508
t_num: 17 finish: 1473414254 838489530 start: 1473414252 177259519
t_num: 24 finish: 1473414255 100943094 start: 1473414250 888438409
t_num: 19 finish: 1473414255 856042521 start: 1473414250 776853329
t_num: 31 finish: 1473414255 856788911 start: 1473414250 840021331
t_num: 6 finish: 1473414256 41665559 start: 1473414251 840758993
t_num: 4 finish: 1473414256 124303150 start: 1473414254 194706837
t_num: 28 finish: 1473414256 325046263 start: 1473414253 771873366
t_num: 26 finish: 1473414256 432045664 start: 1473414249 999543094
t_num: 30 finish: 1473414256 684453649 start: 1473414251 21119805
t_num: 20 finish: 1473414257 307583962 start: 1473414252 994288707
t_num: 1 finish: 1473414257 328188226 start: 1473414251 5201101
t_num: 16 finish: 1473414258 187739096 start: 1473414253 770815734
t_num: 27 finish: 1473414258 373952301 start: 1473414255 155507825
t_num: 29 finish: 1473414258 908040279 start: 1473414255 155489296
t_num: 31 finish: 1473414259 723108518 start: 1473414255 856827392
t_num: 5 finish: 1473414260 8326170 start: 1473414254 684374497
t_num: 12 finish: 1473414260 8461811 start: 1473414252 959966489
t_num: 30 finish: 1473414260 253845526 start: 1473414257 750380130
t_num: 3 finish: 1473414260 318189709 start: 1473414253 936340624
t_num: 25 finish: 1473414260 515946338 start: 1473414255 290885784
t_num: 0 finish: 1473414260 670387166 start: 1473414255 821333435
t_num: 26 finish: 1473414261 220908456 start: 1473414257 479752411
t_num: 12 finish: 1473414261 382140123 start: 1473414260 8481233
t_num: 4 finish: 1473414261 475613799 start: 1473414256 124346338
t_num: 14 finish: 1473414261 843425715 start: 1473414256 758953565
t_num: 20 finish: 1473414261 844517281 start: 1473414258 974052178
t_num: 24 finish: 1473414261 879472288 start: 1473414256 116118812
t_num: 27 finish: 1473414261 915392860 start: 1473414258 373994225
t_num: 28 finish: 1473414262 25025183 start: 1473414259 327048509
t_num: 6 finish: 1473414262 208889535 start: 1473414258 338615571
t_num: 21 finish: 1473414262 383192837 start: 1473414253 532862438
t_num: 1 finish: 1473414262 501608829 start: 1473414259 723211081
t_num: 17 finish: 1473414263 119191414 start: 1473414256 739064353
t_num: 2 finish: 1473414263 201595442 start: 1473414258 837387462
t_num: 16 finish: 1473414263 692642556 start: 1473414258 974064774
t_num: 14 finish: 1473414264 613750453 start: 1473414261 843466533
t_num: 26 finish: 1473414264 749240878 start: 1473414261 220937619
t_num: 3 finish: 1473414264 749494654 start: 1473414260 318235164
t_num: 0 finish: 1473414265 260577335 start: 1473414262 383222347
t_num: 20 finish: 1473414265 351597342 start: 1473414261 844537513
t_num: 7 finish: 1473414265 351607020 start: 1473414260 256634901
t_num: 4 finish: 1473414265 351660241 start: 1473414263 899908757
t_num: 30 finish: 1473414265 561171639 start: 1473414261 34986611
t_num: 13 finish: 1473414266 818262306 start: 1473414263 248585418
t_num: 25 finish: 1473414267 216745231 start: 1473414261 915524569
t_num: 2 finish: 1473414267 291124671 start: 1473414263 201647533
t_num: 12 finish: 1473414268 33457100 start: 1473414261 382184062
t_num: 24 finish: 1473414268 33456970 start: 1473414261 879494647
t_num: 8 finish: 1473414268 33519344 start: 1473414263 119811464
t_num: 0 finish: 1473414268 34201758 start: 1473414265 260640384
t_num: 3 finish: 1473414268 909929551 start: 1473414264 749513688
t_num: 27 finish: 1473414268 909951694 start: 1473414261 915420133
t_num: 30 finish: 1473414269 262771838 start: 1473414266 717665474
t_num: 10 finish: 1473414269 423323096 start: 1473414265 436643986
t_num: 7 finish: 1473414269 423754047 start: 1473414265 351636880
t_num: 25 finish: 1473414269 590331351 start: 1473414267 216787017
t_num: 4 finish: 1473414270 191648624 start: 1473414265 351679891
t_num: 5 finish: 1473414270 340936699 start: 1473414263 764056841
t_num: 14 finish: 1473414270 607911908 start: 1473414265 515884943
t_num: 17 finish: 1473414270 759070414 start: 1473414265 725375774
t_num: 21 finish: 1473414271 424396797 start: 1473414264 749239016
t_num: 16 finish: 1473414271 486718435 start: 1473414267 216774007
t_num: 0 finish: 1473414272 16614483 start: 1473414268 34219401
t_num: 20 finish: 1473414272 587418114 start: 1473414265 351704912
t_num: 3 finish: 1473414273 53622538 start: 1473414268 909978638
t_num: 13 finish: 1473414273 92710179 start: 1473414268 789298350
t_num: 4 finish: 1473414273 274486318 start: 1473414270 191692874
t_num: 5 finish: 1473414273 949815190 start: 1473414270 340977605
t_num: 11 finish: 1473414274 65041144 start: 1473414270 759038509
t_num: 20 finish: 1473414274 818009362 start: 1473414272 587444762
t_num: 31 finish: 1473414274 829089424 start: 1473414272 446989824
t_num: 9 finish: 1473414274 957664426 start: 1473414270 608034467
t_num: 17 finish: 1473414275 83104138 start: 1473414270 759095171
t_num: 22 finish: 1473414275 153311875 start: 1473414271 324493498
t_num: 11 finish: 1473414276 206615038 start: 1473414274 65105082
t_num: 3 finish: 1473414276 512319583 start: 1473414273 53657062
t_num: 2 finish: 1473414276 615697137 start: 1473414270 759102955
t_num: 21 finish: 1473414276 615715139 start: 1473414271 424430437
t_num: 8 finish: 1473414276 868367605 start: 1473414269 653440702
t_num: 10 finish: 1473414277 550623911 start: 1473414269 423360709
t_num: 7 finish: 1473414277 592158271 start: 1473414271 350318233
t_num: 4 finish: 1473414277 652758955 start: 1473414275 82058521
t_num: 30 finish: 1473414277 705368768 start: 1473414272 485478773
t_num: 25 finish: 1473414278 112195469 start: 1473414274 350346679
t_num: 0 finish: 1473414278 248947929 start: 1473414272 16644939
t_num: 16 finish: 1473414278 248983271 start: 1473414274 416469466
t_num: 9 finish: 1473414278 388032399 start: 1473414274 957725451
t_num: 26 finish: 1473414279 345489713 start: 1473414274 416334560
t_num: 15 finish: 1473414280 628419309 start: 1473414277 686566196
t_num: 6 finish: 1473414280 805212759 start: 1473414277 771360906
t_num: 11 finish: 1473414280 997083982 start: 1473414277 314657806
t_num: 20 finish: 1473414281 275224035 start: 1473414274 818070777
t_num: 8 finish: 1473414281 324770510 start: 1473414276 868414592
t_num: 31 finish: 1473414281 832354056 start: 1473414277 550903491
t_num: 30 finish: 1473414281 994853728 start: 1473414277 705385380
t_num: 14 finish: 1473414282 383829885 start: 1473414274 990827973
t_num: 16 finish: 1473414283 588597379 start: 1473414279 540550258
t_num: 26 finish: 1473414283 588968304 start: 1473414279 666512770
t_num: 0 finish: 1473414283 718382341 start: 1473414278 249048747
t_num: 2 finish: 1473414283 718481166 start: 1473414277 550662925
t_num: 4 finish: 1473414284 56055335 start: 1473414278 476340652
t_num: 6 finish: 1473414284 191829997 start: 1473414280 805268465
t_num: 19 finish: 1473414284 206339847 start: 1473414279 151841868
t_num: 14 finish: 1473414284 678137813 start: 1473414282 491488787
t_num: 29 finish: 1473414284 875098730 start: 1473414281 634884757
t_num: 11 finish: 1473414284 899092753 start: 1473414280 997126285
t_num: 15 finish: 1473414284 901671515 start: 1473414280 628461774
t_num: 10 finish: 1473414285 367632892 start: 1473414279 312966438
t_num: 20 finish: 1473414285 368363490 start: 1473414281 275268390
t_num: 8 finish: 1473414285 672475961 start: 1473414281 324806266
t_num: 28 finish: 1473414285 677954771 start: 1473414280 394051155
t_num: 21 finish: 1473414285 732444121 start: 1473414280 301605653
t_num: 2 finish: 1473414286 914362633 start: 1473414283 718501163
t_num: 25 finish: 1473414286 992877932 start: 1473414281 951311637
t_num: 27 finish: 1473414287 663055507 start: 1473414280 823508463
t_num: 6 finish: 1473414287 851722630 start: 1473414285 367630617
t_num: 18 finish: 1473414288 13336580 start: 1473414285 741186910
t_num: 19 finish: 1473414288 412204054 start: 1473414284 206367627
t_num: 21 finish: 1473414288 518431761 start: 1473414285 732474908
t_num: 4 finish: 1473414288 518476712 start: 1473414284 56079166
t_num: 30 finish: 1473414288 636138309 start: 1473414284 50969053
t_num: 29 finish: 1473414288 636214466 start: 1473414284 875142351
t_num: 10 finish: 1473414288 752737338 start: 1473414285 367659557
t_num: 12 finish: 1473414288 752743360 start: 1473414286 102344945
t_num: 8 finish: 1473414288 884954092 start: 1473414285 672517969
t_num: 11 finish: 1473414288 884961417 start: 1473414284 899127326
t_num: 26 finish: 1473414289 836128171 start: 1473414283 588989654
t_num: 0 finish: 1473414290 100790405 start: 1473414284 912280654
t_num: 5 finish: 1473414290 513174720 start: 1473414287 662476706
t_num: 6 finish: 1473414290 513180352 start: 1473414287 851776021
t_num: 24 finish: 1473414290 638823615 start: 1473414287 852010057
t_num: 21 finish: 1473414291 882462498 start: 1473414288 518472845
t_num: 14 finish: 1473414292 53067395 start: 1473414287 851933704
t_num: 23 finish: 1473414292 53612704 start: 1473414285 695685482
t_num: 12 finish: 1473414292 755250509 start: 1473414288 752793405
t_num: 27 finish: 1473414292 940674416 start: 1473414290 639784520
t_num: 24 finish: 1473414293 45028211 start: 1473414290 638846022
t_num: 29 finish: 1473414294 49743560 start: 1473414290 639773521
t_num: 8 finish: 1473414294 49862653 start: 1473414288 885009494
t_num: 2 finish: 1473414294 49894648 start: 1473414287 852121950
t_num: 10 finish: 1473414294 50248330 start: 1473414288 752774010
t_num: 13 finish: 1473414294 50684582 start: 1473414291 808739006
t_num: 5 finish: 1473414294 51443038 start: 1473414290 767734588
t_num: 25 finish: 1473414294 69849944 start: 1473414287 661921422
t_num: 4 finish: 1473414295 270689844 start: 1473414289 436007759
t_num: 9 finish: 1473414295 421648234 start: 1473414292 666621215
t_num: 18 finish: 1473414295 421667800 start: 1473414288 13369548
t_num: 27 finish: 1473414295 804194883 start: 1473414292 940714484
t_num: 6 finish: 1473414295 804315419 start: 1473414290 513247848
t_num: 26 finish: 1473414296 765647814 start: 1473414289 836161901
t_num: 21 finish: 1473414297 651606092 start: 1473414291 882488607
t_num: 2 finish: 1473414297 696966739 start: 1473414294 49913525
t_num: 14 finish: 1473414297 697592748 start: 1473414294 50832137
t_num: 8 finish: 1473414297 866473111 start: 1473414294 49882414
t_num: 30 finish: 1473414298 461264128 start: 1473414292 52815882
t_num: 19 finish: 1473414298 489899194 start: 1473414294 50064222
t_num: 10 finish: 1473414298 489968197 start: 1473414294 50267362
t_num: 4 finish: 1473414298 490140359 start: 1473414295 270751133
t_num: 26 finish: 1473414298 490403759 start: 1473414296 765690703
t_num: 25 finish: 1473414298 841540086 start: 1473414297 218715576
t_num: 7 finish: 1473414299 332754132 start: 1473414294 374602275
t_num: 6 finish: 1473414299 983375073 start: 1473414297 697095315
t_num: 23 finish: 1473414300 290872917 start: 1473414296 432055583
t_num: 18 finish: 1473414300 615770215 start: 1473414295 421751106
t_num: 13 finish: 1473414300 615982048 start: 1473414296 485684957
t_num: 5 finish: 1473414300 756982606 start: 1473414295 804222630
t_num: 29 finish: 1473414301 114239828 start: 1473414294 49954414
t_num: 0 finish: 1473414301 191422842 start: 1473414294 538377288
t_num: 9 finish: 1473414301 375989044 start: 1473414295 421732638
t_num: 7 finish: 1473414302 692301680 start: 1473414299 332840694
t_num: 8 finish: 1473414302 723287233 start: 1473414298 900406203
t_num: 4 finish: 1473414303 93655542 start: 1473414298 490159477
t_num: 21 finish: 1473414303 403565398 start: 1473414298 803274343
t_num: 25 finish: 1473414303 563943401 start: 1473414300 290748701
t_num: 13 finish: 1473414303 563943386 start: 1473414300 616000868
t_num: 18 finish: 1473414303 870727876 start: 1473414300 615827543
t_num: 27 finish: 1473414303 871327153 start: 1473414297 697368575
t_num: 31 finish: 1473414303 871330031 start: 1473414300 289924304
t_num: 14 finish: 1473414304 29777564 start: 1473414298 490004218
t_num: 0 finish: 1473414305 77026725 start: 1473414302 305434779
t_num: 10 finish: 1473414305 109369658 start: 1473414300 289687958
t_num: 26 finish: 1473414305 118174417 start: 1473414302 116718726
t_num: 1 finish: 1473414305 618979779 start: 1473414300 757027392
t_num: 9 finish: 1473414305 820069617 start: 1473414303 194557783
t_num: 23 finish: 1473414306 597016822 start: 1473414301 268856540
t_num: 30 finish: 1473414306 666510810 start: 1473414303 842001599
t_num: 5 finish: 1473414306 666664440 start: 1473414302 289336946
t_num: 14 finish: 1473414306 667259025 start: 1473414304 29830084
t_num: 7 finish: 1473414306 725119963 start: 1473414303 870806892
t_num: 0 finish: 1473414306 725123495 start: 1473414305 77070767
t_num: 4 finish: 1473414306 880986051 start: 1473414303 93698332
t_num: 9 finish: 1473414307 791419826 start: 1473414305 820110593
t_num: 21 finish: 1473414308 563899472 start: 1473414304 143712541
t_num: 22 finish: 1473414308 646093619 start: 1473414304 731981253
t_num: 13 finish: 1473414308 767104616 start: 1473414303 564012918
t_num: 26 finish: 1473414308 902690929 start: 1473414305 118191613
t_num: 12 finish: 1473414308 938424763 start: 1473414305 730081583
t_num: 1 finish: 1473414309 564455291 start: 1473414305 619024221
t_num: 17 finish: 1473414309 699461689 start: 1473414306 205470137
t_num: 18 finish: 1473414309 793338956 start: 1473414303 870756071
t_num: 26 finish: 1473414310 685364736 start: 1473414308 902748112
t_num: 14 finish: 1473414310 780642300 start: 1473414308 80635947
t_num: 4 finish: 1473414311 18569521 start: 1473414306 881035357
t_num: 7 finish: 1473414311 19872283 start: 1473414306 725161995
t_num: 3 finish: 1473414311 639549619 start: 1473414309 504144862
t_num: 12 finish: 1473414311 685222515 start: 1473414308 938441427
t_num: 10 finish: 1473414311 685789913 start: 1473414305 109396920
t_num: 5 finish: 1473414311 751919444 start: 1473414306 666697765
t_num: 28 finish: 1473414311 834416374 start: 1473414309 308984594
t_num: 21 finish: 1473414312 98040239 start: 1473414308 563937292
t_num: 22 finish: 1473414312 230881325 start: 1473414308 646119875
t_num: 16 finish: 1473414312 541293645 start: 1473414306 667106225
t_num: 23 finish: 1473414312 873664275 start: 1473414307 230137226
t_num: 15 finish: 1473414312 873826622 start: 1473414310 866859991
t_num: 26 finish: 1473414312 874120999 start: 1473414310 685392544
t_num: 21 finish: 1473414313 251427584 start: 1473414312 98070820
t_num: 19 finish: 1473414313 422883974 start: 1473414310 683707272
t_num: 9 finish: 1473414313 422933394 start: 1473414310 482460240
t_num: 1 finish: 1473414314 593117804 start: 1473414310 801259520
t_num: 3 finish: 1473414314 593444395 start: 1473414311 639594086
t_num: 24 finish: 1473414315 81929337 start: 1473414312 612698220
t_num: 0 finish: 1473414315 630779993 start: 1473414310 296028221
t_num: 4 finish: 1473414316 9988543 start: 1473414311 18614618
t_num: 10 finish: 1473414316 110358110 start: 1473414312 793577457
t_num: 13 finish: 1473414316 110506573 start: 1473414310 810005547
t_num: 9 finish: 1473414317 144215134 start: 1473414313 422969091
t_num: 17 finish: 1473414318 228135582 start: 1473414312 293433120
t_num: 22 finish: 1473414318 364504357 start: 1473414315 511077900
t_num: 13 finish: 1473414318 529802125 start: 1473414316 110525300
t_num: 7 finish: 1473414318 813649996 start: 1473414313 370421499
t_num: 4 finish: 1473414319 99380652 start: 1473414316 10032903
t_num: 16 finish: 1473414319 99474232 start: 1473414312 541337868
t_num: 20 finish: 1473414319 575741687 start: 1473414313 482180551
t_num: 10 finish: 1473414319 676537312 start: 1473414316 110382706
t_num: 18 finish: 1473414319 808160887 start: 1473414312 873707846
t_num: 24 finish: 1473414320 538364368 start: 1473414315 81976264
t_num: 3 finish: 1473414320 538423333 start: 1473414314 593460921
t_num: 19 finish: 1473414321 143114051 start: 1473414316 117456447
t_num: 21 finish: 1473414321 143549856 start: 1473414315 590430683
t_num: 23 finish: 1473414321 143973117 start: 1473414312 873834033
t_num: 15 finish: 1473414321 418528544 start: 1473414316 110468210
t_num: 14 finish: 1473414322 517958637 start: 1473414318 228164442
t_num: 16 finish: 1473414323 621191238 start: 1473414321 143133284
t_num: 4 finish: 1473414323 632542134 start: 1473414319 99424829
t_num: 29 finish: 1473414323 632572569 start: 1473414320 997549535
t_num: 17 finish: 1473414324 177092022 start: 1473414320 534639753
t_num: 9 finish: 1473414324 396418750 start: 1473414320 369424307
t_num: 23 finish: 1473414324 611877401 start: 1473414321 143993582
t_num: 25 finish: 1473414324 630557018 start: 1473414321 111083725
t_num: 3 finish: 1473414324 630595229 start: 1473414320 538444611
t_num: 7 finish: 1473414324 630619521 start: 1473414320 535082847
t_num: 13 finish: 1473414324 675090616 start: 1473414318 529842927
t_num: 20 finish: 1473414325 530595049 start: 1473414320 536668243
t_num: 2 finish: 1473414325 530685943 start: 1473414322 245217026
t_num: 12 finish: 1473414326 176079951 start: 1473414320 340660199
t_num: 19 finish: 1473414326 176109712 start: 1473414321 482928811
t_num: 22 finish: 1473414326 176263803 start: 1473414321 445355039
t_num: 10 finish: 1473414326 364191567 start: 1473414322 524588834
t_num: 8 finish: 1473414327 102990101 start: 1473414322 518025914
t_num: 13 finish: 1473414327 242893427 start: 1473414324 675127955
t_num: 9 finish: 1473414327 307896185 start: 1473414324 396474382
t_num: 2 finish: 1473414327 780217056 start: 1473414325 530712939
t_num: 12 finish: 1473414327 862444081 start: 1473414326 176125244
t_num: 14 finish: 1473414327 918229513 start: 1473414322 517988618
t_num: 17 finish: 1473414327 918282874 start: 1473414325 244025453
t_num: 29 finish: 1473414328 218415162 start: 1473414323 632588770
t_num: 4 finish: 1473414328 609759668 start: 1473414323 632577530
t_num: 15 finish: 1473414328 697848276 start: 1473414326 991734869
t_num: 13 finish: 1473414329 559624969 start: 1473414327 242920435
t_num: 3 finish: 1473414330 189200365 start: 1473414327 560826097
t_num: 30 finish: 1473414330 191690574 start: 1473414326 828134140
t_num: 7 finish: 1473414330 324026168 start: 1473414327 242645343
t_num: 8 finish: 1473414330 385717785 start: 1473414327 103027714
t_num: 27 finish: 1473414331 60621780 start: 1473414326 52907917
t_num: 10 finish: 1473414331 437797740 start: 1473414326 364221206
t_num: 9 finish: 1473414331 617511335 start: 1473414327 307932944
t_num: 2 finish: 1473414331 895542819 start: 1473414328 607386328
t_num: 29 finish: 1473414332 244180675 start: 1473414328 218458797
t_num: 22 finish: 1473414332 319706117 start: 1473414326 176282265
t_num: 19 finish: 1473414332 410469203 start: 1473414328 503620884
t_num: 20 finish: 1473414332 410508952 start: 1473414327 242837156
t_num: 28 finish: 1473414332 922771593 start: 1473414330 196841629
t_num: 26 finish: 1473414333 346194518 start: 1473414329 430432906
t_num: 15 finish: 1473414333 347605380 start: 1473414330 475072026
t_num: 30 finish: 1473414333 529144906 start: 1473414330 191711429
t_num: 17 finish: 1473414333 875436601 start: 1473414331 123370239
t_num: 14 finish: 1473414333 876245850 start: 1473414330 195268155
t_num: 7 finish: 1473414334 755524680 start: 1473414331 437512377
t_num: 23 finish: 1473414334 856249590 start: 1473414329 109875353
t_num: 22 finish: 1473414335 16587753 start: 1473414332 319754219
t_num: 3 finish: 1473414336 28609233 start: 1473414331 515373948
t_num: 20 finish: 1473414336 29308844 start: 1473414332 410526560
t_num: 8 finish: 1473414336 122860908 start: 1473414332 877699372
t_num: 15 finish: 1473414336 598174524 start: 1473414333 347626160
t_num: 2 finish: 1473414337 122779954 start: 1473414331 895593354
t_num: 19 finish: 1473414337 333120455 start: 1473414332 410506918
t_num: 26 finish: 1473414337 842564543 start: 1473414333 346230601
t_num: 14 finish: 1473414338 311582723 start: 1473414333 876266250
t_num: 30 finish: 1473414338 478481403 start: 1473414333 529181615
t_num: 7 finish: 1473414339 378694411 start: 1473414334 755569784
t_num: 17 finish: 1473414339 378874569 start: 1473414333 875480102
t_num: 9 finish: 1473414339 990146675 start: 1473414337 1335001
t_num: 28 finish: 1473414340 457162711 start: 1473414335 91424463
t_num: 3 finish: 1473414340 867206995 start: 1473414336 28649004
t_num: 5 finish: 1473414340 928482811 start: 1473414336 588280547
t_num: 8 finish: 1473414341 205233773 start: 1473414337 756663402
t_num: 15 finish: 1473414341 494562529 start: 1473414337 200083500
t_num: 29 finish: 1473414341 837729989 start: 1473414335 91406462
t_num: 24 finish: 1473414342 466701417 start: 1473414337 276069815
t_num: 26 finish: 1473414342 467370604 start: 1473414337 842607697
t_num: 22 finish: 1473414343 12057131 start: 1473414335 16632974
t_num: 0 finish: 1473414343 668483526 start: 1473414340 380275207
t_num: 31 finish: 1473414343 726637587 start: 1473414340 985134570
t_num: 30 finish: 1473414344 382023673 start: 1473414340 867239421
t_num: 2 finish: 1473414344 382183384 start: 1473414339 378362217
t_num: 10 finish: 1473414344 382420589 start: 1473414337 332459670
t_num: 1 finish: 1473414344 827107711 start: 1473414340 867298874
t_num: 9 finish: 1473414344 827632112 start: 1473414339 990182659
t_num: 6 finish: 1473414344 827743685 start: 1473414342 448846336
t_num: 20 finish: 1473414344 827906692 start: 1473414341 223670664
t_num: 19 finish: 1473414345 956593025 start: 1473414339 378381194
t_num: 24 finish: 1473414346 163025780 start: 1473414342 466737285
t_num: 7 finish: 1473414346 430794108 start: 1473414339 378721812
t_num: 17 finish: 1473414346 743470502 start: 1473414340 867711070
t_num: 2 finish: 1473414347 480544457 start: 1473414344 382203180
t_num: 5 finish: 1473414347 587417025 start: 1473414342 466616622
t_num: 15 finish: 1473414347 587459989 start: 1473414343 584291943
t_num: 14 finish: 1473414348 141533927 start: 1473414341 19550718
t_num: 22 finish: 1473414348 141601507 start: 1473414344 355333699
t_num: 9 finish: 1473414348 334344837 start: 1473414344 827654180
t_num: 10 finish: 1473414348 977506760 start: 1473414346 382087974
t_num: 8 finish: 1473414349 196546402 start: 1473414342 598584380
t_num: 12 finish: 1473414349 232628678 start: 1473414342 511275534
t_num: 1 finish: 1473414349 265104382 start: 1473414344 827153629
t_num: 28 finish: 1473414350 182476380 start: 1473414344 139631475
t_num: 24 finish: 1473414350 307228798 start: 1473414346 163060678
t_num: 19 finish: 1473414350 307246979 start: 1473414345 956626307
t_num: 0 finish: 1473414350 443629314 start: 1473414347 481265939
t_num: 6 finish: 1473414350 895471539 start: 1473414347 587843230
t_num: 20 finish: 1473414351 300913846 start: 1473414344 827948707
t_num: 12 finish: 1473414351 810877322 start: 1473414349 232654260
t_num: 25 finish: 1473414351 937329398 start: 1473414344 827927006
t_num: 21 finish: 1473414352 26760592 start: 1473414349 888222339
t_num: 19 finish: 1473414352 81957867 start: 1473414350 307294529
t_num: 8 finish: 1473414352 509772834 start: 1473414349 196580458
t_num: 9 finish: 1473414352 511841421 start: 1473414348 334371903
t_num: 10 finish: 1473414352 676939182 start: 1473414349 889286262
t_num: 11 finish: 1473414352 798075027 start: 1473414345 939691629
t_num: 17 finish: 1473414352 888494904 start: 1473414347 587287978
t_num: 5 finish: 1473414353 703972276 start: 1473414348 825787709
t_num: 8 finish: 1473414354 457514474 start: 1473414352 509828816
t_num: 22 finish: 1473414354 758245130 start: 1473414348 141621986
t_num: 0 finish: 1473414354 810573420 start: 1473414350 443664563
t_num: 7 finish: 1473414355 279497171 start: 1473414351 357495967
t_num: 13 finish: 1473414355 377644548 start: 1473414352 947088021
t_num: 30 finish: 1473414355 377671898 start: 1473414351 734177557
t_num: 28 finish: 1473414355 578056031 start: 1473414350 182521412
t_num: 1 finish: 1473414355 670126485 start: 1473414350 723879373
t_num: 11 finish: 1473414356 388368140 start: 1473414353 916284059
t_num: 5 finish: 1473414356 485169887 start: 1473414353 704022887
t_num: 4 finish: 1473414356 485176335 start: 1473414350 773017191
t_num: 9 finish: 1473414356 657646312 start: 1473414352 511861165
t_num: 22 finish: 1473414356 953662783 start: 1473414354 758276107
t_num: 14 finish: 1473414357 29550166 start: 1473414352 64489368
t_num: 29 finish: 1473414357 620851934 start: 1473414354 361438341
t_num: 21 finish: 1473414357 635402262 start: 1473414353 416072039
t_num: 17 finish: 1473414358 297956568 start: 1473414352 888527695
t_num: 20 finish: 1473414358 342673540 start: 1473414352 511588612
t_num: 8 finish: 1473414358 843625227 start: 1473414354 457555888
t_num: 14 finish: 1473414359 653217396 start: 1473414357 29588297
t_num: 27 finish: 1473414360 453168528 start: 1473414356 140002625
t_num: 9 finish: 1473414360 619935070 start: 1473414356 657681125
t_num: 6 finish: 1473414360 979737603 start: 1473414352 797206218
t_num: 5 finish: 1473414360 983732732 start: 1473414356 485220410
t_num: 30 finish: 1473414361 157763871 start: 1473414355 377740383
t_num: 13 finish: 1473414361 158774179 start: 1473414356 291929580
t_num: 17 finish: 1473414361 379095305 start: 1473414358 297993231
t_num: 1 finish: 1473414361 386051582 start: 1473414358 616755896
t_num: 7 finish: 1473414361 482678960 start: 1473414357 635415653
t_num: 8 finish: 1473414362 144758273 start: 1473414358 843652503
t_num: 27 finish: 1473414362 303160616 start: 1473414360 453207712
t_num: 4 finish: 1473414362 304056573 start: 1473414356 485238360
t_num: 3 finish: 1473414362 619302900 start: 1473414359 622357535
t_num: 21 finish: 1473414363 517300734 start: 1473414357 635427299
t_num: 14 finish: 1473414363 642107478 start: 1473414360 620427151
t_num: 20 finish: 1473414363 642182621 start: 1473414360 307028891
t_num: 28 finish: 1473414364 551538884 start: 1473414359 304800168
t_num: 1 finish: 1473414364 551570621 start: 1473414361 386073085
t_num: 26 finish: 1473414364 551780779 start: 1473414363 40510730
t_num: 29 finish: 1473414365 862119699 start: 1473414360 620034094
t_num: 23 finish: 1473414366 517180924 start: 1473414360 620311996
t_num: 3 finish: 1473414366 653683398 start: 1473414362 619346249
t_num: 24 finish: 1473414366 855848092 start: 1473414362 303141947
t_num: 14 finish: 1473414367 17830813 start: 1473414363 642131701
t_num: 13 finish: 1473414367 430331210 start: 1473414361 158794343
t_num: 22 finish: 1473414367 616333954 start: 1473414360 620090652
t_num: 20 finish: 1473414368 89109505 start: 1473414363 642199676
t_num: 21 finish: 1473414368 89295722 start: 1473414365 169285660
t_num: 5 finish: 1473414368 321826927 start: 1473414364 591451
t_num: 4 finish: 1473414368 642153947 start: 1473414364 2487499
t_num: 14 finish: 1473414368 732542120 start: 1473414367 17869335
t_num: 28 finish: 1473414369 91319310 start: 1473414364 551573561
t_num: 31 finish: 1473414369 92439535 start: 1473414365 436976407
t_num: 1 finish: 1473414369 542178508 start: 1473414364 551588087
t_num: 17 finish: 1473414369 714750853 start: 1473414363 642254130
t_num: 0 finish: 1473414369 985090776 start: 1473414365 816213746
t_num: 26 finish: 1473414370 307825621 start: 1473414366 941980909
t_num: 12 finish: 1473414370 505701120 start: 1473414363 517307895
t_num: 24 finish: 1473414370 788575247 start: 1473414367 740399140
t_num: 27 finish: 1473414370 878831343 start: 1473414365 816244179
t_num: 10 finish: 1473414370 934612385 start: 1473414365 227338235
t_num: 20 finish: 1473414371 471971494 start: 1473414368 89149019
t_num: 15 finish: 1473414371 498192954 start: 1473414367 616415919
t_num: 13 finish: 1473414371 799017776 start: 1473414367 430394003
t_num: 31 finish: 1473414371 952604545 start: 1473414369 92477715
t_num: 23 finish: 1473414372 430113610 start: 1473414368 23468079
t_num: 12 finish: 1473414372 664841975 start: 1473414370 505751754
t_num: 0 finish: 1473414372 664869044 start: 1473414369 985116631
t_num: 18 finish: 1473414373 49224990 start: 1473414369 458599178
t_num: 14 finish: 1473414373 49229791 start: 1473414370 406953581
t_num: 7 finish: 1473414373 49262634 start: 1473414366 600925699
t_num: 26 finish: 1473414373 107219775 start: 1473414370 307888381
t_num: 25 finish: 1473414373 303846018 start: 1473414368 446326841
t_num: 5 finish: 1473414373 325117853 start: 1473414368 321863619
t_num: 21 finish: 1473414373 390007175 start: 1473414369 985137192
t_num: 20 finish: 1473414374 168912410 start: 1473414371 472005704
t_num: 15 finish: 1473414374 546814068 start: 1473414371 498225596
t_num: 7 finish: 1473414374 996694574 start: 1473414373 49278406
t_num: 24 finish: 1473414375 258939378 start: 1473414371 988191941
t_num: 1 finish: 1473414375 303578770 start: 1473414371 988211050
t_num: 12 finish: 1473414375 863716009 start: 1473414372 664867587
t_num: 17 finish: 1473414375 901985289 start: 1473414371 605933102
t_num: 27 finish: 1473414376 924770510 start: 1473414373 374038613
t_num: 10 finish: 1473414377 150450919 start: 1473414372 431264820
t_num: 23 finish: 1473414377 331804611 start: 1473414373 876802048
t_num: 21 finish: 1473414377 552609444 start: 1473414373 390028016
t_num: 5 finish: 1473414377 782184678 start: 1473414374 168777197
t_num: 0 finish: 1473414377 798931278 start: 1473414372 664883980
t_num: 17 finish: 1473414378 43437152 start: 1473414375 902044915
t_num: 2 finish: 1473414378 149693429 start: 1473414375 334467830
t_num: 24 finish: 1473414378 977318426 start: 1473414375 259003047
t_num: 16 finish: 1473414379 168875251 start: 1473414375 104098862
t_num: 18 finish: 1473414379 169527262 start: 1473414373 49268658
t_num: 0 finish: 1473414379 646643834 start: 1473414377 798952787
t_num: 25 finish: 1473414379 683773762 start: 1473414376 832441004
t_num: 1 finish: 1473414380 171601093 start: 1473414377 788165667
t_num: 31 finish: 1473414380 174090152 start: 1473414373 760704879
t_num: 4 finish: 1473414380 318140484 start: 1473414372 557724181
t_num: 12 finish: 1473414381 114868823 start: 1473414375 863761701
t_num: 10 finish: 1473414381 119660943 start: 1473414377 150472044
t_num: 14 finish: 1473414381 530215979 start: 1473414374 851441532
t_num: 27 finish: 1473414381 713621589 start: 1473414376 924804574
t_num: 24 finish: 1473414381 816584842 start: 1473414378 977362979
t_num: 18 finish: 1473414382 501309257 start: 1473414379 169548573
t_num: 21 finish: 1473414382 501362639 start: 1473414377 552674073
t_num: 9 finish: 1473414383 205900067 start: 1473414380 167088726
t_num: 31 finish: 1473414383 977637937 start: 1473414381 292882272
t_num: 8 finish: 1473414384 449565302 start: 1473414381 118959775
t_num: 26 finish: 1473414384 969855684 start: 1473414379 645301315
t_num: 27 finish: 1473414385 148921712 start: 1473414381 713685213
t_num: 11 finish: 1473414385 221890764 start: 1473414383 83445235
t_num: 4 finish: 1473414385 390160542 start: 1473414380 318174555
t_num: 17 finish: 1473414386 99791213 start: 1473414383 524294496
t_num: 18 finish: 1473414386 131835051 start: 1473414382 501349711
t_num: 0 finish: 1473414386 270365132 start: 1473414379 646676720
t_num: 29 finish: 1473414386 855953517 start: 1473414383 88646056
t_num: 22 finish: 1473414387 165216230 start: 1473414382 639926473
t_num: 1 finish: 1473414387 193429878 start: 1473414380 171624446
t_num: 10 finish: 1473414387 571748888 start: 1473414383 113213085
t_num: 14 finish: 1473414387 660795866 start: 1473414384 173005335
t_num: 9 finish: 1473414388 451729395 start: 1473414384 281375177
t_num: 7 finish: 1473414388 559947818 start: 1473414385 90335925
t_num: 16 finish: 1473414388 609774455 start: 1473414383 81038694
t_num: 25 finish: 1473414388 611957241 start: 1473414383 112671052
t_num: 26 finish: 1473414388 993334401 start: 1473414384 969899291
t_num: 8 finish: 1473414389 138402697 start: 1473414386 242024397
t_num: 27 finish: 1473414389 138967458 start: 1473414385 148944917
t_num: 30 finish: 1473414390 202311065 start: 1473414385 323513175
t_num: 14 finish: 1473414390 496937441 start: 1473414387 660822416
t_num: 11 finish: 1473414390 614120364 start: 1473414386 354243267
t_num: 24 finish: 1473414390 614220572 start: 1473414385 3485418
t_num: 9 finish: 1473414390 615651919 start: 1473414388 451780511
t_num: 0 finish: 1473414390 616156541 start: 1473414388 568604187
t_num: 22 finish: 1473414390 617541823 start: 1473414387 165260031
t_num: 27 finish: 1473414390 667648783 start: 1473414389 138983218
t_num: 5 finish: 1473414390 667671896 start: 1473414386 2451713
t_num: 28 finish: 1473414390 667770088 start: 1473414384 794443430
t_num: 30 finish: 1473414391 732583322 start: 1473414390 202350008
t_num: 16 finish: 1473414392 603587776 start: 1473414388 609828707
t_num: 25 finish: 1473414392 603681885 start: 1473414388 611977654
t_num: 4 finish: 1473414392 603723518 start: 1473414387 660197897
t_num: 13 finish: 1473414394 826797613 start: 1473414389 138371931
t_num: 30 finish: 1473414394 826885066 start: 1473414391 732627199
t_num: 1 finish: 1473414394 885941518 start: 1473414390 615736902
t_num: 29 finish: 1473414395 106561823 start: 1473414389 249482653
t_num: 9 finish: 1473414395 106565135 start: 1473414390 615673008
t_num: 27 finish: 1473414396 218740251 start: 1473414391 342748004
t_num: 7 finish: 1473414396 218815947 start: 1473414390 496873040
t_num: 2 finish: 1473414396 909273508 start: 1473414391 370856230
t_num: 19 finish: 1473414396 909328885 start: 1473414391 751183846
t_num: 0 finish: 1473414397 284851044 start: 1473414391 834395433
t_num: 28 finish: 1473414397 284960838 start: 1473414392 603413507
t_num: 4 finish: 1473414397 285023782 start: 1473414392 603739401
t_num: 10 finish: 1473414397 934213768 start: 1473414392 603502350
t_num: 26 finish: 1473414398 646989232 start: 1473414395 995246793
t_num: 15 finish: 1473414398 647651100 start: 1473414393 670117588
t_num: 5 finish: 1473414398 647667794 start: 1473414390 667704583
t_num: 23 finish: 1473414398 648936303 start: 1473414395 756658313
t_num: 1 finish: 1473414398 730507996 start: 1473414394 885961690
t_num: 14 finish: 1473414398 847711466 start: 1473414392 252323211
t_num: 9 finish: 1473414399 455925113 start: 1473414395 106632630
t_num: 20 finish: 1473414399 455982574 start: 1473414396 566091206
t_num: 13 finish: 1473414399 941515099 start: 1473414395 697806178
t_num: 27 finish: 1473414400 288100807 start: 1473414396 218784907
t_num: 21 finish: 1473414400 345203684 start: 1473414397 273322154
t_num: 4 finish: 1473414400 474054406 start: 1473414398 647410476
t_num: 22 finish: 1473414400 634024344 start: 1473414397 656148127
t_num: 31 finish: 1473414400 777497808 start: 1473414396 865624162
t_num: 28 finish: 1473414401 309887913 start: 1473414397 284980423
t_num: 2 finish: 1473414401 503545748 start: 1473414398 647710322
t_num: 23 finish: 1473414402 164403290 start: 1473414398 648956888
t_num: 27 finish: 1473414402 164669441 start: 1473414400 288144083
t_num: 26 finish: 1473414402 272638482 start: 1473414399 941560786
t_num: 16 finish: 1473414402 586509768 start: 1473414397 979766077
t_num: 0 finish: 1473414403 110036193 start: 1473414399 971370421
t_num: 30 finish: 1473414403 110073227 start: 1473414397 826993806
t_num: 1 finish: 1473414403 110036193 start: 1473414399 296349897
t_num: 18 finish: 1473414403 110856111 start: 1473414400 345185966
t_num: 28 finish: 1473414403 447042659 start: 1473414403 205407764
t_num: 2 finish: 1473414403 523048611 start: 1473414402 272673999
t_num: 15 finish: 1473414403 825724157 start: 1473414398 647671718
t_num: 13 finish: 1473414403 825974353 start: 1473414402 164462188
t_num: 5 finish: 1473414405 98754601 start: 1473414401 774099036
t_num: 4 finish: 1473414405 98777009 start: 1473414400 474111491
t_num: 12 finish: 1473414405 99145488 start: 1473414402 184866460
t_num: 9 finish: 1473414405 597661333 start: 1473414400 634004328
t_num: 31 finish: 1473414405 677849112 start: 1473414400 777557008
t_num: 22 finish: 1473414406 343604218 start: 1473414400 634051850
t_num: 27 finish: 1473414406 343604218 start: 1473414402 350165095
t_num: 21 finish: 1473414406 390235511 start: 1473414401 522122643
t_num: 16 finish: 1473414406 842319672 start: 1473414404 714983745
t_num: 15 finish: 1473414406 873194536 start: 1473414403 825776960
t_num: 17 finish: 1473414407 74592687 start: 1473414404 446182434
t_num: 26 finish: 1473414407 561879653 start: 1473414405 837020026
t_num: 18 finish: 1473414407 671258232 start: 1473414404 714951530
t_num: 30 finish: 1473414408 153388765 start: 1473414405 98949851
t_num: 1 finish: 1473414408 446502706 start: 1473414403 110144121
t_num: 4 finish: 1473414408 886521103 start: 1473414405 98792220
t_num: 9 finish: 1473414409 486429603 start: 1473414405 597695727
t_num: 2 finish: 1473414409 486982848 start: 1473414403 523107187
t_num: 15 finish: 1473414409 963648834 start: 1473414406 873238495
t_num: 24 finish: 1473414410 203202616 start: 1473414405 83496824
t_num: 23 finish: 1473414410 563690451 start: 1473414406 282166042
t_num: 28 finish: 1473414410 714040794 start: 1473414405 83777656
t_num: 22 finish: 1473414410 996645915 start: 1473414406 343649883
t_num: 31 finish: 1473414411 77718503 start: 1473414405 677878294
t_num: 17 finish: 1473414411 485197347 start: 1473414407 74627207
t_num: 6 finish: 1473414411 486182150 start: 1473414408 956084551
t_num: 5 finish: 1473414411 630248371 start: 1473414405 98781298
t_num: 18 finish: 1473414412 27514308 start: 1473414409 202901875
t_num: 1 finish: 1473414412 444747144 start: 1473414408 446527000
t_num: 16 finish: 1473414412 760341638 start: 1473414410 351151670
t_num: 12 finish: 1473414412 801937620 start: 1473414407 973297656
t_num: 27 finish: 1473414412 876191685 start: 1473414409 228532123
t_num: 21 finish: 1473414412 876236207 start: 1473414410 307214214
t_num: 23 finish: 1473414413 543448614 start: 1473414410 563723805
t_num: 13 finish: 1473414413 949153791 start: 1473414410 998065932
t_num: 9 finish: 1473414414 98063612 start: 1473414411 59150522
t_num: 2 finish: 1473414414 101202576 start: 1473414409 487004032
t_num: 14 finish: 1473414414 172531049 start: 1473414411 93442699
t_num: 29 finish: 1473414414 215628647 start: 1473414411 917445971
t_num: 24 finish: 1473414414 215629406 start: 1473414410 203265732
t_num: 8 finish: 1473414414 215687874 start: 1473414410 993089392
t_num: 17 finish: 1473414414 542155159 start: 1473414411 485241325
t_num: 31 finish: 1473414414 922407210 start: 1473414411 77763679
t_num: 30 finish: 1473414414 960337450 start: 1473414410 306155384
t_num: 25 finish: 1473414415 769593427 start: 1473414412 876236229
t_num: 23 finish: 1473414416 620790416 start: 1473414413 543477677
t_num: 17 finish: 1473414417 58469482 start: 1473414414 542204634
t_num: 4 finish: 1473414417 179301283 start: 1473414413 585402381
t_num: 23 finish: 1473414418 185699763 start: 1473414416 620826360
t_num: 13 finish: 1473414418 499342231 start: 1473414413 949188398
t_num: 30 finish: 1473414418 501522116 start: 1473414414 960364683
t_num: 27 finish: 1473414418 502079590 start: 1473414414 101282714
t_num: 5 finish: 1473414418 540218265 start: 1473414413 160897748
t_num: 16 finish: 1473414418 933948266 start: 1473414413 186008389
t_num: 22 finish: 1473414419 36161324 start: 1473414412 452727135
t_num: 7 finish: 1473414419 36351535 start: 1473414414 162081392
t_num: 11 finish: 1473414419 414611385 start: 1473414417 179251076
t_num: 14 finish: 1473414419 472000889 start: 1473414416 13323628
t_num: 8 finish: 1473414419 649282975 start: 1473414415 596388646
t_num: 18 finish: 1473414420 255212960 start: 1473414415 211150799
t_num: 4 finish: 1473414420 255638149 start: 1473414417 179328239
t_num: 1 finish: 1473414420 260561127 start: 1473414415 589100395
t_num: 28 finish: 1473414420 943357498 start: 1473414412 452699006
t_num: 13 finish: 1473414421 647407948 start: 1473414418 499389069
t_num: 17 finish: 1473414421 775610441 start: 1473414418 185668562
t_num: 27 finish: 1473414421 872311300 start: 1473414418 502100445
t_num: 5 finish: 1473414421 996587192 start: 1473414418 540236876
t_num: 29 finish: 1473414422 46559293 start: 1473414418 77495934
t_num: 2 finish: 1473414422 54485099 start: 1473414416 858320631
t_num: 16 finish: 1473414422 128104973 start: 1473414418 933991192
t_num: 14 finish: 1473414423 277014101 start: 1473414419 472020006
t_num: 8 finish: 1473414423 277461874 start: 1473414419 649353053
t_num: 7 finish: 1473414424 195184953 start: 1473414419 36370258
t_num: 20 finish: 1473414424 214681927 start: 1473414420 806995728
t_num: 19 finish: 1473414424 214845260 start: 1473414419 36138369
t_num: 1 finish: 1473414424 215210869 start: 1473414422 141483305
t_num: 11 finish: 1473414424 217468686 start: 1473414419 414651663
t_num: 25 finish: 1473414425 808064592 start: 1473414423 276846460
t_num: 0 finish: 1473414426 563740521 start: 1473414423 567003547
t_num: 13 finish: 1473414427 163645554 start: 1473414421 647452939
t_num: 7 finish: 1473414427 163688773 start: 1473414424 195225122
t_num: 8 finish: 1473414427 405904495 start: 1473414423 277480875
t_num: 23 finish: 1473414428 125806663 start: 1473414423 276820578
t_num: 3 finish: 1473414428 141065285 start: 1473414424 20694944
t_num: 6 finish: 1473414428 391815036 start: 1473414424 899179621
t_num: 29 finish: 1473414428 561154480 start: 1473414424 899113438
t_num: 18 finish: 1473414429 39965341 start: 1473414423 276863322
t_num: 20 finish: 1473414429 40484218 start: 1473414426 35394779
t_num: 27 finish: 1473414429 330927983 start: 1473414423 527443439
t_num: 1 finish: 1473414429 745756642 start: 1473414424 899028111
t_num: 17 finish: 1473414429 872995375 start: 1473414423 557569410
t_num: 2 finish: 1473414430 146536097 start: 1473414426 653205235
t_num: 30 finish: 1473414430 533470597 start: 1473414426 35424708
t_num: 21 finish: 1473414430 752620274 start: 1473414429 39991742
t_num: 13 finish: 1473414431 142526444 start: 1473414427 163689400
t_num: 19 finish: 1473414431 293316876 start: 1473414427 405631357
t_num: 11 finish: 1473414431 410646677 start: 1473414426 717428309
t_num: 16 finish: 1473414431 481516634 start: 1473414424 898867186
t_num: 26 finish: 1473414431 747495355 start: 1473414429 592662946
t_num: 20 finish: 1473414431 750686980 start: 1473414429 40504220
t_num: 18 finish: 1473414432 953325561 start: 1473414429 40021212
t_num: 3 finish: 1473414432 953498482 start: 1473414429 330964721
t_num: 23 finish: 1473414433 60917827 start: 1473414429 40196979
t_num: 13 finish: 1473414433 446521560 start: 1473414431 142569184
t_num: 25 finish: 1473414434 257862879 start: 1473414427 405648254
t_num: 8 finish: 1473414434 483455192 start: 1473414431 822186653
t_num: 11 finish: 1473414434 536861337 start: 1473414431 410687932
t_num: 0 finish: 1473414436 191668462 start: 1473414429 745817203
t_num: 31 finish: 1473414436 329103553 start: 1473414432 223792989
t_num: 18 finish: 1473414436 769339872 start: 1473414432 953368504
t_num: 21 finish: 1473414436 770136869 start: 1473414430 752652817
t_num: 2 finish: 1473414436 796100053 start: 1473414430 146589862
t_num: 12 finish: 1473414436 865552331 start: 1473414431 747281525
t_num: 23 finish: 1473414436 865652229 start: 1473414433 60949014
t_num: 26 finish: 1473414436 865839016 start: 1473414431 747521455
t_num: 15 finish: 1473414436 865918739 start: 1473414429 701322477
t_num: 10 finish: 1473414436 930898060 start: 1473414434 151817391
t_num: 22 finish: 1473414437 372392320 start: 1473414432 543512756
t_num: 28 finish: 1473414437 374016184 start: 1473414435 29310992
t_num: 20 finish: 1473414437 583588661 start: 1473414435 608756179
t_num: 30 finish: 1473414438 117610922 start: 1473414430 533524947
t_num: 6 finish: 1473414438 439072934 start: 1473414436 192258658
t_num: 19 finish: 1473414438 487769012 start: 1473414434 199451593
t_num: 24 finish: 1473414438 681470745 start: 1473414436 440864160
t_num: 12 finish: 1473414438 681547456 start: 1473414436 865587142
t_num: 27 finish: 1473414438 692778136 start: 1473414435 609370145
t_num: 10 finish: 1473414438 891063263 start: 1473414436 930965584
t_num: 8 finish: 1473414439 181340870 start: 1473414434 483499058
t_num: 9 finish: 1473414439 747867988 start: 1473414436 168772770
t_num: 22 finish: 1473414441 73486634 start: 1473414438 503998661
t_num: 25 finish: 1473414441 114108457 start: 1473414435 29420275
t_num: 20 finish: 1473414441 202203385 start: 1473414437 583645072
t_num: 11 finish: 1473414441 283786846 start: 1473414436 232095817
t_num: 1 finish: 1473414441 283794698 start: 1473414438 487751201
t_num: 2 finish: 1473414441 283851906 start: 1473414436 796128408
t_num: 28 finish: 1473414441 349729554 start: 1473414437 374037882
t_num: 19 finish: 1473414441 349731591 start: 1473414438 808383302
t_num: 14 finish: 1473414441 668974819 start: 1473414439 756784564
t_num: 0 finish: 1473414441 949434211 start: 1473414437 33518309
t_num: 18 finish: 1473414441 994762693 start: 1473414436 769383743
t_num: 24 finish: 1473414442 700157947 start: 1473414438 681553157
t_num: 15 finish: 1473414443 758948428 start: 1473414438 225707354
t_num: 28 finish: 1473414443 972826745 start: 1473414441 349754689
t_num: 1 finish: 1473414444 124914707 start: 1473414441 283835948
t_num: 31 finish: 1473414444 317447311 start: 1473414440 933462896
t_num: 12 finish: 1473414444 402756643 start: 1473414440 933477995
t_num: 18 finish: 1473414444 787839118 start: 1473414442 800425062
t_num: 13 finish: 1473414445 75444986 start: 1473414440 994145522
t_num: 5 finish: 1473414445 75444986 start: 1473414439 850797290
t_num: 14 finish: 1473414445 191217549 start: 1473414442 700196165
t_num: 22 finish: 1473414445 191481885 start: 1473414441 554397908
t_num: 6 finish: 1473414445 409148209 start: 1473414442 622617432
t_num: 9 finish: 1473414445 409512784 start: 1473414439 747910517
t_num: 30 finish: 1473414445 512895517 start: 1473414440 936434891
t_num: 25 finish: 1473414446 89343739 start: 1473414441 114163625
t_num: 26 finish: 1473414446 253462310 start: 1473414440 935094398
t_num: 10 finish: 1473414446 253517534 start: 1473414440 993913880
t_num: 19 finish: 1473414446 254330169 start: 1473414441 472629944
t_num: 7 finish: 1473414447 245324680 start: 1473414443 892990623
t_num: 13 finish: 1473414447 278230519 start: 1473414445 75490759
t_num: 12 finish: 1473414447 743785291 start: 1473414444 402788066
t_num: 11 finish: 1473414448 73306049 start: 1473414445 408984593
t_num: 23 finish: 1473414448 97922695 start: 1473414442 789700632
t_num: 20 finish: 1473414448 255701365 start: 1473414444 124482285
t_num: 9 finish: 1473414448 685910401 start: 1473414445 409534529
t_num: 3 finish: 1473414448 905666290 start: 1473414445 75500773
t_num: 25 finish: 1473414449 499486990 start: 1473414446 852408703
t_num: 26 finish: 1473414449 642010151 start: 1473414447 743805593
t_num: 18 finish: 1473414449 642362972 start: 1473414445 191265974
t_num: 12 finish: 1473414449 873570682 start: 1473414447 743826103
t_num: 10 finish: 1473414449 873570682 start: 1473414446 253535996
t_num: 1 finish: 1473414449 975771343 start: 1473414444 124944830
t_num: 9 finish: 1473414450 518763602 start: 1473414448 685952658
t_num: 19 finish: 1473414450 547571638 start: 1473414446 254348028
t_num: 14 finish: 1473414451 615857659 start: 1473414448 893966132
t_num: 31 finish: 1473414452 60633215 start: 1473414446 253529323
t_num: 3 finish: 1473414452 173454752 start: 1473414448 905694957
t_num: 7 finish: 1473414452 281524029 start: 1473414447 245352457
t_num: 10 finish: 1473414453 688882024 start: 1473414449 873667853
t_num: 11 finish: 1473414453 850384019 start: 1473414448 73341459
t_num: 25 finish: 1473414454 731912238 start: 1473414449 499528698
t_num: 9 finish: 1473414454 732925308 start: 1473414452 136379923
t_num: 24 finish: 1473414454 732984113 start: 1473414448 893376531
t_num: 26 finish: 1473414455 109032730 start: 1473414449 642053724
t_num: 1 finish: 1473414455 139096357 start: 1473414449 975812015
t_num: 23 finish: 1473414455 466446621 start: 1473414452 85830752
t_num: 18 finish: 1473414455 734695613 start: 1473414449 642383306
t_num: 22 finish: 1473414455 734740748 start: 1473414452 201425234
t_num: 10 finish: 1473414456 505659256 start: 1473414454 697427272
t_num: 26 finish: 1473414456 505758329 start: 1473414455 109060360
t_num: 25 finish: 1473414456 743200520 start: 1473414454 731959171
t_num: 3 finish: 1473414456 799786698 start: 1473414452 173498643
t_num: 31 finish: 1473414457 99946363 start: 1473414453 850625556
t_num: 7 finish: 1473414457 100613743 start: 1473414452 281551738
t_num: 21 finish: 1473414457 221415845 start: 1473414455 469524617
t_num: 29 finish: 1473414457 401626607 start: 1473414451 125330583
t_num: 4 finish: 1473414457 756888875 start: 1473414454 733193509
t_num: 16 finish: 1473414457 964473957 start: 1473414455 858215686
t_num: 14 finish: 1473414458 284624599 start: 1473414453 850418775
t_num: 27 finish: 1473414458 284678777 start: 1473414454 732739570
t_num: 9 finish: 1473414458 913843840 start: 1473414455 734676024
t_num: 22 finish: 1473414459 585379340 start: 1473414455 734759072
t_num: 24 finish: 1473414459 638318586 start: 1473414454 733003000
t_num: 25 finish: 1473414459 726350109 start: 1473414456 743243437
t_num: 30 finish: 1473414459 918211090 start: 1473414455 734235538
t_num: 27 finish: 1473414460 64083855 start: 1473414458 284697533
t_num: 7 finish: 1473414460 167189600 start: 1473414457 100630660
t_num: 14 finish: 1473414460 522349347 start: 1473414458 284668652
t_num: 21 finish: 1473414460 679991260 start: 1473414457 221450050
t_num: 29 finish: 1473414461 174553980 start: 1473414458 994302855
t_num: 16 finish: 1473414461 199757998 start: 1473414457 964502052
t_num: 4 finish: 1473414461 693617702 start: 1473414458 993968674
t_num: 23 finish: 1473414461 822846500 start: 1473414458 520080317
t_num: 31 finish: 1473414461 869074270 start: 1473414457 829313168
t_num: 2 finish: 1473414461 929862078 start: 1473414459 581724744
t_num: 30 finish: 1473414461 929887576 start: 1473414459 918264227
t_num: 22 finish: 1473414462 16063917 start: 1473414459 585408368
t_num: 10 finish: 1473414462 446018355 start: 1473414456 505736662
t_num: 20 finish: 1473414462 639101184 start: 1473414459 726360046
t_num: 23 finish: 1473414462 750123114 start: 1473414461 822876680
t_num: 11 finish: 1473414462 750822152 start: 1473414459 172038803
t_num: 16 finish: 1473414463 834738079 start: 1473414461 199775444
t_num: 14 finish: 1473414463 924271766 start: 1473414460 522393304
t_num: 10 finish: 1473414463 987131415 start: 1473414462 446058619
t_num: 7 finish: 1473414464 772811876 start: 1473414460 167225961
t_num: 24 finish: 1473414464 775158139 start: 1473414461 695276540
t_num: 31 finish: 1473414464 793061179 start: 1473414461 869100735
t_num: 3 finish: 1473414465 13378631 start: 1473414462 639172077
t_num: 26 finish: 1473414465 54290446 start: 1473414459 51687736
t_num: 30 finish: 1473414465 164155540 start: 1473414461 929904608
t_num: 8 finish: 1473414465 546973363 start: 1473414461 922194578
t_num: 29 finish: 1473414466 432715245 start: 1473414461 174603544
t_num: 13 finish: 1473414466 543001617 start: 1473414462 785495578
t_num: 4 finish: 1473414466 890547134 start: 1473414463 565650632
t_num: 21 finish: 1473414467 454198680 start: 1473414462 99982750
t_num: 9 finish: 1473414467 528499773 start: 1473414462 749844991
t_num: 3 finish: 1473414468 237912936 start: 1473414465 13411458
t_num: 16 finish: 1473414468 238624970 start: 1473414465 546973898
t_num: 23 finish: 1473414468 376508298 start: 1473414462 991554779
t_num: 7 finish: 1473414468 377865730 start: 1473414464 772858229
t_num: 26 finish: 1473414468 799332110 start: 1473414465 54315975
t_num: 10 finish: 1473414468 981263790 start: 1473414463 987152594
t_num: 16 finish: 1473414469 639286106 start: 1473414468 238645834
t_num: 22 finish: 1473414470 199416197 start: 1473414466 430566124
t_num: 20 finish: 1473414470 844190061 start: 1473414465 630356173
t_num: 19 finish: 1473414471 126849283 start: 1473414468 708669399
t_num: 30 finish: 1473414471 126912591 start: 1473414466 58477233
t_num: 2 finish: 1473414471 126914646 start: 1473414466 433766632
t_num: 11 finish: 1473414471 325055489 start: 1473414465 164096646
t_num: 29 finish: 1473414471 325063387 start: 1473414466 432740577
t_num: 13 finish: 1473414471 914808350 start: 1473414466 543030524
t_num: 5 finish: 1473414471 915300202 start: 1473414470 239558768
t_num: 9 finish: 1473414472 60222111 start: 1473414467 528523865
t_num: 4 finish: 1473414472 60222098 start: 1473414467 844994992
t_num: 20 finish: 1473414472 971386981 start: 1473414472 457440711
t_num: 23 finish: 1473414472 971409998 start: 1473414471 588288936
t_num: 6 finish: 1473414473 333305423 start: 1473414467 521288957
t_num: 0 finish: 1473414473 614213922 start: 1473414472 60295284
t_num: 16 finish: 1473414473 627834796 start: 1473414469 639354616
t_num: 3 finish: 1473414473 628004475 start: 1473414470 80420117
t_num: 29 finish: 1473414474 112991497 start: 1473414472 590350338
t_num: 24 finish: 1473414475 93940606 start: 1473414467 144443346
t_num: 20 finish: 1473414475 219561215 start: 1473414472 971456439
t_num: 26 finish: 1473414475 219965559 start: 1473414471 915069010
t_num: 28 finish: 1473414475 219969404 start: 1473414472 879764065
t_num: 13 finish: 1473414475 220634255 start: 1473414471 914850598
t_num: 2 finish: 1473414475 220869244 start: 1473414472 879720612
t_num: 19 finish: 1473414475 491230232 start: 1473414472 758647957
t_num: 22 finish: 1473414476 67395523 start: 1473414470 199460503
t_num: 11 finish: 1473414477 366984567 start: 1473414473 614309483
t_num: 7 finish: 1473414477 366984718 start: 1473414471 914930281
t_num: 16 finish: 1473414478 312140424 start: 1473414475 94163362
t_num: 23 finish: 1473414478 312403521 start: 1473414472 971517539
t_num: 10 finish: 1473414478 548075954 start: 1473414474 998983480
t_num: 17 finish: 1473414478 591904866 start: 1473414473 850384123
t_num: 13 finish: 1473414478 862916966 start: 1473414475 220654725
t_num: 28 finish: 1473414478 880726197 start: 1473414477 187448669
t_num: 26 finish: 1473414479 240080645 start: 1473414476 722748452
t_num: 2 finish: 1473414479 620751758 start: 1473414476 662167751
t_num: 4 finish: 1473414479 666103164 start: 1473414475 55582890
t_num: 6 finish: 1473414481 323176918 start: 1473414476 88680024
t_num: 18 finish: 1473414481 323314705 start: 1473414476 67414901
t_num: 27 finish: 1473414481 468477766 start: 1473414475 219895615
t_num: 22 finish: 1473414482 3416830 start: 1473414476 314510164
t_num: 20 finish: 1473414482 17441753 start: 1473414479 666110116
t_num: 0 finish: 1473414482 110926654 start: 1473414476 382931656
t_num: 14 finish: 1473414482 647447590 start: 1473414478 921516411
t_num: 17 finish: 1473414482 749742259 start: 1473414478 591943305
t_num: 23 finish: 1473414483 70211345 start: 1473414478 312422319
t_num: 5 finish: 1473414483 410276034 start: 1473414480 539832559
t_num: 29 finish: 1473414483 505570424 start: 1473414478 342355584
t_num: 6 finish: 1473414484 277209285 start: 1473414481 323221043
t_num: 16 finish: 1473414484 277217198 start: 1473414478 312252655
t_num: 26 finish: 1473414484 434548378 start: 1473414479 240126071
t_num: 22 finish: 1473414484 691468548 start: 1473414482 3455231
t_num: 4 finish: 1473414485 129149872 start: 1473414479 666120923
t_num: 14 finish: 1473414485 129822466 start: 1473414482 647491449
t_num: 27 finish: 1473414485 129860183 start: 1473414481 468521149
t_num: 3 finish: 1473414485 362062628 start: 1473414478 229852053
t_num: 30 finish: 1473414485 558130279 start: 1473414480 540579691
t_num: 2 finish: 1473414486 364465395 start: 1473414479 620794722
t_num: 3 finish: 1473414487 920762674 start: 1473414485 362103731
t_num: 16 finish: 1473414487 977376182 start: 1473414484 277281826
t_num: 5 finish: 1473414488 1791802 start: 1473414483 410309200
t_num: 26 finish: 1473414489 253011744 start: 1473414485 613166365
t_num: 17 finish: 1473414489 253777445 start: 1473414485 292601477
t_num: 19 finish: 1473414489 268605792 start: 1473414486 95858816
t_num: 13 finish: 1473414489 727867874 start: 1473414480 827710485
t_num: 18 finish: 1473414490 84243545 start: 1473414484 434457654
t_num: 4 finish: 1473414490 421033451 start: 1473414485 129188679
t_num: 27 finish: 1473414490 421124479 start: 1473414486 999509869
t_num: 2 finish: 1473414490 421327743 start: 1473414486 364505101
t_num: 6 finish: 1473414490 531941572 start: 1473414484 277254287
t_num: 12 finish: 1473414490 715786024 start: 1473414488 621831417
t_num: 29 finish: 1473414490 748592424 start: 1473414485 292853903
t_num: 11 finish: 1473414491 393543263 start: 1473414482 374699890
t_num: 9 finish: 1473414491 393651548 start: 1473414487 841297048
t_num: 5 finish: 1473414491 394125090 start: 1473414488 1826238
t_num: 14 finish: 1473414491 394446851 start: 1473414487 125457757
t_num: 15 finish: 1473414491 453782391 start: 1473414486 737332277
t_num: 16 finish: 1473414492 178207620 start: 1473414487 977415202
t_num: 30 finish: 1473414492 234112477 start: 1473414485 558176113
t_num: 28 finish: 1473414492 239163691 start: 1473414487 665422342
t_num: 6 finish: 1473414494 228599612 start: 1473414490 531960787
t_num: 15 finish: 1473414494 356653560 start: 1473414491 677170532
t_num: 18 finish: 1473414494 644130185 start: 1473414490 84287614
t_num: 27 finish: 1473414494 667591639 start: 1473414490 421145354
t_num: 16 finish: 1473414494 667679523 start: 1473414492 178235653
t_num: 13 finish: 1473414494 667741551 start: 1473414491 910592307
t_num: 2 finish: 1473414495 655476172 start: 1473414491 454269138
t_num: 4 finish: 1473414496 112953973 start: 1473414490 421078455
t_num: 5 finish: 1473414496 230356067 start: 1473414491 394146111
t_num: 1 finish: 1473414496 230414180 start: 1473414489 312954316
t_num: 17 finish: 1473414496 541388339 start: 1473414492 596853507
t_num: 12 finish: 1473414496 798041819 start: 1473414490 715864263
t_num: 22 finish: 1473414496 798955719 start: 1473414492 596918361
t_num: 28 finish: 1473414496 799632004 start: 1473414492 239188485
t_num: 3 finish: 1473414497 395684635 start: 1473414489 269231907
t_num: 7 finish: 1473414498 184517946 start: 1473414491 454212347
t_num: 26 finish: 1473414498 372350005 start: 1473414490 660405581
t_num: 6 finish: 1473414498 498305767 start: 1473414494 228628804
t_num: 24 finish: 1473414499 519599426 start: 1473414494 667873450
t_num: 8 finish: 1473414499 519622838 start: 1473414490 530160655
t_num: 29 finish: 1473414499 519844532 start: 1473414492 584879647
t_num: 20 finish: 1473414499 520155054 start: 1473414495 860149548
t_num: 23 finish: 1473414499 520225662 start: 1473414495 230567646
t_num: 10 finish: 1473414499 520342170 start: 1473414496 797811149
t_num: 9 finish: 1473414499 521269852 start: 1473414496 498546537
t_num: 30 finish: 1473414500 385459043 start: 1473414493 369549601
t_num: 4 finish: 1473414500 628161079 start: 1473414496 112997351
t_num: 16 finish: 1473414501 111231937 start: 1473414494 667699716
t_num: 13 finish: 1473414501 278930662 start: 1473414494 667762671
t_num: 27 finish: 1473414501 411870057 start: 1473414495 795029284
t_num: 18 finish: 1473414501 509162923 start: 1473414497 557885318
t_num: 4 finish: 1473414501 509163849 start: 1473414500 628203817
t_num: 17 finish: 1473414502 40697408 start: 1473414498 862633379
t_num: 6 finish: 1473414502 221524238 start: 1473414498 498331405
t_num: 26 finish: 1473414502 221557164 start: 1473414498 372381950
t_num: 29 finish: 1473414502 221525681 start: 1473414499 519863903
t_num: 28 finish: 1473414502 869099920 start: 1473414497 897243787
t_num: 5 finish: 1473414503 2759129 start: 1473414497 213000424
t_num: 12 finish: 1473414503 3041225 start: 1473414496 798070105
t_num: 3 finish: 1473414503 120434444 start: 1473414500 261752201
t_num: 8 finish: 1473414503 429264384 start: 1473414499 519777956
t_num: 31 finish: 1473414504 75418018 start: 1473414498 451021811
t_num: 24 finish: 1473414504 604044543 start: 1473414499 519646338
t_num: 6 finish: 1473414505 738670149 start: 1473414502 221572238
t_num: 9 finish: 1473414505 739345087 start: 1473414501 857037568
t_num: 4 finish: 1473414505 834334009 start: 1473414503 626714329
t_num: 27 finish: 1473414506 523631473 start: 1473414502 41302747
t_num: 5 finish: 1473414506 524221162 start: 1473414503 2794483
t_num: 30 finish: 1473414506 708700345 start: 1473414500 385494473
t_num: 28 finish: 1473414506 709527746 start: 1473414502 869159339
t_num: 15 finish: 1473414506 751742934 start: 1473414501 279772949
t_num: 16 finish: 1473414507 253976317 start: 1473414503 942537977
t_num: 26 finish: 1473414507 396747209 start: 1473414502 221602046
t_num: 22 finish: 1473414507 397266072 start: 1473414504 709547362
t_num: 19 finish: 1473414507 397492216 start: 1473414505 484488262
t_num: 25 finish: 1473414507 525291336 start: 1473414501 279527937
t_num: 24 finish: 1473414507 640802469 start: 1473414504 604103862
t_num: 12 finish: 1473414507 738873307 start: 1473414504 75398816
t_num: 3 finish: 1473414508 249901603 start: 1473414503 120464605
t_num: 21 finish: 1473414508 657068639 start: 1473414505 699388404
t_num: 18 finish: 1473414509 576963310 start: 1473414504 983251092
t_num: 9 finish: 1473414509 851865513 start: 1473414506 18522673
t_num: 20 finish: 1473414511 609375353 start: 1473414504 240703396
t_num: 15 finish: 1473414511 944348828 start: 1473414507 202861780
t_num: 5 finish: 1473414512 210193594 start: 1473414508 554340830
t_num: 0 finish: 1473414512 648355261 start: 1473414507 397208369
t_num: 4 finish: 1473414512 740978529 start: 1473414505 834365822
t_num: 31 finish: 1473414512 741240097 start: 1473414505 698748548
t_num: 22 finish: 1473414512 741258703 start: 1473414507 397285782
t_num: 30 finish: 1473414512 832366686 start: 1473414507 209841048
t_num: 6 finish: 1473414513 219936254 start: 1473414506 522460660
t_num: 24 finish: 1473414513 220702035 start: 1473414507 640845682
t_num: 12 finish: 1473414513 220997265 start: 1473414507 738909659
t_num: 27 finish: 1473414513 990880780 start: 1473414506 523660211
t_num: 10 finish: 1473414514 18173392 start: 1473414510 10224644
t_num: 29 finish: 1473414514 524235090 start: 1473414509 557882425
t_num: 14 finish: 1473414514 783151512 start: 1473414509 557613836
t_num: 3 finish: 1473414514 783169101 start: 1473414508 249940612
t_num: 5 finish: 1473414516 267453895 start: 1473414512 210237906
t_num: 26 finish: 1473414516 347178729 start: 1473414511 580300617
t_num: 15 finish: 1473414516 347178727 start: 1473414511 944377232
t_num: 29 finish: 1473414516 608813123 start: 1473414514 524261970
t_num: 10 finish: 1473414517 103869657 start: 1473414514 18197361
t_num: 20 finish: 1473414517 107682627 start: 1473414512 574019221
t_num: 4 finish: 1473414517 241240108 start: 1473414512 741002550
t_num: 3 finish: 1473414518 97320996 start: 1473414514 783206792
t_num: 1 finish: 1473414518 104149503 start: 1473414514 517014341
t_num: 23 finish: 1473414518 180162356 start: 1473414514 674008200
t_num: 24 finish: 1473414518 299643543 start: 1473414514 28056590
t_num: 12 finish: 1473414518 447676360 start: 1473414515 750107240
t_num: 20 finish: 1473414518 548332346 start: 1473414517 107700993
t_num: 11 finish: 1473414518 548346235 start: 1473414516 204403959
t_num: 18 finish: 1473414519 617489378 start: 1473414512 740997688
t_num: 31 finish: 1473414519 632853532 start: 1473414514 523155082
t_num: 28 finish: 1473414519 677434775 start: 1473414515 658558631
t_num: 6 finish: 1473414520 220224360 start: 1473414513 219970509
t_num: 26 finish: 1473414520 220425018 start: 1473414516 347223744
t_num: 4 finish: 1473414520 221247513 start: 1473414517 241282568
t_num: 29 finish: 1473414520 221488486 start: 1473414516 608866694
t_num: 1 finish: 1473414520 222195602 start: 1473414518 104170483
t_num: 0 finish: 1473414520 222263671 start: 1473414514 523488091
t_num: 11 finish: 1473414520 274870740 start: 1473414518 548395673
t_num: 3 finish: 1473414520 274946160 start: 1473414518 97366653
t_num: 15 finish: 1473414520 911557538 start: 1473414517 802291717
t_num: 7 finish: 1473414520 911569316 start: 1473414516 147368455
t_num: 27 finish: 1473414520 911940346 start: 1473414517 60245117
t_num: 8 finish: 1473414523 274613330 start: 1473414516 506628398
t_num: 5 finish: 1473414523 275587246 start: 1473414519 655524661
t_num: 28 finish: 1473414523 584937752 start: 1473414519 677457802
t_num: 21 finish: 1473414523 993508220 start: 1473414518 548423586
t_num: 26 finish: 1473414524 86105001 start: 1473414520 997994898
t_num: 12 finish: 1473414524 664717109 start: 1473414518 447722817
t_num: 24 finish: 1473414525 243766424 start: 1473414520 221333275
t_num: 29 finish: 1473414525 899112704 start: 1473414520 221507613
t_num: 18 finish: 1473414526 2831267 start: 1473414522 694043799
t_num: 1 finish: 1473414526 415374917 start: 1473414520 222216137
t_num: 11 finish: 1473414526 756000770 start: 1473414523 277294805
t_num: 7 finish: 1473414526 949230445 start: 1473414520 911652616
t_num: 15 finish: 1473414526 950087504 start: 1473414520 911627595
t_num: 0 finish: 1473414527 55683892 start: 1473414520 222280157
t_num: 20 finish: 1473414527 55739052 start: 1473414521 677828598
t_num: 17 finish: 1473414527 55819131 start: 1473414521 677800924
t_num: 21 finish: 1473414527 56685392 start: 1473414523 993551161
t_num: 27 finish: 1473414527 192437252 start: 1473414523 275565421
t_num: 19 finish: 1473414527 735873902 start: 1473414526 27443140
t_num: 12 finish: 1473414527 735931383 start: 1473414524 664787071
t_num: 26 finish: 1473414528 101411919 start: 1473414524 768890221
t_num: 13 finish: 1473414528 485122203 start: 1473414523 275395211
t_num: 18 finish: 1473414528 770711522 start: 1473414526 2881519
t_num: 24 finish: 1473414529 649735536 start: 1473414527 55300288
t_num: 20 finish: 1473414529 650005760 start: 1473414527 55782444
t_num: 15 finish: 1473414529 722849798 start: 1473414526 950107733
t_num: 28 finish: 1473414530 139657826 start: 1473414524 768834940
t_num: 5 finish: 1473414530 246347118 start: 1473414524 768637091
t_num: 1 finish: 1473414530 382254628 start: 1473414527 55306120
t_num: 19 finish: 1473414530 528627514 start: 1473414527 735917923
t_num: 30 finish: 1473414531 424289785 start: 1473414526 937790255
t_num: 12 finish: 1473414532 680679192 start: 1473414527 735950117
t_num: 27 finish: 1473414532 701502011 start: 1473414527 192500530
t_num: 24 finish: 1473414532 701979111 start: 1473414529 650062980
t_num: 18 finish: 1473414533 87813355 start: 1473414529 723358163
t_num: 5 finish: 1473414533 236687177 start: 1473414530 246393250
t_num: 21 finish: 1473414533 325711640 start: 1473414527 322725702
t_num: 28 finish: 1473414533 468857235 start: 1473414531 922486184
t_num: 22 finish: 1473414533 506353566 start: 1473414531 616945972
t_num: 1 finish: 1473414534 425149947 start: 1473414530 382289279
t_num: 11 finish: 1473414534 425539525 start: 1473414526 756039029
t_num: 3 finish: 1473414534 425791088 start: 1473414529 649768045
t_num: 17 finish: 1473414534 425846375 start: 1473414529 364360436
t_num: 12 finish: 1473414534 676148879 start: 1473414532 680722161
t_num: 27 finish: 1473414534 727127547 start: 1473414532 701536220
t_num: 7 finish: 1473414534 940179242 start: 1473414531 424274669
t_num: 9 finish: 1473414535 175154625 start: 1473414531 369186977
t_num: 15 finish: 1473414535 805743794 start: 1473414529 722923472
t_num: 10 finish: 1473414535 806925693 start: 1473414531 602208970
t_num: 19 finish: 1473414536 254067209 start: 1473414530 528656224
t_num: 14 finish: 1473414536 273208940 start: 1473414530 902973155
t_num: 5 finish: 1473414538 50951720 start: 1473414533 236750580
t_num: 31 finish: 1473414538 191009648 start: 1473414532 702210039
t_num: 24 finish: 1473414538 252755713 start: 1473414532 701998366
t_num: 30 finish: 1473414538 509417447 start: 1473414532 701859580
t_num: 12 finish: 1473414539 337810862 start: 1473414534 676186996
t_num: 19 finish: 1473414539 611594920 start: 1473414536 254109207
t_num: 17 finish: 1473414540 107185918 start: 1473414535 805306493
t_num: 21 finish: 1473414540 211935287 start: 1473414535 130479618
t_num: 15 finish: 1473414540 254803304 start: 1473414535 805771992
t_num: 4 finish: 1473414540 255100405 start: 1473414536 777244953
t_num: 20 finish: 1473414541 270060480 start: 1473414535 81433281
t_num: 10 finish: 1473414541 270169597 start: 1473414535 806944368
t_num: 5 finish: 1473414541 439254887 start: 1473414538 50996652
t_num: 28 finish: 1473414541 527891164 start: 1473414535 806758662
t_num: 9 finish: 1473414541 984451412 start: 1473414537 274277094
t_num: 11 finish: 1473414541 984458228 start: 1473414534 425561345
t_num: 27 finish: 1473414542 77348947 start: 1473414538 111946595
t_num: 2 finish: 1473414542 933815321 start: 1473414538 191105596
t_num: 24 finish: 1473414543 246970227 start: 1473414538 252776335
t_num: 3 finish: 1473414543 332999837 start: 1473414536 113598666
t_num: 30 finish: 1473414544 44118450 start: 1473414538 509446489
t_num: 31 finish: 1473414544 289839491 start: 1473414540 212032023
t_num: 28 finish: 1473414544 359684525 start: 1473414541 527929801
t_num: 26 finish: 1473414544 384961685 start: 1473414540 48622942
t_num: 10 finish: 1473414544 791207053 start: 1473414541 270222173
t_num: 15 finish: 1473414544 848065613 start: 1473414541 205062623
t_num: 29 finish: 1473414545 952283208 start: 1473414542 77432899
t_num: 21 finish: 1473414545 994469864 start: 1473414540 211979783
t_num: 5 finish: 1473414546 744318640 start: 1473414541 439302024
t_num: 24 finish: 1473414546 786962192 start: 1473414543 247006549
t_num: 23 finish: 1473414547 481746782 start: 1473414540 598790497
t_num: 13 finish: 1473414547 594382831 start: 1473414543 332616613
t_num: 12 finish: 1473414547 594496734 start: 1473414541 985263946
t_num: 10 finish: 1473414547 595025503 start: 1473414545 950166172
t_num: 11 finish: 1473414547 639892616 start: 1473414544 750940739
t_num: 30 finish: 1473414547 639917850 start: 1473414544 44161671
t_num: 27 finish: 1473414549 48721961 start: 1473414543 259338645
t_num: 25 finish: 1473414549 48736414 start: 1473414545 423267160
t_num: 19 finish: 1473414549 48850943 start: 1473414543 423197565
t_num: 22 finish: 1473414549 78417057 start: 1473414544 44218531
t_num: 8 finish: 1473414549 860643409 start: 1473414546 481509725
t_num: 15 finish: 1473414550 227188587 start: 1473414547 595039957
t_num: 4 finish: 1473414550 227188582 start: 1473414544 115663896
t_num: 31 finish: 1473414550 825416721 start: 1473414544 289882581
t_num: 29 finish: 1473414550 825495466 start: 1473414545 952313111
t_num: 21 finish: 1473414552 320143451 start: 1473414548 317413922
t_num: 26 finish: 1473414552 320179535 start: 1473414547 594428111
t_num: 0 finish: 1473414552 451541184 start: 1473414547 595185381
t_num: 13 finish: 1473414552 451544940 start: 1473414547 594534842
t_num: 25 finish: 1473414552 451629801 start: 1473414549 659619470
t_num: 4 finish: 1473414552 658965544 start: 1473414550 227283539
t_num: 28 finish: 1473414552 762857174 start: 1473414547 594882477
t_num: 5 finish: 1473414553 255820065 start: 1473414547 595214173
t_num: 22 finish: 1473414553 256077290 start: 1473414549 78438147
t_num: 12 finish: 1473414553 372897189 start: 1473414547 594514576
t_num: 6 finish: 1473414553 372951194 start: 1473414549 730916692
t_num: 24 finish: 1473414555 823132412 start: 1473414548 250832155
t_num: 15 finish: 1473414555 823175805 start: 1473414552 451694960
t_num: 10 finish: 1473414555 823602795 start: 1473414550 700221856
t_num: 14 finish: 1473414555 823663350 start: 1473414550 825393004
t_num: 19 finish: 1473414555 823751187 start: 1473414549 382618025
t_num: 2 finish: 1473414555 823870887 start: 1473414552 795091492
t_num: 13 finish: 1473414555 824227848 start: 1473414552 451594517
t_num: 8 finish: 1473414555 824970620 start: 1473414551 750367849
t_num: 4 finish: 1473414555 825086908 start: 1473414554 258161690
t_num: 31 finish: 1473414556 265447525 start: 1473414550 825444701
t_num: 26 finish: 1473414556 984036759 start: 1473414554 191141060
t_num: 7 finish: 1473414557 848371613 start: 1473414553 800282634
t_num: 29 finish: 1473414557 849151552 start: 1473414553 255873717
t_num: 15 finish: 1473414557 850130500 start: 1473414555 823193762
t_num: 25 finish: 1473414558 6199561 start: 1473414553 116938366
t_num: 28 finish: 1473414558 528172064 start: 1473414552 762899671
t_num: 22 finish: 1473414558 734133541 start: 1473414555 823490695
t_num: 2 finish: 1473414558 734188605 start: 1473414555 823890141
t_num: 16 finish: 1473414559 374651028 start: 1473414555 810196520
t_num: 17 finish: 1473414559 375493514 start: 1473414556 854404187
t_num: 14 finish: 1473414559 533849507 start: 1473414555 823680600
t_num: 24 finish: 1473414560 11754722 start: 1473414555 823166981
t_num: 5 finish: 1473414560 727720531 start: 1473414555 823430116
t_num: 31 finish: 1473414560 733963270 start: 1473414556 983856299
t_num: 9 finish: 1473414560 795195773 start: 1473414558 528092865
t_num: 1 finish: 1473414560 904253693 start: 1473414555 823555212
t_num: 4 finish: 1473414560 930975257 start: 1473414555 825107491
t_num: 2 finish: 1473414561 663908987 start: 1473414558 734202155
t_num: 10 finish: 1473414561 968080400 start: 1473414556 983848577
t_num: 15 finish: 1473414562 57949525 start: 1473414557 850149647
t_num: 17 finish: 1473414562 307507756 start: 1473414559 375510917
t_num: 30 finish: 1473414562 952615944 start: 1473414559 429893978
t_num: 25 finish: 1473414562 953298353 start: 1473414558 6232996
t_num: 20 finish: 1473414563 344503495 start: 1473414559 375494529
t_num: 27 finish: 1473414563 392241441 start: 1473414558 410591871
t_num: 7 finish: 1473414563 547346441 start: 1473414558 485840082
t_num: 14 finish: 1473414563 827795362 start: 1473414559 533883912
t_num: 18 finish: 1473414563 827810806 start: 1473414555 824310209
t_num: 3 finish: 1473414563 894906212 start: 1473414560 782149099
t_num: 16 finish: 1473414564 135237490 start: 1473414560 147701423
t_num: 24 finish: 1473414564 255575971 start: 1473414560 11881462
t_num: 11 finish: 1473414564 255643299 start: 1473414561 581121921
t_num: 22 finish: 1473414564 357815333 start: 1473414560 11789180
t_num: 1 finish: 1473414564 672191202 start: 1473414560 904286176
t_num: 5 finish: 1473414564 890462332 start: 1473414561 465355257
t_num: 31 finish: 1473414564 921717061 start: 1473414560 795268627
t_num: 28 finish: 1473414565 204981542 start: 1473414559 938199541
t_num: 10 finish: 1473414566 809708733 start: 1473414563 221985429
t_num: 4 finish: 1473414566 865184134 start: 1473414563 895150965
t_num: 18 finish: 1473414566 961803760 start: 1473414563 827848534
t_num: 17 finish: 1473414567 767386010 start: 1473414562 307551896
t_num: 20 finish: 1473414568 33422495 start: 1473414563 894993722
t_num: 6 finish: 1473414568 110964311 start: 1473414563 824883519
t_num: 5 finish: 1473414568 110963995 start: 1473414564 890490993
t_num: 2 finish: 1473414568 263590473 start: 1473414564 12433061
t_num: 15 finish: 1473414568 263612064 start: 1473414562 890424803
t_num: 27 finish: 1473414568 263624842 start: 1473414563 392283471
t_num: 16 finish: 1473414569 44385708 start: 1473414564 135274593
t_num: 0 finish: 1473414569 162008461 start: 1473414564 821296521
t_num: 22 finish: 1473414569 456317858 start: 1473414564 357850657
t_num: 25 finish: 1473414570 264504737 start: 1473414564 747823785
t_num: 21 finish: 1473414570 370678844 start: 1473414568 952228913
t_num: 11 finish: 1473414570 561040397 start: 1473414564 934740367
t_num: 23 finish: 1473414570 994542466 start: 1473414564 938825612
t_num: 31 finish: 1473414571 315653997 start: 1473414566 865182154
t_num: 28 finish: 1473414571 683846838 start: 1473414566 865552977
t_num: 13 finish: 1473414572 39443414 start: 1473414565 774325581
t_num: 7 finish: 1473414572 403203788 start: 1473414567 380883344
t_num: 1 finish: 1473414572 541011232 start: 1473414567 723179851
t_num: 2 finish: 1473414572 620884252 start: 1473414568 263634797
t_num: 0 finish: 1473414572 684610560 start: 1473414569 162033352
t_num: 16 finish: 1473414573 711858864 start: 1473414569 44421473
t_num: 5 finish: 1473414574 140676676 start: 1473414568 111031095
t_num: 4 finish: 1473414574 141500490 start: 1473414568 960697922
t_num: 31 finish: 1473414574 234644869 start: 1473414572 262353211
t_num: 27 finish: 1473414574 235455244 start: 1473414570 412754443
t_num: 25 finish: 1473414574 235689473 start: 1473414570 264539056
t_num: 10 finish: 1473414574 962809711 start: 1473414568 306998381
t_num: 6 finish: 1473414575 52197111 start: 1473414570 439082788
t_num: 12 finish: 1473414575 52246122 start: 1473414571 322477721
t_num: 13 finish: 1473414575 52971200 start: 1473414572 39491983
t_num: 21 finish: 1473414575 53089392 start: 1473414572 363840564
t_num: 1 finish: 1473414575 160207829 start: 1473414572 541040286
t_num: 16 finish: 1473414576 553049080 start: 1473414573 711893021
t_num: 28 finish: 1473414576 553103838 start: 1473414572 432952234
t_num: 27 finish: 1473414577 387603278 start: 1473414574 235476323
t_num: 5 finish: 1473414577 387612630 start: 1473414574 140703532
t_num: 21 finish: 1473414577 387699630 start: 1473414575 53108178
t_num: 26 finish: 1473414577 387887798 start: 1473414575 54207030
t_num: 20 finish: 1473414577 902061395 start: 1473414571 51631420
t_num: 8 finish: 1473414577 985594844 start: 1473414572 992179455
t_num: 2 finish: 1473414578 797103245 start: 1473414572 620921983
t_num: 10 finish: 1473414578 902306674 start: 1473414575 160155648
t_num: 29 finish: 1473414578 948476368 start: 1473414576 204762928
t_num: 11 finish: 1473414579 63055591 start: 1473414576 780616971
t_num: 6 finish: 1473414579 112265489 start: 1473414575 52230008
t_num: 22 finish: 1473414580 570115651 start: 1473414575 52921198
t_num: 25 finish: 1473414580 728778100 start: 1473414577 238420720
t_num: 31 finish: 1473414580 893640487 start: 1473414576 535923429
t_num: 1 finish: 1473414580 973934314 start: 1473414575 160233737
t_num: 27 finish: 1473414581 306122866 start: 1473414577 387647004
t_num: 21 finish: 1473414581 458273595 start: 1473414578 796697533
t_num: 29 finish: 1473414581 458396043 start: 1473414578 948494569
t_num: 0 finish: 1473414581 836178521 start: 1473414577 238441387
t_num: 28 finish: 1473414581 836230326 start: 1473414576 553124015
t_num: 2 finish: 1473414581 836388840 start: 1473414578 797129407
t_num: 8 finish: 1473414581 905005750 start: 1473414577 985637430
t_num: 26 finish: 1473414581 905427610 start: 1473414578 994337191
t_num: 20 finish: 1473414582 131511444 start: 1473414577 902243087
t_num: 6 finish: 1473414582 461477045 start: 1473414579 112309335
t_num: 19 finish: 1473414583 188914754 start: 1473414578 796726247
t_num: 5 finish: 1473414583 328997612 start: 1473414579 642391868
t_num: 1 finish: 1473414583 329313595 start: 1473414580 973957355
t_num: 21 finish: 1473414583 479738988 start: 1473414581 458333989
t_num: 10 finish: 1473414584 349069329 start: 1473414580 375720669
t_num: 16 finish: 1473414585 162261583 start: 1473414580 893520380
t_num: 11 finish: 1473414585 162306031 start: 1473414580 893482520
t_num: 8 finish: 1473414585 162680607 start: 1473414581 905028189
t_num: 29 finish: 1473414585 567984611 start: 1473414581 458435046
t_num: 21 finish: 1473414585 568055962 start: 1473414583 479785208
t_num: 22 finish: 1473414586 59755990 start: 1473414581 904756813
t_num: 20 finish: 1473414586 113042969 start: 1473414582 131536313
t_num: 28 finish: 1473414586 417182280 start: 1473414581 836245123
t_num: 6 finish: 1473414586 431955524 start: 1473414582 461514381
t_num: 10 finish: 1473414587 803310780 start: 1473414584 349107221
t_num: 11 finish: 1473414587 833734868 start: 1473414585 162319199
t_num: 27 finish: 1473414588 325876004 start: 1473414583 329027223
t_num: 5 finish: 1473414588 327666740 start: 1473414583 329087751
t_num: 2 finish: 1473414588 382877413 start: 1473414585 162234801
t_num: 15 finish: 1473414589 393600597 start: 1473414585 143689904
t_num: 29 finish: 1473414589 787290936 start: 1473414585 568074497
t_num: 9 finish: 1473414589 879742918 start: 1473414585 162262232
t_num: 5 finish: 1473414589 982126493 start: 1473414588 327700512
t_num: 6 finish: 1473414590 41939498 start: 1473414586 431980262
t_num: 19 finish: 1473414590 221399517 start: 1473414585 568007719
t_num: 0 finish: 1473414590 232926107 start: 1473414581 836239126
t_num: 22 finish: 1473414590 601120658 start: 1473414586 59839765
t_num: 16 finish: 1473414590 673912355 start: 1473414585 162286687
t_num: 21 finish: 1473414590 999641645 start: 1473414585 568241630
t_num: 28 finish: 1473414592 76128734 start: 1473414588 21989190
t_num: 8 finish: 1473414592 77147047 start: 1473414587 961415122
t_num: 4 finish: 1473414592 411821556 start: 1473414589 497518729
t_num: 19 finish: 1473414592 412986892 start: 1473414590 221442089
t_num: 18 finish: 1473414592 758332795 start: 1473414589 497393385
t_num: 1 finish: 1473414593 70831018 start: 1473414588 465891392
t_num: 11 finish: 1473414593 97418908 start: 1473414587 833757304
t_num: 9 finish: 1473414593 764652699 start: 1473414591 643636921
t_num: 6 finish: 1473414593 835138896 start: 1473414592 131002614
t_num: 23 finish: 1473414594 195810434 start: 1473414591 679338114
t_num: 0 finish: 1473414594 519038779 start: 1473414591 740374239
t_num: 24 finish: 1473414594 722484903 start: 1473414588 466097280
t_num: 21 finish: 1473414594 874197276 start: 1473414590 999686147
t_num: 5 finish: 1473414594 960298156 start: 1473414591 740383831
t_num: 10 finish: 1473414594 960445612 start: 1473414592 758321903
t_num: 22 finish: 1473414595 37833931 start: 1473414592 40232528
t_num: 2 finish: 1473414595 37854728 start: 1473414590 673894082
t_num: 3 finish: 1473414595 365988075 start: 1473414590 101228454
t_num: 14 finish: 1473414595 369307817 start: 1473414593 448769233
t_num: 12 finish: 1473414595 916963935 start: 1473414594 512055263
t_num: 16 finish: 1473414596 481715898 start: 1473414592 359250960
t_num: 29 finish: 1473414596 790228773 start: 1473414593 728130935
t_num: 9 finish: 1473414597 124688439 start: 1473414593 764695283
t_num: 5 finish: 1473414597 147295257 start: 1473414594 960340676
t_num: 3 finish: 1473414599 61786105 start: 1473414595 366026071
t_num: 1 finish: 1473414599 444654265 start: 1473414595 691323614
t_num: 28 finish: 1473414599 445356159 start: 1473414594 627689875
t_num: 23 finish: 1473414600 159556838 start: 1473414596 791997807
t_num: 11 finish: 1473414600 159737899 start: 1473414594 722551754
t_num: 3 finish: 1473414600 779224531 start: 1473414599 61826032
t_num: 29 finish: 1473414600 851084510 start: 1473414598 622383414
t_num: 10 finish: 1473414600 879507528 start: 1473414597 972175472
t_num: 16 finish: 1473414600 978045257 start: 1473414596 481750127
t_num: 21 finish: 1473414601 13181955 start: 1473414594 874241570
t_num: 4 finish: 1473414601 13234084 start: 1473414593 967521683
t_num: 14 finish: 1473414601 13256323 start: 1473414595 369332405
t_num: 19 finish: 1473414602 121229390 start: 1473414597 905483479
t_num: 9 finish: 1473414602 121229382 start: 1473414597 124731301
t_num: 5 finish: 1473414602 835815332 start: 1473414599 344284557
t_num: 13 finish: 1473414602 876721694 start: 1473414599 344077870
t_num: 31 finish: 1473414603 336474090 start: 1473414598 417631404
t_num: 29 finish: 1473414603 466579354 start: 1473414600 851107213
t_num: 28 finish: 1473414603 466589789 start: 1473414599 445373789
t_num: 23 finish: 1473414603 648132894 start: 1473414600 159581248
t_num: 12 finish: 1473414603 957550121 start: 1473414598 976309576
t_num: 22 finish: 1473414604 235584903 start: 1473414597 125494531
t_num: 20 finish: 1473414604 320938515 start: 1473414599 61765333
t_num: 21 finish: 1473414604 464689813 start: 1473414601 13213476
t_num: 30 finish: 1473414604 651043540 start: 1473414601 867112758
t_num: 14 finish: 1473414604 962101272 start: 1473414602 470054832
t_num: 6 finish: 1473414605 449930968 start: 1473414599 344114702
t_num: 3 finish: 1473414605 450344236 start: 1473414603 58948308
t_num: 10 finish: 1473414605 857328477 start: 1473414603 58927587
t_num: 5 finish: 1473414605 857406027 start: 1473414602 835853063
t_num: 1 finish: 1473414606 135909793 start: 1473414600 618620957
t_num: 4 finish: 1473414607 78912690 start: 1473414601 13253811
t_num: 27 finish: 1473414607 680365689 start: 1473414601 943418673
t_num: 19 finish: 1473414608 273178831 start: 1473414603 986865485
t_num: 12 finish: 1473414608 275357502 start: 1473414603 957608714
t_num: 7 finish: 1473414608 359406734 start: 1473414605 373713849
t_num: 13 finish: 1473414610 65068470 start: 1473414604 489711810
t_num: 23 finish: 1473414610 66936280 start: 1473414604 191831735
t_num: 28 finish: 1473414610 66997404 start: 1473414603 466639560
t_num: 26 finish: 1473414610 68196570 start: 1473414602 67264503
t_num: 9 finish: 1473414610 174349289 start: 1473414605 373431944
t_num: 5 finish: 1473414610 433973688 start: 1473414605 857424118
t_num: 10 finish: 1473414610 569129540 start: 1473414607 79325626
t_num: 19 finish: 1473414611 212209063 start: 1473414608 273223376
t_num: 24 finish: 1473414611 273512669 start: 1473414605 373606553
t_num: 21 finish: 1473414611 273532690 start: 1473414605 373937385
t_num: 20 finish: 1473414611 273577836 start: 1473414606 135978285
t_num: 3 finish: 1473414611 822366611 start: 1473414605 450381766
t_num: 18 finish: 1473414611 941907211 start: 1473414601 943448618
t_num: 28 finish: 1473414611 944080867 start: 1473414610 67011801
t_num: 14 finish: 1473414612 65393433 start: 1473414604 962132497
t_num: 0 finish: 1473414613 206777170 start: 1473414610 69875266
t_num: 1 finish: 1473414613 218099232 start: 1473414608 254948318
t_num: 4 finish: 1473414613 525913106 start: 1473414607 672368811
t_num: 25 finish: 1473414613 755691952 start: 1473414610 69261365
t_num: 24 finish: 1473414614 47446665 start: 1473414611 273557324
t_num: 7 finish: 1473414614 48629250 start: 1473414608 359434949
t_num: 12 finish: 1473414614 59423624 start: 1473414608 275379123
t_num: 28 finish: 1473414614 143549041 start: 1473414611 944096293
t_num: 8 finish: 1473414615 211950033 start: 1473414609 709793757
t_num: 23 finish: 1473414615 262433719 start: 1473414611 146793254
t_num: 10 finish: 1473414615 411790847 start: 1473414611 943478592
t_num: 5 finish: 1473414615 791894529 start: 1473414610 434016909
t_num: 9 finish: 1473414616 641917805 start: 1473414611 273616337
t_num: 2 finish: 1473414617 174822152 start: 1473414612 914309614
t_num: 30 finish: 1473414617 242784859 start: 1473414607 78861733
t_num: 17 finish: 1473414617 631881254 start: 1473414614 217261774
t_num: 7 finish: 1473414617 692931176 start: 1473414614 48646779
t_num: 14 finish: 1473414618 101592824 start: 1473414613 49001754
t_num: 13 finish: 1473414618 525745880 start: 1473414610 65112257
t_num: 4 finish: 1473414618 592103213 start: 1473414613 973023340
t_num: 10 finish: 1473414619 134128589 start: 1473414615 411843701
t_num: 1 finish: 1473414619 238579104 start: 1473414613 218126408
t_num: 12 finish: 1473414619 558997482 start: 1473414614 59440709
t_num: 15 finish: 1473414619 812727087 start: 1473414612 793411021
t_num: 28 finish: 1473414620 715695901 start: 1473414614 337510327
t_num: 2 finish: 1473414621 380087112 start: 1473414617 174881132
t_num: 5 finish: 1473414621 381418406 start: 1473414617 432228355
t_num: 7 finish: 1473414621 463844475 start: 1473414617 692975419
t_num: 19 finish: 1473414622 42327966 start: 1473414617 102644474
t_num: 25 finish: 1473414622 532281502 start: 1473414615 280834326
t_num: 24 finish: 1473414622 532338111 start: 1473414618 398566853
t_num: 17 finish: 1473414622 676232412 start: 1473414617 631925424
t_num: 14 finish: 1473414622 676234236 start: 1473414618 101627526
t_num: 1 finish: 1473414622 688599826 start: 1473414619 238623630
t_num: 21 finish: 1473414623 357593385 start: 1473414618 24443319
t_num: 20 finish: 1473414623 568676024 start: 1473414619 558373150
t_num: 30 finish: 1473414624 319204312 start: 1473414617 242847103
t_num: 12 finish: 1473414624 752744315 start: 1473414620 715731609
t_num: 5 finish: 1473414624 752842222 start: 1473414621 381454119
t_num: 13 finish: 1473414624 752876015 start: 1473414618 525781747
t_num: 6 finish: 1473414624 933798730 start: 1473414621 764100459
t_num: 29 finish: 1473414625 374885065 start: 1473414622 41944889
t_num: 1 finish: 1473414625 441129292 start: 1473414622 688633167
t_num: 4 finish: 1473414625 742305818 start: 1473414621 379280122
t_num: 9 finish: 1473414625 777199128 start: 1473414620 493782374
t_num: 15 finish: 1473414626 652893047 start: 1473414620 494417496
t_num: 14 finish: 1473414626 652915613 start: 1473414623 568277944
t_num: 25 finish: 1473414626 653127426 start: 1473414622 532328095
t_num: 11 finish: 1473414626 653881380 start: 1473414622 42393379
t_num: 20 finish: 1473414626 654439178 start: 1473414623 568702185
t_num: 10 finish: 1473414626 761190769 start: 1473414624 319358571
t_num: 8 finish: 1473414627 47590325 start: 1473414620 715763401
t_num: 28 finish: 1473414627 134241543 start: 1473414620 715782487
t_num: 7 finish: 1473414627 868778745 start: 1473414624 319448436
t_num: 17 finish: 1473414628 128508085 start: 1473414624 260488489
t_num: 9 finish: 1473414628 218615300 start: 1473414625 777235024
t_num: 21 finish: 1473414628 909161939 start: 1473414624 350766373
t_num: 30 finish: 1473414628 909214181 start: 1473414624 319247821
t_num: 27 finish: 1473414628 909314201 start: 1473414626 653490876
t_num: 25 finish: 1473414628 909627663 start: 1473414627 311507367
t_num: 1 finish: 1473414628 909730525 start: 1473414626 653553398
t_num: 20 finish: 1473414628 999937219 start: 1473414626 654457007
t_num: 12 finish: 1473414629 296348823 start: 1473414624 752773210
t_num: 4 finish: 1473414629 531884671 start: 1473414625 742369432
t_num: 29 finish: 1473414630 272625173 start: 1473414626 653109967
t_num: 14 finish: 1473414630 378196266 start: 1473414626 653065370
t_num: 15 finish: 1473414630 535838570 start: 1473414626 652990503
t_num: 11 finish: 1473414631 103793019 start: 1473414627 971290411
t_num: 17 finish: 1473414631 433242489 start: 1473414628 909071046
t_num: 21 finish: 1473414631 937624200 start: 1473414628 909189300
t_num: 29 finish: 1473414631 937936194 start: 1473414630 272696848
t_num: 3 finish: 1473414632 16020684 start: 1473414630 34241064
t_num: 1 finish: 1473414632 16193249 start: 1473414628 909748369
t_num: 25 finish: 1473414632 114271795 start: 1473414628 909646558
t_num: 8 finish: 1473414632 121137424 start: 1473414627 47628062
t_num: 30 finish: 1473414632 121538439 start: 1473414628 909228698
t_num: 22 finish: 1473414633 255934604 start: 1473414629 531898388
t_num: 27 finish: 1473414633 256382908 start: 1473414628 909332741
t_num: 24 finish: 1473414633 587045263 start: 1473414628 909483763
t_num: 14 finish: 1473414633 743259832 start: 1473414630 378239773
t_num: 28 finish: 1473414635 503523701 start: 1473414632 121347547
t_num: 6 finish: 1473414635 751203918 start: 1473414628 909266886
t_num: 11 finish: 1473414636 12999410 start: 1473414631 103849196
t_num: 12 finish: 1473414636 51317715 start: 1473414629 296384342
t_num: 29 finish: 1473414636 51399398 start: 1473414631 937955142
t_num: 3 finish: 1473414636 469294411 start: 1473414632 16051004
t_num: 0 finish: 1473414636 578820673 start: 1473414630 761669925
t_num: 1 finish: 1473414637 90346055 start: 1473414634 28615432
t_num: 14 finish: 1473414637 90965878 start: 1473414633 986730991
t_num: 25 finish: 1473414637 600156147 start: 1473414632 114323392
t_num: 8 finish: 1473414637 881650391 start: 1473414633 106244386
t_num: 17 finish: 1473414637 960638058 start: 1473414632 16147246
t_num: 24 finish: 1473414638 9935069 start: 1473414636 26838326
t_num: 26 finish: 1473414638 11239665 start: 1473414635 896515591
t_num: 21 finish: 1473414638 310947320 start: 1473414631 937671407
t_num: 15 finish: 1473414638 349042832 start: 1473414632 15985038
t_num: 30 finish: 1473414638 461333226 start: 1473414634 99801982
t_num: 28 finish: 1473414639 226349791 start: 1473414635 503569411
t_num: 22 finish: 1473414639 364941080 start: 1473414633 255960322
t_num: 6 finish: 1473414639 445136347 start: 1473414635 751247786
t_num: 18 finish: 1473414639 668703225 start: 1473414633 255602308
t_num: 17 finish: 1473414639 668711143 start: 1473414637 960685107
t_num: 26 finish: 1473414640 540448064 start: 1473414638 11255651
t_num: 0 finish: 1473414640 566948959 start: 1473414636 578918007
t_num: 19 finish: 1473414641 97321638 start: 1473414637 21598275
t_num: 12 finish: 1473414641 327770732 start: 1473414636 914883868
t_num: 24 finish: 1473414641 364674266 start: 1473414639 445125154
t_num: 9 finish: 1473414641 447778908 start: 1473414636 845546166
t_num: 8 finish: 1473414641 522054826 start: 1473414637 881684376
t_num: 15 finish: 1473414641 649284101 start: 1473414638 349064676
t_num: 11 finish: 1473414641 962389024 start: 1473414636 13026910
t_num: 1 finish: 1473414642 11766171 start: 1473414637 90380040
t_num: 23 finish: 1473414642 549981072 start: 1473414641 867977222
t_num: 29 finish: 1473414643 24679044 start: 1473414639 539918767
t_num: 17 finish: 1473414643 464189217 start: 1473414639 668741075
t_num: 8 finish: 1473414643 582711050 start: 1473414641 522085485
t_num: 2 finish: 1473414643 810503886 start: 1473414640 196969744
t_num: 24 finish: 1473414644 299365400 start: 1473414641 364734085
t_num: 21 finish: 1473414644 587312231 start: 1473414641 259572746
t_num: 26 finish: 1473414644 982009110 start: 1473414640 540490297
t_num: 19 finish: 1473414645 3001722 start: 1473414641 97363558
t_num: 9 finish: 1473414645 166620621 start: 1473414641 447807693
t_num: 6 finish: 1473414645 645833871 start: 1473414639 445157858
t_num: 29 finish: 1473414645 691067382 start: 1473414643 24729962
t_num: 22 finish: 1473414646 60690943 start: 1473414639 632417698
t_num: 23 finish: 1473414646 353629421 start: 1473414642 550015889
t_num: 1 finish: 1473414646 395485889 start: 1473414643 464190982
t_num: 2 finish: 1473414647 256233653 start: 1473414643 810548931
t_num: 18 finish: 1473414647 933202148 start: 1473414643 464249186
t_num: 17 finish: 1473414647 933273132 start: 1473414645 165874603
t_num: 8 finish: 1473414648 77182283 start: 1473414643 582753105
t_num: 0 finish: 1473414648 77182283 start: 1473414645 769115811
t_num: 7 finish: 1473414648 536160655 start: 1473414645 370932205
t_num: 10 finish: 1473414648 925429526 start: 1473414646 861860156
t_num: 13 finish: 1473414649 996478593 start: 1473414646 537598270
t_num: 29 finish: 1473414651 351018240 start: 1473414645 691109573
t_num: 26 finish: 1473414651 511205354 start: 1473414644 982040072
t_num: 24 finish: 1473414651 537354260 start: 1473414646 356215842
t_num: 9 finish: 1473414651 667648430 start: 1473414645 166660002
t_num: 19 finish: 1473414651 668645244 start: 1473414646 861832142
t_num: 15 finish: 1473414651 669522736 start: 1473414645 690981743
t_num: 21 finish: 1473414652 639204361 start: 1473414646 838020518
t_num: 28 finish: 1473414652 976435553 start: 1473414648 668851637
t_num: 6 finish: 1473414653 851548895 start: 1473414646 861856238
t_num: 13 finish: 1473414654 169505176 start: 1473414650 621748612
t_num: 25 finish: 1473414654 430062407 start: 1473414648 822473384
t_num: 30 finish: 1473414654 469031529 start: 1473414647 692123209
t_num: 26 finish: 1473414655 198680904 start: 1473414651 511251627
t_num: 27 finish: 1473414655 198690329 start: 1473414650 477205018
t_num: 0 finish: 1473414655 501793182 start: 1473414648 77243267
t_num: 18 finish: 1473414656 174512163 start: 1473414649 996513474
t_num: 24 finish: 1473414656 225758199 start: 1473414652 639252763
t_num: 10 finish: 1473414656 225767542 start: 1473414648 925489274
t_num: 9 finish: 1473414656 225843910 start: 1473414651 667676690
t_num: 2 finish: 1473414656 386694689 start: 1473414649 849933414
t_num: 4 finish: 1473414656 688428342 start: 1473414650 747615235
t_num: 13 finish: 1473414657 263952553 start: 1473414654 169539516
t_num: 29 finish: 1473414657 382612301 start: 1473414652 146550668
t_num: 19 finish: 1473414657 563660285 start: 1473414654 386723652
t_num: 23 finish: 1473414658 356926145 start: 1473414652 976508706
t_num: 31 finish: 1473414658 356966198 start: 1473414652 700237119
t_num: 15 finish: 1473414658 357001768 start: 1473414652 976687305
t_num: 7 finish: 1473414658 357021145 start: 1473414652 976628224
t_num: 11 finish: 1473414658 881167867 start: 1473414656 326896274
t_num: 9 finish: 1473414658 965977854 start: 1473414657 263900060
t_num: 24 finish: 1473414659 226281775 start: 1473414656 225819441
t_num: 5 finish: 1473414659 307477620 start: 1473414654 626863758
t_num: 21 finish: 1473414659 375949714 start: 1473414654 431956922
t_num: 3 finish: 1473414659 465482791 start: 1473414656 331444436
t_num: 25 finish: 1473414659 481293031 start: 1473414656 173076468
t_num: 10 finish: 1473414659 981256844 start: 1473414657 196467307
t_num: 29 finish: 1473414660 566587235 start: 1473414658 114415953
t_num: 16 finish: 1473414660 722224669 start: 1473414654 502698288
t_num: 5 finish: 1473414661 119806021 start: 1473414659 307516784
t_num: 30 finish: 1473414661 193046266 start: 1473414656 614463353
t_num: 13 finish: 1473414661 429577847 start: 1473414658 830398784
t_num: 8 finish: 1473414661 552830181 start: 1473414658 579340101
t_num: 19 finish: 1473414661 923340512 start: 1473414657 563698057
t_num: 31 finish: 1473414661 925341640 start: 1473414658 357001194
t_num: 2 finish: 1473414662 14364331 start: 1473414656 386735414
t_num: 4 finish: 1473414662 14529956 start: 1473414656 688461865
t_num: 9 finish: 1473414662 137277640 start: 1473414658 965997645
t_num: 21 finish: 1473414662 967333596 start: 1473414661 93757529
t_num: 15 finish: 1473414663 512902753 start: 1473414660 173906756
t_num: 30 finish: 1473414664 288735471 start: 1473414661 193073755
t_num: 29 finish: 1473414664 328515470 start: 1473414660 566630540
t_num: 3 finish: 1473414664 443887249 start: 1473414659 465538781
t_num: 31 finish: 1473414664 449822558 start: 1473414661 925363384
t_num: 19 finish: 1473414664 451147034 start: 1473414661 923369481
t_num: 0 finish: 1473414664 580489962 start: 1473414659 330665617
t_num: 14 finish: 1473414665 548674003 start: 1473414660 173884805
t_num: 13 finish: 1473414666 478628738 start: 1473414662 967302457
t_num: 11 finish: 1473414666 631011009 start: 1473414663 980811444
t_num: 10 finish: 1473414666 631610187 start: 1473414659 981298378
t_num: 15 finish: 1473414666 775091833 start: 1473414663 512944082
t_num: 27 finish: 1473414666 808519546 start: 1473414664 49686444
t_num: 4 finish: 1473414666 877048491 start: 1473414662 14550097
t_num: 30 finish: 1473414667 583243099 start: 1473414664 288779989
t_num: 8 finish: 1473414667 583307248 start: 1473414661 552870561
t_num: 3 finish: 1473414667 584072034 start: 1473414664 443929170
t_num: 10 finish: 1473414667 940250595 start: 1473414666 631629154
t_num: 9 finish: 1473414669 404322505 start: 1473414664 534774353
t_num: 19 finish: 1473414669 721676025 start: 1473414665 768602639
t_num: 2 finish: 1473414669 880643148 start: 1473414664 329312991
t_num: 15 finish: 1473414669 949105618 start: 1473414666 775115746
t_num: 26 finish: 1473414670 433075051 start: 1473414665 249921196
t_num: 0 finish: 1473414670 433091442 start: 1473414664 580515540
t_num: 25 finish: 1473414670 563497358 start: 1473414666 242554403
t_num: 27 finish: 1473414670 775234090 start: 1473414666 808538372
t_num: 24 finish: 1473414670 874843550 start: 1473414662 967315016
t_num: 5 finish: 1473414670 963388934 start: 1473414668 999193874
t_num: 11 finish: 1473414671 87747095 start: 1473414667 483065418
t_num: 10 finish: 1473414671 578189880 start: 1473414667 940285642
t_num: 14 finish: 1473414671 685019191 start: 1473414665 548741796
t_num: 3 finish: 1473414672 659110904 start: 1473414667 584088638
t_num: 31 finish: 1473414672 659749664 start: 1473414666 478684014
t_num: 7 finish: 1473414672 659789119 start: 1473414669 113299789
t_num: 2 finish: 1473414672 935750691 start: 1473414669 880670675
t_num: 0 finish: 1473414674 8154105 start: 1473414671 578216557
t_num: 24 finish: 1473414674 8351924 start: 1473414670 874875076
t_num: 30 finish: 1473414674 8459995 start: 1473414672 659854588
t_num: 28 finish: 1473414674 8664549 start: 1473414670 64408061
t_num: 31 finish: 1473414674 8824149 start: 1473414672 659769762
t_num: 11 finish: 1473414674 673568320 start: 1473414671 87769808
t_num: 9 finish: 1473414674 841622897 start: 1473414669 404363058
t_num: 10 finish: 1473414675 453468308 start: 1473414671 578229415
t_num: 27 finish: 1473414675 632818240 start: 1473414670 775278500
t_num: 15 finish: 1473414676 721815740 start: 1473414669 949141817
t_num: 8 finish: 1473414676 721856986 start: 1473414669 767897482
t_num: 14 finish: 1473414676 869571149 start: 1473414674 8538029
t_num: 19 finish: 1473414677 74508746 start: 1473414669 721706037
t_num: 18 finish: 1473414677 531467093 start: 1473414672 755324525
t_num: 31 finish: 1473414677 649787455 start: 1473414674 8842577
t_num: 29 finish: 1473414677 664077031 start: 1473414672 664499748
t_num: 2 finish: 1473414678 961642610 start: 1473414674 9138679
t_num: 6 finish: 1473414679 31103386 start: 1473414673 526598615
t_num: 5 finish: 1473414679 31390276 start: 1473414670 963431615
t_num: 15 finish: 1473414679 740349537 start: 1473414676 721856334
t_num: 27 finish: 1473414679 877185425 start: 1473414675 632845696
t_num: 30 finish: 1473414679 988317493 start: 1473414674 8479117
t_num: 9 finish: 1473414680 287027436 start: 1473414676 314304131
t_num: 10 finish: 1473414680 462154252 start: 1473414675 453688701
t_num: 31 finish: 1473414681 48419300 start: 1473414677 649830280
t_num: 7 finish: 1473414681 48669050 start: 1473414676 188098226
t_num: 11 finish: 1473414681 93143373 start: 1473414675 632796108
t_num: 17 finish: 1473414681 746441845 start: 1473414674 594688151
t_num: 14 finish: 1473414681 942514577 start: 1473414679 31251243
t_num: 19 finish: 1473414682 556535821 start: 1473414678 2370819
t_num: 15 finish: 1473414682 702583595 start: 1473414679 740393810
t_num: 29 finish: 1473414682 702874751 start: 1473414680 445208918
t_num: 24 finish: 1473414683 273794687 start: 1473414677 729233854
t_num: 1 finish: 1473414683 338816178 start: 1473414678 33602497
t_num: 10 finish: 1473414683 764398097 start: 1473414680 462181133
t_num: 5 finish: 1473414683 764723080 start: 1473414679 31409658
t_num: 2 finish: 1473414684 436922513 start: 1473414681 92911634
t_num: 28 finish: 1473414684 479055873 start: 1473414680 445183562
t_num: 13 finish: 1473414685 26658679 start: 1473414682 338134327
t_num: 26 finish: 1473414685 260870679 start: 1473414676 722087445
t_num: 6 finish: 1473414685 812073869 start: 1473414680 462368615
t_num: 17 finish: 1473414685 992966253 start: 1473414682 556492107
t_num: 29 finish: 1473414686 17450870 start: 1473414683 339319384
t_num: 4 finish: 1473414686 18337037 start: 1473414682 804229584
t_num: 30 finish: 1473414686 241933467 start: 1473414679 988362203
t_num: 1 finish: 1473414686 922109531 start: 1473414683 338902936
t_num: 10 finish: 1473414687 911561612 start: 1473414683 764461581
t_num: 20 finish: 1473414688 533207190 start: 1473414684 378661772
t_num: 9 finish: 1473414688 615725991 start: 1473414680 856383275
t_num: 25 finish: 1473414688 615727268 start: 1473414684 504601115
t_num: 6 finish: 1473414689 506557041 start: 1473414685 812107149
t_num: 5 finish: 1473414689 629543618 start: 1473414685 373419278
t_num: 19 finish: 1473414689 650370311 start: 1473414683 339343530
t_num: 15 finish: 1473414689 650805967 start: 1473414684 356454333
t_num: 12 finish: 1473414689 847868213 start: 1473414686 635947738
t_num: 23 finish: 1473414689 924902708 start: 1473414682 702871889
t_num: 14 finish: 1473414689 973026334 start: 1473414681 942556444
t_num: 21 finish: 1473414690 604358756 start: 1473414688 612250384
t_num: 2 finish: 1473414690 605125879 start: 1473414684 436952905
t_num: 4 finish: 1473414690 605760744 start: 1473414686 18353686
t_num: 13 finish: 1473414691 638485725 start: 1473414685 26702577
t_num: 28 finish: 1473414691 961091352 start: 1473414687 790224962
t_num: 30 finish: 1473414692 276137539 start: 1473414686 241976429
t_num: 17 finish: 1473414692 300243960 start: 1473414685 993046432
t_num: 15 finish: 1473414692 300250355 start: 1473414689 650824247
t_num: 25 finish: 1473414693 121889136 start: 1473414688 615773491
t_num: 1 finish: 1473414693 191622369 start: 1473414689 650430030
t_num: 8 finish: 1473414693 818120796 start: 1473414686 246214043
t_num: 6 finish: 1473414693 879072726 start: 1473414691 119317846
t_num: 16 finish: 1473414694 178750235 start: 1473414687 324299492
t_num: 4 finish: 1473414694 333166538 start: 1473414690 605790139
t_num: 2 finish: 1473414694 563383040 start: 1473414690 605146885
t_num: 26 finish: 1473414694 874165517 start: 1473414689 395064567
t_num: 13 finish: 1473414694 882860748 start: 1473414692 300333525
t_num: 23 finish: 1473414694 959620764 start: 1473414689 924961608
t_num: 3 finish: 1473414695 39901661 start: 1473414692 850520975
t_num: 27 finish: 1473414695 844623612 start: 1473414692 661375507
t_num: 15 finish: 1473414696 284007148 start: 1473414692 300303817
t_num: 19 finish: 1473414696 316470110 start: 1473414689 650399668
t_num: 1 finish: 1473414696 481500256 start: 1473414693 191658689
t_num: 10 finish: 1473414696 966909493 start: 1473414689 506601337
t_num: 5 finish: 1473414697 15886515 start: 1473414691 24488271
t_num: 17 finish: 1473414697 15981148 start: 1473414692 300272497
t_num: 8 finish: 1473414697 85354890 start: 1473414695 39858781
t_num: 20 finish: 1473414697 265790434 start: 1473414692 934964112
t_num: 7 finish: 1473414698 98352604 start: 1473414694 291958748
t_num: 27 finish: 1473414698 580398416 start: 1473414695 844668513
t_num: 3 finish: 1473414698 915471592 start: 1473414695 39922772
t_num: 26 finish: 1473414699 215428687 start: 1473414694 874210233
t_num: 30 finish: 1473414699 902814393 start: 1473414692 276181682
t_num: 16 finish: 1473414699 903208109 start: 1473414695 39836595
t_num: 9 finish: 1473414699 903893658 start: 1473414694 340043350
t_num: 19 finish: 1473414700 165456028 start: 1473414697 823373231
t_num: 23 finish: 1473414700 657634058 start: 1473414698 98206572
t_num: 31 finish: 1473414701 794208897 start: 1473414696 853452593
t_num: 25 finish: 1473414701 952638404 start: 1473414696 966888713
t_num: 27 finish: 1473414702 614927532 start: 1473414698 580423938
t_num: 7 finish: 1473414702 879413181 start: 1473414698 98380652
t_num: 3 finish: 1473414703 59875816 start: 1473414698 915533649
t_num: 2 finish: 1473414703 59885612 start: 1473414696 332563134
t_num: 26 finish: 1473414704 111766130 start: 1473414700 644311311
t_num: 10 finish: 1473414704 357421966 start: 1473414700 257366500
t_num: 17 finish: 1473414704 710094258 start: 1473414699 903159152
t_num: 15 finish: 1473414704 710315794 start: 1473414701 864837895
t_num: 30 finish: 1473414704 710558019 start: 1473414699 902903569
t_num: 12 finish: 1473414704 710600502 start: 1473414699 581263560
t_num: 22 finish: 1473414704 852898893 start: 1473414702 879471030
t_num: 20 finish: 1473414704 852898893 start: 1473414697 265830188
t_num: 8 finish: 1473414704 852965099 start: 1473414699 517775477
t_num: 3 finish: 1473414705 608477257 start: 1473414703 59899353
t_num: 27 finish: 1473414705 913988416 start: 1473414702 615023336
t_num: 31 finish: 1473414705 949251330 start: 1473414702 614965233
t_num: 9 finish: 1473414706 275660700 start: 1473414700 754225106
t_num: 19 finish: 1473414706 718707530 start: 1473414700 165499677
t_num: 16 finish: 1473414706 820189200 start: 1473414703 53114871
t_num: 10 finish: 1473414706 820292358 start: 1473414704 357464445
t_num: 23 finish: 1473414707 367494297 start: 1473414702 20595519
t_num: 6 finish: 1473414707 367496733 start: 1473414703 940905920
t_num: 24 finish: 1473414708 620338322 start: 1473414702 502829133
t_num: 29 finish: 1473414708 840017958 start: 1473414703 940244313
t_num: 15 finish: 1473414708 969241439 start: 1473414704 710335819
t_num: 2 finish: 1473414710 375617744 start: 1473414705 986492590
t_num: 10 finish: 1473414710 717074156 start: 1473414706 820310921
t_num: 9 finish: 1473414710 730657389 start: 1473414707 424161701
t_num: 18 finish: 1473414710 837491342 start: 1473414703 930597537
t_num: 7 finish: 1473414711 683121648 start: 1473414705 467609775
t_num: 20 finish: 1473414711 798272912 start: 1473414704 853001734
t_num: 31 finish: 1473414711 798391239 start: 1473414705 949297685
t_num: 8 finish: 1473414711 798432233 start: 1473414704 852980580
t_num: 19 finish: 1473414712 324460719 start: 1473414706 718745118
t_num: 21 finish: 1473414712 639670922 start: 1473414709 360670983
t_num: 15 finish: 1473414712 691507801 start: 1473414708 969281191
t_num: 29 finish: 1473414712 740238296 start: 1473414709 665321721
t_num: 27 finish: 1473414712 758394483 start: 1473414706 545855922
t_num: 22 finish: 1473414713 225486340 start: 1473414707 271872570
t_num: 12 finish: 1473414713 570316308 start: 1473414709 61589187
t_num: 18 finish: 1473414713 926554521 start: 1473414710 837517816
t_num: 16 finish: 1473414713 926752713 start: 1473414708 619799806
t_num: 4 finish: 1473414714 523690594 start: 1473414710 324550813
t_num: 24 finish: 1473414714 557923256 start: 1473414709 683746489
t_num: 30 finish: 1473414715 17152904 start: 1473414708 621375378
t_num: 31 finish: 1473414715 100907909 start: 1473414711 798410915
t_num: 19 finish: 1473414715 100960681 start: 1473414712 324503859
t_num: 26 finish: 1473414715 198774085 start: 1473414709 957282131
t_num: 20 finish: 1473414715 199546317 start: 1473414711 798319076
t_num: 2 finish: 1473414715 491190819 start: 1473414712 638426603
t_num: 27 finish: 1473414715 598538916 start: 1473414712 758417217
t_num: 28 finish: 1473414715 914122092 start: 1473414712 327266175
t_num: 10 finish: 1473414716 734994317 start: 1473414711 311630345
t_num: 8 finish: 1473414717 163539627 start: 1473414712 686657203
t_num: 22 finish: 1473414717 473509352 start: 1473414714 465254596
t_num: 12 finish: 1473414717 772590295 start: 1473414713 570354582
t_num: 7 finish: 1473414717 961891127 start: 1473414713 924577841
t_num: 9 finish: 1473414719 101567393 start: 1473414713 928345571
t_num: 15 finish: 1473414719 739435254 start: 1473414713 928856895
t_num: 20 finish: 1473414719 786621978 start: 1473414715 199566278
t_num: 2 finish: 1473414719 906079862 start: 1473414716 668376399
t_num: 4 finish: 1473414719 966651669 start: 1473414714 523732230
t_num: 19 finish: 1473414720 22667587 start: 1473414715 213574856
t_num: 21 finish: 1473414720 679344370 start: 1473414716 669271070
t_num: 1 finish: 1473414720 679366073 start: 1473414716 831649347
t_num: 27 finish: 1473414720 961705210 start: 1473414716 655375682
t_num: 5 finish: 1473414720 970606762 start: 1473414715 17079472
t_num: 10 finish: 1473414721 285876794 start: 1473414717 860442824
t_num: 9 finish: 1473414721 420020165 start: 1473414719 101601615
t_num: 31 finish: 1473414721 420041988 start: 1473414716 973980442
t_num: 12 finish: 1473414721 696872289 start: 1473414717 772632242
t_num: 10 finish: 1473414723 879428239 start: 1473414721 285905969
t_num: 15 finish: 1473414723 880175154 start: 1473414719 739480473
t_num: 22 finish: 1473414723 956465900 start: 1473414718 390081934
t_num: 19 finish: 1473414723 956596482 start: 1473414720 22705726
t_num: 25 finish: 1473414723 956861405 start: 1473414719 786645447
t_num: 24 finish: 1473414723 976522281 start: 1473414722 573131244
t_num: 28 finish: 1473414724 379853975 start: 1473414718 386862617
t_num: 1 finish: 1473414724 583201935 start: 1473414720 679492021
t_num: 21 finish: 1473414724 831545149 start: 1473414720 679412475
t_num: 7 finish: 1473414725 456431549 start: 1473414722 199438771
t_num: 27 finish: 1473414725 457149643 start: 1473414721 527521634
t_num: 15 finish: 1473414726 318252614 start: 1473414724 831576429
t_num: 11 finish: 1473414726 423874035 start: 1473414720 970623612
t_num: 5 finish: 1473414726 455458014 start: 1473414720 970642551
t_num: 9 finish: 1473414726 666608491 start: 1473414722 662970328
t_num: 14 finish: 1473414726 669215234 start: 1473414722 981315142
t_num: 0 finish: 1473414726 669435656 start: 1473414721 750403095
t_num: 2 finish: 1473414727 613481651 start: 1473414722 461086154
t_num: 7 finish: 1473414727 681461394 start: 1473414725 456476360
t_num: 1 finish: 1473414728 77871352 start: 1473414724 583233444
t_num: 12 finish: 1473414728 283751116 start: 1473414723 879565843
t_num: 6 finish: 1473414728 284465194 start: 1473414725 458132685
t_num: 17 finish: 1473414728 681071578 start: 1473414723 879751083
t_num: 28 finish: 1473414729 332098439 start: 1473414724 379888060
t_num: 29 finish: 1473414729 332142515 start: 1473414724 564467679
t_num: 14 finish: 1473414730 510184970 start: 1473414726 669235622
t_num: 31 finish: 1473414730 797037263 start: 1473414725 847763988
t_num: 23 finish: 1473414731 126715811 start: 1473414729 135793782
t_num: 25 finish: 1473414731 223254509 start: 1473414725 678942125
t_num: 24 finish: 1473414731 399028389 start: 1473414727 261631887
t_num: 13 finish: 1473414732 41004946 start: 1473414730 332030022
t_num: 9 finish: 1473414732 42185218 start: 1473414727 613497181
t_num: 15 finish: 1473414732 233363489 start: 1473414726 318300285
t_num: 5 finish: 1473414732 547576648 start: 1473414726 455488309
t_num: 0 finish: 1473414732 609363574 start: 1473414729 484388082
t_num: 16 finish: 1473414732 609411549 start: 1473414727 557731792
t_num: 6 finish: 1473414732 748058682 start: 1473414728 284485601
t_num: 17 finish: 1473414732 875182745 start: 1473414728 681135459
t_num: 11 finish: 1473414733 325995637 start: 1473414729 331826482
t_num: 28 finish: 1473414733 325995653 start: 1473414730 510334313
t_num: 14 finish: 1473414733 782957702 start: 1473414730 510208636
t_num: 9 finish: 1473414734 313631456 start: 1473414732 42206498
t_num: 7 finish: 1473414734 814911144 start: 1473414729 332053271
t_num: 29 finish: 1473414734 887880931 start: 1473414730 510165157
t_num: 27 finish: 1473414734 960140473 start: 1473414731 183774388
t_num: 8 finish: 1473414735 276249950 start: 1473414731 115049915
t_num: 2 finish: 1473414735 604654995 start: 1473414732 41149769
t_num: 14 finish: 1473414735 943470733 start: 1473414733 783004196
t_num: 6 finish: 1473414736 52713475 start: 1473414732 748107124
t_num: 12 finish: 1473414736 138142506 start: 1473414733 34567094
t_num: 15 finish: 1473414736 138259460 start: 1473414732 233423257
t_num: 11 finish: 1473414736 199658539 start: 1473414733 326046884
t_num: 23 finish: 1473414736 293137390 start: 1473414733 785621093
t_num: 16 finish: 1473414737 199106014 start: 1473414732 609443937
t_num: 24 finish: 1473414737 199718302 start: 1473414734 750064929
t_num: 20 finish: 1473414737 218992616 start: 1473414733 34788725
t_num: 25 finish: 1473414737 524465320 start: 1473414733 34452880
t_num: 29 finish: 1473414738 636272965 start: 1473414734 887901317
t_num: 22 finish: 1473414738 660826949 start: 1473414736 199393436
t_num: 8 finish: 1473414738 799667615 start: 1473414735 276293587
t_num: 15 finish: 1473414739 158951346 start: 1473414736 138296690
t_num: 13 finish: 1473414739 252052420 start: 1473414734 862988911
t_num: 0 finish: 1473414739 985051477 start: 1473414734 887868078
t_num: 11 finish: 1473414740 39472077 start: 1473414736 199678107
t_num: 14 finish: 1473414740 40502717 start: 1473414735 943515915
t_num: 12 finish: 1473414740 178056674 start: 1473414737 442737398
t_num: 16 finish: 1473414740 256135459 start: 1473414737 199169114
t_num: 15 finish: 1473414741 139438843 start: 1473414739 159006629
t_num: 13 finish: 1473414741 370068376 start: 1473414739 252093188
t_num: 22 finish: 1473414742 466963053 start: 1473414738 660845866
t_num: 27 finish: 1473414742 499099483 start: 1473414739 158983748
t_num: 30 finish: 1473414742 499616648 start: 1473414738 151285355
t_num: 23 finish: 1473414743 103069391 start: 1473414738 656219266
t_num: 2 finish: 1473414743 253688295 start: 1473414737 368097405
t_num: 3 finish: 1473414743 361275576 start: 1473414737 447384139
t_num: 20 finish: 1473414743 930251686 start: 1473414737 219012807
t_num: 15 finish: 1473414743 993031497 start: 1473414741 139482547
t_num: 16 finish: 1473414744 88885679 start: 1473414740 256166756
t_num: 29 finish: 1473414744 938213554 start: 1473414739 187587975
t_num: 14 finish: 1473414744 983755870 start: 1473414740 40538501
t_num: 19 finish: 1473414744 983759506 start: 1473414743 293430956
t_num: 23 finish: 1473414744 983820926 start: 1473414743 103111816
t_num: 8 finish: 1473414744 984012727 start: 1473414740 899011517
t_num: 11 finish: 1473414745 163582412 start: 1473414742 403338875
t_num: 0 finish: 1473414745 166503131 start: 1473414743 253622473
t_num: 10 finish: 1473414745 168142537 start: 1473414744 734944377
t_num: 6 finish: 1473414745 169467464 start: 1473414742 763912750
t_num: 27 finish: 1473414745 570735974 start: 1473414742 499139185
t_num: 12 finish: 1473414745 571284001 start: 1473414740 178091351
t_num: 1 finish: 1473414746 627923793 start: 1473414743 253668516
t_num: 11 finish: 1473414746 944724410 start: 1473414745 163624434
t_num: 13 finish: 1473414746 944846850 start: 1473414742 284651493
t_num: 22 finish: 1473414746 945556200 start: 1473414743 929857431
t_num: 29 finish: 1473414748 38815069 start: 1473414744 938251926
t_num: 10 finish: 1473414748 38858931 start: 1473414746 212634976
t_num: 2 finish: 1473414748 251804477 start: 1473414745 484718361
t_num: 8 finish: 1473414749 59906511 start: 1473414744 984030678
t_num: 12 finish: 1473414749 193719066 start: 1473414745 571304980
t_num: 19 finish: 1473414750 347955638 start: 1473414744 983804483
t_num: 23 finish: 1473414750 348891865 start: 1473414744 983834310
t_num: 11 finish: 1473414750 348957326 start: 1473414746 944777704
t_num: 0 finish: 1473414750 951406511 start: 1473414746 688377788
t_num: 14 finish: 1473414751 63265218 start: 1473414744 983789154
t_num: 30 finish: 1473414751 405648036 start: 1473414749 219398822
t_num: 10 finish: 1473414751 528226468 start: 1473414748 38877220
t_num: 22 finish: 1473414751 749714185 start: 1473414750 292371865
t_num: 27 finish: 1473414751 910695579 start: 1473414750 347969309
t_num: 13 finish: 1473414751 952469593 start: 1473414747 636084396
t_num: 16 finish: 1473414751 975134521 start: 1473414746 890647300
t_num: 1 finish: 1473414752 571347580 start: 1473414749 519561695
t_num: 11 finish: 1473414752 797618267 start: 1473414750 348975091
t_num: 2 finish: 1473414753 182420840 start: 1473414748 251836973
t_num: 0 finish: 1473414753 183170112 start: 1473414750 951466183
t_num: 5 finish: 1473414753 567709939 start: 1473414750 348012024
t_num: 30 finish: 1473414753 567715218 start: 1473414751 405685412
t_num: 29 finish: 1473414754 18771534 start: 1473414750 348634547
t_num: 28 finish: 1473414754 19392318 start: 1473414751 528367304
t_num: 19 finish: 1473414754 22761012 start: 1473414750 347980849
t_num: 12 finish: 1473414754 334441570 start: 1473414749 193753542
t_num: 14 finish: 1473414755 258397127 start: 1473414751 63291219
t_num: 15 finish: 1473414755 258425182 start: 1473414749 536952797
t_num: 26 finish: 1473414755 258466030 start: 1473414750 348681367
t_num: 27 finish: 1473414756 36932584 start: 1473414753 182371860
t_num: 23 finish: 1473414756 37123666 start: 1473414753 182130735
t_num: 8 finish: 1473414756 37953493 start: 1473414752 719626772
t_num: 11 finish: 1473414756 38143017 start: 1473414753 183117017
t_num: 1 finish: 1473414756 819568866 start: 1473414753 700302120
t_num: 5 finish: 1473414756 860659794 start: 1473414755 258969663
t_num: 12 finish: 1473414757 694010008 start: 1473414754 334477559
t_num: 26 finish: 1473414757 794245409 start: 1473414756 37015049
t_num: 24 finish: 1473414757 794485018 start: 1473414753 182139898
t_num: 16 finish: 1473414757 871229101 start: 1473414753 183262077
t_num: 15 finish: 1473414758 379722824 start: 1473414755 258509079
t_num: 8 finish: 1473414758 379776585 start: 1473414756 37973767
t_num: 2 finish: 1473414758 919814862 start: 1473414757 244689642
t_num: 13 finish: 1473414759 256577733 start: 1473414754 17858655
t_num: 21 finish: 1473414759 504585585 start: 1473414756 712249829
t_num: 14 finish: 1473414760 80722910 start: 1473414756 37056797
t_num: 23 finish: 1473414760 152321422 start: 1473414756 37140292
t_num: 27 finish: 1473414760 338362010 start: 1473414756 712268501
t_num: 10 finish: 1473414760 569217149 start: 1473414755 259942661
t_num: 24 finish: 1473414761 128016454 start: 1473414757 794518157
t_num: 25 finish: 1473414761 522171675 start: 1473414756 37075860
t_num: 11 finish: 1473414762 23253700 start: 1473414758 919616509
t_num: 4 finish: 1473414762 52336957 start: 1473414758 805209918
t_num: 12 finish: 1473414762 242837762 start: 1473414757 694048764
t_num: 19 finish: 1473414763 656087477 start: 1473414759 777541407
t_num: 5 finish: 1473414764 335870900 start: 1473414758 919675657
t_num: 8 finish: 1473414764 426965826 start: 1473414758 379795638
t_num: 28 finish: 1473414764 427288547 start: 1473414759 776365040
t_num: 23 finish: 1473414764 427374792 start: 1473414760 152337332
t_num: 16 finish: 1473414764 427380123 start: 1473414758 716069669
t_num: 1 finish: 1473414764 524083398 start: 1473414760 80757447
t_num: 21 finish: 1473414764 766371274 start: 1473414761 128063445
t_num: 27 finish: 1473414764 815904920 start: 1473414760 338402185
t_num: 13 finish: 1473414764 816117534 start: 1473414761 128243066
t_num: 14 finish: 1473414766 86696273 start: 1473414761 394008218
t_num: 2 finish: 1473414766 91907288 start: 1473414761 128010228
t_num: 20 finish: 1473414766 91907280 start: 1473414760 152297785
t_num: 15 finish: 1473414766 953978273 start: 1473414760 505733924
t_num: 25 finish: 1473414768 465755761 start: 1473414763 446188771
t_num: 11 finish: 1473414768 538807491 start: 1473414765 685431971
t_num: 12 finish: 1473414768 538807792 start: 1473414762 242873665
t_num: 19 finish: 1473414769 122584421 start: 1473414763 656120191
t_num: 8 finish: 1473414769 638487043 start: 1473414764 902488367
t_num: 21 finish: 1473414769 639384719 start: 1473414764 766412585
t_num: 13 finish: 1473414769 824434081 start: 1473414764 816137711
t_num: 28 finish: 1473414769 825302271 start: 1473414766 21215336
t_num: 31 finish: 1473414769 857107572 start: 1473414763 163232849
t_num: 27 finish: 1473414770 139852557 start: 1473414766 954399407
t_num: 6 finish: 1473414770 217632253 start: 1473414767 461084165
t_num: 15 finish: 1473414770 910569234 start: 1473414768 470225942
t_num: 1 finish: 1473414771 548811411 start: 1473414764 524152970
t_num: 3 finish: 1473414772 236110029 start: 1473414765 502814155
t_num: 19 finish: 1473414772 361412669 start: 1473414769 122614432
t_num: 2 finish: 1473414772 449456759 start: 1473414768 50224142
t_num: 30 finish: 1473414773 123046140 start: 1473414767 169376778
t_num: 11 finish: 1473414773 307092584 start: 1473414768 538847173
t_num: 23 finish: 1473414773 409818343 start: 1473414766 954825940
t_num: 20 finish: 1473414773 452466926 start: 1473414768 963075823
t_num: 25 finish: 1473414774 152015838 start: 1473414771 548776950
t_num: 1 finish: 1473414774 152247908 start: 1473414771 548836505
t_num: 8 finish: 1473414774 152358531 start: 1473414769 638531967
t_num: 28 finish: 1473414774 347108940 start: 1473414769 825320057
t_num: 17 finish: 1473414775 28484532 start: 1473414772 761545575
t_num: 27 finish: 1473414775 67823686 start: 1473414770 139896928
t_num: 6 finish: 1473414775 67872163 start: 1473414771 627748537
t_num: 7 finish: 1473414775 95826601 start: 1473414771 627737157
t_num: 21 finish: 1473414775 232131220 start: 1473414769 639416764
t_num: 2 finish: 1473414775 708998003 start: 1473414772 761515291
t_num: 9 finish: 1473414775 709113229 start: 1473414767 924847525
t_num: 22 finish: 1473414775 961889784 start: 1473414770 145587237
t_num: 28 finish: 1473414776 165889635 start: 1473414774 347142831
t_num: 24 finish: 1473414777 138766006 start: 1473414773 136290166
t_num: 19 finish: 1473414777 316992747 start: 1473414774 499719529
t_num: 12 finish: 1473414777 317021829 start: 1473414773 731861839
t_num: 20 finish: 1473414777 317036667 start: 1473414773 452492818
t_num: 11 finish: 1473414777 442220548 start: 1473414773 307124846
t_num: 13 finish: 1473414777 923757558 start: 1473414770 141248620
t_num: 29 finish: 1473414777 923760345 start: 1473414772 279709607
t_num: 30 finish: 1473414777 923865311 start: 1473414773 123107399
t_num: 23 finish: 1473414778 294700103 start: 1473414774 925899249
t_num: 18 finish: 1473414778 365826953 start: 1473414774 978127365
t_num: 7 finish: 1473414779 443252061 start: 1473414775 95844408
t_num: 25 finish: 1473414779 631675914 start: 1473414776 248234718
t_num: 0 finish: 1473414779 636976739 start: 1473414774 152696302
t_num: 20 finish: 1473414780 144872495 start: 1473414777 317050819
t_num: 27 finish: 1473414780 313645021 start: 1473414775 709303300
t_num: 10 finish: 1473414780 315101164 start: 1473414776 467694912
t_num: 2 finish: 1473414780 641426872 start: 1473414775 709064537
t_num: 30 finish: 1473414781 132915543 start: 1473414777 923883774
t_num: 18 finish: 1473414781 132955791 start: 1473414778 365860165
t_num: 0 finish: 1473414781 133670433 start: 1473414779 637008009
t_num: 21 finish: 1473414781 295914876 start: 1473414777 37029211
t_num: 28 finish: 1473414781 387813627 start: 1473414776 409143392
t_num: 17 finish: 1473414781 387813632 start: 1473414778 124994333
t_num: 12 finish: 1473414781 963360878 start: 1473414777 317071963
t_num: 22 finish: 1473414782 126333496 start: 1473414778 125050329
t_num: 24 finish: 1473414782 324508662 start: 1473414778 933370472
t_num: 1 finish: 1473414782 749352789 start: 1473414778 402883454
t_num: 11 finish: 1473414782 749431474 start: 1473414777 442260515
t_num: 26 finish: 1473414782 807069699 start: 1473414778 933601677
t_num: 23 finish: 1473414782 811633621 start: 1473414779 208890676
t_num: 20 finish: 1473414783 360876827 start: 1473414780 144911790
t_num: 2 finish: 1473414784 779294561 start: 1473414780 641484285
t_num: 4 finish: 1473414785 886857020 start: 1473414781 387968627
t_num: 26 finish: 1473414785 960572017 start: 1473414783 360998411
t_num: 21 finish: 1473414786 75929372 start: 1473414782 738486512
t_num: 12 finish: 1473414786 76428925 start: 1473414783 360699677
t_num: 10 finish: 1473414786 132023264 start: 1473414781 516940904
t_num: 17 finish: 1473414786 443184419 start: 1473414781 387939337
t_num: 5 finish: 1473414786 733081671 start: 1473414781 387516886
t_num: 0 finish: 1473414787 255792204 start: 1473414781 133691812
t_num: 7 finish: 1473414787 559456792 start: 1473414783 360742694
t_num: 16 finish: 1473414787 564078639 start: 1473414782 305385732
t_num: 28 finish: 1473414788 29832011 start: 1473414781 387867300
t_num: 30 finish: 1473414788 177677487 start: 1473414784 782269263
t_num: 11 finish: 1473414788 314449929 start: 1473414782 749451805
t_num: 20 finish: 1473414788 395173121 start: 1473414783 924605152
t_num: 18 finish: 1473414788 523546472 start: 1473414781 963392582
t_num: 24 finish: 1473414788 524413875 start: 1473414783 924655904
t_num: 12 finish: 1473414789 372345076 start: 1473414786 76448054
t_num: 21 finish: 1473414789 395394868 start: 1473414786 75952927
t_num: 14 finish: 1473414789 992375390 start: 1473414785 224270845
t_num: 10 finish: 1473414789 993029499 start: 1473414786 302563344
t_num: 13 finish: 1473414790 294679186 start: 1473414785 640736882
t_num: 26 finish: 1473414791 533121652 start: 1473414785 960605041
t_num: 4 finish: 1473414791 710496193 start: 1473414785 886900371
t_num: 2 finish: 1473414791 710501509 start: 1473414785 764763300
t_num: 28 finish: 1473414792 165135474 start: 1473414788 29876268
t_num: 0 finish: 1473414792 165198063 start: 1473414788 637407388
t_num: 17 finish: 1473414792 165421617 start: 1473414788 30029671
t_num: 11 finish: 1473414792 200749440 start: 1473414789 202891230
t_num: 12 finish: 1473414792 289009781 start: 1473414789 372389436
t_num: 18 finish: 1473414793 84250623 start: 1473414788 523589900
t_num: 6 finish: 1473414793 338409743 start: 1473414789 992905159
t_num: 21 finish: 1473414794 51087519 start: 1473414789 395417065
t_num: 13 finish: 1473414794 113508729 start: 1473414790 294731671
t_num: 4 finish: 1473414794 158566199 start: 1473414791 710545944
t_num: 20 finish: 1473414794 247484807 start: 1473414788 395217342
t_num: 12 finish: 1473414794 247484789 start: 1473414792 289037244
t_num: 10 finish: 1473414794 879136396 start: 1473414789 993048660
t_num: 0 finish: 1473414795 38738815 start: 1473414793 54026461
t_num: 17 finish: 1473414795 230159598 start: 1473414792 165440213
t_num: 16 finish: 1473414795 338351915 start: 1473414791 400802922
t_num: 28 finish: 1473414795 627100320 start: 1473414793 959259817
t_num: 1 finish: 1473414795 792457422 start: 1473414791 400821850
t_num: 19 finish: 1473414796 212941068 start: 1473414793 490419979
t_num: 24 finish: 1473414796 584275528 start: 1473414792 73841559
t_num: 26 finish: 1473414796 985171826 start: 1473414791 533149996
t_num: 12 finish: 1473414797 1773224 start: 1473414794 247567245
t_num: 6 finish: 1473414797 330914693 start: 1473414793 338448755
t_num: 20 finish: 1473414797 539031856 start: 1473414794 247533893
t_num: 19 finish: 1473414798 179575962 start: 1473414796 212975545
t_num: 9 finish: 1473414798 694300468 start: 1473414795 230192486
t_num: 3 finish: 1473414798 695062483 start: 1473414795 230398445
t_num: 26 finish: 1473414798 760969574 start: 1473414796 985215133
t_num: 10 finish: 1473414798 875661354 start: 1473414794 879179063
t_num: 0 finish: 1473414799 650719602 start: 1473414795 38784665
t_num: 28 finish: 1473414800 116712631 start: 1473414795 627143636
t_num: 12 finish: 1473414800 348843629 start: 1473414797 1791106
t_num: 18 finish: 1473414800 654867079 start: 1473414793 84284349
t_num: 17 finish: 1473414800 654867082 start: 1473414795 230255121
t_num: 20 finish: 1473414802 651382999 start: 1473414799 382381633
t_num: 7 finish: 1473414802 651478629 start: 1473414798 761016369
t_num: 11 finish: 1473414802 708567327 start: 1473414796 150737268
t_num: 22 finish: 1473414802 708822049 start: 1473414797 299559540
t_num: 1 finish: 1473414802 708945012 start: 1473414797 647975809
t_num: 16 finish: 1473414803 334247505 start: 1473414800 911517239
t_num: 2 finish: 1473414804 215214535 start: 1473414797 305511326
t_num: 10 finish: 1473414804 496180377 start: 1473414799 382428698
t_num: 9 finish: 1473414804 507351857 start: 1473414798 694348131
t_num: 13 finish: 1473414804 640660859 start: 1473414794 113548314
t_num: 6 finish: 1473414804 815542316 start: 1473414800 116595251
t_num: 12 finish: 1473414805 243351762 start: 1473414801 699738181
t_num: 25 finish: 1473414805 336507787 start: 1473414799 185393879
t_num: 17 finish: 1473414805 918684522 start: 1473414800 654935182
t_num: 31 finish: 1473414806 171066384 start: 1473414800 654959268
t_num: 14 finish: 1473414806 287662382 start: 1473414802 981197623
t_num: 20 finish: 1473414806 702006030 start: 1473414803 918872369
t_num: 28 finish: 1473414806 702937253 start: 1473414800 116740531
t_num: 19 finish: 1473414807 161916121 start: 1473414805 912496330
t_num: 18 finish: 1473414808 831647890 start: 1473414801 699373682
t_num: 25 finish: 1473414809 45904934 start: 1473414805 912526619
t_num: 1 finish: 1473414809 46013995 start: 1473414803 918865048
t_num: 11 finish: 1473414809 786763313 start: 1473414805 918762602
t_num: 9 finish: 1473414810 549092510 start: 1473414804 507372671
t_num: 16 finish: 1473414811 291845963 start: 1473414804 295307020
t_num: 7 finish: 1473414811 291919068 start: 1473414802 651506974
t_num: 5 finish: 1473414811 291948632 start: 1473414805 270469942
t_num: 10 finish: 1473414811 292010799 start: 1473414804 496230360
t_num: 22 finish: 1473414811 292140392 start: 1473414802 708842619
t_num: 12 finish: 1473414811 292208295 start: 1473414806 702450472
t_num: 28 finish: 1473414811 570237851 start: 1473414808 106630802
t_num: 23 finish: 1473414811 761894918 start: 1473414806 596365715
t_num: 11 finish: 1473414811 814397921 start: 1473414809 786825164
t_num: 27 finish: 1473414811 937423426 start: 1473414807 883308506
t_num: 20 finish: 1473414812 814992527 start: 1473414806 702054857
t_num: 31 finish: 1473414813 73435881 start: 1473414809 45787062
t_num: 25 finish: 1473414813 691713828 start: 1473414809 45931588
t_num: 2 finish: 1473414814 208736925 start: 1473414807 817986203
t_num: 9 finish: 1473414814 298854437 start: 1473414810 549132085
t_num: 12 finish: 1473414814 495279810 start: 1473414811 292223599
t_num: 8 finish: 1473414815 60027364 start: 1473414809 448183280
t_num: 6 finish: 1473414815 61167008 start: 1473414808 687720687
t_num: 30 finish: 1473414815 73946446 start: 1473414809 854941030
t_num: 18 finish: 1473414815 94402305 start: 1473414808 831686006
t_num: 16 finish: 1473414815 322626722 start: 1473414811 291893010
t_num: 28 finish: 1473414816 35727072 start: 1473414811 570265792
t_num: 14 finish: 1473414816 261562294 start: 1473414808 688070072
t_num: 20 finish: 1473414816 324823694 start: 1473414813 626718062
t_num: 11 finish: 1473414816 490067565 start: 1473414814 59614063
t_num: 3 finish: 1473414817 62505826 start: 1473414813 692414315
t_num: 25 finish: 1473414817 549508882 start: 1473414814 939144350
t_num: 15 finish: 1473414818 49268655 start: 1473414813 450805991
t_num: 2 finish: 1473414818 329985954 start: 1473414814 939071480
t_num: 22 finish: 1473414818 433475803 start: 1473414813 709665887
t_num: 12 finish: 1473414818 884234116 start: 1473414814 495321198
t_num: 18 finish: 1473414818 999129556 start: 1473414816 42277544
t_num: 4 finish: 1473414819 163807175 start: 1473414814 932981790
t_num: 11 finish: 1473414819 223576511 start: 1473414816 490114434
t_num: 27 finish: 1473414819 547640321 start: 1473414811 937461407
t_num: 26 finish: 1473414819 670904858 start: 1473414815 964133434
t_num: 10 finish: 1473414819 842830836 start: 1473414814 938627815
t_num: 9 finish: 1473414819 931189837 start: 1473414818 647978663
t_num: 20 finish: 1473414820 23581880 start: 1473414816 324865996
t_num: 16 finish: 1473414820 257597827 start: 1473414815 322660474
t_num: 21 finish: 1473414820 379138386 start: 1473414815 747952601
t_num: 19 finish: 1473414820 471118454 start: 1473414814 938677499
t_num: 6 finish: 1473414820 973061289 start: 1473414815 61188097
t_num: 28 finish: 1473414821 79901569 start: 1473414817 918155959
t_num: 25 finish: 1473414822 123365143 start: 1473414818 272579463
t_num: 24 finish: 1473414822 386476605 start: 1473414818 851655250
t_num: 29 finish: 1473414822 854080288 start: 1473414819 542821245
t_num: 31 finish: 1473414823 263395022 start: 1473414817 93721886
t_num: 4 finish: 1473414823 348773048 start: 1473414819 163848834
t_num: 5 finish: 1473414823 348837440 start: 1473414819 932126368
t_num: 19 finish: 1473414823 403432013 start: 1473414820 471157779
t_num: 9 finish: 1473414823 534978781 start: 1473414819 931235416
t_num: 8 finish: 1473414823 906123510 start: 1473414820 378149716
t_num: 20 finish: 1473414823 906193310 start: 1473414820 23610470
t_num: 17 finish: 1473414824 85580880 start: 1473414820 724533467
t_num: 2 finish: 1473414824 679061121 start: 1473414820 866725919
t_num: 12 finish: 1473414824 891571022 start: 1473414818 884292664
t_num: 11 finish: 1473414825 18080895 start: 1473414823 263477880
t_num: 18 finish: 1473414825 109822728 start: 1473414820 973133613
t_num: 19 finish: 1473414826 349095899 start: 1473414823 403453506
t_num: 0 finish: 1473414826 505977716 start: 1473414820 972356934
t_num: 17 finish: 1473414826 565708104 start: 1473414824 85626630
t_num: 26 finish: 1473414826 642462862 start: 1473414820 951550839
t_num: 27 finish: 1473414827 4763781 start: 1473414823 906147663
t_num: 11 finish: 1473414827 32843859 start: 1473414825 18113015
t_num: 30 finish: 1473414827 552606930 start: 1473414823 199172289
t_num: 13 finish: 1473414827 767314227 start: 1473414825 503029630
t_num: 2 finish: 1473414827 767328775 start: 1473414824 679095976
t_num: 8 finish: 1473414828 763262963 start: 1473414823 906175037
t_num: 29 finish: 1473414828 763327034 start: 1473414822 854126027
t_num: 20 finish: 1473414828 763825988 start: 1473414823 906208882
t_num: 16 finish: 1473414829 224696474 start: 1473414822 854643674
t_num: 17 finish: 1473414829 465998677 start: 1473414826 565735327
t_num: 13 finish: 1473414829 614215431 start: 1473414827 767390417
t_num: 25 finish: 1473414829 614265675 start: 1473414825 691953798
t_num: 31 finish: 1473414829 614310135 start: 1473414825 691923764
t_num: 30 finish: 1473414829 737523824 start: 1473414827 552634580
t_num: 21 finish: 1473414829 737586447 start: 1473414826 505855770
t_num: 15 finish: 1473414829 855215699 start: 1473414826 642524645
t_num: 5 finish: 1473414830 813442027 start: 1473414824 166170946
t_num: 6 finish: 1473414831 935886527 start: 1473414826 5106970
t_num: 20 finish: 1473414832 126093719 start: 1473414828 763846333
t_num: 9 finish: 1473414832 126268137 start: 1473414827 552041563
t_num: 25 finish: 1473414832 312273076 start: 1473414829 855225008
t_num: 19 finish: 1473414832 772542145 start: 1473414828 647649375
t_num: 26 finish: 1473414832 799614866 start: 1473414826 642503740
t_num: 0 finish: 1473414833 181117415 start: 1473414828 647454049
t_num: 1 finish: 1473414833 393295311 start: 1473414830 567214523
t_num: 11 finish: 1473414833 633463611 start: 1473414828 647678029
t_num: 27 finish: 1473414834 389310204 start: 1473414830 567073608
t_num: 14 finish: 1473414835 63127109 start: 1473414830 136611871
t_num: 8 finish: 1473414835 110664972 start: 1473414831 132562981
t_num: 13 finish: 1473414835 135796063 start: 1473414829 614260916
t_num: 25 finish: 1473414835 645176798 start: 1473414832 312359724
t_num: 23 finish: 1473414835 812727332 start: 1473414831 174145258
t_num: 30 finish: 1473414835 914717481 start: 1473414832 125987067
t_num: 19 finish: 1473414835 947956974 start: 1473414832 772585188
t_num: 21 finish: 1473414836 471212484 start: 1473414831 835945808
t_num: 9 finish: 1473414836 471275807 start: 1473414832 126287717
t_num: 29 finish: 1473414837 872774059 start: 1473414830 620333857
t_num: 16 finish: 1473414837 901419435 start: 1473414829 855262585
t_num: 15 finish: 1473414837 902027640 start: 1473414833 393247788
t_num: 5 finish: 1473414837 902738193 start: 1473414832 799629838
t_num: 8 finish: 1473414838 359407743 start: 1473414835 110691782
t_num: 20 finish: 1473414839 320017658 start: 1473414836 224058864
t_num: 21 finish: 1473414839 472782856 start: 1473414836 471258676
t_num: 13 finish: 1473414840 113742534 start: 1473414837 901833896
t_num: 19 finish: 1473414840 166441728 start: 1473414835 947973639
t_num: 14 finish: 1473414840 243180855 start: 1473414835 63171649
t_num: 7 finish: 1473414840 408308318 start: 1473414836 262558938
t_num: 9 finish: 1473414840 496346531 start: 1473414836 471295373
t_num: 30 finish: 1473414840 956691748 start: 1473414839 187012050
t_num: 25 finish: 1473414840 960694284 start: 1473414835 645204291
t_num: 0 finish: 1473414841 332379679 start: 1473414835 914696267
t_num: 8 finish: 1473414841 781502922 start: 1473414838 359450464
t_num: 5 finish: 1473414841 861118613 start: 1473414837 902758933
t_num: 13 finish: 1473414841 944122256 start: 1473414840 113779227
t_num: 1 finish: 1473414842 656754487 start: 1473414834 695409849
t_num: 15 finish: 1473414842 864948177 start: 1473414837 902046598
t_num: 7 finish: 1473414842 864970359 start: 1473414840 408341846
t_num: 16 finish: 1473414842 936415675 start: 1473414840 30622002
t_num: 10 finish: 1473414843 25714780 start: 1473414838 93006221
t_num: 14 finish: 1473414843 80749346 start: 1473414840 243226656
t_num: 23 finish: 1473414843 383828590 start: 1473414838 359431261
t_num: 8 finish: 1473414843 522025053 start: 1473414841 781538402
t_num: 30 finish: 1473414843 820448842 start: 1473414840 956738620
t_num: 12 finish: 1473414844 910172197 start: 1473414842 259813176
t_num: 21 finish: 1473414844 910379702 start: 1473414840 369372713
t_num: 9 finish: 1473414844 997757197 start: 1473414842 716578004
t_num: 3 finish: 1473414845 98455684 start: 1473414841 861128644
t_num: 23 finish: 1473414845 98455691 start: 1473414843 383905898
t_num: 16 finish: 1473414845 99096784 start: 1473414842 936448848
t_num: 19 finish: 1473414845 801765176 start: 1473414841 213710577
t_num: 17 finish: 1473414845 878155817 start: 1473414842 864932001
t_num: 20 finish: 1473414845 878867613 start: 1473414842 656764646
t_num: 28 finish: 1473414846 84503817 start: 1473414840 166230806
t_num: 4 finish: 1473414846 84587614 start: 1473414842 865035783
t_num: 0 finish: 1473414846 691107466 start: 1473414841 332414205
t_num: 15 finish: 1473414846 989780677 start: 1473414842 864971343
t_num: 10 finish: 1473414847 839771758 start: 1473414843 25755591
t_num: 14 finish: 1473414847 914253529 start: 1473414845 99292918
t_num: 8 finish: 1473414849 83162486 start: 1473414843 522071171
t_num: 12 finish: 1473414849 84251427 start: 1473414844 910199795
t_num: 28 finish: 1473414849 608889947 start: 1473414846 84549984
t_num: 17 finish: 1473414849 702818390 start: 1473414847 348256621
t_num: 24 finish: 1473414849 702821754 start: 1473414846 85085262
t_num: 20 finish: 1473414849 853360964 start: 1473414845 878887253
t_num: 5 finish: 1473414849 853371616 start: 1473414846 746249915
t_num: 21 finish: 1473414849 853728359 start: 1473414847 21655560
t_num: 30 finish: 1473414850 414696724 start: 1473414845 735862588
t_num: 2 finish: 1473414850 693998768 start: 1473414846 85194105
t_num: 18 finish: 1473414850 959163026 start: 1473414846 419594677
t_num: 26 finish: 1473414851 245360976 start: 1473414846 491536980
t_num: 16 finish: 1473414851 251908217 start: 1473414847 576085254
t_num: 12 finish: 1473414851 716768054 start: 1473414849 84268130
t_num: 13 finish: 1473414851 823044375 start: 1473414849 337861689
t_num: 19 finish: 1473414852 488813465 start: 1473414847 914287057
t_num: 20 finish: 1473414852 666404864 start: 1473414849 853424957
t_num: 23 finish: 1473414852 729435803 start: 1473414845 98536953
t_num: 24 finish: 1473414853 412854298 start: 1473414849 702908270
t_num: 3 finish: 1473414853 412961794 start: 1473414849 338447973
t_num: 8 finish: 1473414853 549683283 start: 1473414849 764590549
t_num: 10 finish: 1473414853 549765794 start: 1473414847 839831018
t_num: 19 finish: 1473414853 887481712 start: 1473414852 488900491
t_num: 0 finish: 1473414854 465174000 start: 1473414850 513893162
t_num: 17 finish: 1473414854 465605924 start: 1473414849 702863587
t_num: 30 finish: 1473414854 874153235 start: 1473414851 555826051
t_num: 21 finish: 1473414855 25570684 start: 1473414851 555771628
t_num: 14 finish: 1473414855 401565535 start: 1473414850 513846725
t_num: 12 finish: 1473414855 963912090 start: 1473414851 716877398
t_num: 3 finish: 1473414855 963977959 start: 1473414853 412978671
t_num: 31 finish: 1473414856 110152377 start: 1473414852 362364361
t_num: 5 finish: 1473414856 454883663 start: 1473414852 884684553
t_num: 20 finish: 1473414856 768559430 start: 1473414853 412881018
t_num: 21 finish: 1473414856 828737440 start: 1473414855 25633377
t_num: 23 finish: 1473414856 848196412 start: 1473414852 729467264
t_num: 26 finish: 1473414856 930296845 start: 1473414853 255256178
t_num: 8 finish: 1473414857 403408728 start: 1473414853 549721764
t_num: 30 finish: 1473414857 849030880 start: 1473414854 874184758
t_num: 14 finish: 1473414858 363107087 start: 1473414855 401608786
t_num: 8 finish: 1473414860 10389378 start: 1473414858 85927946
t_num: 17 finish: 1473414860 184571952 start: 1473414856 570270902
t_num: 23 finish: 1473414860 305568043 start: 1473414856 848216291
t_num: 0 finish: 1473414860 902077035 start: 1473414856 110329519
t_num: 10 finish: 1473414860 962538863 start: 1473414854 874219794
t_num: 19 finish: 1473414861 257385055 start: 1473414854 645090492
t_num: 25 finish: 1473414861 257700021 start: 1473414855 85218107
t_num: 28 finish: 1473414861 391620646 start: 1473414857 316340605
t_num: 12 finish: 1473414861 451585552 start: 1473414858 245782826
t_num: 20 finish: 1473414861 998402933 start: 1473414856 768611370
t_num: 30 finish: 1473414862 194735285 start: 1473414858 623539773
t_num: 15 finish: 1473414862 692241537 start: 1473414859 260428014
t_num: 5 finish: 1473414862 930644206 start: 1473414859 260334642
t_num: 2 finish: 1473414863 791973199 start: 1473414861 257559787
t_num: 6 finish: 1473414863 988412799 start: 1473414859 624591831
t_num: 1 finish: 1473414864 216746156 start: 1473414860 166048381
t_num: 21 finish: 1473414864 579120957 start: 1473414856 828780703
t_num: 31 finish: 1473414864 977006924 start: 1473414859 167567520
t_num: 27 finish: 1473414865 177582786 start: 1473414861 200578702
t_num: 16 finish: 1473414865 779937280 start: 1473414861 451376025
t_num: 0 finish: 1473414865 854654028 start: 1473414860 902122278
t_num: 17 finish: 1473414867 175727004 start: 1473414864 576784266
t_num: 2 finish: 1473414867 184708916 start: 1473414863 792011246
t_num: 11 finish: 1473414867 185477080 start: 1473414861 257475317
t_num: 29 finish: 1473414867 816253375 start: 1473414863 552872570
t_num: 21 finish: 1473414868 868923690 start: 1473414864 579148217
t_num: 28 finish: 1473414868 871581263 start: 1473414866 163460125
t_num: 12 finish: 1473414868 873963448 start: 1473414861 813895563
t_num: 6 finish: 1473414868 878437983 start: 1473414865 639057411
t_num: 31 finish: 1473414868 878778496 start: 1473414864 977048497
t_num: 23 finish: 1473414869 15277124 start: 1473414863 608861550
t_num: 10 finish: 1473414869 225661478 start: 1473414865 851273794
t_num: 30 finish: 1473414869 610105079 start: 1473414862 194770756
t_num: 16 finish: 1473414870 64901493 start: 1473414867 283674126
t_num: 1 finish: 1473414870 108068532 start: 1473414864 216785926
t_num: 0 finish: 1473414870 794445849 start: 1473414865 854675543
t_num: 7 finish: 1473414870 908209747 start: 1473414868 868870409
t_num: 17 finish: 1473414871 135980519 start: 1473414867 175753651
t_num: 5 finish: 1473414871 408457418 start: 1473414865 615265278
t_num: 6 finish: 1473414871 559383063 start: 1473414868 878457842
t_num: 4 finish: 1473414872 32660869 start: 1473414868 874748411
t_num: 18 finish: 1473414872 32749142 start: 1473414864 242707268
t_num: 29 finish: 1473414872 389171284 start: 1473414868 878627972
t_num: 27 finish: 1473414873 297192673 start: 1473414868 391412888
t_num: 22 finish: 1473414873 392128883 start: 1473414866 164048527
t_num: 10 finish: 1473414873 688846453 start: 1473414869 225691121
t_num: 3 finish: 1473414874 283146870 start: 1473414871 36280132
t_num: 0 finish: 1473414874 308754453 start: 1473414870 794523241
t_num: 21 finish: 1473414874 558483213 start: 1473414872 32507666
t_num: 5 finish: 1473414874 580118444 start: 1473414871 408507177
t_num: 28 finish: 1473414875 141426812 start: 1473414868 871602474
t_num: 30 finish: 1473414875 197396144 start: 1473414869 610169419
t_num: 25 finish: 1473414875 664995333 start: 1473414869 151008142
t_num: 29 finish: 1473414875 665812938 start: 1473414872 389206977
t_num: 17 finish: 1473414876 283815312 start: 1473414871 136024387
t_num: 16 finish: 1473414876 469342780 start: 1473414872 33552970
t_num: 6 finish: 1473414876 686815263 start: 1473414873 94506767
t_num: 13 finish: 1473414877 245659168 start: 1473414875 125267388
t_num: 27 finish: 1473414877 246322505 start: 1473414873 297225414
t_num: 22 finish: 1473414877 587044093 start: 1473414874 285406326
t_num: 7 finish: 1473414878 102758115 start: 1473414874 524020667
t_num: 24 finish: 1473414878 103716900 start: 1473414875 650271155
t_num: 30 finish: 1473414878 103864203 start: 1473414875 197427108
t_num: 4 finish: 1473414878 503494436 start: 1473414876 283842948
t_num: 0 finish: 1473414878 621018751 start: 1473414875 825357562
t_num: 31 finish: 1473414878 914390669 start: 1473414874 283706422
t_num: 1 finish: 1473414879 199721340 start: 1473414875 388456600
t_num: 25 finish: 1473414879 370616158 start: 1473414875 665025671
t_num: 26 finish: 1473414880 2881260 start: 1473414877 107708459
t_num: 8 finish: 1473414880 7172822 start: 1473414877 246346980
t_num: 17 finish: 1473414880 331842045 start: 1473414876 283867583
t_num: 18 finish: 1473414880 331919963 start: 1473414875 508919667
t_num: 14 finish: 1473414880 470057822 start: 1473414877 218890368
t_num: 22 finish: 1473414881 216041857 start: 1473414877 587078223
t_num: 6 finish: 1473414881 356421411 start: 1473414876 686861029
t_num: 0 finish: 1473414881 501572815 start: 1473414878 621050232
t_num: 30 finish: 1473414881 502518692 start: 1473414878 103883338
t_num: 13 finish: 1473414882 70523040 start: 1473414877 245687752
t_num: 4 finish: 1473414882 759822393 start: 1473414878 503539649
t_num: 20 finish: 1473414882 759825889 start: 1473414880 6754874
t_num: 16 finish: 1473414883 284914352 start: 1473414878 103698046
t_num: 1 finish: 1473414883 427949789 start: 1473414879 199761860
t_num: 18 finish: 1473414883 428009988 start: 1473414880 331934823
t_num: 29 finish: 1473414883 428081145 start: 1473414878 103634958
t_num: 11 finish: 1473414883 627090269 start: 1473414880 6703177
t_num: 17 finish: 1473414883 627654811 start: 1473414880 331886080
t_num: 14 finish: 1473414883 628043643 start: 1473414881 357450137
t_num: 7 finish: 1473414884 113204668 start: 1473414879 370636461
t_num: 19 finish: 1473414885 96447892 start: 1473414881 201206495
t_num: 24 finish: 1473414885 96500170 start: 1473414880 7121227
t_num: 23 finish: 1473414885 96711762 start: 1473414881 654503480
t_num: 6 finish: 1473414885 192337329 start: 1473414881 356445419
t_num: 17 finish: 1473414885 793101155 start: 1473414883 627674538
t_num: 14 finish: 1473414886 724091110 start: 1473414883 628064075
t_num: 26 finish: 1473414886 751395151 start: 1473414880 2947986
t_num: 25 finish: 1473414886 952404182 start: 1473414882 221706987
t_num: 4 finish: 1473414887 520713533 start: 1473414884 112887871
t_num: 10 finish: 1473414888 350701990 start: 1473414883 963675238
t_num: 18 finish: 1473414888 896496821 start: 1473414883 428029846
t_num: 7 finish: 1473414889 709139858 start: 1473414884 113232059
t_num: 19 finish: 1473414889 736764942 start: 1473414885 579077390
t_num: 13 finish: 1473414889 848622509 start: 1473414882 70568263
t_num: 29 finish: 1473414889 958851052 start: 1473414887 868986263
t_num: 0 finish: 1473414890 259375625 start: 1473414886 830442720
t_num: 24 finish: 1473414890 952709154 start: 1473414886 951690176
t_num: 1 finish: 1473414890 952787091 start: 1473414886 951652276
t_num: 6 finish: 1473414891 47226419 start: 1473414885 192382657
t_num: 14 finish: 1473414891 47235360 start: 1473414886 724135497
t_num: 17 finish: 1473414891 149393418 start: 1473414885 793187927
t_num: 11 finish: 1473414891 548819737 start: 1473414885 21552587
t_num: 5 finish: 1473414891 942994834 start: 1473414888 919670937
t_num: 26 finish: 1473414892 557922033 start: 1473414886 751421773
t_num: 20 finish: 1473414892 730846380 start: 1473414885 23141284
t_num: 4 finish: 1473414892 731578351 start: 1473414887 520748640
t_num: 13 finish: 1473414892 781616363 start: 1473414889 848641240
t_num: 2 finish: 1473414892 801389161 start: 1473414889 848578906
t_num: 29 finish: 1473414894 603879261 start: 1473414889 958894100
t_num: 24 finish: 1473414894 771887568 start: 1473414891 809013839
t_num: 7 finish: 1473414895 529141137 start: 1473414889 709179395
t_num: 5 finish: 1473414895 648947128 start: 1473414891 943038774
t_num: 19 finish: 1473414895 649035860 start: 1473414889 877471010
t_num: 18 finish: 1473414895 738278939 start: 1473414890 19337228
t_num: 25 finish: 1473414895 777545420 start: 1473414891 550495799
t_num: 13 finish: 1473414896 286775520 start: 1473414892 781637196
t_num: 14 finish: 1473414896 749530531 start: 1473414891 47269554
t_num: 21 finish: 1473414896 807266119 start: 1473414893 610285168
t_num: 31 finish: 1473414896 864800775 start: 1473414891 807904493
t_num: 20 finish: 1473414897 613449771 start: 1473414893 476914626
t_num: 3 finish: 1473414897 614086243 start: 1473414894 984304277
t_num: 17 finish: 1473414898 458623014 start: 1473414892 761904012
t_num: 26 finish: 1473414898 462774106 start: 1473414893 480788699
t_num: 10 finish: 1473414898 886036030 start: 1473414891 850866794
t_num: 2 finish: 1473414899 55501162 start: 1473414892 801409236
t_num: 4 finish: 1473414899 109294698 start: 1473414892 731599867
t_num: 9 finish: 1473414899 136083519 start: 1473414892 958583437
t_num: 6 finish: 1473414899 195159679 start: 1473414894 8336516
t_num: 5 finish: 1473414900 260651671 start: 1473414895 648974116
t_num: 7 finish: 1473414900 960815372 start: 1473414898 9467771
t_num: 14 finish: 1473414901 238602216 start: 1473414898 9708473
t_num: 24 finish: 1473414901 405169096 start: 1473414896 121839262
t_num: 3 finish: 1473414901 426850887 start: 1473414897 614103030
t_num: 0 finish: 1473414901 699961810 start: 1473414895 648854245
t_num: 15 finish: 1473414901 700295275 start: 1473414898 335507941
t_num: 18 finish: 1473414901 823335795 start: 1473414896 7022523
t_num: 25 finish: 1473414902 523419026 start: 1473414895 777572001
t_num: 19 finish: 1473414902 840764235 start: 1473414898 744330204
t_num: 20 finish: 1473414903 533574247 start: 1473414897 613489950
t_num: 8 finish: 1473414903 566821699 start: 1473414898 282869070
t_num: 9 finish: 1473414903 569275177 start: 1473414900 102572377
t_num: 21 finish: 1473414903 605301131 start: 1473414898 298815799
t_num: 13 finish: 1473414903 724275037 start: 1473414898 9510714
t_num: 2 finish: 1473414904 274834277 start: 1473414899 55543812
t_num: 15 finish: 1473414905 36159410 start: 1473414901 700314502
t_num: 7 finish: 1473414905 36228265 start: 1473414901 700106506
t_num: 27 finish: 1473414905 36655978 start: 1473414900 108950174
t_num: 10 finish: 1473414905 36821667 start: 1473414901 699411850
t_num: 5 finish: 1473414905 117410216 start: 1473414903 136617103
t_num: 18 finish: 1473414905 117515583 start: 1473414901 823370739
t_num: 23 finish: 1473414905 412013923 start: 1473414904 21157383
t_num: 6 finish: 1473414905 801568486 start: 1473414901 699649035
t_num: 0 finish: 1473414905 801671751 start: 1473414903 136591325
t_num: 22 finish: 1473414905 843479742 start: 1473414899 55638428
t_num: 21 finish: 1473414905 843518677 start: 1473414903 605325041
t_num: 3 finish: 1473414905 843581428 start: 1473414901 426881984
t_num: 14 finish: 1473414906 250127284 start: 1473414901 238635193
t_num: 17 finish: 1473414906 519272421 start: 1473414901 698768093
t_num: 18 finish: 1473414906 519445190 start: 1473414905 117552485
t_num: 10 finish: 1473414908 98353808 start: 1473414905 36841559
t_num: 9 finish: 1473414909 72262985 start: 1473414903 569309795
t_num: 6 finish: 1473414909 226103651 start: 1473414905 801645016
t_num: 2 finish: 1473414909 427368427 start: 1473414904 274861911
t_num: 1 finish: 1473414909 873265588 start: 1473414904 274491015
t_num: 11 finish: 1473414910 481542970 start: 1473414907 365714279
t_num: 7 finish: 1473414910 481749611 start: 1473414907 168569077
t_num: 14 finish: 1473414910 828254031 start: 1473414906 250152462
t_num: 25 finish: 1473414911 674226058 start: 1473414904 274429283
t_num: 8 finish: 1473414912 336765267 start: 1473414907 168596117
t_num: 20 finish: 1473414912 336860118 start: 1473414906 519285876
t_num: 5 finish: 1473414912 336869027 start: 1473414907 168773345
t_num: 26 finish: 1473414912 354852318 start: 1473414906 250138616
t_num: 15 finish: 1473414912 591372700 start: 1473414907 169044827
t_num: 13 finish: 1473414913 76011286 start: 1473414905 844098787
t_num: 21 finish: 1473414913 892449435 start: 1473414907 672443609
t_num: 4 finish: 1473414913 916963978 start: 1473414908 230815322
t_num: 0 finish: 1473414913 925011040 start: 1473414908 229963594
t_num: 6 finish: 1473414913 925279273 start: 1473414909 226148093
t_num: 30 finish: 1473414914 118080526 start: 1473414911 21161489
t_num: 27 finish: 1473414914 237891597 start: 1473414908 37722127
t_num: 13 finish: 1473414914 369827036 start: 1473414913 76053590
t_num: 14 finish: 1473414914 470743295 start: 1473414913 376860179
t_num: 8 finish: 1473414915 341431278 start: 1473414912 336840593
t_num: 11 finish: 1473414915 437190806 start: 1473414910 481591595
t_num: 3 finish: 1473414915 547224188 start: 1473414909 699810515
t_num: 9 finish: 1473414915 638592274 start: 1473414911 674299091
t_num: 17 finish: 1473414916 5249981 start: 1473414912 336797196
t_num: 26 finish: 1473414916 458400143 start: 1473414912 354894860
t_num: 23 finish: 1473414916 458458246 start: 1473414909 873265583
t_num: 1 finish: 1473414916 459163318 start: 1473414912 129917114
t_num: 25 finish: 1473414917 701176882 start: 1473414911 674332285
t_num: 29 finish: 1473414918 916420319 start: 1473414911 364481193
t_num: 27 finish: 1473414918 920030547 start: 1473414914 237927344
t_num: 13 finish: 1473414918 952667845 start: 1473414916 390655771
t_num: 0 finish: 1473414919 39437120 start: 1473414913 925045123
t_num: 26 finish: 1473414919 178626304 start: 1473414916 458434079
t_num: 7 finish: 1473414920 706784163 start: 1473414916 390375733
t_num: 1 finish: 1473414920 961812207 start: 1473414916 459181257
t_num: 8 finish: 1473414921 102026686 start: 1473414915 341476399
t_num: 9 finish: 1473414921 382949684 start: 1473414917 137872320
t_num: 5 finish: 1473414921 722015520 start: 1473414916 390430620
t_num: 17 finish: 1473414921 722056897 start: 1473414916 5287660
t_num: 2 finish: 1473414921 975285418 start: 1473414916 458504705
t_num: 31 finish: 1473414921 976097005 start: 1473414917 496064881
t_num: 29 finish: 1473414921 976300843 start: 1473414918 916451752
t_num: 26 finish: 1473414921 977675501 start: 1473414919 178671581
t_num: 4 finish: 1473414922 989150866 start: 1473414916 458674717
t_num: 15 finish: 1473414923 673835074 start: 1473414917 590027580
t_num: 14 finish: 1473414923 700732034 start: 1473414919 674585947
t_num: 13 finish: 1473414924 13852124 start: 1473414918 952686497
t_num: 0 finish: 1473414924 312651097 start: 1473414920 195696769
t_num: 7 finish: 1473414924 386377481 start: 1473414921 722329473
t_num: 1 finish: 1473414924 796761226 start: 1473414920 961848762
t_num: 21 finish: 1473414925 776560491 start: 1473414917 934187595
t_num: 27 finish: 1473414926 142087022 start: 1473414922 468540293
t_num: 29 finish: 1473414926 142351662 start: 1473414921 976319283
t_num: 25 finish: 1473414926 221704871 start: 1473414921 722355073
t_num: 16 finish: 1473414926 309422589 start: 1473414923 532541891
t_num: 28 finish: 1473414926 401923582 start: 1473414922 982707789
t_num: 18 finish: 1473414926 633606959 start: 1473414924 115466971
t_num: 7 finish: 1473414926 651542231 start: 1473414924 879234163
t_num: 13 finish: 1473414926 709695684 start: 1473414924 13910656
t_num: 2 finish: 1473414926 744589189 start: 1473414921 975373941
t_num: 17 finish: 1473414926 937000230 start: 1473414921 722078928
t_num: 19 finish: 1473414926 937000255 start: 1473414923 253480200
t_num: 31 finish: 1473414926 947095762 start: 1473414921 976117848
t_num: 14 finish: 1473414928 68033963 start: 1473414923 700751654
t_num: 10 finish: 1473414928 68053347 start: 1473414924 264675738
t_num: 5 finish: 1473414928 112410849 start: 1473414922 288150017
t_num: 4 finish: 1473414928 948821989 start: 1473414925 126063622
t_num: 22 finish: 1473414929 953333679 start: 1473414924 891489390
t_num: 8 finish: 1473414929 953351246 start: 1473414924 264693948
t_num: 18 finish: 1473414929 953404731 start: 1473414926 633651921
t_num: 0 finish: 1473414929 953910997 start: 1473414925 424776373
t_num: 20 finish: 1473414929 954078590 start: 1473414926 142184322
t_num: 27 finish: 1473414930 374061790 start: 1473414928 949149124
t_num: 14 finish: 1473414930 795575723 start: 1473414928 68091744
t_num: 16 finish: 1473414931 14180258 start: 1473414926 309456745
t_num: 13 finish: 1473414931 53114530 start: 1473414926 709718555
t_num: 31 finish: 1473414932 32629229 start: 1473414926 947119496
t_num: 25 finish: 1473414932 162349217 start: 1473414926 221739649
t_num: 5 finish: 1473414932 221870839 start: 1473414928 112431956
t_num: 7 finish: 1473414932 519643823 start: 1473414926 739331238
t_num: 3 finish: 1473414932 817102505 start: 1473414928 720758461
t_num: 21 finish: 1473414933 206779769 start: 1473414928 948915153
t_num: 24 finish: 1473414933 815329503 start: 1473414927 958325348
t_num: 13 finish: 1473414933 815368122 start: 1473414931 53131304
t_num: 28 finish: 1473414933 815553488 start: 1473414929 29524336
t_num: 27 finish: 1473414933 815567470 start: 1473414930 374098488
t_num: 0 finish: 1473414933 815688782 start: 1473414929 953931895
t_num: 19 finish: 1473414934 262114892 start: 1473414926 937101390
t_num: 6 finish: 1473414934 262133583 start: 1473414930 232532753
t_num: 21 finish: 1473414934 823068686 start: 1473414933 206810463
t_num: 23 finish: 1473414934 823132883 start: 1473414933 40960437
t_num: 4 finish: 1473414934 823155687 start: 1473414931 142454867
t_num: 16 finish: 1473414935 146319139 start: 1473414932 162256311
t_num: 8 finish: 1473414935 449139613 start: 1473414932 638656117
t_num: 14 finish: 1473414935 622372921 start: 1473414933 49716397
t_num: 31 finish: 1473414936 146473353 start: 1473414932 32747508
t_num: 20 finish: 1473414936 890220672 start: 1473414933 439538755
t_num: 28 finish: 1473414938 282004684 start: 1473414933 815572007
t_num: 25 finish: 1473414938 284265680 start: 1473414932 162376521
t_num: 4 finish: 1473414938 819003977 start: 1473414934 823172251
t_num: 2 finish: 1473414939 273930607 start: 1473414934 113248950
t_num: 7 finish: 1473414939 275354114 start: 1473414936 973773199
t_num: 27 finish: 1473414939 275722440 start: 1473414933 815582408
t_num: 0 finish: 1473414939 792615590 start: 1473414933 815706971
t_num: 17 finish: 1473414939 868668682 start: 1473414935 146348607
t_num: 24 finish: 1473414939 949962456 start: 1473414933 815376281
t_num: 26 finish: 1473414940 630875372 start: 1473414934 341957239
t_num: 20 finish: 1473414941 59057817 start: 1473414936 890241193
t_num: 12 finish: 1473414941 418635637 start: 1473414936 608438853
t_num: 19 finish: 1473414941 525774195 start: 1473414934 262146439
t_num: 11 finish: 1473414941 775527134 start: 1473414938 726268415
t_num: 8 finish: 1473414942 171513955 start: 1473414938 279741635
t_num: 6 finish: 1473414942 334880575 start: 1473414938 698459975
t_num: 14 finish: 1473414942 335108210 start: 1473414936 538356072
t_num: 0 finish: 1473414943 37947528 start: 1473414939 792660365
t_num: 3 finish: 1473414943 482715268 start: 1473414938 793878439
t_num: 15 finish: 1473414943 482940244 start: 1473414938 926416456
t_num: 27 finish: 1473414943 645275767 start: 1473414939 275741970
t_num: 26 finish: 1473414943 645275767 start: 1473414940 630909856
t_num: 20 finish: 1473414943 819609922 start: 1473414941 59092488
t_num: 21 finish: 1473414943 819672877 start: 1473414936 889638603
t_num: 2 finish: 1473414944 213175814 start: 1473414941 526031803
t_num: 14 finish: 1473414944 301524953 start: 1473414942 335126816
t_num: 18 finish: 1473414944 477151207 start: 1473414941 711668516
t_num: 16 finish: 1473414944 671306525 start: 1473414939 443347445
t_num: 24 finish: 1473414944 955616855 start: 1473414943 449450478
t_num: 19 finish: 1473414945 59071712 start: 1473414941 525849347
t_num: 11 finish: 1473414945 61721623 start: 1473414941 775571057
t_num: 11 finish: 1473414945 226844713 start: 1473414945 61737671
t_num: 29 finish: 1473414946 307165871 start: 1473414942 289521963
t_num: 13 finish: 1473414946 606764499 start: 1473414941 775557882
t_num: 6 finish: 1473414946 606855317 start: 1473414942 334909076
t_num: 12 finish: 1473414947 900416001 start: 1473414941 418695319
t_num: 17 finish: 1473414947 900511920 start: 1473414943 482993307
t_num: 11 finish: 1473414948 807082921 start: 1473414945 226878329
t_num: 20 finish: 1473414948 934879974 start: 1473414945 448667892
t_num: 27 finish: 1473414949 177717827 start: 1473414943 645330629
t_num: 13 finish: 1473414949 774707635 start: 1473414946 606807564
t_num: 29 finish: 1473414949 966750829 start: 1473414946 307220144
t_num: 15 finish: 1473414949 967444607 start: 1473414943 482961009
t_num: 2 finish: 1473414949 967540960 start: 1473414944 213207540
t_num: 21 finish: 1473414949 967757698 start: 1473414943 819884681
t_num: 3 finish: 1473414950 90062432 start: 1473414947 110601517
t_num: 5 finish: 1473414950 199593285 start: 1473414946 475396266
t_num: 0 finish: 1473414950 576078004 start: 1473414946 476078948
t_num: 11 finish: 1473414950 911806595 start: 1473414948 807122298
t_num: 16 finish: 1473414951 618861679 start: 1473414948 156405854
t_num: 17 finish: 1473414951 650900960 start: 1473414947 900549580
t_num: 24 finish: 1473414951 683835947 start: 1473414947 900444416
t_num: 18 finish: 1473414951 939682478 start: 1473414944 477185884
t_num: 18 finish: 1473414954 591389351 start: 1473414951 939712843
t_num: 27 finish: 1473414954 740262719 start: 1473414951 478355898
t_num: 19 finish: 1473414955 267365551 start: 1473414947 900525400
t_num: 14 finish: 1473414955 301941762 start: 1473414949 966533741
t_num: 17 finish: 1473414955 307235964 start: 1473414951 650948106
t_num: 22 finish: 1473414955 851158036 start: 1473414950 728566420
t_num: 21 finish: 1473414955 851901537 start: 1473414949 967777087
t_num: 29 finish: 1473414955 851921431 start: 1473414952 820872692
t_num: 26 finish: 1473414955 852079975 start: 1473414948 982760234
t_num: 10 finish: 1473414955 993817009 start: 1473414952 785278639
t_num: 0 finish: 1473414956 951836955 start: 1473414950 576123613
t_num: 12 finish: 1473414956 951948150 start: 1473414949 265686472
t_num: 20 finish: 1473414957 5008687 start: 1473414950 89917196
t_num: 24 finish: 1473414957 84893555 start: 1473414953 267812601
t_num: 13 finish: 1473414957 689708825 start: 1473414949 774771301
t_num: 4 finish: 1473414958 830094938 start: 1473414951 588593235
t_num: 27 finish: 1473414959 296212264 start: 1473414954 740296583
t_num: 30 finish: 1473414959 321854673 start: 1473414953 270129470
t_num: 26 finish: 1473414959 723153816 start: 1473414955 852097332
t_num: 29 finish: 1473414959 723736402 start: 1473414955 851937651
t_num: 15 finish: 1473414960 86995340 start: 1473414955 320602248
t_num: 21 finish: 1473414960 87012930 start: 1473414955 851919820
t_num: 22 finish: 1473414960 145461677 start: 1473414955 851185532
t_num: 23 finish: 1473414960 145484048 start: 1473414955 615542522
t_num: 16 finish: 1473414960 797737334 start: 1473414958 234743266
t_num: 17 finish: 1473414960 931473834 start: 1473414955 851855509
t_num: 13 finish: 1473414961 364284684 start: 1473414957 689752106
t_num: 19 finish: 1473414961 528816348 start: 1473414958 931196024
t_num: 24 finish: 1473414962 234923855 start: 1473414958 599737789
t_num: 10 finish: 1473414962 338197234 start: 1473414957 569111477
t_num: 14 finish: 1473414962 497070225 start: 1473414955 301972640
t_num: 28 finish: 1473414962 565111634 start: 1473414957 876197881
t_num: 11 finish: 1473414964 15301504 start: 1473414959 723158704
t_num: 30 finish: 1473414964 133924513 start: 1473414959 321879593
t_num: 20 finish: 1473414964 181918970 start: 1473414957 5031297
t_num: 17 finish: 1473414965 286511862 start: 1473414960 931513238
t_num: 3 finish: 1473414965 444036244 start: 1473414962 287102074
t_num: 1 finish: 1473414966 334099334 start: 1473414960 875947872
t_num: 21 finish: 1473414966 349511864 start: 1473414961 610900988
t_num: 27 finish: 1473414966 369889085 start: 1473414959 296258348
t_num: 4 finish: 1473414966 392494106 start: 1473414960 372969497
t_num: 25 finish: 1473414966 467945153 start: 1473414960 874845727
t_num: 31 finish: 1473414966 515229351 start: 1473414960 145523436
t_num: 23 finish: 1473414966 563967502 start: 1473414960 145556926
t_num: 13 finish: 1473414966 693161914 start: 1473414961 364309819
t_num: 16 finish: 1473414966 764956212 start: 1473414960 797768136
t_num: 10 finish: 1473414967 798617184 start: 1473414964 15327750
t_num: 19 finish: 1473414967 800658595 start: 1473414964 633429809
t_num: 15 finish: 1473414968 103164204 start: 1473414962 235048342
t_num: 2 finish: 1473414968 138322706 start: 1473414964 12280289
t_num: 28 finish: 1473414968 752604857 start: 1473414965 77984461
t_num: 11 finish: 1473414968 814762878 start: 1473414964 15346462
t_num: 21 finish: 1473414968 859305394 start: 1473414966 349532605
t_num: 4 finish: 1473414969 112519673 start: 1473414966 392512671
t_num: 30 finish: 1473414969 291003014 start: 1473414964 133982672
t_num: 9 finish: 1473414969 672794278 start: 1473414964 637906051
t_num: 7 finish: 1473414970 89287733 start: 1473414962 977211864
t_num: 1 finish: 1473414970 422864697 start: 1473414966 334143522
t_num: 22 finish: 1473414970 703043788 start: 1473414967 352264255
t_num: 23 finish: 1473414970 705528346 start: 1473414967 733158242
t_num: 19 finish: 1473414970 705743904 start: 1473414967 800679697
t_num: 2 finish: 1473414970 705778544 start: 1473414968 138347796
t_num: 3 finish: 1473414970 706338556 start: 1473414967 154415744
t_num: 20 finish: 1473414971 8355143 start: 1473414965 878012729
t_num: 10 finish: 1473414971 8364249 start: 1473414967 798650464
t_num: 25 finish: 1473414971 327037911 start: 1473414968 46691858
t_num: 14 finish: 1473414971 446218200 start: 1473414965 77948845
t_num: 1 finish: 1473414972 264918758 start: 1473414970 422898558
t_num: 17 finish: 1473414972 569839518 start: 1473414968 859330930
t_num: 31 finish: 1473414972 569884620 start: 1473414967 634135563
t_num: 3 finish: 1473414973 80182662 start: 1473414970 706357830
t_num: 28 finish: 1473414973 577766828 start: 1473414968 752651928
t_num: 30 finish: 1473414974 308068580 start: 1473414969 291045974
t_num: 4 finish: 1473414974 452504889 start: 1473414969 539998067
t_num: 11 finish: 1473414974 532095905 start: 1473414970 957198822
t_num: 9 finish: 1473414974 610453455 start: 1473414970 263074463
t_num: 25 finish: 1473414974 665475473 start: 1473414971 327066350
t_num: 0 finish: 1473414975 237107228 start: 1473414970 955590047
t_num: 23 finish: 1473414975 307097619 start: 1473414970 705549801
t_num: 22 finish: 1473414975 335945769 start: 1473414972 569953931
t_num: 17 finish: 1473414976 69683898 start: 1473414972 569885214
t_num: 20 finish: 1473414977 18353057 start: 1473414972 13257184
t_num: 31 finish: 1473414977 18435702 start: 1473414975 193220029
t_num: 25 finish: 1473414977 18670713 start: 1473414974 665535796
t_num: 15 finish: 1473414977 217355884 start: 1473414971 671376621
t_num: 3 finish: 1473414978 161820672 start: 1473414973 80248820
t_num: 6 finish: 1473414978 161820672 start: 1473414975 193249946
t_num: 0 finish: 1473414979 333271475 start: 1473414975 237154237
t_num: 14 finish: 1473414979 333327638 start: 1473414973 577842429
t_num: 1 finish: 1473414979 334017100 start: 1473414972 264985771
t_num: 15 finish: 1473414979 334131161 start: 1473414977 217412968
t_num: 4 finish: 1473414979 334276846 start: 1473414974 452575213
t_num: 21 finish: 1473414979 334453748 start: 1473414974 448163444
t_num: 30 finish: 1473414979 334551629 start: 1473414977 134621274
t_num: 22 finish: 1473414979 334580757 start: 1473414975 335991225
t_num: 18 finish: 1473414979 334983707 start: 1473414974 452531042
t_num: 7 finish: 1473414979 335137263 start: 1473414975 193194228
t_num: 20 finish: 1473414979 426199514 start: 1473414977 18390614
t_num: 28 finish: 1473414980 146787108 start: 1473414974 690793838
t_num: 31 finish: 1473414980 429577082 start: 1473414977 18455940
t_num: 21 finish: 1473414982 944142693 start: 1473414979 334474058
t_num: 16 finish: 1473414982 944369477 start: 1473414977 561506971
t_num: 29 finish: 1473414982 944591978 start: 1473414977 984023318
t_num: 3 finish: 1473414982 944948699 start: 1473414978 161872734
t_num: 18 finish: 1473414983 68071376 start: 1473414979 335001838
t_num: 12 finish: 1473414983 181740712 start: 1473414979 333078037
t_num: 15 finish: 1473414984 197887283 start: 1473414979 334151082
t_num: 30 finish: 1473414984 867255807 start: 1473414979 334570932
t_num: 26 finish: 1473414984 974213551 start: 1473414979 741969376
t_num: 14 finish: 1473414984 974238144 start: 1473414982 944155116
t_num: 6 finish: 1473414985 328190731 start: 1473414979 901895665
t_num: 4 finish: 1473414985 328226163 start: 1473414979 334296577
t_num: 0 finish: 1473414986 3953222 start: 1473414980 827023703
t_num: 22 finish: 1473414986 106583416 start: 1473414982 943823728
t_num: 13 finish: 1473414986 107340130 start: 1473414982 14781103
t_num: 5 finish: 1473414986 359752258 start: 1473414982 945300957
t_num: 20 finish: 1473414986 704819596 start: 1473414980 90654848
t_num: 1 finish: 1473414986 704984373 start: 1473414980 745174826
t_num: 8 finish: 1473414987 36852907 start: 1473414980 533821725
t_num: 16 finish: 1473414987 341044524 start: 1473414982 944389586
t_num: 12 finish: 1473414987 856657501 start: 1473414984 449495366
t_num: 14 finish: 1473414988 200188376 start: 1473414984 974341467
t_num: 0 finish: 1473414988 341138712 start: 1473414986 4001858
t_num: 26 finish: 1473414988 922887153 start: 1473414984 974292483
t_num: 4 finish: 1473414988 992617503 start: 1473414985 328241690
t_num: 30 finish: 1473414989 51698762 start: 1473414984 867300649
t_num: 3 finish: 1473414989 129514443 start: 1473414983 632032974
t_num: 7 finish: 1473414990 19023393 start: 1473414983 979902703
t_num: 19 finish: 1473414990 117025362 start: 1473414986 705865564
t_num: 24 finish: 1473414990 282635778 start: 1473414986 601462996
t_num: 6 finish: 1473414990 283362811 start: 1473414985 328354943
t_num: 15 finish: 1473414990 285303079 start: 1473414985 144348957
t_num: 27 finish: 1473414990 814193855 start: 1473414987 975952847
t_num: 1 finish: 1473414991 100513943 start: 1473414989 377604478
t_num: 22 finish: 1473414991 507734058 start: 1473414986 106627938
t_num: 2 finish: 1473414991 575788852 start: 1473414986 925043654
t_num: 21 finish: 1473414991 741807356 start: 1473414986 706008215
t_num: 14 finish: 1473414991 910917669 start: 1473414989 483786593
t_num: 19 finish: 1473414992 278081747 start: 1473414990 117085625
t_num: 12 finish: 1473414992 360285028 start: 1473414987 856706204
t_num: 4 finish: 1473414992 460103258 start: 1473414988 992655589
t_num: 13 finish: 1473414993 661693024 start: 1473414989 760463022
t_num: 6 finish: 1473414993 810472558 start: 1473414990 348524392
t_num: 5 finish: 1473414993 875929721 start: 1473414987 340317271
t_num: 11 finish: 1473414993 996112828 start: 1473414989 735702870
t_num: 16 finish: 1473414994 173874714 start: 1473414988 462086422
t_num: 23 finish: 1473414994 623284682 start: 1473414989 710477220
t_num: 10 finish: 1473414994 864083107 start: 1473414990 814231426
t_num: 14 finish: 1473414995 462942801 start: 1473414991 910963355
t_num: 1 finish: 1473414995 738998051 start: 1473414992 598005048
t_num: 2 finish: 1473414995 804143739 start: 1473414991 575829604
t_num: 21 finish: 1473414996 61206902 start: 1473414991 741847697
t_num: 7 finish: 1473414996 62285528 start: 1473414991 466930119
t_num: 31 finish: 1473414996 478497202 start: 1473414994 173915940
t_num: 23 finish: 1473414996 548173329 start: 1473414994 623375801
t_num: 26 finish: 1473414997 565873635 start: 1473414991 468263256
t_num: 15 finish: 1473414997 653900502 start: 1473414990 285324368
t_num: 22 finish: 1473414998 215012604 start: 1473414991 507761211
t_num: 19 finish: 1473414998 314702382 start: 1473414993 317497848
t_num: 14 finish: 1473414998 393992885 start: 1473414995 462985947
t_num: 4 finish: 1473414998 966626593 start: 1473414994 623246995
t_num: 11 finish: 1473414999 355111891 start: 1473414993 996141216
t_num: 9 finish: 1473414999 712011446 start: 1473414994 67754431
t_num: 13 finish: 1473414999 712015370 start: 1473414994 557076368
t_num: 16 finish: 1473414999 804082717 start: 1473414994 173980508
t_num: 21 finish: 1473415000 160547157 start: 1473414996 61251966
t_num: 8 finish: 1473415000 514534584 start: 1473414995 352758797
t_num: 25 finish: 1473415000 815254138 start: 1473414997 345205073
t_num: 6 finish: 1473415001 194742919 start: 1473414997 513742963
t_num: 2 finish: 1473415001 938508201 start: 1473414997 61463002
t_num: 18 finish: 1473415002 44244786 start: 1473414998 966682318
t_num: 7 finish: 1473415002 372913813 start: 1473414998 971724045
t_num: 1 finish: 1473415002 443208157 start: 1473414996 440065544
t_num: 14 finish: 1473415002 792322949 start: 1473414999 355170704
t_num: 8 finish: 1473415003 544815049 start: 1473415000 514558793
t_num: 15 finish: 1473415003 656781129 start: 1473414998 966287465
t_num: 31 finish: 1473415003 700272893 start: 1473414996 478541719
t_num: 26 finish: 1473415003 787485217 start: 1473415000 466234778
t_num: 5 finish: 1473415003 833165238 start: 1473414997 894403544
t_num: 11 finish: 1473415004 255281598 start: 1473414999 355164504
t_num: 9 finish: 1473415004 396321590 start: 1473415001 193440164
t_num: 23 finish: 1473415004 396329070 start: 1473414996 548202952
t_num: 24 finish: 1473415004 396894523 start: 1473414997 890902585
t_num: 25 finish: 1473415004 819263283 start: 1473415000 815305063
t_num: 29 finish: 1473415005 514619375 start: 1473415002 370384833
t_num: 28 finish: 1473415005 531557762 start: 1473414998 966301552
t_num: 15 finish: 1473415005 531573790 start: 1473415003 656825355
t_num: 1 finish: 1473415005 531604127 start: 1473415002 443231495
t_num: 6 finish: 1473415006 539094562 start: 1473415003 317591171
t_num: 2 finish: 1473415006 539355986 start: 1473415001 938551862
t_num: 24 finish: 1473415006 782998280 start: 1473415004 396915691
t_num: 8 finish: 1473415007 324031744 start: 1473415003 544849014
t_num: 25 finish: 1473415007 324886840 start: 1473415004 819305194
t_num: 9 finish: 1473415007 420608036 start: 1473415004 396367276
t_num: 16 finish: 1473415008 324628837 start: 1473415002 374944247
t_num: 11 finish: 1473415008 896874014 start: 1473415006 140184771
t_num: 17 finish: 1473415009 11115582 start: 1473415006 140653929
t_num: 27 finish: 1473415009 332553755 start: 1473415004 396397959
t_num: 2 finish: 1473415009 975950506 start: 1473415007 325492343
t_num: 14 finish: 1473415010 6731253 start: 1473415002 792366410
t_num: 20 finish: 1473415010 6736742 start: 1473415003 787701427
t_num: 18 finish: 1473415010 409176585 start: 1473415006 772674936
t_num: 28 finish: 1473415010 575970951 start: 1473415006 750006321
t_num: 19 finish: 1473415010 576014922 start: 1473415006 538885717
t_num: 25 finish: 1473415011 41374103 start: 1473415007 324909615
t_num: 6 finish: 1473415011 237175613 start: 1473415008 950195391
t_num: 15 finish: 1473415011 237232237 start: 1473415007 210891183
t_num: 11 finish: 1473415011 237449773 start: 1473415008 896909060
t_num: 1 finish: 1473415011 304907863 start: 1473415007 324170218
t_num: 13 finish: 1473415011 983663407 start: 1473415007 323954828
t_num: 31 finish: 1473415012 29685761 start: 1473415007 420896975
t_num: 16 finish: 1473415013 56025858 start: 1473415009 957358143
t_num: 3 finish: 1473415013 819480530 start: 1473415008 681487483
t_num: 2 finish: 1473415013 996022294 start: 1473415009 975977906
t_num: 29 finish: 1473415014 135840975 start: 1473415011 237207074
t_num: 17 finish: 1473415014 556524182 start: 1473415009 11138260
t_num: 28 finish: 1473415015 34138676 start: 1473415010 576011149
t_num: 19 finish: 1473415015 324891511 start: 1473415010 576033765
t_num: 27 finish: 1473415015 346869205 start: 1473415011 585818812
t_num: 9 finish: 1473415015 448341988 start: 1473415008 929830818
t_num: 18 finish: 1473415015 501098900 start: 1473415010 409199285
t_num: 30 finish: 1473415015 597552994 start: 1473415011 669576287
t_num: 22 finish: 1473415016 129736059 start: 1473415011 703183651
t_num: 20 finish: 1473415017 15979742 start: 1473415011 41447363
t_num: 13 finish: 1473415017 43920173 start: 1473415014 494017675
t_num: 10 finish: 1473415017 91310985 start: 1473415014 151793408
t_num: 18 finish: 1473415017 91665497 start: 1473415015 501123199
t_num: 3 finish: 1473415017 392774664 start: 1473415013 819534468
t_num: 25 finish: 1473415017 558695605 start: 1473415012 874608387
t_num: 0 finish: 1473415017 784420424 start: 1473415010 401854560
t_num: 31 finish: 1473415017 796218817 start: 1473415012 29717061
t_num: 7 finish: 1473415018 287623335 start: 1473415016 69697320
t_num: 11 finish: 1473415018 701456265 start: 1473415014 556556030
t_num: 30 finish: 1473415019 449132024 start: 1473415017 90705368
t_num: 22 finish: 1473415019 993890102 start: 1473415016 129769882
t_num: 27 finish: 1473415019 994431552 start: 1473415015 346906428
t_num: 9 finish: 1473415020 94905625 start: 1473415015 448369903
t_num: 12 finish: 1473415020 808997033 start: 1473415017 401873140
t_num: 17 finish: 1473415020 937609061 start: 1473415014 556599343
t_num: 29 finish: 1473415021 155247817 start: 1473415014 135884102
t_num: 20 finish: 1473415021 155247817 start: 1473415017 16017363
t_num: 16 finish: 1473415022 572840733 start: 1473415017 788340095
t_num: 18 finish: 1473415022 574053925 start: 1473415019 194762542
t_num: 2 finish: 1473415022 574589932 start: 1473415017 91620813
t_num: 28 finish: 1473415022 574592219 start: 1473415019 408275242
t_num: 13 finish: 1473415023 29517458 start: 1473415017 43955140
t_num: 0 finish: 1473415023 187281616 start: 1473415017 784464134
t_num: 31 finish: 1473415023 348599574 start: 1473415017 796241862
t_num: 3 finish: 1473415023 442673096 start: 1473415019 271529843
t_num: 7 finish: 1473415023 778173988 start: 1473415018 287666052
t_num: 30 finish: 1473415023 780279211 start: 1473415020 820247019
t_num: 15 finish: 1473415024 90161090 start: 1473415020 382661563
t_num: 10 finish: 1473415024 352719770 start: 1473415018 812299589
t_num: 24 finish: 1473415024 578101236 start: 1473415018 678559599
t_num: 27 finish: 1473415025 145922756 start: 1473415019 994452264
t_num: 11 finish: 1473415025 436420461 start: 1473415019 625281343
t_num: 8 finish: 1473415025 511755747 start: 1473415022 96982387
t_num: 22 finish: 1473415026 218296573 start: 1473415021 461360732
t_num: 12 finish: 1473415026 304409742 start: 1473415021 847498706
t_num: 17 finish: 1473415026 612719360 start: 1473415020 937655211
t_num: 18 finish: 1473415027 121187801 start: 1473415022 574075610
t_num: 20 finish: 1473415027 227492528 start: 1473415021 155847383
t_num: 1 finish: 1473415027 227499937 start: 1473415024 96136072
t_num: 0 finish: 1473415027 227553707 start: 1473415023 444137919
t_num: 10 finish: 1473415029 223449826 start: 1473415024 352764235
t_num: 11 finish: 1473415029 316918719 start: 1473415026 840197930
t_num: 16 finish: 1473415029 330519111 start: 1473415022 572886054
t_num: 24 finish: 1473415029 405857352 start: 1473415024 811005061
t_num: 22 finish: 1473415029 445939455 start: 1473415026 218336007
t_num: 1 finish: 1473415030 4509971 start: 1473415027 880147458
t_num: 30 finish: 1473415030 152196655 start: 1473415026 459733973
t_num: 12 finish: 1473415030 152218378 start: 1473415026 304434803
t_num: 0 finish: 1473415030 978676297 start: 1473415027 227572261
t_num: 13 finish: 1473415030 978737192 start: 1473415024 95073355
t_num: 15 finish: 1473415030 978810667 start: 1473415024 717364235
t_num: 8 finish: 1473415030 978887872 start: 1473415025 511798248
t_num: 27 finish: 1473415031 404880378 start: 1473415028 506997148
t_num: 5 finish: 1473415031 552380536 start: 1473415024 716491763
t_num: 14 finish: 1473415031 809879621 start: 1473415026 729058388
t_num: 18 finish: 1473415032 107258856 start: 1473415027 121222187
t_num: 28 finish: 1473415032 107264869 start: 1473415028 507094598
t_num: 3 finish: 1473415032 954726377 start: 1473415028 507049897
t_num: 23 finish: 1473415033 145028186 start: 1473415030 151931315
t_num: 5 finish: 1473415033 838456042 start: 1473415031 552427436
t_num: 16 finish: 1473415034 776384081 start: 1473415031 4206324
t_num: 17 finish: 1473415034 883157360 start: 1473415029 383379479
t_num: 27 finish: 1473415034 883398918 start: 1473415031 404941610
t_num: 1 finish: 1473415034 883557717 start: 1473415030 978623851
t_num: 21 finish: 1473415036 148432922 start: 1473415033 145742910
t_num: 14 finish: 1473415036 148432920 start: 1473415031 809952563
t_num: 19 finish: 1473415036 148786050 start: 1473415031 104237701
t_num: 22 finish: 1473415036 438677526 start: 1473415031 809926842
t_num: 23 finish: 1473415036 602765701 start: 1473415034 311383615
t_num: 11 finish: 1473415036 602769783 start: 1473415029 978915589
t_num: 13 finish: 1473415036 603780843 start: 1473415032 956075361
t_num: 16 finish: 1473415037 594040621 start: 1473415034 776618065
t_num: 3 finish: 1473415037 607289222 start: 1473415032 954773651
t_num: 12 finish: 1473415038 29140089 start: 1473415031 104259672
t_num: 26 finish: 1473415038 29989632 start: 1473415031 746222149
t_num: 31 finish: 1473415038 516513303 start: 1473415032 956194001
t_num: 30 finish: 1473415038 630421388 start: 1473415032 956295584
t_num: 24 finish: 1473415038 700613698 start: 1473415033 102538863
t_num: 17 finish: 1473415038 731849771 start: 1473415034 883187998
t_num: 14 finish: 1473415038 733472400 start: 1473415036 148510182
t_num: 28 finish: 1473415039 412011746 start: 1473415032 956129980
t_num: 22 finish: 1473415040 197544322 start: 1473415036 438717783
t_num: 0 finish: 1473415040 333562190 start: 1473415030 978717134
t_num: 27 finish: 1473415040 333562190 start: 1473415034 883418482
t_num: 12 finish: 1473415040 436877317 start: 1473415038 29200878
t_num: 1 finish: 1473415040 529920153 start: 1473415036 148539658
t_num: 13 finish: 1473415040 529995125 start: 1473415036 603797137
t_num: 25 finish: 1473415040 734223965 start: 1473415034 776406409
t_num: 5 finish: 1473415041 765061666 start: 1473415035 371681163
t_num: 23 finish: 1473415041 847699174 start: 1473415038 227620578
t_num: 17 finish: 1473415042 849315705 start: 1473415038 731869411
t_num: 31 finish: 1473415043 577810713 start: 1473415039 182799378
t_num: 26 finish: 1473415043 765037753 start: 1473415040 624384880
t_num: 22 finish: 1473415044 62657295 start: 1473415040 197590554
t_num: 9 finish: 1473415044 63717032 start: 1473415036 602710196
t_num: 0 finish: 1473415044 130546990 start: 1473415040 333604030
t_num: 21 finish: 1473415044 693455467 start: 1473415039 182854458
t_num: 6 finish: 1473415044 693543879 start: 1473415040 665411293
t_num: 1 finish: 1473415044 897166763 start: 1473415042 207558693
t_num: 24 finish: 1473415045 529942342 start: 1473415038 700661156
t_num: 16 finish: 1473415046 19236996 start: 1473415041 712375422
t_num: 13 finish: 1473415046 33877506 start: 1473415040 530012725
t_num: 2 finish: 1473415046 651765515 start: 1473415039 162125355
t_num: 28 finish: 1473415046 755179877 start: 1473415042 615398959
t_num: 27 finish: 1473415047 548674005 start: 1473415040 333636967
t_num: 19 finish: 1473415047 553849013 start: 1473415040 436674618
t_num: 31 finish: 1473415048 401069701 start: 1473415043 577855639
t_num: 26 finish: 1473415048 474072312 start: 1473415044 921660991
t_num: 22 finish: 1473415048 800955656 start: 1473415044 62704229
t_num: 13 finish: 1473415048 827258810 start: 1473415046 33898112
t_num: 10 finish: 1473415048 989421683 start: 1473415047 553112867
t_num: 28 finish: 1473415049 78569284 start: 1473415046 755224070
t_num: 12 finish: 1473415049 175899019 start: 1473415046 702019087
t_num: 16 finish: 1473415049 175898242 start: 1473415046 19281009
t_num: 9 finish: 1473415049 387699340 start: 1473415044 63738903
t_num: 0 finish: 1473415050 851124595 start: 1473415047 92113468
t_num: 2 finish: 1473415050 900515064 start: 1473415046 651810702
t_num: 7 finish: 1473415051 982701757 start: 1473415044 852168110
t_num: 19 finish: 1473415052 74604488 start: 1473415048 806471253
t_num: 9 finish: 1473415052 75227837 start: 1473415049 387733840
t_num: 1 finish: 1473415052 94289746 start: 1473415048 827459314
t_num: 18 finish: 1473415052 245076132 start: 1473415048 802048106
t_num: 21 finish: 1473415052 269564772 start: 1473415045 318727880
t_num: 27 finish: 1473415052 967738407 start: 1473415047 548718596
t_num: 29 finish: 1473415052 967739856 start: 1473415045 836280588
t_num: 17 finish: 1473415053 103190186 start: 1473415050 382247675
t_num: 13 finish: 1473415053 103259113 start: 1473415048 827295133
t_num: 12 finish: 1473415053 103638728 start: 1473415050 369741619
t_num: 22 finish: 1473415053 630618191 start: 1473415050 329519062
t_num: 6 finish: 1473415053 631305367 start: 1473415050 851148046
t_num: 23 finish: 1473415053 909827232 start: 1473415050 536808334
t_num: 10 finish: 1473415053 909975987 start: 1473415048 989455460
t_num: 4 finish: 1473415054 551002050 start: 1473415052 71547398
t_num: 20 finish: 1473415054 677938750 start: 1473415051 831629462
t_num: 8 finish: 1473415054 829700702 start: 1473415048 892262323
t_num: 2 finish: 1473415055 644529726 start: 1473415050 900536902
t_num: 19 finish: 1473415055 645644939 start: 1473415052 74633480
t_num: 18 finish: 1473415055 645937902 start: 1473415053 631310366
t_num: 12 finish: 1473415055 646133738 start: 1473415055 242898606
t_num: 1 finish: 1473415055 646364719 start: 1473415052 94335660
t_num: 17 finish: 1473415055 646716908 start: 1473415053 103234265
t_num: 22 finish: 1473415056 395577933 start: 1473415053 630660813
t_num: 11 finish: 1473415057 527962174 start: 1473415054 795650974
t_num: 23 finish: 1473415057 527981095 start: 1473415053 909890763
t_num: 9 finish: 1473415058 181512764 start: 1473415053 412555829
t_num: 25 finish: 1473415058 791525701 start: 1473415054 742725891
t_num: 4 finish: 1473415059 842602152 start: 1473415054 551031435
t_num: 8 finish: 1473415060 340675666 start: 1473415054 829723928
t_num: 12 finish: 1473415060 341032348 start: 1473415055 646152092
t_num: 19 finish: 1473415060 616019015 start: 1473415055 645666838
t_num: 7 finish: 1473415060 616112794 start: 1473415057 351281592
t_num: 2 finish: 1473415060 617029578 start: 1473415058 550216812
t_num: 1 finish: 1473415061 506061510 start: 1473415055 646383603
t_num: 6 finish: 1473415061 623361203 start: 1473415055 646017559
t_num: 3 finish: 1473415061 623554607 start: 1473415057 314913127
t_num: 22 finish: 1473415061 623693320 start: 1473415056 395631010
t_num: 14 finish: 1473415061 953790640 start: 1473415057 394323891
t_num: 18 finish: 1473415061 953854243 start: 1473415059 571019355
t_num: 11 finish: 1473415062 249222539 start: 1473415057 528019279
t_num: 13 finish: 1473415062 338357941 start: 1473415055 588577601
t_num: 25 finish: 1473415062 561239722 start: 1473415059 521527292
t_num: 9 finish: 1473415062 728278763 start: 1473415058 181546559
t_num: 20 finish: 1473415062 984520196 start: 1473415057 350463191
t_num: 21 finish: 1473415063 440439077 start: 1473415057 435445182
t_num: 1 finish: 1473415063 440490734 start: 1473415061 506102032
t_num: 2 finish: 1473415063 903252893 start: 1473415060 617049687
t_num: 4 finish: 1473415063 903474531 start: 1473415059 842652589
t_num: 14 finish: 1473415064 337263216 start: 1473415061 953830658
t_num: 23 finish: 1473415064 337503927 start: 1473415059 398406465
t_num: 13 finish: 1473415064 779845350 start: 1473415062 338400297
t_num: 7 finish: 1473415064 790445559 start: 1473415061 953889876
t_num: 18 finish: 1473415064 833256914 start: 1473415061 953869984
t_num: 9 finish: 1473415066 872334671 start: 1473415062 728312376
t_num: 6 finish: 1473415067 345140515 start: 1473415062 561642726
t_num: 12 finish: 1473415067 446953090 start: 1473415062 338623890
t_num: 19 finish: 1473415068 227298254 start: 1473415060 616063441
t_num: 11 finish: 1473415068 245298659 start: 1473415062 249255725
t_num: 3 finish: 1473415068 245929372 start: 1473415064 335960863
t_num: 5 finish: 1473415068 245934487 start: 1473415064 337601374
t_num: 1 finish: 1473415068 246058333 start: 1473415063 440509155
t_num: 21 finish: 1473415068 476084366 start: 1473415063 440466134
t_num: 13 finish: 1473415068 720715277 start: 1473415066 66185195
t_num: 18 finish: 1473415069 257418941 start: 1473415065 719547201
t_num: 7 finish: 1473415069 849906263 start: 1473415064 790479822
t_num: 11 finish: 1473415069 988346767 start: 1473415068 245341706
t_num: 15 finish: 1473415070 115738172 start: 1473415065 207458183
t_num: 9 finish: 1473415070 177227018 start: 1473415066 872377769
t_num: 16 finish: 1473415070 177461668 start: 1473415066 66126379
t_num: 4 finish: 1473415071 39013679 start: 1473415066 622565146
t_num: 25 finish: 1473415071 39455696 start: 1473415064 337292022
t_num: 28 finish: 1473415071 71710376 start: 1473415064 626910148
t_num: 26 finish: 1473415071 449047127 start: 1473415065 719528480
t_num: 11 finish: 1473415071 642057412 start: 1473415069 988385910
t_num: 14 finish: 1473415071 642072705 start: 1473415065 436190179
t_num: 31 finish: 1473415071 642173078 start: 1473415066 631864395
t_num: 0 finish: 1473415071 754521190 start: 1473415067 843884893
t_num: 1 finish: 1473415071 819802602 start: 1473415068 246076837
t_num: 19 finish: 1473415071 819811446 start: 1473415068 227327578
t_num: 9 finish: 1473415071 819873811 start: 1473415070 177253826
t_num: 2 finish: 1473415073 851299153 start: 1473415068 886627220
t_num: 29 finish: 1473415074 313851147 start: 1473415071 27414052
t_num: 15 finish: 1473415074 787543830 start: 1473415070 115764861
t_num: 13 finish: 1473415074 921129701 start: 1473415071 642023610
t_num: 21 finish: 1473415075 169688306 start: 1473415071 447216030
t_num: 16 finish: 1473415075 402780699 start: 1473415073 255030411
t_num: 27 finish: 1473415075 777569796 start: 1473415070 539759919
t_num: 7 finish: 1473415076 23092497 start: 1473415071 910890445
t_num: 4 finish: 1473415076 120757518 start: 1473415071 39041186
t_num: 1 finish: 1473415076 191908095 start: 1473415071 819833323
t_num: 25 finish: 1473415076 579407686 start: 1473415073 850344142
t_num: 6 finish: 1473415077 53199917 start: 1473415070 539779410
t_num: 9 finish: 1473415077 865027816 start: 1473415071 819889304
t_num: 18 finish: 1473415077 865462732 start: 1473415071 100893199
t_num: 3 finish: 1473415078 398875610 start: 1473415071 754483620
t_num: 27 finish: 1473415078 870398040 start: 1473415075 777630719
t_num: 17 finish: 1473415078 870432718 start: 1473415070 940176433
t_num: 26 finish: 1473415078 870398062 start: 1473415071 911170746
t_num: 16 finish: 1473415079 504940798 start: 1473415075 402824324
t_num: 28 finish: 1473415080 361499294 start: 1473415074 798155603
t_num: 29 finish: 1473415080 457916848 start: 1473415074 313897136
t_num: 15 finish: 1473415080 457953768 start: 1473415075 286401866
t_num: 26 finish: 1473415080 458053585 start: 1473415078 870455510
t_num: 22 finish: 1473415080 458117738 start: 1473415078 201765218
t_num: 25 finish: 1473415080 517451030 start: 1473415076 579450257
t_num: 3 finish: 1473415080 517455363 start: 1473415078 604568504
t_num: 10 finish: 1473415080 517530440 start: 1473415078 424682040
t_num: 31 finish: 1473415080 518103253 start: 1473415076 288983195
t_num: 2 finish: 1473415080 815180310 start: 1473415073 851327424
t_num: 9 finish: 1473415081 303411951 start: 1473415077 865092660
t_num: 6 finish: 1473415081 303524773 start: 1473415077 53249019
t_num: 20 finish: 1473415081 798028269 start: 1473415077 865144864
t_num: 18 finish: 1473415081 798122997 start: 1473415077 865484128
t_num: 13 finish: 1473415081 798288591 start: 1473415076 443370454
t_num: 1 finish: 1473415081 987774835 start: 1473415077 865633467
t_num: 2 finish: 1473415082 732552291 start: 1473415080 815217080
t_num: 7 finish: 1473415082 732629057 start: 1473415077 865579024
t_num: 15 finish: 1473415083 40934667 start: 1473415082 757047853
t_num: 9 finish: 1473415083 58758583 start: 1473415081 303463712
t_num: 22 finish: 1473415083 328706310 start: 1473415080 458135533
t_num: 26 finish: 1473415083 356245989 start: 1473415080 458073028
t_num: 17 finish: 1473415085 805224577 start: 1473415081 303441540
t_num: 8 finish: 1473415085 822047773 start: 1473415082 540713529
t_num: 13 finish: 1473415085 822052458 start: 1473415081 798306805
t_num: 30 finish: 1473415085 822100004 start: 1473415079 299445670
t_num: 21 finish: 1473415086 250081905 start: 1473415082 732612764
t_num: 9 finish: 1473415086 474509692 start: 1473415083 58786005
t_num: 2 finish: 1473415086 868360965 start: 1473415082 732578752
t_num: 15 finish: 1473415086 868456971 start: 1473415083 40968738
t_num: 10 finish: 1473415086 868572629 start: 1473415083 328745361
t_num: 28 finish: 1473415087 664915106 start: 1473415083 517006429
t_num: 7 finish: 1473415087 703308078 start: 1473415086 252808508
t_num: 25 finish: 1473415087 737977375 start: 1473415082 732089359
t_num: 1 finish: 1473415087 904358049 start: 1473415081 987823779
t_num: 22 finish: 1473415088 778826081 start: 1473415085 822405822
t_num: 20 finish: 1473415088 779773581 start: 1473415082 732483059
t_num: 30 finish: 1473415088 779836421 start: 1473415085 822117975
t_num: 18 finish: 1473415088 780050224 start: 1473415083 823372748
t_num: 3 finish: 1473415088 780635489 start: 1473415083 473388710
t_num: 8 finish: 1473415089 168629019 start: 1473415085 822098404
t_num: 15 finish: 1473415089 382383071 start: 1473415086 868475536
t_num: 21 finish: 1473415090 673203775 start: 1473415087 891258809
t_num: 12 finish: 1473415090 674561806 start: 1473415086 473642514
t_num: 28 finish: 1473415091 525589317 start: 1473415087 664954089
t_num: 1 finish: 1473415091 563953518 start: 1473415087 904380932
t_num: 5 finish: 1473415093 51349157 start: 1473415090 630384864
t_num: 9 finish: 1473415093 176157804 start: 1473415088 778363838
t_num: 17 finish: 1473415093 380895463 start: 1473415088 778607792
t_num: 18 finish: 1473415093 489911293 start: 1473415088 780092607
t_num: 11 finish: 1473415093 490022654 start: 1473415091 217574855
t_num: 20 finish: 1473415094 34169436 start: 1473415088 779811210
t_num: 24 finish: 1473415094 122780722 start: 1473415088 737070775
t_num: 31 finish: 1473415094 342437164 start: 1473415091 226161573
t_num: 5 finish: 1473415095 189642577 start: 1473415093 51393095
t_num: 3 finish: 1473415095 394704155 start: 1473415089 206559438
t_num: 21 finish: 1473415095 395319465 start: 1473415092 323275479
t_num: 25 finish: 1473415095 395445905 start: 1473415090 673386877
t_num: 8 finish: 1473415095 682222872 start: 1473415089 168658621
t_num: 29 finish: 1473415095 711392126 start: 1473415088 777959047
t_num: 1 finish: 1473415095 863748490 start: 1473415093 369269251
t_num: 2 finish: 1473415096 522631077 start: 1473415090 673410240
t_num: 28 finish: 1473415096 889236875 start: 1473415093 926406301
t_num: 20 finish: 1473415096 894903805 start: 1473415095 184570773
t_num: 14 finish: 1473415096 896520994 start: 1473415093 926021238
t_num: 18 finish: 1473415097 437584457 start: 1473415093 489975638
t_num: 7 finish: 1473415097 517839893 start: 1473415093 368553170
t_num: 0 finish: 1473415098 125454031 start: 1473415093 927376454
t_num: 8 finish: 1473415098 248898606 start: 1473415095 682266671
t_num: 13 finish: 1473415098 489865459 start: 1473415094 506961
t_num: 22 finish: 1473415098 540035548 start: 1473415095 395273689
t_num: 24 finish: 1473415099 40557094 start: 1473415094 122838935
t_num: 20 finish: 1473415099 163574010 start: 1473415096 894927023
t_num: 1 finish: 1473415099 970221896 start: 1473415095 863778659
t_num: 25 finish: 1473415100 124028792 start: 1473415095 395464945
t_num: 13 finish: 1473415100 834183342 start: 1473415098 489891463
t_num: 11 finish: 1473415100 871846292 start: 1473415098 62180025
t_num: 12 finish: 1473415100 987897820 start: 1473415095 397191805
t_num: 14 finish: 1473415101 392652428 start: 1473415096 896541561
t_num: 29 finish: 1473415101 493593362 start: 1473415097 60866821
t_num: 28 finish: 1473415101 497069355 start: 1473415098 125377279
t_num: 25 finish: 1473415102 64467811 start: 1473415100 124096445
t_num: 7 finish: 1473415102 64860068 start: 1473415097 517887460
t_num: 3 finish: 1473415102 70809662 start: 1473415098 162830254
t_num: 22 finish: 1473415102 746612941 start: 1473415098 540056578
t_num: 18 finish: 1473415103 41888012 start: 1473415097 437619967
t_num: 21 finish: 1473415103 41953234 start: 1473415098 980395253
t_num: 1 finish: 1473415103 42035844 start: 1473415100 858762940
t_num: 24 finish: 1473415103 42119291 start: 1473415100 243590133
t_num: 20 finish: 1473415103 42124710 start: 1473415099 163616152
t_num: 0 finish: 1473415103 42164504 start: 1473415099 970323892
t_num: 8 finish: 1473415103 174643449 start: 1473415098 489684146
t_num: 13 finish: 1473415103 327563959 start: 1473415100 834229567
t_num: 23 finish: 1473415104 411843028 start: 1473415102 61898685
t_num: 12 finish: 1473415105 8440660 start: 1473415100 987927829
t_num: 6 finish: 1473415105 169111087 start: 1473415101 392284236
t_num: 31 finish: 1473415105 440052659 start: 1473415100 451573315
t_num: 14 finish: 1473415105 614971081 start: 1473415101 392681782
t_num: 19 finish: 1473415106 46536014 start: 1473415100 857565865
t_num: 22 finish: 1473415106 150506903 start: 1473415102 746651693
t_num: 20 finish: 1473415106 906239149 start: 1473415103 42202962
t_num: 23 finish: 1473415106 906308484 start: 1473415104 912158934
t_num: 7 finish: 1473415107 33188594 start: 1473415103 41912980
t_num: 8 finish: 1473415107 451120290 start: 1473415104 789237829
t_num: 5 finish: 1473415107 914131572 start: 1473415104 789184398
t_num: 24 finish: 1473415107 914258414 start: 1473415104 789217449
t_num: 31 finish: 1473415109 25101937 start: 1473415105 440075034
t_num: 0 finish: 1473415109 569073680 start: 1473415104 724159058
t_num: 1 finish: 1473415109 569144176 start: 1473415105 439925429
t_num: 12 finish: 1473415110 78113345 start: 1473415105 8485587
t_num: 5 finish: 1473415110 78113355 start: 1473415107 914200641
t_num: 25 finish: 1473415110 78179630 start: 1473415104 370643156
t_num: 19 finish: 1473415110 621400338 start: 1473415106 46575194
t_num: 21 finish: 1473415110 697076687 start: 1473415106 620690389
t_num: 11 finish: 1473415110 985154125 start: 1473415104 789207932
t_num: 20 finish: 1473415111 220910892 start: 1473415106 906284012
t_num: 7 finish: 1473415111 460867440 start: 1473415107 33228807
t_num: 31 finish: 1473415111 460917627 start: 1473415109 25143732
t_num: 3 finish: 1473415111 461051076 start: 1473415106 730848124
t_num: 9 finish: 1473415112 647217040 start: 1473415105 670314946
t_num: 24 finish: 1473415112 647607037 start: 1473415107 914297482
t_num: 13 finish: 1473415112 648094169 start: 1473415109 747181730
t_num: 10 finish: 1473415112 648430297 start: 1473415106 150458882
t_num: 6 finish: 1473415112 648491647 start: 1473415109 747132062
t_num: 23 finish: 1473415112 649078877 start: 1473415111 204958411
t_num: 15 finish: 1473415112 973772843 start: 1473415109 240248772
t_num: 0 finish: 1473415113 466619193 start: 1473415109 569132853
t_num: 1 finish: 1473415113 680287215 start: 1473415109 569163732
t_num: 7 finish: 1473415113 724997684 start: 1473415111 460916845
t_num: 19 finish: 1473415113 906914833 start: 1473415110 621434356
t_num: 22 finish: 1473415114 401684861 start: 1473415111 412417227
t_num: 28 finish: 1473415115 830498285 start: 1473415112 392085415
t_num: 20 finish: 1473415116 12873445 start: 1473415111 220938676
t_num: 3 finish: 1473415116 131778192 start: 1473415111 461070338
t_num: 23 finish: 1473415116 976136494 start: 1473415112 649098707
t_num: 10 finish: 1473415116 983629464 start: 1473415113 629596616
t_num: 1 finish: 1473415117 557004010 start: 1473415113 680333064
t_num: 27 finish: 1473415117 689029197 start: 1473415110 318686537
t_num: 13 finish: 1473415117 955518384 start: 1473415112 648113407
t_num: 21 finish: 1473415118 544573257 start: 1473415112 637844766
t_num: 23 finish: 1473415118 602433318 start: 1473415116 976164374
t_num: 30 finish: 1473415118 643030610 start: 1473415115 511262959
t_num: 15 finish: 1473415118 701962659 start: 1473415116 602777647
t_num: 28 finish: 1473415119 181865585 start: 1473415115 830556046
t_num: 6 finish: 1473415119 277286693 start: 1473415112 648505820
t_num: 7 finish: 1473415119 282405151 start: 1473415113 725041546
t_num: 11 finish: 1473415119 375989319 start: 1473415113 441463849
t_num: 22 finish: 1473415120 202263096 start: 1473415114 401723598
t_num: 20 finish: 1473415120 330208283 start: 1473415116 12915695
t_num: 19 finish: 1473415120 442145592 start: 1473415113 906959213
t_num: 24 finish: 1473415120 921033064 start: 1473415116 602768040
t_num: 18 finish: 1473415121 626895061 start: 1473415119 88651846
t_num: 10 finish: 1473415122 181968129 start: 1473415116 983667885
t_num: 30 finish: 1473415122 204122900 start: 1473415118 643059742
t_num: 23 finish: 1473415122 476162677 start: 1473415118 602467514
t_num: 26 finish: 1473415122 516052940 start: 1473415115 173746001
t_num: 7 finish: 1473415122 808735666 start: 1473415119 968962618
t_num: 29 finish: 1473415122 809767128 start: 1473415119 181933809
t_num: 0 finish: 1473415122 812680706 start: 1473415116 974200987
t_num: 8 finish: 1473415122 813622685 start: 1473415118 543673026
t_num: 13 finish: 1473415122 941104580 start: 1473415119 486277760
t_num: 28 finish: 1473415123 25944889 start: 1473415119 968708016
t_num: 20 finish: 1473415123 975542207 start: 1473415120 330285125
t_num: 30 finish: 1473415124 338943240 start: 1473415122 204162812
t_num: 27 finish: 1473415124 431485571 start: 1473415117 689078194
t_num: 18 finish: 1473415125 132635448 start: 1473415121 626937325
t_num: 6 finish: 1473415125 599361840 start: 1473415121 301326482
t_num: 11 finish: 1473415125 682030935 start: 1473415119 376031371
t_num: 21 finish: 1473415126 62930238 start: 1473415120 208046930
t_num: 10 finish: 1473415126 145599834 start: 1473415122 182012812
t_num: 3 finish: 1473415126 855736010 start: 1473415120 330230036
t_num: 19 finish: 1473415127 387526366 start: 1473415120 442257449
t_num: 14 finish: 1473415127 388344892 start: 1473415123 702517038
t_num: 23 finish: 1473415128 54628434 start: 1473415122 476207593
t_num: 11 finish: 1473415128 92018534 start: 1473415125 682073792
t_num: 25 finish: 1473415128 353922160 start: 1473415121 728407463
t_num: 6 finish: 1473415128 354002918 start: 1473415125 599404473
t_num: 15 finish: 1473415128 610707298 start: 1473415121 589543485
t_num: 0 finish: 1473415128 610935453 start: 1473415122 812702033
t_num: 13 finish: 1473415128 611123427 start: 1473415122 941145482
t_num: 18 finish: 1473415129 591752089 start: 1473415125 132678476
t_num: 30 finish: 1473415129 591763415 start: 1473415124 777744060
t_num: 2 finish: 1473415129 993002748 start: 1473415127 25342644
t_num: 27 finish: 1473415129 993251190 start: 1473415124 431523846
t_num: 8 finish: 1473415129 993297287 start: 1473415122 813643280
t_num: 14 finish: 1473415130 540661948 start: 1473415127 388362495
t_num: 10 finish: 1473415131 804988789 start: 1473415126 145626238
t_num: 5 finish: 1473415132 147515238 start: 1473415124 579903029
t_num: 13 finish: 1473415132 445199210 start: 1473415128 611141158
t_num: 30 finish: 1473415133 16646974 start: 1473415129 591782171
t_num: 1 finish: 1473415133 190735083 start: 1473415128 459335234
t_num: 28 finish: 1473415133 319863227 start: 1473415124 526446001
t_num: 4 finish: 1473415133 320067742 start: 1473415129 460491716
t_num: 8 finish: 1473415133 759991843 start: 1473415129 993316201
t_num: 14 finish: 1473415133 828915915 start: 1473415131 805641635
t_num: 11 finish: 1473415134 167055645 start: 1473415128 92041239
t_num: 9 finish: 1473415134 265868274 start: 1473415129 727455209
t_num: 10 finish: 1473415134 330182809 start: 1473415131 805051652
t_num: 20 finish: 1473415134 642373701 start: 1473415127 951665852
t_num: 15 finish: 1473415135 397447829 start: 1473415128 610740348
t_num: 2 finish: 1473415135 397894232 start: 1473415129 993047838
t_num: 0 finish: 1473415135 399015516 start: 1473415128 610955478
t_num: 13 finish: 1473415135 401682038 start: 1473415132 445249574
t_num: 31 finish: 1473415135 401952387 start: 1473415131 701533158
t_num: 7 finish: 1473415136 482026760 start: 1473415130 437498624
t_num: 1 finish: 1473415136 545699530 start: 1473415133 190770227
t_num: 25 finish: 1473415136 834726193 start: 1473415129 569384277
t_num: 30 finish: 1473415136 858479589 start: 1473415133 16694328
t_num: 17 finish: 1473415136 990552243 start: 1473415133 243175248
t_num: 28 finish: 1473415137 564707938 start: 1473415133 319898054
t_num: 23 finish: 1473415138 73194817 start: 1473415135 321563262
t_num: 11 finish: 1473415138 73355226 start: 1473415135 397516686
t_num: 7 finish: 1473415138 794613143 start: 1473415136 482065516
t_num: 8 finish: 1473415139 230874375 start: 1473415133 760040200
t_num: 2 finish: 1473415139 234613654 start: 1473415136 411815738
t_num: 25 finish: 1473415139 569461065 start: 1473415136 834770293
t_num: 29 finish: 1473415139 569727786 start: 1473415136 858492738
t_num: 15 finish: 1473415139 569727740 start: 1473415135 397485335
t_num: 14 finish: 1473415139 569786363 start: 1473415133 828952187
t_num: 16 finish: 1473415139 716100647 start: 1473415136 997625766
t_num: 20 finish: 1473415140 189186130 start: 1473415134 642435845
t_num: 5 finish: 1473415140 342384831 start: 1473415135 402410724
t_num: 12 finish: 1473415140 503987715 start: 1473415137 846237
t_num: 10 finish: 1473415141 213534696 start: 1473415134 330263433
t_num: 13 finish: 1473415141 558682596 start: 1473415136 586310925
t_num: 1 finish: 1473415141 653565005 start: 1473415139 280050295
t_num: 31 finish: 1473415141 734107310 start: 1473415137 467774616
t_num: 12 finish: 1473415142 494052634 start: 1473415140 504030506
t_num: 25 finish: 1473415143 411675445 start: 1473415139 569506609
t_num: 8 finish: 1473415143 413835028 start: 1473415139 230918469
t_num: 14 finish: 1473415143 413841272 start: 1473415139 569821446
t_num: 13 finish: 1473415143 780688913 start: 1473415141 558722382
t_num: 11 finish: 1473415143 791394229 start: 1473415141 213552369
t_num: 2 finish: 1473415144 5765972 start: 1473415139 234638976
t_num: 0 finish: 1473415144 629343130 start: 1473415139 784307831
t_num: 30 finish: 1473415145 281992618 start: 1473415141 37943288
t_num: 17 finish: 1473415145 391477343 start: 1473415137 945769834
t_num: 5 finish: 1473415145 403615931 start: 1473415141 476001568
t_num: 22 finish: 1473415145 404331745 start: 1473415142 217216108
t_num: 26 finish: 1473415146 103794679 start: 1473415139 715781957
t_num: 15 finish: 1473415146 242737271 start: 1473415139 569754775
t_num: 18 finish: 1473415146 368662115 start: 1473415141 421568911
t_num: 12 finish: 1473415146 780082458 start: 1473415143 847082438
t_num: 31 finish: 1473415146 781515628 start: 1473415141 734140592
t_num: 1 finish: 1473415147 108582575 start: 1473415141 653627029
t_num: 27 finish: 1473415147 109311458 start: 1473415143 849332053
t_num: 13 finish: 1473415147 298132816 start: 1473415143 780737914
t_num: 8 finish: 1473415147 710318266 start: 1473415143 413858782
t_num: 25 finish: 1473415147 868968105 start: 1473415145 66464502
t_num: 24 finish: 1473415148 851888352 start: 1473415146 42779024
t_num: 0 finish: 1473415149 744103802 start: 1473415146 241992536
t_num: 17 finish: 1473415150 25529771 start: 1473415147 710158139
t_num: 20 finish: 1473415150 58984781 start: 1473415146 945064534
t_num: 30 finish: 1473415150 305817377 start: 1473415145 282048046
t_num: 26 finish: 1473415150 525580094 start: 1473415146 103828217
t_num: 22 finish: 1473415150 625790856 start: 1473415145 404348462
t_num: 16 finish: 1473415152 65420419 start: 1473415145 392552203
t_num: 5 finish: 1473415152 170226396 start: 1473415149 112532039
t_num: 2 finish: 1473415152 170331080 start: 1473415149 616349816
t_num: 27 finish: 1473415152 400773229 start: 1473415147 109329320
t_num: 18 finish: 1473415152 484751138 start: 1473415146 368687684
t_num: 12 finish: 1473415153 53182497 start: 1473415148 46001716
t_num: 13 finish: 1473415153 200193470 start: 1473415149 744064152
t_num: 8 finish: 1473415153 460985391 start: 1473415149 622146131
t_num: 22 finish: 1473415153 738697834 start: 1473415150 625837951
t_num: 25 finish: 1473415154 108797428 start: 1473415150 519015423
t_num: 17 finish: 1473415154 109545376 start: 1473415150 25573023
t_num: 7 finish: 1473415154 285985723 start: 1473415147 839396160
t_num: 9 finish: 1473415154 286089002 start: 1473415150 520051120
t_num: 6 finish: 1473415154 629436531 start: 1473415146 368695454
t_num: 30 finish: 1473415154 629508055 start: 1473415151 438478260
t_num: 20 finish: 1473415154 629536843 start: 1473415150 59018963
t_num: 3 finish: 1473415154 629541363 start: 1473415150 566670567
t_num: 4 finish: 1473415155 974980016 start: 1473415150 943734525
t_num: 16 finish: 1473415156 360575107 start: 1473415152 65464957
t_num: 17 finish: 1473415156 548724645 start: 1473415154 109563078
t_num: 8 finish: 1473415157 129264399 start: 1473415154 629489063
t_num: 26 finish: 1473415157 315047678 start: 1473415152 316173181
t_num: 5 finish: 1473415157 315322350 start: 1473415152 170261989
t_num: 9 finish: 1473415157 315395913 start: 1473415154 286108061
t_num: 22 finish: 1473415157 315422988 start: 1473415153 738741744
t_num: 31 finish: 1473415157 316553673 start: 1473415154 109883710
t_num: 6 finish: 1473415157 654552567 start: 1473415154 629481107
t_num: 25 finish: 1473415158 620428852 start: 1473415154 108823821
t_num: 4 finish: 1473415158 957767843 start: 1473415156 250538080
t_num: 7 finish: 1473415159 8411730 start: 1473415154 286013739
t_num: 8 finish: 1473415159 333716544 start: 1473415157 129296934
t_num: 20 finish: 1473415159 551711352 start: 1473415154 629555008
t_num: 5 finish: 1473415160 224748695 start: 1473415157 315341233
t_num: 11 finish: 1473415160 475639282 start: 1473415156 442580469
t_num: 28 finish: 1473415161 497155562 start: 1473415158 537092968
t_num: 21 finish: 1473415161 683965327 start: 1473415155 289658103
t_num: 16 finish: 1473415161 684884238 start: 1473415158 568805885
t_num: 18 finish: 1473415161 940670411 start: 1473415156 252616116
t_num: 17 finish: 1473415162 243986802 start: 1473415157 881885171
t_num: 7 finish: 1473415162 579330829 start: 1473415159 8453028
t_num: 25 finish: 1473415162 703283242 start: 1473415158 620477987
t_num: 0 finish: 1473415162 703298782 start: 1473415156 426620132
t_num: 24 finish: 1473415162 703339414 start: 1473415159 623594368
t_num: 5 finish: 1473415162 703347637 start: 1473415160 224786654
t_num: 26 finish: 1473415163 179847001 start: 1473415159 469872194
t_num: 13 finish: 1473415164 99427289 start: 1473415157 315451322
t_num: 30 finish: 1473415164 129019704 start: 1473415157 315087892
t_num: 8 finish: 1473415164 129104182 start: 1473415159 333756262
t_num: 23 finish: 1473415164 966535090 start: 1473415161 684857130
t_num: 24 finish: 1473415165 60535813 start: 1473415162 703357007
t_num: 31 finish: 1473415165 207354261 start: 1473415161 683997941
t_num: 7 finish: 1473415165 226133586 start: 1473415162 579393859
t_num: 25 finish: 1473415166 326788978 start: 1473415162 703327588
t_num: 6 finish: 1473415166 327814400 start: 1473415163 80234173
t_num: 26 finish: 1473415166 329171298 start: 1473415163 179890966
t_num: 17 finish: 1473415166 329275507 start: 1473415164 128984218
t_num: 22 finish: 1473415167 176545931 start: 1473415161 606517265
t_num: 24 finish: 1473415167 488516025 start: 1473415165 60563445
t_num: 21 finish: 1473415167 702398268 start: 1473415165 356925310
t_num: 5 finish: 1473415168 159650216 start: 1473415162 703361816
t_num: 23 finish: 1473415168 173761996 start: 1473415164 966573234
t_num: 18 finish: 1473415168 696219301 start: 1473415161 940714867
t_num: 6 finish: 1473415169 420584264 start: 1473415166 327834884
t_num: 15 finish: 1473415169 553105755 start: 1473415166 637696338
t_num: 10 finish: 1473415170 51168292 start: 1473415165 637917974
t_num: 25 finish: 1473415171 187829115 start: 1473415166 326878649
t_num: 30 finish: 1473415171 453132579 start: 1473415166 283832065
t_num: 21 finish: 1473415171 639975595 start: 1473415168 584726405
t_num: 31 finish: 1473415171 666516724 start: 1473415167 960052547
t_num: 22 finish: 1473415171 785763028 start: 1473415168 962016901
t_num: 24 finish: 1473415171 916417434 start: 1473415167 488552969
t_num: 29 finish: 1473415172 313156309 start: 1473415168 578976568
t_num: 28 finish: 1473415172 464107055 start: 1473415166 684182583
t_num: 26 finish: 1473415172 545566560 start: 1473415167 239249850
t_num: 15 finish: 1473415172 545617159 start: 1473415169 553159126
t_num: 1 finish: 1473415172 625270062 start: 1473415164 129061309
t_num: 8 finish: 1473415172 625370685 start: 1473415169 420599889
t_num: 7 finish: 1473415172 625528077 start: 1473415167 191982721
t_num: 27 finish: 1473415172 625690492 start: 1473415169 624000342
t_num: 14 finish: 1473415173 22227675 start: 1473415164 329497804
t_num: 5 finish: 1473415173 94175382 start: 1473415168 159690276
t_num: 17 finish: 1473415173 301293316 start: 1473415168 55199411
t_num: 23 finish: 1473415174 534983104 start: 1473415169 364124752
t_num: 24 finish: 1473415174 875407091 start: 1473415171 916452596
t_num: 22 finish: 1473415175 5777888 start: 1473415171 785822825
t_num: 7 finish: 1473415176 538910623 start: 1473415174 534716483
t_num: 10 finish: 1473415176 619872589 start: 1473415170 571654649
t_num: 30 finish: 1473415176 947170591 start: 1473415172 582488245
t_num: 5 finish: 1473415177 143405311 start: 1473415173 234868068
t_num: 26 finish: 1473415177 485564873 start: 1473415172 545599569
t_num: 4 finish: 1473415177 860132836 start: 1473415172 907188655
t_num: 29 finish: 1473415178 415152485 start: 1473415174 444031340
t_num: 23 finish: 1473415178 420563825 start: 1473415174 535010690
t_num: 21 finish: 1473415178 562868958 start: 1473415173 905971768
t_num: 25 finish: 1473415178 878903320 start: 1473415172 224338127
t_num: 8 finish: 1473415179 514560946 start: 1473415172 625391231
t_num: 17 finish: 1473415179 537206279 start: 1473415173 301343130
t_num: 2 finish: 1473415179 790923163 start: 1473415177 50734893
t_num: 15 finish: 1473415180 157546620 start: 1473415178 4457251
t_num: 20 finish: 1473415180 266283485 start: 1473415176 571017776
t_num: 27 finish: 1473415180 510626910 start: 1473415172 625729883
t_num: 3 finish: 1473415180 985336669 start: 1473415177 143116970
t_num: 1 finish: 1473415181 529517100 start: 1473415178 597640392
t_num: 7 finish: 1473415181 529696690 start: 1473415176 538955907
t_num: 4 finish: 1473415181 643900507 start: 1473415177 860178737
t_num: 30 finish: 1473415182 371849125 start: 1473415177 443792996
t_num: 9 finish: 1473415182 923208064 start: 1473415178 57681517
t_num: 22 finish: 1473415183 51967317 start: 1473415177 50903668
t_num: 12 finish: 1473415183 421040099 start: 1473415177 862969119
t_num: 23 finish: 1473415183 612846776 start: 1473415178 420582094
t_num: 21 finish: 1473415183 882049789 start: 1473415178 562932980
t_num: 3 finish: 1473415183 882118646 start: 1473415180 985366148
t_num: 8 finish: 1473415184 600554172 start: 1473415181 529648211
t_num: 11 finish: 1473415184 600555548 start: 1473415178 345096946
t_num: 19 finish: 1473415184 845988292 start: 1473415178 4165725
t_num: 30 finish: 1473415185 609499530 start: 1473415182 371881771
t_num: 25 finish: 1473415185 609517325 start: 1473415180 66454929
t_num: 27 finish: 1473415185 609542884 start: 1473415180 510669973
t_num: 14 finish: 1473415185 609760694 start: 1473415179 514594218
t_num: 2 finish: 1473415186 81225024 start: 1473415179 790947055
t_num: 6 finish: 1473415186 339427886 start: 1473415180 802261693
t_num: 29 finish: 1473415186 816977399 start: 1473415180 220040131
t_num: 4 finish: 1473415187 107811873 start: 1473415181 643945398
t_num: 0 finish: 1473415187 279592544 start: 1473415183 92633241
t_num: 1 finish: 1473415187 444879613 start: 1473415181 529562404
t_num: 3 finish: 1473415187 444914605 start: 1473415183 882132303
t_num: 26 finish: 1473415187 487441005 start: 1473415180 802218206
t_num: 7 finish: 1473415187 873737869 start: 1473415182 292734429
t_num: 23 finish: 1473415188 25350460 start: 1473415183 612938091
t_num: 13 finish: 1473415188 71750854 start: 1473415182 292537888
t_num: 12 finish: 1473415189 512412651 start: 1473415185 523488129
t_num: 6 finish: 1473415189 582501060 start: 1473415186 339474466
t_num: 22 finish: 1473415190 299227982 start: 1473415185 414039465
t_num: 4 finish: 1473415190 300030727 start: 1473415187 107846177
t_num: 21 finish: 1473415190 300102206 start: 1473415187 128623618
t_num: 19 finish: 1473415190 300108812 start: 1473415184 846030031
t_num: 26 finish: 1473415190 322783343 start: 1473415187 487485138
t_num: 8 finish: 1473415190 778383798 start: 1473415185 523525266
t_num: 9 finish: 1473415190 857462371 start: 1473415185 523498309
t_num: 14 finish: 1473415190 857888837 start: 1473415187 445659312
t_num: 18 finish: 1473415192 198719383 start: 1473415187 487463194
t_num: 1 finish: 1473415192 295640491 start: 1473415187 444944698
t_num: 11 finish: 1473415192 349918957 start: 1473415186 166361196
t_num: 25 finish: 1473415192 946029252 start: 1473415185 609548043
t_num: 29 finish: 1473415192 946755793 start: 1473415188 955579451
t_num: 7 finish: 1473415193 88272593 start: 1473415187 873780959
t_num: 27 finish: 1473415193 788628638 start: 1473415187 445005356
t_num: 21 finish: 1473415194 213901374 start: 1473415190 300123063
t_num: 28 finish: 1473415194 265145260 start: 1473415191 86830218
t_num: 16 finish: 1473415195 349566504 start: 1473415188 930273144
t_num: 2 finish: 1473415195 351550141 start: 1473415188 404354999
t_num: 26 finish: 1473415195 352041098 start: 1473415190 322801828
t_num: 23 finish: 1473415195 641816768 start: 1473415189 976721717
t_num: 6 finish: 1473415196 32078844 start: 1473415191 88245027
t_num: 9 finish: 1473415196 32082404 start: 1473415190 857504189
t_num: 14 finish: 1473415196 126133302 start: 1473415192 186387211
t_num: 13 finish: 1473415196 475703308 start: 1473415190 112130094
t_num: 22 finish: 1473415196 768959781 start: 1473415190 299275975
t_num: 11 finish: 1473415196 974221989 start: 1473415194 956906355
t_num: 4 finish: 1473415197 268689343 start: 1473415190 300052686
t_num: 18 finish: 1473415197 509200448 start: 1473415193 745142392
t_num: 29 finish: 1473415197 569826071 start: 1473415192 946777126
t_num: 10 finish: 1473415197 569851578 start: 1473415194 956742206
t_num: 8 finish: 1473415198 116787486 start: 1473415191 89767268
t_num: 7 finish: 1473415198 892604247 start: 1473415193 88299781
t_num: 24 finish: 1473415198 892604250 start: 1473415194 250696088
t_num: 17 finish: 1473415199 514541900 start: 1473415194 952207080
t_num: 13 finish: 1473415200 310624947 start: 1473415196 475737514
t_num: 29 finish: 1473415200 590073324 start: 1473415197 569890372
t_num: 6 finish: 1473415200 592176949 start: 1473415196 32129002
t_num: 21 finish: 1473415200 592179205 start: 1473415198 278109365
t_num: 25 finish: 1473415201 157719822 start: 1473415195 35584355
t_num: 11 finish: 1473415201 404096226 start: 1473415198 411679191
t_num: 18 finish: 1473415202 95414879 start: 1473415197 509233991
t_num: 26 finish: 1473415203 27111022 start: 1473415195 352062480
t_num: 5 finish: 1473415203 628153167 start: 1473415198 412479595
t_num: 29 finish: 1473415203 628294128 start: 1473415200 590115785
t_num: 31 finish: 1473415203 628406450 start: 1473415200 311218183
t_num: 28 finish: 1473415203 628153166 start: 1473415198 326461079
t_num: 22 finish: 1473415203 736587758 start: 1473415196 769005020
t_num: 20 finish: 1473415203 736607707 start: 1473415197 243314469
t_num: 14 finish: 1473415203 736669592 start: 1473415199 513958510
t_num: 2 finish: 1473415204 647861458 start: 1473415198 540291838
t_num: 13 finish: 1473415204 647887913 start: 1473415200 310669830
t_num: 10 finish: 1473415204 647925896 start: 1473415197 569868686
t_num: 16 finish: 1473415204 877967446 start: 1473415199 419135216
t_num: 7 finish: 1473415204 878025149 start: 1473415203 27062231
t_num: 21 finish: 1473415205 293808018 start: 1473415200 592214377
t_num: 18 finish: 1473415205 526969271 start: 1473415202 95459250
t_num: 8 finish: 1473415205 969526651 start: 1473415199 462765012
t_num: 20 finish: 1473415206 508737721 start: 1473415203 736623824
t_num: 24 finish: 1473415206 658543984 start: 1473415200 311101133
t_num: 13 finish: 1473415206 658547248 start: 1473415204 648094464
t_num: 15 finish: 1473415206 658849166 start: 1473415199 462101528
t_num: 31 finish: 1473415206 658851573 start: 1473415203 628420253
t_num: 7 finish: 1473415207 635445321 start: 1473415205 203563254
t_num: 28 finish: 1473415208 38201873 start: 1473415203 628909948
t_num: 30 finish: 1473415208 167002875 start: 1473415203 784606383
t_num: 5 finish: 1473415208 167037698 start: 1473415203 628213611
t_num: 29 finish: 1473415208 788614503 start: 1473415203 628321174
t_num: 9 finish: 1473415209 320452548 start: 1473415203 736473413
t_num: 22 finish: 1473415209 397048994 start: 1473415203 736613375
t_num: 20 finish: 1473415209 397048828 start: 1473415206 508763616
t_num: 24 finish: 1473415210 804666887 start: 1473415206 658588059
t_num: 31 finish: 1473415211 242113297 start: 1473415206 658880799
t_num: 30 finish: 1473415211 242675721 start: 1473415208 167026901
t_num: 15 finish: 1473415211 243954417 start: 1473415206 658874910
t_num: 2 finish: 1473415211 244048057 start: 1473415208 167501632
t_num: 8 finish: 1473415211 389478136 start: 1473415205 969563166
t_num: 28 finish: 1473415211 389537697 start: 1473415208 38247176
t_num: 5 finish: 1473415211 765921591 start: 1473415208 167053069
t_num: 17 finish: 1473415212 2976505 start: 1473415204 878210525
t_num: 11 finish: 1473415212 187885399 start: 1473415207 442909956
t_num: 21 finish: 1473415212 526100345 start: 1473415208 167316644
t_num: 12 finish: 1473415213 10570332 start: 1473415209 422900826
t_num: 13 finish: 1473415213 455976051 start: 1473415206 658650597
t_num: 18 finish: 1473415213 455982383 start: 1473415206 30914450
t_num: 10 finish: 1473415214 437142821 start: 1473415208 633941329
t_num: 3 finish: 1473415214 649636296 start: 1473415211 243544861
t_num: 12 finish: 1473415214 650504514 start: 1473415213 10614901
t_num: 26 finish: 1473415215 430107062 start: 1473415211 475551502
t_num: 9 finish: 1473415215 958087594 start: 1473415209 926594008
t_num: 4 finish: 1473415215 958122218 start: 1473415212 789197050
t_num: 5 finish: 1473415215 958129044 start: 1473415211 765946537
t_num: 21 finish: 1473415216 231888735 start: 1473415212 526142446
t_num: 28 finish: 1473415216 488997265 start: 1473415211 389557463
t_num: 24 finish: 1473415216 563694814 start: 1473415213 503305646
t_num: 0 finish: 1473415216 609093343 start: 1473415212 428552224
t_num: 8 finish: 1473415217 229463098 start: 1473415213 746684666
t_num: 29 finish: 1473415217 290684398 start: 1473415212 614223012
t_num: 15 finish: 1473415217 992087342 start: 1473415213 104659321
t_num: 1 finish: 1473415218 195393678 start: 1473415213 902119981
t_num: 18 finish: 1473415218 221207645 start: 1473415213 456044552
t_num: 20 finish: 1473415218 353396271 start: 1473415211 765930107
t_num: 23 finish: 1473415218 354148407 start: 1473415215 210937496
t_num: 27 finish: 1473415218 850885605 start: 1473415214 487042713
t_num: 31 finish: 1473415218 974022887 start: 1473415211 242192368
t_num: 13 finish: 1473415218 974026698 start: 1473415215 211460519
t_num: 28 finish: 1473415219 724209833 start: 1473415216 489045322
t_num: 5 finish: 1473415220 267329895 start: 1473415215 958143872
t_num: 6 finish: 1473415220 272148915 start: 1473415217 992237975
t_num: 24 finish: 1473415220 678089320 start: 1473415218 269408039
t_num: 18 finish: 1473415221 71745790 start: 1473415218 221228456
t_num: 4 finish: 1473415221 74579567 start: 1473415215 958137601
t_num: 26 finish: 1473415221 328950110 start: 1473415218 853591208
t_num: 28 finish: 1473415221 445128544 start: 1473415220 267480293
t_num: 14 finish: 1473415221 445180938 start: 1473415218 85434369
t_num: 21 finish: 1473415221 765466734 start: 1473415217 281564740
t_num: 20 finish: 1473415221 834600772 start: 1473415218 353424703
t_num: 27 finish: 1473415221 898149951 start: 1473415218 850930508
t_num: 0 finish: 1473415222 3388594 start: 1473415216 609223842
t_num: 8 finish: 1473415222 695831878 start: 1473415218 892273492
t_num: 2 finish: 1473415223 66092054 start: 1473415216 609149737
t_num: 10 finish: 1473415223 66381182 start: 1473415217 992290756
t_num: 19 finish: 1473415224 1099537 start: 1473415219 296714381
t_num: 29 finish: 1473415224 58050625 start: 1473415218 862588406
t_num: 31 finish: 1473415224 394003804 start: 1473415218 974058362
t_num: 13 finish: 1473415224 956361937 start: 1473415220 724646263
t_num: 6 finish: 1473415225 348773991 start: 1473415220 272172536
t_num: 16 finish: 1473415225 352169209 start: 1473415220 618317316
t_num: 14 finish: 1473415225 354132695 start: 1473415221 445200223
t_num: 4 finish: 1473415225 423944565 start: 1473415221 660148498
t_num: 21 finish: 1473415226 9688569 start: 1473415223 193739971
t_num: 26 finish: 1473415226 10354559 start: 1473415223 866217783
t_num: 8 finish: 1473415226 10418591 start: 1473415222 695866821
t_num: 18 finish: 1473415226 328063498 start: 1473415223 246878790
t_num: 29 finish: 1473415226 517745242 start: 1473415224 58089831
t_num: 15 finish: 1473415226 655845463 start: 1473415221 445235803
t_num: 25 finish: 1473415226 783235009 start: 1473415223 194366339
t_num: 2 finish: 1473415227 288679055 start: 1473415223 66165171
t_num: 4 finish: 1473415227 288764273 start: 1473415225 423988789
t_num: 28 finish: 1473415227 288822342 start: 1473415221 445171377
t_num: 12 finish: 1473415227 459909179 start: 1473415226 517776290
t_num: 26 finish: 1473415227 726771504 start: 1473415226 10376754
t_num: 31 finish: 1473415227 726849404 start: 1473415224 394047856
t_num: 20 finish: 1473415227 870845231 start: 1473415221 834641021
t_num: 0 finish: 1473415228 752840755 start: 1473415224 760469986
t_num: 30 finish: 1473415228 844775170 start: 1473415226 327044864
t_num: 23 finish: 1473415228 844819915 start: 1473415225 631980294
t_num: 22 finish: 1473415228 844832634 start: 1473415225 574295045
t_num: 7 finish: 1473415228 844991811 start: 1473415223 104555098
t_num: 18 finish: 1473415228 845028716 start: 1473415227 288714452
t_num: 14 finish: 1473415228 902387550 start: 1473415225 354153376
t_num: 10 finish: 1473415229 430066178 start: 1473415226 586350659
t_num: 2 finish: 1473415229 430122254 start: 1473415227 288780427
t_num: 4 finish: 1473415229 552484196 start: 1473415227 288865106
t_num: 28 finish: 1473415230 158009657 start: 1473415227 288840739
t_num: 0 finish: 1473415231 864857056 start: 1473415228 752868247
t_num: 29 finish: 1473415231 864881845 start: 1473415228 752766946
t_num: 22 finish: 1473415231 988810190 start: 1473415228 844844877
t_num: 3 finish: 1473415231 988838450 start: 1473415226 9717943
t_num: 16 finish: 1473415231 989202491 start: 1473415228 22778681
t_num: 21 finish: 1473415232 320469210 start: 1473415227 991712924
t_num: 24 finish: 1473415232 320593508 start: 1473415228 845074548
t_num: 23 finish: 1473415233 58380913 start: 1473415229 729958594
t_num: 2 finish: 1473415233 58459672 start: 1473415229 430141407
t_num: 15 finish: 1473415233 60282619 start: 1473415228 844942249
t_num: 14 finish: 1473415233 85833861 start: 1473415231 831319237
t_num: 1 finish: 1473415233 85868053 start: 1473415231 864743653
t_num: 31 finish: 1473415234 585852633 start: 1473415231 282003118
t_num: 8 finish: 1473415234 635635854 start: 1473415230 766190165
t_num: 3 finish: 1473415234 635694243 start: 1473415231 988925839
t_num: 7 finish: 1473415234 795429492 start: 1473415229 729946887
t_num: 10 finish: 1473415234 958142571 start: 1473415233 246201656
t_num: 18 finish: 1473415235 486108138 start: 1473415231 864852926
t_num: 14 finish: 1473415235 486193224 start: 1473415233 85874144
t_num: 20 finish: 1473415235 680481403 start: 1473415233 58410532
t_num: 16 finish: 1473415235 680481411 start: 1473415233 140285131
t_num: 1 finish: 1473415236 207947914 start: 1473415233 85900692
t_num: 4 finish: 1473415236 234516503 start: 1473415229 552509663
t_num: 30 finish: 1473415236 537368168 start: 1473415231 864645844
t_num: 23 finish: 1473415236 754399259 start: 1473415233 58831127
t_num: 22 finish: 1473415237 458216299 start: 1473415231 988896888
t_num: 24 finish: 1473415238 418498850 start: 1473415232 320613404
t_num: 16 finish: 1473415238 418791936 start: 1473415236 455374272
t_num: 0 finish: 1473415239 168200608 start: 1473415233 724308751
t_num: 18 finish: 1473415239 228392931 start: 1473415236 455657567
t_num: 26 finish: 1473415239 599017870 start: 1473415236 266612071
t_num: 20 finish: 1473415239 599026550 start: 1473415235 680531820
t_num: 30 finish: 1473415239 845243233 start: 1473415236 537411332
t_num: 3 finish: 1473415239 847856438 start: 1473415234 635825378
t_num: 7 finish: 1473415239 974140911 start: 1473415234 795476581
t_num: 10 finish: 1473415240 102492008 start: 1473415234 958178110
t_num: 21 finish: 1473415240 167229709 start: 1473415237 712568053
t_num: 11 finish: 1473415241 119927316 start: 1473415236 166493291
t_num: 3 finish: 1473415241 879010094 start: 1473415239 847878073
t_num: 31 finish: 1473415242 33389366 start: 1473415240 13621673
t_num: 4 finish: 1473415242 353225393 start: 1473415239 92090072
t_num: 14 finish: 1473415242 383279801 start: 1473415237 579656735
t_num: 23 finish: 1473415243 401315879 start: 1473415236 754451003
t_num: 17 finish: 1473415243 401885230 start: 1473415235 765367180
t_num: 9 finish: 1473415244 214603913 start: 1473415239 198640970
t_num: 24 finish: 1473415244 249564301 start: 1473415238 418528269
t_num: 22 finish: 1473415244 393129659 start: 1473415241 462976586
t_num: 20 finish: 1473415245 129638668 start: 1473415239 599123612
t_num: 26 finish: 1473415245 327425211 start: 1473415239 599096933
t_num: 0 finish: 1473415245 349937197 start: 1473415240 557638458
t_num: 18 finish: 1473415245 565111932 start: 1473415239 228415669
t_num: 7 finish: 1473415245 683329943 start: 1473415242 356462619
t_num: 22 finish: 1473415246 142635619 start: 1473415244 393147985
t_num: 5 finish: 1473415246 285453636 start: 1473415241 298219050
t_num: 31 finish: 1473415246 405881638 start: 1473415242 33426490
t_num: 1 finish: 1473415246 883030893 start: 1473415244 471344660
t_num: 4 finish: 1473415247 543738934 start: 1473415244 393112438
t_num: 23 finish: 1473415247 543789227 start: 1473415244 471578625
t_num: 24 finish: 1473415248 12013108 start: 1473415244 249589447
t_num: 21 finish: 1473415248 121847095 start: 1473415243 246694784
t_num: 30 finish: 1473415248 297540213 start: 1473415244 214700877
t_num: 26 finish: 1473415249 616991229 start: 1473415245 327461318
t_num: 17 finish: 1473415249 617871670 start: 1473415243 401901422
t_num: 19 finish: 1473415249 637009587 start: 1473415245 363531568
t_num: 0 finish: 1473415249 871406037 start: 1473415246 830653599
t_num: 20 finish: 1473415249 873235865 start: 1473415246 404778414
t_num: 14 finish: 1473415250 482987217 start: 1473415242 383304916
t_num: 27 finish: 1473415250 890908680 start: 1473415245 525281555
t_num: 22 finish: 1473415251 647425652 start: 1473415246 142674850
t_num: 5 finish: 1473415251 726923702 start: 1473415246 285487989
t_num: 21 finish: 1473415252 213383611 start: 1473415248 121877884
t_num: 8 finish: 1473415252 600510914 start: 1473415250 890707021
t_num: 6 finish: 1473415252 714995066 start: 1473415249 575484996
t_num: 20 finish: 1473415252 781267076 start: 1473415249 873258830
t_num: 18 finish: 1473415252 851587218 start: 1473415246 993783325
t_num: 30 finish: 1473415252 851588127 start: 1473415248 297572137
t_num: 4 finish: 1473415252 925909694 start: 1473415247 543796336
t_num: 29 finish: 1473415253 518545503 start: 1473415245 725626645
t_num: 14 finish: 1473415253 519374344 start: 1473415250 596989319
t_num: 31 finish: 1473415253 904196478 start: 1473415247 87003823
t_num: 17 finish: 1473415254 468768767 start: 1473415249 617893375
t_num: 26 finish: 1473415254 722393693 start: 1473415250 482607201
t_num: 24 finish: 1473415254 959507949 start: 1473415248 12055780
t_num: 2 finish: 1473415255 902379303 start: 1473415248 860942488
t_num: 21 finish: 1473415255 927025378 start: 1473415252 213417668
t_num: 18 finish: 1473415255 927037368 start: 1473415252 851645859
t_num: 5 finish: 1473415255 927178972 start: 1473415251 726968048
t_num: 17 finish: 1473415256 81411954 start: 1473415254 468792462
t_num: 27 finish: 1473415256 81604815 start: 1473415251 647217439
t_num: 7 finish: 1473415256 776591567 start: 1473415251 647163264
t_num: 23 finish: 1473415256 957777445 start: 1473415253 881935915
t_num: 8 finish: 1473415256 957957457 start: 1473415252 600546944
t_num: 13 finish: 1473415256 958448959 start: 1473415253 583805493
t_num: 0 finish: 1473415257 118623991 start: 1473415252 714946019
t_num: 20 finish: 1473415257 118739464 start: 1473415253 687975831
t_num: 4 finish: 1473415257 229662204 start: 1473415252 925954635
t_num: 29 finish: 1473415258 194873602 start: 1473415253 518589282
t_num: 14 finish: 1473415259 7158920 start: 1473415256 81474360
t_num: 30 finish: 1473415260 468446452 start: 1473415256 81446321
t_num: 26 finish: 1473415260 468493732 start: 1473415255 897040175
t_num: 21 finish: 1473415260 469388279 start: 1473415255 927051842
t_num: 27 finish: 1473415260 469413176 start: 1473415256 81624516
t_num: 2 finish: 1473415260 960938775 start: 1473415255 902410826
t_num: 20 finish: 1473415260 999794142 start: 1473415257 118757564
t_num: 25 finish: 1473415261 131347296 start: 1473415254 466537274
t_num: 23 finish: 1473415261 299587213 start: 1473415256 957820472
t_num: 17 finish: 1473415261 299591842 start: 1473415256 81466980
t_num: 4 finish: 1473415261 300419817 start: 1473415260 277611227
t_num: 29 finish: 1473415261 695669781 start: 1473415258 194914749
t_num: 24 finish: 1473415262 180557128 start: 1473415257 118652880
t_num: 22 finish: 1473415263 220712845 start: 1473415256 957678510
t_num: 3 finish: 1473415263 982914386 start: 1473415256 957573113
t_num: 28 finish: 1473415264 19085822 start: 1473415258 11903103
t_num: 7 finish: 1473415264 19352133 start: 1473415256 776636125
t_num: 25 finish: 1473415264 907753198 start: 1473415261 131392625
t_num: 13 finish: 1473415265 381980342 start: 1473415259 661854007
t_num: 4 finish: 1473415265 423371276 start: 1473415261 300440616
t_num: 31 finish: 1473415265 673221404 start: 1473415260 278305693
t_num: 17 finish: 1473415266 224262378 start: 1473415261 695703534
t_num: 24 finish: 1473415266 302092590 start: 1473415262 180778418
t_num: 27 finish: 1473415266 322114640 start: 1473415260 469431618
t_num: 9 finish: 1473415266 823796210 start: 1473415260 527655393
t_num: 11 finish: 1473415266 823797332 start: 1473415264 19099891
t_num: 14 finish: 1473415266 823854909 start: 1473415260 213492669
t_num: 21 finish: 1473415267 198479997 start: 1473415260 469409007
t_num: 29 finish: 1473415267 198635553 start: 1473415262 890160940
t_num: 28 finish: 1473415267 783504673 start: 1473415264 505569435
t_num: 23 finish: 1473415267 783582593 start: 1473415262 961208290
t_num: 13 finish: 1473415267 905120288 start: 1473415265 382008320
t_num: 4 finish: 1473415267 905868279 start: 1473415267 198486521
t_num: 25 finish: 1473415268 666232027 start: 1473415264 907788675
t_num: 7 finish: 1473415269 55379200 start: 1473415264 19372276
t_num: 30 finish: 1473415269 931522859 start: 1473415260 468490326
t_num: 22 finish: 1473415270 939208002 start: 1473415263 776064926
t_num: 9 finish: 1473415270 973904911 start: 1473415266 823858226
t_num: 11 finish: 1473415271 440473229 start: 1473415266 823889392
t_num: 13 finish: 1473415271 461051843 start: 1473415267 905166742
t_num: 5 finish: 1473415272 563379028 start: 1473415267 191658067
t_num: 27 finish: 1473415272 565109436 start: 1473415266 322151749
t_num: 24 finish: 1473415272 931596319 start: 1473415266 302132064
t_num: 25 finish: 1473415272 994819698 start: 1473415268 666275436
t_num: 15 finish: 1473415272 994867348 start: 1473415268 844491542
t_num: 21 finish: 1473415273 551682128 start: 1473415267 198505980
t_num: 28 finish: 1473415273 699154339 start: 1473415268 520184166
t_num: 17 finish: 1473415274 325697355 start: 1473415269 55509843
t_num: 3 finish: 1473415274 608579538 start: 1473415266 673611281
t_num: 31 finish: 1473415275 76786057 start: 1473415267 863377218
t_num: 19 finish: 1473415275 79250297 start: 1473415272 119725545
t_num: 22 finish: 1473415275 287977891 start: 1473415270 939251768
t_num: 10 finish: 1473415275 317856099 start: 1473415271 196927530
t_num: 18 finish: 1473415275 318077517 start: 1473415273 576753747
t_num: 24 finish: 1473415275 804098547 start: 1473415272 931625043
t_num: 14 finish: 1473415276 330474486 start: 1473415269 655698335
t_num: 13 finish: 1473415276 381674954 start: 1473415271 461088911
t_num: 7 finish: 1473415276 873114783 start: 1473415270 88543506
t_num: 27 finish: 1473415277 24726235 start: 1473415272 565164751
t_num: 25 finish: 1473415277 24744754 start: 1473415274 184732750
t_num: 15 finish: 1473415277 24758625 start: 1473415272 994887148
t_num: 19 finish: 1473415277 27343697 start: 1473415275 79286766
t_num: 6 finish: 1473415277 27564332 start: 1473415272 185710096
t_num: 11 finish: 1473415277 780734632 start: 1473415274 399797726
t_num: 17 finish: 1473415277 848155688 start: 1473415274 325732141
t_num: 28 finish: 1473415278 266653849 start: 1473415275 346454837
t_num: 26 finish: 1473415278 930168190 start: 1473415274 239884033
t_num: 3 finish: 1473415279 50957796 start: 1473415275 90575987
t_num: 22 finish: 1473415279 249551311 start: 1473415275 288010278
t_num: 25 finish: 1473415279 745191580 start: 1473415277 24793340
t_num: 23 finish: 1473415279 942577521 start: 1473415276 548430341
t_num: 13 finish: 1473415280 268422949 start: 1473415276 381701616
t_num: 10 finish: 1473415281 107544005 start: 1473415275 317877532
t_num: 30 finish: 1473415281 641334276 start: 1473415273 937790609
t_num: 27 finish: 1473415281 863644906 start: 1473415277 24769979
t_num: 9 finish: 1473415281 964607544 start: 1473415278 681907809
t_num: 31 finish: 1473415282 440632623 start: 1473415277 423607509
t_num: 25 finish: 1473415282 935588991 start: 1473415279 745234727
t_num: 2 finish: 1473415283 550774803 start: 1473415277 908410415
t_num: 28 finish: 1473415283 639984936 start: 1473415278 266686070
t_num: 22 finish: 1473415284 205758461 start: 1473415279 249595467
t_num: 7 finish: 1473415284 205991938 start: 1473415281 915089655
t_num: 19 finish: 1473415284 206069434 start: 1473415277 27365223
t_num: 10 finish: 1473415284 234667967 start: 1473415281 964992799
t_num: 8 finish: 1473415284 308699773 start: 1473415279 801830337
t_num: 12 finish: 1473415284 308699773 start: 1473415279 981281500
t_num: 6 finish: 1473415285 16284679 start: 1473415278 733587090
t_num: 0 finish: 1473415285 16686347 start: 1473415281 32196646
t_num: 31 finish: 1473415285 52262229 start: 1473415282 440679995
t_num: 15 finish: 1473415285 571949231 start: 1473415278 839567646
t_num: 13 finish: 1473415285 572004892 start: 1473415283 253261157
t_num: 24 finish: 1473415285 572029073 start: 1473415281 107173541
t_num: 25 finish: 1473415286 60795234 start: 1473415282 935632312
t_num: 22 finish: 1473415286 446427217 start: 1473415284 205803074
t_num: 26 finish: 1473415286 585059020 start: 1473415281 765805387
t_num: 28 finish: 1473415287 833136380 start: 1473415285 17118796
t_num: 12 finish: 1473415288 529363831 start: 1473415284 308757373
t_num: 8 finish: 1473415288 691509586 start: 1473415285 928182187
t_num: 7 finish: 1473415288 911990447 start: 1473415284 206012566
t_num: 2 finish: 1473415288 911990469 start: 1473415284 390349017
t_num: 16 finish: 1473415289 292812150 start: 1473415283 181907542
t_num: 21 finish: 1473415289 413912031 start: 1473415285 38914741
t_num: 0 finish: 1473415289 592101774 start: 1473415286 60820887
t_num: 31 finish: 1473415289 741187644 start: 1473415285 52319528
t_num: 3 finish: 1473415290 328614355 start: 1473415286 851998408
t_num: 23 finish: 1473415290 387263938 start: 1473415285 17029522
t_num: 1 finish: 1473415290 663303886 start: 1473415285 457863746
t_num: 13 finish: 1473415291 569607719 start: 1473415287 398641524
t_num: 6 finish: 1473415291 600771909 start: 1473415287 666854617
t_num: 28 finish: 1473415291 986012694 start: 1473415288 383629965
t_num: 25 finish: 1473415291 986012694 start: 1473415287 157807946
t_num: 29 finish: 1473415291 986090760 start: 1473415288 127228435
t_num: 20 finish: 1473415292 722097213 start: 1473415288 134800512
t_num: 4 finish: 1473415293 521535188 start: 1473415289 715972159
t_num: 21 finish: 1473415294 588454319 start: 1473415289 413958901
t_num: 23 finish: 1473415295 406753785 start: 1473415290 387298789
t_num: 8 finish: 1473415295 406774170 start: 1473415288 691549372
t_num: 9 finish: 1473415295 834143951 start: 1473415291 120232907
t_num: 20 finish: 1473415295 914385759 start: 1473415292 722188755
t_num: 16 finish: 1473415296 365709515 start: 1473415289 292857084
t_num: 28 finish: 1473415296 365709515 start: 1473415291 986063750
t_num: 25 finish: 1473415296 476129924 start: 1473415293 161076148
t_num: 13 finish: 1473415296 709795808 start: 1473415291 569665356
t_num: 12 finish: 1473415296 816507541 start: 1473415290 623254030
t_num: 17 finish: 1473415296 982418147 start: 1473415292 834485332
t_num: 5 finish: 1473415297 493049984 start: 1473415291 373687784
t_num: 1 finish: 1473415297 553974134 start: 1473415293 521665808
t_num: 22 finish: 1473415297 842466039 start: 1473415294 548822208
t_num: 4 finish: 1473415298 482864952 start: 1473415293 521579518
t_num: 26 finish: 1473415298 918087433 start: 1473415296 256859720
t_num: 25 finish: 1473415299 484380922 start: 1473415296 476165351
t_num: 29 finish: 1473415300 841358441 start: 1473415292 835094460
t_num: 30 finish: 1473415300 841923645 start: 1473415296 816493153
t_num: 8 finish: 1473415301 103192715 start: 1473415295 406833619
t_num: 7 finish: 1473415301 618065707 start: 1473415292 834530454
t_num: 28 finish: 1473415301 773814216 start: 1473415296 365774955
t_num: 6 finish: 1473415301 775855057 start: 1473415298 622092963
t_num: 18 finish: 1473415302 172640136 start: 1473415297 756983103
t_num: 12 finish: 1473415302 235936763 start: 1473415296 816535731
t_num: 17 finish: 1473415302 350353014 start: 1473415299 521065761
t_num: 4 finish: 1473415302 351254067 start: 1473415298 482907126
t_num: 16 finish: 1473415302 454570942 start: 1473415296 365756377
t_num: 9 finish: 1473415303 225438333 start: 1473415297 571549928
t_num: 13 finish: 1473415303 352596805 start: 1473415296 709889538
t_num: 8 finish: 1473415303 352859474 start: 1473415301 103236215
t_num: 15 finish: 1473415303 352938863 start: 1473415301 323964793
t_num: 25 finish: 1473415303 353543815 start: 1473415300 501852476
t_num: 11 finish: 1473415303 755280476 start: 1473415300 1032381
t_num: 27 finish: 1473415303 755321379 start: 1473415297 598424304
t_num: 1 finish: 1473415304 616157920 start: 1473415299 781064664
t_num: 12 finish: 1473415305 219469302 start: 1473415302 235960611
t_num: 28 finish: 1473415305 429263960 start: 1473415302 351216339
t_num: 14 finish: 1473415305 522852705 start: 1473415301 322152303
t_num: 31 finish: 1473415306 91318405 start: 1473415299 521155215
t_num: 4 finish: 1473415306 232727435 start: 1473415302 351273614
t_num: 16 finish: 1473415306 499468526 start: 1473415302 454617524
t_num: 11 finish: 1473415306 499488634 start: 1473415303 755303721
t_num: 30 finish: 1473415306 499539220 start: 1473415300 841945057
t_num: 8 finish: 1473415306 919612865 start: 1473415304 981453788
t_num: 29 finish: 1473415307 72925919 start: 1473415302 543932377
t_num: 25 finish: 1473415307 230649845 start: 1473415304 25299999
t_num: 10 finish: 1473415307 563627908 start: 1473415302 587371411
t_num: 15 finish: 1473415307 937601969 start: 1473415304 616310929
t_num: 18 finish: 1473415308 33003100 start: 1473415305 227446884
t_num: 3 finish: 1473415308 669588364 start: 1473415305 907156404
t_num: 20 finish: 1473415308 908186356 start: 1473415306 726027847
t_num: 17 finish: 1473415309 111163223 start: 1473415305 933329309
t_num: 13 finish: 1473415309 111223720 start: 1473415303 352622623
t_num: 31 finish: 1473415309 111626889 start: 1473415306 91361852
t_num: 7 finish: 1473415309 324627164 start: 1473415301 618104233
t_num: 1 finish: 1473415309 780827502 start: 1473415306 796912015
t_num: 16 finish: 1473415310 265348218 start: 1473415306 499516358
t_num: 5 finish: 1473415311 477388105 start: 1473415308 33723162
t_num: 4 finish: 1473415311 716635379 start: 1473415309 285387520
t_num: 28 finish: 1473415311 747803260 start: 1473415308 33888236
t_num: 15 finish: 1473415311 855760627 start: 1473415307 937868008
t_num: 16 finish: 1473415311 868703362 start: 1473415310 265388583
t_num: 11 finish: 1473415312 138758003 start: 1473415306 499557350
t_num: 25 finish: 1473415312 139017927 start: 1473415307 230702607
t_num: 14 finish: 1473415312 366295336 start: 1473415308 33042804
t_num: 29 finish: 1473415312 540975978 start: 1473415310 265379279
t_num: 24 finish: 1473415312 540988223 start: 1473415308 33947343
t_num: 30 finish: 1473415312 938970364 start: 1473415310 571192254
t_num: 31 finish: 1473415313 40284055 start: 1473415309 111647208
t_num: 12 finish: 1473415313 109123242 start: 1473415307 937642960
t_num: 2 finish: 1473415314 247728939 start: 1473415307 34289908
t_num: 20 finish: 1473415314 340142151 start: 1473415308 908229156
t_num: 0 finish: 1473415314 629018606 start: 1473415312 139224354
t_num: 14 finish: 1473415314 908849291 start: 1473415312 366338159
t_num: 30 finish: 1473415314 926581742 start: 1473415312 939028944
t_num: 18 finish: 1473415315 244713782 start: 1473415308 712796414
t_num: 29 finish: 1473415315 324114982 start: 1473415313 110100123
t_num: 23 finish: 1473415315 491070673 start: 1473415309 111189636
t_num: 25 finish: 1473415315 511595130 start: 1473415313 40268420
t_num: 5 finish: 1473415315 552175157 start: 1473415311 477433911
t_num: 11 finish: 1473415315 590569247 start: 1473415312 138794997
t_num: 7 finish: 1473415315 653554763 start: 1473415309 324648895
t_num: 3 finish: 1473415315 656675869 start: 1473415312 66451498
t_num: 0 finish: 1473415316 308340655 start: 1473415314 629062859
t_num: 15 finish: 1473415317 122214675 start: 1473415314 136010462
t_num: 1 finish: 1473415317 122364013 start: 1473415311 786800576
t_num: 12 finish: 1473415317 186123385 start: 1473415315 441925871
t_num: 31 finish: 1473415318 181043241 start: 1473415313 40310005
t_num: 22 finish: 1473415318 514287735 start: 1473415315 231397903
t_num: 13 finish: 1473415318 601083465 start: 1473415314 304572564
t_num: 9 finish: 1473415318 601965676 start: 1473415312 488880531
t_num: 21 finish: 1473415318 604353451 start: 1473415314 136029490
t_num: 25 finish: 1473415319 557298609 start: 1473415315 511621992
t_num: 2 finish: 1473415319 634064727 start: 1473415314 247751994
t_num: 1 finish: 1473415320 49787076 start: 1473415317 122382821
t_num: 7 finish: 1473415320 166658538 start: 1473415317 122314051
t_num: 0 finish: 1473415320 456283958 start: 1473415316 308388827
t_num: 23 finish: 1473415320 628113680 start: 1473415315 491112180
t_num: 21 finish: 1473415320 838922983 start: 1473415318 604385405
t_num: 6 finish: 1473415320 905236634 start: 1473415318 936268705
t_num: 5 finish: 1473415322 416717610 start: 1473415318 66136745
t_num: 29 finish: 1473415322 760396839 start: 1473415320 838123209
t_num: 18 finish: 1473415322 901134739 start: 1473415315 244743193
t_num: 14 finish: 1473415323 274588417 start: 1473415318 256333591
t_num: 20 finish: 1473415323 318894189 start: 1473415319 60129946
t_num: 12 finish: 1473415323 318905850 start: 1473415318 567180119
t_num: 28 finish: 1473415323 806026409 start: 1473415317 25624797
t_num: 21 finish: 1473415324 216783681 start: 1473415320 838949941
t_num: 24 finish: 1473415325 359556090 start: 1473415318 948279351
t_num: 25 finish: 1473415325 590616025 start: 1473415320 792793289
t_num: 7 finish: 1473415325 592188426 start: 1473415320 166684570
t_num: 31 finish: 1473415325 825642412 start: 1473415318 181075349
t_num: 0 finish: 1473415327 445902708 start: 1473415320 456327680
t_num: 1 finish: 1473415327 464206849 start: 1473415320 904678818
t_num: 8 finish: 1473415327 695209225 start: 1473415321 322199064
t_num: 14 finish: 1473415328 165378841 start: 1473415323 274634546
t_num: 21 finish: 1473415328 165431350 start: 1473415324 216806544
t_num: 23 finish: 1473415328 165470143 start: 1473415320 628146012
t_num: 6 finish: 1473415328 165611218 start: 1473415324 187390152
t_num: 4 finish: 1473415328 398967373 start: 1473415325 108706513
t_num: 24 finish: 1473415328 712880090 start: 1473415325 359588350
t_num: 28 finish: 1473415329 350679694 start: 1473415323 806066483
t_num: 25 finish: 1473415329 350946625 start: 1473415327 694377361
t_num: 0 finish: 1473415329 351108131 start: 1473415327 445935169
t_num: 31 finish: 1473415329 351516655 start: 1473415326 583642654
t_num: 9 finish: 1473415329 351620911 start: 1473415325 102707636
t_num: 11 finish: 1473415329 351723946 start: 1473415325 763846708
t_num: 29 finish: 1473415329 508207073 start: 1473415322 760447924
t_num: 5 finish: 1473415330 73320243 start: 1473415328 206362632
t_num: 7 finish: 1473415330 73320779 start: 1473415326 474419041
t_num: 2 finish: 1473415330 748237852 start: 1473415322 428992744
t_num: 1 finish: 1473415331 103499298 start: 1473415327 464223845
t_num: 27 finish: 1473415331 103552160 start: 1473415326 748017613
t_num: 12 finish: 1473415331 893730929 start: 1473415324 667516814
t_num: 17 finish: 1473415331 893730901 start: 1473415329 351228545
t_num: 0 finish: 1473415331 956935856 start: 1473415330 545066267
t_num: 5 finish: 1473415331 956999482 start: 1473415330 73367476
t_num: 21 finish: 1473415331 957003142 start: 1473415328 165450877
t_num: 29 finish: 1473415332 547907299 start: 1473415329 508230483
t_num: 9 finish: 1473415332 548429976 start: 1473415331 103513794
t_num: 1 finish: 1473415332 859348161 start: 1473415331 103539033
t_num: 24 finish: 1473415332 873848012 start: 1473415328 712939106
t_num: 14 finish: 1473415333 267885017 start: 1473415328 165423920
t_num: 18 finish: 1473415334 276364800 start: 1473415331 762050520
t_num: 6 finish: 1473415334 309369426 start: 1473415329 886176315
t_num: 25 finish: 1473415334 344809336 start: 1473415331 762014909
t_num: 31 finish: 1473415335 410336972 start: 1473415329 351537222
t_num: 7 finish: 1473415335 410468414 start: 1473415330 73390437
t_num: 4 finish: 1473415335 411209254 start: 1473415329 476649239
t_num: 11 finish: 1473415335 411967425 start: 1473415331 762086016
t_num: 27 finish: 1473415335 554257193 start: 1473415332 272182710
t_num: 21 finish: 1473415335 554324810 start: 1473415331 957020298
t_num: 2 finish: 1473415336 364553859 start: 1473415333 599320532
t_num: 0 finish: 1473415337 205826355 start: 1473415333 752937305
t_num: 17 finish: 1473415337 206377159 start: 1473415331 893886573
t_num: 22 finish: 1473415337 206441217 start: 1473415333 742281990
t_num: 5 finish: 1473415337 299167482 start: 1473415333 599343626
t_num: 13 finish: 1473415337 502471000 start: 1473415334 529489322
t_num: 14 finish: 1473415338 249841624 start: 1473415334 495663088
t_num: 27 finish: 1473415338 578593382 start: 1473415335 554278239
t_num: 6 finish: 1473415338 578616382 start: 1473415335 861556183
t_num: 11 finish: 1473415338 627527279 start: 1473415335 411988191
t_num: 1 finish: 1473415339 221450782 start: 1473415335 377025079
t_num: 7 finish: 1473415339 308727238 start: 1473415335 410487790
t_num: 25 finish: 1473415340 337031405 start: 1473415335 411757036
t_num: 30 finish: 1473415340 337041762 start: 1473415335 554105974
t_num: 0 finish: 1473415341 318656962 start: 1473415337 205867779
t_num: 29 finish: 1473415341 340486361 start: 1473415335 410229288
t_num: 27 finish: 1473415342 27588000 start: 1473415338 578635386
t_num: 2 finish: 1473415342 80010142 start: 1473415336 527088097
t_num: 4 finish: 1473415342 218546999 start: 1473415338 708757939
t_num: 13 finish: 1473415342 426687273 start: 1473415337 502531558
t_num: 8 finish: 1473415342 792361358 start: 1473415338 165212800
t_num: 7 finish: 1473415342 793173868 start: 1473415339 308774863
t_num: 1 finish: 1473415342 880331119 start: 1473415341 152521726
t_num: 22 finish: 1473415342 880399865 start: 1473415338 60865976
t_num: 28 finish: 1473415343 228778424 start: 1473415340 116460783
t_num: 6 finish: 1473415343 363352267 start: 1473415338 578676835
t_num: 26 finish: 1473415343 723617520 start: 1473415339 962142582
t_num: 14 finish: 1473415343 802262834 start: 1473415339 617690936
t_num: 5 finish: 1473415343 802342165 start: 1473415337 299207224
t_num: 19 finish: 1473415343 864324316 start: 1473415339 163960034
t_num: 11 finish: 1473415343 933944851 start: 1473415338 627558980
t_num: 3 finish: 1473415344 366970583 start: 1473415342 414257795
t_num: 18 finish: 1473415344 931673234 start: 1473415340 909820932
t_num: 13 finish: 1473415345 186213933 start: 1473415343 229184045
t_num: 7 finish: 1473415345 500508195 start: 1473415342 793194891
t_num: 4 finish: 1473415346 146807011 start: 1473415342 218579816
t_num: 25 finish: 1473415346 335629844 start: 1473415342 709229279
t_num: 2 finish: 1473415346 432779897 start: 1473415342 80050301
t_num: 5 finish: 1473415346 784292849 start: 1473415343 802379080
t_num: 7 finish: 1473415347 161062421 start: 1473415345 500549980
t_num: 18 finish: 1473415347 333648510 start: 1473415344 931740499
t_num: 20 finish: 1473415347 464866224 start: 1473415342 940061273
t_num: 3 finish: 1473415348 9692653 start: 1473415345 286741234
t_num: 29 finish: 1473415348 11792006 start: 1473415344 931722904
t_num: 9 finish: 1473415348 101831605 start: 1473415344 645586615
t_num: 27 finish: 1473415348 246731464 start: 1473415345 809013984
t_num: 28 finish: 1473415348 275762187 start: 1473415345 808983542
t_num: 24 finish: 1473415348 278025704 start: 1473415348 219117610
t_num: 13 finish: 1473415348 340756184 start: 1473415345 186257824
t_num: 14 finish: 1473415348 397793203 start: 1473415343 802315817
t_num: 23 finish: 1473415348 474272090 start: 1473415345 568393890
t_num: 10 finish: 1473415348 516000874 start: 1473415344 424820401
t_num: 29 finish: 1473415348 516003582 start: 1473415348 11831515
t_num: 22 finish: 1473415348 824501553 start: 1473415345 808967304
t_num: 17 finish: 1473415349 311332106 start: 1473415347 257742261
t_num: 6 finish: 1473415349 740002122 start: 1473415347 726901795
t_num: 12 finish: 1473415350 60695392 start: 1473415348 104711420
t_num: 2 finish: 1473415350 106645948 start: 1473415346 432841752
t_num: 29 finish: 1473415350 414888597 start: 1473415348 516035770
t_num: 25 finish: 1473415350 673871525 start: 1473415346 335672683
t_num: 4 finish: 1473415350 931168034 start: 1473415346 146837113
t_num: 16 finish: 1473415350 931171472 start: 1473415348 277837382
t_num: 7 finish: 1473415351 137352269 start: 1473415348 137823989
t_num: 10 finish: 1473415352 454890472 start: 1473415348 516030014
t_num: 18 finish: 1473415352 455352730 start: 1473415350 259790649
t_num: 23 finish: 1473415353 445453415 start: 1473415348 474300677
t_num: 22 finish: 1473415353 495749605 start: 1473415351 202179836
t_num: 1 finish: 1473415353 495760921 start: 1473415347 256912013
t_num: 11 finish: 1473415353 496466271 start: 1473415349 217311230
t_num: 13 finish: 1473415353 496507243 start: 1473415348 448651599
t_num: 25 finish: 1473415353 496536358 start: 1473415350 673958718
t_num: 28 finish: 1473415353 496847867 start: 1473415349 654806777
t_num: 5 finish: 1473415353 655172146 start: 1473415348 13350121
t_num: 31 finish: 1473415354 481438628 start: 1473415349 740037566
t_num: 12 finish: 1473415354 902120443 start: 1473415352 341358998
t_num: 10 finish: 1473415355 808643451 start: 1473415353 445634482
t_num: 4 finish: 1473415355 808949798 start: 1473415350 931251465
t_num: 2 finish: 1473415355 811194668 start: 1473415350 106687557
t_num: 28 finish: 1473415355 870507477 start: 1473415353 496867270
t_num: 16 finish: 1473415355 870509668 start: 1473415350 931293837
t_num: 11 finish: 1473415355 870742794 start: 1473415353 496486117
t_num: 25 finish: 1473415355 871250245 start: 1473415353 496554051
t_num: 0 finish: 1473415355 871318750 start: 1473415353 891882647
t_num: 18 finish: 1473415356 881320153 start: 1473415352 455372728
t_num: 24 finish: 1473415356 881462261 start: 1473415353 253883765
t_num: 6 finish: 1473415357 466756801 start: 1473415354 756642184
t_num: 3 finish: 1473415357 548187195 start: 1473415354 865747126
t_num: 5 finish: 1473415358 249318216 start: 1473415355 807341893
t_num: 31 finish: 1473415358 480291119 start: 1473415354 481462240
t_num: 0 finish: 1473415359 126341261 start: 1473415355 871336918
t_num: 28 finish: 1473415359 126943256 start: 1473415355 870537609
t_num: 18 finish: 1473415359 274405762 start: 1473415356 881363146
t_num: 27 finish: 1473415359 591751771 start: 1473415354 462909193
t_num: 24 finish: 1473415360 3716306 start: 1473415356 881482675
t_num: 3 finish: 1473415360 133040721 start: 1473415358 249344442
t_num: 11 finish: 1473415360 211617802 start: 1473415355 870761840
t_num: 21 finish: 1473415360 913341021 start: 1473415356 558852518
t_num: 22 finish: 1473415361 434795524 start: 1473415355 808365631
t_num: 31 finish: 1473415361 498693125 start: 1473415359 128232639
t_num: 1 finish: 1473415361 589877873 start: 1473415357 971173733
t_num: 10 finish: 1473415361 592050604 start: 1473415355 808674051
t_num: 16 finish: 1473415362 93711803 start: 1473415358 392362864
t_num: 2 finish: 1473415362 253565286 start: 1473415358 571715650
t_num: 25 finish: 1473415362 610024760 start: 1473415355 871270268
t_num: 17 finish: 1473415362 993725406 start: 1473415360 430357595
t_num: 12 finish: 1473415362 994388408 start: 1473415360 865599017
t_num: 3 finish: 1473415363 98778380 start: 1473415360 133084021
t_num: 9 finish: 1473415363 98885248 start: 1473415359 463131469
t_num: 0 finish: 1473415363 203787199 start: 1473415360 879441318
t_num: 11 finish: 1473415364 332163250 start: 1473415360 211654840
t_num: 25 finish: 1473415364 875981059 start: 1473415362 610070884
t_num: 17 finish: 1473415364 949346693 start: 1473415362 993812574
t_num: 16 finish: 1473415365 522338288 start: 1473415362 93739724
t_num: 28 finish: 1473415365 783239322 start: 1473415362 994076747
t_num: 12 finish: 1473415365 789537638 start: 1473415362 994409640
t_num: 3 finish: 1473415365 877376050 start: 1473415363 98824938
t_num: 9 finish: 1473415365 895520441 start: 1473415364 81763695
t_num: 18 finish: 1473415365 992788477 start: 1473415360 669239549
t_num: 21 finish: 1473415365 993965877 start: 1473415362 93086652
t_num: 8 finish: 1473415366 305836397 start: 1473415360 395095326
t_num: 1 finish: 1473415366 427914725 start: 1473415363 440283700
t_num: 6 finish: 1473415366 427951498 start: 1473415364 913018440
t_num: 19 finish: 1473415366 428996785 start: 1473415361 849858614
t_num: 13 finish: 1473415367 620247888 start: 1473415365 112021692
t_num: 16 finish: 1473415367 621867461 start: 1473415365 522372489
t_num: 9 finish: 1473415367 661340192 start: 1473415365 895539503
t_num: 30 finish: 1473415368 462739799 start: 1473415361 890544901
t_num: 12 finish: 1473415368 660461999 start: 1473415365 789554107
t_num: 31 finish: 1473415369 559833501 start: 1473415366 428051964
t_num: 8 finish: 1473415370 317412954 start: 1473415366 305932412
t_num: 15 finish: 1473415370 568124248 start: 1473415365 993665488
t_num: 25 finish: 1473415371 227171132 start: 1473415364 876025340
t_num: 0 finish: 1473415371 231153677 start: 1473415367 649637393
t_num: 17 finish: 1473415371 407068046 start: 1473415365 799353896
t_num: 20 finish: 1473415371 440925056 start: 1473415369 362063353
t_num: 11 finish: 1473415371 525542666 start: 1473415368 422754117
t_num: 18 finish: 1473415372 101471938 start: 1473415365 992834005
t_num: 19 finish: 1473415372 102557961 start: 1473415368 949973422
t_num: 8 finish: 1473415372 364440955 start: 1473415370 317459516
t_num: 3 finish: 1473415372 599473587 start: 1473415367 892732529
t_num: 30 finish: 1473415372 600041983 start: 1473415368 462776047
t_num: 21 finish: 1473415372 986824925 start: 1473415368 418232716
t_num: 16 finish: 1473415373 49022158 start: 1473415368 601228029
t_num: 0 finish: 1473415373 125522968 start: 1473415371 231174762
t_num: 31 finish: 1473415373 863306398 start: 1473415369 677993005
t_num: 13 finish: 1473415373 981244470 start: 1473415367 620278695
t_num: 8 finish: 1473415374 322708608 start: 1473415372 364474793
t_num: 12 finish: 1473415374 426669409 start: 1473415371 231244937
t_num: 9 finish: 1473415374 511561464 start: 1473415369 646972005
t_num: 18 finish: 1473415374 937216172 start: 1473415372 101510216
t_num: 3 finish: 1473415375 58653555 start: 1473415372 599509352
t_num: 1 finish: 1473415375 169933662 start: 1473415372 622742227
t_num: 25 finish: 1473415375 267961484 start: 1473415371 227264312
t_num: 15 finish: 1473415375 398059935 start: 1473415370 568161313
t_num: 16 finish: 1473415376 634172057 start: 1473415373 49058217
t_num: 20 finish: 1473415377 87062644 start: 1473415371 440971400
t_num: 28 finish: 1473415377 176617278 start: 1473415374 152676878
t_num: 19 finish: 1473415377 340670138 start: 1473415372 647932255
t_num: 12 finish: 1473415377 760461505 start: 1473415374 426700994
t_num: 8 finish: 1473415377 930377371 start: 1473415374 322733225
t_num: 5 finish: 1473415378 19869311 start: 1473415372 621194742
t_num: 31 finish: 1473415378 31464078 start: 1473415373 863350869
t_num: 29 finish: 1473415378 624464342 start: 1473415372 601704016
t_num: 21 finish: 1473415378 928441531 start: 1473415373 180617325
t_num: 22 finish: 1473415379 116340561 start: 1473415374 152427856
t_num: 7 finish: 1473415379 116615152 start: 1473415376 701608514
t_num: 9 finish: 1473415379 198695699 start: 1473415376 634947180
t_num: 25 finish: 1473415380 68737533 start: 1473415375 267993239
t_num: 30 finish: 1473415380 68737533 start: 1473415374 160782331
t_num: 16 finish: 1473415380 68782295 start: 1473415376 634200295
t_num: 18 finish: 1473415380 473264334 start: 1473415377 760503461
t_num: 26 finish: 1473415380 493999834 start: 1473415377 932879568
t_num: 2 finish: 1473415380 983647996 start: 1473415376 200426571
t_num: 4 finish: 1473415381 129409108 start: 1473415377 760718552
t_num: 28 finish: 1473415381 883290367 start: 1473415377 176658965
t_num: 21 finish: 1473415382 69129862 start: 1473415378 928514263
t_num: 19 finish: 1473415382 415550220 start: 1473415377 340731627
t_num: 14 finish: 1473415382 447429551 start: 1473415378 334772101
t_num: 25 finish: 1473415382 755243674 start: 1473415380 68783541
t_num: 8 finish: 1473415382 924019092 start: 1473415377 930420750
t_num: 9 finish: 1473415383 494299715 start: 1473415381 387047628
t_num: 5 finish: 1473415383 550454037 start: 1473415378 19908130
t_num: 30 finish: 1473415384 270546774 start: 1473415380 68816087
t_num: 28 finish: 1473415385 161975131 start: 1473415381 883334371
t_num: 18 finish: 1473415385 174911339 start: 1473415380 473324617
t_num: 31 finish: 1473415385 174917433 start: 1473415382 924032235
t_num: 15 finish: 1473415385 174959593 start: 1473415383 419940408
t_num: 8 finish: 1473415385 193533049 start: 1473415382 924042157
t_num: 22 finish: 1473415385 253706250 start: 1473415379 116386079
t_num: 4 finish: 1473415385 483038956 start: 1473415381 129448272
t_num: 19 finish: 1473415385 514086132 start: 1473415382 415595690
t_num: 24 finish: 1473415385 514134593 start: 1473415382 735385183
t_num: 2 finish: 1473415386 400331686 start: 1473415380 983686857
t_num: 0 finish: 1473415386 576575130 start: 1473415382 182103976
t_num: 14 finish: 1473415387 217693604 start: 1473415384 270043275
t_num: 21 finish: 1473415387 680280067 start: 1473415384 269963955
t_num: 9 finish: 1473415388 762970592 start: 1473415383 494339560
t_num: 19 finish: 1473415389 591945770 start: 1473415386 735344858
t_num: 24 finish: 1473415389 592427575 start: 1473415385 514150293
t_num: 25 finish: 1473415389 647829220 start: 1473415384 269969289
t_num: 26 finish: 1473415389 647965196 start: 1473415387 357700481
t_num: 10 finish: 1473415389 648118155 start: 1473415386 400457914
t_num: 8 finish: 1473415389 648282969 start: 1473415385 193554913
t_num: 14 finish: 1473415389 648362387 start: 1473415387 217735846
t_num: 27 finish: 1473415389 809482136 start: 1473415387 357582741
t_num: 0 finish: 1473415389 918056232 start: 1473415386 576608759
t_num: 27 finish: 1473415390 184295651 start: 1473415389 809506385
t_num: 7 finish: 1473415390 541221649 start: 1473415387 483145980
t_num: 31 finish: 1473415391 72707170 start: 1473415385 174974112
t_num: 23 finish: 1473415392 116916613 start: 1473415386 400292497
t_num: 15 finish: 1473415392 522943002 start: 1473415385 175023656
t_num: 21 finish: 1473415392 649772802 start: 1473415387 680324296
t_num: 5 finish: 1473415392 915499914 start: 1473415390 279356614
t_num: 2 finish: 1473415392 916151663 start: 1473415388 135755919
t_num: 9 finish: 1473415393 726712852 start: 1473415392 394280783
t_num: 0 finish: 1473415393 728585798 start: 1473415391 62515427
t_num: 22 finish: 1473415394 174175476 start: 1473415388 229940764
t_num: 10 finish: 1473415394 236394499 start: 1473415389 648230720
t_num: 13 finish: 1473415394 312216682 start: 1473415392 509459019
t_num: 14 finish: 1473415394 312814588 start: 1473415389 648379483
t_num: 19 finish: 1473415394 551585483 start: 1473415389 591993706
t_num: 3 finish: 1473415394 555541725 start: 1473415391 72714324
t_num: 25 finish: 1473415394 555545924 start: 1473415389 647850146
t_num: 24 finish: 1473415395 209802049 start: 1473415389 592447495
t_num: 11 finish: 1473415395 332782118 start: 1473415392 120650648
t_num: 6 finish: 1473415396 304161816 start: 1473415389 647871937
t_num: 9 finish: 1473415396 304265001 start: 1473415393 726770381
t_num: 8 finish: 1473415397 235468627 start: 1473415394 312664884
t_num: 0 finish: 1473415397 532109642 start: 1473415393 728611315
t_num: 21 finish: 1473415397 532113650 start: 1473415392 649815592
t_num: 5 finish: 1473415397 532209555 start: 1473415392 915541531
t_num: 16 finish: 1473415397 562465726 start: 1473415392 454406395
t_num: 31 finish: 1473415397 708824356 start: 1473415392 563209366
t_num: 19 finish: 1473415398 633356375 start: 1473415394 551628454
t_num: 14 finish: 1473415398 641529009 start: 1473415394 312833477
t_num: 20 finish: 1473415399 160504563 start: 1473415395 72704616
t_num: 26 finish: 1473415399 199234550 start: 1473415392 649389354
t_num: 25 finish: 1473415399 199283295 start: 1473415394 555578232
t_num: 7 finish: 1473415399 470704599 start: 1473415393 649368738
t_num: 6 finish: 1473415399 559311205 start: 1473415396 304224701
t_num: 5 finish: 1473415400 58962049 start: 1473415397 532228096
t_num: 3 finish: 1473415400 217826627 start: 1473415398 205281727
t_num: 9 finish: 1473415400 526862352 start: 1473415396 795751726
t_num: 23 finish: 1473415400 946244585 start: 1473415393 749997995
t_num: 14 finish: 1473415401 748258630 start: 1473415398 641552151
t_num: 16 finish: 1473415401 749004474 start: 1473415399 104848581
t_num: 13 finish: 1473415402 238107023 start: 1473415398 460478132
t_num: 8 finish: 1473415402 542288633 start: 1473415397 562523452
t_num: 31 finish: 1473415403 26546601 start: 1473415400 184279834
t_num: 11 finish: 1473415403 107995856 start: 1473415397 116207898
t_num: 21 finish: 1473415403 996121387 start: 1473415397 532185559
t_num: 3 finish: 1473415404 928125652 start: 1473415400 217849403
t_num: 9 finish: 1473415405 79726573 start: 1473415400 526896373
t_num: 0 finish: 1473415405 79742686 start: 1473415401 79821041
t_num: 19 finish: 1473415405 506014016 start: 1473415401 79842815
t_num: 23 finish: 1473415405 908732105 start: 1473415402 542300049
t_num: 5 finish: 1473415406 934057979 start: 1473415402 542178375
t_num: 12 finish: 1473415407 131003001 start: 1473415401 746413553
t_num: 18 finish: 1473415407 133590612 start: 1473415401 422109857
t_num: 4 finish: 1473415407 275819923 start: 1473415402 541166996
t_num: 21 finish: 1473415407 649803620 start: 1473415403 996159946
t_num: 25 finish: 1473415407 649810447 start: 1473415403 405280776
t_num: 28 finish: 1473415407 846820822 start: 1473415399 469930346
t_num: 2 finish: 1473415408 68449891 start: 1473415402 248817359
t_num: 8 finish: 1473415408 715127014 start: 1473415402 542312003
t_num: 3 finish: 1473415409 549887421 start: 1473415404 928172298
t_num: 26 finish: 1473415409 573851487 start: 1473415402 542228616
t_num: 14 finish: 1473415409 573876332 start: 1473415406 261755704
t_num: 11 finish: 1473415409 751044630 start: 1473415403 108036467
t_num: 13 finish: 1473415410 195750611 start: 1473415405 80525163
t_num: 30 finish: 1473415410 891706612 start: 1473415407 293053383
t_num: 18 finish: 1473415410 940567883 start: 1473415407 691106043
t_num: 29 finish: 1473415412 273897249 start: 1473415403 996084320
t_num: 19 finish: 1473415412 423768890 start: 1473415408 714469185
t_num: 14 finish: 1473415412 423900178 start: 1473415409 573957337
t_num: 3 finish: 1473415412 573407271 start: 1473415409 549955068
t_num: 5 finish: 1473415412 637581609 start: 1473415408 714787784
t_num: 2 finish: 1473415413 392788983 start: 1473415410 195475252
t_num: 9 finish: 1473415413 464155804 start: 1473415408 714922992
t_num: 21 finish: 1473415413 465199519 start: 1473415409 22384175
t_num: 8 finish: 1473415413 465493057 start: 1473415408 715155099
t_num: 0 finish: 1473415414 14681959 start: 1473415410 62697391
t_num: 15 finish: 1473415414 519793655 start: 1473415408 715383732
t_num: 10 finish: 1473415414 550294245 start: 1473415408 714908419
t_num: 25 finish: 1473415414 630926070 start: 1473415409 22884975
t_num: 11 finish: 1473415414 656305273 start: 1473415410 381914223
t_num: 24 finish: 1473415414 656311190 start: 1473415408 849739768
t_num: 30 finish: 1473415416 774607509 start: 1473415410 891751914
t_num: 25 finish: 1473415416 948666222 start: 1473415415 191610963
t_num: 3 finish: 1473415417 24698160 start: 1473415413 466719311
t_num: 31 finish: 1473415417 24755498 start: 1473415414 431568631
t_num: 26 finish: 1473415417 84975111 start: 1473415410 610240508
t_num: 17 finish: 1473415417 483376479 start: 1473415412 509386614
t_num: 18 finish: 1473415417 523220685 start: 1473415413 465571161
t_num: 13 finish: 1473415417 523257386 start: 1473415411 534006120
t_num: 10 finish: 1473415417 523766756 start: 1473415414 550329169
t_num: 19 finish: 1473415417 718632923 start: 1473415413 467266035
t_num: 15 finish: 1473415418 303465 start: 1473415414 519869319
t_num: 0 finish: 1473415418 673524829 start: 1473415414 14717459
t_num: 23 finish: 1473415418 675766364 start: 1473415413 466819071
t_num: 11 finish: 1473415418 761748476 start: 1473415416 46437665
t_num: 29 finish: 1473415418 762502309 start: 1473415413 467051037
t_num: 5 finish: 1473415419 494372650 start: 1473415414 903600146
t_num: 26 finish: 1473415419 537956673 start: 1473415417 84993562
t_num: 17 finish: 1473415419 608133518 start: 1473415417 811057405
t_num: 9 finish: 1473415419 608179263 start: 1473415415 193458503
t_num: 21 finish: 1473415420 345651079 start: 1473415416 709996117
t_num: 30 finish: 1473415420 441496399 start: 1473415416 774639352
t_num: 3 finish: 1473415420 441538529 start: 1473415417 523241536
t_num: 24 finish: 1473415420 602102647 start: 1473415414 656333898
t_num: 19 finish: 1473415421 318711845 start: 1473415419 220883694
t_num: 22 finish: 1473415421 486465103 start: 1473415417 811758134
t_num: 10 finish: 1473415422 56525207 start: 1473415418 778455286
t_num: 15 finish: 1473415422 249967666 start: 1473415419 200299852
t_num: 31 finish: 1473415422 304622323 start: 1473415417 24769698
t_num: 12 finish: 1473415422 483920094 start: 1473415417 595186071
t_num: 13 finish: 1473415422 779882368 start: 1473415417 982481307
t_num: 0 finish: 1473415423 176799645 start: 1473415418 673588213
t_num: 11 finish: 1473415423 583095556 start: 1473415418 761786163
t_num: 29 finish: 1473415423 695352028 start: 1473415421 250085569
t_num: 17 finish: 1473415424 59220063 start: 1473415419 608168268
t_num: 18 finish: 1473415424 406474665 start: 1473415420 647464349
t_num: 23 finish: 1473415424 466671285 start: 1473415419 332104679
t_num: 21 finish: 1473415424 581069765 start: 1473415420 345711379
t_num: 15 finish: 1473415425 304275591 start: 1473415423 112479416
t_num: 26 finish: 1473415425 494886427 start: 1473415421 188233015
t_num: 11 finish: 1473415426 171048274 start: 1473415423 583135433
t_num: 9 finish: 1473415426 195536622 start: 1473415421 937978258
t_num: 18 finish: 1473415426 230265260 start: 1473415424 406519700
t_num: 31 finish: 1473415426 420549863 start: 1473415422 304680826
t_num: 30 finish: 1473415427 686384701 start: 1473415422 249028209
t_num: 6 finish: 1473415427 870758359 start: 1473415423 421619166
t_num: 16 finish: 1473415427 870775730 start: 1473415421 156854133
t_num: 17 finish: 1473415428 452545668 start: 1473415424 59255596
t_num: 10 finish: 1473415428 452591216 start: 1473415422 56568938
t_num: 24 finish: 1473415428 800959955 start: 1473415423 778215205
t_num: 19 finish: 1473415429 50385817 start: 1473415421 452814041
t_num: 13 finish: 1473415429 103871771 start: 1473415424 861163065
t_num: 26 finish: 1473415429 103886438 start: 1473415425 494920468
t_num: 23 finish: 1473415429 406756737 start: 1473415424 466707354
t_num: 0 finish: 1473415430 34868693 start: 1473415425 728955874
t_num: 11 finish: 1473415430 168535271 start: 1473415426 171074248
t_num: 29 finish: 1473415430 265830101 start: 1473415424 601464000
t_num: 16 finish: 1473415430 329368806 start: 1473415427 870895361
t_num: 15 finish: 1473415430 693141864 start: 1473415425 304318023
t_num: 12 finish: 1473415430 782403546 start: 1473415425 158730413
t_num: 19 finish: 1473415431 613107485 start: 1473415429 50429497
t_num: 17 finish: 1473415432 190835272 start: 1473415428 769384920
t_num: 9 finish: 1473415432 190961728 start: 1473415426 195558706
t_num: 23 finish: 1473415432 769106162 start: 1473415430 705018795
t_num: 18 finish: 1473415433 257812462 start: 1473415430 169010610
t_num: 31 finish: 1473415433 908187066 start: 1473415427 686884277
t_num: 24 finish: 1473415434 721599804 start: 1473415430 168569443
t_num: 26 finish: 1473415434 832108996 start: 1473415429 103936594
t_num: 29 finish: 1473415435 331729679 start: 1473415430 265857322
t_num: 12 finish: 1473415435 398702902 start: 1473415430 782430422
t_num: 13 finish: 1473415435 480315233 start: 1473415431 483067295
t_num: 7 finish: 1473415435 742170289 start: 1473415431 366026562
t_num: 6 finish: 1473415436 276138416 start: 1473415434 85448353
t_num: 19 finish: 1473415436 276252489 start: 1473415431 613137742
t_num: 0 finish: 1473415436 938013866 start: 1473415432 769177581
t_num: 4 finish: 1473415437 569659175 start: 1473415433 374320112
t_num: 24 finish: 1473415438 170392721 start: 1473415434 721641596
t_num: 28 finish: 1473415439 352700900 start: 1473415433 621961464
t_num: 2 finish: 1473415439 394346112 start: 1473415431 734540985
t_num: 30 finish: 1473415439 394352402 start: 1473415432 128371509
t_num: 9 finish: 1473415439 394399420 start: 1473415434 832168776
t_num: 17 finish: 1473415439 797329217 start: 1473415432 190921729
t_num: 20 finish: 1473415439 926928350 start: 1473415436 115810349
t_num: 0 finish: 1473415440 34075607 start: 1473415436 938058099
t_num: 13 finish: 1473415440 263578569 start: 1473415436 276230158
t_num: 26 finish: 1473415440 354388484 start: 1473415434 832242480
t_num: 12 finish: 1473415440 460825414 start: 1473415435 398728050
t_num: 7 finish: 1473415440 460920297 start: 1473415438 3428233
t_num: 23 finish: 1473415440 542954264 start: 1473415435 331888463
t_num: 4 finish: 1473415440 779748505 start: 1473415437 569707337
t_num: 19 finish: 1473415441 746049636 start: 1473415439 70658413
t_num: 3 finish: 1473415441 804868207 start: 1473415434 832545868
t_num: 29 finish: 1473415441 876739708 start: 1473415436 459080798
t_num: 14 finish: 1473415442 332057424 start: 1473415439 352186639
t_num: 26 finish: 1473415443 198557263 start: 1473415440 354428103
t_num: 31 finish: 1473415443 422979554 start: 1473415436 275154013
t_num: 8 finish: 1473415443 594739098 start: 1473415436 459072321
t_num: 28 finish: 1473415444 107418361 start: 1473415439 352730332
t_num: 24 finish: 1473415444 439457245 start: 1473415439 352738505
t_num: 14 finish: 1473415444 522749469 start: 1473415442 332084729
t_num: 17 finish: 1473415445 253010050 start: 1473415439 797365087
t_num: 27 finish: 1473415445 253100011 start: 1473415438 566951961
t_num: 30 finish: 1473415445 253284844 start: 1473415439 394447464
t_num: 5 finish: 1473415445 309548907 start: 1473415442 409609795
t_num: 3 finish: 1473415445 309625755 start: 1473415441 804895822
t_num: 2 finish: 1473415445 399914807 start: 1473415441 279037758
t_num: 13 finish: 1473415445 400075777 start: 1473415443 277267961
t_num: 19 finish: 1473415445 665668197 start: 1473415441 746100343
t_num: 1 finish: 1473415446 123695362 start: 1473415439 979747843
t_num: 4 finish: 1473415446 771628113 start: 1473415440 779788472
t_num: 13 finish: 1473415446 772971933 start: 1473415445 400093160
t_num: 12 finish: 1473415446 784810582 start: 1473415442 569833720
t_num: 7 finish: 1473415446 916887640 start: 1473415442 634024475
t_num: 28 finish: 1473415447 139666082 start: 1473415444 107461685
t_num: 21 finish: 1473415447 370157503 start: 1473415443 739428334
t_num: 0 finish: 1473415447 754607175 start: 1473415442 569899240
t_num: 26 finish: 1473415447 825102095 start: 1473415444 630354110
t_num: 8 finish: 1473415448 490306326 start: 1473415445 198324612
t_num: 3 finish: 1473415448 738381131 start: 1473415445 309645213
t_num: 22 finish: 1473415448 739153798 start: 1473415445 480035842
t_num: 30 finish: 1473415448 765972059 start: 1473415446 236411023
t_num: 23 finish: 1473415448 823307321 start: 1473415445 665938197
t_num: 24 finish: 1473415449 782509691 start: 1473415447 568868226
t_num: 14 finish: 1473415450 491677995 start: 1473415445 399894679
t_num: 31 finish: 1473415451 246580335 start: 1473415447 141742053
t_num: 19 finish: 1473415451 246638966 start: 1473415447 681340688
t_num: 0 finish: 1473415451 351349708 start: 1473415447 754641001
t_num: 26 finish: 1473415451 605440530 start: 1473415447 825159084
t_num: 7 finish: 1473415451 941454153 start: 1473415446 916932384
t_num: 30 finish: 1473415452 137825088 start: 1473415448 766006689
t_num: 13 finish: 1473415452 310829512 start: 1473415447 910364362
t_num: 1 finish: 1473415452 311233222 start: 1473415449 270953090
t_num: 29 finish: 1473415453 19304409 start: 1473415449 123053605
t_num: 2 finish: 1473415453 311371588 start: 1473415445 399935106
t_num: 21 finish: 1473415453 311429736 start: 1473415447 370198007
t_num: 3 finish: 1473415453 636871917 start: 1473415449 387679054
t_num: 17 finish: 1473415453 736587341 start: 1473415449 271041008
t_num: 31 finish: 1473415454 145986380 start: 1473415451 246624269
t_num: 15 finish: 1473415454 267400088 start: 1473415449 139908748
t_num: 12 finish: 1473415454 347296115 start: 1473415451 596187161
t_num: 22 finish: 1473415454 649939587 start: 1473415450 588632128
t_num: 7 finish: 1473415455 342892569 start: 1473415452 311519686
t_num: 9 finish: 1473415455 779141326 start: 1473415452 395667459
t_num: 19 finish: 1473415455 908914966 start: 1473415451 246658429
t_num: 5 finish: 1473415456 77318597 start: 1473415452 323612172
t_num: 23 finish: 1473415456 757951407 start: 1473415450 961311713
t_num: 21 finish: 1473415457 312938708 start: 1473415453 311458560
t_num: 18 finish: 1473415457 447481916 start: 1473415453 345348395
t_num: 1 finish: 1473415457 489587838 start: 1473415455 434664494
t_num: 2 finish: 1473415457 916739847 start: 1473415453 311405036
t_num: 15 finish: 1473415458 187238165 start: 1473415455 434681754
t_num: 31 finish: 1473415458 773852450 start: 1473415456 77157779
t_num: 20 finish: 1473415459 448577873 start: 1473415456 108792276
t_num: 28 finish: 1473415459 448595186 start: 1473415453 450165533
t_num: 13 finish: 1473415459 448609734 start: 1473415452 310899143
t_num: 12 finish: 1473415459 486398505 start: 1473415455 909499456
t_num: 11 finish: 1473415460 624197337 start: 1473415453 311389146
t_num: 17 finish: 1473415461 302777176 start: 1473415453 736628573
t_num: 6 finish: 1473415461 464605173 start: 1473415455 818830083
t_num: 1 finish: 1473415461 464659990 start: 1473415457 489607862
t_num: 7 finish: 1473415462 311686997 start: 1473415455 342925709
t_num: 2 finish: 1473415462 311689520 start: 1473415457 916848936
t_num: 22 finish: 1473415463 576702186 start: 1473415456 220982366
t_num: 13 finish: 1473415464 701207688 start: 1473415460 655049823
t_num: 14 finish: 1473415464 701215290 start: 1473415458 664365848
t_num: 19 finish: 1473415464 771135742 start: 1473415456 708040890
t_num: 28 finish: 1473415464 942990929 start: 1473415459 448639395
t_num: 15 finish: 1473415465 85128081 start: 1473415458 187292734
t_num: 5 finish: 1473415465 658002412 start: 1473415457 916769158
t_num: 10 finish: 1473415465 658082344 start: 1473415463 65221924
t_num: 31 finish: 1473415465 820135547 start: 1473415461 464854236
t_num: 11 finish: 1473415465 820547466 start: 1473415460 624236700
t_num: 16 finish: 1473415466 66538515 start: 1473415464 693164266
t_num: 4 finish: 1473415466 66904793 start: 1473415463 558678733
t_num: 23 finish: 1473415466 67336951 start: 1473415458 187275481
t_num: 17 finish: 1473415466 436311722 start: 1473415461 302880548
t_num: 1 finish: 1473415466 553064950 start: 1473415461 464679031
t_num: 18 finish: 1473415468 458043016 start: 1473415461 302908079
t_num: 14 finish: 1473415468 519461527 start: 1473415465 536466035
t_num: 13 finish: 1473415468 983474154 start: 1473415464 701242081
t_num: 20 finish: 1473415469 216475581 start: 1473415463 346850395
t_num: 25 finish: 1473415469 216528757 start: 1473415465 820610971
t_num: 0 finish: 1473415469 217047712 start: 1473415466 910549578
t_num: 2 finish: 1473415469 291832330 start: 1473415462 311757100
t_num: 26 finish: 1473415470 176736243 start: 1473415467 625130504
t_num: 27 finish: 1473415470 176765534 start: 1473415465 539500720
t_num: 22 finish: 1473415470 340841577 start: 1473415465 658082205
t_num: 1 finish: 1473415470 341227744 start: 1473415467 508354468
t_num: 5 finish: 1473415470 350647550 start: 1473415466 139592189
t_num: 16 finish: 1473415470 467664405 start: 1473415466 66582365
t_num: 24 finish: 1473415470 902290176 start: 1473415468 600753985
t_num: 17 finish: 1473415470 957654977 start: 1473415466 436355265
t_num: 4 finish: 1473415471 742627726 start: 1473415467 244533440
t_num: 10 finish: 1473415471 970911597 start: 1473415465 658096297
t_num: 25 finish: 1473415471 974488264 start: 1473415469 216547478
t_num: 31 finish: 1473415472 248546109 start: 1473415467 459520365
t_num: 23 finish: 1473415472 277307142 start: 1473415466 67357119
t_num: 28 finish: 1473415472 552168417 start: 1473415470 267013869
t_num: 20 finish: 1473415473 307711689 start: 1473415469 216573816
t_num: 15 finish: 1473415474 401265697 start: 1473415467 711410119
t_num: 11 finish: 1473415474 511988996 start: 1473415465 820568360
t_num: 2 finish: 1473415474 511989914 start: 1473415469 291883382
t_num: 29 finish: 1473415474 681082155 start: 1473415470 177103425
t_num: 27 finish: 1473415474 681082157 start: 1473415470 176784429
t_num: 8 finish: 1473415475 314935995 start: 1473415470 177077994
t_num: 5 finish: 1473415475 610792658 start: 1473415472 748344510
t_num: 1 finish: 1473415475 680594029 start: 1473415470 341248863
t_num: 14 finish: 1473415475 680636271 start: 1473415471 971712555
t_num: 24 finish: 1473415475 680714637 start: 1473415470 902333496
t_num: 31 finish: 1473415475 744279430 start: 1473415472 788734442
t_num: 0 finish: 1473415475 744280676 start: 1473415470 342310048
t_num: 30 finish: 1473415477 4384493 start: 1473415470 177294565
t_num: 11 finish: 1473415477 4566114 start: 1473415474 512038007
t_num: 22 finish: 1473415477 460649613 start: 1473415471 973714408
t_num: 13 finish: 1473415477 542464492 start: 1473415473 301863968
t_num: 28 finish: 1473415477 598452430 start: 1473415472 552212996
t_num: 15 finish: 1473415477 598468964 start: 1473415474 401294344
t_num: 12 finish: 1473415477 747402284 start: 1473415475 310270633
t_num: 27 finish: 1473415478 558125906 start: 1473415475 597936926
t_num: 6 finish: 1473415478 641264996 start: 1473415475 720822490
t_num: 25 finish: 1473415478 641560449 start: 1473415473 415561917
t_num: 29 finish: 1473415478 641637791 start: 1473415475 594606029
t_num: 3 finish: 1473415478 641978142 start: 1473415474 140466293
t_num: 2 finish: 1473415478 643278317 start: 1473415474 512073211
t_num: 10 finish: 1473415478 802659400 start: 1473415475 594083899
t_num: 20 finish: 1473415480 12987957 start: 1473415475 595917665
t_num: 1 finish: 1473415480 13035403 start: 1473415475 680637155
t_num: 5 finish: 1473415480 13036405 start: 1473415475 610821384
t_num: 30 finish: 1473415480 583870272 start: 1473415477 4423017
t_num: 28 finish: 1473415480 583887926 start: 1473415477 598504454
t_num: 29 finish: 1473415481 561110757 start: 1473415478 641656104
t_num: 7 finish: 1473415481 914669767 start: 1473415476 187079688
t_num: 6 finish: 1473415481 989176247 start: 1473415478 641307811
t_num: 30 finish: 1473415483 718921050 start: 1473415480 583892033
t_num: 5 finish: 1473415483 766152650 start: 1473415480 13081918
t_num: 10 finish: 1473415484 591042480 start: 1473415478 802689965
t_num: 27 finish: 1473415484 629315088 start: 1473415480 583848932
t_num: 0 finish: 1473415484 629439460 start: 1473415478 641282386
t_num: 29 finish: 1473415485 80481672 start: 1473415481 561183205
t_num: 11 finish: 1473415485 217017688 start: 1473415478 306134976
t_num: 14 finish: 1473415485 221437795 start: 1473415481 601714753
t_num: 31 finish: 1473415485 595100680 start: 1473415480 12936170
t_num: 16 finish: 1473415485 613598428 start: 1473415480 583868511
t_num: 21 finish: 1473415486 352615481 start: 1473415483 321573126
t_num: 13 finish: 1473415486 607941104 start: 1473415480 21210038
t_num: 22 finish: 1473415486 683845048 start: 1473415481 839917703
t_num: 3 finish: 1473415487 131934282 start: 1473415480 21242533
t_num: 27 finish: 1473415487 464254319 start: 1473415484 629355171
t_num: 10 finish: 1473415488 328692549 start: 1473415484 591079789
t_num: 29 finish: 1473415488 493192375 start: 1473415485 80515751
t_num: 7 finish: 1473415488 493532691 start: 1473415485 222659743
t_num: 31 finish: 1473415488 664214458 start: 1473415485 595143903
t_num: 1 finish: 1473415489 75139589 start: 1473415481 561332208
t_num: 14 finish: 1473415489 472665748 start: 1473415485 221458978
t_num: 16 finish: 1473415489 472925373 start: 1473415486 309438040
t_num: 17 finish: 1473415489 693314433 start: 1473415486 466630978
t_num: 15 finish: 1473415489 983075870 start: 1473415482 948089680
t_num: 18 finish: 1473415490 1704776 start: 1473415483 393267447
t_num: 2 finish: 1473415490 1710386 start: 1473415483 393613720
t_num: 30 finish: 1473415490 725214038 start: 1473415485 521907977
t_num: 20 finish: 1473415490 725931336 start: 1473415485 836952819
t_num: 0 finish: 1473415491 857395553 start: 1473415487 131925404
t_num: 11 finish: 1473415491 857707031 start: 1473415487 284313260
t_num: 22 finish: 1473415491 857837048 start: 1473415490 875006146
t_num: 3 finish: 1473415492 138888652 start: 1473415487 131956310
t_num: 1 finish: 1473415492 189895113 start: 1473415489 75196926
t_num: 18 finish: 1473415492 530612290 start: 1473415490 875217531
t_num: 29 finish: 1473415493 78078506 start: 1473415488 493226659
t_num: 5 finish: 1473415493 79393612 start: 1473415490 725290440
t_num: 4 finish: 1473415493 321037240 start: 1473415490 726637801
t_num: 7 finish: 1473415493 416852208 start: 1473415488 493552629
t_num: 31 finish: 1473415494 130457173 start: 1473415488 664257769
t_num: 10 finish: 1473415494 344041791 start: 1473415488 328740513
t_num: 26 finish: 1473415494 434513802 start: 1473415491 76587355
t_num: 20 finish: 1473415496 245002194 start: 1473415491 857678007
t_num: 17 finish: 1473415496 507921600 start: 1473415489 693348662
t_num: 30 finish: 1473415496 687140486 start: 1473415492 138780104
t_num: 8 finish: 1473415496 739972104 start: 1473415492 85741088
t_num: 4 finish: 1473415496 904088384 start: 1473415493 321061706
t_num: 14 finish: 1473415497 597115632 start: 1473415493 220102889
t_num: 1 finish: 1473415497 907204288 start: 1473415494 344316613
t_num: 3 finish: 1473415498 190645946 start: 1473415492 138917127
t_num: 5 finish: 1473415498 193580772 start: 1473415495 240092610
t_num: 10 finish: 1473415498 400535363 start: 1473415494 344084409
t_num: 29 finish: 1473415498 468556203 start: 1473415493 736067850
t_num: 2 finish: 1473415498 712666889 start: 1473415496 245689272
t_num: 7 finish: 1473415498 712765982 start: 1473415493 416886322
t_num: 4 finish: 1473415498 779845155 start: 1473415496 904117903
t_num: 8 finish: 1473415499 384688685 start: 1473415496 740006881
t_num: 0 finish: 1473415499 461554285 start: 1473415491 857507873
t_num: 6 finish: 1473415499 502824991 start: 1473415495 768666836
t_num: 9 finish: 1473415499 922614100 start: 1473415495 907774096
t_num: 31 finish: 1473415500 336458678 start: 1473415494 130500895
t_num: 17 finish: 1473415500 592108905 start: 1473415496 508003846
t_num: 26 finish: 1473415500 832947171 start: 1473415497 626774818
t_num: 29 finish: 1473415500 833478658 start: 1473415498 468596063
t_num: 23 finish: 1473415501 199995808 start: 1473415498 192845618
t_num: 20 finish: 1473415501 200049739 start: 1473415496 245041859
t_num: 5 finish: 1473415501 355447960 start: 1473415498 193602450
t_num: 4 finish: 1473415501 355503210 start: 1473415498 779880797
t_num: 7 finish: 1473415501 425299474 start: 1473415498 712823061
t_num: 31 finish: 1473415503 371433029 start: 1473415500 336479910
t_num: 21 finish: 1473415503 423684114 start: 1473415500 671045585
t_num: 6 finish: 1473415503 423975297 start: 1473415499 502848185
t_num: 17 finish: 1473415503 423994815 start: 1473415500 592146730
t_num: 10 finish: 1473415503 458140719 start: 1473415498 400568994
t_num: 29 finish: 1473415504 512716905 start: 1473415500 833499184
t_num: 3 finish: 1473415504 567077797 start: 1473415500 336439757
t_num: 30 finish: 1473415504 759842659 start: 1473415499 810259182
t_num: 23 finish: 1473415504 794241906 start: 1473415501 200034073
t_num: 2 finish: 1473415504 795693431 start: 1473415501 563945530
t_num: 5 finish: 1473415505 211099473 start: 1473415501 355511157
t_num: 20 finish: 1473415506 78724604 start: 1473415501 200068830
t_num: 14 finish: 1473415506 79281971 start: 1473415499 578343334
t_num: 8 finish: 1473415506 79738174 start: 1473415502 30698440
t_num: 16 finish: 1473415506 79897111 start: 1473415503 242014686
t_num: 17 finish: 1473415506 80726111 start: 1473415503 424011434
t_num: 31 finish: 1473415506 613260190 start: 1473415503 371469498
t_num: 10 finish: 1473415506 627930121 start: 1473415503 458176913
t_num: 7 finish: 1473415506 872503459 start: 1473415504 792746741
t_num: 21 finish: 1473415507 50707701 start: 1473415503 423708897
t_num: 1 finish: 1473415507 149449807 start: 1473415503 289946749
t_num: 0 finish: 1473415507 558942036 start: 1473415502 839838928
t_num: 25 finish: 1473415507 695571327 start: 1473415502 866287135
t_num: 17 finish: 1473415508 831152405 start: 1473415506 80747796
t_num: 8 finish: 1473415508 831227376 start: 1473415506 375615619
t_num: 3 finish: 1473415508 831536707 start: 1473415506 79877782
t_num: 6 finish: 1473415509 817072828 start: 1473415505 156541439
t_num: 23 finish: 1473415509 817105338 start: 1473415504 794266075
t_num: 21 finish: 1473415509 817074610 start: 1473415507 50734699
t_num: 5 finish: 1473415509 911863872 start: 1473415505 708043838
t_num: 26 finish: 1473415511 12942591 start: 1473415506 78704857
t_num: 1 finish: 1473415511 247596584 start: 1473415508 106747019
t_num: 16 finish: 1473415511 275620462 start: 1473415506 79913304
t_num: 20 finish: 1473415512 274230595 start: 1473415508 106483609
t_num: 27 finish: 1473415512 753331616 start: 1473415508 632923416
t_num: 23 finish: 1473415512 785956902 start: 1473415509 817148484
t_num: 13 finish: 1473415512 786039882 start: 1473415509 69365598
t_num: 24 finish: 1473415513 94734159 start: 1473415507 883892535
t_num: 14 finish: 1473415513 94740979 start: 1473415508 487827144
t_num: 18 finish: 1473415513 336574129 start: 1473415511 559959774
t_num: 17 finish: 1473415514 359887148 start: 1473415508 831180206
t_num: 30 finish: 1473415514 359998981 start: 1473415507 695115153
t_num: 6 finish: 1473415514 360886202 start: 1473415509 817120169
t_num: 8 finish: 1473415514 360947314 start: 1473415508 831246007
t_num: 21 finish: 1473415514 361958591 start: 1473415509 817128640
t_num: 10 finish: 1473415514 858690802 start: 1473415509 730346909
t_num: 14 finish: 1473415515 169806450 start: 1473415513 94820755
t_num: 20 finish: 1473415515 169849850 start: 1473415512 274255563
t_num: 1 finish: 1473415516 446679089 start: 1473415513 336607124
t_num: 24 finish: 1473415516 447597349 start: 1473415513 94776346
t_num: 20 finish: 1473415516 447622847 start: 1473415515 169867046
t_num: 5 finish: 1473415516 739088677 start: 1473415509 911918358
t_num: 27 finish: 1473415517 47188296 start: 1473415512 753379224
t_num: 8 finish: 1473415517 855843840 start: 1473415514 360964157
t_num: 23 finish: 1473415518 379047524 start: 1473415512 785990410
t_num: 13 finish: 1473415518 925141728 start: 1473415512 786060166
t_num: 12 finish: 1473415519 768833083 start: 1473415516 447281129
t_num: 10 finish: 1473415519 768887491 start: 1473415514 858719738
t_num: 24 finish: 1473415519 769621654 start: 1473415516 447616307
t_num: 17 finish: 1473415520 322636147 start: 1473415514 359929070
t_num: 5 finish: 1473415520 384386155 start: 1473415516 739126929
t_num: 11 finish: 1473415520 391128283 start: 1473415514 858692478
t_num: 15 finish: 1473415520 408496105 start: 1473415516 992030842
t_num: 21 finish: 1473415520 409168809 start: 1473415516 446554160
t_num: 30 finish: 1473415520 994178994 start: 1473415516 447458007
t_num: 23 finish: 1473415521 760548043 start: 1473415518 379083338
t_num: 19 finish: 1473415521 760652650 start: 1473415516 157039023
t_num: 10 finish: 1473415521 760777730 start: 1473415519 768956565
t_num: 8 finish: 1473415522 83860996 start: 1473415519 769179400
t_num: 3 finish: 1473415522 490686320 start: 1473415518 313712676
t_num: 14 finish: 1473415522 672073570 start: 1473415518 925121731
t_num: 9 finish: 1473415522 987003529 start: 1473415519 393238040
t_num: 12 finish: 1473415523 513229713 start: 1473415519 768902556
t_num: 6 finish: 1473415523 513461479 start: 1473415517 855675928
t_num: 24 finish: 1473415523 938904041 start: 1473415521 199103558
t_num: 11 finish: 1473415524 101515807 start: 1473415520 391150863
t_num: 0 finish: 1473415524 709572421 start: 1473415520 185162077
t_num: 30 finish: 1473415524 710169888 start: 1473415520 994219221
t_num: 9 finish: 1473415525 241819344 start: 1473415522 987389717
t_num: 28 finish: 1473415525 413548032 start: 1473415519 770421849
t_num: 12 finish: 1473415525 908523252 start: 1473415523 513274521
t_num: 11 finish: 1473415525 992296209 start: 1473415524 101537780
t_num: 6 finish: 1473415526 275253209 start: 1473415523 513480150
t_num: 25 finish: 1473415526 510973014 start: 1473415519 672181208
t_num: 17 finish: 1473415526 733984662 start: 1473415524 100225747
t_num: 3 finish: 1473415526 992384315 start: 1473415522 490730763
t_num: 0 finish: 1473415527 399850833 start: 1473415524 709610244
t_num: 9 finish: 1473415527 414891223 start: 1473415525 241906203
t_num: 10 finish: 1473415527 827839953 start: 1473415521 760826026
t_num: 23 finish: 1473415527 984127520 start: 1473415521 760611240
t_num: 15 finish: 1473415528 785620923 start: 1473415522 987029924
t_num: 18 finish: 1473415528 983152973 start: 1473415524 214426416
t_num: 28 finish: 1473415528 983190369 start: 1473415525 413576677
t_num: 17 finish: 1473415529 168242073 start: 1473415526 734028902
t_num: 23 finish: 1473415529 776763498 start: 1473415527 984156739
t_num: 24 finish: 1473415529 919977536 start: 1473415526 275042172
t_num: 5 finish: 1473415530 17966709 start: 1473415524 413096647
t_num: 6 finish: 1473415530 994697589 start: 1473415526 275281511
t_num: 14 finish: 1473415530 995378564 start: 1473415526 749764190
t_num: 19 finish: 1473415531 712869176 start: 1473415525 479339715
t_num: 3 finish: 1473415532 62538980 start: 1473415526 992418060
t_num: 15 finish: 1473415532 259513128 start: 1473415528 785663390
t_num: 31 finish: 1473415532 549796236 start: 1473415530 190345964
t_num: 23 finish: 1473415532 636353162 start: 1473415529 776800995
t_num: 7 finish: 1473415533 694160202 start: 1473415526 783362130
t_num: 21 finish: 1473415533 713792972 start: 1473415530 299759871
t_num: 27 finish: 1473415533 713894233 start: 1473415530 884830980
t_num: 22 finish: 1473415533 713932408 start: 1473415530 119708323
t_num: 25 finish: 1473415533 714315749 start: 1473415528 634602268
t_num: 24 finish: 1473415533 714344260 start: 1473415529 920011888
t_num: 12 finish: 1473415533 714370543 start: 1473415525 908566683
t_num: 18 finish: 1473415534 377593094 start: 1473415530 994213662
t_num: 2 finish: 1473415534 377835534 start: 1473415527 887908471
t_num: 29 finish: 1473415534 377957859 start: 1473415528 361928261
t_num: 11 finish: 1473415535 91124134 start: 1473415529 852865054
t_num: 9 finish: 1473415535 969765089 start: 1473415532 614707225
t_num: 5 finish: 1473415535 969780577 start: 1473415532 647017358
t_num: 14 finish: 1473415535 969817083 start: 1473415533 715050320
t_num: 15 finish: 1473415536 306701754 start: 1473415532 259546017
t_num: 3 finish: 1473415536 381518608 start: 1473415532 62581107
t_num: 22 finish: 1473415537 67914309 start: 1473415533 713946194
t_num: 21 finish: 1473415537 221181054 start: 1473415534 377333659
t_num: 0 finish: 1473415537 221202324 start: 1473415531 285094918
t_num: 17 finish: 1473415537 221267268 start: 1473415532 590725236
t_num: 27 finish: 1473415537 221327074 start: 1473415533 713912596
t_num: 18 finish: 1473415538 102062045 start: 1473415534 377620970
t_num: 6 finish: 1473415538 481898460 start: 1473415533 713822676
t_num: 12 finish: 1473415538 663472179 start: 1473415536 162310068
t_num: 9 finish: 1473415540 409070351 start: 1473415535 969815386
t_num: 18 finish: 1473415540 409709748 start: 1473415538 102114176
t_num: 5 finish: 1473415540 409776795 start: 1473415535 969853256
t_num: 14 finish: 1473415540 410078991 start: 1473415535 969832979
t_num: 30 finish: 1473415540 410146175 start: 1473415535 439985770
t_num: 26 finish: 1473415540 570405712 start: 1473415536 774039907
t_num: 25 finish: 1473415540 570405712 start: 1473415536 346768738
t_num: 2 finish: 1473415541 16222173 start: 1473415535 840711419
t_num: 21 finish: 1473415541 167740530 start: 1473415538 640227513
t_num: 7 finish: 1473415541 382468546 start: 1473415536 897527287
t_num: 1 finish: 1473415542 234480420 start: 1473415539 404031702
t_num: 22 finish: 1473415542 234528093 start: 1473415538 663268996
t_num: 11 finish: 1473415542 234730066 start: 1473415536 897483704
t_num: 29 finish: 1473415542 235280730 start: 1473415537 598150928
t_num: 24 finish: 1473415542 235311749 start: 1473415540 408864423
t_num: 30 finish: 1473415542 700287437 start: 1473415540 410161902
t_num: 26 finish: 1473415543 353696445 start: 1473415540 570453822
t_num: 18 finish: 1473415543 353927713 start: 1473415540 409730785
t_num: 5 finish: 1473415543 354394064 start: 1473415540 409810749
t_num: 17 finish: 1473415543 423672139 start: 1473415537 221284692
t_num: 20 finish: 1473415544 716642278 start: 1473415541 129873909
t_num: 14 finish: 1473415544 992006501 start: 1473415542 235477695
t_num: 2 finish: 1473415545 39367673 start: 1473415541 16248399
t_num: 6 finish: 1473415545 108682372 start: 1473415541 180631882
t_num: 25 finish: 1473415545 228856803 start: 1473415540 570470423
t_num: 28 finish: 1473415545 864473293 start: 1473415543 353703434
t_num: 8 finish: 1473415545 864612232 start: 1473415542 501105711
t_num: 21 finish: 1473415546 137422098 start: 1473415541 167765277
t_num: 1 finish: 1473415546 138348422 start: 1473415543 332346081
t_num: 17 finish: 1473415546 418632309 start: 1473415543 423691477
t_num: 9 finish: 1473415547 75317570 start: 1473415542 543393526
t_num: 3 finish: 1473415547 258168209 start: 1473415541 16084215
t_num: 18 finish: 1473415549 137923058 start: 1473415545 359664070
t_num: 1 finish: 1473415549 191377016 start: 1473415546 138380436
t_num: 8 finish: 1473415549 229169646 start: 1473415546 138365584
t_num: 30 finish: 1473415549 229170921 start: 1473415545 287504422
t_num: 5 finish: 1473415549 309798499 start: 1473415544 716599193
t_num: 14 finish: 1473415549 535877822 start: 1473415545 359067883
t_num: 17 finish: 1473415549 599472286 start: 1473415547 549940112
t_num: 20 finish: 1473415549 610620211 start: 1473415544 716665620
t_num: 31 finish: 1473415549 717014811 start: 1473415547 757639378
t_num: 11 finish: 1473415550 752460553 start: 1473415544 716380686
t_num: 26 finish: 1473415551 365542906 start: 1473415546 57279060
t_num: 25 finish: 1473415551 463686186 start: 1473415545 228901359
t_num: 19 finish: 1473415551 463693533 start: 1473415548 828097637
t_num: 0 finish: 1473415551 691312514 start: 1473415547 844389507
t_num: 6 finish: 1473415551 741901492 start: 1473415547 639959599
t_num: 9 finish: 1473415551 741902728 start: 1473415548 515738381
t_num: 28 finish: 1473415552 37704578 start: 1473415549 191399939
t_num: 16 finish: 1473415552 40507320 start: 1473415549 611291725
t_num: 3 finish: 1473415552 295045638 start: 1473415548 833124789
t_num: 29 finish: 1473415552 618821029 start: 1473415546 23392221
t_num: 8 finish: 1473415552 689148809 start: 1473415549 229193739
t_num: 1 finish: 1473415554 21369119 start: 1473415549 191444648
t_num: 31 finish: 1473415554 22045388 start: 1473415551 185343409
t_num: 17 finish: 1473415554 985005613 start: 1473415549 599508933
t_num: 0 finish: 1473415555 265430456 start: 1473415552 551193875
t_num: 25 finish: 1473415555 494198470 start: 1473415552 201325809
t_num: 30 finish: 1473415555 628671636 start: 1473415552 689177597
t_num: 4 finish: 1473415555 782537889 start: 1473415549 717798042
t_num: 26 finish: 1473415555 863004085 start: 1473415551 365707527
t_num: 3 finish: 1473415555 863096909 start: 1473415552 295089821
t_num: 23 finish: 1473415556 8669098 start: 1473415551 675161380
t_num: 10 finish: 1473415556 241292831 start: 1473415551 576679858
t_num: 28 finish: 1473415556 248579311 start: 1473415552 37747130
t_num: 11 finish: 1473415557 138354833 start: 1473415551 463754477
t_num: 19 finish: 1473415557 539780335 start: 1473415554 271651916
t_num: 17 finish: 1473415557 539843835 start: 1473415554 985055191
t_num: 13 finish: 1473415557 985057741 start: 1473415552 556364038
t_num: 27 finish: 1473415557 985116837 start: 1473415551 297272308
t_num: 20 finish: 1473415558 394830156 start: 1473415554 22064174
t_num: 6 finish: 1473415558 394897580 start: 1473415552 561522669
t_num: 14 finish: 1473415558 395114735 start: 1473415553 997431180
t_num: 3 finish: 1473415558 395820107 start: 1473415555 863115158
t_num: 4 finish: 1473415558 525940771 start: 1473415557 539355499
t_num: 7 finish: 1473415558 526167206 start: 1473415555 145126728
t_num: 1 finish: 1473415558 841164536 start: 1473415554 21421046
t_num: 26 finish: 1473415560 930690330 start: 1473415555 863060402
t_num: 28 finish: 1473415561 44202341 start: 1473415556 248612053
t_num: 25 finish: 1473415561 44262943 start: 1473415555 494227943
t_num: 27 finish: 1473415561 44635650 start: 1473415557 985135801
t_num: 1 finish: 1473415561 588836024 start: 1473415558 841207174
t_num: 13 finish: 1473415561 806656155 start: 1473415557 985159874
t_num: 15 finish: 1473415562 32231367 start: 1473415557 985091279
t_num: 3 finish: 1473415562 102788541 start: 1473415558 395840263
t_num: 31 finish: 1473415562 213239760 start: 1473415557 8597279
t_num: 2 finish: 1473415562 229319706 start: 1473415557 8506347
t_num: 11 finish: 1473415562 316138884 start: 1473415558 327697178
t_num: 14 finish: 1473415562 348166198 start: 1473415558 395134680
t_num: 10 finish: 1473415563 752355265 start: 1473415558 679609653
t_num: 19 finish: 1473415563 956609474 start: 1473415558 394849404
t_num: 30 finish: 1473415564 112324659 start: 1473415560 250209153
t_num: 23 finish: 1473415564 112324681 start: 1473415561 44323032
t_num: 6 finish: 1473415565 227015836 start: 1473415558 950897888
t_num: 26 finish: 1473415565 365498613 start: 1473415560 930719324
t_num: 13 finish: 1473415565 365512312 start: 1473415561 806691483
t_num: 25 finish: 1473415566 249893427 start: 1473415561 44278392
t_num: 14 finish: 1473415566 346007945 start: 1473415563 860378580
t_num: 20 finish: 1473415566 431096868 start: 1473415562 94734657
t_num: 4 finish: 1473415567 158484272 start: 1473415561 44306335
t_num: 21 finish: 1473415568 351726688 start: 1473415562 958188209
t_num: 1 finish: 1473415568 469970671 start: 1473415563 752029231
t_num: 10 finish: 1473415568 762915139 start: 1473415564 959058117
t_num: 26 finish: 1473415569 531027281 start: 1473415565 365540170
t_num: 13 finish: 1473415569 819207077 start: 1473415565 365558451
t_num: 6 finish: 1473415570 341496223 start: 1473415565 227044677
t_num: 3 finish: 1473415570 508675981 start: 1473415562 959133849
t_num: 31 finish: 1473415570 782858522 start: 1473415565 226780798
t_num: 25 finish: 1473415570 783095255 start: 1473415568 278705226
t_num: 28 finish: 1473415570 783156182 start: 1473415563 219172932
t_num: 9 finish: 1473415570 783164362 start: 1473415568 470014010
t_num: 19 finish: 1473415570 806319841 start: 1473415563 956647893
t_num: 22 finish: 1473415570 806331626 start: 1473415562 959530092
t_num: 23 finish: 1473415571 227229064 start: 1473415564 112414480
t_num: 24 finish: 1473415571 227262800 start: 1473415565 330991566
t_num: 20 finish: 1473415571 227548346 start: 1473415566 431131864
t_num: 14 finish: 1473415571 424257030 start: 1473415568 278728299
t_num: 26 finish: 1473415572 123308137 start: 1473415569 531067186
t_num: 5 finish: 1473415572 125276570 start: 1473415569 309634059
t_num: 16 finish: 1473415573 422256234 start: 1473415568 347610989
t_num: 10 finish: 1473415573 428582234 start: 1473415568 762975652
t_num: 4 finish: 1473415573 871315866 start: 1473415570 509064608
t_num: 13 finish: 1473415574 274186901 start: 1473415571 4732553
t_num: 9 finish: 1473415574 693615132 start: 1473415570 783273781
t_num: 26 finish: 1473415574 855135316 start: 1473415572 917830105
t_num: 1 finish: 1473415575 67400590 start: 1473415572 694010669
t_num: 19 finish: 1473415575 537882614 start: 1473415570 806341490
t_num: 4 finish: 1473415575 748121762 start: 1473415573 871359600
t_num: 25 finish: 1473415576 351707545 start: 1473415570 783115005
t_num: 14 finish: 1473415576 357751418 start: 1473415571 424302709
t_num: 5 finish: 1473415576 409364920 start: 1473415572 125302480
t_num: 22 finish: 1473415576 409403294 start: 1473415571 786054553
t_num: 23 finish: 1473415576 410232725 start: 1473415571 227272245
t_num: 8 finish: 1473415576 509281844 start: 1473415573 949040824
t_num: 28 finish: 1473415576 570821690 start: 1473415570 783177578
t_num: 24 finish: 1473415576 570864214 start: 1473415574 273970354
t_num: 15 finish: 1473415577 427704975 start: 1473415574 698711819
t_num: 17 finish: 1473415577 686694911 start: 1473415572 855886697
t_num: 6 finish: 1473415578 92697492 start: 1473415572 126116437
t_num: 16 finish: 1473415578 141676357 start: 1473415573 422302526
t_num: 23 finish: 1473415578 382922869 start: 1473415576 410253400
t_num: 19 finish: 1473415578 458932334 start: 1473415575 537919881
t_num: 29 finish: 1473415578 500548101 start: 1473415576 409193352
t_num: 24 finish: 1473415578 916219657 start: 1473415576 570882493
t_num: 14 finish: 1473415579 449762194 start: 1473415576 357792332
t_num: 4 finish: 1473415579 449851131 start: 1473415575 748154668
t_num: 28 finish: 1473415579 450126395 start: 1473415576 570843561
t_num: 15 finish: 1473415579 556218388 start: 1473415577 427749780
t_num: 10 finish: 1473415579 748832067 start: 1473415575 538458648
t_num: 25 finish: 1473415580 852890955 start: 1473415577 431579964
t_num: 8 finish: 1473415581 27577900 start: 1473415577 430550213
t_num: 19 finish: 1473415581 379186359 start: 1473415578 458968699
t_num: 22 finish: 1473415581 449213011 start: 1473415576 409420847
t_num: 16 finish: 1473415581 865859123 start: 1473415578 141701387
t_num: 5 finish: 1473415581 865903156 start: 1473415576 409386028
t_num: 11 finish: 1473415581 879480184 start: 1473415579 625707695
t_num: 13 finish: 1473415582 545023523 start: 1473415578 89559930
t_num: 28 finish: 1473415583 460682851 start: 1473415579 450145444
t_num: 15 finish: 1473415583 460689300 start: 1473415579 556264772
t_num: 0 finish: 1473415583 460723473 start: 1473415578 664317343
t_num: 18 finish: 1473415583 797266193 start: 1473415581 561833172
t_num: 17 finish: 1473415584 258783838 start: 1473415580 408174221
t_num: 6 finish: 1473415585 360898195 start: 1473415580 807750367
t_num: 14 finish: 1473415585 415289742 start: 1473415579 449791221
t_num: 12 finish: 1473415585 415478334 start: 1473415581 448867721
t_num: 19 finish: 1473415585 415638077 start: 1473415582 280093112
t_num: 4 finish: 1473415585 416382228 start: 1473415581 865729264
t_num: 25 finish: 1473415585 822927983 start: 1473415580 852919891
t_num: 24 finish: 1473415586 368800826 start: 1473415581 865669347
t_num: 16 finish: 1473415586 386578695 start: 1473415581 865884786
t_num: 28 finish: 1473415586 386597036 start: 1473415583 460728967
t_num: 17 finish: 1473415586 701992843 start: 1473415584 258878524
t_num: 13 finish: 1473415587 940612978 start: 1473415582 545069709
t_num: 23 finish: 1473415587 940684601 start: 1473415581 449441561
t_num: 8 finish: 1473415587 940747229 start: 1473415583 207507525
t_num: 5 finish: 1473415587 941929600 start: 1473415584 481304265
t_num: 18 finish: 1473415588 193101029 start: 1473415585 170698033
t_num: 7 finish: 1473415589 378009369 start: 1473415583 204069089
t_num: 19 finish: 1473415589 902883685 start: 1473415585 415657142
t_num: 27 finish: 1473415589 903865846 start: 1473415584 895242916
t_num: 16 finish: 1473415589 903908003 start: 1473415586 386625330
t_num: 0 finish: 1473415589 904110877 start: 1473415583 460740802
t_num: 28 finish: 1473415590 48842884 start: 1473415586 386668533
t_num: 8 finish: 1473415590 240207427 start: 1473415587 940763983
t_num: 25 finish: 1473415590 240207424 start: 1473415585 822995854
t_num: 1 finish: 1473415590 846411120 start: 1473415585 673508339
t_num: 4 finish: 1473415591 761412029 start: 1473415585 416402879
t_num: 23 finish: 1473415591 933712353 start: 1473415589 665697493
t_num: 24 finish: 1473415591 933902105 start: 1473415587 35915473
t_num: 27 finish: 1473415591 934329629 start: 1473415589 903886383
t_num: 30 finish: 1473415591 934416363 start: 1473415588 720972970
t_num: 3 finish: 1473415591 934461289 start: 1473415587 940689285
t_num: 21 finish: 1473415591 982678636 start: 1473415589 903157140
t_num: 17 finish: 1473415591 982825405 start: 1473415588 41559382
t_num: 2 finish: 1473415592 476964449 start: 1473415590 844490034
t_num: 5 finish: 1473415594 96023544 start: 1473415587 941951205
t_num: 7 finish: 1473415594 246349545 start: 1473415591 762269967
t_num: 17 finish: 1473415594 431935158 start: 1473415591 982844688
t_num: 14 finish: 1473415594 561217927 start: 1473415589 902862732
t_num: 20 finish: 1473415594 683508045 start: 1473415591 761096739
t_num: 24 finish: 1473415595 138563399 start: 1473415591 933921399
t_num: 28 finish: 1473415595 244376654 start: 1473415591 934034651
t_num: 4 finish: 1473415595 244376662 start: 1473415591 761441625
t_num: 30 finish: 1473415595 452579469 start: 1473415591 934433167
t_num: 0 finish: 1473415595 543481747 start: 1473415591 762176581
t_num: 1 finish: 1473415596 448669885 start: 1473415591 933637117
t_num: 27 finish: 1473415596 847246336 start: 1473415593 227534839
t_num: 13 finish: 1473415597 445685791 start: 1473415589 902832369
t_num: 15 finish: 1473415597 446017165 start: 1473415591 933689988
t_num: 23 finish: 1473415597 532289644 start: 1473415593 391442948
t_num: 5 finish: 1473415597 852635448 start: 1473415596 232510249
t_num: 26 finish: 1473415598 103729520 start: 1473415594 62538583
t_num: 6 finish: 1473415598 103836534 start: 1473415594 432001090
t_num: 17 finish: 1473415598 144891271 start: 1473415594 431981133
t_num: 3 finish: 1473415598 144892219 start: 1473415591 934482261
t_num: 4 finish: 1473415598 275761145 start: 1473415595 244445687
t_num: 31 finish: 1473415598 472364748 start: 1473415596 120873577
t_num: 8 finish: 1473415598 474151399 start: 1473415594 561381937
t_num: 10 finish: 1473415599 65803815 start: 1473415594 96068320
t_num: 5 finish: 1473415599 876366792 start: 1473415597 852678686
t_num: 30 finish: 1473415600 933456518 start: 1473415595 569944899
t_num: 27 finish: 1473415601 135294546 start: 1473415596 847302206
t_num: 1 finish: 1473415601 136469198 start: 1473415597 445995960
t_num: 17 finish: 1473415602 60956232 start: 1473415598 144920402
t_num: 29 finish: 1473415602 151387463 start: 1473415597 445667823
t_num: 24 finish: 1473415602 276804259 start: 1473415596 668462722
t_num: 14 finish: 1473415602 386581641 start: 1473415595 836266700
t_num: 7 finish: 1473415602 832664316 start: 1473415600 49672100
t_num: 15 finish: 1473415602 883525573 start: 1473415597 446036690
t_num: 20 finish: 1473415602 884253667 start: 1473415598 469099112
t_num: 13 finish: 1473415603 358947396 start: 1473415598 724261954
t_num: 4 finish: 1473415603 359564757 start: 1473415598 275811422
t_num: 10 finish: 1473415604 226011813 start: 1473415599 65848596
t_num: 30 finish: 1473415604 323072985 start: 1473415600 933483420
t_num: 5 finish: 1473415605 173735534 start: 1473415599 876394623
t_num: 23 finish: 1473415606 84950550 start: 1473415601 994694311
t_num: 26 finish: 1473415606 84950355 start: 1473415601 740354734
t_num: 24 finish: 1473415606 420185339 start: 1473415602 276862191
t_num: 31 finish: 1473415607 628274324 start: 1473415599 875579257
t_num: 4 finish: 1473415607 993710481 start: 1473415603 359583736
t_num: 14 finish: 1473415608 267014299 start: 1473415605 509323156
t_num: 1 finish: 1473415608 374075858 start: 1473415601 136486021
t_num: 13 finish: 1473415608 374099124 start: 1473415604 646153055
t_num: 27 finish: 1473415608 374245535 start: 1473415602 479801729
t_num: 22 finish: 1473415608 880872004 start: 1473415600 933281808
t_num: 0 finish: 1473415608 881010472 start: 1473415604 572548180
t_num: 17 finish: 1473415609 86032316 start: 1473415602 60993867
t_num: 20 finish: 1473415609 96050921 start: 1473415605 509334975
t_num: 19 finish: 1473415609 456872834 start: 1473415606 404390695
t_num: 11 finish: 1473415610 311369090 start: 1473415602 834118702
t_num: 30 finish: 1473415610 311369090 start: 1473415604 323143265
t_num: 7 finish: 1473415610 813735895 start: 1473415604 7252101
t_num: 28 finish: 1473415610 881995255 start: 1473415608 39908361
t_num: 23 finish: 1473415611 171853393 start: 1473415607 993737503
t_num: 29 finish: 1473415612 233648686 start: 1473415605 117312792
t_num: 5 finish: 1473415612 585655146 start: 1473415607 655301984
t_num: 19 finish: 1473415612 620778820 start: 1473415609 456908033
t_num: 25 finish: 1473415612 620848917 start: 1473415608 792087823
t_num: 15 finish: 1473415612 633360832 start: 1473415608 801737396
t_num: 13 finish: 1473415613 310587933 start: 1473415608 374116451
t_num: 17 finish: 1473415613 992103765 start: 1473415609 86072062
t_num: 26 finish: 1473415614 98118887 start: 1473415607 972854816
t_num: 12 finish: 1473415614 98166184 start: 1473415610 682308540
t_num: 25 finish: 1473415614 98714890 start: 1473415612 620866515
t_num: 19 finish: 1473415614 98890357 start: 1473415612 620906592
t_num: 31 finish: 1473415614 470525329 start: 1473415610 813606089
t_num: 7 finish: 1473415614 470555303 start: 1473415610 813762234
t_num: 20 finish: 1473415615 12483525 start: 1473415610 813366427
t_num: 1 finish: 1473415615 12786876 start: 1473415611 698684972
t_num: 28 finish: 1473415615 12866672 start: 1473415610 882032001
t_num: 11 finish: 1473415615 924937872 start: 1473415612 100991883
t_num: 5 finish: 1473415616 42460834 start: 1473415613 2617632
t_num: 15 finish: 1473415616 179667928 start: 1473415612 633377681
t_num: 14 finish: 1473415616 179994517 start: 1473415613 244954423
t_num: 0 finish: 1473415617 56025340 start: 1473415610 813424564
t_num: 23 finish: 1473415617 148644817 start: 1473415611 171915467
t_num: 3 finish: 1473415617 302324682 start: 1473415614 98636584
t_num: 17 finish: 1473415617 525556173 start: 1473415615 12636548
t_num: 12 finish: 1473415618 178683808 start: 1473415614 98186574
t_num: 13 finish: 1473415618 378412334 start: 1473415616 179150957
t_num: 15 finish: 1473415619 278874714 start: 1473415616 179694177
t_num: 14 finish: 1473415619 517930909 start: 1473415617 131811382
t_num: 28 finish: 1473415619 723271065 start: 1473415615 12885150
t_num: 11 finish: 1473415619 723465281 start: 1473415615 924981768
t_num: 8 finish: 1473415619 723567456 start: 1473415618 741661311
t_num: 12 finish: 1473415619 843999600 start: 1473415618 178717495
t_num: 26 finish: 1473415619 844294488 start: 1473415617 56007128
t_num: 3 finish: 1473415620 375318173 start: 1473415617 956601932
t_num: 18 finish: 1473415620 876355049 start: 1473415615 4980225
t_num: 5 finish: 1473415620 913064475 start: 1473415618 241755369
t_num: 17 finish: 1473415621 764454759 start: 1473415617 525589407
t_num: 19 finish: 1473415621 764581933 start: 1473415616 179402991
t_num: 15 finish: 1473415621 765270698 start: 1473415619 278915091
t_num: 10 finish: 1473415621 765822321 start: 1473415619 278934805
t_num: 25 finish: 1473415622 384043773 start: 1473415616 179158694
t_num: 7 finish: 1473415622 385184460 start: 1473415617 149412667
t_num: 0 finish: 1473415622 386302397 start: 1473415617 923208875
t_num: 5 finish: 1473415624 175066313 start: 1473415620 913099733
t_num: 18 finish: 1473415624 407912034 start: 1473415620 876419355
t_num: 2 finish: 1473415625 129357138 start: 1473415619 644704597
t_num: 6 finish: 1473415625 210238405 start: 1473415621 558774400
t_num: 11 finish: 1473415625 212736068 start: 1473415623 406745449
t_num: 26 finish: 1473415625 356425113 start: 1473415619 844314391
t_num: 8 finish: 1473415625 403875659 start: 1473415619 723585194
t_num: 7 finish: 1473415625 464264863 start: 1473415622 385223597
t_num: 10 finish: 1473415625 997768994 start: 1473415621 765842590
t_num: 23 finish: 1473415625 998848546 start: 1473415618 378434988
t_num: 24 finish: 1473415626 2007760 start: 1473415620 504996918
t_num: 28 finish: 1473415626 110004910 start: 1473415621 764686774
t_num: 12 finish: 1473415626 112387525 start: 1473415622 385481781
t_num: 9 finish: 1473415626 585986091 start: 1473415620 466654043
t_num: 0 finish: 1473415627 85110036 start: 1473415622 386322438
t_num: 25 finish: 1473415627 263697867 start: 1473415622 384108336
t_num: 21 finish: 1473415627 282848137 start: 1473415621 764459907
t_num: 26 finish: 1473415627 362648732 start: 1473415625 356467356
t_num: 11 finish: 1473415627 915804228 start: 1473415625 212755550
t_num: 19 finish: 1473415628 106343046 start: 1473415626 4692758
t_num: 3 finish: 1473415628 106454029 start: 1473415623 266146814
t_num: 18 finish: 1473415628 900860703 start: 1473415624 407976413
t_num: 8 finish: 1473415629 57980758 start: 1473415625 403910077
t_num: 14 finish: 1473415629 866007437 start: 1473415623 222146286
t_num: 17 finish: 1473415629 866045723 start: 1473415625 596513736
t_num: 6 finish: 1473415630 220619088 start: 1473415625 210282619
t_num: 12 finish: 1473415630 267503261 start: 1473415626 112404580
t_num: 7 finish: 1473415630 320217687 start: 1473415626 882592046
t_num: 23 finish: 1473415630 892383865 start: 1473415625 998870116
t_num: 2 finish: 1473415630 949216575 start: 1473415626 884519873
t_num: 21 finish: 1473415631 111880764 start: 1473415627 282872333
t_num: 9 finish: 1473415631 222022597 start: 1473415626 586019665
t_num: 0 finish: 1473415631 826793197 start: 1473415627 85170374
t_num: 22 finish: 1473415631 917323536 start: 1473415626 921959664
t_num: 31 finish: 1473415632 16753158 start: 1473415626 973916427
t_num: 12 finish: 1473415633 587673249 start: 1473415630 267548903
t_num: 8 finish: 1473415633 886554457 start: 1473415629 58017926
t_num: 26 finish: 1473415633 934972051 start: 1473415629 119864774
t_num: 11 finish: 1473415633 936686245 start: 1473415627 915881449
t_num: 18 finish: 1473415633 936689737 start: 1473415630 799116107
t_num: 2 finish: 1473415633 975784352 start: 1473415630 949243291
t_num: 24 finish: 1473415634 81015339 start: 1473415628 592753735
t_num: 27 finish: 1473415634 238861295 start: 1473415630 949536783
t_num: 7 finish: 1473415634 389864658 start: 1473415630 320240781
t_num: 23 finish: 1473415634 739596334 start: 1473415630 892408957
t_num: 1 finish: 1473415635 531472997 start: 1473415632 177310372
t_num: 6 finish: 1473415636 41351337 start: 1473415630 921654328
t_num: 27 finish: 1473415636 601726854 start: 1473415634 238911017
t_num: 16 finish: 1473415636 816033173 start: 1473415631 860127083
t_num: 14 finish: 1473415636 876184019 start: 1473415631 859384462
t_num: 11 finish: 1473415636 876265552 start: 1473415633 936709097
t_num: 18 finish: 1473415636 906375311 start: 1473415633 936731862
t_num: 2 finish: 1473415637 139398728 start: 1473415633 975833766
t_num: 28 finish: 1473415637 809421967 start: 1473415630 949340312
t_num: 31 finish: 1473415638 45559465 start: 1473415633 886208110
t_num: 8 finish: 1473415638 76775253 start: 1473415633 886581326
t_num: 0 finish: 1473415638 572539446 start: 1473415633 976272303
t_num: 21 finish: 1473415638 572817178 start: 1473415635 670240873
t_num: 9 finish: 1473415638 572881655 start: 1473415634 739680607
t_num: 12 finish: 1473415639 51345769 start: 1473415633 587700076
t_num: 23 finish: 1473415639 692068797 start: 1473415634 816631126
t_num: 26 finish: 1473415639 878846249 start: 1473415633 935013484
t_num: 6 finish: 1473415639 878849242 start: 1473415637 468745338
t_num: 1 finish: 1473415639 878910143 start: 1473415637 139428094
t_num: 14 finish: 1473415640 119359563 start: 1473415637 885767298
t_num: 4 finish: 1473415640 247101455 start: 1473415638 157963404
t_num: 18 finish: 1473415640 369358367 start: 1473415636 906396524
t_num: 7 finish: 1473415640 719619564 start: 1473415635 670290191
t_num: 0 finish: 1473415641 197493857 start: 1473415638 572582624
t_num: 25 finish: 1473415641 225675456 start: 1473415635 670629531
t_num: 13 finish: 1473415641 869278706 start: 1473415637 322873979
t_num: 16 finish: 1473415641 869634692 start: 1473415638 688466438
t_num: 31 finish: 1473415642 335336181 start: 1473415638 45622431
t_num: 11 finish: 1473415642 335397630 start: 1473415638 967847481
t_num: 18 finish: 1473415642 335593238 start: 1473415640 369396606
t_num: 4 finish: 1473415642 683333859 start: 1473415640 247157814
t_num: 2 finish: 1473415642 796037154 start: 1473415637 139441615
t_num: 29 finish: 1473415642 866901281 start: 1473415638 883397736
t_num: 8 finish: 1473415643 422343645 start: 1473415638 573217062
t_num: 0 finish: 1473415643 736111102 start: 1473415641 197538273
t_num: 31 finish: 1473415644 247690759 start: 1473415642 335378026
t_num: 13 finish: 1473415644 414974351 start: 1473415641 869372038
t_num: 9 finish: 1473415644 551631211 start: 1473415641 254783962
t_num: 0 finish: 1473415645 320791736 start: 1473415643 736150861
t_num: 1 finish: 1473415645 460910821 start: 1473415642 795783882
t_num: 26 finish: 1473415645 791255140 start: 1473415639 878881498
t_num: 18 finish: 1473415646 57365846 start: 1473415643 558329895
t_num: 29 finish: 1473415646 382681801 start: 1473415642 866920318
t_num: 12 finish: 1473415646 466196211 start: 1473415643 700309438
t_num: 16 finish: 1473415646 792060352 start: 1473415641 869654443
t_num: 7 finish: 1473415647 536620675 start: 1473415641 273397050
t_num: 22 finish: 1473415647 610275586 start: 1473415645 549387141
t_num: 23 finish: 1473415647 785977275 start: 1473415644 49327130
t_num: 31 finish: 1473415648 219160139 start: 1473415644 247734981
t_num: 11 finish: 1473415648 461911304 start: 1473415645 35874197
t_num: 4 finish: 1473415649 984224202 start: 1473415642 683369627
t_num: 0 finish: 1473415650 49026740 start: 1473415647 503613652
t_num: 18 finish: 1473415650 59897402 start: 1473415646 57413905
t_num: 8 finish: 1473415650 682493855 start: 1473415644 890061071
t_num: 17 finish: 1473415650 682544241 start: 1473415641 869475124
t_num: 29 finish: 1473415650 685196003 start: 1473415646 382726118
t_num: 12 finish: 1473415650 900489131 start: 1473415646 466226674
t_num: 4 finish: 1473415651 458617770 start: 1473415649 984258147
t_num: 23 finish: 1473415651 778159140 start: 1473415647 786015955
t_num: 25 finish: 1473415651 871896312 start: 1473415647 566665279
t_num: 31 finish: 1473415652 162737727 start: 1473415648 219185904
t_num: 9 finish: 1473415652 907956442 start: 1473415648 218575336
t_num: 10 finish: 1473415653 109937695 start: 1473415646 690337380
t_num: 11 finish: 1473415653 479063561 start: 1473415648 461949318
t_num: 15 finish: 1473415653 518881408 start: 1473415650 681586625
t_num: 0 finish: 1473415653 576180345 start: 1473415650 49055247
t_num: 13 finish: 1473415653 812247035 start: 1473415648 218541771
t_num: 29 finish: 1473415654 226905118 start: 1473415651 741716277
t_num: 12 finish: 1473415654 420209030 start: 1473415651 457893197
t_num: 19 finish: 1473415654 601763686 start: 1473415649 728393488
t_num: 17 finish: 1473415654 853371068 start: 1473415650 682560099
t_num: 24 finish: 1473415654 853395036 start: 1473415650 681531363
t_num: 22 finish: 1473415655 444410264 start: 1473415650 681548156
t_num: 18 finish: 1473415655 860044266 start: 1473415651 87344176
t_num: 4 finish: 1473415656 201180057 start: 1473415652 696784569
t_num: 25 finish: 1473415656 683617035 start: 1473415652 843007988
t_num: 11 finish: 1473415656 816556814 start: 1473415654 167855654
t_num: 23 finish: 1473415656 816567831 start: 1473415651 778186966
t_num: 15 finish: 1473415656 896647233 start: 1473415653 518920756
t_num: 30 finish: 1473415657 160122813 start: 1473415652 703581451
t_num: 24 finish: 1473415657 464423535 start: 1473415654 853454211
t_num: 3 finish: 1473415657 853113473 start: 1473415654 119158281
t_num: 16 finish: 1473415658 18875225 start: 1473415650 604796051
t_num: 17 finish: 1473415658 501071586 start: 1473415654 853436940
t_num: 7 finish: 1473415658 560460469 start: 1473415656 272131023
t_num: 28 finish: 1473415659 256916564 start: 1473415654 543561446
t_num: 3 finish: 1473415659 370531134 start: 1473415657 853135758
t_num: 0 finish: 1473415659 469167845 start: 1473415655 364002881
t_num: 20 finish: 1473415659 469167836 start: 1473415656 505523493
t_num: 18 finish: 1473415659 517280780 start: 1473415657 468634355
t_num: 5 finish: 1473415659 517286725 start: 1473415657 468169001
t_num: 29 finish: 1473415659 616651923 start: 1473415654 226938066
t_num: 9 finish: 1473415660 409871397 start: 1473415655 839013373
t_num: 19 finish: 1473415660 676967845 start: 1473415654 601852151
t_num: 15 finish: 1473415660 677388415 start: 1473415657 696677936
t_num: 23 finish: 1473415661 648194933 start: 1473415658 36693685
t_num: 0 finish: 1473415662 268943763 start: 1473415659 469216286
t_num: 11 finish: 1473415662 442299265 start: 1473415656 816640515
t_num: 30 finish: 1473415662 638924462 start: 1473415657 160165071
t_num: 12 finish: 1473415662 638928330 start: 1473415658 39643364
t_num: 15 finish: 1473415662 639255520 start: 1473415660 677407760
t_num: 4 finish: 1473415662 705675523 start: 1473415660 781833960
t_num: 18 finish: 1473415662 705687358 start: 1473415659 517325021
t_num: 28 finish: 1473415663 11003960 start: 1473415659 256948121
t_num: 16 finish: 1473415663 142430601 start: 1473415658 18942390
t_num: 5 finish: 1473415663 402734934 start: 1473415659 517344227
t_num: 23 finish: 1473415663 627035540 start: 1473415661 648234116
t_num: 13 finish: 1473415663 888150755 start: 1473415660 891675121
t_num: 20 finish: 1473415664 541200636 start: 1473415660 407717048
t_num: 19 finish: 1473415664 688969832 start: 1473415660 677017043
t_num: 11 finish: 1473415664 890488254 start: 1473415662 442342372
t_num: 18 finish: 1473415665 581361342 start: 1473415662 705755981
t_num: 3 finish: 1473415665 581369314 start: 1473415659 370558062
t_num: 2 finish: 1473415665 779055988 start: 1473415660 497282518
t_num: 30 finish: 1473415666 685640194 start: 1473415662 638972574
t_num: 17 finish: 1473415666 850579148 start: 1473415659 757905088
t_num: 15 finish: 1473415667 734689237 start: 1473415662 639275355
t_num: 29 finish: 1473415667 834767136 start: 1473415663 435258647
t_num: 9 finish: 1473415668 213559861 start: 1473415664 392377164
t_num: 31 finish: 1473415668 328829874 start: 1473415664 541050279
t_num: 11 finish: 1473415668 491788383 start: 1473415664 890525312
t_num: 12 finish: 1473415668 600297892 start: 1473415665 545107606
t_num: 14 finish: 1473415669 72128166 start: 1473415664 392421474
t_num: 3 finish: 1473415669 617713140 start: 1473415665 581432466
t_num: 23 finish: 1473415670 171919822 start: 1473415664 791832496
t_num: 16 finish: 1473415670 304187518 start: 1473415665 695046067
t_num: 4 finish: 1473415670 304273684 start: 1473415667 118011432
t_num: 27 finish: 1473415670 678775858 start: 1473415664 392319377
t_num: 30 finish: 1473415670 890276965 start: 1473415666 685663612
t_num: 15 finish: 1473415671 115229704 start: 1473415667 734725588
t_num: 19 finish: 1473415671 456897724 start: 1473415667 834819357
t_num: 14 finish: 1473415672 26351903 start: 1473415669 72172992
t_num: 26 finish: 1473415672 308396887 start: 1473415669 654915594
t_num: 28 finish: 1473415672 549864028 start: 1473415668 162054976
t_num: 29 finish: 1473415672 913924668 start: 1473415669 679734194
t_num: 11 finish: 1473415673 713395471 start: 1473415668 491831217
t_num: 13 finish: 1473415673 713401219 start: 1473415670 493927577
t_num: 21 finish: 1473415673 916265602 start: 1473415672 681450668
t_num: 0 finish: 1473415673 916284501 start: 1473415669 104547893
t_num: 14 finish: 1473415674 498910775 start: 1473415672 26393875
t_num: 9 finish: 1473415674 820867229 start: 1473415668 213584838
t_num: 28 finish: 1473415674 871107428 start: 1473415672 549900194
t_num: 17 finish: 1473415675 568201390 start: 1473415668 689383535
t_num: 26 finish: 1473415675 614480075 start: 1473415672 536247488
t_num: 15 finish: 1473415676 114831692 start: 1473415671 115292787
t_num: 23 finish: 1473415676 443859223 start: 1473415672 913995952
t_num: 31 finish: 1473415676 561627204 start: 1473415669 839186777
t_num: 30 finish: 1473415676 645696417 start: 1473415670 890322279
t_num: 25 finish: 1473415676 730408736 start: 1473415671 850484395
t_num: 4 finish: 1473415676 992111198 start: 1473415671 850789377
t_num: 21 finish: 1473415677 896232856 start: 1473415673 916319651
t_num: 15 finish: 1473415678 46128653 start: 1473415676 114885905
t_num: 0 finish: 1473415678 204124391 start: 1473415673 916353250
t_num: 11 finish: 1473415678 204129836 start: 1473415673 713426524
t_num: 1 finish: 1473415678 504151348 start: 1473415672 64779453
t_num: 9 finish: 1473415678 875648938 start: 1473415674 820927620
t_num: 30 finish: 1473415679 129371147 start: 1473415677 740820955
t_num: 17 finish: 1473415679 585208056 start: 1473415675 568246100
t_num: 16 finish: 1473415679 667129875 start: 1473415673 713477345
t_num: 15 finish: 1473415679 697414371 start: 1473415678 46160320
t_num: 29 finish: 1473415679 939332090 start: 1473415672 913963516
t_num: 14 finish: 1473415679 942653197 start: 1473415674 498959719
t_num: 10 finish: 1473415679 981369241 start: 1473415676 507008505
t_num: 26 finish: 1473415680 4665313 start: 1473415676 730731863
t_num: 25 finish: 1473415680 115473679 start: 1473415678 110311808
t_num: 1 finish: 1473415680 115535878 start: 1473415678 504213447
t_num: 19 finish: 1473415680 184887867 start: 1473415677 219988429
t_num: 23 finish: 1473415681 85362476 start: 1473415676 443901401
t_num: 28 finish: 1473415681 847080041 start: 1473415676 119944906
t_num: 11 finish: 1473415682 376800499 start: 1473415678 204177179
t_num: 21 finish: 1473415682 774303529 start: 1473415680 988413960
t_num: 0 finish: 1473415682 774322674 start: 1473415679 780679979
t_num: 14 finish: 1473415682 979781913 start: 1473415679 942674555
t_num: 10 finish: 1473415684 464060398 start: 1473415679 981400487
t_num: 12 finish: 1473415684 672851219 start: 1473415681 407120808
t_num: 7 finish: 1473415685 74298492 start: 1473415678 38853772
t_num: 23 finish: 1473415685 159256572 start: 1473415682 448804665
t_num: 9 finish: 1473415685 159262299 start: 1473415678 875689907
t_num: 19 finish: 1473415685 217865349 start: 1473415680 184932746
t_num: 1 finish: 1473415685 624586196 start: 1473415680 115555282
t_num: 29 finish: 1473415686 406539689 start: 1473415679 939375429
t_num: 0 finish: 1473415686 956996167 start: 1473415682 774457626
t_num: 25 finish: 1473415686 960047612 start: 1473415681 846042324
t_num: 20 finish: 1473415687 15021190 start: 1473415681 118815067
t_num: 11 finish: 1473415687 17480519 start: 1473415683 600162693
t_num: 21 finish: 1473415687 160140411 start: 1473415683 722146239
t_num: 15 finish: 1473415687 186128306 start: 1473415682 448823486
t_num: 30 finish: 1473415687 186193444 start: 1473415679 129396834
t_num: 26 finish: 1473415687 186691416 start: 1473415681 83940690
t_num: 28 finish: 1473415687 455989132 start: 1473415683 731279621
t_num: 24 finish: 1473415687 910413171 start: 1473415683 600031064
t_num: 16 finish: 1473415688 116660948 start: 1473415683 599395063
t_num: 14 finish: 1473415689 60529401 start: 1473415684 633675271
t_num: 18 finish: 1473415689 61376859 start: 1473415686 432594191
t_num: 12 finish: 1473415689 240729945 start: 1473415685 730325763
t_num: 29 finish: 1473415689 644295047 start: 1473415686 406577259
t_num: 23 finish: 1473415689 874482249 start: 1473415685 159307656
t_num: 15 finish: 1473415690 308962514 start: 1473415687 186151318
t_num: 10 finish: 1473415690 494757407 start: 1473415687 455956600
t_num: 5 finish: 1473415690 915629178 start: 1473415688 183067995
t_num: 21 finish: 1473415690 915629178 start: 1473415687 160178890
t_num: 19 finish: 1473415691 268326920 start: 1473415686 458537378
t_num: 20 finish: 1473415691 835369276 start: 1473415687 15048837
t_num: 28 finish: 1473415692 102876346 start: 1473415688 773230915
t_num: 16 finish: 1473415692 102885179 start: 1473415688 116705338
t_num: 25 finish: 1473415693 670487495 start: 1473415687 870514802
t_num: 11 finish: 1473415693 694823125 start: 1473415689 296574786
t_num: 26 finish: 1473415693 743893813 start: 1473415689 874569317
t_num: 0 finish: 1473415694 328781515 start: 1473415689 624483202
t_num: 30 finish: 1473415694 329055775 start: 1473415688 871222837
t_num: 14 finish: 1473415694 648361626 start: 1473415689 60558378
t_num: 13 finish: 1473415694 648367327 start: 1473415693 366458966
t_num: 29 finish: 1473415694 937875401 start: 1473415689 644324715
t_num: 21 finish: 1473415695 592504689 start: 1473415690 915689488
t_num: 20 finish: 1473415695 911442354 start: 1473415693 847697729
t_num: 16 finish: 1473415695 911474585 start: 1473415693 265662468
t_num: 12 finish: 1473415695 911443330 start: 1473415690 915742616
t_num: 27 finish: 1473415695 911863341 start: 1473415693 265288466
t_num: 5 finish: 1473415695 912457384 start: 1473415693 265485766
t_num: 28 finish: 1473415696 236844895 start: 1473415692 102942001
t_num: 11 finish: 1473415696 462302019 start: 1473415693 694852190
t_num: 7 finish: 1473415696 462314909 start: 1473415690 434217245
t_num: 15 finish: 1473415696 701733832 start: 1473415690 915708794
t_num: 6 finish: 1473415697 179429994 start: 1473415693 265321619
t_num: 26 finish: 1473415697 831973116 start: 1473415694 618533147
t_num: 19 finish: 1473415697 832096095 start: 1473415692 970855389
t_num: 17 finish: 1473415697 832293835 start: 1473415694 328557370
t_num: 10 finish: 1473415697 832348731 start: 1473415692 25655470
t_num: 4 finish: 1473415698 407980866 start: 1473415694 185746531
t_num: 13 finish: 1473415698 532277532 start: 1473415694 648402424
t_num: 15 finish: 1473415698 634233925 start: 1473415696 701757373
t_num: 20 finish: 1473415699 212342488 start: 1473415695 911473613
t_num: 0 finish: 1473415700 230974422 start: 1473415694 328826437
t_num: 9 finish: 1473415700 564234098 start: 1473415698 47749704
t_num: 21 finish: 1473415701 91934393 start: 1473415696 158460917
t_num: 12 finish: 1473415701 472602930 start: 1473415695 911504726
t_num: 10 finish: 1473415701 716552525 start: 1473415697 832363396
t_num: 19 finish: 1473415702 693183432 start: 1473415697 832116108
t_num: 22 finish: 1473415702 693359361 start: 1473415696 612965896
t_num: 11 finish: 1473415702 772758486 start: 1473415699 684097671
t_num: 27 finish: 1473415702 772793019 start: 1473415697 831716943
t_num: 25 finish: 1473415703 135832318 start: 1473415695 912167065
t_num: 3 finish: 1473415703 352841060 start: 1473415696 696321128
t_num: 29 finish: 1473415703 592293976 start: 1473415697 832234951
t_num: 16 finish: 1473415703 983066063 start: 1473415697 831686588
t_num: 6 finish: 1473415704 181350248 start: 1473415698 532258596
t_num: 26 finish: 1473415704 181570777 start: 1473415697 832000799
t_num: 13 finish: 1473415704 318428483 start: 1473415698 532300177
t_num: 2 finish: 1473415705 229257834 start: 1473415700 560337373
t_num: 10 finish: 1473415705 230340774 start: 1473415701 716594930
t_num: 30 finish: 1473415705 480946093 start: 1473415701 475719385
t_num: 22 finish: 1473415705 481703212 start: 1473415702 693379082
t_num: 0 finish: 1473415705 482399438 start: 1473415700 231009946
t_num: 19 finish: 1473415706 230110872 start: 1473415702 693226329
t_num: 20 finish: 1473415706 419913509 start: 1473415702 711082153
t_num: 18 finish: 1473415706 559702221 start: 1473415702 772828970
t_num: 21 finish: 1473415708 602934872 start: 1473415701 91978990
t_num: 13 finish: 1473415708 730553130 start: 1473415705 32948319
t_num: 11 finish: 1473415708 781575959 start: 1473415704 318457974
t_num: 1 finish: 1473415709 306165348 start: 1473415702 217148255
t_num: 17 finish: 1473415709 388198041 start: 1473415703 930466502
t_num: 12 finish: 1473415709 451471106 start: 1473415703 390413554
t_num: 23 finish: 1473415709 490577384 start: 1473415705 672020661
t_num: 18 finish: 1473415709 521918624 start: 1473415707 659502549
t_num: 4 finish: 1473415709 902420422 start: 1473415706 490774876
t_num: 27 finish: 1473415709 944629436 start: 1473415704 63432915
t_num: 26 finish: 1473415710 745968429 start: 1473415706 976958384
t_num: 16 finish: 1473415710 746142578 start: 1473415706 140519034
t_num: 20 finish: 1473415710 746183600 start: 1473415706 419985702
t_num: 6 finish: 1473415710 747430819 start: 1473415707 871714895
t_num: 25 finish: 1473415711 418740167 start: 1473415704 515789279
t_num: 31 finish: 1473415711 524136550 start: 1473415707 119653457
t_num: 10 finish: 1473415711 575374395 start: 1473415706 559667945
t_num: 11 finish: 1473415711 599235788 start: 1473415708 781601551
t_num: 22 finish: 1473415712 284550732 start: 1473415706 491056553
t_num: 19 finish: 1473415712 833031299 start: 1473415708 711663413
t_num: 0 finish: 1473415713 59907003 start: 1473415707 668177107
t_num: 24 finish: 1473415713 100745022 start: 1473415709 452187716
t_num: 21 finish: 1473415713 215668360 start: 1473415708 602978440
t_num: 13 finish: 1473415713 978271400 start: 1473415708 730606524
t_num: 23 finish: 1473415714 1710106 start: 1473415709 490595641
t_num: 1 finish: 1473415714 204785269 start: 1473415711 828056977
t_num: 6 finish: 1473415714 320605055 start: 1473415710 747452194
t_num: 31 finish: 1473415714 524424637 start: 1473415711 524155693
t_num: 16 finish: 1473415715 2128876 start: 1473415710 746163537
t_num: 10 finish: 1473415715 176443687 start: 1473415711 575397988
t_num: 25 finish: 1473415715 213934016 start: 1473415711 828099889
t_num: 26 finish: 1473415715 945639083 start: 1473415712 972052734
t_num: 4 finish: 1473415716 24095777 start: 1473415709 902461680
t_num: 11 finish: 1473415717 752456528 start: 1473415711 599258598
t_num: 1 finish: 1473415717 752488845 start: 1473415714 204816009
t_num: 31 finish: 1473415717 752691736 start: 1473415714 524468602
t_num: 22 finish: 1473415718 539259493 start: 1473415712 284616865
t_num: 18 finish: 1473415718 539378034 start: 1473415714 83651711
t_num: 8 finish: 1473415718 713858431 start: 1473415711 418768730
t_num: 30 finish: 1473415719 263001720 start: 1473415715 1878950
t_num: 13 finish: 1473415720 386169092 start: 1473415716 503631569
t_num: 19 finish: 1473415720 386908067 start: 1473415715 2707347
t_num: 21 finish: 1473415720 387144999 start: 1473415716 343461160
t_num: 28 finish: 1473415720 387421339 start: 1473415715 2948952
t_num: 4 finish: 1473415720 387462825 start: 1473415718 625040356
t_num: 16 finish: 1473415720 387860835 start: 1473415715 2153013
t_num: 20 finish: 1473415720 388268733 start: 1473415714 905653973
t_num: 5 finish: 1473415720 388418089 start: 1473415717 411047188
t_num: 23 finish: 1473415720 668462047 start: 1473415714 1741744
t_num: 25 finish: 1473415720 853914940 start: 1473415715 213969473
t_num: 24 finish: 1473415721 728927756 start: 1473415717 745132392
t_num: 31 finish: 1473415721 729255169 start: 1473415717 752710260
t_num: 0 finish: 1473415721 729630978 start: 1473415719 355340249
t_num: 10 finish: 1473415721 730537588 start: 1473415718 625011085
t_num: 29 finish: 1473415721 841493024 start: 1473415718 625070179
t_num: 30 finish: 1473415721 841495992 start: 1473415719 263035655
t_num: 20 finish: 1473415722 333274030 start: 1473415720 388287645
t_num: 4 finish: 1473415723 266181406 start: 1473415720 387477634
t_num: 13 finish: 1473415724 89030132 start: 1473415720 386194349
t_num: 25 finish: 1473415724 144022862 start: 1473415720 853953360
t_num: 29 finish: 1473415724 381120362 start: 1473415721 841525842
t_num: 19 finish: 1473415724 496335613 start: 1473415720 386928271
t_num: 5 finish: 1473415724 543654500 start: 1473415720 388437345
t_num: 2 finish: 1473415725 79473414 start: 1473415720 386181925
t_num: 4 finish: 1473415725 79518430 start: 1473415723 266245799
t_num: 28 finish: 1473415725 79753559 start: 1473415720 387441101
t_num: 10 finish: 1473415725 184659086 start: 1473415721 730556980
t_num: 20 finish: 1473415725 500540455 start: 1473415723 803162517
t_num: 24 finish: 1473415725 681277907 start: 1473415722 882524172
t_num: 0 finish: 1473415726 133272273 start: 1473415723 9642678
t_num: 21 finish: 1473415726 609772967 start: 1473415721 728877040
t_num: 22 finish: 1473415726 629452092 start: 1473415720 821660216
t_num: 19 finish: 1473415727 698574125 start: 1473415726 166003903
t_num: 4 finish: 1473415728 117934068 start: 1473415725 79534236
t_num: 27 finish: 1473415728 293768824 start: 1473415725 588879364
t_num: 30 finish: 1473415728 380111927 start: 1473415721 841538999
t_num: 8 finish: 1473415728 380519227 start: 1473415724 89005928
t_num: 6 finish: 1473415728 381274281 start: 1473415723 9661690
t_num: 3 finish: 1473415728 381739183 start: 1473415725 12375291
t_num: 9 finish: 1473415729 276627178 start: 1473415723 578221304
t_num: 29 finish: 1473415729 315747568 start: 1473415725 681258286
t_num: 10 finish: 1473415729 315752732 start: 1473415725 184703657
t_num: 11 finish: 1473415729 762670825 start: 1473415726 849667715
t_num: 25 finish: 1473415730 329064594 start: 1473415727 373706642
t_num: 20 finish: 1473415730 329075927 start: 1473415725 500578790
t_num: 12 finish: 1473415730 454509702 start: 1473415727 17871865
t_num: 21 finish: 1473415731 426988948 start: 1473415726 609814326
t_num: 16 finish: 1473415731 823709402 start: 1473415726 165946667
t_num: 29 finish: 1473415732 430373786 start: 1473415730 491532905
t_num: 24 finish: 1473415732 995130382 start: 1473415730 491096609
t_num: 3 finish: 1473415733 181148827 start: 1473415728 381758788
t_num: 19 finish: 1473415733 183319648 start: 1473415730 143879799
t_num: 6 finish: 1473415733 242760994 start: 1473415728 381295094
t_num: 27 finish: 1473415733 258756623 start: 1473415728 293813538
t_num: 28 finish: 1473415733 616886894 start: 1473415727 336856182
t_num: 2 finish: 1473415733 841093944 start: 1473415726 734507303
t_num: 26 finish: 1473415733 850886044 start: 1473415729 315812234
t_num: 12 finish: 1473415734 36462586 start: 1473415730 454532418
t_num: 24 finish: 1473415734 786329120 start: 1473415732 995175208
t_num: 14 finish: 1473415734 963590834 start: 1473415731 824430813
t_num: 1 finish: 1473415735 415582734 start: 1473415730 454487745
t_num: 10 finish: 1473415735 757112235 start: 1473415729 315834018
t_num: 19 finish: 1473415736 34260511 start: 1473415733 183346905
t_num: 21 finish: 1473415736 64425464 start: 1473415733 918034514
t_num: 9 finish: 1473415736 65574689 start: 1473415732 294789206
t_num: 8 finish: 1473415736 671540350 start: 1473415730 491059198
t_num: 12 finish: 1473415736 927791670 start: 1473415734 36490428
t_num: 26 finish: 1473415737 684756189 start: 1473415733 850923368
t_num: 2 finish: 1473415737 778277744 start: 1473415736 22922500
t_num: 15 finish: 1473415737 778289756 start: 1473415732 366963663
t_num: 23 finish: 1473415737 955903827 start: 1473415732 293231110
t_num: 13 finish: 1473415738 255602370 start: 1473415736 21459012
t_num: 4 finish: 1473415738 319486414 start: 1473415732 684717522
t_num: 11 finish: 1473415738 642536515 start: 1473415733 241897330
t_num: 3 finish: 1473415738 947166676 start: 1473415734 905793161
t_num: 27 finish: 1473415739 739189434 start: 1473415733 258782587
t_num: 24 finish: 1473415739 740592878 start: 1473415734 786362932
t_num: 12 finish: 1473415739 740708965 start: 1473415737 685198861
t_num: 19 finish: 1473415739 740763588 start: 1473415736 34289276
t_num: 28 finish: 1473415739 740902186 start: 1473415737 685359571
t_num: 16 finish: 1473415739 740904107 start: 1473415738 996839413
t_num: 14 finish: 1473415740 497419393 start: 1473415734 963628535
t_num: 4 finish: 1473415740 497509218 start: 1473415738 319512620
t_num: 23 finish: 1473415740 497565614 start: 1473415737 955952474
t_num: 18 finish: 1473415740 497955537 start: 1473415739 376324299
t_num: 10 finish: 1473415740 498135939 start: 1473415736 609372267
t_num: 21 finish: 1473415741 58242846 start: 1473415737 778107618
t_num: 29 finish: 1473415741 388856195 start: 1473415737 684810084
t_num: 8 finish: 1473415741 553237731 start: 1473415737 685418480
t_num: 15 finish: 1473415743 724806948 start: 1473415739 435549464
t_num: 12 finish: 1473415744 88769914 start: 1473415739 740728462
t_num: 19 finish: 1473415744 250448916 start: 1473415739 740781207
t_num: 11 finish: 1473415744 994127536 start: 1473415738 642571686
t_num: 8 finish: 1473415745 283490683 start: 1473415741 553274747
t_num: 29 finish: 1473415745 433667289 start: 1473415741 388889686
t_num: 16 finish: 1473415745 854003599 start: 1473415739 740991091
t_num: 10 finish: 1473415745 967617340 start: 1473415740 498156428
t_num: 18 finish: 1473415745 967629380 start: 1473415740 497975305
t_num: 27 finish: 1473415745 967759555 start: 1473415741 448126139
t_num: 24 finish: 1473415746 699768840 start: 1473415739 740614030
t_num: 31 finish: 1473415747 900747594 start: 1473415742 396930451
t_num: 22 finish: 1473415747 900768849 start: 1473415743 676742124
t_num: 23 finish: 1473415747 900995074 start: 1473415743 676988317
t_num: 24 finish: 1473415747 929934515 start: 1473415746 699814225
t_num: 8 finish: 1473415747 930037571 start: 1473415745 283546165
t_num: 29 finish: 1473415747 930066445 start: 1473415745 433710537
t_num: 13 finish: 1473415747 930076760 start: 1473415742 16921459
t_num: 21 finish: 1473415747 930103808 start: 1473415741 58289740
t_num: 12 finish: 1473415747 931583171 start: 1473415744 88803305
t_num: 4 finish: 1473415748 142829545 start: 1473415744 7972164
t_num: 20 finish: 1473415748 807090126 start: 1473415744 993970600
t_num: 10 finish: 1473415749 199201803 start: 1473415745 967646833
t_num: 5 finish: 1473415750 68100234 start: 1473415745 853918085
t_num: 27 finish: 1473415750 69402119 start: 1473415745 967778116
t_num: 22 finish: 1473415750 310708596 start: 1473415747 900831412
t_num: 16 finish: 1473415750 716905832 start: 1473415746 890864245
t_num: 23 finish: 1473415750 903065753 start: 1473415747 901014126
t_num: 13 finish: 1473415751 901900160 start: 1473415748 673939605
t_num: 29 finish: 1473415752 701696132 start: 1473415747 930083613
t_num: 18 finish: 1473415753 604068342 start: 1473415749 981981004
t_num: 23 finish: 1473415754 216353464 start: 1473415750 903094363
t_num: 9 finish: 1473415754 500098287 start: 1473415750 77310787
t_num: 31 finish: 1473415754 501959132 start: 1473415747 900797552
t_num: 0 finish: 1473415754 505757968 start: 1473415749 931103954
t_num: 28 finish: 1473415754 599794607 start: 1473415748 674083856
t_num: 8 finish: 1473415754 810864377 start: 1473415750 715339058
t_num: 27 finish: 1473415755 445445872 start: 1473415751 961525013
t_num: 12 finish: 1473415755 445445934 start: 1473415752 87066169
t_num: 6 finish: 1473415755 564818827 start: 1473415751 751335799
t_num: 11 finish: 1473415755 934832025 start: 1473415749 982000728
t_num: 20 finish: 1473415755 934843944 start: 1473415751 751360955
t_num: 14 finish: 1473415756 546518200 start: 1473415754 507052439
t_num: 24 finish: 1473415756 547301053 start: 1473415749 982170065
t_num: 4 finish: 1473415756 854684388 start: 1473415750 903045758
t_num: 13 finish: 1473415756 855701182 start: 1473415751 901935236
t_num: 17 finish: 1473415756 892321833 start: 1473415754 500939775
t_num: 30 finish: 1473415756 941480984 start: 1473415751 37312234
t_num: 8 finish: 1473415757 643373249 start: 1473415754 810902716
t_num: 19 finish: 1473415758 267513211 start: 1473415755 298893490
t_num: 2 finish: 1473415758 516492879 start: 1473415755 403151209
t_num: 29 finish: 1473415758 517153315 start: 1473415754 504449598
t_num: 16 finish: 1473415758 859625362 start: 1473415755 564749892
t_num: 22 finish: 1473415759 134002245 start: 1473415752 701734807
t_num: 12 finish: 1473415759 134105613 start: 1473415756 316039919
t_num: 3 finish: 1473415759 134278631 start: 1473415753 679981624
t_num: 23 finish: 1473415759 222516249 start: 1473415754 216390228
t_num: 31 finish: 1473415760 284324131 start: 1473415754 501980703
t_num: 30 finish: 1473415760 304559416 start: 1473415756 941501377
t_num: 9 finish: 1473415760 315234175 start: 1473415755 934885184
t_num: 24 finish: 1473415760 797489776 start: 1473415757 643544862
t_num: 4 finish: 1473415761 129688437 start: 1473415758 402901991
t_num: 22 finish: 1473415761 178112337 start: 1473415759 134030764
t_num: 6 finish: 1473415762 92692349 start: 1473415758 852296039
t_num: 20 finish: 1473415762 139323398 start: 1473415755 934877332
t_num: 14 finish: 1473415762 174399782 start: 1473415757 543115803
t_num: 8 finish: 1473415762 174403543 start: 1473415757 643418193
t_num: 26 finish: 1473415763 283037712 start: 1473415759 936834842
t_num: 0 finish: 1473415763 547657072 start: 1473415755 565528945
t_num: 25 finish: 1473415763 663226987 start: 1473415758 16604647
t_num: 17 finish: 1473415764 480732201 start: 1473415758 403877241
t_num: 11 finish: 1473415764 529326980 start: 1473415759 222570312
t_num: 29 finish: 1473415764 529329803 start: 1473415759 39943425
t_num: 16 finish: 1473415764 530098479 start: 1473415758 859655174
t_num: 19 finish: 1473415764 530259644 start: 1473415761 248733335
t_num: 1 finish: 1473415765 239342408 start: 1473415761 303465390
t_num: 12 finish: 1473415765 485612713 start: 1473415759 134123995
t_num: 25 finish: 1473415766 363029782 start: 1473415763 663263044
t_num: 31 finish: 1473415766 363079440 start: 1473415763 609884197
t_num: 30 finish: 1473415766 363344692 start: 1473415760 304581936
t_num: 9 finish: 1473415766 363373288 start: 1473415763 182097372
t_num: 8 finish: 1473415766 363567838 start: 1473415762 174436850
t_num: 21 finish: 1473415766 612156544 start: 1473415763 916622634
t_num: 19 finish: 1473415766 787064176 start: 1473415764 530278114
t_num: 26 finish: 1473415766 787142594 start: 1473415763 283072638
t_num: 6 finish: 1473415767 558449900 start: 1473415764 529425729
t_num: 15 finish: 1473415768 322804553 start: 1473415765 239413019
t_num: 4 finish: 1473415768 322923652 start: 1473415766 363548432
t_num: 0 finish: 1473415768 323622425 start: 1473415764 460627955
t_num: 2 finish: 1473415768 323738329 start: 1473415762 920509741
t_num: 11 finish: 1473415768 323747973 start: 1473415764 862318652
t_num: 26 finish: 1473415769 15271338 start: 1473415766 787159166
t_num: 19 finish: 1473415771 228626148 start: 1473415766 787107293
t_num: 21 finish: 1473415771 229353742 start: 1473415766 917690157
t_num: 20 finish: 1473415771 229845986 start: 1473415764 862283920
t_num: 5 finish: 1473415771 267327380 start: 1473415764 606467435
t_num: 8 finish: 1473415772 56109043 start: 1473415766 917711109
t_num: 25 finish: 1473415772 228678271 start: 1473415766 363114095
t_num: 15 finish: 1473415772 606383022 start: 1473415769 706037328
t_num: 0 finish: 1473415773 89748583 start: 1473415768 323639393
t_num: 31 finish: 1473415773 662144380 start: 1473415767 585048620
t_num: 29 finish: 1473415773 687697646 start: 1473415766 611951612
t_num: 20 finish: 1473415773 882372695 start: 1473415771 229863485
t_num: 4 finish: 1473415774 87577108 start: 1473415770 50117934
t_num: 9 finish: 1473415774 635423800 start: 1473415766 363391821
t_num: 27 finish: 1473415774 635441713 start: 1473415772 599826875
t_num: 19 finish: 1473415774 635524306 start: 1473415771 228651966
t_num: 7 finish: 1473415774 653836144 start: 1473415768 322764992
t_num: 18 finish: 1473415775 189080210 start: 1473415768 88635650
t_num: 10 finish: 1473415775 233649136 start: 1473415771 229660261
t_num: 14 finish: 1473415775 526343492 start: 1473415773 684136936
t_num: 30 finish: 1473415775 796727040 start: 1473415766 787124014
t_num: 21 finish: 1473415777 235662975 start: 1473415771 229373747
t_num: 27 finish: 1473415777 966906701 start: 1473415774 635566999
t_num: 24 finish: 1473415777 969575017 start: 1473415774 64839306
t_num: 19 finish: 1473415778 177609838 start: 1473415774 635542576
t_num: 5 finish: 1473415778 178837581 start: 1473415771 267343797
t_num: 2 finish: 1473415778 199893051 start: 1473415772 640105170
t_num: 7 finish: 1473415778 354321499 start: 1473415775 233926403
t_num: 0 finish: 1473415779 376455851 start: 1473415774 154137432
t_num: 15 finish: 1473415779 437764602 start: 1473415772 606411471
t_num: 3 finish: 1473415779 493955000 start: 1473415775 863080550
t_num: 29 finish: 1473415779 494088449 start: 1473415775 186585088
t_num: 13 finish: 1473415779 494178401 start: 1473415774 615684219
t_num: 9 finish: 1473415780 214990968 start: 1473415775 194444584
t_num: 31 finish: 1473415780 214990958 start: 1473415773 662195241
t_num: 20 finish: 1473415780 215035356 start: 1473415774 871268252
t_num: 14 finish: 1473415780 215740140 start: 1473415775 526386231
t_num: 11 finish: 1473415780 327106790 start: 1473415772 394748344
t_num: 7 finish: 1473415780 498074113 start: 1473415778 354349971
t_num: 27 finish: 1473415780 499179334 start: 1473415777 966946611
t_num: 4 finish: 1473415781 129253355 start: 1473415776 890653186
t_num: 18 finish: 1473415781 129511570 start: 1473415776 478305867
t_num: 12 finish: 1473415781 235254312 start: 1473415776 660503950
t_num: 19 finish: 1473415781 356259475 start: 1473415778 177648703
t_num: 24 finish: 1473415781 695123308 start: 1473415777 969610365
t_num: 21 finish: 1473415781 824791292 start: 1473415778 621996971
t_num: 2 finish: 1473415782 198357002 start: 1473415778 622608839
t_num: 29 finish: 1473415782 553076382 start: 1473415779 494122442
t_num: 5 finish: 1473415784 716338291 start: 1473415780 327197749
t_num: 4 finish: 1473415784 716417478 start: 1473415781 129294005
t_num: 14 finish: 1473415784 716485748 start: 1473415780 215774545
t_num: 3 finish: 1473415784 811002486 start: 1473415779 494001828
t_num: 26 finish: 1473415784 811025690 start: 1473415782 327675153
t_num: 2 finish: 1473415785 2650437 start: 1473415782 676885682
t_num: 18 finish: 1473415785 752296001 start: 1473415781 129529429
t_num: 27 finish: 1473415785 752406113 start: 1473415782 326383712
t_num: 7 finish: 1473415785 753634184 start: 1473415780 498114128
t_num: 12 finish: 1473415785 753703785 start: 1473415781 235304279
t_num: 24 finish: 1473415785 753707212 start: 1473415781 695172459
t_num: 17 finish: 1473415785 753834676 start: 1473415783 518944551
t_num: 19 finish: 1473415785 880959586 start: 1473415781 356299585
t_num: 29 finish: 1473415785 881208119 start: 1473415783 394632450
t_num: 15 finish: 1473415785 933695880 start: 1473415783 518970424
t_num: 1 finish: 1473415786 823931504 start: 1473415783 638671673
t_num: 31 finish: 1473415787 571325756 start: 1473415780 215069413
t_num: 14 finish: 1473415787 636381596 start: 1473415784 716502497
t_num: 16 finish: 1473415787 636835529 start: 1473415782 201863695
t_num: 21 finish: 1473415787 637191837 start: 1473415783 829382698
t_num: 17 finish: 1473415788 906651444 start: 1473415785 753855419
t_num: 7 finish: 1473415789 168628817 start: 1473415785 753654567
t_num: 3 finish: 1473415789 653849520 start: 1473415786 696569674
t_num: 13 finish: 1473415789 786169737 start: 1473415784 811080368
t_num: 4 finish: 1473415789 786227723 start: 1473415784 716437484
t_num: 15 finish: 1473415789 786402568 start: 1473415785 933728954
t_num: 5 finish: 1473415789 786583160 start: 1473415784 716378858
t_num: 1 finish: 1473415790 364068329 start: 1473415786 823962870
t_num: 20 finish: 1473415790 447745787 start: 1473415786 659049993
t_num: 17 finish: 1473415790 698599325 start: 1473415788 906695182
t_num: 27 finish: 1473415791 239398412 start: 1473415785 752425653
t_num: 2 finish: 1473415792 198129405 start: 1473415786 397194236
t_num: 18 finish: 1473415792 688565114 start: 1473415787 636345787
t_num: 29 finish: 1473415792 713930370 start: 1473415785 881247404
t_num: 26 finish: 1473415792 733548274 start: 1473415789 349158530
t_num: 19 finish: 1473415793 752322923 start: 1473415787 637010609
t_num: 1 finish: 1473415793 802338387 start: 1473415790 364110586
t_num: 4 finish: 1473415793 999322360 start: 1473415789 786243936
t_num: 21 finish: 1473415794 221972177 start: 1473415788 456503350
t_num: 14 finish: 1473415794 222111885 start: 1473415788 938847974
t_num: 27 finish: 1473415795 779089908 start: 1473415791 239443911
t_num: 8 finish: 1473415795 779248495 start: 1473415792 560103897
t_num: 20 finish: 1473415796 325812140 start: 1473415790 447772765
t_num: 12 finish: 1473415796 483409703 start: 1473415790 446512714
t_num: 13 finish: 1473415796 625707009 start: 1473415789 786227780
t_num: 1 finish: 1473415796 738076453 start: 1473415793 802368838
t_num: 29 finish: 1473415797 342950009 start: 1473415792 713952153
t_num: 28 finish: 1473415797 344879256 start: 1473415793 752008745
t_num: 4 finish: 1473415797 517392988 start: 1473415793 999349478
t_num: 17 finish: 1473415797 892397662 start: 1473415790 698643813
t_num: 18 finish: 1473415797 892408688 start: 1473415792 688597521
t_num: 2 finish: 1473415798 665481015 start: 1473415795 629731220
t_num: 24 finish: 1473415798 737425086 start: 1473415793 695547968
t_num: 14 finish: 1473415798 856780556 start: 1473415794 222132518
t_num: 26 finish: 1473415799 78495869 start: 1473415792 733581869
t_num: 8 finish: 1473415799 642296534 start: 1473415795 779267733
t_num: 7 finish: 1473415799 947403289 start: 1473415794 671663882
t_num: 1 finish: 1473415801 319373155 start: 1473415796 738113251
t_num: 0 finish: 1473415801 319466966 start: 1473415796 625344359
t_num: 4 finish: 1473415801 319373142 start: 1473415797 517438423
t_num: 21 finish: 1473415801 371420534 start: 1473415798 320609222
t_num: 30 finish: 1473415801 510266041 start: 1473415798 319445222
t_num: 28 finish: 1473415802 666393282 start: 1473415798 320766956
t_num: 20 finish: 1473415802 666400991 start: 1473415798 320452311
t_num: 12 finish: 1473415802 709351926 start: 1473415796 483470899
t_num: 13 finish: 1473415802 709353057 start: 1473415796 625735177
t_num: 10 finish: 1473415802 973677223 start: 1473415799 229687944
t_num: 6 finish: 1473415803 65779822 start: 1473415801 243149307
t_num: 18 finish: 1473415803 460594273 start: 1473415797 892496217
t_num: 26 finish: 1473415803 461192766 start: 1473415799 78530172
t_num: 29 finish: 1473415803 537150253 start: 1473415797 342994632
t_num: 24 finish: 1473415803 825037769 start: 1473415798 737453074
t_num: 30 finish: 1473415804 241921003 start: 1473415801 510300190
t_num: 27 finish: 1473415804 432927397 start: 1473415795 779117192
t_num: 17 finish: 1473415804 642436268 start: 1473415799 19686318
t_num: 8 finish: 1473415804 801760702 start: 1473415800 575522320
t_num: 13 finish: 1473415804 957167553 start: 1473415802 709398493
t_num: 3 finish: 1473415804 958464668 start: 1473415801 952937371
t_num: 23 finish: 1473415805 601268190 start: 1473415803 459398767
t_num: 7 finish: 1473415805 656910061 start: 1473415799 947432009
t_num: 1 finish: 1473415806 769200316 start: 1473415801 319419322
t_num: 26 finish: 1473415806 772639626 start: 1473415804 267624555
t_num: 17 finish: 1473415806 811279764 start: 1473415804 642491724
t_num: 3 finish: 1473415806 868466771 start: 1473415804 958485338
t_num: 21 finish: 1473415807 268134975 start: 1473415802 960262324
t_num: 22 finish: 1473415807 511378965 start: 1473415802 994818419
t_num: 19 finish: 1473415807 601808828 start: 1473415803 618934318
t_num: 28 finish: 1473415807 601925953 start: 1473415802 666424394
t_num: 8 finish: 1473415807 682975525 start: 1473415804 801804050
t_num: 30 finish: 1473415807 682975545 start: 1473415804 241961576
t_num: 23 finish: 1473415808 512703206 start: 1473415806 855262626
t_num: 29 finish: 1473415809 358777944 start: 1473415804 874319688
t_num: 10 finish: 1473415809 358817171 start: 1473415806 13885187
t_num: 7 finish: 1473415809 469654730 start: 1473415805 656943829
t_num: 12 finish: 1473415809 932588474 start: 1473415804 545281354
t_num: 20 finish: 1473415810 98137657 start: 1473415804 246642373
t_num: 26 finish: 1473415810 546378562 start: 1473415806 772657152
t_num: 13 finish: 1473415810 604415532 start: 1473415806 812391536
t_num: 2 finish: 1473415810 865833844 start: 1473415807 601908541
t_num: 4 finish: 1473415811 197637229 start: 1473415808 853096916
t_num: 28 finish: 1473415811 238102682 start: 1473415808 512462833
t_num: 19 finish: 1473415811 258989893 start: 1473415807 601831797
t_num: 8 finish: 1473415812 117758062 start: 1473415809 325040269
t_num: 3 finish: 1473415812 237772821 start: 1473415806 868492363
t_num: 16 finish: 1473415812 329155466 start: 1473415807 206981606
t_num: 21 finish: 1473415812 872430146 start: 1473415809 358794893
t_num: 17 finish: 1473415813 188335510 start: 1473415806 811323330
t_num: 31 finish: 1473415813 408813009 start: 1473415808 512618329
t_num: 22 finish: 1473415813 444924184 start: 1473415807 511444053
t_num: 23 finish: 1473415813 445132382 start: 1473415808 512729172
t_num: 5 finish: 1473415814 30955790 start: 1473415809 469692243
t_num: 14 finish: 1473415814 63669901 start: 1473415811 275016383
t_num: 26 finish: 1473415814 102410054 start: 1473415810 546419504
t_num: 27 finish: 1473415814 497380383 start: 1473415808 71686285
t_num: 19 finish: 1473415815 693490542 start: 1473415811 259022201
t_num: 29 finish: 1473415815 914336502 start: 1473415812 73095534
t_num: 13 finish: 1473415815 914335426 start: 1473415810 604446732
t_num: 2 finish: 1473415816 632676370 start: 1473415814 122983751
t_num: 26 finish: 1473415816 733281899 start: 1473415814 102430052
t_num: 16 finish: 1473415817 76023887 start: 1473415812 329196457
t_num: 8 finish: 1473415817 854614502 start: 1473415812 872851289
t_num: 17 finish: 1473415817 854647865 start: 1473415813 188374436
t_num: 10 finish: 1473415817 854683743 start: 1473415813 654627072
t_num: 19 finish: 1473415817 884037681 start: 1473415815 693535428
t_num: 27 finish: 1473415817 884188327 start: 1473415815 693918905
t_num: 22 finish: 1473415817 884253994 start: 1473415813 444955745
t_num: 5 finish: 1473415818 404903662 start: 1473415814 497195223
t_num: 23 finish: 1473415818 654090532 start: 1473415813 445151402
t_num: 14 finish: 1473415819 915189462 start: 1473415814 63708755
t_num: 2 finish: 1473415819 915222446 start: 1473415816 632728748
t_num: 27 finish: 1473415820 366683630 start: 1473415817 884207939
t_num: 3 finish: 1473415820 556006734 start: 1473415812 759197231
t_num: 29 finish: 1473415820 556058745 start: 1473415815 914395150
t_num: 31 finish: 1473415821 393133748 start: 1473415815 694552080
t_num: 8 finish: 1473415821 641646455 start: 1473415817 854689537
t_num: 17 finish: 1473415821 737237283 start: 1473415817 854712198
t_num: 0 finish: 1473415822 819458206 start: 1473415816 871147619
t_num: 4 finish: 1473415822 819458257 start: 1473415816 969550371
t_num: 2 finish: 1473415822 893430717 start: 1473415819 915237712
t_num: 9 finish: 1473415823 341033199 start: 1473415818 922878047
t_num: 26 finish: 1473415823 826156855 start: 1473415816 733335790
t_num: 25 finish: 1473415823 826203852 start: 1473415818 788253133
t_num: 23 finish: 1473415823 826556381 start: 1473415818 654155539
t_num: 27 finish: 1473415824 195361706 start: 1473415820 366726556
t_num: 29 finish: 1473415824 383597477 start: 1473415820 556077914
t_num: 17 finish: 1473415824 384401165 start: 1473415821 737286865
t_num: 16 finish: 1473415824 491534726 start: 1473415817 76051720
t_num: 2 finish: 1473415824 626084040 start: 1473415822 893460889
t_num: 3 finish: 1473415825 258574369 start: 1473415821 971778360
t_num: 22 finish: 1473415825 639830373 start: 1473415822 571992355
t_num: 5 finish: 1473415825 680473826 start: 1473415819 915273883
t_num: 4 finish: 1473415825 680480117 start: 1473415823 478169527
t_num: 31 finish: 1473415826 421446429 start: 1473415821 393178810
t_num: 21 finish: 1473415826 584870283 start: 1473415823 826295334
t_num: 26 finish: 1473415826 585573016 start: 1473415823 826340970
t_num: 8 finish: 1473415826 734242556 start: 1473415822 572778285
t_num: 19 finish: 1473415828 648131022 start: 1473415823 478126432
t_num: 14 finish: 1473415829 646476796 start: 1473415823 826181604
t_num: 31 finish: 1473415829 924102599 start: 1473415828 117211394
t_num: 3 finish: 1473415830 6109814 start: 1473415828 428558927
t_num: 16 finish: 1473415830 51899479 start: 1473415824 491577982
t_num: 22 finish: 1473415830 231615996 start: 1473415825 639857250
t_num: 23 finish: 1473415830 684172799 start: 1473415825 454348465
t_num: 1 finish: 1473415830 684182281 start: 1473415826 403166894
t_num: 9 finish: 1473415830 684222765 start: 1473415825 561760396
t_num: 20 finish: 1473415830 684436526 start: 1473415826 179378275
t_num: 30 finish: 1473415831 125672582 start: 1473415827 226152612
t_num: 18 finish: 1473415831 595403721 start: 1473415828 427602806
t_num: 17 finish: 1473415831 596319083 start: 1473415824 384421795
t_num: 22 finish: 1473415832 683224325 start: 1473415830 458319173
t_num: 7 finish: 1473415833 407334137 start: 1473415827 55913829
t_num: 29 finish: 1473415833 413439345 start: 1473415829 506449840
t_num: 4 finish: 1473415833 417549301 start: 1473415828 427511050
t_num: 26 finish: 1473415833 585766764 start: 1473415828 51504039
t_num: 11 finish: 1473415833 651277569 start: 1473415825 687389479
t_num: 16 finish: 1473415834 597491913 start: 1473415830 51938176
t_num: 15 finish: 1473415834 598310170 start: 1473415829 408372257
t_num: 21 finish: 1473415834 614405368 start: 1473415828 390907620
t_num: 6 finish: 1473415835 136278323 start: 1473415828 194944226
t_num: 20 finish: 1473415835 522349172 start: 1473415830 684456291
t_num: 28 finish: 1473415835 789945265 start: 1473415830 64246821
t_num: 23 finish: 1473415835 789953227 start: 1473415830 684225660
t_num: 31 finish: 1473415835 856350222 start: 1473415831 125530600
t_num: 17 finish: 1473415836 179977075 start: 1473415831 596362309
t_num: 22 finish: 1473415836 180563274 start: 1473415834 910303935
t_num: 9 finish: 1473415836 683707896 start: 1473415831 704809800
t_num: 3 finish: 1473415836 683747771 start: 1473415831 494900993
t_num: 13 finish: 1473415837 554562502 start: 1473415833 406586099
t_num: 19 finish: 1473415837 555700141 start: 1473415832 814116150
t_num: 26 finish: 1473415837 911986511 start: 1473415833 585825674
t_num: 30 finish: 1473415838 345287908 start: 1473415831 125700469
t_num: 15 finish: 1473415838 546216877 start: 1473415834 598329067
t_num: 27 finish: 1473415839 55208195 start: 1473415834 267303605
t_num: 16 finish: 1473415839 335093863 start: 1473415834 597532630
t_num: 23 finish: 1473415839 615654671 start: 1473415835 790085257
t_num: 12 finish: 1473415840 133086226 start: 1473415835 647017830
t_num: 20 finish: 1473415840 611208662 start: 1473415835 522393241
t_num: 4 finish: 1473415840 832402684 start: 1473415838 18043946
t_num: 18 finish: 1473415840 934410363 start: 1473415835 908883809
t_num: 10 finish: 1473415841 523235716 start: 1473415837 319945860
t_num: 31 finish: 1473415841 633611244 start: 1473415835 856372534
t_num: 27 finish: 1473415841 772926336 start: 1473415839 55244388
t_num: 30 finish: 1473415841 909548650 start: 1473415839 108624833
t_num: 14 finish: 1473415842 220594126 start: 1473415838 513698264
t_num: 19 finish: 1473415843 264978197 start: 1473415840 133173248
t_num: 17 finish: 1473415843 599847185 start: 1473415838 969427429
t_num: 3 finish: 1473415843 717449445 start: 1473415838 585613802
t_num: 21 finish: 1473415843 717461895 start: 1473415838 279828977
t_num: 12 finish: 1473415844 9361719 start: 1473415841 523215410
t_num: 6 finish: 1473415844 282119428 start: 1473415836 493298923
t_num: 28 finish: 1473415845 65668530 start: 1473415838 331639316
t_num: 15 finish: 1473415845 65691652 start: 1473415838 546238791
t_num: 13 finish: 1473415845 389430031 start: 1473415841 385299022
t_num: 9 finish: 1473415845 611172891 start: 1473415839 312959635
t_num: 4 finish: 1473415845 791903306 start: 1473415841 633613620
t_num: 11 finish: 1473415845 791925747 start: 1473415838 508452319
t_num: 20 finish: 1473415845 792058339 start: 1473415842 668839731
t_num: 22 finish: 1473415845 908096111 start: 1473415841 523189796
t_num: 16 finish: 1473415846 213073744 start: 1473415843 355166409
t_num: 30 finish: 1473415846 401383342 start: 1473415841 909598075
t_num: 14 finish: 1473415846 401475243 start: 1473415842 795797604
t_num: 5 finish: 1473415846 608153656 start: 1473415842 916484797
t_num: 19 finish: 1473415846 964004284 start: 1473415843 265004249
t_num: 27 finish: 1473415847 75620806 start: 1473415842 795915454
t_num: 12 finish: 1473415847 243363313 start: 1473415844 9396946
t_num: 15 finish: 1473415847 374839362 start: 1473415845 65705788
t_num: 11 finish: 1473415847 907734755 start: 1473415845 792079252
t_num: 17 finish: 1473415848 27835155 start: 1473415843 599890467
t_num: 25 finish: 1473415848 28286685 start: 1473415845 18960474
t_num: 6 finish: 1473415849 95743831 start: 1473415844 282161495
t_num: 21 finish: 1473415849 445143094 start: 1473415845 611259332
t_num: 22 finish: 1473415849 533084565 start: 1473415845 908130862
t_num: 15 finish: 1473415850 821344902 start: 1473415847 374881291
t_num: 9 finish: 1473415851 222508148 start: 1473415848 28278759
t_num: 2 finish: 1473415851 283294708 start: 1473415846 178808447
t_num: 4 finish: 1473415851 873546819 start: 1473415848 173474608
t_num: 5 finish: 1473415852 46522700 start: 1473415848 28348125
t_num: 13 finish: 1473415852 273338131 start: 1473415845 389523491
t_num: 29 finish: 1473415852 663723121 start: 1473415849 470816669
t_num: 3 finish: 1473415852 663912169 start: 1473415847 907952892
t_num: 27 finish: 1473415852 935299027 start: 1473415847 75652791
t_num: 12 finish: 1473415852 947742942 start: 1473415847 243407102
t_num: 22 finish: 1473415853 394452094 start: 1473415850 657665632
t_num: 16 finish: 1473415853 394625295 start: 1473415847 393985373
t_num: 25 finish: 1473415853 422707719 start: 1473415850 273390166
t_num: 2 finish: 1473415853 516230698 start: 1473415851 283324589
t_num: 14 finish: 1473415854 538830533 start: 1473415848 612731562
t_num: 6 finish: 1473415854 627657179 start: 1473415849 95779771
t_num: 5 finish: 1473415855 116680802 start: 1473415852 46572342
t_num: 1 finish: 1473415855 336133172 start: 1473415852 538446958
t_num: 15 finish: 1473415855 857747211 start: 1473415850 821383687
t_num: 17 finish: 1473415855 858958147 start: 1473415850 821496833
t_num: 8 finish: 1473415855 859139303 start: 1473415852 558770323
t_num: 30 finish: 1473415856 60517517 start: 1473415851 8152925
t_num: 19 finish: 1473415856 112813437 start: 1473415850 46059805
t_num: 3 finish: 1473415856 155118919 start: 1473415854 548240253
t_num: 6 finish: 1473415856 808034942 start: 1473415854 627685799
t_num: 27 finish: 1473415856 808075073 start: 1473415852 935379442
t_num: 26 finish: 1473415857 695640137 start: 1473415852 665033472
t_num: 9 finish: 1473415858 142609400 start: 1473415854 165066103
t_num: 21 finish: 1473415858 143743859 start: 1473415852 537347165
t_num: 22 finish: 1473415859 93320022 start: 1473415854 548213678
t_num: 8 finish: 1473415859 93405936 start: 1473415856 807657197
t_num: 10 finish: 1473415859 122238535 start: 1473415853 697989593
t_num: 20 finish: 1473415859 911389451 start: 1473415855 860019662
t_num: 1 finish: 1473415860 567463770 start: 1473415855 336175767
t_num: 15 finish: 1473415860 770818764 start: 1473415856 643776342
t_num: 2 finish: 1473415860 771443378 start: 1473415856 111920108
t_num: 25 finish: 1473415860 772183976 start: 1473415857 524383325
t_num: 13 finish: 1473415861 656543278 start: 1473415857 601924931
t_num: 6 finish: 1473415861 657084517 start: 1473415856 808059645
t_num: 19 finish: 1473415861 791344223 start: 1473415856 112836577
t_num: 30 finish: 1473415861 792343943 start: 1473415856 60543644
t_num: 0 finish: 1473415861 894079470 start: 1473415855 49465988
t_num: 16 finish: 1473415863 326968844 start: 1473415857 695666816
t_num: 9 finish: 1473415863 557071835 start: 1473415858 522467755
t_num: 1 finish: 1473415863 908994543 start: 1473415860 567493369
t_num: 14 finish: 1473415864 842298957 start: 1473415856 986212586
t_num: 31 finish: 1473415865 15281531 start: 1473415862 394838520
t_num: 17 finish: 1473415865 124999075 start: 1473415859 93454905
t_num: 0 finish: 1473415865 205798495 start: 1473415861 894117286
t_num: 2 finish: 1473415865 534992958 start: 1473415860 771463881
t_num: 15 finish: 1473415865 684926696 start: 1473415861 55294181
t_num: 13 finish: 1473415865 685166441 start: 1473415861 656578558
t_num: 10 finish: 1473415865 741201142 start: 1473415859 122281034
t_num: 30 finish: 1473415865 741201145 start: 1473415862 401160812
t_num: 11 finish: 1473415865 833869816 start: 1473415863 319411816
t_num: 20 finish: 1473415865 939419969 start: 1473415859 911435009
t_num: 18 finish: 1473415865 953169927 start: 1473415861 241939921
t_num: 3 finish: 1473415865 963480438 start: 1473415862 139342576
t_num: 27 finish: 1473415866 58178942 start: 1473415860 565011936
t_num: 19 finish: 1473415866 768420060 start: 1473415861 791369381
t_num: 26 finish: 1473415867 70411061 start: 1473415859 991741526
t_num: 14 finish: 1473415868 56499194 start: 1473415864 842350319
t_num: 16 finish: 1473415868 698864333 start: 1473415863 327008569
t_num: 20 finish: 1473415868 809682095 start: 1473415865 939453007
t_num: 0 finish: 1473415869 148453333 start: 1473415865 205818393
t_num: 11 finish: 1473415869 148486919 start: 1473415865 833902979
t_num: 9 finish: 1473415869 148524923 start: 1473415864 644188167
t_num: 26 finish: 1473415870 162056838 start: 1473415867 70443342
t_num: 17 finish: 1473415870 303287064 start: 1473415865 125050554
t_num: 5 finish: 1473415870 929975061 start: 1473415865 666765701
t_num: 27 finish: 1473415871 333264788 start: 1473415866 58208463
t_num: 13 finish: 1473415872 267544408 start: 1473415865 685187881
t_num: 18 finish: 1473415872 267583585 start: 1473415865 953194398
t_num: 8 finish: 1473415872 688252298 start: 1473415869 5517864
t_num: 3 finish: 1473415872 938479222 start: 1473415868 353044315
t_num: 30 finish: 1473415873 229463095 start: 1473415865 741252986
t_num: 10 finish: 1473415873 604221878 start: 1473415866 478871465
t_num: 12 finish: 1473415873 622742260 start: 1473415868 65885186
t_num: 1 finish: 1473415874 287105157 start: 1473415870 302804388
t_num: 31 finish: 1473415874 481350169 start: 1473415866 904290228
t_num: 23 finish: 1473415874 564970337 start: 1473415872 453529575
t_num: 14 finish: 1473415874 592867728 start: 1473415870 302851292
t_num: 16 finish: 1473415874 634670254 start: 1473415868 698926844
t_num: 2 finish: 1473415875 360085501 start: 1473415866 246127594
t_num: 11 finish: 1473415875 650452119 start: 1473415872 267740488
t_num: 4 finish: 1473415875 650547458 start: 1473415869 512830117
t_num: 6 finish: 1473415875 684732262 start: 1473415868 66061533
t_num: 9 finish: 1473415875 963114801 start: 1473415872 268846662
t_num: 8 finish: 1473415876 383013732 start: 1473415873 460039011
t_num: 5 finish: 1473415876 999071826 start: 1473415874 664856437
t_num: 27 finish: 1473415877 244067100 start: 1473415871 333301078
t_num: 12 finish: 1473415877 864810919 start: 1473415873 622760308
t_num: 21 finish: 1473415877 897848031 start: 1473415873 554852372
t_num: 18 finish: 1473415878 41244884 start: 1473415872 267619418
t_num: 17 finish: 1473415880 68845485 start: 1473415870 303313630
t_num: 14 finish: 1473415880 85302181 start: 1473415874 592911366
t_num: 20 finish: 1473415880 122608188 start: 1473415872 267714530
t_num: 7 finish: 1473415880 123277803 start: 1473415874 456612303
t_num: 2 finish: 1473415880 124422688 start: 1473415875 360124138
t_num: 1 finish: 1473415880 218496746 start: 1473415874 287150272
t_num: 27 finish: 1473415880 463107947 start: 1473415877 974204717
t_num: 21 finish: 1473415880 528480733 start: 1473415877 897887211
t_num: 3 finish: 1473415880 528581752 start: 1473415875 122036582
t_num: 25 finish: 1473415881 22486343 start: 1473415876 829597985
t_num: 8 finish: 1473415881 180713023 start: 1473415876 383050058
t_num: 5 finish: 1473415881 378410262 start: 1473415877 747447911
t_num: 16 finish: 1473415881 782498033 start: 1473415877 897870242
t_num: 24 finish: 1473415881 820561406 start: 1473415878 714776504
t_num: 10 finish: 1473415881 820989705 start: 1473415876 459042559
t_num: 21 finish: 1473415882 34828049 start: 1473415880 528505644
t_num: 6 finish: 1473415882 240391307 start: 1473415875 684755498
t_num: 12 finish: 1473415882 240397321 start: 1473415877 864852232
t_num: 29 finish: 1473415882 335940165 start: 1473415879 136483193
t_num: 11 finish: 1473415882 949423823 start: 1473415877 36987243
t_num: 18 finish: 1473415883 213684151 start: 1473415878 41273165
t_num: 31 finish: 1473415883 354082724 start: 1473415877 202619551
t_num: 2 finish: 1473415883 691197832 start: 1473415880 488894286
t_num: 8 finish: 1473415884 349241163 start: 1473415881 180749139
t_num: 1 finish: 1473415884 665760135 start: 1473415880 218532153
t_num: 25 finish: 1473415884 682781619 start: 1473415882 156327819
t_num: 19 finish: 1473415885 377344634 start: 1473415882 870949323
t_num: 14 finish: 1473415885 581003376 start: 1473415880 621645059
t_num: 31 finish: 1473415885 733877035 start: 1473415883 354111358
t_num: 21 finish: 1473415885 971405747 start: 1473415882 34870986
t_num: 27 finish: 1473415886 1870673 start: 1473415883 599827348
t_num: 15 finish: 1473415886 300739229 start: 1473415881 19495966
t_num: 6 finish: 1473415886 423016754 start: 1473415882 240443735
t_num: 11 finish: 1473415887 461437290 start: 1473415882 949465412
t_num: 5 finish: 1473415887 462559576 start: 1473415883 92604725
t_num: 30 finish: 1473415889 3116285 start: 1473415883 599856659
t_num: 28 finish: 1473415889 3313424 start: 1473415883 599879270
t_num: 1 finish: 1473415889 242417800 start: 1473415884 665782025
t_num: 22 finish: 1473415889 275556615 start: 1473415882 876378128
t_num: 12 finish: 1473415889 275561541 start: 1473415884 116859596
t_num: 24 finish: 1473415891 581842134 start: 1473415886 608912852
t_num: 18 finish: 1473415891 684024403 start: 1473415890 181353044
t_num: 27 finish: 1473415892 22561382 start: 1473415888 185377837
t_num: 10 finish: 1473415892 208437816 start: 1473415887 461499355
t_num: 8 finish: 1473415892 448254897 start: 1473415884 349277085
t_num: 0 finish: 1473415892 852719683 start: 1473415885 970981540
t_num: 6 finish: 1473415893 75799838 start: 1473415886 423072873
t_num: 26 finish: 1473415893 75918413 start: 1473415889 995209851
t_num: 21 finish: 1473415893 76046799 start: 1473415885 971431990
t_num: 25 finish: 1473415893 76191165 start: 1473415884 682819687
t_num: 13 finish: 1473415893 177622573 start: 1473415890 757673220
t_num: 1 finish: 1473415894 295121541 start: 1473415889 807144108
t_num: 31 finish: 1473415895 8577782 start: 1473415885 733942230
t_num: 30 finish: 1473415895 423112253 start: 1473415889 3140126
t_num: 19 finish: 1473415895 423178361 start: 1473415890 343548035
t_num: 9 finish: 1473415895 423216070 start: 1473415890 911170854
t_num: 15 finish: 1473415895 785649786 start: 1473415888 404785083
t_num: 10 finish: 1473415895 843520069 start: 1473415892 852747506
t_num: 14 finish: 1473415896 16504328 start: 1473415887 863824325
t_num: 2 finish: 1473415896 577149186 start: 1473415888 239016766
t_num: 13 finish: 1473415897 120112907 start: 1473415893 177648847
t_num: 25 finish: 1473415897 675630718 start: 1473415893 76210287
t_num: 24 finish: 1473415898 719098180 start: 1473415891 581886506
t_num: 27 finish: 1473415899 125208174 start: 1473415892 22604652
t_num: 1 finish: 1473415899 449547341 start: 1473415894 295156204
t_num: 26 finish: 1473415899 619940853 start: 1473415893 75935793
t_num: 10 finish: 1473415899 853877818 start: 1473415895 843545487
t_num: 31 finish: 1473415899 892914045 start: 1473415895 8648673
t_num: 0 finish: 1473415900 891225234 start: 1473415894 833196208
t_num: 8 finish: 1473415900 891632609 start: 1473415893 975068487
t_num: 3 finish: 1473415900 891736886 start: 1473415894 34692270
t_num: 19 finish: 1473415901 130692199 start: 1473415895 423195521
t_num: 14 finish: 1473415901 130692208 start: 1473415897 511501642
t_num: 23 finish: 1473415901 675655677 start: 1473415898 719135251
t_num: 29 finish: 1473415901 830074643 start: 1473415898 103818903
t_num: 18 finish: 1473415902 7687538 start: 1473415893 760182543
t_num: 4 finish: 1473415902 196558799 start: 1473415892 716332874
t_num: 9 finish: 1473415902 445390861 start: 1473415895 423228782
t_num: 24 finish: 1473415902 705518651 start: 1473415898 719185468
t_num: 21 finish: 1473415903 38995938 start: 1473415894 833030109
t_num: 15 finish: 1473415903 40818464 start: 1473415896 995898952
t_num: 26 finish: 1473415903 630614982 start: 1473415899 620028246
t_num: 0 finish: 1473415903 742249257 start: 1473415901 761971492
t_num: 13 finish: 1473415903 752172356 start: 1473415899 619979011
t_num: 16 finish: 1473415903 788706833 start: 1473415898 719161936
t_num: 8 finish: 1473415903 847279859 start: 1473415900 891651271
t_num: 2 finish: 1473415904 75178435 start: 1473415896 577188376
t_num: 7 finish: 1473415904 130618600 start: 1473415900 62741898
t_num: 19 finish: 1473415904 131443878 start: 1473415901 130741076
t_num: 10 finish: 1473415904 172852091 start: 1473415901 987283954
t_num: 6 finish: 1473415904 922137346 start: 1473415899 391886325
t_num: 24 finish: 1473415904 979607750 start: 1473415902 705540222
t_num: 23 finish: 1473415905 39953484 start: 1473415901 675684805
t_num: 31 finish: 1473415906 609208815 start: 1473415900 891690740
t_num: 21 finish: 1473415906 609638396 start: 1473415903 39041243
t_num: 16 finish: 1473415906 609700314 start: 1473415903 788741849
t_num: 15 finish: 1473415906 651343978 start: 1473415903 616466940
t_num: 20 finish: 1473415906 933732193 start: 1473415901 642608782
t_num: 27 finish: 1473415907 917198590 start: 1473415902 405377542
t_num: 13 finish: 1473415907 917227708 start: 1473415903 752194282
t_num: 14 finish: 1473415907 917264860 start: 1473415905 643847992
t_num: 8 finish: 1473415908 47885922 start: 1473415903 847302434
t_num: 18 finish: 1473415909 40626638 start: 1473415902 7727440
t_num: 22 finish: 1473415909 362257434 start: 1473415904 462529977
t_num: 29 finish: 1473415909 738237193 start: 1473415903 166134287
t_num: 24 finish: 1473415909 807973678 start: 1473415904 979648632
t_num: 0 finish: 1473415909 827699378 start: 1473415906 292580871
t_num: 20 finish: 1473415909 828467513 start: 1473415906 933770844
t_num: 9 finish: 1473415910 968569 start: 1473415907 451374359
t_num: 12 finish: 1473415910 102097174 start: 1473415907 924043327
t_num: 23 finish: 1473415910 369251532 start: 1473415905 40002327
t_num: 2 finish: 1473415910 658677306 start: 1473415906 292787460
t_num: 17 finish: 1473415910 705924859 start: 1473415908 168727504
t_num: 28 finish: 1473415910 786209417 start: 1473415904 979625396
t_num: 13 finish: 1473415911 18481224 start: 1473415907 917273904
t_num: 16 finish: 1473415911 23025684 start: 1473415907 451416554
t_num: 15 finish: 1473415911 783486794 start: 1473415906 651373170
t_num: 27 finish: 1473415911 871937049 start: 1473415908 46787764
t_num: 5 finish: 1473415911 957610503 start: 1473415907 782883258
t_num: 20 finish: 1473415912 979569451 start: 1473415909 828483541
t_num: 1 finish: 1473415913 109702269 start: 1473415906 742334260
t_num: 9 finish: 1473415913 931996510 start: 1473415910 520564103
t_num: 31 finish: 1473415914 151096334 start: 1473415908 252078426
t_num: 21 finish: 1473415914 180609865 start: 1473415909 758682954
t_num: 13 finish: 1473415914 680766020 start: 1473415911 18523516
t_num: 6 finish: 1473415914 767104759 start: 1473415912 357951828
t_num: 24 finish: 1473415915 159006004 start: 1473415910 102075098
t_num: 30 finish: 1473415915 279275048 start: 1473415912 841192394
t_num: 8 finish: 1473415915 300325378 start: 1473415909 808064437
t_num: 11 finish: 1473415915 356049078 start: 1473415913 345681456
t_num: 2 finish: 1473415915 356636260 start: 1473415910 658719406
t_num: 29 finish: 1473415915 763187969 start: 1473415909 738280186
t_num: 15 finish: 1473415916 502256357 start: 1473415911 783543407
t_num: 12 finish: 1473415917 214657725 start: 1473415910 102119160
t_num: 22 finish: 1473415917 673751700 start: 1473415910 615417615
t_num: 17 finish: 1473415917 674359675 start: 1473415910 705947361
t_num: 5 finish: 1473415917 674363845 start: 1473415911 957630225
t_num: 25 finish: 1473415918 71864115 start: 1473415913 345598147
t_num: 29 finish: 1473415918 758955960 start: 1473415915 763225888
t_num: 10 finish: 1473415919 971648204 start: 1473415916 304946797
t_num: 30 finish: 1473415919 971653925 start: 1473415915 279329447
t_num: 9 finish: 1473415919 971649141 start: 1473415913 932029208
t_num: 24 finish: 1473415920 120574220 start: 1473415915 829974649
t_num: 28 finish: 1473415920 120661833 start: 1473415915 193712614
t_num: 6 finish: 1473415920 174450197 start: 1473415914 767138673
t_num: 27 finish: 1473415920 501931292 start: 1473415916 40066744
t_num: 7 finish: 1473415920 501975357 start: 1473415919 52666906
t_num: 8 finish: 1473415920 548762107 start: 1473415915 300360741
t_num: 15 finish: 1473415921 189480261 start: 1473415916 502319588
t_num: 31 finish: 1473415921 189673472 start: 1473415917 263056711
t_num: 12 finish: 1473415921 340696346 start: 1473415917 214697591
t_num: 2 finish: 1473415921 340720314 start: 1473415917 263195519
t_num: 25 finish: 1473415921 929611930 start: 1473415919 907566920
t_num: 17 finish: 1473415921 929702314 start: 1473415917 674409893
t_num: 30 finish: 1473415922 161547590 start: 1473415919 971703046
t_num: 5 finish: 1473415922 187980246 start: 1473415919 905173108
t_num: 3 finish: 1473415922 296691198 start: 1473415920 174554480
t_num: 9 finish: 1473415922 360789045 start: 1473415919 971686245
t_num: 20 finish: 1473415922 923032042 start: 1473415918 89795202
t_num: 13 finish: 1473415922 923613171 start: 1473415917 105693372
t_num: 22 finish: 1473415923 207273629 start: 1473415920 954961338
t_num: 16 finish: 1473415923 207284027 start: 1473415921 189531298
t_num: 27 finish: 1473415923 429598649 start: 1473415920 501977077
t_num: 31 finish: 1473415923 867206484 start: 1473415921 189693038
t_num: 7 finish: 1473415925 429945378 start: 1473415920 501991080
t_num: 18 finish: 1473415925 938073304 start: 1473415921 58919552
t_num: 17 finish: 1473415925 938375544 start: 1473415921 929717530
t_num: 6 finish: 1473415927 258026847 start: 1473415922 924665526
t_num: 31 finish: 1473415927 258046354 start: 1473415923 867251479
t_num: 10 finish: 1473415927 258059673 start: 1473415921 930001018
t_num: 15 finish: 1473415927 353818122 start: 1473415923 403874625
t_num: 5 finish: 1473415927 353879153 start: 1473415922 188048087
t_num: 14 finish: 1473415927 353909260 start: 1473415924 487673613
t_num: 2 finish: 1473415927 354113352 start: 1473415923 207448848
t_num: 4 finish: 1473415927 354170615 start: 1473415920 502107483
t_num: 25 finish: 1473415927 774053814 start: 1473415924 575949110
t_num: 13 finish: 1473415928 174609817 start: 1473415922 923681936
t_num: 3 finish: 1473415928 871447295 start: 1473415922 923569795
t_num: 8 finish: 1473415929 250156846 start: 1473415922 923359647
t_num: 20 finish: 1473415930 47950811 start: 1473415922 923063431
t_num: 28 finish: 1473415930 48228516 start: 1473415924 839646213
t_num: 17 finish: 1473415930 417241782 start: 1473415925 938395280
t_num: 16 finish: 1473415930 773715432 start: 1473415924 575860480
t_num: 4 finish: 1473415931 292008727 start: 1473415927 354187462
t_num: 9 finish: 1473415931 292452200 start: 1473415927 809900643
t_num: 31 finish: 1473415932 316112670 start: 1473415927 258083963
t_num: 25 finish: 1473415932 673745439 start: 1473415927 774109510
t_num: 18 finish: 1473415933 43936828 start: 1473415925 938125154
t_num: 20 finish: 1473415933 787024991 start: 1473415930 47977380
t_num: 7 finish: 1473415933 787056399 start: 1473415929 250187736
t_num: 13 finish: 1473415933 788018819 start: 1473415928 174650678
t_num: 6 finish: 1473415933 855268635 start: 1473415927 258074114
t_num: 1 finish: 1473415933 855268623 start: 1473415930 507752049
t_num: 26 finish: 1473415934 394089904 start: 1473415930 674076241
t_num: 28 finish: 1473415934 555807722 start: 1473415930 48248660
t_num: 15 finish: 1473415934 713791329 start: 1473415929 320182669
t_num: 4 finish: 1473415935 145054692 start: 1473415931 292067312
t_num: 0 finish: 1473415935 220631929 start: 1473415932 582674334
t_num: 7 finish: 1473415935 228001844 start: 1473415933 787071745
t_num: 14 finish: 1473415936 22360376 start: 1473415927 354073150
t_num: 5 finish: 1473415936 177146381 start: 1473415931 292090385
t_num: 9 finish: 1473415936 177772375 start: 1473415932 975062151
t_num: 20 finish: 1473415937 227373813 start: 1473415933 787051021
t_num: 25 finish: 1473415937 327426003 start: 1473415933 787032727
t_num: 19 finish: 1473415937 327979480 start: 1473415933 615997917
t_num: 11 finish: 1473415937 402550125 start: 1473415930 545933025
t_num: 23 finish: 1473415937 402693172 start: 1473415933 788072632
t_num: 24 finish: 1473415937 861195406 start: 1473415931 292077395
t_num: 16 finish: 1473415938 645947466 start: 1473415936 20585577
t_num: 3 finish: 1473415939 19961465 start: 1473415936 105139301
t_num: 28 finish: 1473415939 46851287 start: 1473415934 555839107
t_num: 13 finish: 1473415939 46893309 start: 1473415936 23915824
t_num: 4 finish: 1473415939 156925868 start: 1473415936 177111518
t_num: 1 finish: 1473415939 475271219 start: 1473415933 855462112
t_num: 14 finish: 1473415939 802384334 start: 1473415936 22389795
t_num: 6 finish: 1473415939 844888008 start: 1473415933 855311056
t_num: 26 finish: 1473415940 459244216 start: 1473415936 104979840
t_num: 7 finish: 1473415941 20942334 start: 1473415935 228028309
t_num: 5 finish: 1473415941 765211674 start: 1473415937 412739941
t_num: 15 finish: 1473415941 896123548 start: 1473415937 412714539
t_num: 25 finish: 1473415941 971135963 start: 1473415937 865103294
t_num: 31 finish: 1473415942 219906581 start: 1473415937 864173090
t_num: 9 finish: 1473415943 366624412 start: 1473415936 177792134
t_num: 13 finish: 1473415943 555595652 start: 1473415939 46908210
t_num: 19 finish: 1473415943 879570375 start: 1473415939 598372795
t_num: 24 finish: 1473415944 188817955 start: 1473415937 861234912
t_num: 21 finish: 1473415944 188959654 start: 1473415937 649599002
t_num: 28 finish: 1473415944 389074802 start: 1473415939 46873898
t_num: 26 finish: 1473415944 591466570 start: 1473415940 459275932
t_num: 3 finish: 1473415944 591545198 start: 1473415939 20025534
t_num: 17 finish: 1473415945 344473892 start: 1473415942 219885687
t_num: 20 finish: 1473415945 465513974 start: 1473415940 217282768
t_num: 23 finish: 1473415946 305629084 start: 1473415941 2332811
t_num: 3 finish: 1473415947 31240559 start: 1473415944 591560002
t_num: 15 finish: 1473415947 248462032 start: 1473415941 896151796
t_num: 9 finish: 1473415947 248665072 start: 1473415943 556574663
t_num: 27 finish: 1473415947 733890438 start: 1473415942 214980279
t_num: 24 finish: 1473415947 733904115 start: 1473415944 188844311
t_num: 25 finish: 1473415947 733941575 start: 1473415944 591498692
t_num: 29 finish: 1473415948 250596550 start: 1473415942 371841220
t_num: 8 finish: 1473415948 402216916 start: 1473415944 188820126
t_num: 14 finish: 1473415948 679224663 start: 1473415943 556604416
t_num: 28 finish: 1473415949 195989212 start: 1473415944 389118831
t_num: 1 finish: 1473415949 902085159 start: 1473415945 93870946
t_num: 20 finish: 1473415950 29951221 start: 1473415945 465562466
t_num: 21 finish: 1473415950 29969488 start: 1473415944 188979002
t_num: 17 finish: 1473415950 30012848 start: 1473415945 344511520
t_num: 19 finish: 1473415950 30942304 start: 1473415945 751394875
t_num: 23 finish: 1473415950 31463115 start: 1473415946 305682311
t_num: 15 finish: 1473415950 31532703 start: 1473415947 248494721
t_num: 12 finish: 1473415950 648101016 start: 1473415947 177985190
t_num: 25 finish: 1473415951 228297959 start: 1473415947 733955543
t_num: 31 finish: 1473415953 694766539 start: 1473415947 177955630
t_num: 26 finish: 1473415954 30130792 start: 1473415947 975321750
t_num: 13 finish: 1473415954 30145605 start: 1473415947 705108694
t_num: 9 finish: 1473415954 30313397 start: 1473415947 248684881
t_num: 28 finish: 1473415954 783307244 start: 1473415950 30565925
t_num: 24 finish: 1473415955 189182530 start: 1473415948 402248241
t_num: 20 finish: 1473415955 707438409 start: 1473415950 29990648
t_num: 1 finish: 1473415955 836817354 start: 1473415949 902113797
t_num: 19 finish: 1473415956 167018009 start: 1473415950 30963343
t_num: 2 finish: 1473415956 269664627 start: 1473415946 822639621
t_num: 31 finish: 1473415956 477591281 start: 1473415953 694801114
t_num: 11 finish: 1473415956 482650193 start: 1473415952 917756240
t_num: 25 finish: 1473415957 348113289 start: 1473415953 302880450
t_num: 22 finish: 1473415957 348144963 start: 1473415950 679621919
t_num: 30 finish: 1473415957 348882794 start: 1473415950 428069219
t_num: 21 finish: 1473415957 349076949 start: 1473415953 89062191
t_num: 17 finish: 1473415957 540086262 start: 1473415950 30149913
t_num: 12 finish: 1473415957 540213359 start: 1473415950 648150802
t_num: 10 finish: 1473415958 527979427 start: 1473415951 228177665
t_num: 20 finish: 1473415958 573901049 start: 1473415955 707472059
t_num: 18 finish: 1473415958 573981653 start: 1473415953 558689743
t_num: 28 finish: 1473415958 881363195 start: 1473415954 783337926
t_num: 31 finish: 1473415958 890205324 start: 1473415956 477633303
t_num: 0 finish: 1473415959 812195894 start: 1473415955 404874708
t_num: 9 finish: 1473415960 6851899 start: 1473415954 30332956
t_num: 19 finish: 1473415960 389845172 start: 1473415957 271436681
t_num: 22 finish: 1473415960 789834118 start: 1473415957 348163305
t_num: 10 finish: 1473415960 792711082 start: 1473415958 528026683
t_num: 17 finish: 1473415962 170360438 start: 1473415957 540115877
t_num: 20 finish: 1473415962 170490715 start: 1473415959 920094136
t_num: 2 finish: 1473415962 170556768 start: 1473415956 269708776
t_num: 21 finish: 1473415962 170655778 start: 1473415958 135062991
t_num: 6 finish: 1473415962 610355896 start: 1473415959 38170548
t_num: 27 finish: 1473415962 661923422 start: 1473415956 283621327
t_num: 25 finish: 1473415963 43742104 start: 1473415957 348146484
t_num: 24 finish: 1473415963 432886768 start: 1473415956 283600586
t_num: 4 finish: 1473415963 480748354 start: 1473415958 574014109
t_num: 1 finish: 1473415963 527959341 start: 1473415959 811870465
t_num: 21 finish: 1473415963 613469439 start: 1473415962 170673760
t_num: 28 finish: 1473415963 663886756 start: 1473415960 20468759
t_num: 30 finish: 1473415963 663924587 start: 1473415958 573881822
t_num: 20 finish: 1473415963 711430112 start: 1473415962 170510784
t_num: 22 finish: 1473415964 85613682 start: 1473415960 789862517
t_num: 14 finish: 1473415964 456695506 start: 1473415957 885261513
t_num: 19 finish: 1473415964 456853530 start: 1473415960 389894139
t_num: 17 finish: 1473415964 855986259 start: 1473415962 170404600
t_num: 21 finish: 1473415965 16096984 start: 1473415963 613491476
t_num: 0 finish: 1473415965 746405374 start: 1473415960 693650288
t_num: 23 finish: 1473415966 63791065 start: 1473415963 613601511
t_num: 1 finish: 1473415966 315012513 start: 1473415963 527980554
t_num: 7 finish: 1473415966 857028176 start: 1473415961 667745660
t_num: 28 finish: 1473415966 954963597 start: 1473415963 663907041
t_num: 13 finish: 1473415967 54911853 start: 1473415963 712667429
t_num: 6 finish: 1473415968 52401337 start: 1473415962 610421161
t_num: 16 finish: 1473415968 255558328 start: 1473415959 811843517
t_num: 21 finish: 1473415968 356027649 start: 1473415965 16136608
t_num: 31 finish: 1473415968 404841731 start: 1473415963 711195800
t_num: 9 finish: 1473415968 405010302 start: 1473415963 528059115
t_num: 23 finish: 1473415968 895024406 start: 1473415966 63836895
t_num: 2 finish: 1473415968 895034493 start: 1473415963 663548297
t_num: 22 finish: 1473415969 296607226 start: 1473415966 197218305
t_num: 4 finish: 1473415969 451368840 start: 1473415963 480774584
t_num: 5 finish: 1473415969 664567427 start: 1473415966 53353662
t_num: 24 finish: 1473415970 172692812 start: 1473415968 45577148
t_num: 27 finish: 1473415970 200874425 start: 1473415966 955031872
t_num: 7 finish: 1473415970 788922777 start: 1473415968 775509947
t_num: 16 finish: 1473415970 788944589 start: 1473415968 255600028
t_num: 13 finish: 1473415970 789026759 start: 1473415967 54933696
t_num: 29 finish: 1473415970 973470370 start: 1473415966 476663421
t_num: 1 finish: 1473415971 79186961 start: 1473415966 315056805
t_num: 20 finish: 1473415971 179166890 start: 1473415966 955010330
t_num: 8 finish: 1473415972 527951198 start: 1473415967 54907042
t_num: 5 finish: 1473415972 547301966 start: 1473415969 664602551
t_num: 2 finish: 1473415972 547420424 start: 1473415968 895088968
t_num: 15 finish: 1473415972 835103512 start: 1473415968 895069575
t_num: 30 finish: 1473415973 2952262 start: 1473415970 78235696
t_num: 7 finish: 1473415973 135441314 start: 1473415970 788968476
t_num: 21 finish: 1473415973 182181327 start: 1473415970 922956392
t_num: 22 finish: 1473415973 320028276 start: 1473415969 296636033
t_num: 31 finish: 1473415973 320372589 start: 1473415972 176481660
t_num: 19 finish: 1473415973 790394519 start: 1473415968 404890876
t_num: 5 finish: 1473415974 998854453 start: 1473415972 547329354
t_num: 6 finish: 1473415975 188595159 start: 1473415969 293719173
t_num: 9 finish: 1473415975 253719760 start: 1473415970 790738830
t_num: 24 finish: 1473415975 598249812 start: 1473415970 172732855
t_num: 15 finish: 1473415975 600207379 start: 1473415972 835140495
t_num: 1 finish: 1473415976 48389205 start: 1473415971 79232654
t_num: 4 finish: 1473415976 82593373 start: 1473415970 672563458
t_num: 16 finish: 1473415976 82621252 start: 1473415971 915946040
t_num: 22 finish: 1473415976 748450613 start: 1473415973 320070748
t_num: 20 finish: 1473415976 748553370 start: 1473415973 3026276
t_num: 18 finish: 1473415977 660474452 start: 1473415975 253520561
t_num: 13 finish: 1473415978 203480948 start: 1473415973 320055489
t_num: 31 finish: 1473415978 642797185 start: 1473415973 320392167
t_num: 9 finish: 1473415978 669393187 start: 1473415975 598185129
t_num: 19 finish: 1473415979 286968661 start: 1473415973 790459229
t_num: 5 finish: 1473415979 521532052 start: 1473415976 738752766
t_num: 21 finish: 1473415979 521619897 start: 1473415975 188610883
t_num: 25 finish: 1473415979 521630411 start: 1473415976 48451197
t_num: 0 finish: 1473415979 522344781 start: 1473415977 125259307
t_num: 20 finish: 1473415979 548579148 start: 1473415976 748570399
t_num: 2 finish: 1473415979 548733561 start: 1473415975 188729722
t_num: 10 finish: 1473415979 548894760 start: 1473415977 247472427
t_num: 6 finish: 1473415979 549274342 start: 1473415975 188619716
t_num: 13 finish: 1473415980 245738743 start: 1473415978 203509005
t_num: 15 finish: 1473415980 636508582 start: 1473415977 200215655
t_num: 26 finish: 1473415981 202801290 start: 1473415978 203530049
t_num: 4 finish: 1473415981 259861302 start: 1473415977 247446898
t_num: 1 finish: 1473415981 762319537 start: 1473415976 48436074
t_num: 22 finish: 1473415981 762369531 start: 1473415976 748499083
t_num: 12 finish: 1473415982 53414527 start: 1473415979 549387542
t_num: 21 finish: 1473415982 862975227 start: 1473415979 521638851
t_num: 31 finish: 1473415982 863346082 start: 1473415978 642842237
t_num: 5 finish: 1473415983 62813750 start: 1473415979 521578160
t_num: 7 finish: 1473415983 535954950 start: 1473415979 521767929
t_num: 9 finish: 1473415983 634960174 start: 1473415978 669427131
t_num: 1 finish: 1473415984 129430820 start: 1473415981 762410970
t_num: 2 finish: 1473415984 131151156 start: 1473415979 548753399
t_num: 26 finish: 1473415984 246111158 start: 1473415981 202837841
t_num: 11 finish: 1473415984 773985613 start: 1473415980 89944097
t_num: 17 finish: 1473415984 874574031 start: 1473415983 403253892
t_num: 13 finish: 1473415984 965718951 start: 1473415982 970141213
t_num: 31 finish: 1473415984 973813615 start: 1473415982 863366011
t_num: 19 finish: 1473415985 39287832 start: 1473415983 495037392
t_num: 28 finish: 1473415985 41775918 start: 1473415981 763494417
t_num: 12 finish: 1473415985 601025917 start: 1473415983 634939268
t_num: 6 finish: 1473415985 623169301 start: 1473415980 631000894
t_num: 22 finish: 1473415985 623752146 start: 1473415983 375588072
t_num: 21 finish: 1473415986 704563469 start: 1473415984 229858649
t_num: 27 finish: 1473415987 672097409 start: 1473415984 246166515
t_num: 7 finish: 1473415987 672678524 start: 1473415983 535988068
t_num: 4 finish: 1473415987 704930336 start: 1473415985 618790696
t_num: 1 finish: 1473415987 965127295 start: 1473415984 129474984
t_num: 13 finish: 1473415988 556616167 start: 1473415984 965749871
t_num: 0 finish: 1473415988 815635115 start: 1473415984 130355014
t_num: 31 finish: 1473415988 815678186 start: 1473415985 599757156
t_num: 24 finish: 1473415989 446527351 start: 1473415984 130266617
t_num: 30 finish: 1473415989 561854928 start: 1473415987 201968384
t_num: 22 finish: 1473415989 588280687 start: 1473415986 859549433
t_num: 28 finish: 1473415990 112725877 start: 1473415986 859568273
t_num: 26 finish: 1473415990 149228455 start: 1473415985 727298908
t_num: 20 finish: 1473415990 474589964 start: 1473415981 762347939
t_num: 11 finish: 1473415991 489774302 start: 1473415986 814294975
t_num: 17 finish: 1473415991 490989324 start: 1473415984 874602294
t_num: 6 finish: 1473415991 801759016 start: 1473415987 832265015
t_num: 1 finish: 1473415992 199214249 start: 1473415987 965170356
t_num: 20 finish: 1473415992 273313470 start: 1473415990 474633689
t_num: 28 finish: 1473415992 577448545 start: 1473415990 112754300
t_num: 12 finish: 1473415992 941360983 start: 1473415986 141229666
t_num: 26 finish: 1473415992 963487397 start: 1473415990 149246216
t_num: 31 finish: 1473415993 296582202 start: 1473415988 815696983
t_num: 22 finish: 1473415993 834764292 start: 1473415989 588316665
t_num: 13 finish: 1473415994 167111228 start: 1473415988 556661792
t_num: 14 finish: 1473415994 314661066 start: 1473415986 804990344
t_num: 7 finish: 1473415994 937588038 start: 1473415990 818022699
t_num: 30 finish: 1473415995 30112504 start: 1473415990 814189996
t_num: 6 finish: 1473415995 731997907 start: 1473415991 801787750
t_num: 8 finish: 1473415995 732077273 start: 1473415991 75008406
t_num: 17 finish: 1473415995 732829963 start: 1473415991 491010065
t_num: 29 finish: 1473415995 732938443 start: 1473415990 813211585
t_num: 12 finish: 1473415995 733054397 start: 1473415992 941404881
t_num: 11 finish: 1473415996 949660976 start: 1473415993 416445813
t_num: 9 finish: 1473415996 996704922 start: 1473415994 530383588
t_num: 20 finish: 1473415997 410624383 start: 1473415992 273344294
t_num: 2 finish: 1473415997 498081097 start: 1473415994 314334207
t_num: 4 finish: 1473415998 156817685 start: 1473415992 994383061
t_num: 1 finish: 1473415998 214663919 start: 1473415993 88076273
t_num: 26 finish: 1473415998 214711736 start: 1473415994 235803549
t_num: 30 finish: 1473415998 214739394 start: 1473415995 30145592
t_num: 28 finish: 1473415998 214814398 start: 1473415994 314121187
t_num: 29 finish: 1473415998 479027994 start: 1473415995 732958289
t_num: 17 finish: 1473415999 768448747 start: 1473415995 732850426
t_num: 5 finish: 1473415999 890007368 start: 1473415993 835603087
t_num: 25 finish: 1473415999 890107450 start: 1473415997 113676004
t_num: 0 finish: 1473416000 145789193 start: 1473415996 949644437
t_num: 22 finish: 1473416001 103980574 start: 1473415996 436122212
t_num: 16 finish: 1473416001 104539701 start: 1473415996 791747358
t_num: 8 finish: 1473416001 104606573 start: 1473415995 732096154
t_num: 7 finish: 1473416001 702467557 start: 1473415998 214516239
t_num: 12 finish: 1473416001 822413166 start: 1473415996 949711817
t_num: 1 finish: 1473416002 186723864 start: 1473415998 214702823
t_num: 6 finish: 1473416002 204846518 start: 1473415999 199735626
t_num: 14 finish: 1473416002 490327402 start: 1473415997 498364048
t_num: 2 finish: 1473416002 760846738 start: 1473415997 498124359
t_num: 23 finish: 1473416003 898541654 start: 1473415997 498428931
t_num: 25 finish: 1473416004 2226138 start: 1473416001 51200616
t_num: 28 finish: 1473416004 345875683 start: 1473416001 242167256
t_num: 11 finish: 1473416004 772907814 start: 1473415996 949789212
t_num: 4 finish: 1473416005 87902011 start: 1473415999 390284529
t_num: 31 finish: 1473416005 145787601 start: 1473415999 418576952
t_num: 26 finish: 1473416005 605122058 start: 1473415998 214748004
t_num: 5 finish: 1473416005 769834184 start: 1473415999 890087772
t_num: 2 finish: 1473416007 173243115 start: 1473416002 760886654
t_num: 1 finish: 1473416007 364766162 start: 1473416002 186812155
t_num: 27 finish: 1473416007 364865783 start: 1473416003 329728667
t_num: 16 finish: 1473416007 364902431 start: 1473416002 490330817
t_num: 29 finish: 1473416007 365195793 start: 1473416003 435737269
t_num: 19 finish: 1473416007 365400913 start: 1473416001 136055000
t_num: 12 finish: 1473416007 365842226 start: 1473416002 462098928
t_num: 25 finish: 1473416008 782536953 start: 1473416004 2247971
t_num: 6 finish: 1473416008 890543558 start: 1473416002 204866993
t_num: 4 finish: 1473416009 716335869 start: 1473416005 87929447
t_num: 30 finish: 1473416009 716393665 start: 1473415999 458870681
t_num: 7 finish: 1473416010 273771581 start: 1473416005 690520136
t_num: 29 finish: 1473416011 223474070 start: 1473416007 365214934
t_num: 12 finish: 1473416011 419576725 start: 1473416007 365862099
t_num: 28 finish: 1473416011 420433914 start: 1473416004 345919560
t_num: 11 finish: 1473416011 779641063 start: 1473416007 365392992
t_num: 31 finish: 1473416011 872594727 start: 1473416007 172695407
t_num: 23 finish: 1473416011 872672775 start: 1473416005 690536268
t_num: 3 finish: 1473416012 128473399 start: 1473416007 599784335
t_num: 8 finish: 1473416012 666522480 start: 1473416002 766183894
t_num: 27 finish: 1473416013 136116988 start: 1473416008 891486467
t_num: 2 finish: 1473416013 389663802 start: 1473416007 173273177
t_num: 21 finish: 1473416013 770617190 start: 1473416006 531797352
t_num: 30 finish: 1473416013 985950902 start: 1473416009 716411449
t_num: 11 finish: 1473416014 190113226 start: 1473416011 779667794
t_num: 25 finish: 1473416014 349368744 start: 1473416008 782568613
t_num: 1 finish: 1473416014 350136603 start: 1473416010 399088081
t_num: 19 finish: 1473416015 254554793 start: 1473416009 716292122
t_num: 5 finish: 1473416015 257395452 start: 1473416008 674107056
t_num: 6 finish: 1473416015 301326701 start: 1473416011 72048924
t_num: 23 finish: 1473416015 947105815 start: 1473416012 905126484
t_num: 27 finish: 1473416016 442962541 start: 1473416013 136169080
t_num: 28 finish: 1473416016 466957977 start: 1473416011 420474569
t_num: 29 finish: 1473416017 440221971 start: 1473416012 896536310
t_num: 0 finish: 1473416017 444343814 start: 1473416013 82474090
t_num: 31 finish: 1473416017 457314216 start: 1473416011 872623800
t_num: 25 finish: 1473416018 701876265 start: 1473416014 349412303
t_num: 13 finish: 1473416019 75656569 start: 1473416011 779477636
t_num: 27 finish: 1473416019 557880251 start: 1473416016 443011166
t_num: 23 finish: 1473416020 291101040 start: 1473416016 977394447
t_num: 18 finish: 1473416020 727764439 start: 1473416012 904109566
t_num: 5 finish: 1473416020 727895733 start: 1473416015 257418883
t_num: 22 finish: 1473416020 728245875 start: 1473416017 441635615
t_num: 11 finish: 1473416020 728254415 start: 1473416017 441237381
t_num: 3 finish: 1473416020 728288007 start: 1473416013 999664060
t_num: 8 finish: 1473416020 775710224 start: 1473416013 999623101
t_num: 6 finish: 1473416021 354955508 start: 1473416015 301348197
t_num: 20 finish: 1473416021 462487242 start: 1473416016 976073799
t_num: 19 finish: 1473416021 549988231 start: 1473416015 254597077
t_num: 29 finish: 1473416021 601683866 start: 1473416017 440252327
t_num: 1 finish: 1473416021 656803985 start: 1473416016 280315380
t_num: 30 finish: 1473416021 673716091 start: 1473416013 985984689
t_num: 31 finish: 1473416021 992439366 start: 1473416017 935455731
t_num: 2 finish: 1473416022 403927583 start: 1473416016 279442982
t_num: 22 finish: 1473416023 587845925 start: 1473416020 728265403
t_num: 8 finish: 1473416023 588109137 start: 1473416020 775747210
t_num: 13 finish: 1473416023 690078721 start: 1473416019 75701154
t_num: 14 finish: 1473416023 690134794 start: 1473416020 38382637
t_num: 18 finish: 1473416023 690163030 start: 1473416020 727854040
t_num: 21 finish: 1473416023 690253801 start: 1473416017 931681721
t_num: 27 finish: 1473416024 146082431 start: 1473416021 83150693
t_num: 6 finish: 1473416025 42497813 start: 1473416022 330702890
t_num: 19 finish: 1473416025 44384408 start: 1473416021 550019878
t_num: 25 finish: 1473416025 223261533 start: 1473416022 129245049
t_num: 0 finish: 1473416025 403173847 start: 1473416020 845409016
t_num: 11 finish: 1473416025 647927417 start: 1473416020 728270861
t_num: 5 finish: 1473416026 334151703 start: 1473416020 727922071
t_num: 24 finish: 1473416026 720494969 start: 1473416021 313287418
t_num: 2 finish: 1473416027 240457748 start: 1473416023 587398972
t_num: 8 finish: 1473416027 718655434 start: 1473416023 588128296
t_num: 31 finish: 1473416027 742183418 start: 1473416021 992481941
t_num: 29 finish: 1473416028 282570909 start: 1473416021 601712029
t_num: 22 finish: 1473416028 282573347 start: 1473416025 44196375
t_num: 27 finish: 1473416028 336439775 start: 1473416024 146125391
t_num: 7 finish: 1473416028 480679790 start: 1473416022 316481242
t_num: 3 finish: 1473416028 806665667 start: 1473416026 90550329
t_num: 26 finish: 1473416028 806680765 start: 1473416024 28816022
t_num: 25 finish: 1473416029 116159103 start: 1473416025 223303641
t_num: 18 finish: 1473416029 285273190 start: 1473416023 690189191
t_num: 12 finish: 1473416030 135114905 start: 1473416026 334197618
t_num: 6 finish: 1473416030 346316403 start: 1473416025 42535283
t_num: 16 finish: 1473416030 611902710 start: 1473416023 587978495
t_num: 0 finish: 1473416031 238640416 start: 1473416025 403220368
t_num: 29 finish: 1473416032 180029565 start: 1473416028 282604306
t_num: 22 finish: 1473416032 636995556 start: 1473416028 282637157
t_num: 24 finish: 1473416032 638154396 start: 1473416027 545173046
t_num: 14 finish: 1473416032 639224806 start: 1473416026 90598399
t_num: 19 finish: 1473416032 663897388 start: 1473416025 44403911
t_num: 8 finish: 1473416032 697630732 start: 1473416027 718681508
t_num: 5 finish: 1473416033 146400153 start: 1473416030 396142150
t_num: 18 finish: 1473416033 266845281 start: 1473416029 285303021
t_num: 4 finish: 1473416033 275605276 start: 1473416028 50272690
t_num: 16 finish: 1473416033 582194662 start: 1473416030 611938641
t_num: 9 finish: 1473416033 966416147 start: 1473416028 200082141
t_num: 2 finish: 1473416034 677203843 start: 1473416030 134979157
t_num: 12 finish: 1473416034 763308721 start: 1473416030 135142478
t_num: 25 finish: 1473416034 798614055 start: 1473416030 134864293
t_num: 6 finish: 1473416035 162600283 start: 1473416031 406566567
t_num: 8 finish: 1473416035 435849341 start: 1473416032 697647264
t_num: 13 finish: 1473416035 454539203 start: 1473416031 544733856
t_num: 14 finish: 1473416035 493464989 start: 1473416032 639248459
t_num: 7 finish: 1473416035 571453070 start: 1473416031 406613431
t_num: 15 finish: 1473416035 592750848 start: 1473416031 507240062
t_num: 27 finish: 1473416036 382869760 start: 1473416033 266877463
t_num: 10 finish: 1473416036 666169186 start: 1473416032 962711658
t_num: 0 finish: 1473416036 729441386 start: 1473416033 228127892
t_num: 4 finish: 1473416037 731560253 start: 1473416033 275622241
t_num: 22 finish: 1473416037 786487175 start: 1473416032 637040893
t_num: 3 finish: 1473416038 90276675 start: 1473416033 267266723
t_num: 5 finish: 1473416038 267496563 start: 1473416034 677233662
t_num: 6 finish: 1473416038 268455980 start: 1473416036 24611771
t_num: 9 finish: 1473416038 637553616 start: 1473416033 966446655
t_num: 10 finish: 1473416038 700524847 start: 1473416036 666197402
t_num: 16 finish: 1473416039 100151245 start: 1473416033 582237359
t_num: 19 finish: 1473416039 233310312 start: 1473416034 678193472
t_num: 17 finish: 1473416039 233401688 start: 1473416033 147207579
t_num: 12 finish: 1473416040 400145935 start: 1473416035 549798612
t_num: 20 finish: 1473416040 405103540 start: 1473416036 570710234
t_num: 8 finish: 1473416040 634776571 start: 1473416037 787628679
t_num: 5 finish: 1473416040 732558949 start: 1473416038 267550472
t_num: 14 finish: 1473416040 732657458 start: 1473416035 493489081
t_num: 7 finish: 1473416041 456483986 start: 1473416036 665375173
t_num: 25 finish: 1473416041 457449941 start: 1473416038 331685716
t_num: 9 finish: 1473416041 457486862 start: 1473416038 637586487
t_num: 18 finish: 1473416041 657255473 start: 1473416033 266915692
t_num: 27 finish: 1473416042 89167049 start: 1473416036 382915679
t_num: 2 finish: 1473416042 89166754 start: 1473416035 456848973
t_num: 4 finish: 1473416042 642686411 start: 1473416040 397357289
t_num: 0 finish: 1473416043 855763446 start: 1473416036 729480717
t_num: 25 finish: 1473416044 117184509 start: 1473416041 457493251
t_num: 14 finish: 1473416044 118852315 start: 1473416040 732676686
t_num: 16 finish: 1473416044 174272087 start: 1473416039 100195141
t_num: 3 finish: 1473416044 554627776 start: 1473416039 233548510
t_num: 22 finish: 1473416044 555487688 start: 1473416041 156981258
t_num: 15 finish: 1473416044 900816255 start: 1473416042 7095439
t_num: 31 finish: 1473416045 35336232 start: 1473416039 356785408
t_num: 20 finish: 1473416045 242310688 start: 1473416043 339982490
t_num: 17 finish: 1473416045 840474711 start: 1473416043 681155853
t_num: 5 finish: 1473416045 941834809 start: 1473416040 732603736
t_num: 0 finish: 1473416046 467096982 start: 1473416043 855816024
t_num: 18 finish: 1473416047 13098851 start: 1473416041 657290254
t_num: 19 finish: 1473416047 13339013 start: 1473416039 233356833
t_num: 10 finish: 1473416047 13778983 start: 1473416042 263299324
t_num: 9 finish: 1473416047 13792759 start: 1473416042 263282008
t_num: 12 finish: 1473416047 15091790 start: 1473416042 139193987
t_num: 30 finish: 1473416047 15109920 start: 1473416042 598906100
t_num: 7 finish: 1473416047 15326695 start: 1473416042 91409762
t_num: 2 finish: 1473416048 8670810 start: 1473416042 89232381
t_num: 1 finish: 1473416048 8746837 start: 1473416043 596610724
t_num: 17 finish: 1473416048 44733731 start: 1473416045 840517797
t_num: 3 finish: 1473416048 45061828 start: 1473416044 554672076
t_num: 9 finish: 1473416048 249430143 start: 1473416047 13843820
t_num: 24 finish: 1473416048 379807238 start: 1473416046 350879011
t_num: 16 finish: 1473416048 618047572 start: 1473416046 270698978
t_num: 4 finish: 1473416048 790272955 start: 1473416045 40376932
t_num: 14 finish: 1473416048 861056058 start: 1473416044 118888517
t_num: 25 finish: 1473416049 927319870 start: 1473416045 163957627
t_num: 30 finish: 1473416050 472732394 start: 1473416047 15125401
t_num: 9 finish: 1473416050 740730130 start: 1473416048 249474573
t_num: 3 finish: 1473416050 740985559 start: 1473416048 45082260
t_num: 18 finish: 1473416050 741120550 start: 1473416047 577937944
t_num: 22 finish: 1473416050 741299381 start: 1473416047 780861099
t_num: 0 finish: 1473416051 158206598 start: 1473416046 467130249
t_num: 10 finish: 1473416051 216095628 start: 1473416047 13813911
t_num: 2 finish: 1473416052 250547183 start: 1473416048 8714370
t_num: 5 finish: 1473416052 995881956 start: 1473416051 404330696
t_num: 12 finish: 1473416053 57362316 start: 1473416047 15111799
t_num: 2 finish: 1473416053 57934862 start: 1473416052 409308175
t_num: 21 finish: 1473416053 573560203 start: 1473416050 685679980
t_num: 25 finish: 1473416053 958287709 start: 1473416050 474004712
t_num: 24 finish: 1473416053 958522548 start: 1473416048 379848926
t_num: 7 finish: 1473416053 958535538 start: 1473416050 473343297
t_num: 3 finish: 1473416054 166907698 start: 1473416050 741005405
t_num: 20 finish: 1473416054 422486610 start: 1473416048 991301388
t_num: 4 finish: 1473416054 422486721 start: 1473416048 790307274
t_num: 0 finish: 1473416054 526559293 start: 1473416052 151000771
t_num: 18 finish: 1473416054 527037639 start: 1473416052 151082273
t_num: 31 finish: 1473416054 829173450 start: 1473416052 64004891
t_num: 22 finish: 1473416055 387098384 start: 1473416050 741317488
t_num: 17 finish: 1473416055 419351785 start: 1473416053 57135760
t_num: 3 finish: 1473416057 88888601 start: 1473416054 166948524
t_num: 24 finish: 1473416057 88935706 start: 1473416053 958540452
t_num: 9 finish: 1473416057 158722238 start: 1473416050 740752305
t_num: 21 finish: 1473416057 158939299 start: 1473416053 573600300
t_num: 12 finish: 1473416057 158979963 start: 1473416053 958515592
t_num: 7 finish: 1473416057 158984950 start: 1473416053 958548659
t_num: 10 finish: 1473416057 159223261 start: 1473416054 422562007
t_num: 18 finish: 1473416057 160004396 start: 1473416054 527057378
t_num: 5 finish: 1473416057 817577158 start: 1473416052 995929135
t_num: 8 finish: 1473416058 291180369 start: 1473416053 958112756
t_num: 25 finish: 1473416058 562066532 start: 1473416053 958317452
t_num: 13 finish: 1473416059 562402247 start: 1473416056 741036637
t_num: 3 finish: 1473416059 924205812 start: 1473416057 88916691
t_num: 23 finish: 1473416060 683725380 start: 1473416053 57084766
t_num: 27 finish: 1473416060 684859312 start: 1473416056 396271760
t_num: 21 finish: 1473416061 460487833 start: 1473416057 158959360
t_num: 20 finish: 1473416061 460493426 start: 1473416058 808422072
t_num: 11 finish: 1473416061 578215769 start: 1473416057 159891001
t_num: 17 finish: 1473416061 620666903 start: 1473416058 808448032
t_num: 31 finish: 1473416061 620720954 start: 1473416057 159324679
t_num: 13 finish: 1473416062 185097122 start: 1473416059 562448817
t_num: 4 finish: 1473416062 237603698 start: 1473416057 159946791
t_num: 18 finish: 1473416062 238313533 start: 1473416057 160023478
t_num: 8 finish: 1473416063 286204582 start: 1473416059 405129752
t_num: 30 finish: 1473416063 492582532 start: 1473416059 405106328
t_num: 17 finish: 1473416063 627640781 start: 1473416061 620699508
t_num: 23 finish: 1473416063 627650740 start: 1473416060 683768140
t_num: 12 finish: 1473416064 80484091 start: 1473416060 276013469
t_num: 27 finish: 1473416064 299046390 start: 1473416060 684891113
t_num: 3 finish: 1473416064 299101318 start: 1473416059 924249119
t_num: 9 finish: 1473416064 708902415 start: 1473416057 158751054
t_num: 10 finish: 1473416064 938262394 start: 1473416060 798442043
t_num: 15 finish: 1473416065 853742101 start: 1473416063 495448395
t_num: 17 finish: 1473416065 923602484 start: 1473416063 627742726
t_num: 18 finish: 1473416066 536767918 start: 1473416062 238335326
t_num: 8 finish: 1473416066 777824263 start: 1473416063 286239368
t_num: 14 finish: 1473416067 295927074 start: 1473416062 545879983
t_num: 13 finish: 1473416068 15535905 start: 1473416062 185131257
t_num: 20 finish: 1473416068 234657057 start: 1473416061 460555111
t_num: 25 finish: 1473416068 990468238 start: 1473416065 539412848
t_num: 30 finish: 1473416069 291249648 start: 1473416063 492628011
t_num: 17 finish: 1473416069 363771300 start: 1473416065 923643775
t_num: 31 finish: 1473416069 832712328 start: 1473416066 506553432
t_num: 3 finish: 1473416070 225497632 start: 1473416064 299120122
t_num: 15 finish: 1473416070 622514319 start: 1473416069 188692007
t_num: 7 finish: 1473416070 838376708 start: 1473416063 494530129
t_num: 26 finish: 1473416071 133935553 start: 1473416068 172746218
t_num: 9 finish: 1473416071 133935567 start: 1473416064 708945367
t_num: 8 finish: 1473416071 831485668 start: 1473416068 843078416
t_num: 23 finish: 1473416072 249307678 start: 1473416065 923767771
t_num: 5 finish: 1473416072 565280547 start: 1473416066 600001794
t_num: 4 finish: 1473416072 574371798 start: 1473416068 395075900
t_num: 14 finish: 1473416072 574374800 start: 1473416068 310880062
t_num: 10 finish: 1473416072 705415187 start: 1473416066 803700116
t_num: 18 finish: 1473416072 734088091 start: 1473416066 536807338
t_num: 29 finish: 1473416073 683140880 start: 1473416070 289984110
t_num: 3 finish: 1473416073 739891197 start: 1473416071 828538585
t_num: 26 finish: 1473416073 740114278 start: 1473416071 133987162
t_num: 20 finish: 1473416073 870740927 start: 1473416069 87363816
t_num: 2 finish: 1473416073 993125720 start: 1473416068 843664644
t_num: 1 finish: 1473416075 224457601 start: 1473416072 571509590
t_num: 7 finish: 1473416075 225070716 start: 1473416070 838421829
t_num: 15 finish: 1473416075 225229915 start: 1473416070 622556920
t_num: 13 finish: 1473416075 392477597 start: 1473416068 15562927
t_num: 30 finish: 1473416076 826976416 start: 1473416072 317002992
t_num: 5 finish: 1473416076 827032408 start: 1473416072 706586101
t_num: 26 finish: 1473416076 827099635 start: 1473416073 740133295
t_num: 0 finish: 1473416077 65947186 start: 1473416069 613234109
t_num: 8 finish: 1473416077 814156451 start: 1473416071 831510335
t_num: 14 finish: 1473416078 453373795 start: 1473416073 740080535
t_num: 9 finish: 1473416078 453944664 start: 1473416072 574464678
t_num: 18 finish: 1473416078 454105717 start: 1473416075 436044088
t_num: 4 finish: 1473416078 454111949 start: 1473416075 846325777
t_num: 29 finish: 1473416079 263102763 start: 1473416073 683165452
t_num: 3 finish: 1473416079 263104776 start: 1473416073 739927854
t_num: 6 finish: 1473416079 889362254 start: 1473416075 225864379
t_num: 1 finish: 1473416079 920410522 start: 1473416075 224503221
t_num: 26 finish: 1473416079 920428416 start: 1473416076 827131370
t_num: 15 finish: 1473416080 158876191 start: 1473416077 784036620
t_num: 13 finish: 1473416080 867716224 start: 1473416077 108617965
t_num: 0 finish: 1473416081 277383710 start: 1473416077 66016266
t_num: 2 finish: 1473416081 438948667 start: 1473416075 224757978
t_num: 7 finish: 1473416081 439237775 start: 1473416075 225090821
t_num: 20 finish: 1473416082 219022104 start: 1473416076 778690659
t_num: 22 finish: 1473416082 314742531 start: 1473416076 269462412
t_num: 19 finish: 1473416083 62355899 start: 1473416076 778659843
t_num: 5 finish: 1473416083 62590760 start: 1473416079 123104827
t_num: 3 finish: 1473416083 62947280 start: 1473416079 263174815
t_num: 9 finish: 1473416083 338407576 start: 1473416078 453965386
t_num: 30 finish: 1473416083 731675049 start: 1473416079 435398411
t_num: 8 finish: 1473416083 897394134 start: 1473416079 625509848
t_num: 4 finish: 1473416084 820799726 start: 1473416078 454130478
t_num: 21 finish: 1473416084 915298978 start: 1473416083 62895891
t_num: 15 finish: 1473416084 915386786 start: 1473416080 158917011
t_num: 6 finish: 1473416085 6672946 start: 1473416079 889420081
t_num: 13 finish: 1473416085 19826998 start: 1473416080 867741668
t_num: 24 finish: 1473416085 79550121 start: 1473416082 348361981
t_num: 26 finish: 1473416086 36309993 start: 1473416080 867862511
t_num: 7 finish: 1473416086 146149280 start: 1473416081 439257406
t_num: 0 finish: 1473416086 146311332 start: 1473416081 277430970
t_num: 2 finish: 1473416086 623041215 start: 1473416083 338683823
t_num: 5 finish: 1473416087 284792056 start: 1473416083 987994659
t_num: 21 finish: 1473416087 434338393 start: 1473416084 915339101
t_num: 24 finish: 1473416088 69186918 start: 1473416085 79570761
t_num: 30 finish: 1473416088 69273931 start: 1473416083 731719430
t_num: 19 finish: 1473416088 69332015 start: 1473416083 62386889
t_num: 13 finish: 1473416088 69470207 start: 1473416085 19866656
t_num: 14 finish: 1473416088 581306217 start: 1473416080 867716801
t_num: 1 finish: 1473416088 591180065 start: 1473416082 826451480
t_num: 15 finish: 1473416088 591251036 start: 1473416084 915405270
t_num: 22 finish: 1473416088 591412628 start: 1473416083 896385715
t_num: 4 finish: 1473416089 353329337 start: 1473416084 820893825
t_num: 20 finish: 1473416089 353337523 start: 1473416086 36363699
t_num: 16 finish: 1473416090 143685473 start: 1473416084 961884767
t_num: 9 finish: 1473416090 486163630 start: 1473416087 939390205
t_num: 23 finish: 1473416090 641640658 start: 1473416087 709585212
t_num: 25 finish: 1473416090 904340771 start: 1473416086 146268000
t_num: 1 finish: 1473416090 979013127 start: 1473416088 591243593
t_num: 30 finish: 1473416091 189924938 start: 1473416088 69293026
t_num: 3 finish: 1473416091 517235678 start: 1473416088 69124344
t_num: 2 finish: 1473416092 96589627 start: 1473416087 938873692
t_num: 0 finish: 1473416092 209814397 start: 1473416089 114499717
t_num: 7 finish: 1473416092 613882092 start: 1473416089 372452372
t_num: 5 finish: 1473416092 613882092 start: 1473416090 142251287
t_num: 19 finish: 1473416092 614137196 start: 1473416088 69351152
t_num: 20 finish: 1473416092 999082130 start: 1473416089 353447525
t_num: 28 finish: 1473416093 130512006 start: 1473416088 591202658
t_num: 22 finish: 1473416093 315496600 start: 1473416088 591430294
t_num: 11 finish: 1473416093 677025923 start: 1473416087 938562576
t_num: 9 finish: 1473416094 243108740 start: 1473416090 486206688
t_num: 2 finish: 1473416094 362371251 start: 1473416092 96632632
t_num: 25 finish: 1473416094 362416118 start: 1473416090 904374101
t_num: 5 finish: 1473416094 550211988 start: 1473416092 613968131
t_num: 13 finish: 1473416094 550248505 start: 1473416089 372416169
t_num: 17 finish: 1473416094 550576336 start: 1473416088 665150425
t_num: 30 finish: 1473416095 513843426 start: 1473416092 209831367
t_num: 31 finish: 1473416095 953675140 start: 1473416093 813562349
t_num: 30 finish: 1473416096 42875135 start: 1473416095 513894153
t_num: 10 finish: 1473416096 175086980 start: 1473416092 484413458
t_num: 24 finish: 1473416096 541783500 start: 1473416093 699270847
t_num: 28 finish: 1473416096 808569231 start: 1473416093 130546786
t_num: 17 finish: 1473416097 76016231 start: 1473416094 550595550
t_num: 22 finish: 1473416097 771049789 start: 1473416093 315541960
t_num: 11 finish: 1473416098 746305 start: 1473416093 677056098
t_num: 9 finish: 1473416098 28073746 start: 1473416094 243138619
t_num: 15 finish: 1473416098 28073711 start: 1473416094 171645868
t_num: 31 finish: 1473416098 243155485 start: 1473416095 953703504
t_num: 2 finish: 1473416099 234904828 start: 1473416095 205424878
t_num: 25 finish: 1473416099 310880947 start: 1473416095 615488800
t_num: 14 finish: 1473416099 668740500 start: 1473416095 647902532
t_num: 28 finish: 1473416099 668781974 start: 1473416096 808609553
t_num: 19 finish: 1473416099 980997217 start: 1473416095 942116849
t_num: 13 finish: 1473416100 223621571 start: 1473416095 955817208
t_num: 23 finish: 1473416100 882693530 start: 1473416096 761986735
t_num: 27 finish: 1473416101 72266663 start: 1473416095 644697472
t_num: 28 finish: 1473416101 708935909 start: 1473416099 668796172
t_num: 20 finish: 1473416101 838614264 start: 1473416097 895378006
t_num: 30 finish: 1473416101 838824985 start: 1473416098 745758
t_num: 5 finish: 1473416101 851084564 start: 1473416097 999615831
t_num: 1 finish: 1473416102 251311520 start: 1473416100 482413158
t_num: 24 finish: 1473416102 939066659 start: 1473416098 27096549
t_num: 14 finish: 1473416103 41352166 start: 1473416099 668782548
t_num: 21 finish: 1473416103 41519420 start: 1473416099 120470370
t_num: 31 finish: 1473416103 41705783 start: 1473416098 243184340
t_num: 9 finish: 1473416103 72484918 start: 1473416098 28096768
t_num: 17 finish: 1473416104 190809420 start: 1473416097 76054859
t_num: 22 finish: 1473416104 191161271 start: 1473416099 983752263
t_num: 25 finish: 1473416104 254960607 start: 1473416100 115595498
t_num: 27 finish: 1473416104 254995687 start: 1473416101 72298507
t_num: 1 finish: 1473416104 329864855 start: 1473416102 251350449
t_num: 31 finish: 1473416104 812552372 start: 1473416103 41723573
t_num: 12 finish: 1473416104 972070203 start: 1473416102 618317418
t_num: 2 finish: 1473416105 887804694 start: 1473416100 698329651
t_num: 8 finish: 1473416105 888217370 start: 1473416100 152080466
t_num: 5 finish: 1473416105 892212366 start: 1473416103 41643118
t_num: 20 finish: 1473416106 107991023 start: 1473416101 838642179
t_num: 19 finish: 1473416106 481597433 start: 1473416099 981041986
t_num: 27 finish: 1473416106 731787748 start: 1473416104 255027914
t_num: 25 finish: 1473416106 816543200 start: 1473416104 254981480
t_num: 3 finish: 1473416107 428861228 start: 1473416105 227086764
t_num: 20 finish: 1473416108 943331468 start: 1473416106 108026677
t_num: 0 finish: 1473416108 943428617 start: 1473416102 939311761
t_num: 5 finish: 1473416109 193996767 start: 1473416105 892231478
t_num: 28 finish: 1473416109 376279151 start: 1473416105 147152960
t_num: 1 finish: 1473416109 523799401 start: 1473416104 329884224
t_num: 23 finish: 1473416109 588259944 start: 1473416108 368492712
t_num: 28 finish: 1473416109 719711635 start: 1473416109 376322144
t_num: 17 finish: 1473416109 856011290 start: 1473416105 889666655
t_num: 11 finish: 1473416110 766542430 start: 1473416105 660336114
t_num: 15 finish: 1473416110 766848842 start: 1473416104 869133532
t_num: 12 finish: 1473416110 808696805 start: 1473416105 889017374
t_num: 22 finish: 1473416110 809101135 start: 1473416105 887832789
t_num: 30 finish: 1473416110 809153942 start: 1473416104 191049991
t_num: 31 finish: 1473416110 810363477 start: 1473416108 943311954
t_num: 18 finish: 1473416111 99289153 start: 1473416104 191368477
t_num: 23 finish: 1473416111 667706160 start: 1473416109 588287606
t_num: 26 finish: 1473416111 840575022 start: 1473416108 318760081
t_num: 7 finish: 1473416111 841022530 start: 1473416108 905997114
t_num: 25 finish: 1473416112 483925671 start: 1473416108 367953112
t_num: 8 finish: 1473416113 303153332 start: 1473416108 702329421
t_num: 0 finish: 1473416113 394038815 start: 1473416108 943450425
t_num: 17 finish: 1473416113 773926909 start: 1473416109 856047295
t_num: 3 finish: 1473416113 929919839 start: 1473416108 368304478
t_num: 1 finish: 1473416114 800604577 start: 1473416111 158075599
t_num: 11 finish: 1473416114 800657526 start: 1473416110 766603668
t_num: 31 finish: 1473416114 801268141 start: 1473416110 810382605
t_num: 22 finish: 1473416114 801351616 start: 1473416110 809121138
t_num: 15 finish: 1473416114 942340114 start: 1473416110 766868465
t_num: 7 finish: 1473416114 942353199 start: 1473416111 841042596
t_num: 24 finish: 1473416115 367325212 start: 1473416108 943050013
t_num: 26 finish: 1473416115 391459412 start: 1473416111 840603383
t_num: 18 finish: 1473416115 862038645 start: 1473416111 99332206
t_num: 28 finish: 1473416115 924116017 start: 1473416110 810106546
t_num: 25 finish: 1473416116 428955535 start: 1473416112 483975801
t_num: 10 finish: 1473416116 842267641 start: 1473416113 602357149
t_num: 8 finish: 1473416117 388915061 start: 1473416113 303218680
t_num: 30 finish: 1473416117 646380718 start: 1473416111 840187163
t_num: 28 finish: 1473416118 744182637 start: 1473416115 924147651
t_num: 25 finish: 1473416118 873181730 start: 1473416116 428984560
t_num: 7 finish: 1473416118 974902312 start: 1473416114 942431353
t_num: 22 finish: 1473416118 975998256 start: 1473416114 801371796
t_num: 23 finish: 1473416118 976066204 start: 1473416114 942410579
t_num: 0 finish: 1473416118 976790836 start: 1473416113 394100756
t_num: 31 finish: 1473416119 813406091 start: 1473416116 674262085
t_num: 26 finish: 1473416119 813497639 start: 1473416115 391520470
t_num: 6 finish: 1473416119 813552086 start: 1473416116 426526631
t_num: 30 finish: 1473416119 926430117 start: 1473416117 646430761
t_num: 15 finish: 1473416120 767494359 start: 1473416114 942390165
t_num: 0 finish: 1473416120 831578564 start: 1473416118 976825367
t_num: 17 finish: 1473416121 350453493 start: 1473416116 476408942
t_num: 16 finish: 1473416121 458904293 start: 1473416118 84608745
t_num: 22 finish: 1473416121 459108185 start: 1473416118 976018966
t_num: 12 finish: 1473416121 717430422 start: 1473416118 872961293
t_num: 3 finish: 1473416121 717438253 start: 1473416116 476156241
t_num: 18 finish: 1473416121 717473074 start: 1473416119 813413419
t_num: 6 finish: 1473416122 286240065 start: 1473416119 813568949
t_num: 11 finish: 1473416122 880291254 start: 1473416119 881661512
t_num: 1 finish: 1473416123 64596751 start: 1473416117 225655085
t_num: 31 finish: 1473416123 91330039 start: 1473416119 813427626
t_num: 13 finish: 1473416123 881813153 start: 1473416118 873027842
t_num: 4 finish: 1473416124 989029036 start: 1473416121 862667753
t_num: 25 finish: 1473416126 143216547 start: 1473416118 873206988
t_num: 12 finish: 1473416126 210796694 start: 1473416121 717493455
t_num: 17 finish: 1473416126 210871947 start: 1473416121 350499472
t_num: 7 finish: 1473416126 519754741 start: 1473416120 767928309
t_num: 22 finish: 1473416126 678262786 start: 1473416121 459127729
t_num: 11 finish: 1473416127 76265513 start: 1473416124 332592607
t_num: 0 finish: 1473416127 127353638 start: 1473416122 626398905
t_num: 6 finish: 1473416127 521799659 start: 1473416122 286269015
t_num: 31 finish: 1473416127 521805731 start: 1473416123 91366307
t_num: 13 finish: 1473416127 771863214 start: 1473416123 881850167
t_num: 4 finish: 1473416128 510647442 start: 1473416124 989056698
t_num: 16 finish: 1473416128 511008990 start: 1473416122 525116159
t_num: 1 finish: 1473416128 511230287 start: 1473416124 987370326
t_num: 3 finish: 1473416129 142898566 start: 1473416121 717533508
t_num: 15 finish: 1473416130 499433216 start: 1473416125 392662165
t_num: 12 finish: 1473416130 676398010 start: 1473416126 210828976
t_num: 19 finish: 1473416130 987453232 start: 1473416122 271796683
t_num: 30 finish: 1473416131 365145911 start: 1473416125 411560639
t_num: 13 finish: 1473416131 678796476 start: 1473416127 771896551
t_num: 6 finish: 1473416131 712177767 start: 1473416127 521843705
t_num: 17 finish: 1473416132 116789769 start: 1473416126 210886897
t_num: 27 finish: 1473416132 198740178 start: 1473416126 679153196
t_num: 21 finish: 1473416132 198798185 start: 1473416126 679438945
t_num: 14 finish: 1473416132 363642555 start: 1473416125 614839224
t_num: 2 finish: 1473416132 520595178 start: 1473416128 511190506
t_num: 11 finish: 1473416132 941626849 start: 1473416128 510680491
t_num: 24 finish: 1473416133 518099756 start: 1473416129 183527621
t_num: 5 finish: 1473416133 602793210 start: 1473416129 183536249
t_num: 19 finish: 1473416133 985929545 start: 1473416130 987497157
t_num: 4 finish: 1473416134 462770895 start: 1473416128 510690904
t_num: 20 finish: 1473416134 462861945 start: 1473416126 878251523
t_num: 7 finish: 1473416134 508084676 start: 1473416131 679159424
t_num: 1 finish: 1473416134 508182834 start: 1473416128 511249526
t_num: 13 finish: 1473416134 508185254 start: 1473416131 678885312
t_num: 15 finish: 1473416134 996196837 start: 1473416131 679258140
t_num: 3 finish: 1473416135 25488949 start: 1473416129 396795587
t_num: 12 finish: 1473416135 551998369 start: 1473416131 939930548
t_num: 17 finish: 1473416135 857585005 start: 1473416132 116832732
t_num: 6 finish: 1473416135 982399404 start: 1473416131 712220359
t_num: 19 finish: 1473416136 105156134 start: 1473416133 985973578
t_num: 2 finish: 1473416137 183419035 start: 1473416134 508008326
t_num: 13 finish: 1473416137 238856182 start: 1473416134 508236811
t_num: 24 finish: 1473416137 269010901 start: 1473416133 518127657
t_num: 27 finish: 1473416137 327280211 start: 1473416132 198857521
t_num: 4 finish: 1473416137 903770946 start: 1473416134 462834589
t_num: 14 finish: 1473416137 903943025 start: 1473416133 518060553
t_num: 29 finish: 1473416137 904042362 start: 1473416133 517971961
t_num: 5 finish: 1473416137 904144136 start: 1473416133 706633866
t_num: 30 finish: 1473416138 316315549 start: 1473416134 463432161
t_num: 21 finish: 1473416138 931248364 start: 1473416136 934855741
t_num: 1 finish: 1473416140 226363607 start: 1473416134 508204700
t_num: 3 finish: 1473416140 321903986 start: 1473416135 25525624
t_num: 7 finish: 1473416140 323333459 start: 1473416137 12001449
t_num: 20 finish: 1473416140 474878602 start: 1473416135 982427051
t_num: 29 finish: 1473416140 474884915 start: 1473416137 904060115
t_num: 2 finish: 1473416141 196882540 start: 1473416137 183459344
t_num: 14 finish: 1473416141 330190845 start: 1473416137 903963232
t_num: 19 finish: 1473416142 223385076 start: 1473416137 904093183
t_num: 15 finish: 1473416142 271304267 start: 1473416137 12024823
t_num: 5 finish: 1473416142 271324311 start: 1473416139 828279310
t_num: 24 finish: 1473416142 271347147 start: 1473416140 158349612
t_num: 27 finish: 1473416142 271964821 start: 1473416137 953088141
t_num: 18 finish: 1473416143 830176084 start: 1473416137 903824611
t_num: 3 finish: 1473416143 830392479 start: 1473416140 321925776
t_num: 12 finish: 1473416143 893226523 start: 1473416140 321714452
t_num: 13 finish: 1473416144 150445774 start: 1473416139 588825822
t_num: 26 finish: 1473416144 150481409 start: 1473416140 606248184
t_num: 7 finish: 1473416144 257631018 start: 1473416140 323353704
t_num: 28 finish: 1473416144 498245564 start: 1473416141 268131356
t_num: 30 finish: 1473416144 790517767 start: 1473416139 560303714
t_num: 23 finish: 1473416144 882711336 start: 1473416139 561665332
t_num: 21 finish: 1473416144 883052164 start: 1473416138 931273663
t_num: 2 finish: 1473416144 970001799 start: 1473416141 196943648
t_num: 8 finish: 1473416146 309586090 start: 1473416142 469716762
t_num: 26 finish: 1473416146 450255955 start: 1473416144 150496604
t_num: 5 finish: 1473416146 833188000 start: 1473416142 271341656
t_num: 24 finish: 1473416146 897206879 start: 1473416142 271361989
t_num: 11 finish: 1473416146 898753248 start: 1473416142 729113628
t_num: 25 finish: 1473416146 954519011 start: 1473416142 244816725
t_num: 20 finish: 1473416147 116925613 start: 1473416142 729664395
t_num: 12 finish: 1473416147 552035559 start: 1473416143 893254575
t_num: 14 finish: 1473416147 588085136 start: 1473416144 150650481
t_num: 9 finish: 1473416147 650718785 start: 1473416143 820504797
t_num: 19 finish: 1473416147 956339897 start: 1473416142 223428494
t_num: 7 finish: 1473416148 322995439 start: 1473416144 883104549
t_num: 5 finish: 1473416148 357863228 start: 1473416146 833231820
t_num: 18 finish: 1473416148 584824096 start: 1473416143 830205272
t_num: 13 finish: 1473416149 84339107 start: 1473416146 307990711
t_num: 21 finish: 1473416150 200400784 start: 1473416147 956370248
t_num: 25 finish: 1473416150 200404082 start: 1473416146 954553458
t_num: 8 finish: 1473416150 589118402 start: 1473416146 309615360
t_num: 30 finish: 1473416151 335543547 start: 1473416144 790582590
t_num: 23 finish: 1473416151 335566188 start: 1473416146 972947665
t_num: 5 finish: 1473416151 335727560 start: 1473416148 357878721
t_num: 20 finish: 1473416151 336015604 start: 1473416148 356951913
t_num: 22 finish: 1473416151 336169934 start: 1473416147 583821038
t_num: 12 finish: 1473416152 188606731 start: 1473416148 356968718
t_num: 29 finish: 1473416152 188678893 start: 1473416147 157628225
t_num: 31 finish: 1473416152 189477617 start: 1473416149 941386349
t_num: 14 finish: 1473416152 190057376 start: 1473416147 588109836
t_num: 21 finish: 1473416152 432136721 start: 1473416150 200424850
t_num: 10 finish: 1473416152 596572062 start: 1473416146 925033734
t_num: 7 finish: 1473416152 821242454 start: 1473416149 751662372
t_num: 20 finish: 1473416153 296423024 start: 1473416151 336035485
t_num: 30 finish: 1473416154 383490348 start: 1473416151 335585229
t_num: 20 finish: 1473416154 423674060 start: 1473416153 296480013
t_num: 26 finish: 1473416154 423696236 start: 1473416149 89675445
t_num: 25 finish: 1473416154 718604768 start: 1473416150 200448008
t_num: 23 finish: 1473416154 747875240 start: 1473416151 335611406
t_num: 19 finish: 1473416155 107465186 start: 1473416150 200380670
t_num: 2 finish: 1473416155 304878800 start: 1473416149 840356576
t_num: 14 finish: 1473416156 58867184 start: 1473416152 190077530
t_num: 22 finish: 1473416156 59644309 start: 1473416151 336189263
t_num: 13 finish: 1473416156 153844737 start: 1473416152 190204044
t_num: 26 finish: 1473416156 632597860 start: 1473416154 423768410
t_num: 9 finish: 1473416156 762219104 start: 1473416151 234298017
t_num: 7 finish: 1473416156 796910095 start: 1473416152 821285902
t_num: 27 finish: 1473416157 51828839 start: 1473416154 747627891
t_num: 21 finish: 1473416157 97988489 start: 1473416154 891400558
t_num: 23 finish: 1473416157 492030559 start: 1473416154 747914972
t_num: 12 finish: 1473416158 418350449 start: 1473416155 730425852
t_num: 31 finish: 1473416158 418792705 start: 1473416154 31675454
t_num: 29 finish: 1473416158 419145929 start: 1473416152 188694329
t_num: 25 finish: 1473416158 419486110 start: 1473416154 718651001
t_num: 0 finish: 1473416158 462153164 start: 1473416152 821560437
t_num: 23 finish: 1473416158 713791829 start: 1473416157 492066005
t_num: 11 finish: 1473416158 832665313 start: 1473416154 429777369
t_num: 16 finish: 1473416159 394917288 start: 1473416154 213687050
t_num: 20 finish: 1473416159 765603228 start: 1473416157 552539340
t_num: 30 finish: 1473416159 943857658 start: 1473416156 59436335
t_num: 0 finish: 1473416161 356017744 start: 1473416158 462172369
t_num: 14 finish: 1473416161 382803858 start: 1473416156 58945730
t_num: 26 finish: 1473416161 396128103 start: 1473416156 632640262
t_num: 19 finish: 1473416162 206968020 start: 1473416158 417996426
t_num: 2 finish: 1473416163 140844256 start: 1473416158 462014955
t_num: 18 finish: 1473416163 189816026 start: 1473416158 462052268
t_num: 21 finish: 1473416163 547792201 start: 1473416159 899323358
t_num: 4 finish: 1473416163 788255945 start: 1473416160 850720728
t_num: 16 finish: 1473416163 849521872 start: 1473416159 394950848
t_num: 7 finish: 1473416164 37207228 start: 1473416161 74946626
t_num: 31 finish: 1473416164 685215378 start: 1473416161 790165321
t_num: 13 finish: 1473416164 732363025 start: 1473416160 390059190
t_num: 11 finish: 1473416164 954229795 start: 1473416158 832701697
t_num: 27 finish: 1473416165 104841073 start: 1473416158 254323638
t_num: 29 finish: 1473416165 196113931 start: 1473416161 75453739
t_num: 1 finish: 1473416165 649157850 start: 1473416162 482329975
t_num: 26 finish: 1473416165 663872430 start: 1473416161 396144721
t_num: 20 finish: 1473416165 664413511 start: 1473416159 765648066
t_num: 9 finish: 1473416165 941946463 start: 1473416159 899246825
t_num: 30 finish: 1473416166 34650600 start: 1473416163 34505711
t_num: 5 finish: 1473416166 527200773 start: 1473416163 189796431
t_num: 23 finish: 1473416166 969104506 start: 1473416162 290222956
t_num: 3 finish: 1473416168 20847627 start: 1473416164 106873873
t_num: 6 finish: 1473416168 23268608 start: 1473416164 770647744
t_num: 7 finish: 1473416168 96687077 start: 1473416164 37242644
t_num: 13 finish: 1473416168 869764502 start: 1473416164 732399312
t_num: 4 finish: 1473416168 870733312 start: 1473416163 788297011
t_num: 16 finish: 1473416169 296107322 start: 1473416163 849557066
t_num: 29 finish: 1473416169 353616029 start: 1473416166 421136985
t_num: 20 finish: 1473416170 27242473 start: 1473416167 380135956
t_num: 31 finish: 1473416170 33672348 start: 1473416164 685259972
t_num: 5 finish: 1473416170 405021404 start: 1473416167 496109650
t_num: 10 finish: 1473416170 622984634 start: 1473416166 953106247
t_num: 23 finish: 1473416170 706501608 start: 1473416166 969132759
t_num: 14 finish: 1473416170 758271834 start: 1473416164 770617826
t_num: 30 finish: 1473416171 212913706 start: 1473416166 963508553
t_num: 16 finish: 1473416171 425177615 start: 1473416169 296168126
t_num: 5 finish: 1473416171 736586488 start: 1473416170 405045959
t_num: 12 finish: 1473416171 865304374 start: 1473416168 869836040
t_num: 1 finish: 1473416172 691935615 start: 1473416165 649197300
t_num: 8 finish: 1473416172 692015382 start: 1473416167 637091309
t_num: 11 finish: 1473416173 879650767 start: 1473416167 804867512
t_num: 3 finish: 1473416174 620987775 start: 1473416168 20892053
t_num: 9 finish: 1473416174 621179825 start: 1473416168 870613112
t_num: 14 finish: 1473416174 780076168 start: 1473416170 758312782
t_num: 15 finish: 1473416174 780076109 start: 1473416169 315941323
t_num: 5 finish: 1473416174 893040746 start: 1473416171 736621179
t_num: 17 finish: 1473416174 893067518 start: 1473416169 487048168
t_num: 6 finish: 1473416175 202206595 start: 1473416170 401332194
t_num: 29 finish: 1473416176 216361995 start: 1473416169 353633483
t_num: 24 finish: 1473416176 233014112 start: 1473416170 32439825
t_num: 12 finish: 1473416176 233268847 start: 1473416172 847760187
t_num: 10 finish: 1473416176 233335769 start: 1473416174 481573885
t_num: 31 finish: 1473416176 234211578 start: 1473416170 33690481
t_num: 30 finish: 1473416176 561425988 start: 1473416171 212957558
t_num: 20 finish: 1473416176 694553250 start: 1473416171 873548070
t_num: 23 finish: 1473416176 694553250 start: 1473416172 570147047
t_num: 14 finish: 1473416176 768489762 start: 1473416175 472696235
t_num: 7 finish: 1473416176 768820582 start: 1473416171 51097566
t_num: 3 finish: 1473416177 903199858 start: 1473416174 621033564
t_num: 8 finish: 1473416178 81542897 start: 1473416176 216272287
t_num: 19 finish: 1473416178 200900469 start: 1473416173 248221445
t_num: 6 finish: 1473416178 508114149 start: 1473416175 202245535
t_num: 22 finish: 1473416178 592416810 start: 1473416175 948730941
t_num: 16 finish: 1473416178 592530616 start: 1473416176 216222775
t_num: 7 finish: 1473416179 459537702 start: 1473416176 768838464
t_num: 29 finish: 1473416179 459546979 start: 1473416176 216389213
t_num: 31 finish: 1473416179 950214485 start: 1473416178 81965107
t_num: 5 finish: 1473416179 950298372 start: 1473416176 216294133
t_num: 30 finish: 1473416179 950642754 start: 1473416176 561463890
t_num: 9 finish: 1473416180 541688478 start: 1473416174 621201424
t_num: 20 finish: 1473416180 541753246 start: 1473416178 592363008
t_num: 23 finish: 1473416180 891770272 start: 1473416176 694636789
t_num: 8 finish: 1473416180 891827072 start: 1473416178 81605960
t_num: 14 finish: 1473416181 634361332 start: 1473416176 768530089
t_num: 16 finish: 1473416183 27577816 start: 1473416178 592550061
t_num: 7 finish: 1473416183 126894737 start: 1473416179 459576994
t_num: 20 finish: 1473416183 420955286 start: 1473416180 541768150
t_num: 19 finish: 1473416183 697603094 start: 1473416178 200926530
t_num: 13 finish: 1473416183 847052279 start: 1473416178 81891874
t_num: 15 finish: 1473416183 847196426 start: 1473416179 929698545
t_num: 31 finish: 1473416184 232987330 start: 1473416181 211143763
t_num: 22 finish: 1473416184 253377318 start: 1473416179 319957969
t_num: 5 finish: 1473416184 510572682 start: 1473416179 950317676
t_num: 3 finish: 1473416184 938867146 start: 1473416180 892176938
t_num: 17 finish: 1473416185 88325933 start: 1473416178 81710136
t_num: 30 finish: 1473416185 537326697 start: 1473416179 950662077
t_num: 0 finish: 1473416185 565025848 start: 1473416183 470489642
t_num: 23 finish: 1473416185 651014204 start: 1473416180 891882273
t_num: 24 finish: 1473416185 843842725 start: 1473416179 459601865
t_num: 9 finish: 1473416185 844056248 start: 1473416182 500823234
t_num: 1 finish: 1473416186 395138209 start: 1473416181 730220522
t_num: 19 finish: 1473416187 21762640 start: 1473416183 697647435
t_num: 5 finish: 1473416187 217353947 start: 1473416184 510606589
t_num: 18 finish: 1473416188 466937863 start: 1473416185 608226511
t_num: 14 finish: 1473416188 466941427 start: 1473416183 393016533
t_num: 20 finish: 1473416188 609860038 start: 1473416183 420984030
t_num: 0 finish: 1473416189 185340197 start: 1473416185 565049379
t_num: 30 finish: 1473416189 441500288 start: 1473416185 537388723
t_num: 17 finish: 1473416189 573915400 start: 1473416185 88370518
t_num: 6 finish: 1473416189 987370830 start: 1473416184 46236621
t_num: 3 finish: 1473416190 680661249 start: 1473416184 938899700
t_num: 7 finish: 1473416190 737788188 start: 1473416186 342053020
t_num: 31 finish: 1473416191 208456944 start: 1473416188 393155415
t_num: 21 finish: 1473416191 210007674 start: 1473416186 395981702
t_num: 22 finish: 1473416191 264619552 start: 1473416188 334369844
t_num: 5 finish: 1473416191 453343114 start: 1473416187 217389009
t_num: 19 finish: 1473416192 194965769 start: 1473416187 21793131
t_num: 20 finish: 1473416192 386070153 start: 1473416188 609895615
t_num: 13 finish: 1473416192 484663611 start: 1473416188 334085925
t_num: 12 finish: 1473416193 271752065 start: 1473416185 543332202
t_num: 23 finish: 1473416193 333234494 start: 1473416190 826138157
t_num: 8 finish: 1473416193 384101172 start: 1473416186 313428296
t_num: 24 finish: 1473416193 384338537 start: 1473416185 843893703
t_num: 11 finish: 1473416193 425453053 start: 1473416188 283153476
t_num: 30 finish: 1473416193 491288960 start: 1473416189 441530725
t_num: 21 finish: 1473416193 582068351 start: 1473416191 210028433
t_num: 20 finish: 1473416194 175006842 start: 1473416192 386097583
t_num: 7 finish: 1473416194 732151744 start: 1473416192 385081654
t_num: 28 finish: 1473416195 279509910 start: 1473416191 581273730
t_num: 3 finish: 1473416195 395422461 start: 1473416190 680705575
t_num: 17 finish: 1473416195 459204591 start: 1473416190 862324534
t_num: 6 finish: 1473416195 459580599 start: 1473416191 836388368
t_num: 5 finish: 1473416195 459825062 start: 1473416191 453384452
t_num: 18 finish: 1473416195 490031960 start: 1473416190 859104782
t_num: 13 finish: 1473416195 527301552 start: 1473416192 944219229
t_num: 12 finish: 1473416196 822823185 start: 1473416193 271793646
t_num: 1 finish: 1473416196 917781449 start: 1473416191 310705139
t_num: 11 finish: 1473416196 917852635 start: 1473416193 425485769
t_num: 22 finish: 1473416197 442285773 start: 1473416191 264692802
t_num: 8 finish: 1473416198 348360945 start: 1473416193 384135450
t_num: 30 finish: 1473416198 348407221 start: 1473416195 171337837
t_num: 3 finish: 1473416198 591734721 start: 1473416195 395453093
t_num: 18 finish: 1473416198 757622816 start: 1473416195 490052325
t_num: 20 finish: 1473416198 757622816 start: 1473416194 175052812
t_num: 24 finish: 1473416199 265239932 start: 1473416193 384358206
t_num: 8 finish: 1473416199 662303773 start: 1473416198 348388903
t_num: 21 finish: 1473416199 694910623 start: 1473416193 582100556
t_num: 12 finish: 1473416199 751053352 start: 1473416196 822862232
t_num: 23 finish: 1473416200 459981275 start: 1473416194 675130771
t_num: 6 finish: 1473416200 536852380 start: 1473416198 313648303
t_num: 18 finish: 1473416200 594552419 start: 1473416198 757679348
t_num: 19 finish: 1473416200 818906877 start: 1473416195 120775506
t_num: 3 finish: 1473416201 868236301 start: 1473416198 591778501
t_num: 1 finish: 1473416201 868332807 start: 1473416198 313910611
t_num: 25 finish: 1473416203 358752578 start: 1473416199 191648580
t_num: 28 finish: 1473416203 358753132 start: 1473416198 313683340
t_num: 5 finish: 1473416203 797038490 start: 1473416198 314023127
t_num: 15 finish: 1473416203 916067784 start: 1473416201 868555905
t_num: 30 finish: 1473416203 916067761 start: 1473416198 348422420
t_num: 29 finish: 1473416203 950015626 start: 1473416201 726466019
t_num: 22 finish: 1473416204 922547248 start: 1473416201 729175072
t_num: 2 finish: 1473416204 922555898 start: 1473416200 461552714
t_num: 10 finish: 1473416204 922611581 start: 1473416199 703046552
t_num: 17 finish: 1473416205 308776884 start: 1473416197 336410820
t_num: 24 finish: 1473416205 470543991 start: 1473416201 242324814
t_num: 8 finish: 1473416205 506819019 start: 1473416201 731813324
t_num: 19 finish: 1473416205 506964870 start: 1473416200 818942102
t_num: 3 finish: 1473416206 90340950 start: 1473416201 868277587
t_num: 5 finish: 1473416207 189278786 start: 1473416203 797126086
t_num: 12 finish: 1473416207 261161283 start: 1473416202 632250549
t_num: 25 finish: 1473416207 261168713 start: 1473416203 358798513
t_num: 4 finish: 1473416207 819322255 start: 1473416201 868246610
t_num: 1 finish: 1473416207 887909480 start: 1473416201 868370625
t_num: 21 finish: 1473416208 154179482 start: 1473416204 923310802
t_num: 9 finish: 1473416208 656502819 start: 1473416203 359053494
t_num: 3 finish: 1473416208 689364808 start: 1473416206 90367346
t_num: 28 finish: 1473416209 8307064 start: 1473416203 359073220
t_num: 7 finish: 1473416209 31336142 start: 1473416205 506830345
t_num: 18 finish: 1473416209 365824737 start: 1473416204 831017124
t_num: 5 finish: 1473416209 427122028 start: 1473416207 189318400
t_num: 17 finish: 1473416209 486291825 start: 1473416205 308826032
t_num: 25 finish: 1473416210 247943614 start: 1473416207 261238329
t_num: 24 finish: 1473416210 247943614 start: 1473416206 917645278
t_num: 10 finish: 1473416210 406775730 start: 1473416204 922721743
t_num: 2 finish: 1473416210 406905126 start: 1473416206 623921417
t_num: 20 finish: 1473416210 407250794 start: 1473416207 192312144
t_num: 23 finish: 1473416210 533330609 start: 1473416203 482194299
t_num: 21 finish: 1473416210 533333187 start: 1473416208 154220808
t_num: 12 finish: 1473416211 480446644 start: 1473416207 261223808
t_num: 3 finish: 1473416212 59129389 start: 1473416208 689390044
t_num: 17 finish: 1473416212 488218136 start: 1473416210 247870191
t_num: 5 finish: 1473416212 690327377 start: 1473416209 427159724
t_num: 29 finish: 1473416213 664335234 start: 1473416209 725915888
t_num: 24 finish: 1473416214 381904901 start: 1473416210 248130740
t_num: 1 finish: 1473416214 474991575 start: 1473416209 630926646
t_num: 28 finish: 1473416215 889599653 start: 1473416209 8348036
t_num: 2 finish: 1473416216 494763341 start: 1473416210 406946880
t_num: 19 finish: 1473416216 537127169 start: 1473416210 29466262
t_num: 6 finish: 1473416216 570865185 start: 1473416212 491158839
t_num: 9 finish: 1473416216 570918504 start: 1473416212 490841969
t_num: 8 finish: 1473416216 571068115 start: 1473416207 561593035
t_num: 12 finish: 1473416216 571210402 start: 1473416211 480480712
t_num: 30 finish: 1473416216 997065722 start: 1473416211 732492241
t_num: 3 finish: 1473416216 998735999 start: 1473416212 59158003
t_num: 25 finish: 1473416217 54049894 start: 1473416214 279012961
t_num: 1 finish: 1473416218 633943649 start: 1473416214 475016414
t_num: 7 finish: 1473416218 634697411 start: 1473416212 58007442
t_num: 23 finish: 1473416218 812560247 start: 1473416213 290301926
t_num: 5 finish: 1473416218 823465551 start: 1473416213 874435964
t_num: 18 finish: 1473416219 438436476 start: 1473416212 490513940
t_num: 17 finish: 1473416219 642419085 start: 1473416212 488263811
t_num: 29 finish: 1473416219 645818328 start: 1473416215 117403374
t_num: 11 finish: 1473416220 198483844 start: 1473416215 697169681
t_num: 21 finish: 1473416220 325443306 start: 1473416217 61959936
t_num: 9 finish: 1473416220 571897325 start: 1473416216 570938812
t_num: 24 finish: 1473416220 625632602 start: 1473416214 381948970
t_num: 25 finish: 1473416221 98950369 start: 1473416217 54068264
t_num: 28 finish: 1473416221 156248936 start: 1473416216 890375688
t_num: 27 finish: 1473416221 638916925 start: 1473416217 742582218
t_num: 31 finish: 1473416221 729755995 start: 1473416216 997730299
t_num: 19 finish: 1473416221 729954250 start: 1473416216 734146999
t_num: 13 finish: 1473416221 887040676 start: 1473416217 718091783
t_num: 1 finish: 1473416221 887049369 start: 1473416218 633986725
t_num: 2 finish: 1473416221 930238652 start: 1473416216 494793078
t_num: 7 finish: 1473416222 373181742 start: 1473416218 634713177
t_num: 16 finish: 1473416223 367821716 start: 1473416220 540817208
t_num: 30 finish: 1473416223 570049927 start: 1473416217 805786556
t_num: 15 finish: 1473416223 739828022 start: 1473416221 728478619
t_num: 18 finish: 1473416223 739888195 start: 1473416219 438476768
t_num: 1 finish: 1473416224 182186198 start: 1473416221 887139553
t_num: 11 finish: 1473416224 182187117 start: 1473416220 198566632
t_num: 3 finish: 1473416224 479748230 start: 1473416220 142033781
t_num: 25 finish: 1473416225 87940400 start: 1473416221 993723825
t_num: 5 finish: 1473416225 118376183 start: 1473416218 823482866
t_num: 2 finish: 1473416225 431630084 start: 1473416221 930262547
t_num: 19 finish: 1473416225 830690031 start: 1473416221 729973521
t_num: 7 finish: 1473416225 995757333 start: 1473416222 373230412
t_num: 30 finish: 1473416225 996074712 start: 1473416223 570094707
t_num: 18 finish: 1473416226 499899862 start: 1473416225 725053238
t_num: 1 finish: 1473416226 749803847 start: 1473416224 182233474
t_num: 22 finish: 1473416226 850735803 start: 1473416222 152612079
t_num: 0 finish: 1473416227 665604737 start: 1473416225 405277566
t_num: 2 finish: 1473416227 712750171 start: 1473416226 100926821
t_num: 5 finish: 1473416227 712759818 start: 1473416225 118398217
t_num: 16 finish: 1473416227 712841471 start: 1473416223 367844246
t_num: 13 finish: 1473416227 841316326 start: 1473416223 570361023
t_num: 27 finish: 1473416227 841482653 start: 1473416223 367610143
t_num: 31 finish: 1473416227 971186273 start: 1473416223 739938714
t_num: 21 finish: 1473416228 515474269 start: 1473416221 930280835
t_num: 15 finish: 1473416228 841704426 start: 1473416224 480043314
t_num: 18 finish: 1473416229 582408334 start: 1473416226 499952995
t_num: 11 finish: 1473416229 972782342 start: 1473416224 182248755
t_num: 22 finish: 1473416230 427530744 start: 1473416226 850774479
t_num: 28 finish: 1473416230 590942255 start: 1473416224 362391735
t_num: 20 finish: 1473416230 590978664 start: 1473416227 665009448
t_num: 2 finish: 1473416230 663763726 start: 1473416227 712834376
t_num: 25 finish: 1473416230 663802919 start: 1473416228 137863661
t_num: 13 finish: 1473416231 17747539 start: 1473416227 841467029
t_num: 16 finish: 1473416231 71690161 start: 1473416227 712857564
t_num: 7 finish: 1473416231 71924046 start: 1473416225 995812619
t_num: 0 finish: 1473416231 257603433 start: 1473416229 583082466
t_num: 30 finish: 1473416231 284704671 start: 1473416225 996095300
t_num: 18 finish: 1473416232 102920085 start: 1473416229 582443859
t_num: 26 finish: 1473416232 456028415 start: 1473416228 891352619
t_num: 9 finish: 1473416232 456117911 start: 1473416227 326587345
t_num: 17 finish: 1473416233 214322592 start: 1473416228 302341551
t_num: 12 finish: 1473416233 394055294 start: 1473416227 841394131
t_num: 3 finish: 1473416234 158545167 start: 1473416226 100906012
t_num: 11 finish: 1473416234 439254266 start: 1473416229 972814531
t_num: 13 finish: 1473416234 599975827 start: 1473416231 17791541
t_num: 16 finish: 1473416234 731437236 start: 1473416231 71727264
t_num: 7 finish: 1473416234 869288647 start: 1473416231 71942459
t_num: 20 finish: 1473416235 134434740 start: 1473416230 590995878
t_num: 0 finish: 1473416235 829432050 start: 1473416231 257639366
t_num: 31 finish: 1473416235 851589500 start: 1473416232 141334346
t_num: 7 finish: 1473416236 395007630 start: 1473416234 869315663
t_num: 2 finish: 1473416236 421688193 start: 1473416230 663812047
t_num: 9 finish: 1473416236 704133394 start: 1473416232 456136716
t_num: 27 finish: 1473416236 926664911 start: 1473416234 868535544
t_num: 17 finish: 1473416237 393930457 start: 1473416234 833882670
t_num: 3 finish: 1473416237 499610976 start: 1473416234 158589948
t_num: 26 finish: 1473416237 950418981 start: 1473416232 456106124
t_num: 25 finish: 1473416238 14104422 start: 1473416232 142540514
t_num: 12 finish: 1473416238 673118719 start: 1473416235 771612417
t_num: 13 finish: 1473416238 895339786 start: 1473416234 600019742
t_num: 31 finish: 1473416239 99519744 start: 1473416235 851619881
t_num: 29 finish: 1473416239 156011408 start: 1473416234 731067893
t_num: 3 finish: 1473416239 444195085 start: 1473416237 499634049
t_num: 21 finish: 1473416239 490901768 start: 1473416237 3710756
t_num: 11 finish: 1473416239 854657084 start: 1473416234 439325716
t_num: 20 finish: 1473416240 42724838 start: 1473416236 591876734
t_num: 5 finish: 1473416240 258075282 start: 1473416236 158012129
t_num: 0 finish: 1473416240 740832044 start: 1473416235 829470269
t_num: 2 finish: 1473416240 831420635 start: 1473416239 490016653
t_num: 12 finish: 1473416240 851851848 start: 1473416238 673161814
t_num: 18 finish: 1473416240 894329859 start: 1473416239 245751206
t_num: 14 finish: 1473416240 911444611 start: 1473416238 13949699
t_num: 30 finish: 1473416240 926820703 start: 1473416239 155627715
t_num: 17 finish: 1473416241 131193594 start: 1473416237 393980854
t_num: 26 finish: 1473416242 443156870 start: 1473416237 950509612
t_num: 7 finish: 1473416242 449669864 start: 1473416239 240876977
t_num: 8 finish: 1473416242 809982957 start: 1473416237 959475396
t_num: 27 finish: 1473416243 120380299 start: 1473416238 719550588
t_num: 5 finish: 1473416243 419713655 start: 1473416240 258102037
t_num: 6 finish: 1473416243 722188001 start: 1473416239 155701556
t_num: 2 finish: 1473416244 68495617 start: 1473416240 831463629
t_num: 3 finish: 1473416244 68498985 start: 1473416239 444259144
t_num: 10 finish: 1473416244 737135825 start: 1473416240 258021640
t_num: 18 finish: 1473416246 307285729 start: 1473416240 894353667
t_num: 20 finish: 1473416246 307285729 start: 1473416241 530424566
t_num: 30 finish: 1473416246 748527292 start: 1473416240 926853496
t_num: 17 finish: 1473416246 819890344 start: 1473416243 864903751
t_num: 31 finish: 1473416246 960763419 start: 1473416244 715828662
t_num: 5 finish: 1473416247 535835917 start: 1473416243 419750233
t_num: 4 finish: 1473416247 535843637 start: 1473416241 774544620
t_num: 7 finish: 1473416247 535918460 start: 1473416242 449688250
t_num: 22 finish: 1473416247 640005599 start: 1473416243 894962879
t_num: 10 finish: 1473416247 695937045 start: 1473416244 737157503
t_num: 14 finish: 1473416247 940157009 start: 1473416243 864848089
t_num: 1 finish: 1473416248 16714132 start: 1473416245 594761198
t_num: 26 finish: 1473416248 86579801 start: 1473416242 443216626
t_num: 27 finish: 1473416248 477404901 start: 1473416243 120424161
t_num: 21 finish: 1473416248 907287388 start: 1473416243 414718825
t_num: 22 finish: 1473416249 710489395 start: 1473416247 640028967
t_num: 2 finish: 1473416249 795317735 start: 1473416244 68530768
t_num: 27 finish: 1473416250 370504015 start: 1473416248 477429288
t_num: 17 finish: 1473416250 563820678 start: 1473416247 640047801
t_num: 13 finish: 1473416250 563825564 start: 1473416245 284778603
t_num: 20 finish: 1473416250 563889533 start: 1473416248 86881856
t_num: 30 finish: 1473416250 869051353 start: 1473416248 477383743
t_num: 18 finish: 1473416250 869518190 start: 1473416246 307355328
t_num: 31 finish: 1473416251 96645507 start: 1473416246 960824147
t_num: 24 finish: 1473416251 146724306 start: 1473416247 455026861
t_num: 1 finish: 1473416251 330486260 start: 1473416248 16752899
t_num: 16 finish: 1473416251 916287987 start: 1473416248 579477662
t_num: 3 finish: 1473416252 32012135 start: 1473416248 86912532
t_num: 10 finish: 1473416252 32018767 start: 1473416250 259754753
t_num: 7 finish: 1473416252 851197597 start: 1473416249 709479028
t_num: 17 finish: 1473416253 452672183 start: 1473416250 869067347
t_num: 9 finish: 1473416253 590428737 start: 1473416250 499498376
t_num: 2 finish: 1473416253 870304359 start: 1473416250 732812841
t_num: 21 finish: 1473416253 870509783 start: 1473416248 907322185
t_num: 15 finish: 1473416253 870618434 start: 1473416252 428831949
t_num: 30 finish: 1473416253 870519746 start: 1473416250 869095643
t_num: 26 finish: 1473416254 469377940 start: 1473416251 829623009
t_num: 24 finish: 1473416254 590358315 start: 1473416251 146782658
t_num: 13 finish: 1473416254 590838650 start: 1473416250 563870649
t_num: 4 finish: 1473416254 591759299 start: 1473416251 689435291
t_num: 5 finish: 1473416255 472673706 start: 1473416250 423133541
t_num: 20 finish: 1473416255 719087658 start: 1473416250 563904391
t_num: 18 finish: 1473416255 832670036 start: 1473416252 32065640
t_num: 0 finish: 1473416256 311069484 start: 1473416253 454186560
t_num: 21 finish: 1473416256 452737137 start: 1473416254 590615131
t_num: 4 finish: 1473416256 791403004 start: 1473416254 591778749
t_num: 11 finish: 1473416257 431853604 start: 1473416254 336015477
t_num: 31 finish: 1473416257 500515730 start: 1473416251 96680453
t_num: 3 finish: 1473416257 500578321 start: 1473416253 454217131
t_num: 1 finish: 1473416257 683662627 start: 1473416251 330523187
t_num: 24 finish: 1473416258 204529550 start: 1473416254 590409926
t_num: 23 finish: 1473416259 169611747 start: 1473416252 936278986
t_num: 26 finish: 1473416259 845432253 start: 1473416254 469411433
t_num: 15 finish: 1473416259 882721106 start: 1473416256 452803506
t_num: 3 finish: 1473416260 443607511 start: 1473416257 500594953
t_num: 30 finish: 1473416261 98961291 start: 1473416253 870699832
t_num: 5 finish: 1473416261 343546286 start: 1473416257 964259105
t_num: 19 finish: 1473416261 448428300 start: 1473416257 583928557
t_num: 0 finish: 1473416261 882497570 start: 1473416257 342606887
t_num: 4 finish: 1473416262 90093156 start: 1473416256 791437387
t_num: 8 finish: 1473416262 200671938 start: 1473416259 46702168
t_num: 16 finish: 1473416262 524550974 start: 1473416256 453414593
t_num: 15 finish: 1473416262 619700477 start: 1473416259 882751179
t_num: 11 finish: 1473416263 164097523 start: 1473416258 883413668
t_num: 28 finish: 1473416263 164822107 start: 1473416255 718922558
t_num: 31 finish: 1473416263 164892027 start: 1473416259 107158939
t_num: 18 finish: 1473416263 225534133 start: 1473416259 754399623
t_num: 23 finish: 1473416263 225541973 start: 1473416259 169676637
t_num: 2 finish: 1473416263 861865242 start: 1473416260 442870266
t_num: 21 finish: 1473416264 179301542 start: 1473416256 452781656
t_num: 20 finish: 1473416264 848280911 start: 1473416256 622805952
t_num: 16 finish: 1473416264 953939559 start: 1473416262 524594405
t_num: 19 finish: 1473416265 442391331 start: 1473416261 448483555
t_num: 1 finish: 1473416265 669497263 start: 1473416257 683700618
t_num: 8 finish: 1473416265 871333524 start: 1473416262 200710535
t_num: 28 finish: 1473416265 900139536 start: 1473416263 164842659
t_num: 3 finish: 1473416267 332284809 start: 1473416260 443645265
t_num: 14 finish: 1473416268 3140184 start: 1473416263 56092765
t_num: 25 finish: 1473416268 8939225 start: 1473416263 617620312
t_num: 30 finish: 1473416268 127882928 start: 1473416261 247796073
t_num: 21 finish: 1473416268 294573361 start: 1473416264 179343931
t_num: 4 finish: 1473416268 295135818 start: 1473416264 352943839
t_num: 15 finish: 1473416269 194223825 start: 1473416266 941751501
t_num: 2 finish: 1473416269 687898616 start: 1473416264 953917976
t_num: 31 finish: 1473416269 799026894 start: 1473416263 164911976
t_num: 23 finish: 1473416269 947962626 start: 1473416263 740828162
t_num: 19 finish: 1473416270 347666600 start: 1473416265 442433454
t_num: 12 finish: 1473416270 348895378 start: 1473416263 617675103
t_num: 18 finish: 1473416270 349831080 start: 1473416264 671277186
t_num: 25 finish: 1473416270 853090950 start: 1473416268 8975272
t_num: 1 finish: 1473416271 9355492 start: 1473416268 109062868
t_num: 5 finish: 1473416271 9370252 start: 1473416265 900159409
t_num: 8 finish: 1473416271 485197061 start: 1473416266 596384005
t_num: 27 finish: 1473416271 899428441 start: 1473416265 444758371
t_num: 31 finish: 1473416272 132380203 start: 1473416269 799087798
t_num: 3 finish: 1473416272 134973562 start: 1473416268 760317272
t_num: 29 finish: 1473416272 219780938 start: 1473416267 476094652
t_num: 2 finish: 1473416272 506511398 start: 1473416269 687942414
t_num: 17 finish: 1473416272 575017358 start: 1473416270 232696967
t_num: 21 finish: 1473416273 366816636 start: 1473416268 294605700
t_num: 4 finish: 1473416274 327471274 start: 1473416268 295156461
t_num: 15 finish: 1473416274 407151755 start: 1473416269 305430790
t_num: 5 finish: 1473416274 407346028 start: 1473416271 996707279
t_num: 30 finish: 1473416275 396797369 start: 1473416271 543824641
t_num: 19 finish: 1473416275 474377490 start: 1473416272 793091759
t_num: 18 finish: 1473416275 503544736 start: 1473416271 543845033
t_num: 3 finish: 1473416275 512886920 start: 1473416272 135009029
t_num: 12 finish: 1473416275 549922207 start: 1473416270 348917398
t_num: 14 finish: 1473416276 814067956 start: 1473416271 543814766
t_num: 10 finish: 1473416276 883053786 start: 1473416272 218539827
t_num: 27 finish: 1473416276 883085649 start: 1473416273 184830889
t_num: 8 finish: 1473416277 272150329 start: 1473416271 485242458
t_num: 26 finish: 1473416278 294531092 start: 1473416273 326117506
t_num: 1 finish: 1473416278 403751535 start: 1473416276 47159765
t_num: 4 finish: 1473416278 403992791 start: 1473416274 327513035
t_num: 3 finish: 1473416278 693615893 start: 1473416275 512907850
t_num: 21 finish: 1473416278 764601941 start: 1473416273 366840966
t_num: 13 finish: 1473416278 765005123 start: 1473416274 861636995
t_num: 15 finish: 1473416278 766573125 start: 1473416274 407195016
t_num: 2 finish: 1473416279 678871518 start: 1473416272 506546839
t_num: 12 finish: 1473416279 793322604 start: 1473416276 195369097
t_num: 20 finish: 1473416279 793558485 start: 1473416278 403674008
t_num: 19 finish: 1473416279 793626171 start: 1473416275 474407128
t_num: 10 finish: 1473416280 812672451 start: 1473416277 719024783
t_num: 14 finish: 1473416280 875792193 start: 1473416276 814110028
t_num: 23 finish: 1473416281 777384256 start: 1473416274 94322463
t_num: 1 finish: 1473416281 777616172 start: 1473416278 403778413
t_num: 21 finish: 1473416281 778135441 start: 1473416278 764644140
t_num: 7 finish: 1473416281 831846812 start: 1473416276 691674739
t_num: 5 finish: 1473416281 909885829 start: 1473416278 403519539
t_num: 13 finish: 1473416282 381119738 start: 1473416278 765024912
t_num: 26 finish: 1473416282 688063967 start: 1473416278 294594322
t_num: 27 finish: 1473416282 755240337 start: 1473416276 883103691
t_num: 19 finish: 1473416282 944739675 start: 1473416279 793643175
t_num: 20 finish: 1473416282 945320181 start: 1473416279 793578095
t_num: 16 finish: 1473416282 977528481 start: 1473416278 432101055
t_num: 5 finish: 1473416284 278980859 start: 1473416281 909929544
t_num: 18 finish: 1473416284 279368842 start: 1473416277 719077271
t_num: 21 finish: 1473416284 812178578 start: 1473416281 778155809
t_num: 6 finish: 1473416285 462953555 start: 1473416283 926234834
t_num: 1 finish: 1473416285 862450925 start: 1473416283 397376534
t_num: 3 finish: 1473416285 863047820 start: 1473416281 831885943
t_num: 7 finish: 1473416285 863052816 start: 1473416281 831873765
t_num: 10 finish: 1473416286 12230015 start: 1473416280 812723847
t_num: 0 finish: 1473416286 159702374 start: 1473416283 926205027
t_num: 23 finish: 1473416286 451050147 start: 1473416281 909916142
t_num: 13 finish: 1473416287 71962927 start: 1473416284 279208039
t_num: 26 finish: 1473416288 372190104 start: 1473416282 688129238
t_num: 18 finish: 1473416288 409614432 start: 1473416284 279386628
t_num: 9 finish: 1473416288 413257016 start: 1473416284 232086677
t_num: 20 finish: 1473416288 703933464 start: 1473416282 945340342
t_num: 14 finish: 1473416289 112570372 start: 1473416282 381162436
t_num: 27 finish: 1473416289 223934968 start: 1473416282 755274142
t_num: 2 finish: 1473416289 411166529 start: 1473416282 381130071
t_num: 1 finish: 1473416289 627431527 start: 1473416285 862478638
t_num: 12 finish: 1473416290 901725751 start: 1473416282 943518266
t_num: 19 finish: 1473416291 136869475 start: 1473416283 721674946
t_num: 16 finish: 1473416291 136876960 start: 1473416282 977550820
t_num: 5 finish: 1473416291 168853590 start: 1473416288 413136426
t_num: 3 finish: 1473416292 24868936 start: 1473416288 348381595
t_num: 13 finish: 1473416292 200743027 start: 1473416287 71996195
t_num: 0 finish: 1473416292 230066039 start: 1473416288 370633667
t_num: 2 finish: 1473416292 342843418 start: 1473416289 411204249
t_num: 8 finish: 1473416292 342880879 start: 1473416285 922956506
t_num: 19 finish: 1473416292 655332400 start: 1473416291 136975023
t_num: 25 finish: 1473416292 655940755 start: 1473416285 924450827
t_num: 31 finish: 1473416292 757373086 start: 1473416288 399995854
t_num: 10 finish: 1473416292 757373086 start: 1473416286 12253734
t_num: 18 finish: 1473416292 887095678 start: 1473416289 624772871
t_num: 20 finish: 1473416292 887105781 start: 1473416288 703983035
t_num: 9 finish: 1473416294 521260573 start: 1473416288 413276480
t_num: 27 finish: 1473416294 652509279 start: 1473416290 312173682
t_num: 29 finish: 1473416294 759715314 start: 1473416285 843298718
t_num: 26 finish: 1473416294 760391490 start: 1473416288 372212565
t_num: 30 finish: 1473416295 262952661 start: 1473416291 737999149
t_num: 0 finish: 1473416295 401144996 start: 1473416292 230098210
t_num: 7 finish: 1473416295 401214497 start: 1473416286 695744204
t_num: 20 finish: 1473416295 557259907 start: 1473416292 887241457
t_num: 2 finish: 1473416296 29821408 start: 1473416295 892970381
t_num: 12 finish: 1473416296 50402080 start: 1473416290 901765807
t_num: 3 finish: 1473416296 345090442 start: 1473416292 24913958
t_num: 13 finish: 1473416296 376576838 start: 1473416292 200786231
t_num: 23 finish: 1473416297 191890855 start: 1473416289 563907802
t_num: 8 finish: 1473416297 309114720 start: 1473416294 169370753
t_num: 7 finish: 1473416297 886164817 start: 1473416295 401231882
t_num: 19 finish: 1473416297 886169984 start: 1473416292 655375675
t_num: 1 finish: 1473416297 886262293 start: 1473416292 962748889
t_num: 26 finish: 1473416298 128103321 start: 1473416294 760412023
t_num: 20 finish: 1473416299 13638430 start: 1473416295 805104349
t_num: 24 finish: 1473416299 64124589 start: 1473416292 343022657
t_num: 18 finish: 1473416299 754627133 start: 1473416292 887177268
t_num: 29 finish: 1473416300 434542583 start: 1473416295 400877320
t_num: 14 finish: 1473416300 435141107 start: 1473416295 401017891
t_num: 27 finish: 1473416300 950392930 start: 1473416295 400847991
t_num: 2 finish: 1473416301 93664966 start: 1473416296 29882012
t_num: 26 finish: 1473416301 599840606 start: 1473416298 128143792
t_num: 23 finish: 1473416301 705533276 start: 1473416298 385813287
t_num: 4 finish: 1473416301 734865243 start: 1473416297 123719292
t_num: 3 finish: 1473416301 801759757 start: 1473416296 345134509
t_num: 12 finish: 1473416302 288020087 start: 1473416296 50455684
t_num: 10 finish: 1473416302 323055907 start: 1473416298 667053347
t_num: 8 finish: 1473416302 386338138 start: 1473416297 309157153
t_num: 9 finish: 1473416303 144120747 start: 1473416297 54516124
t_num: 1 finish: 1473416303 192218340 start: 1473416298 385771216
t_num: 25 finish: 1473416303 210923501 start: 1473416297 218923822
t_num: 24 finish: 1473416303 210940012 start: 1473416300 435313608
t_num: 14 finish: 1473416303 443730719 start: 1473416300 435160249
t_num: 11 finish: 1473416303 828183606 start: 1473416296 876189006
t_num: 3 finish: 1473416303 852315566 start: 1473416301 801793331
t_num: 22 finish: 1473416304 278114404 start: 1473416298 601991423
t_num: 15 finish: 1473416304 588955755 start: 1473416301 234757653
t_num: 19 finish: 1473416304 788586217 start: 1473416300 434869885
t_num: 0 finish: 1473416305 161349093 start: 1473416301 93851406
t_num: 11 finish: 1473416305 510552890 start: 1473416303 828236212
t_num: 7 finish: 1473416306 35234892 start: 1473416301 234812180
t_num: 12 finish: 1473416306 192477008 start: 1473416303 332578644
t_num: 23 finish: 1473416306 192647097 start: 1473416301 705576467
t_num: 27 finish: 1473416306 192678356 start: 1473416301 705561100
t_num: 25 finish: 1473416306 257182538 start: 1473416304 788101512
t_num: 24 finish: 1473416307 45599795 start: 1473416304 17821851
t_num: 1 finish: 1473416307 297145317 start: 1473416303 192242244
t_num: 4 finish: 1473416307 357105009 start: 1473416301 734887276
t_num: 9 finish: 1473416307 357120017 start: 1473416304 788128961
t_num: 11 finish: 1473416308 310849475 start: 1473416305 510594982
t_num: 19 finish: 1473416308 310851882 start: 1473416304 788612783
t_num: 7 finish: 1473416308 390235866 start: 1473416306 889540332
t_num: 2 finish: 1473416308 390423916 start: 1473416303 510435385
t_num: 14 finish: 1473416309 290039581 start: 1473416306 139838057
t_num: 8 finish: 1473416309 358954570 start: 1473416302 955432358
t_num: 15 finish: 1473416309 792596873 start: 1473416304 588995230
t_num: 23 finish: 1473416309 973757154 start: 1473416306 192667051
t_num: 1 finish: 1473416310 952740035 start: 1473416307 297184539
t_num: 22 finish: 1473416311 275449467 start: 1473416304 278193197
t_num: 8 finish: 1473416311 276005812 start: 1473416309 358989441
t_num: 25 finish: 1473416311 423215860 start: 1473416306 257228736
t_num: 24 finish: 1473416312 33928866 start: 1473416307 45638767
t_num: 31 finish: 1473416312 141172381 start: 1473416308 390056175
t_num: 3 finish: 1473416312 431232760 start: 1473416309 759918111
t_num: 7 finish: 1473416312 549410258 start: 1473416308 390259034
t_num: 29 finish: 1473416312 835457802 start: 1473416305 999749232
t_num: 28 finish: 1473416312 837917703 start: 1473416308 214752448
t_num: 19 finish: 1473416312 839711632 start: 1473416308 310938658
t_num: 9 finish: 1473416313 564683078 start: 1473416309 792322290
t_num: 1 finish: 1473416314 69253661 start: 1473416311 33532865
t_num: 12 finish: 1473416314 227633331 start: 1473416309 769596633
t_num: 30 finish: 1473416314 953704181 start: 1473416312 95026457
t_num: 22 finish: 1473416315 43648429 start: 1473416312 304845760
t_num: 25 finish: 1473416315 143080240 start: 1473416311 423258359
t_num: 19 finish: 1473416316 62280319 start: 1473416312 839731166
t_num: 4 finish: 1473416316 316764894 start: 1473416309 761784596
t_num: 14 finish: 1473416316 594652432 start: 1473416309 290095862
t_num: 2 finish: 1473416316 595499641 start: 1473416312 32737664
t_num: 9 finish: 1473416316 747621785 start: 1473416313 564718291
t_num: 3 finish: 1473416317 691838759 start: 1473416312 431266085
t_num: 28 finish: 1473416318 89784405 start: 1473416314 953819970
t_num: 29 finish: 1473416318 100403937 start: 1473416312 835486748
t_num: 13 finish: 1473416318 445600888 start: 1473416314 225542264
t_num: 22 finish: 1473416318 446617600 start: 1473416315 43672256
t_num: 12 finish: 1473416319 9666937 start: 1473416314 227655290
t_num: 31 finish: 1473416319 680091267 start: 1473416314 764266828
t_num: 11 finish: 1473416319 778552309 start: 1473416314 953528958
t_num: 17 finish: 1473416319 786926059 start: 1473416313 274261916
t_num: 1 finish: 1473416320 289668379 start: 1473416314 69291784
t_num: 4 finish: 1473416320 608301441 start: 1473416316 316823696
t_num: 16 finish: 1473416320 966293922 start: 1473416313 998241279
t_num: 27 finish: 1473416321 223810823 start: 1473416315 957313072
t_num: 30 finish: 1473416321 777107594 start: 1473416316 664968890
t_num: 12 finish: 1473416322 308831207 start: 1473416319 9709282
t_num: 10 finish: 1473416323 305006852 start: 1473416318 90530054
t_num: 9 finish: 1473416323 449069123 start: 1473416316 747654248
t_num: 11 finish: 1473416323 503608037 start: 1473416320 362109065
t_num: 19 finish: 1473416324 870104895 start: 1473416317 234687225
t_num: 31 finish: 1473416325 260952136 start: 1473416319 680142953
t_num: 8 finish: 1473416325 260991712 start: 1473416318 89836003
t_num: 22 finish: 1473416325 261182353 start: 1473416321 648182015
t_num: 17 finish: 1473416325 516532815 start: 1473416320 363088136
t_num: 13 finish: 1473416325 521721756 start: 1473416318 445631186
t_num: 2 finish: 1473416325 775676299 start: 1473416319 846807731
t_num: 29 finish: 1473416326 486009165 start: 1473416319 467236177
t_num: 14 finish: 1473416326 597440792 start: 1473416320 818406431
t_num: 28 finish: 1473416326 641261261 start: 1473416321 270169177
t_num: 16 finish: 1473416326 665220050 start: 1473416323 128322759
t_num: 4 finish: 1473416327 159702740 start: 1473416322 78327232
t_num: 27 finish: 1473416328 386603742 start: 1473416321 223902530
t_num: 25 finish: 1473416328 869665071 start: 1473416323 72420077
t_num: 20 finish: 1473416328 870064166 start: 1473416322 646793092
t_num: 11 finish: 1473416329 198788160 start: 1473416326 498705781
t_num: 16 finish: 1473416329 346583356 start: 1473416326 665241499
t_num: 10 finish: 1473416329 354458181 start: 1473416324 293881398
t_num: 15 finish: 1473416329 366014796 start: 1473416325 339133235
t_num: 9 finish: 1473416329 376651323 start: 1473416323 449107069
t_num: 19 finish: 1473416329 566300625 start: 1473416324 870145361
t_num: 22 finish: 1473416330 209596511 start: 1473416325 261205064
t_num: 26 finish: 1473416330 209686506 start: 1473416324 152127973
t_num: 14 finish: 1473416330 210036542 start: 1473416326 597470406
t_num: 5 finish: 1473416330 210287352 start: 1473416323 787191937
t_num: 8 finish: 1473416330 307238506 start: 1473416328 207134931
t_num: 12 finish: 1473416330 307617910 start: 1473416322 308891614
t_num: 30 finish: 1473416330 460977019 start: 1473416328 207365000
t_num: 4 finish: 1473416330 960002831 start: 1473416327 159783911
t_num: 23 finish: 1473416331 868519652 start: 1473416327 839220914
t_num: 2 finish: 1473416331 868584153 start: 1473416325 775711259
t_num: 15 finish: 1473416332 348951910 start: 1473416329 366050198
t_num: 26 finish: 1473416333 256777208 start: 1473416330 209702119
t_num: 22 finish: 1473416333 741401155 start: 1473416330 209641182
t_num: 25 finish: 1473416333 900309637 start: 1473416328 869763332
t_num: 27 finish: 1473416333 900390179 start: 1473416328 869722628
t_num: 5 finish: 1473416334 534842636 start: 1473416330 210307476
t_num: 12 finish: 1473416334 534982888 start: 1473416331 868472464
t_num: 0 finish: 1473416334 719269930 start: 1473416331 868421165
t_num: 26 finish: 1473416334 719592356 start: 1473416333 256807295
t_num: 10 finish: 1473416334 719973700 start: 1473416331 868684944
t_num: 16 finish: 1473416334 720119511 start: 1473416329 346625836
t_num: 29 finish: 1473416334 787585662 start: 1473416328 820269191
t_num: 28 finish: 1473416334 787592850 start: 1473416329 730848691
t_num: 14 finish: 1473416335 87293956 start: 1473416330 210057278
t_num: 24 finish: 1473416335 770367237 start: 1473416332 43447078
t_num: 4 finish: 1473416335 821411098 start: 1473416330 960031722
t_num: 19 finish: 1473416335 821428397 start: 1473416329 566345423
t_num: 8 finish: 1473416335 821586212 start: 1473416331 391289990
t_num: 25 finish: 1473416335 822116312 start: 1473416333 900338995
t_num: 6 finish: 1473416335 822380257 start: 1473416334 39060473
t_num: 30 finish: 1473416336 173259324 start: 1473416333 562011144
t_num: 3 finish: 1473416336 174031180 start: 1473416333 741546791
t_num: 5 finish: 1473416336 250561094 start: 1473416334 534883309
t_num: 11 finish: 1473416336 306459423 start: 1473416333 243690296
t_num: 10 finish: 1473416337 646130626 start: 1473416334 719993899
t_num: 30 finish: 1473416338 503124736 start: 1473416336 173429089
t_num: 16 finish: 1473416338 540431760 start: 1473416334 720137857
t_num: 2 finish: 1473416338 882781529 start: 1473416334 719341069
t_num: 28 finish: 1473416339 891595995 start: 1473416334 787637977
t_num: 30 finish: 1473416340 662210105 start: 1473416338 503169596
t_num: 5 finish: 1473416340 716838045 start: 1473416336 250597314
t_num: 23 finish: 1473416340 982370972 start: 1473416335 823040498
t_num: 29 finish: 1473416341 87288624 start: 1473416334 787610478
t_num: 18 finish: 1473416341 315294824 start: 1473416338 732547983
t_num: 26 finish: 1473416341 336500124 start: 1473416336 723040021
t_num: 11 finish: 1473416341 654977332 start: 1473416336 306477503
t_num: 10 finish: 1473416342 20330257 start: 1473416337 646162929
t_num: 24 finish: 1473416342 152847839 start: 1473416338 441561164
t_num: 25 finish: 1473416342 153476361 start: 1473416335 822137422
t_num: 6 finish: 1473416342 337177331 start: 1473416336 288367527
t_num: 12 finish: 1473416342 364018819 start: 1473416335 822142513
t_num: 16 finish: 1473416342 917049299 start: 1473416340 470208658
t_num: 8 finish: 1473416343 23043137 start: 1473416340 618578309
t_num: 22 finish: 1473416343 194184659 start: 1473416340 938836500
t_num: 29 finish: 1473416343 769991691 start: 1473416341 87325032
t_num: 30 finish: 1473416343 982645579 start: 1473416341 825219674
t_num: 5 finish: 1473416343 982664730 start: 1473416340 716870982
t_num: 28 finish: 1473416343 982693547 start: 1473416339 891630134
t_num: 1 finish: 1473416344 750569699 start: 1473416339 261849703
t_num: 3 finish: 1473416345 11916053 start: 1473416338 570321559
t_num: 11 finish: 1473416345 479821990 start: 1473416341 655021898
t_num: 7 finish: 1473416345 561985556 start: 1473416341 906685741
t_num: 5 finish: 1473416346 462806887 start: 1473416343 982722091
t_num: 26 finish: 1473416346 814923696 start: 1473416341 336554539
t_num: 13 finish: 1473416346 814994962 start: 1473416343 895997927
t_num: 28 finish: 1473416347 273350127 start: 1473416344 673066117
t_num: 24 finish: 1473416347 280335000 start: 1473416343 769978717
t_num: 29 finish: 1473416347 508630801 start: 1473416343 770015423
t_num: 6 finish: 1473416347 610956152 start: 1473416343 54303116
t_num: 17 finish: 1473416347 965448473 start: 1473416342 693089940
t_num: 10 finish: 1473416348 462396520 start: 1473416344 399959997
t_num: 8 finish: 1473416348 700158599 start: 1473416343 665612725
t_num: 12 finish: 1473416349 525547908 start: 1473416342 364065488
t_num: 2 finish: 1473416350 198501766 start: 1473416346 382771284
t_num: 23 finish: 1473416350 810539308 start: 1473416346 382752657
t_num: 30 finish: 1473416350 810568889 start: 1473416347 275969084
t_num: 28 finish: 1473416350 810932772 start: 1473416347 273377901
t_num: 7 finish: 1473416350 811019195 start: 1473416347 271909363
t_num: 22 finish: 1473416350 962140587 start: 1473416346 382746624
t_num: 13 finish: 1473416350 962207685 start: 1473416346 815015161
t_num: 11 finish: 1473416350 962336290 start: 1473416346 912025220
t_num: 5 finish: 1473416350 962466387 start: 1473416346 462856178
t_num: 10 finish: 1473416351 413541589 start: 1473416348 462441239
t_num: 3 finish: 1473416351 515703766 start: 1473416346 912196105
t_num: 6 finish: 1473416353 135560087 start: 1473416347 610987615
t_num: 29 finish: 1473416353 277113096 start: 1473416348 691790875
t_num: 26 finish: 1473416353 442845539 start: 1473416348 31529368
t_num: 28 finish: 1473416354 567439341 start: 1473416350 810952091
t_num: 30 finish: 1473416355 172644625 start: 1473416350 810584065
t_num: 14 finish: 1473416355 291017500 start: 1473416352 867300002
t_num: 12 finish: 1473416355 316532725 start: 1473416351 543544178
t_num: 20 finish: 1473416355 316540064 start: 1473416350 810546703
t_num: 31 finish: 1473416355 316578712 start: 1473416350 462109670
t_num: 2 finish: 1473416355 849707125 start: 1473416350 198537407
t_num: 22 finish: 1473416355 898449908 start: 1473416350 962185351
t_num: 29 finish: 1473416356 294260566 start: 1473416353 277135105
t_num: 9 finish: 1473416356 759029468 start: 1473416351 806697318
t_num: 26 finish: 1473416356 806588796 start: 1473416353 442886826
t_num: 24 finish: 1473416356 806657499 start: 1473416348 5756957
t_num: 18 finish: 1473416356 807350347 start: 1473416353 36201644
t_num: 11 finish: 1473416357 252581174 start: 1473416350 962355465
t_num: 28 finish: 1473416358 581916858 start: 1473416354 567480599
t_num: 21 finish: 1473416358 701305842 start: 1473416353 484420567
t_num: 3 finish: 1473416358 701443785 start: 1473416355 932258416
t_num: 6 finish: 1473416358 702405297 start: 1473416354 25016453
t_num: 30 finish: 1473416359 605685849 start: 1473416355 172680011
t_num: 12 finish: 1473416359 616967747 start: 1473416355 316563738
t_num: 19 finish: 1473416359 630501649 start: 1473416355 418097025
t_num: 11 finish: 1473416360 439092294 start: 1473416357 252624564
t_num: 24 finish: 1473416360 439097469 start: 1473416356 806677477
t_num: 20 finish: 1473416360 627494121 start: 1473416355 316620154
t_num: 17 finish: 1473416361 28111631 start: 1473416353 570876989
t_num: 22 finish: 1473416361 160447001 start: 1473416355 898517264
t_num: 12 finish: 1473416361 738366168 start: 1473416359 616987979
t_num: 9 finish: 1473416361 930470215 start: 1473416356 759074749
t_num: 26 finish: 1473416362 23808977 start: 1473416358 701113482
t_num: 18 finish: 1473416362 273852742 start: 1473416358 701721024
t_num: 28 finish: 1473416362 771468065 start: 1473416360 31797608
t_num: 21 finish: 1473416362 807392456 start: 1473416359 176945771
t_num: 6 finish: 1473416362 807438786 start: 1473416360 32584611
t_num: 30 finish: 1473416364 232268166 start: 1473416359 605721635
t_num: 4 finish: 1473416364 232446292 start: 1473416361 540230639
t_num: 19 finish: 1473416364 839559498 start: 1473416359 630522159
t_num: 12 finish: 1473416364 839777287 start: 1473416361 738408192
t_num: 20 finish: 1473416364 839792362 start: 1473416361 546439171
t_num: 22 finish: 1473416364 934614343 start: 1473416361 160470732
t_num: 26 finish: 1473416364 934874886 start: 1473416362 23851513
t_num: 28 finish: 1473416364 934930022 start: 1473416362 771530403
t_num: 1 finish: 1473416364 990900577 start: 1473416361 609881645
t_num: 9 finish: 1473416365 104079276 start: 1473416361 930515092
t_num: 0 finish: 1473416365 778673573 start: 1473416360 439365503
t_num: 29 finish: 1473416366 502672632 start: 1473416363 777708562
t_num: 16 finish: 1473416367 993112788 start: 1473416365 282346605
t_num: 21 finish: 1473416368 40737061 start: 1473416362 807420224
t_num: 3 finish: 1473416368 428962714 start: 1473416363 870955370
t_num: 0 finish: 1473416368 493749665 start: 1473416365 778721010
t_num: 7 finish: 1473416368 598879800 start: 1473416363 505276081
t_num: 25 finish: 1473416368 662835586 start: 1473416363 936653279
t_num: 24 finish: 1473416369 430600251 start: 1473416363 936713997
t_num: 9 finish: 1473416369 592880948 start: 1473416365 104115742
t_num: 27 finish: 1473416369 674691949 start: 1473416364 232168231
t_num: 20 finish: 1473416369 739479946 start: 1473416366 338557809
t_num: 4 finish: 1473416369 739622573 start: 1473416364 935040003
t_num: 15 finish: 1473416370 189207975 start: 1473416364 184540659
t_num: 12 finish: 1473416371 295780387 start: 1473416367 451401212
t_num: 13 finish: 1473416371 358123636 start: 1473416365 917526419
t_num: 22 finish: 1473416371 437344747 start: 1473416366 805864675
t_num: 11 finish: 1473416371 536669366 start: 1473416363 516618038
t_num: 23 finish: 1473416371 613590197 start: 1473416368 850406810
t_num: 28 finish: 1473416371 672464881 start: 1473416366 380756359
t_num: 21 finish: 1473416371 677288258 start: 1473416368 40766622
t_num: 25 finish: 1473416372 175836586 start: 1473416368 662885025
t_num: 7 finish: 1473416372 438285734 start: 1473416368 598904734
t_num: 5 finish: 1473416372 739228014 start: 1473416368 81670965
t_num: 20 finish: 1473416372 858996332 start: 1473416369 739530407
t_num: 16 finish: 1473416373 256902744 start: 1473416368 493731785
t_num: 2 finish: 1473416373 686644008 start: 1473416370 283061596
t_num: 19 finish: 1473416373 687816357 start: 1473416367 762857737
t_num: 4 finish: 1473416373 689584036 start: 1473416369 739641748
t_num: 24 finish: 1473416373 778403310 start: 1473416369 430628947
t_num: 1 finish: 1473416373 779053716 start: 1473416366 853878022
t_num: 9 finish: 1473416374 794240553 start: 1473416372 464671812
t_num: 22 finish: 1473416374 794308761 start: 1473416371 437388406
t_num: 29 finish: 1473416374 794317085 start: 1473416371 111969002
t_num: 15 finish: 1473416376 223408358 start: 1473416370 189251876
t_num: 22 finish: 1473416376 800812619 start: 1473416374 794322927
t_num: 21 finish: 1473416376 935329483 start: 1473416371 677307672
t_num: 19 finish: 1473416377 287175254 start: 1473416374 794298405
t_num: 7 finish: 1473416377 361123850 start: 1473416372 438336178
t_num: 11 finish: 1473416377 944069002 start: 1473416371 536709576
t_num: 5 finish: 1473416378 53257131 start: 1473416372 739264326
t_num: 23 finish: 1473416378 156932781 start: 1473416373 689646193
t_num: 20 finish: 1473416378 674107824 start: 1473416372 859038953
t_num: 12 finish: 1473416378 863170460 start: 1473416374 643580407
t_num: 15 finish: 1473416379 16502981 start: 1473416376 223454038
t_num: 2 finish: 1473416380 121394062 start: 1473416376 79766602
t_num: 13 finish: 1473416381 87596189 start: 1473416371 358173609
t_num: 3 finish: 1473416381 88209395 start: 1473416372 389326622
t_num: 16 finish: 1473416381 88284050 start: 1473416373 734234915
t_num: 24 finish: 1473416381 88322637 start: 1473416375 904355078
t_num: 0 finish: 1473416381 88563717 start: 1473416375 11044896
t_num: 7 finish: 1473416381 88742994 start: 1473416377 361153713
t_num: 12 finish: 1473416381 226158812 start: 1473416378 863213780
t_num: 6 finish: 1473416381 566414327 start: 1473416377 983470586
t_num: 2 finish: 1473416381 717049485 start: 1473416380 121437639
t_num: 19 finish: 1473416381 717132834 start: 1473416378 289589188
t_num: 26 finish: 1473416381 717562836 start: 1473416380 5594736
t_num: 25 finish: 1473416381 717776528 start: 1473416376 479687481
t_num: 4 finish: 1473416382 87219100 start: 1473416373 689605929
t_num: 20 finish: 1473416382 150466171 start: 1473416380 264467867
t_num: 27 finish: 1473416382 253663164 start: 1473416378 289821757
t_num: 5 finish: 1473416382 603545531 start: 1473416378 53289101
t_num: 22 finish: 1473416382 603592418 start: 1473416379 686848148
t_num: 21 finish: 1473416382 951716437 start: 1473416376 935357670
t_num: 11 finish: 1473416382 952511115 start: 1473416380 717777194
t_num: 29 finish: 1473416383 743960107 start: 1473416378 53565564
t_num: 16 finish: 1473416384 65013064 start: 1473416381 88302600
t_num: 30 finish: 1473416384 65013070 start: 1473416381 88366110
t_num: 6 finish: 1473416385 682060448 start: 1473416382 952464293
t_num: 22 finish: 1473416385 682113921 start: 1473416382 603610685
t_num: 10 finish: 1473416385 682426135 start: 1473416382 757897113
t_num: 0 finish: 1473416385 683206189 start: 1473416381 88582172
t_num: 31 finish: 1473416386 902775441 start: 1473416382 952685301
t_num: 13 finish: 1473416386 902801912 start: 1473416383 744246894
t_num: 4 finish: 1473416386 903610326 start: 1473416382 87277312
t_num: 19 finish: 1473416387 794585877 start: 1473416381 717186402
t_num: 30 finish: 1473416387 794653435 start: 1473416384 65081796
t_num: 12 finish: 1473416387 859525301 start: 1473416381 226183363
t_num: 14 finish: 1473416387 890861502 start: 1473416382 554904422
t_num: 27 finish: 1473416387 906828662 start: 1473416382 952585044
t_num: 21 finish: 1473416387 925637932 start: 1473416384 632594599
t_num: 29 finish: 1473416387 925782980 start: 1473416383 744003413
t_num: 6 finish: 1473416388 663682802 start: 1473416385 682106782
t_num: 25 finish: 1473416388 664576581 start: 1473416381 717812678
t_num: 26 finish: 1473416388 664595667 start: 1473416385 966169233
t_num: 18 finish: 1473416388 664618230 start: 1473416385 682130620
t_num: 11 finish: 1473416389 321386916 start: 1473416382 952531841
t_num: 12 finish: 1473416390 452690130 start: 1473416387 859559685
t_num: 22 finish: 1473416390 881853946 start: 1473416386 832896716
t_num: 21 finish: 1473416390 881853946 start: 1473416387 925658574
t_num: 27 finish: 1473416390 882027962 start: 1473416387 906849707
t_num: 8 finish: 1473416391 426219298 start: 1473416387 635543120
t_num: 31 finish: 1473416391 456734923 start: 1473416387 511267197
t_num: 3 finish: 1473416391 506862009 start: 1473416386 363640311
t_num: 10 finish: 1473416391 811664519 start: 1473416386 832785677
t_num: 13 finish: 1473416392 392991808 start: 1473416386 902983027
t_num: 25 finish: 1473416392 989744042 start: 1473416390 272740738
t_num: 27 finish: 1473416393 121427822 start: 1473416390 882042942
t_num: 16 finish: 1473416393 244047202 start: 1473416389 637277467
t_num: 19 finish: 1473416393 244047202 start: 1473416387 794629519
t_num: 18 finish: 1473416394 36576003 start: 1473416388 664633254
t_num: 11 finish: 1473416394 89067805 start: 1473416389 321428596
t_num: 17 finish: 1473416394 352250639 start: 1473416391 862266750
t_num: 29 finish: 1473416394 496335777 start: 1473416393 744157656
t_num: 6 finish: 1473416394 595324132 start: 1473416390 882026658
t_num: 22 finish: 1473416394 969440376 start: 1473416390 881899975
t_num: 1 finish: 1473416395 162664856 start: 1473416390 493223061
t_num: 14 finish: 1473416395 163506471 start: 1473416387 890911651
t_num: 20 finish: 1473416396 44192814 start: 1473416391 88900996
t_num: 13 finish: 1473416396 186024713 start: 1473416392 393032928
t_num: 30 finish: 1473416396 200169151 start: 1473416392 348642021
t_num: 21 finish: 1473416397 95540344 start: 1473416392 57131467
t_num: 22 finish: 1473416397 178625591 start: 1473416394 969502531
t_num: 18 finish: 1473416397 637430177 start: 1473416394 36638735
t_num: 10 finish: 1473416397 879312160 start: 1473416391 811708315
t_num: 9 finish: 1473416398 613868700 start: 1473416395 87903525
t_num: 31 finish: 1473416398 817792056 start: 1473416394 210589918
t_num: 1 finish: 1473416399 179197241 start: 1473416395 162707246
t_num: 14 finish: 1473416399 224362495 start: 1473416397 94400525
t_num: 3 finish: 1473416399 525915639 start: 1473416395 237040400
t_num: 5 finish: 1473416399 942093287 start: 1473416397 617103763
t_num: 27 finish: 1473416400 21161035 start: 1473416394 529634330
t_num: 20 finish: 1473416400 421162211 start: 1473416396 44229027
t_num: 8 finish: 1473416400 421707190 start: 1473416397 96144842
t_num: 22 finish: 1473416401 127764896 start: 1473416397 178661408
t_num: 25 finish: 1473416401 205067939 start: 1473416395 205907509
t_num: 7 finish: 1473416401 689307964 start: 1473416397 616987090
t_num: 30 finish: 1473416401 856346252 start: 1473416396 200186422
t_num: 13 finish: 1473416401 937664868 start: 1473416396 186058097
t_num: 17 finish: 1473416402 758193124 start: 1473416397 36690960
t_num: 31 finish: 1473416403 211813862 start: 1473416398 817842393
t_num: 8 finish: 1473416403 318548586 start: 1473416400 421727647
t_num: 19 finish: 1473416403 527639414 start: 1473416397 93910403
t_num: 27 finish: 1473416403 847896327 start: 1473416400 21200722
t_num: 25 finish: 1473416404 274612304 start: 1473416402 392495873
t_num: 3 finish: 1473416404 404139329 start: 1473416399 525950511
t_num: 9 finish: 1473416404 404139329 start: 1473416402 235189445
t_num: 13 finish: 1473416405 237072384 start: 1473416402 819229571
t_num: 5 finish: 1473416405 237107330 start: 1473416399 942141390
t_num: 14 finish: 1473416405 237112875 start: 1473416399 224400339
t_num: 11 finish: 1473416405 237646854 start: 1473416398 713658391
t_num: 31 finish: 1473416405 238564778 start: 1473416403 211855940
t_num: 1 finish: 1473416405 894411124 start: 1473416399 179245739
t_num: 30 finish: 1473416406 114935422 start: 1473416401 856404701
t_num: 10 finish: 1473416406 281245566 start: 1473416400 719121118
t_num: 17 finish: 1473416406 281245589 start: 1473416404 274456704
t_num: 7 finish: 1473416407 119739184 start: 1473416403 725068805
t_num: 16 finish: 1473416407 222140200 start: 1473416404 274743444
t_num: 19 finish: 1473416407 222187581 start: 1473416403 527692940
t_num: 27 finish: 1473416407 548814113 start: 1473416403 847933927
t_num: 20 finish: 1473416408 389483635 start: 1473416401 205096997
t_num: 22 finish: 1473416408 389539535 start: 1473416405 237016134
t_num: 24 finish: 1473416408 389678438 start: 1473416404 685585005
t_num: 15 finish: 1473416408 409743351 start: 1473416405 99987715
t_num: 9 finish: 1473416408 410120696 start: 1473416404 404239478
t_num: 1 finish: 1473416408 838038079 start: 1473416407 192804015
t_num: 31 finish: 1473416408 963812140 start: 1473416405 238585811
t_num: 7 finish: 1473416408 963939942 start: 1473416407 119769583
t_num: 4 finish: 1473416409 584748990 start: 1473416406 528137811
t_num: 14 finish: 1473416410 417286575 start: 1473416406 987392152
t_num: 5 finish: 1473416411 363778440 start: 1473416405 237125880
t_num: 27 finish: 1473416411 813493065 start: 1473416407 548865806
t_num: 30 finish: 1473416411 813496365 start: 1473416407 807188035
t_num: 17 finish: 1473416411 829418361 start: 1473416406 281330935
t_num: 20 finish: 1473416412 238278175 start: 1473416408 389527042
t_num: 22 finish: 1473416412 238278302 start: 1473416408 389558297
t_num: 4 finish: 1473416413 987373321 start: 1473416409 584782691
t_num: 11 finish: 1473416414 42056618 start: 1473416408 139407927
t_num: 30 finish: 1473416414 523708797 start: 1473416411 813540311
t_num: 5 finish: 1473416414 744904802 start: 1473416411 363826855
t_num: 27 finish: 1473416414 744904802 start: 1473416411 813526594
t_num: 15 finish: 1473416415 3000951 start: 1473416410 643339721
t_num: 23 finish: 1473416415 55270630 start: 1473416410 535817233
t_num: 28 finish: 1473416415 55337435 start: 1473416410 23853049
t_num: 16 finish: 1473416415 64027078 start: 1473416410 535922957
t_num: 19 finish: 1473416415 300844816 start: 1473416407 222207821
t_num: 1 finish: 1473416416 309160062 start: 1473416411 568844009
t_num: 20 finish: 1473416416 786130111 start: 1473416412 721358151
t_num: 7 finish: 1473416416 786277135 start: 1473416412 100178835
t_num: 14 finish: 1473416416 893599722 start: 1473416411 582200550
t_num: 26 finish: 1473416416 894114736 start: 1473416413 421999573
t_num: 12 finish: 1473416417 317187132 start: 1473416412 721339899
t_num: 24 finish: 1473416417 646118218 start: 1473416411 495135706
t_num: 6 finish: 1473416417 702483752 start: 1473416414 744970323
t_num: 18 finish: 1473416418 337793926 start: 1473416413 937695060
t_num: 17 finish: 1473416418 378959612 start: 1473416413 118675619
t_num: 30 finish: 1473416418 378980841 start: 1473416414 523768266
t_num: 29 finish: 1473416419 698005092 start: 1473416417 670668891
t_num: 19 finish: 1473416419 726902933 start: 1473416415 300879845
t_num: 28 finish: 1473416419 938704239 start: 1473416416 893626129
t_num: 5 finish: 1473416420 657279004 start: 1473416414 744965538
t_num: 8 finish: 1473416421 77344079 start: 1473416417 702500331
t_num: 30 finish: 1473416421 105564332 start: 1473416418 379096366
t_num: 14 finish: 1473416421 115639330 start: 1473416416 893675033
t_num: 24 finish: 1473416421 117191174 start: 1473416417 646167058
t_num: 12 finish: 1473416421 117207815 start: 1473416417 317213652
t_num: 23 finish: 1473416421 969828580 start: 1473416418 206092274
t_num: 6 finish: 1473416421 969841279 start: 1473416418 205488320
t_num: 15 finish: 1473416422 440478738 start: 1473416415 973582528
t_num: 1 finish: 1473416422 441221490 start: 1473416416 900184535
t_num: 4 finish: 1473416422 821735217 start: 1473416416 572290287
t_num: 18 finish: 1473416422 822768704 start: 1473416421 77490682
t_num: 19 finish: 1473416422 839015502 start: 1473416419 726921521
t_num: 26 finish: 1473416423 96539338 start: 1473416416 894135627
t_num: 24 finish: 1473416423 757937096 start: 1473416421 117211837
t_num: 22 finish: 1473416423 843744698 start: 1473416416 631840316
t_num: 5 finish: 1473416424 76695014 start: 1473416421 667674879
t_num: 14 finish: 1473416424 839629475 start: 1473416421 115667390
t_num: 12 finish: 1473416424 982246453 start: 1473416421 117223284
t_num: 16 finish: 1473416425 616235543 start: 1473416420 34415605
t_num: 20 finish: 1473416425 686762697 start: 1473416420 534246421
t_num: 25 finish: 1473416426 343721724 start: 1473416423 95905688
t_num: 3 finish: 1473416427 379304794 start: 1473416422 511444439
t_num: 29 finish: 1473416427 379962363 start: 1473416421 495249626
t_num: 19 finish: 1473416427 442980858 start: 1473416422 839049074
t_num: 15 finish: 1473416427 623001774 start: 1473416422 440543866
t_num: 23 finish: 1473416427 699443467 start: 1473416421 969917977
t_num: 24 finish: 1473416427 768740694 start: 1473416423 757980088
t_num: 18 finish: 1473416428 305981490 start: 1473416424 188265985
t_num: 0 finish: 1473416428 452099363 start: 1473416421 495327282
t_num: 22 finish: 1473416428 452134774 start: 1473416423 843771275
t_num: 26 finish: 1473416429 161262720 start: 1473416423 96567313
t_num: 4 finish: 1473416429 321633949 start: 1473416427 555565996
t_num: 12 finish: 1473416429 579447740 start: 1473416424 982273665
t_num: 25 finish: 1473416429 579467998 start: 1473416426 343779344
t_num: 5 finish: 1473416429 579506857 start: 1473416424 76740905
t_num: 9 finish: 1473416429 967063755 start: 1473416426 264976214
t_num: 19 finish: 1473416430 6317245 start: 1473416427 864329797
t_num: 30 finish: 1473416430 295674754 start: 1473416425 892256270
t_num: 22 finish: 1473416431 240496695 start: 1473416428 452162900
t_num: 18 finish: 1473416431 399629694 start: 1473416429 58081560
t_num: 6 finish: 1473416431 416495558 start: 1473416424 614332438
t_num: 14 finish: 1473416431 520879390 start: 1473416425 857209651
t_num: 15 finish: 1473416431 573830033 start: 1473416427 623031660
t_num: 23 finish: 1473416432 145812276 start: 1473416427 699488884
t_num: 28 finish: 1473416432 255906956 start: 1473416427 864342930
t_num: 24 finish: 1473416433 594497868 start: 1473416429 509274378
t_num: 9 finish: 1473416433 715434615 start: 1473416429 967102133
t_num: 25 finish: 1473416433 715450207 start: 1473416432 27855753
t_num: 3 finish: 1473416433 765970895 start: 1473416429 579511781
t_num: 5 finish: 1473416433 891092787 start: 1473416429 579522825
t_num: 4 finish: 1473416434 201198838 start: 1473416431 60063298
t_num: 6 finish: 1473416434 201211854 start: 1473416431 416518603
t_num: 10 finish: 1473416434 201283780 start: 1473416432 340240177
t_num: 14 finish: 1473416435 318131859 start: 1473416431 520927857
t_num: 11 finish: 1473416435 874699326 start: 1473416433 715500220
t_num: 13 finish: 1473416436 150764700 start: 1473416429 318892716
t_num: 15 finish: 1473416436 175105190 start: 1473416432 653130723
t_num: 23 finish: 1473416436 728300956 start: 1473416435 114769784
t_num: 12 finish: 1473416436 810853300 start: 1473416431 64574309
t_num: 7 finish: 1473416437 225611159 start: 1473416430 6254861
t_num: 27 finish: 1473416437 225646080 start: 1473416432 255823729
t_num: 30 finish: 1473416437 225612206 start: 1473416430 295719805
t_num: 22 finish: 1473416438 70798893 start: 1473416434 672742437
t_num: 6 finish: 1473416438 70922762 start: 1473416434 201370558
t_num: 2 finish: 1473416438 468071211 start: 1473416434 858119742
t_num: 25 finish: 1473416438 468071289 start: 1473416434 672682333
t_num: 28 finish: 1473416438 592140743 start: 1473416434 672781783
t_num: 29 finish: 1473416438 692785640 start: 1473416436 125038196
t_num: 4 finish: 1473416438 700872138 start: 1473416436 811047390
t_num: 3 finish: 1473416438 749052706 start: 1473416435 588605630
t_num: 19 finish: 1473416439 178244464 start: 1473416430 6366848
t_num: 14 finish: 1473416439 347016960 start: 1473416435 318176409
t_num: 11 finish: 1473416439 468532889 start: 1473416435 874734276
t_num: 12 finish: 1473416439 552480227 start: 1473416436 810877516
t_num: 17 finish: 1473416439 552538302 start: 1473416436 889716562
t_num: 29 finish: 1473416440 520798147 start: 1473416438 692821316
t_num: 3 finish: 1473416441 91791621 start: 1473416438 749071944
t_num: 6 finish: 1473416441 202952506 start: 1473416438 70943768
t_num: 22 finish: 1473416441 206626490 start: 1473416438 71149733
t_num: 30 finish: 1473416441 387622910 start: 1473416437 225711564
t_num: 4 finish: 1473416441 921569519 start: 1473416438 700915639
t_num: 13 finish: 1473416441 994141132 start: 1473416437 570056855
t_num: 29 finish: 1473416442 265647938 start: 1473416440 520830863
t_num: 19 finish: 1473416443 49337427 start: 1473416439 441435035
t_num: 8 finish: 1473416443 89531601 start: 1473416440 211647024
t_num: 14 finish: 1473416443 89774918 start: 1473416439 347060174
t_num: 15 finish: 1473416443 200816738 start: 1473416438 813114982
t_num: 12 finish: 1473416443 844388156 start: 1473416439 552509671
t_num: 5 finish: 1473416443 972289838 start: 1473416440 211721623
t_num: 2 finish: 1473416445 257952112 start: 1473416441 202522155
t_num: 5 finish: 1473416445 759966959 start: 1473416443 972317517
t_num: 13 finish: 1473416446 119756979 start: 1473416441 994190023
t_num: 17 finish: 1473416446 393908423 start: 1473416441 326706474
t_num: 19 finish: 1473416447 56517412 start: 1473416443 49384654
t_num: 28 finish: 1473416447 57073889 start: 1473416442 828207577
t_num: 30 finish: 1473416447 210545165 start: 1473416441 387658537
t_num: 11 finish: 1473416447 272715462 start: 1473416442 879710240
t_num: 4 finish: 1473416447 390624395 start: 1473416441 921621309
t_num: 15 finish: 1473416447 796171232 start: 1473416443 200857532
t_num: 31 finish: 1473416447 964722467 start: 1473416443 317792157
t_num: 21 finish: 1473416448 60848669 start: 1473416443 972139702
t_num: 9 finish: 1473416448 487903602 start: 1473416443 972545845
t_num: 10 finish: 1473416448 796001194 start: 1473416442 602521670
t_num: 17 finish: 1473416448 998259915 start: 1473416446 393944599
t_num: 22 finish: 1473416449 500863895 start: 1473416442 828092043
t_num: 13 finish: 1473416449 595170054 start: 1473416447 390963212
t_num: 29 finish: 1473416449 595277964 start: 1473416444 138813839
t_num: 5 finish: 1473416449 873339370 start: 1473416445 760007285
t_num: 0 finish: 1473416450 425269959 start: 1473416447 366132596
t_num: 8 finish: 1473416450 497028461 start: 1473416447 964702564
t_num: 12 finish: 1473416450 706218360 start: 1473416447 964730850
t_num: 19 finish: 1473416450 706220924 start: 1473416447 56554849
t_num: 17 finish: 1473416451 448405373 start: 1473416449 53785200
t_num: 10 finish: 1473416451 556218532 start: 1473416448 796043654
t_num: 18 finish: 1473416452 512800326 start: 1473416445 967712038
t_num: 31 finish: 1473416452 609436839 start: 1473416449 189009723
t_num: 29 finish: 1473416452 732613133 start: 1473416449 595297385
t_num: 4 finish: 1473416452 892441722 start: 1473416447 390657665
t_num: 21 finish: 1473416453 291172 start: 1473416448 458298180
t_num: 11 finish: 1473416454 197662896 start: 1473416448 341093600
t_num: 28 finish: 1473416454 267700935 start: 1473416447 57092978
t_num: 13 finish: 1473416454 313591782 start: 1473416449 595209305
t_num: 1 finish: 1473416454 507772010 start: 1473416451 593925183
t_num: 27 finish: 1473416455 47646562 start: 1473416448 158763215
t_num: 0 finish: 1473416455 138747342 start: 1473416450 425309449
t_num: 8 finish: 1473416455 155636937 start: 1473416450 497073537
t_num: 22 finish: 1473416455 208213785 start: 1473416449 500929479
t_num: 18 finish: 1473416455 251019918 start: 1473416452 512844789
t_num: 4 finish: 1473416455 271747283 start: 1473416452 892476363
t_num: 21 finish: 1473416455 970739757 start: 1473416453 337995
t_num: 12 finish: 1473416456 79413274 start: 1473416452 446996194
t_num: 15 finish: 1473416456 305082448 start: 1473416451 111056215
t_num: 30 finish: 1473416457 15919634 start: 1473416453 542254029
t_num: 5 finish: 1473416457 167930567 start: 1473416449 873374033
t_num: 31 finish: 1473416457 167944801 start: 1473416452 609503010
t_num: 4 finish: 1473416457 634968199 start: 1473416455 271767372
t_num: 19 finish: 1473416457 634981825 start: 1473416453 202041175
t_num: 16 finish: 1473416457 658978493 start: 1473416454 197691537
t_num: 22 finish: 1473416457 659097646 start: 1473416455 208240173
t_num: 8 finish: 1473416458 259992736 start: 1473416455 155657858
t_num: 15 finish: 1473416459 320698837 start: 1473416456 305109435
t_num: 0 finish: 1473416459 321186460 start: 1473416455 138778050
t_num: 20 finish: 1473416459 852067400 start: 1473416454 439240065
t_num: 24 finish: 1473416459 887038991 start: 1473416457 338002991
t_num: 11 finish: 1473416460 30292475 start: 1473416454 879053699
t_num: 29 finish: 1473416460 177731703 start: 1473416454 313573677
t_num: 7 finish: 1473416460 218891684 start: 1473416457 168094264
t_num: 18 finish: 1473416460 353044578 start: 1473416455 251056360
t_num: 13 finish: 1473416460 403836538 start: 1473416456 893627198
t_num: 22 finish: 1473416460 498485480 start: 1473416457 659115471
t_num: 5 finish: 1473416460 577687363 start: 1473416457 167981669
t_num: 12 finish: 1473416461 249390395 start: 1473416457 658960422
t_num: 6 finish: 1473416461 250867690 start: 1473416459 164377923
t_num: 16 finish: 1473416463 242224300 start: 1473416457 658995740
t_num: 23 finish: 1473416463 242292236 start: 1473416459 320766238
t_num: 0 finish: 1473416463 242638002 start: 1473416459 321207068
t_num: 4 finish: 1473416463 242923842 start: 1473416461 249423236
t_num: 3 finish: 1473416463 242925221 start: 1473416460 494498898
t_num: 31 finish: 1473416463 244234277 start: 1473416459 851825275
t_num: 28 finish: 1473416464 648522189 start: 1473416461 376298192
t_num: 5 finish: 1473416464 648829184 start: 1473416461 249451309
t_num: 6 finish: 1473416464 649088435 start: 1473416461 250888507
t_num: 11 finish: 1473416464 649196452 start: 1473416461 249628270
t_num: 15 finish: 1473416465 480285513 start: 1473416459 320791219
t_num: 24 finish: 1473416465 518954372 start: 1473416462 513022812
t_num: 9 finish: 1473416465 519093646 start: 1473416459 382565327
t_num: 13 finish: 1473416465 519436189 start: 1473416460 403862556
t_num: 7 finish: 1473416465 519479093 start: 1473416461 524536993
t_num: 22 finish: 1473416465 519877413 start: 1473416463 243222383
t_num: 11 finish: 1473416465 520160348 start: 1473416464 649214804
t_num: 14 finish: 1473416465 855615833 start: 1473416463 242846292
t_num: 29 finish: 1473416466 93409628 start: 1473416463 403696044
t_num: 8 finish: 1473416466 730193244 start: 1473416460 610666006
t_num: 25 finish: 1473416467 95704436 start: 1473416463 243001926
t_num: 12 finish: 1473416467 96030423 start: 1473416463 343173818
t_num: 23 finish: 1473416467 357327808 start: 1473416463 242326688
t_num: 9 finish: 1473416469 479898564 start: 1473416465 519112258
t_num: 5 finish: 1473416469 579395934 start: 1473416464 648849261
t_num: 23 finish: 1473416469 627373707 start: 1473416467 357370377
t_num: 21 finish: 1473416469 627376256 start: 1473416465 942440757
t_num: 4 finish: 1473416469 725819406 start: 1473416465 12342367
t_num: 3 finish: 1473416469 833753328 start: 1473416464 271384731
t_num: 0 finish: 1473416470 632786007 start: 1473416465 519042747
t_num: 11 finish: 1473416470 796788140 start: 1473416465 520179753
t_num: 10 finish: 1473416470 862113911 start: 1473416467 284496660
t_num: 15 finish: 1473416470 862147493 start: 1473416467 95353241
t_num: 13 finish: 1473416470 939397288 start: 1473416467 627364041
t_num: 25 finish: 1473416470 984150754 start: 1473416467 95731817
t_num: 22 finish: 1473416471 707857995 start: 1473416467 197381342
t_num: 6 finish: 1473416471 749026249 start: 1473416468 741927533
t_num: 29 finish: 1473416471 882873422 start: 1473416467 95591243
t_num: 12 finish: 1473416472 111911232 start: 1473416467 96050457
t_num: 28 finish: 1473416472 787232858 start: 1473416467 627142483
t_num: 31 finish: 1473416472 939399687 start: 1473416467 95403410
t_num: 7 finish: 1473416473 343096365 start: 1473416468 960692863
t_num: 22 finish: 1473416474 501990036 start: 1473416471 707897289
t_num: 21 finish: 1473416474 543482815 start: 1473416469 627439309
t_num: 3 finish: 1473416474 543533902 start: 1473416469 833789602
t_num: 29 finish: 1473416474 661400493 start: 1473416472 486543464
t_num: 12 finish: 1473416474 744073237 start: 1473416472 111945212
t_num: 0 finish: 1473416474 744285644 start: 1473416470 632831068
t_num: 5 finish: 1473416475 901341551 start: 1473416470 736415228
t_num: 13 finish: 1473416476 615176831 start: 1473416470 939435784
t_num: 23 finish: 1473416476 615887539 start: 1473416471 741830957
t_num: 27 finish: 1473416476 708759837 start: 1473416472 483819662
t_num: 9 finish: 1473416477 266256343 start: 1473416471 819497650
t_num: 6 finish: 1473416477 266592924 start: 1473416474 366918274
t_num: 15 finish: 1473416477 266653412 start: 1473416470 862164466
t_num: 22 finish: 1473416477 487153865 start: 1473416474 502032415
t_num: 4 finish: 1473416479 207321336 start: 1473416473 719927385
t_num: 31 finish: 1473416479 208666187 start: 1473416472 939421431
t_num: 10 finish: 1473416479 208694901 start: 1473416473 543292186
t_num: 3 finish: 1473416479 600764971 start: 1473416474 543552386
t_num: 1 finish: 1473416479 697279049 start: 1473416472 933569378
t_num: 11 finish: 1473416479 781344272 start: 1473416474 366936524
t_num: 19 finish: 1473416480 569002202 start: 1473416476 589181421
t_num: 23 finish: 1473416480 624960015 start: 1473416476 615905465
t_num: 18 finish: 1473416481 963242040 start: 1473416477 289110116
t_num: 30 finish: 1473416481 963457335 start: 1473416475 403057027
t_num: 2 finish: 1473416482 186963654 start: 1473416473 493899987
t_num: 21 finish: 1473416482 241064289 start: 1473416477 266631972
t_num: 7 finish: 1473416482 241091155 start: 1473416477 266405699
t_num: 29 finish: 1473416482 241201297 start: 1473416478 757923528
t_num: 5 finish: 1473416482 361281310 start: 1473416478 255027484
t_num: 20 finish: 1473416482 430967177 start: 1473416476 622440988
t_num: 26 finish: 1473416482 431077029 start: 1473416477 263005958
t_num: 12 finish: 1473416482 580992169 start: 1473416478 967738805
t_num: 4 finish: 1473416483 930139541 start: 1473416479 207365144
t_num: 23 finish: 1473416485 615327254 start: 1473416481 26441626
t_num: 10 finish: 1473416485 695527717 start: 1473416479 208714093
t_num: 1 finish: 1473416485 783486151 start: 1473416479 697315658
t_num: 31 finish: 1473416485 847087699 start: 1473416480 460605182
t_num: 3 finish: 1473416486 126265317 start: 1473416480 17501699
t_num: 11 finish: 1473416486 488416736 start: 1473416480 624970910
t_num: 15 finish: 1473416486 488450855 start: 1473416482 613892554
t_num: 27 finish: 1473416486 488416721 start: 1473416479 531362044
t_num: 22 finish: 1473416486 824834901 start: 1473416479 229930812
t_num: 29 finish: 1473416486 824962617 start: 1473416482 241234714
t_num: 16 finish: 1473416487 224852884 start: 1473416482 770954708
t_num: 19 finish: 1473416487 329342438 start: 1473416483 563267328
t_num: 24 finish: 1473416487 448624260 start: 1473416481 393572092
t_num: 12 finish: 1473416487 477031747 start: 1473416482 581025029
t_num: 4 finish: 1473416487 477039604 start: 1473416483 930178647
t_num: 28 finish: 1473416488 675512792 start: 1473416484 819581214
t_num: 18 finish: 1473416488 781005897 start: 1473416483 525506013
t_num: 31 finish: 1473416489 248907648 start: 1473416486 315812195
t_num: 21 finish: 1473416489 417068049 start: 1473416482 241111826
t_num: 15 finish: 1473416489 418196391 start: 1473416486 488466894
t_num: 1 finish: 1473416489 580921914 start: 1473416485 783519829
t_num: 20 finish: 1473416489 887872919 start: 1473416483 977027680
t_num: 10 finish: 1473416491 116830398 start: 1473416485 695555413
t_num: 2 finish: 1473416491 579297980 start: 1473416486 824867014
t_num: 25 finish: 1473416491 782578238 start: 1473416488 775420728
t_num: 16 finish: 1473416491 852967089 start: 1473416487 224906258
t_num: 27 finish: 1473416491 877178834 start: 1473416487 727459161
t_num: 4 finish: 1473416492 108894415 start: 1473416487 477075974
t_num: 17 finish: 1473416492 282476722 start: 1473416487 446564394
t_num: 29 finish: 1473416492 283227425 start: 1473416486 824980008
t_num: 0 finish: 1473416492 469442748 start: 1473416487 435156154
t_num: 24 finish: 1473416492 885653853 start: 1473416489 418040650
t_num: 1 finish: 1473416492 945733595 start: 1473416489 580961764
t_num: 19 finish: 1473416494 817185654 start: 1473416490 460393336
t_num: 15 finish: 1473416494 874822557 start: 1473416491 790929427
t_num: 13 finish: 1473416494 874840546 start: 1473416493 597866525
t_num: 12 finish: 1473416495 482069753 start: 1473416488 915950077
t_num: 2 finish: 1473416495 516784220 start: 1473416491 579331678
t_num: 18 finish: 1473416495 517620890 start: 1473416489 705315350
t_num: 30 finish: 1473416495 646416555 start: 1473416490 777019191
t_num: 0 finish: 1473416495 696474893 start: 1473416493 378713380
t_num: 3 finish: 1473416495 821435284 start: 1473416490 706227440
t_num: 6 finish: 1473416496 494971343 start: 1473416489 417097325
t_num: 10 finish: 1473416496 541951200 start: 1473416491 116866346
t_num: 22 finish: 1473416496 608457863 start: 1473416491 794305123
t_num: 25 finish: 1473416496 608886002 start: 1473416492 282296065
t_num: 20 finish: 1473416497 806336832 start: 1473416491 877186028
t_num: 4 finish: 1473416498 308318112 start: 1473416492 108953672
t_num: 17 finish: 1473416498 393979587 start: 1473416495 429603963
t_num: 2 finish: 1473416498 452642466 start: 1473416495 516822950
t_num: 27 finish: 1473416498 747616393 start: 1473416493 836390342
t_num: 6 finish: 1473416499 545460086 start: 1473416496 495013255
t_num: 0 finish: 1473416500 70925352 start: 1473416495 696502102
t_num: 13 finish: 1473416500 71553759 start: 1473416494 874898839
t_num: 3 finish: 1473416500 99780653 start: 1473416496 608695403
t_num: 29 finish: 1473416500 100556919 start: 1473416493 639855290
t_num: 16 finish: 1473416500 112847884 start: 1473416496 608482913
t_num: 30 finish: 1473416500 113690956 start: 1473416496 683201477
t_num: 25 finish: 1473416500 227170977 start: 1473416497 331596201
t_num: 18 finish: 1473416502 189336063 start: 1473416495 517641904
t_num: 9 finish: 1473416502 254675359 start: 1473416496 839030123
t_num: 24 finish: 1473416502 955300562 start: 1473416500 791257775
t_num: 15 finish: 1473416503 355503535 start: 1473416494 874879321
t_num: 23 finish: 1473416503 484994181 start: 1473416496 743932512
t_num: 5 finish: 1473416503 734022351 start: 1473416501 194470935
t_num: 7 finish: 1473416503 800502076 start: 1473416498 452101666
t_num: 0 finish: 1473416504 362207882 start: 1473416501 43965482
t_num: 13 finish: 1473416504 679524582 start: 1473416500 71573579
t_num: 19 finish: 1473416504 752373694 start: 1473416496 887067350
t_num: 29 finish: 1473416505 211721269 start: 1473416500 100593723
t_num: 16 finish: 1473416505 370394985 start: 1473416500 112869126
t_num: 6 finish: 1473416506 262115362 start: 1473416499 545500747
t_num: 3 finish: 1473416506 294705115 start: 1473416500 99817812
t_num: 17 finish: 1473416506 295369996 start: 1473416502 116365601
t_num: 30 finish: 1473416506 295602809 start: 1473416500 113722923
t_num: 23 finish: 1473416506 376641365 start: 1473416503 485056803
t_num: 18 finish: 1473416506 648058139 start: 1473416502 955982996
t_num: 5 finish: 1473416506 651264269 start: 1473416504 679285859
t_num: 13 finish: 1473416507 420166877 start: 1473416504 679576776
t_num: 27 finish: 1473416507 420213466 start: 1473416499 605215482
t_num: 8 finish: 1473416508 155104597 start: 1473416502 251663316
t_num: 14 finish: 1473416508 155651429 start: 1473416503 349687157
t_num: 19 finish: 1473416508 155721467 start: 1473416504 752402250
t_num: 16 finish: 1473416508 262959114 start: 1473416505 370436829
t_num: 15 finish: 1473416508 771807404 start: 1473416503 355553985
t_num: 24 finish: 1473416508 954431214 start: 1473416505 454469520
t_num: 25 finish: 1473416509 347368990 start: 1473416502 955322284
t_num: 4 finish: 1473416509 747236588 start: 1473416505 805100857
t_num: 18 finish: 1473416510 241362405 start: 1473416506 648094848
t_num: 13 finish: 1473416510 294389605 start: 1473416507 420252975
t_num: 6 finish: 1473416510 368393633 start: 1473416506 262153614
t_num: 2 finish: 1473416510 438877518 start: 1473416507 420230870
t_num: 8 finish: 1473416510 721540944 start: 1473416508 155162782
t_num: 0 finish: 1473416511 518061694 start: 1473416506 295762652
t_num: 17 finish: 1473416511 518583642 start: 1473416508 262657693
t_num: 23 finish: 1473416511 618467303 start: 1473416506 376689437
t_num: 7 finish: 1473416511 972327420 start: 1473416505 454497978
t_num: 30 finish: 1473416512 239905320 start: 1473416506 295623266
t_num: 16 finish: 1473416512 355094729 start: 1473416508 262986257
t_num: 14 finish: 1473416512 896279002 start: 1473416508 155671247
t_num: 20 finish: 1473416512 999648645 start: 1473416508 954227671
t_num: 19 finish: 1473416513 46625521 start: 1473416509 898451052
t_num: 18 finish: 1473416513 554438213 start: 1473416510 241425868
t_num: 27 finish: 1473416513 554527859 start: 1473416507 420362596
t_num: 11 finish: 1473416513 555181950 start: 1473416508 954258448
t_num: 3 finish: 1473416514 212772686 start: 1473416511 369792010
t_num: 13 finish: 1473416514 212772681 start: 1473416510 294409341
t_num: 5 finish: 1473416514 212888754 start: 1473416508 948085565
t_num: 4 finish: 1473416514 668496350 start: 1473416509 747286965
t_num: 17 finish: 1473416514 959652885 start: 1473416511 518605720
t_num: 14 finish: 1473416514 959710383 start: 1473416512 896303790
t_num: 10 finish: 1473416515 58942973 start: 1473416513 554513813
t_num: 8 finish: 1473416515 428551886 start: 1473416510 721591752
t_num: 2 finish: 1473416515 897153147 start: 1473416512 445942260
t_num: 13 finish: 1473416516 997739331 start: 1473416514 212849432
t_num: 25 finish: 1473416516 997870145 start: 1473416510 880762606
t_num: 2 finish: 1473416517 134403118 start: 1473416515 897202300
t_num: 19 finish: 1473416518 81316710 start: 1473416513 46667014
t_num: 7 finish: 1473416518 81338306 start: 1473416512 445913016
t_num: 11 finish: 1473416518 81416775 start: 1473416515 560535673
t_num: 20 finish: 1473416518 234697946 start: 1473416512 999696876
t_num: 17 finish: 1473416518 812243427 start: 1473416514 959699875
t_num: 10 finish: 1473416519 110704726 start: 1473416515 58978920
t_num: 28 finish: 1473416519 305745930 start: 1473416515 378849387
t_num: 3 finish: 1473416519 337713108 start: 1473416514 669411134
t_num: 8 finish: 1473416520 191696875 start: 1473416515 428581996
t_num: 17 finish: 1473416521 163303362 start: 1473416518 812266234
t_num: 4 finish: 1473416521 343039837 start: 1473416514 668543046
t_num: 27 finish: 1473416521 604454516 start: 1473416516 299742554
t_num: 0 finish: 1473416521 604519664 start: 1473416516 892987198
t_num: 2 finish: 1473416522 399124031 start: 1473416518 620709812
t_num: 21 finish: 1473416522 399478896 start: 1473416517 912930454
t_num: 15 finish: 1473416522 399711939 start: 1473416516 996850474
t_num: 6 finish: 1473416522 411664910 start: 1473416515 921216311
t_num: 19 finish: 1473416522 411677470 start: 1473416518 81377708
t_num: 7 finish: 1473416522 940718008 start: 1473416518 81420771
t_num: 11 finish: 1473416524 67431338 start: 1473416518 812252124
t_num: 8 finish: 1473416524 400538087 start: 1473416521 343311495
t_num: 16 finish: 1473416524 404378573 start: 1473416516 996604134
t_num: 22 finish: 1473416524 610657325 start: 1473416521 343079498
t_num: 13 finish: 1473416525 48852513 start: 1473416520 69915314
t_num: 6 finish: 1473416525 853052737 start: 1473416522 411685883
t_num: 20 finish: 1473416525 944232923 start: 1473416520 676404951
t_num: 1 finish: 1473416526 120367133 start: 1473416522 255586159
t_num: 2 finish: 1473416526 172288048 start: 1473416522 399151476
t_num: 10 finish: 1473416526 217610335 start: 1473416521 454250376
t_num: 7 finish: 1473416526 298904036 start: 1473416524 302622294
t_num: 3 finish: 1473416526 940821183 start: 1473416523 232125933
t_num: 11 finish: 1473416527 186130732 start: 1473416524 930785492
t_num: 17 finish: 1473416527 274332452 start: 1473416522 411969942
t_num: 27 finish: 1473416527 275249538 start: 1473416524 301669329
t_num: 18 finish: 1473416527 275254780 start: 1473416524 654185598
t_num: 21 finish: 1473416527 396120666 start: 1473416524 931509798
t_num: 9 finish: 1473416527 979027257 start: 1473416522 399121751
t_num: 22 finish: 1473416528 625096852 start: 1473416524 610689995
t_num: 7 finish: 1473416528 826502928 start: 1473416526 298927438
t_num: 8 finish: 1473416528 826831567 start: 1473416524 400574105
t_num: 13 finish: 1473416528 944780436 start: 1473416525 48894327
t_num: 6 finish: 1473416529 721053109 start: 1473416525 853110645
t_num: 31 finish: 1473416529 721142397 start: 1473416525 975907468
t_num: 18 finish: 1473416529 965100661 start: 1473416529 405937253
t_num: 21 finish: 1473416531 382012214 start: 1473416527 396157046
t_num: 13 finish: 1473416531 579544686 start: 1473416528 944826004
t_num: 7 finish: 1473416531 833989330 start: 1473416528 826564621
t_num: 2 finish: 1473416531 863546494 start: 1473416526 172314525
t_num: 27 finish: 1473416531 931930335 start: 1473416527 275270268
t_num: 1 finish: 1473416532 115376356 start: 1473416526 120411458
t_num: 17 finish: 1473416532 272619683 start: 1473416529 407447940
t_num: 11 finish: 1473416532 457771357 start: 1473416527 186172142
t_num: 9 finish: 1473416532 457771357 start: 1473416527 979071990
t_num: 22 finish: 1473416532 457867013 start: 1473416528 625179114
t_num: 18 finish: 1473416532 545482006 start: 1473416531 17561439
t_num: 14 finish: 1473416532 598953795 start: 1473416525 944266888
t_num: 6 finish: 1473416533 237214775 start: 1473416529 721096207
t_num: 21 finish: 1473416534 218390392 start: 1473416531 382048780
t_num: 8 finish: 1473416535 101297657 start: 1473416529 721125412
t_num: 15 finish: 1473416535 551537575 start: 1473416529 721104625
t_num: 5 finish: 1473416535 567157442 start: 1473416529 554571194
t_num: 11 finish: 1473416535 701323916 start: 1473416532 457816254
t_num: 31 finish: 1473416536 317837927 start: 1473416531 456772357
t_num: 6 finish: 1473416536 317929192 start: 1473416533 237265072
t_num: 9 finish: 1473416536 846232326 start: 1473416532 457841665
t_num: 11 finish: 1473416537 254926409 start: 1473416535 701378063
t_num: 3 finish: 1473416537 272479609 start: 1473416535 630083288
t_num: 7 finish: 1473416537 302658422 start: 1473416534 59695649
t_num: 19 finish: 1473416537 463149805 start: 1473416531 593140990
t_num: 22 finish: 1473416537 978960400 start: 1473416534 139689155
t_num: 18 finish: 1473416537 979875363 start: 1473416532 545571975
t_num: 1 finish: 1473416538 372590033 start: 1473416532 115420300
t_num: 13 finish: 1473416539 136336456 start: 1473416534 100302677
t_num: 28 finish: 1473416539 959823071 start: 1473416533 759653414
t_num: 30 finish: 1473416540 103855810 start: 1473416535 93344666
t_num: 3 finish: 1473416540 103946911 start: 1473416537 272497935
t_num: 21 finish: 1473416540 104065069 start: 1473416536 493314852
t_num: 19 finish: 1473416540 513478685 start: 1473416537 463183028
t_num: 6 finish: 1473416540 836589332 start: 1473416536 317963388
t_num: 27 finish: 1473416541 134439377 start: 1473416536 177372839
t_num: 5 finish: 1473416541 155191769 start: 1473416535 567199007
t_num: 18 finish: 1473416541 358673429 start: 1473416537 979896561
t_num: 17 finish: 1473416541 828825350 start: 1473416536 448848496
t_num: 7 finish: 1473416542 564220626 start: 1473416537 302691873
t_num: 9 finish: 1473416542 564877076 start: 1473416536 846266621
t_num: 4 finish: 1473416542 564954882 start: 1473416538 930052344
t_num: 31 finish: 1473416542 761208351 start: 1473416539 371826339
t_num: 1 finish: 1473416542 761208351 start: 1473416538 372615037
t_num: 20 finish: 1473416542 860439319 start: 1473416540 715654469
t_num: 29 finish: 1473416543 145709904 start: 1473416539 954075600
t_num: 12 finish: 1473416543 565863225 start: 1473416538 211970399
t_num: 16 finish: 1473416543 660086169 start: 1473416540 489335994
t_num: 25 finish: 1473416544 10863692 start: 1473416539 136340803
t_num: 11 finish: 1473416544 143044009 start: 1473416538 372567718
t_num: 0 finish: 1473416544 302027883 start: 1473416542 338888730
t_num: 21 finish: 1473416545 436915971 start: 1473416543 634591247
t_num: 30 finish: 1473416545 484121314 start: 1473416540 103899289
t_num: 9 finish: 1473416545 484127788 start: 1473416542 564899646
t_num: 6 finish: 1473416545 568044980 start: 1473416542 563956714
t_num: 17 finish: 1473416545 758547879 start: 1473416541 828859960
t_num: 2 finish: 1473416545 851201499 start: 1473416543 457958980
t_num: 13 finish: 1473416545 996684415 start: 1473416541 467017818
t_num: 5 finish: 1473416546 686883374 start: 1473416541 155230536
t_num: 19 finish: 1473416547 92599316 start: 1473416544 10817024
t_num: 11 finish: 1473416548 48460287 start: 1473416544 143068423
t_num: 26 finish: 1473416548 48501366 start: 1473416544 10642411
t_num: 1 finish: 1473416548 527253719 start: 1473416544 11024644
t_num: 20 finish: 1473416548 892560477 start: 1473416544 10700035
t_num: 10 finish: 1473416549 309425962 start: 1473416546 898728285
t_num: 31 finish: 1473416549 421577091 start: 1473416544 780316208
t_num: 0 finish: 1473416549 689750436 start: 1473416544 302073551
t_num: 21 finish: 1473416549 799379420 start: 1473416545 436969736
t_num: 18 finish: 1473416550 65665427 start: 1473416543 884149497
t_num: 2 finish: 1473416550 634317132 start: 1473416545 851261104
t_num: 9 finish: 1473416550 640043196 start: 1473416545 484176976
t_num: 19 finish: 1473416551 172979155 start: 1473416548 337842405
t_num: 28 finish: 1473416551 790446225 start: 1473416544 796681555
t_num: 13 finish: 1473416552 290691297 start: 1473416548 279438041
t_num: 29 finish: 1473416552 570206120 start: 1473416546 898699881
t_num: 6 finish: 1473416552 624353282 start: 1473416545 568073173
t_num: 8 finish: 1473416552 625048473 start: 1473416549 422296212
t_num: 5 finish: 1473416553 77483448 start: 1473416546 686929027
t_num: 11 finish: 1473416553 243148170 start: 1473416548 500217621
t_num: 2 finish: 1473416553 330464333 start: 1473416550 634350337
t_num: 17 finish: 1473416553 330470721 start: 1473416549 394851798
t_num: 5 finish: 1473416553 896757680 start: 1473416553 77524705
t_num: 18 finish: 1473416554 52192456 start: 1473416550 65692026
t_num: 0 finish: 1473416554 52201333 start: 1473416549 689776089
t_num: 21 finish: 1473416554 322490649 start: 1473416549 799416725
t_num: 3 finish: 1473416554 339175707 start: 1473416552 414833586
t_num: 28 finish: 1473416554 761121555 start: 1473416552 568111723
t_num: 10 finish: 1473416554 779859765 start: 1473416550 64915623
t_num: 20 finish: 1473416554 780535038 start: 1473416548 892590230
t_num: 16 finish: 1473416555 51230833 start: 1473416547 719111491
t_num: 9 finish: 1473416555 52876221 start: 1473416550 640065152
t_num: 24 finish: 1473416555 534281380 start: 1473416551 932197075
t_num: 15 finish: 1473416555 750597354 start: 1473416552 979599230
t_num: 18 finish: 1473416555 989770074 start: 1473416554 52245148
t_num: 1 finish: 1473416556 826054478 start: 1473416548 938994841
t_num: 17 finish: 1473416558 733588775 start: 1473416554 322508589
t_num: 23 finish: 1473416558 733597365 start: 1473416554 779867412
t_num: 11 finish: 1473416558 733629161 start: 1473416554 248820647
t_num: 3 finish: 1473416558 733695189 start: 1473416554 339208758
t_num: 21 finish: 1473416558 807993586 start: 1473416554 322514301
t_num: 28 finish: 1473416558 874165103 start: 1473416554 761159090
t_num: 16 finish: 1473416558 909515590 start: 1473416555 51265148
t_num: 6 finish: 1473416559 71052432 start: 1473416553 688494159
t_num: 5 finish: 1473416559 71686803 start: 1473416553 896795914
t_num: 9 finish: 1473416559 673721565 start: 1473416555 853714962
t_num: 18 finish: 1473416559 759510690 start: 1473416555 989815959
t_num: 15 finish: 1473416559 759578739 start: 1473416555 750634312
t_num: 19 finish: 1473416559 813051947 start: 1473416551 173007471
t_num: 26 finish: 1473416559 940411544 start: 1473416557 73090106
t_num: 1 finish: 1473416559 941228380 start: 1473416556 826089274
t_num: 8 finish: 1473416560 867068629 start: 1473416556 667430707
t_num: 0 finish: 1473416560 996149594 start: 1473416558 34657478
t_num: 25 finish: 1473416561 331624591 start: 1473416559 390922461
t_num: 13 finish: 1473416562 280186538 start: 1473416557 70720656
t_num: 20 finish: 1473416562 335233111 start: 1473416557 60972962
t_num: 24 finish: 1473416562 457945630 start: 1473416557 574616567
t_num: 5 finish: 1473416562 669408702 start: 1473416559 71730675
t_num: 19 finish: 1473416563 299837834 start: 1473416559 813068705
t_num: 8 finish: 1473416563 324539409 start: 1473416560 867127585
t_num: 22 finish: 1473416564 496483921 start: 1473416560 109352909
t_num: 16 finish: 1473416564 496530738 start: 1473416558 909533669
t_num: 28 finish: 1473416564 496539004 start: 1473416559 813061898
t_num: 11 finish: 1473416564 496783979 start: 1473416560 411227535
t_num: 23 finish: 1473416564 575966128 start: 1473416561 712873154
t_num: 5 finish: 1473416565 227825863 start: 1473416562 669441591
t_num: 14 finish: 1473416566 329395426 start: 1473416562 541827792
t_num: 13 finish: 1473416566 350078438 start: 1473416562 280213913
t_num: 25 finish: 1473416566 350428868 start: 1473416563 308417
t_num: 1 finish: 1473416566 350467358 start: 1473416563 338647
t_num: 6 finish: 1473416566 351855562 start: 1473416561 617269139
t_num: 2 finish: 1473416566 352045864 start: 1473416564 788979770
t_num: 0 finish: 1473416567 62320726 start: 1473416560 996190486
t_num: 15 finish: 1473416567 138597062 start: 1473416561 412074552
t_num: 3 finish: 1473416567 138645950 start: 1473416562 231177591
t_num: 12 finish: 1473416567 194481271 start: 1473416563 255626224
t_num: 22 finish: 1473416567 346041114 start: 1473416564 496509827
t_num: 26 finish: 1473416569 304893556 start: 1473416561 712995240
t_num: 5 finish: 1473416569 807119030 start: 1473416565 227868799
t_num: 23 finish: 1473416570 816205276 start: 1473416566 741171333
t_num: 11 finish: 1473416570 902279453 start: 1473416564 496818629
t_num: 1 finish: 1473416570 902601205 start: 1473416566 350480628
t_num: 28 finish: 1473416570 902604980 start: 1473416567 62678131
t_num: 31 finish: 1473416571 245748513 start: 1473416566 96480782
t_num: 6 finish: 1473416571 271300605 start: 1473416566 351875706
t_num: 25 finish: 1473416571 907629205 start: 1473416566 350446044
t_num: 16 finish: 1473416571 907634820 start: 1473416569 79405473
t_num: 22 finish: 1473416571 907697488 start: 1473416567 908407071
t_num: 26 finish: 1473416571 907699750 start: 1473416569 304941039
t_num: 0 finish: 1473416572 438644718 start: 1473416569 305284900
t_num: 15 finish: 1473416572 850017283 start: 1473416567 138623719
t_num: 13 finish: 1473416573 352236317 start: 1473416566 350113640
t_num: 28 finish: 1473416573 352836208 start: 1473416570 902653715
t_num: 8 finish: 1473416573 353307047 start: 1473416568 957235063
t_num: 29 finish: 1473416573 353599191 start: 1473416567 561723670
t_num: 17 finish: 1473416573 353793417 start: 1473416568 954191622
t_num: 20 finish: 1473416574 434061818 start: 1473416569 770627558
t_num: 11 finish: 1473416574 457518762 start: 1473416570 902329028
t_num: 1 finish: 1473416574 847893342 start: 1473416570 902644235
t_num: 21 finish: 1473416574 848205299 start: 1473416569 79335794
t_num: 26 finish: 1473416575 126356493 start: 1473416572 438723718
t_num: 23 finish: 1473416575 809895016 start: 1473416571 907868517
t_num: 22 finish: 1473416575 890241175 start: 1473416573 666368439
t_num: 25 finish: 1473416575 890248302 start: 1473416573 353611610
t_num: 12 finish: 1473416575 890332658 start: 1473416570 657845986
t_num: 4 finish: 1473416577 229795544 start: 1473416571 907809545
t_num: 16 finish: 1473416578 60356563 start: 1473416574 241532705
t_num: 17 finish: 1473416578 576430088 start: 1473416573 716993725
t_num: 8 finish: 1473416578 580556552 start: 1473416573 353327345
t_num: 10 finish: 1473416579 280327258 start: 1473416576 372669218
t_num: 21 finish: 1473416579 280329336 start: 1473416575 891084940
t_num: 0 finish: 1473416579 280698784 start: 1473416572 438690014
t_num: 6 finish: 1473416580 28669332 start: 1473416573 317929230
t_num: 12 finish: 1473416580 29773223 start: 1473416575 890348726
t_num: 18 finish: 1473416580 193888524 start: 1473416576 521359889
t_num: 30 finish: 1473416580 296129407 start: 1473416574 847875857
t_num: 11 finish: 1473416580 296171151 start: 1473416574 457554625
t_num: 22 finish: 1473416580 296237673 start: 1473416577 14390817
t_num: 16 finish: 1473416581 643747205 start: 1473416578 574908573
t_num: 20 finish: 1473416581 856701659 start: 1473416578 237500715
t_num: 23 finish: 1473416582 409698150 start: 1473416575 809938241
t_num: 6 finish: 1473416582 596176044 start: 1473416580 28712334
t_num: 0 finish: 1473416582 925836559 start: 1473416579 280718639
t_num: 25 finish: 1473416582 994137737 start: 1473416575 890302402
t_num: 28 finish: 1473416582 994167859 start: 1473416575 891185176
t_num: 19 finish: 1473416583 44597160 start: 1473416581 565100111
t_num: 9 finish: 1473416583 504613019 start: 1473416577 285138501
t_num: 12 finish: 1473416583 544442340 start: 1473416580 29808376
t_num: 21 finish: 1473416583 870686330 start: 1473416579 280404424
t_num: 15 finish: 1473416584 945547865 start: 1473416575 449858695
t_num: 28 finish: 1473416584 945563618 start: 1473416582 994182796
t_num: 22 finish: 1473416584 945643607 start: 1473416580 296253039
t_num: 2 finish: 1473416585 56452188 start: 1473416582 418584272
t_num: 11 finish: 1473416585 819068446 start: 1473416580 296218594
t_num: 21 finish: 1473416586 893984858 start: 1473416583 870736075
t_num: 13 finish: 1473416587 133842730 start: 1473416576 624874723
t_num: 9 finish: 1473416588 8093783 start: 1473416584 993375528
t_num: 8 finish: 1473416588 24843008 start: 1473416578 892960951
t_num: 27 finish: 1473416588 25500348 start: 1473416580 34171649
t_num: 20 finish: 1473416588 97986765 start: 1473416583 543722490
t_num: 4 finish: 1473416588 203637448 start: 1473416578 781593606
t_num: 24 finish: 1473416588 693813403 start: 1473416583 543574880
t_num: 2 finish: 1473416588 887342376 start: 1473416585 56547426
t_num: 10 finish: 1473416588 907945932 start: 1473416583 543603481
t_num: 28 finish: 1473416588 908027321 start: 1473416584 945626739
t_num: 6 finish: 1473416589 174972182 start: 1473416582 596224891
t_num: 15 finish: 1473416590 20836559 start: 1473416585 926679326
t_num: 25 finish: 1473416590 709715339 start: 1473416585 990462565
t_num: 22 finish: 1473416590 999995728 start: 1473416584 945659024
t_num: 18 finish: 1473416591 55211 start: 1473416583 782710648
t_num: 12 finish: 1473416591 306707 start: 1473416585 925848060
t_num: 31 finish: 1473416591 211519522 start: 1473416584 865691392
t_num: 28 finish: 1473416591 349341974 start: 1473416588 908045623
t_num: 9 finish: 1473416592 948282728 start: 1473416588 907832031
t_num: 3 finish: 1473416592 979284905 start: 1473416589 144429681
t_num: 21 finish: 1473416592 979320685 start: 1473416586 894018697
t_num: 4 finish: 1473416592 979287687 start: 1473416590 119711758
t_num: 20 finish: 1473416593 389776882 start: 1473416588 98018001
t_num: 12 finish: 1473416593 389885119 start: 1473416591 322353
t_num: 25 finish: 1473416593 874019204 start: 1473416591 285704
t_num: 8 finish: 1473416593 958236944 start: 1473416588 24875886
t_num: 14 finish: 1473416594 221273626 start: 1473416590 325617856
t_num: 28 finish: 1473416594 257455160 start: 1473416592 272765855
t_num: 29 finish: 1473416594 784996795 start: 1473416591 589706165
t_num: 2 finish: 1473416595 144525474 start: 1473416588 887378743
t_num: 13 finish: 1473416596 59070498 start: 1473416589 928221478
t_num: 4 finish: 1473416596 153052424 start: 1473416593 473237079
t_num: 24 finish: 1473416596 194289221 start: 1473416590 268615008
t_num: 26 finish: 1473416596 473751612 start: 1473416591 793410933
t_num: 20 finish: 1473416596 474513699 start: 1473416593 389820430
t_num: 22 finish: 1473416596 474654168 start: 1473416592 912492606
t_num: 14 finish: 1473416596 635294885 start: 1473416594 221322533
t_num: 27 finish: 1473416596 635696706 start: 1473416590 959585625
t_num: 9 finish: 1473416597 774361409 start: 1473416593 418030059
t_num: 18 finish: 1473416598 40415047 start: 1473416592 176649296
t_num: 21 finish: 1473416598 118578850 start: 1473416592 979338228
t_num: 15 finish: 1473416599 40482672 start: 1473416591 793379626
t_num: 7 finish: 1473416599 311076762 start: 1473416595 763238650
t_num: 10 finish: 1473416599 311084190 start: 1473416594 297905898
t_num: 28 finish: 1473416599 868087175 start: 1473416594 257481899
t_num: 14 finish: 1473416600 389941674 start: 1473416596 635337500
t_num: 16 finish: 1473416600 390025080 start: 1473416597 552166394
t_num: 12 finish: 1473416600 638681741 start: 1473416595 925607775
t_num: 8 finish: 1473416600 646931899 start: 1473416594 785257560
t_num: 25 finish: 1473416601 752104869 start: 1473416594 587361213
t_num: 13 finish: 1473416601 752342655 start: 1473416596 59105313
t_num: 1 finish: 1473416602 732584463 start: 1473416596 472533301
t_num: 20 finish: 1473416602 976063802 start: 1473416599 41340155
t_num: 24 finish: 1473416603 117010265 start: 1473416596 635367824
t_num: 8 finish: 1473416603 120998118 start: 1473416600 646973218
t_num: 27 finish: 1473416603 138149627 start: 1473416596 635715660
t_num: 4 finish: 1473416603 200658684 start: 1473416596 648951853
t_num: 9 finish: 1473416603 203098137 start: 1473416597 774414713
t_num: 29 finish: 1473416603 203106561 start: 1473416597 268593484
t_num: 28 finish: 1473416603 513335849 start: 1473416600 928583175
t_num: 18 finish: 1473416603 824238444 start: 1473416598 40456880
t_num: 10 finish: 1473416603 918807800 start: 1473416601 669354424
t_num: 25 finish: 1473416604 741897729 start: 1473416601 752156883
t_num: 14 finish: 1473416605 963525427 start: 1473416601 102679291
t_num: 1 finish: 1473416605 981641798 start: 1473416602 732610493
t_num: 13 finish: 1473416606 226434448 start: 1473416601 752380454
t_num: 12 finish: 1473416606 710000050 start: 1473416602 531376600
t_num: 7 finish: 1473416607 141963242 start: 1473416602 695085524
t_num: 17 finish: 1473416607 247324120 start: 1473416601 548522564
t_num: 27 finish: 1473416607 332597552 start: 1473416603 138176709
t_num: 16 finish: 1473416607 419104954 start: 1473416602 600927022
t_num: 9 finish: 1473416607 419145247 start: 1473416603 203130800
t_num: 28 finish: 1473416607 419227350 start: 1473416603 513367001
t_num: 15 finish: 1473416607 485614681 start: 1473416603 452344354
t_num: 0 finish: 1473416607 515353724 start: 1473416602 158274724
t_num: 18 finish: 1473416608 546135426 start: 1473416603 824299867
t_num: 20 finish: 1473416608 546135237 start: 1473416602 976107101
t_num: 3 finish: 1473416608 546188808 start: 1473416604 838286552
t_num: 10 finish: 1473416609 49660019 start: 1473416604 904432028
t_num: 24 finish: 1473416609 169702838 start: 1473416607 247539329
t_num: 7 finish: 1473416609 417663924 start: 1473416607 141985974
t_num: 25 finish: 1473416609 721435908 start: 1473416606 226542580
t_num: 5 finish: 1473416610 198066932 start: 1473416605 551281152
t_num: 29 finish: 1473416610 262417936 start: 1473416607 485880918
t_num: 15 finish: 1473416610 262494920 start: 1473416607 485638111
t_num: 12 finish: 1473416610 774538765 start: 1473416606 710037258
t_num: 10 finish: 1473416610 848345616 start: 1473416609 49698075
t_num: 22 finish: 1473416611 543786245 start: 1473416606 829534651
t_num: 1 finish: 1473416611 545259551 start: 1473416608 941211681
t_num: 20 finish: 1473416611 549260938 start: 1473416608 546217896
t_num: 28 finish: 1473416611 799093052 start: 1473416607 419245488
t_num: 11 finish: 1473416611 918889866 start: 1473416608 937601173
t_num: 9 finish: 1473416612 386884511 start: 1473416607 419176089
t_num: 0 finish: 1473416613 891709238 start: 1473416607 515390443
t_num: 1 finish: 1473416614 316578912 start: 1473416611 545278477
t_num: 25 finish: 1473416614 635836107 start: 1473416609 721484832
t_num: 17 finish: 1473416614 764313792 start: 1473416607 723114690
t_num: 24 finish: 1473416614 859621938 start: 1473416609 169739849
t_num: 14 finish: 1473416614 900028431 start: 1473416608 941863967
t_num: 29 finish: 1473416614 900035689 start: 1473416611 542170705
t_num: 20 finish: 1473416615 418043058 start: 1473416611 549280900
t_num: 10 finish: 1473416615 549078897 start: 1473416613 436018586
t_num: 11 finish: 1473416615 549079999 start: 1473416611 918918631
t_num: 6 finish: 1473416616 695500030 start: 1473416612 168613474
t_num: 12 finish: 1473416616 695508699 start: 1473416610 774567954
t_num: 26 finish: 1473416616 815994110 start: 1473416613 963890495
t_num: 5 finish: 1473416616 816576997 start: 1473416613 693835099
t_num: 29 finish: 1473416616 816717832 start: 1473416614 900101930
t_num: 30 finish: 1473416616 816869763 start: 1473416608 951023181
t_num: 23 finish: 1473416617 872242594 start: 1473416610 309029143
t_num: 18 finish: 1473416617 872328313 start: 1473416614 690944052
t_num: 13 finish: 1473416617 872661296 start: 1473416612 920291697
t_num: 0 finish: 1473416618 340299137 start: 1473416613 891737701
t_num: 1 finish: 1473416618 620624278 start: 1473416614 316620414
t_num: 9 finish: 1473416618 778976194 start: 1473416612 386921091
t_num: 24 finish: 1473416618 874669211 start: 1473416616 554126324
t_num: 16 finish: 1473416618 874769331 start: 1473416616 702497585
t_num: 17 finish: 1473416619 318196915 start: 1473416614 764353052
t_num: 7 finish: 1473416619 401568552 start: 1473416616 906610202
t_num: 12 finish: 1473416619 505017394 start: 1473416616 695607632
t_num: 20 finish: 1473416619 505036349 start: 1473416615 418083058
t_num: 6 finish: 1473416619 505061730 start: 1473416616 695564292
t_num: 2 finish: 1473416620 936737376 start: 1473416615 254017887
t_num: 23 finish: 1473416621 23052651 start: 1473416617 872408716
t_num: 24 finish: 1473416621 496937187 start: 1473416618 874772418
t_num: 25 finish: 1473416621 592498943 start: 1473416618 201978106
t_num: 10 finish: 1473416621 592543283 start: 1473416615 549122455
t_num: 18 finish: 1473416621 593192791 start: 1473416617 872362505
t_num: 5 finish: 1473416621 593192791 start: 1473416617 642021398
t_num: 30 finish: 1473416621 706926411 start: 1473416618 461808438
t_num: 1 finish: 1473416622 961581545 start: 1473416618 620685502
t_num: 9 finish: 1473416623 715824741 start: 1473416618 779014294
t_num: 26 finish: 1473416623 967658131 start: 1473416619 317243575
t_num: 11 finish: 1473416623 967729717 start: 1473416620 251352096
t_num: 27 finish: 1473416624 406713288 start: 1473416622 219273804
t_num: 16 finish: 1473416624 574860867 start: 1473416618 874785311
t_num: 18 finish: 1473416624 673803564 start: 1473416621 593214687
t_num: 20 finish: 1473416625 706339851 start: 1473416620 688729599
t_num: 6 finish: 1473416625 706462095 start: 1473416622 346667022
t_num: 7 finish: 1473416625 706629341 start: 1473416622 174846030
t_num: 2 finish: 1473416625 864987172 start: 1473416621 667004939
t_num: 5 finish: 1473416626 70114667 start: 1473416622 346388036
t_num: 10 finish: 1473416626 70114667 start: 1473416621 592557251
t_num: 17 finish: 1473416626 590258581 start: 1473416619 318222047
t_num: 0 finish: 1473416626 862765120 start: 1473416621 496997368
t_num: 12 finish: 1473416627 490650164 start: 1473416621 496884889
t_num: 19 finish: 1473416627 611553632 start: 1473416622 174835257
t_num: 4 finish: 1473416627 778883141 start: 1473416621 585960050
t_num: 1 finish: 1473416628 638673792 start: 1473416625 599389545
t_num: 11 finish: 1473416628 694649497 start: 1473416623 967750924
t_num: 0 finish: 1473416628 695332021 start: 1473416626 862799769
t_num: 30 finish: 1473416629 43862946 start: 1473416624 27667540
t_num: 18 finish: 1473416629 658040980 start: 1473416624 673828168
t_num: 25 finish: 1473416629 674800642 start: 1473416622 346304991
t_num: 26 finish: 1473416629 904208164 start: 1473416625 472642261
t_num: 15 finish: 1473416630 5766735 start: 1473416624 406668337
t_num: 20 finish: 1473416630 340126099 start: 1473416625 988643171
t_num: 29 finish: 1473416631 460090603 start: 1473416626 994585489
t_num: 17 finish: 1473416631 461983167 start: 1473416628 89875951
t_num: 5 finish: 1473416631 463353856 start: 1473416626 70165430
t_num: 10 finish: 1473416631 464561504 start: 1473416627 928938686
t_num: 16 finish: 1473416631 464724567 start: 1473416624 574898500
t_num: 27 finish: 1473416632 284463016 start: 1473416625 865110015
t_num: 21 finish: 1473416632 879293193 start: 1473416628 464320688
t_num: 9 finish: 1473416633 495046492 start: 1473416627 490749945
t_num: 30 finish: 1473416633 699363277 start: 1473416629 43903104
t_num: 17 finish: 1473416633 700266210 start: 1473416631 462004023
t_num: 27 finish: 1473416634 57416880 start: 1473416632 284495114
t_num: 26 finish: 1473416634 57421255 start: 1473416629 904250371
t_num: 11 finish: 1473416634 157322989 start: 1473416630 435879146
t_num: 6 finish: 1473416634 273370854 start: 1473416629 546097365
t_num: 1 finish: 1473416634 385909686 start: 1473416628 638697220
t_num: 20 finish: 1473416634 386696163 start: 1473416630 340169363
t_num: 0 finish: 1473416634 578845765 start: 1473416628 695348280
t_num: 16 finish: 1473416635 178380074 start: 1473416631 464742583
t_num: 5 finish: 1473416635 231243286 start: 1473416631 463375137
t_num: 12 finish: 1473416635 467706179 start: 1473416627 490693050
t_num: 6 finish: 1473416635 884105498 start: 1473416634 273403570
t_num: 2 finish: 1473416636 126659315 start: 1473416631 180407981
t_num: 3 finish: 1473416636 730626503 start: 1473416630 727129103
t_num: 10 finish: 1473416637 52241032 start: 1473416634 294331528
t_num: 0 finish: 1473416637 268986969 start: 1473416634 578879593
t_num: 19 finish: 1473416637 620802281 start: 1473416631 206841624
t_num: 11 finish: 1473416638 121210938 start: 1473416636 532339295
t_num: 7 finish: 1473416638 734165745 start: 1473416636 71817957
t_num: 17 finish: 1473416638 736240843 start: 1473416633 700284267
t_num: 5 finish: 1473416638 736329939 start: 1473416635 231267453
t_num: 6 finish: 1473416638 736446987 start: 1473416635 884150319
t_num: 9 finish: 1473416638 821661750 start: 1473416633 495089875
t_num: 12 finish: 1473416639 312241288 start: 1473416635 467766202
t_num: 1 finish: 1473416639 522822381 start: 1473416637 2373773
t_num: 30 finish: 1473416639 839526448 start: 1473416633 699427148
t_num: 28 finish: 1473416640 144867852 start: 1473416635 395990071
t_num: 13 finish: 1473416641 73450008 start: 1473416635 180356383
t_num: 26 finish: 1473416641 73450011 start: 1473416637 52264064
t_num: 18 finish: 1473416641 599181721 start: 1473416638 910925824
t_num: 20 finish: 1473416642 487593274 start: 1473416637 194604680
t_num: 29 finish: 1473416642 594624581 start: 1473416638 736407192
t_num: 3 finish: 1473416642 594709159 start: 1473416636 730660277
t_num: 0 finish: 1473416642 721547912 start: 1473416637 269022505
t_num: 6 finish: 1473416642 825945892 start: 1473416638 736467912
t_num: 13 finish: 1473416643 513019544 start: 1473416641 73561022
t_num: 9 finish: 1473416644 608401123 start: 1473416640 962044153
t_num: 11 finish: 1473416644 724128489 start: 1473416641 252892801
t_num: 21 finish: 1473416644 724325490 start: 1473416638 910889805
t_num: 22 finish: 1473416644 757694382 start: 1473416639 177783463
t_num: 7 finish: 1473416644 998994142 start: 1473416639 984062
t_num: 5 finish: 1473416645 179896161 start: 1473416640 173356413
t_num: 25 finish: 1473416645 485360826 start: 1473416640 160677874
t_num: 0 finish: 1473416645 485421908 start: 1473416642 721580463
t_num: 10 finish: 1473416646 305532754 start: 1473416639 522858081
t_num: 20 finish: 1473416647 208010145 start: 1473416642 487636838
t_num: 17 finish: 1473416647 287286457 start: 1473416643 459752669
t_num: 19 finish: 1473416647 400891568 start: 1473416642 256709082
t_num: 3 finish: 1473416647 494166612 start: 1473416643 613241416
t_num: 31 finish: 1473416648 808083873 start: 1473416641 311621366
t_num: 18 finish: 1473416648 831931433 start: 1473416645 551421354
t_num: 1 finish: 1473416649 637782224 start: 1473416642 296469611
t_num: 28 finish: 1473416649 974637477 start: 1473416643 308247988
t_num: 19 finish: 1473416649 974985693 start: 1473416647 400946375
t_num: 10 finish: 1473416650 184714829 start: 1473416646 305567320
t_num: 6 finish: 1473416651 188567282 start: 1473416644 527672911
t_num: 21 finish: 1473416651 802077062 start: 1473416644 724346221
t_num: 5 finish: 1473416651 802133365 start: 1473416645 179958667
t_num: 26 finish: 1473416651 802172962 start: 1473416646 82163908
t_num: 0 finish: 1473416651 802237634 start: 1473416645 485443128
t_num: 17 finish: 1473416652 693191568 start: 1473416647 287309772
t_num: 28 finish: 1473416652 693377550 start: 1473416649 974677767
t_num: 25 finish: 1473416653 715931911 start: 1473416645 485406610
t_num: 16 finish: 1473416653 724676979 start: 1473416649 900478276
t_num: 11 finish: 1473416653 724682535 start: 1473416646 975803753
t_num: 3 finish: 1473416654 80643836 start: 1473416650 880104720
t_num: 29 finish: 1473416654 80721973 start: 1473416649 974662866
t_num: 1 finish: 1473416654 476356310 start: 1473416649 637845057
t_num: 20 finish: 1473416654 511902451 start: 1473416650 184747490
t_num: 4 finish: 1473416655 32296528 start: 1473416651 106352820
t_num: 8 finish: 1473416655 32561932 start: 1473416648 630172088
t_num: 2 finish: 1473416655 135734540 start: 1473416653 262014798
t_num: 17 finish: 1473416655 136181250 start: 1473416652 693224682
t_num: 5 finish: 1473416656 24612116 start: 1473416654 297594133
t_num: 0 finish: 1473416656 201971403 start: 1473416651 802253086
t_num: 10 finish: 1473416656 447780020 start: 1473416652 926679990
t_num: 19 finish: 1473416656 897453603 start: 1473416652 848741738
t_num: 26 finish: 1473416657 22895947 start: 1473416651 802191789
t_num: 6 finish: 1473416657 379064140 start: 1473416652 370315850
t_num: 4 finish: 1473416657 500044932 start: 1473416655 32340239
t_num: 1 finish: 1473416657 500080505 start: 1473416654 476414956
t_num: 25 finish: 1473416657 666180472 start: 1473416653 715997363
t_num: 24 finish: 1473416658 365812187 start: 1473416652 576790297
t_num: 27 finish: 1473416658 618434949 start: 1473416653 563054133
t_num: 23 finish: 1473416658 619297604 start: 1473416656 171470352
t_num: 17 finish: 1473416658 721963438 start: 1473416655 136201555
t_num: 16 finish: 1473416659 92381544 start: 1473416653 724709643
t_num: 0 finish: 1473416659 467416160 start: 1473416656 202001536
t_num: 30 finish: 1473416660 479824198 start: 1473416657 213170085
t_num: 15 finish: 1473416660 839598569 start: 1473416653 511706809
t_num: 11 finish: 1473416661 373614261 start: 1473416658 302766967
t_num: 1 finish: 1473416661 794434243 start: 1473416657 500098212
t_num: 12 finish: 1473416661 933479447 start: 1473416657 666423551
t_num: 6 finish: 1473416662 36464689 start: 1473416657 379101819
t_num: 25 finish: 1473416662 36730834 start: 1473416659 913166575
t_num: 31 finish: 1473416662 568578278 start: 1473416656 903030361
t_num: 2 finish: 1473416663 16678914 start: 1473416655 597373677
t_num: 26 finish: 1473416663 225113586 start: 1473416657 22926535
t_num: 24 finish: 1473416663 226326145 start: 1473416658 365856461
t_num: 5 finish: 1473416663 226350307 start: 1473416657 666196278
t_num: 7 finish: 1473416663 226389026 start: 1473416659 887446256
t_num: 13 finish: 1473416663 354469679 start: 1473416660 128565139
t_num: 27 finish: 1473416663 685160596 start: 1473416658 618480673
t_num: 4 finish: 1473416664 273196969 start: 1473416659 172577721
t_num: 1 finish: 1473416664 713811293 start: 1473416661 794465078
t_num: 17 finish: 1473416665 3975083 start: 1473416658 721999374
t_num: 15 finish: 1473416665 4828033 start: 1473416660 839633575
t_num: 10 finish: 1473416665 60402552 start: 1473416659 264156686
t_num: 9 finish: 1473416665 428536820 start: 1473416661 237584117
t_num: 29 finish: 1473416665 429441450 start: 1473416662 430427860
t_num: 0 finish: 1473416665 496933796 start: 1473416661 422887074
t_num: 31 finish: 1473416665 553206641 start: 1473416662 568621403
t_num: 12 finish: 1473416666 700655772 start: 1473416661 933541374
t_num: 11 finish: 1473416666 949940539 start: 1473416662 266534408
t_num: 5 finish: 1473416667 754247463 start: 1473416663 226368764
t_num: 23 finish: 1473416667 755162047 start: 1473416664 273186488
t_num: 29 finish: 1473416667 932106452 start: 1473416665 429459900
t_num: 26 finish: 1473416668 968348543 start: 1473416665 429250549
t_num: 25 finish: 1473416669 58214162 start: 1473416662 36751769
t_num: 24 finish: 1473416670 77198995 start: 1473416663 226347342
t_num: 23 finish: 1473416670 687319680 start: 1473416667 755183145
t_num: 13 finish: 1473416670 922743597 start: 1473416663 354500382
t_num: 1 finish: 1473416670 922823213 start: 1473416666 58930878
t_num: 9 finish: 1473416670 922918107 start: 1473416665 428579788
t_num: 21 finish: 1473416670 923056025 start: 1473416668 325574882
t_num: 22 finish: 1473416670 923557544 start: 1473416666 425049389
t_num: 17 finish: 1473416670 923679772 start: 1473416665 648427367
t_num: 5 finish: 1473416670 923722115 start: 1473416667 932125683
t_num: 4 finish: 1473416671 134640559 start: 1473416666 268237510
t_num: 15 finish: 1473416671 318395376 start: 1473416665 4845244
t_num: 20 finish: 1473416671 492732458 start: 1473416669 501189180
t_num: 11 finish: 1473416671 540034472 start: 1473416666 949971746
t_num: 2 finish: 1473416671 794110098 start: 1473416666 267029251
t_num: 28 finish: 1473416672 551516166 start: 1473416669 222034306
t_num: 23 finish: 1473416672 551721777 start: 1473416670 687353563
t_num: 24 finish: 1473416673 33036452 start: 1473416670 77249148
t_num: 6 finish: 1473416673 131859430 start: 1473416670 557213450
t_num: 17 finish: 1473416673 131899750 start: 1473416670 923697379
t_num: 29 finish: 1473416673 706139191 start: 1473416667 932131346
t_num: 13 finish: 1473416673 817835007 start: 1473416670 922791306
t_num: 2 finish: 1473416673 817889932 start: 1473416671 794174381
t_num: 14 finish: 1473416674 306680388 start: 1473416667 359486617
t_num: 11 finish: 1473416674 393620795 start: 1473416671 540054226
t_num: 3 finish: 1473416674 497811244 start: 1473416669 720506352
t_num: 15 finish: 1473416675 139627936 start: 1473416672 551110043
t_num: 22 finish: 1473416675 176005359 start: 1473416670 923577228
t_num: 9 finish: 1473416675 250349581 start: 1473416670 922937649
t_num: 28 finish: 1473416675 395768054 start: 1473416672 551545489
t_num: 24 finish: 1473416675 455259334 start: 1473416673 33080988
t_num: 4 finish: 1473416676 12650757 start: 1473416671 134683943
t_num: 29 finish: 1473416676 229692765 start: 1473416673 706166828
t_num: 3 finish: 1473416676 257359865 start: 1473416674 497851951
t_num: 5 finish: 1473416676 665299370 start: 1473416671 605264169
t_num: 21 finish: 1473416677 30907640 start: 1473416674 306771128
t_num: 26 finish: 1473416677 230425785 start: 1473416673 705900847
t_num: 15 finish: 1473416677 293825004 start: 1473416675 139685413
t_num: 6 finish: 1473416677 607738994 start: 1473416674 824758342
t_num: 1 finish: 1473416678 146177438 start: 1473416674 306384425
t_num: 4 finish: 1473416678 602913768 start: 1473416676 12699564
t_num: 12 finish: 1473416678 911555484 start: 1473416676 589187967
t_num: 24 finish: 1473416678 915691479 start: 1473416675 455307152
t_num: 30 finish: 1473416678 920730853 start: 1473416674 500781968
t_num: 3 finish: 1473416679 198433234 start: 1473416676 257405938
t_num: 14 finish: 1473416679 515671515 start: 1473416674 306706126
t_num: 13 finish: 1473416680 353716506 start: 1473416677 490492217
t_num: 20 finish: 1473416680 354788595 start: 1473416676 550001006
t_num: 29 finish: 1473416680 354935225 start: 1473416676 229748305
t_num: 7 finish: 1473416680 355034092 start: 1473416679 184948314
t_num: 31 finish: 1473416680 828091997 start: 1473416676 886490451
t_num: 30 finish: 1473416680 849396117 start: 1473416678 920751130
t_num: 11 finish: 1473416681 553053162 start: 1473416678 119659102
t_num: 22 finish: 1473416681 954148587 start: 1473416677 31348967
t_num: 28 finish: 1473416682 65490951 start: 1473416677 922234115
t_num: 4 finish: 1473416682 388078143 start: 1473416678 602980445
t_num: 23 finish: 1473416682 909877807 start: 1473416677 549903710
t_num: 14 finish: 1473416682 977692202 start: 1473416680 610761723
t_num: 21 finish: 1473416683 345450310 start: 1473416677 30948965
t_num: 10 finish: 1473416683 621066270 start: 1473416680 849358121
t_num: 24 finish: 1473416683 971561968 start: 1473416678 915715069
t_num: 5 finish: 1473416684 464952111 start: 1473416676 665331468
t_num: 13 finish: 1473416684 552740190 start: 1473416680 353743341
t_num: 28 finish: 1473416685 54524361 start: 1473416682 65524374
t_num: 20 finish: 1473416685 57890246 start: 1473416680 354825060
t_num: 3 finish: 1473416685 161747527 start: 1473416680 274609441
t_num: 30 finish: 1473416685 940271413 start: 1473416680 849427700
t_num: 11 finish: 1473416686 428855939 start: 1473416682 448507644
t_num: 29 finish: 1473416686 984442013 start: 1473416681 952638845
t_num: 12 finish: 1473416687 344639969 start: 1473416680 353768494
t_num: 26 finish: 1473416688 186340603 start: 1473416682 448698054
t_num: 23 finish: 1473416688 189637740 start: 1473416682 909921191
t_num: 24 finish: 1473416688 190406163 start: 1473416683 971581353
t_num: 10 finish: 1473416688 495880048 start: 1473416685 785456371
t_num: 0 finish: 1473416689 176666557 start: 1473416684 208339322
t_num: 5 finish: 1473416689 178958229 start: 1473416684 464995981
t_num: 20 finish: 1473416689 495285256 start: 1473416685 57915959
t_num: 14 finish: 1473416689 797581465 start: 1473416682 977722388
t_num: 12 finish: 1473416689 936197710 start: 1473416687 344679829
t_num: 4 finish: 1473416690 389811281 start: 1473416684 839054361
t_num: 6 finish: 1473416690 723496531 start: 1473416683 966718633
t_num: 24 finish: 1473416690 819348118 start: 1473416688 190426807
t_num: 18 finish: 1473416690 858568106 start: 1473416687 735658524
t_num: 29 finish: 1473416691 209092288 start: 1473416687 683268739
t_num: 8 finish: 1473416691 278098413 start: 1473416685 278374255
t_num: 30 finish: 1473416691 722664726 start: 1473416685 940322873
t_num: 13 finish: 1473416691 863862560 start: 1473416685 409967878
t_num: 10 finish: 1473416691 881611290 start: 1473416688 495922554
t_num: 26 finish: 1473416692 622486942 start: 1473416689 710935292
t_num: 14 finish: 1473416692 815461702 start: 1473416689 797616849
t_num: 0 finish: 1473416692 895572994 start: 1473416689 176713420
t_num: 21 finish: 1473416693 431706141 start: 1473416685 824065776
t_num: 2 finish: 1473416693 916342359 start: 1473416689 408475365
t_num: 22 finish: 1473416693 916356994 start: 1473416691 151764918
t_num: 20 finish: 1473416693 916412121 start: 1473416690 389826801
t_num: 12 finish: 1473416694 824277292 start: 1473416689 936247920
t_num: 23 finish: 1473416694 829169471 start: 1473416689 477728201
t_num: 25 finish: 1473416695 103867965 start: 1473416691 507754979
t_num: 19 finish: 1473416695 234057676 start: 1473416690 389803574
t_num: 17 finish: 1473416695 393165379 start: 1473416692 895306655
t_num: 5 finish: 1473416695 572248146 start: 1473416692 486054707
t_num: 26 finish: 1473416696 282837802 start: 1473416692 622530819
t_num: 8 finish: 1473416696 432053525 start: 1473416693 240701159
t_num: 18 finish: 1473416696 925108686 start: 1473416690 858587069
t_num: 24 finish: 1473416696 925329873 start: 1473416692 403159253
t_num: 10 finish: 1473416696 925482836 start: 1473416691 881681308
t_num: 14 finish: 1473416696 925536278 start: 1473416692 815513452
t_num: 12 finish: 1473416697 241792301 start: 1473416694 824305413
t_num: 21 finish: 1473416697 511929750 start: 1473416693 431751384
t_num: 30 finish: 1473416697 650097445 start: 1473416694 214686129
t_num: 4 finish: 1473416697 716065804 start: 1473416692 30794492
t_num: 17 finish: 1473416698 602463088 start: 1473416695 393207742
t_num: 19 finish: 1473416699 332740336 start: 1473416695 234085399
t_num: 13 finish: 1473416699 441176466 start: 1473416694 824198169
t_num: 7 finish: 1473416699 604461806 start: 1473416696 602338989
t_num: 25 finish: 1473416699 784942264 start: 1473416696 925121989
t_num: 8 finish: 1473416700 914066766 start: 1473416697 732149244
t_num: 23 finish: 1473416701 73881397 start: 1473416696 282976547
t_num: 6 finish: 1473416701 209818167 start: 1473416698 112906475
t_num: 5 finish: 1473416701 209818155 start: 1473416695 572294499
t_num: 9 finish: 1473416701 556068818 start: 1473416696 925101061
t_num: 16 finish: 1473416702 298325103 start: 1473416698 228039901
t_num: 22 finish: 1473416703 688217381 start: 1473416698 602499199
t_num: 15 finish: 1473416703 688539423 start: 1473416698 112928877
t_num: 12 finish: 1473416703 862250780 start: 1473416697 511966704
t_num: 14 finish: 1473416703 862297309 start: 1473416699 191051608
t_num: 17 finish: 1473416703 862300609 start: 1473416698 602552575
t_num: 25 finish: 1473416703 862333752 start: 1473416700 801963976
t_num: 7 finish: 1473416704 231652585 start: 1473416702 347377598
t_num: 9 finish: 1473416704 392856570 start: 1473416701 832034667
t_num: 30 finish: 1473416705 298141046 start: 1473416698 298768881
t_num: 4 finish: 1473416705 606147294 start: 1473416699 441542197
t_num: 5 finish: 1473416705 606175842 start: 1473416701 209935708
t_num: 8 finish: 1473416705 606147746 start: 1473416700 914092546
t_num: 18 finish: 1473416705 786767515 start: 1473416702 501245769
t_num: 24 finish: 1473416706 6357195 start: 1473416700 852080860
t_num: 23 finish: 1473416706 6375642 start: 1473416701 73944106
t_num: 13 finish: 1473416707 169950947 start: 1473416705 404311618
t_num: 25 finish: 1473416707 317796043 start: 1473416705 404450315
t_num: 6 finish: 1473416707 930176639 start: 1473416701 209865793
t_num: 21 finish: 1473416708 65875416 start: 1473416702 922949717
t_num: 1 finish: 1473416708 95982081 start: 1473416705 404905841
t_num: 7 finish: 1473416708 95991227 start: 1473416704 231687642
t_num: 15 finish: 1473416708 96031371 start: 1473416705 404359224
t_num: 22 finish: 1473416708 678866495 start: 1473416705 499389099
t_num: 17 finish: 1473416709 130129644 start: 1473416707 170349796
t_num: 9 finish: 1473416709 432405569 start: 1473416706 566384679
t_num: 14 finish: 1473416709 638789893 start: 1473416705 553637052
t_num: 31 finish: 1473416709 640039057 start: 1473416705 404341553
t_num: 11 finish: 1473416709 659285111 start: 1473416704 719899594
t_num: 27 finish: 1473416710 469575010 start: 1473416707 306809065
t_num: 4 finish: 1473416711 25932667 start: 1473416707 116088163
t_num: 28 finish: 1473416711 40422979 start: 1473416705 405138108
t_num: 15 finish: 1473416711 755446709 start: 1473416708 96043892
t_num: 5 finish: 1473416711 755887139 start: 1473416707 170045184
t_num: 18 finish: 1473416711 845837380 start: 1473416706 335190450
t_num: 24 finish: 1473416712 500981762 start: 1473416710 711307655
t_num: 13 finish: 1473416713 493621443 start: 1473416710 422596719
t_num: 26 finish: 1473416713 494254308 start: 1473416710 982456112
t_num: 20 finish: 1473416713 494265152 start: 1473416707 170208606
t_num: 17 finish: 1473416713 610661639 start: 1473416710 532965684
t_num: 7 finish: 1473416713 900275826 start: 1473416708 96041117
t_num: 31 finish: 1473416714 615955014 start: 1473416709 640056899
t_num: 22 finish: 1473416714 618162100 start: 1473416708 678912044
t_num: 6 finish: 1473416714 879375812 start: 1473416710 593414680
t_num: 18 finish: 1473416715 167070967 start: 1473416711 845916187
t_num: 23 finish: 1473416715 167376579 start: 1473416708 974768733
t_num: 5 finish: 1473416715 250834805 start: 1473416711 755907774
t_num: 9 finish: 1473416715 737441745 start: 1473416709 432430842
t_num: 27 finish: 1473416715 799954796 start: 1473416712 937181509
t_num: 25 finish: 1473416716 106497577 start: 1473416711 366753121
t_num: 28 finish: 1473416716 136674427 start: 1473416711 40465141
t_num: 14 finish: 1473416716 433792989 start: 1473416709 638848407
t_num: 20 finish: 1473416717 140174512 start: 1473416713 494279854
t_num: 19 finish: 1473416717 205349891 start: 1473416713 438769309
t_num: 13 finish: 1473416718 37851687 start: 1473416713 493654773
t_num: 1 finish: 1473416718 37869902 start: 1473416711 562598665
t_num: 6 finish: 1473416718 659269378 start: 1473416714 879426099
t_num: 15 finish: 1473416718 690896485 start: 1473416715 166787347
t_num: 27 finish: 1473416718 758648317 start: 1473416717 134246575
t_num: 25 finish: 1473416718 814814962 start: 1473416716 106539930
t_num: 17 finish: 1473416719 256324933 start: 1473416714 151042260
t_num: 3 finish: 1473416719 839147617 start: 1473416715 167173488
t_num: 18 finish: 1473416720 107700547 start: 1473416715 167091789
t_num: 7 finish: 1473416720 416372803 start: 1473416716 568941063
t_num: 31 finish: 1473416720 888149713 start: 1473416715 691827048
t_num: 13 finish: 1473416721 391889392 start: 1473416718 37913085
t_num: 22 finish: 1473416721 392009574 start: 1473416716 568136508
t_num: 28 finish: 1473416721 392101370 start: 1473416717 712296648
t_num: 20 finish: 1473416721 392232532 start: 1473416718 37942977
t_num: 14 finish: 1473416721 392733538 start: 1473416717 362717863
t_num: 3 finish: 1473416721 393044576 start: 1473416719 839191465
t_num: 5 finish: 1473416721 837573640 start: 1473416717 556175192
t_num: 18 finish: 1473416722 236808415 start: 1473416720 107741317
t_num: 17 finish: 1473416722 916627685 start: 1473416719 256359865
t_num: 19 finish: 1473416722 916813818 start: 1473416719 455445664
t_num: 15 finish: 1473416723 373074397 start: 1473416718 690914902
t_num: 2 finish: 1473416723 454333577 start: 1473416717 997120155
t_num: 27 finish: 1473416724 197043620 start: 1473416719 901826210
t_num: 3 finish: 1473416724 459970925 start: 1473416721 393063944
t_num: 1 finish: 1473416725 116392223 start: 1473416721 391966351
t_num: 30 finish: 1473416725 242810606 start: 1473416719 993434663
t_num: 28 finish: 1473416725 704969525 start: 1473416721 392118982
t_num: 18 finish: 1473416725 929104941 start: 1473416722 236842709
t_num: 20 finish: 1473416726 56277064 start: 1473416721 392251781
t_num: 16 finish: 1473416726 56428319 start: 1473416722 916587231
t_num: 22 finish: 1473416726 56512162 start: 1473416721 392025305
t_num: 10 finish: 1473416726 56553251 start: 1473416721 391993015
t_num: 21 finish: 1473416726 56633898 start: 1473416725 62046637
t_num: 15 finish: 1473416726 815935609 start: 1473416724 828965349
t_num: 4 finish: 1473416727 70032219 start: 1473416725 705070261
t_num: 27 finish: 1473416727 109273361 start: 1473416724 197085639
t_num: 14 finish: 1473416727 157945290 start: 1473416723 341708627
t_num: 12 finish: 1473416727 565482225 start: 1473416724 324403014
t_num: 8 finish: 1473416727 578593433 start: 1473416725 62481768
t_num: 3 finish: 1473416727 579333718 start: 1473416724 460015161
t_num: 1 finish: 1473416728 292776631 start: 1473416725 116421578
t_num: 28 finish: 1473416729 518604597 start: 1473416725 705011195
t_num: 19 finish: 1473416729 518729885 start: 1473416724 460002403
t_num: 30 finish: 1473416729 518986305 start: 1473416725 242854221
t_num: 18 finish: 1473416729 519139843 start: 1473416726 718104612
t_num: 4 finish: 1473416729 519261721 start: 1473416727 70070264
t_num: 20 finish: 1473416729 519827457 start: 1473416726 56321459
t_num: 3 finish: 1473416730 506602301 start: 1473416727 579352882
t_num: 13 finish: 1473416730 506811959 start: 1473416727 806568457
t_num: 28 finish: 1473416731 873996881 start: 1473416729 518652362
t_num: 17 finish: 1473416731 874737039 start: 1473416727 958753086
t_num: 22 finish: 1473416731 988146463 start: 1473416726 56531683
t_num: 8 finish: 1473416732 161991125 start: 1473416729 519378570
t_num: 11 finish: 1473416732 329558276 start: 1473416729 519241715
t_num: 16 finish: 1473416732 426288291 start: 1473416728 955493583
t_num: 10 finish: 1473416732 808663120 start: 1473416728 68375036
t_num: 1 finish: 1473416732 855071039 start: 1473416729 518941841
t_num: 19 finish: 1473416732 855094600 start: 1473416729 518749023
t_num: 20 finish: 1473416732 948647020 start: 1473416730 506779304
t_num: 21 finish: 1473416733 151067752 start: 1473416726 56652979
t_num: 4 finish: 1473416733 234323407 start: 1473416729 519279588
t_num: 3 finish: 1473416734 257601896 start: 1473416730 506631243
t_num: 8 finish: 1473416734 754595192 start: 1473416732 162020513
t_num: 17 finish: 1473416734 848687253 start: 1473416731 874758732
t_num: 7 finish: 1473416735 340753503 start: 1473416729 484985276
t_num: 21 finish: 1473416735 871479928 start: 1473416733 151109449
t_num: 24 finish: 1473416735 871599350 start: 1473416732 936843481
t_num: 22 finish: 1473416736 144555648 start: 1473416732 855130658
t_num: 12 finish: 1473416737 14416412 start: 1473416731 951314153
t_num: 30 finish: 1473416737 268940124 start: 1473416730 943016238
t_num: 23 finish: 1473416737 459514882 start: 1473416731 989525424
t_num: 11 finish: 1473416737 880534490 start: 1473416732 329591274
t_num: 18 finish: 1473416738 123311128 start: 1473416735 823007776
t_num: 27 finish: 1473416738 408285855 start: 1473416734 256770026
t_num: 10 finish: 1473416738 408471573 start: 1473416734 754903115
t_num: 5 finish: 1473416738 439365874 start: 1473416734 756929236
t_num: 3 finish: 1473416738 833534704 start: 1473416734 747267267
t_num: 4 finish: 1473416739 103555809 start: 1473416734 304182064
t_num: 30 finish: 1473416739 160134884 start: 1473416737 268984336
t_num: 28 finish: 1473416739 197096961 start: 1473416734 284436840
t_num: 24 finish: 1473416739 264240786 start: 1473416735 871633128
t_num: 6 finish: 1473416739 336483834 start: 1473416736 27352820
t_num: 13 finish: 1473416740 175946458 start: 1473416734 224499772
t_num: 17 finish: 1473416740 383237510 start: 1473416736 173916433
t_num: 15 finish: 1473416740 383457646 start: 1473416736 155542697
t_num: 22 finish: 1473416740 383689733 start: 1473416736 144598372
t_num: 27 finish: 1473416740 554622783 start: 1473416738 408346900
t_num: 7 finish: 1473416740 974344997 start: 1473416735 340793987
t_num: 8 finish: 1473416741 283922039 start: 1473416735 871396288
t_num: 23 finish: 1473416742 440401693 start: 1473416737 459542761
t_num: 18 finish: 1473416742 695343229 start: 1473416738 123345245
t_num: 30 finish: 1473416742 739683507 start: 1473416739 160175738
t_num: 9 finish: 1473416743 40293547 start: 1473416740 23641990
t_num: 8 finish: 1473416743 319138578 start: 1473416741 283943104
t_num: 11 finish: 1473416743 338173818 start: 1473416739 160734815
t_num: 31 finish: 1473416743 418372204 start: 1473416739 937090820
t_num: 13 finish: 1473416743 625874193 start: 1473416740 175990522
t_num: 20 finish: 1473416743 761032721 start: 1473416738 408411835
t_num: 25 finish: 1473416744 804394208 start: 1473416741 190461935
t_num: 28 finish: 1473416744 805179002 start: 1473416739 197136030
t_num: 24 finish: 1473416746 542837962 start: 1473416740 384363089
t_num: 29 finish: 1473416746 542930753 start: 1473416742 691111621
t_num: 3 finish: 1473416746 543199509 start: 1473416743 469554307
t_num: 21 finish: 1473416746 543294932 start: 1473416740 95604211
t_num: 18 finish: 1473416746 543430537 start: 1473416742 695373207
t_num: 10 finish: 1473416747 251084027 start: 1473416741 989774495
t_num: 25 finish: 1473416747 488065826 start: 1473416745 561654547
t_num: 4 finish: 1473416747 808991634 start: 1473416743 540504473
t_num: 13 finish: 1473416748 68133949 start: 1473416743 625916269
t_num: 15 finish: 1473416748 206806950 start: 1473416744 786332627
t_num: 31 finish: 1473416749 479466177 start: 1473416743 418422353
t_num: 7 finish: 1473416749 684454653 start: 1473416743 469498303
t_num: 18 finish: 1473416750 137902237 start: 1473416746 543448330
t_num: 16 finish: 1473416750 137971396 start: 1473416747 251043159
t_num: 11 finish: 1473416750 138029021 start: 1473416745 280930960
t_num: 27 finish: 1473416750 412200359 start: 1473416740 554656306
t_num: 30 finish: 1473416750 513073488 start: 1473416742 739718283
t_num: 24 finish: 1473416750 513304949 start: 1473416746 542863530
t_num: 28 finish: 1473416750 576306405 start: 1473416744 805198323
t_num: 23 finish: 1473416750 961180163 start: 1473416745 649380327
t_num: 19 finish: 1473416751 153486859 start: 1473416746 543390300
t_num: 29 finish: 1473416751 332851200 start: 1473416746 542949637
t_num: 22 finish: 1473416751 487612801 start: 1473416748 435263087
t_num: 8 finish: 1473416752 360323170 start: 1473416748 35360177
t_num: 21 finish: 1473416752 360428697 start: 1473416746 543313501
t_num: 13 finish: 1473416753 593552823 start: 1473416749 684213570
t_num: 10 finish: 1473416753 594096668 start: 1473416747 251112919
t_num: 31 finish: 1473416753 594838551 start: 1473416749 479509143
t_num: 27 finish: 1473416754 163555022 start: 1473416750 412258537
t_num: 22 finish: 1473416754 278186665 start: 1473416751 487641667
t_num: 29 finish: 1473416754 670224004 start: 1473416751 332896180
t_num: 18 finish: 1473416755 20964794 start: 1473416750 137947818
t_num: 30 finish: 1473416755 97369485 start: 1473416750 513123380
t_num: 21 finish: 1473416755 144846121 start: 1473416752 360448344
t_num: 3 finish: 1473416755 227999917 start: 1473416749 685499510
t_num: 23 finish: 1473416755 295250340 start: 1473416750 961238234
t_num: 11 finish: 1473416755 804412821 start: 1473416750 138048497
t_num: 25 finish: 1473416755 804682009 start: 1473416751 153350440
t_num: 28 finish: 1473416756 75207477 start: 1473416752 684829094
t_num: 8 finish: 1473416757 131961297 start: 1473416752 360358982
t_num: 10 finish: 1473416758 479816782 start: 1473416753 594116356
t_num: 18 finish: 1473416758 555351803 start: 1473416755 21009224
t_num: 17 finish: 1473416758 873443874 start: 1473416754 278352966
t_num: 19 finish: 1473416759 241205524 start: 1473416753 594727760
t_num: 25 finish: 1473416759 241220008 start: 1473416756 704880616
t_num: 22 finish: 1473416759 241294162 start: 1473416754 278213114
t_num: 8 finish: 1473416759 537564088 start: 1473416758 195414170
t_num: 3 finish: 1473416759 537831051 start: 1473416755 228041366
t_num: 27 finish: 1473416760 129048880 start: 1473416754 163590495
t_num: 2 finish: 1473416760 224558662 start: 1473416753 376884095
t_num: 28 finish: 1473416760 416782893 start: 1473416757 810099795
t_num: 7 finish: 1473416760 494014286 start: 1473416756 604298729
t_num: 21 finish: 1473416760 494427613 start: 1473416755 144869657
t_num: 29 finish: 1473416761 470782110 start: 1473416754 670266820
t_num: 30 finish: 1473416761 597668658 start: 1473416757 119624660
t_num: 9 finish: 1473416761 655830655 start: 1473416758 876640265
t_num: 19 finish: 1473416761 848319775 start: 1473416759 241274649
t_num: 0 finish: 1473416762 302640936 start: 1473416754 277817188
t_num: 13 finish: 1473416762 431807843 start: 1473416755 804880396
t_num: 1 finish: 1473416762 495187894 start: 1473416758 390554894
t_num: 26 finish: 1473416763 598711456 start: 1473416761 437569978
t_num: 27 finish: 1473416763 686448921 start: 1473416760 333965406
t_num: 12 finish: 1473416764 344945198 start: 1473416758 160448203
t_num: 25 finish: 1473416765 230354248 start: 1473416759 241294741
t_num: 10 finish: 1473416765 640759041 start: 1473416760 493876570
t_num: 9 finish: 1473416765 827774950 start: 1473416761 655914360
t_num: 28 finish: 1473416766 149072071 start: 1473416760 416840334
t_num: 29 finish: 1473416766 318350227 start: 1473416761 470802806
t_num: 7 finish: 1473416766 397145213 start: 1473416760 494035815
t_num: 13 finish: 1473416766 413820162 start: 1473416764 658006094
t_num: 4 finish: 1473416766 428964727 start: 1473416762 495104577
t_num: 17 finish: 1473416766 783017152 start: 1473416762 495136367
t_num: 19 finish: 1473416766 784047610 start: 1473416761 848366243
t_num: 5 finish: 1473416766 855434710 start: 1473416761 848354059
t_num: 26 finish: 1473416767 135125377 start: 1473416763 598744184
t_num: 27 finish: 1473416768 135900156 start: 1473416763 686490263
t_num: 21 finish: 1473416768 135968917 start: 1473416761 550401636
t_num: 16 finish: 1473416768 265777921 start: 1473416766 353974854
t_num: 18 finish: 1473416768 438790111 start: 1473416764 12295048
t_num: 30 finish: 1473416768 477849688 start: 1473416761 597712471
t_num: 3 finish: 1473416768 796110774 start: 1473416766 414381425
t_num: 29 finish: 1473416769 735909032 start: 1473416766 318383368
t_num: 8 finish: 1473416769 738680406 start: 1473416761 506777887
t_num: 9 finish: 1473416770 55274597 start: 1473416765 827824948
t_num: 5 finish: 1473416770 121226256 start: 1473416766 855479780
t_num: 10 finish: 1473416770 752928010 start: 1473416765 640802643
t_num: 4 finish: 1473416771 192828499 start: 1473416766 428985917
t_num: 22 finish: 1473416772 616004577 start: 1473416766 149092061
t_num: 7 finish: 1473416773 81437692 start: 1473416768 68745643
t_num: 16 finish: 1473416773 491933645 start: 1473416768 265812399
t_num: 2 finish: 1473416773 605751185 start: 1473416769 203517582
t_num: 26 finish: 1473416773 659141905 start: 1473416767 135162595
t_num: 3 finish: 1473416773 970840944 start: 1473416769 88409499
t_num: 0 finish: 1473416774 494926978 start: 1473416764 52116136
t_num: 19 finish: 1473416774 697708016 start: 1473416766 784081667
t_num: 29 finish: 1473416774 998069308 start: 1473416769 735952586
t_num: 5 finish: 1473416774 998150283 start: 1473416770 121267913
t_num: 10 finish: 1473416774 998318926 start: 1473416770 752956070
t_num: 17 finish: 1473416775 33180675 start: 1473416768 68281388
t_num: 21 finish: 1473416775 800894089 start: 1473416768 791818629
t_num: 9 finish: 1473416776 6535912 start: 1473416772 134640754
t_num: 28 finish: 1473416776 54321034 start: 1473416769 739886923
t_num: 4 finish: 1473416776 630822355 start: 1473416771 192854987
t_num: 8 finish: 1473416776 631554101 start: 1473416769 738702147
t_num: 6 finish: 1473416776 900882698 start: 1473416774 304019088
t_num: 31 finish: 1473416777 285251562 start: 1473416770 21707377
t_num: 24 finish: 1473416777 285256758 start: 1473416770 841877215
t_num: 22 finish: 1473416777 416832374 start: 1473416772 616040217
t_num: 7 finish: 1473416777 449373760 start: 1473416773 81499545
t_num: 27 finish: 1473416778 95853572 start: 1473416773 333468293
t_num: 23 finish: 1473416778 192924056 start: 1473416773 325623632
t_num: 26 finish: 1473416778 874936307 start: 1473416776 54455681
t_num: 17 finish: 1473416778 985174674 start: 1473416776 293234438
t_num: 9 finish: 1473416780 148322142 start: 1473416776 6586670
t_num: 7 finish: 1473416780 148774184 start: 1473416777 449409003
t_num: 5 finish: 1473416780 148812530 start: 1473416774 998205675
t_num: 31 finish: 1473416780 148930770 start: 1473416777 285314887
t_num: 4 finish: 1473416780 353174584 start: 1473416778 296787675
t_num: 16 finish: 1473416780 431933903 start: 1473416775 977145917
t_num: 21 finish: 1473416780 431945497 start: 1473416775 800944924
t_num: 15 finish: 1473416780 431965502 start: 1473416776 411533787
t_num: 28 finish: 1473416780 721058733 start: 1473416776 54400375
t_num: 19 finish: 1473416781 114057564 start: 1473416777 481697816
t_num: 29 finish: 1473416781 683891037 start: 1473416779 344091177
t_num: 22 finish: 1473416781 882993260 start: 1473416777 416873470
t_num: 10 finish: 1473416782 721365909 start: 1473416776 411451984
t_num: 23 finish: 1473416782 721558914 start: 1473416778 192963567
t_num: 4 finish: 1473416782 721688260 start: 1473416780 353206568
t_num: 2 finish: 1473416782 721719938 start: 1473416776 412595669
t_num: 24 finish: 1473416782 721852579 start: 1473416780 749256953
t_num: 19 finish: 1473416782 953746703 start: 1473416781 114112261
t_num: 26 finish: 1473416783 178309629 start: 1473416778 874972867
t_num: 28 finish: 1473416783 178359417 start: 1473416781 849712693
t_num: 16 finish: 1473416783 904398982 start: 1473416780 431968269
t_num: 9 finish: 1473416783 906431020 start: 1473416780 148351226
t_num: 7 finish: 1473416783 973096730 start: 1473416780 148813999
t_num: 1 finish: 1473416784 117107800 start: 1473416780 92906988
t_num: 12 finish: 1473416784 219091879 start: 1473416780 329904987
t_num: 17 finish: 1473416784 312664194 start: 1473416781 738330631
t_num: 26 finish: 1473416784 705170146 start: 1473416783 178349323
t_num: 10 finish: 1473416784 706851357 start: 1473416782 721409663
t_num: 6 finish: 1473416784 753656703 start: 1473416782 954905399
t_num: 8 finish: 1473416784 815733834 start: 1473416783 680942602
t_num: 24 finish: 1473416784 843352929 start: 1473416782 721871485
t_num: 25 finish: 1473416784 844566580 start: 1473416782 148005782
t_num: 31 finish: 1473416785 229002145 start: 1473416780 148949709
t_num: 22 finish: 1473416785 445079006 start: 1473416782 721666785
t_num: 9 finish: 1473416785 804189261 start: 1473416783 906452548
t_num: 17 finish: 1473416785 920693938 start: 1473416784 312710201
t_num: 4 finish: 1473416786 95764158 start: 1473416783 398937075
t_num: 20 finish: 1473416786 224502810 start: 1473416782 721546608
t_num: 15 finish: 1473416787 86162568 start: 1473416782 722552415
t_num: 1 finish: 1473416787 833542993 start: 1473416784 117227838
t_num: 19 finish: 1473416787 833570484 start: 1473416784 201328492
t_num: 10 finish: 1473416787 833770853 start: 1473416784 706867356
t_num: 31 finish: 1473416787 834382201 start: 1473416785 229046925
t_num: 20 finish: 1473416789 31099541 start: 1473416786 224547179
t_num: 4 finish: 1473416789 842241599 start: 1473416786 95810403
t_num: 12 finish: 1473416789 992654963 start: 1473416785 119864717
t_num: 28 finish: 1473416790 34919879 start: 1473416786 923277947
t_num: 25 finish: 1473416790 364471380 start: 1473416784 844582609
t_num: 8 finish: 1473416790 364471380 start: 1473416784 815756629
t_num: 23 finish: 1473416791 172618515 start: 1473416785 848851112
t_num: 10 finish: 1473416791 172633017 start: 1473416787 833832422
t_num: 21 finish: 1473416791 689009687 start: 1473416785 229114195
t_num: 13 finish: 1473416791 861827620 start: 1473416790 223372966
t_num: 24 finish: 1473416792 201863539 start: 1473416790 153711959
t_num: 31 finish: 1473416792 925457277 start: 1473416787 834401722
t_num: 26 finish: 1473416792 926558251 start: 1473416787 775313755
t_num: 0 finish: 1473416792 934104280 start: 1473416789 283764158
t_num: 19 finish: 1473416793 313537843 start: 1473416789 221649915
t_num: 3 finish: 1473416793 688029926 start: 1473416788 727914346
t_num: 10 finish: 1473416793 788479859 start: 1473416791 172686023
t_num: 21 finish: 1473416794 783500035 start: 1473416791 689053602
t_num: 28 finish: 1473416795 272080402 start: 1473416790 34963306
t_num: 0 finish: 1473416795 320443319 start: 1473416792 934140090
t_num: 25 finish: 1473416795 535208824 start: 1473416790 364524178
t_num: 24 finish: 1473416796 180381402 start: 1473416793 519907732
t_num: 26 finish: 1473416796 309304514 start: 1473416792 926578273
t_num: 17 finish: 1473416796 390547557 start: 1473416790 866994193
t_num: 3 finish: 1473416796 390559881 start: 1473416793 688073524
t_num: 13 finish: 1473416796 391500628 start: 1473416792 202411986
t_num: 29 finish: 1473416796 542193602 start: 1473416793 993014253
t_num: 22 finish: 1473416796 639237939 start: 1473416791 930218590
t_num: 20 finish: 1473416797 180130968 start: 1473416792 15922597
t_num: 8 finish: 1473416797 883204153 start: 1473416792 750800118
t_num: 23 finish: 1473416798 291563662 start: 1473416793 142832451
t_num: 11 finish: 1473416799 201767023 start: 1473416792 934125514
t_num: 12 finish: 1473416799 201785606 start: 1473416791 782760065
t_num: 25 finish: 1473416799 202204043 start: 1473416795 535243677
t_num: 18 finish: 1473416799 821043306 start: 1473416797 250291889
t_num: 3 finish: 1473416800 547360367 start: 1473416796 390651228
t_num: 0 finish: 1473416801 164865736 start: 1473416795 320499295
t_num: 19 finish: 1473416801 424348834 start: 1473416798 291559627
t_num: 14 finish: 1473416801 454631982 start: 1473416799 202035511
t_num: 8 finish: 1473416801 545559232 start: 1473416797 883238898
t_num: 29 finish: 1473416801 574589201 start: 1473416798 163926023
t_num: 26 finish: 1473416801 788215179 start: 1473416796 309349852
t_num: 13 finish: 1473416801 816445360 start: 1473416796 391522131
t_num: 24 finish: 1473416801 816745821 start: 1473416796 180419390
t_num: 4 finish: 1473416802 451964490 start: 1473416796 390626695
t_num: 30 finish: 1473416802 628993836 start: 1473416798 291516351
t_num: 12 finish: 1473416803 310903561 start: 1473416799 201854980
t_num: 7 finish: 1473416803 462293875 start: 1473416801 465408690
t_num: 6 finish: 1473416803 462383181 start: 1473416798 291876359
t_num: 11 finish: 1473416803 463152104 start: 1473416800 512928717
t_num: 10 finish: 1473416803 463193990 start: 1473416796 882970538
t_num: 14 finish: 1473416803 547006703 start: 1473416802 436366215
t_num: 20 finish: 1473416804 219297422 start: 1473416798 291588314
t_num: 3 finish: 1473416804 651705801 start: 1473416800 547393865
t_num: 25 finish: 1473416804 757435787 start: 1473416799 821066769
t_num: 29 finish: 1473416804 822773395 start: 1473416801 574617344
t_num: 13 finish: 1473416805 768340129 start: 1473416801 816485536
t_num: 4 finish: 1473416805 888325657 start: 1473416802 451988633
t_num: 19 finish: 1473416805 888415973 start: 1473416801 424391562
t_num: 8 finish: 1473416805 991882292 start: 1473416802 663050553
t_num: 1 finish: 1473416806 327330207 start: 1473416802 550900851
t_num: 26 finish: 1473416806 743680319 start: 1473416801 788263470
t_num: 0 finish: 1473416808 536090563 start: 1473416801 164930139
t_num: 8 finish: 1473416808 637019142 start: 1473416805 991936688
t_num: 4 finish: 1473416809 3180803 start: 1473416805 888351870
t_num: 10 finish: 1473416809 99336535 start: 1473416803 463209868
t_num: 2 finish: 1473416809 99413059 start: 1473416804 977637094
t_num: 16 finish: 1473416809 684294241 start: 1473416807 242520860
t_num: 14 finish: 1473416810 44819180 start: 1473416807 241424551
t_num: 25 finish: 1473416810 391511039 start: 1473416804 757459617
t_num: 29 finish: 1473416810 434385185 start: 1473416805 887808636
t_num: 3 finish: 1473416810 979442633 start: 1473416804 651771743
t_num: 6 finish: 1473416810 981198271 start: 1473416805 409218335
t_num: 12 finish: 1473416810 983078194 start: 1473416805 888653503
t_num: 2 finish: 1473416811 725248428 start: 1473416809 99431711
t_num: 11 finish: 1473416812 41207794 start: 1473416807 242586537
t_num: 19 finish: 1473416812 42980010 start: 1473416805 888435168
t_num: 5 finish: 1473416812 94617381 start: 1473416805 694546746
t_num: 1 finish: 1473416812 296273117 start: 1473416809 683951416
t_num: 4 finish: 1473416812 296320633 start: 1473416809 3229443
t_num: 18 finish: 1473416812 449486584 start: 1473416807 586015691
t_num: 0 finish: 1473416812 606999847 start: 1473416809 684302561
t_num: 10 finish: 1473416813 509268786 start: 1473416809 99360581
t_num: 8 finish: 1473416813 865158486 start: 1473416811 321704566
t_num: 30 finish: 1473416814 95722123 start: 1473416807 242375892
t_num: 31 finish: 1473416814 277545894 start: 1473416808 536069960
t_num: 14 finish: 1473416814 851250984 start: 1473416810 44880840
t_num: 3 finish: 1473416815 533109242 start: 1473416810 979487212
t_num: 19 finish: 1473416816 78256384 start: 1473416812 43048725
t_num: 6 finish: 1473416816 284037745 start: 1473416812 94740422
t_num: 28 finish: 1473416817 334499404 start: 1473416812 38106011
t_num: 12 finish: 1473416817 595674696 start: 1473416810 983098431
t_num: 5 finish: 1473416817 657967640 start: 1473416812 94640729
t_num: 21 finish: 1473416817 658075339 start: 1473416814 148829795
t_num: 2 finish: 1473416817 921782632 start: 1473416815 14931953
t_num: 4 finish: 1473416818 10752094 start: 1473416814 325480078
t_num: 7 finish: 1473416818 117161579 start: 1473416813 670625084
t_num: 8 finish: 1473416818 440304436 start: 1473416813 865191941
t_num: 18 finish: 1473416818 995531604 start: 1473416816 27539296
t_num: 10 finish: 1473416819 574927835 start: 1473416813 509298383
t_num: 6 finish: 1473416819 800871720 start: 1473416816 284062727
t_num: 25 finish: 1473416819 800947654 start: 1473416814 325451223
t_num: 14 finish: 1473416819 841233996 start: 1473416817 301615691
t_num: 29 finish: 1473416820 698281140 start: 1473416815 537476873
t_num: 9 finish: 1473416820 880437785 start: 1473416816 325426729
t_num: 24 finish: 1473416820 880450694 start: 1473416814 325612043
t_num: 30 finish: 1473416821 195577594 start: 1473416814 95744729
t_num: 16 finish: 1473416821 324061457 start: 1473416817 806671285
t_num: 5 finish: 1473416821 502221341 start: 1473416819 80803155
t_num: 23 finish: 1473416822 121471751 start: 1473416816 267911768
t_num: 11 finish: 1473416822 782985375 start: 1473416816 377831681
t_num: 18 finish: 1473416823 759058110 start: 1473416818 995563237
t_num: 19 finish: 1473416823 759531906 start: 1473416817 191392790
t_num: 2 finish: 1473416823 759846765 start: 1473416817 921843582
t_num: 4 finish: 1473416823 885910065 start: 1473416818 10794509
t_num: 17 finish: 1473416824 192145000 start: 1473416819 710577015
t_num: 16 finish: 1473416824 687498584 start: 1473416821 324103518
t_num: 7 finish: 1473416824 687506632 start: 1473416819 81320529
t_num: 28 finish: 1473416824 687530675 start: 1473416822 502981767
t_num: 21 finish: 1473416825 300991669 start: 1473416820 880883038
t_num: 5 finish: 1473416825 939460696 start: 1473416821 502277281
t_num: 12 finish: 1473416825 939566961 start: 1473416819 632491279
t_num: 25 finish: 1473416826 293321034 start: 1473416819 800966336
t_num: 10 finish: 1473416826 905160597 start: 1473416819 574972456
t_num: 6 finish: 1473416826 905204904 start: 1473416821 338668243
t_num: 2 finish: 1473416827 661194852 start: 1473416825 559169140
t_num: 13 finish: 1473416828 6247531 start: 1473416821 932312277
t_num: 17 finish: 1473416828 22213602 start: 1473416824 192172056
t_num: 16 finish: 1473416828 311764662 start: 1473416824 687573588
t_num: 23 finish: 1473416828 311774189 start: 1473416825 413559556
t_num: 20 finish: 1473416828 311816956 start: 1473416822 962349378
t_num: 5 finish: 1473416828 418341224 start: 1473416825 939508216
t_num: 4 finish: 1473416828 418341224 start: 1473416823 885932093
t_num: 15 finish: 1473416829 161053690 start: 1473416825 559092584
t_num: 10 finish: 1473416829 161129668 start: 1473416826 905204707
t_num: 26 finish: 1473416829 322751196 start: 1473416825 399450754
t_num: 19 finish: 1473416829 368998208 start: 1473416823 759553263
t_num: 7 finish: 1473416829 369023142 start: 1473416824 687638843
t_num: 17 finish: 1473416829 583078053 start: 1473416828 22248330
t_num: 18 finish: 1473416830 526127670 start: 1473416826 397663471
t_num: 8 finish: 1473416830 658059017 start: 1473416823 488768209
t_num: 25 finish: 1473416830 658828344 start: 1473416826 293386027
t_num: 0 finish: 1473416830 659720069 start: 1473416828 195273552
t_num: 13 finish: 1473416830 848448212 start: 1473416828 6291423
t_num: 7 finish: 1473416830 848557623 start: 1473416829 369094378
t_num: 2 finish: 1473416831 531651981 start: 1473416828 984083658
t_num: 6 finish: 1473416832 48273176 start: 1473416826 905234542
t_num: 26 finish: 1473416832 562016405 start: 1473416829 322793592
t_num: 8 finish: 1473416832 628320946 start: 1473416830 658082354
t_num: 20 finish: 1473416833 401192700 start: 1473416828 311835320
t_num: 15 finish: 1473416833 414274782 start: 1473416829 161079980
t_num: 22 finish: 1473416833 414278224 start: 1473416828 196426171
t_num: 29 finish: 1473416833 839454888 start: 1473416830 657987289
t_num: 23 finish: 1473416834 300834743 start: 1473416829 161015104
t_num: 18 finish: 1473416834 352434568 start: 1473416830 526186977
t_num: 5 finish: 1473416834 790850821 start: 1473416829 161043304
t_num: 0 finish: 1473416834 883753252 start: 1473416830 659740786
t_num: 19 finish: 1473416835 235443553 start: 1473416830 848644696
t_num: 10 finish: 1473416835 235623426 start: 1473416830 527003790
t_num: 30 finish: 1473416835 314295748 start: 1473416830 526158797
t_num: 16 finish: 1473416835 314356917 start: 1473416829 924258074
t_num: 13 finish: 1473416836 657698357 start: 1473416830 848513974
t_num: 23 finish: 1473416837 318597974 start: 1473416834 300874802
t_num: 7 finish: 1473416837 613889808 start: 1473416834 219910807
t_num: 29 finish: 1473416838 334046628 start: 1473416834 220014660
t_num: 26 finish: 1473416838 859992467 start: 1473416833 839474615
t_num: 16 finish: 1473416839 518078571 start: 1473416835 314370436
t_num: 17 finish: 1473416839 667144172 start: 1473416833 454502796
t_num: 0 finish: 1473416839 713601962 start: 1473416836 686567525
t_num: 18 finish: 1473416839 794946701 start: 1473416834 352466458
t_num: 2 finish: 1473416839 886097885 start: 1473416832 665476890
t_num: 31 finish: 1473416840 338652079 start: 1473416835 197507515
t_num: 10 finish: 1473416840 431716957 start: 1473416835 235642491
t_num: 14 finish: 1473416840 570851625 start: 1473416836 112886172
t_num: 30 finish: 1473416840 631003969 start: 1473416835 314332231
t_num: 19 finish: 1473416840 631839938 start: 1473416836 834885264
t_num: 25 finish: 1473416840 908863650 start: 1473416836 324783101
t_num: 29 finish: 1473416841 312242655 start: 1473416840 62484664
t_num: 28 finish: 1473416841 383674101 start: 1473416838 367326686
t_num: 3 finish: 1473416841 476874042 start: 1473416837 839144178
t_num: 22 finish: 1473416841 476882342 start: 1473416836 187596229
t_num: 9 finish: 1473416842 837092725 start: 1473416837 381149664
t_num: 26 finish: 1473416843 112744278 start: 1473416838 860022371
t_num: 7 finish: 1473416843 944369457 start: 1473416839 509846067
t_num: 20 finish: 1473416843 956816009 start: 1473416837 318489429
t_num: 24 finish: 1473416843 957047157 start: 1473416840 717522786
t_num: 15 finish: 1473416843 999665859 start: 1473416839 73332663
t_num: 19 finish: 1473416844 692236367 start: 1473416840 631859353
t_num: 17 finish: 1473416844 754287230 start: 1473416839 667172938
t_num: 2 finish: 1473416845 252361574 start: 1473416839 886136822
t_num: 10 finish: 1473416845 363028025 start: 1473416840 431755997
t_num: 30 finish: 1473416846 650746293 start: 1473416840 631045966
t_num: 9 finish: 1473416847 256317212 start: 1473416842 837115175
t_num: 16 finish: 1473416847 257415662 start: 1473416842 387833721
t_num: 3 finish: 1473416847 771410323 start: 1473416841 476907955
t_num: 18 finish: 1473416848 29927488 start: 1473416843 941745290
t_num: 31 finish: 1473416848 29965481 start: 1473416841 524183796
t_num: 27 finish: 1473416848 166279523 start: 1473416842 824664509
t_num: 10 finish: 1473416848 437667128 start: 1473416845 363058946
t_num: 15 finish: 1473416849 334300509 start: 1473416846 155845181
t_num: 20 finish: 1473416849 565227450 start: 1473416843 956842366
t_num: 0 finish: 1473416849 719335163 start: 1473416843 40964742
t_num: 28 finish: 1473416849 720336002 start: 1473416841 383713083
t_num: 29 finish: 1473416849 931957715 start: 1473416842 805702600
t_num: 17 finish: 1473416851 10306144 start: 1473416846 95733612
t_num: 24 finish: 1473416851 443992509 start: 1473416843 957066764
t_num: 19 finish: 1473416851 443994193 start: 1473416844 692280368
t_num: 31 finish: 1473416852 261384938 start: 1473416848 29985212
t_num: 16 finish: 1473416852 281447006 start: 1473416847 257451466
t_num: 27 finish: 1473416852 281561480 start: 1473416848 166323369
t_num: 28 finish: 1473416852 281565855 start: 1473416849 720354310
t_num: 15 finish: 1473416852 282306768 start: 1473416849 334323879
t_num: 2 finish: 1473416852 282404741 start: 1473416845 252393380
t_num: 10 finish: 1473416852 953872745 start: 1473416848 437730020
t_num: 19 finish: 1473416852 954215350 start: 1473416851 671253828
t_num: 31 finish: 1473416852 954257701 start: 1473416852 457399942
t_num: 30 finish: 1473416852 954297728 start: 1473416846 650779437
t_num: 26 finish: 1473416853 843982083 start: 1473416849 305731875
t_num: 22 finish: 1473416854 224607400 start: 1473416849 551432299
t_num: 6 finish: 1473416854 555338054 start: 1473416847 547226350
t_num: 5 finish: 1473416854 603121946 start: 1473416847 916062226
t_num: 12 finish: 1473416855 114039369 start: 1473416849 28696390
t_num: 18 finish: 1473416855 140163258 start: 1473416849 720285322
t_num: 16 finish: 1473416856 831477115 start: 1473416852 281512412
t_num: 19 finish: 1473416857 462438973 start: 1473416852 954235943
t_num: 2 finish: 1473416857 462489902 start: 1473416852 953999600
t_num: 3 finish: 1473416857 621887587 start: 1473416852 954317803
t_num: 10 finish: 1473416858 242470483 start: 1473416852 954039947
t_num: 0 finish: 1473416858 255699491 start: 1473416852 953926792
t_num: 20 finish: 1473416858 255722180 start: 1473416854 3096382
t_num: 18 finish: 1473416858 545724731 start: 1473416856 154426882
t_num: 11 finish: 1473416858 896705801 start: 1473416854 724854191
t_num: 17 finish: 1473416859 72576106 start: 1473416851 10422719
t_num: 15 finish: 1473416859 73079906 start: 1473416853 843963874
t_num: 27 finish: 1473416859 711251554 start: 1473416852 281578313
t_num: 19 finish: 1473416859 711725508 start: 1473416857 462532536
t_num: 29 finish: 1473416859 711815911 start: 1473416855 255172454
t_num: 30 finish: 1473416859 711963324 start: 1473416852 954340852
t_num: 6 finish: 1473416859 932510143 start: 1473416854 555372121
t_num: 22 finish: 1473416860 862152681 start: 1473416855 95426966
t_num: 24 finish: 1473416860 970844491 start: 1473416855 886694073
t_num: 18 finish: 1473416861 633828623 start: 1473416858 545773514
t_num: 2 finish: 1473416861 633838759 start: 1473416859 711313598
t_num: 12 finish: 1473416861 725953755 start: 1473416857 462468373
t_num: 15 finish: 1473416862 170308096 start: 1473416859 73099127
t_num: 26 finish: 1473416862 170645740 start: 1473416855 886447992
t_num: 20 finish: 1473416862 170726594 start: 1473416859 932559836
t_num: 16 finish: 1473416862 171085111 start: 1473416856 831512153
t_num: 13 finish: 1473416863 737414232 start: 1473416859 72766441
t_num: 14 finish: 1473416864 305462662 start: 1473416859 112088700
t_num: 19 finish: 1473416864 309647567 start: 1473416859 711746978
t_num: 27 finish: 1473416864 310654274 start: 1473416859 711295587
t_num: 6 finish: 1473416864 314659713 start: 1473416859 932533608
t_num: 28 finish: 1473416864 736563434 start: 1473416860 567820468
t_num: 25 finish: 1473416864 945385308 start: 1473416861 878085202
t_num: 12 finish: 1473416865 468009708 start: 1473416861 725993031
t_num: 16 finish: 1473416865 837473782 start: 1473416862 171104330
t_num: 2 finish: 1473416865 840003788 start: 1473416861 633980959
t_num: 3 finish: 1473416866 11420844 start: 1473416858 982472307
t_num: 7 finish: 1473416866 289693458 start: 1473416859 909363208
t_num: 10 finish: 1473416866 935962085 start: 1473416860 972235092
t_num: 21 finish: 1473416867 566713316 start: 1473416865 468083954
t_num: 0 finish: 1473416867 566814032 start: 1473416862 168618792
t_num: 28 finish: 1473416867 641478151 start: 1473416864 736598121
t_num: 18 finish: 1473416867 751331843 start: 1473416863 737244570
t_num: 11 finish: 1473416867 885855324 start: 1473416864 548063652
t_num: 22 finish: 1473416867 919988792 start: 1473416864 548076763
t_num: 12 finish: 1473416867 920029127 start: 1473416865 468050792
t_num: 19 finish: 1473416868 423668467 start: 1473416864 309670673
t_num: 14 finish: 1473416869 408639828 start: 1473416865 271578048
t_num: 13 finish: 1473416869 408705249 start: 1473416863 737441515
t_num: 8 finish: 1473416869 409235754 start: 1473416862 171443826
t_num: 7 finish: 1473416870 308637652 start: 1473416866 289725764
t_num: 27 finish: 1473416870 357336164 start: 1473416865 691721885
t_num: 20 finish: 1473416870 426765357 start: 1473416866 208326759
t_num: 15 finish: 1473416870 484624879 start: 1473416866 13079154
t_num: 3 finish: 1473416870 861016119 start: 1473416867 779584563
t_num: 16 finish: 1473416870 931759875 start: 1473416865 837510780
t_num: 28 finish: 1473416871 269665264 start: 1473416868 222003054
t_num: 2 finish: 1473416871 395596846 start: 1473416865 840024207
t_num: 12 finish: 1473416872 743814723 start: 1473416867 920041933
t_num: 10 finish: 1473416873 70132764 start: 1473416866 935998010
t_num: 3 finish: 1473416873 444748498 start: 1473416870 861075481
t_num: 27 finish: 1473416873 445817436 start: 1473416870 357359222
t_num: 29 finish: 1473416873 657490072 start: 1473416869 282128031
t_num: 28 finish: 1473416873 823105297 start: 1473416871 269706094
t_num: 9 finish: 1473416873 823108385 start: 1473416871 268910760
t_num: 8 finish: 1473416874 676061209 start: 1473416872 217907917
t_num: 11 finish: 1473416874 779179379 start: 1473416868 386619445
t_num: 13 finish: 1473416874 834215626 start: 1473416870 305670830
t_num: 23 finish: 1473416874 890450442 start: 1473416867 919772774
t_num: 31 finish: 1473416874 890487730 start: 1473416870 38158781
t_num: 7 finish: 1473416875 624889301 start: 1473416872 442159064
t_num: 0 finish: 1473416876 9875988 start: 1473416872 211536126
t_num: 25 finish: 1473416876 33991617 start: 1473416871 251729546
t_num: 9 finish: 1473416876 85219205 start: 1473416873 823145043
t_num: 4 finish: 1473416876 435388324 start: 1473416870 766214951
t_num: 19 finish: 1473416876 436059011 start: 1473416872 220133654
t_num: 20 finish: 1473416876 825667084 start: 1473416872 217340900
t_num: 29 finish: 1473416877 25120883 start: 1473416873 657530149
t_num: 31 finish: 1473416877 681554905 start: 1473416874 890513740
t_num: 22 finish: 1473416877 798241924 start: 1473416875 575649072
t_num: 21 finish: 1473416878 23963918 start: 1473416873 822513083
t_num: 23 finish: 1473416878 426652762 start: 1473416874 890553983
t_num: 12 finish: 1473416878 434670654 start: 1473416872 743841954
t_num: 13 finish: 1473416878 454973743 start: 1473416874 834242896
t_num: 3 finish: 1473416878 889181876 start: 1473416873 444792319
t_num: 11 finish: 1473416879 259114016 start: 1473416874 779212423
t_num: 25 finish: 1473416879 350554503 start: 1473416876 34016103
t_num: 27 finish: 1473416880 119227798 start: 1473416874 676138574
t_num: 5 finish: 1473416880 211983081 start: 1473416876 825301257
t_num: 22 finish: 1473416880 674058223 start: 1473416877 798280162
t_num: 12 finish: 1473416881 373158844 start: 1473416878 434698156
t_num: 3 finish: 1473416881 373640201 start: 1473416878 889208399
t_num: 10 finish: 1473416881 631855558 start: 1473416879 496343358
t_num: 31 finish: 1473416881 670629172 start: 1473416877 681598968
t_num: 19 finish: 1473416881 940683607 start: 1473416878 24669237
t_num: 11 finish: 1473416882 40868159 start: 1473416879 259158502
t_num: 7 finish: 1473416882 40936645 start: 1473416875 624952317
t_num: 21 finish: 1473416882 41063561 start: 1473416878 686133915
t_num: 9 finish: 1473416882 557369288 start: 1473416878 24029612
t_num: 13 finish: 1473416882 581770118 start: 1473416878 454995904
t_num: 25 finish: 1473416882 582014984 start: 1473416880 642021736
t_num: 27 finish: 1473416883 432584734 start: 1473416880 119268400
t_num: 29 finish: 1473416883 837384154 start: 1473416879 939111254
t_num: 24 finish: 1473416883 953625330 start: 1473416879 939129606
t_num: 7 finish: 1473416884 883618228 start: 1473416882 40954888
t_num: 11 finish: 1473416885 11765516 start: 1473416882 40978179
t_num: 9 finish: 1473416886 731283498 start: 1473416882 557413427
t_num: 13 finish: 1473416886 888382240 start: 1473416882 581811160
t_num: 1 finish: 1473416888 329461344 start: 1473416883 953658185
t_num: 11 finish: 1473416889 137356446 start: 1473416885 11848832
t_num: 26 finish: 1473416889 137374897 start: 1473416881 398671159
t_num: 25 finish: 1473416889 137420427 start: 1473416882 582036062
t_num: 5 finish: 1473416889 137589002 start: 1473416882 703165714
t_num: 24 finish: 1473416889 137654511 start: 1473416885 899161540
t_num: 0 finish: 1473416889 137660216 start: 1473416882 40906959
t_num: 31 finish: 1473416889 186233067 start: 1473416881 670660139
t_num: 9 finish: 1473416889 186336865 start: 1473416886 731328659
t_num: 10 finish: 1473416889 496471688 start: 1473416885 843813873
t_num: 19 finish: 1473416889 758921426 start: 1473416886 804105469
t_num: 18 finish: 1473416892 215684560 start: 1473416885 862878461
t_num: 29 finish: 1473416893 144420465 start: 1473416883 837449412
t_num: 17 finish: 1473416893 180133240 start: 1473416888 273448712
t_num: 12 finish: 1473416893 190233580 start: 1473416885 838608338
t_num: 0 finish: 1473416893 669838164 start: 1473416889 137674270
t_num: 15 finish: 1473416893 729865056 start: 1473416889 996914625
t_num: 21 finish: 1473416894 30468421 start: 1473416888 588217023
t_num: 6 finish: 1473416894 32173210 start: 1473416886 888167949
t_num: 13 finish: 1473416894 405858484 start: 1473416890 628357104
t_num: 24 finish: 1473416894 483065637 start: 1473416892 215449957
t_num: 26 finish: 1473416895 154161164 start: 1473416892 713724529
t_num: 20 finish: 1473416895 154161141 start: 1473416889 137476286
t_num: 1 finish: 1473416896 31846028 start: 1473416888 329507275
t_num: 5 finish: 1473416896 157828888 start: 1473416891 507266631
t_num: 11 finish: 1473416896 287516744 start: 1473416890 814746146
t_num: 9 finish: 1473416896 288136383 start: 1473416891 892467284
t_num: 12 finish: 1473416896 532590444 start: 1473416894 407312171
t_num: 14 finish: 1473416896 682679515 start: 1473416890 743673547
t_num: 25 finish: 1473416896 703165077 start: 1473416891 12301965
t_num: 10 finish: 1473416896 711728475 start: 1473416890 814488256
t_num: 29 finish: 1473416897 248062008 start: 1473416893 144465009
t_num: 21 finish: 1473416897 326081461 start: 1473416894 30511069
t_num: 4 finish: 1473416897 326679034 start: 1473416894 406705301
t_num: 8 finish: 1473416897 626793421 start: 1473416893 929573063
t_num: 22 finish: 1473416897 772285151 start: 1473416893 795099161
t_num: 11 finish: 1473416898 286740346 start: 1473416896 287554477
t_num: 13 finish: 1473416898 500581840 start: 1473416894 405896445
t_num: 17 finish: 1473416898 729581233 start: 1473416893 180163930
t_num: 24 finish: 1473416898 821162376 start: 1473416895 826058269
t_num: 0 finish: 1473416898 989543970 start: 1473416896 37241216
t_num: 1 finish: 1473416899 504888990 start: 1473416896 31888342
t_num: 23 finish: 1473416900 424011822 start: 1473416896 302898240
t_num: 15 finish: 1473416900 498019690 start: 1473416893 729890327
t_num: 30 finish: 1473416900 631027561 start: 1473416895 515375409
t_num: 6 finish: 1473416900 800379221 start: 1473416898 505155657
t_num: 27 finish: 1473416900 800387712 start: 1473416896 167491303
t_num: 10 finish: 1473416900 940049382 start: 1473416896 711744606
t_num: 20 finish: 1473416900 997047224 start: 1473416898 497810798
t_num: 22 finish: 1473416901 452482369 start: 1473416897 772310928
t_num: 11 finish: 1473416901 756195500 start: 1473416898 502127734
t_num: 21 finish: 1473416902 159308914 start: 1473416897 326126677
t_num: 14 finish: 1473416902 310280933 start: 1473416897 705706916
t_num: 24 finish: 1473416902 311054395 start: 1473416898 821205912
t_num: 4 finish: 1473416902 383815813 start: 1473416898 684127514
t_num: 0 finish: 1473416902 446682857 start: 1473416899 504975441
t_num: 16 finish: 1473416902 966694327 start: 1473416897 302844376
t_num: 29 finish: 1473416903 279674371 start: 1473416897 248104652
t_num: 7 finish: 1473416903 600005182 start: 1473416899 330199134
t_num: 5 finish: 1473416903 600096292 start: 1473416898 500546233
t_num: 23 finish: 1473416903 601836152 start: 1473416900 424054208
t_num: 1 finish: 1473416903 682311858 start: 1473416900 498173547
t_num: 15 finish: 1473416904 290292958 start: 1473416901 559829362
t_num: 22 finish: 1473416904 395515283 start: 1473416901 452533039
t_num: 27 finish: 1473416904 849706669 start: 1473416900 800449671
t_num: 14 finish: 1473416904 861416563 start: 1473416902 310322248
t_num: 10 finish: 1473416905 660298876 start: 1473416900 940089806
t_num: 24 finish: 1473416906 279610306 start: 1473416902 311075863
t_num: 4 finish: 1473416906 279873159 start: 1473416902 383853064
t_num: 30 finish: 1473416906 279943628 start: 1473416900 631070975
t_num: 20 finish: 1473416906 496881278 start: 1473416900 997065784
t_num: 3 finish: 1473416907 162143283 start: 1473416903 314676951
t_num: 28 finish: 1473416907 636984420 start: 1473416903 280002213
t_num: 6 finish: 1473416907 803598329 start: 1473416904 853464159
t_num: 7 finish: 1473416907 948026823 start: 1473416903 600048527
t_num: 23 finish: 1473416908 424892191 start: 1473416903 601855785
t_num: 24 finish: 1473416908 512400952 start: 1473416906 279638699
t_num: 20 finish: 1473416908 901068583 start: 1473416906 496908483
t_num: 9 finish: 1473416909 35394510 start: 1473416903 601627097
t_num: 22 finish: 1473416909 89208608 start: 1473416904 395576980
t_num: 21 finish: 1473416909 351383551 start: 1473416906 280031195
t_num: 5 finish: 1473416909 369934106 start: 1473416905 173465331
t_num: 10 finish: 1473416910 24232038 start: 1473416906 264382976
t_num: 27 finish: 1473416910 24441793 start: 1473416905 990697703
t_num: 31 finish: 1473416910 148443367 start: 1473416903 682430895
t_num: 4 finish: 1473416910 148501341 start: 1473416907 929969171
t_num: 15 finish: 1473416910 149347960 start: 1473416907 947716318
t_num: 9 finish: 1473416910 671606519 start: 1473416909 35434171
t_num: 14 finish: 1473416910 823972685 start: 1473416905 786612664
t_num: 30 finish: 1473416911 161376486 start: 1473416906 279962170
t_num: 24 finish: 1473416911 415925779 start: 1473416908 512458659
t_num: 7 finish: 1473416912 21683896 start: 1473416907 948052983
t_num: 25 finish: 1473416912 78284864 start: 1473416907 450198096
t_num: 2 finish: 1473416912 751207597 start: 1473416907 107628285
t_num: 21 finish: 1473416912 899784106 start: 1473416909 351419685
t_num: 19 finish: 1473416912 999120148 start: 1473416908 907034801
t_num: 11 finish: 1473416913 991138801 start: 1473416907 107595296
t_num: 31 finish: 1473416914 104169446 start: 1473416910 148500849
t_num: 9 finish: 1473416914 241566903 start: 1473416910 671650629
t_num: 27 finish: 1473416914 943034250 start: 1473416910 24461800
t_num: 14 finish: 1473416915 3802134 start: 1473416910 824014804
t_num: 3 finish: 1473416916 401380689 start: 1473416910 23558625
t_num: 5 finish: 1473416916 402107359 start: 1473416910 149304461
t_num: 20 finish: 1473416916 402660302 start: 1473416912 898129419
t_num: 30 finish: 1473416916 402729095 start: 1473416911 161401133
t_num: 7 finish: 1473416916 402793470 start: 1473416912 21741816
t_num: 22 finish: 1473416916 403026977 start: 1473416913 749944122
t_num: 31 finish: 1473416916 769432501 start: 1473416914 104196355
t_num: 10 finish: 1473416916 769528956 start: 1473416911 415956710
t_num: 25 finish: 1473416917 160382849 start: 1473416912 78326845
t_num: 4 finish: 1473416918 382258906 start: 1473416912 899715129
t_num: 18 finish: 1473416918 547614280 start: 1473416914 104720609
t_num: 29 finish: 1473416918 547668080 start: 1473416916 401734660
t_num: 27 finish: 1473416919 402479544 start: 1473416916 39838531
t_num: 2 finish: 1473416919 403433129 start: 1473416912 751250377
t_num: 13 finish: 1473416920 420107082 start: 1473416916 401412912
t_num: 11 finish: 1473416920 659434707 start: 1473416913 991183103
t_num: 7 finish: 1473416921 176366841 start: 1473416916 402825836
t_num: 26 finish: 1473416921 479227534 start: 1473416917 436970311
t_num: 2 finish: 1473416921 522932328 start: 1473416919 403450958
t_num: 21 finish: 1473416921 647849102 start: 1473416915 352864292
t_num: 3 finish: 1473416921 809967847 start: 1473416916 401464471
t_num: 22 finish: 1473416921 811143901 start: 1473416916 403045521
t_num: 14 finish: 1473416922 176036031 start: 1473416916 650349081
t_num: 19 finish: 1473416922 178181330 start: 1473416918 125518563
t_num: 18 finish: 1473416922 373098315 start: 1473416918 547660410
t_num: 20 finish: 1473416922 488076561 start: 1473416917 573982319
t_num: 25 finish: 1473416923 104683724 start: 1473416918 125474084
t_num: 28 finish: 1473416924 310156068 start: 1473416920 7052242
t_num: 5 finish: 1473416924 430769764 start: 1473416919 82859907
t_num: 7 finish: 1473416924 463500206 start: 1473416921 176404384
t_num: 29 finish: 1473416924 542270815 start: 1473416920 342027435
t_num: 11 finish: 1473416924 648191193 start: 1473416920 659468742
t_num: 10 finish: 1473416925 245678247 start: 1473416920 290496154
t_num: 8 finish: 1473416925 245864894 start: 1473416921 271531377
t_num: 15 finish: 1473416925 359920356 start: 1473416921 942811548
t_num: 25 finish: 1473416926 193716450 start: 1473416923 104726541
t_num: 26 finish: 1473416927 350948450 start: 1473416921 479262787
t_num: 20 finish: 1473416927 831067738 start: 1473416922 488135842
t_num: 11 finish: 1473416927 879499787 start: 1473416924 648244592
t_num: 27 finish: 1473416928 335392513 start: 1473416921 943701856
t_num: 17 finish: 1473416928 445036516 start: 1473416924 232844417
t_num: 0 finish: 1473416928 445122097 start: 1473416921 723138345
t_num: 22 finish: 1473416928 499193839 start: 1473416923 25230247
t_num: 7 finish: 1473416928 757145306 start: 1473416924 463527046
t_num: 10 finish: 1473416928 805308001 start: 1473416925 245738573
t_num: 12 finish: 1473416929 102461988 start: 1473416924 496702573
t_num: 23 finish: 1473416929 253828109 start: 1473416926 193733221
t_num: 31 finish: 1473416929 321779723 start: 1473416928 344911094
t_num: 2 finish: 1473416929 349598185 start: 1473416924 648281062
t_num: 29 finish: 1473416929 405822224 start: 1473416924 542331876
t_num: 5 finish: 1473416929 442390685 start: 1473416924 430809888
t_num: 1 finish: 1473416929 902679948 start: 1473416926 937944944
t_num: 6 finish: 1473416930 283479273 start: 1473416925 881145469
t_num: 15 finish: 1473416930 382999624 start: 1473416925 359962227
t_num: 16 finish: 1473416930 586666289 start: 1473416927 13771654
t_num: 25 finish: 1473416930 636342219 start: 1473416926 193740263
t_num: 8 finish: 1473416930 636368203 start: 1473416926 663210021
t_num: 27 finish: 1473416930 901294052 start: 1473416928 335436970
t_num: 3 finish: 1473416931 663210020 start: 1473416925 184268919
t_num: 22 finish: 1473416932 316205860 start: 1473416928 499215160
t_num: 26 finish: 1473416932 834325140 start: 1473416928 33001802
t_num: 11 finish: 1473416932 934019729 start: 1473416927 879530578
t_num: 31 finish: 1473416932 934034576 start: 1473416929 321813651
t_num: 0 finish: 1473416932 934087808 start: 1473416928 445142193
t_num: 9 finish: 1473416933 59372449 start: 1473416929 614250371
t_num: 7 finish: 1473416933 973107758 start: 1473416928 757190694
t_num: 29 finish: 1473416933 973148372 start: 1473416929 405902933
t_num: 27 finish: 1473416934 156450738 start: 1473416930 901324526
t_num: 16 finish: 1473416934 944047404 start: 1473416930 586718330
t_num: 18 finish: 1473416934 944054410 start: 1473416929 209613979
t_num: 3 finish: 1473416935 45620406 start: 1473416931 663252932
t_num: 15 finish: 1473416935 453821752 start: 1473416932 210080477
t_num: 9 finish: 1473416935 454047758 start: 1473416933 59398114
t_num: 25 finish: 1473416936 157760449 start: 1473416930 636387010
t_num: 20 finish: 1473416936 157859001 start: 1473416932 833680069
t_num: 8 finish: 1473416936 158510195 start: 1473416933 495489677
t_num: 12 finish: 1473416936 597074842 start: 1473416932 835378878
t_num: 6 finish: 1473416936 921238904 start: 1473416932 833948220
t_num: 17 finish: 1473416936 921293105 start: 1473416932 704824900
t_num: 24 finish: 1473416938 778447810 start: 1473416933 839705733
t_num: 0 finish: 1473416939 255316722 start: 1473416934 680066773
t_num: 18 finish: 1473416939 545719259 start: 1473416934 944117579
t_num: 16 finish: 1473416939 545728116 start: 1473416936 843391995
t_num: 27 finish: 1473416940 66513322 start: 1473416934 156494818
t_num: 24 finish: 1473416940 412035828 start: 1473416938 778469898
t_num: 25 finish: 1473416940 412164530 start: 1473416937 525073787
t_num: 9 finish: 1473416940 412287992 start: 1473416937 920255681
t_num: 22 finish: 1473416940 528892185 start: 1473416935 453853517
t_num: 8 finish: 1473416941 331429382 start: 1473416936 158530525
t_num: 14 finish: 1473416941 803460861 start: 1473416939 182096549
t_num: 15 finish: 1473416941 803475468 start: 1473416936 110124638
t_num: 29 finish: 1473416942 175807598 start: 1473416937 530438442
t_num: 11 finish: 1473416942 219756790 start: 1473416937 285018098
t_num: 31 finish: 1473416942 219915365 start: 1473416936 157971245
t_num: 21 finish: 1473416942 219938097 start: 1473416935 889594722
t_num: 6 finish: 1473416942 220082338 start: 1473416938 384202060
t_num: 7 finish: 1473416942 220418177 start: 1473416940 412122093
t_num: 10 finish: 1473416942 220464297 start: 1473416940 273679396
t_num: 12 finish: 1473416942 296276999 start: 1473416936 597116833
t_num: 20 finish: 1473416943 315592688 start: 1473416938 770857410
t_num: 21 finish: 1473416944 321471782 start: 1473416942 219985904
t_num: 16 finish: 1473416944 321535127 start: 1473416940 411721577
t_num: 18 finish: 1473416946 399114632 start: 1473416939 545780326
t_num: 31 finish: 1473416946 829314533 start: 1473416943 315964509
t_num: 0 finish: 1473416947 42086174 start: 1473416941 331725244
t_num: 9 finish: 1473416947 42391109 start: 1473416940 412308068
t_num: 19 finish: 1473416947 559776258 start: 1473416943 252462697
t_num: 8 finish: 1473416947 660598135 start: 1473416941 331496436
t_num: 11 finish: 1473416948 50922562 start: 1473416942 219779071
t_num: 30 finish: 1473416948 210882907 start: 1473416943 322987710
t_num: 1 finish: 1473416948 251252382 start: 1473416945 363526438
t_num: 10 finish: 1473416948 593061391 start: 1473416943 315886918
t_num: 15 finish: 1473416948 611576043 start: 1473416943 394910070
t_num: 25 finish: 1473416948 717579089 start: 1473416943 753058595
t_num: 12 finish: 1473416948 947369241 start: 1473416943 316009009
t_num: 13 finish: 1473416949 350418909 start: 1473416941 60015637
t_num: 20 finish: 1473416949 381491925 start: 1473416943 315631275
t_num: 14 finish: 1473416950 526883878 start: 1473416941 803507456
t_num: 29 finish: 1473416950 662331062 start: 1473416946 184907361
t_num: 26 finish: 1473416950 854814230 start: 1473416944 843128933
t_num: 6 finish: 1473416950 855099315 start: 1473416946 915804276
t_num: 28 finish: 1473416951 259512444 start: 1473416943 814423045
t_num: 30 finish: 1473416951 511351438 start: 1473416948 210919001
t_num: 25 finish: 1473416951 526247701 start: 1473416948 717620354
t_num: 18 finish: 1473416951 561206648 start: 1473416948 852021075
t_num: 19 finish: 1473416951 626062164 start: 1473416947 559813995
t_num: 23 finish: 1473416952 135293029 start: 1473416946 834097647
t_num: 16 finish: 1473416952 135293100 start: 1473416945 460121442
t_num: 13 finish: 1473416952 545241227 start: 1473416949 350463444
t_num: 12 finish: 1473416952 943031282 start: 1473416950 175619065
t_num: 20 finish: 1473416953 30605926 start: 1473416950 855766917
t_num: 11 finish: 1473416953 378898379 start: 1473416948 50952922
t_num: 9 finish: 1473416953 999903118 start: 1473416949 437949819
t_num: 14 finish: 1473416954 318242222 start: 1473416950 856621695
t_num: 29 finish: 1473416954 870134083 start: 1473416950 662365496
t_num: 26 finish: 1473416954 871124463 start: 1473416950 854858110
t_num: 24 finish: 1473416955 156026578 start: 1473416950 260649046
t_num: 19 finish: 1473416956 208014808 start: 1473416951 626083810
t_num: 22 finish: 1473416956 573886330 start: 1473416952 139796935
t_num: 23 finish: 1473416956 636978146 start: 1473416953 268875298
t_num: 10 finish: 1473416956 782682005 start: 1473416948 593124765
t_num: 28 finish: 1473416956 860988046 start: 1473416951 560878238
t_num: 0 finish: 1473416957 936653295 start: 1473416952 478590332
t_num: 16 finish: 1473416958 65744292 start: 1473416952 135354789
t_num: 18 finish: 1473416958 715497153 start: 1473416953 268113008
t_num: 20 finish: 1473416958 715640739 start: 1473416953 30645421
t_num: 13 finish: 1473416958 716199278 start: 1473416952 545285083
t_num: 26 finish: 1473416959 855424125 start: 1473416954 871141178
t_num: 8 finish: 1473416959 896433066 start: 1473416953 566497477
t_num: 15 finish: 1473416960 637901583 start: 1473416952 184015192
t_num: 3 finish: 1473416960 637958683 start: 1473416954 116229315
t_num: 12 finish: 1473416960 638019559 start: 1473416954 753500644
t_num: 29 finish: 1473416960 638058487 start: 1473416954 870173221
t_num: 19 finish: 1473416960 665712274 start: 1473416956 208058680
t_num: 9 finish: 1473416961 83934840 start: 1473416955 571247859
t_num: 18 finish: 1473416961 301045106 start: 1473416958 715525391
t_num: 17 finish: 1473416961 784451468 start: 1473416955 554083140
t_num: 14 finish: 1473416962 56467300 start: 1473416958 703761285
t_num: 28 finish: 1473416962 128540109 start: 1473416956 861048309
t_num: 23 finish: 1473416962 602413925 start: 1473416960 224427134
t_num: 16 finish: 1473416962 602413925 start: 1473416958 65841245
t_num: 22 finish: 1473416962 912165581 start: 1473416956 573928632
t_num: 2 finish: 1473416963 23040431 start: 1473416954 152189283
t_num: 20 finish: 1473416963 248800099 start: 1473416959 855405586
t_num: 10 finish: 1473416964 573727625 start: 1473416960 955268002
t_num: 9 finish: 1473416965 77408518 start: 1473416961 83982919
t_num: 4 finish: 1473416965 83029029 start: 1473416957 873727415
t_num: 15 finish: 1473416965 87944985 start: 1473416961 800034720
t_num: 0 finish: 1473416965 446702490 start: 1473416960 469076977
t_num: 18 finish: 1473416965 446974794 start: 1473416961 301078302
t_num: 13 finish: 1473416965 488804156 start: 1473416958 716218728
t_num: 3 finish: 1473416965 922982423 start: 1473416960 637975018
t_num: 29 finish: 1473416965 923026111 start: 1473416961 930243807
t_num: 16 finish: 1473416966 362099317 start: 1473416963 232020095
t_num: 2 finish: 1473416967 32862648 start: 1473416963 23060992
t_num: 1 finish: 1473416967 891610630 start: 1473416963 248968830
t_num: 5 finish: 1473416968 139753863 start: 1473416962 145788204
t_num: 23 finish: 1473416968 212901364 start: 1473416962 602464099
t_num: 7 finish: 1473416968 698026643 start: 1473416962 140093170
t_num: 0 finish: 1473416969 98055459 start: 1473416965 446732935
t_num: 28 finish: 1473416969 127934871 start: 1473416963 533535613
t_num: 14 finish: 1473416969 128261604 start: 1473416965 923063195
t_num: 29 finish: 1473416969 259430229 start: 1473416966 924983222
t_num: 4 finish: 1473416969 544080177 start: 1473416965 83051326
t_num: 31 finish: 1473416969 996976153 start: 1473416966 451869597
t_num: 13 finish: 1473416970 315758539 start: 1473416965 488826260
t_num: 7 finish: 1473416970 603617483 start: 1473416968 698060739
t_num: 25 finish: 1473416970 680716760 start: 1473416967 270939745
t_num: 21 finish: 1473416971 77591484 start: 1473416967 926452740
t_num: 15 finish: 1473416971 147038509 start: 1473416966 292623378
t_num: 23 finish: 1473416971 147044014 start: 1473416969 128667874
t_num: 3 finish: 1473416971 174279159 start: 1473416965 923029251
t_num: 30 finish: 1473416971 174281447 start: 1473416969 997018041
t_num: 9 finish: 1473416971 510358204 start: 1473416969 128637502
t_num: 18 finish: 1473416972 914289701 start: 1473416965 446994415
t_num: 1 finish: 1473416973 29568996 start: 1473416969 127973780
t_num: 16 finish: 1473416973 78283587 start: 1473416966 362134186
t_num: 8 finish: 1473416973 224185841 start: 1473416963 23021872
t_num: 29 finish: 1473416973 287349979 start: 1473416969 259466536
t_num: 11 finish: 1473416973 287398686 start: 1473416970 680752467
t_num: 28 finish: 1473416973 968386824 start: 1473416969 127960703
t_num: 6 finish: 1473416973 968392499 start: 1473416968 42266877
t_num: 27 finish: 1473416974 679953486 start: 1473416973 24481897
t_num: 13 finish: 1473416975 114610236 start: 1473416970 315793594
t_num: 9 finish: 1473416975 193408612 start: 1473416971 510402827
t_num: 4 finish: 1473416975 371733078 start: 1473416971 686828453
t_num: 15 finish: 1473416975 730573469 start: 1473416973 915613892
t_num: 3 finish: 1473416976 546694197 start: 1473416971 174306667
t_num: 30 finish: 1473416977 360194141 start: 1473416971 174314264
t_num: 17 finish: 1473416977 363612235 start: 1473416972 450261371
t_num: 24 finish: 1473416977 363705776 start: 1473416973 308654315
t_num: 26 finish: 1473416977 583805082 start: 1473416974 642485336
t_num: 18 finish: 1473416977 617520021 start: 1473416972 914333790
t_num: 29 finish: 1473416978 631709958 start: 1473416973 287385787
t_num: 25 finish: 1473416978 632133590 start: 1473416974 644035902
t_num: 11 finish: 1473416978 907646037 start: 1473416974 548611494
t_num: 1 finish: 1473416979 122669263 start: 1473416973 29591601
t_num: 16 finish: 1473416979 653022273 start: 1473416973 78311485
t_num: 28 finish: 1473416979 742169368 start: 1473416977 491206716
t_num: 3 finish: 1473416980 389424073 start: 1473416976 546735421
t_num: 27 finish: 1473416980 770296097 start: 1473416974 680002544
t_num: 21 finish: 1473416980 771158495 start: 1473416977 113864415
t_num: 9 finish: 1473416981 290732976 start: 1473416979 653012271
t_num: 4 finish: 1473416981 595256170 start: 1473416977 490292359
t_num: 29 finish: 1473416981 744651277 start: 1473416978 631752474
t_num: 18 finish: 1473416981 748324185 start: 1473416977 617542291
t_num: 26 finish: 1473416982 120035911 start: 1473416977 583826961
t_num: 31 finish: 1473416982 613645505 start: 1473416978 47710977
t_num: 13 finish: 1473416982 614066473 start: 1473416977 490207344
t_num: 19 finish: 1473416982 878294900 start: 1473416978 148176917
t_num: 18 finish: 1473416983 50360584 start: 1473416981 765440700
t_num: 25 finish: 1473416983 578067209 start: 1473416981 25493686
t_num: 17 finish: 1473416984 76583610 start: 1473416978 393403765
t_num: 13 finish: 1473416984 76618072 start: 1473416982 614085517
t_num: 24 finish: 1473416984 248752255 start: 1473416977 363726472
t_num: 3 finish: 1473416984 849449701 start: 1473416980 389467167
t_num: 29 finish: 1473416984 849525852 start: 1473416981 744698184
t_num: 7 finish: 1473416985 239495265 start: 1473416978 43818480
t_num: 21 finish: 1473416985 557331600 start: 1473416980 771193699
t_num: 12 finish: 1473416985 565292924 start: 1473416982 739137111
t_num: 22 finish: 1473416986 172558419 start: 1473416981 224762584
t_num: 16 finish: 1473416986 172898515 start: 1473416981 747852984
t_num: 28 finish: 1473416986 172989157 start: 1473416979 742198402
t_num: 10 finish: 1473416986 173028158 start: 1473416982 613986813
t_num: 31 finish: 1473416987 289395332 start: 1473416984 619392715
t_num: 5 finish: 1473416987 289396065 start: 1473416984 896819636
t_num: 3 finish: 1473416987 289663580 start: 1473416984 849480540
t_num: 20 finish: 1473416987 669598355 start: 1473416982 191535811
t_num: 26 finish: 1473416987 925609058 start: 1473416984 219361482
t_num: 25 finish: 1473416988 530320806 start: 1473416984 186749780
t_num: 22 finish: 1473416988 531288516 start: 1473416986 172587155
t_num: 18 finish: 1473416988 685748581 start: 1473416983 50408197
t_num: 24 finish: 1473416988 685810894 start: 1473416984 248772230
t_num: 12 finish: 1473416989 207267058 start: 1473416985 565313856
t_num: 28 finish: 1473416990 716604630 start: 1473416986 173008839
t_num: 11 finish: 1473416990 716603517 start: 1473416984 765055080
t_num: 14 finish: 1473416990 716694524 start: 1473416987 128044578
t_num: 9 finish: 1473416990 718046681 start: 1473416986 172707898
t_num: 19 finish: 1473416990 846828034 start: 1473416988 530715509
t_num: 29 finish: 1473416991 512101831 start: 1473416985 931034999
t_num: 22 finish: 1473416991 536330799 start: 1473416988 531306539
t_num: 23 finish: 1473416991 536335509 start: 1473416987 659111433
t_num: 15 finish: 1473416991 602646699 start: 1473416988 914886013
t_num: 25 finish: 1473416991 643046148 start: 1473416988 530362273
t_num: 16 finish: 1473416992 80426004 start: 1473416988 685886304
t_num: 4 finish: 1473416992 962207763 start: 1473416988 749826190
t_num: 2 finish: 1473416993 82329396 start: 1473416988 191955789
t_num: 20 finish: 1473416993 201934899 start: 1473416987 669645888
t_num: 7 finish: 1473416993 565782584 start: 1473416988 530777540
t_num: 26 finish: 1473416993 735322574 start: 1473416990 847474157
t_num: 18 finish: 1473416993 743282172 start: 1473416988 685795947
t_num: 12 finish: 1473416993 767289082 start: 1473416990 718169726
t_num: 0 finish: 1473416993 960425422 start: 1473416992 701190555
t_num: 10 finish: 1473416993 986962513 start: 1473416990 581167856
t_num: 23 finish: 1473416994 31492391 start: 1473416991 536370058
t_num: 18 finish: 1473416994 915093995 start: 1473416993 743298708
t_num: 9 finish: 1473416995 344859346 start: 1473416990 718068408
t_num: 6 finish: 1473416995 345201155 start: 1473416991 679605270
t_num: 16 finish: 1473416995 397976966 start: 1473416992 80456696
t_num: 20 finish: 1473416996 676127399 start: 1473416993 201953740
t_num: 12 finish: 1473416997 21759129 start: 1473416993 767306302
t_num: 14 finish: 1473416997 393193145 start: 1473416992 722313887
t_num: 10 finish: 1473416997 393927174 start: 1473416993 986991809
t_num: 19 finish: 1473416997 393950426 start: 1473416993 201710447
t_num: 15 finish: 1473416998 427460771 start: 1473416992 818311102
t_num: 25 finish: 1473416999 366204443 start: 1473416992 962618052
t_num: 28 finish: 1473416999 366211668 start: 1473416993 399505413
t_num: 23 finish: 1473416999 668145036 start: 1473416995 906749616
t_num: 2 finish: 1473416999 673575979 start: 1473416995 906754170
t_num: 20 finish: 1473417000 57577835 start: 1473416997 25909694
t_num: 6 finish: 1473417000 61365667 start: 1473416997 74401500
t_num: 14 finish: 1473417000 202838749 start: 1473416997 393236446
t_num: 18 finish: 1473417000 208104415 start: 1473416994 915127476
t_num: 22 finish: 1473417000 721631050 start: 1473416993 82360613
t_num: 29 finish: 1473417000 998673639 start: 1473416992 962421948
t_num: 0 finish: 1473417001 348326584 start: 1473416995 469247929
t_num: 5 finish: 1473417001 770825948 start: 1473416996 676143038
t_num: 4 finish: 1473417001 771055324 start: 1473416995 345141267
t_num: 12 finish: 1473417001 892816426 start: 1473416997 21809641
t_num: 1 finish: 1473417002 351840713 start: 1473416996 149821462
t_num: 15 finish: 1473417002 351840949 start: 1473416998 427494663
t_num: 19 finish: 1473417003 14741226 start: 1473416998 366859975
t_num: 28 finish: 1473417003 172918834 start: 1473417000 59271058
t_num: 16 finish: 1473417003 753241436 start: 1473416998 249225631
t_num: 13 finish: 1473417003 790109106 start: 1473417000 160022654
t_num: 27 finish: 1473417003 909580364 start: 1473416999 541268582
t_num: 23 finish: 1473417003 980124892 start: 1473416999 668173059
t_num: 2 finish: 1473417004 79482154 start: 1473416999 673597710
t_num: 3 finish: 1473417004 116599095 start: 1473417000 135749481
t_num: 30 finish: 1473417004 916115882 start: 1473416998 246162832
t_num: 14 finish: 1473417005 437662653 start: 1473417000 202867083
t_num: 29 finish: 1473417005 679832589 start: 1473417001 770687095
t_num: 20 finish: 1473417005 806952145 start: 1473417000 880200838
t_num: 13 finish: 1473417005 840829656 start: 1473417003 790141982
t_num: 15 finish: 1473417006 318287082 start: 1473417002 351905386
t_num: 22 finish: 1473417006 461226414 start: 1473417000 721669431
t_num: 4 finish: 1473417006 547248585 start: 1473417002 242372545
t_num: 23 finish: 1473417006 973537218 start: 1473417004 614277279
t_num: 3 finish: 1473417007 41015564 start: 1473417004 116638271
t_num: 18 finish: 1473417007 121005172 start: 1473417002 735168740
t_num: 19 finish: 1473417007 449258649 start: 1473417003 952881224
t_num: 21 finish: 1473417007 449258649 start: 1473417003 951431911
t_num: 15 finish: 1473417008 180490023 start: 1473417006 318317015
t_num: 2 finish: 1473417008 942932688 start: 1473417004 79513575
t_num: 1 finish: 1473417008 943357744 start: 1473417002 351893819
t_num: 3 finish: 1473417009 290339679 start: 1473417007 41045926
t_num: 20 finish: 1473417009 759517364 start: 1473417005 806995653
t_num: 18 finish: 1473417010 254117407 start: 1473417007 121035633
t_num: 31 finish: 1473417010 282374439 start: 1473417004 614325166
t_num: 6 finish: 1473417010 282383697 start: 1473417003 22710051
t_num: 29 finish: 1473417010 282425674 start: 1473417006 322824070
t_num: 13 finish: 1473417011 847756354 start: 1473417005 840869329
t_num: 23 finish: 1473417012 18467396 start: 1473417006 973582262
t_num: 30 finish: 1473417012 18532608 start: 1473417006 320597311
t_num: 24 finish: 1473417012 475368534 start: 1473417007 337980288
t_num: 4 finish: 1473417012 475385431 start: 1473417006 716200740
t_num: 17 finish: 1473417012 512699455 start: 1473417010 237890820
t_num: 3 finish: 1473417012 947564818 start: 1473417009 290417396
t_num: 2 finish: 1473417013 67986829 start: 1473417008 942994495
t_num: 22 finish: 1473417013 67988462 start: 1473417006 461290706
t_num: 21 finish: 1473417013 613926526 start: 1473417008 827245130
t_num: 29 finish: 1473417013 947240941 start: 1473417010 282439870
t_num: 14 finish: 1473417013 947381072 start: 1473417006 653836913
t_num: 1 finish: 1473417014 381026758 start: 1473417009 759698192
t_num: 20 finish: 1473417014 686498998 start: 1473417010 614294433
t_num: 9 finish: 1473417015 595163751 start: 1473417010 775896030
t_num: 16 finish: 1473417015 620884438 start: 1473417010 775928396
t_num: 30 finish: 1473417015 621423394 start: 1473417012 18546981
t_num: 31 finish: 1473417016 136686750 start: 1473417010 282404453
t_num: 23 finish: 1473417017 293650642 start: 1473417012 18511878
t_num: 22 finish: 1473417017 488927090 start: 1473417013 68095122
t_num: 8 finish: 1473417017 488958730 start: 1473417011 154006299
t_num: 24 finish: 1473417018 304918008 start: 1473417014 381044872
t_num: 18 finish: 1473417018 934315258 start: 1473417011 153967043
t_num: 21 finish: 1473417019 141496168 start: 1473417013 614003713
t_num: 30 finish: 1473417019 241489814 start: 1473417015 978220521
t_num: 6 finish: 1473417020 83481283 start: 1473417016 590526873
t_num: 31 finish: 1473417020 859740661 start: 1473417016 136730692
t_num: 16 finish: 1473417021 668245463 start: 1473417015 620909574
t_num: 23 finish: 1473417022 41806085 start: 1473417017 462143379
t_num: 26 finish: 1473417022 142639355 start: 1473417016 276063958
t_num: 30 finish: 1473417022 388142704 start: 1473417019 241517916
t_num: 24 finish: 1473417022 388142704 start: 1473417018 304940829
t_num: 7 finish: 1473417022 879419883 start: 1473417015 621549895
t_num: 29 finish: 1473417022 966315797 start: 1473417018 90376984
t_num: 1 finish: 1473417022 966332779 start: 1473417015 620353189
t_num: 11 finish: 1473417022 966429967 start: 1473417016 978958525
t_num: 21 finish: 1473417023 587799399 start: 1473417020 613665725
t_num: 20 finish: 1473417023 641741053 start: 1473417020 915944556
t_num: 28 finish: 1473417023 641743796 start: 1473417019 730983643
t_num: 4 finish: 1473417023 744638913 start: 1473417015 620520792
t_num: 18 finish: 1473417023 744651204 start: 1473417018 934359622
t_num: 0 finish: 1473417023 819962685 start: 1473417020 95267261
t_num: 27 finish: 1473417024 454562742 start: 1473417020 501035827
t_num: 12 finish: 1473417025 616236376 start: 1473417015 620834825
t_num: 22 finish: 1473417025 620171246 start: 1473417018 449358047
t_num: 23 finish: 1473417025 692843313 start: 1473417022 41834169
t_num: 9 finish: 1473417025 712563528 start: 1473417018 90308745
t_num: 31 finish: 1473417025 724486125 start: 1473417022 872537446
t_num: 24 finish: 1473417025 791153049 start: 1473417022 388210664
t_num: 14 finish: 1473417026 145611374 start: 1473417018 304933513
t_num: 6 finish: 1473417026 552144741 start: 1473417020 83529098
t_num: 0 finish: 1473417026 710561559 start: 1473417023 820010051
t_num: 15 finish: 1473417026 954814834 start: 1473417024 796949026
t_num: 29 finish: 1473417027 37601735 start: 1473417022 966379893
t_num: 27 finish: 1473417027 540686975 start: 1473417024 454604129
t_num: 1 finish: 1473417028 627004334 start: 1473417022 966410105
t_num: 18 finish: 1473417028 957379771 start: 1473417023 744906758
t_num: 11 finish: 1473417028 957446568 start: 1473417025 421419458
t_num: 22 finish: 1473417029 769840546 start: 1473417025 620193350
t_num: 14 finish: 1473417029 834430524 start: 1473417026 145645063
t_num: 30 finish: 1473417029 834437534 start: 1473417025 201420478
t_num: 20 finish: 1473417029 834573847 start: 1473417024 844890823
t_num: 9 finish: 1473417029 896635974 start: 1473417025 712581764
t_num: 27 finish: 1473417030 277377270 start: 1473417027 540728932
t_num: 15 finish: 1473417030 337165311 start: 1473417026 954870330
t_num: 2 finish: 1473417030 475028165 start: 1473417023 900163949
t_num: 29 finish: 1473417030 872676821 start: 1473417028 333383746
t_num: 12 finish: 1473417031 311822296 start: 1473417025 616280483
t_num: 21 finish: 1473417032 169304083 start: 1473417028 571474883
t_num: 1 finish: 1473417032 279617763 start: 1473417028 957193029
t_num: 7 finish: 1473417032 592925816 start: 1473417026 441047945
t_num: 6 finish: 1473417032 596552726 start: 1473417026 552196932
t_num: 0 finish: 1473417032 712147764 start: 1473417026 710582583
t_num: 10 finish: 1473417032 712183937 start: 1473417030 230526236
t_num: 11 finish: 1473417032 768686009 start: 1473417029 834542327
t_num: 17 finish: 1473417033 261490699 start: 1473417026 461403362
t_num: 5 finish: 1473417034 100489018 start: 1473417032 35854690
t_num: 30 finish: 1473417034 234446381 start: 1473417030 229152547
t_num: 18 finish: 1473417034 500502533 start: 1473417028 957403366
t_num: 27 finish: 1473417034 824861676 start: 1473417030 277399701
t_num: 13 finish: 1473417034 875623914 start: 1473417031 508109628
t_num: 11 finish: 1473417034 877361016 start: 1473417033 359648661
t_num: 9 finish: 1473417034 910606771 start: 1473417032 789114231
t_num: 2 finish: 1473417035 292281500 start: 1473417030 475072240
t_num: 14 finish: 1473417035 407718016 start: 1473417029 834484533
t_num: 31 finish: 1473417035 441570544 start: 1473417030 277392577
t_num: 15 finish: 1473417035 562630063 start: 1473417030 337198598
t_num: 12 finish: 1473417035 698213163 start: 1473417031 311857764
t_num: 1 finish: 1473417037 120506996 start: 1473417032 279663549
t_num: 26 finish: 1473417037 698651552 start: 1473417032 672890743
t_num: 21 finish: 1473417038 678846226 start: 1473417032 169347091
t_num: 5 finish: 1473417038 788049952 start: 1473417034 100532717
t_num: 27 finish: 1473417038 788075656 start: 1473417034 824902384
t_num: 9 finish: 1473417038 788118177 start: 1473417035 441255019
t_num: 17 finish: 1473417038 788380049 start: 1473417033 261522932
t_num: 0 finish: 1473417038 788509320 start: 1473417034 911226987
t_num: 6 finish: 1473417038 788567670 start: 1473417034 235284147
t_num: 2 finish: 1473417039 458473427 start: 1473417036 971998495
t_num: 25 finish: 1473417039 558578920 start: 1473417035 463829822
t_num: 14 finish: 1473417039 644011885 start: 1473417035 407757046
t_num: 20 finish: 1473417039 689513064 start: 1473417034 762703979
t_num: 12 finish: 1473417040 690233727 start: 1473417036 913229199
t_num: 11 finish: 1473417040 690233765 start: 1473417034 877386901
t_num: 18 finish: 1473417040 991278056 start: 1473417034 500548050
t_num: 21 finish: 1473417040 991373567 start: 1473417038 678888792
t_num: 31 finish: 1473417040 998735456 start: 1473417036 261103695
t_num: 30 finish: 1473417040 998785248 start: 1473417037 24605726
t_num: 9 finish: 1473417041 739749047 start: 1473417038 788136507
t_num: 19 finish: 1473417041 966020994 start: 1473417037 577619513
t_num: 13 finish: 1473417042 60146376 start: 1473417039 270307930
t_num: 25 finish: 1473417042 574695532 start: 1473417039 558619013
t_num: 6 finish: 1473417042 773152073 start: 1473417038 788582765
t_num: 20 finish: 1473417042 773152073 start: 1473417039 689542753
t_num: 3 finish: 1473417042 773992665 start: 1473417037 698814050
t_num: 5 finish: 1473417042 774817111 start: 1473417038 788094599
t_num: 27 finish: 1473417044 35514973 start: 1473417038 788159325
t_num: 1 finish: 1473417044 157238990 start: 1473417040 30515866
t_num: 25 finish: 1473417044 170464006 start: 1473417042 574734721
t_num: 19 finish: 1473417044 417186293 start: 1473417041 966070902
t_num: 28 finish: 1473417044 497228551 start: 1473417042 225237389
t_num: 13 finish: 1473417044 497394986 start: 1473417042 60193328
t_num: 2 finish: 1473417045 380909727 start: 1473417041 439782081
t_num: 30 finish: 1473417045 380987507 start: 1473417040 998850847
t_num: 21 finish: 1473417045 534798152 start: 1473417040 991393124
t_num: 20 finish: 1473417045 634366983 start: 1473417042 773287706
t_num: 23 finish: 1473417046 931848134 start: 1473417044 497233319
t_num: 3 finish: 1473417046 937241856 start: 1473417044 357765563
t_num: 11 finish: 1473417046 937491588 start: 1473417042 253976693
t_num: 25 finish: 1473417046 937556714 start: 1473417044 170484431
t_num: 24 finish: 1473417047 720267088 start: 1473417042 850175102
t_num: 16 finish: 1473417047 731514659 start: 1473417044 389853066
t_num: 2 finish: 1473417048 626826657 start: 1473417045 380944374
t_num: 5 finish: 1473417048 718299229 start: 1473417042 774838513
t_num: 6 finish: 1473417048 719237693 start: 1473417044 444187537
t_num: 27 finish: 1473417049 51134299 start: 1473417044 35563249
t_num: 26 finish: 1473417049 51364223 start: 1473417045 146251134
t_num: 8 finish: 1473417049 298764354 start: 1473417045 226355138
t_num: 4 finish: 1473417049 815199530 start: 1473417046 937192761
t_num: 20 finish: 1473417050 181064098 start: 1473417045 634405272
t_num: 25 finish: 1473417050 271058722 start: 1473417046 937572923
t_num: 16 finish: 1473417050 423222941 start: 1473417047 731536254
t_num: 14 finish: 1473417050 423231689 start: 1473417046 9016699
t_num: 21 finish: 1473417050 423307525 start: 1473417045 534843792
t_num: 9 finish: 1473417051 286570957 start: 1473417044 808608261
t_num: 27 finish: 1473417051 332174626 start: 1473417049 51160587
t_num: 11 finish: 1473417052 616375969 start: 1473417048 720072707
t_num: 4 finish: 1473417052 959460908 start: 1473417049 815244148
t_num: 5 finish: 1473417053 43613188 start: 1473417050 181169640
t_num: 12 finish: 1473417053 43673226 start: 1473417050 133063046
t_num: 3 finish: 1473417053 176868913 start: 1473417046 937352263
t_num: 30 finish: 1473417053 176877439 start: 1473417048 719181344
t_num: 25 finish: 1473417054 619825627 start: 1473417050 271083074
t_num: 29 finish: 1473417054 646699475 start: 1473417050 176613929
t_num: 22 finish: 1473417055 144398323 start: 1473417046 937235764
t_num: 28 finish: 1473417055 358531185 start: 1473417050 223363298
t_num: 24 finish: 1473417055 428120304 start: 1473417049 51129786
t_num: 2 finish: 1473417055 916236799 start: 1473417049 154495564
t_num: 8 finish: 1473417055 916338782 start: 1473417052 42468122
t_num: 13 finish: 1473417056 83849273 start: 1473417051 333008107
t_num: 14 finish: 1473417056 617195744 start: 1473417050 423313982
t_num: 12 finish: 1473417056 873369369 start: 1473417054 468530921
t_num: 3 finish: 1473417058 132580298 start: 1473417053 176927650
t_num: 21 finish: 1473417058 571651788 start: 1473417051 286536674
t_num: 11 finish: 1473417058 705086530 start: 1473417053 43667458
t_num: 30 finish: 1473417058 824510010 start: 1473417053 177000187
t_num: 16 finish: 1473417059 220617745 start: 1473417054 468011663
t_num: 15 finish: 1473417059 426264941 start: 1473417054 58962703
t_num: 5 finish: 1473417059 426268988 start: 1473417053 43639278
t_num: 24 finish: 1473417059 516777228 start: 1473417057 917321230
t_num: 9 finish: 1473417059 878508056 start: 1473417055 770965487
t_num: 29 finish: 1473417059 977243075 start: 1473417055 916262173
t_num: 12 finish: 1473417059 978193048 start: 1473417056 873397685
t_num: 14 finish: 1473417059 978195289 start: 1473417056 617217333
t_num: 28 finish: 1473417060 379625327 start: 1473417055 358566374
t_num: 3 finish: 1473417060 507946077 start: 1473417058 132617656
t_num: 8 finish: 1473417061 983280199 start: 1473417058 753130103
t_num: 13 finish: 1473417062 98223055 start: 1473417058 64735188
t_num: 25 finish: 1473417062 280617997 start: 1473417056 936829271
t_num: 17 finish: 1473417062 280679189 start: 1473417057 6998083
t_num: 18 finish: 1473417062 444345663 start: 1473417060 377896759
t_num: 11 finish: 1473417062 470343831 start: 1473417058 705129218
t_num: 15 finish: 1473417062 766238388 start: 1473417059 426309724
t_num: 22 finish: 1473417062 800650902 start: 1473417056 873520645
t_num: 0 finish: 1473417063 503181934 start: 1473417058 188529868
t_num: 30 finish: 1473417063 503376326 start: 1473417058 824558532
t_num: 16 finish: 1473417063 503505824 start: 1473417059 220664945
t_num: 21 finish: 1473417063 967541367 start: 1473417059 441776884
t_num: 31 finish: 1473417064 586245405 start: 1473417059 367927584
t_num: 12 finish: 1473417064 976670294 start: 1473417060 873413247
t_num: 9 finish: 1473417065 87064703 start: 1473417060 628253227
t_num: 5 finish: 1473417065 87115622 start: 1473417060 508002139
t_num: 24 finish: 1473417065 547168416 start: 1473417063 405016906
t_num: 17 finish: 1473417065 621026956 start: 1473417063 503133719
t_num: 22 finish: 1473417066 130843130 start: 1473417064 98931021
t_num: 15 finish: 1473417066 788490659 start: 1473417062 766273865
t_num: 0 finish: 1473417066 944111060 start: 1473417063 503206441
t_num: 6 finish: 1473417066 945065599 start: 1473417063 503180596
t_num: 11 finish: 1473417066 945236778 start: 1473417062 470380373
t_num: 16 finish: 1473417067 94387895 start: 1473417063 503524018
t_num: 30 finish: 1473417067 94389304 start: 1473417063 503395171
t_num: 10 finish: 1473417067 722193534 start: 1473417065 307489886
t_num: 14 finish: 1473417067 836583380 start: 1473417063 503154050
t_num: 21 finish: 1473417067 855164338 start: 1473417065 86994425
t_num: 13 finish: 1473417068 378655243 start: 1473417064 98912944
t_num: 9 finish: 1473417068 378748353 start: 1473417065 87092037
t_num: 8 finish: 1473417068 527878805 start: 1473417061 983323616
t_num: 23 finish: 1473417068 824009484 start: 1473417065 84393376
t_num: 30 finish: 1473417069 121948357 start: 1473417067 94426334
t_num: 5 finish: 1473417069 407334416 start: 1473417065 87130646
t_num: 18 finish: 1473417070 8626840 start: 1473417066 944811064
t_num: 16 finish: 1473417070 640823058 start: 1473417067 94420282
t_num: 15 finish: 1473417071 12689926 start: 1473417066 788537766
t_num: 14 finish: 1473417071 262293955 start: 1473417068 90555797
t_num: 12 finish: 1473417071 262376892 start: 1473417066 945313863
t_num: 1 finish: 1473417071 518540805 start: 1473417067 754709710
t_num: 20 finish: 1473417071 518542974 start: 1473417066 945337300
t_num: 7 finish: 1473417071 721668513 start: 1473417068 527604523
t_num: 27 finish: 1473417072 628670246 start: 1473417069 877333291
t_num: 8 finish: 1473417072 753135041 start: 1473417070 8773566
t_num: 13 finish: 1473417072 753269774 start: 1473417068 378695925
t_num: 10 finish: 1473417072 753449710 start: 1473417069 217106458
t_num: 6 finish: 1473417073 552204315 start: 1473417066 945084540
t_num: 23 finish: 1473417073 570405651 start: 1473417070 471824139
t_num: 28 finish: 1473417073 928639169 start: 1473417069 557721882
t_num: 4 finish: 1473417074 75757848 start: 1473417068 527541653
t_num: 16 finish: 1473417074 154935639 start: 1473417070 640866428
t_num: 17 finish: 1473417074 154980851 start: 1473417068 379026068
t_num: 15 finish: 1473417074 512292598 start: 1473417071 12741161
t_num: 20 finish: 1473417074 533068640 start: 1473417073 552933959
t_num: 30 finish: 1473417074 917027665 start: 1473417070 8584098
t_num: 22 finish: 1473417075 255068511 start: 1473417070 9054169
t_num: 7 finish: 1473417076 204526974 start: 1473417072 753518931
t_num: 5 finish: 1473417076 330819687 start: 1473417070 582891856
t_num: 27 finish: 1473417076 761527352 start: 1473417072 628712933
t_num: 16 finish: 1473417077 90580651 start: 1473417074 154971410
t_num: 10 finish: 1473417077 384462719 start: 1473417073 973424440
t_num: 13 finish: 1473417077 418109282 start: 1473417072 753286511
t_num: 8 finish: 1473417077 732518816 start: 1473417073 923406032
t_num: 11 finish: 1473417077 736616645 start: 1473417073 409749756
t_num: 6 finish: 1473417077 936888724 start: 1473417073 926111669
t_num: 20 finish: 1473417078 377895003 start: 1473417075 825037738
t_num: 17 finish: 1473417078 841430860 start: 1473417075 429574393
t_num: 0 finish: 1473417078 842148818 start: 1473417073 562706884
t_num: 16 finish: 1473417079 527622075 start: 1473417077 90623549
t_num: 23 finish: 1473417079 835589707 start: 1473417075 210959469
t_num: 10 finish: 1473417080 167213509 start: 1473417077 846790940
t_num: 5 finish: 1473417080 332764767 start: 1473417076 330899302
t_num: 26 finish: 1473417080 492718842 start: 1473417078 430814902
t_num: 7 finish: 1473417080 514776326 start: 1473417076 204572041
t_num: 22 finish: 1473417080 871849851 start: 1473417075 255102630
t_num: 20 finish: 1473417080 901858717 start: 1473417078 377917708
t_num: 8 finish: 1473417080 901872833 start: 1473417077 732563667
t_num: 30 finish: 1473417080 983277375 start: 1473417076 617720719
t_num: 15 finish: 1473417081 788963718 start: 1473417075 822821833
t_num: 12 finish: 1473417082 987664303 start: 1473417079 527003856
t_num: 25 finish: 1473417083 81178557 start: 1473417077 788784604
t_num: 13 finish: 1473417083 182599452 start: 1473417077 847042793
t_num: 6 finish: 1473417083 315197824 start: 1473417077 936913152
t_num: 20 finish: 1473417083 348958946 start: 1473417080 901945031
t_num: 0 finish: 1473417083 651812318 start: 1473417080 491659552
t_num: 16 finish: 1473417084 450342895 start: 1473417079 527642767
t_num: 10 finish: 1473417084 450355194 start: 1473417080 167233651
t_num: 11 finish: 1473417084 666281664 start: 1473417080 135609944
t_num: 22 finish: 1473417085 346032191 start: 1473417082 987495835
t_num: 27 finish: 1473417086 574681962 start: 1473417080 505830359
t_num: 13 finish: 1473417086 664551042 start: 1473417083 182644844
t_num: 23 finish: 1473417086 686354739 start: 1473417079 835613837
t_num: 25 finish: 1473417086 739423555 start: 1473417083 81239287
t_num: 12 finish: 1473417086 754316698 start: 1473417082 987690117
t_num: 7 finish: 1473417086 952125463 start: 1473417080 514793829
t_num: 29 finish: 1473417087 80992085 start: 1473417081 662202218
t_num: 9 finish: 1473417087 80996380 start: 1473417084 547910315
t_num: 3 finish: 1473417087 521693311 start: 1473417080 539240379
t_num: 8 finish: 1473417087 521778150 start: 1473417083 220042706
t_num: 24 finish: 1473417087 851209528 start: 1473417080 902874283
t_num: 31 finish: 1473417087 966444310 start: 1473417083 913720229
t_num: 16 finish: 1473417089 495752197 start: 1473417086 664490131
t_num: 9 finish: 1473417089 553751066 start: 1473417087 81052054
t_num: 5 finish: 1473417089 572398987 start: 1473417086 903324906
t_num: 27 finish: 1473417089 903519238 start: 1473417086 574725497
t_num: 21 finish: 1473417090 249666795 start: 1473417083 867558652
t_num: 7 finish: 1473417090 420804388 start: 1473417086 952147193
t_num: 6 finish: 1473417090 420804708 start: 1473417084 3982480
t_num: 11 finish: 1473417090 424168113 start: 1473417084 666326901
t_num: 23 finish: 1473417090 424239764 start: 1473417086 686372489
t_num: 2 finish: 1473417090 424258521 start: 1473417087 361627514
t_num: 22 finish: 1473417090 424478560 start: 1473417086 989823029
t_num: 28 finish: 1473417090 542371102 start: 1473417089 86073341
t_num: 20 finish: 1473417091 528072726 start: 1473417087 609406187
t_num: 3 finish: 1473417092 603984726 start: 1473417089 86055970
t_num: 30 finish: 1473417092 604061764 start: 1473417086 664742842
t_num: 9 finish: 1473417092 756257159 start: 1473417090 424053637
t_num: 2 finish: 1473417092 756291751 start: 1473417090 424273997
t_num: 25 finish: 1473417092 756257159 start: 1473417089 634125484
t_num: 31 finish: 1473417092 756351982 start: 1473417090 421243210
t_num: 14 finish: 1473417093 121323978 start: 1473417091 343892918
t_num: 13 finish: 1473417093 297046639 start: 1473417087 609905540
t_num: 11 finish: 1473417093 468343590 start: 1473417090 424187609
t_num: 16 finish: 1473417094 107585797 start: 1473417089 495793911
t_num: 20 finish: 1473417094 591756170 start: 1473417091 528105305
t_num: 0 finish: 1473417094 815659843 start: 1473417090 422954570
t_num: 30 finish: 1473417095 432599123 start: 1473417092 604079128
t_num: 11 finish: 1473417095 546299646 start: 1473417093 468369140
t_num: 27 finish: 1473417095 631101518 start: 1473417089 903554488
t_num: 23 finish: 1473417096 273286698 start: 1473417091 421476832
t_num: 25 finish: 1473417096 378160206 start: 1473417092 756332286
t_num: 3 finish: 1473417096 378170589 start: 1473417092 604011578
t_num: 5 finish: 1473417097 336485672 start: 1473417092 603538253
t_num: 24 finish: 1473417098 526950046 start: 1473417091 468365326
t_num: 21 finish: 1473417098 848276596 start: 1473417094 611156969
t_num: 4 finish: 1473417098 848418890 start: 1473417095 538783184
t_num: 13 finish: 1473417098 848419537 start: 1473417093 297106858
t_num: 15 finish: 1473417099 284165777 start: 1473417094 297940533
t_num: 16 finish: 1473417099 381635519 start: 1473417094 107644102
t_num: 3 finish: 1473417099 443610463 start: 1473417096 378230610
t_num: 31 finish: 1473417099 748243515 start: 1473417092 756369188
t_num: 29 finish: 1473417101 111394209 start: 1473417094 593513180
t_num: 0 finish: 1473417101 111431940 start: 1473417096 190468612
t_num: 20 finish: 1473417101 111477545 start: 1473417094 591801247
t_num: 11 finish: 1473417101 813569181 start: 1473417095 546324416
t_num: 14 finish: 1473417101 813571345 start: 1473417094 243212083
t_num: 23 finish: 1473417101 949709271 start: 1473417096 273322580
t_num: 30 finish: 1473417102 592166025 start: 1473417096 777499245
t_num: 8 finish: 1473417102 592706395 start: 1473417098 360264448
t_num: 31 finish: 1473417102 908206560 start: 1473417099 748303819
t_num: 18 finish: 1473417103 391653176 start: 1473417098 390683154
t_num: 15 finish: 1473417104 277982005 start: 1473417099 284210301
t_num: 10 finish: 1473417104 288621501 start: 1473417100 949127742
t_num: 3 finish: 1473417105 293517025 start: 1473417102 970328901
t_num: 7 finish: 1473417105 433140752 start: 1473417097 321423694
t_num: 0 finish: 1473417105 668274663 start: 1473417102 26507028
t_num: 8 finish: 1473417105 679492904 start: 1473417102 592727813
t_num: 14 finish: 1473417106 552196670 start: 1473417101 813630435
t_num: 13 finish: 1473417106 552276873 start: 1473417098 848513231
t_num: 18 finish: 1473417106 587037230 start: 1473417103 391697094
t_num: 26 finish: 1473417106 587070323 start: 1473417099 54829165
t_num: 17 finish: 1473417106 587188651 start: 1473417099 774148382
t_num: 29 finish: 1473417106 803152460 start: 1473417103 235287796
t_num: 20 finish: 1473417107 624122322 start: 1473417101 111496475
t_num: 23 finish: 1473417107 624986510 start: 1473417102 277766938
t_num: 31 finish: 1473417107 625014903 start: 1473417103 770108759
t_num: 11 finish: 1473417107 634134738 start: 1473417102 591349196
t_num: 24 finish: 1473417107 728967171 start: 1473417102 26212873
t_num: 15 finish: 1473417110 221205411 start: 1473417104 278025217
t_num: 1 finish: 1473417110 676145875 start: 1473417109 334618057
t_num: 12 finish: 1473417110 678766248 start: 1473417103 9846767
t_num: 30 finish: 1473417110 679908713 start: 1473417102 592194990
t_num: 23 finish: 1473417111 390102395 start: 1473417107 625025127
t_num: 25 finish: 1473417111 391114718 start: 1473417103 771758343
t_num: 3 finish: 1473417111 391119784 start: 1473417108 386781157
t_num: 24 finish: 1473417111 516555618 start: 1473417108 859827811
t_num: 19 finish: 1473417112 280190078 start: 1473417107 653882368
t_num: 18 finish: 1473417112 318992777 start: 1473417106 587083463
t_num: 17 finish: 1473417112 693626757 start: 1473417106 587221871
t_num: 13 finish: 1473417112 735410095 start: 1473417106 552292864
t_num: 26 finish: 1473417113 935273334 start: 1473417106 587102899
t_num: 20 finish: 1473417113 935355032 start: 1473417107 624165485
t_num: 0 finish: 1473417113 936393565 start: 1473417108 589803488
t_num: 25 finish: 1473417114 136995256 start: 1473417111 391139628
t_num: 28 finish: 1473417114 456024695 start: 1473417106 552256882
t_num: 9 finish: 1473417114 514747367 start: 1473417110 190140356
t_num: 7 finish: 1473417114 611712874 start: 1473417108 213458716
t_num: 11 finish: 1473417115 604347191 start: 1473417107 634156239
t_num: 27 finish: 1473417115 763086122 start: 1473417110 258872913
t_num: 15 finish: 1473417115 894519704 start: 1473417110 221234526
t_num: 8 finish: 1473417116 245132923 start: 1473417112 566208218
t_num: 26 finish: 1473417116 779042667 start: 1473417113 935301492
t_num: 29 finish: 1473417116 844756300 start: 1473417109 334636531
t_num: 3 finish: 1473417117 349730203 start: 1473417111 391163081
t_num: 20 finish: 1473417117 373654928 start: 1473417113 935373745
t_num: 25 finish: 1473417117 462491867 start: 1473417114 137044761
t_num: 24 finish: 1473417117 650719049 start: 1473417111 516594269
t_num: 1 finish: 1473417118 23972919 start: 1473417110 676175964
t_num: 0 finish: 1473417118 24576843 start: 1473417113 936412908
t_num: 7 finish: 1473417118 24840837 start: 1473417114 611762620
t_num: 18 finish: 1473417118 25473633 start: 1473417113 936184622
t_num: 2 finish: 1473417119 198195614 start: 1473417113 874941205
t_num: 9 finish: 1473417119 746343752 start: 1473417114 514838339
t_num: 20 finish: 1473417119 806653830 start: 1473417117 373688972
t_num: 16 finish: 1473417119 806701675 start: 1473417115 763044198
t_num: 15 finish: 1473417120 71594015 start: 1473417115 894562461
t_num: 17 finish: 1473417120 107530818 start: 1473417118 143342749
t_num: 23 finish: 1473417120 932162498 start: 1473417113 936245491
t_num: 19 finish: 1473417121 49548374 start: 1473417115 763318816
t_num: 12 finish: 1473417121 49708310 start: 1473417116 414728620
t_num: 30 finish: 1473417122 79776149 start: 1473417115 762447656
t_num: 24 finish: 1473417122 79876017 start: 1473417119 745699016
t_num: 27 finish: 1473417122 80024729 start: 1473417115 763110356
t_num: 26 finish: 1473417123 39160579 start: 1473417116 779076305
t_num: 0 finish: 1473417123 172286069 start: 1473417118 24596798
t_num: 2 finish: 1473417123 249247890 start: 1473417119 531694806
t_num: 18 finish: 1473417124 19828956 start: 1473417120 471904196
t_num: 11 finish: 1473417124 20033302 start: 1473417117 177964842
t_num: 20 finish: 1473417125 71793800 start: 1473417119 806692070
t_num: 15 finish: 1473417125 94480270 start: 1473417121 924213690
t_num: 21 finish: 1473417125 209508012 start: 1473417119 215947857
t_num: 3 finish: 1473417125 236167864 start: 1473417120 852817188
t_num: 9 finish: 1473417125 281778141 start: 1473417119 746370908
t_num: 8 finish: 1473417125 306955237 start: 1473417119 746191684
t_num: 23 finish: 1473417125 592607753 start: 1473417121 661022336
t_num: 10 finish: 1473417126 475327372 start: 1473417119 746089438
t_num: 12 finish: 1473417126 475354880 start: 1473417121 49726755
t_num: 17 finish: 1473417127 493087362 start: 1473417120 107578726
t_num: 29 finish: 1473417127 495969480 start: 1473417119 745621830
t_num: 24 finish: 1473417127 496161984 start: 1473417122 79909431
t_num: 18 finish: 1473417127 618814330 start: 1473417124 19856878
t_num: 27 finish: 1473417127 618832576 start: 1473417122 606522015
t_num: 14 finish: 1473417127 860488004 start: 1473417125 103514513
t_num: 19 finish: 1473417128 68543964 start: 1473417121 49592433
t_num: 3 finish: 1473417129 26991779 start: 1473417125 236189598
t_num: 0 finish: 1473417129 252988451 start: 1473417123 172317113
t_num: 2 finish: 1473417129 651189702 start: 1473417125 141560740
t_num: 9 finish: 1473417129 973224193 start: 1473417125 281819934
t_num: 11 finish: 1473417130 81667143 start: 1473417124 515188098
t_num: 20 finish: 1473417130 94062147 start: 1473417125 71833022
t_num: 19 finish: 1473417130 772447735 start: 1473417128 68585606
t_num: 14 finish: 1473417130 956739875 start: 1473417127 860535351
t_num: 31 finish: 1473417131 23387535 start: 1473417124 18914585
t_num: 8 finish: 1473417131 516060988 start: 1473417125 306996941
t_num: 30 finish: 1473417131 633424596 start: 1473417128 794094221
t_num: 16 finish: 1473417132 734390802 start: 1473417126 475432851
t_num: 24 finish: 1473417132 748481164 start: 1473417127 496183505
t_num: 22 finish: 1473417132 844475204 start: 1473417128 74296330
t_num: 15 finish: 1473417133 131553341 start: 1473417126 327541796
t_num: 20 finish: 1473417133 131560339 start: 1473417130 94103930
t_num: 21 finish: 1473417133 131974509 start: 1473417128 844593383
t_num: 13 finish: 1473417133 173291526 start: 1473417129 979555536
t_num: 6 finish: 1473417133 471337752 start: 1473417128 202667785
t_num: 25 finish: 1473417133 710324689 start: 1473417128 207876431
t_num: 17 finish: 1473417133 762190865 start: 1473417127 493128723
t_num: 2 finish: 1473417133 799098637 start: 1473417129 651223105
t_num: 11 finish: 1473417133 800979213 start: 1473417130 81688672
t_num: 29 finish: 1473417134 469008391 start: 1473417131 257363226
t_num: 14 finish: 1473417134 514501852 start: 1473417130 956790055
t_num: 3 finish: 1473417134 964246825 start: 1473417131 514618657
t_num: 16 finish: 1473417135 11639564 start: 1473417132 734440892
t_num: 19 finish: 1473417135 106707627 start: 1473417132 560446924
t_num: 1 finish: 1473417135 152940515 start: 1473417132 191215965
t_num: 27 finish: 1473417135 160497653 start: 1473417127 618873306
t_num: 30 finish: 1473417135 824091967 start: 1473417131 633470964
t_num: 8 finish: 1473417137 260582269 start: 1473417131 516089529
t_num: 28 finish: 1473417138 413765613 start: 1473417133 709361767
t_num: 16 finish: 1473417138 796650356 start: 1473417136 976792491
t_num: 29 finish: 1473417138 797139489 start: 1473417135 11096603
t_num: 31 finish: 1473417139 613418955 start: 1473417133 173329029
t_num: 24 finish: 1473417139 697990673 start: 1473417132 748503501
t_num: 17 finish: 1473417139 697995515 start: 1473417133 762222339
t_num: 11 finish: 1473417139 698059204 start: 1473417134 881054475
t_num: 20 finish: 1473417139 698138894 start: 1473417133 131687069
t_num: 15 finish: 1473417139 698784447 start: 1473417133 131620737
t_num: 4 finish: 1473417139 699207686 start: 1473417135 701993116
t_num: 27 finish: 1473417140 703268537 start: 1473417135 160516593
t_num: 3 finish: 1473417141 238312654 start: 1473417134 964279490
t_num: 19 finish: 1473417141 299564810 start: 1473417135 106727489
t_num: 30 finish: 1473417141 299564740 start: 1473417137 696370774
t_num: 6 finish: 1473417142 302738014 start: 1473417136 914963559
t_num: 2 finish: 1473417142 302903238 start: 1473417135 824173872
t_num: 5 finish: 1473417142 844682336 start: 1473417137 32195891
t_num: 16 finish: 1473417142 844709669 start: 1473417138 796716118
t_num: 8 finish: 1473417143 230731618 start: 1473417138 172153429
t_num: 13 finish: 1473417143 623123404 start: 1473417134 514540598
t_num: 7 finish: 1473417144 248407840 start: 1473417139 699350841
t_num: 24 finish: 1473417144 486762146 start: 1473417139 698050121
t_num: 27 finish: 1473417144 486900717 start: 1473417140 703309720
t_num: 0 finish: 1473417144 486968292 start: 1473417141 432916240
t_num: 23 finish: 1473417144 860825572 start: 1473417141 639490507
t_num: 28 finish: 1473417144 860905429 start: 1473417138 413811339
t_num: 20 finish: 1473417144 860923810 start: 1473417140 565052869
t_num: 10 finish: 1473417145 474602757 start: 1473417143 230597302
t_num: 19 finish: 1473417145 474900906 start: 1473417141 299603285
t_num: 17 finish: 1473417145 475102584 start: 1473417139 698148979
t_num: 26 finish: 1473417146 323310124 start: 1473417141 875128467
t_num: 30 finish: 1473417146 643118400 start: 1473417141 432784728
t_num: 31 finish: 1473417147 261820408 start: 1473417141 368590664
t_num: 4 finish: 1473417147 915017804 start: 1473417145 474630489
t_num: 0 finish: 1473417147 974274171 start: 1473417144 486983650
t_num: 11 finish: 1473417148 350639894 start: 1473417140 443290355
t_num: 29 finish: 1473417148 364213169 start: 1473417141 601625852
t_num: 15 finish: 1473417148 366066563 start: 1473417142 141533360
t_num: 1 finish: 1473417148 740974988 start: 1473417146 275034903
t_num: 19 finish: 1473417149 358832027 start: 1473417145 474920418
t_num: 13 finish: 1473417149 417530802 start: 1473417143 623156441
t_num: 8 finish: 1473417149 758524070 start: 1473417146 430147554
t_num: 28 finish: 1473417149 810254672 start: 1473417144 860923504
t_num: 2 finish: 1473417150 293265246 start: 1473417145 474710260
t_num: 10 finish: 1473417150 862146900 start: 1473417145 474651647
t_num: 4 finish: 1473417151 37351471 start: 1473417147 915052748
t_num: 31 finish: 1473417151 154340193 start: 1473417147 261848909
t_num: 24 finish: 1473417151 347380880 start: 1473417146 615538254
t_num: 30 finish: 1473417152 114992181 start: 1473417147 262148396
t_num: 11 finish: 1473417152 316653300 start: 1473417148 350704086
t_num: 13 finish: 1473417152 316756153 start: 1473417149 417557632
t_num: 0 finish: 1473417152 369293678 start: 1473417149 417745316
t_num: 1 finish: 1473417153 58028363 start: 1473417150 863289967
t_num: 2 finish: 1473417153 59151208 start: 1473417150 293300114
t_num: 14 finish: 1473417153 59526067 start: 1473417150 42176149
t_num: 28 finish: 1473417153 173794693 start: 1473417149 810280897
t_num: 27 finish: 1473417153 738805112 start: 1473417148 365593901
t_num: 8 finish: 1473417153 923653678 start: 1473417149 758566711
t_num: 15 finish: 1473417153 923653678 start: 1473417149 417621661
t_num: 0 finish: 1473417153 924108103 start: 1473417152 369321385
t_num: 20 finish: 1473417153 977384461 start: 1473417148 366502233
t_num: 3 finish: 1473417154 215928919 start: 1473417149 358865027
t_num: 29 finish: 1473417154 878513910 start: 1473417152 115005122
t_num: 11 finish: 1473417154 878608072 start: 1473417152 316697723
t_num: 12 finish: 1473417155 205428562 start: 1473417147 262352532
t_num: 14 finish: 1473417156 176104607 start: 1473417153 59545115
t_num: 4 finish: 1473417156 490219543 start: 1473417153 58107508
t_num: 31 finish: 1473417157 225715890 start: 1473417153 59607990
t_num: 24 finish: 1473417157 250099006 start: 1473417151 347419471
t_num: 23 finish: 1473417157 251570220 start: 1473417153 59102971
t_num: 27 finish: 1473417157 991022687 start: 1473417153 738848560
t_num: 28 finish: 1473417158 704011231 start: 1473417153 173837579
t_num: 13 finish: 1473417158 927642947 start: 1473417156 263806148
t_num: 22 finish: 1473417158 982543825 start: 1473417153 58125846
t_num: 8 finish: 1473417159 424980850 start: 1473417154 878734933
t_num: 4 finish: 1473417159 556052837 start: 1473417156 490253522
t_num: 20 finish: 1473417159 904890807 start: 1473417154 506040604
t_num: 15 finish: 1473417159 981515501 start: 1473417153 923748925
t_num: 12 finish: 1473417159 999215599 start: 1473417155 205490171
t_num: 30 finish: 1473417160 977759168 start: 1473417152 115017264
t_num: 14 finish: 1473417161 10334108 start: 1473417157 20230703
t_num: 11 finish: 1473417161 222027140 start: 1473417156 172268527
t_num: 23 finish: 1473417161 537039888 start: 1473417157 251591536
t_num: 2 finish: 1473417161 716074643 start: 1473417156 214424008
t_num: 2 finish: 1473417161 884283421 start: 1473417161 716120508
t_num: 16 finish: 1473417161 905212129 start: 1473417158 928228709
t_num: 27 finish: 1473417162 46570911 start: 1473417160 194450025
t_num: 3 finish: 1473417162 254997828 start: 1473417155 599958321
t_num: 20 finish: 1473417162 332867503 start: 1473417160 339195553
t_num: 5 finish: 1473417162 819042797 start: 1473417159 939913345
t_num: 29 finish: 1473417162 931486164 start: 1473417156 174466795
t_num: 12 finish: 1473417163 494128084 start: 1473417159 999239483
t_num: 26 finish: 1473417163 500351215 start: 1473417161 385558279
t_num: 31 finish: 1473417163 622786460 start: 1473417158 928145326
t_num: 22 finish: 1473417164 2624381 start: 1473417160 535682056
t_num: 4 finish: 1473417164 790993318 start: 1473417159 556088706
t_num: 8 finish: 1473417165 115103310 start: 1473417159 425020193
t_num: 9 finish: 1473417165 484032802 start: 1473417161 537068387
t_num: 14 finish: 1473417165 484032799 start: 1473417161 10370263
t_num: 27 finish: 1473417165 604674400 start: 1473417162 819019553
t_num: 11 finish: 1473417165 604674406 start: 1473417161 222066986
t_num: 28 finish: 1473417165 741566415 start: 1473417158 927406723
t_num: 3 finish: 1473417165 876019082 start: 1473417162 255032467
t_num: 29 finish: 1473417166 761652638 start: 1473417164 556559421
t_num: 31 finish: 1473417166 889007816 start: 1473417165 115390365
t_num: 14 finish: 1473417167 682101330 start: 1473417165 484083534
t_num: 24 finish: 1473417167 874283133 start: 1473417164 556248828
t_num: 7 finish: 1473417167 874962906 start: 1473417162 819432173
t_num: 2 finish: 1473417167 880594015 start: 1473417161 884316949
t_num: 16 finish: 1473417167 882389881 start: 1473417161 905238518
t_num: 26 finish: 1473417167 961571949 start: 1473417165 505055689
t_num: 22 finish: 1473417168 407943485 start: 1473417164 2666779
t_num: 4 finish: 1473417168 696093596 start: 1473417165 115236203
t_num: 28 finish: 1473417170 712225442 start: 1473417165 741609676
t_num: 0 finish: 1473417170 907180024 start: 1473417166 468424051
t_num: 11 finish: 1473417171 55631679 start: 1473417165 604740074
t_num: 20 finish: 1473417171 100854406 start: 1473417167 347307243
t_num: 27 finish: 1473417171 196155982 start: 1473417167 347463309
t_num: 5 finish: 1473417171 637078178 start: 1473417166 389129204
t_num: 12 finish: 1473417171 776504860 start: 1473417168 339664499
t_num: 9 finish: 1473417171 904347795 start: 1473417165 484076621
t_num: 4 finish: 1473417172 61563301 start: 1473417168 696113596
t_num: 26 finish: 1473417172 564317610 start: 1473417167 961590803
t_num: 3 finish: 1473417173 89950613 start: 1473417168 695203575
t_num: 29 finish: 1473417173 229962018 start: 1473417168 704835314
t_num: 6 finish: 1473417173 354688829 start: 1473417170 303941319
t_num: 10 finish: 1473417173 863097954 start: 1473417171 222145454
t_num: 24 finish: 1473417173 897316270 start: 1473417169 999018612
t_num: 22 finish: 1473417174 839276698 start: 1473417168 407968987
t_num: 2 finish: 1473417175 142651747 start: 1473417171 212046506
t_num: 0 finish: 1473417175 348878450 start: 1473417172 203781409
t_num: 9 finish: 1473417175 681941129 start: 1473417173 229943060
t_num: 15 finish: 1473417175 682524305 start: 1473417173 230019787
t_num: 5 finish: 1473417175 904691871 start: 1473417171 637100849
t_num: 18 finish: 1473417175 905836252 start: 1473417171 637322174
t_num: 20 finish: 1473417176 80249894 start: 1473417171 100896377
t_num: 19 finish: 1473417176 638871142 start: 1473417173 694197107
t_num: 27 finish: 1473417176 703478585 start: 1473417171 196207358
t_num: 3 finish: 1473417176 774154736 start: 1473417173 89989628
t_num: 1 finish: 1473417177 867507740 start: 1473417171 221783230
t_num: 12 finish: 1473417177 867546277 start: 1473417171 776550161
t_num: 7 finish: 1473417177 867572628 start: 1473417171 637097027
t_num: 0 finish: 1473417178 46558150 start: 1473417175 348920959
t_num: 22 finish: 1473417178 548531807 start: 1473417174 839311116
t_num: 16 finish: 1473417178 676940437 start: 1473417173 229913190
t_num: 19 finish: 1473417179 67431145 start: 1473417176 638906171
t_num: 28 finish: 1473417179 98549086 start: 1473417177 159816220
t_num: 6 finish: 1473417179 444022807 start: 1473417176 718624916
t_num: 13 finish: 1473417179 852169601 start: 1473417173 354736724
t_num: 5 finish: 1473417179 852178231 start: 1473417175 904720691
t_num: 15 finish: 1473417179 852246585 start: 1473417175 682544509
t_num: 4 finish: 1473417179 929576730 start: 1473417174 568687163
t_num: 25 finish: 1473417180 273221889 start: 1473417176 649410785
t_num: 29 finish: 1473417180 620953602 start: 1473417175 681890254
t_num: 2 finish: 1473417181 454886307 start: 1473417176 747971091
t_num: 8 finish: 1473417181 902933265 start: 1473417179 535133363
t_num: 11 finish: 1473417181 903327360 start: 1473417179 201015643
t_num: 12 finish: 1473417181 903366092 start: 1473417178 792348993
t_num: 20 finish: 1473417182 763467780 start: 1473417180 273213004
t_num: 28 finish: 1473417182 888315572 start: 1473417180 273272303
t_num: 1 finish: 1473417183 117704933 start: 1473417177 867579129
t_num: 6 finish: 1473417183 306500051 start: 1473417180 429050897
t_num: 19 finish: 1473417183 306523149 start: 1473417179 929555893
t_num: 5 finish: 1473417183 307892561 start: 1473417179 852232805
t_num: 13 finish: 1473417183 803038400 start: 1473417179 852198685
t_num: 0 finish: 1473417184 40699701 start: 1473417179 852770754
t_num: 2 finish: 1473417184 84660235 start: 1473417181 454921328
t_num: 22 finish: 1473417184 103923609 start: 1473417179 852738931
t_num: 8 finish: 1473417184 624063723 start: 1473417181 902959703
t_num: 18 finish: 1473417185 343354981 start: 1473417179 852914680
t_num: 4 finish: 1473417187 215411462 start: 1473417181 757805181
t_num: 15 finish: 1473417187 215502439 start: 1473417181 903021936
t_num: 7 finish: 1473417187 369994997 start: 1473417184 84614343
t_num: 9 finish: 1473417187 772888332 start: 1473417181 389446059
t_num: 28 finish: 1473417189 258586895 start: 1473417182 888369230
t_num: 6 finish: 1473417189 318324922 start: 1473417183 306527634
t_num: 13 finish: 1473417189 318324922 start: 1473417183 803081508
t_num: 19 finish: 1473417189 318556977 start: 1473417184 40726058
t_num: 2 finish: 1473417189 471925832 start: 1473417184 84679575
t_num: 22 finish: 1473417189 584555290 start: 1473417184 103947064
t_num: 31 finish: 1473417190 545742785 start: 1473417186 675354988
t_num: 14 finish: 1473417190 756935026 start: 1473417185 60733414
t_num: 0 finish: 1473417191 36650314 start: 1473417185 857965016
t_num: 21 finish: 1473417191 197784092 start: 1473417189 318715229
t_num: 3 finish: 1473417191 232316486 start: 1473417188 994157599
t_num: 18 finish: 1473417191 757763789 start: 1473417185 343398084
t_num: 5 finish: 1473417191 794266365 start: 1473417184 84654800
t_num: 7 finish: 1473417191 879884278 start: 1473417187 370058234
t_num: 11 finish: 1473417192 74474660 start: 1473417188 994200842
t_num: 4 finish: 1473417192 328318616 start: 1473417187 215449728
t_num: 10 finish: 1473417192 891963695 start: 1473417187 866765660
t_num: 19 finish: 1473417192 891964547 start: 1473417189 318576790
t_num: 13 finish: 1473417192 912543565 start: 1473417189 318467159
t_num: 20 finish: 1473417193 2557414 start: 1473417187 216224552
t_num: 9 finish: 1473417193 230504650 start: 1473417187 850963886
t_num: 31 finish: 1473417193 691934273 start: 1473417191 140715811
t_num: 6 finish: 1473417193 692870244 start: 1473417190 536041693
t_num: 22 finish: 1473417193 693031652 start: 1473417191 435461547
t_num: 2 finish: 1473417194 602208586 start: 1473417190 998672378
t_num: 24 finish: 1473417195 271394522 start: 1473417191 109971303
t_num: 10 finish: 1473417195 271405556 start: 1473417192 892013636
t_num: 14 finish: 1473417195 271426014 start: 1473417190 756984518
t_num: 28 finish: 1473417195 565962595 start: 1473417190 998640525
t_num: 23 finish: 1473417196 49411907 start: 1473417193 248251735
t_num: 20 finish: 1473417196 988670805 start: 1473417193 775912327
t_num: 7 finish: 1473417196 988674360 start: 1473417191 879920524
t_num: 10 finish: 1473417197 417868944 start: 1473417195 271539148
t_num: 13 finish: 1473417197 892062292 start: 1473417192 912560418
t_num: 15 finish: 1473417197 892176481 start: 1473417195 85437346
t_num: 6 finish: 1473417198 116710704 start: 1473417194 602230307
t_num: 21 finish: 1473417198 126591241 start: 1473417195 85533863
t_num: 26 finish: 1473417198 126632774 start: 1473417194 612358265
t_num: 22 finish: 1473417198 290314920 start: 1473417193 693051336
t_num: 1 finish: 1473417198 347840558 start: 1473417191 306627401
t_num: 20 finish: 1473417199 89244177 start: 1473417196 988714502
t_num: 23 finish: 1473417199 516466416 start: 1473417196 49457162
t_num: 19 finish: 1473417199 516687928 start: 1473417196 819825444
t_num: 9 finish: 1473417199 516901426 start: 1473417194 426249861
t_num: 7 finish: 1473417199 552178749 start: 1473417196 988733190
t_num: 11 finish: 1473417199 552304036 start: 1473417194 133461810
t_num: 27 finish: 1473417199 905862161 start: 1473417195 170293088
t_num: 13 finish: 1473417200 546234579 start: 1473417197 892126083
t_num: 15 finish: 1473417200 575392622 start: 1473417197 892192104
t_num: 2 finish: 1473417200 599649754 start: 1473417195 681517946
t_num: 12 finish: 1473417201 493022638 start: 1473417197 773329646
t_num: 0 finish: 1473417201 568656757 start: 1473417194 767007688
t_num: 24 finish: 1473417201 866095520 start: 1473417198 836075335
t_num: 20 finish: 1473417202 624368305 start: 1473417199 89289160
t_num: 10 finish: 1473417202 625013941 start: 1473417199 516677932
t_num: 9 finish: 1473417202 625234067 start: 1473417199 516920196
t_num: 23 finish: 1473417202 625552152 start: 1473417199 516511426
t_num: 1 finish: 1473417202 625641940 start: 1473417198 347866192
t_num: 29 finish: 1473417204 318833052 start: 1473417198 290366163
t_num: 22 finish: 1473417204 826088754 start: 1473417200 386982417
t_num: 2 finish: 1473417204 950330562 start: 1473417200 599668188
t_num: 26 finish: 1473417205 372107703 start: 1473417200 575426959
t_num: 6 finish: 1473417205 680092737 start: 1473417202 169516227
t_num: 17 finish: 1473417205 680352983 start: 1473417199 966753110
t_num: 27 finish: 1473417205 685319549 start: 1473417201 210185761
t_num: 13 finish: 1473417206 552926049 start: 1473417200 546275812
t_num: 24 finish: 1473417207 161523525 start: 1473417203 352017214
t_num: 12 finish: 1473417207 284165821 start: 1473417201 493057843
t_num: 11 finish: 1473417207 284674663 start: 1473417202 517653476
t_num: 25 finish: 1473417208 147339671 start: 1473417202 625257730
t_num: 16 finish: 1473417208 273145128 start: 1473417201 210225436
t_num: 15 finish: 1473417208 396392186 start: 1473417202 624308750
t_num: 30 finish: 1473417208 724673786 start: 1473417204 159869583
t_num: 27 finish: 1473417208 848079492 start: 1473417205 685340865
t_num: 23 finish: 1473417209 550457553 start: 1473417204 953120557
t_num: 19 finish: 1473417209 666951728 start: 1473417206 216819726
t_num: 26 finish: 1473417209 667376611 start: 1473417205 372197077
t_num: 22 finish: 1473417209 944019610 start: 1473417204 826146091
t_num: 8 finish: 1473417210 688966904 start: 1473417205 373053972
t_num: 0 finish: 1473417210 733339451 start: 1473417206 96669106
t_num: 6 finish: 1473417210 958959727 start: 1473417205 680138278
t_num: 9 finish: 1473417211 342868911 start: 1473417207 81480639
t_num: 16 finish: 1473417211 391594788 start: 1473417208 273186811
t_num: 20 finish: 1473417211 569863155 start: 1473417207 909483198
t_num: 30 finish: 1473417211 569863155 start: 1473417209 775983351
t_num: 17 finish: 1473417211 997663581 start: 1473417205 680372396
t_num: 11 finish: 1473417213 25106580 start: 1473417209 331172290
t_num: 15 finish: 1473417213 102696235 start: 1473417208 896052970
t_num: 31 finish: 1473417213 102706074 start: 1473417209 302509624
t_num: 26 finish: 1473417213 199850632 start: 1473417211 281739739
t_num: 3 finish: 1473417213 493555677 start: 1473417207 794469376
t_num: 19 finish: 1473417213 906994786 start: 1473417209 666994232
t_num: 24 finish: 1473417214 108987641 start: 1473417211 297199828
t_num: 28 finish: 1473417214 143201299 start: 1473417210 896378299
t_num: 4 finish: 1473417214 828035890 start: 1473417211 296888107
t_num: 2 finish: 1473417214 867120946 start: 1473417206 216780471
t_num: 22 finish: 1473417215 813071357 start: 1473417213 74812143
t_num: 30 finish: 1473417215 822034109 start: 1473417211 569929118
t_num: 9 finish: 1473417215 822036125 start: 1473417211 342894576
t_num: 16 finish: 1473417216 245278184 start: 1473417211 391617640
t_num: 0 finish: 1473417216 847281518 start: 1473417210 733378227
t_num: 31 finish: 1473417217 137185533 start: 1473417213 102886990
t_num: 18 finish: 1473417217 541390403 start: 1473417212 576530143
t_num: 2 finish: 1473417217 541761919 start: 1473417214 867144800
t_num: 11 finish: 1473417218 130709188 start: 1473417214 179965811
t_num: 25 finish: 1473417218 549226338 start: 1473417214 904070961
t_num: 4 finish: 1473417219 111737118 start: 1473417214 828079393
t_num: 27 finish: 1473417219 148483603 start: 1473417214 904087362
t_num: 14 finish: 1473417219 397152995 start: 1473417216 236902519
t_num: 17 finish: 1473417219 674185581 start: 1473417214 462356647
t_num: 22 finish: 1473417219 774797983 start: 1473417215 813115130
t_num: 3 finish: 1473417220 8892485 start: 1473417216 172091958
t_num: 26 finish: 1473417220 271853588 start: 1473417213 199874538
t_num: 1 finish: 1473417220 289037449 start: 1473417213 317325094
t_num: 16 finish: 1473417220 774346197 start: 1473417216 245305363
t_num: 31 finish: 1473417220 774611825 start: 1473417217 137225305
t_num: 13 finish: 1473417221 214739809 start: 1473417219 148512394
t_num: 30 finish: 1473417221 214832118 start: 1473417217 606755674
t_num: 25 finish: 1473417221 384740667 start: 1473417218 549271714
t_num: 21 finish: 1473417222 11252188 start: 1473417218 193246434
t_num: 20 finish: 1473417222 90007730 start: 1473417216 970566126
t_num: 10 finish: 1473417222 281239475 start: 1473417218 897204517
t_num: 0 finish: 1473417222 281292423 start: 1473417216 847325347
t_num: 14 finish: 1473417223 334201073 start: 1473417219 397187438
t_num: 16 finish: 1473417223 334369446 start: 1473417220 774386655
t_num: 11 finish: 1473417223 334628555 start: 1473417219 673695693
t_num: 26 finish: 1473417223 748212723 start: 1473417220 271890874
t_num: 27 finish: 1473417223 810171528 start: 1473417221 78674928
t_num: 1 finish: 1473417223 811995829 start: 1473417220 289077913
t_num: 3 finish: 1473417224 727503132 start: 1473417220 8934728
t_num: 18 finish: 1473417224 944429728 start: 1473417218 130688440
t_num: 31 finish: 1473417225 913878745 start: 1473417220 774634451
t_num: 21 finish: 1473417225 914014164 start: 1473417222 11296887
t_num: 23 finish: 1473417225 914155986 start: 1473417221 78365804
t_num: 10 finish: 1473417226 497583250 start: 1473417222 281333313
t_num: 13 finish: 1473417226 657692869 start: 1473417221 214781346
t_num: 22 finish: 1473417226 921732260 start: 1473417223 334910858
t_num: 25 finish: 1473417226 929615365 start: 1473417223 809640341
t_num: 11 finish: 1473417228 16993240 start: 1473417223 334646777
t_num: 7 finish: 1473417228 17014516 start: 1473417222 281271070
t_num: 1 finish: 1473417228 837266981 start: 1473417226 131292496
t_num: 19 finish: 1473417228 881973921 start: 1473417224 727787866
t_num: 14 finish: 1473417228 881996233 start: 1473417223 334266720
t_num: 18 finish: 1473417228 882101959 start: 1473417224 944452405
t_num: 16 finish: 1473417229 578856413 start: 1473417223 334388237
t_num: 29 finish: 1473417230 14218911 start: 1473417225 913342699
t_num: 13 finish: 1473417230 41899066 start: 1473417226 657720678
t_num: 0 finish: 1473417230 41907441 start: 1473417226 599004740
t_num: 21 finish: 1473417230 264033651 start: 1473417225 914032708
t_num: 3 finish: 1473417230 304085689 start: 1473417224 727548196
t_num: 27 finish: 1473417230 414317230 start: 1473417225 914240861
t_num: 31 finish: 1473417230 896789286 start: 1473417225 913901629
t_num: 10 finish: 1473417231 268052183 start: 1473417227 983281087
t_num: 5 finish: 1473417231 605713247 start: 1473417227 149442587
t_num: 17 finish: 1473417231 606556313 start: 1473417225 913954997
t_num: 15 finish: 1473417231 606758724 start: 1473417226 598996584
t_num: 6 finish: 1473417232 763124237 start: 1473417230 45132669
t_num: 8 finish: 1473417233 541858310 start: 1473417228 589440036
t_num: 11 finish: 1473417233 627443428 start: 1473417228 17058672
t_num: 0 finish: 1473417233 742647704 start: 1473417230 41996146
t_num: 23 finish: 1473417234 289568971 start: 1473417228 17339117
t_num: 24 finish: 1473417235 725298834 start: 1473417229 579001376
t_num: 18 finish: 1473417236 80308655 start: 1473417229 579051603
t_num: 29 finish: 1473417236 251194420 start: 1473417231 268090804
t_num: 13 finish: 1473417236 289757802 start: 1473417230 41980548
t_num: 14 finish: 1473417236 588089944 start: 1473417228 882028849
t_num: 31 finish: 1473417236 690179116 start: 1473417233 706079862
t_num: 5 finish: 1473417236 769230195 start: 1473417234 487379526
t_num: 25 finish: 1473417236 867779147 start: 1473417232 454357957
t_num: 28 finish: 1473417237 41370487 start: 1473417230 409112756
t_num: 16 finish: 1473417237 116720590 start: 1473417232 565856603
t_num: 8 finish: 1473417237 116747935 start: 1473417233 541903909
t_num: 1 finish: 1473417237 438356693 start: 1473417230 968890097
t_num: 11 finish: 1473417237 642155052 start: 1473417233 627476942
t_num: 15 finish: 1473417237 665701011 start: 1473417233 510687738
t_num: 7 finish: 1473417238 132227386 start: 1473417232 565562323
t_num: 28 finish: 1473417238 283184933 start: 1473417237 41426604
t_num: 19 finish: 1473417239 208560835 start: 1473417231 125267456
t_num: 29 finish: 1473417239 824596515 start: 1473417236 251239021
t_num: 21 finish: 1473417240 68563442 start: 1473417236 176893131
t_num: 10 finish: 1473417240 113017834 start: 1473417233 687346815
t_num: 23 finish: 1473417240 305317617 start: 1473417236 769175756
t_num: 25 finish: 1473417241 537634196 start: 1473417236 867808777
t_num: 14 finish: 1473417241 539793019 start: 1473417236 588131238
t_num: 1 finish: 1473417241 669993146 start: 1473417238 282534901
t_num: 3 finish: 1473417242 82602720 start: 1473417238 677190432
t_num: 11 finish: 1473417242 83294153 start: 1473417239 195145223
t_num: 5 finish: 1473417242 199440164 start: 1473417236 769277595
t_num: 2 finish: 1473417242 200049179 start: 1473417238 973170464
t_num: 31 finish: 1473417242 227769643 start: 1473417236 690249858
t_num: 6 finish: 1473417242 806588629 start: 1473417234 977787273
t_num: 8 finish: 1473417242 806601568 start: 1473417238 680713174
t_num: 30 finish: 1473417243 8332754 start: 1473417239 811767245
t_num: 13 finish: 1473417243 684475914 start: 1473417237 495934259
t_num: 28 finish: 1473417243 737214541 start: 1473417238 283212410
t_num: 10 finish: 1473417243 939410841 start: 1473417240 668514799
t_num: 15 finish: 1473417244 49089383 start: 1473417239 198320445
t_num: 1 finish: 1473417244 65077233 start: 1473417241 670037927
t_num: 22 finish: 1473417244 951896344 start: 1473417241 185606309
t_num: 23 finish: 1473417245 529685567 start: 1473417240 305363776
t_num: 21 finish: 1473417245 702404233 start: 1473417240 68598770
t_num: 3 finish: 1473417245 813432956 start: 1473417242 82641724
t_num: 31 finish: 1473417246 852307947 start: 1473417242 227790142
t_num: 2 finish: 1473417246 994844332 start: 1473417242 200070265
t_num: 26 finish: 1473417247 106488864 start: 1473417240 964318632
t_num: 28 finish: 1473417247 178987357 start: 1473417243 737276803
t_num: 11 finish: 1473417248 160681399 start: 1473417242 83310823
t_num: 5 finish: 1473417248 396296929 start: 1473417244 88123002
t_num: 13 finish: 1473417248 682226890 start: 1473417243 684513794
t_num: 23 finish: 1473417248 975390066 start: 1473417245 529716599
t_num: 10 finish: 1473417248 975461443 start: 1473417244 994686372
t_num: 27 finish: 1473417249 176383656 start: 1473417245 436851395
t_num: 6 finish: 1473417249 176462655 start: 1473417243 8848018
t_num: 17 finish: 1473417249 176664658 start: 1473417244 555249958
t_num: 1 finish: 1473417249 800690814 start: 1473417244 65098567
t_num: 8 finish: 1473417249 940615080 start: 1473417244 555343687
t_num: 13 finish: 1473417249 940620871 start: 1473417248 682271819
t_num: 28 finish: 1473417249 941348564 start: 1473417247 179008740
t_num: 19 finish: 1473417249 942215560 start: 1473417245 386983050
t_num: 2 finish: 1473417250 463487037 start: 1473417246 994932805
t_num: 21 finish: 1473417250 518220060 start: 1473417247 852903663
t_num: 30 finish: 1473417250 518741265 start: 1473417246 994869027
t_num: 3 finish: 1473417250 634201192 start: 1473417245 813455208
t_num: 11 finish: 1473417250 634473850 start: 1473417248 160715651
t_num: 10 finish: 1473417252 43245128 start: 1473417249 242072756
t_num: 7 finish: 1473417252 43632348 start: 1473417246 994909547
t_num: 5 finish: 1473417252 542213249 start: 1473417248 396331899
t_num: 14 finish: 1473417252 622685111 start: 1473417246 198069789
t_num: 6 finish: 1473417253 473413111 start: 1473417249 176484243
t_num: 13 finish: 1473417253 473491407 start: 1473417249 940655893
t_num: 26 finish: 1473417254 130103676 start: 1473417249 242210906
t_num: 22 finish: 1473417255 524581966 start: 1473417250 519335755
t_num: 31 finish: 1473417255 524823339 start: 1473417249 445637963
t_num: 19 finish: 1473417255 898162426 start: 1473417249 942237014
t_num: 10 finish: 1473417256 100864388 start: 1473417253 472975312
t_num: 23 finish: 1473417256 271006295 start: 1473417249 242297712
t_num: 2 finish: 1473417256 817751795 start: 1473417255 131404039
t_num: 17 finish: 1473417257 658915163 start: 1473417251 994335920
t_num: 30 finish: 1473417257 663987645 start: 1473417250 518786926
t_num: 3 finish: 1473417257 723742688 start: 1473417253 473530446
t_num: 5 finish: 1473417258 312310874 start: 1473417252 542239567
t_num: 6 finish: 1473417258 435214008 start: 1473417253 839105105
t_num: 24 finish: 1473417258 703033796 start: 1473417252 529637157
t_num: 20 finish: 1473417259 320062617 start: 1473417255 524644832
t_num: 11 finish: 1473417259 480882367 start: 1473417255 277354381
t_num: 28 finish: 1473417259 624946205 start: 1473417255 524655415
t_num: 19 finish: 1473417259 839147719 start: 1473417255 898206131
t_num: 18 finish: 1473417259 930301348 start: 1473417254 130134772
t_num: 8 finish: 1473417260 199440434 start: 1473417252 542032950
t_num: 21 finish: 1473417260 511163685 start: 1473417255 524673524
t_num: 30 finish: 1473417260 710711173 start: 1473417257 664012035
t_num: 2 finish: 1473417260 713321018 start: 1473417256 817788033
t_num: 31 finish: 1473417260 864945865 start: 1473417257 915149610
t_num: 3 finish: 1473417261 100779731 start: 1473417257 723761869
t_num: 7 finish: 1473417261 524716499 start: 1473417252 43652963
t_num: 22 finish: 1473417261 583213427 start: 1473417257 958790477
t_num: 26 finish: 1473417261 583239665 start: 1473417254 130206206
t_num: 9 finish: 1473417261 949744218 start: 1473417255 301374232
t_num: 8 finish: 1473417263 384012487 start: 1473417260 666451707
t_num: 29 finish: 1473417263 506827980 start: 1473417260 578968460
t_num: 24 finish: 1473417263 611062834 start: 1473417258 703073782
t_num: 19 finish: 1473417264 54569591 start: 1473417260 863017541
t_num: 22 finish: 1473417264 54582785 start: 1473417262 491977970
t_num: 2 finish: 1473417265 77146440 start: 1473417260 713346572
t_num: 28 finish: 1473417265 79922521 start: 1473417259 624980720
t_num: 10 finish: 1473417265 405856960 start: 1473417261 583369695
t_num: 7 finish: 1473417265 512167417 start: 1473417261 524753727
t_num: 30 finish: 1473417265 568068113 start: 1473417261 685259588
t_num: 21 finish: 1473417265 746414067 start: 1473417260 511207457
t_num: 17 finish: 1473417266 78480181 start: 1473417261 167114851
t_num: 9 finish: 1473417266 79061044 start: 1473417261 949778094
t_num: 5 finish: 1473417266 700783157 start: 1473417260 199554855
t_num: 4 finish: 1473417266 848220460 start: 1473417264 776944031
t_num: 0 finish: 1473417267 45674840 start: 1473417262 491993899
t_num: 25 finish: 1473417267 163507989 start: 1473417262 626365186
t_num: 18 finish: 1473417267 597957021 start: 1473417260 775221681
t_num: 11 finish: 1473417268 439217043 start: 1473417261 584186235
t_num: 26 finish: 1473417268 720773865 start: 1473417263 326530588
t_num: 22 finish: 1473417269 585467229 start: 1473417264 887388464
t_num: 1 finish: 1473417269 585485084 start: 1473417263 211773740
t_num: 31 finish: 1473417270 298580923 start: 1473417266 702404767
t_num: 2 finish: 1473417270 359896247 start: 1473417266 704597722
t_num: 8 finish: 1473417270 359950916 start: 1473417263 384046021
t_num: 7 finish: 1473417270 360187828 start: 1473417265 512211690
t_num: 19 finish: 1473417270 466341694 start: 1473417264 54689081
t_num: 30 finish: 1473417270 500562640 start: 1473417265 568131510
t_num: 5 finish: 1473417270 707907557 start: 1473417266 700836686
t_num: 24 finish: 1473417270 796283475 start: 1473417264 981396204
t_num: 1 finish: 1473417271 69504642 start: 1473417269 585595548
t_num: 21 finish: 1473417271 275233733 start: 1473417267 941179627
t_num: 25 finish: 1473417271 508870088 start: 1473417267 163581958
t_num: 28 finish: 1473417272 145255037 start: 1473417268 439965305
t_num: 10 finish: 1473417272 250459203 start: 1473417265 405900447
t_num: 0 finish: 1473417273 182325448 start: 1473417268 344265323
t_num: 18 finish: 1473417273 183181601 start: 1473417267 597989168
t_num: 12 finish: 1473417273 183603074 start: 1473417267 163609833
t_num: 17 finish: 1473417273 276980202 start: 1473417270 360241411
t_num: 20 finish: 1473417273 276997645 start: 1473417270 359777319
t_num: 22 finish: 1473417273 277050536 start: 1473417269 585546429
t_num: 19 finish: 1473417273 277192044 start: 1473417270 466387703
t_num: 31 finish: 1473417273 277574830 start: 1473417272 120338187
t_num: 16 finish: 1473417273 277722937 start: 1473417267 498150719
t_num: 21 finish: 1473417273 917079920 start: 1473417271 275273054
t_num: 4 finish: 1473417273 917152357 start: 1473417270 707932588
t_num: 27 finish: 1473417274 966348651 start: 1473417270 359736027
t_num: 10 finish: 1473417274 982870710 start: 1473417272 250514288
t_num: 3 finish: 1473417275 864112502 start: 1473417273 181845585
t_num: 19 finish: 1473417276 452628394 start: 1473417273 277209736
t_num: 1 finish: 1473417276 452971776 start: 1473417273 916655834
t_num: 11 finish: 1473417276 453178834 start: 1473417273 182389056
t_num: 7 finish: 1473417276 584881033 start: 1473417273 983652897
t_num: 25 finish: 1473417277 317006683 start: 1473417271 508904559
t_num: 12 finish: 1473417277 317163327 start: 1473417273 183623229
t_num: 18 finish: 1473417277 317237496 start: 1473417273 183202559
t_num: 4 finish: 1473417277 317305293 start: 1473417273 917169945
t_num: 22 finish: 1473417278 455666981 start: 1473417273 277066093
t_num: 3 finish: 1473417279 333277453 start: 1473417275 864143064
t_num: 31 finish: 1473417279 766199123 start: 1473417273 277594202
t_num: 30 finish: 1473417281 225524623 start: 1473417274 982926122
t_num: 16 finish: 1473417281 390590096 start: 1473417273 277741305
t_num: 0 finish: 1473417281 438799253 start: 1473417276 452420396
t_num: 17 finish: 1473417282 208314610 start: 1473417276 452208095
t_num: 21 finish: 1473417282 217271785 start: 1473417277 915189249
t_num: 14 finish: 1473417282 786098224 start: 1473417276 398844531
t_num: 22 finish: 1473417282 789007270 start: 1473417278 455731441
t_num: 29 finish: 1473417283 240325926 start: 1473417280 540864360
t_num: 5 finish: 1473417283 245557303 start: 1473417275 796844178
t_num: 3 finish: 1473417283 313849771 start: 1473417279 333313128
t_num: 18 finish: 1473417283 638067110 start: 1473417277 915174799
t_num: 1 finish: 1473417283 733902877 start: 1473417276 452992082
t_num: 7 finish: 1473417284 530625222 start: 1473417279 949951602
t_num: 15 finish: 1473417285 697838810 start: 1473417279 601402343
t_num: 24 finish: 1473417285 889407252 start: 1473417277 660350352
t_num: 10 finish: 1473417286 35694931 start: 1473417283 313909011
t_num: 6 finish: 1473417286 35960201 start: 1473417279 100754071
t_num: 22 finish: 1473417286 36026318 start: 1473417282 789027928
t_num: 12 finish: 1473417286 36090192 start: 1473417277 317181605
t_num: 30 finish: 1473417286 50680536 start: 1473417281 225573440
t_num: 16 finish: 1473417286 448934604 start: 1473417281 390634211
t_num: 19 finish: 1473417286 449096992 start: 1473417280 996527737
t_num: 23 finish: 1473417286 492770716 start: 1473417281 438832608
t_num: 18 finish: 1473417286 934460515 start: 1473417283 638108617
t_num: 9 finish: 1473417287 458143474 start: 1473417283 408088747
t_num: 31 finish: 1473417287 458200809 start: 1473417279 766243501
t_num: 0 finish: 1473417288 603015105 start: 1473417281 438843548
t_num: 30 finish: 1473417288 768294287 start: 1473417286 50696889
t_num: 13 finish: 1473417289 147090717 start: 1473417285 195096717
t_num: 14 finish: 1473417289 255727960 start: 1473417282 786141459
t_num: 23 finish: 1473417289 337757133 start: 1473417286 492791347
t_num: 1 finish: 1473417289 422942309 start: 1473417287 40829707
t_num: 24 finish: 1473417289 687590442 start: 1473417285 889449983
t_num: 0 finish: 1473417290 744399680 start: 1473417288 603047235
t_num: 18 finish: 1473417290 798184757 start: 1473417287 675948463
t_num: 30 finish: 1473417290 871193456 start: 1473417288 768320889
t_num: 26 finish: 1473417290 871275002 start: 1473417285 944224740
t_num: 31 finish: 1473417291 54393087 start: 1473417287 458236107
t_num: 3 finish: 1473417291 628408605 start: 1473417285 77982923
t_num: 12 finish: 1473417291 812469296 start: 1473417286 36107871
t_num: 2 finish: 1473417292 378392745 start: 1473417286 145283103
t_num: 14 finish: 1473417292 782923671 start: 1473417289 774940636
t_num: 29 finish: 1473417292 783736914 start: 1473417290 555382521
t_num: 16 finish: 1473417292 790398793 start: 1473417286 448957111
t_num: 9 finish: 1473417293 72498609 start: 1473417288 375130856
t_num: 15 finish: 1473417293 73674896 start: 1473417287 40863197
t_num: 8 finish: 1473417293 246463106 start: 1473417287 537569480
t_num: 27 finish: 1473417293 356856427 start: 1473417289 255829722
t_num: 18 finish: 1473417294 356843111 start: 1473417290 798218155
t_num: 13 finish: 1473417294 659623209 start: 1473417290 231573793
t_num: 0 finish: 1473417294 999406623 start: 1473417290 744439081
t_num: 3 finish: 1473417295 2183196 start: 1473417291 628462287
t_num: 6 finish: 1473417295 149715791 start: 1473417288 750879334
t_num: 9 finish: 1473417295 696226934 start: 1473417293 72530788
t_num: 26 finish: 1473417296 100736230 start: 1473417290 871304922
t_num: 31 finish: 1473417296 187530989 start: 1473417291 54417041
t_num: 13 finish: 1473417296 420090206 start: 1473417294 659664141
t_num: 17 finish: 1473417296 540761031 start: 1473417292 376211469
t_num: 4 finish: 1473417296 827918420 start: 1473417291 534366422
t_num: 15 finish: 1473417296 935323524 start: 1473417293 73694114
t_num: 21 finish: 1473417296 935391493 start: 1473417291 859864297
t_num: 16 finish: 1473417297 74428834 start: 1473417292 790415990
t_num: 2 finish: 1473417297 231422690 start: 1473417292 378416145
t_num: 3 finish: 1473417297 382270239 start: 1473417295 2201820
t_num: 30 finish: 1473417298 139408119 start: 1473417293 457426977
t_num: 9 finish: 1473417298 139646100 start: 1473417295 696270077
t_num: 8 finish: 1473417298 139696661 start: 1473417295 2702530
t_num: 0 finish: 1473417298 140064476 start: 1473417294 999448946
t_num: 14 finish: 1473417298 140148203 start: 1473417292 782951778
t_num: 23 finish: 1473417298 714194848 start: 1473417291 628449882
t_num: 27 finish: 1473417298 867668482 start: 1473417293 356877689
t_num: 2 finish: 1473417298 868953510 start: 1473417297 231475165
t_num: 29 finish: 1473417299 17113378 start: 1473417294 394898760
t_num: 10 finish: 1473417299 306197388 start: 1473417295 806017141
t_num: 28 finish: 1473417299 899142859 start: 1473417296 935363373
t_num: 17 finish: 1473417300 609659065 start: 1473417296 540795258
t_num: 9 finish: 1473417300 609900926 start: 1473417298 139664497
t_num: 13 finish: 1473417300 610637441 start: 1473417296 420128726
t_num: 14 finish: 1473417300 610711793 start: 1473417298 140166859
t_num: 30 finish: 1473417300 737122660 start: 1473417298 139433965
t_num: 23 finish: 1473417300 737187096 start: 1473417298 714238482
t_num: 27 finish: 1473417301 379405118 start: 1473417298 867693876
t_num: 21 finish: 1473417301 380333867 start: 1473417298 867389292
t_num: 18 finish: 1473417301 505461449 start: 1473417299 17871136
t_num: 26 finish: 1473417302 256226301 start: 1473417298 139420655
t_num: 3 finish: 1473417302 464796175 start: 1473417298 868954881
t_num: 8 finish: 1473417302 855603461 start: 1473417299 704019731
t_num: 20 finish: 1473417302 855660373 start: 1473417298 867454362
t_num: 15 finish: 1473417303 212379798 start: 1473417299 704053206
t_num: 13 finish: 1473417304 52062912 start: 1473417300 610657893
t_num: 28 finish: 1473417304 52310737 start: 1473417299 899186689
t_num: 10 finish: 1473417304 52465587 start: 1473417300 610691463
t_num: 23 finish: 1473417304 391732142 start: 1473417300 737206278
t_num: 15 finish: 1473417306 787905237 start: 1473417303 212405417
t_num: 27 finish: 1473417306 787904772 start: 1473417303 207085914
t_num: 7 finish: 1473417306 787973575 start: 1473417301 199460492
t_num: 4 finish: 1473417306 810956773 start: 1473417301 716262471
t_num: 26 finish: 1473417306 983707023 start: 1473417302 256271615
t_num: 18 finish: 1473417307 86282164 start: 1473417303 212339199
t_num: 22 finish: 1473417307 86544007 start: 1473417304 295560071
t_num: 21 finish: 1473417307 86600193 start: 1473417302 856402480
t_num: 29 finish: 1473417307 86642956 start: 1473417300 610751603
t_num: 30 finish: 1473417307 87007646 start: 1473417300 737165711
t_num: 10 finish: 1473417307 380734786 start: 1473417304 52485139
t_num: 28 finish: 1473417307 396589673 start: 1473417304 52375894
t_num: 14 finish: 1473417307 445728249 start: 1473417302 743112468
t_num: 23 finish: 1473417307 926355994 start: 1473417304 391766678
t_num: 8 finish: 1473417308 454399536 start: 1473417305 906798370
t_num: 20 finish: 1473417308 773848577 start: 1473417304 142575387
t_num: 15 finish: 1473417310 12584827 start: 1473417306 787951293
t_num: 7 finish: 1473417310 12767012 start: 1473417306 787989560
t_num: 24 finish: 1473417310 191654636 start: 1473417305 218746297
t_num: 20 finish: 1473417310 861398428 start: 1473417308 773885113
t_num: 26 finish: 1473417311 26899656 start: 1473417308 860285771
t_num: 25 finish: 1473417311 550021326 start: 1473417308 929206660
t_num: 11 finish: 1473417311 589449467 start: 1473417307 86308170
t_num: 19 finish: 1473417312 409227791 start: 1473417309 907081668
t_num: 30 finish: 1473417312 467332714 start: 1473417307 87026555
t_num: 24 finish: 1473417312 596075223 start: 1473417310 191697728
t_num: 21 finish: 1473417312 824502126 start: 1473417307 86620056
t_num: 3 finish: 1473417312 836684387 start: 1473417308 496932553
t_num: 10 finish: 1473417313 443923597 start: 1473417308 793727339
t_num: 9 finish: 1473417313 873066578 start: 1473417309 286053357
t_num: 8 finish: 1473417314 67523375 start: 1473417308 454444159
t_num: 20 finish: 1473417314 785390040 start: 1473417310 861428491
t_num: 14 finish: 1473417314 785390059 start: 1473417310 316036482
t_num: 23 finish: 1473417316 217300132 start: 1473417307 926400294
t_num: 15 finish: 1473417316 226320971 start: 1473417312 467356787
t_num: 25 finish: 1473417317 479277350 start: 1473417311 550065762
t_num: 1 finish: 1473417317 594622002 start: 1473417312 807480312
t_num: 10 finish: 1473417317 819361332 start: 1473417313 443969201
t_num: 19 finish: 1473417317 905979981 start: 1473417312 409268983
t_num: 30 finish: 1473417317 979005949 start: 1473417312 467400688
t_num: 20 finish: 1473417318 365521256 start: 1473417315 982331630
t_num: 23 finish: 1473417318 502830021 start: 1473417316 217337046
t_num: 7 finish: 1473417318 585371580 start: 1473417312 806924946
t_num: 11 finish: 1473417319 116245222 start: 1473417312 595099185
t_num: 18 finish: 1473417319 166169898 start: 1473417314 613564950
t_num: 21 finish: 1473417319 170806350 start: 1473417315 385553037
t_num: 8 finish: 1473417319 399038229 start: 1473417314 67575537
t_num: 4 finish: 1473417319 634601463 start: 1473417316 631020823
t_num: 5 finish: 1473417319 846894842 start: 1473417316 623712783
t_num: 3 finish: 1473417320 169763706 start: 1473417316 196123393
t_num: 9 finish: 1473417320 597635126 start: 1473417313 873108828
t_num: 19 finish: 1473417321 23519164 start: 1473417317 906007066
t_num: 26 finish: 1473417321 105479762 start: 1473417313 444007646
t_num: 31 finish: 1473417321 106896631 start: 1473417318 709895137
t_num: 15 finish: 1473417321 167736691 start: 1473417317 596981503
t_num: 10 finish: 1473417321 962944027 start: 1473417319 395059714
t_num: 1 finish: 1473417322 77564111 start: 1473417319 397663542
t_num: 14 finish: 1473417322 743020772 start: 1473417314 896994806
t_num: 25 finish: 1473417322 899035137 start: 1473417318 12266321
t_num: 17 finish: 1473417323 68542189 start: 1473417320 169024485
t_num: 7 finish: 1473417323 618210878 start: 1473417318 705010775
t_num: 18 finish: 1473417323 808656344 start: 1473417320 616526198
t_num: 20 finish: 1473417323 808656336 start: 1473417318 365565006
t_num: 21 finish: 1473417323 870159490 start: 1473417319 170822828
t_num: 31 finish: 1473417323 870423599 start: 1473417321 106912831
t_num: 11 finish: 1473417323 915497648 start: 1473417319 116280171
t_num: 30 finish: 1473417323 915541690 start: 1473417318 905040242
t_num: 1 finish: 1473417323 946639533 start: 1473417322 77603338
t_num: 3 finish: 1473417326 266315669 start: 1473417323 349886578
t_num: 2 finish: 1473417326 266315669 start: 1473417321 978699289
t_num: 19 finish: 1473417326 266371438 start: 1473417321 23563293
t_num: 29 finish: 1473417326 266537450 start: 1473417322 124166582
t_num: 5 finish: 1473417326 266718165 start: 1473417321 173186155
t_num: 30 finish: 1473417326 266751118 start: 1473417323 915556243
t_num: 9 finish: 1473417326 266781152 start: 1473417323 431423359
t_num: 28 finish: 1473417326 267064068 start: 1473417322 651724919
t_num: 17 finish: 1473417326 267241968 start: 1473417323 68578532
t_num: 25 finish: 1473417326 375823311 start: 1473417322 899057772
t_num: 21 finish: 1473417327 122280897 start: 1473417325 106129805
t_num: 15 finish: 1473417327 914341987 start: 1473417322 906962309
t_num: 7 finish: 1473417328 524326342 start: 1473417323 618260689
t_num: 4 finish: 1473417328 525783972 start: 1473417326 266877821
t_num: 21 finish: 1473417328 525879127 start: 1473417327 122328415
t_num: 8 finish: 1473417328 527444067 start: 1473417325 874358390
t_num: 11 finish: 1473417329 87811339 start: 1473417323 915519600
t_num: 31 finish: 1473417329 138295224 start: 1473417326 202634595
t_num: 9 finish: 1473417330 62621705 start: 1473417326 266814079
t_num: 20 finish: 1473417330 62737258 start: 1473417323 808723149
t_num: 17 finish: 1473417330 62813207 start: 1473417326 267257347
t_num: 29 finish: 1473417330 62928962 start: 1473417326 266556101
t_num: 15 finish: 1473417330 954034422 start: 1473417329 66473304
t_num: 28 finish: 1473417331 381774848 start: 1473417328 524672708
t_num: 5 finish: 1473417331 517406649 start: 1473417328 524613043
t_num: 12 finish: 1473417331 517414439 start: 1473417328 440832169
t_num: 24 finish: 1473417331 607547750 start: 1473417328 527238178
t_num: 21 finish: 1473417332 217713399 start: 1473417328 525896425
t_num: 31 finish: 1473417332 218244969 start: 1473417329 138322292
t_num: 25 finish: 1473417332 431215777 start: 1473417326 375852769
t_num: 17 finish: 1473417332 828707574 start: 1473417330 815101148
t_num: 3 finish: 1473417333 428480491 start: 1473417328 524502017
t_num: 9 finish: 1473417334 500824357 start: 1473417330 62663393
t_num: 30 finish: 1473417334 651726922 start: 1473417328 525059970
t_num: 24 finish: 1473417334 727859053 start: 1473417331 607572996
t_num: 4 finish: 1473417335 35132858 start: 1473417330 448473729
t_num: 28 finish: 1473417335 258738849 start: 1473417331 381817520
t_num: 15 finish: 1473417335 263823814 start: 1473417330 954068608
t_num: 11 finish: 1473417335 830085699 start: 1473417331 220973899
t_num: 23 finish: 1473417336 36330294 start: 1473417332 473387394
t_num: 22 finish: 1473417337 92226118 start: 1473417330 333357775
t_num: 3 finish: 1473417337 237763076 start: 1473417333 428523450
t_num: 2 finish: 1473417337 376612353 start: 1473417331 384627192
t_num: 5 finish: 1473417338 113509761 start: 1473417332 139540242
t_num: 7 finish: 1473417338 572689079 start: 1473417328 524386515
t_num: 21 finish: 1473417340 106750581 start: 1473417335 932884822
t_num: 16 finish: 1473417340 130784400 start: 1473417333 591063253
t_num: 29 finish: 1473417340 245071659 start: 1473417332 931240393
t_num: 6 finish: 1473417341 115952294 start: 1473417336 352248645
t_num: 17 finish: 1473417341 164563318 start: 1473417335 145735445
t_num: 25 finish: 1473417341 164643511 start: 1473417338 112766361
t_num: 12 finish: 1473417341 207761019 start: 1473417335 830342706
t_num: 31 finish: 1473417341 275469616 start: 1473417335 131625846
t_num: 11 finish: 1473417341 767475971 start: 1473417335 830130511
t_num: 15 finish: 1473417341 767565907 start: 1473417336 231286069
t_num: 28 finish: 1473417341 767578375 start: 1473417337 59856236
t_num: 9 finish: 1473417341 767975697 start: 1473417334 500877547
t_num: 6 finish: 1473417342 507625727 start: 1473417341 115977271
t_num: 3 finish: 1473417342 641938646 start: 1473417337 237797103
t_num: 22 finish: 1473417343 15027505 start: 1473417338 794072735
t_num: 16 finish: 1473417343 26911367 start: 1473417340 130831700
t_num: 7 finish: 1473417343 41162813 start: 1473417338 572737462
t_num: 30 finish: 1473417343 88086311 start: 1473417337 807923268
t_num: 8 finish: 1473417343 166423503 start: 1473417338 252146379
t_num: 13 finish: 1473417343 166502171 start: 1473417340 88200344
t_num: 21 finish: 1473417343 166831796 start: 1473417340 106785142
t_num: 2 finish: 1473417343 635002206 start: 1473417338 798257210
t_num: 23 finish: 1473417344 387972185 start: 1473417340 193695522
t_num: 29 finish: 1473417344 569934754 start: 1473417340 245097493
t_num: 31 finish: 1473417346 57995818 start: 1473417341 275503810
t_num: 14 finish: 1473417346 809759839 start: 1473417343 39442587
t_num: 18 finish: 1473417346 809768590 start: 1473417341 23562411
t_num: 17 finish: 1473417347 64071251 start: 1473417343 812880013
t_num: 2 finish: 1473417347 648343019 start: 1473417343 635036013
t_num: 6 finish: 1473417348 614520300 start: 1473417344 941272715
t_num: 19 finish: 1473417348 758832719 start: 1473417344 272656406
t_num: 1 finish: 1473417348 759094133 start: 1473417345 815074732
t_num: 13 finish: 1473417348 980664402 start: 1473417345 622275245
t_num: 22 finish: 1473417349 840224994 start: 1473417343 15073405
t_num: 3 finish: 1473417350 181024896 start: 1473417342 641981814
t_num: 7 finish: 1473417350 208323508 start: 1473417343 41183812
t_num: 29 finish: 1473417350 356839293 start: 1473417346 960813399
t_num: 21 finish: 1473417350 395809890 start: 1473417344 941425467
t_num: 30 finish: 1473417350 534302181 start: 1473417345 703634082
t_num: 12 finish: 1473417351 198853524 start: 1473417342 535746934
t_num: 18 finish: 1473417351 198863943 start: 1473417346 809802157
t_num: 23 finish: 1473417351 332441897 start: 1473417344 388004215
t_num: 6 finish: 1473417351 332453070 start: 1473417348 614563410
t_num: 16 finish: 1473417351 333040041 start: 1473417345 40241408
t_num: 10 finish: 1473417351 507716181 start: 1473417347 648339438
t_num: 19 finish: 1473417351 613081015 start: 1473417348 758873346
t_num: 20 finish: 1473417351 613256194 start: 1473417348 4757925
t_num: 14 finish: 1473417352 599027175 start: 1473417348 684832613
t_num: 9 finish: 1473417352 599307105 start: 1473417348 971502379
t_num: 27 finish: 1473417352 721335647 start: 1473417348 758785043
t_num: 1 finish: 1473417352 756125647 start: 1473417348 759112868
t_num: 15 finish: 1473417352 785479512 start: 1473417348 759128274
t_num: 22 finish: 1473417353 214626984 start: 1473417349 840322614
t_num: 13 finish: 1473417353 550748296 start: 1473417352 721347728
t_num: 21 finish: 1473417354 367858496 start: 1473417350 395848162
t_num: 6 finish: 1473417355 295966671 start: 1473417351 332502299
t_num: 18 finish: 1473417355 754533224 start: 1473417353 214771326
t_num: 31 finish: 1473417356 60323830 start: 1473417349 425225262
t_num: 12 finish: 1473417356 60702085 start: 1473417351 198944756
t_num: 29 finish: 1473417356 217525648 start: 1473417350 356881354
t_num: 16 finish: 1473417356 217572234 start: 1473417351 333061366
t_num: 3 finish: 1473417356 218054842 start: 1473417353 215223971
t_num: 19 finish: 1473417357 181019526 start: 1473417351 613104685
t_num: 22 finish: 1473417357 553279266 start: 1473417353 214671695
t_num: 1 finish: 1473417357 576682836 start: 1473417354 383675856
t_num: 27 finish: 1473417357 576704573 start: 1473417353 214630145
t_num: 4 finish: 1473417357 576786563 start: 1473417351 612925917
t_num: 21 finish: 1473417357 765872208 start: 1473417354 621910930
t_num: 0 finish: 1473417358 328666574 start: 1473417353 111359223
t_num: 7 finish: 1473417358 328721467 start: 1473417355 954272746
t_num: 31 finish: 1473417358 810223900 start: 1473417356 60386823
t_num: 9 finish: 1473417359 477849144 start: 1473417352 599327007
t_num: 3 finish: 1473417360 11221241 start: 1473417356 218075591
t_num: 14 finish: 1473417360 226740408 start: 1473417354 620418721
t_num: 15 finish: 1473417360 349935260 start: 1473417353 101854120
t_num: 10 finish: 1473417360 889486121 start: 1473417356 500563038
t_num: 21 finish: 1473417360 889937481 start: 1473417357 765937075
t_num: 13 finish: 1473417360 890164134 start: 1473417355 150791600
t_num: 22 finish: 1473417361 273036979 start: 1473417357 553321150
t_num: 3 finish: 1473417362 100129741 start: 1473417360 11245235
t_num: 16 finish: 1473417362 101887055 start: 1473417356 954953732
t_num: 19 finish: 1473417362 434466389 start: 1473417357 181045605
t_num: 7 finish: 1473417362 516723265 start: 1473417358 943873861
t_num: 10 finish: 1473417362 839406103 start: 1473417360 889509682
t_num: 18 finish: 1473417362 927610659 start: 1473417355 754570957
t_num: 1 finish: 1473417363 74577892 start: 1473417357 576741662
t_num: 9 finish: 1473417363 355608686 start: 1473417359 477903589
t_num: 0 finish: 1473417363 358129701 start: 1473417358 328711706
t_num: 31 finish: 1473417364 440053815 start: 1473417358 810265853
t_num: 25 finish: 1473417365 172958234 start: 1473417360 889465304
t_num: 14 finish: 1473417365 258953446 start: 1473417360 889592676
t_num: 8 finish: 1473417365 524190679 start: 1473417360 889534913
t_num: 15 finish: 1473417366 479964580 start: 1473417362 165871332
t_num: 2 finish: 1473417366 723124836 start: 1473417360 889477330
t_num: 12 finish: 1473417366 860646315 start: 1473417359 864725904
t_num: 3 finish: 1473417367 156163258 start: 1473417362 100175384
t_num: 23 finish: 1473417367 187609572 start: 1473417364 440080675
t_num: 16 finish: 1473417367 260510531 start: 1473417363 486827316
t_num: 18 finish: 1473417367 572334777 start: 1473417364 347091163
t_num: 8 finish: 1473417368 368842681 start: 1473417365 524224202
t_num: 4 finish: 1473417368 429801118 start: 1473417362 927790102
t_num: 1 finish: 1473417368 558352365 start: 1473417365 350904571
t_num: 14 finish: 1473417368 726333044 start: 1473417365 258992254
t_num: 3 finish: 1473417369 477169089 start: 1473417367 156203905
t_num: 5 finish: 1473417369 580962991 start: 1473417360 890041846
t_num: 9 finish: 1473417369 703680622 start: 1473417364 698128158
t_num: 25 finish: 1473417369 741358177 start: 1473417365 172984327
t_num: 11 finish: 1473417370 106378260 start: 1473417364 346493934
t_num: 13 finish: 1473417370 197442991 start: 1473417361 795602349
t_num: 0 finish: 1473417370 410330992 start: 1473417367 159353019
t_num: 2 finish: 1473417370 433084299 start: 1473417366 723168125
t_num: 28 finish: 1473417370 577743437 start: 1473417364 772671904
t_num: 23 finish: 1473417371 581234290 start: 1473417367 187630687
t_num: 15 finish: 1473417371 839887452 start: 1473417367 260310794
t_num: 17 finish: 1473417372 198485021 start: 1473417368 3224487
t_num: 24 finish: 1473417372 199146860 start: 1473417369 477131497
t_num: 5 finish: 1473417372 629257264 start: 1473417369 581018804
t_num: 11 finish: 1473417372 631586722 start: 1473417370 106415204
t_num: 18 finish: 1473417372 811458761 start: 1473417367 572376344
t_num: 4 finish: 1473417373 216271547 start: 1473417368 429822926
t_num: 14 finish: 1473417373 216322169 start: 1473417370 315685244
t_num: 16 finish: 1473417373 713100408 start: 1473417367 626123308
t_num: 19 finish: 1473417374 357019464 start: 1473417369 741275723
t_num: 9 finish: 1473417374 357168008 start: 1473417371 47854687
t_num: 20 finish: 1473417374 758051965 start: 1473417370 576938635
t_num: 25 finish: 1473417375 161387477 start: 1473417369 741381367
t_num: 5 finish: 1473417375 237562869 start: 1473417372 629299534
t_num: 2 finish: 1473417375 539899490 start: 1473417370 433117396
t_num: 12 finish: 1473417375 539904244 start: 1473417371 117768745
t_num: 3 finish: 1473417375 877669836 start: 1473417369 477196044
t_num: 14 finish: 1473417376 869487587 start: 1473417373 216339024
t_num: 26 finish: 1473417377 371295609 start: 1473417372 896447167
t_num: 28 finish: 1473417377 573503124 start: 1473417372 896468816
t_num: 13 finish: 1473417377 940601727 start: 1473417370 197466700
t_num: 9 finish: 1473417378 2851812 start: 1473417374 357186048
t_num: 5 finish: 1473417378 2909792 start: 1473417375 237606475
t_num: 0 finish: 1473417378 622013143 start: 1473417370 907347531
t_num: 24 finish: 1473417379 3992495 start: 1473417374 426525762
t_num: 6 finish: 1473417379 25558329 start: 1473417373 126086322
t_num: 4 finish: 1473417379 49453527 start: 1473417373 369766775
t_num: 16 finish: 1473417379 945801086 start: 1473417375 22506704
t_num: 2 finish: 1473417380 2959767 start: 1473417375 539949867
t_num: 11 finish: 1473417380 22560659 start: 1473417376 343782461
t_num: 27 finish: 1473417380 75549531 start: 1473417374 357034953
t_num: 30 finish: 1473417381 91230654 start: 1473417374 785040341
t_num: 23 finish: 1473417381 226809322 start: 1473417371 581274979
t_num: 26 finish: 1473417381 612221565 start: 1473417377 371323689
t_num: 14 finish: 1473417381 923099171 start: 1473417378 699320573
t_num: 4 finish: 1473417381 923203846 start: 1473417379 49487099
t_num: 12 finish: 1473417382 295738126 start: 1473417378 698741888
t_num: 13 finish: 1473417382 825063881 start: 1473417377 940666277
t_num: 25 finish: 1473417382 825082451 start: 1473417378 698980949
t_num: 28 finish: 1473417382 976676856 start: 1473417377 573547002
t_num: 0 finish: 1473417383 50468940 start: 1473417378 622056417
t_num: 9 finish: 1473417383 191691032 start: 1473417378 853745506
t_num: 24 finish: 1473417383 548671033 start: 1473417379 859174171
t_num: 22 finish: 1473417385 332470961 start: 1473417379 361815249
t_num: 2 finish: 1473417385 893566909 start: 1473417381 322062656
t_num: 0 finish: 1473417386 106835853 start: 1473417383 50493554
t_num: 11 finish: 1473417386 223125776 start: 1473417380 22619683
t_num: 16 finish: 1473417386 223411621 start: 1473417381 420844532
t_num: 4 finish: 1473417386 223540680 start: 1473417381 923223164
t_num: 23 finish: 1473417386 816360631 start: 1473417381 226841652
t_num: 10 finish: 1473417386 937037895 start: 1473417381 830084212
t_num: 14 finish: 1473417386 937334036 start: 1473417382 793592161
t_num: 27 finish: 1473417387 21047621 start: 1473417385 172520850
t_num: 19 finish: 1473417387 21055405 start: 1473417381 612302460
t_num: 13 finish: 1473417387 576343294 start: 1473417382 825117947
t_num: 11 finish: 1473417387 707319333 start: 1473417386 223148073
t_num: 24 finish: 1473417388 785169069 start: 1473417383 548713176
t_num: 28 finish: 1473417389 66572629 start: 1473417382 976698149
t_num: 4 finish: 1473417389 172693045 start: 1473417386 223559548
t_num: 22 finish: 1473417389 295020020 start: 1473417385 332505674
t_num: 2 finish: 1473417389 519031847 start: 1473417385 893609045
t_num: 16 finish: 1473417391 431815567 start: 1473417386 223431232
t_num: 26 finish: 1473417391 557899818 start: 1473417382 350155234
t_num: 31 finish: 1473417392 286022227 start: 1473417386 222777656
t_num: 13 finish: 1473417392 364890225 start: 1473417388 441943633
t_num: 4 finish: 1473417392 411483876 start: 1473417389 172712264
t_num: 22 finish: 1473417392 655908228 start: 1473417389 295061795
t_num: 23 finish: 1473417393 304948198 start: 1473417387 838919576
t_num: 15 finish: 1473417393 495418554 start: 1473417390 459765124
t_num: 30 finish: 1473417393 609847713 start: 1473417388 18586083
t_num: 19 finish: 1473417394 872014890 start: 1473417387 21119694
t_num: 8 finish: 1473417394 872645173 start: 1473417390 548791816
t_num: 14 finish: 1473417394 918100152 start: 1473417386 937372395
t_num: 10 finish: 1473417394 918830045 start: 1473417389 172994361
t_num: 11 finish: 1473417394 957816237 start: 1473417389 401267977
t_num: 0 finish: 1473417395 709114387 start: 1473417389 340276008
t_num: 16 finish: 1473417395 760825729 start: 1473417391 431845196
t_num: 4 finish: 1473417396 220458383 start: 1473417392 411512765
t_num: 27 finish: 1473417396 873836662 start: 1473417390 578517210
t_num: 2 finish: 1473417396 874454621 start: 1473417391 213238907
t_num: 15 finish: 1473417397 69954471 start: 1473417393 495452934
t_num: 18 finish: 1473417397 551424374 start: 1473417389 172942392
t_num: 20 finish: 1473417397 553450210 start: 1473417389 721758008
t_num: 17 finish: 1473417397 554982195 start: 1473417393 185712042
t_num: 3 finish: 1473417397 556208452 start: 1473417392 428000279
t_num: 31 finish: 1473417397 624600411 start: 1473417393 185027610
t_num: 29 finish: 1473417397 624639961 start: 1473417393 56729557
t_num: 24 finish: 1473417397 835801982 start: 1473417393 185743426
t_num: 13 finish: 1473417399 20907480 start: 1473417392 364938032
t_num: 22 finish: 1473417399 473344235 start: 1473417393 185772760
t_num: 23 finish: 1473417399 473367708 start: 1473417394 365019855
t_num: 5 finish: 1473417399 473438914 start: 1473417396 696772028
t_num: 15 finish: 1473417399 831916721 start: 1473417397 69986172
t_num: 17 finish: 1473417400 405822505 start: 1473417397 555002204
t_num: 10 finish: 1473417400 405828174 start: 1473417394 918855410
t_num: 30 finish: 1473417400 405917492 start: 1473417393 609883260
t_num: 14 finish: 1473417400 812128946 start: 1473417395 841466064
t_num: 19 finish: 1473417401 51319580 start: 1473417396 633913739
t_num: 29 finish: 1473417401 130680183 start: 1473417397 624658112
t_num: 16 finish: 1473417401 319132247 start: 1473417395 760857535
t_num: 27 finish: 1473417401 396725687 start: 1473417397 627260194
t_num: 2 finish: 1473417401 628490124 start: 1473417396 874483434
t_num: 18 finish: 1473417402 19258573 start: 1473417397 721696843
t_num: 9 finish: 1473417402 174246859 start: 1473417400 405897061
t_num: 10 finish: 1473417402 459051074 start: 1473417400 405875495
t_num: 5 finish: 1473417402 547563729 start: 1473417399 473468099
t_num: 21 finish: 1473417403 93721120 start: 1473417401 486042227
t_num: 0 finish: 1473417403 94368864 start: 1473417398 32378623
t_num: 17 finish: 1473417403 692311356 start: 1473417400 405865906
t_num: 19 finish: 1473417403 697504473 start: 1473417401 51340667
t_num: 15 finish: 1473417404 74150137 start: 1473417400 340500439
t_num: 29 finish: 1473417404 143074554 start: 1473417401 130717179
t_num: 13 finish: 1473417404 406655670 start: 1473417399 20953885
t_num: 7 finish: 1473417404 604885455 start: 1473417400 848289874
t_num: 14 finish: 1473417404 677187737 start: 1473417400 812169825
t_num: 12 finish: 1473417404 782391676 start: 1473417401 326526174
t_num: 31 finish: 1473417404 782709054 start: 1473417399 311282641
t_num: 20 finish: 1473417404 859681116 start: 1473417401 324367343
t_num: 2 finish: 1473417405 782448417 start: 1473417401 628520962
t_num: 16 finish: 1473417406 827875717 start: 1473417401 319215532
t_num: 18 finish: 1473417406 959646179 start: 1473417402 19282975
t_num: 9 finish: 1473417408 763760674 start: 1473417403 697554931
t_num: 22 finish: 1473417408 902721940 start: 1473417404 276048706
t_num: 5 finish: 1473417409 12307121 start: 1473417402 547603141
t_num: 25 finish: 1473417409 12307121 start: 1473417400 492785283
t_num: 17 finish: 1473417410 138674622 start: 1473417403 692376234
t_num: 19 finish: 1473417410 358556503 start: 1473417403 697577625
t_num: 14 finish: 1473417410 358731189 start: 1473417404 677285025
t_num: 2 finish: 1473417410 653583300 start: 1473417405 782494589
t_num: 23 finish: 1473417410 732764396 start: 1473417404 13200712
t_num: 12 finish: 1473417410 880494413 start: 1473417404 782432598
t_num: 22 finish: 1473417410 986831678 start: 1473417408 902764597
t_num: 29 finish: 1473417410 986831678 start: 1473417404 143109605
t_num: 31 finish: 1473417411 200736161 start: 1473417404 782729718
t_num: 16 finish: 1473417411 884828443 start: 1473417407 924776417
t_num: 26 finish: 1473417411 908717375 start: 1473417407 610199828
t_num: 27 finish: 1473417411 950710614 start: 1473417407 610218949
t_num: 5 finish: 1473417412 536106466 start: 1473417409 12388464
t_num: 28 finish: 1473417412 677707991 start: 1473417407 353833169
t_num: 21 finish: 1473417412 677715003 start: 1473417408 214865635
t_num: 18 finish: 1473417413 284567986 start: 1473417408 269915346
t_num: 10 finish: 1473417413 431705815 start: 1473417410 242263160
t_num: 2 finish: 1473417413 934111568 start: 1473417410 653625130
t_num: 25 finish: 1473417414 407968210 start: 1473417409 12429010
t_num: 15 finish: 1473417414 524918706 start: 1473417408 11603618
t_num: 9 finish: 1473417414 525691018 start: 1473417410 242605540
t_num: 20 finish: 1473417414 641544805 start: 1473417404 859711016
t_num: 17 finish: 1473417415 44780788 start: 1473417410 138712178
t_num: 3 finish: 1473417415 156453820 start: 1473417409 600447220
t_num: 23 finish: 1473417416 891985973 start: 1473417410 732797025
t_num: 24 finish: 1473417416 892047430 start: 1473417414 268585358
t_num: 31 finish: 1473417416 892082316 start: 1473417413 478570576
t_num: 19 finish: 1473417416 998060977 start: 1473417410 358590609
t_num: 18 finish: 1473417418 338630367 start: 1473417413 284606704
t_num: 11 finish: 1473417418 810985211 start: 1473417413 875884616
t_num: 16 finish: 1473417418 811743853 start: 1473417411 884872325
t_num: 22 finish: 1473417418 853295184 start: 1473417410 986879703
t_num: 20 finish: 1473417419 970181030 start: 1473417414 641575309
t_num: 9 finish: 1473417419 970226155 start: 1473417415 757963332
t_num: 27 finish: 1473417419 971158840 start: 1473417413 711327809
t_num: 18 finish: 1473417420 601487038 start: 1473417418 338658583
t_num: 29 finish: 1473417420 602142807 start: 1473417413 308442530
t_num: 28 finish: 1473417420 820128980 start: 1473417415 44881983
t_num: 17 finish: 1473417421 304397754 start: 1473417418 285774329
t_num: 10 finish: 1473417421 647068225 start: 1473417415 44742265
t_num: 8 finish: 1473417421 893048895 start: 1473417415 762662008
t_num: 23 finish: 1473417422 377390620 start: 1473417416 892027985
t_num: 19 finish: 1473417422 378124843 start: 1473417418 811785910
t_num: 15 finish: 1473417422 529028734 start: 1473417418 338454256
t_num: 2 finish: 1473417422 623553588 start: 1473417416 751149459
t_num: 9 finish: 1473417422 938466604 start: 1473417419 970239704
t_num: 31 finish: 1473417423 2808168 start: 1473417416 892101564
t_num: 5 finish: 1473417423 231157818 start: 1473417417 922479643
t_num: 0 finish: 1473417423 231201773 start: 1473417419 970192124
t_num: 29 finish: 1473417423 476409409 start: 1473417420 602162600
t_num: 25 finish: 1473417423 617253239 start: 1473417416 563912177
t_num: 30 finish: 1473417424 254145014 start: 1473417418 811542150
t_num: 7 finish: 1473417424 358249976 start: 1473417421 473773971
t_num: 22 finish: 1473417424 358481682 start: 1473417419 628645520
t_num: 27 finish: 1473417424 681184050 start: 1473417419 971177732
t_num: 20 finish: 1473417424 956169132 start: 1473417419 970207388
t_num: 0 finish: 1473417425 27186515 start: 1473417423 914058796
t_num: 18 finish: 1473417425 131597865 start: 1473417421 891266998
t_num: 29 finish: 1473417425 818595559 start: 1473417423 476464950
t_num: 2 finish: 1473417425 821886958 start: 1473417422 623597040
t_num: 11 finish: 1473417425 867437293 start: 1473417423 864120723
t_num: 8 finish: 1473417426 821967727 start: 1473417421 893071936
t_num: 10 finish: 1473417426 925873334 start: 1473417421 647113610
t_num: 6 finish: 1473417426 926081157 start: 1473417424 199859969
t_num: 13 finish: 1473417427 5145539 start: 1473417423 231433145
t_num: 28 finish: 1473417427 185932874 start: 1473417424 358030688
t_num: 22 finish: 1473417427 919663111 start: 1473417425 992870798
t_num: 31 finish: 1473417428 191438630 start: 1473417424 197918944
t_num: 7 finish: 1473417428 822499169 start: 1473417424 358274488
t_num: 18 finish: 1473417428 975599955 start: 1473417425 131634074
t_num: 19 finish: 1473417429 159790995 start: 1473417424 196295797
t_num: 27 finish: 1473417429 792341027 start: 1473417424 681225365
t_num: 30 finish: 1473417430 429032915 start: 1473417426 396090176
t_num: 17 finish: 1473417430 468487214 start: 1473417427 667830107
t_num: 20 finish: 1473417430 734357259 start: 1473417424 956212913
t_num: 21 finish: 1473417430 766581306 start: 1473417425 821000980
t_num: 8 finish: 1473417430 773123350 start: 1473417426 822029958
t_num: 11 finish: 1473417431 47069462 start: 1473417425 867459450
t_num: 12 finish: 1473417431 83847870 start: 1473417424 681201209
t_num: 29 finish: 1473417431 848614735 start: 1473417425 818640507
t_num: 30 finish: 1473417431 860057508 start: 1473417430 429077098
t_num: 21 finish: 1473417431 861052323 start: 1473417430 766610319
t_num: 2 finish: 1473417431 920982223 start: 1473417431 737395457
t_num: 28 finish: 1473417432 127753734 start: 1473417427 185967766
t_num: 14 finish: 1473417432 128958456 start: 1473417427 748364288
t_num: 27 finish: 1473417432 199441436 start: 1473417429 792375470
t_num: 15 finish: 1473417432 236580852 start: 1473417427 667871098
t_num: 7 finish: 1473417432 613817355 start: 1473417428 822532715
t_num: 11 finish: 1473417432 803388055 start: 1473417431 47131048
t_num: 22 finish: 1473417433 8098402 start: 1473417427 919705404
t_num: 18 finish: 1473417433 720617246 start: 1473417428 975643270
t_num: 13 finish: 1473417434 19094551 start: 1473417427 590432141
t_num: 29 finish: 1473417434 951996754 start: 1473417431 848653145
t_num: 6 finish: 1473417434 952477007 start: 1473417428 852756081
t_num: 26 finish: 1473417435 742794561 start: 1473417430 977235561
t_num: 19 finish: 1473417436 316361820 start: 1473417430 764436755
t_num: 27 finish: 1473417436 904134051 start: 1473417433 349180998
t_num: 8 finish: 1473417436 985423313 start: 1473417434 75820147
t_num: 30 finish: 1473417436 985446651 start: 1473417431 860099138
t_num: 21 finish: 1473417436 985459367 start: 1473417431 861072706
t_num: 20 finish: 1473417436 986132377 start: 1473417431 738852394
t_num: 12 finish: 1473417436 986136631 start: 1473417433 184099512
t_num: 11 finish: 1473417436 986965255 start: 1473417433 654770669
t_num: 14 finish: 1473417437 478387529 start: 1473417432 672780445
t_num: 15 finish: 1473417437 478505505 start: 1473417434 33853754
t_num: 3 finish: 1473417437 478641559 start: 1473417434 811681479
t_num: 28 finish: 1473417437 624250978 start: 1473417434 952561150
t_num: 7 finish: 1473417438 449412680 start: 1473417432 613859419
t_num: 2 finish: 1473417438 645391988 start: 1473417434 232634362
t_num: 26 finish: 1473417438 647354972 start: 1473417435 742838237
t_num: 11 finish: 1473417438 971914444 start: 1473417436 986984867
t_num: 15 finish: 1473417439 353268986 start: 1473417437 478524250
t_num: 6 finish: 1473417439 767191494 start: 1473417435 246184749
t_num: 13 finish: 1473417440 332312490 start: 1473417436 1555484
t_num: 21 finish: 1473417440 380555254 start: 1473417436 985473298
t_num: 29 finish: 1473417440 380559410 start: 1473417435 246166979
t_num: 27 finish: 1473417441 754434549 start: 1473417436 904177409
t_num: 3 finish: 1473417441 755392329 start: 1473417437 478660202
t_num: 30 finish: 1473417442 62530680 start: 1473417438 971966972
t_num: 14 finish: 1473417442 714999874 start: 1473417440 473172710
t_num: 28 finish: 1473417443 248411996 start: 1473417438 796112887
t_num: 24 finish: 1473417443 248580908 start: 1473417439 242107280
t_num: 23 finish: 1473417443 248819101 start: 1473417438 971936213
t_num: 8 finish: 1473417443 514667803 start: 1473417440 331749083
t_num: 27 finish: 1473417443 667282096 start: 1473417442 247524317
t_num: 15 finish: 1473417443 873512556 start: 1473417439 741547102
t_num: 10 finish: 1473417443 912767317 start: 1473417442 37189423
t_num: 19 finish: 1473417443 912939324 start: 1473417437 624229456
t_num: 2 finish: 1473417444 312471933 start: 1473417438 645435647
t_num: 30 finish: 1473417444 954616116 start: 1473417442 256516596
t_num: 14 finish: 1473417444 966684241 start: 1473417442 715060966
t_num: 20 finish: 1473417445 247009550 start: 1473417438 867431704
t_num: 3 finish: 1473417445 930127981 start: 1473417441 755410099
t_num: 31 finish: 1473417445 930146958 start: 1473417442 231341205
t_num: 29 finish: 1473417446 15297632 start: 1473417440 380630420
t_num: 26 finish: 1473417446 572398259 start: 1473417440 331770169
t_num: 0 finish: 1473417446 649466743 start: 1473417444 640197306
t_num: 18 finish: 1473417446 727307874 start: 1473417444 791479060
t_num: 27 finish: 1473417447 540331327 start: 1473417443 667334120
t_num: 24 finish: 1473417447 578064536 start: 1473417443 248600105
t_num: 7 finish: 1473417447 579090185 start: 1473417442 269758791
t_num: 6 finish: 1473417447 977730790 start: 1473417442 196749527
t_num: 28 finish: 1473417447 977759664 start: 1473417444 464117654
t_num: 9 finish: 1473417447 977773719 start: 1473417443 790268457
t_num: 10 finish: 1473417448 218859107 start: 1473417443 912809266
t_num: 8 finish: 1473417448 501295959 start: 1473417443 514727034
t_num: 31 finish: 1473417448 817167055 start: 1473417445 930184732
t_num: 15 finish: 1473417449 188785713 start: 1473417444 916097047
t_num: 12 finish: 1473417449 456868281 start: 1473417447 165149848
t_num: 19 finish: 1473417449 570232205 start: 1473417443 912958679
t_num: 26 finish: 1473417449 868572239 start: 1473417446 572442355
t_num: 9 finish: 1473417450 69826830 start: 1473417447 977788134
t_num: 5 finish: 1473417450 166030538 start: 1473417447 172250212
t_num: 18 finish: 1473417450 649663006 start: 1473417448 72647340
t_num: 24 finish: 1473417450 787021609 start: 1473417447 578088776
t_num: 29 finish: 1473417451 913409959 start: 1473417446 15324640
t_num: 2 finish: 1473417452 428293919 start: 1473417447 17063933
t_num: 27 finish: 1473417452 915265385 start: 1473417447 540377084
t_num: 1 finish: 1473417454 3073795 start: 1473417447 172293478
t_num: 31 finish: 1473417454 800850468 start: 1473417448 817200550
t_num: 5 finish: 1473417455 406451673 start: 1473417450 166061603
t_num: 8 finish: 1473417455 411543710 start: 1473417450 521834217
t_num: 23 finish: 1473417456 597932294 start: 1473417448 433308373
t_num: 9 finish: 1473417456 771481889 start: 1473417450 888574810
t_num: 28 finish: 1473417456 833401874 start: 1473417448 875071813
t_num: 11 finish: 1473417457 877939951 start: 1473417455 938363848
t_num: 25 finish: 1473417458 485796927 start: 1473417451 999367946
t_num: 26 finish: 1473417458 603834330 start: 1473417453 210893679
t_num: 15 finish: 1473417458 650870446 start: 1473417455 463178687
t_num: 24 finish: 1473417458 651080887 start: 1473417450 787067709
t_num: 10 finish: 1473417458 751648216 start: 1473417453 286634606
t_num: 27 finish: 1473417458 843218738 start: 1473417453 928770959
t_num: 3 finish: 1473417458 851974687 start: 1473417453 210064072
t_num: 31 finish: 1473417459 19722000 start: 1473417454 800895720
t_num: 28 finish: 1473417459 930885454 start: 1473417456 833448277
t_num: 23 finish: 1473417459 931127367 start: 1473417456 598023762
t_num: 9 finish: 1473417460 145017793 start: 1473417456 771523306
t_num: 18 finish: 1473417460 721001102 start: 1473417450 649708173
t_num: 22 finish: 1473417460 721172712 start: 1473417453 209249952
t_num: 3 finish: 1473417460 721862439 start: 1473417458 852013079
t_num: 1 finish: 1473417460 868128358 start: 1473417454 342724682
t_num: 21 finish: 1473417460 868149853 start: 1473417453 374353548
t_num: 19 finish: 1473417461 164665279 start: 1473417454 852937509
t_num: 7 finish: 1473417461 164763280 start: 1473417453 210236245
t_num: 16 finish: 1473417461 680839860 start: 1473417457 680623464
t_num: 17 finish: 1473417461 935651299 start: 1473417456 300587103
t_num: 9 finish: 1473417462 78185417 start: 1473417460 145052799
t_num: 26 finish: 1473417463 463898610 start: 1473417458 603877291
t_num: 10 finish: 1473417463 650546919 start: 1473417460 721011859
t_num: 3 finish: 1473417463 650638116 start: 1473417460 721879108
t_num: 17 finish: 1473417464 146314330 start: 1473417461 935698205
t_num: 15 finish: 1473417464 990122987 start: 1473417458 650927271
t_num: 31 finish: 1473417465 780606730 start: 1473417462 701440667
t_num: 18 finish: 1473417465 780824277 start: 1473417460 721027816
t_num: 16 finish: 1473417465 780872012 start: 1473417462 734793407
t_num: 30 finish: 1473417465 928280697 start: 1473417461 459706013
t_num: 24 finish: 1473417467 326256566 start: 1473417462 735675922
t_num: 22 finish: 1473417467 326861229 start: 1473417461 12365612
t_num: 11 finish: 1473417467 394079014 start: 1473417461 658423822
t_num: 19 finish: 1473417467 982339876 start: 1473417461 164731119
t_num: 21 finish: 1473417468 81672767 start: 1473417460 868268192
t_num: 23 finish: 1473417468 105704968 start: 1473417463 463966009
t_num: 20 finish: 1473417468 788067927 start: 1473417464 758605008
t_num: 7 finish: 1473417469 319312965 start: 1473417465 599801576
t_num: 13 finish: 1473417469 345023958 start: 1473417463 397876897
t_num: 26 finish: 1473417469 345584074 start: 1473417465 41732224
t_num: 4 finish: 1473417469 345584089 start: 1473417464 433250665
t_num: 31 finish: 1473417469 452603469 start: 1473417465 780644575
t_num: 2 finish: 1473417470 171925251 start: 1473417467 326107851
t_num: 18 finish: 1473417471 605817188 start: 1473417466 884750682
t_num: 3 finish: 1473417471 736202497 start: 1473417465 927965584
t_num: 12 finish: 1473417471 736211023 start: 1473417468 73699532
t_num: 8 finish: 1473417471 736257586 start: 1473417467 679317625
t_num: 11 finish: 1473417471 736273171 start: 1473417467 394116853
t_num: 14 finish: 1473417472 180869697 start: 1473417467 770736190
t_num: 0 finish: 1473417472 209719068 start: 1473417467 46737051
t_num: 29 finish: 1473417472 270469473 start: 1473417467 326474244
t_num: 24 finish: 1473417472 274013223 start: 1473417467 326283850
t_num: 2 finish: 1473417472 883262018 start: 1473417470 171958410
t_num: 22 finish: 1473417473 151557656 start: 1473417468 766540896
t_num: 15 finish: 1473417473 510020209 start: 1473417467 770635249
t_num: 3 finish: 1473417473 535402722 start: 1473417471 736237288
t_num: 4 finish: 1473417473 914976006 start: 1473417470 555672907
t_num: 18 finish: 1473417473 961522709 start: 1473417471 605860934
t_num: 23 finish: 1473417474 240700760 start: 1473417470 672300396
t_num: 21 finish: 1473417475 115009532 start: 1473417469 538830274
t_num: 9 finish: 1473417475 153484810 start: 1473417470 672290373
t_num: 31 finish: 1473417475 902083934 start: 1473417471 932426884
t_num: 8 finish: 1473417475 902666892 start: 1473417471 736272286
t_num: 3 finish: 1473417476 857472919 start: 1473417473 535433734
t_num: 13 finish: 1473417476 858552348 start: 1473417473 421659822
t_num: 14 finish: 1473417476 858592982 start: 1473417472 180914408
t_num: 23 finish: 1473417476 858865553 start: 1473417474 240735362
t_num: 26 finish: 1473417477 140164828 start: 1473417471 703650199
t_num: 20 finish: 1473417477 425420126 start: 1473417473 342154528
t_num: 4 finish: 1473417477 426394775 start: 1473417473 915015534
t_num: 21 finish: 1473417477 426608376 start: 1473417475 115035048
t_num: 29 finish: 1473417477 698957366 start: 1473417472 270502714
t_num: 9 finish: 1473417477 860719067 start: 1473417476 158983235
t_num: 22 finish: 1473417478 389480777 start: 1473417473 151600861
t_num: 11 finish: 1473417478 489380614 start: 1473417473 963071816
t_num: 19 finish: 1473417478 921325461 start: 1473417473 421746598
t_num: 6 finish: 1473417478 982340639 start: 1473417474 985977550
t_num: 3 finish: 1473417480 424085254 start: 1473417476 857516639
t_num: 4 finish: 1473417480 784707739 start: 1473417477 426413456
t_num: 20 finish: 1473417480 784724011 start: 1473417477 425458773
t_num: 18 finish: 1473417480 784758535 start: 1473417473 961556930
t_num: 23 finish: 1473417480 999589318 start: 1473417477 979834878
t_num: 1 finish: 1473417481 201408804 start: 1473417476 63779888
t_num: 0 finish: 1473417482 419209066 start: 1473417475 30456554
t_num: 9 finish: 1473417483 418065883 start: 1473417477 860758246
t_num: 12 finish: 1473417483 444596043 start: 1473417477 979866582
t_num: 4 finish: 1473417483 589394364 start: 1473417480 784740539
t_num: 11 finish: 1473417483 877127112 start: 1473417480 194757926
t_num: 10 finish: 1473417484 580146551 start: 1473417480 906840832
t_num: 13 finish: 1473417484 597832129 start: 1473417482 856827801
t_num: 19 finish: 1473417484 729568229 start: 1473417478 921372027
t_num: 6 finish: 1473417484 888991082 start: 1473417480 782359319
t_num: 18 finish: 1473417485 280465831 start: 1473417482 329984066
t_num: 29 finish: 1473417485 293645957 start: 1473417478 220143926
t_num: 26 finish: 1473417485 293645957 start: 1473417479 549275126
t_num: 20 finish: 1473417485 380523241 start: 1473417480 784789558
t_num: 23 finish: 1473417485 453639726 start: 1473417480 999633007
t_num: 21 finish: 1473417485 673298866 start: 1473417477 426626353
t_num: 3 finish: 1473417485 807858862 start: 1473417481 487429689
t_num: 1 finish: 1473417485 991355313 start: 1473417482 329926124
t_num: 22 finish: 1473417486 46676553 start: 1473417478 983052767
t_num: 15 finish: 1473417486 463568509 start: 1473417477 757571640
t_num: 7 finish: 1473417486 848373193 start: 1473417482 319957646
t_num: 4 finish: 1473417487 335515858 start: 1473417485 762479489
t_num: 29 finish: 1473417488 187849555 start: 1473417485 293685189
t_num: 12 finish: 1473417488 188054594 start: 1473417484 766058172
t_num: 20 finish: 1473417488 188773549 start: 1473417485 380557681
t_num: 18 finish: 1473417489 586173351 start: 1473417485 280504675
t_num: 28 finish: 1473417490 1852107 start: 1473417484 766071220
t_num: 13 finish: 1473417490 1890999 start: 1473417484 597868018
t_num: 17 finish: 1473417490 437883646 start: 1473417484 544297738
t_num: 14 finish: 1473417491 161003027 start: 1473417484 888952768
t_num: 9 finish: 1473417491 161097563 start: 1473417484 878171676
t_num: 11 finish: 1473417491 161163050 start: 1473417485 566450902
t_num: 7 finish: 1473417491 303058034 start: 1473417486 848492436
t_num: 22 finish: 1473417491 303058034 start: 1473417486 46724868
t_num: 15 finish: 1473417491 590820536 start: 1473417487 636370648
t_num: 1 finish: 1473417491 674107984 start: 1473417487 631061737
t_num: 31 finish: 1473417492 3407461 start: 1473417489 172853959
t_num: 10 finish: 1473417492 109818509 start: 1473417485 380441845
t_num: 20 finish: 1473417492 194261171 start: 1473417489 432275784
t_num: 29 finish: 1473417493 100226291 start: 1473417489 587047099
t_num: 6 finish: 1473417493 117289311 start: 1473417486 848404079
t_num: 25 finish: 1473417493 160500300 start: 1473417489 432504362
t_num: 19 finish: 1473417493 370797177 start: 1473417487 657173797
t_num: 26 finish: 1473417493 795144634 start: 1473417488 773077316
t_num: 24 finish: 1473417493 919638170 start: 1473417487 959169346
t_num: 12 finish: 1473417494 642967467 start: 1473417491 960564453
t_num: 2 finish: 1473417494 923303424 start: 1473417490 505653932
t_num: 17 finish: 1473417495 411986519 start: 1473417490 437926224
t_num: 18 finish: 1473417495 517889146 start: 1473417491 161079499
t_num: 13 finish: 1473417495 558187110 start: 1473417490 1906762
t_num: 14 finish: 1473417495 692698437 start: 1473417492 629639394
t_num: 25 finish: 1473417496 287048387 start: 1473417494 99079523
t_num: 19 finish: 1473417496 405124356 start: 1473417493 370844263
t_num: 21 finish: 1473417496 405131298 start: 1473417490 961270356
t_num: 15 finish: 1473417496 489848461 start: 1473417494 643033986
t_num: 31 finish: 1473417496 797268922 start: 1473417492 3436351
t_num: 7 finish: 1473417496 907107058 start: 1473417491 303110910
t_num: 6 finish: 1473417497 102050414 start: 1473417493 117323745
t_num: 30 finish: 1473417497 204977916 start: 1473417492 629692617
t_num: 17 finish: 1473417497 214578761 start: 1473417495 412047802
t_num: 10 finish: 1473417497 238968326 start: 1473417492 109862463
t_num: 1 finish: 1473417497 374601406 start: 1473417492 629735471
t_num: 21 finish: 1473417499 298022343 start: 1473417496 405205987
t_num: 2 finish: 1473417499 341449415 start: 1473417496 874572370
t_num: 20 finish: 1473417499 813222658 start: 1473417493 795255586
t_num: 31 finish: 1473417499 813233641 start: 1473417496 797313497
t_num: 16 finish: 1473417499 814023945 start: 1473417498 107761564
t_num: 14 finish: 1473417499 926866212 start: 1473417495 692743615
t_num: 17 finish: 1473417499 927812230 start: 1473417497 214616522
t_num: 18 finish: 1473417499 927818316 start: 1473417496 287001445
t_num: 24 finish: 1473417500 187501525 start: 1473417496 286946979
t_num: 15 finish: 1473417500 902845206 start: 1473417496 489867869
t_num: 27 finish: 1473417501 357504322 start: 1473417497 189692815
t_num: 30 finish: 1473417501 466601608 start: 1473417498 722499989
t_num: 25 finish: 1473417502 112516760 start: 1473417498 222560374
t_num: 19 finish: 1473417502 227211513 start: 1473417497 785448830
t_num: 10 finish: 1473417503 140614210 start: 1473417499 785411673
t_num: 9 finish: 1473417503 176911347 start: 1473417497 142873325
t_num: 16 finish: 1473417503 228489115 start: 1473417499 814044627
t_num: 27 finish: 1473417503 938453690 start: 1473417501 357546225
t_num: 24 finish: 1473417504 54211659 start: 1473417500 187530094
t_num: 2 finish: 1473417504 839039797 start: 1473417499 341479467
t_num: 8 finish: 1473417504 887346849 start: 1473417499 329333291
t_num: 5 finish: 1473417504 901675414 start: 1473417499 791854870
t_num: 29 finish: 1473417505 506832801 start: 1473417501 466743865
t_num: 6 finish: 1473417505 856859876 start: 1473417500 254111149
t_num: 19 finish: 1473417506 102450310 start: 1473417502 227239901
t_num: 14 finish: 1473417506 424147510 start: 1473417499 926906058
t_num: 22 finish: 1473417506 597074292 start: 1473417503 924288890
t_num: 16 finish: 1473417506 991091808 start: 1473417505 99554397
t_num: 26 finish: 1473417506 991780534 start: 1473417502 97887622
t_num: 15 finish: 1473417507 324496160 start: 1473417503 229222628
t_num: 7 finish: 1473417507 564502406 start: 1473417502 180590469
t_num: 30 finish: 1473417507 675645801 start: 1473417501 466699934
t_num: 17 finish: 1473417507 675690857 start: 1473417503 229437472
t_num: 19 finish: 1473417507 903118287 start: 1473417506 102485893
t_num: 24 finish: 1473417507 966649777 start: 1473417504 54238086
t_num: 18 finish: 1473417508 562070303 start: 1473417501 281998556
t_num: 27 finish: 1473417509 737768980 start: 1473417506 447448807
t_num: 9 finish: 1473417510 102094616 start: 1473417503 176962959
t_num: 10 finish: 1473417510 444561032 start: 1473417504 885969129
t_num: 30 finish: 1473417510 651552847 start: 1473417508 661753868
t_num: 29 finish: 1473417510 709190084 start: 1473417505 506879058
t_num: 6 finish: 1473417510 709230132 start: 1473417506 991849809
t_num: 3 finish: 1473417511 853609602 start: 1473417506 102414166
t_num: 14 finish: 1473417511 853857783 start: 1473417506 424189412
t_num: 22 finish: 1473417511 853970106 start: 1473417506 597096479
t_num: 12 finish: 1473417512 843569475 start: 1473417508 922595444
t_num: 15 finish: 1473417512 843814840 start: 1473417507 324534239
t_num: 27 finish: 1473417512 969445818 start: 1473417509 737802753
t_num: 7 finish: 1473417513 141912001 start: 1473417510 447707822
t_num: 28 finish: 1473417513 141912013 start: 1473417510 529702271
t_num: 31 finish: 1473417513 603677092 start: 1473417507 564602974
t_num: 8 finish: 1473417513 729273499 start: 1473417508 811410294
t_num: 26 finish: 1473417513 821256582 start: 1473417506 991865082
t_num: 14 finish: 1473417513 826607822 start: 1473417511 853876897
t_num: 6 finish: 1473417515 83676434 start: 1473417510 709248406
t_num: 12 finish: 1473417515 83984539 start: 1473417512 843614662
t_num: 24 finish: 1473417515 296832024 start: 1473417510 489962662
t_num: 22 finish: 1473417515 735886642 start: 1473417511 853989870
t_num: 19 finish: 1473417515 771740009 start: 1473417512 843881953
t_num: 23 finish: 1473417516 456231447 start: 1473417508 661998251
t_num: 3 finish: 1473417516 616777561 start: 1473417514 482746376
t_num: 20 finish: 1473417516 729604833 start: 1473417511 623017150
t_num: 7 finish: 1473417516 953278126 start: 1473417513 141965194
t_num: 27 finish: 1473417517 243279400 start: 1473417512 969487330
t_num: 5 finish: 1473417518 15933616 start: 1473417513 688935115
t_num: 19 finish: 1473417518 16098401 start: 1473417515 771764215
t_num: 14 finish: 1473417518 16167045 start: 1473417513 826625142
t_num: 7 finish: 1473417518 516288506 start: 1473417516 953325944
t_num: 26 finish: 1473417518 652236778 start: 1473417513 821284012
t_num: 18 finish: 1473417518 747574018 start: 1473417513 603651205
t_num: 31 finish: 1473417519 373793393 start: 1473417515 965781689
t_num: 20 finish: 1473417519 373874736 start: 1473417516 729641229
t_num: 28 finish: 1473417519 374459279 start: 1473417516 878917513
t_num: 8 finish: 1473417519 470048801 start: 1473417516 729674892
t_num: 10 finish: 1473417519 470214095 start: 1473417517 395176431
t_num: 3 finish: 1473417519 834310112 start: 1473417516 616829364
t_num: 29 finish: 1473417520 916909161 start: 1473417516 899146941
t_num: 27 finish: 1473417521 277508998 start: 1473417521 72886355
t_num: 26 finish: 1473417521 573173933 start: 1473417518 652280732
t_num: 22 finish: 1473417521 606784265 start: 1473417515 955533828
t_num: 14 finish: 1473417521 606813239 start: 1473417518 16184880
t_num: 20 finish: 1473417522 230810223 start: 1473417519 373893591
t_num: 29 finish: 1473417522 420966328 start: 1473417521 232046497
t_num: 7 finish: 1473417522 421062831 start: 1473417518 516329739
t_num: 12 finish: 1473417522 421955851 start: 1473417519 373860683
t_num: 25 finish: 1473417522 422021982 start: 1473417517 654632885
t_num: 19 finish: 1473417522 915430681 start: 1473417518 16117661
t_num: 23 finish: 1473417522 933809146 start: 1473417518 15853125
t_num: 10 finish: 1473417523 147339910 start: 1473417519 470246505
t_num: 30 finish: 1473417523 154691224 start: 1473417517 395024611
t_num: 9 finish: 1473417523 217322214 start: 1473417519 778048106
t_num: 27 finish: 1473417523 424708994 start: 1473417521 277536588
t_num: 4 finish: 1473417523 927653204 start: 1473417521 723224896
t_num: 1 finish: 1473417523 997690767 start: 1473417521 434927951
t_num: 8 finish: 1473417524 72652259 start: 1473417522 17404653
t_num: 17 finish: 1473417525 29565087 start: 1473417520 812033369
t_num: 9 finish: 1473417525 30319284 start: 1473417523 217356985
t_num: 12 finish: 1473417525 481979828 start: 1473417522 421975674
t_num: 26 finish: 1473417525 620990545 start: 1473417521 573235798
t_num: 2 finish: 1473417526 27052277 start: 1473417521 723209170
t_num: 5 finish: 1473417526 178457120 start: 1473417522 231042660
t_num: 20 finish: 1473417526 470185877 start: 1473417522 230856750
t_num: 30 finish: 1473417527 782840586 start: 1473417523 154719449
t_num: 31 finish: 1473417527 783643529 start: 1473417525 481959481
t_num: 19 finish: 1473417527 844398506 start: 1473417524 270325285
t_num: 27 finish: 1473417528 553778327 start: 1473417523 424735332
t_num: 2 finish: 1473417528 638087240 start: 1473417526 27095731
t_num: 26 finish: 1473417528 859785443 start: 1473417525 621016428
t_num: 5 finish: 1473417528 860605463 start: 1473417526 178508077
t_num: 21 finish: 1473417528 861339622 start: 1473417525 559383120
t_num: 25 finish: 1473417528 920226537 start: 1473417523 998204237
t_num: 22 finish: 1473417528 920285113 start: 1473417523 340706227
t_num: 3 finish: 1473417528 920308256 start: 1473417525 446919167
t_num: 20 finish: 1473417529 356041536 start: 1473417526 470217811
t_num: 17 finish: 1473417529 600737910 start: 1473417525 29608764
t_num: 1 finish: 1473417529 641264512 start: 1473417523 997740299
t_num: 23 finish: 1473417529 808593048 start: 1473417522 933837809
t_num: 19 finish: 1473417530 378008121 start: 1473417527 844432255
t_num: 9 finish: 1473417530 721441278 start: 1473417528 552273163
t_num: 0 finish: 1473417531 75835114 start: 1473417528 678688383
t_num: 4 finish: 1473417531 423600134 start: 1473417523 927696502
t_num: 31 finish: 1473417531 630365577 start: 1473417527 783665235
t_num: 5 finish: 1473417532 128345086 start: 1473417528 860644043
t_num: 8 finish: 1473417532 584731700 start: 1473417526 585054148
t_num: 7 finish: 1473417532 742544268 start: 1473417528 921154188
t_num: 20 finish: 1473417533 686815917 start: 1473417529 356093871
t_num: 27 finish: 1473417533 791640266 start: 1473417528 553822301
t_num: 3 finish: 1473417534 70195703 start: 1473417528 920334935
t_num: 19 finish: 1473417534 234871594 start: 1473417530 378041468
t_num: 17 finish: 1473417534 234890682 start: 1473417529 600774990
t_num: 13 finish: 1473417534 568139164 start: 1473417531 415002725
t_num: 8 finish: 1473417534 741961429 start: 1473417532 584777503
t_num: 1 finish: 1473417535 366816816 start: 1473417531 416402895
t_num: 25 finish: 1473417535 742931550 start: 1473417531 630319094
t_num: 23 finish: 1473417536 108190947 start: 1473417532 609372792
t_num: 0 finish: 1473417536 221986000 start: 1473417531 75927057
t_num: 16 finish: 1473417536 377834230 start: 1473417530 385141159
t_num: 27 finish: 1473417537 411455893 start: 1473417533 791685215
t_num: 6 finish: 1473417538 535821738 start: 1473417531 630344836
t_num: 2 finish: 1473417538 587075562 start: 1473417532 661106814
t_num: 8 finish: 1473417538 587176074 start: 1473417534 742004485
t_num: 7 finish: 1473417538 588062724 start: 1473417534 234986869
t_num: 17 finish: 1473417538 588908833 start: 1473417535 872801229
t_num: 1 finish: 1473417538 588978730 start: 1473417535 366866742
t_num: 22 finish: 1473417539 519312445 start: 1473417534 127635068
t_num: 24 finish: 1473417539 519312422 start: 1473417534 72164636
t_num: 31 finish: 1473417539 573387443 start: 1473417531 630387911
t_num: 19 finish: 1473417539 573738232 start: 1473417534 234963682
t_num: 29 finish: 1473417539 573828372 start: 1473417535 839982607
t_num: 23 finish: 1473417540 888309201 start: 1473417536 108227937
t_num: 5 finish: 1473417541 124780091 start: 1473417535 978113496
t_num: 25 finish: 1473417541 638437991 start: 1473417537 699336659
t_num: 0 finish: 1473417543 368998269 start: 1473417538 588993009
t_num: 20 finish: 1473417543 514941048 start: 1473417535 839784472
t_num: 29 finish: 1473417543 556021380 start: 1473417539 573846240
t_num: 1 finish: 1473417544 385915657 start: 1473417538 589161340
t_num: 9 finish: 1473417544 386129993 start: 1473417538 586824166
t_num: 5 finish: 1473417544 386152696 start: 1473417541 124821372
t_num: 17 finish: 1473417544 656176215 start: 1473417538 588930451
t_num: 28 finish: 1473417545 34122131 start: 1473417538 963256762
t_num: 11 finish: 1473417545 307248780 start: 1473417538 315181258
t_num: 27 finish: 1473417545 348789834 start: 1473417537 411490093
t_num: 24 finish: 1473417545 362145040 start: 1473417540 192265120
t_num: 2 finish: 1473417545 392620835 start: 1473417539 573601518
t_num: 12 finish: 1473417545 400651301 start: 1473417541 718849257
t_num: 19 finish: 1473417545 522104603 start: 1473417539 573758399
t_num: 23 finish: 1473417545 656253460 start: 1473417540 888346519
t_num: 26 finish: 1473417546 708140603 start: 1473417541 638679033
t_num: 20 finish: 1473417546 758165457 start: 1473417543 514976872
t_num: 22 finish: 1473417546 758651368 start: 1473417542 176826513
t_num: 16 finish: 1473417546 829401581 start: 1473417538 262112787
t_num: 14 finish: 1473417547 91009868 start: 1473417543 72764194
t_num: 23 finish: 1473417547 799319462 start: 1473417545 656286474
t_num: 12 finish: 1473417547 799331946 start: 1473417545 400671918
t_num: 25 finish: 1473417548 522434545 start: 1473417544 385936675
t_num: 1 finish: 1473417549 70620284 start: 1473417545 34166689
t_num: 15 finish: 1473417549 71118240 start: 1473417545 353256792
t_num: 7 finish: 1473417549 71179999 start: 1473417544 387181947
t_num: 20 finish: 1473417549 751754952 start: 1473417546 758187948
t_num: 9 finish: 1473417550 44889498 start: 1473417545 268420828
t_num: 30 finish: 1473417550 45548338 start: 1473417547 108080790
t_num: 4 finish: 1473417550 480719823 start: 1473417548 529216891
t_num: 2 finish: 1473417550 715498379 start: 1473417545 392663779
t_num: 26 finish: 1473417550 715555890 start: 1473417546 708184504
t_num: 29 finish: 1473417551 104016470 start: 1473417549 406070780
t_num: 19 finish: 1473417551 210915104 start: 1473417547 698745345
t_num: 10 finish: 1473417551 210958731 start: 1473417549 70690594
t_num: 21 finish: 1473417551 290351454 start: 1473417546 757814245
t_num: 16 finish: 1473417551 360313531 start: 1473417548 879933174
t_num: 5 finish: 1473417551 812992536 start: 1473417544 386170247
t_num: 7 finish: 1473417551 848468163 start: 1473417549 71194888
t_num: 28 finish: 1473417552 242335144 start: 1473417546 757776564
t_num: 17 finish: 1473417552 358466821 start: 1473417547 488102580
t_num: 12 finish: 1473417552 712999652 start: 1473417549 269101267
t_num: 22 finish: 1473417553 161636739 start: 1473417549 70630518
t_num: 23 finish: 1473417553 349217327 start: 1473417548 522505370
t_num: 20 finish: 1473417554 665728865 start: 1473417552 242368884
t_num: 25 finish: 1473417554 759811621 start: 1473417550 359384516
t_num: 30 finish: 1473417554 892618882 start: 1473417551 151892663
t_num: 13 finish: 1473417554 951923166 start: 1473417551 290386120
t_num: 11 finish: 1473417555 776621659 start: 1473417552 140078775
t_num: 26 finish: 1473417556 173033654 start: 1473417550 715574775
t_num: 21 finish: 1473417556 530297501 start: 1473417552 82842358
t_num: 10 finish: 1473417556 531001814 start: 1473417551 210972952
t_num: 29 finish: 1473417556 718170403 start: 1473417551 104043542
t_num: 5 finish: 1473417556 780407814 start: 1473417552 647133733
t_num: 3 finish: 1473417557 468871196 start: 1473417553 950831184
t_num: 6 finish: 1473417557 470021450 start: 1473417553 161661301
t_num: 2 finish: 1473417557 711604666 start: 1473417555 302968805
t_num: 19 finish: 1473417557 819551785 start: 1473417551 210941759
t_num: 31 finish: 1473417558 141574237 start: 1473417555 437970072
t_num: 17 finish: 1473417558 145184547 start: 1473417552 358531858
t_num: 22 finish: 1473417558 146099004 start: 1473417553 161717698
t_num: 11 finish: 1473417558 593201888 start: 1473417555 776683589
t_num: 23 finish: 1473417559 13373513 start: 1473417555 601328860
t_num: 25 finish: 1473417559 114685452 start: 1473417554 759853155
t_num: 27 finish: 1473417559 166213603 start: 1473417555 302982219
t_num: 26 finish: 1473417559 251177190 start: 1473417556 173076754
t_num: 17 finish: 1473417559 482214123 start: 1473417558 145203817
t_num: 13 finish: 1473417559 499602852 start: 1473417554 951964736
t_num: 28 finish: 1473417559 726526123 start: 1473417553 161696039
t_num: 20 finish: 1473417560 551000414 start: 1473417555 706445308
t_num: 21 finish: 1473417562 449061186 start: 1473417557 550395033
t_num: 10 finish: 1473417562 655281966 start: 1473417558 280003726
t_num: 6 finish: 1473417562 926109826 start: 1473417558 271396593
t_num: 2 finish: 1473417563 84317404 start: 1473417557 711637171
t_num: 9 finish: 1473417563 379990148 start: 1473417557 465936784
t_num: 22 finish: 1473417563 380001643 start: 1473417558 146118744
t_num: 31 finish: 1473417563 544847929 start: 1473417559 13409349
t_num: 25 finish: 1473417563 778958600 start: 1473417559 114719073
t_num: 13 finish: 1473417564 89374296 start: 1473417559 499627216
t_num: 11 finish: 1473417564 89383317 start: 1473417558 593246557
t_num: 19 finish: 1473417565 941269680 start: 1473417559 615298553
t_num: 8 finish: 1473417565 941302334 start: 1473417562 449111945
t_num: 7 finish: 1473417565 941330689 start: 1473417560 607042047
t_num: 20 finish: 1473417566 463300498 start: 1473417560 551020842
t_num: 17 finish: 1473417566 490400298 start: 1473417561 897378552
t_num: 3 finish: 1473417566 490407331 start: 1473417562 243600303
t_num: 0 finish: 1473417566 490615156 start: 1473417561 636781993
t_num: 27 finish: 1473417566 490647228 start: 1473417560 514247563
t_num: 18 finish: 1473417566 491341740 start: 1473417563 920706199
t_num: 2 finish: 1473417566 778687633 start: 1473417563 84362031
t_num: 13 finish: 1473417567 322378053 start: 1473417564 89431379
t_num: 10 finish: 1473417568 341608281 start: 1473417562 655318570
t_num: 26 finish: 1473417568 676556370 start: 1473417561 285612007
t_num: 21 finish: 1473417568 676558889 start: 1473417562 449088786
t_num: 7 finish: 1473417569 452272733 start: 1473417565 941347146
t_num: 1 finish: 1473417569 615281625 start: 1473417563 920936346
t_num: 31 finish: 1473417569 615380308 start: 1473417563 544898857
t_num: 13 finish: 1473417570 816389726 start: 1473417567 322439535
t_num: 17 finish: 1473417571 143277808 start: 1473417566 490426596
t_num: 22 finish: 1473417571 457713733 start: 1473417563 917706394
t_num: 0 finish: 1473417571 713238905 start: 1473417569 615013680
t_num: 2 finish: 1473417572 38119386 start: 1473417566 778721263
t_num: 11 finish: 1473417572 656263845 start: 1473417565 941373680
t_num: 6 finish: 1473417572 656353874 start: 1473417569 398093301
t_num: 10 finish: 1473417572 656422749 start: 1473417568 341646571
t_num: 3 finish: 1473417572 656477191 start: 1473417566 491153789
t_num: 12 finish: 1473417572 656602621 start: 1473417565 491353670
t_num: 4 finish: 1473417572 656758441 start: 1473417568 676535218
t_num: 27 finish: 1473417572 656934035 start: 1473417569 31137818
t_num: 1 finish: 1473417573 53200637 start: 1473417569 615308870
t_num: 18 finish: 1473417573 86196557 start: 1473417570 273938575
t_num: 20 finish: 1473417573 380793087 start: 1473417568 341620209
t_num: 19 finish: 1473417573 525904664 start: 1473417566 987842966
t_num: 26 finish: 1473417573 904716353 start: 1473417568 676585489
t_num: 0 finish: 1473417573 986675128 start: 1473417571 713301249
t_num: 24 finish: 1473417576 163605855 start: 1473417572 656883393
t_num: 11 finish: 1473417576 164146861 start: 1473417572 656311180
t_num: 22 finish: 1473417576 383534184 start: 1473417571 457785907
t_num: 1 finish: 1473417576 385344622 start: 1473417573 53247217
t_num: 3 finish: 1473417576 385473210 start: 1473417572 656495447
t_num: 13 finish: 1473417576 764255446 start: 1473417573 904856402
t_num: 21 finish: 1473417577 300002952 start: 1473417574 791491827
t_num: 18 finish: 1473417577 301081389 start: 1473417573 86220340
t_num: 10 finish: 1473417577 387322424 start: 1473417572 656438738
t_num: 26 finish: 1473417577 445972765 start: 1473417573 904768380
t_num: 27 finish: 1473417577 446021127 start: 1473417574 145160132
t_num: 22 finish: 1473417577 729291021 start: 1473417576 383589695
t_num: 7 finish: 1473417577 839810112 start: 1473417572 38159115
t_num: 19 finish: 1473417577 865114162 start: 1473417573 525929512
t_num: 20 finish: 1473417578 370343377 start: 1473417573 380819521
t_num: 6 finish: 1473417578 391265411 start: 1473417575 739985799
t_num: 17 finish: 1473417578 873167074 start: 1473417574 601758321
t_num: 29 finish: 1473417579 299358965 start: 1473417573 904744393
t_num: 0 finish: 1473417579 441597701 start: 1473417575 534508805
t_num: 5 finish: 1473417579 751526533 start: 1473417577 292433225
t_num: 4 finish: 1473417579 868599831 start: 1473417575 891459321
t_num: 18 finish: 1473417580 204310294 start: 1473417577 301100157
t_num: 2 finish: 1473417580 206380355 start: 1473417574 145248749
t_num: 23 finish: 1473417580 343559289 start: 1473417576 419442380
t_num: 30 finish: 1473417580 353588431 start: 1473417575 739967550
t_num: 7 finish: 1473417580 458701354 start: 1473417577 839847329
t_num: 26 finish: 1473417581 72265789 start: 1473417578 367448445
t_num: 0 finish: 1473417581 538860161 start: 1473417579 441642555
t_num: 22 finish: 1473417581 658661884 start: 1473417577 729333833
t_num: 15 finish: 1473417581 659409149 start: 1473417579 868552396
t_num: 21 finish: 1473417582 48065309 start: 1473417579 785118289
t_num: 19 finish: 1473417583 119039805 start: 1473417577 865141195
t_num: 4 finish: 1473417583 753699374 start: 1473417579 868626951
t_num: 13 finish: 1473417583 961616277 start: 1473417579 772269534
t_num: 3 finish: 1473417583 962790012 start: 1473417576 385492539
t_num: 23 finish: 1473417583 994540610 start: 1473417580 343601685
t_num: 5 finish: 1473417584 24453059 start: 1473417579 751561038
t_num: 17 finish: 1473417584 364660833 start: 1473417578 873210687
t_num: 20 finish: 1473417584 456030266 start: 1473417580 566544050
t_num: 9 finish: 1473417585 178785813 start: 1473417581 550818839
t_num: 29 finish: 1473417585 927251686 start: 1473417581 491513690
t_num: 10 finish: 1473417586 129841586 start: 1473417579 793078442
t_num: 12 finish: 1473417586 700657480 start: 1473417584 24518698
t_num: 21 finish: 1473417586 770328432 start: 1473417582 48102630
t_num: 15 finish: 1473417586 770329623 start: 1473417581 659431516
t_num: 8 finish: 1473417586 770639414 start: 1473417581 558503185
t_num: 0 finish: 1473417587 29101893 start: 1473417583 961422021
t_num: 17 finish: 1473417587 137147972 start: 1473417584 364687462
t_num: 25 finish: 1473417587 628947462 start: 1473417583 959845441
t_num: 1 finish: 1473417587 628958025 start: 1473417583 961630603
t_num: 11 finish: 1473417588 615564521 start: 1473417583 912425430
t_num: 5 finish: 1473417588 749040737 start: 1473417584 974267878
t_num: 22 finish: 1473417588 749061430 start: 1473417585 178819644
t_num: 9 finish: 1473417588 749145590 start: 1473417585 178868485
t_num: 10 finish: 1473417588 750277806 start: 1473417586 129886147
t_num: 20 finish: 1473417588 750346463 start: 1473417585 48865408
t_num: 14 finish: 1473417588 851032273 start: 1473417584 975439153
t_num: 18 finish: 1473417589 94538519 start: 1473417583 131712007
t_num: 3 finish: 1473417589 675231137 start: 1473417586 840955432
t_num: 16 finish: 1473417589 675562186 start: 1473417585 319832176
t_num: 4 finish: 1473417589 686690538 start: 1473417584 594542812
t_num: 15 finish: 1473417589 951959852 start: 1473417586 770372639
t_num: 13 finish: 1473417590 303553004 start: 1473417585 995894358
t_num: 5 finish: 1473417590 364152929 start: 1473417588 749106857
t_num: 24 finish: 1473417590 792603913 start: 1473417588 297333724
t_num: 25 finish: 1473417590 819221639 start: 1473417588 433284135
t_num: 31 finish: 1473417591 448335257 start: 1473417585 994931462
t_num: 29 finish: 1473417591 449103920 start: 1473417586 770997411
t_num: 8 finish: 1473417591 449328238 start: 1473417589 480457182
t_num: 21 finish: 1473417591 449935376 start: 1473417586 770358750
t_num: 3 finish: 1473417591 943953071 start: 1473417589 675314093
t_num: 12 finish: 1473417592 740666374 start: 1473417589 11699708
t_num: 1 finish: 1473417592 938821658 start: 1473417589 317780154
t_num: 17 finish: 1473417593 698499669 start: 1473417588 851073815
t_num: 31 finish: 1473417594 204353321 start: 1473417591 448381069
t_num: 18 finish: 1473417594 350273656 start: 1473417589 675610868
t_num: 21 finish: 1473417594 793063785 start: 1473417591 449955129
t_num: 14 finish: 1473417594 961050117 start: 1473417591 943992629
t_num: 25 finish: 1473417595 832341420 start: 1473417590 819264074
t_num: 2 finish: 1473417595 832465993 start: 1473417591 986446183
t_num: 4 finish: 1473417595 833408867 start: 1473417589 686732942
t_num: 24 finish: 1473417595 833548202 start: 1473417592 527143682
t_num: 29 finish: 1473417595 833566510 start: 1473417591 449124964
t_num: 5 finish: 1473417596 154031909 start: 1473417590 364182919
t_num: 21 finish: 1473417596 237859482 start: 1473417594 793100329
t_num: 11 finish: 1473417596 237923087 start: 1473417589 675272125
t_num: 3 finish: 1473417596 509408107 start: 1473417591 944022596
t_num: 8 finish: 1473417596 773662736 start: 1473417591 449348355
t_num: 15 finish: 1473417597 426084458 start: 1473417592 740459141
t_num: 17 finish: 1473417598 293138302 start: 1473417594 188271213
t_num: 12 finish: 1473417598 293638926 start: 1473417595 832847082
t_num: 20 finish: 1473417598 672141262 start: 1473417594 350300784
t_num: 16 finish: 1473417599 92592916 start: 1473417595 107971438
t_num: 14 finish: 1473417599 236050394 start: 1473417594 961098501
t_num: 18 finish: 1473417599 376145849 start: 1473417594 350317220
t_num: 21 finish: 1473417600 70304494 start: 1473417596 237925649
t_num: 17 finish: 1473417600 204873581 start: 1473417598 293165445
t_num: 6 finish: 1473417600 205877215 start: 1473417596 238391419
t_num: 2 finish: 1473417600 629275947 start: 1473417595 832483850
t_num: 25 finish: 1473417601 231102860 start: 1473417595 832386495
t_num: 11 finish: 1473417601 231312232 start: 1473417599 92632425
t_num: 20 finish: 1473417601 586255909 start: 1473417598 672172298
t_num: 22 finish: 1473417601 705626695 start: 1473417600 70335521
t_num: 30 finish: 1473417601 896152188 start: 1473417598 135983693
t_num: 24 finish: 1473417601 896763686 start: 1473417598 293733856
t_num: 14 finish: 1473417602 403527924 start: 1473417599 236084602
t_num: 12 finish: 1473417602 553031783 start: 1473417598 293658983
t_num: 3 finish: 1473417603 320999618 start: 1473417598 292139536
t_num: 2 finish: 1473417603 551303462 start: 1473417600 629321157
t_num: 15 finish: 1473417603 681813824 start: 1473417598 293419655
t_num: 27 finish: 1473417604 163949098 start: 1473417600 298161012
t_num: 28 finish: 1473417604 339479377 start: 1473417600 793583810
t_num: 23 finish: 1473417604 526842988 start: 1473417598 908050162
t_num: 19 finish: 1473417604 604227475 start: 1473417602 715961811
t_num: 26 finish: 1473417605 313647174 start: 1473417600 744634190
t_num: 11 finish: 1473417605 571100055 start: 1473417601 231331578
t_num: 30 finish: 1473417605 981031287 start: 1473417601 896194213
t_num: 22 finish: 1473417605 981827408 start: 1473417601 705669883
t_num: 27 finish: 1473417606 616991563 start: 1473417604 163974099
t_num: 18 finish: 1473417606 660129320 start: 1473417602 443586361
t_num: 3 finish: 1473417606 829105323 start: 1473417603 321040354
t_num: 25 finish: 1473417606 908050499 start: 1473417602 862005998
t_num: 20 finish: 1473417606 989033186 start: 1473417602 548421408
t_num: 11 finish: 1473417608 467058561 start: 1473417605 571144929
t_num: 15 finish: 1473417608 656909450 start: 1473417603 681856948
t_num: 28 finish: 1473417609 175244443 start: 1473417604 339512066
t_num: 2 finish: 1473417609 178304712 start: 1473417605 107499617
t_num: 6 finish: 1473417609 480428272 start: 1473417604 801248084
t_num: 17 finish: 1473417610 344858582 start: 1473417602 110908326
t_num: 24 finish: 1473417610 345719956 start: 1473417607 400608344
t_num: 0 finish: 1473417610 347667703 start: 1473417608 389955513
t_num: 23 finish: 1473417610 460764006 start: 1473417605 727252948
t_num: 12 finish: 1473417610 462218329 start: 1473417604 159055868
t_num: 25 finish: 1473417610 648959553 start: 1473417608 406521553
t_num: 7 finish: 1473417610 943945125 start: 1473417605 875061415
t_num: 26 finish: 1473417611 105305532 start: 1473417606 908750231
t_num: 22 finish: 1473417612 156626967 start: 1473417608 406464334
t_num: 27 finish: 1473417612 259973273 start: 1473417609 399321690
t_num: 11 finish: 1473417612 259981243 start: 1473417608 467083932
t_num: 3 finish: 1473417612 260076471 start: 1473417606 829166298
t_num: 18 finish: 1473417612 598838878 start: 1473417606 660150978
t_num: 21 finish: 1473417613 414602475 start: 1473417610 459813838
t_num: 12 finish: 1473417613 618445195 start: 1473417610 462238667
t_num: 26 finish: 1473417614 132228633 start: 1473417611 105346063
t_num: 6 finish: 1473417614 285561751 start: 1473417610 462411610
t_num: 20 finish: 1473417614 813496415 start: 1473417609 786672786
t_num: 23 finish: 1473417614 813511681 start: 1473417610 460791178
t_num: 17 finish: 1473417614 813784807 start: 1473417610 344887747
t_num: 11 finish: 1473417614 877287296 start: 1473417612 260060831
t_num: 8 finish: 1473417614 933967520 start: 1473417607 992999260
t_num: 3 finish: 1473417615 811574229 start: 1473417612 260093195
t_num: 0 finish: 1473417615 951642813 start: 1473417613 476446467
t_num: 7 finish: 1473417616 21767275 start: 1473417610 943983740
t_num: 12 finish: 1473417616 21767268 start: 1473417613 618509752
t_num: 24 finish: 1473417616 104435761 start: 1473417610 883612844
t_num: 22 finish: 1473417616 238612694 start: 1473417613 171349802
t_num: 27 finish: 1473417616 276101748 start: 1473417612 260028829
t_num: 29 finish: 1473417616 353341310 start: 1473417613 106848988
t_num: 26 finish: 1473417617 16138736 start: 1473417614 602070205
t_num: 2 finish: 1473417617 676643290 start: 1473417611 721732747
t_num: 8 finish: 1473417617 676709143 start: 1473417614 934017778
t_num: 23 finish: 1473417618 611194973 start: 1473417614 813574005
t_num: 20 finish: 1473417618 793485524 start: 1473417614 813632635
t_num: 6 finish: 1473417619 159434081 start: 1473417614 285607083
t_num: 0 finish: 1473417619 159534655 start: 1473417615 951688501
t_num: 24 finish: 1473417619 159577416 start: 1473417616 198946288
t_num: 29 finish: 1473417619 159790940 start: 1473417616 353376275
t_num: 22 finish: 1473417620 468151073 start: 1473417617 233104253
t_num: 11 finish: 1473417621 676407021 start: 1473417618 200075978
t_num: 27 finish: 1473417622 9518327 start: 1473417618 349772910
t_num: 7 finish: 1473417622 304343844 start: 1473417618 349576109
t_num: 8 finish: 1473417622 328334930 start: 1473417617 676728923
t_num: 15 finish: 1473417622 886339616 start: 1473417618 349603272
t_num: 10 finish: 1473417622 973525367 start: 1473417619 724261060
t_num: 2 finish: 1473417623 88098841 start: 1473417620 275104763
t_num: 31 finish: 1473417623 296221460 start: 1473417617 66685943
t_num: 29 finish: 1473417623 324457834 start: 1473417619 159824867
t_num: 12 finish: 1473417623 441239869 start: 1473417616 21830131
t_num: 24 finish: 1473417623 449018703 start: 1473417619 159616650
t_num: 0 finish: 1473417623 449063079 start: 1473417619 159565570
t_num: 1 finish: 1473417623 472510223 start: 1473417619 159848532
t_num: 6 finish: 1473417624 432008468 start: 1473417621 691968720
t_num: 22 finish: 1473417624 572295412 start: 1473417620 468216973
t_num: 11 finish: 1473417624 683131596 start: 1473417621 676445642
t_num: 23 finish: 1473417625 109185091 start: 1473417618 611221530
t_num: 20 finish: 1473417626 218212651 start: 1473417620 275094668
t_num: 19 finish: 1473417626 326278667 start: 1473417621 514453381
t_num: 29 finish: 1473417626 326687424 start: 1473417623 324476009
t_num: 22 finish: 1473417626 869587800 start: 1473417626 119568400
t_num: 8 finish: 1473417627 258140804 start: 1473417624 143394376
t_num: 6 finish: 1473417628 27632000 start: 1473417624 432071430
t_num: 12 finish: 1473417628 27930086 start: 1473417623 441281230
t_num: 14 finish: 1473417628 27951493 start: 1473417623 324320716
t_num: 15 finish: 1473417628 28005098 start: 1473417622 886382273
t_num: 0 finish: 1473417628 28070408 start: 1473417623 449081945
t_num: 7 finish: 1473417628 28321107 start: 1473417623 471217756
t_num: 1 finish: 1473417628 219983629 start: 1473417627 49307634
t_num: 29 finish: 1473417628 221687131 start: 1473417626 979816318
t_num: 31 finish: 1473417629 714102053 start: 1473417626 326640881
t_num: 20 finish: 1473417629 960609647 start: 1473417626 218257466
t_num: 11 finish: 1473417630 255757126 start: 1473417624 683162137
t_num: 5 finish: 1473417630 256551457 start: 1473417624 572153531
t_num: 1 finish: 1473417630 572739480 start: 1473417628 220025214
t_num: 27 finish: 1473417630 984550411 start: 1473417625 494145178
t_num: 25 finish: 1473417631 77058641 start: 1473417628 373232740
t_num: 19 finish: 1473417631 270499763 start: 1473417626 694068179
t_num: 7 finish: 1473417631 579598256 start: 1473417629 352715673
t_num: 23 finish: 1473417631 580221234 start: 1473417627 243023445
t_num: 17 finish: 1473417631 801205301 start: 1473417626 326446988
t_num: 24 finish: 1473417631 901132754 start: 1473417625 276831557
t_num: 6 finish: 1473417631 966862716 start: 1473417628 27666550
t_num: 22 finish: 1473417632 65232088 start: 1473417629 658911314
t_num: 0 finish: 1473417634 840566262 start: 1473417629 442388862
t_num: 15 finish: 1473417634 842769331 start: 1473417628 28023031
t_num: 8 finish: 1473417634 844214850 start: 1473417628 27981885
t_num: 22 finish: 1473417634 895145336 start: 1473417632 65275821
t_num: 16 finish: 1473417634 986425040 start: 1473417630 258828561
t_num: 13 finish: 1473417635 89585560 start: 1473417629 352735726
t_num: 31 finish: 1473417636 217220703 start: 1473417629 714131710
t_num: 1 finish: 1473417636 337279810 start: 1473417630 572783886
t_num: 14 finish: 1473417636 339309693 start: 1473417630 316096942
t_num: 28 finish: 1473417636 486464890 start: 1473417630 277211100
t_num: 29 finish: 1473417636 723171243 start: 1473417629 850973747
t_num: 11 finish: 1473417636 745311123 start: 1473417632 65463447
t_num: 24 finish: 1473417636 746548590 start: 1473417633 532298071
t_num: 25 finish: 1473417636 747424095 start: 1473417632 963404319
t_num: 19 finish: 1473417636 896675851 start: 1473417632 962826012
t_num: 17 finish: 1473417637 965912574 start: 1473417631 801245666
t_num: 20 finish: 1473417638 276848394 start: 1473417633 843068902
t_num: 6 finish: 1473417638 775844263 start: 1473417631 966917707
t_num: 16 finish: 1473417638 889822008 start: 1473417636 787419919
t_num: 24 finish: 1473417639 114682407 start: 1473417636 746568642
t_num: 0 finish: 1473417639 325004610 start: 1473417635 89293594
t_num: 27 finish: 1473417639 336371790 start: 1473417634 11259807
t_num: 28 finish: 1473417639 877221936 start: 1473417636 486498799
t_num: 7 finish: 1473417639 886459166 start: 1473417634 257397663
t_num: 29 finish: 1473417639 979227002 start: 1473417636 723207223
t_num: 18 finish: 1473417639 993017731 start: 1473417634 845291870
t_num: 1 finish: 1473417640 20788422 start: 1473417636 337324922
t_num: 8 finish: 1473417640 31532380 start: 1473417636 72802382
t_num: 22 finish: 1473417640 619101483 start: 1473417636 58273018
t_num: 3 finish: 1473417640 731031148 start: 1473417636 821389251
t_num: 31 finish: 1473417640 744252800 start: 1473417636 985436861
